000 (322910.104.000) 05/10 17:15:23 Job submitted from host: <188.184.95.166:9618?addrs=188.184.95.166-9618+[2001-1458-201-e4--100-7a0]-9618&alias=tbird02.cern.ch&noUDP&sock=schedd_2138722_faad_3>
...
040 (322910.104.000) 05/10 17:16:38 Started transferring input files
	Transferring to host: <188.184.207.252:9618?addrs=188.184.207.252-9618+[2001-1458-301-7d--100-540]-9618&noUDP&sock=2922_9030_75399>
...
040 (322910.104.000) 05/10 17:16:38 Finished transferring input files
...
001 (322910.104.000) 05/10 17:16:39 Job executing on host: <188.184.207.252:9618?addrs=188.184.207.252-9618+[2001-1458-301-7d--100-540]-9618&noUDP&sock=2259_1088_3>
...
006 (322910.104.000) 05/10 17:16:47 Image size of job updated: 191768
	112  -  MemoryUsage of job (MB)
	113672  -  ResidentSetSize of job (KB)
...
006 (322910.104.000) 05/10 17:21:47 Image size of job updated: 575872
	479  -  MemoryUsage of job (MB)
	490372  -  ResidentSetSize of job (KB)
...
006 (322910.104.000) 05/10 17:23:05 Image size of job updated: 577884
	479  -  MemoryUsage of job (MB)
	490372  -  ResidentSetSize of job (KB)
...
040 (322910.104.000) 05/10 17:23:05 Started transferring output files
...
040 (322910.104.000) 05/10 17:23:05 Finished transferring output files
...
005 (322910.104.000) 05/10 17:23:05 Job terminated.
	(1) Normal termination (return value 1)
		Usr 0 00:05:37, Sys 0 00:00:41  -  Run Remote Usage
		Usr 0 00:00:00, Sys 0 00:00:00  -  Run Local Usage
		Usr 0 00:05:37, Sys 0 00:00:41  -  Total Remote Usage
		Usr 0 00:00:00, Sys 0 00:00:00  -  Total Local Usage
	9713  -  Run Bytes Sent By Job
	10994  -  Run Bytes Received By Job
	9713  -  Total Bytes Sent By Job
	10994  -  Total Bytes Received By Job
	Partitionable Resources :    Usage  Request Allocated 
	   Cpus                 :                 1           
	   Disk (KB)            :       72        1   2164730 
	   Memory (MB)          :      479     4000      4000 
...
