000 (322910.099.000) 05/10 17:15:23 Job submitted from host: <188.184.95.166:9618?addrs=188.184.95.166-9618+[2001-1458-201-e4--100-7a0]-9618&alias=tbird02.cern.ch&noUDP&sock=schedd_2138722_faad_3>
...
040 (322910.099.000) 05/10 17:16:36 Started transferring input files
	Transferring to host: <128.142.33.139:9618?addrs=128.142.33.139-9618+[2001-1458-301-117--100-1d]-9618&noUDP&sock=13100_e28e_102896>
...
040 (322910.099.000) 05/10 17:16:36 Finished transferring input files
...
001 (322910.099.000) 05/10 17:16:37 Job executing on host: <128.142.33.139:9618?addrs=128.142.33.139-9618+[2001-1458-301-117--100-1d]-9618&noUDP&sock=12881_df82_3>
...
006 (322910.099.000) 05/10 17:16:46 Image size of job updated: 317784
	228  -  MemoryUsage of job (MB)
	232840  -  ResidentSetSize of job (KB)
...
006 (322910.099.000) 05/10 17:21:47 Image size of job updated: 575412
	479  -  MemoryUsage of job (MB)
	489916  -  ResidentSetSize of job (KB)
...
006 (322910.099.000) 05/10 17:22:36 Image size of job updated: 576132
	479  -  MemoryUsage of job (MB)
	489916  -  ResidentSetSize of job (KB)
...
040 (322910.099.000) 05/10 17:22:36 Started transferring output files
...
040 (322910.099.000) 05/10 17:22:36 Finished transferring output files
...
005 (322910.099.000) 05/10 17:22:36 Job terminated.
	(1) Normal termination (return value 1)
		Usr 0 00:05:17, Sys 0 00:00:35  -  Run Remote Usage
		Usr 0 00:00:00, Sys 0 00:00:00  -  Run Local Usage
		Usr 0 00:05:17, Sys 0 00:00:35  -  Total Remote Usage
		Usr 0 00:00:00, Sys 0 00:00:00  -  Total Local Usage
	9713  -  Run Bytes Sent By Job
	10994  -  Run Bytes Received By Job
	9713  -  Total Bytes Sent By Job
	10994  -  Total Bytes Received By Job
	Partitionable Resources :    Usage  Request Allocated 
	   Cpus                 :                 1           
	   Disk (KB)            :       72        1   2200783 
	   Memory (MB)          :      479     4000      4000 
...
