000 (322910.026.000) 05/10 17:15:23 Job submitted from host: <188.184.95.166:9618?addrs=188.184.95.166-9618+[2001-1458-201-e4--100-7a0]-9618&alias=tbird02.cern.ch&noUDP&sock=schedd_2138722_faad_3>
...
040 (322910.026.000) 05/10 17:16:09 Started transferring input files
	Transferring to host: <188.184.186.32:9618?addrs=188.184.186.32-9618+[2001-1458-301-f8--100-d]-9618&noUDP&sock=4038_e2dd_126932>
...
040 (322910.026.000) 05/10 17:16:09 Finished transferring input files
...
001 (322910.026.000) 05/10 17:16:10 Job executing on host: <188.184.186.32:9618?addrs=188.184.186.32-9618+[2001-1458-301-f8--100-d]-9618&noUDP&sock=2352_dad7_3>
...
006 (322910.026.000) 05/10 17:16:19 Image size of job updated: 230840
	150  -  MemoryUsage of job (MB)
	152648  -  ResidentSetSize of job (KB)
...
006 (322910.026.000) 05/10 17:21:19 Image size of job updated: 575736
	479  -  MemoryUsage of job (MB)
	490252  -  ResidentSetSize of job (KB)
...
006 (322910.026.000) 05/10 17:21:37 Image size of job updated: 577744
	479  -  MemoryUsage of job (MB)
	490252  -  ResidentSetSize of job (KB)
...
040 (322910.026.000) 05/10 17:21:37 Started transferring output files
...
040 (322910.026.000) 05/10 17:21:37 Finished transferring output files
...
005 (322910.026.000) 05/10 17:21:37 Job terminated.
	(1) Normal termination (return value 1)
		Usr 0 00:04:46, Sys 0 00:00:33  -  Run Remote Usage
		Usr 0 00:00:00, Sys 0 00:00:00  -  Run Local Usage
		Usr 0 00:04:46, Sys 0 00:00:33  -  Total Remote Usage
		Usr 0 00:00:00, Sys 0 00:00:00  -  Total Local Usage
	9713  -  Run Bytes Sent By Job
	10994  -  Run Bytes Received By Job
	9713  -  Total Bytes Sent By Job
	10994  -  Total Bytes Received By Job
	Partitionable Resources :    Usage  Request Allocated 
	   Cpus                 :                 1           
	   Disk (KB)            :       72        1   2137076 
	   Memory (MB)          :      479     4000      4000 
...
