000 (322910.035.000) 05/10 17:15:23 Job submitted from host: <188.184.95.166:9618?addrs=188.184.95.166-9618+[2001-1458-201-e4--100-7a0]-9618&alias=tbird02.cern.ch&noUDP&sock=schedd_2138722_faad_3>
...
040 (322910.035.000) 05/10 17:16:12 Started transferring input files
	Transferring to host: <188.184.186.10:9618?addrs=188.184.186.10-9618+[--1]-9618&noUDP&sock=3282_373f_8993>
...
040 (322910.035.000) 05/10 17:16:12 Finished transferring input files
...
001 (322910.035.000) 05/10 17:16:13 Job executing on host: <188.184.186.10:9618?addrs=188.184.186.10-9618+[--1]-9618&noUDP&sock=2275_0a0c_3>
...
006 (322910.035.000) 05/10 17:16:22 Image size of job updated: 169556
	103  -  MemoryUsage of job (MB)
	104520  -  ResidentSetSize of job (KB)
...
006 (322910.035.000) 05/10 17:21:22 Image size of job updated: 577876
	481  -  MemoryUsage of job (MB)
	492388  -  ResidentSetSize of job (KB)
...
006 (322910.035.000) 05/10 17:22:51 Image size of job updated: 577876
	481  -  MemoryUsage of job (MB)
	492480  -  ResidentSetSize of job (KB)
...
040 (322910.035.000) 05/10 17:22:51 Started transferring output files
...
040 (322910.035.000) 05/10 17:22:51 Finished transferring output files
...
005 (322910.035.000) 05/10 17:22:51 Job terminated.
	(1) Normal termination (return value 1)
		Usr 0 00:05:43, Sys 0 00:00:41  -  Run Remote Usage
		Usr 0 00:00:00, Sys 0 00:00:00  -  Run Local Usage
		Usr 0 00:05:43, Sys 0 00:00:41  -  Total Remote Usage
		Usr 0 00:00:00, Sys 0 00:00:00  -  Total Local Usage
	15041  -  Run Bytes Sent By Job
	10994  -  Run Bytes Received By Job
	15041  -  Total Bytes Sent By Job
	10994  -  Total Bytes Received By Job
	Partitionable Resources :    Usage  Request Allocated 
	   Cpus                 :                 1           
	   Disk (KB)            :       74        1   2174626 
	   Memory (MB)          :      481     4000      4000 
...
