000 (322910.023.000) 05/10 17:15:23 Job submitted from host: <188.184.95.166:9618?addrs=188.184.95.166-9618+[2001-1458-201-e4--100-7a0]-9618&alias=tbird02.cern.ch&noUDP&sock=schedd_2138722_faad_3>
...
040 (322910.023.000) 05/10 17:16:09 Started transferring input files
	Transferring to host: <128.142.33.175:9618?addrs=128.142.33.175-9618+[2001-1458-301-117--100-191]-9618&noUDP&sock=12927_fda7_103519>
...
040 (322910.023.000) 05/10 17:16:09 Finished transferring input files
...
001 (322910.023.000) 05/10 17:16:10 Job executing on host: <128.142.33.175:9618?addrs=128.142.33.175-9618+[2001-1458-301-117--100-191]-9618&noUDP&sock=12707_8607_3>
...
006 (322910.023.000) 05/10 17:16:18 Image size of job updated: 309808
	220  -  MemoryUsage of job (MB)
	224648  -  ResidentSetSize of job (KB)
...
006 (322910.023.000) 05/10 17:21:18 Image size of job updated: 576512
	480  -  MemoryUsage of job (MB)
	491024  -  ResidentSetSize of job (KB)
...
006 (322910.023.000) 05/10 17:21:39 Image size of job updated: 576564
	480  -  MemoryUsage of job (MB)
	491024  -  ResidentSetSize of job (KB)
...
040 (322910.023.000) 05/10 17:21:39 Started transferring output files
...
040 (322910.023.000) 05/10 17:21:39 Finished transferring output files
...
005 (322910.023.000) 05/10 17:21:39 Job terminated.
	(1) Normal termination (return value 1)
		Usr 0 00:04:50, Sys 0 00:00:35  -  Run Remote Usage
		Usr 0 00:00:00, Sys 0 00:00:00  -  Run Local Usage
		Usr 0 00:04:50, Sys 0 00:00:35  -  Total Remote Usage
		Usr 0 00:00:00, Sys 0 00:00:00  -  Total Local Usage
	9713  -  Run Bytes Sent By Job
	10994  -  Run Bytes Received By Job
	9713  -  Total Bytes Sent By Job
	10994  -  Total Bytes Received By Job
	Partitionable Resources :    Usage  Request Allocated 
	   Cpus                 :                 1           
	   Disk (KB)            :       72        1   2188182 
	   Memory (MB)          :      480     4000      4000 
...
