i will run the following command
python postproc_batch.py MY_EOS_SPACE/heppyNtuples/TREES_SingleMuon2016BCDEF_94X/ MY_EOS_SPACE/heppyNtuples/TREES_SingleMuon2016BCDEF_94X/friends/ --friend -N 250000 -d SingleMuon_Run2016B_part1 -c 56
   SingleMuon_Run2016B_part1   DATA  61 chunks


I have 1 taks to process
I'm using the following list of modules DEFAULT_MODULES
this is jobs [('SingleMuon_Run2016B_part1', 'MY_EOS_SPACE/heppyNtuples/TREES_SingleMuon2016BCDEF_94X/SingleMuon_Run2016B_part1/treeProducerWMass/tree.root', 29301548.0, '_Friend_SingleMuon_Run2016B_part1.chunk56', True, xrange(14000000, 14250000), 56)]
Modules to run:  []   name =  puWeight
Loading puWeight from CMGTools.WMass.postprocessing.examples.puWeightProducer 
Running on dataset =  SingleMuon_Run2016B_part1
TFile: name=/afs/cern.ch/work/m/mciprian/w_mass_analysis/heppy/rel_slc7/CMSSW_9_4_12/src/CMGTools/WMass/python/postprocessing/data/pileup/pileup_profile_Summer16.root, title=, option=READ
TFile: name=/afs/cern.ch/work/m/mciprian/w_mass_analysis/heppy/rel_slc7/CMSSW_9_4_12/src/CMGTools/WMass/python/postprocessing/data/pileup/PileupData_GoldenJSON_Full2016.root, title=, option=READ
Load C++ Worker
Modules to run:  []   name =  puWeight2016BF
Loading puWeight2016BF from CMGTools.WMass.postprocessing.examples.puWeightProducer 
Running on dataset =  SingleMuon_Run2016B_part1
TFile: name=/afs/cern.ch/work/m/mciprian/w_mass_analysis/heppy/rel_slc7/CMSSW_9_4_12/src/CMGTools/WMass/python/postprocessing/data/pileup/pileup_profile_Summer16.root, title=, option=READ
TFile: name=/afs/cern.ch/work/m/mciprian/w_mass_analysis/heppy/rel_slc7/CMSSW_9_4_12/src/CMGTools/WMass/python/postprocessing/data/pileup/PileupData_GoldenJSON_2016BF.root, title=, option=READ
Modules to run:  []   name =  lepQCDAwayJetAll
Loading lepQCDAwayJetAll from CMGTools.WMass.postprocessing.examples.lepVarProducer 
Running on dataset =  SingleMuon_Run2016B_part1
Modules to run:  []   name =  muCalibratedWithStatVar
Loading muCalibratedWithStatVar from CMGTools.WMass.postprocessing.examples.lepVarProducer 
Running on dataset =  SingleMuon_Run2016B_part1
did not find EnergyScaleCorrection shared object, rebuilding
trying to load all the rochester correction libraries
did not find legacy data roccor. rebuilding...
done building legacy data roccor.
Modules to run:  []   name =  jetAllReCleaner
Loading jetAllReCleaner from CMGTools.WMass.postprocessing.examples.jetReCleaner 
Running on dataset =  SingleMuon_Run2016B_part1
Load C++ Worker
Modules to run:  []   name =  jetReCleaner
Loading jetReCleaner from CMGTools.WMass.postprocessing.examples.jetReCleaner 
Running on dataset =  SingleMuon_Run2016B_part1
Load C++ Worker
Modules to run:  []   name =  genQEDJets
Loading genQEDJets from CMGTools.WMass.postprocessing.examples.genFriendProducer 
Running on dataset =  SingleMuon_Run2016B_part1
Will write selected trees to MY_EOS_SPACE/heppyNtuples/TREES_SingleMuon2016BCDEF_94X/friends/
Normalization of pu_mc: 0.999973
Normalization of pileup: 3.65129e+10
Weights for variable pu_mc with a number of bins equal to 76:
1 1 1 1 1 1 1 1 1 1 1.616 1.923 1.917 1.762 1.611 1.554 1.506 1.414 1.317 1.241 1.169 1.109 1.071 1.04 1.019 1.001 0.9873 0.9825 0.9828 0.9811 0.9811 0.9792 0.9531 0.9274 0.8773 0.8171 0.7432 0.6594 0.5661 0.4725 0.3811 0.2987 0.2215 0.1581 0 0 0 0 0 0 0 0 0 0 0 1 1 1 1 1 1 1 1 1 1 1 1 1 1 1 1 1 1 1 1 1 .
Final weights: 
1 1 1 1 1 1 1 1 1 1 1.616 1.923 1.917 1.762 1.611 1.554 1.506 1.414 1.317 1.241 1.169 1.109 1.071 1.04 1.019 1.001 0.9873 0.9825 0.9828 0.9811 0.9811 0.9792 0.9531 0.9274 0.8773 0.8171 0.7432 0.6594 0.5661 0.4725 0.3811 0.2987 0.2215 0.1581 0 0 0 0 0 0 0 0 0 0 0 1 1 1 1 1 1 1 1 1 1 1 1 1 1 1 1 1 1 1 1 1 .
Normalization of pu_mc: 1
Normalization of pileup: 2.014e+10
Weights for variable pu_mc with a number of bins equal to 76:
1 1 1 1 1 1 1 1 1 1 2.784 3.074 2.661 2.24 1.976 1.881 1.801 1.669 1.544 1.453 1.364 1.27 1.186 1.113 1.061 1.016 0.9702 0.9245 0.8754 0.8192 0.7629 0.7065 0.6366 0.5722 0.4984 0.4252 0.3515 0.2804 0.2137 0.1564 0.1092 0 0 0 0 0 0 0 0 0 0 0 0 0 0 1 1 1 1 1 1 1 1 1 1 1 1 1 1 1 1 1 1 1 1 1 .
For maximum weight 3.074: integral relative change: 0
Final weights: 
1 1 1 1 1 1 1 1 1 1 2.784 3.074 2.661 2.24 1.976 1.881 1.801 1.669 1.544 1.453 1.364 1.27 1.186 1.113 1.061 1.016 0.9702 0.9245 0.8754 0.8192 0.7629 0.7065 0.6366 0.5722 0.4984 0.4252 0.3515 0.2804 0.2137 0.1564 0.1092 0 0 0 0 0 0 0 0 0 0 0 0 0 0 1 1 1 1 1 1 1 1 1 1 1 1 1 1 1 1 1 1 1 1 1 .
begin job of lepCalProducer
initializing all the rochester correction objects
initializing the egamma calibrator
Processed 14000000/15246249 entries (elapsed time     0.2s, curr speed   47.619 kHz, avg speed 66666.667 kHz), accepted        1/       1 events (100.00%)
Processed 14010000/15246249 entries (elapsed time    14.1s, curr speed    0.722 kHz, avg speed  996.444 kHz), accepted    10001/   10001 events (100.00%)
Processed 14020000/15246249 entries (elapsed time    27.5s, curr speed    0.743 kHz, avg speed  509.448 kHz), accepted    20001/   20001 events (100.00%)
Processed 14030000/15246249 entries (elapsed time    42.5s, curr speed    0.668 kHz, avg speed  330.118 kHz), accepted    30001/   30001 events (100.00%)
Processed 14040000/15246249 entries (elapsed time    61.0s, curr speed    0.539 kHz, avg speed  230.013 kHz), accepted    40001/   40001 events (100.00%)
Processed 14050000/15246249 entries (elapsed time    79.0s, curr speed    0.557 kHz, avg speed  177.871 kHz), accepted    50001/   50001 events (100.00%)
Processed 14060000/15246249 entries (elapsed time    98.4s, curr speed    0.516 kHz, avg speed  142.930 kHz), accepted    60001/   60001 events (100.00%)
Processed 14070000/15246249 entries (elapsed time   115.0s, curr speed    0.600 kHz, avg speed  122.316 kHz), accepted    70001/   70001 events (100.00%)
Processed 14080000/15246249 entries (elapsed time   131.1s, curr speed    0.623 kHz, avg speed  107.407 kHz), accepted    80001/   80001 events (100.00%)
Processed 14090000/15246249 entries (elapsed time   145.8s, curr speed    0.678 kHz, avg speed   96.613 kHz), accepted    90001/   90001 events (100.00%)
Processed 14100000/15246249 entries (elapsed time   161.4s, curr speed    0.644 kHz, avg speed   87.377 kHz), accepted   100001/  100001 events (100.00%)
Processed 14110000/15246249 entries (elapsed time   176.3s, curr speed    0.670 kHz, avg speed   80.034 kHz), accepted   110001/  110001 events (100.00%)
Processed 14120000/15246249 entries (elapsed time   190.9s, curr speed    0.686 kHz, avg speed   73.973 kHz), accepted   120001/  120001 events (100.00%)
Processed 14130000/15246249 entries (elapsed time   224.3s, curr speed    0.299 kHz, avg speed   63.002 kHz), accepted   130001/  130001 events (100.00%)
Processed 14140000/15246249 entries (elapsed time   238.7s, curr speed    0.695 kHz, avg speed   59.245 kHz), accepted   140001/  140001 events (100.00%)
Processed 14150000/15246249 entries (elapsed time   253.3s, curr speed    0.685 kHz, avg speed   55.871 kHz), accepted   150001/  150001 events (100.00%)
Processed 14160000/15246249 entries (elapsed time   270.4s, curr speed    0.584 kHz, avg speed   52.373 kHz), accepted   160001/  160001 events (100.00%)
Processed 14170000/15246249 entries (elapsed time   286.5s, curr speed    0.621 kHz, avg speed   49.464 kHz), accepted   170001/  170001 events (100.00%)
Processed 14180000/15246249 entries (elapsed time   301.9s, curr speed    0.646 kHz, avg speed   46.963 kHz), accepted   180001/  180001 events (100.00%)
Processed 14190000/15246249 entries (elapsed time   317.6s, curr speed    0.637 kHz, avg speed   44.675 kHz), accepted   190001/  190001 events (100.00%)
Processed 14200000/15246249 entries (elapsed time   354.5s, curr speed    0.271 kHz, avg speed   40.058 kHz), accepted   200001/  200001 events (100.00%)
Processed 14210000/15246249 entries (elapsed time   369.7s, curr speed    0.657 kHz, avg speed   38.436 kHz), accepted   210001/  210001 events (100.00%)
Processed 14220000/15246249 entries (elapsed time   385.1s, curr speed    0.652 kHz, avg speed   36.930 kHz), accepted   220001/  220001 events (100.00%)
Processed 14230000/15246249 entries (elapsed time   401.3s, curr speed    0.615 kHz, avg speed   35.460 kHz), accepted   230001/  230001 events (100.00%)
Processed 14240000/15246249 entries (elapsed time   416.2s, curr speed    0.670 kHz, avg speed   34.212 kHz), accepted   240001/  240001 events (100.00%)
Processed 250000 entries from MY_EOS_SPACE/heppyNtuples/TREES_SingleMuon2016BCDEF_94X/SingleMuon_Run2016B_part1/treeProducerWMass/tree.root, selected 250000 entries
Done MY_EOS_SPACE/heppyNtuples/TREES_SingleMuon2016BCDEF_94X/friends/tree_Friend_SingleMuon_Run2016B_part1.chunk56.root
