000 (322910.013.000) 05/10 17:15:23 Job submitted from host: <188.184.95.166:9618?addrs=188.184.95.166-9618+[2001-1458-201-e4--100-7a0]-9618&alias=tbird02.cern.ch&noUDP&sock=schedd_2138722_faad_3>
...
040 (322910.013.000) 05/10 17:16:06 Started transferring input files
	Transferring to host: <188.184.207.185:9618?addrs=188.184.207.185-9618+[2001-1458-301-7d--100-3ef]-9618&noUDP&sock=4232_93a5_126706>
...
040 (322910.013.000) 05/10 17:16:06 Finished transferring input files
...
001 (322910.013.000) 05/10 17:16:07 Job executing on host: <188.184.207.185:9618?addrs=188.184.207.185-9618+[2001-1458-301-7d--100-3ef]-9618&noUDP&sock=2326_0560_3>
...
006 (322910.013.000) 05/10 17:16:15 Image size of job updated: 290488
	204  -  MemoryUsage of job (MB)
	208816  -  ResidentSetSize of job (KB)
...
006 (322910.013.000) 05/10 17:21:15 Image size of job updated: 576192
	480  -  MemoryUsage of job (MB)
	490696  -  ResidentSetSize of job (KB)
...
006 (322910.013.000) 05/10 17:22:17 Image size of job updated: 577732
	480  -  MemoryUsage of job (MB)
	490696  -  ResidentSetSize of job (KB)
...
040 (322910.013.000) 05/10 17:22:17 Started transferring output files
...
040 (322910.013.000) 05/10 17:22:17 Finished transferring output files
...
005 (322910.013.000) 05/10 17:22:17 Job terminated.
	(1) Normal termination (return value 1)
		Usr 0 00:05:29, Sys 0 00:00:35  -  Run Remote Usage
		Usr 0 00:00:00, Sys 0 00:00:00  -  Run Local Usage
		Usr 0 00:05:29, Sys 0 00:00:35  -  Total Remote Usage
		Usr 0 00:00:00, Sys 0 00:00:00  -  Total Local Usage
	9711  -  Run Bytes Sent By Job
	10994  -  Run Bytes Received By Job
	9711  -  Total Bytes Sent By Job
	10994  -  Total Bytes Received By Job
	Partitionable Resources :    Usage  Request Allocated 
	   Cpus                 :                 1           
	   Disk (KB)            :       72        1   2211197 
	   Memory (MB)          :      480     4000      4000 
...
