000 (322910.073.000) 05/10 17:15:23 Job submitted from host: <188.184.95.166:9618?addrs=188.184.95.166-9618+[2001-1458-201-e4--100-7a0]-9618&alias=tbird02.cern.ch&noUDP&sock=schedd_2138722_faad_3>
...
040 (322910.073.000) 05/10 17:16:26 Started transferring input files
	Transferring to host: <128.142.240.52:9618?addrs=128.142.240.52-9618+[2001-1458-301-f9--100-5]-9618&noUDP&sock=4209_5f04_127609>
...
040 (322910.073.000) 05/10 17:16:26 Finished transferring input files
...
001 (322910.073.000) 05/10 17:16:27 Job executing on host: <128.142.240.52:9618?addrs=128.142.240.52-9618+[2001-1458-301-f9--100-5]-9618&noUDP&sock=2340_9fb4_3>
...
006 (322910.073.000) 05/10 17:16:36 Image size of job updated: 262024
	245  -  MemoryUsage of job (MB)
	250156  -  ResidentSetSize of job (KB)
...
006 (322910.073.000) 05/10 17:21:37 Image size of job updated: 502516
	480  -  MemoryUsage of job (MB)
	490648  -  ResidentSetSize of job (KB)
...
040 (322910.073.000) 05/10 17:22:16 Started transferring output files
...
040 (322910.073.000) 05/10 17:22:16 Finished transferring output files
...
005 (322910.073.000) 05/10 17:22:16 Job terminated.
	(1) Normal termination (return value 1)
		Usr 0 00:05:11, Sys 0 00:00:33  -  Run Remote Usage
		Usr 0 00:00:00, Sys 0 00:00:00  -  Run Local Usage
		Usr 0 00:05:11, Sys 0 00:00:33  -  Total Remote Usage
		Usr 0 00:00:00, Sys 0 00:00:00  -  Total Local Usage
	9713  -  Run Bytes Sent By Job
	10994  -  Run Bytes Received By Job
	9713  -  Total Bytes Sent By Job
	10994  -  Total Bytes Received By Job
	Partitionable Resources :    Usage  Request Allocated 
	   Cpus                 :                 1           
	   Disk (KB)            :       72        1   2137796 
	   Memory (MB)          :      480     4000      4000 
...
