000 (322910.027.000) 05/10 17:15:23 Job submitted from host: <188.184.95.166:9618?addrs=188.184.95.166-9618+[2001-1458-201-e4--100-7a0]-9618&alias=tbird02.cern.ch&noUDP&sock=schedd_2138722_faad_3>
...
040 (322910.027.000) 05/10 17:16:10 Started transferring input files
	Transferring to host: <128.142.240.12:9618?addrs=128.142.240.12-9618+[2001-1458-301-f9--100-10]-9618&noUDP&sock=4004_ee1c_126737>
...
040 (322910.027.000) 05/10 17:16:10 Finished transferring input files
...
001 (322910.027.000) 05/10 17:16:11 Job executing on host: <128.142.240.12:9618?addrs=128.142.240.12-9618+[2001-1458-301-f9--100-10]-9618&noUDP&sock=2389_3bd8_3>
...
006 (322910.027.000) 05/10 17:16:19 Image size of job updated: 194840
	115  -  MemoryUsage of job (MB)
	117400  -  ResidentSetSize of job (KB)
...
006 (322910.027.000) 05/10 17:21:19 Image size of job updated: 575452
	479  -  MemoryUsage of job (MB)
	489968  -  ResidentSetSize of job (KB)
...
006 (322910.027.000) 05/10 17:22:21 Image size of job updated: 576624
	479  -  MemoryUsage of job (MB)
	489968  -  ResidentSetSize of job (KB)
...
040 (322910.027.000) 05/10 17:22:21 Started transferring output files
...
040 (322910.027.000) 05/10 17:22:21 Finished transferring output files
...
005 (322910.027.000) 05/10 17:22:21 Job terminated.
	(1) Normal termination (return value 1)
		Usr 0 00:05:27, Sys 0 00:00:34  -  Run Remote Usage
		Usr 0 00:00:00, Sys 0 00:00:00  -  Run Local Usage
		Usr 0 00:05:27, Sys 0 00:00:34  -  Total Remote Usage
		Usr 0 00:00:00, Sys 0 00:00:00  -  Total Local Usage
	9713  -  Run Bytes Sent By Job
	10994  -  Run Bytes Received By Job
	9713  -  Total Bytes Sent By Job
	10994  -  Total Bytes Received By Job
	Partitionable Resources :    Usage  Request Allocated 
	   Cpus                 :                 1           
	   Disk (KB)            :       72        1   2104906 
	   Memory (MB)          :      479     4000      4000 
...
