000 (322910.014.000) 05/10 17:15:23 Job submitted from host: <188.184.95.166:9618?addrs=188.184.95.166-9618+[2001-1458-201-e4--100-7a0]-9618&alias=tbird02.cern.ch&noUDP&sock=schedd_2138722_faad_3>
...
040 (322910.014.000) 05/10 17:16:06 Started transferring input files
	Transferring to host: <188.184.133.215:9618?addrs=188.184.133.215-9618+[2001-1458-301-a0--100-4d8]-9618&noUDP&sock=13043_b92b_102756>
...
040 (322910.014.000) 05/10 17:16:06 Finished transferring input files
...
001 (322910.014.000) 05/10 17:16:07 Job executing on host: <188.184.133.215:9618?addrs=188.184.133.215-9618+[2001-1458-301-a0--100-4d8]-9618&noUDP&sock=12836_01bf_3>
...
006 (322910.014.000) 05/10 17:16:15 Image size of job updated: 290496
	204  -  MemoryUsage of job (MB)
	208808  -  ResidentSetSize of job (KB)
...
006 (322910.014.000) 05/10 17:21:15 Image size of job updated: 576160
	480  -  MemoryUsage of job (MB)
	490664  -  ResidentSetSize of job (KB)
...
006 (322910.014.000) 05/10 17:22:23 Image size of job updated: 576188
	480  -  MemoryUsage of job (MB)
	490664  -  ResidentSetSize of job (KB)
...
040 (322910.014.000) 05/10 17:22:23 Started transferring output files
...
040 (322910.014.000) 05/10 17:22:23 Finished transferring output files
...
005 (322910.014.000) 05/10 17:22:23 Job terminated.
	(1) Normal termination (return value 1)
		Usr 0 00:05:33, Sys 0 00:00:34  -  Run Remote Usage
		Usr 0 00:00:00, Sys 0 00:00:00  -  Run Local Usage
		Usr 0 00:05:33, Sys 0 00:00:34  -  Total Remote Usage
		Usr 0 00:00:00, Sys 0 00:00:00  -  Total Local Usage
	9706  -  Run Bytes Sent By Job
	10994  -  Run Bytes Received By Job
	9706  -  Total Bytes Sent By Job
	10994  -  Total Bytes Received By Job
	Partitionable Resources :    Usage  Request Allocated 
	   Cpus                 :                 1           
	   Disk (KB)            :       72        1   2173316 
	   Memory (MB)          :      480     4000      4000 
...
