i will run the following command
python postproc_batch.py MY_EOS_SPACE/heppyNtuples/TREES_SingleMuon2016BCDEF_94X/ MY_EOS_SPACE/heppyNtuples/TREES_SingleMuon2016BCDEF_94X/friends/ --friend -N 250000 -d SingleMuon_Run2016B_part5 -c 41
   SingleMuon_Run2016B_part5   DATA  56 chunks


I have 1 taks to process
I'm using the following list of modules DEFAULT_MODULES
this is jobs [('SingleMuon_Run2016B_part5', 'MY_EOS_SPACE/heppyNtuples/TREES_SingleMuon2016BCDEF_94X/SingleMuon_Run2016B_part5/treeProducerWMass/tree.root', 26671550.0, '_Friend_SingleMuon_Run2016B_part5.chunk41', True, xrange(10250000, 10500000), 41)]
Modules to run:  []   name =  puWeight
Loading puWeight from CMGTools.WMass.postprocessing.examples.puWeightProducer 
Running on dataset =  SingleMuon_Run2016B_part5
TFile: name=/afs/cern.ch/work/m/mciprian/w_mass_analysis/heppy/rel_slc7/CMSSW_9_4_12/src/CMGTools/WMass/python/postprocessing/data/pileup/pileup_profile_Summer16.root, title=, option=READ
TFile: name=/afs/cern.ch/work/m/mciprian/w_mass_analysis/heppy/rel_slc7/CMSSW_9_4_12/src/CMGTools/WMass/python/postprocessing/data/pileup/PileupData_GoldenJSON_Full2016.root, title=, option=READ
Load C++ Worker
Modules to run:  []   name =  puWeight2016BF
Loading puWeight2016BF from CMGTools.WMass.postprocessing.examples.puWeightProducer 
Running on dataset =  SingleMuon_Run2016B_part5
TFile: name=/afs/cern.ch/work/m/mciprian/w_mass_analysis/heppy/rel_slc7/CMSSW_9_4_12/src/CMGTools/WMass/python/postprocessing/data/pileup/pileup_profile_Summer16.root, title=, option=READ
TFile: name=/afs/cern.ch/work/m/mciprian/w_mass_analysis/heppy/rel_slc7/CMSSW_9_4_12/src/CMGTools/WMass/python/postprocessing/data/pileup/PileupData_GoldenJSON_2016BF.root, title=, option=READ
Modules to run:  []   name =  lepQCDAwayJetAll
Loading lepQCDAwayJetAll from CMGTools.WMass.postprocessing.examples.lepVarProducer 
Running on dataset =  SingleMuon_Run2016B_part5
Modules to run:  []   name =  muCalibratedWithStatVar
Loading muCalibratedWithStatVar from CMGTools.WMass.postprocessing.examples.lepVarProducer 
Running on dataset =  SingleMuon_Run2016B_part5
did not find EnergyScaleCorrection shared object, rebuilding
trying to load all the rochester correction libraries
did not find legacy data roccor. rebuilding...
done building legacy data roccor.
Modules to run:  []   name =  jetAllReCleaner
Loading jetAllReCleaner from CMGTools.WMass.postprocessing.examples.jetReCleaner 
Running on dataset =  SingleMuon_Run2016B_part5
Load C++ Worker
Modules to run:  []   name =  jetReCleaner
Loading jetReCleaner from CMGTools.WMass.postprocessing.examples.jetReCleaner 
Running on dataset =  SingleMuon_Run2016B_part5
Load C++ Worker
Modules to run:  []   name =  genQEDJets
Loading genQEDJets from CMGTools.WMass.postprocessing.examples.genFriendProducer 
Running on dataset =  SingleMuon_Run2016B_part5
Will write selected trees to MY_EOS_SPACE/heppyNtuples/TREES_SingleMuon2016BCDEF_94X/friends/
Normalization of pu_mc: 0.999973
Normalization of pileup: 3.65129e+10
Weights for variable pu_mc with a number of bins equal to 76:
1 1 1 1 1 1 1 1 1 1 1.616 1.923 1.917 1.762 1.611 1.554 1.506 1.414 1.317 1.241 1.169 1.109 1.071 1.04 1.019 1.001 0.9873 0.9825 0.9828 0.9811 0.9811 0.9792 0.9531 0.9274 0.8773 0.8171 0.7432 0.6594 0.5661 0.4725 0.3811 0.2987 0.2215 0.1581 0 0 0 0 0 0 0 0 0 0 0 1 1 1 1 1 1 1 1 1 1 1 1 1 1 1 1 1 1 1 1 1 .
Final weights: 
1 1 1 1 1 1 1 1 1 1 1.616 1.923 1.917 1.762 1.611 1.554 1.506 1.414 1.317 1.241 1.169 1.109 1.071 1.04 1.019 1.001 0.9873 0.9825 0.9828 0.9811 0.9811 0.9792 0.9531 0.9274 0.8773 0.8171 0.7432 0.6594 0.5661 0.4725 0.3811 0.2987 0.2215 0.1581 0 0 0 0 0 0 0 0 0 0 0 1 1 1 1 1 1 1 1 1 1 1 1 1 1 1 1 1 1 1 1 1 .
Normalization of pu_mc: 1
Normalization of pileup: 2.014e+10
Weights for variable pu_mc with a number of bins equal to 76:
1 1 1 1 1 1 1 1 1 1 2.784 3.074 2.661 2.24 1.976 1.881 1.801 1.669 1.544 1.453 1.364 1.27 1.186 1.113 1.061 1.016 0.9702 0.9245 0.8754 0.8192 0.7629 0.7065 0.6366 0.5722 0.4984 0.4252 0.3515 0.2804 0.2137 0.1564 0.1092 0 0 0 0 0 0 0 0 0 0 0 0 0 0 1 1 1 1 1 1 1 1 1 1 1 1 1 1 1 1 1 1 1 1 1 .
For maximum weight 3.074: integral relative change: 0
Final weights: 
1 1 1 1 1 1 1 1 1 1 2.784 3.074 2.661 2.24 1.976 1.881 1.801 1.669 1.544 1.453 1.364 1.27 1.186 1.113 1.061 1.016 0.9702 0.9245 0.8754 0.8192 0.7629 0.7065 0.6366 0.5722 0.4984 0.4252 0.3515 0.2804 0.2137 0.1564 0.1092 0 0 0 0 0 0 0 0 0 0 0 0 0 0 1 1 1 1 1 1 1 1 1 1 1 1 1 1 1 1 1 1 1 1 1 .
begin job of lepCalProducer
initializing all the rochester correction objects
initializing the egamma calibrator
Processed 10250000/13778779 entries (elapsed time     0.2s, curr speed   58.824 kHz, avg speed 60294.118 kHz), accepted        1/       1 events (100.00%)
Processed 10260000/13778779 entries (elapsed time    12.3s, curr speed    0.826 kHz, avg speed  835.505 kHz), accepted    10001/   10001 events (100.00%)
Processed 10270000/13778779 entries (elapsed time    24.8s, curr speed    0.797 kHz, avg speed  413.779 kHz), accepted    20001/   20001 events (100.00%)
Processed 10280000/13778779 entries (elapsed time    37.6s, curr speed    0.780 kHz, avg speed  273.114 kHz), accepted    30001/   30001 events (100.00%)
Processed 10290000/13778779 entries (elapsed time    50.0s, curr speed    0.806 kHz, avg speed  205.635 kHz), accepted    40001/   40001 events (100.00%)
Processed 10300000/13778779 entries (elapsed time    62.3s, curr speed    0.818 kHz, avg speed  165.435 kHz), accepted    50001/   50001 events (100.00%)
Processed 10310000/13778779 entries (elapsed time    75.2s, curr speed    0.772 kHz, avg speed  137.065 kHz), accepted    60001/   60001 events (100.00%)
Processed 10320000/13778779 entries (elapsed time    86.7s, curr speed    0.870 kHz, avg speed  119.004 kHz), accepted    70001/   70001 events (100.00%)
Processed 10330000/13778779 entries (elapsed time    97.2s, curr speed    0.957 kHz, avg speed  106.309 kHz), accepted    80001/   80001 events (100.00%)
Processed 10340000/13778779 entries (elapsed time   107.7s, curr speed    0.951 kHz, avg speed   96.025 kHz), accepted    90001/   90001 events (100.00%)
Processed 10350000/13778779 entries (elapsed time   118.0s, curr speed    0.968 kHz, avg speed   87.704 kHz), accepted   100001/  100001 events (100.00%)
Processed 10360000/13778779 entries (elapsed time   128.5s, curr speed    0.950 kHz, avg speed   80.597 kHz), accepted   110001/  110001 events (100.00%)
Processed 10370000/13778779 entries (elapsed time   138.9s, curr speed    0.967 kHz, avg speed   74.669 kHz), accepted   120001/  120001 events (100.00%)
Processed 10380000/13778779 entries (elapsed time   163.5s, curr speed    0.406 kHz, avg speed   63.490 kHz), accepted   130001/  130001 events (100.00%)
Processed 10390000/13778779 entries (elapsed time   174.0s, curr speed    0.951 kHz, avg speed   59.709 kHz), accepted   140001/  140001 events (100.00%)
Processed 10400000/13778779 entries (elapsed time   184.4s, curr speed    0.965 kHz, avg speed   56.408 kHz), accepted   150001/  150001 events (100.00%)
Processed 10410000/13778779 entries (elapsed time   194.7s, curr speed    0.968 kHz, avg speed   53.467 kHz), accepted   160001/  160001 events (100.00%)
Processed 10420000/13778779 entries (elapsed time   205.1s, curr speed    0.965 kHz, avg speed   50.814 kHz), accepted   170001/  170001 events (100.00%)
Processed 10430000/13778779 entries (elapsed time   215.6s, curr speed    0.949 kHz, avg speed   48.377 kHz), accepted   180001/  180001 events (100.00%)
Processed 10440000/13778779 entries (elapsed time   225.9s, curr speed    0.974 kHz, avg speed   46.221 kHz), accepted   190001/  190001 events (100.00%)
Processed 10450000/13778779 entries (elapsed time   249.7s, curr speed    0.419 kHz, avg speed   41.845 kHz), accepted   200001/  200001 events (100.00%)
Processed 10460000/13778779 entries (elapsed time   260.2s, curr speed    0.954 kHz, avg speed   40.198 kHz), accepted   210001/  210001 events (100.00%)
Processed 10470000/13778779 entries (elapsed time   270.7s, curr speed    0.956 kHz, avg speed   38.682 kHz), accepted   220001/  220001 events (100.00%)
Processed 10480000/13778779 entries (elapsed time   281.1s, curr speed    0.956 kHz, avg speed   37.278 kHz), accepted   230001/  230001 events (100.00%)
Processed 10490000/13778779 entries (elapsed time   291.9s, curr speed    0.928 kHz, avg speed   35.936 kHz), accepted   240001/  240001 events (100.00%)
Processed 250000 entries from MY_EOS_SPACE/heppyNtuples/TREES_SingleMuon2016BCDEF_94X/SingleMuon_Run2016B_part5/treeProducerWMass/tree.root, selected 250000 entries
Done MY_EOS_SPACE/heppyNtuples/TREES_SingleMuon2016BCDEF_94X/friends/tree_Friend_SingleMuon_Run2016B_part5.chunk41.root
