000 (322910.017.000) 05/10 17:15:23 Job submitted from host: <188.184.95.166:9618?addrs=188.184.95.166-9618+[2001-1458-201-e4--100-7a0]-9618&alias=tbird02.cern.ch&noUDP&sock=schedd_2138722_faad_3>
...
040 (322910.017.000) 05/10 17:16:08 Started transferring input files
	Transferring to host: <128.142.33.178:9618?addrs=128.142.33.178-9618+[2001-1458-301-117--100-65]-9618&noUDP&sock=12998_044a_103661>
...
040 (322910.017.000) 05/10 17:16:08 Finished transferring input files
...
001 (322910.017.000) 05/10 17:16:09 Job executing on host: <128.142.33.178:9618?addrs=128.142.33.178-9618+[2001-1458-301-117--100-65]-9618&noUDP&sock=12790_7463_3>
...
006 (322910.017.000) 05/10 17:16:17 Image size of job updated: 334112
	243  -  MemoryUsage of job (MB)
	248796  -  ResidentSetSize of job (KB)
...
006 (322910.017.000) 05/10 17:20:57 Image size of job updated: 364848
	243  -  MemoryUsage of job (MB)
	248796  -  ResidentSetSize of job (KB)
...
040 (322910.017.000) 05/10 17:20:57 Started transferring output files
...
040 (322910.017.000) 05/10 17:20:57 Finished transferring output files
...
005 (322910.017.000) 05/10 17:20:57 Job terminated.
	(1) Normal termination (return value 1)
		Usr 0 00:04:16, Sys 0 00:00:30  -  Run Remote Usage
		Usr 0 00:00:00, Sys 0 00:00:00  -  Run Local Usage
		Usr 0 00:04:16, Sys 0 00:00:30  -  Total Remote Usage
		Usr 0 00:00:00, Sys 0 00:00:00  -  Total Local Usage
	9711  -  Run Bytes Sent By Job
	10994  -  Run Bytes Received By Job
	9711  -  Total Bytes Sent By Job
	10994  -  Total Bytes Received By Job
	Partitionable Resources :    Usage  Request Allocated 
	   Cpus                 :                 1           
	   Disk (KB)            :       72        1   2142878 
	   Memory (MB)          :      243     4000      4000 
...
