000 (322910.063.000) 05/10 17:15:23 Job submitted from host: <188.184.95.166:9618?addrs=188.184.95.166-9618+[2001-1458-201-e4--100-7a0]-9618&alias=tbird02.cern.ch&noUDP&sock=schedd_2138722_faad_3>
...
040 (322910.063.000) 05/10 17:16:23 Started transferring input files
	Transferring to host: <188.184.132.20:9618?addrs=188.184.132.20-9618+[2001-1458-301-a0--100-1d]-9618&noUDP&sock=4152_35a2_126403>
...
040 (322910.063.000) 05/10 17:16:23 Finished transferring input files
...
001 (322910.063.000) 05/10 17:16:24 Job executing on host: <188.184.132.20:9618?addrs=188.184.132.20-9618+[2001-1458-301-a0--100-1d]-9618&noUDP&sock=2383_1e46_3>
...
006 (322910.063.000) 05/10 17:16:32 Image size of job updated: 285568
	201  -  MemoryUsage of job (MB)
	204924  -  ResidentSetSize of job (KB)
...
006 (322910.063.000) 05/10 17:21:32 Image size of job updated: 575300
	479  -  MemoryUsage of job (MB)
	489812  -  ResidentSetSize of job (KB)
...
006 (322910.063.000) 05/10 17:22:43 Image size of job updated: 577480
	479  -  MemoryUsage of job (MB)
	489812  -  ResidentSetSize of job (KB)
...
040 (322910.063.000) 05/10 17:22:43 Started transferring output files
...
040 (322910.063.000) 05/10 17:22:43 Finished transferring output files
...
005 (322910.063.000) 05/10 17:22:43 Job terminated.
	(1) Normal termination (return value 1)
		Usr 0 00:05:36, Sys 0 00:00:37  -  Run Remote Usage
		Usr 0 00:00:00, Sys 0 00:00:00  -  Run Local Usage
		Usr 0 00:05:36, Sys 0 00:00:37  -  Total Remote Usage
		Usr 0 00:00:00, Sys 0 00:00:00  -  Total Local Usage
	9711  -  Run Bytes Sent By Job
	10994  -  Run Bytes Received By Job
	9711  -  Total Bytes Sent By Job
	10994  -  Total Bytes Received By Job
	Partitionable Resources :    Usage  Request Allocated 
	   Cpus                 :                 1           
	   Disk (KB)            :       72        1   2202173 
	   Memory (MB)          :      479     4000      4000 
...
