i will run the following command
python postproc_batch.py MY_EOS_SPACE/heppyNtuples/TREES_SingleMuon2016BCDEF_94X/ MY_EOS_SPACE/heppyNtuples/TREES_SingleMuon2016BCDEF_94X/friends/ --friend -N 250000 -d SingleMuon_Run2016B_part5 -c 53
   SingleMuon_Run2016B_part5   DATA  56 chunks


I have 1 taks to process
I'm using the following list of modules DEFAULT_MODULES
this is jobs [('SingleMuon_Run2016B_part5', 'MY_EOS_SPACE/heppyNtuples/TREES_SingleMuon2016BCDEF_94X/SingleMuon_Run2016B_part5/treeProducerWMass/tree.root', 26671550.0, '_Friend_SingleMuon_Run2016B_part5.chunk53', True, xrange(13250000, 13500000), 53)]
Modules to run:  []   name =  puWeight
Loading puWeight from CMGTools.WMass.postprocessing.examples.puWeightProducer 
Running on dataset =  SingleMuon_Run2016B_part5
TFile: name=/afs/cern.ch/work/m/mciprian/w_mass_analysis/heppy/rel_slc7/CMSSW_9_4_12/src/CMGTools/WMass/python/postprocessing/data/pileup/pileup_profile_Summer16.root, title=, option=READ
TFile: name=/afs/cern.ch/work/m/mciprian/w_mass_analysis/heppy/rel_slc7/CMSSW_9_4_12/src/CMGTools/WMass/python/postprocessing/data/pileup/PileupData_GoldenJSON_Full2016.root, title=, option=READ
Load C++ Worker
Modules to run:  []   name =  puWeight2016BF
Loading puWeight2016BF from CMGTools.WMass.postprocessing.examples.puWeightProducer 
Running on dataset =  SingleMuon_Run2016B_part5
TFile: name=/afs/cern.ch/work/m/mciprian/w_mass_analysis/heppy/rel_slc7/CMSSW_9_4_12/src/CMGTools/WMass/python/postprocessing/data/pileup/pileup_profile_Summer16.root, title=, option=READ
TFile: name=/afs/cern.ch/work/m/mciprian/w_mass_analysis/heppy/rel_slc7/CMSSW_9_4_12/src/CMGTools/WMass/python/postprocessing/data/pileup/PileupData_GoldenJSON_2016BF.root, title=, option=READ
Modules to run:  []   name =  lepQCDAwayJetAll
Loading lepQCDAwayJetAll from CMGTools.WMass.postprocessing.examples.lepVarProducer 
Running on dataset =  SingleMuon_Run2016B_part5
Modules to run:  []   name =  muCalibratedWithStatVar
Loading muCalibratedWithStatVar from CMGTools.WMass.postprocessing.examples.lepVarProducer 
Running on dataset =  SingleMuon_Run2016B_part5
did not find EnergyScaleCorrection shared object, rebuilding
trying to load all the rochester correction libraries
did not find legacy data roccor. rebuilding...
done building legacy data roccor.
Modules to run:  []   name =  jetAllReCleaner
Loading jetAllReCleaner from CMGTools.WMass.postprocessing.examples.jetReCleaner 
Running on dataset =  SingleMuon_Run2016B_part5
Load C++ Worker
Modules to run:  []   name =  jetReCleaner
Loading jetReCleaner from CMGTools.WMass.postprocessing.examples.jetReCleaner 
Running on dataset =  SingleMuon_Run2016B_part5
Load C++ Worker
Modules to run:  []   name =  genQEDJets
Loading genQEDJets from CMGTools.WMass.postprocessing.examples.genFriendProducer 
Running on dataset =  SingleMuon_Run2016B_part5
Will write selected trees to MY_EOS_SPACE/heppyNtuples/TREES_SingleMuon2016BCDEF_94X/friends/
Normalization of pu_mc: 0.999973
Normalization of pileup: 3.65129e+10
Weights for variable pu_mc with a number of bins equal to 76:
1 1 1 1 1 1 1 1 1 1 1.616 1.923 1.917 1.762 1.611 1.554 1.506 1.414 1.317 1.241 1.169 1.109 1.071 1.04 1.019 1.001 0.9873 0.9825 0.9828 0.9811 0.9811 0.9792 0.9531 0.9274 0.8773 0.8171 0.7432 0.6594 0.5661 0.4725 0.3811 0.2987 0.2215 0.1581 0 0 0 0 0 0 0 0 0 0 0 1 1 1 1 1 1 1 1 1 1 1 1 1 1 1 1 1 1 1 1 1 .
Final weights: 
1 1 1 1 1 1 1 1 1 1 1.616 1.923 1.917 1.762 1.611 1.554 1.506 1.414 1.317 1.241 1.169 1.109 1.071 1.04 1.019 1.001 0.9873 0.9825 0.9828 0.9811 0.9811 0.9792 0.9531 0.9274 0.8773 0.8171 0.7432 0.6594 0.5661 0.4725 0.3811 0.2987 0.2215 0.1581 0 0 0 0 0 0 0 0 0 0 0 1 1 1 1 1 1 1 1 1 1 1 1 1 1 1 1 1 1 1 1 1 .
Normalization of pu_mc: 1
Normalization of pileup: 2.014e+10
Weights for variable pu_mc with a number of bins equal to 76:
1 1 1 1 1 1 1 1 1 1 2.784 3.074 2.661 2.24 1.976 1.881 1.801 1.669 1.544 1.453 1.364 1.27 1.186 1.113 1.061 1.016 0.9702 0.9245 0.8754 0.8192 0.7629 0.7065 0.6366 0.5722 0.4984 0.4252 0.3515 0.2804 0.2137 0.1564 0.1092 0 0 0 0 0 0 0 0 0 0 0 0 0 0 1 1 1 1 1 1 1 1 1 1 1 1 1 1 1 1 1 1 1 1 1 .
For maximum weight 3.074: integral relative change: 0
Final weights: 
1 1 1 1 1 1 1 1 1 1 2.784 3.074 2.661 2.24 1.976 1.881 1.801 1.669 1.544 1.453 1.364 1.27 1.186 1.113 1.061 1.016 0.9702 0.9245 0.8754 0.8192 0.7629 0.7065 0.6366 0.5722 0.4984 0.4252 0.3515 0.2804 0.2137 0.1564 0.1092 0 0 0 0 0 0 0 0 0 0 0 0 0 0 1 1 1 1 1 1 1 1 1 1 1 1 1 1 1 1 1 1 1 1 1 .
begin job of lepCalProducer
initializing all the rochester correction objects
initializing the egamma calibrator
Processed 13250000/13778779 entries (elapsed time     0.3s, curr speed   38.462 kHz, avg speed 50961.538 kHz), accepted        1/       1 events (100.00%)
Processed 13260000/13778779 entries (elapsed time    12.6s, curr speed    0.813 kHz, avg speed 1055.732 kHz), accepted    10001/   10001 events (100.00%)
Processed 13270000/13778779 entries (elapsed time    25.6s, curr speed    0.765 kHz, avg speed  517.551 kHz), accepted    20001/   20001 events (100.00%)
Processed 13280000/13778779 entries (elapsed time    38.4s, curr speed    0.786 kHz, avg speed  346.104 kHz), accepted    30001/   30001 events (100.00%)
Processed 13290000/13778779 entries (elapsed time    51.1s, curr speed    0.786 kHz, avg speed  260.078 kHz), accepted    40001/   40001 events (100.00%)
Processed 13300000/13778779 entries (elapsed time    63.7s, curr speed    0.797 kHz, avg speed  208.955 kHz), accepted    50001/   50001 events (100.00%)
Processed 13310000/13778779 entries (elapsed time    76.3s, curr speed    0.789 kHz, avg speed  174.374 kHz), accepted    60001/   60001 events (100.00%)
Processed 13320000/13778779 entries (elapsed time    88.2s, curr speed    0.840 kHz, avg speed  150.969 kHz), accepted    70001/   70001 events (100.00%)
Processed 13330000/13778779 entries (elapsed time    98.9s, curr speed    0.935 kHz, avg speed  134.742 kHz), accepted    80001/   80001 events (100.00%)
Processed 13340000/13778779 entries (elapsed time   109.8s, curr speed    0.924 kHz, avg speed  121.549 kHz), accepted    90001/   90001 events (100.00%)
Processed 13350000/13778779 entries (elapsed time   120.5s, curr speed    0.932 kHz, avg speed  110.807 kHz), accepted   100001/  100001 events (100.00%)
Processed 13360000/13778779 entries (elapsed time   131.2s, curr speed    0.937 kHz, avg speed  101.868 kHz), accepted   110001/  110001 events (100.00%)
Processed 13370000/13778779 entries (elapsed time   141.8s, curr speed    0.939 kHz, avg speed   94.288 kHz), accepted   120001/  120001 events (100.00%)
Processed 13380000/13778779 entries (elapsed time   166.6s, curr speed    0.404 kHz, avg speed   80.327 kHz), accepted   130001/  130001 events (100.00%)
Processed 13390000/13778779 entries (elapsed time   177.4s, curr speed    0.920 kHz, avg speed   75.462 kHz), accepted   140001/  140001 events (100.00%)
Processed 13400000/13778779 entries (elapsed time   188.2s, curr speed    0.934 kHz, avg speed   71.220 kHz), accepted   150001/  150001 events (100.00%)
Processed 13410000/13778779 entries (elapsed time   198.9s, curr speed    0.933 kHz, avg speed   67.431 kHz), accepted   160001/  160001 events (100.00%)
Processed 13420000/13778779 entries (elapsed time   209.6s, curr speed    0.934 kHz, avg speed   64.033 kHz), accepted   170001/  170001 events (100.00%)
Processed 13430000/13778779 entries (elapsed time   220.4s, curr speed    0.922 kHz, avg speed   60.926 kHz), accepted   180001/  180001 events (100.00%)
Processed 13440000/13778779 entries (elapsed time   231.3s, curr speed    0.918 kHz, avg speed   58.101 kHz), accepted   190001/  190001 events (100.00%)
Processed 13450000/13778779 entries (elapsed time   256.4s, curr speed    0.398 kHz, avg speed   52.447 kHz), accepted   200001/  200001 events (100.00%)
Processed 13460000/13778779 entries (elapsed time   267.3s, curr speed    0.924 kHz, avg speed   50.361 kHz), accepted   210001/  210001 events (100.00%)
Processed 13470000/13778779 entries (elapsed time   278.3s, curr speed    0.907 kHz, avg speed   48.401 kHz), accepted   220001/  220001 events (100.00%)
Processed 13480000/13778779 entries (elapsed time   289.5s, curr speed    0.893 kHz, avg speed   46.563 kHz), accepted   230001/  230001 events (100.00%)
Processed 13490000/13778779 entries (elapsed time   300.4s, curr speed    0.915 kHz, avg speed   44.902 kHz), accepted   240001/  240001 events (100.00%)
Processed 250000 entries from MY_EOS_SPACE/heppyNtuples/TREES_SingleMuon2016BCDEF_94X/SingleMuon_Run2016B_part5/treeProducerWMass/tree.root, selected 250000 entries
Done MY_EOS_SPACE/heppyNtuples/TREES_SingleMuon2016BCDEF_94X/friends/tree_Friend_SingleMuon_Run2016B_part5.chunk53.root
