000 (322910.045.000) 05/10 17:15:23 Job submitted from host: <188.184.95.166:9618?addrs=188.184.95.166-9618+[2001-1458-201-e4--100-7a0]-9618&alias=tbird02.cern.ch&noUDP&sock=schedd_2138722_faad_3>
...
040 (322910.045.000) 05/10 17:16:15 Started transferring input files
	Transferring to host: <128.142.33.145:9618?addrs=128.142.33.145-9618+[2001-1458-301-117--100-4f]-9618&noUDP&sock=13007_5baa_103036>
...
040 (322910.045.000) 05/10 17:16:15 Finished transferring input files
...
001 (322910.045.000) 05/10 17:16:16 Job executing on host: <128.142.33.145:9618?addrs=128.142.33.145-9618+[2001-1458-301-117--100-4f]-9618&noUDP&sock=12799_a0be_3>
...
006 (322910.045.000) 05/10 17:16:25 Image size of job updated: 304884
	216  -  MemoryUsage of job (MB)
	220364  -  ResidentSetSize of job (KB)
...
006 (322910.045.000) 05/10 17:21:25 Image size of job updated: 576160
	480  -  MemoryUsage of job (MB)
	490672  -  ResidentSetSize of job (KB)
...
006 (322910.045.000) 05/10 17:21:48 Image size of job updated: 903628
	480  -  MemoryUsage of job (MB)
	490672  -  ResidentSetSize of job (KB)
...
040 (322910.045.000) 05/10 17:21:48 Started transferring output files
...
040 (322910.045.000) 05/10 17:21:48 Finished transferring output files
...
005 (322910.045.000) 05/10 17:21:48 Job terminated.
	(1) Normal termination (return value 1)
		Usr 0 00:04:52, Sys 0 00:00:37  -  Run Remote Usage
		Usr 0 00:00:00, Sys 0 00:00:00  -  Run Local Usage
		Usr 0 00:04:52, Sys 0 00:00:37  -  Total Remote Usage
		Usr 0 00:00:00, Sys 0 00:00:00  -  Total Local Usage
	9711  -  Run Bytes Sent By Job
	10994  -  Run Bytes Received By Job
	9711  -  Total Bytes Sent By Job
	10994  -  Total Bytes Received By Job
	Partitionable Resources :    Usage  Request Allocated 
	   Cpus                 :                 1           
	   Disk (KB)            :       72        1   2191004 
	   Memory (MB)          :      480     4000      4000 
...
