i will run the following command
python postproc_batch.py MY_EOS_SPACE/heppyNtuples/TREES_SingleMuon2016BCDEF_94X/ MY_EOS_SPACE/heppyNtuples/TREES_SingleMuon2016BCDEF_94X/friends/ --friend -N 250000 -d SingleMuon_Run2016B_part5 -c 34
   SingleMuon_Run2016B_part5   DATA  56 chunks


I have 1 taks to process
I'm using the following list of modules DEFAULT_MODULES
this is jobs [('SingleMuon_Run2016B_part5', 'MY_EOS_SPACE/heppyNtuples/TREES_SingleMuon2016BCDEF_94X/SingleMuon_Run2016B_part5/treeProducerWMass/tree.root', 26671550.0, '_Friend_SingleMuon_Run2016B_part5.chunk34', True, xrange(8500000, 8750000), 34)]
Modules to run:  []   name =  puWeight
Loading puWeight from CMGTools.WMass.postprocessing.examples.puWeightProducer 
Running on dataset =  SingleMuon_Run2016B_part5
TFile: name=/afs/cern.ch/work/m/mciprian/w_mass_analysis/heppy/rel_slc7/CMSSW_9_4_12/src/CMGTools/WMass/python/postprocessing/data/pileup/pileup_profile_Summer16.root, title=, option=READ
TFile: name=/afs/cern.ch/work/m/mciprian/w_mass_analysis/heppy/rel_slc7/CMSSW_9_4_12/src/CMGTools/WMass/python/postprocessing/data/pileup/PileupData_GoldenJSON_Full2016.root, title=, option=READ
Load C++ Worker
Modules to run:  []   name =  puWeight2016BF
Loading puWeight2016BF from CMGTools.WMass.postprocessing.examples.puWeightProducer 
Running on dataset =  SingleMuon_Run2016B_part5
TFile: name=/afs/cern.ch/work/m/mciprian/w_mass_analysis/heppy/rel_slc7/CMSSW_9_4_12/src/CMGTools/WMass/python/postprocessing/data/pileup/pileup_profile_Summer16.root, title=, option=READ
TFile: name=/afs/cern.ch/work/m/mciprian/w_mass_analysis/heppy/rel_slc7/CMSSW_9_4_12/src/CMGTools/WMass/python/postprocessing/data/pileup/PileupData_GoldenJSON_2016BF.root, title=, option=READ
Modules to run:  []   name =  lepQCDAwayJetAll
Loading lepQCDAwayJetAll from CMGTools.WMass.postprocessing.examples.lepVarProducer 
Running on dataset =  SingleMuon_Run2016B_part5
Modules to run:  []   name =  muCalibratedWithStatVar
Loading muCalibratedWithStatVar from CMGTools.WMass.postprocessing.examples.lepVarProducer 
Running on dataset =  SingleMuon_Run2016B_part5
did not find EnergyScaleCorrection shared object, rebuilding
trying to load all the rochester correction libraries
did not find legacy data roccor. rebuilding...
done building legacy data roccor.
Modules to run:  []   name =  jetAllReCleaner
Loading jetAllReCleaner from CMGTools.WMass.postprocessing.examples.jetReCleaner 
Running on dataset =  SingleMuon_Run2016B_part5
Load C++ Worker
Modules to run:  []   name =  jetReCleaner
Loading jetReCleaner from CMGTools.WMass.postprocessing.examples.jetReCleaner 
Running on dataset =  SingleMuon_Run2016B_part5
Load C++ Worker
Modules to run:  []   name =  genQEDJets
Loading genQEDJets from CMGTools.WMass.postprocessing.examples.genFriendProducer 
Running on dataset =  SingleMuon_Run2016B_part5
Will write selected trees to MY_EOS_SPACE/heppyNtuples/TREES_SingleMuon2016BCDEF_94X/friends/
Normalization of pu_mc: 0.999973
Normalization of pileup: 3.65129e+10
Weights for variable pu_mc with a number of bins equal to 76:
1 1 1 1 1 1 1 1 1 1 1.616 1.923 1.917 1.762 1.611 1.554 1.506 1.414 1.317 1.241 1.169 1.109 1.071 1.04 1.019 1.001 0.9873 0.9825 0.9828 0.9811 0.9811 0.9792 0.9531 0.9274 0.8773 0.8171 0.7432 0.6594 0.5661 0.4725 0.3811 0.2987 0.2215 0.1581 0 0 0 0 0 0 0 0 0 0 0 1 1 1 1 1 1 1 1 1 1 1 1 1 1 1 1 1 1 1 1 1 .
Final weights: 
1 1 1 1 1 1 1 1 1 1 1.616 1.923 1.917 1.762 1.611 1.554 1.506 1.414 1.317 1.241 1.169 1.109 1.071 1.04 1.019 1.001 0.9873 0.9825 0.9828 0.9811 0.9811 0.9792 0.9531 0.9274 0.8773 0.8171 0.7432 0.6594 0.5661 0.4725 0.3811 0.2987 0.2215 0.1581 0 0 0 0 0 0 0 0 0 0 0 1 1 1 1 1 1 1 1 1 1 1 1 1 1 1 1 1 1 1 1 1 .
Normalization of pu_mc: 1
Normalization of pileup: 2.014e+10
Weights for variable pu_mc with a number of bins equal to 76:
1 1 1 1 1 1 1 1 1 1 2.784 3.074 2.661 2.24 1.976 1.881 1.801 1.669 1.544 1.453 1.364 1.27 1.186 1.113 1.061 1.016 0.9702 0.9245 0.8754 0.8192 0.7629 0.7065 0.6366 0.5722 0.4984 0.4252 0.3515 0.2804 0.2137 0.1564 0.1092 0 0 0 0 0 0 0 0 0 0 0 0 0 0 1 1 1 1 1 1 1 1 1 1 1 1 1 1 1 1 1 1 1 1 1 .
For maximum weight 3.074: integral relative change: 0
Final weights: 
1 1 1 1 1 1 1 1 1 1 2.784 3.074 2.661 2.24 1.976 1.881 1.801 1.669 1.544 1.453 1.364 1.27 1.186 1.113 1.061 1.016 0.9702 0.9245 0.8754 0.8192 0.7629 0.7065 0.6366 0.5722 0.4984 0.4252 0.3515 0.2804 0.2137 0.1564 0.1092 0 0 0 0 0 0 0 0 0 0 0 0 0 0 1 1 1 1 1 1 1 1 1 1 1 1 1 1 1 1 1 1 1 1 1 .
begin job of lepCalProducer
initializing all the rochester correction objects
initializing the egamma calibrator
Processed  8500000/13778779 entries (elapsed time     0.2s, curr speed   41.667 kHz, avg speed 35416.667 kHz), accepted        1/       1 events (100.00%)
Processed  8510000/13778779 entries (elapsed time    11.2s, curr speed    0.914 kHz, avg speed  761.181 kHz), accepted    10001/   10001 events (100.00%)
Processed  8520000/13778779 entries (elapsed time    22.5s, curr speed    0.880 kHz, avg speed  377.827 kHz), accepted    20001/   20001 events (100.00%)
Processed  8530000/13778779 entries (elapsed time    33.8s, curr speed    0.892 kHz, avg speed  252.666 kHz), accepted    30001/   30001 events (100.00%)
Processed  8540000/13778779 entries (elapsed time    44.8s, curr speed    0.906 kHz, avg speed  190.625 kHz), accepted    40001/   40001 events (100.00%)
Processed  8550000/13778779 entries (elapsed time    55.9s, curr speed    0.904 kHz, avg speed  153.061 kHz), accepted    50001/   50001 events (100.00%)
Processed  8560000/13778779 entries (elapsed time    67.2s, curr speed    0.884 kHz, avg speed  127.438 kHz), accepted    60001/   60001 events (100.00%)
Processed  8570000/13778779 entries (elapsed time    77.5s, curr speed    0.969 kHz, avg speed  110.595 kHz), accepted    70001/   70001 events (100.00%)
Processed  8580000/13778779 entries (elapsed time    86.9s, curr speed    1.066 kHz, avg speed   98.768 kHz), accepted    80001/   80001 events (100.00%)
Processed  8590000/13778779 entries (elapsed time    96.3s, curr speed    1.063 kHz, avg speed   89.219 kHz), accepted    90001/   90001 events (100.00%)
Processed  8600000/13778779 entries (elapsed time   105.7s, curr speed    1.067 kHz, avg speed   81.401 kHz), accepted   100001/  100001 events (100.00%)
Processed  8610000/13778779 entries (elapsed time   115.0s, curr speed    1.071 kHz, avg speed   74.876 kHz), accepted   110001/  110001 events (100.00%)
Processed  8620000/13778779 entries (elapsed time   124.6s, curr speed    1.043 kHz, avg speed   69.192 kHz), accepted   120001/  120001 events (100.00%)
Processed  8630000/13778779 entries (elapsed time   146.4s, curr speed    0.459 kHz, avg speed   58.956 kHz), accepted   130001/  130001 events (100.00%)
Processed  8640000/13778779 entries (elapsed time   155.8s, curr speed    1.063 kHz, avg speed   55.459 kHz), accepted   140001/  140001 events (100.00%)
Processed  8650000/13778779 entries (elapsed time   165.3s, curr speed    1.052 kHz, avg speed   52.329 kHz), accepted   150001/  150001 events (100.00%)
Processed  8660000/13778779 entries (elapsed time   174.8s, curr speed    1.056 kHz, avg speed   49.551 kHz), accepted   160001/  160001 events (100.00%)
Processed  8670000/13778779 entries (elapsed time   184.2s, curr speed    1.060 kHz, avg speed   47.068 kHz), accepted   170001/  170001 events (100.00%)
Processed  8680000/13778779 entries (elapsed time   193.9s, curr speed    1.029 kHz, avg speed   44.761 kHz), accepted   180001/  180001 events (100.00%)
Processed  8690000/13778779 entries (elapsed time   203.5s, curr speed    1.042 kHz, avg speed   42.699 kHz), accepted   190001/  190001 events (100.00%)
Processed  8700000/13778779 entries (elapsed time   225.1s, curr speed    0.463 kHz, avg speed   38.644 kHz), accepted   200001/  200001 events (100.00%)
Processed  8710000/13778779 entries (elapsed time   234.7s, curr speed    1.050 kHz, avg speed   37.119 kHz), accepted   210001/  210001 events (100.00%)
Processed  8720000/13778779 entries (elapsed time   244.1s, curr speed    1.062 kHz, avg speed   35.727 kHz), accepted   220001/  220001 events (100.00%)
Processed  8730000/13778779 entries (elapsed time   253.8s, curr speed    1.031 kHz, avg speed   34.401 kHz), accepted   230001/  230001 events (100.00%)
Processed  8740000/13778779 entries (elapsed time   263.3s, curr speed    1.054 kHz, avg speed   33.199 kHz), accepted   240001/  240001 events (100.00%)
Processed 250000 entries from MY_EOS_SPACE/heppyNtuples/TREES_SingleMuon2016BCDEF_94X/SingleMuon_Run2016B_part5/treeProducerWMass/tree.root, selected 250000 entries
Done MY_EOS_SPACE/heppyNtuples/TREES_SingleMuon2016BCDEF_94X/friends/tree_Friend_SingleMuon_Run2016B_part5.chunk34.root
