i will run the following command
python postproc_batch.py MY_EOS_SPACE/heppyNtuples/TREES_SingleMuon2016BCDEF_94X/ MY_EOS_SPACE/heppyNtuples/TREES_SingleMuon2016BCDEF_94X/friends/ --friend -N 250000 -d SingleMuon_Run2016B_part5 -c 38
   SingleMuon_Run2016B_part5   DATA  56 chunks


I have 1 taks to process
I'm using the following list of modules DEFAULT_MODULES
this is jobs [('SingleMuon_Run2016B_part5', 'MY_EOS_SPACE/heppyNtuples/TREES_SingleMuon2016BCDEF_94X/SingleMuon_Run2016B_part5/treeProducerWMass/tree.root', 26671550.0, '_Friend_SingleMuon_Run2016B_part5.chunk38', True, xrange(9500000, 9750000), 38)]
Modules to run:  []   name =  puWeight
Loading puWeight from CMGTools.WMass.postprocessing.examples.puWeightProducer 
Running on dataset =  SingleMuon_Run2016B_part5
TFile: name=/afs/cern.ch/work/m/mciprian/w_mass_analysis/heppy/rel_slc7/CMSSW_9_4_12/src/CMGTools/WMass/python/postprocessing/data/pileup/pileup_profile_Summer16.root, title=, option=READ
TFile: name=/afs/cern.ch/work/m/mciprian/w_mass_analysis/heppy/rel_slc7/CMSSW_9_4_12/src/CMGTools/WMass/python/postprocessing/data/pileup/PileupData_GoldenJSON_Full2016.root, title=, option=READ
Load C++ Worker
Modules to run:  []   name =  puWeight2016BF
Loading puWeight2016BF from CMGTools.WMass.postprocessing.examples.puWeightProducer 
Running on dataset =  SingleMuon_Run2016B_part5
TFile: name=/afs/cern.ch/work/m/mciprian/w_mass_analysis/heppy/rel_slc7/CMSSW_9_4_12/src/CMGTools/WMass/python/postprocessing/data/pileup/pileup_profile_Summer16.root, title=, option=READ
TFile: name=/afs/cern.ch/work/m/mciprian/w_mass_analysis/heppy/rel_slc7/CMSSW_9_4_12/src/CMGTools/WMass/python/postprocessing/data/pileup/PileupData_GoldenJSON_2016BF.root, title=, option=READ
Modules to run:  []   name =  lepQCDAwayJetAll
Loading lepQCDAwayJetAll from CMGTools.WMass.postprocessing.examples.lepVarProducer 
Running on dataset =  SingleMuon_Run2016B_part5
Modules to run:  []   name =  muCalibratedWithStatVar
Loading muCalibratedWithStatVar from CMGTools.WMass.postprocessing.examples.lepVarProducer 
Running on dataset =  SingleMuon_Run2016B_part5
did not find EnergyScaleCorrection shared object, rebuilding
trying to load all the rochester correction libraries
did not find legacy data roccor. rebuilding...
done building legacy data roccor.
Modules to run:  []   name =  jetAllReCleaner
Loading jetAllReCleaner from CMGTools.WMass.postprocessing.examples.jetReCleaner 
Running on dataset =  SingleMuon_Run2016B_part5
Load C++ Worker
Modules to run:  []   name =  jetReCleaner
Loading jetReCleaner from CMGTools.WMass.postprocessing.examples.jetReCleaner 
Running on dataset =  SingleMuon_Run2016B_part5
Load C++ Worker
Modules to run:  []   name =  genQEDJets
Loading genQEDJets from CMGTools.WMass.postprocessing.examples.genFriendProducer 
Running on dataset =  SingleMuon_Run2016B_part5
Will write selected trees to MY_EOS_SPACE/heppyNtuples/TREES_SingleMuon2016BCDEF_94X/friends/
Normalization of pu_mc: 0.999973
Normalization of pileup: 3.65129e+10
Weights for variable pu_mc with a number of bins equal to 76:
1 1 1 1 1 1 1 1 1 1 1.616 1.923 1.917 1.762 1.611 1.554 1.506 1.414 1.317 1.241 1.169 1.109 1.071 1.04 1.019 1.001 0.9873 0.9825 0.9828 0.9811 0.9811 0.9792 0.9531 0.9274 0.8773 0.8171 0.7432 0.6594 0.5661 0.4725 0.3811 0.2987 0.2215 0.1581 0 0 0 0 0 0 0 0 0 0 0 1 1 1 1 1 1 1 1 1 1 1 1 1 1 1 1 1 1 1 1 1 .
Final weights: 
1 1 1 1 1 1 1 1 1 1 1.616 1.923 1.917 1.762 1.611 1.554 1.506 1.414 1.317 1.241 1.169 1.109 1.071 1.04 1.019 1.001 0.9873 0.9825 0.9828 0.9811 0.9811 0.9792 0.9531 0.9274 0.8773 0.8171 0.7432 0.6594 0.5661 0.4725 0.3811 0.2987 0.2215 0.1581 0 0 0 0 0 0 0 0 0 0 0 1 1 1 1 1 1 1 1 1 1 1 1 1 1 1 1 1 1 1 1 1 .
Normalization of pu_mc: 1
Normalization of pileup: 2.014e+10
Weights for variable pu_mc with a number of bins equal to 76:
1 1 1 1 1 1 1 1 1 1 2.784 3.074 2.661 2.24 1.976 1.881 1.801 1.669 1.544 1.453 1.364 1.27 1.186 1.113 1.061 1.016 0.9702 0.9245 0.8754 0.8192 0.7629 0.7065 0.6366 0.5722 0.4984 0.4252 0.3515 0.2804 0.2137 0.1564 0.1092 0 0 0 0 0 0 0 0 0 0 0 0 0 0 1 1 1 1 1 1 1 1 1 1 1 1 1 1 1 1 1 1 1 1 1 .
For maximum weight 3.074: integral relative change: 0
Final weights: 
1 1 1 1 1 1 1 1 1 1 2.784 3.074 2.661 2.24 1.976 1.881 1.801 1.669 1.544 1.453 1.364 1.27 1.186 1.113 1.061 1.016 0.9702 0.9245 0.8754 0.8192 0.7629 0.7065 0.6366 0.5722 0.4984 0.4252 0.3515 0.2804 0.2137 0.1564 0.1092 0 0 0 0 0 0 0 0 0 0 0 0 0 0 1 1 1 1 1 1 1 1 1 1 1 1 1 1 1 1 1 1 1 1 1 .
begin job of lepCalProducer
initializing all the rochester correction objects
initializing the egamma calibrator
Processed  9500000/13778779 entries (elapsed time     0.2s, curr speed   40.000 kHz, avg speed 38000.000 kHz), accepted        1/       1 events (100.00%)
Processed  9510000/13778779 entries (elapsed time    16.9s, curr speed    0.602 kHz, avg speed  563.723 kHz), accepted    10001/   10001 events (100.00%)
Processed  9520000/13778779 entries (elapsed time    35.0s, curr speed    0.551 kHz, avg speed  271.845 kHz), accepted    20001/   20001 events (100.00%)
Processed  9530000/13778779 entries (elapsed time    53.6s, curr speed    0.538 kHz, avg speed  177.799 kHz), accepted    30001/   30001 events (100.00%)
Processed  9540000/13778779 entries (elapsed time    72.0s, curr speed    0.545 kHz, avg speed  132.592 kHz), accepted    40001/   40001 events (100.00%)
Processed  9550000/13778779 entries (elapsed time    90.6s, curr speed    0.537 kHz, avg speed  105.443 kHz), accepted    50001/   50001 events (100.00%)
Processed  9560000/13778779 entries (elapsed time   108.9s, curr speed    0.545 kHz, avg speed   87.763 kHz), accepted    60001/   60001 events (100.00%)
Processed  9570000/13778779 entries (elapsed time   126.7s, curr speed    0.562 kHz, avg speed   75.515 kHz), accepted    70001/   70001 events (100.00%)
Processed  9580000/13778779 entries (elapsed time   140.7s, curr speed    0.714 kHz, avg speed   68.069 kHz), accepted    80001/   80001 events (100.00%)
Processed  9590000/13778779 entries (elapsed time   155.0s, curr speed    0.699 kHz, avg speed   61.855 kHz), accepted    90001/   90001 events (100.00%)
Processed  9600000/13778779 entries (elapsed time   168.4s, curr speed    0.746 kHz, avg speed   56.990 kHz), accepted   100001/  100001 events (100.00%)
Processed  9610000/13778779 entries (elapsed time   182.2s, curr speed    0.726 kHz, avg speed   52.736 kHz), accepted   110001/  110001 events (100.00%)
Processed  9620000/13778779 entries (elapsed time   196.2s, curr speed    0.717 kHz, avg speed   49.039 kHz), accepted   120001/  120001 events (100.00%)
Processed  9630000/13778779 entries (elapsed time   232.7s, curr speed    0.274 kHz, avg speed   41.389 kHz), accepted   130001/  130001 events (100.00%)
Processed  9640000/13778779 entries (elapsed time   249.6s, curr speed    0.589 kHz, avg speed   38.616 kHz), accepted   140001/  140001 events (100.00%)
Processed  9650000/13778779 entries (elapsed time   264.3s, curr speed    0.683 kHz, avg speed   36.513 kHz), accepted   150001/  150001 events (100.00%)
Processed  9660000/13778779 entries (elapsed time   280.4s, curr speed    0.622 kHz, avg speed   34.453 kHz), accepted   160001/  160001 events (100.00%)
Processed  9670000/13778779 entries (elapsed time   295.5s, curr speed    0.662 kHz, avg speed   32.725 kHz), accepted   170001/  170001 events (100.00%)
Processed  9680000/13778779 entries (elapsed time   311.8s, curr speed    0.612 kHz, avg speed   31.042 kHz), accepted   180001/  180001 events (100.00%)
Processed  9690000/13778779 entries (elapsed time   328.1s, curr speed    0.615 kHz, avg speed   29.534 kHz), accepted   190001/  190001 events (100.00%)
Processed  9700000/13778779 entries (elapsed time   365.1s, curr speed    0.270 kHz, avg speed   26.566 kHz), accepted   200001/  200001 events (100.00%)
Processed  9710000/13778779 entries (elapsed time   380.9s, curr speed    0.635 kHz, avg speed   25.494 kHz), accepted   210001/  210001 events (100.00%)
Processed  9720000/13778779 entries (elapsed time   396.3s, curr speed    0.650 kHz, avg speed   24.529 kHz), accepted   220001/  220001 events (100.00%)
Processed  9730000/13778779 entries (elapsed time   408.3s, curr speed    0.828 kHz, avg speed   23.828 kHz), accepted   230001/  230001 events (100.00%)
Processed  9740000/13778779 entries (elapsed time   419.7s, curr speed    0.881 kHz, avg speed   23.208 kHz), accepted   240001/  240001 events (100.00%)
Processed 250000 entries from MY_EOS_SPACE/heppyNtuples/TREES_SingleMuon2016BCDEF_94X/SingleMuon_Run2016B_part5/treeProducerWMass/tree.root, selected 250000 entries
Done MY_EOS_SPACE/heppyNtuples/TREES_SingleMuon2016BCDEF_94X/friends/tree_Friend_SingleMuon_Run2016B_part5.chunk38.root
