i will run the following command
python postproc_batch.py MY_EOS_SPACE/heppyNtuples/TREES_SingleMuon2016BCDEF_94X/ MY_EOS_SPACE/heppyNtuples/TREES_SingleMuon2016BCDEF_94X/friends/ --friend -N 250000 -d SingleMuon_Run2016B_part1 -c 20
   SingleMuon_Run2016B_part1   DATA  61 chunks


I have 1 taks to process
I'm using the following list of modules DEFAULT_MODULES
this is jobs [('SingleMuon_Run2016B_part1', 'MY_EOS_SPACE/heppyNtuples/TREES_SingleMuon2016BCDEF_94X/SingleMuon_Run2016B_part1/treeProducerWMass/tree.root', 29301548.0, '_Friend_SingleMuon_Run2016B_part1.chunk20', True, xrange(5000000, 5250000), 20)]
Modules to run:  []   name =  puWeight
Loading puWeight from CMGTools.WMass.postprocessing.examples.puWeightProducer 
Running on dataset =  SingleMuon_Run2016B_part1
TFile: name=/afs/cern.ch/work/m/mciprian/w_mass_analysis/heppy/rel_slc7/CMSSW_9_4_12/src/CMGTools/WMass/python/postprocessing/data/pileup/pileup_profile_Summer16.root, title=, option=READ
TFile: name=/afs/cern.ch/work/m/mciprian/w_mass_analysis/heppy/rel_slc7/CMSSW_9_4_12/src/CMGTools/WMass/python/postprocessing/data/pileup/PileupData_GoldenJSON_Full2016.root, title=, option=READ
Load C++ Worker
Modules to run:  []   name =  puWeight2016BF
Loading puWeight2016BF from CMGTools.WMass.postprocessing.examples.puWeightProducer 
Running on dataset =  SingleMuon_Run2016B_part1
TFile: name=/afs/cern.ch/work/m/mciprian/w_mass_analysis/heppy/rel_slc7/CMSSW_9_4_12/src/CMGTools/WMass/python/postprocessing/data/pileup/pileup_profile_Summer16.root, title=, option=READ
TFile: name=/afs/cern.ch/work/m/mciprian/w_mass_analysis/heppy/rel_slc7/CMSSW_9_4_12/src/CMGTools/WMass/python/postprocessing/data/pileup/PileupData_GoldenJSON_2016BF.root, title=, option=READ
Modules to run:  []   name =  lepQCDAwayJetAll
Loading lepQCDAwayJetAll from CMGTools.WMass.postprocessing.examples.lepVarProducer 
Running on dataset =  SingleMuon_Run2016B_part1
Modules to run:  []   name =  muCalibratedWithStatVar
Loading muCalibratedWithStatVar from CMGTools.WMass.postprocessing.examples.lepVarProducer 
Running on dataset =  SingleMuon_Run2016B_part1
did not find EnergyScaleCorrection shared object, rebuilding
trying to load all the rochester correction libraries
did not find legacy data roccor. rebuilding...
done building legacy data roccor.
Modules to run:  []   name =  jetAllReCleaner
Loading jetAllReCleaner from CMGTools.WMass.postprocessing.examples.jetReCleaner 
Running on dataset =  SingleMuon_Run2016B_part1
Load C++ Worker
Modules to run:  []   name =  jetReCleaner
Loading jetReCleaner from CMGTools.WMass.postprocessing.examples.jetReCleaner 
Running on dataset =  SingleMuon_Run2016B_part1
Load C++ Worker
Modules to run:  []   name =  genQEDJets
Loading genQEDJets from CMGTools.WMass.postprocessing.examples.genFriendProducer 
Running on dataset =  SingleMuon_Run2016B_part1
Will write selected trees to MY_EOS_SPACE/heppyNtuples/TREES_SingleMuon2016BCDEF_94X/friends/
Normalization of pu_mc: 0.999973
Normalization of pileup: 3.65129e+10
Weights for variable pu_mc with a number of bins equal to 76:
1 1 1 1 1 1 1 1 1 1 1.616 1.923 1.917 1.762 1.611 1.554 1.506 1.414 1.317 1.241 1.169 1.109 1.071 1.04 1.019 1.001 0.9873 0.9825 0.9828 0.9811 0.9811 0.9792 0.9531 0.9274 0.8773 0.8171 0.7432 0.6594 0.5661 0.4725 0.3811 0.2987 0.2215 0.1581 0 0 0 0 0 0 0 0 0 0 0 1 1 1 1 1 1 1 1 1 1 1 1 1 1 1 1 1 1 1 1 1 .
Final weights: 
1 1 1 1 1 1 1 1 1 1 1.616 1.923 1.917 1.762 1.611 1.554 1.506 1.414 1.317 1.241 1.169 1.109 1.071 1.04 1.019 1.001 0.9873 0.9825 0.9828 0.9811 0.9811 0.9792 0.9531 0.9274 0.8773 0.8171 0.7432 0.6594 0.5661 0.4725 0.3811 0.2987 0.2215 0.1581 0 0 0 0 0 0 0 0 0 0 0 1 1 1 1 1 1 1 1 1 1 1 1 1 1 1 1 1 1 1 1 1 .
Normalization of pu_mc: 1
Normalization of pileup: 2.014e+10
Weights for variable pu_mc with a number of bins equal to 76:
1 1 1 1 1 1 1 1 1 1 2.784 3.074 2.661 2.24 1.976 1.881 1.801 1.669 1.544 1.453 1.364 1.27 1.186 1.113 1.061 1.016 0.9702 0.9245 0.8754 0.8192 0.7629 0.7065 0.6366 0.5722 0.4984 0.4252 0.3515 0.2804 0.2137 0.1564 0.1092 0 0 0 0 0 0 0 0 0 0 0 0 0 0 1 1 1 1 1 1 1 1 1 1 1 1 1 1 1 1 1 1 1 1 1 .
For maximum weight 3.074: integral relative change: 0
Final weights: 
1 1 1 1 1 1 1 1 1 1 2.784 3.074 2.661 2.24 1.976 1.881 1.801 1.669 1.544 1.453 1.364 1.27 1.186 1.113 1.061 1.016 0.9702 0.9245 0.8754 0.8192 0.7629 0.7065 0.6366 0.5722 0.4984 0.4252 0.3515 0.2804 0.2137 0.1564 0.1092 0 0 0 0 0 0 0 0 0 0 0 0 0 0 1 1 1 1 1 1 1 1 1 1 1 1 1 1 1 1 1 1 1 1 1 .
begin job of lepCalProducer
initializing all the rochester correction objects
initializing the egamma calibrator
Processed  5000000/15246249 entries (elapsed time     0.3s, curr speed   35.714 kHz, avg speed 17857.143 kHz), accepted        1/       1 events (100.00%)
Processed  5010000/15246249 entries (elapsed time    18.0s, curr speed    0.563 kHz, avg speed  277.562 kHz), accepted    10001/   10001 events (100.00%)
Processed  5020000/15246249 entries (elapsed time    36.1s, curr speed    0.553 kHz, avg speed  138.943 kHz), accepted    20001/   20001 events (100.00%)
Processed  5030000/15246249 entries (elapsed time    54.5s, curr speed    0.545 kHz, avg speed   92.344 kHz), accepted    30001/   30001 events (100.00%)
Processed  5040000/15246249 entries (elapsed time    72.5s, curr speed    0.554 kHz, avg speed   69.508 kHz), accepted    40001/   40001 events (100.00%)
Processed  5050000/15246249 entries (elapsed time    90.8s, curr speed    0.546 kHz, avg speed   55.592 kHz), accepted    50001/   50001 events (100.00%)
Processed  5060000/15246249 entries (elapsed time   108.4s, curr speed    0.568 kHz, avg speed   46.662 kHz), accepted    60001/   60001 events (100.00%)
Processed  5070000/15246249 entries (elapsed time   125.8s, curr speed    0.578 kHz, avg speed   40.318 kHz), accepted    70001/   70001 events (100.00%)
Processed  5080000/15246249 entries (elapsed time   139.9s, curr speed    0.705 kHz, avg speed   36.301 kHz), accepted    80001/   80001 events (100.00%)
Processed  5090000/15246249 entries (elapsed time   154.3s, curr speed    0.695 kHz, avg speed   32.983 kHz), accepted    90001/   90001 events (100.00%)
Processed  5100000/15246249 entries (elapsed time   167.7s, curr speed    0.746 kHz, avg speed   30.406 kHz), accepted   100001/  100001 events (100.00%)
Processed  5110000/15246249 entries (elapsed time   181.0s, curr speed    0.756 kHz, avg speed   28.238 kHz), accepted   110001/  110001 events (100.00%)
Processed  5120000/15246249 entries (elapsed time   195.5s, curr speed    0.687 kHz, avg speed   26.188 kHz), accepted   120001/  120001 events (100.00%)
Processed  5130000/15246249 entries (elapsed time   232.7s, curr speed    0.269 kHz, avg speed   22.045 kHz), accepted   130001/  130001 events (100.00%)
Processed  5140000/15246249 entries (elapsed time   248.8s, curr speed    0.623 kHz, avg speed   20.662 kHz), accepted   140001/  140001 events (100.00%)
Processed  5150000/15246249 entries (elapsed time   263.0s, curr speed    0.705 kHz, avg speed   19.585 kHz), accepted   150001/  150001 events (100.00%)
Processed  5160000/15246249 entries (elapsed time   278.6s, curr speed    0.637 kHz, avg speed   18.518 kHz), accepted   160001/  160001 events (100.00%)
Processed  5170000/15246249 entries (elapsed time   294.0s, curr speed    0.653 kHz, avg speed   17.587 kHz), accepted   170001/  170001 events (100.00%)
Processed  5180000/15246249 entries (elapsed time   309.3s, curr speed    0.650 kHz, avg speed   16.745 kHz), accepted   180001/  180001 events (100.00%)
Processed  5190000/15246249 entries (elapsed time   324.5s, curr speed    0.660 kHz, avg speed   15.994 kHz), accepted   190001/  190001 events (100.00%)
Processed  5200000/15246249 entries (elapsed time   359.7s, curr speed    0.284 kHz, avg speed   14.457 kHz), accepted   200001/  200001 events (100.00%)
Processed  5210000/15246249 entries (elapsed time   374.2s, curr speed    0.690 kHz, avg speed   13.924 kHz), accepted   210001/  210001 events (100.00%)
Processed  5220000/15246249 entries (elapsed time   389.5s, curr speed    0.652 kHz, avg speed   13.402 kHz), accepted   220001/  220001 events (100.00%)
Processed  5230000/15246249 entries (elapsed time   403.3s, curr speed    0.723 kHz, avg speed   12.967 kHz), accepted   230001/  230001 events (100.00%)
Processed  5240000/15246249 entries (elapsed time   414.7s, curr speed    0.879 kHz, avg speed   12.635 kHz), accepted   240001/  240001 events (100.00%)
Processed 250000 entries from MY_EOS_SPACE/heppyNtuples/TREES_SingleMuon2016BCDEF_94X/SingleMuon_Run2016B_part1/treeProducerWMass/tree.root, selected 250000 entries
Done MY_EOS_SPACE/heppyNtuples/TREES_SingleMuon2016BCDEF_94X/friends/tree_Friend_SingleMuon_Run2016B_part1.chunk20.root
