000 (322910.098.000) 05/10 17:15:23 Job submitted from host: <188.184.95.166:9618?addrs=188.184.95.166-9618+[2001-1458-201-e4--100-7a0]-9618&alias=tbird02.cern.ch&noUDP&sock=schedd_2138722_faad_3>
...
040 (322910.098.000) 05/10 17:16:35 Started transferring input files
	Transferring to host: <128.142.240.13:9618?addrs=128.142.240.13-9618&noUDP&sock=3822_b1d4_9952>
...
040 (322910.098.000) 05/10 17:16:35 Finished transferring input files
...
001 (322910.098.000) 05/10 17:16:36 Job executing on host: <128.142.240.13:9618?addrs=128.142.240.13-9618&noUDP&sock=2675_67ee_3>
...
006 (322910.098.000) 05/10 17:16:45 Image size of job updated: 243044
	161  -  MemoryUsage of job (MB)
	164472  -  ResidentSetSize of job (KB)
...
006 (322910.098.000) 05/10 17:21:45 Image size of job updated: 571884
	475  -  MemoryUsage of job (MB)
	486392  -  ResidentSetSize of job (KB)
...
006 (322910.098.000) 05/10 17:23:07 Image size of job updated: 577928
	475  -  MemoryUsage of job (MB)
	486392  -  ResidentSetSize of job (KB)
...
040 (322910.098.000) 05/10 17:23:07 Started transferring output files
...
040 (322910.098.000) 05/10 17:23:07 Finished transferring output files
...
005 (322910.098.000) 05/10 17:23:07 Job terminated.
	(1) Normal termination (return value 1)
		Usr 0 00:05:39, Sys 0 00:00:39  -  Run Remote Usage
		Usr 0 00:00:00, Sys 0 00:00:00  -  Run Local Usage
		Usr 0 00:05:39, Sys 0 00:00:39  -  Total Remote Usage
		Usr 0 00:00:00, Sys 0 00:00:00  -  Total Local Usage
	15389  -  Run Bytes Sent By Job
	10994  -  Run Bytes Received By Job
	15389  -  Total Bytes Sent By Job
	10994  -  Total Bytes Received By Job
	Partitionable Resources :    Usage  Request Allocated 
	   Cpus                 :     1.03        1         1 
	   Disk (KB)            :    82           1    211049 
	   Memory (MB)          :   475        4000      4000 
...
