i will run the following command
python postproc_batch.py MY_EOS_SPACE/heppyNtuples/TREES_SingleMuon2016BCDEF_94X/ MY_EOS_SPACE/heppyNtuples/TREES_SingleMuon2016BCDEF_94X/friends/ --friend -N 250000 -d SingleMuon_Run2016B_part3 -c 36
   SingleMuon_Run2016B_part3   DATA  64 chunks


I have 1 taks to process
I'm using the following list of modules DEFAULT_MODULES
this is jobs [('SingleMuon_Run2016B_part3', 'MY_EOS_SPACE/heppyNtuples/TREES_SingleMuon2016BCDEF_94X/SingleMuon_Run2016B_part3/treeProducerWMass/tree.root', 30953763.0, '_Friend_SingleMuon_Run2016B_part3.chunk36', True, xrange(9000000, 9250000), 36)]
Modules to run:  []   name =  puWeight
Loading puWeight from CMGTools.WMass.postprocessing.examples.puWeightProducer 
Running on dataset =  SingleMuon_Run2016B_part3
TFile: name=/afs/cern.ch/work/m/mciprian/w_mass_analysis/heppy/rel_slc7/CMSSW_9_4_12/src/CMGTools/WMass/python/postprocessing/data/pileup/pileup_profile_Summer16.root, title=, option=READ
TFile: name=/afs/cern.ch/work/m/mciprian/w_mass_analysis/heppy/rel_slc7/CMSSW_9_4_12/src/CMGTools/WMass/python/postprocessing/data/pileup/PileupData_GoldenJSON_Full2016.root, title=, option=READ
Load C++ Worker
Modules to run:  []   name =  puWeight2016BF
Loading puWeight2016BF from CMGTools.WMass.postprocessing.examples.puWeightProducer 
Running on dataset =  SingleMuon_Run2016B_part3
TFile: name=/afs/cern.ch/work/m/mciprian/w_mass_analysis/heppy/rel_slc7/CMSSW_9_4_12/src/CMGTools/WMass/python/postprocessing/data/pileup/pileup_profile_Summer16.root, title=, option=READ
TFile: name=/afs/cern.ch/work/m/mciprian/w_mass_analysis/heppy/rel_slc7/CMSSW_9_4_12/src/CMGTools/WMass/python/postprocessing/data/pileup/PileupData_GoldenJSON_2016BF.root, title=, option=READ
Modules to run:  []   name =  lepQCDAwayJetAll
Loading lepQCDAwayJetAll from CMGTools.WMass.postprocessing.examples.lepVarProducer 
Running on dataset =  SingleMuon_Run2016B_part3
Modules to run:  []   name =  muCalibratedWithStatVar
Loading muCalibratedWithStatVar from CMGTools.WMass.postprocessing.examples.lepVarProducer 
Running on dataset =  SingleMuon_Run2016B_part3
did not find EnergyScaleCorrection shared object, rebuilding
trying to load all the rochester correction libraries
did not find legacy data roccor. rebuilding...
done building legacy data roccor.
Modules to run:  []   name =  jetAllReCleaner
Loading jetAllReCleaner from CMGTools.WMass.postprocessing.examples.jetReCleaner 
Running on dataset =  SingleMuon_Run2016B_part3
Load C++ Worker
Modules to run:  []   name =  jetReCleaner
Loading jetReCleaner from CMGTools.WMass.postprocessing.examples.jetReCleaner 
Running on dataset =  SingleMuon_Run2016B_part3
Load C++ Worker
Modules to run:  []   name =  genQEDJets
Loading genQEDJets from CMGTools.WMass.postprocessing.examples.genFriendProducer 
Running on dataset =  SingleMuon_Run2016B_part3
Will write selected trees to MY_EOS_SPACE/heppyNtuples/TREES_SingleMuon2016BCDEF_94X/friends/
Normalization of pu_mc: 0.999973
Normalization of pileup: 3.65129e+10
Weights for variable pu_mc with a number of bins equal to 76:
1 1 1 1 1 1 1 1 1 1 1.616 1.923 1.917 1.762 1.611 1.554 1.506 1.414 1.317 1.241 1.169 1.109 1.071 1.04 1.019 1.001 0.9873 0.9825 0.9828 0.9811 0.9811 0.9792 0.9531 0.9274 0.8773 0.8171 0.7432 0.6594 0.5661 0.4725 0.3811 0.2987 0.2215 0.1581 0 0 0 0 0 0 0 0 0 0 0 1 1 1 1 1 1 1 1 1 1 1 1 1 1 1 1 1 1 1 1 1 .
Final weights: 
1 1 1 1 1 1 1 1 1 1 1.616 1.923 1.917 1.762 1.611 1.554 1.506 1.414 1.317 1.241 1.169 1.109 1.071 1.04 1.019 1.001 0.9873 0.9825 0.9828 0.9811 0.9811 0.9792 0.9531 0.9274 0.8773 0.8171 0.7432 0.6594 0.5661 0.4725 0.3811 0.2987 0.2215 0.1581 0 0 0 0 0 0 0 0 0 0 0 1 1 1 1 1 1 1 1 1 1 1 1 1 1 1 1 1 1 1 1 1 .
Normalization of pu_mc: 1
Normalization of pileup: 2.014e+10
Weights for variable pu_mc with a number of bins equal to 76:
1 1 1 1 1 1 1 1 1 1 2.784 3.074 2.661 2.24 1.976 1.881 1.801 1.669 1.544 1.453 1.364 1.27 1.186 1.113 1.061 1.016 0.9702 0.9245 0.8754 0.8192 0.7629 0.7065 0.6366 0.5722 0.4984 0.4252 0.3515 0.2804 0.2137 0.1564 0.1092 0 0 0 0 0 0 0 0 0 0 0 0 0 0 1 1 1 1 1 1 1 1 1 1 1 1 1 1 1 1 1 1 1 1 1 .
For maximum weight 3.074: integral relative change: 0
Final weights: 
1 1 1 1 1 1 1 1 1 1 2.784 3.074 2.661 2.24 1.976 1.881 1.801 1.669 1.544 1.453 1.364 1.27 1.186 1.113 1.061 1.016 0.9702 0.9245 0.8754 0.8192 0.7629 0.7065 0.6366 0.5722 0.4984 0.4252 0.3515 0.2804 0.2137 0.1564 0.1092 0 0 0 0 0 0 0 0 0 0 0 0 0 0 1 1 1 1 1 1 1 1 1 1 1 1 1 1 1 1 1 1 1 1 1 .
begin job of lepCalProducer
initializing all the rochester correction objects
initializing the egamma calibrator
Processed  9000000/15930545 entries (elapsed time     0.3s, curr speed   34.483 kHz, avg speed 31034.483 kHz), accepted        1/       1 events (100.00%)
Processed  9010000/15930545 entries (elapsed time    13.6s, curr speed    0.751 kHz, avg speed  662.013 kHz), accepted    10001/   10001 events (100.00%)
Processed  9020000/15930545 entries (elapsed time    27.5s, curr speed    0.717 kHz, avg speed  327.405 kHz), accepted    20001/   20001 events (100.00%)
Processed  9030000/15930545 entries (elapsed time    41.8s, curr speed    0.703 kHz, avg speed  216.132 kHz), accepted    30001/   30001 events (100.00%)
Processed  9040000/15930545 entries (elapsed time    56.3s, curr speed    0.687 kHz, avg speed  160.454 kHz), accepted    40001/   40001 events (100.00%)
Processed  9050000/15930545 entries (elapsed time    71.8s, curr speed    0.648 kHz, avg speed  126.097 kHz), accepted    50001/   50001 events (100.00%)
Processed  9060000/15930545 entries (elapsed time    86.5s, curr speed    0.681 kHz, avg speed  104.800 kHz), accepted    60001/   60001 events (100.00%)
Processed  9070000/15930545 entries (elapsed time   100.2s, curr speed    0.729 kHz, avg speed   90.546 kHz), accepted    70001/   70001 events (100.00%)
Processed  9080000/15930545 entries (elapsed time   112.2s, curr speed    0.830 kHz, avg speed   80.912 kHz), accepted    80001/   80001 events (100.00%)
Processed  9090000/15930545 entries (elapsed time   124.4s, curr speed    0.822 kHz, avg speed   73.077 kHz), accepted    90001/   90001 events (100.00%)
Processed  9100000/15930545 entries (elapsed time   137.2s, curr speed    0.779 kHz, avg speed   66.312 kHz), accepted   100001/  100001 events (100.00%)
Processed  9110000/15930545 entries (elapsed time   149.3s, curr speed    0.825 kHz, avg speed   60.998 kHz), accepted   110001/  110001 events (100.00%)
Processed  9120000/15930545 entries (elapsed time   161.5s, curr speed    0.820 kHz, avg speed   56.453 kHz), accepted   120001/  120001 events (100.00%)
Processed  9130000/15930545 entries (elapsed time   190.1s, curr speed    0.350 kHz, avg speed   48.015 kHz), accepted   130001/  130001 events (100.00%)
Processed  9140000/15930545 entries (elapsed time   202.3s, curr speed    0.821 kHz, avg speed   45.174 kHz), accepted   140001/  140001 events (100.00%)
Processed  9150000/15930545 entries (elapsed time   214.3s, curr speed    0.838 kHz, avg speed   42.703 kHz), accepted   150001/  150001 events (100.00%)
Processed  9160000/15930545 entries (elapsed time   226.2s, curr speed    0.838 kHz, avg speed   40.495 kHz), accepted   160001/  160001 events (100.00%)
Processed  9170000/15930545 entries (elapsed time   238.0s, curr speed    0.844 kHz, avg speed   38.521 kHz), accepted   170001/  170001 events (100.00%)
Processed  9180000/15930545 entries (elapsed time   251.1s, curr speed    0.768 kHz, avg speed   36.564 kHz), accepted   180001/  180001 events (100.00%)
Processed  9190000/15930545 entries (elapsed time   263.3s, curr speed    0.816 kHz, avg speed   34.901 kHz), accepted   190001/  190001 events (100.00%)
Processed  9200000/15930545 entries (elapsed time   291.3s, curr speed    0.357 kHz, avg speed   31.583 kHz), accepted   200001/  200001 events (100.00%)
Processed  9210000/15930545 entries (elapsed time   303.6s, curr speed    0.814 kHz, avg speed   30.338 kHz), accepted   210001/  210001 events (100.00%)
Processed  9220000/15930545 entries (elapsed time   315.9s, curr speed    0.813 kHz, avg speed   29.188 kHz), accepted   220001/  220001 events (100.00%)
Processed  9230000/15930545 entries (elapsed time   327.8s, curr speed    0.837 kHz, avg speed   28.155 kHz), accepted   230001/  230001 events (100.00%)
Processed  9240000/15930545 entries (elapsed time   339.9s, curr speed    0.829 kHz, avg speed   27.184 kHz), accepted   240001/  240001 events (100.00%)
Processed 250000 entries from MY_EOS_SPACE/heppyNtuples/TREES_SingleMuon2016BCDEF_94X/SingleMuon_Run2016B_part3/treeProducerWMass/tree.root, selected 250000 entries
Done MY_EOS_SPACE/heppyNtuples/TREES_SingleMuon2016BCDEF_94X/friends/tree_Friend_SingleMuon_Run2016B_part3.chunk36.root
