000 (322910.069.000) 05/10 17:15:23 Job submitted from host: <188.184.95.166:9618?addrs=188.184.95.166-9618+[2001-1458-201-e4--100-7a0]-9618&alias=tbird02.cern.ch&noUDP&sock=schedd_2138722_faad_3>
...
040 (322910.069.000) 05/10 17:16:26 Started transferring input files
	Transferring to host: <188.184.133.236:9618?addrs=188.184.133.236-9618+[2001-1458-301-a0--100-5cd]-9618&noUDP&sock=13610_39e3_103342>
...
040 (322910.069.000) 05/10 17:16:26 Finished transferring input files
...
001 (322910.069.000) 05/10 17:16:27 Job executing on host: <188.184.133.236:9618?addrs=188.184.133.236-9618+[2001-1458-301-a0--100-5cd]-9618&noUDP&sock=13437_3e2a_3>
...
006 (322910.069.000) 05/10 17:16:35 Image size of job updated: 313240
	223  -  MemoryUsage of job (MB)
	228216  -  ResidentSetSize of job (KB)
...
006 (322910.069.000) 05/10 17:21:35 Image size of job updated: 578384
	482  -  MemoryUsage of job (MB)
	492888  -  ResidentSetSize of job (KB)
...
040 (322910.069.000) 05/10 17:21:44 Started transferring output files
...
040 (322910.069.000) 05/10 17:21:44 Finished transferring output files
...
005 (322910.069.000) 05/10 17:21:44 Job terminated.
	(1) Normal termination (return value 1)
		Usr 0 00:04:40, Sys 0 00:00:35  -  Run Remote Usage
		Usr 0 00:00:00, Sys 0 00:00:00  -  Run Local Usage
		Usr 0 00:04:40, Sys 0 00:00:35  -  Total Remote Usage
		Usr 0 00:00:00, Sys 0 00:00:00  -  Total Local Usage
	9713  -  Run Bytes Sent By Job
	10994  -  Run Bytes Received By Job
	9713  -  Total Bytes Sent By Job
	10994  -  Total Bytes Received By Job
	Partitionable Resources :    Usage  Request Allocated 
	   Cpus                 :                 1           
	   Disk (KB)            :       72        1   2151905 
	   Memory (MB)          :      482     4000      4000 
...
