000 (322910.107.000) 05/10 17:15:23 Job submitted from host: <188.184.95.166:9618?addrs=188.184.95.166-9618+[2001-1458-201-e4--100-7a0]-9618&alias=tbird02.cern.ch&noUDP&sock=schedd_2138722_faad_3>
...
040 (322910.107.000) 05/10 17:16:42 Started transferring input files
	Transferring to host: <128.142.240.56:9618?addrs=128.142.240.56-9618+[2001-1458-301-f9--100-3e]-9618&noUDP&sock=4049_a2fe_126051>
...
040 (322910.107.000) 05/10 17:16:42 Finished transferring input files
...
001 (322910.107.000) 05/10 17:16:43 Job executing on host: <128.142.240.56:9618?addrs=128.142.240.56-9618+[2001-1458-301-f9--100-3e]-9618&noUDP&sock=2356_9938_3>
...
006 (322910.107.000) 05/10 17:16:52 Image size of job updated: 195940
	116  -  MemoryUsage of job (MB)
	118340  -  ResidentSetSize of job (KB)
...
006 (322910.107.000) 05/10 17:21:52 Image size of job updated: 575732
	479  -  MemoryUsage of job (MB)
	490236  -  ResidentSetSize of job (KB)
...
006 (322910.107.000) 05/10 17:22:55 Image size of job updated: 577676
	479  -  MemoryUsage of job (MB)
	490236  -  ResidentSetSize of job (KB)
...
040 (322910.107.000) 05/10 17:22:55 Started transferring output files
...
040 (322910.107.000) 05/10 17:22:55 Finished transferring output files
...
005 (322910.107.000) 05/10 17:22:55 Job terminated.
	(1) Normal termination (return value 1)
		Usr 0 00:05:28, Sys 0 00:00:36  -  Run Remote Usage
		Usr 0 00:00:00, Sys 0 00:00:00  -  Run Local Usage
		Usr 0 00:05:28, Sys 0 00:00:36  -  Total Remote Usage
		Usr 0 00:00:00, Sys 0 00:00:00  -  Total Local Usage
	9713  -  Run Bytes Sent By Job
	10994  -  Run Bytes Received By Job
	9713  -  Total Bytes Sent By Job
	10994  -  Total Bytes Received By Job
	Partitionable Resources :    Usage  Request Allocated 
	   Cpus                 :                 1           
	   Disk (KB)            :       72        1   2148184 
	   Memory (MB)          :      479     4000      4000 
...
