i will run the following command
python postproc_batch.py MY_EOS_SPACE/heppyNtuples/TREES_SingleMuon2016BCDEF_94X/ MY_EOS_SPACE/heppyNtuples/TREES_SingleMuon2016BCDEF_94X/friends/ --friend -N 250000 -d SingleMuon_Run2016B_part1 -c 12
   SingleMuon_Run2016B_part1   DATA  61 chunks


I have 1 taks to process
I'm using the following list of modules DEFAULT_MODULES
this is jobs [('SingleMuon_Run2016B_part1', 'MY_EOS_SPACE/heppyNtuples/TREES_SingleMuon2016BCDEF_94X/SingleMuon_Run2016B_part1/treeProducerWMass/tree.root', 29301548.0, '_Friend_SingleMuon_Run2016B_part1.chunk12', True, xrange(3000000, 3250000), 12)]
Modules to run:  []   name =  puWeight
Loading puWeight from CMGTools.WMass.postprocessing.examples.puWeightProducer 
Running on dataset =  SingleMuon_Run2016B_part1
TFile: name=/afs/cern.ch/work/m/mciprian/w_mass_analysis/heppy/rel_slc7/CMSSW_9_4_12/src/CMGTools/WMass/python/postprocessing/data/pileup/pileup_profile_Summer16.root, title=, option=READ
TFile: name=/afs/cern.ch/work/m/mciprian/w_mass_analysis/heppy/rel_slc7/CMSSW_9_4_12/src/CMGTools/WMass/python/postprocessing/data/pileup/PileupData_GoldenJSON_Full2016.root, title=, option=READ
Load C++ Worker
Modules to run:  []   name =  puWeight2016BF
Loading puWeight2016BF from CMGTools.WMass.postprocessing.examples.puWeightProducer 
Running on dataset =  SingleMuon_Run2016B_part1
TFile: name=/afs/cern.ch/work/m/mciprian/w_mass_analysis/heppy/rel_slc7/CMSSW_9_4_12/src/CMGTools/WMass/python/postprocessing/data/pileup/pileup_profile_Summer16.root, title=, option=READ
TFile: name=/afs/cern.ch/work/m/mciprian/w_mass_analysis/heppy/rel_slc7/CMSSW_9_4_12/src/CMGTools/WMass/python/postprocessing/data/pileup/PileupData_GoldenJSON_2016BF.root, title=, option=READ
Modules to run:  []   name =  lepQCDAwayJetAll
Loading lepQCDAwayJetAll from CMGTools.WMass.postprocessing.examples.lepVarProducer 
Running on dataset =  SingleMuon_Run2016B_part1
Modules to run:  []   name =  muCalibratedWithStatVar
Loading muCalibratedWithStatVar from CMGTools.WMass.postprocessing.examples.lepVarProducer 
Running on dataset =  SingleMuon_Run2016B_part1
did not find EnergyScaleCorrection shared object, rebuilding
trying to load all the rochester correction libraries
did not find legacy data roccor. rebuilding...
done building legacy data roccor.
Modules to run:  []   name =  jetAllReCleaner
Loading jetAllReCleaner from CMGTools.WMass.postprocessing.examples.jetReCleaner 
Running on dataset =  SingleMuon_Run2016B_part1
Load C++ Worker
Modules to run:  []   name =  jetReCleaner
Loading jetReCleaner from CMGTools.WMass.postprocessing.examples.jetReCleaner 
Running on dataset =  SingleMuon_Run2016B_part1
Load C++ Worker
Modules to run:  []   name =  genQEDJets
Loading genQEDJets from CMGTools.WMass.postprocessing.examples.genFriendProducer 
Running on dataset =  SingleMuon_Run2016B_part1
Will write selected trees to MY_EOS_SPACE/heppyNtuples/TREES_SingleMuon2016BCDEF_94X/friends/
Normalization of pu_mc: 0.999973
Normalization of pileup: 3.65129e+10
Weights for variable pu_mc with a number of bins equal to 76:
1 1 1 1 1 1 1 1 1 1 1.616 1.923 1.917 1.762 1.611 1.554 1.506 1.414 1.317 1.241 1.169 1.109 1.071 1.04 1.019 1.001 0.9873 0.9825 0.9828 0.9811 0.9811 0.9792 0.9531 0.9274 0.8773 0.8171 0.7432 0.6594 0.5661 0.4725 0.3811 0.2987 0.2215 0.1581 0 0 0 0 0 0 0 0 0 0 0 1 1 1 1 1 1 1 1 1 1 1 1 1 1 1 1 1 1 1 1 1 .
Final weights: 
1 1 1 1 1 1 1 1 1 1 1.616 1.923 1.917 1.762 1.611 1.554 1.506 1.414 1.317 1.241 1.169 1.109 1.071 1.04 1.019 1.001 0.9873 0.9825 0.9828 0.9811 0.9811 0.9792 0.9531 0.9274 0.8773 0.8171 0.7432 0.6594 0.5661 0.4725 0.3811 0.2987 0.2215 0.1581 0 0 0 0 0 0 0 0 0 0 0 1 1 1 1 1 1 1 1 1 1 1 1 1 1 1 1 1 1 1 1 1 .
Normalization of pu_mc: 1
Normalization of pileup: 2.014e+10
Weights for variable pu_mc with a number of bins equal to 76:
1 1 1 1 1 1 1 1 1 1 2.784 3.074 2.661 2.24 1.976 1.881 1.801 1.669 1.544 1.453 1.364 1.27 1.186 1.113 1.061 1.016 0.9702 0.9245 0.8754 0.8192 0.7629 0.7065 0.6366 0.5722 0.4984 0.4252 0.3515 0.2804 0.2137 0.1564 0.1092 0 0 0 0 0 0 0 0 0 0 0 0 0 0 1 1 1 1 1 1 1 1 1 1 1 1 1 1 1 1 1 1 1 1 1 .
For maximum weight 3.074: integral relative change: 0
Final weights: 
1 1 1 1 1 1 1 1 1 1 2.784 3.074 2.661 2.24 1.976 1.881 1.801 1.669 1.544 1.453 1.364 1.27 1.186 1.113 1.061 1.016 0.9702 0.9245 0.8754 0.8192 0.7629 0.7065 0.6366 0.5722 0.4984 0.4252 0.3515 0.2804 0.2137 0.1564 0.1092 0 0 0 0 0 0 0 0 0 0 0 0 0 0 1 1 1 1 1 1 1 1 1 1 1 1 1 1 1 1 1 1 1 1 1 .
begin job of lepCalProducer
initializing all the rochester correction objects
initializing the egamma calibrator
Processed  3000000/15246249 entries (elapsed time     0.3s, curr speed   31.250 kHz, avg speed 9375.000 kHz), accepted        1/       1 events (100.00%)
Processed  3010000/15246249 entries (elapsed time    14.0s, curr speed    0.732 kHz, avg speed  215.154 kHz), accepted    10001/   10001 events (100.00%)
Processed  3020000/15246249 entries (elapsed time    29.0s, curr speed    0.666 kHz, avg speed  104.102 kHz), accepted    20001/   20001 events (100.00%)
Processed  3030000/15246249 entries (elapsed time    43.2s, curr speed    0.707 kHz, avg speed   70.204 kHz), accepted    30001/   30001 events (100.00%)
Processed  3040000/15246249 entries (elapsed time    57.4s, curr speed    0.705 kHz, avg speed   53.008 kHz), accepted    40001/   40001 events (100.00%)
Processed  3050000/15246249 entries (elapsed time    71.5s, curr speed    0.707 kHz, avg speed   42.657 kHz), accepted    50001/   50001 events (100.00%)
Processed  3060000/15246249 entries (elapsed time    86.4s, curr speed    0.670 kHz, avg speed   35.408 kHz), accepted    60001/   60001 events (100.00%)
Processed  3070000/15246249 entries (elapsed time    99.6s, curr speed    0.758 kHz, avg speed   30.820 kHz), accepted    70001/   70001 events (100.00%)
Processed  3080000/15246249 entries (elapsed time   111.5s, curr speed    0.838 kHz, avg speed   27.613 kHz), accepted    80001/   80001 events (100.00%)
Processed  3090000/15246249 entries (elapsed time   123.1s, curr speed    0.864 kHz, avg speed   25.097 kHz), accepted    90001/   90001 events (100.00%)
Processed  3100000/15246249 entries (elapsed time   134.8s, curr speed    0.854 kHz, avg speed   22.992 kHz), accepted   100001/  100001 events (100.00%)
Processed  3110000/15246249 entries (elapsed time   147.1s, curr speed    0.812 kHz, avg speed   21.135 kHz), accepted   110001/  110001 events (100.00%)
Processed  3120000/15246249 entries (elapsed time   158.9s, curr speed    0.850 kHz, avg speed   19.633 kHz), accepted   120001/  120001 events (100.00%)
Processed  3130000/15246249 entries (elapsed time   187.1s, curr speed    0.355 kHz, avg speed   16.728 kHz), accepted   130001/  130001 events (100.00%)
Processed  3140000/15246249 entries (elapsed time   199.2s, curr speed    0.828 kHz, avg speed   15.764 kHz), accepted   140001/  140001 events (100.00%)
Processed  3150000/15246249 entries (elapsed time   211.5s, curr speed    0.814 kHz, avg speed   14.896 kHz), accepted   150001/  150001 events (100.00%)
Processed  3160000/15246249 entries (elapsed time   223.7s, curr speed    0.817 kHz, avg speed   14.125 kHz), accepted   160001/  160001 events (100.00%)
Processed  3170000/15246249 entries (elapsed time   236.0s, curr speed    0.816 kHz, avg speed   13.434 kHz), accepted   170001/  170001 events (100.00%)
Processed  3180000/15246249 entries (elapsed time   247.7s, curr speed    0.849 kHz, avg speed   12.836 kHz), accepted   180001/  180001 events (100.00%)
Processed  3190000/15246249 entries (elapsed time   259.6s, curr speed    0.841 kHz, avg speed   12.287 kHz), accepted   190001/  190001 events (100.00%)
Processed  3200000/15246249 entries (elapsed time   287.4s, curr speed    0.360 kHz, avg speed   11.133 kHz), accepted   200001/  200001 events (100.00%)
Processed  3210000/15246249 entries (elapsed time   299.5s, curr speed    0.828 kHz, avg speed   10.717 kHz), accepted   210001/  210001 events (100.00%)
Processed  3220000/15246249 entries (elapsed time   310.8s, curr speed    0.883 kHz, avg speed   10.359 kHz), accepted   220001/  220001 events (100.00%)
Processed  3230000/15246249 entries (elapsed time   322.2s, curr speed    0.880 kHz, avg speed   10.025 kHz), accepted   230001/  230001 events (100.00%)
Processed  3240000/15246249 entries (elapsed time   333.1s, curr speed    0.916 kHz, avg speed    9.726 kHz), accepted   240001/  240001 events (100.00%)
Processed 250000 entries from MY_EOS_SPACE/heppyNtuples/TREES_SingleMuon2016BCDEF_94X/SingleMuon_Run2016B_part1/treeProducerWMass/tree.root, selected 250000 entries
Done MY_EOS_SPACE/heppyNtuples/TREES_SingleMuon2016BCDEF_94X/friends/tree_Friend_SingleMuon_Run2016B_part1.chunk12.root
