000 (322910.102.000) 05/10 17:15:23 Job submitted from host: <188.184.95.166:9618?addrs=188.184.95.166-9618+[2001-1458-201-e4--100-7a0]-9618&alias=tbird02.cern.ch&noUDP&sock=schedd_2138722_faad_3>
...
022 (322910.102.000) 05/10 17:16:37 Job disconnected, attempting to reconnect
    Socket between submit and execute hosts closed unexpectedly
    Trying to reconnect to slot1_1@b7g28n0414.cern.ch <188.184.186.27:9618?addrs=188.184.186.27-9618+[2001-1458-301-f8--100-25]-9618&noUDP&sock=2363_6661_3>
...
024 (322910.102.000) 05/10 17:16:37 Job reconnection failed
    Job not found at execution machine
    Can not reconnect to slot1_1@b7g28n0414.cern.ch, rescheduling job
...
040 (322910.102.000) 05/10 17:19:02 Started transferring input files
	Transferring to host: <188.184.207.129:9618?addrs=188.184.207.129-9618+[2001-1458-301-7d--100-65b]-9618&noUDP&sock=4217_0205_127359>
...
040 (322910.102.000) 05/10 17:19:02 Finished transferring input files
...
001 (322910.102.000) 05/10 17:19:03 Job executing on host: <188.184.207.129:9618?addrs=188.184.207.129-9618+[2001-1458-301-7d--100-65b]-9618&noUDP&sock=2329_1429_3>
...
006 (322910.102.000) 05/10 17:19:12 Image size of job updated: 331704
	243  -  MemoryUsage of job (MB)
	248824  -  ResidentSetSize of job (KB)
...
006 (322910.102.000) 05/10 17:24:13 Image size of job updated: 573804
	480  -  MemoryUsage of job (MB)
	490764  -  ResidentSetSize of job (KB)
...
006 (322910.102.000) 05/10 17:24:29 Image size of job updated: 575784
	480  -  MemoryUsage of job (MB)
	490764  -  ResidentSetSize of job (KB)
...
040 (322910.102.000) 05/10 17:24:29 Started transferring output files
...
040 (322910.102.000) 05/10 17:24:29 Finished transferring output files
...
005 (322910.102.000) 05/10 17:24:29 Job terminated.
	(1) Normal termination (return value 1)
		Usr 0 00:04:47, Sys 0 00:00:35  -  Run Remote Usage
		Usr 0 00:00:00, Sys 0 00:00:00  -  Run Local Usage
		Usr 0 00:04:47, Sys 0 00:00:35  -  Total Remote Usage
		Usr 0 00:00:00, Sys 0 00:00:00  -  Total Local Usage
	9713  -  Run Bytes Sent By Job
	10994  -  Run Bytes Received By Job
	9713  -  Total Bytes Sent By Job
	10994  -  Total Bytes Received By Job
	Partitionable Resources :    Usage  Request Allocated 
	   Cpus                 :                 1           
	   Disk (KB)            :       72        1   2189865 
	   Memory (MB)          :      480     4000      4000 
...
