000 (322910.079.000) 05/10 17:15:23 Job submitted from host: <188.184.95.166:9618?addrs=188.184.95.166-9618+[2001-1458-201-e4--100-7a0]-9618&alias=tbird02.cern.ch&noUDP&sock=schedd_2138722_faad_3>
...
040 (322910.079.000) 05/10 17:16:28 Started transferring input files
	Transferring to host: <128.142.240.52:9618?addrs=128.142.240.52-9618+[2001-1458-301-f9--100-5]-9618&noUDP&sock=4209_5f04_127610>
...
040 (322910.079.000) 05/10 17:16:28 Finished transferring input files
...
001 (322910.079.000) 05/10 17:16:29 Job executing on host: <128.142.240.52:9618?addrs=128.142.240.52-9618+[2001-1458-301-f9--100-5]-9618&noUDP&sock=2340_9fb4_3>
...
006 (322910.079.000) 05/10 17:16:38 Image size of job updated: 267520
	245  -  MemoryUsage of job (MB)
	249972  -  ResidentSetSize of job (KB)
...
006 (322910.079.000) 05/10 17:21:39 Image size of job updated: 508116
	480  -  MemoryUsage of job (MB)
	490556  -  ResidentSetSize of job (KB)
...
006 (322910.079.000) 05/10 17:22:22 Image size of job updated: 903284
	480  -  MemoryUsage of job (MB)
	490556  -  ResidentSetSize of job (KB)
...
040 (322910.079.000) 05/10 17:22:22 Started transferring output files
...
040 (322910.079.000) 05/10 17:22:22 Finished transferring output files
...
005 (322910.079.000) 05/10 17:22:22 Job terminated.
	(1) Normal termination (return value 1)
		Usr 0 00:05:14, Sys 0 00:00:34  -  Run Remote Usage
		Usr 0 00:00:00, Sys 0 00:00:00  -  Run Local Usage
		Usr 0 00:05:14, Sys 0 00:00:34  -  Total Remote Usage
		Usr 0 00:00:00, Sys 0 00:00:00  -  Total Local Usage
	9713  -  Run Bytes Sent By Job
	10994  -  Run Bytes Received By Job
	9713  -  Total Bytes Sent By Job
	10994  -  Total Bytes Received By Job
	Partitionable Resources :    Usage  Request Allocated 
	   Cpus                 :                 1           
	   Disk (KB)            :       72        1   2137796 
	   Memory (MB)          :      480     4000      4000 
...
