000 (322910.111.000) 05/10 17:15:23 Job submitted from host: <188.184.95.166:9618?addrs=188.184.95.166-9618+[2001-1458-201-e4--100-7a0]-9618&alias=tbird02.cern.ch&noUDP&sock=schedd_2138722_faad_3>
...
040 (322910.111.000) 05/10 17:16:41 Started transferring input files
	Transferring to host: <188.184.133.246:9618?addrs=188.184.133.246-9618+[2001-1458-301-a0--100-425]-9618&noUDP&sock=13638_f464_101815>
...
040 (322910.111.000) 05/10 17:16:41 Finished transferring input files
...
001 (322910.111.000) 05/10 17:16:42 Job executing on host: <188.184.133.246:9618?addrs=188.184.133.246-9618+[2001-1458-301-a0--100-425]-9618&noUDP&sock=13415_2715_3>
...
006 (322910.111.000) 05/10 17:16:50 Image size of job updated: 264052
	181  -  MemoryUsage of job (MB)
	185028  -  ResidentSetSize of job (KB)
...
006 (322910.111.000) 05/10 17:21:50 Image size of job updated: 576540
	480  -  MemoryUsage of job (MB)
	491040  -  ResidentSetSize of job (KB)
...
040 (322910.111.000) 05/10 17:22:55 Started transferring output files
...
040 (322910.111.000) 05/10 17:22:55 Finished transferring output files
...
005 (322910.111.000) 05/10 17:22:55 Job terminated.
	(1) Normal termination (return value 1)
		Usr 0 00:05:32, Sys 0 00:00:34  -  Run Remote Usage
		Usr 0 00:00:00, Sys 0 00:00:00  -  Run Local Usage
		Usr 0 00:05:32, Sys 0 00:00:34  -  Total Remote Usage
		Usr 0 00:00:00, Sys 0 00:00:00  -  Total Local Usage
	9713  -  Run Bytes Sent By Job
	10994  -  Run Bytes Received By Job
	9713  -  Total Bytes Sent By Job
	10994  -  Total Bytes Received By Job
	Partitionable Resources :    Usage  Request Allocated 
	   Cpus                 :                 1           
	   Disk (KB)            :       72        1   2103953 
	   Memory (MB)          :      480     4000      4000 
...
