i will run the following command
python postproc_batch.py MY_EOS_SPACE/heppyNtuples/TREES_SingleMuon2016BCDEF_94X/ MY_EOS_SPACE/heppyNtuples/TREES_SingleMuon2016BCDEF_94X/friends/ --friend -N 250000 -d SingleMuon_Run2016B_part3 -c 44
   SingleMuon_Run2016B_part3   DATA  64 chunks


I have 1 taks to process
I'm using the following list of modules DEFAULT_MODULES
this is jobs [('SingleMuon_Run2016B_part3', 'MY_EOS_SPACE/heppyNtuples/TREES_SingleMuon2016BCDEF_94X/SingleMuon_Run2016B_part3/treeProducerWMass/tree.root', 30953763.0, '_Friend_SingleMuon_Run2016B_part3.chunk44', True, xrange(11000000, 11250000), 44)]
Modules to run:  []   name =  puWeight
Loading puWeight from CMGTools.WMass.postprocessing.examples.puWeightProducer 
Running on dataset =  SingleMuon_Run2016B_part3
TFile: name=/afs/cern.ch/work/m/mciprian/w_mass_analysis/heppy/rel_slc7/CMSSW_9_4_12/src/CMGTools/WMass/python/postprocessing/data/pileup/pileup_profile_Summer16.root, title=, option=READ
TFile: name=/afs/cern.ch/work/m/mciprian/w_mass_analysis/heppy/rel_slc7/CMSSW_9_4_12/src/CMGTools/WMass/python/postprocessing/data/pileup/PileupData_GoldenJSON_Full2016.root, title=, option=READ
Load C++ Worker
Modules to run:  []   name =  puWeight2016BF
Loading puWeight2016BF from CMGTools.WMass.postprocessing.examples.puWeightProducer 
Running on dataset =  SingleMuon_Run2016B_part3
TFile: name=/afs/cern.ch/work/m/mciprian/w_mass_analysis/heppy/rel_slc7/CMSSW_9_4_12/src/CMGTools/WMass/python/postprocessing/data/pileup/pileup_profile_Summer16.root, title=, option=READ
TFile: name=/afs/cern.ch/work/m/mciprian/w_mass_analysis/heppy/rel_slc7/CMSSW_9_4_12/src/CMGTools/WMass/python/postprocessing/data/pileup/PileupData_GoldenJSON_2016BF.root, title=, option=READ
Modules to run:  []   name =  lepQCDAwayJetAll
Loading lepQCDAwayJetAll from CMGTools.WMass.postprocessing.examples.lepVarProducer 
Running on dataset =  SingleMuon_Run2016B_part3
Modules to run:  []   name =  muCalibratedWithStatVar
Loading muCalibratedWithStatVar from CMGTools.WMass.postprocessing.examples.lepVarProducer 
Running on dataset =  SingleMuon_Run2016B_part3
did not find EnergyScaleCorrection shared object, rebuilding
trying to load all the rochester correction libraries
did not find legacy data roccor. rebuilding...
done building legacy data roccor.
Modules to run:  []   name =  jetAllReCleaner
Loading jetAllReCleaner from CMGTools.WMass.postprocessing.examples.jetReCleaner 
Running on dataset =  SingleMuon_Run2016B_part3
Load C++ Worker
Modules to run:  []   name =  jetReCleaner
Loading jetReCleaner from CMGTools.WMass.postprocessing.examples.jetReCleaner 
Running on dataset =  SingleMuon_Run2016B_part3
Load C++ Worker
Modules to run:  []   name =  genQEDJets
Loading genQEDJets from CMGTools.WMass.postprocessing.examples.genFriendProducer 
Running on dataset =  SingleMuon_Run2016B_part3
Will write selected trees to MY_EOS_SPACE/heppyNtuples/TREES_SingleMuon2016BCDEF_94X/friends/
Normalization of pu_mc: 0.999973
Normalization of pileup: 3.65129e+10
Weights for variable pu_mc with a number of bins equal to 76:
1 1 1 1 1 1 1 1 1 1 1.616 1.923 1.917 1.762 1.611 1.554 1.506 1.414 1.317 1.241 1.169 1.109 1.071 1.04 1.019 1.001 0.9873 0.9825 0.9828 0.9811 0.9811 0.9792 0.9531 0.9274 0.8773 0.8171 0.7432 0.6594 0.5661 0.4725 0.3811 0.2987 0.2215 0.1581 0 0 0 0 0 0 0 0 0 0 0 1 1 1 1 1 1 1 1 1 1 1 1 1 1 1 1 1 1 1 1 1 .
Final weights: 
1 1 1 1 1 1 1 1 1 1 1.616 1.923 1.917 1.762 1.611 1.554 1.506 1.414 1.317 1.241 1.169 1.109 1.071 1.04 1.019 1.001 0.9873 0.9825 0.9828 0.9811 0.9811 0.9792 0.9531 0.9274 0.8773 0.8171 0.7432 0.6594 0.5661 0.4725 0.3811 0.2987 0.2215 0.1581 0 0 0 0 0 0 0 0 0 0 0 1 1 1 1 1 1 1 1 1 1 1 1 1 1 1 1 1 1 1 1 1 .
Normalization of pu_mc: 1
Normalization of pileup: 2.014e+10
Weights for variable pu_mc with a number of bins equal to 76:
1 1 1 1 1 1 1 1 1 1 2.784 3.074 2.661 2.24 1.976 1.881 1.801 1.669 1.544 1.453 1.364 1.27 1.186 1.113 1.061 1.016 0.9702 0.9245 0.8754 0.8192 0.7629 0.7065 0.6366 0.5722 0.4984 0.4252 0.3515 0.2804 0.2137 0.1564 0.1092 0 0 0 0 0 0 0 0 0 0 0 0 0 0 1 1 1 1 1 1 1 1 1 1 1 1 1 1 1 1 1 1 1 1 1 .
For maximum weight 3.074: integral relative change: 0
Final weights: 
1 1 1 1 1 1 1 1 1 1 2.784 3.074 2.661 2.24 1.976 1.881 1.801 1.669 1.544 1.453 1.364 1.27 1.186 1.113 1.061 1.016 0.9702 0.9245 0.8754 0.8192 0.7629 0.7065 0.6366 0.5722 0.4984 0.4252 0.3515 0.2804 0.2137 0.1564 0.1092 0 0 0 0 0 0 0 0 0 0 0 0 0 0 1 1 1 1 1 1 1 1 1 1 1 1 1 1 1 1 1 1 1 1 1 .
begin job of lepCalProducer
initializing all the rochester correction objects
initializing the egamma calibrator
Processed 11000000/15930545 entries (elapsed time     0.2s, curr speed   62.500 kHz, avg speed 68750.000 kHz), accepted        1/       1 events (100.00%)
Processed 11010000/15930545 entries (elapsed time    11.6s, curr speed    0.877 kHz, avg speed  952.422 kHz), accepted    10001/   10001 events (100.00%)
Processed 11020000/15930545 entries (elapsed time    23.4s, curr speed    0.841 kHz, avg speed  469.936 kHz), accepted    20001/   20001 events (100.00%)
Processed 11030000/15930545 entries (elapsed time    35.4s, curr speed    0.835 kHz, avg speed  311.406 kHz), accepted    30001/   30001 events (100.00%)
Processed 11040000/15930545 entries (elapsed time    47.6s, curr speed    0.822 kHz, avg speed  232.030 kHz), accepted    40001/   40001 events (100.00%)
Processed 11050000/15930545 entries (elapsed time    59.5s, curr speed    0.835 kHz, avg speed  185.558 kHz), accepted    50001/   50001 events (100.00%)
Processed 11060000/15930545 entries (elapsed time    71.6s, curr speed    0.831 kHz, avg speed  154.512 kHz), accepted    60001/   60001 events (100.00%)
Processed 11070000/15930545 entries (elapsed time    82.9s, curr speed    0.881 kHz, avg speed  133.486 kHz), accepted    70001/   70001 events (100.00%)
Processed 11080000/15930545 entries (elapsed time    92.8s, curr speed    1.012 kHz, avg speed  119.384 kHz), accepted    80001/   80001 events (100.00%)
Processed 11090000/15930545 entries (elapsed time   102.8s, curr speed    1.005 kHz, avg speed  107.921 kHz), accepted    90001/   90001 events (100.00%)
Processed 11100000/15930545 entries (elapsed time   112.7s, curr speed    1.003 kHz, avg speed   98.465 kHz), accepted   100001/  100001 events (100.00%)
Processed 11110000/15930545 entries (elapsed time   122.6s, curr speed    1.013 kHz, avg speed   90.620 kHz), accepted   110001/  110001 events (100.00%)
Processed 11120000/15930545 entries (elapsed time   132.4s, curr speed    1.020 kHz, avg speed   83.988 kHz), accepted   120001/  120001 events (100.00%)
Processed 11130000/15930545 entries (elapsed time   156.1s, curr speed    0.421 kHz, avg speed   71.287 kHz), accepted   130001/  130001 events (100.00%)
Processed 11140000/15930545 entries (elapsed time   166.4s, curr speed    0.971 kHz, avg speed   66.935 kHz), accepted   140001/  140001 events (100.00%)
Processed 11150000/15930545 entries (elapsed time   176.8s, curr speed    0.963 kHz, avg speed   63.062 kHz), accepted   150001/  150001 events (100.00%)
Processed 11160000/15930545 entries (elapsed time   187.1s, curr speed    0.972 kHz, avg speed   59.647 kHz), accepted   160001/  160001 events (100.00%)
Processed 11170000/15930545 entries (elapsed time   197.4s, curr speed    0.969 kHz, avg speed   56.580 kHz), accepted   170001/  170001 events (100.00%)
Processed 11180000/15930545 entries (elapsed time   207.7s, curr speed    0.973 kHz, avg speed   53.828 kHz), accepted   180001/  180001 events (100.00%)
Processed 11190000/15930545 entries (elapsed time   217.9s, curr speed    0.982 kHz, avg speed   51.359 kHz), accepted   190001/  190001 events (100.00%)
Processed 11200000/15930545 entries (elapsed time   241.7s, curr speed    0.420 kHz, avg speed   46.344 kHz), accepted   200001/  200001 events (100.00%)
Processed 11210000/15930545 entries (elapsed time   251.8s, curr speed    0.989 kHz, avg speed   44.523 kHz), accepted   210001/  210001 events (100.00%)
Processed 11220000/15930545 entries (elapsed time   261.7s, curr speed    1.008 kHz, avg speed   42.874 kHz), accepted   220001/  220001 events (100.00%)
Processed 11230000/15930545 entries (elapsed time   271.7s, curr speed    0.997 kHz, avg speed   41.328 kHz), accepted   230001/  230001 events (100.00%)
Processed 11240000/15930545 entries (elapsed time   282.4s, curr speed    0.940 kHz, avg speed   39.806 kHz), accepted   240001/  240001 events (100.00%)
Processed 250000 entries from MY_EOS_SPACE/heppyNtuples/TREES_SingleMuon2016BCDEF_94X/SingleMuon_Run2016B_part3/treeProducerWMass/tree.root, selected 250000 entries
Done MY_EOS_SPACE/heppyNtuples/TREES_SingleMuon2016BCDEF_94X/friends/tree_Friend_SingleMuon_Run2016B_part3.chunk44.root
