000 (322910.051.000) 05/10 17:15:23 Job submitted from host: <188.184.95.166:9618?addrs=188.184.95.166-9618+[2001-1458-201-e4--100-7a0]-9618&alias=tbird02.cern.ch&noUDP&sock=schedd_2138722_faad_3>
...
040 (322910.051.000) 05/10 17:16:18 Started transferring input files
	Transferring to host: <188.184.133.252:9618?addrs=188.184.133.252-9618+[2001-1458-301-a0--100-22c]-9618&noUDP&sock=13605_b402_102617>
...
040 (322910.051.000) 05/10 17:16:18 Finished transferring input files
...
001 (322910.051.000) 05/10 17:16:19 Job executing on host: <188.184.133.252:9618?addrs=188.184.133.252-9618+[2001-1458-301-a0--100-22c]-9618&noUDP&sock=13418_35dd_3>
...
006 (322910.051.000) 05/10 17:16:28 Image size of job updated: 333980
	243  -  MemoryUsage of job (MB)
	248656  -  ResidentSetSize of job (KB)
...
006 (322910.051.000) 05/10 17:21:28 Image size of job updated: 575960
	479  -  MemoryUsage of job (MB)
	490468  -  ResidentSetSize of job (KB)
...
040 (322910.051.000) 05/10 17:21:36 Started transferring output files
...
040 (322910.051.000) 05/10 17:21:36 Finished transferring output files
...
005 (322910.051.000) 05/10 17:21:36 Job terminated.
	(1) Normal termination (return value 1)
		Usr 0 00:04:39, Sys 0 00:00:34  -  Run Remote Usage
		Usr 0 00:00:00, Sys 0 00:00:00  -  Run Local Usage
		Usr 0 00:04:39, Sys 0 00:00:34  -  Total Remote Usage
		Usr 0 00:00:00, Sys 0 00:00:00  -  Total Local Usage
	9711  -  Run Bytes Sent By Job
	10994  -  Run Bytes Received By Job
	9711  -  Total Bytes Sent By Job
	10994  -  Total Bytes Received By Job
	Partitionable Resources :    Usage  Request Allocated 
	   Cpus                 :                 1           
	   Disk (KB)            :       72        1   2111534 
	   Memory (MB)          :      479     4000      4000 
...
