000 (322910.052.000) 05/10 17:15:23 Job submitted from host: <188.184.95.166:9618?addrs=188.184.95.166-9618+[2001-1458-201-e4--100-7a0]-9618&alias=tbird02.cern.ch&noUDP&sock=schedd_2138722_faad_3>
...
040 (322910.052.000) 05/10 17:16:20 Started transferring input files
	Transferring to host: <188.184.133.235:9618?addrs=188.184.133.235-9618+[2001-1458-301-a0--100-23a]-9618&noUDP&sock=12937_0967_102952>
...
040 (322910.052.000) 05/10 17:16:20 Finished transferring input files
...
001 (322910.052.000) 05/10 17:16:21 Job executing on host: <188.184.133.235:9618?addrs=188.184.133.235-9618+[2001-1458-301-a0--100-23a]-9618&noUDP&sock=12730_4cb5_3>
...
006 (322910.052.000) 05/10 17:16:29 Image size of job updated: 304932
	216  -  MemoryUsage of job (MB)
	220400  -  ResidentSetSize of job (KB)
...
006 (322910.052.000) 05/10 17:21:29 Image size of job updated: 575704
	479  -  MemoryUsage of job (MB)
	490208  -  ResidentSetSize of job (KB)
...
006 (322910.052.000) 05/10 17:21:52 Image size of job updated: 577100
	479  -  MemoryUsage of job (MB)
	490208  -  ResidentSetSize of job (KB)
...
040 (322910.052.000) 05/10 17:21:52 Started transferring output files
...
040 (322910.052.000) 05/10 17:21:53 Finished transferring output files
...
005 (322910.052.000) 05/10 17:21:53 Job terminated.
	(1) Normal termination (return value 1)
		Usr 0 00:04:52, Sys 0 00:00:34  -  Run Remote Usage
		Usr 0 00:00:00, Sys 0 00:00:00  -  Run Local Usage
		Usr 0 00:04:52, Sys 0 00:00:34  -  Total Remote Usage
		Usr 0 00:00:00, Sys 0 00:00:00  -  Total Local Usage
	9711  -  Run Bytes Sent By Job
	10994  -  Run Bytes Received By Job
	9711  -  Total Bytes Sent By Job
	10994  -  Total Bytes Received By Job
	Partitionable Resources :    Usage  Request Allocated 
	   Cpus                 :                 1           
	   Disk (KB)            :       72        1   2154532 
	   Memory (MB)          :      479     4000      4000 
...
