000 (322910.042.000) 05/10 17:15:23 Job submitted from host: <188.184.95.166:9618?addrs=188.184.95.166-9618+[2001-1458-201-e4--100-7a0]-9618&alias=tbird02.cern.ch&noUDP&sock=schedd_2138722_faad_3>
...
040 (322910.042.000) 05/10 17:16:15 Started transferring input files
	Transferring to host: <128.142.240.24:9618?addrs=128.142.240.24-9618+[2001-1458-301-f9--100-19]-9618&noUDP&sock=4034_115d_126783>
...
040 (322910.042.000) 05/10 17:16:15 Finished transferring input files
...
001 (322910.042.000) 05/10 17:16:16 Job executing on host: <128.142.240.24:9618?addrs=128.142.240.24-9618+[2001-1458-301-f9--100-19]-9618&noUDP&sock=2333_d28a_3>
...
006 (322910.042.000) 05/10 17:16:25 Image size of job updated: 118832
	58  -  MemoryUsage of job (MB)
	59280  -  ResidentSetSize of job (KB)
...
006 (322910.042.000) 05/10 17:21:26 Image size of job updated: 575144
	479  -  MemoryUsage of job (MB)
	489656  -  ResidentSetSize of job (KB)
...
006 (322910.042.000) 05/10 17:21:43 Image size of job updated: 577292
	479  -  MemoryUsage of job (MB)
	489656  -  ResidentSetSize of job (KB)
...
040 (322910.042.000) 05/10 17:21:43 Started transferring output files
...
040 (322910.042.000) 05/10 17:21:43 Finished transferring output files
...
005 (322910.042.000) 05/10 17:21:43 Job terminated.
	(1) Normal termination (return value 1)
		Usr 0 00:04:42, Sys 0 00:00:33  -  Run Remote Usage
		Usr 0 00:00:00, Sys 0 00:00:00  -  Run Local Usage
		Usr 0 00:04:42, Sys 0 00:00:33  -  Total Remote Usage
		Usr 0 00:00:00, Sys 0 00:00:00  -  Total Local Usage
	9711  -  Run Bytes Sent By Job
	10994  -  Run Bytes Received By Job
	9711  -  Total Bytes Sent By Job
	10994  -  Total Bytes Received By Job
	Partitionable Resources :    Usage  Request Allocated 
	   Cpus                 :                 1           
	   Disk (KB)            :       72        1   2131859 
	   Memory (MB)          :      479     4000      4000 
...
