000 (322910.103.000) 05/10 17:15:23 Job submitted from host: <188.184.95.166:9618?addrs=188.184.95.166-9618+[2001-1458-201-e4--100-7a0]-9618&alias=tbird02.cern.ch&noUDP&sock=schedd_2138722_faad_3>
...
040 (322910.103.000) 05/10 17:16:37 Started transferring input files
	Transferring to host: <128.142.33.156:9618?addrs=128.142.33.156-9618+[--1]-9618&noUDP&sock=3227_769c_9191>
...
040 (322910.103.000) 05/10 17:16:37 Finished transferring input files
...
001 (322910.103.000) 05/10 17:16:38 Job executing on host: <128.142.33.156:9618?addrs=128.142.33.156-9618+[--1]-9618&noUDP&sock=2275_0a0c_3>
...
006 (322910.103.000) 05/10 17:16:46 Image size of job updated: 290068
	204  -  MemoryUsage of job (MB)
	208504  -  ResidentSetSize of job (KB)
...
006 (322910.103.000) 05/10 17:21:46 Image size of job updated: 575952
	479  -  MemoryUsage of job (MB)
	490460  -  ResidentSetSize of job (KB)
...
006 (322910.103.000) 05/10 17:22:25 Image size of job updated: 578104
	479  -  MemoryUsage of job (MB)
	490460  -  ResidentSetSize of job (KB)
...
040 (322910.103.000) 05/10 17:22:25 Started transferring output files
...
040 (322910.103.000) 05/10 17:22:25 Finished transferring output files
...
005 (322910.103.000) 05/10 17:22:25 Job terminated.
	(1) Normal termination (return value 1)
		Usr 0 00:04:43, Sys 0 00:00:38  -  Run Remote Usage
		Usr 0 00:00:00, Sys 0 00:00:00  -  Run Local Usage
		Usr 0 00:04:43, Sys 0 00:00:38  -  Total Remote Usage
		Usr 0 00:00:00, Sys 0 00:00:00  -  Total Local Usage
	15021  -  Run Bytes Sent By Job
	10994  -  Run Bytes Received By Job
	15021  -  Total Bytes Sent By Job
	10994  -  Total Bytes Received By Job
	Partitionable Resources :    Usage  Request Allocated 
	   Cpus                 :                 1           
	   Disk (KB)            :       74        1   2162649 
	   Memory (MB)          :      479     4000      4000 
...
