i will run the following command
python postproc_batch.py MY_EOS_SPACE/heppyNtuples/TREES_SingleMuon2016BCDEF_94X/ MY_EOS_SPACE/heppyNtuples/TREES_SingleMuon2016BCDEF_94X/friends/ --friend -N 250000 -d SingleMuon_Run2016B_part1 -c 32
   SingleMuon_Run2016B_part1   DATA  61 chunks


I have 1 taks to process
I'm using the following list of modules DEFAULT_MODULES
this is jobs [('SingleMuon_Run2016B_part1', 'MY_EOS_SPACE/heppyNtuples/TREES_SingleMuon2016BCDEF_94X/SingleMuon_Run2016B_part1/treeProducerWMass/tree.root', 29301548.0, '_Friend_SingleMuon_Run2016B_part1.chunk32', True, xrange(8000000, 8250000), 32)]
Modules to run:  []   name =  puWeight
Loading puWeight from CMGTools.WMass.postprocessing.examples.puWeightProducer 
Running on dataset =  SingleMuon_Run2016B_part1
TFile: name=/afs/cern.ch/work/m/mciprian/w_mass_analysis/heppy/rel_slc7/CMSSW_9_4_12/src/CMGTools/WMass/python/postprocessing/data/pileup/pileup_profile_Summer16.root, title=, option=READ
TFile: name=/afs/cern.ch/work/m/mciprian/w_mass_analysis/heppy/rel_slc7/CMSSW_9_4_12/src/CMGTools/WMass/python/postprocessing/data/pileup/PileupData_GoldenJSON_Full2016.root, title=, option=READ
Load C++ Worker
Modules to run:  []   name =  puWeight2016BF
Loading puWeight2016BF from CMGTools.WMass.postprocessing.examples.puWeightProducer 
Running on dataset =  SingleMuon_Run2016B_part1
TFile: name=/afs/cern.ch/work/m/mciprian/w_mass_analysis/heppy/rel_slc7/CMSSW_9_4_12/src/CMGTools/WMass/python/postprocessing/data/pileup/pileup_profile_Summer16.root, title=, option=READ
TFile: name=/afs/cern.ch/work/m/mciprian/w_mass_analysis/heppy/rel_slc7/CMSSW_9_4_12/src/CMGTools/WMass/python/postprocessing/data/pileup/PileupData_GoldenJSON_2016BF.root, title=, option=READ
Modules to run:  []   name =  lepQCDAwayJetAll
Loading lepQCDAwayJetAll from CMGTools.WMass.postprocessing.examples.lepVarProducer 
Running on dataset =  SingleMuon_Run2016B_part1
Modules to run:  []   name =  muCalibratedWithStatVar
Loading muCalibratedWithStatVar from CMGTools.WMass.postprocessing.examples.lepVarProducer 
Running on dataset =  SingleMuon_Run2016B_part1
did not find EnergyScaleCorrection shared object, rebuilding
trying to load all the rochester correction libraries
did not find legacy data roccor. rebuilding...
done building legacy data roccor.
Modules to run:  []   name =  jetAllReCleaner
Loading jetAllReCleaner from CMGTools.WMass.postprocessing.examples.jetReCleaner 
Running on dataset =  SingleMuon_Run2016B_part1
Load C++ Worker
Modules to run:  []   name =  jetReCleaner
Loading jetReCleaner from CMGTools.WMass.postprocessing.examples.jetReCleaner 
Running on dataset =  SingleMuon_Run2016B_part1
Load C++ Worker
Modules to run:  []   name =  genQEDJets
Loading genQEDJets from CMGTools.WMass.postprocessing.examples.genFriendProducer 
Running on dataset =  SingleMuon_Run2016B_part1
Will write selected trees to MY_EOS_SPACE/heppyNtuples/TREES_SingleMuon2016BCDEF_94X/friends/
Normalization of pu_mc: 0.999973
Normalization of pileup: 3.65129e+10
Weights for variable pu_mc with a number of bins equal to 76:
1 1 1 1 1 1 1 1 1 1 1.616 1.923 1.917 1.762 1.611 1.554 1.506 1.414 1.317 1.241 1.169 1.109 1.071 1.04 1.019 1.001 0.9873 0.9825 0.9828 0.9811 0.9811 0.9792 0.9531 0.9274 0.8773 0.8171 0.7432 0.6594 0.5661 0.4725 0.3811 0.2987 0.2215 0.1581 0 0 0 0 0 0 0 0 0 0 0 1 1 1 1 1 1 1 1 1 1 1 1 1 1 1 1 1 1 1 1 1 .
Final weights: 
1 1 1 1 1 1 1 1 1 1 1.616 1.923 1.917 1.762 1.611 1.554 1.506 1.414 1.317 1.241 1.169 1.109 1.071 1.04 1.019 1.001 0.9873 0.9825 0.9828 0.9811 0.9811 0.9792 0.9531 0.9274 0.8773 0.8171 0.7432 0.6594 0.5661 0.4725 0.3811 0.2987 0.2215 0.1581 0 0 0 0 0 0 0 0 0 0 0 1 1 1 1 1 1 1 1 1 1 1 1 1 1 1 1 1 1 1 1 1 .
Normalization of pu_mc: 1
Normalization of pileup: 2.014e+10
Weights for variable pu_mc with a number of bins equal to 76:
1 1 1 1 1 1 1 1 1 1 2.784 3.074 2.661 2.24 1.976 1.881 1.801 1.669 1.544 1.453 1.364 1.27 1.186 1.113 1.061 1.016 0.9702 0.9245 0.8754 0.8192 0.7629 0.7065 0.6366 0.5722 0.4984 0.4252 0.3515 0.2804 0.2137 0.1564 0.1092 0 0 0 0 0 0 0 0 0 0 0 0 0 0 1 1 1 1 1 1 1 1 1 1 1 1 1 1 1 1 1 1 1 1 1 .
For maximum weight 3.074: integral relative change: 0
Final weights: 
1 1 1 1 1 1 1 1 1 1 2.784 3.074 2.661 2.24 1.976 1.881 1.801 1.669 1.544 1.453 1.364 1.27 1.186 1.113 1.061 1.016 0.9702 0.9245 0.8754 0.8192 0.7629 0.7065 0.6366 0.5722 0.4984 0.4252 0.3515 0.2804 0.2137 0.1564 0.1092 0 0 0 0 0 0 0 0 0 0 0 0 0 0 1 1 1 1 1 1 1 1 1 1 1 1 1 1 1 1 1 1 1 1 1 .
begin job of lepCalProducer
initializing all the rochester correction objects
initializing the egamma calibrator
Processed  8000000/15246249 entries (elapsed time     0.3s, curr speed   35.714 kHz, avg speed 28571.429 kHz), accepted        1/       1 events (100.00%)
Processed  8010000/15246249 entries (elapsed time    13.8s, curr speed    0.741 kHz, avg speed  581.277 kHz), accepted    10001/   10001 events (100.00%)
Processed  8020000/15246249 entries (elapsed time    27.4s, curr speed    0.736 kHz, avg speed  293.129 kHz), accepted    20001/   20001 events (100.00%)
Processed  8030000/15246249 entries (elapsed time    40.5s, curr speed    0.763 kHz, avg speed  198.419 kHz), accepted    30001/   30001 events (100.00%)
Processed  8040000/15246249 entries (elapsed time    53.7s, curr speed    0.758 kHz, avg speed  149.832 kHz), accepted    40001/   40001 events (100.00%)
Processed  8050000/15246249 entries (elapsed time    66.6s, curr speed    0.772 kHz, avg speed  120.835 kHz), accepted    50001/   50001 events (100.00%)
Processed  8060000/15246249 entries (elapsed time    79.9s, curr speed    0.755 kHz, avg speed  100.927 kHz), accepted    60001/   60001 events (100.00%)
Processed  8070000/15246249 entries (elapsed time    92.2s, curr speed    0.807 kHz, avg speed   87.480 kHz), accepted    70001/   70001 events (100.00%)
Processed  8080000/15246249 entries (elapsed time   103.1s, curr speed    0.920 kHz, avg speed   78.355 kHz), accepted    80001/   80001 events (100.00%)
Processed  8090000/15246249 entries (elapsed time   114.1s, curr speed    0.912 kHz, avg speed   70.915 kHz), accepted    90001/   90001 events (100.00%)
Processed  8100000/15246249 entries (elapsed time   125.0s, curr speed    0.912 kHz, avg speed   64.779 kHz), accepted   100001/  100001 events (100.00%)
Processed  8110000/15246249 entries (elapsed time   136.3s, curr speed    0.887 kHz, avg speed   59.492 kHz), accepted   110001/  110001 events (100.00%)
Processed  8120000/15246249 entries (elapsed time   147.4s, curr speed    0.906 kHz, avg speed   55.103 kHz), accepted   120001/  120001 events (100.00%)
Processed  8130000/15246249 entries (elapsed time   172.8s, curr speed    0.393 kHz, avg speed   47.046 kHz), accepted   130001/  130001 events (100.00%)
Processed  8140000/15246249 entries (elapsed time   184.0s, curr speed    0.893 kHz, avg speed   44.237 kHz), accepted   140001/  140001 events (100.00%)
Processed  8150000/15246249 entries (elapsed time   195.4s, curr speed    0.880 kHz, avg speed   41.714 kHz), accepted   150001/  150001 events (100.00%)
Processed  8160000/15246249 entries (elapsed time   206.7s, curr speed    0.887 kHz, avg speed   39.487 kHz), accepted   160001/  160001 events (100.00%)
Processed  8170000/15246249 entries (elapsed time   217.8s, curr speed    0.895 kHz, avg speed   37.508 kHz), accepted   170001/  170001 events (100.00%)
Processed  8180000/15246249 entries (elapsed time   229.0s, curr speed    0.897 kHz, avg speed   35.725 kHz), accepted   180001/  180001 events (100.00%)
Processed  8190000/15246249 entries (elapsed time   240.1s, curr speed    0.896 kHz, avg speed   34.107 kHz), accepted   190001/  190001 events (100.00%)
Processed  8200000/15246249 entries (elapsed time   264.9s, curr speed    0.404 kHz, avg speed   30.960 kHz), accepted   200001/  200001 events (100.00%)
Processed  8210000/15246249 entries (elapsed time   275.9s, curr speed    0.907 kHz, avg speed   29.758 kHz), accepted   210001/  210001 events (100.00%)
Processed  8220000/15246249 entries (elapsed time   287.1s, curr speed    0.889 kHz, avg speed   28.627 kHz), accepted   220001/  220001 events (100.00%)
Processed  8230000/15246249 entries (elapsed time   298.0s, curr speed    0.918 kHz, avg speed   27.615 kHz), accepted   230001/  230001 events (100.00%)
Processed  8240000/15246249 entries (elapsed time   309.2s, curr speed    0.895 kHz, avg speed   26.649 kHz), accepted   240001/  240001 events (100.00%)
Processed 250000 entries from MY_EOS_SPACE/heppyNtuples/TREES_SingleMuon2016BCDEF_94X/SingleMuon_Run2016B_part1/treeProducerWMass/tree.root, selected 250000 entries
Done MY_EOS_SPACE/heppyNtuples/TREES_SingleMuon2016BCDEF_94X/friends/tree_Friend_SingleMuon_Run2016B_part1.chunk32.root
