000 (322910.066.000) 05/10 17:15:23 Job submitted from host: <188.184.95.166:9618?addrs=188.184.95.166-9618+[2001-1458-201-e4--100-7a0]-9618&alias=tbird02.cern.ch&noUDP&sock=schedd_2138722_faad_3>
...
040 (322910.066.000) 05/10 17:16:24 Started transferring input files
	Transferring to host: <128.142.33.155:9618?addrs=128.142.33.155-9618+[2001-1458-301-117--100-30f]-9618&noUDP&sock=3037_9755_101541>
...
040 (322910.066.000) 05/10 17:16:24 Finished transferring input files
...
001 (322910.066.000) 05/10 17:16:25 Job executing on host: <128.142.33.155:9618?addrs=128.142.33.155-9618+[2001-1458-301-117--100-30f]-9618&noUDP&sock=2273_aadb_3>
...
006 (322910.066.000) 05/10 17:16:33 Image size of job updated: 290360
	204  -  MemoryUsage of job (MB)
	208800  -  ResidentSetSize of job (KB)
...
006 (322910.066.000) 05/10 17:21:33 Image size of job updated: 575812
	479  -  MemoryUsage of job (MB)
	490328  -  ResidentSetSize of job (KB)
...
006 (322910.066.000) 05/10 17:22:41 Image size of job updated: 575868
	479  -  MemoryUsage of job (MB)
	490328  -  ResidentSetSize of job (KB)
...
040 (322910.066.000) 05/10 17:22:41 Started transferring output files
...
040 (322910.066.000) 05/10 17:22:41 Finished transferring output files
...
005 (322910.066.000) 05/10 17:22:41 Job terminated.
	(1) Normal termination (return value 1)
		Usr 0 00:05:33, Sys 0 00:00:38  -  Run Remote Usage
		Usr 0 00:00:00, Sys 0 00:00:00  -  Run Local Usage
		Usr 0 00:05:33, Sys 0 00:00:38  -  Total Remote Usage
		Usr 0 00:00:00, Sys 0 00:00:00  -  Total Local Usage
	9712  -  Run Bytes Sent By Job
	10994  -  Run Bytes Received By Job
	9712  -  Total Bytes Sent By Job
	10994  -  Total Bytes Received By Job
	Partitionable Resources :    Usage  Request Allocated 
	   Cpus                 :                 1           
	   Disk (KB)            :       72        1   2126145 
	   Memory (MB)          :      479     4000      4000 
...
