000 (322910.032.000) 05/10 17:15:23 Job submitted from host: <188.184.95.166:9618?addrs=188.184.95.166-9618+[2001-1458-201-e4--100-7a0]-9618&alias=tbird02.cern.ch&noUDP&sock=schedd_2138722_faad_3>
...
022 (322910.032.000) 05/10 17:16:11 Job disconnected, attempting to reconnect
    Socket between submit and execute hosts closed unexpectedly
    Trying to reconnect to slot1_1@b7g28n0314.cern.ch <188.184.132.28:9618?addrs=188.184.132.28-9618+[2001-1458-301-a0--100-d]-9618&noUDP&sock=2282_d735_3>
...
024 (322910.032.000) 05/10 17:16:11 Job reconnection failed
    Job not found at execution machine
    Can not reconnect to slot1_1@b7g28n0314.cern.ch, rescheduling job
...
040 (322910.032.000) 05/10 17:17:15 Started transferring input files
	Transferring to host: <188.184.133.208:9618?addrs=188.184.133.208-9618+[2001-1458-301-a0--100-4df]-9618&noUDP&sock=30501_76b1_18585>
...
040 (322910.032.000) 05/10 17:17:15 Finished transferring input files
...
001 (322910.032.000) 05/10 17:17:16 Job executing on host: <188.184.133.208:9618?addrs=188.184.133.208-9618+[2001-1458-301-a0--100-4df]-9618&noUDP&sock=12853_aadb_3>
...
006 (322910.032.000) 05/10 17:17:25 Image size of job updated: 230248
	223  -  MemoryUsage of job (MB)
	228132  -  ResidentSetSize of job (KB)
...
006 (322910.032.000) 05/10 17:22:26 Image size of job updated: 492156
	479  -  MemoryUsage of job (MB)
	490028  -  ResidentSetSize of job (KB)
...
040 (322910.032.000) 05/10 17:24:55 Started transferring output files
...
040 (322910.032.000) 05/10 17:24:55 Finished transferring output files
...
005 (322910.032.000) 05/10 17:24:55 Job terminated.
	(1) Normal termination (return value 1)
		Usr 0 00:06:43, Sys 0 00:00:40  -  Run Remote Usage
		Usr 0 00:00:00, Sys 0 00:00:00  -  Run Local Usage
		Usr 0 00:06:43, Sys 0 00:00:40  -  Total Remote Usage
		Usr 0 00:00:00, Sys 0 00:00:00  -  Total Local Usage
	9713  -  Run Bytes Sent By Job
	10994  -  Run Bytes Received By Job
	9713  -  Total Bytes Sent By Job
	10994  -  Total Bytes Received By Job
	Partitionable Resources :    Usage  Request Allocated 
	   Cpus                 :     1.00        1         1 
	   Disk (KB)            :    80           1    214966 
	   Memory (MB)          :   479        4000      4000 
...
