000 (322910.050.000) 05/10 17:15:23 Job submitted from host: <188.184.95.166:9618?addrs=188.184.95.166-9618+[2001-1458-201-e4--100-7a0]-9618&alias=tbird02.cern.ch&noUDP&sock=schedd_2138722_faad_3>
...
040 (322910.050.000) 05/10 17:16:18 Started transferring input files
	Transferring to host: <188.184.132.61:9618?addrs=188.184.132.61-9618+[2001-1458-301-a0--100-2e]-9618&noUDP&sock=4175_6a43_126472>
...
040 (322910.050.000) 05/10 17:16:18 Finished transferring input files
...
001 (322910.050.000) 05/10 17:16:20 Job executing on host: <188.184.132.61:9618?addrs=188.184.132.61-9618+[2001-1458-301-a0--100-2e]-9618&noUDP&sock=2427_4c71_3>
...
006 (322910.050.000) 05/10 17:16:28 Image size of job updated: 192804
	114  -  MemoryUsage of job (MB)
	116188  -  ResidentSetSize of job (KB)
...
006 (322910.050.000) 05/10 17:21:28 Image size of job updated: 575924
	479  -  MemoryUsage of job (MB)
	490444  -  ResidentSetSize of job (KB)
...
006 (322910.050.000) 05/10 17:22:43 Image size of job updated: 578088
	479  -  MemoryUsage of job (MB)
	490444  -  ResidentSetSize of job (KB)
...
040 (322910.050.000) 05/10 17:22:43 Started transferring output files
...
040 (322910.050.000) 05/10 17:22:43 Finished transferring output files
...
005 (322910.050.000) 05/10 17:22:43 Job terminated.
	(1) Normal termination (return value 1)
		Usr 0 00:05:37, Sys 0 00:00:34  -  Run Remote Usage
		Usr 0 00:00:00, Sys 0 00:00:00  -  Run Local Usage
		Usr 0 00:05:37, Sys 0 00:00:34  -  Total Remote Usage
		Usr 0 00:00:00, Sys 0 00:00:00  -  Total Local Usage
	9711  -  Run Bytes Sent By Job
	10994  -  Run Bytes Received By Job
	9711  -  Total Bytes Sent By Job
	10994  -  Total Bytes Received By Job
	Partitionable Resources :    Usage  Request Allocated 
	   Cpus                 :                 1           
	   Disk (KB)            :       72        1   2129845 
	   Memory (MB)          :      479     4000      4000 
...
