000 (322910.031.000) 05/10 17:15:23 Job submitted from host: <188.184.95.166:9618?addrs=188.184.95.166-9618+[2001-1458-201-e4--100-7a0]-9618&alias=tbird02.cern.ch&noUDP&sock=schedd_2138722_faad_3>
...
040 (322910.031.000) 05/10 17:16:12 Started transferring input files
	Transferring to host: <188.184.132.15:9618?addrs=188.184.132.15-9618+[2001-1458-301-a0--100-f]-9618&noUDP&sock=4202_7064_126361>
...
040 (322910.031.000) 05/10 17:16:12 Finished transferring input files
...
001 (322910.031.000) 05/10 17:16:13 Job executing on host: <188.184.132.15:9618?addrs=188.184.132.15-9618+[2001-1458-301-a0--100-f]-9618&noUDP&sock=2331_7359_3>
...
006 (322910.031.000) 05/10 17:16:21 Image size of job updated: 271032
	188  -  MemoryUsage of job (MB)
	191788  -  ResidentSetSize of job (KB)
...
006 (322910.031.000) 05/10 17:21:21 Image size of job updated: 575336
	479  -  MemoryUsage of job (MB)
	489852  -  ResidentSetSize of job (KB)
...
006 (322910.031.000) 05/10 17:22:23 Image size of job updated: 575344
	479  -  MemoryUsage of job (MB)
	489852  -  ResidentSetSize of job (KB)
...
040 (322910.031.000) 05/10 17:22:23 Started transferring output files
...
040 (322910.031.000) 05/10 17:22:23 Finished transferring output files
...
005 (322910.031.000) 05/10 17:22:23 Job terminated.
	(1) Normal termination (return value 1)
		Usr 0 00:05:28, Sys 0 00:00:33  -  Run Remote Usage
		Usr 0 00:00:00, Sys 0 00:00:00  -  Run Local Usage
		Usr 0 00:05:28, Sys 0 00:00:33  -  Total Remote Usage
		Usr 0 00:00:00, Sys 0 00:00:00  -  Total Local Usage
	9713  -  Run Bytes Sent By Job
	10994  -  Run Bytes Received By Job
	9713  -  Total Bytes Sent By Job
	10994  -  Total Bytes Received By Job
	Partitionable Resources :    Usage  Request Allocated 
	   Cpus                 :                 1           
	   Disk (KB)            :       72        1   2114157 
	   Memory (MB)          :      479     4000      4000 
...
