000 (322910.049.000) 05/10 17:15:23 Job submitted from host: <188.184.95.166:9618?addrs=188.184.95.166-9618+[2001-1458-201-e4--100-7a0]-9618&alias=tbird02.cern.ch&noUDP&sock=schedd_2138722_faad_3>
...
040 (322910.049.000) 05/10 17:16:19 Started transferring input files
	Transferring to host: <188.184.133.231:9618?addrs=188.184.133.231-9618+[2001-1458-301-a0--100-396]-9618&noUDP&sock=12972_b289_102202>
...
040 (322910.049.000) 05/10 17:16:19 Finished transferring input files
...
001 (322910.049.000) 05/10 17:16:20 Job executing on host: <188.184.133.231:9618?addrs=188.184.133.231-9618+[2001-1458-301-a0--100-396]-9618&noUDP&sock=12765_4e85_3>
...
006 (322910.049.000) 05/10 17:16:29 Image size of job updated: 304880
	216  -  MemoryUsage of job (MB)
	220360  -  ResidentSetSize of job (KB)
...
006 (322910.049.000) 05/10 17:21:29 Image size of job updated: 575972
	479  -  MemoryUsage of job (MB)
	490488  -  ResidentSetSize of job (KB)
...
006 (322910.049.000) 05/10 17:21:48 Image size of job updated: 578120
	479  -  MemoryUsage of job (MB)
	490488  -  ResidentSetSize of job (KB)
...
040 (322910.049.000) 05/10 17:21:48 Started transferring output files
...
040 (322910.049.000) 05/10 17:21:48 Finished transferring output files
...
005 (322910.049.000) 05/10 17:21:48 Job terminated.
	(1) Normal termination (return value 1)
		Usr 0 00:04:47, Sys 0 00:00:36  -  Run Remote Usage
		Usr 0 00:00:00, Sys 0 00:00:00  -  Run Local Usage
		Usr 0 00:04:47, Sys 0 00:00:36  -  Total Remote Usage
		Usr 0 00:00:00, Sys 0 00:00:00  -  Total Local Usage
	9711  -  Run Bytes Sent By Job
	10994  -  Run Bytes Received By Job
	9711  -  Total Bytes Sent By Job
	10994  -  Total Bytes Received By Job
	Partitionable Resources :    Usage  Request Allocated 
	   Cpus                 :                 1           
	   Disk (KB)            :       72        1   2103673 
	   Memory (MB)          :      479     4000      4000 
...
