000 (322910.067.000) 05/10 17:15:23 Job submitted from host: <188.184.95.166:9618?addrs=188.184.95.166-9618+[2001-1458-201-e4--100-7a0]-9618&alias=tbird02.cern.ch&noUDP&sock=schedd_2138722_faad_3>
...
040 (322910.067.000) 05/10 17:16:25 Started transferring input files
	Transferring to host: <188.184.186.42:9618?addrs=188.184.186.42-9618+[2001-1458-301-f8--100-15]-9618&noUDP&sock=4249_8e06_126479>
...
040 (322910.067.000) 05/10 17:16:25 Finished transferring input files
...
001 (322910.067.000) 05/10 17:16:26 Job executing on host: <188.184.186.42:9618?addrs=188.184.186.42-9618+[2001-1458-301-f8--100-15]-9618&noUDP&sock=2327_b4f9_3>
...
006 (322910.067.000) 05/10 17:16:34 Image size of job updated: 307620
	218  -  MemoryUsage of job (MB)
	222896  -  ResidentSetSize of job (KB)
...
006 (322910.067.000) 05/10 17:21:34 Image size of job updated: 575780
	479  -  MemoryUsage of job (MB)
	490296  -  ResidentSetSize of job (KB)
...
006 (322910.067.000) 05/10 17:21:52 Image size of job updated: 575788
	479  -  MemoryUsage of job (MB)
	490296  -  ResidentSetSize of job (KB)
...
040 (322910.067.000) 05/10 17:21:52 Started transferring output files
...
040 (322910.067.000) 05/10 17:21:52 Finished transferring output files
...
005 (322910.067.000) 05/10 17:21:52 Job terminated.
	(1) Normal termination (return value 1)
		Usr 0 00:04:48, Sys 0 00:00:34  -  Run Remote Usage
		Usr 0 00:00:00, Sys 0 00:00:00  -  Run Local Usage
		Usr 0 00:04:48, Sys 0 00:00:34  -  Total Remote Usage
		Usr 0 00:00:00, Sys 0 00:00:00  -  Total Local Usage
	9713  -  Run Bytes Sent By Job
	10994  -  Run Bytes Received By Job
	9713  -  Total Bytes Sent By Job
	10994  -  Total Bytes Received By Job
	Partitionable Resources :    Usage  Request Allocated 
	   Cpus                 :                 1           
	   Disk (KB)            :       72        1   2124296 
	   Memory (MB)          :      479     4000      4000 
...
