000 (322910.064.000) 05/10 17:15:23 Job submitted from host: <188.184.95.166:9618?addrs=188.184.95.166-9618+[2001-1458-201-e4--100-7a0]-9618&alias=tbird02.cern.ch&noUDP&sock=schedd_2138722_faad_3>
...
040 (322910.064.000) 05/10 17:16:24 Started transferring input files
	Transferring to host: <188.184.186.23:9618?addrs=188.184.186.23-9618+[2001-1458-301-f8--100-f]-9618&noUDP&sock=3299_319f_58664>
...
040 (322910.064.000) 05/10 17:16:24 Finished transferring input files
...
001 (322910.064.000) 05/10 17:16:25 Job executing on host: <188.184.186.23:9618?addrs=188.184.186.23-9618+[2001-1458-301-f8--100-f]-9618&noUDP&sock=2281_279d_3>
...
006 (322910.064.000) 05/10 17:16:33 Image size of job updated: 247892
	166  -  MemoryUsage of job (MB)
	169328  -  ResidentSetSize of job (KB)
...
006 (322910.064.000) 05/10 17:21:33 Image size of job updated: 575044
	479  -  MemoryUsage of job (MB)
	489560  -  ResidentSetSize of job (KB)
...
006 (322910.064.000) 05/10 17:22:50 Image size of job updated: 577056
	479  -  MemoryUsage of job (MB)
	489560  -  ResidentSetSize of job (KB)
...
040 (322910.064.000) 05/10 17:22:50 Started transferring output files
...
040 (322910.064.000) 05/10 17:22:50 Finished transferring output files
...
005 (322910.064.000) 05/10 17:22:50 Job terminated.
	(1) Normal termination (return value 1)
		Usr 0 00:05:40, Sys 0 00:00:40  -  Run Remote Usage
		Usr 0 00:00:00, Sys 0 00:00:00  -  Run Local Usage
		Usr 0 00:05:40, Sys 0 00:00:40  -  Total Remote Usage
		Usr 0 00:00:00, Sys 0 00:00:00  -  Total Local Usage
	9711  -  Run Bytes Sent By Job
	10994  -  Run Bytes Received By Job
	9711  -  Total Bytes Sent By Job
	10994  -  Total Bytes Received By Job
	Partitionable Resources :    Usage  Request Allocated 
	   Cpus                 :                 1           
	   Disk (KB)            :       72        1   2116390 
	   Memory (MB)          :      479     4000      4000 
...
