000 (322910.062.000) 05/10 17:15:23 Job submitted from host: <188.184.95.166:9618?addrs=188.184.95.166-9618+[2001-1458-201-e4--100-7a0]-9618&alias=tbird02.cern.ch&noUDP&sock=schedd_2138722_faad_3>
...
040 (322910.062.000) 05/10 17:16:23 Started transferring input files
	Transferring to host: <128.142.240.47:9618?addrs=128.142.240.47-9618+[2001-1458-301-f9--100-9]-9618&noUDP&sock=3999_683c_126434>
...
040 (322910.062.000) 05/10 17:16:23 Finished transferring input files
...
001 (322910.062.000) 05/10 17:16:24 Job executing on host: <128.142.240.47:9618?addrs=128.142.240.47-9618+[2001-1458-301-f9--100-9]-9618&noUDP&sock=2327_b4f9_3>
...
006 (322910.062.000) 05/10 17:16:32 Image size of job updated: 298928
	210  -  MemoryUsage of job (MB)
	214580  -  ResidentSetSize of job (KB)
...
006 (322910.062.000) 05/10 17:21:32 Image size of job updated: 576452
	480  -  MemoryUsage of job (MB)
	490964  -  ResidentSetSize of job (KB)
...
006 (322910.062.000) 05/10 17:22:00 Image size of job updated: 577260
	480  -  MemoryUsage of job (MB)
	490964  -  ResidentSetSize of job (KB)
...
040 (322910.062.000) 05/10 17:22:00 Started transferring output files
...
040 (322910.062.000) 05/10 17:22:00 Finished transferring output files
...
005 (322910.062.000) 05/10 17:22:00 Job terminated.
	(1) Normal termination (return value 1)
		Usr 0 00:04:53, Sys 0 00:00:35  -  Run Remote Usage
		Usr 0 00:00:00, Sys 0 00:00:00  -  Run Local Usage
		Usr 0 00:04:53, Sys 0 00:00:35  -  Total Remote Usage
		Usr 0 00:00:00, Sys 0 00:00:00  -  Total Local Usage
	9711  -  Run Bytes Sent By Job
	10994  -  Run Bytes Received By Job
	9711  -  Total Bytes Sent By Job
	10994  -  Total Bytes Received By Job
	Partitionable Resources :    Usage  Request Allocated 
	   Cpus                 :                 1           
	   Disk (KB)            :       72        1   2217769 
	   Memory (MB)          :      480     4000      4000 
...
