i will run the following command
python postproc_batch.py MY_EOS_SPACE/heppyNtuples/TREES_SingleMuon2016BCDEF_94X/ MY_EOS_SPACE/heppyNtuples/TREES_SingleMuon2016BCDEF_94X/friends/ --friend -N 250000 -d SingleMuon_Run2016B_part1 -c 59
   SingleMuon_Run2016B_part1   DATA  61 chunks


I have 1 taks to process
I'm using the following list of modules DEFAULT_MODULES
this is jobs [('SingleMuon_Run2016B_part1', 'MY_EOS_SPACE/heppyNtuples/TREES_SingleMuon2016BCDEF_94X/SingleMuon_Run2016B_part1/treeProducerWMass/tree.root', 29301548.0, '_Friend_SingleMuon_Run2016B_part1.chunk59', True, xrange(14750000, 15000000), 59)]
Modules to run:  []   name =  puWeight
Loading puWeight from CMGTools.WMass.postprocessing.examples.puWeightProducer 
Running on dataset =  SingleMuon_Run2016B_part1
TFile: name=/afs/cern.ch/work/m/mciprian/w_mass_analysis/heppy/rel_slc7/CMSSW_9_4_12/src/CMGTools/WMass/python/postprocessing/data/pileup/pileup_profile_Summer16.root, title=, option=READ
TFile: name=/afs/cern.ch/work/m/mciprian/w_mass_analysis/heppy/rel_slc7/CMSSW_9_4_12/src/CMGTools/WMass/python/postprocessing/data/pileup/PileupData_GoldenJSON_Full2016.root, title=, option=READ
Load C++ Worker
Modules to run:  []   name =  puWeight2016BF
Loading puWeight2016BF from CMGTools.WMass.postprocessing.examples.puWeightProducer 
Running on dataset =  SingleMuon_Run2016B_part1
TFile: name=/afs/cern.ch/work/m/mciprian/w_mass_analysis/heppy/rel_slc7/CMSSW_9_4_12/src/CMGTools/WMass/python/postprocessing/data/pileup/pileup_profile_Summer16.root, title=, option=READ
TFile: name=/afs/cern.ch/work/m/mciprian/w_mass_analysis/heppy/rel_slc7/CMSSW_9_4_12/src/CMGTools/WMass/python/postprocessing/data/pileup/PileupData_GoldenJSON_2016BF.root, title=, option=READ
Modules to run:  []   name =  lepQCDAwayJetAll
Loading lepQCDAwayJetAll from CMGTools.WMass.postprocessing.examples.lepVarProducer 
Running on dataset =  SingleMuon_Run2016B_part1
Modules to run:  []   name =  muCalibratedWithStatVar
Loading muCalibratedWithStatVar from CMGTools.WMass.postprocessing.examples.lepVarProducer 
Running on dataset =  SingleMuon_Run2016B_part1
did not find EnergyScaleCorrection shared object, rebuilding
trying to load all the rochester correction libraries
did not find legacy data roccor. rebuilding...
done building legacy data roccor.
Modules to run:  []   name =  jetAllReCleaner
Loading jetAllReCleaner from CMGTools.WMass.postprocessing.examples.jetReCleaner 
Running on dataset =  SingleMuon_Run2016B_part1
Load C++ Worker
Modules to run:  []   name =  jetReCleaner
Loading jetReCleaner from CMGTools.WMass.postprocessing.examples.jetReCleaner 
Running on dataset =  SingleMuon_Run2016B_part1
Load C++ Worker
Modules to run:  []   name =  genQEDJets
Loading genQEDJets from CMGTools.WMass.postprocessing.examples.genFriendProducer 
Running on dataset =  SingleMuon_Run2016B_part1
Will write selected trees to MY_EOS_SPACE/heppyNtuples/TREES_SingleMuon2016BCDEF_94X/friends/
Normalization of pu_mc: 0.999973
Normalization of pileup: 3.65129e+10
Weights for variable pu_mc with a number of bins equal to 76:
1 1 1 1 1 1 1 1 1 1 1.616 1.923 1.917 1.762 1.611 1.554 1.506 1.414 1.317 1.241 1.169 1.109 1.071 1.04 1.019 1.001 0.9873 0.9825 0.9828 0.9811 0.9811 0.9792 0.9531 0.9274 0.8773 0.8171 0.7432 0.6594 0.5661 0.4725 0.3811 0.2987 0.2215 0.1581 0 0 0 0 0 0 0 0 0 0 0 1 1 1 1 1 1 1 1 1 1 1 1 1 1 1 1 1 1 1 1 1 .
Final weights: 
1 1 1 1 1 1 1 1 1 1 1.616 1.923 1.917 1.762 1.611 1.554 1.506 1.414 1.317 1.241 1.169 1.109 1.071 1.04 1.019 1.001 0.9873 0.9825 0.9828 0.9811 0.9811 0.9792 0.9531 0.9274 0.8773 0.8171 0.7432 0.6594 0.5661 0.4725 0.3811 0.2987 0.2215 0.1581 0 0 0 0 0 0 0 0 0 0 0 1 1 1 1 1 1 1 1 1 1 1 1 1 1 1 1 1 1 1 1 1 .
Normalization of pu_mc: 1
Normalization of pileup: 2.014e+10
Weights for variable pu_mc with a number of bins equal to 76:
1 1 1 1 1 1 1 1 1 1 2.784 3.074 2.661 2.24 1.976 1.881 1.801 1.669 1.544 1.453 1.364 1.27 1.186 1.113 1.061 1.016 0.9702 0.9245 0.8754 0.8192 0.7629 0.7065 0.6366 0.5722 0.4984 0.4252 0.3515 0.2804 0.2137 0.1564 0.1092 0 0 0 0 0 0 0 0 0 0 0 0 0 0 1 1 1 1 1 1 1 1 1 1 1 1 1 1 1 1 1 1 1 1 1 .
For maximum weight 3.074: integral relative change: 0
Final weights: 
1 1 1 1 1 1 1 1 1 1 2.784 3.074 2.661 2.24 1.976 1.881 1.801 1.669 1.544 1.453 1.364 1.27 1.186 1.113 1.061 1.016 0.9702 0.9245 0.8754 0.8192 0.7629 0.7065 0.6366 0.5722 0.4984 0.4252 0.3515 0.2804 0.2137 0.1564 0.1092 0 0 0 0 0 0 0 0 0 0 0 0 0 0 1 1 1 1 1 1 1 1 1 1 1 1 1 1 1 1 1 1 1 1 1 .
begin job of lepCalProducer
initializing all the rochester correction objects
initializing the egamma calibrator
Processed 14750000/15246249 entries (elapsed time     0.4s, curr speed   27.778 kHz, avg speed 40972.222 kHz), accepted        1/       1 events (100.00%)
Processed 14760000/15246249 entries (elapsed time    19.9s, curr speed    0.513 kHz, avg speed  743.577 kHz), accepted    10001/   10001 events (100.00%)
Processed 14770000/15246249 entries (elapsed time    39.2s, curr speed    0.518 kHz, avg speed  377.171 kHz), accepted    20001/   20001 events (100.00%)
Processed 14780000/15246249 entries (elapsed time    58.6s, curr speed    0.514 kHz, avg speed  252.175 kHz), accepted    30001/   30001 events (100.00%)
Processed 14790000/15246249 entries (elapsed time    77.8s, curr speed    0.520 kHz, avg speed  190.005 kHz), accepted    40001/   40001 events (100.00%)
Processed 14800000/15246249 entries (elapsed time    97.3s, curr speed    0.514 kHz, avg speed  152.138 kHz), accepted    50001/   50001 events (100.00%)
Processed 14810000/15246249 entries (elapsed time   117.2s, curr speed    0.502 kHz, avg speed  126.376 kHz), accepted    60001/   60001 events (100.00%)
Processed 14820000/15246249 entries (elapsed time   134.9s, curr speed    0.563 kHz, avg speed  109.827 kHz), accepted    70001/   70001 events (100.00%)
Processed 14830000/15246249 entries (elapsed time   151.0s, curr speed    0.623 kHz, avg speed   98.212 kHz), accepted    80001/   80001 events (100.00%)
Processed 14840000/15246249 entries (elapsed time   167.1s, curr speed    0.620 kHz, avg speed   88.788 kHz), accepted    90001/   90001 events (100.00%)
Processed 14850000/15246249 entries (elapsed time   183.2s, curr speed    0.623 kHz, avg speed   81.068 kHz), accepted   100001/  100001 events (100.00%)
Processed 14860000/15246249 entries (elapsed time   199.2s, curr speed    0.623 kHz, avg speed   74.587 kHz), accepted   110001/  110001 events (100.00%)
Processed 14870000/15246249 entries (elapsed time   214.7s, curr speed    0.647 kHz, avg speed   69.263 kHz), accepted   120001/  120001 events (100.00%)
Processed 14880000/15246249 entries (elapsed time   251.0s, curr speed    0.276 kHz, avg speed   59.290 kHz), accepted   130001/  130001 events (100.00%)
Processed 14890000/15246249 entries (elapsed time   266.4s, curr speed    0.650 kHz, avg speed   55.904 kHz), accepted   140001/  140001 events (100.00%)
Processed 14900000/15246249 entries (elapsed time   282.6s, curr speed    0.615 kHz, avg speed   52.721 kHz), accepted   150001/  150001 events (100.00%)
Processed 14910000/15246249 entries (elapsed time   298.3s, curr speed    0.637 kHz, avg speed   49.980 kHz), accepted   160001/  160001 events (100.00%)
Processed 14920000/15246249 entries (elapsed time   313.9s, curr speed    0.644 kHz, avg speed   47.537 kHz), accepted   170001/  170001 events (100.00%)
Processed 14930000/15246249 entries (elapsed time   329.8s, curr speed    0.628 kHz, avg speed   45.271 kHz), accepted   180001/  180001 events (100.00%)
Processed 14940000/15246249 entries (elapsed time   345.7s, curr speed    0.627 kHz, avg speed   43.212 kHz), accepted   190001/  190001 events (100.00%)
Processed 14950000/15246249 entries (elapsed time   381.5s, curr speed    0.280 kHz, avg speed   39.192 kHz), accepted   200001/  200001 events (100.00%)
Processed 14960000/15246249 entries (elapsed time   397.2s, curr speed    0.635 kHz, avg speed   37.663 kHz), accepted   210001/  210001 events (100.00%)
Processed 14970000/15246249 entries (elapsed time   414.0s, curr speed    0.597 kHz, avg speed   36.163 kHz), accepted   220001/  220001 events (100.00%)
Processed 14980000/15246249 entries (elapsed time   430.8s, curr speed    0.595 kHz, avg speed   34.774 kHz), accepted   230001/  230001 events (100.00%)
Processed 14990000/15246249 entries (elapsed time   445.8s, curr speed    0.666 kHz, avg speed   33.626 kHz), accepted   240001/  240001 events (100.00%)
Processed 250000 entries from MY_EOS_SPACE/heppyNtuples/TREES_SingleMuon2016BCDEF_94X/SingleMuon_Run2016B_part1/treeProducerWMass/tree.root, selected 250000 entries
Done MY_EOS_SPACE/heppyNtuples/TREES_SingleMuon2016BCDEF_94X/friends/tree_Friend_SingleMuon_Run2016B_part1.chunk59.root
