000 (322910.009.000) 05/10 17:15:23 Job submitted from host: <188.184.95.166:9618?addrs=188.184.95.166-9618+[2001-1458-201-e4--100-7a0]-9618&alias=tbird02.cern.ch&noUDP&sock=schedd_2138722_faad_3>
...
040 (322910.009.000) 05/10 17:16:04 Started transferring input files
	Transferring to host: <128.142.240.32:9618?addrs=128.142.240.32-9618+[2001-1458-301-f9--100-2b]-9618&noUDP&sock=936_3f1f_18471>
...
040 (322910.009.000) 05/10 17:16:04 Finished transferring input files
...
001 (322910.009.000) 05/10 17:16:05 Job executing on host: <128.142.240.32:9618?addrs=128.142.240.32-9618+[2001-1458-301-f9--100-2b]-9618&noUDP&sock=2352_dad7_3>
...
006 (322910.009.000) 05/10 17:16:13 Image size of job updated: 289828
	204  -  MemoryUsage of job (MB)
	208268  -  ResidentSetSize of job (KB)
...
006 (322910.009.000) 05/10 17:21:13 Image size of job updated: 491812
	480  -  MemoryUsage of job (MB)
	490904  -  ResidentSetSize of job (KB)
...
040 (322910.009.000) 05/10 17:23:57 Started transferring output files
...
040 (322910.009.000) 05/10 17:23:57 Finished transferring output files
...
005 (322910.009.000) 05/10 17:23:57 Job terminated.
	(1) Normal termination (return value 1)
		Usr 0 00:06:56, Sys 0 00:00:44  -  Run Remote Usage
		Usr 0 00:00:00, Sys 0 00:00:00  -  Run Local Usage
		Usr 0 00:06:56, Sys 0 00:00:44  -  Total Remote Usage
		Usr 0 00:00:00, Sys 0 00:00:00  -  Total Local Usage
	9711  -  Run Bytes Sent By Job
	10994  -  Run Bytes Received By Job
	9711  -  Total Bytes Sent By Job
	10994  -  Total Bytes Received By Job
	Partitionable Resources :    Usage  Request Allocated 
	   Cpus                 :     1.02        1         1 
	   Disk (KB)            :    79           1    221814 
	   Memory (MB)          :   480        4000      4000 
...
