000 (322900.016.000) 05/10 15:25:00 Job submitted from host: <188.184.95.166:9618?addrs=188.184.95.166-9618+[2001-1458-201-e4--100-7a0]-9618&alias=tbird02.cern.ch&noUDP&sock=schedd_2138722_faad_3>
...
040 (322900.016.000) 05/10 15:38:44 Started transferring input files
	Transferring to host: <188.184.186.22:9618?addrs=188.184.186.22-9618+[2001-1458-301-f8--100-13]-9618&noUDP&sock=4093_a380_126147>
...
040 (322900.016.000) 05/10 15:38:44 Finished transferring input files
...
001 (322900.016.000) 05/10 15:38:45 Job executing on host: <188.184.186.22:9618?addrs=188.184.186.22-9618+[2001-1458-301-f8--100-13]-9618&noUDP&sock=2329_1429_3>
...
006 (322900.016.000) 05/10 15:38:53 Image size of job updated: 116076
	58  -  MemoryUsage of job (MB)
	59308  -  ResidentSetSize of job (KB)
...
006 (322900.016.000) 05/10 15:43:53 Image size of job updated: 574160
	480  -  MemoryUsage of job (MB)
	490908  -  ResidentSetSize of job (KB)
...
040 (322900.016.000) 05/10 15:44:44 Started transferring output files
...
040 (322900.016.000) 05/10 15:44:44 Finished transferring output files
...
005 (322900.016.000) 05/10 15:44:44 Job terminated.
	(1) Normal termination (return value 1)
		Usr 0 00:05:04, Sys 0 00:00:33  -  Run Remote Usage
		Usr 0 00:00:00, Sys 0 00:00:00  -  Run Local Usage
		Usr 0 00:05:04, Sys 0 00:00:33  -  Total Remote Usage
		Usr 0 00:00:00, Sys 0 00:00:00  -  Total Local Usage
	9477  -  Run Bytes Sent By Job
	10941  -  Run Bytes Received By Job
	9477  -  Total Bytes Sent By Job
	10941  -  Total Bytes Received By Job
	Partitionable Resources :    Usage  Request Allocated 
	   Cpus                 :                 1           
	   Disk (KB)            :       72        1   2209448 
	   Memory (MB)          :      480     2000      2000 
...
