000 (322900.034.000) 05/10 15:25:00 Job submitted from host: <188.184.95.166:9618?addrs=188.184.95.166-9618+[2001-1458-201-e4--100-7a0]-9618&alias=tbird02.cern.ch&noUDP&sock=schedd_2138722_faad_3>
...
040 (322900.034.000) 05/10 15:38:50 Started transferring input files
	Transferring to host: <188.184.186.35:9618?addrs=188.184.186.35-9618+[2001-1458-301-f8--100-21]-9618&noUDP&sock=4126_e3e1_125895>
...
040 (322900.034.000) 05/10 15:38:50 Finished transferring input files
...
001 (322900.034.000) 05/10 15:38:51 Job executing on host: <188.184.186.35:9618?addrs=188.184.186.35-9618+[2001-1458-301-f8--100-21]-9618&noUDP&sock=2421_2ee0_3>
...
006 (322900.034.000) 05/10 15:39:00 Image size of job updated: 113112
	64  -  MemoryUsage of job (MB)
	65500  -  ResidentSetSize of job (KB)
...
006 (322900.034.000) 05/10 15:44:00 Image size of job updated: 569856
	476  -  MemoryUsage of job (MB)
	486672  -  ResidentSetSize of job (KB)
...
006 (322900.034.000) 05/10 15:45:08 Image size of job updated: 570664
	476  -  MemoryUsage of job (MB)
	486672  -  ResidentSetSize of job (KB)
...
040 (322900.034.000) 05/10 15:45:08 Started transferring output files
...
040 (322900.034.000) 05/10 15:45:08 Finished transferring output files
...
005 (322900.034.000) 05/10 15:45:09 Job terminated.
	(1) Normal termination (return value 1)
		Usr 0 00:05:22, Sys 0 00:00:33  -  Run Remote Usage
		Usr 0 00:00:00, Sys 0 00:00:00  -  Run Local Usage
		Usr 0 00:05:22, Sys 0 00:00:33  -  Total Remote Usage
		Usr 0 00:00:00, Sys 0 00:00:00  -  Total Local Usage
	9477  -  Run Bytes Sent By Job
	10941  -  Run Bytes Received By Job
	9477  -  Total Bytes Sent By Job
	10941  -  Total Bytes Received By Job
	Partitionable Resources :    Usage  Request Allocated 
	   Cpus                 :                 1           
	   Disk (KB)            :       72        1   2120650 
	   Memory (MB)          :      476     2000      2000 
...
