000 (322882.002.000) 05/10 15:24:43 Job submitted from host: <188.184.95.166:9618?addrs=188.184.95.166-9618+[2001-1458-201-e4--100-7a0]-9618&alias=tbird02.cern.ch&noUDP&sock=schedd_2138722_faad_3>
...
040 (322882.002.000) 05/10 15:25:58 Started transferring input files
	Transferring to host: <128.142.240.46:9618?addrs=128.142.240.46-9618+[2001-1458-301-f9--100-20]-9618&noUDP&sock=4108_3520_126602>
...
040 (322882.002.000) 05/10 15:25:58 Finished transferring input files
...
001 (322882.002.000) 05/10 15:25:59 Job executing on host: <128.142.240.46:9618?addrs=128.142.240.46-9618+[2001-1458-301-f9--100-20]-9618&noUDP&sock=2383_1e46_3>
...
006 (322882.002.000) 05/10 15:26:07 Image size of job updated: 213692
	133  -  MemoryUsage of job (MB)
	135332  -  ResidentSetSize of job (KB)
...
006 (322882.002.000) 05/10 15:31:07 Image size of job updated: 576980
	480  -  MemoryUsage of job (MB)
	490916  -  ResidentSetSize of job (KB)
...
006 (322882.002.000) 05/10 15:31:33 Image size of job updated: 578932
	480  -  MemoryUsage of job (MB)
	490916  -  ResidentSetSize of job (KB)
...
040 (322882.002.000) 05/10 15:31:33 Started transferring output files
...
040 (322882.002.000) 05/10 15:31:34 Finished transferring output files
...
005 (322882.002.000) 05/10 15:31:34 Job terminated.
	(1) Normal termination (return value 1)
		Usr 0 00:04:53, Sys 0 00:00:34  -  Run Remote Usage
		Usr 0 00:00:00, Sys 0 00:00:00  -  Run Local Usage
		Usr 0 00:04:53, Sys 0 00:00:34  -  Total Remote Usage
		Usr 0 00:00:00, Sys 0 00:00:00  -  Total Local Usage
	9471  -  Run Bytes Sent By Job
	10941  -  Run Bytes Received By Job
	9471  -  Total Bytes Sent By Job
	10941  -  Total Bytes Received By Job
	Partitionable Resources :    Usage  Request Allocated 
	   Cpus                 :                 1           
	   Disk (KB)            :       72        1   2113030 
	   Memory (MB)          :      480     2000      2000 
...
