000 (322885.033.000) 05/10 15:24:46 Job submitted from host: <188.184.95.166:9618?addrs=188.184.95.166-9618+[2001-1458-201-e4--100-7a0]-9618&alias=tbird02.cern.ch&noUDP&sock=schedd_2138722_faad_3>
...
040 (322885.033.000) 05/10 15:27:51 Started transferring input files
	Transferring to host: <188.184.132.51:9618?addrs=188.184.132.51-9618+[2001-1458-301-a0--100-1f]-9618&noUDP&sock=4125_2f81_125696>
...
040 (322885.033.000) 05/10 15:27:51 Finished transferring input files
...
001 (322885.033.000) 05/10 15:27:52 Job executing on host: <188.184.132.51:9618?addrs=188.184.132.51-9618+[2001-1458-301-a0--100-1f]-9618&noUDP&sock=2320_e7cf_3>
...
006 (322885.033.000) 05/10 15:28:00 Image size of job updated: 179572
	104  -  MemoryUsage of job (MB)
	106044  -  ResidentSetSize of job (KB)
...
006 (322885.033.000) 05/10 15:33:00 Image size of job updated: 494184
	480  -  MemoryUsage of job (MB)
	491236  -  ResidentSetSize of job (KB)
...
040 (322885.033.000) 05/10 15:33:59 Started transferring output files
...
040 (322885.033.000) 05/10 15:33:59 Finished transferring output files
...
005 (322885.033.000) 05/10 15:33:59 Job terminated.
	(1) Normal termination (return value 1)
		Usr 0 00:05:24, Sys 0 00:00:34  -  Run Remote Usage
		Usr 0 00:00:00, Sys 0 00:00:00  -  Run Local Usage
		Usr 0 00:05:24, Sys 0 00:00:34  -  Total Remote Usage
		Usr 0 00:00:00, Sys 0 00:00:00  -  Total Local Usage
	9477  -  Run Bytes Sent By Job
	10941  -  Run Bytes Received By Job
	9477  -  Total Bytes Sent By Job
	10941  -  Total Bytes Received By Job
	Partitionable Resources :    Usage  Request Allocated 
	   Cpus                 :                 1           
	   Disk (KB)            :       72        1   2163591 
	   Memory (MB)          :      480     2000      2000 
...
