   SingleMuon_Run2016E_part4   DATA  38 chunks


I have 1 taks to process
I'm using the following list of modules DEFAULT_MODULES
this is jobs [('SingleMuon_Run2016E_part4', 'MY_EOS_SPACE/heppyNtuples/TREES_SingleMuon2016BCDEF_94X/SingleMuon_Run2016E_part4/treeProducerWMass/tree.root', 15365495.0, '_Friend_SingleMuon_Run2016E_part4.chunk20', True, xrange(5000000, 5250000), 20)]
Modules to run:  []   name =  puWeight
Loading puWeight from CMGTools.WMass.postprocessing.examples.puWeightProducer 
Running on dataset =  SingleMuon_Run2016E_part4
TFile: name=/afs/cern.ch/work/m/mciprian/w_mass_analysis/heppy/rel_slc7/CMSSW_9_4_12/src/CMGTools/WMass/python/postprocessing/data/pileup/pileup_profile_Summer16.root, title=, option=READ
TFile: name=/afs/cern.ch/work/m/mciprian/w_mass_analysis/heppy/rel_slc7/CMSSW_9_4_12/src/CMGTools/WMass/python/postprocessing/data/pileup/PileupData_GoldenJSON_Full2016.root, title=, option=READ
Load C++ Worker
Modules to run:  []   name =  puWeight2016BF
Loading puWeight2016BF from CMGTools.WMass.postprocessing.examples.puWeightProducer 
Running on dataset =  SingleMuon_Run2016E_part4
TFile: name=/afs/cern.ch/work/m/mciprian/w_mass_analysis/heppy/rel_slc7/CMSSW_9_4_12/src/CMGTools/WMass/python/postprocessing/data/pileup/pileup_profile_Summer16.root, title=, option=READ
TFile: name=/afs/cern.ch/work/m/mciprian/w_mass_analysis/heppy/rel_slc7/CMSSW_9_4_12/src/CMGTools/WMass/python/postprocessing/data/pileup/PileupData_GoldenJSON_2016BF.root, title=, option=READ
Modules to run:  []   name =  lepQCDAwayJetAll
Loading lepQCDAwayJetAll from CMGTools.WMass.postprocessing.examples.lepVarProducer 
Running on dataset =  SingleMuon_Run2016E_part4
Modules to run:  []   name =  muCalibratedWithStatVar
Loading muCalibratedWithStatVar from CMGTools.WMass.postprocessing.examples.lepVarProducer 
Running on dataset =  SingleMuon_Run2016E_part4
did not find EnergyScaleCorrection shared object, rebuilding
trying to load all the rochester correction libraries
did not find legacy data roccor. rebuilding...
done building legacy data roccor.
Modules to run:  []   name =  jetAllReCleaner
Loading jetAllReCleaner from CMGTools.WMass.postprocessing.examples.jetReCleaner 
Running on dataset =  SingleMuon_Run2016E_part4
Load C++ Worker
Modules to run:  []   name =  jetReCleaner
Loading jetReCleaner from CMGTools.WMass.postprocessing.examples.jetReCleaner 
Running on dataset =  SingleMuon_Run2016E_part4
Load C++ Worker
Modules to run:  []   name =  genQEDJets
Loading genQEDJets from CMGTools.WMass.postprocessing.examples.genFriendProducer 
Running on dataset =  SingleMuon_Run2016E_part4
Will write selected trees to MY_EOS_SPACE/heppyNtuples/TREES_SingleMuon2016BCDEF_94X/friends/
Normalization of pu_mc: 0.999973
Normalization of pileup: 3.65129e+10
Weights for variable pu_mc with a number of bins equal to 76:
1 1 1 1 1 1 1 1 1 1 1.616 1.923 1.917 1.762 1.611 1.554 1.506 1.414 1.317 1.241 1.169 1.109 1.071 1.04 1.019 1.001 0.9873 0.9825 0.9828 0.9811 0.9811 0.9792 0.9531 0.9274 0.8773 0.8171 0.7432 0.6594 0.5661 0.4725 0.3811 0.2987 0.2215 0.1581 0 0 0 0 0 0 0 0 0 0 0 1 1 1 1 1 1 1 1 1 1 1 1 1 1 1 1 1 1 1 1 1 .
Final weights: 
1 1 1 1 1 1 1 1 1 1 1.616 1.923 1.917 1.762 1.611 1.554 1.506 1.414 1.317 1.241 1.169 1.109 1.071 1.04 1.019 1.001 0.9873 0.9825 0.9828 0.9811 0.9811 0.9792 0.9531 0.9274 0.8773 0.8171 0.7432 0.6594 0.5661 0.4725 0.3811 0.2987 0.2215 0.1581 0 0 0 0 0 0 0 0 0 0 0 1 1 1 1 1 1 1 1 1 1 1 1 1 1 1 1 1 1 1 1 1 .
Normalization of pu_mc: 1
Normalization of pileup: 2.014e+10
Weights for variable pu_mc with a number of bins equal to 76:
1 1 1 1 1 1 1 1 1 1 2.784 3.074 2.661 2.24 1.976 1.881 1.801 1.669 1.544 1.453 1.364 1.27 1.186 1.113 1.061 1.016 0.9702 0.9245 0.8754 0.8192 0.7629 0.7065 0.6366 0.5722 0.4984 0.4252 0.3515 0.2804 0.2137 0.1564 0.1092 0 0 0 0 0 0 0 0 0 0 0 0 0 0 1 1 1 1 1 1 1 1 1 1 1 1 1 1 1 1 1 1 1 1 1 .
For maximum weight 3.074: integral relative change: 0
Final weights: 
1 1 1 1 1 1 1 1 1 1 2.784 3.074 2.661 2.24 1.976 1.881 1.801 1.669 1.544 1.453 1.364 1.27 1.186 1.113 1.061 1.016 0.9702 0.9245 0.8754 0.8192 0.7629 0.7065 0.6366 0.5722 0.4984 0.4252 0.3515 0.2804 0.2137 0.1564 0.1092 0 0 0 0 0 0 0 0 0 0 0 0 0 0 1 1 1 1 1 1 1 1 1 1 1 1 1 1 1 1 1 1 1 1 1 .
begin job of lepCalProducer
initializing all the rochester correction objects
initializing the egamma calibrator
Processed  5000000/ 9438280 entries (elapsed time     0.3s, curr speed   37.037 kHz, avg speed 18518.519 kHz), accepted        1/       1 events (100.00%)
Processed  5010000/ 9438280 entries (elapsed time    13.2s, curr speed    0.776 kHz, avg speed  380.699 kHz), accepted    10001/   10001 events (100.00%)
Processed  5020000/ 9438280 entries (elapsed time    26.3s, curr speed    0.760 kHz, avg speed  190.802 kHz), accepted    20001/   20001 events (100.00%)
Processed  5030000/ 9438280 entries (elapsed time    39.7s, curr speed    0.746 kHz, avg speed  126.668 kHz), accepted    30001/   30001 events (100.00%)
Processed  5040000/ 9438280 entries (elapsed time    53.0s, curr speed    0.751 kHz, avg speed   95.058 kHz), accepted    40001/   40001 events (100.00%)
Processed  5050000/ 9438280 entries (elapsed time    66.2s, curr speed    0.761 kHz, avg speed   76.330 kHz), accepted    50001/   50001 events (100.00%)
Processed  5060000/ 9438280 entries (elapsed time    79.3s, curr speed    0.762 kHz, avg speed   63.816 kHz), accepted    60001/   60001 events (100.00%)
Processed  5070000/ 9438280 entries (elapsed time    91.6s, curr speed    0.815 kHz, avg speed   55.374 kHz), accepted    70001/   70001 events (100.00%)
Processed  5080000/ 9438280 entries (elapsed time   102.7s, curr speed    0.899 kHz, avg speed   49.474 kHz), accepted    80001/   80001 events (100.00%)
Processed  5090000/ 9438280 entries (elapsed time   113.4s, curr speed    0.932 kHz, avg speed   44.881 kHz), accepted    90001/   90001 events (100.00%)
Processed  5100000/ 9438280 entries (elapsed time   124.0s, curr speed    0.941 kHz, avg speed   41.116 kHz), accepted   100001/  100001 events (100.00%)
Processed  5110000/ 9438280 entries (elapsed time   135.3s, curr speed    0.889 kHz, avg speed   37.771 kHz), accepted   110001/  110001 events (100.00%)
Processed  5120000/ 9438280 entries (elapsed time   146.4s, curr speed    0.900 kHz, avg speed   34.973 kHz), accepted   120001/  120001 events (100.00%)
Processed  5130000/ 9438280 entries (elapsed time   171.5s, curr speed    0.399 kHz, avg speed   29.914 kHz), accepted   130001/  130001 events (100.00%)
Processed  5140000/ 9438280 entries (elapsed time   182.0s, curr speed    0.952 kHz, avg speed   28.243 kHz), accepted   140001/  140001 events (100.00%)
Processed  5150000/ 9438280 entries (elapsed time   192.5s, curr speed    0.953 kHz, avg speed   26.756 kHz), accepted   150001/  150001 events (100.00%)
Processed  5160000/ 9438280 entries (elapsed time   203.1s, curr speed    0.943 kHz, avg speed   25.407 kHz), accepted   160001/  160001 events (100.00%)
Processed  5170000/ 9438280 entries (elapsed time   213.6s, curr speed    0.949 kHz, avg speed   24.201 kHz), accepted   170001/  170001 events (100.00%)
Processed  5180000/ 9438280 entries (elapsed time   224.1s, curr speed    0.954 kHz, avg speed   23.114 kHz), accepted   180001/  180001 events (100.00%)
Processed  5190000/ 9438280 entries (elapsed time   234.5s, curr speed    0.960 kHz, avg speed   22.129 kHz), accepted   190001/  190001 events (100.00%)
Processed  5200000/ 9438280 entries (elapsed time   259.0s, curr speed    0.408 kHz, avg speed   20.076 kHz), accepted   200001/  200001 events (100.00%)
Processed  5210000/ 9438280 entries (elapsed time   269.5s, curr speed    0.958 kHz, avg speed   19.335 kHz), accepted   210001/  210001 events (100.00%)
Processed  5220000/ 9438280 entries (elapsed time   280.2s, curr speed    0.934 kHz, avg speed   18.632 kHz), accepted   220001/  220001 events (100.00%)
Processed  5230000/ 9438280 entries (elapsed time   291.0s, curr speed    0.925 kHz, avg speed   17.974 kHz), accepted   230001/  230001 events (100.00%)
Processed  5240000/ 9438280 entries (elapsed time   301.7s, curr speed    0.932 kHz, avg speed   17.368 kHz), accepted   240001/  240001 events (100.00%)
Processed 250000 entries from MY_EOS_SPACE/heppyNtuples/TREES_SingleMuon2016BCDEF_94X/SingleMuon_Run2016E_part4/treeProducerWMass/tree.root, selected 250000 entries
Done MY_EOS_SPACE/heppyNtuples/TREES_SingleMuon2016BCDEF_94X/friends/tree_Friend_SingleMuon_Run2016E_part4.chunk20.root
