000 (322883.059.000) 05/10 15:24:44 Job submitted from host: <188.184.95.166:9618?addrs=188.184.95.166-9618+[2001-1458-201-e4--100-7a0]-9618&alias=tbird02.cern.ch&noUDP&sock=schedd_2138722_faad_3>
...
040 (322883.059.000) 05/10 15:26:38 Started transferring input files
	Transferring to host: <188.184.186.9:9618?addrs=188.184.186.9-9618+[2001-1458-301-f8--100-11]-9618&noUDP&sock=8388_dace_18557>
...
040 (322883.059.000) 05/10 15:26:38 Finished transferring input files
...
001 (322883.059.000) 05/10 15:26:39 Job executing on host: <188.184.186.9:9618?addrs=188.184.186.9-9618+[2001-1458-301-f8--100-11]-9618&noUDP&sock=2355_e99f_3>
...
006 (322883.059.000) 05/10 15:26:48 Image size of job updated: 249664
	244  -  MemoryUsage of job (MB)
	248904  -  ResidentSetSize of job (KB)
...
006 (322883.059.000) 05/10 15:31:49 Image size of job updated: 403976
	394  -  MemoryUsage of job (MB)
	403392  -  ResidentSetSize of job (KB)
...
006 (322883.059.000) 05/10 15:36:49 Image size of job updated: 489032
	478  -  MemoryUsage of job (MB)
	489004  -  ResidentSetSize of job (KB)
...
006 (322883.059.000) 05/10 15:37:57 Image size of job updated: 903532
	478  -  MemoryUsage of job (MB)
	489004  -  ResidentSetSize of job (KB)
...
040 (322883.059.000) 05/10 15:37:57 Started transferring output files
...
040 (322883.059.000) 05/10 15:37:57 Finished transferring output files
...
005 (322883.059.000) 05/10 15:37:57 Job terminated.
	(1) Normal termination (return value 1)
		Usr 0 00:09:53, Sys 0 00:00:56  -  Run Remote Usage
		Usr 0 00:00:00, Sys 0 00:00:00  -  Run Local Usage
		Usr 0 00:09:53, Sys 0 00:00:56  -  Total Remote Usage
		Usr 0 00:00:00, Sys 0 00:00:00  -  Total Local Usage
	9479  -  Run Bytes Sent By Job
	10941  -  Run Bytes Received By Job
	9479  -  Total Bytes Sent By Job
	10941  -  Total Bytes Received By Job
	Partitionable Resources :    Usage  Request Allocated 
	   Cpus                 :     0.99        1         1 
	   Disk (KB)            :    79           1    215265 
	   Memory (MB)          :   478        2000      2000 
...
