000 (322899.013.000) 05/10 15:24:59 Job submitted from host: <188.184.95.166:9618?addrs=188.184.95.166-9618+[2001-1458-201-e4--100-7a0]-9618&alias=tbird02.cern.ch&noUDP&sock=schedd_2138722_faad_3>
...
040 (322899.013.000) 05/10 15:38:14 Started transferring input files
	Transferring to host: <128.142.240.13:9618?addrs=128.142.240.13-9618&noUDP&sock=3822_b1d4_9919>
...
040 (322899.013.000) 05/10 15:38:14 Finished transferring input files
...
001 (322899.013.000) 05/10 15:38:15 Job executing on host: <128.142.240.13:9618?addrs=128.142.240.13-9618&noUDP&sock=2675_67ee_3>
...
006 (322899.013.000) 05/10 15:38:24 Image size of job updated: 144096
	105  -  MemoryUsage of job (MB)
	106680  -  ResidentSetSize of job (KB)
...
006 (322899.013.000) 05/10 15:43:25 Image size of job updated: 441956
	394  -  MemoryUsage of job (MB)
	402780  -  ResidentSetSize of job (KB)
...
006 (322899.013.000) 05/10 15:48:25 Image size of job updated: 532112
	482  -  MemoryUsage of job (MB)
	492936  -  ResidentSetSize of job (KB)
...
040 (322899.013.000) 05/10 15:49:16 Started transferring output files
...
040 (322899.013.000) 05/10 15:49:16 Finished transferring output files
...
005 (322899.013.000) 05/10 15:49:16 Job terminated.
	(1) Normal termination (return value 1)
		Usr 0 00:08:40, Sys 0 00:00:56  -  Run Remote Usage
		Usr 0 00:00:00, Sys 0 00:00:00  -  Run Local Usage
		Usr 0 00:08:40, Sys 0 00:00:56  -  Total Remote Usage
		Usr 0 00:00:00, Sys 0 00:00:00  -  Total Local Usage
	15152  -  Run Bytes Sent By Job
	10941  -  Run Bytes Received By Job
	15152  -  Total Bytes Sent By Job
	10941  -  Total Bytes Received By Job
	Partitionable Resources :    Usage  Request Allocated 
	   Cpus                 :     0.99        1         1 
	   Disk (KB)            :    82           1    211206 
	   Memory (MB)          :   482        2000      2000 
...
