000 (322891.006.000) 05/10 15:24:51 Job submitted from host: <188.184.95.166:9618?addrs=188.184.95.166-9618+[2001-1458-201-e4--100-7a0]-9618&alias=tbird02.cern.ch&noUDP&sock=schedd_2138722_faad_3>
...
022 (322891.006.000) 05/10 15:32:21 Job disconnected, attempting to reconnect
    Socket between submit and execute hosts closed unexpectedly
    Trying to reconnect to slot1_1@b7g28n0612.cern.ch <188.184.186.53:9618?addrs=188.184.186.53-9618+[2001-1458-301-f8--100-12]-9618&noUDP&sock=2358_f868_3>
...
024 (322891.006.000) 05/10 15:32:21 Job reconnection failed
    Job not found at execution machine
    Can not reconnect to slot1_1@b7g28n0612.cern.ch, rescheduling job
...
040 (322891.006.000) 05/10 15:32:32 Started transferring input files
	Transferring to host: <188.184.186.10:9618?addrs=188.184.186.10-9618+[--1]-9618&noUDP&sock=3282_373f_8957>
...
040 (322891.006.000) 05/10 15:32:32 Finished transferring input files
...
001 (322891.006.000) 05/10 15:32:33 Job executing on host: <188.184.186.10:9618?addrs=188.184.186.10-9618+[--1]-9618&noUDP&sock=2275_0a0c_3>
...
006 (322891.006.000) 05/10 15:32:42 Image size of job updated: 313084
	225  -  MemoryUsage of job (MB)
	230200  -  ResidentSetSize of job (KB)
...
006 (322891.006.000) 05/10 15:37:43 Image size of job updated: 489716
	478  -  MemoryUsage of job (MB)
	488644  -  ResidentSetSize of job (KB)
...
040 (322891.006.000) 05/10 15:38:51 Started transferring output files
...
040 (322891.006.000) 05/10 15:38:51 Finished transferring output files
...
005 (322891.006.000) 05/10 15:38:51 Job terminated.
	(1) Normal termination (return value 1)
		Usr 0 00:05:32, Sys 0 00:00:37  -  Run Remote Usage
		Usr 0 00:00:00, Sys 0 00:00:00  -  Run Local Usage
		Usr 0 00:05:32, Sys 0 00:00:37  -  Total Remote Usage
		Usr 0 00:00:00, Sys 0 00:00:00  -  Total Local Usage
	14801  -  Run Bytes Sent By Job
	10941  -  Run Bytes Received By Job
	14801  -  Total Bytes Sent By Job
	10941  -  Total Bytes Received By Job
	Partitionable Resources :    Usage  Request Allocated 
	   Cpus                 :                 1           
	   Disk (KB)            :       75        1   2174741 
	   Memory (MB)          :      478     2000      2000 
...
