000 (322882.026.000) 05/10 15:24:43 Job submitted from host: <188.184.95.166:9618?addrs=188.184.95.166-9618+[2001-1458-201-e4--100-7a0]-9618&alias=tbird02.cern.ch&noUDP&sock=schedd_2138722_faad_3>
...
040 (322882.026.000) 05/10 15:26:05 Started transferring input files
	Transferring to host: <128.142.240.52:9618?addrs=128.142.240.52-9618+[2001-1458-301-f9--100-5]-9618&noUDP&sock=4209_5f04_127555>
...
040 (322882.026.000) 05/10 15:26:05 Finished transferring input files
...
001 (322882.026.000) 05/10 15:26:06 Job executing on host: <128.142.240.52:9618?addrs=128.142.240.52-9618+[2001-1458-301-f9--100-5]-9618&noUDP&sock=2340_9fb4_3>
...
006 (322882.026.000) 05/10 15:26:15 Image size of job updated: 254196
	225  -  MemoryUsage of job (MB)
	230340  -  ResidentSetSize of job (KB)
...
006 (322882.026.000) 05/10 15:31:16 Image size of job updated: 514320
	479  -  MemoryUsage of job (MB)
	490444  -  ResidentSetSize of job (KB)
...
006 (322882.026.000) 05/10 15:31:56 Image size of job updated: 902908
	479  -  MemoryUsage of job (MB)
	490444  -  ResidentSetSize of job (KB)
...
040 (322882.026.000) 05/10 15:31:56 Started transferring output files
...
040 (322882.026.000) 05/10 15:31:56 Finished transferring output files
...
005 (322882.026.000) 05/10 15:31:56 Job terminated.
	(1) Normal termination (return value 1)
		Usr 0 00:05:11, Sys 0 00:00:33  -  Run Remote Usage
		Usr 0 00:00:00, Sys 0 00:00:00  -  Run Local Usage
		Usr 0 00:05:11, Sys 0 00:00:33  -  Total Remote Usage
		Usr 0 00:00:00, Sys 0 00:00:00  -  Total Local Usage
	9477  -  Run Bytes Sent By Job
	10941  -  Run Bytes Received By Job
	9477  -  Total Bytes Sent By Job
	10941  -  Total Bytes Received By Job
	Partitionable Resources :    Usage  Request Allocated 
	   Cpus                 :                 1           
	   Disk (KB)            :       72        1   2143487 
	   Memory (MB)          :      479     2000      2000 
...
