   SingleMuon_Run2016D_part4   DATA  54 chunks


I have 1 taks to process
I'm using the following list of modules DEFAULT_MODULES
this is jobs [('SingleMuon_Run2016D_part4', 'MY_EOS_SPACE/heppyNtuples/TREES_SingleMuon2016BCDEF_94X/SingleMuon_Run2016D_part4/treeProducerWMass/tree.root', 22111481.0, '_Friend_SingleMuon_Run2016D_part4.chunk53', True, xrange(13250000, 13447062), 53)]
Modules to run:  []   name =  puWeight
Loading puWeight from CMGTools.WMass.postprocessing.examples.puWeightProducer 
Running on dataset =  SingleMuon_Run2016D_part4
TFile: name=/afs/cern.ch/work/m/mciprian/w_mass_analysis/heppy/rel_slc7/CMSSW_9_4_12/src/CMGTools/WMass/python/postprocessing/data/pileup/pileup_profile_Summer16.root, title=, option=READ
TFile: name=/afs/cern.ch/work/m/mciprian/w_mass_analysis/heppy/rel_slc7/CMSSW_9_4_12/src/CMGTools/WMass/python/postprocessing/data/pileup/PileupData_GoldenJSON_Full2016.root, title=, option=READ
Load C++ Worker
Modules to run:  []   name =  puWeight2016BF
Loading puWeight2016BF from CMGTools.WMass.postprocessing.examples.puWeightProducer 
Running on dataset =  SingleMuon_Run2016D_part4
TFile: name=/afs/cern.ch/work/m/mciprian/w_mass_analysis/heppy/rel_slc7/CMSSW_9_4_12/src/CMGTools/WMass/python/postprocessing/data/pileup/pileup_profile_Summer16.root, title=, option=READ
TFile: name=/afs/cern.ch/work/m/mciprian/w_mass_analysis/heppy/rel_slc7/CMSSW_9_4_12/src/CMGTools/WMass/python/postprocessing/data/pileup/PileupData_GoldenJSON_2016BF.root, title=, option=READ
Modules to run:  []   name =  lepQCDAwayJetAll
Loading lepQCDAwayJetAll from CMGTools.WMass.postprocessing.examples.lepVarProducer 
Running on dataset =  SingleMuon_Run2016D_part4
Modules to run:  []   name =  muCalibratedWithStatVar
Loading muCalibratedWithStatVar from CMGTools.WMass.postprocessing.examples.lepVarProducer 
Running on dataset =  SingleMuon_Run2016D_part4
did not find EnergyScaleCorrection shared object, rebuilding
trying to load all the rochester correction libraries
did not find legacy data roccor. rebuilding...
done building legacy data roccor.
Modules to run:  []   name =  jetAllReCleaner
Loading jetAllReCleaner from CMGTools.WMass.postprocessing.examples.jetReCleaner 
Running on dataset =  SingleMuon_Run2016D_part4
Load C++ Worker
Modules to run:  []   name =  jetReCleaner
Loading jetReCleaner from CMGTools.WMass.postprocessing.examples.jetReCleaner 
Running on dataset =  SingleMuon_Run2016D_part4
Load C++ Worker
Modules to run:  []   name =  genQEDJets
Loading genQEDJets from CMGTools.WMass.postprocessing.examples.genFriendProducer 
Running on dataset =  SingleMuon_Run2016D_part4
Will write selected trees to MY_EOS_SPACE/heppyNtuples/TREES_SingleMuon2016BCDEF_94X/friends/
Normalization of pu_mc: 0.999973
Normalization of pileup: 3.65129e+10
Weights for variable pu_mc with a number of bins equal to 76:
1 1 1 1 1 1 1 1 1 1 1.616 1.923 1.917 1.762 1.611 1.554 1.506 1.414 1.317 1.241 1.169 1.109 1.071 1.04 1.019 1.001 0.9873 0.9825 0.9828 0.9811 0.9811 0.9792 0.9531 0.9274 0.8773 0.8171 0.7432 0.6594 0.5661 0.4725 0.3811 0.2987 0.2215 0.1581 0 0 0 0 0 0 0 0 0 0 0 1 1 1 1 1 1 1 1 1 1 1 1 1 1 1 1 1 1 1 1 1 .
Final weights: 
1 1 1 1 1 1 1 1 1 1 1.616 1.923 1.917 1.762 1.611 1.554 1.506 1.414 1.317 1.241 1.169 1.109 1.071 1.04 1.019 1.001 0.9873 0.9825 0.9828 0.9811 0.9811 0.9792 0.9531 0.9274 0.8773 0.8171 0.7432 0.6594 0.5661 0.4725 0.3811 0.2987 0.2215 0.1581 0 0 0 0 0 0 0 0 0 0 0 1 1 1 1 1 1 1 1 1 1 1 1 1 1 1 1 1 1 1 1 1 .
Normalization of pu_mc: 1
Normalization of pileup: 2.014e+10
Weights for variable pu_mc with a number of bins equal to 76:
1 1 1 1 1 1 1 1 1 1 2.784 3.074 2.661 2.24 1.976 1.881 1.801 1.669 1.544 1.453 1.364 1.27 1.186 1.113 1.061 1.016 0.9702 0.9245 0.8754 0.8192 0.7629 0.7065 0.6366 0.5722 0.4984 0.4252 0.3515 0.2804 0.2137 0.1564 0.1092 0 0 0 0 0 0 0 0 0 0 0 0 0 0 1 1 1 1 1 1 1 1 1 1 1 1 1 1 1 1 1 1 1 1 1 .
For maximum weight 3.074: integral relative change: 0
Final weights: 
1 1 1 1 1 1 1 1 1 1 2.784 3.074 2.661 2.24 1.976 1.881 1.801 1.669 1.544 1.453 1.364 1.27 1.186 1.113 1.061 1.016 0.9702 0.9245 0.8754 0.8192 0.7629 0.7065 0.6366 0.5722 0.4984 0.4252 0.3515 0.2804 0.2137 0.1564 0.1092 0 0 0 0 0 0 0 0 0 0 0 0 0 0 1 1 1 1 1 1 1 1 1 1 1 1 1 1 1 1 1 1 1 1 1 .
begin job of lepCalProducer
initializing all the rochester correction objects
initializing the egamma calibrator
Processed 13250000/13447062 entries (elapsed time     0.2s, curr speed   40.000 kHz, avg speed 53000.000 kHz), accepted        1/       1 events (100.00%)
Processed 13260000/13447062 entries (elapsed time    13.2s, curr speed    0.775 kHz, avg speed 1007.599 kHz), accepted    10001/   10001 events (100.00%)
Processed 13270000/13447062 entries (elapsed time    26.6s, curr speed    0.742 kHz, avg speed  498.123 kHz), accepted    20001/   20001 events (100.00%)
Processed 13280000/13447062 entries (elapsed time    40.0s, curr speed    0.748 kHz, avg speed  331.917 kHz), accepted    30001/   30001 events (100.00%)
Processed 13290000/13447062 entries (elapsed time    54.0s, curr speed    0.716 kHz, avg speed  246.248 kHz), accepted    40001/   40001 events (100.00%)
Processed 13300000/13447062 entries (elapsed time    67.5s, curr speed    0.737 kHz, avg speed  196.950 kHz), accepted    50001/   50001 events (100.00%)
Processed 13310000/13447062 entries (elapsed time    81.1s, curr speed    0.736 kHz, avg speed  164.078 kHz), accepted    60001/   60001 events (100.00%)
Processed 13320000/13447062 entries (elapsed time    94.3s, curr speed    0.759 kHz, avg speed  141.266 kHz), accepted    70001/   70001 events (100.00%)
Processed 13330000/13447062 entries (elapsed time   105.9s, curr speed    0.864 kHz, avg speed  125.909 kHz), accepted    80001/   80001 events (100.00%)
Processed 13340000/13447062 entries (elapsed time   117.3s, curr speed    0.876 kHz, avg speed  113.745 kHz), accepted    90001/   90001 events (100.00%)
Processed 13350000/13447062 entries (elapsed time   128.7s, curr speed    0.874 kHz, avg speed  103.713 kHz), accepted   100001/  100001 events (100.00%)
Processed 13360000/13447062 entries (elapsed time   140.5s, curr speed    0.848 kHz, avg speed   95.082 kHz), accepted   110001/  110001 events (100.00%)
Processed 13370000/13447062 entries (elapsed time   152.2s, curr speed    0.852 kHz, avg speed   87.816 kHz), accepted   120001/  120001 events (100.00%)
Processed 13380000/13447062 entries (elapsed time   179.1s, curr speed    0.372 kHz, avg speed   74.694 kHz), accepted   130001/  130001 events (100.00%)
Processed 13390000/13447062 entries (elapsed time   190.7s, curr speed    0.866 kHz, avg speed   70.222 kHz), accepted   140001/  140001 events (100.00%)
Processed 13400000/13447062 entries (elapsed time   202.3s, curr speed    0.858 kHz, avg speed   66.225 kHz), accepted   150001/  150001 events (100.00%)
Processed 13410000/13447062 entries (elapsed time   213.9s, curr speed    0.864 kHz, avg speed   62.687 kHz), accepted   160001/  160001 events (100.00%)
Processed 13420000/13447062 entries (elapsed time   225.2s, curr speed    0.883 kHz, avg speed   59.578 kHz), accepted   170001/  170001 events (100.00%)
Processed 13430000/13447062 entries (elapsed time   236.4s, curr speed    0.896 kHz, avg speed   56.808 kHz), accepted   180001/  180001 events (100.00%)
Processed 13440000/13447062 entries (elapsed time   247.7s, curr speed    0.886 kHz, avg speed   54.259 kHz), accepted   190001/  190001 events (100.00%)
Processed 197062 entries from MY_EOS_SPACE/heppyNtuples/TREES_SingleMuon2016BCDEF_94X/SingleMuon_Run2016D_part4/treeProducerWMass/tree.root, selected 197062 entries
Done MY_EOS_SPACE/heppyNtuples/TREES_SingleMuon2016BCDEF_94X/friends/tree_Friend_SingleMuon_Run2016D_part4.chunk53.root
