000 (322881.016.000) 05/10 15:24:42 Job submitted from host: <188.184.95.166:9618?addrs=188.184.95.166-9618+[2001-1458-201-e4--100-7a0]-9618&alias=tbird02.cern.ch&noUDP&sock=schedd_2138722_faad_3>
...
040 (322881.016.000) 05/10 15:25:43 Started transferring input files
	Transferring to host: <188.184.133.232:9618?addrs=188.184.133.232-9618+[2001-1458-301-a0--100-1ef]-9618&noUDP&sock=12999_b8aa_102829>
...
040 (322881.016.000) 05/10 15:25:43 Finished transferring input files
...
001 (322881.016.000) 05/10 15:25:44 Job executing on host: <188.184.133.232:9618?addrs=188.184.133.232-9618+[2001-1458-301-a0--100-1ef]-9618&noUDP&sock=12792_d394_3>
...
006 (322881.016.000) 05/10 15:25:52 Image size of job updated: 202996
	122  -  MemoryUsage of job (MB)
	124688  -  ResidentSetSize of job (KB)
...
006 (322881.016.000) 05/10 15:30:52 Image size of job updated: 576624
	480  -  MemoryUsage of job (MB)
	490548  -  ResidentSetSize of job (KB)
...
006 (322881.016.000) 05/10 15:32:06 Image size of job updated: 578556
	480  -  MemoryUsage of job (MB)
	490548  -  ResidentSetSize of job (KB)
...
040 (322881.016.000) 05/10 15:32:06 Started transferring output files
...
040 (322881.016.000) 05/10 15:32:06 Finished transferring output files
...
005 (322881.016.000) 05/10 15:32:06 Job terminated.
	(1) Normal termination (return value 1)
		Usr 0 00:05:38, Sys 0 00:00:36  -  Run Remote Usage
		Usr 0 00:00:00, Sys 0 00:00:00  -  Run Local Usage
		Usr 0 00:05:38, Sys 0 00:00:36  -  Total Remote Usage
		Usr 0 00:00:00, Sys 0 00:00:00  -  Total Local Usage
	9477  -  Run Bytes Sent By Job
	10941  -  Run Bytes Received By Job
	9477  -  Total Bytes Sent By Job
	10941  -  Total Bytes Received By Job
	Partitionable Resources :    Usage  Request Allocated 
	   Cpus                 :                 1           
	   Disk (KB)            :       72        1   2178019 
	   Memory (MB)          :      480     2000      2000 
...
