000 (322898.000.000) 05/10 15:24:58 Job submitted from host: <188.184.95.166:9618?addrs=188.184.95.166-9618+[2001-1458-201-e4--100-7a0]-9618&alias=tbird02.cern.ch&noUDP&sock=schedd_2138722_faad_3>
...
040 (322898.000.000) 05/10 15:37:42 Started transferring input files
	Transferring to host: <188.184.133.246:9618?addrs=188.184.133.246-9618+[2001-1458-301-a0--100-425]-9618&noUDP&sock=13638_f464_101781>
...
040 (322898.000.000) 05/10 15:37:42 Finished transferring input files
...
001 (322898.000.000) 05/10 15:37:43 Job executing on host: <188.184.133.246:9618?addrs=188.184.133.246-9618+[2001-1458-301-a0--100-425]-9618&noUDP&sock=13415_2715_3>
...
006 (322898.000.000) 05/10 15:37:51 Image size of job updated: 103876
	65  -  MemoryUsage of job (MB)
	66040  -  ResidentSetSize of job (KB)
...
006 (322898.000.000) 05/10 15:42:51 Image size of job updated: 487188
	475  -  MemoryUsage of job (MB)
	486316  -  ResidentSetSize of job (KB)
...
040 (322898.000.000) 05/10 15:43:58 Started transferring output files
...
040 (322898.000.000) 05/10 15:43:58 Finished transferring output files
...
005 (322898.000.000) 05/10 15:43:58 Job terminated.
	(1) Normal termination (return value 1)
		Usr 0 00:05:27, Sys 0 00:00:33  -  Run Remote Usage
		Usr 0 00:00:00, Sys 0 00:00:00  -  Run Local Usage
		Usr 0 00:05:27, Sys 0 00:00:33  -  Total Remote Usage
		Usr 0 00:00:00, Sys 0 00:00:00  -  Total Local Usage
	9309  -  Run Bytes Sent By Job
	10941  -  Run Bytes Received By Job
	9309  -  Total Bytes Sent By Job
	10941  -  Total Bytes Received By Job
	Partitionable Resources :    Usage  Request Allocated 
	   Cpus                 :                 1           
	   Disk (KB)            :       72        1   2105137 
	   Memory (MB)          :      475     2000      2000 
...
