000 (322887.023.000) 05/10 15:24:47 Job submitted from host: <188.184.95.166:9618?addrs=188.184.95.166-9618+[2001-1458-201-e4--100-7a0]-9618&alias=tbird02.cern.ch&noUDP&sock=schedd_2138722_faad_3>
...
040 (322887.023.000) 05/10 15:28:39 Started transferring input files
	Transferring to host: <188.184.186.33:9618?addrs=188.184.186.33-9618+[2001-1458-301-f8--100-27]-9618&noUDP&sock=20880_994a_18275>
...
040 (322887.023.000) 05/10 15:28:39 Finished transferring input files
...
001 (322887.023.000) 05/10 15:28:40 Job executing on host: <188.184.186.33:9618?addrs=188.184.186.33-9618+[2001-1458-301-f8--100-27]-9618&noUDP&sock=2371_e323_3>
...
006 (322887.023.000) 05/10 15:28:50 Image size of job updated: 167072
	102  -  MemoryUsage of job (MB)
	104212  -  ResidentSetSize of job (KB)
...
006 (322887.023.000) 05/10 15:33:50 Image size of job updated: 482880
	391  -  MemoryUsage of job (MB)
	400308  -  ResidentSetSize of job (KB)
...
006 (322887.023.000) 05/10 15:38:50 Image size of job updated: 498052
	479  -  MemoryUsage of job (MB)
	489912  -  ResidentSetSize of job (KB)
...
040 (322887.023.000) 05/10 15:39:36 Started transferring output files
...
040 (322887.023.000) 05/10 15:39:36 Finished transferring output files
...
005 (322887.023.000) 05/10 15:39:36 Job terminated.
	(1) Normal termination (return value 1)
		Usr 0 00:09:18, Sys 0 00:00:50  -  Run Remote Usage
		Usr 0 00:00:00, Sys 0 00:00:00  -  Run Local Usage
		Usr 0 00:09:18, Sys 0 00:00:50  -  Total Remote Usage
		Usr 0 00:00:00, Sys 0 00:00:00  -  Total Local Usage
	9477  -  Run Bytes Sent By Job
	10941  -  Run Bytes Received By Job
	9477  -  Total Bytes Sent By Job
	10941  -  Total Bytes Received By Job
	Partitionable Resources :    Usage  Request Allocated 
	   Cpus                 :     1.02        1         1 
	   Disk (KB)            :    80           1    217260 
	   Memory (MB)          :   479        2000      2000 
...
