000 (322888.034.000) 05/10 15:24:49 Job submitted from host: <188.184.95.166:9618?addrs=188.184.95.166-9618+[2001-1458-201-e4--100-7a0]-9618&alias=tbird02.cern.ch&noUDP&sock=schedd_2138722_faad_3>
...
040 (322888.034.000) 05/10 15:31:08 Started transferring input files
	Transferring to host: <128.142.240.25:9618?addrs=128.142.240.25-9618+[2001-1458-301-f9--100-b]-9618&noUDP&sock=4151_8142_126241>
...
040 (322888.034.000) 05/10 15:31:08 Finished transferring input files
...
001 (322888.034.000) 05/10 15:31:09 Job executing on host: <128.142.240.25:9618?addrs=128.142.240.25-9618+[2001-1458-301-f9--100-b]-9618&noUDP&sock=2416_c0e6_3>
...
006 (322888.034.000) 05/10 15:31:17 Image size of job updated: 309944
	223  -  MemoryUsage of job (MB)
	227536  -  ResidentSetSize of job (KB)
...
006 (322888.034.000) 05/10 15:36:17 Image size of job updated: 490052
	479  -  MemoryUsage of job (MB)
	489700  -  ResidentSetSize of job (KB)
...
006 (322888.034.000) 05/10 15:37:01 Image size of job updated: 901964
	479  -  MemoryUsage of job (MB)
	489700  -  ResidentSetSize of job (KB)
...
040 (322888.034.000) 05/10 15:37:01 Started transferring output files
...
040 (322888.034.000) 05/10 15:37:01 Finished transferring output files
...
005 (322888.034.000) 05/10 15:37:01 Job terminated.
	(1) Normal termination (return value 1)
		Usr 0 00:05:15, Sys 0 00:00:33  -  Run Remote Usage
		Usr 0 00:00:00, Sys 0 00:00:00  -  Run Local Usage
		Usr 0 00:05:15, Sys 0 00:00:33  -  Total Remote Usage
		Usr 0 00:00:00, Sys 0 00:00:00  -  Total Local Usage
	9477  -  Run Bytes Sent By Job
	10941  -  Run Bytes Received By Job
	9477  -  Total Bytes Sent By Job
	10941  -  Total Bytes Received By Job
	Partitionable Resources :    Usage  Request Allocated 
	   Cpus                 :                 1           
	   Disk (KB)            :       72        1   2110502 
	   Memory (MB)          :      479     2000      2000 
...
