000 (322885.022.000) 05/10 15:24:46 Job submitted from host: <188.184.95.166:9618?addrs=188.184.95.166-9618+[2001-1458-201-e4--100-7a0]-9618&alias=tbird02.cern.ch&noUDP&sock=schedd_2138722_faad_3>
...
040 (322885.022.000) 05/10 15:27:46 Started transferring input files
	Transferring to host: <188.184.186.33:9618?addrs=188.184.186.33-9618+[2001-1458-301-f8--100-27]-9618&noUDP&sock=20880_994a_18270>
...
040 (322885.022.000) 05/10 15:27:46 Finished transferring input files
...
001 (322885.022.000) 05/10 15:27:47 Job executing on host: <188.184.186.33:9618?addrs=188.184.186.33-9618+[2001-1458-301-f8--100-27]-9618&noUDP&sock=2371_e323_3>
...
006 (322885.022.000) 05/10 15:27:55 Image size of job updated: 164352
	153  -  MemoryUsage of job (MB)
	155824  -  ResidentSetSize of job (KB)
...
006 (322885.022.000) 05/10 15:32:56 Image size of job updated: 403912
	395  -  MemoryUsage of job (MB)
	403784  -  ResidentSetSize of job (KB)
...
006 (322885.022.000) 05/10 15:37:57 Image size of job updated: 490460
	479  -  MemoryUsage of job (MB)
	490332  -  ResidentSetSize of job (KB)
...
040 (322885.022.000) 05/10 15:38:51 Started transferring output files
...
040 (322885.022.000) 05/10 15:38:51 Finished transferring output files
...
005 (322885.022.000) 05/10 15:38:51 Job terminated.
	(1) Normal termination (return value 1)
		Usr 0 00:09:29, Sys 0 00:00:51  -  Run Remote Usage
		Usr 0 00:00:00, Sys 0 00:00:00  -  Run Local Usage
		Usr 0 00:09:29, Sys 0 00:00:51  -  Total Remote Usage
		Usr 0 00:00:00, Sys 0 00:00:00  -  Total Local Usage
	9477  -  Run Bytes Sent By Job
	10941  -  Run Bytes Received By Job
	9477  -  Total Bytes Sent By Job
	10941  -  Total Bytes Received By Job
	Partitionable Resources :    Usage  Request Allocated 
	   Cpus                 :     0.99        1         1 
	   Disk (KB)            :    79           1    217261 
	   Memory (MB)          :   479        2000      2000 
...
