000 (322898.011.000) 05/10 15:24:58 Job submitted from host: <188.184.95.166:9618?addrs=188.184.95.166-9618+[2001-1458-201-e4--100-7a0]-9618&alias=tbird02.cern.ch&noUDP&sock=schedd_2138722_faad_3>
...
040 (322898.011.000) 05/10 15:37:50 Started transferring input files
	Transferring to host: <128.142.240.42:9618?addrs=128.142.240.42-9618+[2001-1458-301-f9--100-12]-9618&noUDP&sock=4165_5e82_126653>
...
040 (322898.011.000) 05/10 15:37:50 Finished transferring input files
...
001 (322898.011.000) 05/10 15:37:51 Job executing on host: <128.142.240.42:9618?addrs=128.142.240.42-9618+[2001-1458-301-f9--100-12]-9618&noUDP&sock=2326_0560_3>
...
006 (322898.011.000) 05/10 15:38:00 Image size of job updated: 247088
	167  -  MemoryUsage of job (MB)
	170464  -  ResidentSetSize of job (KB)
...
006 (322898.011.000) 05/10 15:43:02 Image size of job updated: 575040
	481  -  MemoryUsage of job (MB)
	491944  -  ResidentSetSize of job (KB)
...
006 (322898.011.000) 05/10 15:43:42 Image size of job updated: 577380
	481  -  MemoryUsage of job (MB)
	491944  -  ResidentSetSize of job (KB)
...
040 (322898.011.000) 05/10 15:43:42 Started transferring output files
...
040 (322898.011.000) 05/10 15:43:42 Finished transferring output files
...
005 (322898.011.000) 05/10 15:43:42 Job terminated.
	(1) Normal termination (return value 1)
		Usr 0 00:05:05, Sys 0 00:00:35  -  Run Remote Usage
		Usr 0 00:00:00, Sys 0 00:00:00  -  Run Local Usage
		Usr 0 00:05:05, Sys 0 00:00:35  -  Total Remote Usage
		Usr 0 00:00:00, Sys 0 00:00:00  -  Total Local Usage
	9477  -  Run Bytes Sent By Job
	10941  -  Run Bytes Received By Job
	9477  -  Total Bytes Sent By Job
	10941  -  Total Bytes Received By Job
	Partitionable Resources :    Usage  Request Allocated 
	   Cpus                 :                 1           
	   Disk (KB)            :       72        1   2179204 
	   Memory (MB)          :      481     2000      2000 
...
