000 (322884.051.000) 05/10 15:24:45 Job submitted from host: <188.184.95.166:9618?addrs=188.184.95.166-9618+[2001-1458-201-e4--100-7a0]-9618&alias=tbird02.cern.ch&noUDP&sock=schedd_2138722_faad_3>
...
040 (322884.051.000) 05/10 15:27:35 Started transferring input files
	Transferring to host: <128.142.33.145:9618?addrs=128.142.33.145-9618+[2001-1458-301-117--100-4f]-9618&noUDP&sock=13007_5baa_102994>
...
040 (322884.051.000) 05/10 15:27:35 Finished transferring input files
...
001 (322884.051.000) 05/10 15:27:36 Job executing on host: <128.142.33.145:9618?addrs=128.142.33.145-9618+[2001-1458-301-117--100-4f]-9618&noUDP&sock=12799_a0be_3>
...
006 (322884.051.000) 05/10 15:27:44 Image size of job updated: 152308
	90  -  MemoryUsage of job (MB)
	91352  -  ResidentSetSize of job (KB)
...
006 (322884.051.000) 05/10 15:32:44 Image size of job updated: 490940
	479  -  MemoryUsage of job (MB)
	489988  -  ResidentSetSize of job (KB)
...
040 (322884.051.000) 05/10 15:33:34 Started transferring output files
...
040 (322884.051.000) 05/10 15:33:34 Finished transferring output files
...
005 (322884.051.000) 05/10 15:33:34 Job terminated.
	(1) Normal termination (return value 1)
		Usr 0 00:05:14, Sys 0 00:00:35  -  Run Remote Usage
		Usr 0 00:00:00, Sys 0 00:00:00  -  Run Local Usage
		Usr 0 00:05:14, Sys 0 00:00:35  -  Total Remote Usage
		Usr 0 00:00:00, Sys 0 00:00:00  -  Total Local Usage
	9479  -  Run Bytes Sent By Job
	10941  -  Run Bytes Received By Job
	9479  -  Total Bytes Sent By Job
	10941  -  Total Bytes Received By Job
	Partitionable Resources :    Usage  Request Allocated 
	   Cpus                 :                 1           
	   Disk (KB)            :       72        1   2195586 
	   Memory (MB)          :      479     2000      2000 
...
