000 (322894.000.000) 05/10 15:24:54 Job submitted from host: <188.184.95.166:9618?addrs=188.184.95.166-9618+[2001-1458-201-e4--100-7a0]-9618&alias=tbird02.cern.ch&noUDP&sock=schedd_2138722_faad_3>
...
040 (322894.000.000) 05/10 15:34:56 Started transferring input files
	Transferring to host: <188.184.186.9:9618?addrs=188.184.186.9-9618+[2001-1458-301-f8--100-11]-9618&noUDP&sock=8388_dace_18563>
...
040 (322894.000.000) 05/10 15:34:56 Finished transferring input files
...
001 (322894.000.000) 05/10 15:34:57 Job executing on host: <188.184.186.9:9618?addrs=188.184.186.9-9618+[2001-1458-301-f8--100-11]-9618&noUDP&sock=2355_e99f_3>
...
006 (322894.000.000) 05/10 15:35:06 Image size of job updated: 165016
	101  -  MemoryUsage of job (MB)
	102780  -  ResidentSetSize of job (KB)
...
006 (322894.000.000) 05/10 15:40:07 Image size of job updated: 404452
	395  -  MemoryUsage of job (MB)
	403796  -  ResidentSetSize of job (KB)
...
006 (322894.000.000) 05/10 15:45:07 Image size of job updated: 487572
	476  -  MemoryUsage of job (MB)
	486916  -  ResidentSetSize of job (KB)
...
040 (322894.000.000) 05/10 15:46:33 Started transferring output files
...
040 (322894.000.000) 05/10 15:46:33 Finished transferring output files
...
005 (322894.000.000) 05/10 15:46:33 Job terminated.
	(1) Normal termination (return value 1)
		Usr 0 00:09:45, Sys 0 00:00:56  -  Run Remote Usage
		Usr 0 00:00:00, Sys 0 00:00:00  -  Run Local Usage
		Usr 0 00:09:45, Sys 0 00:00:56  -  Total Remote Usage
		Usr 0 00:00:00, Sys 0 00:00:00  -  Total Local Usage
	9309  -  Run Bytes Sent By Job
	10941  -  Run Bytes Received By Job
	9309  -  Total Bytes Sent By Job
	10941  -  Total Bytes Received By Job
	Partitionable Resources :    Usage  Request Allocated 
	   Cpus                 :     0.98        1         1 
	   Disk (KB)            :    79           1    215245 
	   Memory (MB)          :   476        2000      2000 
...
