000 (322893.049.000) 05/10 15:24:53 Job submitted from host: <188.184.95.166:9618?addrs=188.184.95.166-9618+[2001-1458-201-e4--100-7a0]-9618&alias=tbird02.cern.ch&noUDP&sock=schedd_2138722_faad_3>
...
040 (322893.049.000) 05/10 15:34:30 Started transferring input files
	Transferring to host: <188.184.132.22:9618?addrs=188.184.132.22-9618+[2001-1458-301-a0--100-18]-9618&noUDP&sock=3907_95b8_126198>
...
040 (322893.049.000) 05/10 15:34:30 Finished transferring input files
...
001 (322893.049.000) 05/10 15:34:31 Job executing on host: <188.184.132.22:9618?addrs=188.184.132.22-9618+[2001-1458-301-a0--100-18]-9618&noUDP&sock=2334_8222_3>
...
006 (322893.049.000) 05/10 15:34:39 Image size of job updated: 116092
	58  -  MemoryUsage of job (MB)
	59312  -  ResidentSetSize of job (KB)
...
006 (322893.049.000) 05/10 15:39:39 Image size of job updated: 489880
	477  -  MemoryUsage of job (MB)
	487684  -  ResidentSetSize of job (KB)
...
040 (322893.049.000) 05/10 15:40:39 Started transferring output files
...
040 (322893.049.000) 05/10 15:40:39 Finished transferring output files
...
005 (322893.049.000) 05/10 15:40:39 Job terminated.
	(1) Normal termination (return value 1)
		Usr 0 00:05:12, Sys 0 00:00:35  -  Run Remote Usage
		Usr 0 00:00:00, Sys 0 00:00:00  -  Run Local Usage
		Usr 0 00:05:12, Sys 0 00:00:35  -  Total Remote Usage
		Usr 0 00:00:00, Sys 0 00:00:00  -  Total Local Usage
	9479  -  Run Bytes Sent By Job
	10941  -  Run Bytes Received By Job
	9479  -  Total Bytes Sent By Job
	10941  -  Total Bytes Received By Job
	Partitionable Resources :    Usage  Request Allocated 
	   Cpus                 :                 1           
	   Disk (KB)            :       72        1   2167243 
	   Memory (MB)          :      477     2000      2000 
...
