000 (322897.002.000) 05/10 15:24:57 Job submitted from host: <188.184.95.166:9618?addrs=188.184.95.166-9618+[2001-1458-201-e4--100-7a0]-9618&alias=tbird02.cern.ch&noUDP&sock=schedd_2138722_faad_3>
...
040 (322897.002.000) 05/10 15:37:12 Started transferring input files
	Transferring to host: <128.142.240.8:9618?addrs=128.142.240.8-9618+[2001-1458-301-f9--100-3]-9618&noUDP&sock=4187_dec3_126278>
...
040 (322897.002.000) 05/10 15:37:12 Finished transferring input files
...
001 (322897.002.000) 05/10 15:37:13 Job executing on host: <128.142.240.8:9618?addrs=128.142.240.8-9618+[2001-1458-301-f9--100-3]-9618&noUDP&sock=2337_90eb_3>
...
006 (322897.002.000) 05/10 15:37:22 Image size of job updated: 120856
	58  -  MemoryUsage of job (MB)
	59312  -  ResidentSetSize of job (KB)
...
006 (322897.002.000) 05/10 15:42:23 Image size of job updated: 556668
	478  -  MemoryUsage of job (MB)
	488712  -  ResidentSetSize of job (KB)
...
006 (322897.002.000) 05/10 15:43:26 Image size of job updated: 556676
	478  -  MemoryUsage of job (MB)
	488712  -  ResidentSetSize of job (KB)
...
040 (322897.002.000) 05/10 15:43:26 Started transferring output files
...
040 (322897.002.000) 05/10 15:43:26 Finished transferring output files
...
005 (322897.002.000) 05/10 15:43:26 Job terminated.
	(1) Normal termination (return value 1)
		Usr 0 00:04:56, Sys 0 00:00:34  -  Run Remote Usage
		Usr 0 00:00:00, Sys 0 00:00:00  -  Run Local Usage
		Usr 0 00:04:56, Sys 0 00:00:34  -  Total Remote Usage
		Usr 0 00:00:00, Sys 0 00:00:00  -  Total Local Usage
	9471  -  Run Bytes Sent By Job
	10941  -  Run Bytes Received By Job
	9471  -  Total Bytes Sent By Job
	10941  -  Total Bytes Received By Job
	Partitionable Resources :    Usage  Request Allocated 
	   Cpus                 :                 1           
	   Disk (KB)            :       72        1   2143749 
	   Memory (MB)          :      478     2000      2000 
...
