000 (322893.030.000) 05/10 15:24:53 Job submitted from host: <188.184.95.166:9618?addrs=188.184.95.166-9618+[2001-1458-201-e4--100-7a0]-9618&alias=tbird02.cern.ch&noUDP&sock=schedd_2138722_faad_3>
...
040 (322893.030.000) 05/10 15:34:13 Started transferring input files
	Transferring to host: <188.184.186.18:9618?addrs=188.184.186.18-9618+[2001-1458-301-f8--100-17]-9618&noUDP&sock=4234_fc65_126161>
...
040 (322893.030.000) 05/10 15:34:13 Finished transferring input files
...
001 (322893.030.000) 05/10 15:34:14 Job executing on host: <188.184.186.18:9618?addrs=188.184.186.18-9618+[2001-1458-301-f8--100-17]-9618&noUDP&sock=2341_4f4c_3>
...
006 (322893.030.000) 05/10 15:34:23 Image size of job updated: 169468
	104  -  MemoryUsage of job (MB)
	106304  -  ResidentSetSize of job (KB)
...
006 (322893.030.000) 05/10 15:39:24 Image size of job updated: 487364
	474  -  MemoryUsage of job (MB)
	485020  -  ResidentSetSize of job (KB)
...
040 (322893.030.000) 05/10 15:40:42 Started transferring output files
...
040 (322893.030.000) 05/10 15:40:42 Finished transferring output files
...
005 (322893.030.000) 05/10 15:40:42 Job terminated.
	(1) Normal termination (return value 1)
		Usr 0 00:05:24, Sys 0 00:00:34  -  Run Remote Usage
		Usr 0 00:00:00, Sys 0 00:00:00  -  Run Local Usage
		Usr 0 00:05:24, Sys 0 00:00:34  -  Total Remote Usage
		Usr 0 00:00:00, Sys 0 00:00:00  -  Total Local Usage
	9477  -  Run Bytes Sent By Job
	10941  -  Run Bytes Received By Job
	9477  -  Total Bytes Sent By Job
	10941  -  Total Bytes Received By Job
	Partitionable Resources :    Usage  Request Allocated 
	   Cpus                 :                 1           
	   Disk (KB)            :       72        1   2126701 
	   Memory (MB)          :      474     2000      2000 
...
