000 (322882.053.000) 05/10 15:24:43 Job submitted from host: <188.184.95.166:9618?addrs=188.184.95.166-9618+[2001-1458-201-e4--100-7a0]-9618&alias=tbird02.cern.ch&noUDP&sock=schedd_2138722_faad_3>
...
040 (322882.053.000) 05/10 15:26:14 Started transferring input files
	Transferring to host: <128.142.240.13:9618?addrs=128.142.240.13-9618&noUDP&sock=3822_b1d4_9903>
...
040 (322882.053.000) 05/10 15:26:14 Finished transferring input files
...
001 (322882.053.000) 05/10 15:26:15 Job executing on host: <128.142.240.13:9618?addrs=128.142.240.13-9618&noUDP&sock=2675_67ee_3>
...
006 (322882.053.000) 05/10 15:26:24 Image size of job updated: 105108
	103  -  MemoryUsage of job (MB)
	104636  -  ResidentSetSize of job (KB)
...
006 (322882.053.000) 05/10 15:31:24 Image size of job updated: 402952
	394  -  MemoryUsage of job (MB)
	402880  -  ResidentSetSize of job (KB)
...
006 (322882.053.000) 05/10 15:36:24 Image size of job updated: 488640
	478  -  MemoryUsage of job (MB)
	488548  -  ResidentSetSize of job (KB)
...
006 (322882.053.000) 05/10 15:38:07 Image size of job updated: 679296
	478  -  MemoryUsage of job (MB)
	488548  -  ResidentSetSize of job (KB)
...
040 (322882.053.000) 05/10 15:38:07 Started transferring output files
...
040 (322882.053.000) 05/10 15:38:07 Finished transferring output files
...
005 (322882.053.000) 05/10 15:38:07 Job terminated.
	(1) Normal termination (return value 1)
		Usr 0 00:09:44, Sys 0 00:00:58  -  Run Remote Usage
		Usr 0 00:00:00, Sys 0 00:00:00  -  Run Local Usage
		Usr 0 00:09:44, Sys 0 00:00:58  -  Total Remote Usage
		Usr 0 00:00:00, Sys 0 00:00:00  -  Total Local Usage
	15155  -  Run Bytes Sent By Job
	10941  -  Run Bytes Received By Job
	15155  -  Total Bytes Sent By Job
	10941  -  Total Bytes Received By Job
	Partitionable Resources :    Usage  Request Allocated 
	   Cpus                 :     1.00        1         1 
	   Disk (KB)            :    81           1    211225 
	   Memory (MB)          :   478        2000      2000 
...
