   SingleMuon_Run2016F_part2   DATA  64 chunks


I have 1 taks to process
I'm using the following list of modules DEFAULT_MODULES
this is jobs [('SingleMuon_Run2016F_part2', 'MY_EOS_SPACE/heppyNtuples/TREES_SingleMuon2016BCDEF_94X/SingleMuon_Run2016F_part2/treeProducerWMass/tree.root', 24596890.0, '_Friend_SingleMuon_Run2016F_part2.chunk54', True, xrange(13500000, 13750000), 54)]
Modules to run:  []   name =  puWeight
Loading puWeight from CMGTools.WMass.postprocessing.examples.puWeightProducer 
Running on dataset =  SingleMuon_Run2016F_part2
TFile: name=/afs/cern.ch/work/m/mciprian/w_mass_analysis/heppy/rel_slc7/CMSSW_9_4_12/src/CMGTools/WMass/python/postprocessing/data/pileup/pileup_profile_Summer16.root, title=, option=READ
TFile: name=/afs/cern.ch/work/m/mciprian/w_mass_analysis/heppy/rel_slc7/CMSSW_9_4_12/src/CMGTools/WMass/python/postprocessing/data/pileup/PileupData_GoldenJSON_Full2016.root, title=, option=READ
Load C++ Worker
Modules to run:  []   name =  puWeight2016BF
Loading puWeight2016BF from CMGTools.WMass.postprocessing.examples.puWeightProducer 
Running on dataset =  SingleMuon_Run2016F_part2
TFile: name=/afs/cern.ch/work/m/mciprian/w_mass_analysis/heppy/rel_slc7/CMSSW_9_4_12/src/CMGTools/WMass/python/postprocessing/data/pileup/pileup_profile_Summer16.root, title=, option=READ
TFile: name=/afs/cern.ch/work/m/mciprian/w_mass_analysis/heppy/rel_slc7/CMSSW_9_4_12/src/CMGTools/WMass/python/postprocessing/data/pileup/PileupData_GoldenJSON_2016BF.root, title=, option=READ
Modules to run:  []   name =  lepQCDAwayJetAll
Loading lepQCDAwayJetAll from CMGTools.WMass.postprocessing.examples.lepVarProducer 
Running on dataset =  SingleMuon_Run2016F_part2
Modules to run:  []   name =  muCalibratedWithStatVar
Loading muCalibratedWithStatVar from CMGTools.WMass.postprocessing.examples.lepVarProducer 
Running on dataset =  SingleMuon_Run2016F_part2
did not find EnergyScaleCorrection shared object, rebuilding
trying to load all the rochester correction libraries
did not find legacy data roccor. rebuilding...
done building legacy data roccor.
Modules to run:  []   name =  jetAllReCleaner
Loading jetAllReCleaner from CMGTools.WMass.postprocessing.examples.jetReCleaner 
Running on dataset =  SingleMuon_Run2016F_part2
Load C++ Worker
Modules to run:  []   name =  jetReCleaner
Loading jetReCleaner from CMGTools.WMass.postprocessing.examples.jetReCleaner 
Running on dataset =  SingleMuon_Run2016F_part2
Load C++ Worker
Modules to run:  []   name =  genQEDJets
Loading genQEDJets from CMGTools.WMass.postprocessing.examples.genFriendProducer 
Running on dataset =  SingleMuon_Run2016F_part2
Will write selected trees to MY_EOS_SPACE/heppyNtuples/TREES_SingleMuon2016BCDEF_94X/friends/
Normalization of pu_mc: 0.999973
Normalization of pileup: 3.65129e+10
Weights for variable pu_mc with a number of bins equal to 76:
1 1 1 1 1 1 1 1 1 1 1.616 1.923 1.917 1.762 1.611 1.554 1.506 1.414 1.317 1.241 1.169 1.109 1.071 1.04 1.019 1.001 0.9873 0.9825 0.9828 0.9811 0.9811 0.9792 0.9531 0.9274 0.8773 0.8171 0.7432 0.6594 0.5661 0.4725 0.3811 0.2987 0.2215 0.1581 0 0 0 0 0 0 0 0 0 0 0 1 1 1 1 1 1 1 1 1 1 1 1 1 1 1 1 1 1 1 1 1 .
Final weights: 
1 1 1 1 1 1 1 1 1 1 1.616 1.923 1.917 1.762 1.611 1.554 1.506 1.414 1.317 1.241 1.169 1.109 1.071 1.04 1.019 1.001 0.9873 0.9825 0.9828 0.9811 0.9811 0.9792 0.9531 0.9274 0.8773 0.8171 0.7432 0.6594 0.5661 0.4725 0.3811 0.2987 0.2215 0.1581 0 0 0 0 0 0 0 0 0 0 0 1 1 1 1 1 1 1 1 1 1 1 1 1 1 1 1 1 1 1 1 1 .
Normalization of pu_mc: 1
Normalization of pileup: 2.014e+10
Weights for variable pu_mc with a number of bins equal to 76:
1 1 1 1 1 1 1 1 1 1 2.784 3.074 2.661 2.24 1.976 1.881 1.801 1.669 1.544 1.453 1.364 1.27 1.186 1.113 1.061 1.016 0.9702 0.9245 0.8754 0.8192 0.7629 0.7065 0.6366 0.5722 0.4984 0.4252 0.3515 0.2804 0.2137 0.1564 0.1092 0 0 0 0 0 0 0 0 0 0 0 0 0 0 1 1 1 1 1 1 1 1 1 1 1 1 1 1 1 1 1 1 1 1 1 .
For maximum weight 3.074: integral relative change: 0
Final weights: 
1 1 1 1 1 1 1 1 1 1 2.784 3.074 2.661 2.24 1.976 1.881 1.801 1.669 1.544 1.453 1.364 1.27 1.186 1.113 1.061 1.016 0.9702 0.9245 0.8754 0.8192 0.7629 0.7065 0.6366 0.5722 0.4984 0.4252 0.3515 0.2804 0.2137 0.1564 0.1092 0 0 0 0 0 0 0 0 0 0 0 0 0 0 1 1 1 1 1 1 1 1 1 1 1 1 1 1 1 1 1 1 1 1 1 .
begin job of lepCalProducer
initializing all the rochester correction objects
initializing the egamma calibrator
Processed 13500000/15896711 entries (elapsed time     0.2s, curr speed   47.619 kHz, avg speed 64285.714 kHz), accepted        1/       1 events (100.00%)
Processed 13510000/15896711 entries (elapsed time    22.1s, curr speed    0.458 kHz, avg speed  612.698 kHz), accepted    10001/   10001 events (100.00%)
Processed 13520000/15896711 entries (elapsed time    44.5s, curr speed    0.446 kHz, avg speed  304.025 kHz), accepted    20001/   20001 events (100.00%)
Processed 13530000/15896711 entries (elapsed time    67.7s, curr speed    0.430 kHz, avg speed  199.793 kHz), accepted    30001/   30001 events (100.00%)
Processed 13540000/15896711 entries (elapsed time    90.0s, curr speed    0.450 kHz, avg speed  150.528 kHz), accepted    40001/   40001 events (100.00%)
Processed 13550000/15896711 entries (elapsed time   111.0s, curr speed    0.474 kHz, avg speed  122.039 kHz), accepted    50001/   50001 events (100.00%)
Processed 13560000/15896711 entries (elapsed time   132.3s, curr speed    0.471 kHz, avg speed  102.510 kHz), accepted    60001/   60001 events (100.00%)
Processed 13570000/15896711 entries (elapsed time   152.2s, curr speed    0.503 kHz, avg speed   89.171 kHz), accepted    70001/   70001 events (100.00%)
Processed 13580000/15896711 entries (elapsed time   169.3s, curr speed    0.584 kHz, avg speed   80.217 kHz), accepted    80001/   80001 events (100.00%)
Processed 13590000/15896711 entries (elapsed time   187.4s, curr speed    0.552 kHz, avg speed   72.511 kHz), accepted    90001/   90001 events (100.00%)
Processed 13600000/15896711 entries (elapsed time   205.8s, curr speed    0.545 kHz, avg speed   66.090 kHz), accepted   100001/  100001 events (100.00%)
Processed 13610000/15896711 entries (elapsed time   223.1s, curr speed    0.579 kHz, avg speed   61.015 kHz), accepted   110001/  110001 events (100.00%)
Processed 13620000/15896711 entries (elapsed time   239.9s, curr speed    0.595 kHz, avg speed   56.778 kHz), accepted   120001/  120001 events (100.00%)
Processed 13630000/15896711 entries (elapsed time   280.7s, curr speed    0.245 kHz, avg speed   48.559 kHz), accepted   130001/  130001 events (100.00%)
Processed 13640000/15896711 entries (elapsed time   297.0s, curr speed    0.612 kHz, avg speed   45.923 kHz), accepted   140001/  140001 events (100.00%)
Processed 13650000/15896711 entries (elapsed time   313.4s, curr speed    0.611 kHz, avg speed   43.555 kHz), accepted   150001/  150001 events (100.00%)
Processed 13660000/15896711 entries (elapsed time   329.9s, curr speed    0.606 kHz, avg speed   41.405 kHz), accepted   160001/  160001 events (100.00%)
Processed 13670000/15896711 entries (elapsed time   346.5s, curr speed    0.604 kHz, avg speed   39.455 kHz), accepted   170001/  170001 events (100.00%)
Processed 13680000/15896711 entries (elapsed time   361.0s, curr speed    0.690 kHz, avg speed   37.898 kHz), accepted   180001/  180001 events (100.00%)
Processed 13690000/15896711 entries (elapsed time   375.9s, curr speed    0.669 kHz, avg speed   36.417 kHz), accepted   190001/  190001 events (100.00%)
Processed 13700000/15896711 entries (elapsed time   410.2s, curr speed    0.291 kHz, avg speed   33.394 kHz), accepted   200001/  200001 events (100.00%)
Processed 13710000/15896711 entries (elapsed time   424.4s, curr speed    0.704 kHz, avg speed   32.301 kHz), accepted   210001/  210001 events (100.00%)
Processed 13720000/15896711 entries (elapsed time   438.9s, curr speed    0.693 kHz, avg speed   31.261 kHz), accepted   220001/  220001 events (100.00%)
Processed 13730000/15896711 entries (elapsed time   453.7s, curr speed    0.677 kHz, avg speed   30.266 kHz), accepted   230001/  230001 events (100.00%)
Processed 13740000/15896711 entries (elapsed time   469.7s, curr speed    0.625 kHz, avg speed   29.255 kHz), accepted   240001/  240001 events (100.00%)
Processed 250000 entries from MY_EOS_SPACE/heppyNtuples/TREES_SingleMuon2016BCDEF_94X/SingleMuon_Run2016F_part2/treeProducerWMass/tree.root, selected 250000 entries
Done MY_EOS_SPACE/heppyNtuples/TREES_SingleMuon2016BCDEF_94X/friends/tree_Friend_SingleMuon_Run2016F_part2.chunk54.root
