000 (322885.044.000) 05/10 15:24:46 Job submitted from host: <188.184.95.166:9618?addrs=188.184.95.166-9618+[2001-1458-201-e4--100-7a0]-9618&alias=tbird02.cern.ch&noUDP&sock=schedd_2138722_faad_3>
...
040 (322885.044.000) 05/10 15:27:53 Started transferring input files
	Transferring to host: <128.142.240.20:9618?addrs=128.142.240.20-9618+[2001-1458-301-f9--100-4]-9618&noUDP&sock=15786_6a3b_18202>
...
040 (322885.044.000) 05/10 15:27:53 Finished transferring input files
...
001 (322885.044.000) 05/10 15:27:54 Job executing on host: <128.142.240.20:9618?addrs=128.142.240.20-9618+[2001-1458-301-f9--100-4]-9618&noUDP&sock=2375_a184_3>
...
006 (322885.044.000) 05/10 15:28:03 Image size of job updated: 107140
	103  -  MemoryUsage of job (MB)
	105368  -  ResidentSetSize of job (KB)
...
006 (322885.044.000) 05/10 15:33:04 Image size of job updated: 490936
	479  -  MemoryUsage of job (MB)
	490276  -  ResidentSetSize of job (KB)
...
006 (322885.044.000) 05/10 15:36:55 Image size of job updated: 903176
	479  -  MemoryUsage of job (MB)
	490276  -  ResidentSetSize of job (KB)
...
040 (322885.044.000) 05/10 15:36:55 Started transferring output files
...
040 (322885.044.000) 05/10 15:36:55 Finished transferring output files
...
005 (322885.044.000) 05/10 15:36:55 Job terminated.
	(1) Normal termination (return value 1)
		Usr 0 00:07:39, Sys 0 00:00:45  -  Run Remote Usage
		Usr 0 00:00:00, Sys 0 00:00:00  -  Run Local Usage
		Usr 0 00:07:39, Sys 0 00:00:45  -  Total Remote Usage
		Usr 0 00:00:00, Sys 0 00:00:00  -  Total Local Usage
	9479  -  Run Bytes Sent By Job
	10941  -  Run Bytes Received By Job
	9479  -  Total Bytes Sent By Job
	10941  -  Total Bytes Received By Job
	Partitionable Resources :    Usage  Request Allocated 
	   Cpus                 :     1.00        1         1 
	   Disk (KB)            :    79           1    213209 
	   Memory (MB)          :   479        2000      2000 
...
