000 (322894.041.000) 05/10 15:24:54 Job submitted from host: <188.184.95.166:9618?addrs=188.184.95.166-9618+[2001-1458-201-e4--100-7a0]-9618&alias=tbird02.cern.ch&noUDP&sock=schedd_2138722_faad_3>
...
040 (322894.041.000) 05/10 15:35:51 Started transferring input files
	Transferring to host: <128.142.33.167:9618?addrs=128.142.33.167-9618+[2001-1458-301-117--100-23e]-9618&noUDP&sock=13023_a1ab_103372>
...
040 (322894.041.000) 05/10 15:35:51 Finished transferring input files
...
001 (322894.041.000) 05/10 15:35:52 Job executing on host: <128.142.33.167:9618?addrs=128.142.33.167-9618+[2001-1458-301-117--100-23e]-9618&noUDP&sock=12815_9a42_3>
...
006 (322894.041.000) 05/10 15:36:01 Image size of job updated: 331180
	243  -  MemoryUsage of job (MB)
	248756  -  ResidentSetSize of job (KB)
...
006 (322894.041.000) 05/10 15:41:03 Image size of job updated: 571480
	478  -  MemoryUsage of job (MB)
	489004  -  ResidentSetSize of job (KB)
...
040 (322894.041.000) 05/10 15:41:49 Started transferring output files
...
040 (322894.041.000) 05/10 15:41:49 Finished transferring output files
...
005 (322894.041.000) 05/10 15:41:49 Job terminated.
	(1) Normal termination (return value 1)
		Usr 0 00:05:16, Sys 0 00:00:33  -  Run Remote Usage
		Usr 0 00:00:00, Sys 0 00:00:00  -  Run Local Usage
		Usr 0 00:05:16, Sys 0 00:00:33  -  Total Remote Usage
		Usr 0 00:00:00, Sys 0 00:00:00  -  Total Local Usage
	9479  -  Run Bytes Sent By Job
	10941  -  Run Bytes Received By Job
	9479  -  Total Bytes Sent By Job
	10941  -  Total Bytes Received By Job
	Partitionable Resources :    Usage  Request Allocated 
	   Cpus                 :                 1           
	   Disk (KB)            :       72        1   2171009 
	   Memory (MB)          :      478     2000      2000 
...
