000 (322888.014.000) 05/10 15:24:49 Job submitted from host: <188.184.95.166:9618?addrs=188.184.95.166-9618+[2001-1458-201-e4--100-7a0]-9618&alias=tbird02.cern.ch&noUDP&sock=schedd_2138722_faad_3>
...
022 (322888.014.000) 05/10 15:30:36 Job disconnected, attempting to reconnect
    Socket between submit and execute hosts closed unexpectedly
    Trying to reconnect to slot1_1@b7g28n0414.cern.ch <188.184.186.27:9618?addrs=188.184.186.27-9618+[2001-1458-301-f8--100-25]-9618&noUDP&sock=2363_6661_3>
...
024 (322888.014.000) 05/10 15:30:36 Job reconnection failed
    Job not found at execution machine
    Can not reconnect to slot1_1@b7g28n0414.cern.ch, rescheduling job
...
040 (322888.014.000) 05/10 15:30:55 Started transferring input files
	Transferring to host: <188.184.132.38:9618?addrs=188.184.132.38-9618+[2001-1458-301-a0--100-1c]-9618&noUDP&sock=4226_5965_126310>
...
040 (322888.014.000) 05/10 15:30:55 Finished transferring input files
...
001 (322888.014.000) 05/10 15:30:56 Job executing on host: <188.184.132.38:9618?addrs=188.184.132.38-9618+[2001-1458-301-a0--100-1c]-9618&noUDP&sock=2361_0731_3>
...
006 (322888.014.000) 05/10 15:31:05 Image size of job updated: 336460
	246  -  MemoryUsage of job (MB)
	251140  -  ResidentSetSize of job (KB)
...
006 (322888.014.000) 05/10 15:35:58 Image size of job updated: 577584
	246  -  MemoryUsage of job (MB)
	251140  -  ResidentSetSize of job (KB)
...
040 (322888.014.000) 05/10 15:35:58 Started transferring output files
...
040 (322888.014.000) 05/10 15:35:59 Finished transferring output files
...
005 (322888.014.000) 05/10 15:35:59 Job terminated.
	(1) Normal termination (return value 1)
		Usr 0 00:04:28, Sys 0 00:00:31  -  Run Remote Usage
		Usr 0 00:00:00, Sys 0 00:00:00  -  Run Local Usage
		Usr 0 00:04:28, Sys 0 00:00:31  -  Total Remote Usage
		Usr 0 00:00:00, Sys 0 00:00:00  -  Total Local Usage
	9477  -  Run Bytes Sent By Job
	10941  -  Run Bytes Received By Job
	9477  -  Total Bytes Sent By Job
	10941  -  Total Bytes Received By Job
	Partitionable Resources :    Usage  Request Allocated 
	   Cpus                 :                 1           
	   Disk (KB)            :       72        1   2139174 
	   Memory (MB)          :      246     2000      2000 
...
