000 (322888.027.000) 05/10 15:24:49 Job submitted from host: <188.184.95.166:9618?addrs=188.184.95.166-9618+[2001-1458-201-e4--100-7a0]-9618&alias=tbird02.cern.ch&noUDP&sock=schedd_2138722_faad_3>
...
040 (322888.027.000) 05/10 15:31:06 Started transferring input files
	Transferring to host: <188.184.186.10:9618?addrs=188.184.186.10-9618+[--1]-9618&noUDP&sock=3282_373f_8953>
...
040 (322888.027.000) 05/10 15:31:06 Finished transferring input files
...
001 (322888.027.000) 05/10 15:31:07 Job executing on host: <188.184.186.10:9618?addrs=188.184.186.10-9618+[--1]-9618&noUDP&sock=2275_0a0c_3>
...
006 (322888.027.000) 05/10 15:31:15 Image size of job updated: 305816
	219  -  MemoryUsage of job (MB)
	223392  -  ResidentSetSize of job (KB)
...
006 (322888.027.000) 05/10 15:36:15 Image size of job updated: 490400
	479  -  MemoryUsage of job (MB)
	490220  -  ResidentSetSize of job (KB)
...
006 (322888.027.000) 05/10 15:38:05 Image size of job updated: 490408
	479  -  MemoryUsage of job (MB)
	490220  -  ResidentSetSize of job (KB)
...
040 (322888.027.000) 05/10 15:38:05 Started transferring output files
...
040 (322888.027.000) 05/10 15:38:05 Finished transferring output files
...
005 (322888.027.000) 05/10 15:38:05 Job terminated.
	(1) Normal termination (return value 1)
		Usr 0 00:05:30, Sys 0 00:00:37  -  Run Remote Usage
		Usr 0 00:00:00, Sys 0 00:00:00  -  Run Local Usage
		Usr 0 00:05:30, Sys 0 00:00:37  -  Total Remote Usage
		Usr 0 00:00:00, Sys 0 00:00:00  -  Total Local Usage
	14805  -  Run Bytes Sent By Job
	10941  -  Run Bytes Received By Job
	14805  -  Total Bytes Sent By Job
	10941  -  Total Bytes Received By Job
	Partitionable Resources :    Usage  Request Allocated 
	   Cpus                 :                 1           
	   Disk (KB)            :       74        1   2174624 
	   Memory (MB)          :      479     2000      2000 
...
