000 (322894.044.000) 05/10 15:24:54 Job submitted from host: <188.184.95.166:9618?addrs=188.184.95.166-9618+[2001-1458-201-e4--100-7a0]-9618&alias=tbird02.cern.ch&noUDP&sock=schedd_2138722_faad_3>
...
040 (322894.044.000) 05/10 15:35:56 Started transferring input files
	Transferring to host: <128.142.240.28:9618?addrs=128.142.240.28-9618+[2001-1458-301-f9--100-21]-9618&noUDP&sock=4173_0183_125541>
...
040 (322894.044.000) 05/10 15:35:56 Finished transferring input files
...
001 (322894.044.000) 05/10 15:35:57 Job executing on host: <128.142.240.28:9618?addrs=128.142.240.28-9618+[2001-1458-301-f9--100-21]-9618&noUDP&sock=2343_ae7c_3>
...
006 (322894.044.000) 05/10 15:36:06 Image size of job updated: 289336
	205  -  MemoryUsage of job (MB)
	209160  -  ResidentSetSize of job (KB)
...
006 (322894.044.000) 05/10 15:41:07 Image size of job updated: 492928
	479  -  MemoryUsage of job (MB)
	490464  -  ResidentSetSize of job (KB)
...
040 (322894.044.000) 05/10 15:42:04 Started transferring output files
...
040 (322894.044.000) 05/10 15:42:04 Finished transferring output files
...
005 (322894.044.000) 05/10 15:42:04 Job terminated.
	(1) Normal termination (return value 1)
		Usr 0 00:05:18, Sys 0 00:00:33  -  Run Remote Usage
		Usr 0 00:00:00, Sys 0 00:00:00  -  Run Local Usage
		Usr 0 00:05:18, Sys 0 00:00:33  -  Total Remote Usage
		Usr 0 00:00:00, Sys 0 00:00:00  -  Total Local Usage
	9479  -  Run Bytes Sent By Job
	10941  -  Run Bytes Received By Job
	9479  -  Total Bytes Sent By Job
	10941  -  Total Bytes Received By Job
	Partitionable Resources :    Usage  Request Allocated 
	   Cpus                 :                 1           
	   Disk (KB)            :       72        1   2199644 
	   Memory (MB)          :      479     2000      2000 
...
