000 (322900.021.000) 05/10 15:25:00 Job submitted from host: <188.184.95.166:9618?addrs=188.184.95.166-9618+[2001-1458-201-e4--100-7a0]-9618&alias=tbird02.cern.ch&noUDP&sock=schedd_2138722_faad_3>
...
040 (322900.021.000) 05/10 15:38:46 Started transferring input files
	Transferring to host: <188.184.186.21:9618?addrs=188.184.186.21-9618+[2001-1458-301-f8--100-b]-9618&noUDP&sock=4200_07a4_127953>
...
040 (322900.021.000) 05/10 15:38:46 Finished transferring input files
...
001 (322900.021.000) 05/10 15:38:47 Job executing on host: <188.184.186.21:9618?addrs=188.184.186.21-9618+[2001-1458-301-f8--100-b]-9618&noUDP&sock=2352_dad7_3>
...
006 (322900.021.000) 05/10 15:38:56 Image size of job updated: 59304
	58  -  MemoryUsage of job (MB)
	59300  -  ResidentSetSize of job (KB)
...
006 (322900.021.000) 05/10 15:43:57 Image size of job updated: 495592
	478  -  MemoryUsage of job (MB)
	488864  -  ResidentSetSize of job (KB)
...
006 (322900.021.000) 05/10 15:45:33 Image size of job updated: 685612
	478  -  MemoryUsage of job (MB)
	488864  -  ResidentSetSize of job (KB)
...
040 (322900.021.000) 05/10 15:45:33 Started transferring output files
...
040 (322900.021.000) 05/10 15:45:33 Finished transferring output files
...
005 (322900.021.000) 05/10 15:45:33 Job terminated.
	(1) Normal termination (return value 1)
		Usr 0 00:05:39, Sys 0 00:00:37  -  Run Remote Usage
		Usr 0 00:00:00, Sys 0 00:00:00  -  Run Local Usage
		Usr 0 00:05:39, Sys 0 00:00:37  -  Total Remote Usage
		Usr 0 00:00:00, Sys 0 00:00:00  -  Total Local Usage
	9477  -  Run Bytes Sent By Job
	10941  -  Run Bytes Received By Job
	9477  -  Total Bytes Sent By Job
	10941  -  Total Bytes Received By Job
	Partitionable Resources :    Usage  Request Allocated 
	   Cpus                 :                 1           
	   Disk (KB)            :       72        1   2151567 
	   Memory (MB)          :      478     2000      2000 
...
