000 (322892.029.000) 05/10 15:24:52 Job submitted from host: <188.184.95.166:9618?addrs=188.184.95.166-9618+[2001-1458-201-e4--100-7a0]-9618&alias=tbird02.cern.ch&noUDP&sock=schedd_2138722_faad_3>
...
040 (322892.029.000) 05/10 15:33:34 Started transferring input files
	Transferring to host: <188.184.133.251:9618?addrs=188.184.133.251-9618+[2001-1458-301-a0--100-571]-9618&noUDP&sock=13620_45a3_102678>
...
040 (322892.029.000) 05/10 15:33:34 Finished transferring input files
...
001 (322892.029.000) 05/10 15:33:35 Job executing on host: <188.184.133.251:9618?addrs=188.184.133.251-9618+[2001-1458-301-a0--100-571]-9618&noUDP&sock=13403_ebf2_3>
...
006 (322892.029.000) 05/10 15:33:44 Image size of job updated: 211160
	133  -  MemoryUsage of job (MB)
	135276  -  ResidentSetSize of job (KB)
...
006 (322892.029.000) 05/10 15:38:45 Image size of job updated: 492156
	481  -  MemoryUsage of job (MB)
	491852  -  ResidentSetSize of job (KB)
...
006 (322892.029.000) 05/10 15:39:38 Image size of job updated: 495360
	481  -  MemoryUsage of job (MB)
	491852  -  ResidentSetSize of job (KB)
...
040 (322892.029.000) 05/10 15:39:38 Started transferring output files
...
040 (322892.029.000) 05/10 15:39:38 Finished transferring output files
...
005 (322892.029.000) 05/10 15:39:38 Job terminated.
	(1) Normal termination (return value 1)
		Usr 0 00:05:15, Sys 0 00:00:32  -  Run Remote Usage
		Usr 0 00:00:00, Sys 0 00:00:00  -  Run Local Usage
		Usr 0 00:05:15, Sys 0 00:00:32  -  Total Remote Usage
		Usr 0 00:00:00, Sys 0 00:00:00  -  Total Local Usage
	9477  -  Run Bytes Sent By Job
	10941  -  Run Bytes Received By Job
	9477  -  Total Bytes Sent By Job
	10941  -  Total Bytes Received By Job
	Partitionable Resources :    Usage  Request Allocated 
	   Cpus                 :                 1           
	   Disk (KB)            :       72        1   2172778 
	   Memory (MB)          :      481     2000      2000 
...
