000 (322889.011.000) 05/10 15:24:49 Job submitted from host: <188.184.95.166:9618?addrs=188.184.95.166-9618+[2001-1458-201-e4--100-7a0]-9618&alias=tbird02.cern.ch&noUDP&sock=schedd_2138722_faad_3>
...
040 (322889.011.000) 05/10 15:31:40 Started transferring input files
	Transferring to host: <128.142.240.60:9618?addrs=128.142.240.60-9618+[2001-1458-301-f9--100-2a]-9618&noUDP&sock=4191_b044_126257>
...
040 (322889.011.000) 05/10 15:31:40 Finished transferring input files
...
001 (322889.011.000) 05/10 15:31:41 Job executing on host: <128.142.240.60:9618?addrs=128.142.240.60-9618+[2001-1458-301-f9--100-2a]-9618&noUDP&sock=2330_c3c1_3>
...
006 (322889.011.000) 05/10 15:31:49 Image size of job updated: 299696
	213  -  MemoryUsage of job (MB)
	217136  -  ResidentSetSize of job (KB)
...
006 (322889.011.000) 05/10 15:36:49 Image size of job updated: 487824
	476  -  MemoryUsage of job (MB)
	486904  -  ResidentSetSize of job (KB)
...
040 (322889.011.000) 05/10 15:40:54 Started transferring output files
...
040 (322889.011.000) 05/10 15:40:54 Finished transferring output files
...
005 (322889.011.000) 05/10 15:40:54 Job terminated.
	(1) Normal termination (return value 1)
		Usr 0 00:08:11, Sys 0 00:00:49  -  Run Remote Usage
		Usr 0 00:00:00, Sys 0 00:00:00  -  Run Local Usage
		Usr 0 00:08:11, Sys 0 00:00:49  -  Total Remote Usage
		Usr 0 00:00:00, Sys 0 00:00:00  -  Total Local Usage
	9476  -  Run Bytes Sent By Job
	10941  -  Run Bytes Received By Job
	9476  -  Total Bytes Sent By Job
	10941  -  Total Bytes Received By Job
	Partitionable Resources :    Usage  Request Allocated 
	   Cpus                 :                 1           
	   Disk (KB)            :       72        1   2126615 
	   Memory (MB)          :      476     2000      2000 
...
