   SingleMuon_Run2016C_part1   DATA  60 chunks


I have 1 taks to process
I'm using the following list of modules DEFAULT_MODULES
this is jobs [('SingleMuon_Run2016C_part1', 'MY_EOS_SPACE/heppyNtuples/TREES_SingleMuon2016BCDEF_94X/SingleMuon_Run2016C_part1/treeProducerWMass/tree.root', 27686448.0, '_Friend_SingleMuon_Run2016C_part1.chunk19', True, xrange(4750000, 5000000), 19)]
Modules to run:  []   name =  puWeight
Loading puWeight from CMGTools.WMass.postprocessing.examples.puWeightProducer 
Running on dataset =  SingleMuon_Run2016C_part1
TFile: name=/afs/cern.ch/work/m/mciprian/w_mass_analysis/heppy/rel_slc7/CMSSW_9_4_12/src/CMGTools/WMass/python/postprocessing/data/pileup/pileup_profile_Summer16.root, title=, option=READ
TFile: name=/afs/cern.ch/work/m/mciprian/w_mass_analysis/heppy/rel_slc7/CMSSW_9_4_12/src/CMGTools/WMass/python/postprocessing/data/pileup/PileupData_GoldenJSON_Full2016.root, title=, option=READ
Load C++ Worker
Modules to run:  []   name =  puWeight2016BF
Loading puWeight2016BF from CMGTools.WMass.postprocessing.examples.puWeightProducer 
Running on dataset =  SingleMuon_Run2016C_part1
TFile: name=/afs/cern.ch/work/m/mciprian/w_mass_analysis/heppy/rel_slc7/CMSSW_9_4_12/src/CMGTools/WMass/python/postprocessing/data/pileup/pileup_profile_Summer16.root, title=, option=READ
TFile: name=/afs/cern.ch/work/m/mciprian/w_mass_analysis/heppy/rel_slc7/CMSSW_9_4_12/src/CMGTools/WMass/python/postprocessing/data/pileup/PileupData_GoldenJSON_2016BF.root, title=, option=READ
Modules to run:  []   name =  lepQCDAwayJetAll
Loading lepQCDAwayJetAll from CMGTools.WMass.postprocessing.examples.lepVarProducer 
Running on dataset =  SingleMuon_Run2016C_part1
Modules to run:  []   name =  muCalibratedWithStatVar
Loading muCalibratedWithStatVar from CMGTools.WMass.postprocessing.examples.lepVarProducer 
Running on dataset =  SingleMuon_Run2016C_part1
did not find EnergyScaleCorrection shared object, rebuilding
trying to load all the rochester correction libraries
did not find legacy data roccor. rebuilding...
done building legacy data roccor.
Modules to run:  []   name =  jetAllReCleaner
Loading jetAllReCleaner from CMGTools.WMass.postprocessing.examples.jetReCleaner 
Running on dataset =  SingleMuon_Run2016C_part1
Load C++ Worker
Modules to run:  []   name =  jetReCleaner
Loading jetReCleaner from CMGTools.WMass.postprocessing.examples.jetReCleaner 
Running on dataset =  SingleMuon_Run2016C_part1
Load C++ Worker
Modules to run:  []   name =  genQEDJets
Loading genQEDJets from CMGTools.WMass.postprocessing.examples.genFriendProducer 
Running on dataset =  SingleMuon_Run2016C_part1
Will write selected trees to MY_EOS_SPACE/heppyNtuples/TREES_SingleMuon2016BCDEF_94X/friends/
Normalization of pu_mc: 0.999973
Normalization of pileup: 3.65129e+10
Weights for variable pu_mc with a number of bins equal to 76:
1 1 1 1 1 1 1 1 1 1 1.616 1.923 1.917 1.762 1.611 1.554 1.506 1.414 1.317 1.241 1.169 1.109 1.071 1.04 1.019 1.001 0.9873 0.9825 0.9828 0.9811 0.9811 0.9792 0.9531 0.9274 0.8773 0.8171 0.7432 0.6594 0.5661 0.4725 0.3811 0.2987 0.2215 0.1581 0 0 0 0 0 0 0 0 0 0 0 1 1 1 1 1 1 1 1 1 1 1 1 1 1 1 1 1 1 1 1 1 .
Final weights: 
1 1 1 1 1 1 1 1 1 1 1.616 1.923 1.917 1.762 1.611 1.554 1.506 1.414 1.317 1.241 1.169 1.109 1.071 1.04 1.019 1.001 0.9873 0.9825 0.9828 0.9811 0.9811 0.9792 0.9531 0.9274 0.8773 0.8171 0.7432 0.6594 0.5661 0.4725 0.3811 0.2987 0.2215 0.1581 0 0 0 0 0 0 0 0 0 0 0 1 1 1 1 1 1 1 1 1 1 1 1 1 1 1 1 1 1 1 1 1 .
Normalization of pu_mc: 1
Normalization of pileup: 2.014e+10
Weights for variable pu_mc with a number of bins equal to 76:
1 1 1 1 1 1 1 1 1 1 2.784 3.074 2.661 2.24 1.976 1.881 1.801 1.669 1.544 1.453 1.364 1.27 1.186 1.113 1.061 1.016 0.9702 0.9245 0.8754 0.8192 0.7629 0.7065 0.6366 0.5722 0.4984 0.4252 0.3515 0.2804 0.2137 0.1564 0.1092 0 0 0 0 0 0 0 0 0 0 0 0 0 0 1 1 1 1 1 1 1 1 1 1 1 1 1 1 1 1 1 1 1 1 1 .
For maximum weight 3.074: integral relative change: 0
Final weights: 
1 1 1 1 1 1 1 1 1 1 2.784 3.074 2.661 2.24 1.976 1.881 1.801 1.669 1.544 1.453 1.364 1.27 1.186 1.113 1.061 1.016 0.9702 0.9245 0.8754 0.8192 0.7629 0.7065 0.6366 0.5722 0.4984 0.4252 0.3515 0.2804 0.2137 0.1564 0.1092 0 0 0 0 0 0 0 0 0 0 0 0 0 0 1 1 1 1 1 1 1 1 1 1 1 1 1 1 1 1 1 1 1 1 1 .
begin job of lepCalProducer
initializing all the rochester correction objects
initializing the egamma calibrator
Processed  4750000/14788115 entries (elapsed time     0.4s, curr speed   27.027 kHz, avg speed 12837.838 kHz), accepted        1/       1 events (100.00%)
Processed  4760000/14788115 entries (elapsed time    20.1s, curr speed    0.507 kHz, avg speed  236.698 kHz), accepted    10001/   10001 events (100.00%)
Processed  4770000/14788115 entries (elapsed time    40.3s, curr speed    0.496 kHz, avg speed  118.480 kHz), accepted    20001/   20001 events (100.00%)
Processed  4780000/14788115 entries (elapsed time    60.5s, curr speed    0.495 kHz, avg speed   79.047 kHz), accepted    30001/   30001 events (100.00%)
Processed  4790000/14788115 entries (elapsed time    81.0s, curr speed    0.488 kHz, avg speed   59.165 kHz), accepted    40001/   40001 events (100.00%)
Processed  4800000/14788115 entries (elapsed time   101.8s, curr speed    0.480 kHz, avg speed   47.156 kHz), accepted    50001/   50001 events (100.00%)
Processed  4810000/14788115 entries (elapsed time   123.5s, curr speed    0.461 kHz, avg speed   38.960 kHz), accepted    60001/   60001 events (100.00%)
Processed  4820000/14788115 entries (elapsed time   144.3s, curr speed    0.480 kHz, avg speed   33.403 kHz), accepted    70001/   70001 events (100.00%)
Processed  4830000/14788115 entries (elapsed time   164.5s, curr speed    0.496 kHz, avg speed   29.365 kHz), accepted    80001/   80001 events (100.00%)
Processed  4840000/14788115 entries (elapsed time   183.6s, curr speed    0.523 kHz, avg speed   26.360 kHz), accepted    90001/   90001 events (100.00%)
Processed  4850000/14788115 entries (elapsed time   202.7s, curr speed    0.524 kHz, avg speed   23.929 kHz), accepted   100001/  100001 events (100.00%)
Processed  4860000/14788115 entries (elapsed time   222.9s, curr speed    0.494 kHz, avg speed   21.803 kHz), accepted   110001/  110001 events (100.00%)
Processed  4870000/14788115 entries (elapsed time   242.8s, curr speed    0.504 kHz, avg speed   20.060 kHz), accepted   120001/  120001 events (100.00%)
Processed  4880000/14788115 entries (elapsed time   287.6s, curr speed    0.223 kHz, avg speed   16.969 kHz), accepted   130001/  130001 events (100.00%)
Processed  4890000/14788115 entries (elapsed time   308.4s, curr speed    0.481 kHz, avg speed   15.857 kHz), accepted   140001/  140001 events (100.00%)
Processed  4900000/14788115 entries (elapsed time   329.6s, curr speed    0.472 kHz, avg speed   14.868 kHz), accepted   150001/  150001 events (100.00%)
Processed  4910000/14788115 entries (elapsed time   350.8s, curr speed    0.470 kHz, avg speed   13.995 kHz), accepted   160001/  160001 events (100.00%)
Processed  4920000/14788115 entries (elapsed time   370.9s, curr speed    0.499 kHz, avg speed   13.266 kHz), accepted   170001/  170001 events (100.00%)
Processed  4930000/14788115 entries (elapsed time   391.5s, curr speed    0.485 kHz, avg speed   12.594 kHz), accepted   180001/  180001 events (100.00%)
Processed  4940000/14788115 entries (elapsed time   412.4s, curr speed    0.478 kHz, avg speed   11.978 kHz), accepted   190001/  190001 events (100.00%)
Processed  4950000/14788115 entries (elapsed time   458.9s, curr speed    0.215 kHz, avg speed   10.788 kHz), accepted   200001/  200001 events (100.00%)
Processed  4960000/14788115 entries (elapsed time   479.1s, curr speed    0.494 kHz, avg speed   10.353 kHz), accepted   210001/  210001 events (100.00%)
Processed  4970000/14788115 entries (elapsed time   498.9s, curr speed    0.504 kHz, avg speed    9.961 kHz), accepted   220001/  220001 events (100.00%)
Processed  4980000/14788115 entries (elapsed time   518.2s, curr speed    0.519 kHz, avg speed    9.610 kHz), accepted   230001/  230001 events (100.00%)
Processed  4990000/14788115 entries (elapsed time   537.1s, curr speed    0.529 kHz, avg speed    9.290 kHz), accepted   240001/  240001 events (100.00%)
Processed 250000 entries from MY_EOS_SPACE/heppyNtuples/TREES_SingleMuon2016BCDEF_94X/SingleMuon_Run2016C_part1/treeProducerWMass/tree.root, selected 250000 entries
Done MY_EOS_SPACE/heppyNtuples/TREES_SingleMuon2016BCDEF_94X/friends/tree_Friend_SingleMuon_Run2016C_part1.chunk19.root
