000 (322894.059.000) 05/10 15:24:54 Job submitted from host: <188.184.95.166:9618?addrs=188.184.95.166-9618+[2001-1458-201-e4--100-7a0]-9618&alias=tbird02.cern.ch&noUDP&sock=schedd_2138722_faad_3>
...
040 (322894.059.000) 05/10 15:36:04 Started transferring input files
	Transferring to host: <188.184.186.65:9618?addrs=188.184.186.65-9618+[2001-1458-301-f8--100-2a]-9618&noUDP&sock=20194_3fee_19129>
...
040 (322894.059.000) 05/10 15:36:04 Finished transferring input files
...
001 (322894.059.000) 05/10 15:36:05 Job executing on host: <188.184.186.65:9618?addrs=188.184.186.65-9618+[2001-1458-301-f8--100-2a]-9618&noUDP&sock=2326_0560_3>
...
006 (322894.059.000) 05/10 15:36:14 Image size of job updated: 59332
	58  -  MemoryUsage of job (MB)
	59328  -  ResidentSetSize of job (KB)
...
006 (322894.059.000) 05/10 15:41:15 Image size of job updated: 431996
	422  -  MemoryUsage of job (MB)
	431536  -  ResidentSetSize of job (KB)
...
006 (322894.059.000) 05/10 15:45:02 Image size of job updated: 489476
	422  -  MemoryUsage of job (MB)
	431536  -  ResidentSetSize of job (KB)
...
040 (322894.059.000) 05/10 15:45:02 Started transferring output files
...
040 (322894.059.000) 05/10 15:45:02 Finished transferring output files
...
005 (322894.059.000) 05/10 15:45:02 Job terminated.
	(1) Normal termination (return value 1)
		Usr 0 00:07:10, Sys 0 00:00:43  -  Run Remote Usage
		Usr 0 00:00:00, Sys 0 00:00:00  -  Run Local Usage
		Usr 0 00:07:10, Sys 0 00:00:43  -  Total Remote Usage
		Usr 0 00:00:00, Sys 0 00:00:00  -  Total Local Usage
	9479  -  Run Bytes Sent By Job
	10941  -  Run Bytes Received By Job
	9479  -  Total Bytes Sent By Job
	10941  -  Total Bytes Received By Job
	Partitionable Resources :    Usage  Request Allocated 
	   Cpus                 :     0.99        1         1 
	   Disk (KB)            :    80           1    216281 
	   Memory (MB)          :   422        2000      2000 
...
