000 (322891.050.000) 05/10 15:24:51 Job submitted from host: <188.184.95.166:9618?addrs=188.184.95.166-9618+[2001-1458-201-e4--100-7a0]-9618&alias=tbird02.cern.ch&noUDP&sock=schedd_2138722_faad_3>
...
040 (322891.050.000) 05/10 15:32:58 Started transferring input files
	Transferring to host: <188.184.133.233:9618?addrs=188.184.133.233-9618+[2001-1458-301-a0--100-33f]-9618&noUDP&sock=13080_cb0d_102569>
...
040 (322891.050.000) 05/10 15:32:58 Finished transferring input files
...
001 (322891.050.000) 05/10 15:32:59 Job executing on host: <188.184.133.233:9618?addrs=188.184.133.233-9618+[2001-1458-301-a0--100-33f]-9618&noUDP&sock=12872_b328_3>
...
006 (322891.050.000) 05/10 15:33:08 Image size of job updated: 313176
	226  -  MemoryUsage of job (MB)
	230440  -  ResidentSetSize of job (KB)
...
006 (322891.050.000) 05/10 15:38:09 Image size of job updated: 493248
	481  -  MemoryUsage of job (MB)
	492332  -  ResidentSetSize of job (KB)
...
040 (322891.050.000) 05/10 15:38:45 Started transferring output files
...
040 (322891.050.000) 05/10 15:38:45 Finished transferring output files
...
005 (322891.050.000) 05/10 15:38:45 Job terminated.
	(1) Normal termination (return value 1)
		Usr 0 00:05:04, Sys 0 00:00:37  -  Run Remote Usage
		Usr 0 00:00:00, Sys 0 00:00:00  -  Run Local Usage
		Usr 0 00:05:04, Sys 0 00:00:37  -  Total Remote Usage
		Usr 0 00:00:00, Sys 0 00:00:00  -  Total Local Usage
	9479  -  Run Bytes Sent By Job
	10941  -  Run Bytes Received By Job
	9479  -  Total Bytes Sent By Job
	10941  -  Total Bytes Received By Job
	Partitionable Resources :    Usage  Request Allocated 
	   Cpus                 :                 1           
	   Disk (KB)            :       72        1   2190574 
	   Memory (MB)          :      481     2000      2000 
...
