   SingleMuon_Run2016B_part3   DATA  64 chunks


I have 1 taks to process
I'm using the following list of modules DEFAULT_MODULES
this is jobs [('SingleMuon_Run2016B_part3', 'MY_EOS_SPACE/heppyNtuples/TREES_SingleMuon2016BCDEF_94X/SingleMuon_Run2016B_part3/treeProducerWMass/tree.root', 30953763.0, '_Friend_SingleMuon_Run2016B_part3.chunk59', True, xrange(14750000, 15000000), 59)]
Modules to run:  []   name =  puWeight
Loading puWeight from CMGTools.WMass.postprocessing.examples.puWeightProducer 
Running on dataset =  SingleMuon_Run2016B_part3
TFile: name=/afs/cern.ch/work/m/mciprian/w_mass_analysis/heppy/rel_slc7/CMSSW_9_4_12/src/CMGTools/WMass/python/postprocessing/data/pileup/pileup_profile_Summer16.root, title=, option=READ
TFile: name=/afs/cern.ch/work/m/mciprian/w_mass_analysis/heppy/rel_slc7/CMSSW_9_4_12/src/CMGTools/WMass/python/postprocessing/data/pileup/PileupData_GoldenJSON_Full2016.root, title=, option=READ
Load C++ Worker
Modules to run:  []   name =  puWeight2016BF
Loading puWeight2016BF from CMGTools.WMass.postprocessing.examples.puWeightProducer 
Running on dataset =  SingleMuon_Run2016B_part3
TFile: name=/afs/cern.ch/work/m/mciprian/w_mass_analysis/heppy/rel_slc7/CMSSW_9_4_12/src/CMGTools/WMass/python/postprocessing/data/pileup/pileup_profile_Summer16.root, title=, option=READ
TFile: name=/afs/cern.ch/work/m/mciprian/w_mass_analysis/heppy/rel_slc7/CMSSW_9_4_12/src/CMGTools/WMass/python/postprocessing/data/pileup/PileupData_GoldenJSON_2016BF.root, title=, option=READ
Modules to run:  []   name =  lepQCDAwayJetAll
Loading lepQCDAwayJetAll from CMGTools.WMass.postprocessing.examples.lepVarProducer 
Running on dataset =  SingleMuon_Run2016B_part3
Modules to run:  []   name =  muCalibratedWithStatVar
Loading muCalibratedWithStatVar from CMGTools.WMass.postprocessing.examples.lepVarProducer 
Running on dataset =  SingleMuon_Run2016B_part3
did not find EnergyScaleCorrection shared object, rebuilding
trying to load all the rochester correction libraries
did not find legacy data roccor. rebuilding...
done building legacy data roccor.
Modules to run:  []   name =  jetAllReCleaner
Loading jetAllReCleaner from CMGTools.WMass.postprocessing.examples.jetReCleaner 
Running on dataset =  SingleMuon_Run2016B_part3
Load C++ Worker
Modules to run:  []   name =  jetReCleaner
Loading jetReCleaner from CMGTools.WMass.postprocessing.examples.jetReCleaner 
Running on dataset =  SingleMuon_Run2016B_part3
Load C++ Worker
Modules to run:  []   name =  genQEDJets
Loading genQEDJets from CMGTools.WMass.postprocessing.examples.genFriendProducer 
Running on dataset =  SingleMuon_Run2016B_part3
Will write selected trees to MY_EOS_SPACE/heppyNtuples/TREES_SingleMuon2016BCDEF_94X/friends/
Normalization of pu_mc: 0.999973
Normalization of pileup: 3.65129e+10
Weights for variable pu_mc with a number of bins equal to 76:
1 1 1 1 1 1 1 1 1 1 1.616 1.923 1.917 1.762 1.611 1.554 1.506 1.414 1.317 1.241 1.169 1.109 1.071 1.04 1.019 1.001 0.9873 0.9825 0.9828 0.9811 0.9811 0.9792 0.9531 0.9274 0.8773 0.8171 0.7432 0.6594 0.5661 0.4725 0.3811 0.2987 0.2215 0.1581 0 0 0 0 0 0 0 0 0 0 0 1 1 1 1 1 1 1 1 1 1 1 1 1 1 1 1 1 1 1 1 1 .
Final weights: 
1 1 1 1 1 1 1 1 1 1 1.616 1.923 1.917 1.762 1.611 1.554 1.506 1.414 1.317 1.241 1.169 1.109 1.071 1.04 1.019 1.001 0.9873 0.9825 0.9828 0.9811 0.9811 0.9792 0.9531 0.9274 0.8773 0.8171 0.7432 0.6594 0.5661 0.4725 0.3811 0.2987 0.2215 0.1581 0 0 0 0 0 0 0 0 0 0 0 1 1 1 1 1 1 1 1 1 1 1 1 1 1 1 1 1 1 1 1 1 .
Normalization of pu_mc: 1
Normalization of pileup: 2.014e+10
Weights for variable pu_mc with a number of bins equal to 76:
1 1 1 1 1 1 1 1 1 1 2.784 3.074 2.661 2.24 1.976 1.881 1.801 1.669 1.544 1.453 1.364 1.27 1.186 1.113 1.061 1.016 0.9702 0.9245 0.8754 0.8192 0.7629 0.7065 0.6366 0.5722 0.4984 0.4252 0.3515 0.2804 0.2137 0.1564 0.1092 0 0 0 0 0 0 0 0 0 0 0 0 0 0 1 1 1 1 1 1 1 1 1 1 1 1 1 1 1 1 1 1 1 1 1 .
For maximum weight 3.074: integral relative change: 0
Final weights: 
1 1 1 1 1 1 1 1 1 1 2.784 3.074 2.661 2.24 1.976 1.881 1.801 1.669 1.544 1.453 1.364 1.27 1.186 1.113 1.061 1.016 0.9702 0.9245 0.8754 0.8192 0.7629 0.7065 0.6366 0.5722 0.4984 0.4252 0.3515 0.2804 0.2137 0.1564 0.1092 0 0 0 0 0 0 0 0 0 0 0 0 0 0 1 1 1 1 1 1 1 1 1 1 1 1 1 1 1 1 1 1 1 1 1 .
begin job of lepCalProducer
initializing all the rochester correction objects
initializing the egamma calibrator
Processed 14750000/15930545 entries (elapsed time     0.4s, curr speed   24.390 kHz, avg speed 35975.610 kHz), accepted        1/       1 events (100.00%)
Processed 14760000/15930545 entries (elapsed time    23.6s, curr speed    0.430 kHz, avg speed  624.365 kHz), accepted    10001/   10001 events (100.00%)
Processed 14770000/15930545 entries (elapsed time    49.4s, curr speed    0.389 kHz, avg speed  299.170 kHz), accepted    20001/   20001 events (100.00%)
Processed 14780000/15930545 entries (elapsed time    75.5s, curr speed    0.382 kHz, avg speed  195.632 kHz), accepted    30001/   30001 events (100.00%)
Processed 14790000/15930545 entries (elapsed time   101.1s, curr speed    0.392 kHz, avg speed  146.349 kHz), accepted    40001/   40001 events (100.00%)
Processed 14800000/15930545 entries (elapsed time   126.8s, curr speed    0.389 kHz, avg speed  116.738 kHz), accepted    50001/   50001 events (100.00%)
Processed 14810000/15930545 entries (elapsed time   152.5s, curr speed    0.389 kHz, avg speed   97.127 kHz), accepted    60001/   60001 events (100.00%)
Processed 14820000/15930545 entries (elapsed time   176.7s, curr speed    0.414 kHz, avg speed   83.890 kHz), accepted    70001/   70001 events (100.00%)
Processed 14830000/15930545 entries (elapsed time   198.2s, curr speed    0.465 kHz, avg speed   74.839 kHz), accepted    80001/   80001 events (100.00%)
Processed 14840000/15930545 entries (elapsed time   220.0s, curr speed    0.457 kHz, avg speed   67.448 kHz), accepted    90001/   90001 events (100.00%)
Processed 14850000/15930545 entries (elapsed time   241.0s, curr speed    0.476 kHz, avg speed   61.608 kHz), accepted   100001/  100001 events (100.00%)
Processed 14860000/15930545 entries (elapsed time   263.4s, curr speed    0.448 kHz, avg speed   56.425 kHz), accepted   110001/  110001 events (100.00%)
Processed 14870000/15930545 entries (elapsed time   285.5s, curr speed    0.452 kHz, avg speed   52.090 kHz), accepted   120001/  120001 events (100.00%)
Processed 14880000/15930545 entries (elapsed time   334.4s, curr speed    0.204 kHz, avg speed   44.494 kHz), accepted   130001/  130001 events (100.00%)
Processed 14890000/15930545 entries (elapsed time   355.7s, curr speed    0.470 kHz, avg speed   41.860 kHz), accepted   140001/  140001 events (100.00%)
Processed 14900000/15930545 entries (elapsed time   378.4s, curr speed    0.441 kHz, avg speed   39.377 kHz), accepted   150001/  150001 events (100.00%)
Processed 14910000/15930545 entries (elapsed time   400.8s, curr speed    0.447 kHz, avg speed   37.205 kHz), accepted   160001/  160001 events (100.00%)
Processed 14920000/15930545 entries (elapsed time   423.3s, curr speed    0.443 kHz, avg speed   35.245 kHz), accepted   170001/  170001 events (100.00%)
Processed 14930000/15930545 entries (elapsed time   445.5s, curr speed    0.452 kHz, avg speed   33.516 kHz), accepted   180001/  180001 events (100.00%)
Processed 14940000/15930545 entries (elapsed time   467.3s, curr speed    0.458 kHz, avg speed   31.972 kHz), accepted   190001/  190001 events (100.00%)
Processed 14950000/15930545 entries (elapsed time   514.5s, curr speed    0.212 kHz, avg speed   29.055 kHz), accepted   200001/  200001 events (100.00%)
Processed 14960000/15930545 entries (elapsed time   536.2s, curr speed    0.461 kHz, avg speed   27.898 kHz), accepted   210001/  210001 events (100.00%)
Processed 14970000/15930545 entries (elapsed time   558.5s, curr speed    0.448 kHz, avg speed   26.802 kHz), accepted   220001/  220001 events (100.00%)
Processed 14980000/15930545 entries (elapsed time   581.0s, curr speed    0.446 kHz, avg speed   25.785 kHz), accepted   230001/  230001 events (100.00%)
Processed 14990000/15930545 entries (elapsed time   603.1s, curr speed    0.452 kHz, avg speed   24.855 kHz), accepted   240001/  240001 events (100.00%)
Processed 250000 entries from MY_EOS_SPACE/heppyNtuples/TREES_SingleMuon2016BCDEF_94X/SingleMuon_Run2016B_part3/treeProducerWMass/tree.root, selected 250000 entries
Done MY_EOS_SPACE/heppyNtuples/TREES_SingleMuon2016BCDEF_94X/friends/tree_Friend_SingleMuon_Run2016B_part3.chunk59.root
