000 (322896.008.000) 05/10 15:24:56 Job submitted from host: <188.184.95.166:9618?addrs=188.184.95.166-9618+[2001-1458-201-e4--100-7a0]-9618&alias=tbird02.cern.ch&noUDP&sock=schedd_2138722_faad_3>
...
040 (322896.008.000) 05/10 15:36:51 Started transferring input files
	Transferring to host: <137.138.51.250:9618?addrs=137.138.51.250-9618+[--1]-9618&noUDP&sock=2579_e382_1490>
...
040 (322896.008.000) 05/10 15:36:51 Finished transferring input files
...
001 (322896.008.000) 05/10 15:36:52 Job executing on host: <137.138.51.250:9618?addrs=137.138.51.250-9618+[--1]-9618&noUDP&sock=1460_045c_3>
...
006 (322896.008.000) 05/10 15:37:01 Image size of job updated: 116208
	58  -  MemoryUsage of job (MB)
	59296  -  ResidentSetSize of job (KB)
...
006 (322896.008.000) 05/10 15:42:02 Image size of job updated: 531776
	437  -  MemoryUsage of job (MB)
	446724  -  ResidentSetSize of job (KB)
...
006 (322896.008.000) 05/10 15:45:39 Image size of job updated: 576296
	437  -  MemoryUsage of job (MB)
	446724  -  ResidentSetSize of job (KB)
...
040 (322896.008.000) 05/10 15:45:39 Started transferring output files
...
040 (322896.008.000) 05/10 15:45:39 Finished transferring output files
...
005 (322896.008.000) 05/10 15:45:39 Job terminated.
	(1) Normal termination (return value 1)
		Usr 0 00:05:10, Sys 0 00:00:40  -  Run Remote Usage
		Usr 0 00:00:00, Sys 0 00:00:00  -  Run Local Usage
		Usr 0 00:05:10, Sys 0 00:00:40  -  Total Remote Usage
		Usr 0 00:00:00, Sys 0 00:00:00  -  Total Local Usage
	14781  -  Run Bytes Sent By Job
	10941  -  Run Bytes Received By Job
	14781  -  Total Bytes Sent By Job
	10941  -  Total Bytes Received By Job
	Partitionable Resources :    Usage  Request Allocated 
	   Cpus                 :                 1           
	   Disk (KB)            :       74        1   2172951 
	   Memory (MB)          :      437     2000      2000 
...
