000 (322892.036.000) 05/10 15:24:52 Job submitted from host: <188.184.95.166:9618?addrs=188.184.95.166-9618+[2001-1458-201-e4--100-7a0]-9618&alias=tbird02.cern.ch&noUDP&sock=schedd_2138722_faad_3>
...
040 (322892.036.000) 05/10 15:33:39 Started transferring input files
	Transferring to host: <188.184.132.41:9618?addrs=188.184.132.41-9618+[2001-1458-301-a0--100-7]-9618&noUDP&sock=19222_6347_18456>
...
040 (322892.036.000) 05/10 15:33:39 Finished transferring input files
...
001 (322892.036.000) 05/10 15:33:40 Job executing on host: <188.184.132.41:9618?addrs=188.184.132.41-9618+[2001-1458-301-a0--100-7]-9618&noUDP&sock=2345_0dad_3>
...
006 (322892.036.000) 05/10 15:33:49 Image size of job updated: 110792
	58  -  MemoryUsage of job (MB)
	59320  -  ResidentSetSize of job (KB)
...
006 (322892.036.000) 05/10 15:38:50 Image size of job updated: 490080
	479  -  MemoryUsage of job (MB)
	489476  -  ResidentSetSize of job (KB)
...
040 (322892.036.000) 05/10 15:42:03 Started transferring output files
...
040 (322892.036.000) 05/10 15:42:03 Finished transferring output files
...
005 (322892.036.000) 05/10 15:42:03 Job terminated.
	(1) Normal termination (return value 1)
		Usr 0 00:07:05, Sys 0 00:00:42  -  Run Remote Usage
		Usr 0 00:00:00, Sys 0 00:00:00  -  Run Local Usage
		Usr 0 00:07:05, Sys 0 00:00:42  -  Total Remote Usage
		Usr 0 00:00:00, Sys 0 00:00:00  -  Total Local Usage
	9477  -  Run Bytes Sent By Job
	10941  -  Run Bytes Received By Job
	9477  -  Total Bytes Sent By Job
	10941  -  Total Bytes Received By Job
	Partitionable Resources :    Usage  Request Allocated 
	   Cpus                 :     0.99        1         1 
	   Disk (KB)            :    80           1    217106 
	   Memory (MB)          :   479        2000      2000 
...
