000 (322883.002.000) 05/10 15:24:44 Job submitted from host: <188.184.95.166:9618?addrs=188.184.95.166-9618+[2001-1458-201-e4--100-7a0]-9618&alias=tbird02.cern.ch&noUDP&sock=schedd_2138722_faad_3>
...
040 (322883.002.000) 05/10 15:26:20 Started transferring input files
	Transferring to host: <188.184.207.250:9618?addrs=188.184.207.250-9618+[2001-1458-301-7d--100-3b6]-9618&noUDP&sock=3750_f6d2_126044>
...
040 (322883.002.000) 05/10 15:26:20 Finished transferring input files
...
001 (322883.002.000) 05/10 15:26:22 Job executing on host: <188.184.207.250:9618?addrs=188.184.207.250-9618+[2001-1458-301-7d--100-3b6]-9618&noUDP&sock=2324_a630_3>
...
006 (322883.002.000) 05/10 15:26:30 Image size of job updated: 196420
	116  -  MemoryUsage of job (MB)
	118320  -  ResidentSetSize of job (KB)
...
006 (322883.002.000) 05/10 15:31:30 Image size of job updated: 493860
	480  -  MemoryUsage of job (MB)
	490928  -  ResidentSetSize of job (KB)
...
040 (322883.002.000) 05/10 15:32:14 Started transferring output files
...
040 (322883.002.000) 05/10 15:32:14 Finished transferring output files
...
005 (322883.002.000) 05/10 15:32:14 Job terminated.
	(1) Normal termination (return value 1)
		Usr 0 00:05:08, Sys 0 00:00:32  -  Run Remote Usage
		Usr 0 00:00:00, Sys 0 00:00:00  -  Run Local Usage
		Usr 0 00:05:08, Sys 0 00:00:32  -  Total Remote Usage
		Usr 0 00:00:00, Sys 0 00:00:00  -  Total Local Usage
	9471  -  Run Bytes Sent By Job
	10941  -  Run Bytes Received By Job
	9471  -  Total Bytes Sent By Job
	10941  -  Total Bytes Received By Job
	Partitionable Resources :    Usage  Request Allocated 
	   Cpus                 :                 1           
	   Disk (KB)            :       72        1   2123342 
	   Memory (MB)          :      480     2000      2000 
...
