000 (322882.010.000) 05/10 15:24:43 Job submitted from host: <188.184.95.166:9618?addrs=188.184.95.166-9618+[2001-1458-201-e4--100-7a0]-9618&alias=tbird02.cern.ch&noUDP&sock=schedd_2138722_faad_3>
...
040 (322882.010.000) 05/10 15:26:02 Started transferring input files
	Transferring to host: <128.142.33.156:9618?addrs=128.142.33.156-9618+[--1]-9618&noUDP&sock=3227_769c_9151>
...
040 (322882.010.000) 05/10 15:26:02 Finished transferring input files
...
001 (322882.010.000) 05/10 15:26:03 Job executing on host: <128.142.33.156:9618?addrs=128.142.33.156-9618+[--1]-9618&noUDP&sock=2275_0a0c_3>
...
006 (322882.010.000) 05/10 15:26:11 Image size of job updated: 194048
	114  -  MemoryUsage of job (MB)
	116552  -  ResidentSetSize of job (KB)
...
006 (322882.010.000) 05/10 15:31:11 Image size of job updated: 577132
	480  -  MemoryUsage of job (MB)
	491064  -  ResidentSetSize of job (KB)
...
040 (322882.010.000) 05/10 15:32:17 Started transferring output files
...
040 (322882.010.000) 05/10 15:32:17 Finished transferring output files
...
005 (322882.010.000) 05/10 15:32:18 Job terminated.
	(1) Normal termination (return value 1)
		Usr 0 00:04:44, Sys 0 00:00:36  -  Run Remote Usage
		Usr 0 00:00:00, Sys 0 00:00:00  -  Run Local Usage
		Usr 0 00:04:44, Sys 0 00:00:36  -  Total Remote Usage
		Usr 0 00:00:00, Sys 0 00:00:00  -  Total Local Usage
	14784  -  Run Bytes Sent By Job
	10941  -  Run Bytes Received By Job
	14784  -  Total Bytes Sent By Job
	10941  -  Total Bytes Received By Job
	Partitionable Resources :    Usage  Request Allocated 
	   Cpus                 :                 1           
	   Disk (KB)            :       74        1   2164143 
	   Memory (MB)          :      480     2000      2000 
...
