000 (322888.042.000) 05/10 15:24:49 Job submitted from host: <188.184.95.166:9618?addrs=188.184.95.166-9618+[2001-1458-201-e4--100-7a0]-9618&alias=tbird02.cern.ch&noUDP&sock=schedd_2138722_faad_3>
...
040 (322888.042.000) 05/10 15:31:09 Started transferring input files
	Transferring to host: <128.142.33.151:9618?addrs=128.142.33.151-9618+[2001-1458-301-117--100-1c5]-9618&noUDP&sock=13065_396c_102903>
...
040 (322888.042.000) 05/10 15:31:09 Finished transferring input files
...
001 (322888.042.000) 05/10 15:31:10 Job executing on host: <128.142.33.151:9618?addrs=128.142.33.151-9618+[2001-1458-301-117--100-1c5]-9618&noUDP&sock=12844_7e81_3>
...
006 (322888.042.000) 05/10 15:31:19 Image size of job updated: 333652
	244  -  MemoryUsage of job (MB)
	249232  -  ResidentSetSize of job (KB)
...
006 (322888.042.000) 05/10 15:36:20 Image size of job updated: 492052
	479  -  MemoryUsage of job (MB)
	489696  -  ResidentSetSize of job (KB)
...
040 (322888.042.000) 05/10 15:37:08 Started transferring output files
...
040 (322888.042.000) 05/10 15:37:08 Finished transferring output files
...
005 (322888.042.000) 05/10 15:37:08 Job terminated.
	(1) Normal termination (return value 1)
		Usr 0 00:05:16, Sys 0 00:00:34  -  Run Remote Usage
		Usr 0 00:00:00, Sys 0 00:00:00  -  Run Local Usage
		Usr 0 00:05:16, Sys 0 00:00:34  -  Total Remote Usage
		Usr 0 00:00:00, Sys 0 00:00:00  -  Total Local Usage
	9479  -  Run Bytes Sent By Job
	10941  -  Run Bytes Received By Job
	9479  -  Total Bytes Sent By Job
	10941  -  Total Bytes Received By Job
	Partitionable Resources :    Usage  Request Allocated 
	   Cpus                 :                 1           
	   Disk (KB)            :       72        1   2206737 
	   Memory (MB)          :      479     2000      2000 
...
