   SingleMuon_Run2016E_part2   DATA  60 chunks


I have 1 taks to process
I'm using the following list of modules DEFAULT_MODULES
this is jobs [('SingleMuon_Run2016E_part2', 'MY_EOS_SPACE/heppyNtuples/TREES_SingleMuon2016BCDEF_94X/SingleMuon_Run2016E_part2/treeProducerWMass/tree.root', 24297701.0, '_Friend_SingleMuon_Run2016E_part2.chunk19', True, xrange(4750000, 5000000), 19)]
Modules to run:  []   name =  puWeight
Loading puWeight from CMGTools.WMass.postprocessing.examples.puWeightProducer 
Running on dataset =  SingleMuon_Run2016E_part2
TFile: name=/afs/cern.ch/work/m/mciprian/w_mass_analysis/heppy/rel_slc7/CMSSW_9_4_12/src/CMGTools/WMass/python/postprocessing/data/pileup/pileup_profile_Summer16.root, title=, option=READ
TFile: name=/afs/cern.ch/work/m/mciprian/w_mass_analysis/heppy/rel_slc7/CMSSW_9_4_12/src/CMGTools/WMass/python/postprocessing/data/pileup/PileupData_GoldenJSON_Full2016.root, title=, option=READ
Load C++ Worker
Modules to run:  []   name =  puWeight2016BF
Loading puWeight2016BF from CMGTools.WMass.postprocessing.examples.puWeightProducer 
Running on dataset =  SingleMuon_Run2016E_part2
TFile: name=/afs/cern.ch/work/m/mciprian/w_mass_analysis/heppy/rel_slc7/CMSSW_9_4_12/src/CMGTools/WMass/python/postprocessing/data/pileup/pileup_profile_Summer16.root, title=, option=READ
TFile: name=/afs/cern.ch/work/m/mciprian/w_mass_analysis/heppy/rel_slc7/CMSSW_9_4_12/src/CMGTools/WMass/python/postprocessing/data/pileup/PileupData_GoldenJSON_2016BF.root, title=, option=READ
Modules to run:  []   name =  lepQCDAwayJetAll
Loading lepQCDAwayJetAll from CMGTools.WMass.postprocessing.examples.lepVarProducer 
Running on dataset =  SingleMuon_Run2016E_part2
Modules to run:  []   name =  muCalibratedWithStatVar
Loading muCalibratedWithStatVar from CMGTools.WMass.postprocessing.examples.lepVarProducer 
Running on dataset =  SingleMuon_Run2016E_part2
did not find EnergyScaleCorrection shared object, rebuilding
trying to load all the rochester correction libraries
did not find legacy data roccor. rebuilding...
done building legacy data roccor.
Modules to run:  []   name =  jetAllReCleaner
Loading jetAllReCleaner from CMGTools.WMass.postprocessing.examples.jetReCleaner 
Running on dataset =  SingleMuon_Run2016E_part2
Load C++ Worker
Modules to run:  []   name =  jetReCleaner
Loading jetReCleaner from CMGTools.WMass.postprocessing.examples.jetReCleaner 
Running on dataset =  SingleMuon_Run2016E_part2
Load C++ Worker
Modules to run:  []   name =  genQEDJets
Loading genQEDJets from CMGTools.WMass.postprocessing.examples.genFriendProducer 
Running on dataset =  SingleMuon_Run2016E_part2
Will write selected trees to MY_EOS_SPACE/heppyNtuples/TREES_SingleMuon2016BCDEF_94X/friends/
Normalization of pu_mc: 0.999973
Normalization of pileup: 3.65129e+10
Weights for variable pu_mc with a number of bins equal to 76:
1 1 1 1 1 1 1 1 1 1 1.616 1.923 1.917 1.762 1.611 1.554 1.506 1.414 1.317 1.241 1.169 1.109 1.071 1.04 1.019 1.001 0.9873 0.9825 0.9828 0.9811 0.9811 0.9792 0.9531 0.9274 0.8773 0.8171 0.7432 0.6594 0.5661 0.4725 0.3811 0.2987 0.2215 0.1581 0 0 0 0 0 0 0 0 0 0 0 1 1 1 1 1 1 1 1 1 1 1 1 1 1 1 1 1 1 1 1 1 .
Final weights: 
1 1 1 1 1 1 1 1 1 1 1.616 1.923 1.917 1.762 1.611 1.554 1.506 1.414 1.317 1.241 1.169 1.109 1.071 1.04 1.019 1.001 0.9873 0.9825 0.9828 0.9811 0.9811 0.9792 0.9531 0.9274 0.8773 0.8171 0.7432 0.6594 0.5661 0.4725 0.3811 0.2987 0.2215 0.1581 0 0 0 0 0 0 0 0 0 0 0 1 1 1 1 1 1 1 1 1 1 1 1 1 1 1 1 1 1 1 1 1 .
Normalization of pu_mc: 1
Normalization of pileup: 2.014e+10
Weights for variable pu_mc with a number of bins equal to 76:
1 1 1 1 1 1 1 1 1 1 2.784 3.074 2.661 2.24 1.976 1.881 1.801 1.669 1.544 1.453 1.364 1.27 1.186 1.113 1.061 1.016 0.9702 0.9245 0.8754 0.8192 0.7629 0.7065 0.6366 0.5722 0.4984 0.4252 0.3515 0.2804 0.2137 0.1564 0.1092 0 0 0 0 0 0 0 0 0 0 0 0 0 0 1 1 1 1 1 1 1 1 1 1 1 1 1 1 1 1 1 1 1 1 1 .
For maximum weight 3.074: integral relative change: 0
Final weights: 
1 1 1 1 1 1 1 1 1 1 2.784 3.074 2.661 2.24 1.976 1.881 1.801 1.669 1.544 1.453 1.364 1.27 1.186 1.113 1.061 1.016 0.9702 0.9245 0.8754 0.8192 0.7629 0.7065 0.6366 0.5722 0.4984 0.4252 0.3515 0.2804 0.2137 0.1564 0.1092 0 0 0 0 0 0 0 0 0 0 0 0 0 0 1 1 1 1 1 1 1 1 1 1 1 1 1 1 1 1 1 1 1 1 1 .
begin job of lepCalProducer
initializing all the rochester correction objects
initializing the egamma calibrator
Processed  4750000/14756905 entries (elapsed time     0.2s, curr speed   45.455 kHz, avg speed 21590.909 kHz), accepted        1/       1 events (100.00%)
Processed  4760000/14756905 entries (elapsed time    19.7s, curr speed    0.514 kHz, avg speed  241.870 kHz), accepted    10001/   10001 events (100.00%)
Processed  4770000/14756905 entries (elapsed time    40.6s, curr speed    0.477 kHz, avg speed  117.401 kHz), accepted    20001/   20001 events (100.00%)
Processed  4780000/14756905 entries (elapsed time    60.7s, curr speed    0.499 kHz, avg speed   78.761 kHz), accepted    30001/   30001 events (100.00%)
Processed  4790000/14756905 entries (elapsed time    83.1s, curr speed    0.446 kHz, avg speed   57.621 kHz), accepted    40001/   40001 events (100.00%)
Processed  4800000/14756905 entries (elapsed time   104.8s, curr speed    0.462 kHz, avg speed   45.810 kHz), accepted    50001/   50001 events (100.00%)
Processed  4810000/14756905 entries (elapsed time   126.8s, curr speed    0.454 kHz, avg speed   37.937 kHz), accepted    60001/   60001 events (100.00%)
Processed  4820000/14756905 entries (elapsed time   146.6s, curr speed    0.506 kHz, avg speed   32.888 kHz), accepted    70001/   70001 events (100.00%)
Processed  4830000/14756905 entries (elapsed time   164.1s, curr speed    0.569 kHz, avg speed   29.424 kHz), accepted    80001/   80001 events (100.00%)
Processed  4840000/14756905 entries (elapsed time   181.6s, curr speed    0.574 kHz, avg speed   26.658 kHz), accepted    90001/   90001 events (100.00%)
Processed  4850000/14756905 entries (elapsed time   199.6s, curr speed    0.556 kHz, avg speed   24.303 kHz), accepted   100001/  100001 events (100.00%)
Processed  4860000/14756905 entries (elapsed time   217.7s, curr speed    0.552 kHz, avg speed   22.328 kHz), accepted   110001/  110001 events (100.00%)
Processed  4870000/14756905 entries (elapsed time   234.7s, curr speed    0.588 kHz, avg speed   20.753 kHz), accepted   120001/  120001 events (100.00%)
Processed  4880000/14756905 entries (elapsed time   272.6s, curr speed    0.264 kHz, avg speed   17.902 kHz), accepted   130001/  130001 events (100.00%)
Processed  4890000/14756905 entries (elapsed time   288.7s, curr speed    0.620 kHz, avg speed   16.937 kHz), accepted   140001/  140001 events (100.00%)
Processed  4900000/14756905 entries (elapsed time   305.9s, curr speed    0.582 kHz, avg speed   16.019 kHz), accepted   150001/  150001 events (100.00%)
Processed  4910000/14756905 entries (elapsed time   321.5s, curr speed    0.641 kHz, avg speed   15.274 kHz), accepted   160001/  160001 events (100.00%)
Processed  4920000/14756905 entries (elapsed time   336.7s, curr speed    0.656 kHz, avg speed   14.612 kHz), accepted   170001/  170001 events (100.00%)
Processed  4930000/14756905 entries (elapsed time   351.2s, curr speed    0.689 kHz, avg speed   14.036 kHz), accepted   180001/  180001 events (100.00%)
Processed  4940000/14756905 entries (elapsed time   366.0s, curr speed    0.679 kHz, avg speed   13.499 kHz), accepted   190001/  190001 events (100.00%)
Processed  4950000/14756905 entries (elapsed time   399.4s, curr speed    0.299 kHz, avg speed   12.393 kHz), accepted   200001/  200001 events (100.00%)
Processed  4960000/14756905 entries (elapsed time   411.5s, curr speed    0.830 kHz, avg speed   12.054 kHz), accepted   210001/  210001 events (100.00%)
Processed  4970000/14756905 entries (elapsed time   423.7s, curr speed    0.821 kHz, avg speed   11.731 kHz), accepted   220001/  220001 events (100.00%)
Processed  4980000/14756905 entries (elapsed time   435.9s, curr speed    0.818 kHz, avg speed   11.425 kHz), accepted   230001/  230001 events (100.00%)
Processed  4990000/14756905 entries (elapsed time   447.7s, curr speed    0.850 kHz, avg speed   11.147 kHz), accepted   240001/  240001 events (100.00%)
Processed 250000 entries from MY_EOS_SPACE/heppyNtuples/TREES_SingleMuon2016BCDEF_94X/SingleMuon_Run2016E_part2/treeProducerWMass/tree.root, selected 250000 entries
Done MY_EOS_SPACE/heppyNtuples/TREES_SingleMuon2016BCDEF_94X/friends/tree_Friend_SingleMuon_Run2016E_part2.chunk19.root
