000 (322897.005.000) 05/10 15:24:57 Job submitted from host: <188.184.95.166:9618?addrs=188.184.95.166-9618+[2001-1458-201-e4--100-7a0]-9618&alias=tbird02.cern.ch&noUDP&sock=schedd_2138722_faad_3>
...
040 (322897.005.000) 05/10 15:37:16 Started transferring input files
	Transferring to host: <128.142.240.46:9618?addrs=128.142.240.46-9618+[2001-1458-301-f9--100-20]-9618&noUDP&sock=4108_3520_126610>
...
040 (322897.005.000) 05/10 15:37:16 Finished transferring input files
...
001 (322897.005.000) 05/10 15:37:17 Job executing on host: <128.142.240.46:9618?addrs=128.142.240.46-9618+[2001-1458-301-f9--100-20]-9618&noUDP&sock=2383_1e46_3>
...
006 (322897.005.000) 05/10 15:37:26 Image size of job updated: 118872
	58  -  MemoryUsage of job (MB)
	59316  -  ResidentSetSize of job (KB)
...
006 (322897.005.000) 05/10 15:42:27 Image size of job updated: 573820
	477  -  MemoryUsage of job (MB)
	488332  -  ResidentSetSize of job (KB)
...
040 (322897.005.000) 05/10 15:43:27 Started transferring output files
...
040 (322897.005.000) 05/10 15:43:27 Finished transferring output files
...
005 (322897.005.000) 05/10 15:43:27 Job terminated.
	(1) Normal termination (return value 1)
		Usr 0 00:04:57, Sys 0 00:00:36  -  Run Remote Usage
		Usr 0 00:00:00, Sys 0 00:00:00  -  Run Local Usage
		Usr 0 00:04:57, Sys 0 00:00:36  -  Total Remote Usage
		Usr 0 00:00:00, Sys 0 00:00:00  -  Total Local Usage
	9473  -  Run Bytes Sent By Job
	10941  -  Run Bytes Received By Job
	9473  -  Total Bytes Sent By Job
	10941  -  Total Bytes Received By Job
	Partitionable Resources :    Usage  Request Allocated 
	   Cpus                 :                 1           
	   Disk (KB)            :       72        1   2113030 
	   Memory (MB)          :      477     2000      2000 
...
