000 (322898.048.000) 05/10 15:24:58 Job submitted from host: <188.184.95.166:9618?addrs=188.184.95.166-9618+[2001-1458-201-e4--100-7a0]-9618&alias=tbird02.cern.ch&noUDP&sock=schedd_2138722_faad_3>
...
040 (322898.048.000) 05/10 15:38:05 Started transferring input files
	Transferring to host: <188.184.133.245:9618?addrs=188.184.133.245-9618+[2001-1458-301-a0--100-455]-9618&noUDP&sock=15372_b6ea_102224>
...
040 (322898.048.000) 05/10 15:38:05 Finished transferring input files
...
001 (322898.048.000) 05/10 15:38:06 Job executing on host: <188.184.133.245:9618?addrs=188.184.133.245-9618+[2001-1458-301-a0--100-455]-9618&noUDP&sock=15162_7308_3>
...
006 (322898.048.000) 05/10 15:38:15 Image size of job updated: 266460
	184  -  MemoryUsage of job (MB)
	188092  -  ResidentSetSize of job (KB)
...
006 (322898.048.000) 05/10 15:43:16 Image size of job updated: 507632
	478  -  MemoryUsage of job (MB)
	489364  -  ResidentSetSize of job (KB)
...
040 (322898.048.000) 05/10 15:44:29 Started transferring output files
...
040 (322898.048.000) 05/10 15:44:29 Finished transferring output files
...
005 (322898.048.000) 05/10 15:44:29 Job terminated.
	(1) Normal termination (return value 1)
		Usr 0 00:05:33, Sys 0 00:00:39  -  Run Remote Usage
		Usr 0 00:00:00, Sys 0 00:00:00  -  Run Local Usage
		Usr 0 00:05:33, Sys 0 00:00:39  -  Total Remote Usage
		Usr 0 00:00:00, Sys 0 00:00:00  -  Total Local Usage
	9479  -  Run Bytes Sent By Job
	10941  -  Run Bytes Received By Job
	9479  -  Total Bytes Sent By Job
	10941  -  Total Bytes Received By Job
	Partitionable Resources :    Usage  Request Allocated 
	   Cpus                 :                 1           
	   Disk (KB)            :       72        1   2160785 
	   Memory (MB)          :      478     2000      2000 
...
