000 (322884.007.000) 05/10 15:24:45 Job submitted from host: <188.184.95.166:9618?addrs=188.184.95.166-9618+[2001-1458-201-e4--100-7a0]-9618&alias=tbird02.cern.ch&noUDP&sock=schedd_2138722_faad_3>
...
040 (322884.007.000) 05/10 15:26:45 Started transferring input files
	Transferring to host: <188.184.186.25:9618?addrs=188.184.186.25-9618+[2001-1458-301-f8--100-22]-9618&noUDP&sock=6127_c692_18150>
...
040 (322884.007.000) 05/10 15:26:45 Finished transferring input files
...
001 (322884.007.000) 05/10 15:26:46 Job executing on host: <188.184.186.25:9618?addrs=188.184.186.25-9618+[2001-1458-301-f8--100-22]-9618&noUDP&sock=2442_965d_3>
...
006 (322884.007.000) 05/10 15:26:54 Image size of job updated: 264684
	244  -  MemoryUsage of job (MB)
	249072  -  ResidentSetSize of job (KB)
...
006 (322884.007.000) 05/10 15:31:55 Image size of job updated: 507448
	480  -  MemoryUsage of job (MB)
	490696  -  ResidentSetSize of job (KB)
...
040 (322884.007.000) 05/10 15:34:16 Started transferring output files
...
040 (322884.007.000) 05/10 15:34:16 Finished transferring output files
...
005 (322884.007.000) 05/10 15:34:16 Job terminated.
	(1) Normal termination (return value 1)
		Usr 0 00:06:33, Sys 0 00:00:39  -  Run Remote Usage
		Usr 0 00:00:00, Sys 0 00:00:00  -  Run Local Usage
		Usr 0 00:06:33, Sys 0 00:00:39  -  Total Remote Usage
		Usr 0 00:00:00, Sys 0 00:00:00  -  Total Local Usage
	9473  -  Run Bytes Sent By Job
	10941  -  Run Bytes Received By Job
	9473  -  Total Bytes Sent By Job
	10941  -  Total Bytes Received By Job
	Partitionable Resources :    Usage  Request Allocated 
	   Cpus                 :     0.99        1         1 
	   Disk (KB)            :    79           1    212056 
	   Memory (MB)          :   480        2000      2000 
...
