000 (322891.027.000) 05/10 15:24:51 Job submitted from host: <188.184.95.166:9618?addrs=188.184.95.166-9618+[2001-1458-201-e4--100-7a0]-9618&alias=tbird02.cern.ch&noUDP&sock=schedd_2138722_faad_3>
...
040 (322891.027.000) 05/10 15:32:35 Started transferring input files
	Transferring to host: <188.184.186.24:9618?addrs=188.184.186.24-9618+[2001-1458-301-f8--100-1f]-9618&noUDP&sock=3869_cf76_125985>
...
040 (322891.027.000) 05/10 15:32:35 Finished transferring input files
...
001 (322891.027.000) 05/10 15:32:36 Job executing on host: <188.184.186.24:9618?addrs=188.184.186.24-9618+[2001-1458-301-f8--100-1f]-9618&noUDP&sock=2337_90eb_3>
...
006 (322891.027.000) 05/10 15:32:45 Image size of job updated: 321320
	231  -  MemoryUsage of job (MB)
	236004  -  ResidentSetSize of job (KB)
...
006 (322891.027.000) 05/10 15:37:46 Image size of job updated: 491828
	478  -  MemoryUsage of job (MB)
	489072  -  ResidentSetSize of job (KB)
...
040 (322891.027.000) 05/10 15:38:52 Started transferring output files
...
040 (322891.027.000) 05/10 15:38:52 Finished transferring output files
...
005 (322891.027.000) 05/10 15:38:52 Job terminated.
	(1) Normal termination (return value 1)
		Usr 0 00:05:35, Sys 0 00:00:34  -  Run Remote Usage
		Usr 0 00:00:00, Sys 0 00:00:00  -  Run Local Usage
		Usr 0 00:05:35, Sys 0 00:00:34  -  Total Remote Usage
		Usr 0 00:00:00, Sys 0 00:00:00  -  Total Local Usage
	9477  -  Run Bytes Sent By Job
	10941  -  Run Bytes Received By Job
	9477  -  Total Bytes Sent By Job
	10941  -  Total Bytes Received By Job
	Partitionable Resources :    Usage  Request Allocated 
	   Cpus                 :                 1           
	   Disk (KB)            :       72        1   2143080 
	   Memory (MB)          :      478     2000      2000 
...
