000 (322883.019.000) 05/10 15:24:44 Job submitted from host: <188.184.95.166:9618?addrs=188.184.95.166-9618+[2001-1458-201-e4--100-7a0]-9618&alias=tbird02.cern.ch&noUDP&sock=schedd_2138722_faad_3>
...
040 (322883.019.000) 05/10 15:26:26 Started transferring input files
	Transferring to host: <188.184.186.25:9618?addrs=188.184.186.25-9618+[2001-1458-301-f8--100-22]-9618&noUDP&sock=6127_c692_18144>
...
040 (322883.019.000) 05/10 15:26:26 Finished transferring input files
...
001 (322883.019.000) 05/10 15:26:27 Job executing on host: <188.184.186.25:9618?addrs=188.184.186.25-9618+[2001-1458-301-f8--100-22]-9618&noUDP&sock=2442_965d_3>
...
006 (322883.019.000) 05/10 15:26:35 Image size of job updated: 217044
	136  -  MemoryUsage of job (MB)
	138748  -  ResidentSetSize of job (KB)
...
006 (322883.019.000) 05/10 15:31:35 Image size of job updated: 491648
	480  -  MemoryUsage of job (MB)
	491016  -  ResidentSetSize of job (KB)
...
040 (322883.019.000) 05/10 15:33:57 Started transferring output files
...
040 (322883.019.000) 05/10 15:33:57 Finished transferring output files
...
005 (322883.019.000) 05/10 15:33:57 Job terminated.
	(1) Normal termination (return value 1)
		Usr 0 00:06:29, Sys 0 00:00:40  -  Run Remote Usage
		Usr 0 00:00:00, Sys 0 00:00:00  -  Run Local Usage
		Usr 0 00:06:29, Sys 0 00:00:40  -  Total Remote Usage
		Usr 0 00:00:00, Sys 0 00:00:00  -  Total Local Usage
	9477  -  Run Bytes Sent By Job
	10941  -  Run Bytes Received By Job
	9477  -  Total Bytes Sent By Job
	10941  -  Total Bytes Received By Job
	Partitionable Resources :    Usage  Request Allocated 
	   Cpus                 :     0.99        1         1 
	   Disk (KB)            :    79           1    212068 
	   Memory (MB)          :   480        2000      2000 
...
