000 (322891.046.000) 05/10 15:24:51 Job submitted from host: <188.184.95.166:9618?addrs=188.184.95.166-9618+[2001-1458-201-e4--100-7a0]-9618&alias=tbird02.cern.ch&noUDP&sock=schedd_2138722_faad_3>
...
040 (322891.046.000) 05/10 15:32:57 Started transferring input files
	Transferring to host: <188.184.207.129:9618?addrs=188.184.207.129-9618+[2001-1458-301-7d--100-65b]-9618&noUDP&sock=4217_0205_127316>
...
040 (322891.046.000) 05/10 15:32:57 Finished transferring input files
...
001 (322891.046.000) 05/10 15:32:58 Job executing on host: <188.184.207.129:9618?addrs=188.184.207.129-9618+[2001-1458-301-7d--100-65b]-9618&noUDP&sock=2329_1429_3>
...
006 (322891.046.000) 05/10 15:33:07 Image size of job updated: 289392
	205  -  MemoryUsage of job (MB)
	209472  -  ResidentSetSize of job (KB)
...
006 (322891.046.000) 05/10 15:38:08 Image size of job updated: 489800
	478  -  MemoryUsage of job (MB)
	488960  -  ResidentSetSize of job (KB)
...
040 (322891.046.000) 05/10 15:39:58 Started transferring output files
...
040 (322891.046.000) 05/10 15:39:58 Finished transferring output files
...
005 (322891.046.000) 05/10 15:39:58 Job terminated.
	(1) Normal termination (return value 1)
		Usr 0 00:06:07, Sys 0 00:00:39  -  Run Remote Usage
		Usr 0 00:00:00, Sys 0 00:00:00  -  Run Local Usage
		Usr 0 00:06:07, Sys 0 00:00:39  -  Total Remote Usage
		Usr 0 00:00:00, Sys 0 00:00:00  -  Total Local Usage
	9479  -  Run Bytes Sent By Job
	10941  -  Run Bytes Received By Job
	9479  -  Total Bytes Sent By Job
	10941  -  Total Bytes Received By Job
	Partitionable Resources :    Usage  Request Allocated 
	   Cpus                 :                 1           
	   Disk (KB)            :       72        1   2184292 
	   Memory (MB)          :      478     2000      2000 
...
