000 (322890.055.000) 05/10 15:24:50 Job submitted from host: <188.184.95.166:9618?addrs=188.184.95.166-9618+[2001-1458-201-e4--100-7a0]-9618&alias=tbird02.cern.ch&noUDP&sock=schedd_2138722_faad_3>
...
022 (322890.055.000) 05/10 15:32:20 Job disconnected, attempting to reconnect
    Socket between submit and execute hosts closed unexpectedly
    Trying to reconnect to slot1_2@b7g28n0428.cern.ch <188.184.132.6:9618?addrs=188.184.132.6-9618+[2001-1458-301-a0--100-2]-9618&noUDP&sock=2335_31ba_3>
...
024 (322890.055.000) 05/10 15:32:20 Job reconnection failed
    Job not found at execution machine
    Can not reconnect to slot1_2@b7g28n0428.cern.ch, rescheduling job
...
040 (322890.055.000) 05/10 15:32:30 Started transferring input files
	Transferring to host: <188.184.132.7:9618?addrs=188.184.132.7-9618+[2001-1458-301-a0--100-19]-9618&noUDP&sock=2852_3ded_126285>
...
040 (322890.055.000) 05/10 15:32:30 Finished transferring input files
...
001 (322890.055.000) 05/10 15:32:31 Job executing on host: <188.184.132.7:9618?addrs=188.184.132.7-9618+[2001-1458-301-a0--100-19]-9618&noUDP&sock=2359_a800_3>
...
006 (322890.055.000) 05/10 15:32:39 Image size of job updated: 336988
	246  -  MemoryUsage of job (MB)
	251868  -  ResidentSetSize of job (KB)
...
006 (322890.055.000) 05/10 15:37:39 Image size of job updated: 490596
	479  -  MemoryUsage of job (MB)
	489524  -  ResidentSetSize of job (KB)
...
040 (322890.055.000) 05/10 15:38:27 Started transferring output files
...
040 (322890.055.000) 05/10 15:38:27 Finished transferring output files
...
005 (322890.055.000) 05/10 15:38:27 Job terminated.
	(1) Normal termination (return value 1)
		Usr 0 00:05:18, Sys 0 00:00:32  -  Run Remote Usage
		Usr 0 00:00:00, Sys 0 00:00:00  -  Run Local Usage
		Usr 0 00:05:18, Sys 0 00:00:32  -  Total Remote Usage
		Usr 0 00:00:00, Sys 0 00:00:00  -  Total Local Usage
	9479  -  Run Bytes Sent By Job
	10941  -  Run Bytes Received By Job
	9479  -  Total Bytes Sent By Job
	10941  -  Total Bytes Received By Job
	Partitionable Resources :    Usage  Request Allocated 
	   Cpus                 :                 1           
	   Disk (KB)            :       72        1   2195797 
	   Memory (MB)          :      479     2000      2000 
...
