000 (322890.050.000) 05/10 15:24:50 Job submitted from host: <188.184.95.166:9618?addrs=188.184.95.166-9618+[2001-1458-201-e4--100-7a0]-9618&alias=tbird02.cern.ch&noUDP&sock=schedd_2138722_faad_3>
...
040 (322890.050.000) 05/10 15:32:19 Started transferring input files
	Transferring to host: <128.142.240.10:9618?addrs=128.142.240.10-9618+[2001-1458-301-f9--100-15]-9618&noUDP&sock=4200_07a4_127233>
...
040 (322890.050.000) 05/10 15:32:19 Finished transferring input files
...
001 (322890.050.000) 05/10 15:32:20 Job executing on host: <128.142.240.10:9618?addrs=128.142.240.10-9618+[2001-1458-301-f9--100-15]-9618&noUDP&sock=2379_5fe5_3>
...
006 (322890.050.000) 05/10 15:32:29 Image size of job updated: 183880
	177  -  MemoryUsage of job (MB)
	180560  -  ResidentSetSize of job (KB)
...
006 (322890.050.000) 05/10 15:37:30 Image size of job updated: 465164
	455  -  MemoryUsage of job (MB)
	465000  -  ResidentSetSize of job (KB)
...
006 (322890.050.000) 05/10 15:42:15 Image size of job updated: 491972
	455  -  MemoryUsage of job (MB)
	465000  -  ResidentSetSize of job (KB)
...
040 (322890.050.000) 05/10 15:42:15 Started transferring output files
...
040 (322890.050.000) 05/10 15:42:15 Finished transferring output files
...
005 (322890.050.000) 05/10 15:42:15 Job terminated.
	(1) Normal termination (return value 1)
		Usr 0 00:08:26, Sys 0 00:00:49  -  Run Remote Usage
		Usr 0 00:00:00, Sys 0 00:00:00  -  Run Local Usage
		Usr 0 00:08:26, Sys 0 00:00:49  -  Total Remote Usage
		Usr 0 00:00:00, Sys 0 00:00:00  -  Total Local Usage
	9479  -  Run Bytes Sent By Job
	10941  -  Run Bytes Received By Job
	9479  -  Total Bytes Sent By Job
	10941  -  Total Bytes Received By Job
	Partitionable Resources :    Usage  Request Allocated 
	   Cpus                 :                 1           
	   Disk (KB)            :       72        1   2149934 
	   Memory (MB)          :      455     2000      2000 
...
