000 (322885.041.000) 05/10 15:24:46 Job submitted from host: <188.184.95.166:9618?addrs=188.184.95.166-9618+[2001-1458-201-e4--100-7a0]-9618&alias=tbird02.cern.ch&noUDP&sock=schedd_2138722_faad_3>
...
040 (322885.041.000) 05/10 15:27:52 Started transferring input files
	Transferring to host: <188.184.132.10:9618?addrs=188.184.132.10-9618+[2001-1458-301-a0--100-3]-9618&noUDP&sock=4684_0d38_18629>
...
040 (322885.041.000) 05/10 15:27:52 Finished transferring input files
...
001 (322885.041.000) 05/10 15:27:53 Job executing on host: <188.184.132.10:9618?addrs=188.184.132.10-9618+[2001-1458-301-a0--100-3]-9618&noUDP&sock=2362_b6c9_3>
...
006 (322885.041.000) 05/10 15:28:02 Image size of job updated: 54804
	53  -  MemoryUsage of job (MB)
	54268  -  ResidentSetSize of job (KB)
...
006 (322885.041.000) 05/10 15:33:03 Image size of job updated: 408372
	395  -  MemoryUsage of job (MB)
	403704  -  ResidentSetSize of job (KB)
...
006 (322885.041.000) 05/10 15:38:03 Image size of job updated: 495004
	479  -  MemoryUsage of job (MB)
	490336  -  ResidentSetSize of job (KB)
...
040 (322885.041.000) 05/10 15:39:34 Started transferring output files
...
040 (322885.041.000) 05/10 15:39:34 Finished transferring output files
...
005 (322885.041.000) 05/10 15:39:35 Job terminated.
	(1) Normal termination (return value 1)
		Usr 0 00:10:00, Sys 0 00:00:55  -  Run Remote Usage
		Usr 0 00:00:00, Sys 0 00:00:00  -  Run Local Usage
		Usr 0 00:10:00, Sys 0 00:00:55  -  Total Remote Usage
		Usr 0 00:00:00, Sys 0 00:00:00  -  Total Local Usage
	9479  -  Run Bytes Sent By Job
	10941  -  Run Bytes Received By Job
	9479  -  Total Bytes Sent By Job
	10941  -  Total Bytes Received By Job
	Partitionable Resources :    Usage  Request Allocated 
	   Cpus                 :     0.99        1         1 
	   Disk (KB)            :    79           1    213769 
	   Memory (MB)          :   479        2000      2000 
...
