000 (322899.047.000) 05/10 15:24:59 Job submitted from host: <188.184.95.166:9618?addrs=188.184.95.166-9618+[2001-1458-201-e4--100-7a0]-9618&alias=tbird02.cern.ch&noUDP&sock=schedd_2138722_faad_3>
...
040 (322899.047.000) 05/10 15:38:31 Started transferring input files
	Transferring to host: <188.184.207.149:9618?addrs=188.184.207.149-9618+[2001-1458-301-7d--100-47c]-9618&noUDP&sock=23774_af00_18301>
...
040 (322899.047.000) 05/10 15:38:31 Finished transferring input files
...
001 (322899.047.000) 05/10 15:38:32 Job executing on host: <188.184.207.149:9618?addrs=188.184.207.149-9618+[2001-1458-301-7d--100-47c]-9618&noUDP&sock=2317_d906_3>
...
006 (322899.047.000) 05/10 15:38:42 Image size of job updated: 59324
	58  -  MemoryUsage of job (MB)
	59320  -  ResidentSetSize of job (KB)
...
006 (322899.047.000) 05/10 15:43:42 Image size of job updated: 403684
	393  -  MemoryUsage of job (MB)
	401584  -  ResidentSetSize of job (KB)
...
040 (322899.047.000) 05/10 15:48:04 Started transferring output files
...
040 (322899.047.000) 05/10 15:48:04 Finished transferring output files
...
005 (322899.047.000) 05/10 15:48:04 Job terminated.
	(1) Normal termination (return value 1)
		Usr 0 00:07:45, Sys 0 00:00:45  -  Run Remote Usage
		Usr 0 00:00:00, Sys 0 00:00:00  -  Run Local Usage
		Usr 0 00:07:45, Sys 0 00:00:45  -  Total Remote Usage
		Usr 0 00:00:00, Sys 0 00:00:00  -  Total Local Usage
	9479  -  Run Bytes Sent By Job
	10941  -  Run Bytes Received By Job
	9479  -  Total Bytes Sent By Job
	10941  -  Total Bytes Received By Job
	Partitionable Resources :    Usage  Request Allocated 
	   Cpus                 :     1.00        1         1 
	   Disk (KB)            :    80           1    220863 
	   Memory (MB)          :   393        2000      2000 
...
