000 (322898.016.000) 05/10 15:24:58 Job submitted from host: <188.184.95.166:9618?addrs=188.184.95.166-9618+[2001-1458-201-e4--100-7a0]-9618&alias=tbird02.cern.ch&noUDP&sock=schedd_2138722_faad_3>
...
040 (322898.016.000) 05/10 15:37:53 Started transferring input files
	Transferring to host: <188.184.132.30:9618?addrs=188.184.132.30-9618+[2001-1458-301-a0--100-16]-9618&noUDP&sock=3484_8b07_125889>
...
040 (322898.016.000) 05/10 15:37:53 Finished transferring input files
...
001 (322898.016.000) 05/10 15:37:54 Job executing on host: <188.184.132.30:9618?addrs=188.184.132.30-9618+[2001-1458-301-a0--100-16]-9618&noUDP&sock=2340_9fb4_3>
...
006 (322898.016.000) 05/10 15:38:02 Image size of job updated: 232012
	153  -  MemoryUsage of job (MB)
	155744  -  ResidentSetSize of job (KB)
...
006 (322898.016.000) 05/10 15:43:02 Image size of job updated: 575832
	482  -  MemoryUsage of job (MB)
	492732  -  ResidentSetSize of job (KB)
...
006 (322898.016.000) 05/10 15:43:40 Image size of job updated: 577800
	482  -  MemoryUsage of job (MB)
	492732  -  ResidentSetSize of job (KB)
...
040 (322898.016.000) 05/10 15:43:40 Started transferring output files
...
040 (322898.016.000) 05/10 15:43:40 Finished transferring output files
...
005 (322898.016.000) 05/10 15:43:40 Job terminated.
	(1) Normal termination (return value 1)
		Usr 0 00:05:02, Sys 0 00:00:35  -  Run Remote Usage
		Usr 0 00:00:00, Sys 0 00:00:00  -  Run Local Usage
		Usr 0 00:05:02, Sys 0 00:00:35  -  Total Remote Usage
		Usr 0 00:00:00, Sys 0 00:00:00  -  Total Local Usage
	9477  -  Run Bytes Sent By Job
	10941  -  Run Bytes Received By Job
	9477  -  Total Bytes Sent By Job
	10941  -  Total Bytes Received By Job
	Partitionable Resources :    Usage  Request Allocated 
	   Cpus                 :                 1           
	   Disk (KB)            :       72        1   2217547 
	   Memory (MB)          :      482     2000      2000 
...
