   SingleMuon_Run2016D_part4   DATA  54 chunks


I have 1 taks to process
I'm using the following list of modules DEFAULT_MODULES
this is jobs [('SingleMuon_Run2016D_part4', 'MY_EOS_SPACE/heppyNtuples/TREES_SingleMuon2016BCDEF_94X/SingleMuon_Run2016D_part4/treeProducerWMass/tree.root', 22111481.0, '_Friend_SingleMuon_Run2016D_part4.chunk35', True, xrange(8750000, 9000000), 35)]
Modules to run:  []   name =  puWeight
Loading puWeight from CMGTools.WMass.postprocessing.examples.puWeightProducer 
Running on dataset =  SingleMuon_Run2016D_part4
TFile: name=/afs/cern.ch/work/m/mciprian/w_mass_analysis/heppy/rel_slc7/CMSSW_9_4_12/src/CMGTools/WMass/python/postprocessing/data/pileup/pileup_profile_Summer16.root, title=, option=READ
TFile: name=/afs/cern.ch/work/m/mciprian/w_mass_analysis/heppy/rel_slc7/CMSSW_9_4_12/src/CMGTools/WMass/python/postprocessing/data/pileup/PileupData_GoldenJSON_Full2016.root, title=, option=READ
Load C++ Worker
Modules to run:  []   name =  puWeight2016BF
Loading puWeight2016BF from CMGTools.WMass.postprocessing.examples.puWeightProducer 
Running on dataset =  SingleMuon_Run2016D_part4
TFile: name=/afs/cern.ch/work/m/mciprian/w_mass_analysis/heppy/rel_slc7/CMSSW_9_4_12/src/CMGTools/WMass/python/postprocessing/data/pileup/pileup_profile_Summer16.root, title=, option=READ
TFile: name=/afs/cern.ch/work/m/mciprian/w_mass_analysis/heppy/rel_slc7/CMSSW_9_4_12/src/CMGTools/WMass/python/postprocessing/data/pileup/PileupData_GoldenJSON_2016BF.root, title=, option=READ
Modules to run:  []   name =  lepQCDAwayJetAll
Loading lepQCDAwayJetAll from CMGTools.WMass.postprocessing.examples.lepVarProducer 
Running on dataset =  SingleMuon_Run2016D_part4
Modules to run:  []   name =  muCalibratedWithStatVar
Loading muCalibratedWithStatVar from CMGTools.WMass.postprocessing.examples.lepVarProducer 
Running on dataset =  SingleMuon_Run2016D_part4
did not find EnergyScaleCorrection shared object, rebuilding
trying to load all the rochester correction libraries
did not find legacy data roccor. rebuilding...
done building legacy data roccor.
Modules to run:  []   name =  jetAllReCleaner
Loading jetAllReCleaner from CMGTools.WMass.postprocessing.examples.jetReCleaner 
Running on dataset =  SingleMuon_Run2016D_part4
Load C++ Worker
Modules to run:  []   name =  jetReCleaner
Loading jetReCleaner from CMGTools.WMass.postprocessing.examples.jetReCleaner 
Running on dataset =  SingleMuon_Run2016D_part4
Load C++ Worker
Modules to run:  []   name =  genQEDJets
Loading genQEDJets from CMGTools.WMass.postprocessing.examples.genFriendProducer 
Running on dataset =  SingleMuon_Run2016D_part4
Will write selected trees to MY_EOS_SPACE/heppyNtuples/TREES_SingleMuon2016BCDEF_94X/friends/
Normalization of pu_mc: 0.999973
Normalization of pileup: 3.65129e+10
Weights for variable pu_mc with a number of bins equal to 76:
1 1 1 1 1 1 1 1 1 1 1.616 1.923 1.917 1.762 1.611 1.554 1.506 1.414 1.317 1.241 1.169 1.109 1.071 1.04 1.019 1.001 0.9873 0.9825 0.9828 0.9811 0.9811 0.9792 0.9531 0.9274 0.8773 0.8171 0.7432 0.6594 0.5661 0.4725 0.3811 0.2987 0.2215 0.1581 0 0 0 0 0 0 0 0 0 0 0 1 1 1 1 1 1 1 1 1 1 1 1 1 1 1 1 1 1 1 1 1 .
Final weights: 
1 1 1 1 1 1 1 1 1 1 1.616 1.923 1.917 1.762 1.611 1.554 1.506 1.414 1.317 1.241 1.169 1.109 1.071 1.04 1.019 1.001 0.9873 0.9825 0.9828 0.9811 0.9811 0.9792 0.9531 0.9274 0.8773 0.8171 0.7432 0.6594 0.5661 0.4725 0.3811 0.2987 0.2215 0.1581 0 0 0 0 0 0 0 0 0 0 0 1 1 1 1 1 1 1 1 1 1 1 1 1 1 1 1 1 1 1 1 1 .
Normalization of pu_mc: 1
Normalization of pileup: 2.014e+10
Weights for variable pu_mc with a number of bins equal to 76:
1 1 1 1 1 1 1 1 1 1 2.784 3.074 2.661 2.24 1.976 1.881 1.801 1.669 1.544 1.453 1.364 1.27 1.186 1.113 1.061 1.016 0.9702 0.9245 0.8754 0.8192 0.7629 0.7065 0.6366 0.5722 0.4984 0.4252 0.3515 0.2804 0.2137 0.1564 0.1092 0 0 0 0 0 0 0 0 0 0 0 0 0 0 1 1 1 1 1 1 1 1 1 1 1 1 1 1 1 1 1 1 1 1 1 .
For maximum weight 3.074: integral relative change: 0
Final weights: 
1 1 1 1 1 1 1 1 1 1 2.784 3.074 2.661 2.24 1.976 1.881 1.801 1.669 1.544 1.453 1.364 1.27 1.186 1.113 1.061 1.016 0.9702 0.9245 0.8754 0.8192 0.7629 0.7065 0.6366 0.5722 0.4984 0.4252 0.3515 0.2804 0.2137 0.1564 0.1092 0 0 0 0 0 0 0 0 0 0 0 0 0 0 1 1 1 1 1 1 1 1 1 1 1 1 1 1 1 1 1 1 1 1 1 .
begin job of lepCalProducer
initializing all the rochester correction objects
initializing the egamma calibrator
Processed  8750000/13447062 entries (elapsed time     0.2s, curr speed   41.667 kHz, avg speed 36458.333 kHz), accepted        1/       1 events (100.00%)
Processed  8760000/13447062 entries (elapsed time    14.4s, curr speed    0.706 kHz, avg speed  608.333 kHz), accepted    10001/   10001 events (100.00%)
Processed  8770000/13447062 entries (elapsed time    29.5s, curr speed    0.664 kHz, avg speed  297.793 kHz), accepted    20001/   20001 events (100.00%)
Processed  8780000/13447062 entries (elapsed time    44.1s, curr speed    0.683 kHz, avg speed  199.138 kHz), accepted    30001/   30001 events (100.00%)
Processed  8790000/13447062 entries (elapsed time    58.7s, curr speed    0.684 kHz, avg speed  149.719 kHz), accepted    40001/   40001 events (100.00%)
Processed  8800000/13447062 entries (elapsed time    73.3s, curr speed    0.686 kHz, avg speed  120.087 kHz), accepted    50001/   50001 events (100.00%)
Processed  8810000/13447062 entries (elapsed time    88.0s, curr speed    0.678 kHz, avg speed  100.068 kHz), accepted    60001/   60001 events (100.00%)
Processed  8820000/13447062 entries (elapsed time   101.6s, curr speed    0.738 kHz, avg speed   86.820 kHz), accepted    70001/   70001 events (100.00%)
Processed  8830000/13447062 entries (elapsed time   113.7s, curr speed    0.825 kHz, avg speed   77.654 kHz), accepted    80001/   80001 events (100.00%)
Processed  8840000/13447062 entries (elapsed time   125.8s, curr speed    0.830 kHz, avg speed   70.293 kHz), accepted    90001/   90001 events (100.00%)
Processed  8850000/13447062 entries (elapsed time   137.6s, curr speed    0.844 kHz, avg speed   64.312 kHz), accepted   100001/  100001 events (100.00%)
Processed  8860000/13447062 entries (elapsed time   149.6s, curr speed    0.831 kHz, avg speed   59.209 kHz), accepted   110001/  110001 events (100.00%)
Processed  8870000/13447062 entries (elapsed time   161.9s, curr speed    0.816 kHz, avg speed   54.787 kHz), accepted   120001/  120001 events (100.00%)
Processed  8880000/13447062 entries (elapsed time   192.0s, curr speed    0.333 kHz, avg speed   46.257 kHz), accepted   130001/  130001 events (100.00%)
Processed  8890000/13447062 entries (elapsed time   204.5s, curr speed    0.798 kHz, avg speed   43.472 kHz), accepted   140001/  140001 events (100.00%)
Processed  8900000/13447062 entries (elapsed time   217.1s, curr speed    0.791 kHz, avg speed   40.987 kHz), accepted   150001/  150001 events (100.00%)
Processed  8910000/13447062 entries (elapsed time   229.2s, curr speed    0.826 kHz, avg speed   38.868 kHz), accepted   160001/  160001 events (100.00%)
Processed  8920000/13447062 entries (elapsed time   241.4s, curr speed    0.822 kHz, avg speed   36.950 kHz), accepted   170001/  170001 events (100.00%)
Processed  8930000/13447062 entries (elapsed time   253.4s, curr speed    0.837 kHz, avg speed   35.246 kHz), accepted   180001/  180001 events (100.00%)
Processed  8940000/13447062 entries (elapsed time   265.3s, curr speed    0.835 kHz, avg speed   33.693 kHz), accepted   190001/  190001 events (100.00%)
Processed  8950000/13447062 entries (elapsed time   295.6s, curr speed    0.331 kHz, avg speed   30.281 kHz), accepted   200001/  200001 events (100.00%)
Processed  8960000/13447062 entries (elapsed time   307.2s, curr speed    0.855 kHz, avg speed   29.162 kHz), accepted   210001/  210001 events (100.00%)
Processed  8970000/13447062 entries (elapsed time   318.9s, curr speed    0.855 kHz, avg speed   28.124 kHz), accepted   220001/  220001 events (100.00%)
Processed  8980000/13447062 entries (elapsed time   331.0s, curr speed    0.832 kHz, avg speed   27.132 kHz), accepted   230001/  230001 events (100.00%)
Processed  8990000/13447062 entries (elapsed time   343.0s, curr speed    0.832 kHz, avg speed   26.211 kHz), accepted   240001/  240001 events (100.00%)
Processed 250000 entries from MY_EOS_SPACE/heppyNtuples/TREES_SingleMuon2016BCDEF_94X/SingleMuon_Run2016D_part4/treeProducerWMass/tree.root, selected 250000 entries
Done MY_EOS_SPACE/heppyNtuples/TREES_SingleMuon2016BCDEF_94X/friends/tree_Friend_SingleMuon_Run2016D_part4.chunk35.root
