   SingleMuon_Run2016B_part5   DATA  56 chunks


I have 1 taks to process
I'm using the following list of modules DEFAULT_MODULES
this is jobs [('SingleMuon_Run2016B_part5', 'MY_EOS_SPACE/heppyNtuples/TREES_SingleMuon2016BCDEF_94X/SingleMuon_Run2016B_part5/treeProducerWMass/tree.root', 26671550.0, '_Friend_SingleMuon_Run2016B_part5.chunk24', True, xrange(6000000, 6250000), 24)]
Modules to run:  []   name =  puWeight
Loading puWeight from CMGTools.WMass.postprocessing.examples.puWeightProducer 
Running on dataset =  SingleMuon_Run2016B_part5
TFile: name=/afs/cern.ch/work/m/mciprian/w_mass_analysis/heppy/rel_slc7/CMSSW_9_4_12/src/CMGTools/WMass/python/postprocessing/data/pileup/pileup_profile_Summer16.root, title=, option=READ
TFile: name=/afs/cern.ch/work/m/mciprian/w_mass_analysis/heppy/rel_slc7/CMSSW_9_4_12/src/CMGTools/WMass/python/postprocessing/data/pileup/PileupData_GoldenJSON_Full2016.root, title=, option=READ
Load C++ Worker
Modules to run:  []   name =  puWeight2016BF
Loading puWeight2016BF from CMGTools.WMass.postprocessing.examples.puWeightProducer 
Running on dataset =  SingleMuon_Run2016B_part5
TFile: name=/afs/cern.ch/work/m/mciprian/w_mass_analysis/heppy/rel_slc7/CMSSW_9_4_12/src/CMGTools/WMass/python/postprocessing/data/pileup/pileup_profile_Summer16.root, title=, option=READ
TFile: name=/afs/cern.ch/work/m/mciprian/w_mass_analysis/heppy/rel_slc7/CMSSW_9_4_12/src/CMGTools/WMass/python/postprocessing/data/pileup/PileupData_GoldenJSON_2016BF.root, title=, option=READ
Modules to run:  []   name =  lepQCDAwayJetAll
Loading lepQCDAwayJetAll from CMGTools.WMass.postprocessing.examples.lepVarProducer 
Running on dataset =  SingleMuon_Run2016B_part5
Modules to run:  []   name =  muCalibratedWithStatVar
Loading muCalibratedWithStatVar from CMGTools.WMass.postprocessing.examples.lepVarProducer 
Running on dataset =  SingleMuon_Run2016B_part5
did not find EnergyScaleCorrection shared object, rebuilding
trying to load all the rochester correction libraries
did not find legacy data roccor. rebuilding...
done building legacy data roccor.
Modules to run:  []   name =  jetAllReCleaner
Loading jetAllReCleaner from CMGTools.WMass.postprocessing.examples.jetReCleaner 
Running on dataset =  SingleMuon_Run2016B_part5
Load C++ Worker
Modules to run:  []   name =  jetReCleaner
Loading jetReCleaner from CMGTools.WMass.postprocessing.examples.jetReCleaner 
Running on dataset =  SingleMuon_Run2016B_part5
Load C++ Worker
Modules to run:  []   name =  genQEDJets
Loading genQEDJets from CMGTools.WMass.postprocessing.examples.genFriendProducer 
Running on dataset =  SingleMuon_Run2016B_part5
Will write selected trees to MY_EOS_SPACE/heppyNtuples/TREES_SingleMuon2016BCDEF_94X/friends/
Normalization of pu_mc: 0.999973
Normalization of pileup: 3.65129e+10
Weights for variable pu_mc with a number of bins equal to 76:
1 1 1 1 1 1 1 1 1 1 1.616 1.923 1.917 1.762 1.611 1.554 1.506 1.414 1.317 1.241 1.169 1.109 1.071 1.04 1.019 1.001 0.9873 0.9825 0.9828 0.9811 0.9811 0.9792 0.9531 0.9274 0.8773 0.8171 0.7432 0.6594 0.5661 0.4725 0.3811 0.2987 0.2215 0.1581 0 0 0 0 0 0 0 0 0 0 0 1 1 1 1 1 1 1 1 1 1 1 1 1 1 1 1 1 1 1 1 1 .
Final weights: 
1 1 1 1 1 1 1 1 1 1 1.616 1.923 1.917 1.762 1.611 1.554 1.506 1.414 1.317 1.241 1.169 1.109 1.071 1.04 1.019 1.001 0.9873 0.9825 0.9828 0.9811 0.9811 0.9792 0.9531 0.9274 0.8773 0.8171 0.7432 0.6594 0.5661 0.4725 0.3811 0.2987 0.2215 0.1581 0 0 0 0 0 0 0 0 0 0 0 1 1 1 1 1 1 1 1 1 1 1 1 1 1 1 1 1 1 1 1 1 .
Normalization of pu_mc: 1
Normalization of pileup: 2.014e+10
Weights for variable pu_mc with a number of bins equal to 76:
1 1 1 1 1 1 1 1 1 1 2.784 3.074 2.661 2.24 1.976 1.881 1.801 1.669 1.544 1.453 1.364 1.27 1.186 1.113 1.061 1.016 0.9702 0.9245 0.8754 0.8192 0.7629 0.7065 0.6366 0.5722 0.4984 0.4252 0.3515 0.2804 0.2137 0.1564 0.1092 0 0 0 0 0 0 0 0 0 0 0 0 0 0 1 1 1 1 1 1 1 1 1 1 1 1 1 1 1 1 1 1 1 1 1 .
For maximum weight 3.074: integral relative change: 0
Final weights: 
1 1 1 1 1 1 1 1 1 1 2.784 3.074 2.661 2.24 1.976 1.881 1.801 1.669 1.544 1.453 1.364 1.27 1.186 1.113 1.061 1.016 0.9702 0.9245 0.8754 0.8192 0.7629 0.7065 0.6366 0.5722 0.4984 0.4252 0.3515 0.2804 0.2137 0.1564 0.1092 0 0 0 0 0 0 0 0 0 0 0 0 0 0 1 1 1 1 1 1 1 1 1 1 1 1 1 1 1 1 1 1 1 1 1 .
begin job of lepCalProducer
initializing all the rochester correction objects
initializing the egamma calibrator
Processed  6000000/13778779 entries (elapsed time     0.2s, curr speed   45.455 kHz, avg speed 27272.727 kHz), accepted        1/       1 events (100.00%)
Processed  6010000/13778779 entries (elapsed time    17.6s, curr speed    0.574 kHz, avg speed  340.896 kHz), accepted    10001/   10001 events (100.00%)
Processed  6020000/13778779 entries (elapsed time    36.1s, curr speed    0.541 kHz, avg speed  166.667 kHz), accepted    20001/   20001 events (100.00%)
Processed  6030000/13778779 entries (elapsed time    55.4s, curr speed    0.519 kHz, avg speed  108.864 kHz), accepted    30001/   30001 events (100.00%)
Processed  6040000/13778779 entries (elapsed time    74.2s, curr speed    0.531 kHz, avg speed   81.391 kHz), accepted    40001/   40001 events (100.00%)
Processed  6050000/13778779 entries (elapsed time    93.1s, curr speed    0.529 kHz, avg speed   64.977 kHz), accepted    50001/   50001 events (100.00%)
Processed  6060000/13778779 entries (elapsed time   111.6s, curr speed    0.541 kHz, avg speed   54.301 kHz), accepted    60001/   60001 events (100.00%)
Processed  6070000/13778779 entries (elapsed time   130.0s, curr speed    0.545 kHz, avg speed   46.707 kHz), accepted    70001/   70001 events (100.00%)
Processed  6080000/13778779 entries (elapsed time   145.7s, curr speed    0.636 kHz, avg speed   41.732 kHz), accepted    80001/   80001 events (100.00%)
Processed  6090000/13778779 entries (elapsed time   161.6s, curr speed    0.629 kHz, avg speed   37.690 kHz), accepted    90001/   90001 events (100.00%)
Processed  6100000/13778779 entries (elapsed time   177.8s, curr speed    0.615 kHz, avg speed   34.300 kHz), accepted   100001/  100001 events (100.00%)
Processed  6110000/13778779 entries (elapsed time   194.0s, curr speed    0.618 kHz, avg speed   31.493 kHz), accepted   110001/  110001 events (100.00%)
Processed  6120000/13778779 entries (elapsed time   209.9s, curr speed    0.628 kHz, avg speed   29.151 kHz), accepted   120001/  120001 events (100.00%)
Processed  6130000/13778779 entries (elapsed time   246.6s, curr speed    0.273 kHz, avg speed   24.862 kHz), accepted   130001/  130001 events (100.00%)
Processed  6140000/13778779 entries (elapsed time   262.6s, curr speed    0.622 kHz, avg speed   23.379 kHz), accepted   140001/  140001 events (100.00%)
Processed  6150000/13778779 entries (elapsed time   278.8s, curr speed    0.620 kHz, avg speed   22.062 kHz), accepted   150001/  150001 events (100.00%)
Processed  6160000/13778779 entries (elapsed time   295.1s, curr speed    0.612 kHz, avg speed   20.874 kHz), accepted   160001/  160001 events (100.00%)
Processed  6170000/13778779 entries (elapsed time   311.4s, curr speed    0.615 kHz, avg speed   19.816 kHz), accepted   170001/  170001 events (100.00%)
Processed  6180000/13778779 entries (elapsed time   327.7s, curr speed    0.612 kHz, avg speed   18.858 kHz), accepted   180001/  180001 events (100.00%)
Processed  6190000/13778779 entries (elapsed time   344.1s, curr speed    0.611 kHz, avg speed   17.990 kHz), accepted   190001/  190001 events (100.00%)
Processed  6200000/13778779 entries (elapsed time   381.5s, curr speed    0.268 kHz, avg speed   16.253 kHz), accepted   200001/  200001 events (100.00%)
Processed  6210000/13778779 entries (elapsed time   398.0s, curr speed    0.605 kHz, avg speed   15.603 kHz), accepted   210001/  210001 events (100.00%)
Processed  6220000/13778779 entries (elapsed time   413.5s, curr speed    0.643 kHz, avg speed   15.041 kHz), accepted   220001/  220001 events (100.00%)
Processed  6230000/13778779 entries (elapsed time   428.9s, curr speed    0.653 kHz, avg speed   14.527 kHz), accepted   230001/  230001 events (100.00%)
Processed  6240000/13778779 entries (elapsed time   445.1s, curr speed    0.614 kHz, avg speed   14.018 kHz), accepted   240001/  240001 events (100.00%)
Processed 250000 entries from MY_EOS_SPACE/heppyNtuples/TREES_SingleMuon2016BCDEF_94X/SingleMuon_Run2016B_part5/treeProducerWMass/tree.root, selected 250000 entries
Done MY_EOS_SPACE/heppyNtuples/TREES_SingleMuon2016BCDEF_94X/friends/tree_Friend_SingleMuon_Run2016B_part5.chunk24.root
