000 (322895.048.000) 05/10 15:24:55 Job submitted from host: <188.184.95.166:9618?addrs=188.184.95.166-9618+[2001-1458-201-e4--100-7a0]-9618&alias=tbird02.cern.ch&noUDP&sock=schedd_2138722_faad_3>
...
040 (322895.048.000) 05/10 15:36:43 Started transferring input files
	Transferring to host: <188.184.133.227:9618?addrs=188.184.133.227-9618+[2001-1458-301-a0--100-306]-9618&noUDP&sock=13602_96e2_104757>
...
040 (322895.048.000) 05/10 15:36:43 Finished transferring input files
...
001 (322895.048.000) 05/10 15:36:44 Job executing on host: <188.184.133.227:9618?addrs=188.184.133.227-9618+[2001-1458-301-a0--100-306]-9618&noUDP&sock=13378_c613_3>
...
006 (322895.048.000) 05/10 15:36:53 Image size of job updated: 113696
	65  -  MemoryUsage of job (MB)
	66044  -  ResidentSetSize of job (KB)
...
006 (322895.048.000) 05/10 15:41:54 Image size of job updated: 493004
	480  -  MemoryUsage of job (MB)
	490596  -  ResidentSetSize of job (KB)
...
040 (322895.048.000) 05/10 15:42:53 Started transferring output files
...
040 (322895.048.000) 05/10 15:42:53 Finished transferring output files
...
005 (322895.048.000) 05/10 15:42:53 Job terminated.
	(1) Normal termination (return value 1)
		Usr 0 00:04:53, Sys 0 00:00:36  -  Run Remote Usage
		Usr 0 00:00:00, Sys 0 00:00:00  -  Run Local Usage
		Usr 0 00:04:53, Sys 0 00:00:36  -  Total Remote Usage
		Usr 0 00:00:00, Sys 0 00:00:00  -  Total Local Usage
	9479  -  Run Bytes Sent By Job
	10941  -  Run Bytes Received By Job
	9479  -  Total Bytes Sent By Job
	10941  -  Total Bytes Received By Job
	Partitionable Resources :    Usage  Request Allocated 
	   Cpus                 :                 1           
	   Disk (KB)            :       72        1   2197869 
	   Memory (MB)          :      480     2000      2000 
...
