000 (322889.006.000) 05/10 15:24:49 Job submitted from host: <188.184.95.166:9618?addrs=188.184.95.166-9618+[2001-1458-201-e4--100-7a0]-9618&alias=tbird02.cern.ch&noUDP&sock=schedd_2138722_faad_3>
...
040 (322889.006.000) 05/10 15:31:37 Started transferring input files
	Transferring to host: <128.142.240.52:9618?addrs=128.142.240.52-9618+[2001-1458-301-f9--100-5]-9618&noUDP&sock=4209_5f04_127561>
...
040 (322889.006.000) 05/10 15:31:37 Finished transferring input files
...
001 (322889.006.000) 05/10 15:31:38 Job executing on host: <128.142.240.52:9618?addrs=128.142.240.52-9618+[2001-1458-301-f9--100-5]-9618&noUDP&sock=2340_9fb4_3>
...
006 (322889.006.000) 05/10 15:31:47 Image size of job updated: 299276
	213  -  MemoryUsage of job (MB)
	217136  -  ResidentSetSize of job (KB)
...
006 (322889.006.000) 05/10 15:36:48 Image size of job updated: 487024
	474  -  MemoryUsage of job (MB)
	484548  -  ResidentSetSize of job (KB)
...
040 (322889.006.000) 05/10 15:37:34 Started transferring output files
...
040 (322889.006.000) 05/10 15:37:34 Finished transferring output files
...
005 (322889.006.000) 05/10 15:37:34 Job terminated.
	(1) Normal termination (return value 1)
		Usr 0 00:05:12, Sys 0 00:00:34  -  Run Remote Usage
		Usr 0 00:00:00, Sys 0 00:00:00  -  Run Local Usage
		Usr 0 00:05:12, Sys 0 00:00:34  -  Total Remote Usage
		Usr 0 00:00:00, Sys 0 00:00:00  -  Total Local Usage
	9473  -  Run Bytes Sent By Job
	10941  -  Run Bytes Received By Job
	9473  -  Total Bytes Sent By Job
	10941  -  Total Bytes Received By Job
	Partitionable Resources :    Usage  Request Allocated 
	   Cpus                 :                 1           
	   Disk (KB)            :       72        1   2143929 
	   Memory (MB)          :      474     2000      2000 
...
