   SingleMuon_Run2016D_part3   DATA  63 chunks


I have 1 taks to process
I'm using the following list of modules DEFAULT_MODULES
this is jobs [('SingleMuon_Run2016D_part3', 'MY_EOS_SPACE/heppyNtuples/TREES_SingleMuon2016BCDEF_94X/SingleMuon_Run2016D_part3/treeProducerWMass/tree.root', 26144046.0, '_Friend_SingleMuon_Run2016D_part3.chunk11', True, xrange(2750000, 3000000), 11)]
Modules to run:  []   name =  puWeight
Loading puWeight from CMGTools.WMass.postprocessing.examples.puWeightProducer 
Running on dataset =  SingleMuon_Run2016D_part3
TFile: name=/afs/cern.ch/work/m/mciprian/w_mass_analysis/heppy/rel_slc7/CMSSW_9_4_12/src/CMGTools/WMass/python/postprocessing/data/pileup/pileup_profile_Summer16.root, title=, option=READ
TFile: name=/afs/cern.ch/work/m/mciprian/w_mass_analysis/heppy/rel_slc7/CMSSW_9_4_12/src/CMGTools/WMass/python/postprocessing/data/pileup/PileupData_GoldenJSON_Full2016.root, title=, option=READ
Load C++ Worker
Modules to run:  []   name =  puWeight2016BF
Loading puWeight2016BF from CMGTools.WMass.postprocessing.examples.puWeightProducer 
Running on dataset =  SingleMuon_Run2016D_part3
TFile: name=/afs/cern.ch/work/m/mciprian/w_mass_analysis/heppy/rel_slc7/CMSSW_9_4_12/src/CMGTools/WMass/python/postprocessing/data/pileup/pileup_profile_Summer16.root, title=, option=READ
TFile: name=/afs/cern.ch/work/m/mciprian/w_mass_analysis/heppy/rel_slc7/CMSSW_9_4_12/src/CMGTools/WMass/python/postprocessing/data/pileup/PileupData_GoldenJSON_2016BF.root, title=, option=READ
Modules to run:  []   name =  lepQCDAwayJetAll
Loading lepQCDAwayJetAll from CMGTools.WMass.postprocessing.examples.lepVarProducer 
Running on dataset =  SingleMuon_Run2016D_part3
Modules to run:  []   name =  muCalibratedWithStatVar
Loading muCalibratedWithStatVar from CMGTools.WMass.postprocessing.examples.lepVarProducer 
Running on dataset =  SingleMuon_Run2016D_part3
did not find EnergyScaleCorrection shared object, rebuilding
trying to load all the rochester correction libraries
did not find legacy data roccor. rebuilding...
done building legacy data roccor.
Modules to run:  []   name =  jetAllReCleaner
Loading jetAllReCleaner from CMGTools.WMass.postprocessing.examples.jetReCleaner 
Running on dataset =  SingleMuon_Run2016D_part3
Load C++ Worker
Modules to run:  []   name =  jetReCleaner
Loading jetReCleaner from CMGTools.WMass.postprocessing.examples.jetReCleaner 
Running on dataset =  SingleMuon_Run2016D_part3
Load C++ Worker
Modules to run:  []   name =  genQEDJets
Loading genQEDJets from CMGTools.WMass.postprocessing.examples.genFriendProducer 
Running on dataset =  SingleMuon_Run2016D_part3
Will write selected trees to MY_EOS_SPACE/heppyNtuples/TREES_SingleMuon2016BCDEF_94X/friends/
Normalization of pu_mc: 0.999973
Normalization of pileup: 3.65129e+10
Weights for variable pu_mc with a number of bins equal to 76:
1 1 1 1 1 1 1 1 1 1 1.616 1.923 1.917 1.762 1.611 1.554 1.506 1.414 1.317 1.241 1.169 1.109 1.071 1.04 1.019 1.001 0.9873 0.9825 0.9828 0.9811 0.9811 0.9792 0.9531 0.9274 0.8773 0.8171 0.7432 0.6594 0.5661 0.4725 0.3811 0.2987 0.2215 0.1581 0 0 0 0 0 0 0 0 0 0 0 1 1 1 1 1 1 1 1 1 1 1 1 1 1 1 1 1 1 1 1 1 .
Final weights: 
1 1 1 1 1 1 1 1 1 1 1.616 1.923 1.917 1.762 1.611 1.554 1.506 1.414 1.317 1.241 1.169 1.109 1.071 1.04 1.019 1.001 0.9873 0.9825 0.9828 0.9811 0.9811 0.9792 0.9531 0.9274 0.8773 0.8171 0.7432 0.6594 0.5661 0.4725 0.3811 0.2987 0.2215 0.1581 0 0 0 0 0 0 0 0 0 0 0 1 1 1 1 1 1 1 1 1 1 1 1 1 1 1 1 1 1 1 1 1 .
Normalization of pu_mc: 1
Normalization of pileup: 2.014e+10
Weights for variable pu_mc with a number of bins equal to 76:
1 1 1 1 1 1 1 1 1 1 2.784 3.074 2.661 2.24 1.976 1.881 1.801 1.669 1.544 1.453 1.364 1.27 1.186 1.113 1.061 1.016 0.9702 0.9245 0.8754 0.8192 0.7629 0.7065 0.6366 0.5722 0.4984 0.4252 0.3515 0.2804 0.2137 0.1564 0.1092 0 0 0 0 0 0 0 0 0 0 0 0 0 0 1 1 1 1 1 1 1 1 1 1 1 1 1 1 1 1 1 1 1 1 1 .
For maximum weight 3.074: integral relative change: 0
Final weights: 
1 1 1 1 1 1 1 1 1 1 2.784 3.074 2.661 2.24 1.976 1.881 1.801 1.669 1.544 1.453 1.364 1.27 1.186 1.113 1.061 1.016 0.9702 0.9245 0.8754 0.8192 0.7629 0.7065 0.6366 0.5722 0.4984 0.4252 0.3515 0.2804 0.2137 0.1564 0.1092 0 0 0 0 0 0 0 0 0 0 0 0 0 0 1 1 1 1 1 1 1 1 1 1 1 1 1 1 1 1 1 1 1 1 1 .
begin job of lepCalProducer
initializing all the rochester correction objects
initializing the egamma calibrator
Processed  2750000/15643086 entries (elapsed time     0.2s, curr speed   50.000 kHz, avg speed 13750.000 kHz), accepted        1/       1 events (100.00%)
Processed  2760000/15643086 entries (elapsed time    13.2s, curr speed    0.770 kHz, avg speed  209.249 kHz), accepted    10001/   10001 events (100.00%)
Processed  2770000/15643086 entries (elapsed time    26.6s, curr speed    0.747 kHz, avg speed  104.214 kHz), accepted    20001/   20001 events (100.00%)
Processed  2780000/15643086 entries (elapsed time    39.8s, curr speed    0.755 kHz, avg speed   69.814 kHz), accepted    30001/   30001 events (100.00%)
Processed  2790000/15643086 entries (elapsed time    53.2s, curr speed    0.747 kHz, avg speed   52.444 kHz), accepted    40001/   40001 events (100.00%)
Processed  2800000/15643086 entries (elapsed time    66.6s, curr speed    0.747 kHz, avg speed   42.055 kHz), accepted    50001/   50001 events (100.00%)
Processed  2810000/15643086 entries (elapsed time    80.1s, curr speed    0.738 kHz, avg speed   35.068 kHz), accepted    60001/   60001 events (100.00%)
Processed  2820000/15643086 entries (elapsed time    92.6s, curr speed    0.803 kHz, avg speed   30.457 kHz), accepted    70001/   70001 events (100.00%)
Processed  2830000/15643086 entries (elapsed time   103.9s, curr speed    0.883 kHz, avg speed   27.235 kHz), accepted    80001/   80001 events (100.00%)
Processed  2840000/15643086 entries (elapsed time   115.0s, curr speed    0.902 kHz, avg speed   24.696 kHz), accepted    90001/   90001 events (100.00%)
Processed  2850000/15643086 entries (elapsed time   126.2s, curr speed    0.894 kHz, avg speed   22.585 kHz), accepted   100001/  100001 events (100.00%)
Processed  2860000/15643086 entries (elapsed time   137.1s, curr speed    0.915 kHz, avg speed   20.858 kHz), accepted   110001/  110001 events (100.00%)
Processed  2870000/15643086 entries (elapsed time   148.3s, curr speed    0.893 kHz, avg speed   19.350 kHz), accepted   120001/  120001 events (100.00%)
Processed  2880000/15643086 entries (elapsed time   174.6s, curr speed    0.381 kHz, avg speed   16.499 kHz), accepted   130001/  130001 events (100.00%)
Processed  2890000/15643086 entries (elapsed time   186.0s, curr speed    0.877 kHz, avg speed   15.541 kHz), accepted   140001/  140001 events (100.00%)
Processed  2900000/15643086 entries (elapsed time   197.4s, curr speed    0.876 kHz, avg speed   14.692 kHz), accepted   150001/  150001 events (100.00%)
Processed  2910000/15643086 entries (elapsed time   209.3s, curr speed    0.837 kHz, avg speed   13.901 kHz), accepted   160001/  160001 events (100.00%)
Processed  2920000/15643086 entries (elapsed time   220.8s, curr speed    0.871 kHz, avg speed   13.224 kHz), accepted   170001/  170001 events (100.00%)
Processed  2930000/15643086 entries (elapsed time   232.2s, curr speed    0.879 kHz, avg speed   12.619 kHz), accepted   180001/  180001 events (100.00%)
Processed  2940000/15643086 entries (elapsed time   243.4s, curr speed    0.894 kHz, avg speed   12.080 kHz), accepted   190001/  190001 events (100.00%)
Processed  2950000/15643086 entries (elapsed time   269.0s, curr speed    0.390 kHz, avg speed   10.966 kHz), accepted   200001/  200001 events (100.00%)
Processed  2960000/15643086 entries (elapsed time   280.5s, curr speed    0.869 kHz, avg speed   10.551 kHz), accepted   210001/  210001 events (100.00%)
Processed  2970000/15643086 entries (elapsed time   291.9s, curr speed    0.883 kHz, avg speed   10.176 kHz), accepted   220001/  220001 events (100.00%)
Processed  2980000/15643086 entries (elapsed time   303.1s, curr speed    0.891 kHz, avg speed    9.832 kHz), accepted   230001/  230001 events (100.00%)
Processed  2990000/15643086 entries (elapsed time   314.4s, curr speed    0.884 kHz, avg speed    9.510 kHz), accepted   240001/  240001 events (100.00%)
Processed 250000 entries from MY_EOS_SPACE/heppyNtuples/TREES_SingleMuon2016BCDEF_94X/SingleMuon_Run2016D_part3/treeProducerWMass/tree.root, selected 250000 entries
Done MY_EOS_SPACE/heppyNtuples/TREES_SingleMuon2016BCDEF_94X/friends/tree_Friend_SingleMuon_Run2016D_part3.chunk11.root
