000 (322898.047.000) 05/10 15:24:58 Job submitted from host: <188.184.95.166:9618?addrs=188.184.95.166-9618+[2001-1458-201-e4--100-7a0]-9618&alias=tbird02.cern.ch&noUDP&sock=schedd_2138722_faad_3>
...
040 (322898.047.000) 05/10 15:38:04 Started transferring input files
	Transferring to host: <128.142.33.141:9618?addrs=128.142.33.141-9618+[2001-1458-301-117--100-36b]-9618&noUDP&sock=13069_0aed_102967>
...
040 (322898.047.000) 05/10 15:38:04 Finished transferring input files
...
001 (322898.047.000) 05/10 15:38:05 Job executing on host: <128.142.33.141:9618?addrs=128.142.33.141-9618+[2001-1458-301-117--100-36b]-9618&noUDP&sock=12861_279d_3>
...
006 (322898.047.000) 05/10 15:38:14 Image size of job updated: 251064
	171  -  MemoryUsage of job (MB)
	174612  -  ResidentSetSize of job (KB)
...
006 (322898.047.000) 05/10 15:43:15 Image size of job updated: 574552
	481  -  MemoryUsage of job (MB)
	491620  -  ResidentSetSize of job (KB)
...
006 (322898.047.000) 05/10 15:43:34 Image size of job updated: 576516
	481  -  MemoryUsage of job (MB)
	491620  -  ResidentSetSize of job (KB)
...
040 (322898.047.000) 05/10 15:43:34 Started transferring output files
...
040 (322898.047.000) 05/10 15:43:34 Finished transferring output files
...
005 (322898.047.000) 05/10 15:43:34 Job terminated.
	(1) Normal termination (return value 1)
		Usr 0 00:04:43, Sys 0 00:00:36  -  Run Remote Usage
		Usr 0 00:00:00, Sys 0 00:00:00  -  Run Local Usage
		Usr 0 00:04:43, Sys 0 00:00:36  -  Total Remote Usage
		Usr 0 00:00:00, Sys 0 00:00:00  -  Total Local Usage
	9479  -  Run Bytes Sent By Job
	10941  -  Run Bytes Received By Job
	9479  -  Total Bytes Sent By Job
	10941  -  Total Bytes Received By Job
	Partitionable Resources :    Usage  Request Allocated 
	   Cpus                 :                 1           
	   Disk (KB)            :       72        1   2163008 
	   Memory (MB)          :      481     2000      2000 
...
