000 (322888.000.000) 05/10 15:24:49 Job submitted from host: <188.184.95.166:9618?addrs=188.184.95.166-9618+[2001-1458-201-e4--100-7a0]-9618&alias=tbird02.cern.ch&noUDP&sock=schedd_2138722_faad_3>
...
040 (322888.000.000) 05/10 15:30:00 Started transferring input files
	Transferring to host: <128.142.240.28:9618?addrs=128.142.240.28-9618+[2001-1458-301-f9--100-21]-9618&noUDP&sock=4173_0183_125535>
...
040 (322888.000.000) 05/10 15:30:00 Finished transferring input files
...
001 (322888.000.000) 05/10 15:30:01 Job executing on host: <128.142.240.28:9618?addrs=128.142.240.28-9618+[2001-1458-301-f9--100-21]-9618&noUDP&sock=2343_ae7c_3>
...
006 (322888.000.000) 05/10 15:30:10 Image size of job updated: 311960
	224  -  MemoryUsage of job (MB)
	229056  -  ResidentSetSize of job (KB)
...
006 (322888.000.000) 05/10 15:35:11 Image size of job updated: 490768
	479  -  MemoryUsage of job (MB)
	489604  -  ResidentSetSize of job (KB)
...
040 (322888.000.000) 05/10 15:35:55 Started transferring output files
...
040 (322888.000.000) 05/10 15:35:55 Finished transferring output files
...
005 (322888.000.000) 05/10 15:35:55 Job terminated.
	(1) Normal termination (return value 1)
		Usr 0 00:05:17, Sys 0 00:00:33  -  Run Remote Usage
		Usr 0 00:00:00, Sys 0 00:00:00  -  Run Local Usage
		Usr 0 00:05:17, Sys 0 00:00:33  -  Total Remote Usage
		Usr 0 00:00:00, Sys 0 00:00:00  -  Total Local Usage
	9309  -  Run Bytes Sent By Job
	10941  -  Run Bytes Received By Job
	9309  -  Total Bytes Sent By Job
	10941  -  Total Bytes Received By Job
	Partitionable Resources :    Usage  Request Allocated 
	   Cpus                 :                 1           
	   Disk (KB)            :       71        1   2199644 
	   Memory (MB)          :      479     2000      2000 
...
