   SingleMuon_Run2016D_part1   DATA  62 chunks


I have 1 taks to process
I'm using the following list of modules DEFAULT_MODULES
this is jobs [('SingleMuon_Run2016D_part1', 'MY_EOS_SPACE/heppyNtuples/TREES_SingleMuon2016BCDEF_94X/SingleMuon_Run2016D_part1/treeProducerWMass/tree.root', 25303304.0, '_Friend_SingleMuon_Run2016D_part1.chunk32', True, xrange(8000000, 8250000), 32)]
Modules to run:  []   name =  puWeight
Loading puWeight from CMGTools.WMass.postprocessing.examples.puWeightProducer 
Running on dataset =  SingleMuon_Run2016D_part1
TFile: name=/afs/cern.ch/work/m/mciprian/w_mass_analysis/heppy/rel_slc7/CMSSW_9_4_12/src/CMGTools/WMass/python/postprocessing/data/pileup/pileup_profile_Summer16.root, title=, option=READ
TFile: name=/afs/cern.ch/work/m/mciprian/w_mass_analysis/heppy/rel_slc7/CMSSW_9_4_12/src/CMGTools/WMass/python/postprocessing/data/pileup/PileupData_GoldenJSON_Full2016.root, title=, option=READ
Load C++ Worker
Modules to run:  []   name =  puWeight2016BF
Loading puWeight2016BF from CMGTools.WMass.postprocessing.examples.puWeightProducer 
Running on dataset =  SingleMuon_Run2016D_part1
TFile: name=/afs/cern.ch/work/m/mciprian/w_mass_analysis/heppy/rel_slc7/CMSSW_9_4_12/src/CMGTools/WMass/python/postprocessing/data/pileup/pileup_profile_Summer16.root, title=, option=READ
TFile: name=/afs/cern.ch/work/m/mciprian/w_mass_analysis/heppy/rel_slc7/CMSSW_9_4_12/src/CMGTools/WMass/python/postprocessing/data/pileup/PileupData_GoldenJSON_2016BF.root, title=, option=READ
Modules to run:  []   name =  lepQCDAwayJetAll
Loading lepQCDAwayJetAll from CMGTools.WMass.postprocessing.examples.lepVarProducer 
Running on dataset =  SingleMuon_Run2016D_part1
Modules to run:  []   name =  muCalibratedWithStatVar
Loading muCalibratedWithStatVar from CMGTools.WMass.postprocessing.examples.lepVarProducer 
Running on dataset =  SingleMuon_Run2016D_part1
did not find EnergyScaleCorrection shared object, rebuilding
trying to load all the rochester correction libraries
did not find legacy data roccor. rebuilding...
done building legacy data roccor.
Modules to run:  []   name =  jetAllReCleaner
Loading jetAllReCleaner from CMGTools.WMass.postprocessing.examples.jetReCleaner 
Running on dataset =  SingleMuon_Run2016D_part1
Load C++ Worker
Modules to run:  []   name =  jetReCleaner
Loading jetReCleaner from CMGTools.WMass.postprocessing.examples.jetReCleaner 
Running on dataset =  SingleMuon_Run2016D_part1
Load C++ Worker
Modules to run:  []   name =  genQEDJets
Loading genQEDJets from CMGTools.WMass.postprocessing.examples.genFriendProducer 
Running on dataset =  SingleMuon_Run2016D_part1
Will write selected trees to MY_EOS_SPACE/heppyNtuples/TREES_SingleMuon2016BCDEF_94X/friends/
Normalization of pu_mc: 0.999973
Normalization of pileup: 3.65129e+10
Weights for variable pu_mc with a number of bins equal to 76:
1 1 1 1 1 1 1 1 1 1 1.616 1.923 1.917 1.762 1.611 1.554 1.506 1.414 1.317 1.241 1.169 1.109 1.071 1.04 1.019 1.001 0.9873 0.9825 0.9828 0.9811 0.9811 0.9792 0.9531 0.9274 0.8773 0.8171 0.7432 0.6594 0.5661 0.4725 0.3811 0.2987 0.2215 0.1581 0 0 0 0 0 0 0 0 0 0 0 1 1 1 1 1 1 1 1 1 1 1 1 1 1 1 1 1 1 1 1 1 .
Final weights: 
1 1 1 1 1 1 1 1 1 1 1.616 1.923 1.917 1.762 1.611 1.554 1.506 1.414 1.317 1.241 1.169 1.109 1.071 1.04 1.019 1.001 0.9873 0.9825 0.9828 0.9811 0.9811 0.9792 0.9531 0.9274 0.8773 0.8171 0.7432 0.6594 0.5661 0.4725 0.3811 0.2987 0.2215 0.1581 0 0 0 0 0 0 0 0 0 0 0 1 1 1 1 1 1 1 1 1 1 1 1 1 1 1 1 1 1 1 1 1 .
Normalization of pu_mc: 1
Normalization of pileup: 2.014e+10
Weights for variable pu_mc with a number of bins equal to 76:
1 1 1 1 1 1 1 1 1 1 2.784 3.074 2.661 2.24 1.976 1.881 1.801 1.669 1.544 1.453 1.364 1.27 1.186 1.113 1.061 1.016 0.9702 0.9245 0.8754 0.8192 0.7629 0.7065 0.6366 0.5722 0.4984 0.4252 0.3515 0.2804 0.2137 0.1564 0.1092 0 0 0 0 0 0 0 0 0 0 0 0 0 0 1 1 1 1 1 1 1 1 1 1 1 1 1 1 1 1 1 1 1 1 1 .
For maximum weight 3.074: integral relative change: 0
Final weights: 
1 1 1 1 1 1 1 1 1 1 2.784 3.074 2.661 2.24 1.976 1.881 1.801 1.669 1.544 1.453 1.364 1.27 1.186 1.113 1.061 1.016 0.9702 0.9245 0.8754 0.8192 0.7629 0.7065 0.6366 0.5722 0.4984 0.4252 0.3515 0.2804 0.2137 0.1564 0.1092 0 0 0 0 0 0 0 0 0 0 0 0 0 0 1 1 1 1 1 1 1 1 1 1 1 1 1 1 1 1 1 1 1 1 1 .
begin job of lepCalProducer
initializing all the rochester correction objects
initializing the egamma calibrator
Processed  8000000/15463332 entries (elapsed time     0.3s, curr speed   37.037 kHz, avg speed 29629.630 kHz), accepted        1/       1 events (100.00%)
Processed  8010000/15463332 entries (elapsed time    14.2s, curr speed    0.720 kHz, avg speed  565.678 kHz), accepted    10001/   10001 events (100.00%)
Processed  8020000/15463332 entries (elapsed time    28.2s, curr speed    0.713 kHz, avg speed  284.599 kHz), accepted    20001/   20001 events (100.00%)
Processed  8030000/15463332 entries (elapsed time    42.5s, curr speed    0.700 kHz, avg speed  189.119 kHz), accepted    30001/   30001 events (100.00%)
Processed  8040000/15463332 entries (elapsed time    56.3s, curr speed    0.721 kHz, avg speed  142.730 kHz), accepted    40001/   40001 events (100.00%)
Processed  8050000/15463332 entries (elapsed time    70.0s, curr speed    0.729 kHz, avg speed  114.934 kHz), accepted    50001/   50001 events (100.00%)
Processed  8060000/15463332 entries (elapsed time    83.8s, curr speed    0.727 kHz, avg speed   96.181 kHz), accepted    60001/   60001 events (100.00%)
Processed  8070000/15463332 entries (elapsed time    97.4s, curr speed    0.735 kHz, avg speed   82.854 kHz), accepted    70001/   70001 events (100.00%)
Processed  8080000/15463332 entries (elapsed time   109.7s, curr speed    0.815 kHz, avg speed   73.676 kHz), accepted    80001/   80001 events (100.00%)
Processed  8090000/15463332 entries (elapsed time   121.8s, curr speed    0.827 kHz, avg speed   66.442 kHz), accepted    90001/   90001 events (100.00%)
Processed  8100000/15463332 entries (elapsed time   134.4s, curr speed    0.794 kHz, avg speed   60.286 kHz), accepted   100001/  100001 events (100.00%)
Processed  8110000/15463332 entries (elapsed time   146.6s, curr speed    0.816 kHz, avg speed   55.313 kHz), accepted   110001/  110001 events (100.00%)
Processed  8120000/15463332 entries (elapsed time   158.7s, curr speed    0.830 kHz, avg speed   51.175 kHz), accepted   120001/  120001 events (100.00%)
Processed  8130000/15463332 entries (elapsed time   186.1s, curr speed    0.365 kHz, avg speed   43.698 kHz), accepted   130001/  130001 events (100.00%)
Processed  8140000/15463332 entries (elapsed time   197.9s, curr speed    0.846 kHz, avg speed   41.138 kHz), accepted   140001/  140001 events (100.00%)
Processed  8150000/15463332 entries (elapsed time   210.0s, curr speed    0.826 kHz, avg speed   38.813 kHz), accepted   150001/  150001 events (100.00%)
Processed  8160000/15463332 entries (elapsed time   222.0s, curr speed    0.835 kHz, avg speed   36.763 kHz), accepted   160001/  160001 events (100.00%)
Processed  8170000/15463332 entries (elapsed time   233.7s, curr speed    0.851 kHz, avg speed   34.958 kHz), accepted   170001/  170001 events (100.00%)
Processed  8180000/15463332 entries (elapsed time   245.7s, curr speed    0.834 kHz, avg speed   33.293 kHz), accepted   180001/  180001 events (100.00%)
Processed  8190000/15463332 entries (elapsed time   257.5s, curr speed    0.848 kHz, avg speed   31.807 kHz), accepted   190001/  190001 events (100.00%)
Processed  8200000/15463332 entries (elapsed time   284.9s, curr speed    0.365 kHz, avg speed   28.786 kHz), accepted   200001/  200001 events (100.00%)
Processed  8210000/15463332 entries (elapsed time   296.8s, curr speed    0.840 kHz, avg speed   27.665 kHz), accepted   210001/  210001 events (100.00%)
Processed  8220000/15463332 entries (elapsed time   308.8s, curr speed    0.830 kHz, avg speed   26.618 kHz), accepted   220001/  220001 events (100.00%)
Processed  8230000/15463332 entries (elapsed time   321.6s, curr speed    0.784 kHz, avg speed   25.593 kHz), accepted   230001/  230001 events (100.00%)
Processed  8240000/15463332 entries (elapsed time   334.3s, curr speed    0.786 kHz, avg speed   24.649 kHz), accepted   240001/  240001 events (100.00%)
Processed 250000 entries from MY_EOS_SPACE/heppyNtuples/TREES_SingleMuon2016BCDEF_94X/SingleMuon_Run2016D_part1/treeProducerWMass/tree.root, selected 250000 entries
Done MY_EOS_SPACE/heppyNtuples/TREES_SingleMuon2016BCDEF_94X/friends/tree_Friend_SingleMuon_Run2016D_part1.chunk32.root
