000 (322885.008.000) 05/10 15:24:46 Job submitted from host: <188.184.95.166:9618?addrs=188.184.95.166-9618+[2001-1458-201-e4--100-7a0]-9618&alias=tbird02.cern.ch&noUDP&sock=schedd_2138722_faad_3>
...
040 (322885.008.000) 05/10 15:27:40 Started transferring input files
	Transferring to host: <188.184.133.208:9618?addrs=188.184.133.208-9618+[2001-1458-301-a0--100-4df]-9618&noUDP&sock=30501_76b1_18526>
...
040 (322885.008.000) 05/10 15:27:40 Finished transferring input files
...
001 (322885.008.000) 05/10 15:27:41 Job executing on host: <188.184.133.208:9618?addrs=188.184.133.208-9618+[2001-1458-301-a0--100-4df]-9618&noUDP&sock=12853_aadb_3>
...
006 (322885.008.000) 05/10 15:27:49 Image size of job updated: 249852
	244  -  MemoryUsage of job (MB)
	249240  -  ResidentSetSize of job (KB)
...
006 (322885.008.000) 05/10 15:32:49 Image size of job updated: 487632
	476  -  MemoryUsage of job (MB)
	486980  -  ResidentSetSize of job (KB)
...
040 (322885.008.000) 05/10 15:36:01 Started transferring output files
...
040 (322885.008.000) 05/10 15:36:01 Finished transferring output files
...
005 (322885.008.000) 05/10 15:36:01 Job terminated.
	(1) Normal termination (return value 1)
		Usr 0 00:07:16, Sys 0 00:00:41  -  Run Remote Usage
		Usr 0 00:00:00, Sys 0 00:00:00  -  Run Local Usage
		Usr 0 00:07:16, Sys 0 00:00:41  -  Total Remote Usage
		Usr 0 00:00:00, Sys 0 00:00:00  -  Total Local Usage
	9473  -  Run Bytes Sent By Job
	10941  -  Run Bytes Received By Job
	9473  -  Total Bytes Sent By Job
	10941  -  Total Bytes Received By Job
	Partitionable Resources :    Usage  Request Allocated 
	   Cpus                 :     0.72        1         1 
	   Disk (KB)            :    79           1    215154 
	   Memory (MB)          :   476        2000      2000 
...
