000 (322883.049.000) 05/10 15:24:44 Job submitted from host: <188.184.95.166:9618?addrs=188.184.95.166-9618+[2001-1458-201-e4--100-7a0]-9618&alias=tbird02.cern.ch&noUDP&sock=schedd_2138722_faad_3>
...
040 (322883.049.000) 05/10 15:26:35 Started transferring input files
	Transferring to host: <188.184.186.9:9618?addrs=188.184.186.9-9618+[2001-1458-301-f8--100-11]-9618&noUDP&sock=8388_dace_18555>
...
040 (322883.049.000) 05/10 15:26:35 Finished transferring input files
...
001 (322883.049.000) 05/10 15:26:36 Job executing on host: <188.184.186.9:9618?addrs=188.184.186.9-9618+[2001-1458-301-f8--100-11]-9618&noUDP&sock=2355_e99f_3>
...
006 (322883.049.000) 05/10 15:26:45 Image size of job updated: 234360
	223  -  MemoryUsage of job (MB)
	227940  -  ResidentSetSize of job (KB)
...
006 (322883.049.000) 05/10 15:31:46 Image size of job updated: 405064
	396  -  MemoryUsage of job (MB)
	404596  -  ResidentSetSize of job (KB)
...
006 (322883.049.000) 05/10 15:36:46 Image size of job updated: 490688
	480  -  MemoryUsage of job (MB)
	490684  -  ResidentSetSize of job (KB)
...
006 (322883.049.000) 05/10 15:37:57 Image size of job updated: 673032
	480  -  MemoryUsage of job (MB)
	490684  -  ResidentSetSize of job (KB)
...
040 (322883.049.000) 05/10 15:37:57 Started transferring output files
...
040 (322883.049.000) 05/10 15:37:57 Finished transferring output files
...
005 (322883.049.000) 05/10 15:37:57 Job terminated.
	(1) Normal termination (return value 1)
		Usr 0 00:09:55, Sys 0 00:00:57  -  Run Remote Usage
		Usr 0 00:00:00, Sys 0 00:00:00  -  Run Local Usage
		Usr 0 00:09:55, Sys 0 00:00:57  -  Total Remote Usage
		Usr 0 00:00:00, Sys 0 00:00:00  -  Total Local Usage
	9479  -  Run Bytes Sent By Job
	10941  -  Run Bytes Received By Job
	9479  -  Total Bytes Sent By Job
	10941  -  Total Bytes Received By Job
	Partitionable Resources :    Usage  Request Allocated 
	   Cpus                 :     0.75        1         1 
	   Disk (KB)            :    79           1    215266 
	   Memory (MB)          :   480        2000      2000 
...
