000 (322883.023.000) 05/10 15:24:44 Job submitted from host: <188.184.95.166:9618?addrs=188.184.95.166-9618+[2001-1458-201-e4--100-7a0]-9618&alias=tbird02.cern.ch&noUDP&sock=schedd_2138722_faad_3>
...
040 (322883.023.000) 05/10 15:26:28 Started transferring input files
	Transferring to host: <128.142.240.70:9618?addrs=128.142.240.70-9618+[2001-1458-301-f9--100-4a]-9618&noUDP&sock=4183_0d43_125881>
...
040 (322883.023.000) 05/10 15:26:28 Finished transferring input files
...
001 (322883.023.000) 05/10 15:26:29 Job executing on host: <128.142.240.70:9618?addrs=128.142.240.70-9618+[2001-1458-301-f9--100-4a]-9618&noUDP&sock=2395_5969_3>
...
006 (322883.023.000) 05/10 15:26:37 Image size of job updated: 194348
	114  -  MemoryUsage of job (MB)
	116596  -  ResidentSetSize of job (KB)
...
006 (322883.023.000) 05/10 15:31:37 Image size of job updated: 493568
	480  -  MemoryUsage of job (MB)
	490664  -  ResidentSetSize of job (KB)
...
040 (322883.023.000) 05/10 15:32:27 Started transferring output files
...
040 (322883.023.000) 05/10 15:32:27 Finished transferring output files
...
005 (322883.023.000) 05/10 15:32:27 Job terminated.
	(1) Normal termination (return value 1)
		Usr 0 00:05:17, Sys 0 00:00:34  -  Run Remote Usage
		Usr 0 00:00:00, Sys 0 00:00:00  -  Run Local Usage
		Usr 0 00:05:17, Sys 0 00:00:34  -  Total Remote Usage
		Usr 0 00:00:00, Sys 0 00:00:00  -  Total Local Usage
	9477  -  Run Bytes Sent By Job
	10941  -  Run Bytes Received By Job
	9477  -  Total Bytes Sent By Job
	10941  -  Total Bytes Received By Job
	Partitionable Resources :    Usage  Request Allocated 
	   Cpus                 :                 1           
	   Disk (KB)            :       72        1   2114170 
	   Memory (MB)          :      480     2000      2000 
...
