000 (322896.034.000) 05/10 15:24:56 Job submitted from host: <188.184.95.166:9618?addrs=188.184.95.166-9618+[2001-1458-201-e4--100-7a0]-9618&alias=tbird02.cern.ch&noUDP&sock=schedd_2138722_faad_3>
...
040 (322896.034.000) 05/10 15:37:00 Started transferring input files
	Transferring to host: <188.184.133.249:9618?addrs=188.184.133.249-9618+[2001-1458-301-a0--100-4d0]-9618&noUDP&sock=13055_2dac_102990>
...
040 (322896.034.000) 05/10 15:37:00 Finished transferring input files
...
001 (322896.034.000) 05/10 15:37:01 Job executing on host: <188.184.133.249:9618?addrs=188.184.133.249-9618+[2001-1458-301-a0--100-4d0]-9618&noUDP&sock=12848_3ce2_3>
...
006 (322896.034.000) 05/10 15:37:10 Image size of job updated: 118868
	58  -  MemoryUsage of job (MB)
	59320  -  ResidentSetSize of job (KB)
...
006 (322896.034.000) 05/10 15:42:11 Image size of job updated: 553028
	481  -  MemoryUsage of job (MB)
	491884  -  ResidentSetSize of job (KB)
...
006 (322896.034.000) 05/10 15:43:36 Image size of job updated: 553028
	481  -  MemoryUsage of job (MB)
	491960  -  ResidentSetSize of job (KB)
...
040 (322896.034.000) 05/10 15:43:36 Started transferring output files
...
040 (322896.034.000) 05/10 15:43:36 Finished transferring output files
...
005 (322896.034.000) 05/10 15:43:36 Job terminated.
	(1) Normal termination (return value 1)
		Usr 0 00:05:09, Sys 0 00:00:37  -  Run Remote Usage
		Usr 0 00:00:00, Sys 0 00:00:00  -  Run Local Usage
		Usr 0 00:05:09, Sys 0 00:00:37  -  Total Remote Usage
		Usr 0 00:00:00, Sys 0 00:00:00  -  Total Local Usage
	9477  -  Run Bytes Sent By Job
	10941  -  Run Bytes Received By Job
	9477  -  Total Bytes Sent By Job
	10941  -  Total Bytes Received By Job
	Partitionable Resources :    Usage  Request Allocated 
	   Cpus                 :                 1           
	   Disk (KB)            :       72        1   2205494 
	   Memory (MB)          :      481     2000      2000 
...
