000 (322883.060.000) 05/10 15:24:44 Job submitted from host: <188.184.95.166:9618?addrs=188.184.95.166-9618+[2001-1458-201-e4--100-7a0]-9618&alias=tbird02.cern.ch&noUDP&sock=schedd_2138722_faad_3>
...
040 (322883.060.000) 05/10 15:26:40 Started transferring input files
	Transferring to host: <188.184.132.23:9618?addrs=188.184.132.23-9618+[2001-1458-301-a0--100-a]-9618&noUDP&sock=29738_dc72_18894>
...
040 (322883.060.000) 05/10 15:26:40 Finished transferring input files
...
001 (322883.060.000) 05/10 15:26:41 Job executing on host: <188.184.132.23:9618?addrs=188.184.132.23-9618+[2001-1458-301-a0--100-a]-9618&noUDP&sock=2412_0285_3>
...
006 (322883.060.000) 05/10 15:26:50 Image size of job updated: 250708
	245  -  MemoryUsage of job (MB)
	249996  -  ResidentSetSize of job (KB)
...
006 (322883.060.000) 05/10 15:31:51 Image size of job updated: 490320
	479  -  MemoryUsage of job (MB)
	490076  -  ResidentSetSize of job (KB)
...
006 (322883.060.000) 05/10 15:35:11 Image size of job updated: 900724
	479  -  MemoryUsage of job (MB)
	490076  -  ResidentSetSize of job (KB)
...
040 (322883.060.000) 05/10 15:35:11 Started transferring output files
...
040 (322883.060.000) 05/10 15:35:11 Finished transferring output files
...
005 (322883.060.000) 05/10 15:35:11 Job terminated.
	(1) Normal termination (return value 1)
		Usr 0 00:07:29, Sys 0 00:00:44  -  Run Remote Usage
		Usr 0 00:00:00, Sys 0 00:00:00  -  Run Local Usage
		Usr 0 00:07:29, Sys 0 00:00:44  -  Total Remote Usage
		Usr 0 00:00:00, Sys 0 00:00:00  -  Total Local Usage
	9479  -  Run Bytes Sent By Job
	10941  -  Run Bytes Received By Job
	9479  -  Total Bytes Sent By Job
	10941  -  Total Bytes Received By Job
	Partitionable Resources :    Usage  Request Allocated 
	   Cpus                 :     0.99        1         1 
	   Disk (KB)            :    79           1    217058 
	   Memory (MB)          :   479        2000      2000 
...
