000 (322894.002.000) 05/10 15:24:54 Job submitted from host: <188.184.95.166:9618?addrs=188.184.95.166-9618+[2001-1458-201-e4--100-7a0]-9618&alias=tbird02.cern.ch&noUDP&sock=schedd_2138722_faad_3>
...
040 (322894.002.000) 05/10 15:34:49 Started transferring input files
	Transferring to host: <128.142.240.56:9618?addrs=128.142.240.56-9618+[2001-1458-301-f9--100-3e]-9618&noUDP&sock=4049_a2fe_126014>
...
040 (322894.002.000) 05/10 15:34:49 Finished transferring input files
...
001 (322894.002.000) 05/10 15:34:50 Job executing on host: <128.142.240.56:9618?addrs=128.142.240.56-9618+[2001-1458-301-f9--100-3e]-9618&noUDP&sock=2356_9938_3>
...
006 (322894.002.000) 05/10 15:34:59 Image size of job updated: 311172
	224  -  MemoryUsage of job (MB)
	228524  -  ResidentSetSize of job (KB)
...
006 (322894.002.000) 05/10 15:40:00 Image size of job updated: 490444
	479  -  MemoryUsage of job (MB)
	489616  -  ResidentSetSize of job (KB)
...
040 (322894.002.000) 05/10 15:40:51 Started transferring output files
...
040 (322894.002.000) 05/10 15:40:51 Finished transferring output files
...
005 (322894.002.000) 05/10 15:40:51 Job terminated.
	(1) Normal termination (return value 1)
		Usr 0 00:05:19, Sys 0 00:00:35  -  Run Remote Usage
		Usr 0 00:00:00, Sys 0 00:00:00  -  Run Local Usage
		Usr 0 00:05:19, Sys 0 00:00:35  -  Total Remote Usage
		Usr 0 00:00:00, Sys 0 00:00:00  -  Total Local Usage
	9471  -  Run Bytes Sent By Job
	10941  -  Run Bytes Received By Job
	9471  -  Total Bytes Sent By Job
	10941  -  Total Bytes Received By Job
	Partitionable Resources :    Usage  Request Allocated 
	   Cpus                 :                 1           
	   Disk (KB)            :       72        1   2148182 
	   Memory (MB)          :      479     2000      2000 
...
