000 (322893.004.000) 05/10 15:24:53 Job submitted from host: <188.184.95.166:9618?addrs=188.184.95.166-9618+[2001-1458-201-e4--100-7a0]-9618&alias=tbird02.cern.ch&noUDP&sock=schedd_2138722_faad_3>
...
040 (322893.004.000) 05/10 15:34:00 Started transferring input files
	Transferring to host: <128.142.240.25:9618?addrs=128.142.240.25-9618+[2001-1458-301-f9--100-b]-9618&noUDP&sock=4151_8142_126246>
...
040 (322893.004.000) 05/10 15:34:00 Finished transferring input files
...
001 (322893.004.000) 05/10 15:34:01 Job executing on host: <128.142.240.25:9618?addrs=128.142.240.25-9618+[2001-1458-301-f9--100-b]-9618&noUDP&sock=2416_c0e6_3>
...
006 (322893.004.000) 05/10 15:34:09 Image size of job updated: 169244
	104  -  MemoryUsage of job (MB)
	106296  -  ResidentSetSize of job (KB)
...
006 (322893.004.000) 05/10 15:39:09 Image size of job updated: 490596
	478  -  MemoryUsage of job (MB)
	489396  -  ResidentSetSize of job (KB)
...
040 (322893.004.000) 05/10 15:40:15 Started transferring output files
...
040 (322893.004.000) 05/10 15:40:15 Finished transferring output files
...
005 (322893.004.000) 05/10 15:40:15 Job terminated.
	(1) Normal termination (return value 1)
		Usr 0 00:05:24, Sys 0 00:00:35  -  Run Remote Usage
		Usr 0 00:00:00, Sys 0 00:00:00  -  Run Local Usage
		Usr 0 00:05:24, Sys 0 00:00:35  -  Total Remote Usage
		Usr 0 00:00:00, Sys 0 00:00:00  -  Total Local Usage
	9473  -  Run Bytes Sent By Job
	10941  -  Run Bytes Received By Job
	9473  -  Total Bytes Sent By Job
	10941  -  Total Bytes Received By Job
	Partitionable Resources :    Usage  Request Allocated 
	   Cpus                 :                 1           
	   Disk (KB)            :       72        1   2110502 
	   Memory (MB)          :      478     2000      2000 
...
