000 (322882.031.000) 05/10 15:24:43 Job submitted from host: <188.184.95.166:9618?addrs=188.184.95.166-9618+[2001-1458-201-e4--100-7a0]-9618&alias=tbird02.cern.ch&noUDP&sock=schedd_2138722_faad_3>
...
040 (322882.031.000) 05/10 15:26:08 Started transferring input files
	Transferring to host: <188.184.207.239:9618?addrs=188.184.207.239-9618+[2001-1458-301-7d--100-578]-9618&noUDP&sock=4193_1904_126290>
...
040 (322882.031.000) 05/10 15:26:08 Finished transferring input files
...
001 (322882.031.000) 05/10 15:26:09 Job executing on host: <188.184.207.239:9618?addrs=188.184.207.239-9618+[2001-1458-301-7d--100-578]-9618&noUDP&sock=2329_1429_3>
...
006 (322882.031.000) 05/10 15:26:17 Image size of job updated: 178964
	104  -  MemoryUsage of job (MB)
	106028  -  ResidentSetSize of job (KB)
...
006 (322882.031.000) 05/10 15:31:17 Image size of job updated: 492580
	479  -  MemoryUsage of job (MB)
	489592  -  ResidentSetSize of job (KB)
...
040 (322882.031.000) 05/10 15:32:09 Started transferring output files
...
040 (322882.031.000) 05/10 15:32:09 Finished transferring output files
...
005 (322882.031.000) 05/10 15:32:09 Job terminated.
	(1) Normal termination (return value 1)
		Usr 0 00:05:17, Sys 0 00:00:32  -  Run Remote Usage
		Usr 0 00:00:00, Sys 0 00:00:00  -  Run Local Usage
		Usr 0 00:05:17, Sys 0 00:00:32  -  Total Remote Usage
		Usr 0 00:00:00, Sys 0 00:00:00  -  Total Local Usage
	9477  -  Run Bytes Sent By Job
	10941  -  Run Bytes Received By Job
	9477  -  Total Bytes Sent By Job
	10941  -  Total Bytes Received By Job
	Partitionable Resources :    Usage  Request Allocated 
	   Cpus                 :                 1           
	   Disk (KB)            :       72        1   2156464 
	   Memory (MB)          :      479     2000      2000 
...
