000 (322889.017.000) 05/10 15:24:49 Job submitted from host: <188.184.95.166:9618?addrs=188.184.95.166-9618+[2001-1458-201-e4--100-7a0]-9618&alias=tbird02.cern.ch&noUDP&sock=schedd_2138722_faad_3>
...
040 (322889.017.000) 05/10 15:31:43 Started transferring input files
	Transferring to host: <128.142.240.16:9618?addrs=128.142.240.16-9618+[2001-1458-301-f9--100-a]-9618&noUDP&sock=4100_9220_126169>
...
040 (322889.017.000) 05/10 15:31:43 Finished transferring input files
...
001 (322889.017.000) 05/10 15:31:44 Job executing on host: <128.142.240.16:9618?addrs=128.142.240.16-9618+[2001-1458-301-f9--100-a]-9618&noUDP&sock=2420_7f47_3>
...
006 (322889.017.000) 05/10 15:31:53 Image size of job updated: 330136
	242  -  MemoryUsage of job (MB)
	246944  -  ResidentSetSize of job (KB)
...
006 (322889.017.000) 05/10 15:36:54 Image size of job updated: 488912
	477  -  MemoryUsage of job (MB)
	487752  -  ResidentSetSize of job (KB)
...
040 (322889.017.000) 05/10 15:37:26 Started transferring output files
...
040 (322889.017.000) 05/10 15:37:26 Finished transferring output files
...
005 (322889.017.000) 05/10 15:37:26 Job terminated.
	(1) Normal termination (return value 1)
		Usr 0 00:05:02, Sys 0 00:00:36  -  Run Remote Usage
		Usr 0 00:00:00, Sys 0 00:00:00  -  Run Local Usage
		Usr 0 00:05:02, Sys 0 00:00:36  -  Total Remote Usage
		Usr 0 00:00:00, Sys 0 00:00:00  -  Total Local Usage
	9477  -  Run Bytes Sent By Job
	10941  -  Run Bytes Received By Job
	9477  -  Total Bytes Sent By Job
	10941  -  Total Bytes Received By Job
	Partitionable Resources :    Usage  Request Allocated 
	   Cpus                 :                 1           
	   Disk (KB)            :       72        1   2201436 
	   Memory (MB)          :      477     2000      2000 
...
