   SingleMuon_Run2016B_part2   DATA  64 chunks


I have 1 taks to process
I'm using the following list of modules DEFAULT_MODULES
this is jobs [('SingleMuon_Run2016B_part2', 'MY_EOS_SPACE/heppyNtuples/TREES_SingleMuon2016BCDEF_94X/SingleMuon_Run2016B_part2/treeProducerWMass/tree.root', 30940940.0, '_Friend_SingleMuon_Run2016B_part2.chunk14', True, xrange(3500000, 3750000), 14)]
Modules to run:  []   name =  puWeight
Loading puWeight from CMGTools.WMass.postprocessing.examples.puWeightProducer 
Running on dataset =  SingleMuon_Run2016B_part2
TFile: name=/afs/cern.ch/work/m/mciprian/w_mass_analysis/heppy/rel_slc7/CMSSW_9_4_12/src/CMGTools/WMass/python/postprocessing/data/pileup/pileup_profile_Summer16.root, title=, option=READ
TFile: name=/afs/cern.ch/work/m/mciprian/w_mass_analysis/heppy/rel_slc7/CMSSW_9_4_12/src/CMGTools/WMass/python/postprocessing/data/pileup/PileupData_GoldenJSON_Full2016.root, title=, option=READ
Load C++ Worker
Modules to run:  []   name =  puWeight2016BF
Loading puWeight2016BF from CMGTools.WMass.postprocessing.examples.puWeightProducer 
Running on dataset =  SingleMuon_Run2016B_part2
TFile: name=/afs/cern.ch/work/m/mciprian/w_mass_analysis/heppy/rel_slc7/CMSSW_9_4_12/src/CMGTools/WMass/python/postprocessing/data/pileup/pileup_profile_Summer16.root, title=, option=READ
TFile: name=/afs/cern.ch/work/m/mciprian/w_mass_analysis/heppy/rel_slc7/CMSSW_9_4_12/src/CMGTools/WMass/python/postprocessing/data/pileup/PileupData_GoldenJSON_2016BF.root, title=, option=READ
Modules to run:  []   name =  lepQCDAwayJetAll
Loading lepQCDAwayJetAll from CMGTools.WMass.postprocessing.examples.lepVarProducer 
Running on dataset =  SingleMuon_Run2016B_part2
Modules to run:  []   name =  muCalibratedWithStatVar
Loading muCalibratedWithStatVar from CMGTools.WMass.postprocessing.examples.lepVarProducer 
Running on dataset =  SingleMuon_Run2016B_part2
did not find EnergyScaleCorrection shared object, rebuilding
trying to load all the rochester correction libraries
did not find legacy data roccor. rebuilding...
done building legacy data roccor.
Modules to run:  []   name =  jetAllReCleaner
Loading jetAllReCleaner from CMGTools.WMass.postprocessing.examples.jetReCleaner 
Running on dataset =  SingleMuon_Run2016B_part2
Load C++ Worker
Modules to run:  []   name =  jetReCleaner
Loading jetReCleaner from CMGTools.WMass.postprocessing.examples.jetReCleaner 
Running on dataset =  SingleMuon_Run2016B_part2
Load C++ Worker
Modules to run:  []   name =  genQEDJets
Loading genQEDJets from CMGTools.WMass.postprocessing.examples.genFriendProducer 
Running on dataset =  SingleMuon_Run2016B_part2
Will write selected trees to MY_EOS_SPACE/heppyNtuples/TREES_SingleMuon2016BCDEF_94X/friends/
Normalization of pu_mc: 0.999973
Normalization of pileup: 3.65129e+10
Weights for variable pu_mc with a number of bins equal to 76:
1 1 1 1 1 1 1 1 1 1 1.616 1.923 1.917 1.762 1.611 1.554 1.506 1.414 1.317 1.241 1.169 1.109 1.071 1.04 1.019 1.001 0.9873 0.9825 0.9828 0.9811 0.9811 0.9792 0.9531 0.9274 0.8773 0.8171 0.7432 0.6594 0.5661 0.4725 0.3811 0.2987 0.2215 0.1581 0 0 0 0 0 0 0 0 0 0 0 1 1 1 1 1 1 1 1 1 1 1 1 1 1 1 1 1 1 1 1 1 .
Final weights: 
1 1 1 1 1 1 1 1 1 1 1.616 1.923 1.917 1.762 1.611 1.554 1.506 1.414 1.317 1.241 1.169 1.109 1.071 1.04 1.019 1.001 0.9873 0.9825 0.9828 0.9811 0.9811 0.9792 0.9531 0.9274 0.8773 0.8171 0.7432 0.6594 0.5661 0.4725 0.3811 0.2987 0.2215 0.1581 0 0 0 0 0 0 0 0 0 0 0 1 1 1 1 1 1 1 1 1 1 1 1 1 1 1 1 1 1 1 1 1 .
Normalization of pu_mc: 1
Normalization of pileup: 2.014e+10
Weights for variable pu_mc with a number of bins equal to 76:
1 1 1 1 1 1 1 1 1 1 2.784 3.074 2.661 2.24 1.976 1.881 1.801 1.669 1.544 1.453 1.364 1.27 1.186 1.113 1.061 1.016 0.9702 0.9245 0.8754 0.8192 0.7629 0.7065 0.6366 0.5722 0.4984 0.4252 0.3515 0.2804 0.2137 0.1564 0.1092 0 0 0 0 0 0 0 0 0 0 0 0 0 0 1 1 1 1 1 1 1 1 1 1 1 1 1 1 1 1 1 1 1 1 1 .
For maximum weight 3.074: integral relative change: 0
Final weights: 
1 1 1 1 1 1 1 1 1 1 2.784 3.074 2.661 2.24 1.976 1.881 1.801 1.669 1.544 1.453 1.364 1.27 1.186 1.113 1.061 1.016 0.9702 0.9245 0.8754 0.8192 0.7629 0.7065 0.6366 0.5722 0.4984 0.4252 0.3515 0.2804 0.2137 0.1564 0.1092 0 0 0 0 0 0 0 0 0 0 0 0 0 0 1 1 1 1 1 1 1 1 1 1 1 1 1 1 1 1 1 1 1 1 1 .
begin job of lepCalProducer
initializing all the rochester correction objects
initializing the egamma calibrator
Processed  3500000/15872483 entries (elapsed time     0.3s, curr speed   30.303 kHz, avg speed 10606.061 kHz), accepted        1/       1 events (100.00%)
Processed  3510000/15872483 entries (elapsed time    14.4s, curr speed    0.709 kHz, avg speed  243.243 kHz), accepted    10001/   10001 events (100.00%)
Processed  3520000/15872483 entries (elapsed time    28.9s, curr speed    0.692 kHz, avg speed  121.884 kHz), accepted    20001/   20001 events (100.00%)
Processed  3530000/15872483 entries (elapsed time    43.1s, curr speed    0.703 kHz, avg speed   81.884 kHz), accepted    30001/   30001 events (100.00%)
Processed  3540000/15872483 entries (elapsed time    57.7s, curr speed    0.687 kHz, avg speed   61.394 kHz), accepted    40001/   40001 events (100.00%)
Processed  3550000/15872483 entries (elapsed time    72.2s, curr speed    0.688 kHz, avg speed   49.176 kHz), accepted    50001/   50001 events (100.00%)
Processed  3560000/15872483 entries (elapsed time    86.5s, curr speed    0.701 kHz, avg speed   41.175 kHz), accepted    60001/   60001 events (100.00%)
Processed  3570000/15872483 entries (elapsed time    99.9s, curr speed    0.745 kHz, avg speed   35.739 kHz), accepted    70001/   70001 events (100.00%)
Processed  3580000/15872483 entries (elapsed time   112.0s, curr speed    0.826 kHz, avg speed   31.967 kHz), accepted    80001/   80001 events (100.00%)
Processed  3590000/15872483 entries (elapsed time   124.1s, curr speed    0.826 kHz, avg speed   28.928 kHz), accepted    90001/   90001 events (100.00%)
Processed  3600000/15872483 entries (elapsed time   136.6s, curr speed    0.799 kHz, avg speed   26.352 kHz), accepted   100001/  100001 events (100.00%)
Processed  3610000/15872483 entries (elapsed time   148.9s, curr speed    0.814 kHz, avg speed   24.246 kHz), accepted   110001/  110001 events (100.00%)
Processed  3620000/15872483 entries (elapsed time   161.1s, curr speed    0.816 kHz, avg speed   22.464 kHz), accepted   120001/  120001 events (100.00%)
Processed  3630000/15872483 entries (elapsed time   189.4s, curr speed    0.354 kHz, avg speed   19.164 kHz), accepted   130001/  130001 events (100.00%)
Processed  3640000/15872483 entries (elapsed time   201.4s, curr speed    0.832 kHz, avg speed   18.070 kHz), accepted   140001/  140001 events (100.00%)
Processed  3650000/15872483 entries (elapsed time   213.7s, curr speed    0.818 kHz, avg speed   17.083 kHz), accepted   150001/  150001 events (100.00%)
Processed  3660000/15872483 entries (elapsed time   225.8s, curr speed    0.822 kHz, avg speed   16.207 kHz), accepted   160001/  160001 events (100.00%)
Processed  3670000/15872483 entries (elapsed time   238.1s, curr speed    0.814 kHz, avg speed   15.412 kHz), accepted   170001/  170001 events (100.00%)
Processed  3680000/15872483 entries (elapsed time   250.2s, curr speed    0.826 kHz, avg speed   14.706 kHz), accepted   180001/  180001 events (100.00%)
Processed  3690000/15872483 entries (elapsed time   262.5s, curr speed    0.812 kHz, avg speed   14.055 kHz), accepted   190001/  190001 events (100.00%)
Processed  3700000/15872483 entries (elapsed time   290.6s, curr speed    0.357 kHz, avg speed   12.734 kHz), accepted   200001/  200001 events (100.00%)
Processed  3710000/15872483 entries (elapsed time   303.0s, curr speed    0.801 kHz, avg speed   12.243 kHz), accepted   210001/  210001 events (100.00%)
Processed  3720000/15872483 entries (elapsed time   315.3s, curr speed    0.818 kHz, avg speed   11.799 kHz), accepted   220001/  220001 events (100.00%)
Processed  3730000/15872483 entries (elapsed time   327.4s, curr speed    0.821 kHz, avg speed   11.391 kHz), accepted   230001/  230001 events (100.00%)
Processed  3740000/15872483 entries (elapsed time   339.6s, curr speed    0.820 kHz, avg speed   11.011 kHz), accepted   240001/  240001 events (100.00%)
Processed 250000 entries from MY_EOS_SPACE/heppyNtuples/TREES_SingleMuon2016BCDEF_94X/SingleMuon_Run2016B_part2/treeProducerWMass/tree.root, selected 250000 entries
Done MY_EOS_SPACE/heppyNtuples/TREES_SingleMuon2016BCDEF_94X/friends/tree_Friend_SingleMuon_Run2016B_part2.chunk14.root
