000 (322897.029.000) 05/10 15:24:57 Job submitted from host: <188.184.95.166:9618?addrs=188.184.95.166-9618+[2001-1458-201-e4--100-7a0]-9618&alias=tbird02.cern.ch&noUDP&sock=schedd_2138722_faad_3>
...
040 (322897.029.000) 05/10 15:37:35 Started transferring input files
	Transferring to host: <128.142.240.12:9618?addrs=128.142.240.12-9618+[2001-1458-301-f9--100-10]-9618&noUDP&sock=4004_ee1c_126701>
...
040 (322897.029.000) 05/10 15:37:35 Finished transferring input files
...
001 (322897.029.000) 05/10 15:37:36 Job executing on host: <128.142.240.12:9618?addrs=128.142.240.12-9618+[2001-1458-301-f9--100-10]-9618&noUDP&sock=2389_3bd8_3>
...
006 (322897.029.000) 05/10 15:37:44 Image size of job updated: 118864
	58  -  MemoryUsage of job (MB)
	59316  -  ResidentSetSize of job (KB)
...
006 (322897.029.000) 05/10 15:42:44 Image size of job updated: 489224
	477  -  MemoryUsage of job (MB)
	487704  -  ResidentSetSize of job (KB)
...
040 (322897.029.000) 05/10 15:43:52 Started transferring output files
...
040 (322897.029.000) 05/10 15:43:52 Finished transferring output files
...
005 (322897.029.000) 05/10 15:43:52 Job terminated.
	(1) Normal termination (return value 1)
		Usr 0 00:05:19, Sys 0 00:00:32  -  Run Remote Usage
		Usr 0 00:00:00, Sys 0 00:00:00  -  Run Local Usage
		Usr 0 00:05:19, Sys 0 00:00:32  -  Total Remote Usage
		Usr 0 00:00:00, Sys 0 00:00:00  -  Total Local Usage
	9477  -  Run Bytes Sent By Job
	10941  -  Run Bytes Received By Job
	9477  -  Total Bytes Sent By Job
	10941  -  Total Bytes Received By Job
	Partitionable Resources :    Usage  Request Allocated 
	   Cpus                 :                 1           
	   Disk (KB)            :       72        1   2099443 
	   Memory (MB)          :      477     2000      2000 
...
