000 (322898.054.000) 05/10 15:24:58 Job submitted from host: <188.184.95.166:9618?addrs=188.184.95.166-9618+[2001-1458-201-e4--100-7a0]-9618&alias=tbird02.cern.ch&noUDP&sock=schedd_2138722_faad_3>
...
040 (322898.054.000) 05/10 15:38:07 Started transferring input files
	Transferring to host: <128.142.240.13:9618?addrs=128.142.240.13-9618&noUDP&sock=3822_b1d4_9913>
...
040 (322898.054.000) 05/10 15:38:08 Finished transferring input files
...
001 (322898.054.000) 05/10 15:38:08 Job executing on host: <128.142.240.13:9618?addrs=128.142.240.13-9618&noUDP&sock=2675_67ee_3>
...
006 (322898.054.000) 05/10 15:38:17 Image size of job updated: 112352
	105  -  MemoryUsage of job (MB)
	106556  -  ResidentSetSize of job (KB)
...
006 (322898.054.000) 05/10 15:43:17 Image size of job updated: 407064
	391  -  MemoryUsage of job (MB)
	399776  -  ResidentSetSize of job (KB)
...
006 (322898.054.000) 05/10 15:48:17 Image size of job updated: 497712
	479  -  MemoryUsage of job (MB)
	490424  -  ResidentSetSize of job (KB)
...
040 (322898.054.000) 05/10 15:48:44 Started transferring output files
...
040 (322898.054.000) 05/10 15:48:44 Finished transferring output files
...
005 (322898.054.000) 05/10 15:48:44 Job terminated.
	(1) Normal termination (return value 1)
		Usr 0 00:08:39, Sys 0 00:00:55  -  Run Remote Usage
		Usr 0 00:00:00, Sys 0 00:00:00  -  Run Local Usage
		Usr 0 00:08:39, Sys 0 00:00:55  -  Total Remote Usage
		Usr 0 00:00:00, Sys 0 00:00:00  -  Total Local Usage
	15155  -  Run Bytes Sent By Job
	10941  -  Run Bytes Received By Job
	15155  -  Total Bytes Sent By Job
	10941  -  Total Bytes Received By Job
	Partitionable Resources :    Usage  Request Allocated 
	   Cpus                 :     0.99        1         1 
	   Disk (KB)            :    82           1    211206 
	   Memory (MB)          :   479        2000      2000 
...
