000 (322887.005.000) 05/10 15:24:47 Job submitted from host: <188.184.95.166:9618?addrs=188.184.95.166-9618+[2001-1458-201-e4--100-7a0]-9618&alias=tbird02.cern.ch&noUDP&sock=schedd_2138722_faad_3>
...
040 (322887.005.000) 05/10 15:28:13 Started transferring input files
	Transferring to host: <188.184.132.19:9618?addrs=188.184.132.19-9618+[2001-1458-301-a0--100-15]-9618&noUDP&sock=4060_631e_125847>
...
040 (322887.005.000) 05/10 15:28:13 Finished transferring input files
...
001 (322887.005.000) 05/10 15:28:14 Job executing on host: <188.184.132.19:9618?addrs=188.184.132.19-9618+[2001-1458-301-a0--100-15]-9618&noUDP&sock=2343_ae7c_3>
...
006 (322887.005.000) 05/10 15:28:23 Image size of job updated: 333344
	245  -  MemoryUsage of job (MB)
	250424  -  ResidentSetSize of job (KB)
...
006 (322887.005.000) 05/10 15:33:24 Image size of job updated: 491832
	480  -  MemoryUsage of job (MB)
	490808  -  ResidentSetSize of job (KB)
...
040 (322887.005.000) 05/10 15:33:58 Started transferring output files
...
040 (322887.005.000) 05/10 15:33:58 Finished transferring output files
...
005 (322887.005.000) 05/10 15:33:58 Job terminated.
	(1) Normal termination (return value 1)
		Usr 0 00:05:06, Sys 0 00:00:34  -  Run Remote Usage
		Usr 0 00:00:00, Sys 0 00:00:00  -  Run Local Usage
		Usr 0 00:05:06, Sys 0 00:00:34  -  Total Remote Usage
		Usr 0 00:00:00, Sys 0 00:00:00  -  Total Local Usage
	9473  -  Run Bytes Sent By Job
	10941  -  Run Bytes Received By Job
	9473  -  Total Bytes Sent By Job
	10941  -  Total Bytes Received By Job
	Partitionable Resources :    Usage  Request Allocated 
	   Cpus                 :                 1           
	   Disk (KB)            :       72        1   2166988 
	   Memory (MB)          :      480     2000      2000 
...
