000 (322891.011.000) 05/10 15:24:51 Job submitted from host: <188.184.95.166:9618?addrs=188.184.95.166-9618+[2001-1458-201-e4--100-7a0]-9618&alias=tbird02.cern.ch&noUDP&sock=schedd_2138722_faad_3>
...
040 (322891.011.000) 05/10 15:32:21 Started transferring input files
	Transferring to host: <128.142.33.156:9618?addrs=128.142.33.156-9618+[--1]-9618&noUDP&sock=3227_769c_9156>
...
040 (322891.011.000) 05/10 15:32:21 Finished transferring input files
...
001 (322891.011.000) 05/10 15:32:22 Job executing on host: <128.142.33.156:9618?addrs=128.142.33.156-9618+[--1]-9618&noUDP&sock=2275_0a0c_3>
...
006 (322891.011.000) 05/10 15:32:31 Image size of job updated: 320152
	232  -  MemoryUsage of job (MB)
	237176  -  ResidentSetSize of job (KB)
...
006 (322891.011.000) 05/10 15:37:32 Image size of job updated: 499636
	481  -  MemoryUsage of job (MB)
	492324  -  ResidentSetSize of job (KB)
...
040 (322891.011.000) 05/10 15:38:34 Started transferring output files
...
040 (322891.011.000) 05/10 15:38:34 Finished transferring output files
...
005 (322891.011.000) 05/10 15:38:34 Job terminated.
	(1) Normal termination (return value 1)
		Usr 0 00:04:55, Sys 0 00:00:40  -  Run Remote Usage
		Usr 0 00:00:00, Sys 0 00:00:00  -  Run Local Usage
		Usr 0 00:04:55, Sys 0 00:00:40  -  Total Remote Usage
		Usr 0 00:00:00, Sys 0 00:00:00  -  Total Local Usage
	14784  -  Run Bytes Sent By Job
	10941  -  Run Bytes Received By Job
	14784  -  Total Bytes Sent By Job
	10941  -  Total Bytes Received By Job
	Partitionable Resources :    Usage  Request Allocated 
	   Cpus                 :                 1           
	   Disk (KB)            :       74        1   2164143 
	   Memory (MB)          :      481     2000      2000 
...
