   SingleMuon_Run2016B_part6   DATA  22 chunks


I have 1 taks to process
I'm using the following list of modules DEFAULT_MODULES
this is jobs [('SingleMuon_Run2016B_part6', 'MY_EOS_SPACE/heppyNtuples/TREES_SingleMuon2016BCDEF_94X/SingleMuon_Run2016B_part6/treeProducerWMass/tree.root', 10362819.0, '_Friend_SingleMuon_Run2016B_part6.chunk15', True, xrange(3750000, 4000000), 15)]
Modules to run:  []   name =  puWeight
Loading puWeight from CMGTools.WMass.postprocessing.examples.puWeightProducer 
Running on dataset =  SingleMuon_Run2016B_part6
TFile: name=/afs/cern.ch/work/m/mciprian/w_mass_analysis/heppy/rel_slc7/CMSSW_9_4_12/src/CMGTools/WMass/python/postprocessing/data/pileup/pileup_profile_Summer16.root, title=, option=READ
TFile: name=/afs/cern.ch/work/m/mciprian/w_mass_analysis/heppy/rel_slc7/CMSSW_9_4_12/src/CMGTools/WMass/python/postprocessing/data/pileup/PileupData_GoldenJSON_Full2016.root, title=, option=READ
Load C++ Worker
Modules to run:  []   name =  puWeight2016BF
Loading puWeight2016BF from CMGTools.WMass.postprocessing.examples.puWeightProducer 
Running on dataset =  SingleMuon_Run2016B_part6
TFile: name=/afs/cern.ch/work/m/mciprian/w_mass_analysis/heppy/rel_slc7/CMSSW_9_4_12/src/CMGTools/WMass/python/postprocessing/data/pileup/pileup_profile_Summer16.root, title=, option=READ
TFile: name=/afs/cern.ch/work/m/mciprian/w_mass_analysis/heppy/rel_slc7/CMSSW_9_4_12/src/CMGTools/WMass/python/postprocessing/data/pileup/PileupData_GoldenJSON_2016BF.root, title=, option=READ
Modules to run:  []   name =  lepQCDAwayJetAll
Loading lepQCDAwayJetAll from CMGTools.WMass.postprocessing.examples.lepVarProducer 
Running on dataset =  SingleMuon_Run2016B_part6
Modules to run:  []   name =  muCalibratedWithStatVar
Loading muCalibratedWithStatVar from CMGTools.WMass.postprocessing.examples.lepVarProducer 
Running on dataset =  SingleMuon_Run2016B_part6
did not find EnergyScaleCorrection shared object, rebuilding
trying to load all the rochester correction libraries
did not find legacy data roccor. rebuilding...
done building legacy data roccor.
Modules to run:  []   name =  jetAllReCleaner
Loading jetAllReCleaner from CMGTools.WMass.postprocessing.examples.jetReCleaner 
Running on dataset =  SingleMuon_Run2016B_part6
Load C++ Worker
Modules to run:  []   name =  jetReCleaner
Loading jetReCleaner from CMGTools.WMass.postprocessing.examples.jetReCleaner 
Running on dataset =  SingleMuon_Run2016B_part6
Load C++ Worker
Modules to run:  []   name =  genQEDJets
Loading genQEDJets from CMGTools.WMass.postprocessing.examples.genFriendProducer 
Running on dataset =  SingleMuon_Run2016B_part6
Will write selected trees to MY_EOS_SPACE/heppyNtuples/TREES_SingleMuon2016BCDEF_94X/friends/
Normalization of pu_mc: 0.999973
Normalization of pileup: 3.65129e+10
Weights for variable pu_mc with a number of bins equal to 76:
1 1 1 1 1 1 1 1 1 1 1.616 1.923 1.917 1.762 1.611 1.554 1.506 1.414 1.317 1.241 1.169 1.109 1.071 1.04 1.019 1.001 0.9873 0.9825 0.9828 0.9811 0.9811 0.9792 0.9531 0.9274 0.8773 0.8171 0.7432 0.6594 0.5661 0.4725 0.3811 0.2987 0.2215 0.1581 0 0 0 0 0 0 0 0 0 0 0 1 1 1 1 1 1 1 1 1 1 1 1 1 1 1 1 1 1 1 1 1 .
Final weights: 
1 1 1 1 1 1 1 1 1 1 1.616 1.923 1.917 1.762 1.611 1.554 1.506 1.414 1.317 1.241 1.169 1.109 1.071 1.04 1.019 1.001 0.9873 0.9825 0.9828 0.9811 0.9811 0.9792 0.9531 0.9274 0.8773 0.8171 0.7432 0.6594 0.5661 0.4725 0.3811 0.2987 0.2215 0.1581 0 0 0 0 0 0 0 0 0 0 0 1 1 1 1 1 1 1 1 1 1 1 1 1 1 1 1 1 1 1 1 1 .
Normalization of pu_mc: 1
Normalization of pileup: 2.014e+10
Weights for variable pu_mc with a number of bins equal to 76:
1 1 1 1 1 1 1 1 1 1 2.784 3.074 2.661 2.24 1.976 1.881 1.801 1.669 1.544 1.453 1.364 1.27 1.186 1.113 1.061 1.016 0.9702 0.9245 0.8754 0.8192 0.7629 0.7065 0.6366 0.5722 0.4984 0.4252 0.3515 0.2804 0.2137 0.1564 0.1092 0 0 0 0 0 0 0 0 0 0 0 0 0 0 1 1 1 1 1 1 1 1 1 1 1 1 1 1 1 1 1 1 1 1 1 .
For maximum weight 3.074: integral relative change: 0
Final weights: 
1 1 1 1 1 1 1 1 1 1 2.784 3.074 2.661 2.24 1.976 1.881 1.801 1.669 1.544 1.453 1.364 1.27 1.186 1.113 1.061 1.016 0.9702 0.9245 0.8754 0.8192 0.7629 0.7065 0.6366 0.5722 0.4984 0.4252 0.3515 0.2804 0.2137 0.1564 0.1092 0 0 0 0 0 0 0 0 0 0 0 0 0 0 1 1 1 1 1 1 1 1 1 1 1 1 1 1 1 1 1 1 1 1 1 .
begin job of lepCalProducer
initializing all the rochester correction objects
initializing the egamma calibrator
Processed  3750000/ 5283363 entries (elapsed time     0.3s, curr speed   38.462 kHz, avg speed 14423.077 kHz), accepted        1/       1 events (100.00%)
Processed  3760000/ 5283363 entries (elapsed time    13.8s, curr speed    0.739 kHz, avg speed  272.464 kHz), accepted    10001/   10001 events (100.00%)
Processed  3770000/ 5283363 entries (elapsed time    27.6s, curr speed    0.723 kHz, avg speed  136.397 kHz), accepted    20001/   20001 events (100.00%)
Processed  3780000/ 5283363 entries (elapsed time    41.5s, curr speed    0.722 kHz, avg speed   91.084 kHz), accepted    30001/   30001 events (100.00%)
Processed  3790000/ 5283363 entries (elapsed time    55.6s, curr speed    0.712 kHz, avg speed   68.227 kHz), accepted    40001/   40001 events (100.00%)
Processed  3800000/ 5283363 entries (elapsed time    69.5s, curr speed    0.714 kHz, avg speed   54.637 kHz), accepted    50001/   50001 events (100.00%)
Processed  3810000/ 5283363 entries (elapsed time    83.7s, curr speed    0.707 kHz, avg speed   45.525 kHz), accepted    60001/   60001 events (100.00%)
Processed  3820000/ 5283363 entries (elapsed time    96.6s, curr speed    0.776 kHz, avg speed   39.557 kHz), accepted    70001/   70001 events (100.00%)
Processed  3830000/ 5283363 entries (elapsed time   107.9s, curr speed    0.883 kHz, avg speed   35.499 kHz), accepted    80001/   80001 events (100.00%)
Processed  3840000/ 5283363 entries (elapsed time   119.3s, curr speed    0.875 kHz, avg speed   32.182 kHz), accepted    90001/   90001 events (100.00%)
Processed  3850000/ 5283363 entries (elapsed time   130.7s, curr speed    0.880 kHz, avg speed   29.459 kHz), accepted   100001/  100001 events (100.00%)
Processed  3860000/ 5283363 entries (elapsed time   142.1s, curr speed    0.878 kHz, avg speed   27.168 kHz), accepted   110001/  110001 events (100.00%)
Processed  3870000/ 5283363 entries (elapsed time   153.4s, curr speed    0.883 kHz, avg speed   25.227 kHz), accepted   120001/  120001 events (100.00%)
Processed  3880000/ 5283363 entries (elapsed time   181.4s, curr speed    0.357 kHz, avg speed   21.389 kHz), accepted   130001/  130001 events (100.00%)
Processed  3890000/ 5283363 entries (elapsed time   192.9s, curr speed    0.872 kHz, avg speed   20.169 kHz), accepted   140001/  140001 events (100.00%)
Processed  3900000/ 5283363 entries (elapsed time   204.2s, curr speed    0.880 kHz, avg speed   19.096 kHz), accepted   150001/  150001 events (100.00%)
Processed  3910000/ 5283363 entries (elapsed time   215.9s, curr speed    0.853 kHz, avg speed   18.106 kHz), accepted   160001/  160001 events (100.00%)
Processed  3920000/ 5283363 entries (elapsed time   227.5s, curr speed    0.864 kHz, avg speed   17.228 kHz), accepted   170001/  170001 events (100.00%)
Processed  3930000/ 5283363 entries (elapsed time   239.4s, curr speed    0.842 kHz, avg speed   16.416 kHz), accepted   180001/  180001 events (100.00%)
Processed  3940000/ 5283363 entries (elapsed time   251.0s, curr speed    0.861 kHz, avg speed   15.696 kHz), accepted   190001/  190001 events (100.00%)
Processed  3950000/ 5283363 entries (elapsed time   279.3s, curr speed    0.354 kHz, avg speed   14.143 kHz), accepted   200001/  200001 events (100.00%)
Processed  3960000/ 5283363 entries (elapsed time   291.0s, curr speed    0.852 kHz, avg speed   13.607 kHz), accepted   210001/  210001 events (100.00%)
Processed  3970000/ 5283363 entries (elapsed time   303.4s, curr speed    0.805 kHz, avg speed   13.083 kHz), accepted   220001/  220001 events (100.00%)
Processed  3980000/ 5283363 entries (elapsed time   315.6s, curr speed    0.820 kHz, avg speed   12.609 kHz), accepted   230001/  230001 events (100.00%)
Processed  3990000/ 5283363 entries (elapsed time   327.6s, curr speed    0.837 kHz, avg speed   12.180 kHz), accepted   240001/  240001 events (100.00%)
Processed 250000 entries from MY_EOS_SPACE/heppyNtuples/TREES_SingleMuon2016BCDEF_94X/SingleMuon_Run2016B_part6/treeProducerWMass/tree.root, selected 250000 entries
Done MY_EOS_SPACE/heppyNtuples/TREES_SingleMuon2016BCDEF_94X/friends/tree_Friend_SingleMuon_Run2016B_part6.chunk15.root
