000 (322891.032.000) 05/10 15:24:51 Job submitted from host: <188.184.95.166:9618?addrs=188.184.95.166-9618+[2001-1458-201-e4--100-7a0]-9618&alias=tbird02.cern.ch&noUDP&sock=schedd_2138722_faad_3>
...
040 (322891.032.000) 05/10 15:32:40 Started transferring input files
	Transferring to host: <128.142.240.37:9618?addrs=128.142.240.37-9618+[2001-1458-301-f9--100-13]-9618&noUDP&sock=3989_5c7b_125814>
...
040 (322891.032.000) 05/10 15:32:40 Finished transferring input files
...
001 (322891.032.000) 05/10 15:32:41 Job executing on host: <128.142.240.37:9618?addrs=128.142.240.37-9618+[2001-1458-301-f9--100-13]-9618&noUDP&sock=2329_1429_3>
...
006 (322891.032.000) 05/10 15:32:50 Image size of job updated: 332608
	242  -  MemoryUsage of job (MB)
	247280  -  ResidentSetSize of job (KB)
...
006 (322891.032.000) 05/10 15:37:51 Image size of job updated: 488780
	475  -  MemoryUsage of job (MB)
	486320  -  ResidentSetSize of job (KB)
...
040 (322891.032.000) 05/10 15:38:35 Started transferring output files
...
040 (322891.032.000) 05/10 15:38:35 Finished transferring output files
...
005 (322891.032.000) 05/10 15:38:35 Job terminated.
	(1) Normal termination (return value 1)
		Usr 0 00:05:14, Sys 0 00:00:34  -  Run Remote Usage
		Usr 0 00:00:00, Sys 0 00:00:00  -  Run Local Usage
		Usr 0 00:05:14, Sys 0 00:00:34  -  Total Remote Usage
		Usr 0 00:00:00, Sys 0 00:00:00  -  Total Local Usage
	9477  -  Run Bytes Sent By Job
	10941  -  Run Bytes Received By Job
	9477  -  Total Bytes Sent By Job
	10941  -  Total Bytes Received By Job
	Partitionable Resources :    Usage  Request Allocated 
	   Cpus                 :                 1           
	   Disk (KB)            :       72        1   2183067 
	   Memory (MB)          :      475     2000      2000 
...
