   SingleMuon_Run2016C_part1   DATA  60 chunks


I have 1 taks to process
I'm using the following list of modules DEFAULT_MODULES
this is jobs [('SingleMuon_Run2016C_part1', 'MY_EOS_SPACE/heppyNtuples/TREES_SingleMuon2016BCDEF_94X/SingleMuon_Run2016C_part1/treeProducerWMass/tree.root', 27686448.0, '_Friend_SingleMuon_Run2016C_part1.chunk40', True, xrange(10000000, 10250000), 40)]
Modules to run:  []   name =  puWeight
Loading puWeight from CMGTools.WMass.postprocessing.examples.puWeightProducer 
Running on dataset =  SingleMuon_Run2016C_part1
TFile: name=/afs/cern.ch/work/m/mciprian/w_mass_analysis/heppy/rel_slc7/CMSSW_9_4_12/src/CMGTools/WMass/python/postprocessing/data/pileup/pileup_profile_Summer16.root, title=, option=READ
TFile: name=/afs/cern.ch/work/m/mciprian/w_mass_analysis/heppy/rel_slc7/CMSSW_9_4_12/src/CMGTools/WMass/python/postprocessing/data/pileup/PileupData_GoldenJSON_Full2016.root, title=, option=READ
Load C++ Worker
Modules to run:  []   name =  puWeight2016BF
Loading puWeight2016BF from CMGTools.WMass.postprocessing.examples.puWeightProducer 
Running on dataset =  SingleMuon_Run2016C_part1
TFile: name=/afs/cern.ch/work/m/mciprian/w_mass_analysis/heppy/rel_slc7/CMSSW_9_4_12/src/CMGTools/WMass/python/postprocessing/data/pileup/pileup_profile_Summer16.root, title=, option=READ
TFile: name=/afs/cern.ch/work/m/mciprian/w_mass_analysis/heppy/rel_slc7/CMSSW_9_4_12/src/CMGTools/WMass/python/postprocessing/data/pileup/PileupData_GoldenJSON_2016BF.root, title=, option=READ
Modules to run:  []   name =  lepQCDAwayJetAll
Loading lepQCDAwayJetAll from CMGTools.WMass.postprocessing.examples.lepVarProducer 
Running on dataset =  SingleMuon_Run2016C_part1
Modules to run:  []   name =  muCalibratedWithStatVar
Loading muCalibratedWithStatVar from CMGTools.WMass.postprocessing.examples.lepVarProducer 
Running on dataset =  SingleMuon_Run2016C_part1
did not find EnergyScaleCorrection shared object, rebuilding
trying to load all the rochester correction libraries
did not find legacy data roccor. rebuilding...
done building legacy data roccor.
Modules to run:  []   name =  jetAllReCleaner
Loading jetAllReCleaner from CMGTools.WMass.postprocessing.examples.jetReCleaner 
Running on dataset =  SingleMuon_Run2016C_part1
Load C++ Worker
Modules to run:  []   name =  jetReCleaner
Loading jetReCleaner from CMGTools.WMass.postprocessing.examples.jetReCleaner 
Running on dataset =  SingleMuon_Run2016C_part1
Load C++ Worker
Modules to run:  []   name =  genQEDJets
Loading genQEDJets from CMGTools.WMass.postprocessing.examples.genFriendProducer 
Running on dataset =  SingleMuon_Run2016C_part1
Will write selected trees to MY_EOS_SPACE/heppyNtuples/TREES_SingleMuon2016BCDEF_94X/friends/
Normalization of pu_mc: 0.999973
Normalization of pileup: 3.65129e+10
Weights for variable pu_mc with a number of bins equal to 76:
1 1 1 1 1 1 1 1 1 1 1.616 1.923 1.917 1.762 1.611 1.554 1.506 1.414 1.317 1.241 1.169 1.109 1.071 1.04 1.019 1.001 0.9873 0.9825 0.9828 0.9811 0.9811 0.9792 0.9531 0.9274 0.8773 0.8171 0.7432 0.6594 0.5661 0.4725 0.3811 0.2987 0.2215 0.1581 0 0 0 0 0 0 0 0 0 0 0 1 1 1 1 1 1 1 1 1 1 1 1 1 1 1 1 1 1 1 1 1 .
Final weights: 
1 1 1 1 1 1 1 1 1 1 1.616 1.923 1.917 1.762 1.611 1.554 1.506 1.414 1.317 1.241 1.169 1.109 1.071 1.04 1.019 1.001 0.9873 0.9825 0.9828 0.9811 0.9811 0.9792 0.9531 0.9274 0.8773 0.8171 0.7432 0.6594 0.5661 0.4725 0.3811 0.2987 0.2215 0.1581 0 0 0 0 0 0 0 0 0 0 0 1 1 1 1 1 1 1 1 1 1 1 1 1 1 1 1 1 1 1 1 1 .
Normalization of pu_mc: 1
Normalization of pileup: 2.014e+10
Weights for variable pu_mc with a number of bins equal to 76:
1 1 1 1 1 1 1 1 1 1 2.784 3.074 2.661 2.24 1.976 1.881 1.801 1.669 1.544 1.453 1.364 1.27 1.186 1.113 1.061 1.016 0.9702 0.9245 0.8754 0.8192 0.7629 0.7065 0.6366 0.5722 0.4984 0.4252 0.3515 0.2804 0.2137 0.1564 0.1092 0 0 0 0 0 0 0 0 0 0 0 0 0 0 1 1 1 1 1 1 1 1 1 1 1 1 1 1 1 1 1 1 1 1 1 .
For maximum weight 3.074: integral relative change: 0
Final weights: 
1 1 1 1 1 1 1 1 1 1 2.784 3.074 2.661 2.24 1.976 1.881 1.801 1.669 1.544 1.453 1.364 1.27 1.186 1.113 1.061 1.016 0.9702 0.9245 0.8754 0.8192 0.7629 0.7065 0.6366 0.5722 0.4984 0.4252 0.3515 0.2804 0.2137 0.1564 0.1092 0 0 0 0 0 0 0 0 0 0 0 0 0 0 1 1 1 1 1 1 1 1 1 1 1 1 1 1 1 1 1 1 1 1 1 .
begin job of lepCalProducer
initializing all the rochester correction objects
initializing the egamma calibrator
Processed 10000000/14788115 entries (elapsed time     0.3s, curr speed   35.714 kHz, avg speed 35714.286 kHz), accepted        1/       1 events (100.00%)
Processed 10010000/14788115 entries (elapsed time    13.9s, curr speed    0.736 kHz, avg speed  721.702 kHz), accepted    10001/   10001 events (100.00%)
Processed 10020000/14788115 entries (elapsed time    27.9s, curr speed    0.712 kHz, avg speed  358.883 kHz), accepted    20001/   20001 events (100.00%)
Processed 10030000/14788115 entries (elapsed time    42.2s, curr speed    0.698 kHz, avg speed  237.453 kHz), accepted    30001/   30001 events (100.00%)
Processed 10040000/14788115 entries (elapsed time    56.1s, curr speed    0.722 kHz, avg speed  178.966 kHz), accepted    40001/   40001 events (100.00%)
Processed 10050000/14788115 entries (elapsed time    70.1s, curr speed    0.716 kHz, avg speed  143.428 kHz), accepted    50001/   50001 events (100.00%)
Processed 10060000/14788115 entries (elapsed time    83.9s, curr speed    0.721 kHz, avg speed  119.848 kHz), accepted    60001/   60001 events (100.00%)
Processed 10070000/14788115 entries (elapsed time    96.9s, curr speed    0.773 kHz, avg speed  103.943 kHz), accepted    70001/   70001 events (100.00%)
Processed 10080000/14788115 entries (elapsed time   108.6s, curr speed    0.853 kHz, avg speed   92.818 kHz), accepted    80001/   80001 events (100.00%)
Processed 10090000/14788115 entries (elapsed time   120.1s, curr speed    0.869 kHz, avg speed   84.006 kHz), accepted    90001/   90001 events (100.00%)
Processed 10100000/14788115 entries (elapsed time   131.7s, curr speed    0.861 kHz, avg speed   76.672 kHz), accepted   100001/  100001 events (100.00%)
Processed 10110000/14788115 entries (elapsed time   143.3s, curr speed    0.862 kHz, avg speed   70.537 kHz), accepted   110001/  110001 events (100.00%)
Processed 10120000/14788115 entries (elapsed time   154.8s, curr speed    0.870 kHz, avg speed   65.362 kHz), accepted   120001/  120001 events (100.00%)
Processed 10130000/14788115 entries (elapsed time   182.2s, curr speed    0.365 kHz, avg speed   55.595 kHz), accepted   130001/  130001 events (100.00%)
Processed 10140000/14788115 entries (elapsed time   193.8s, curr speed    0.864 kHz, avg speed   52.327 kHz), accepted   140001/  140001 events (100.00%)
Processed 10150000/14788115 entries (elapsed time   205.5s, curr speed    0.851 kHz, avg speed   49.385 kHz), accepted   150001/  150001 events (100.00%)
Processed 10160000/14788115 entries (elapsed time   217.4s, curr speed    0.843 kHz, avg speed   46.736 kHz), accepted   160001/  160001 events (100.00%)
Processed 10170000/14788115 entries (elapsed time   228.9s, curr speed    0.867 kHz, avg speed   44.426 kHz), accepted   170001/  170001 events (100.00%)
Processed 10180000/14788115 entries (elapsed time   240.5s, curr speed    0.867 kHz, avg speed   42.336 kHz), accepted   180001/  180001 events (100.00%)
Processed 10190000/14788115 entries (elapsed time   252.0s, curr speed    0.864 kHz, avg speed   40.430 kHz), accepted   190001/  190001 events (100.00%)
Processed 10200000/14788115 entries (elapsed time   279.6s, curr speed    0.362 kHz, avg speed   36.477 kHz), accepted   200001/  200001 events (100.00%)
Processed 10210000/14788115 entries (elapsed time   291.3s, curr speed    0.860 kHz, avg speed   35.055 kHz), accepted   210001/  210001 events (100.00%)
Processed 10220000/14788115 entries (elapsed time   303.1s, curr speed    0.842 kHz, avg speed   33.714 kHz), accepted   220001/  220001 events (100.00%)
Processed 10230000/14788115 entries (elapsed time   314.9s, curr speed    0.854 kHz, avg speed   32.492 kHz), accepted   230001/  230001 events (100.00%)
Processed 10240000/14788115 entries (elapsed time   326.5s, curr speed    0.860 kHz, avg speed   31.365 kHz), accepted   240001/  240001 events (100.00%)
Processed 250000 entries from MY_EOS_SPACE/heppyNtuples/TREES_SingleMuon2016BCDEF_94X/SingleMuon_Run2016C_part1/treeProducerWMass/tree.root, selected 250000 entries
Done MY_EOS_SPACE/heppyNtuples/TREES_SingleMuon2016BCDEF_94X/friends/tree_Friend_SingleMuon_Run2016C_part1.chunk40.root
