000 (322883.010.000) 05/10 15:24:44 Job submitted from host: <188.184.95.166:9618?addrs=188.184.95.166-9618+[2001-1458-201-e4--100-7a0]-9618&alias=tbird02.cern.ch&noUDP&sock=schedd_2138722_faad_3>
...
040 (322883.010.000) 05/10 15:26:24 Started transferring input files
	Transferring to host: <188.184.133.238:9618?addrs=188.184.133.238-9618+[2001-1458-301-a0--100-395]-9618&noUDP&sock=13636_8ba4_102795>
...
040 (322883.010.000) 05/10 15:26:24 Finished transferring input files
...
001 (322883.010.000) 05/10 15:26:25 Job executing on host: <188.184.133.238:9618?addrs=188.184.133.238-9618+[2001-1458-301-a0--100-395]-9618&noUDP&sock=13449_794d_3>
...
006 (322883.010.000) 05/10 15:26:33 Image size of job updated: 241432
	159  -  MemoryUsage of job (MB)
	162580  -  ResidentSetSize of job (KB)
...
006 (322883.010.000) 05/10 15:31:33 Image size of job updated: 490908
	477  -  MemoryUsage of job (MB)
	487928  -  ResidentSetSize of job (KB)
...
040 (322883.010.000) 05/10 15:32:23 Started transferring output files
...
040 (322883.010.000) 05/10 15:32:23 Finished transferring output files
...
005 (322883.010.000) 05/10 15:32:23 Job terminated.
	(1) Normal termination (return value 1)
		Usr 0 00:05:16, Sys 0 00:00:33  -  Run Remote Usage
		Usr 0 00:00:00, Sys 0 00:00:00  -  Run Local Usage
		Usr 0 00:05:16, Sys 0 00:00:33  -  Total Remote Usage
		Usr 0 00:00:00, Sys 0 00:00:00  -  Total Local Usage
	9477  -  Run Bytes Sent By Job
	10941  -  Run Bytes Received By Job
	9477  -  Total Bytes Sent By Job
	10941  -  Total Bytes Received By Job
	Partitionable Resources :    Usage  Request Allocated 
	   Cpus                 :                 1           
	   Disk (KB)            :       72        1   2122824 
	   Memory (MB)          :      477     2000      2000 
...
