000 (322899.060.000) 05/10 15:24:59 Job submitted from host: <188.184.95.166:9618?addrs=188.184.95.166-9618+[2001-1458-201-e4--100-7a0]-9618&alias=tbird02.cern.ch&noUDP&sock=schedd_2138722_faad_3>
...
040 (322899.060.000) 05/10 15:38:37 Started transferring input files
	Transferring to host: <128.142.240.37:9618?addrs=128.142.240.37-9618+[2001-1458-301-f9--100-13]-9618&noUDP&sock=3989_5c7b_125816>
...
040 (322899.060.000) 05/10 15:38:37 Finished transferring input files
...
001 (322899.060.000) 05/10 15:38:38 Job executing on host: <128.142.240.37:9618?addrs=128.142.240.37-9618+[2001-1458-301-f9--100-13]-9618&noUDP&sock=2329_1429_3>
...
006 (322899.060.000) 05/10 15:38:46 Image size of job updated: 118828
	58  -  MemoryUsage of job (MB)
	59284  -  ResidentSetSize of job (KB)
...
006 (322899.060.000) 05/10 15:43:46 Image size of job updated: 519888
	482  -  MemoryUsage of job (MB)
	493104  -  ResidentSetSize of job (KB)
...
040 (322899.060.000) 05/10 15:44:58 Started transferring output files
...
040 (322899.060.000) 05/10 15:44:58 Finished transferring output files
...
005 (322899.060.000) 05/10 15:44:58 Job terminated.
	(1) Normal termination (return value 1)
		Usr 0 00:05:12, Sys 0 00:00:33  -  Run Remote Usage
		Usr 0 00:00:00, Sys 0 00:00:00  -  Run Local Usage
		Usr 0 00:05:12, Sys 0 00:00:33  -  Total Remote Usage
		Usr 0 00:00:00, Sys 0 00:00:00  -  Total Local Usage
	9479  -  Run Bytes Sent By Job
	10941  -  Run Bytes Received By Job
	9479  -  Total Bytes Sent By Job
	10941  -  Total Bytes Received By Job
	Partitionable Resources :    Usage  Request Allocated 
	   Cpus                 :                 1           
	   Disk (KB)            :       72        1   2183067 
	   Memory (MB)          :      482     2000      2000 
...
