000 (322893.024.000) 05/10 15:24:53 Job submitted from host: <188.184.95.166:9618?addrs=188.184.95.166-9618+[2001-1458-201-e4--100-7a0]-9618&alias=tbird02.cern.ch&noUDP&sock=schedd_2138722_faad_3>
...
040 (322893.024.000) 05/10 15:34:10 Started transferring input files
	Transferring to host: <188.184.132.41:9618?addrs=188.184.132.41-9618+[2001-1458-301-a0--100-7]-9618&noUDP&sock=19222_6347_18465>
...
040 (322893.024.000) 05/10 15:34:10 Finished transferring input files
...
001 (322893.024.000) 05/10 15:34:11 Job executing on host: <188.184.132.41:9618?addrs=188.184.132.41-9618+[2001-1458-301-a0--100-7]-9618&noUDP&sock=2345_0dad_3>
...
006 (322893.024.000) 05/10 15:34:20 Image size of job updated: 98792
	58  -  MemoryUsage of job (MB)
	59324  -  ResidentSetSize of job (KB)
...
006 (322893.024.000) 05/10 15:39:21 Image size of job updated: 548312
	478  -  MemoryUsage of job (MB)
	488968  -  ResidentSetSize of job (KB)
...
006 (322893.024.000) 05/10 15:42:59 Image size of job updated: 551468
	478  -  MemoryUsage of job (MB)
	488968  -  ResidentSetSize of job (KB)
...
040 (322893.024.000) 05/10 15:42:59 Started transferring output files
...
040 (322893.024.000) 05/10 15:42:59 Finished transferring output files
...
005 (322893.024.000) 05/10 15:42:59 Job terminated.
	(1) Normal termination (return value 1)
		Usr 0 00:07:05, Sys 0 00:00:43  -  Run Remote Usage
		Usr 0 00:00:00, Sys 0 00:00:00  -  Run Local Usage
		Usr 0 00:07:05, Sys 0 00:00:43  -  Total Remote Usage
		Usr 0 00:00:00, Sys 0 00:00:00  -  Total Local Usage
	9477  -  Run Bytes Sent By Job
	10941  -  Run Bytes Received By Job
	9477  -  Total Bytes Sent By Job
	10941  -  Total Bytes Received By Job
	Partitionable Resources :    Usage  Request Allocated 
	   Cpus                 :     0.99        1         1 
	   Disk (KB)            :    80           1    217106 
	   Memory (MB)          :   478        2000      2000 
...
