000 (322893.033.000) 05/10 15:24:53 Job submitted from host: <188.184.95.166:9618?addrs=188.184.95.166-9618+[2001-1458-201-e4--100-7a0]-9618&alias=tbird02.cern.ch&noUDP&sock=schedd_2138722_faad_3>
...
040 (322893.033.000) 05/10 15:34:14 Started transferring input files
	Transferring to host: <128.142.33.140:9618?addrs=128.142.33.140-9618+[2001-1458-301-117--100-2e6]-9618&noUDP&sock=13649_b484_102642>
...
040 (322893.033.000) 05/10 15:34:14 Finished transferring input files
...
001 (322893.033.000) 05/10 15:34:15 Job executing on host: <128.142.33.140:9618?addrs=128.142.33.140-9618+[2001-1458-301-117--100-2e6]-9618&noUDP&sock=13466_2269_3>
...
006 (322893.033.000) 05/10 15:34:23 Image size of job updated: 116168
	58  -  MemoryUsage of job (MB)
	59312  -  ResidentSetSize of job (KB)
...
006 (322893.033.000) 05/10 15:39:23 Image size of job updated: 488812
	475  -  MemoryUsage of job (MB)
	486288  -  ResidentSetSize of job (KB)
...
040 (322893.033.000) 05/10 15:40:43 Started transferring output files
...
040 (322893.033.000) 05/10 15:40:43 Finished transferring output files
...
005 (322893.033.000) 05/10 15:40:43 Job terminated.
	(1) Normal termination (return value 1)
		Usr 0 00:05:17, Sys 0 00:00:32  -  Run Remote Usage
		Usr 0 00:00:00, Sys 0 00:00:00  -  Run Local Usage
		Usr 0 00:05:17, Sys 0 00:00:32  -  Total Remote Usage
		Usr 0 00:00:00, Sys 0 00:00:00  -  Total Local Usage
	9477  -  Run Bytes Sent By Job
	10941  -  Run Bytes Received By Job
	9477  -  Total Bytes Sent By Job
	10941  -  Total Bytes Received By Job
	Partitionable Resources :    Usage  Request Allocated 
	   Cpus                 :                 1           
	   Disk (KB)            :       72        1   2137257 
	   Memory (MB)          :      475     2000      2000 
...
