000 (322896.056.000) 05/10 15:24:56 Job submitted from host: <188.184.95.166:9618?addrs=188.184.95.166-9618+[2001-1458-201-e4--100-7a0]-9618&alias=tbird02.cern.ch&noUDP&sock=schedd_2138722_faad_3>
...
040 (322896.056.000) 05/10 15:37:07 Started transferring input files
	Transferring to host: <128.142.240.31:9618?addrs=128.142.240.31-9618+[2001-1458-301-f9--100-1e]-9618&noUDP&sock=4183_0d43_126538>
...
040 (322896.056.000) 05/10 15:37:08 Finished transferring input files
...
001 (322896.056.000) 05/10 15:37:09 Job executing on host: <128.142.240.31:9618?addrs=128.142.240.31-9618+[2001-1458-301-f9--100-1e]-9618&noUDP&sock=2371_e323_3>
...
006 (322896.056.000) 05/10 15:37:17 Image size of job updated: 113124
	64  -  MemoryUsage of job (MB)
	65496  -  ResidentSetSize of job (KB)
...
006 (322896.056.000) 05/10 15:42:17 Image size of job updated: 491224
	479  -  MemoryUsage of job (MB)
	490408  -  ResidentSetSize of job (KB)
...
006 (322896.056.000) 05/10 15:43:25 Image size of job updated: 901164
	479  -  MemoryUsage of job (MB)
	490408  -  ResidentSetSize of job (KB)
...
040 (322896.056.000) 05/10 15:43:25 Started transferring output files
...
040 (322896.056.000) 05/10 15:43:25 Finished transferring output files
...
005 (322896.056.000) 05/10 15:43:25 Job terminated.
	(1) Normal termination (return value 1)
		Usr 0 00:04:59, Sys 0 00:00:34  -  Run Remote Usage
		Usr 0 00:00:00, Sys 0 00:00:00  -  Run Local Usage
		Usr 0 00:04:59, Sys 0 00:00:34  -  Total Remote Usage
		Usr 0 00:00:00, Sys 0 00:00:00  -  Total Local Usage
	9479  -  Run Bytes Sent By Job
	10941  -  Run Bytes Received By Job
	9479  -  Total Bytes Sent By Job
	10941  -  Total Bytes Received By Job
	Partitionable Resources :    Usage  Request Allocated 
	   Cpus                 :                 1           
	   Disk (KB)            :       72        1   2110934 
	   Memory (MB)          :      479     2000      2000 
...
