   SingleMuon_Run2016B_part3   DATA  64 chunks


I have 1 taks to process
I'm using the following list of modules DEFAULT_MODULES
this is jobs [('SingleMuon_Run2016B_part3', 'MY_EOS_SPACE/heppyNtuples/TREES_SingleMuon2016BCDEF_94X/SingleMuon_Run2016B_part3/treeProducerWMass/tree.root', 30953763.0, '_Friend_SingleMuon_Run2016B_part3.chunk32', True, xrange(8000000, 8250000), 32)]
Modules to run:  []   name =  puWeight
Loading puWeight from CMGTools.WMass.postprocessing.examples.puWeightProducer 
Running on dataset =  SingleMuon_Run2016B_part3
TFile: name=/afs/cern.ch/work/m/mciprian/w_mass_analysis/heppy/rel_slc7/CMSSW_9_4_12/src/CMGTools/WMass/python/postprocessing/data/pileup/pileup_profile_Summer16.root, title=, option=READ
TFile: name=/afs/cern.ch/work/m/mciprian/w_mass_analysis/heppy/rel_slc7/CMSSW_9_4_12/src/CMGTools/WMass/python/postprocessing/data/pileup/PileupData_GoldenJSON_Full2016.root, title=, option=READ
Load C++ Worker
Modules to run:  []   name =  puWeight2016BF
Loading puWeight2016BF from CMGTools.WMass.postprocessing.examples.puWeightProducer 
Running on dataset =  SingleMuon_Run2016B_part3
TFile: name=/afs/cern.ch/work/m/mciprian/w_mass_analysis/heppy/rel_slc7/CMSSW_9_4_12/src/CMGTools/WMass/python/postprocessing/data/pileup/pileup_profile_Summer16.root, title=, option=READ
TFile: name=/afs/cern.ch/work/m/mciprian/w_mass_analysis/heppy/rel_slc7/CMSSW_9_4_12/src/CMGTools/WMass/python/postprocessing/data/pileup/PileupData_GoldenJSON_2016BF.root, title=, option=READ
Modules to run:  []   name =  lepQCDAwayJetAll
Loading lepQCDAwayJetAll from CMGTools.WMass.postprocessing.examples.lepVarProducer 
Running on dataset =  SingleMuon_Run2016B_part3
Modules to run:  []   name =  muCalibratedWithStatVar
Loading muCalibratedWithStatVar from CMGTools.WMass.postprocessing.examples.lepVarProducer 
Running on dataset =  SingleMuon_Run2016B_part3
did not find EnergyScaleCorrection shared object, rebuilding
trying to load all the rochester correction libraries
did not find legacy data roccor. rebuilding...
done building legacy data roccor.
Modules to run:  []   name =  jetAllReCleaner
Loading jetAllReCleaner from CMGTools.WMass.postprocessing.examples.jetReCleaner 
Running on dataset =  SingleMuon_Run2016B_part3
Load C++ Worker
Modules to run:  []   name =  jetReCleaner
Loading jetReCleaner from CMGTools.WMass.postprocessing.examples.jetReCleaner 
Running on dataset =  SingleMuon_Run2016B_part3
Load C++ Worker
Modules to run:  []   name =  genQEDJets
Loading genQEDJets from CMGTools.WMass.postprocessing.examples.genFriendProducer 
Running on dataset =  SingleMuon_Run2016B_part3
Will write selected trees to MY_EOS_SPACE/heppyNtuples/TREES_SingleMuon2016BCDEF_94X/friends/
Normalization of pu_mc: 0.999973
Normalization of pileup: 3.65129e+10
Weights for variable pu_mc with a number of bins equal to 76:
1 1 1 1 1 1 1 1 1 1 1.616 1.923 1.917 1.762 1.611 1.554 1.506 1.414 1.317 1.241 1.169 1.109 1.071 1.04 1.019 1.001 0.9873 0.9825 0.9828 0.9811 0.9811 0.9792 0.9531 0.9274 0.8773 0.8171 0.7432 0.6594 0.5661 0.4725 0.3811 0.2987 0.2215 0.1581 0 0 0 0 0 0 0 0 0 0 0 1 1 1 1 1 1 1 1 1 1 1 1 1 1 1 1 1 1 1 1 1 .
Final weights: 
1 1 1 1 1 1 1 1 1 1 1.616 1.923 1.917 1.762 1.611 1.554 1.506 1.414 1.317 1.241 1.169 1.109 1.071 1.04 1.019 1.001 0.9873 0.9825 0.9828 0.9811 0.9811 0.9792 0.9531 0.9274 0.8773 0.8171 0.7432 0.6594 0.5661 0.4725 0.3811 0.2987 0.2215 0.1581 0 0 0 0 0 0 0 0 0 0 0 1 1 1 1 1 1 1 1 1 1 1 1 1 1 1 1 1 1 1 1 1 .
Normalization of pu_mc: 1
Normalization of pileup: 2.014e+10
Weights for variable pu_mc with a number of bins equal to 76:
1 1 1 1 1 1 1 1 1 1 2.784 3.074 2.661 2.24 1.976 1.881 1.801 1.669 1.544 1.453 1.364 1.27 1.186 1.113 1.061 1.016 0.9702 0.9245 0.8754 0.8192 0.7629 0.7065 0.6366 0.5722 0.4984 0.4252 0.3515 0.2804 0.2137 0.1564 0.1092 0 0 0 0 0 0 0 0 0 0 0 0 0 0 1 1 1 1 1 1 1 1 1 1 1 1 1 1 1 1 1 1 1 1 1 .
For maximum weight 3.074: integral relative change: 0
Final weights: 
1 1 1 1 1 1 1 1 1 1 2.784 3.074 2.661 2.24 1.976 1.881 1.801 1.669 1.544 1.453 1.364 1.27 1.186 1.113 1.061 1.016 0.9702 0.9245 0.8754 0.8192 0.7629 0.7065 0.6366 0.5722 0.4984 0.4252 0.3515 0.2804 0.2137 0.1564 0.1092 0 0 0 0 0 0 0 0 0 0 0 0 0 0 1 1 1 1 1 1 1 1 1 1 1 1 1 1 1 1 1 1 1 1 1 .
begin job of lepCalProducer
initializing all the rochester correction objects
initializing the egamma calibrator
Processed  8000000/15930545 entries (elapsed time     0.3s, curr speed   38.462 kHz, avg speed 30769.231 kHz), accepted        1/       1 events (100.00%)
Processed  8010000/15930545 entries (elapsed time    12.8s, curr speed    0.799 kHz, avg speed  627.251 kHz), accepted    10001/   10001 events (100.00%)
Processed  8020000/15930545 entries (elapsed time    25.8s, curr speed    0.770 kHz, avg speed  311.456 kHz), accepted    20001/   20001 events (100.00%)
Processed  8030000/15930545 entries (elapsed time    38.8s, curr speed    0.764 kHz, avg speed  206.746 kHz), accepted    30001/   30001 events (100.00%)
Processed  8040000/15930545 entries (elapsed time    51.8s, curr speed    0.772 kHz, avg speed  155.212 kHz), accepted    40001/   40001 events (100.00%)
Processed  8050000/15930545 entries (elapsed time    64.9s, curr speed    0.766 kHz, avg speed  124.113 kHz), accepted    50001/   50001 events (100.00%)
Processed  8060000/15930545 entries (elapsed time    77.7s, curr speed    0.776 kHz, avg speed  103.679 kHz), accepted    60001/   60001 events (100.00%)
Processed  8070000/15930545 entries (elapsed time    89.7s, curr speed    0.840 kHz, avg speed   90.017 kHz), accepted    70001/   70001 events (100.00%)
Processed  8080000/15930545 entries (elapsed time   100.3s, curr speed    0.937 kHz, avg speed   80.542 kHz), accepted    80001/   80001 events (100.00%)
Processed  8090000/15930545 entries (elapsed time   111.6s, curr speed    0.885 kHz, avg speed   72.478 kHz), accepted    90001/   90001 events (100.00%)
Processed  8100000/15930545 entries (elapsed time   122.6s, curr speed    0.912 kHz, avg speed   66.074 kHz), accepted   100001/  100001 events (100.00%)
Processed  8110000/15930545 entries (elapsed time   133.4s, curr speed    0.929 kHz, avg speed   60.813 kHz), accepted   110001/  110001 events (100.00%)
Processed  8120000/15930545 entries (elapsed time   144.2s, curr speed    0.921 kHz, avg speed   56.303 kHz), accepted   120001/  120001 events (100.00%)
Processed  8130000/15930545 entries (elapsed time   169.5s, curr speed    0.395 kHz, avg speed   47.956 kHz), accepted   130001/  130001 events (100.00%)
Processed  8140000/15930545 entries (elapsed time   181.2s, curr speed    0.860 kHz, avg speed   44.933 kHz), accepted   140001/  140001 events (100.00%)
Processed  8150000/15930545 entries (elapsed time   192.1s, curr speed    0.917 kHz, avg speed   42.435 kHz), accepted   150001/  150001 events (100.00%)
Processed  8160000/15930545 entries (elapsed time   203.4s, curr speed    0.881 kHz, avg speed   40.116 kHz), accepted   160001/  160001 events (100.00%)
Processed  8170000/15930545 entries (elapsed time   216.0s, curr speed    0.797 kHz, avg speed   37.831 kHz), accepted   170001/  170001 events (100.00%)
Processed  8180000/15930545 entries (elapsed time   227.4s, curr speed    0.877 kHz, avg speed   35.978 kHz), accepted   180001/  180001 events (100.00%)
Processed  8190000/15930545 entries (elapsed time   238.1s, curr speed    0.927 kHz, avg speed   34.390 kHz), accepted   190001/  190001 events (100.00%)
Processed  8200000/15930545 entries (elapsed time   263.6s, curr speed    0.393 kHz, avg speed   31.111 kHz), accepted   200001/  200001 events (100.00%)
Processed  8210000/15930545 entries (elapsed time   274.3s, curr speed    0.935 kHz, avg speed   29.934 kHz), accepted   210001/  210001 events (100.00%)
Processed  8220000/15930545 entries (elapsed time   285.2s, curr speed    0.912 kHz, avg speed   28.818 kHz), accepted   220001/  220001 events (100.00%)
Processed  8230000/15930545 entries (elapsed time   296.0s, curr speed    0.929 kHz, avg speed   27.803 kHz), accepted   230001/  230001 events (100.00%)
Processed  8240000/15930545 entries (elapsed time   306.9s, curr speed    0.920 kHz, avg speed   26.851 kHz), accepted   240001/  240001 events (100.00%)
Processed 250000 entries from MY_EOS_SPACE/heppyNtuples/TREES_SingleMuon2016BCDEF_94X/SingleMuon_Run2016B_part3/treeProducerWMass/tree.root, selected 250000 entries
Done MY_EOS_SPACE/heppyNtuples/TREES_SingleMuon2016BCDEF_94X/friends/tree_Friend_SingleMuon_Run2016B_part3.chunk32.root
