000 (322890.033.000) 05/10 15:24:50 Job submitted from host: <188.184.95.166:9618?addrs=188.184.95.166-9618+[2001-1458-201-e4--100-7a0]-9618&alias=tbird02.cern.ch&noUDP&sock=schedd_2138722_faad_3>
...
040 (322890.033.000) 05/10 15:32:11 Started transferring input files
	Transferring to host: <128.142.33.137:9618?addrs=128.142.33.137-9618+[2001-1458-301-117--100-23]-9618&noUDP&sock=13007_5baa_102324>
...
040 (322890.033.000) 05/10 15:32:11 Finished transferring input files
...
001 (322890.033.000) 05/10 15:32:12 Job executing on host: <128.142.33.137:9618?addrs=128.142.33.137-9618+[2001-1458-301-117--100-23]-9618&noUDP&sock=12800_5056_3>
...
006 (322890.033.000) 05/10 15:32:21 Image size of job updated: 317516
	227  -  MemoryUsage of job (MB)
	232192  -  ResidentSetSize of job (KB)
...
006 (322890.033.000) 05/10 15:37:22 Image size of job updated: 496004
	484  -  MemoryUsage of job (MB)
	494944  -  ResidentSetSize of job (KB)
...
040 (322890.033.000) 05/10 15:37:58 Started transferring output files
...
040 (322890.033.000) 05/10 15:37:58 Finished transferring output files
...
005 (322890.033.000) 05/10 15:37:58 Job terminated.
	(1) Normal termination (return value 1)
		Usr 0 00:05:03, Sys 0 00:00:37  -  Run Remote Usage
		Usr 0 00:00:00, Sys 0 00:00:00  -  Run Local Usage
		Usr 0 00:05:03, Sys 0 00:00:37  -  Total Remote Usage
		Usr 0 00:00:00, Sys 0 00:00:00  -  Total Local Usage
	9477  -  Run Bytes Sent By Job
	10941  -  Run Bytes Received By Job
	9477  -  Total Bytes Sent By Job
	10941  -  Total Bytes Received By Job
	Partitionable Resources :    Usage  Request Allocated 
	   Cpus                 :                 1           
	   Disk (KB)            :       72        1   2154711 
	   Memory (MB)          :      484     2000      2000 
...
