000 (322887.007.000) 05/10 15:24:47 Job submitted from host: <188.184.95.166:9618?addrs=188.184.95.166-9618+[2001-1458-201-e4--100-7a0]-9618&alias=tbird02.cern.ch&noUDP&sock=schedd_2138722_faad_3>
...
040 (322887.007.000) 05/10 15:28:15 Started transferring input files
	Transferring to host: <128.142.33.178:9618?addrs=128.142.33.178-9618+[2001-1458-301-117--100-65]-9618&noUDP&sock=12998_044a_103622>
...
040 (322887.007.000) 05/10 15:28:15 Finished transferring input files
...
001 (322887.007.000) 05/10 15:28:16 Job executing on host: <128.142.33.178:9618?addrs=128.142.33.178-9618+[2001-1458-301-117--100-65]-9618&noUDP&sock=12790_7463_3>
...
006 (322887.007.000) 05/10 15:28:25 Image size of job updated: 249988
	167  -  MemoryUsage of job (MB)
	170928  -  ResidentSetSize of job (KB)
...
006 (322887.007.000) 05/10 15:33:26 Image size of job updated: 492416
	479  -  MemoryUsage of job (MB)
	489496  -  ResidentSetSize of job (KB)
...
040 (322887.007.000) 05/10 15:34:16 Started transferring output files
...
040 (322887.007.000) 05/10 15:34:16 Finished transferring output files
...
005 (322887.007.000) 05/10 15:34:16 Job terminated.
	(1) Normal termination (return value 1)
		Usr 0 00:05:17, Sys 0 00:00:33  -  Run Remote Usage
		Usr 0 00:00:00, Sys 0 00:00:00  -  Run Local Usage
		Usr 0 00:05:17, Sys 0 00:00:33  -  Total Remote Usage
		Usr 0 00:00:00, Sys 0 00:00:00  -  Total Local Usage
	9473  -  Run Bytes Sent By Job
	10941  -  Run Bytes Received By Job
	9473  -  Total Bytes Sent By Job
	10941  -  Total Bytes Received By Job
	Partitionable Resources :    Usage  Request Allocated 
	   Cpus                 :                 1           
	   Disk (KB)            :       72        1   2144732 
	   Memory (MB)          :      479     2000      2000 
...
