000 (322896.062.000) 05/10 15:24:56 Job submitted from host: <188.184.95.166:9618?addrs=188.184.95.166-9618+[2001-1458-201-e4--100-7a0]-9618&alias=tbird02.cern.ch&noUDP&sock=schedd_2138722_faad_3>
...
040 (322896.062.000) 05/10 15:37:14 Started transferring input files
	Transferring to host: <188.184.133.228:9618?addrs=188.184.133.228-9618+[2001-1458-301-a0--100-1f0]-9618&noUDP&sock=12952_9b08_102622>
...
040 (322896.062.000) 05/10 15:37:14 Finished transferring input files
...
001 (322896.062.000) 05/10 15:37:15 Job executing on host: <188.184.133.228:9618?addrs=188.184.133.228-9618+[2001-1458-301-a0--100-1f0]-9618&noUDP&sock=12734_0b16_3>
...
006 (322896.062.000) 05/10 15:37:23 Image size of job updated: 116204
	58  -  MemoryUsage of job (MB)
	59316  -  ResidentSetSize of job (KB)
...
040 (322896.062.000) 05/10 15:39:31 Started transferring output files
...
040 (322896.062.000) 05/10 15:39:31 Finished transferring output files
...
005 (322896.062.000) 05/10 15:39:31 Job terminated.
	(1) Normal termination (return value 1)
		Usr 0 00:01:25, Sys 0 00:00:12  -  Run Remote Usage
		Usr 0 00:00:00, Sys 0 00:00:00  -  Run Local Usage
		Usr 0 00:01:25, Sys 0 00:00:12  -  Total Remote Usage
		Usr 0 00:00:00, Sys 0 00:00:00  -  Total Local Usage
	6705  -  Run Bytes Sent By Job
	10941  -  Run Bytes Received By Job
	6705  -  Total Bytes Sent By Job
	10941  -  Total Bytes Received By Job
	Partitionable Resources :    Usage  Request Allocated 
	   Cpus                 :                 1           
	   Disk (KB)            :       70        1   2103706 
	   Memory (MB)          :       58     2000      2000 
...
