000 (322884.025.000) 05/10 15:24:45 Job submitted from host: <188.184.95.166:9618?addrs=188.184.95.166-9618+[2001-1458-201-e4--100-7a0]-9618&alias=tbird02.cern.ch&noUDP&sock=schedd_2138722_faad_3>
...
040 (322884.025.000) 05/10 15:26:55 Started transferring input files
	Transferring to host: <128.142.240.22:9618?addrs=128.142.240.22-9618+[2001-1458-301-f9--100-2e]-9618&noUDP&sock=4081_2eff_137580>
...
040 (322884.025.000) 05/10 15:26:55 Finished transferring input files
...
001 (322884.025.000) 05/10 15:26:56 Job executing on host: <128.142.240.22:9618?addrs=128.142.240.22-9618+[2001-1458-301-f9--100-2e]-9618&noUDP&sock=2338_4083_3>
...
006 (322884.025.000) 05/10 15:26:58 Image size of job updated: 1
	0  -  MemoryUsage of job (MB)
	0  -  ResidentSetSize of job (KB)
...
040 (322884.025.000) 05/10 15:26:58 Started transferring output files
...
040 (322884.025.000) 05/10 15:26:58 Finished transferring output files
...
005 (322884.025.000) 05/10 15:26:58 Job terminated.
	(1) Normal termination (return value 0)
		Usr 0 00:00:00, Sys 0 00:00:00  -  Run Remote Usage
		Usr 0 00:00:00, Sys 0 00:00:00  -  Run Local Usage
		Usr 0 00:00:00, Sys 0 00:00:00  -  Total Remote Usage
		Usr 0 00:00:00, Sys 0 00:00:00  -  Total Local Usage
	642  -  Run Bytes Sent By Job
	10941  -  Run Bytes Received By Job
	642  -  Total Bytes Sent By Job
	10941  -  Total Bytes Received By Job
	Partitionable Resources :    Usage  Request Allocated 
	   Cpus                 :                 1           
	   Disk (KB)            :       64        1   2164408 
	   Memory (MB)          :        0     2000      2000 
...
