000 (322881.046.000) 05/10 15:24:42 Job submitted from host: <188.184.95.166:9618?addrs=188.184.95.166-9618+[2001-1458-201-e4--100-7a0]-9618&alias=tbird02.cern.ch&noUDP&sock=schedd_2138722_faad_3>
...
040 (322881.046.000) 05/10 15:25:53 Started transferring input files
	Transferring to host: <188.184.132.5:9618?addrs=188.184.132.5-9618+[2001-1458-301-a0--100-5]-9618&noUDP&sock=4293_8e88_126421>
...
040 (322881.046.000) 05/10 15:25:53 Finished transferring input files
...
001 (322881.046.000) 05/10 15:25:54 Job executing on host: <188.184.132.5:9618?addrs=188.184.132.5-9618+[2001-1458-301-a0--100-5]-9618&noUDP&sock=2325_55c8_3>
...
006 (322881.046.000) 05/10 15:26:03 Image size of job updated: 238204
	156  -  MemoryUsage of job (MB)
	159488  -  ResidentSetSize of job (KB)
...
006 (322881.046.000) 05/10 15:31:04 Image size of job updated: 576696
	480  -  MemoryUsage of job (MB)
	490628  -  ResidentSetSize of job (KB)
...
040 (322881.046.000) 05/10 15:31:38 Started transferring output files
...
040 (322881.046.000) 05/10 15:31:38 Finished transferring output files
...
005 (322881.046.000) 05/10 15:31:38 Job terminated.
	(1) Normal termination (return value 1)
		Usr 0 00:04:58, Sys 0 00:00:35  -  Run Remote Usage
		Usr 0 00:00:00, Sys 0 00:00:00  -  Run Local Usage
		Usr 0 00:04:58, Sys 0 00:00:35  -  Total Remote Usage
		Usr 0 00:00:00, Sys 0 00:00:00  -  Total Local Usage
	9479  -  Run Bytes Sent By Job
	10941  -  Run Bytes Received By Job
	9479  -  Total Bytes Sent By Job
	10941  -  Total Bytes Received By Job
	Partitionable Resources :    Usage  Request Allocated 
	   Cpus                 :                 1           
	   Disk (KB)            :       72        1   2121519 
	   Memory (MB)          :      480     2000      2000 
...
