   SingleMuon_Run2016B_part2   DATA  64 chunks


I have 1 taks to process
I'm using the following list of modules DEFAULT_MODULES
this is jobs [('SingleMuon_Run2016B_part2', 'MY_EOS_SPACE/heppyNtuples/TREES_SingleMuon2016BCDEF_94X/SingleMuon_Run2016B_part2/treeProducerWMass/tree.root', 30940940.0, '_Friend_SingleMuon_Run2016B_part2.chunk33', True, xrange(8250000, 8500000), 33)]
Modules to run:  []   name =  puWeight
Loading puWeight from CMGTools.WMass.postprocessing.examples.puWeightProducer 
Running on dataset =  SingleMuon_Run2016B_part2
TFile: name=/afs/cern.ch/work/m/mciprian/w_mass_analysis/heppy/rel_slc7/CMSSW_9_4_12/src/CMGTools/WMass/python/postprocessing/data/pileup/pileup_profile_Summer16.root, title=, option=READ
TFile: name=/afs/cern.ch/work/m/mciprian/w_mass_analysis/heppy/rel_slc7/CMSSW_9_4_12/src/CMGTools/WMass/python/postprocessing/data/pileup/PileupData_GoldenJSON_Full2016.root, title=, option=READ
Load C++ Worker
Modules to run:  []   name =  puWeight2016BF
Loading puWeight2016BF from CMGTools.WMass.postprocessing.examples.puWeightProducer 
Running on dataset =  SingleMuon_Run2016B_part2
TFile: name=/afs/cern.ch/work/m/mciprian/w_mass_analysis/heppy/rel_slc7/CMSSW_9_4_12/src/CMGTools/WMass/python/postprocessing/data/pileup/pileup_profile_Summer16.root, title=, option=READ
TFile: name=/afs/cern.ch/work/m/mciprian/w_mass_analysis/heppy/rel_slc7/CMSSW_9_4_12/src/CMGTools/WMass/python/postprocessing/data/pileup/PileupData_GoldenJSON_2016BF.root, title=, option=READ
Modules to run:  []   name =  lepQCDAwayJetAll
Loading lepQCDAwayJetAll from CMGTools.WMass.postprocessing.examples.lepVarProducer 
Running on dataset =  SingleMuon_Run2016B_part2
Modules to run:  []   name =  muCalibratedWithStatVar
Loading muCalibratedWithStatVar from CMGTools.WMass.postprocessing.examples.lepVarProducer 
Running on dataset =  SingleMuon_Run2016B_part2
did not find EnergyScaleCorrection shared object, rebuilding
trying to load all the rochester correction libraries
did not find legacy data roccor. rebuilding...
done building legacy data roccor.
Modules to run:  []   name =  jetAllReCleaner
Loading jetAllReCleaner from CMGTools.WMass.postprocessing.examples.jetReCleaner 
Running on dataset =  SingleMuon_Run2016B_part2
Load C++ Worker
Modules to run:  []   name =  jetReCleaner
Loading jetReCleaner from CMGTools.WMass.postprocessing.examples.jetReCleaner 
Running on dataset =  SingleMuon_Run2016B_part2
Load C++ Worker
Modules to run:  []   name =  genQEDJets
Loading genQEDJets from CMGTools.WMass.postprocessing.examples.genFriendProducer 
Running on dataset =  SingleMuon_Run2016B_part2
Will write selected trees to MY_EOS_SPACE/heppyNtuples/TREES_SingleMuon2016BCDEF_94X/friends/
Normalization of pu_mc: 0.999973
Normalization of pileup: 3.65129e+10
Weights for variable pu_mc with a number of bins equal to 76:
1 1 1 1 1 1 1 1 1 1 1.616 1.923 1.917 1.762 1.611 1.554 1.506 1.414 1.317 1.241 1.169 1.109 1.071 1.04 1.019 1.001 0.9873 0.9825 0.9828 0.9811 0.9811 0.9792 0.9531 0.9274 0.8773 0.8171 0.7432 0.6594 0.5661 0.4725 0.3811 0.2987 0.2215 0.1581 0 0 0 0 0 0 0 0 0 0 0 1 1 1 1 1 1 1 1 1 1 1 1 1 1 1 1 1 1 1 1 1 .
Final weights: 
1 1 1 1 1 1 1 1 1 1 1.616 1.923 1.917 1.762 1.611 1.554 1.506 1.414 1.317 1.241 1.169 1.109 1.071 1.04 1.019 1.001 0.9873 0.9825 0.9828 0.9811 0.9811 0.9792 0.9531 0.9274 0.8773 0.8171 0.7432 0.6594 0.5661 0.4725 0.3811 0.2987 0.2215 0.1581 0 0 0 0 0 0 0 0 0 0 0 1 1 1 1 1 1 1 1 1 1 1 1 1 1 1 1 1 1 1 1 1 .
Normalization of pu_mc: 1
Normalization of pileup: 2.014e+10
Weights for variable pu_mc with a number of bins equal to 76:
1 1 1 1 1 1 1 1 1 1 2.784 3.074 2.661 2.24 1.976 1.881 1.801 1.669 1.544 1.453 1.364 1.27 1.186 1.113 1.061 1.016 0.9702 0.9245 0.8754 0.8192 0.7629 0.7065 0.6366 0.5722 0.4984 0.4252 0.3515 0.2804 0.2137 0.1564 0.1092 0 0 0 0 0 0 0 0 0 0 0 0 0 0 1 1 1 1 1 1 1 1 1 1 1 1 1 1 1 1 1 1 1 1 1 .
For maximum weight 3.074: integral relative change: 0
Final weights: 
1 1 1 1 1 1 1 1 1 1 2.784 3.074 2.661 2.24 1.976 1.881 1.801 1.669 1.544 1.453 1.364 1.27 1.186 1.113 1.061 1.016 0.9702 0.9245 0.8754 0.8192 0.7629 0.7065 0.6366 0.5722 0.4984 0.4252 0.3515 0.2804 0.2137 0.1564 0.1092 0 0 0 0 0 0 0 0 0 0 0 0 0 0 1 1 1 1 1 1 1 1 1 1 1 1 1 1 1 1 1 1 1 1 1 .
begin job of lepCalProducer
initializing all the rochester correction objects
initializing the egamma calibrator
Processed  8250000/15872483 entries (elapsed time     0.2s, curr speed   45.455 kHz, avg speed 37500.000 kHz), accepted        1/       1 events (100.00%)
Processed  8260000/15872483 entries (elapsed time    13.3s, curr speed    0.765 kHz, avg speed  621.520 kHz), accepted    10001/   10001 events (100.00%)
Processed  8270000/15872483 entries (elapsed time    26.5s, curr speed    0.759 kHz, avg speed  312.429 kHz), accepted    20001/   20001 events (100.00%)
Processed  8280000/15872483 entries (elapsed time    40.2s, curr speed    0.730 kHz, avg speed  206.124 kHz), accepted    30001/   30001 events (100.00%)
Processed  8290000/15872483 entries (elapsed time    53.8s, curr speed    0.734 kHz, avg speed  154.089 kHz), accepted    40001/   40001 events (100.00%)
Processed  8300000/15872483 entries (elapsed time    67.7s, curr speed    0.720 kHz, avg speed  122.636 kHz), accepted    50001/   50001 events (100.00%)
Processed  8310000/15872483 entries (elapsed time    81.6s, curr speed    0.719 kHz, avg speed  101.851 kHz), accepted    60001/   60001 events (100.00%)
Processed  8320000/15872483 entries (elapsed time    94.3s, curr speed    0.786 kHz, avg speed   88.220 kHz), accepted    70001/   70001 events (100.00%)
Processed  8330000/15872483 entries (elapsed time   105.4s, curr speed    0.905 kHz, avg speed   79.062 kHz), accepted    80001/   80001 events (100.00%)
Processed  8340000/15872483 entries (elapsed time   116.6s, curr speed    0.893 kHz, avg speed   71.551 kHz), accepted    90001/   90001 events (100.00%)
Processed  8350000/15872483 entries (elapsed time   127.8s, curr speed    0.887 kHz, avg speed   65.321 kHz), accepted   100001/  100001 events (100.00%)
Processed  8360000/15872483 entries (elapsed time   139.1s, curr speed    0.887 kHz, avg speed   60.096 kHz), accepted   110001/  110001 events (100.00%)
Processed  8370000/15872483 entries (elapsed time   150.4s, curr speed    0.882 kHz, avg speed   55.633 kHz), accepted   120001/  120001 events (100.00%)
Processed  8380000/15872483 entries (elapsed time   177.5s, curr speed    0.370 kHz, avg speed   47.209 kHz), accepted   130001/  130001 events (100.00%)
Processed  8390000/15872483 entries (elapsed time   188.9s, curr speed    0.881 kHz, avg speed   44.424 kHz), accepted   140001/  140001 events (100.00%)
Processed  8400000/15872483 entries (elapsed time   200.2s, curr speed    0.882 kHz, avg speed   41.958 kHz), accepted   150001/  150001 events (100.00%)
Processed  8410000/15872483 entries (elapsed time   211.6s, curr speed    0.876 kHz, avg speed   39.741 kHz), accepted   160001/  160001 events (100.00%)
Processed  8420000/15872483 entries (elapsed time   223.2s, curr speed    0.861 kHz, avg speed   37.719 kHz), accepted   170001/  170001 events (100.00%)
Processed  8430000/15872483 entries (elapsed time   234.6s, curr speed    0.883 kHz, avg speed   35.940 kHz), accepted   180001/  180001 events (100.00%)
Processed  8440000/15872483 entries (elapsed time   245.9s, curr speed    0.878 kHz, avg speed   34.316 kHz), accepted   190001/  190001 events (100.00%)
Processed  8450000/15872483 entries (elapsed time   272.7s, curr speed    0.374 kHz, avg speed   30.990 kHz), accepted   200001/  200001 events (100.00%)
Processed  8460000/15872483 entries (elapsed time   283.9s, curr speed    0.891 kHz, avg speed   29.800 kHz), accepted   210001/  210001 events (100.00%)
Processed  8470000/15872483 entries (elapsed time   294.9s, curr speed    0.907 kHz, avg speed   28.720 kHz), accepted   220001/  220001 events (100.00%)
Processed  8480000/15872483 entries (elapsed time   306.0s, curr speed    0.904 kHz, avg speed   27.714 kHz), accepted   230001/  230001 events (100.00%)
Processed  8490000/15872483 entries (elapsed time   317.1s, curr speed    0.899 kHz, avg speed   26.774 kHz), accepted   240001/  240001 events (100.00%)
Processed 250000 entries from MY_EOS_SPACE/heppyNtuples/TREES_SingleMuon2016BCDEF_94X/SingleMuon_Run2016B_part2/treeProducerWMass/tree.root, selected 250000 entries
Done MY_EOS_SPACE/heppyNtuples/TREES_SingleMuon2016BCDEF_94X/friends/tree_Friend_SingleMuon_Run2016B_part2.chunk33.root
