   SingleMuon_Run2016B_part4   DATA  63 chunks


I have 1 taks to process
I'm using the following list of modules DEFAULT_MODULES
this is jobs [('SingleMuon_Run2016B_part4', 'MY_EOS_SPACE/heppyNtuples/TREES_SingleMuon2016BCDEF_94X/SingleMuon_Run2016B_part4/treeProducerWMass/tree.root', 29915102.0, '_Friend_SingleMuon_Run2016B_part4.chunk20', True, xrange(5000000, 5250000), 20)]
Modules to run:  []   name =  puWeight
Loading puWeight from CMGTools.WMass.postprocessing.examples.puWeightProducer 
Running on dataset =  SingleMuon_Run2016B_part4
TFile: name=/afs/cern.ch/work/m/mciprian/w_mass_analysis/heppy/rel_slc7/CMSSW_9_4_12/src/CMGTools/WMass/python/postprocessing/data/pileup/pileup_profile_Summer16.root, title=, option=READ
TFile: name=/afs/cern.ch/work/m/mciprian/w_mass_analysis/heppy/rel_slc7/CMSSW_9_4_12/src/CMGTools/WMass/python/postprocessing/data/pileup/PileupData_GoldenJSON_Full2016.root, title=, option=READ
Load C++ Worker
Modules to run:  []   name =  puWeight2016BF
Loading puWeight2016BF from CMGTools.WMass.postprocessing.examples.puWeightProducer 
Running on dataset =  SingleMuon_Run2016B_part4
TFile: name=/afs/cern.ch/work/m/mciprian/w_mass_analysis/heppy/rel_slc7/CMSSW_9_4_12/src/CMGTools/WMass/python/postprocessing/data/pileup/pileup_profile_Summer16.root, title=, option=READ
TFile: name=/afs/cern.ch/work/m/mciprian/w_mass_analysis/heppy/rel_slc7/CMSSW_9_4_12/src/CMGTools/WMass/python/postprocessing/data/pileup/PileupData_GoldenJSON_2016BF.root, title=, option=READ
Modules to run:  []   name =  lepQCDAwayJetAll
Loading lepQCDAwayJetAll from CMGTools.WMass.postprocessing.examples.lepVarProducer 
Running on dataset =  SingleMuon_Run2016B_part4
Modules to run:  []   name =  muCalibratedWithStatVar
Loading muCalibratedWithStatVar from CMGTools.WMass.postprocessing.examples.lepVarProducer 
Running on dataset =  SingleMuon_Run2016B_part4
did not find EnergyScaleCorrection shared object, rebuilding
trying to load all the rochester correction libraries
did not find legacy data roccor. rebuilding...
done building legacy data roccor.
Modules to run:  []   name =  jetAllReCleaner
Loading jetAllReCleaner from CMGTools.WMass.postprocessing.examples.jetReCleaner 
Running on dataset =  SingleMuon_Run2016B_part4
Load C++ Worker
Modules to run:  []   name =  jetReCleaner
Loading jetReCleaner from CMGTools.WMass.postprocessing.examples.jetReCleaner 
Running on dataset =  SingleMuon_Run2016B_part4
Load C++ Worker
Modules to run:  []   name =  genQEDJets
Loading genQEDJets from CMGTools.WMass.postprocessing.examples.genFriendProducer 
Running on dataset =  SingleMuon_Run2016B_part4
Will write selected trees to MY_EOS_SPACE/heppyNtuples/TREES_SingleMuon2016BCDEF_94X/friends/
Normalization of pu_mc: 0.999973
Normalization of pileup: 3.65129e+10
Weights for variable pu_mc with a number of bins equal to 76:
1 1 1 1 1 1 1 1 1 1 1.616 1.923 1.917 1.762 1.611 1.554 1.506 1.414 1.317 1.241 1.169 1.109 1.071 1.04 1.019 1.001 0.9873 0.9825 0.9828 0.9811 0.9811 0.9792 0.9531 0.9274 0.8773 0.8171 0.7432 0.6594 0.5661 0.4725 0.3811 0.2987 0.2215 0.1581 0 0 0 0 0 0 0 0 0 0 0 1 1 1 1 1 1 1 1 1 1 1 1 1 1 1 1 1 1 1 1 1 .
Final weights: 
1 1 1 1 1 1 1 1 1 1 1.616 1.923 1.917 1.762 1.611 1.554 1.506 1.414 1.317 1.241 1.169 1.109 1.071 1.04 1.019 1.001 0.9873 0.9825 0.9828 0.9811 0.9811 0.9792 0.9531 0.9274 0.8773 0.8171 0.7432 0.6594 0.5661 0.4725 0.3811 0.2987 0.2215 0.1581 0 0 0 0 0 0 0 0 0 0 0 1 1 1 1 1 1 1 1 1 1 1 1 1 1 1 1 1 1 1 1 1 .
Normalization of pu_mc: 1
Normalization of pileup: 2.014e+10
Weights for variable pu_mc with a number of bins equal to 76:
1 1 1 1 1 1 1 1 1 1 2.784 3.074 2.661 2.24 1.976 1.881 1.801 1.669 1.544 1.453 1.364 1.27 1.186 1.113 1.061 1.016 0.9702 0.9245 0.8754 0.8192 0.7629 0.7065 0.6366 0.5722 0.4984 0.4252 0.3515 0.2804 0.2137 0.1564 0.1092 0 0 0 0 0 0 0 0 0 0 0 0 0 0 1 1 1 1 1 1 1 1 1 1 1 1 1 1 1 1 1 1 1 1 1 .
For maximum weight 3.074: integral relative change: 0
Final weights: 
1 1 1 1 1 1 1 1 1 1 2.784 3.074 2.661 2.24 1.976 1.881 1.801 1.669 1.544 1.453 1.364 1.27 1.186 1.113 1.061 1.016 0.9702 0.9245 0.8754 0.8192 0.7629 0.7065 0.6366 0.5722 0.4984 0.4252 0.3515 0.2804 0.2137 0.1564 0.1092 0 0 0 0 0 0 0 0 0 0 0 0 0 0 1 1 1 1 1 1 1 1 1 1 1 1 1 1 1 1 1 1 1 1 1 .
begin job of lepCalProducer
initializing all the rochester correction objects
initializing the egamma calibrator
Processed  5000000/15519334 entries (elapsed time     0.4s, curr speed   25.000 kHz, avg speed 12500.000 kHz), accepted        1/       1 events (100.00%)
Processed  5010000/15519334 entries (elapsed time    24.5s, curr speed    0.416 kHz, avg speed  204.824 kHz), accepted    10001/   10001 events (100.00%)
Processed  5020000/15519334 entries (elapsed time    49.4s, curr speed    0.401 kHz, avg speed  101.578 kHz), accepted    20001/   20001 events (100.00%)
Processed  5030000/15519334 entries (elapsed time    74.6s, curr speed    0.397 kHz, avg speed   67.444 kHz), accepted    30001/   30001 events (100.00%)
Processed  5040000/15519334 entries (elapsed time    99.9s, curr speed    0.394 kHz, avg speed   50.430 kHz), accepted    40001/   40001 events (100.00%)
Processed  5050000/15519334 entries (elapsed time   125.2s, curr speed    0.396 kHz, avg speed   40.345 kHz), accepted    50001/   50001 events (100.00%)
Processed  5060000/15519334 entries (elapsed time   150.0s, curr speed    0.403 kHz, avg speed   33.731 kHz), accepted    60001/   60001 events (100.00%)
Processed  5070000/15519334 entries (elapsed time   174.1s, curr speed    0.414 kHz, avg speed   29.115 kHz), accepted    70001/   70001 events (100.00%)
Processed  5080000/15519334 entries (elapsed time   195.9s, curr speed    0.460 kHz, avg speed   25.932 kHz), accepted    80001/   80001 events (100.00%)
Processed  5090000/15519334 entries (elapsed time   217.7s, curr speed    0.460 kHz, avg speed   23.385 kHz), accepted    90001/   90001 events (100.00%)
Processed  5100000/15519334 entries (elapsed time   239.2s, curr speed    0.463 kHz, avg speed   21.317 kHz), accepted   100001/  100001 events (100.00%)
Processed  5110000/15519334 entries (elapsed time   260.4s, curr speed    0.472 kHz, avg speed   19.622 kHz), accepted   110001/  110001 events (100.00%)
Processed  5120000/15519334 entries (elapsed time   281.8s, curr speed    0.468 kHz, avg speed   18.169 kHz), accepted   120001/  120001 events (100.00%)
Processed  5130000/15519334 entries (elapsed time   330.6s, curr speed    0.205 kHz, avg speed   15.517 kHz), accepted   130001/  130001 events (100.00%)
Processed  5140000/15519334 entries (elapsed time   352.4s, curr speed    0.458 kHz, avg speed   14.584 kHz), accepted   140001/  140001 events (100.00%)
Processed  5150000/15519334 entries (elapsed time   374.2s, curr speed    0.460 kHz, avg speed   13.764 kHz), accepted   150001/  150001 events (100.00%)
Processed  5160000/15519334 entries (elapsed time   396.1s, curr speed    0.457 kHz, avg speed   13.028 kHz), accepted   160001/  160001 events (100.00%)
Processed  5170000/15519334 entries (elapsed time   417.3s, curr speed    0.471 kHz, avg speed   12.389 kHz), accepted   170001/  170001 events (100.00%)
Processed  5180000/15519334 entries (elapsed time   439.0s, curr speed    0.460 kHz, avg speed   11.799 kHz), accepted   180001/  180001 events (100.00%)
Processed  5190000/15519334 entries (elapsed time   459.5s, curr speed    0.488 kHz, avg speed   11.294 kHz), accepted   190001/  190001 events (100.00%)
Processed  5200000/15519334 entries (elapsed time   508.3s, curr speed    0.205 kHz, avg speed   10.231 kHz), accepted   200001/  200001 events (100.00%)
Processed  5210000/15519334 entries (elapsed time   530.1s, curr speed    0.458 kHz, avg speed    9.828 kHz), accepted   210001/  210001 events (100.00%)
Processed  5220000/15519334 entries (elapsed time   550.9s, curr speed    0.481 kHz, avg speed    9.475 kHz), accepted   220001/  220001 events (100.00%)
Processed  5230000/15519334 entries (elapsed time   572.8s, curr speed    0.456 kHz, avg speed    9.130 kHz), accepted   230001/  230001 events (100.00%)
Processed  5240000/15519334 entries (elapsed time   594.3s, curr speed    0.465 kHz, avg speed    8.817 kHz), accepted   240001/  240001 events (100.00%)
Processed 250000 entries from MY_EOS_SPACE/heppyNtuples/TREES_SingleMuon2016BCDEF_94X/SingleMuon_Run2016B_part4/treeProducerWMass/tree.root, selected 250000 entries
Done MY_EOS_SPACE/heppyNtuples/TREES_SingleMuon2016BCDEF_94X/friends/tree_Friend_SingleMuon_Run2016B_part4.chunk20.root
