000 (322886.015.000) 05/10 15:24:46 Job submitted from host: <188.184.95.166:9618?addrs=188.184.95.166-9618+[2001-1458-201-e4--100-7a0]-9618&alias=tbird02.cern.ch&noUDP&sock=schedd_2138722_faad_3>
...
040 (322886.015.000) 05/10 15:28:10 Started transferring input files
	Transferring to host: <188.184.132.11:9618?addrs=188.184.132.11-9618+[2001-1458-301-a0--100-8]-9618&noUDP&sock=4074_405f_126307>
...
040 (322886.015.000) 05/10 15:28:10 Finished transferring input files
...
001 (322886.015.000) 05/10 15:28:11 Job executing on host: <188.184.132.11:9618?addrs=188.184.132.11-9618+[2001-1458-301-a0--100-8]-9618&noUDP&sock=2324_a630_3>
...
006 (322886.015.000) 05/10 15:28:19 Image size of job updated: 307928
	220  -  MemoryUsage of job (MB)
	225040  -  ResidentSetSize of job (KB)
...
006 (322886.015.000) 05/10 15:33:19 Image size of job updated: 486956
	475  -  MemoryUsage of job (MB)
	485864  -  ResidentSetSize of job (KB)
...
040 (322886.015.000) 05/10 15:34:11 Started transferring output files
...
040 (322886.015.000) 05/10 15:34:11 Finished transferring output files
...
005 (322886.015.000) 05/10 15:34:11 Job terminated.
	(1) Normal termination (return value 1)
		Usr 0 00:05:21, Sys 0 00:00:33  -  Run Remote Usage
		Usr 0 00:00:00, Sys 0 00:00:00  -  Run Local Usage
		Usr 0 00:05:21, Sys 0 00:00:33  -  Total Remote Usage
		Usr 0 00:00:00, Sys 0 00:00:00  -  Total Local Usage
	9477  -  Run Bytes Sent By Job
	10941  -  Run Bytes Received By Job
	9477  -  Total Bytes Sent By Job
	10941  -  Total Bytes Received By Job
	Partitionable Resources :    Usage  Request Allocated 
	   Cpus                 :                 1           
	   Disk (KB)            :       72        1   2139812 
	   Memory (MB)          :      475     2000      2000 
...
