000 (322893.050.000) 05/10 15:24:53 Job submitted from host: <188.184.95.166:9618?addrs=188.184.95.166-9618+[2001-1458-201-e4--100-7a0]-9618&alias=tbird02.cern.ch&noUDP&sock=schedd_2138722_faad_3>
...
040 (322893.050.000) 05/10 15:34:30 Started transferring input files
	Transferring to host: <188.184.186.13:9618?addrs=188.184.186.13-9618+[2001-1458-301-f8--100-16]-9618&noUDP&sock=3975_7f3b_126292>
...
040 (322893.050.000) 05/10 15:34:30 Finished transferring input files
...
001 (322893.050.000) 05/10 15:34:31 Job executing on host: <188.184.186.13:9618?addrs=188.184.186.13-9618+[2001-1458-301-f8--100-16]-9618&noUDP&sock=2335_31ba_3>
...
006 (322893.050.000) 05/10 15:34:39 Image size of job updated: 116136
	58  -  MemoryUsage of job (MB)
	59312  -  ResidentSetSize of job (KB)
...
006 (322893.050.000) 05/10 15:39:39 Image size of job updated: 493580
	481  -  MemoryUsage of job (MB)
	492352  -  ResidentSetSize of job (KB)
...
040 (322893.050.000) 05/10 15:40:38 Started transferring output files
...
040 (322893.050.000) 05/10 15:40:38 Finished transferring output files
...
005 (322893.050.000) 05/10 15:40:38 Job terminated.
	(1) Normal termination (return value 1)
		Usr 0 00:05:05, Sys 0 00:00:33  -  Run Remote Usage
		Usr 0 00:00:00, Sys 0 00:00:00  -  Run Local Usage
		Usr 0 00:05:05, Sys 0 00:00:33  -  Total Remote Usage
		Usr 0 00:00:00, Sys 0 00:00:00  -  Total Local Usage
	9479  -  Run Bytes Sent By Job
	10941  -  Run Bytes Received By Job
	9479  -  Total Bytes Sent By Job
	10941  -  Total Bytes Received By Job
	Partitionable Resources :    Usage  Request Allocated 
	   Cpus                 :                 1           
	   Disk (KB)            :       72        1   2148554 
	   Memory (MB)          :      481     2000      2000 
...
