   SingleMuon_Run2016B_part3   DATA  64 chunks


I have 1 taks to process
I'm using the following list of modules DEFAULT_MODULES
this is jobs [('SingleMuon_Run2016B_part3', 'MY_EOS_SPACE/heppyNtuples/TREES_SingleMuon2016BCDEF_94X/SingleMuon_Run2016B_part3/treeProducerWMass/tree.root', 30953763.0, '_Friend_SingleMuon_Run2016B_part3.chunk46', True, xrange(11500000, 11750000), 46)]
Modules to run:  []   name =  puWeight
Loading puWeight from CMGTools.WMass.postprocessing.examples.puWeightProducer 
Running on dataset =  SingleMuon_Run2016B_part3
TFile: name=/afs/cern.ch/work/m/mciprian/w_mass_analysis/heppy/rel_slc7/CMSSW_9_4_12/src/CMGTools/WMass/python/postprocessing/data/pileup/pileup_profile_Summer16.root, title=, option=READ
TFile: name=/afs/cern.ch/work/m/mciprian/w_mass_analysis/heppy/rel_slc7/CMSSW_9_4_12/src/CMGTools/WMass/python/postprocessing/data/pileup/PileupData_GoldenJSON_Full2016.root, title=, option=READ
Load C++ Worker
Modules to run:  []   name =  puWeight2016BF
Loading puWeight2016BF from CMGTools.WMass.postprocessing.examples.puWeightProducer 
Running on dataset =  SingleMuon_Run2016B_part3
TFile: name=/afs/cern.ch/work/m/mciprian/w_mass_analysis/heppy/rel_slc7/CMSSW_9_4_12/src/CMGTools/WMass/python/postprocessing/data/pileup/pileup_profile_Summer16.root, title=, option=READ
TFile: name=/afs/cern.ch/work/m/mciprian/w_mass_analysis/heppy/rel_slc7/CMSSW_9_4_12/src/CMGTools/WMass/python/postprocessing/data/pileup/PileupData_GoldenJSON_2016BF.root, title=, option=READ
Modules to run:  []   name =  lepQCDAwayJetAll
Loading lepQCDAwayJetAll from CMGTools.WMass.postprocessing.examples.lepVarProducer 
Running on dataset =  SingleMuon_Run2016B_part3
Modules to run:  []   name =  muCalibratedWithStatVar
Loading muCalibratedWithStatVar from CMGTools.WMass.postprocessing.examples.lepVarProducer 
Running on dataset =  SingleMuon_Run2016B_part3
did not find EnergyScaleCorrection shared object, rebuilding
trying to load all the rochester correction libraries
did not find legacy data roccor. rebuilding...
done building legacy data roccor.
Modules to run:  []   name =  jetAllReCleaner
Loading jetAllReCleaner from CMGTools.WMass.postprocessing.examples.jetReCleaner 
Running on dataset =  SingleMuon_Run2016B_part3
Load C++ Worker
Modules to run:  []   name =  jetReCleaner
Loading jetReCleaner from CMGTools.WMass.postprocessing.examples.jetReCleaner 
Running on dataset =  SingleMuon_Run2016B_part3
Load C++ Worker
Modules to run:  []   name =  genQEDJets
Loading genQEDJets from CMGTools.WMass.postprocessing.examples.genFriendProducer 
Running on dataset =  SingleMuon_Run2016B_part3
Will write selected trees to MY_EOS_SPACE/heppyNtuples/TREES_SingleMuon2016BCDEF_94X/friends/
Normalization of pu_mc: 0.999973
Normalization of pileup: 3.65129e+10
Weights for variable pu_mc with a number of bins equal to 76:
1 1 1 1 1 1 1 1 1 1 1.616 1.923 1.917 1.762 1.611 1.554 1.506 1.414 1.317 1.241 1.169 1.109 1.071 1.04 1.019 1.001 0.9873 0.9825 0.9828 0.9811 0.9811 0.9792 0.9531 0.9274 0.8773 0.8171 0.7432 0.6594 0.5661 0.4725 0.3811 0.2987 0.2215 0.1581 0 0 0 0 0 0 0 0 0 0 0 1 1 1 1 1 1 1 1 1 1 1 1 1 1 1 1 1 1 1 1 1 .
Final weights: 
1 1 1 1 1 1 1 1 1 1 1.616 1.923 1.917 1.762 1.611 1.554 1.506 1.414 1.317 1.241 1.169 1.109 1.071 1.04 1.019 1.001 0.9873 0.9825 0.9828 0.9811 0.9811 0.9792 0.9531 0.9274 0.8773 0.8171 0.7432 0.6594 0.5661 0.4725 0.3811 0.2987 0.2215 0.1581 0 0 0 0 0 0 0 0 0 0 0 1 1 1 1 1 1 1 1 1 1 1 1 1 1 1 1 1 1 1 1 1 .
Normalization of pu_mc: 1
Normalization of pileup: 2.014e+10
Weights for variable pu_mc with a number of bins equal to 76:
1 1 1 1 1 1 1 1 1 1 2.784 3.074 2.661 2.24 1.976 1.881 1.801 1.669 1.544 1.453 1.364 1.27 1.186 1.113 1.061 1.016 0.9702 0.9245 0.8754 0.8192 0.7629 0.7065 0.6366 0.5722 0.4984 0.4252 0.3515 0.2804 0.2137 0.1564 0.1092 0 0 0 0 0 0 0 0 0 0 0 0 0 0 1 1 1 1 1 1 1 1 1 1 1 1 1 1 1 1 1 1 1 1 1 .
For maximum weight 3.074: integral relative change: 0
Final weights: 
1 1 1 1 1 1 1 1 1 1 2.784 3.074 2.661 2.24 1.976 1.881 1.801 1.669 1.544 1.453 1.364 1.27 1.186 1.113 1.061 1.016 0.9702 0.9245 0.8754 0.8192 0.7629 0.7065 0.6366 0.5722 0.4984 0.4252 0.3515 0.2804 0.2137 0.1564 0.1092 0 0 0 0 0 0 0 0 0 0 0 0 0 0 1 1 1 1 1 1 1 1 1 1 1 1 1 1 1 1 1 1 1 1 1 .
begin job of lepCalProducer
initializing all the rochester correction objects
initializing the egamma calibrator
Processed 11500000/15930545 entries (elapsed time     0.3s, curr speed   31.250 kHz, avg speed 35937.500 kHz), accepted        1/       1 events (100.00%)
Processed 11510000/15930545 entries (elapsed time    14.2s, curr speed    0.719 kHz, avg speed  808.855 kHz), accepted    10001/   10001 events (100.00%)
Processed 11520000/15930545 entries (elapsed time    28.4s, curr speed    0.707 kHz, avg speed  406.063 kHz), accepted    20001/   20001 events (100.00%)
Processed 11530000/15930545 entries (elapsed time    42.6s, curr speed    0.701 kHz, avg speed  270.467 kHz), accepted    30001/   30001 events (100.00%)
Processed 11540000/15930545 entries (elapsed time    57.2s, curr speed    0.688 kHz, avg speed  201.889 kHz), accepted    40001/   40001 events (100.00%)
Processed 11550000/15930545 entries (elapsed time    71.1s, curr speed    0.718 kHz, avg speed  162.470 kHz), accepted    50001/   50001 events (100.00%)
Processed 11560000/15930545 entries (elapsed time    85.1s, curr speed    0.716 kHz, avg speed  135.904 kHz), accepted    60001/   60001 events (100.00%)
Processed 11570000/15930545 entries (elapsed time   100.0s, curr speed    0.671 kHz, avg speed  115.735 kHz), accepted    70001/   70001 events (100.00%)
Processed 11580000/15930545 entries (elapsed time   113.5s, curr speed    0.738 kHz, avg speed  102.008 kHz), accepted    80001/   80001 events (100.00%)
Processed 11590000/15930545 entries (elapsed time   127.5s, curr speed    0.713 kHz, avg speed   90.866 kHz), accepted    90001/   90001 events (100.00%)
Processed 11600000/15930545 entries (elapsed time   142.3s, curr speed    0.678 kHz, avg speed   81.524 kHz), accepted   100001/  100001 events (100.00%)
Processed 11610000/15930545 entries (elapsed time   156.6s, curr speed    0.697 kHz, avg speed   74.119 kHz), accepted   110001/  110001 events (100.00%)
Processed 11620000/15930545 entries (elapsed time   170.8s, curr speed    0.708 kHz, avg speed   68.049 kHz), accepted   120001/  120001 events (100.00%)
Processed 11630000/15930545 entries (elapsed time   205.2s, curr speed    0.290 kHz, avg speed   56.674 kHz), accepted   130001/  130001 events (100.00%)
Processed 11640000/15930545 entries (elapsed time   220.1s, curr speed    0.670 kHz, avg speed   52.875 kHz), accepted   140001/  140001 events (100.00%)
Processed 11650000/15930545 entries (elapsed time   235.8s, curr speed    0.638 kHz, avg speed   49.404 kHz), accepted   150001/  150001 events (100.00%)
Processed 11660000/15930545 entries (elapsed time   252.0s, curr speed    0.619 kHz, avg speed   46.277 kHz), accepted   160001/  160001 events (100.00%)
Processed 11670000/15930545 entries (elapsed time   268.2s, curr speed    0.616 kHz, avg speed   43.514 kHz), accepted   170001/  170001 events (100.00%)
Processed 11680000/15930545 entries (elapsed time   285.4s, curr speed    0.582 kHz, avg speed   40.931 kHz), accepted   180001/  180001 events (100.00%)
Processed 11690000/15930545 entries (elapsed time   301.0s, curr speed    0.640 kHz, avg speed   38.840 kHz), accepted   190001/  190001 events (100.00%)
Processed 11700000/15930545 entries (elapsed time   336.9s, curr speed    0.278 kHz, avg speed   34.727 kHz), accepted   200001/  200001 events (100.00%)
Processed 11710000/15930545 entries (elapsed time   352.8s, curr speed    0.629 kHz, avg speed   33.191 kHz), accepted   210001/  210001 events (100.00%)
Processed 11720000/15930545 entries (elapsed time   368.1s, curr speed    0.652 kHz, avg speed   31.836 kHz), accepted   220001/  220001 events (100.00%)
Processed 11730000/15930545 entries (elapsed time   383.7s, curr speed    0.644 kHz, avg speed   30.574 kHz), accepted   230001/  230001 events (100.00%)
Processed 11740000/15930545 entries (elapsed time   398.3s, curr speed    0.683 kHz, avg speed   29.475 kHz), accepted   240001/  240001 events (100.00%)
Processed 250000 entries from MY_EOS_SPACE/heppyNtuples/TREES_SingleMuon2016BCDEF_94X/SingleMuon_Run2016B_part3/treeProducerWMass/tree.root, selected 250000 entries
Done MY_EOS_SPACE/heppyNtuples/TREES_SingleMuon2016BCDEF_94X/friends/tree_Friend_SingleMuon_Run2016B_part3.chunk46.root
