000 (322893.003.000) 05/10 15:24:53 Job submitted from host: <188.184.95.166:9618?addrs=188.184.95.166-9618+[2001-1458-201-e4--100-7a0]-9618&alias=tbird02.cern.ch&noUDP&sock=schedd_2138722_faad_3>
...
040 (322893.003.000) 05/10 15:33:59 Started transferring input files
	Transferring to host: <188.184.132.19:9618?addrs=188.184.132.19-9618+[2001-1458-301-a0--100-15]-9618&noUDP&sock=4060_631e_125852>
...
040 (322893.003.000) 05/10 15:33:59 Finished transferring input files
...
001 (322893.003.000) 05/10 15:34:00 Job executing on host: <188.184.132.19:9618?addrs=188.184.132.19-9618+[2001-1458-301-a0--100-15]-9618&noUDP&sock=2343_ae7c_3>
...
006 (322893.003.000) 05/10 15:34:09 Image size of job updated: 188908
	114  -  MemoryUsage of job (MB)
	115748  -  ResidentSetSize of job (KB)
...
006 (322893.003.000) 05/10 15:39:10 Image size of job updated: 490672
	479  -  MemoryUsage of job (MB)
	489648  -  ResidentSetSize of job (KB)
...
040 (322893.003.000) 05/10 15:40:02 Started transferring output files
...
040 (322893.003.000) 05/10 15:40:02 Finished transferring output files
...
005 (322893.003.000) 05/10 15:40:02 Job terminated.
	(1) Normal termination (return value 1)
		Usr 0 00:05:15, Sys 0 00:00:34  -  Run Remote Usage
		Usr 0 00:00:00, Sys 0 00:00:00  -  Run Local Usage
		Usr 0 00:05:15, Sys 0 00:00:34  -  Total Remote Usage
		Usr 0 00:00:00, Sys 0 00:00:00  -  Total Local Usage
	9472  -  Run Bytes Sent By Job
	10941  -  Run Bytes Received By Job
	9472  -  Total Bytes Sent By Job
	10941  -  Total Bytes Received By Job
	Partitionable Resources :    Usage  Request Allocated 
	   Cpus                 :                 1           
	   Disk (KB)            :       72        1   2166988 
	   Memory (MB)          :      479     2000      2000 
...
