000 (322886.021.000) 05/10 15:24:47 Job submitted from host: <188.184.95.166:9618?addrs=188.184.95.166-9618+[2001-1458-201-e4--100-7a0]-9618&alias=tbird02.cern.ch&noUDP&sock=schedd_2138722_faad_3>
...
040 (322886.021.000) 05/10 15:28:12 Started transferring input files
	Transferring to host: <188.184.132.21:9618?addrs=188.184.132.21-9618+[2001-1458-301-a0--100-6]-9618&noUDP&sock=3030_a8b4_55285>
...
040 (322886.021.000) 05/10 15:28:12 Finished transferring input files
...
001 (322886.021.000) 05/10 15:28:13 Job executing on host: <188.184.132.21:9618?addrs=188.184.132.21-9618+[2001-1458-301-a0--100-6]-9618&noUDP&sock=2274_5a74_3>
...
006 (322886.021.000) 05/10 15:28:22 Image size of job updated: 309392
	222  -  MemoryUsage of job (MB)
	226396  -  ResidentSetSize of job (KB)
...
006 (322886.021.000) 05/10 15:29:06 Image size of job updated: 320104
	222  -  MemoryUsage of job (MB)
	226400  -  ResidentSetSize of job (KB)
...
040 (322886.021.000) 05/10 15:29:06 Started transferring output files
...
040 (322886.021.000) 05/10 15:29:06 Finished transferring output files
...
005 (322886.021.000) 05/10 15:29:06 Job terminated.
	(1) Normal termination (return value 1)
		Usr 0 00:00:44, Sys 0 00:00:05  -  Run Remote Usage
		Usr 0 00:00:00, Sys 0 00:00:00  -  Run Local Usage
		Usr 0 00:00:44, Sys 0 00:00:05  -  Total Remote Usage
		Usr 0 00:00:00, Sys 0 00:00:00  -  Total Local Usage
	6241  -  Run Bytes Sent By Job
	10941  -  Run Bytes Received By Job
	6241  -  Total Bytes Sent By Job
	10941  -  Total Bytes Received By Job
	Partitionable Resources :    Usage  Request Allocated 
	   Cpus                 :                 1           
	   Disk (KB)            :       68        1   2192538 
	   Memory (MB)          :      222     2000      2000 
...
