   SingleMuon_Run2016B_part3   DATA  64 chunks


I have 1 taks to process
I'm using the following list of modules DEFAULT_MODULES
this is jobs [('SingleMuon_Run2016B_part3', 'MY_EOS_SPACE/heppyNtuples/TREES_SingleMuon2016BCDEF_94X/SingleMuon_Run2016B_part3/treeProducerWMass/tree.root', 30953763.0, '_Friend_SingleMuon_Run2016B_part3.chunk49', True, xrange(12250000, 12500000), 49)]
Modules to run:  []   name =  puWeight
Loading puWeight from CMGTools.WMass.postprocessing.examples.puWeightProducer 
Running on dataset =  SingleMuon_Run2016B_part3
TFile: name=/afs/cern.ch/work/m/mciprian/w_mass_analysis/heppy/rel_slc7/CMSSW_9_4_12/src/CMGTools/WMass/python/postprocessing/data/pileup/pileup_profile_Summer16.root, title=, option=READ
TFile: name=/afs/cern.ch/work/m/mciprian/w_mass_analysis/heppy/rel_slc7/CMSSW_9_4_12/src/CMGTools/WMass/python/postprocessing/data/pileup/PileupData_GoldenJSON_Full2016.root, title=, option=READ
Load C++ Worker
Modules to run:  []   name =  puWeight2016BF
Loading puWeight2016BF from CMGTools.WMass.postprocessing.examples.puWeightProducer 
Running on dataset =  SingleMuon_Run2016B_part3
TFile: name=/afs/cern.ch/work/m/mciprian/w_mass_analysis/heppy/rel_slc7/CMSSW_9_4_12/src/CMGTools/WMass/python/postprocessing/data/pileup/pileup_profile_Summer16.root, title=, option=READ
TFile: name=/afs/cern.ch/work/m/mciprian/w_mass_analysis/heppy/rel_slc7/CMSSW_9_4_12/src/CMGTools/WMass/python/postprocessing/data/pileup/PileupData_GoldenJSON_2016BF.root, title=, option=READ
Modules to run:  []   name =  lepQCDAwayJetAll
Loading lepQCDAwayJetAll from CMGTools.WMass.postprocessing.examples.lepVarProducer 
Running on dataset =  SingleMuon_Run2016B_part3
Modules to run:  []   name =  muCalibratedWithStatVar
Loading muCalibratedWithStatVar from CMGTools.WMass.postprocessing.examples.lepVarProducer 
Running on dataset =  SingleMuon_Run2016B_part3
did not find EnergyScaleCorrection shared object, rebuilding
trying to load all the rochester correction libraries
did not find legacy data roccor. rebuilding...
done building legacy data roccor.
Modules to run:  []   name =  jetAllReCleaner
Loading jetAllReCleaner from CMGTools.WMass.postprocessing.examples.jetReCleaner 
Running on dataset =  SingleMuon_Run2016B_part3
Load C++ Worker
Modules to run:  []   name =  jetReCleaner
Loading jetReCleaner from CMGTools.WMass.postprocessing.examples.jetReCleaner 
Running on dataset =  SingleMuon_Run2016B_part3
Load C++ Worker
Modules to run:  []   name =  genQEDJets
Loading genQEDJets from CMGTools.WMass.postprocessing.examples.genFriendProducer 
Running on dataset =  SingleMuon_Run2016B_part3
Will write selected trees to MY_EOS_SPACE/heppyNtuples/TREES_SingleMuon2016BCDEF_94X/friends/
Normalization of pu_mc: 0.999973
Normalization of pileup: 3.65129e+10
Weights for variable pu_mc with a number of bins equal to 76:
1 1 1 1 1 1 1 1 1 1 1.616 1.923 1.917 1.762 1.611 1.554 1.506 1.414 1.317 1.241 1.169 1.109 1.071 1.04 1.019 1.001 0.9873 0.9825 0.9828 0.9811 0.9811 0.9792 0.9531 0.9274 0.8773 0.8171 0.7432 0.6594 0.5661 0.4725 0.3811 0.2987 0.2215 0.1581 0 0 0 0 0 0 0 0 0 0 0 1 1 1 1 1 1 1 1 1 1 1 1 1 1 1 1 1 1 1 1 1 .
Final weights: 
1 1 1 1 1 1 1 1 1 1 1.616 1.923 1.917 1.762 1.611 1.554 1.506 1.414 1.317 1.241 1.169 1.109 1.071 1.04 1.019 1.001 0.9873 0.9825 0.9828 0.9811 0.9811 0.9792 0.9531 0.9274 0.8773 0.8171 0.7432 0.6594 0.5661 0.4725 0.3811 0.2987 0.2215 0.1581 0 0 0 0 0 0 0 0 0 0 0 1 1 1 1 1 1 1 1 1 1 1 1 1 1 1 1 1 1 1 1 1 .
Normalization of pu_mc: 1
Normalization of pileup: 2.014e+10
Weights for variable pu_mc with a number of bins equal to 76:
1 1 1 1 1 1 1 1 1 1 2.784 3.074 2.661 2.24 1.976 1.881 1.801 1.669 1.544 1.453 1.364 1.27 1.186 1.113 1.061 1.016 0.9702 0.9245 0.8754 0.8192 0.7629 0.7065 0.6366 0.5722 0.4984 0.4252 0.3515 0.2804 0.2137 0.1564 0.1092 0 0 0 0 0 0 0 0 0 0 0 0 0 0 1 1 1 1 1 1 1 1 1 1 1 1 1 1 1 1 1 1 1 1 1 .
For maximum weight 3.074: integral relative change: 0
Final weights: 
1 1 1 1 1 1 1 1 1 1 2.784 3.074 2.661 2.24 1.976 1.881 1.801 1.669 1.544 1.453 1.364 1.27 1.186 1.113 1.061 1.016 0.9702 0.9245 0.8754 0.8192 0.7629 0.7065 0.6366 0.5722 0.4984 0.4252 0.3515 0.2804 0.2137 0.1564 0.1092 0 0 0 0 0 0 0 0 0 0 0 0 0 0 1 1 1 1 1 1 1 1 1 1 1 1 1 1 1 1 1 1 1 1 1 .
begin job of lepCalProducer
initializing all the rochester correction objects
initializing the egamma calibrator
Processed 12250000/15930545 entries (elapsed time     0.3s, curr speed   34.483 kHz, avg speed 42241.379 kHz), accepted        1/       1 events (100.00%)
Processed 12260000/15930545 entries (elapsed time    24.1s, curr speed    0.420 kHz, avg speed  508.714 kHz), accepted    10001/   10001 events (100.00%)
Processed 12270000/15930545 entries (elapsed time    50.0s, curr speed    0.387 kHz, avg speed  245.596 kHz), accepted    20001/   20001 events (100.00%)
Processed 12280000/15930545 entries (elapsed time    75.1s, curr speed    0.397 kHz, avg speed  163.450 kHz), accepted    30001/   30001 events (100.00%)
Processed 12290000/15930545 entries (elapsed time   100.7s, curr speed    0.392 kHz, avg speed  122.094 kHz), accepted    40001/   40001 events (100.00%)
Processed 12300000/15930545 entries (elapsed time   126.5s, curr speed    0.387 kHz, avg speed   97.226 kHz), accepted    50001/   50001 events (100.00%)
Processed 12310000/15930545 entries (elapsed time   152.3s, curr speed    0.387 kHz, avg speed   80.811 kHz), accepted    60001/   60001 events (100.00%)
Processed 12320000/15930545 entries (elapsed time   176.9s, curr speed    0.407 kHz, avg speed   69.632 kHz), accepted    70001/   70001 events (100.00%)
Processed 12330000/15930545 entries (elapsed time   199.1s, curr speed    0.450 kHz, avg speed   61.913 kHz), accepted    80001/   80001 events (100.00%)
Processed 12340000/15930545 entries (elapsed time   221.8s, curr speed    0.442 kHz, avg speed   55.638 kHz), accepted    90001/   90001 events (100.00%)
Processed 12350000/15930545 entries (elapsed time   243.7s, curr speed    0.456 kHz, avg speed   50.671 kHz), accepted   100001/  100001 events (100.00%)
Processed 12360000/15930545 entries (elapsed time   265.5s, curr speed    0.459 kHz, avg speed   46.554 kHz), accepted   110001/  110001 events (100.00%)
Processed 12370000/15930545 entries (elapsed time   287.7s, curr speed    0.450 kHz, avg speed   42.993 kHz), accepted   120001/  120001 events (100.00%)
Processed 12380000/15930545 entries (elapsed time   337.5s, curr speed    0.201 kHz, avg speed   36.678 kHz), accepted   130001/  130001 events (100.00%)
Processed 12390000/15930545 entries (elapsed time   358.8s, curr speed    0.471 kHz, avg speed   34.535 kHz), accepted   140001/  140001 events (100.00%)
Processed 12400000/15930545 entries (elapsed time   380.5s, curr speed    0.460 kHz, avg speed   32.590 kHz), accepted   150001/  150001 events (100.00%)
Processed 12410000/15930545 entries (elapsed time   402.6s, curr speed    0.452 kHz, avg speed   30.823 kHz), accepted   160001/  160001 events (100.00%)
Processed 12420000/15930545 entries (elapsed time   425.0s, curr speed    0.447 kHz, avg speed   29.224 kHz), accepted   170001/  170001 events (100.00%)
Processed 12430000/15930545 entries (elapsed time   447.4s, curr speed    0.447 kHz, avg speed   27.785 kHz), accepted   180001/  180001 events (100.00%)
Processed 12440000/15930545 entries (elapsed time   470.0s, curr speed    0.441 kHz, avg speed   26.466 kHz), accepted   190001/  190001 events (100.00%)
Processed 12450000/15930545 entries (elapsed time   518.7s, curr speed    0.205 kHz, avg speed   24.002 kHz), accepted   200001/  200001 events (100.00%)
Processed 12460000/15930545 entries (elapsed time   540.5s, curr speed    0.458 kHz, avg speed   23.051 kHz), accepted   210001/  210001 events (100.00%)
Processed 12470000/15930545 entries (elapsed time   562.0s, curr speed    0.467 kHz, avg speed   22.191 kHz), accepted   220001/  220001 events (100.00%)
Processed 12480000/15930545 entries (elapsed time   583.9s, curr speed    0.456 kHz, avg speed   21.374 kHz), accepted   230001/  230001 events (100.00%)
Processed 12490000/15930545 entries (elapsed time   605.8s, curr speed    0.457 kHz, avg speed   20.618 kHz), accepted   240001/  240001 events (100.00%)
Processed 250000 entries from MY_EOS_SPACE/heppyNtuples/TREES_SingleMuon2016BCDEF_94X/SingleMuon_Run2016B_part3/treeProducerWMass/tree.root, selected 250000 entries
Done MY_EOS_SPACE/heppyNtuples/TREES_SingleMuon2016BCDEF_94X/friends/tree_Friend_SingleMuon_Run2016B_part3.chunk49.root
