000 (322894.007.000) 05/10 15:24:54 Job submitted from host: <188.184.95.166:9618?addrs=188.184.95.166-9618+[2001-1458-201-e4--100-7a0]-9618&alias=tbird02.cern.ch&noUDP&sock=schedd_2138722_faad_3>
...
040 (322894.007.000) 05/10 15:34:51 Started transferring input files
	Transferring to host: <128.142.33.164:9618?addrs=128.142.33.164-9618+[--1]-9618&noUDP&sock=3144_fb79_9049>
...
040 (322894.007.000) 05/10 15:34:51 Finished transferring input files
...
001 (322894.007.000) 05/10 15:34:52 Job executing on host: <128.142.33.164:9618?addrs=128.142.33.164-9618+[--1]-9618&noUDP&sock=2278_18d5_3>
...
006 (322894.007.000) 05/10 15:35:01 Image size of job updated: 302456
	215  -  MemoryUsage of job (MB)
	220048  -  ResidentSetSize of job (KB)
...
006 (322894.007.000) 05/10 15:40:02 Image size of job updated: 494636
	482  -  MemoryUsage of job (MB)
	493020  -  ResidentSetSize of job (KB)
...
040 (322894.007.000) 05/10 15:41:26 Started transferring output files
...
040 (322894.007.000) 05/10 15:41:26 Finished transferring output files
...
005 (322894.007.000) 05/10 15:41:26 Job terminated.
	(1) Normal termination (return value 1)
		Usr 0 00:05:14, Sys 0 00:00:41  -  Run Remote Usage
		Usr 0 00:00:00, Sys 0 00:00:00  -  Run Local Usage
		Usr 0 00:05:14, Sys 0 00:00:41  -  Total Remote Usage
		Usr 0 00:00:00, Sys 0 00:00:00  -  Total Local Usage
	14781  -  Run Bytes Sent By Job
	10941  -  Run Bytes Received By Job
	14781  -  Total Bytes Sent By Job
	10941  -  Total Bytes Received By Job
	Partitionable Resources :    Usage  Request Allocated 
	   Cpus                 :                 1           
	   Disk (KB)            :       75        1   2143857 
	   Memory (MB)          :      482     2000      2000 
...
