000 (322890.020.000) 05/10 15:24:50 Job submitted from host: <188.184.95.166:9618?addrs=188.184.95.166-9618+[2001-1458-201-e4--100-7a0]-9618&alias=tbird02.cern.ch&noUDP&sock=schedd_2138722_faad_3>
...
040 (322890.020.000) 05/10 15:32:05 Started transferring input files
	Transferring to host: <188.184.207.169:9618?addrs=188.184.207.169-9618+[2001-1458-301-7d--100-4f7]-9618&noUDP&sock=4201_bc04_126498>
...
040 (322890.020.000) 05/10 15:32:05 Finished transferring input files
...
001 (322890.020.000) 05/10 15:32:06 Job executing on host: <188.184.207.169:9618?addrs=188.184.207.169-9618+[2001-1458-301-7d--100-4f7]-9618&noUDP&sock=2350_7ba6_3>
...
006 (322890.020.000) 05/10 15:32:14 Image size of job updated: 310764
	221  -  MemoryUsage of job (MB)
	225872  -  ResidentSetSize of job (KB)
...
006 (322890.020.000) 05/10 15:37:14 Image size of job updated: 578208
	482  -  MemoryUsage of job (MB)
	492712  -  ResidentSetSize of job (KB)
...
040 (322890.020.000) 05/10 15:38:17 Started transferring output files
...
040 (322890.020.000) 05/10 15:38:17 Finished transferring output files
...
005 (322890.020.000) 05/10 15:38:17 Job terminated.
	(1) Normal termination (return value 1)
		Usr 0 00:05:27, Sys 0 00:00:35  -  Run Remote Usage
		Usr 0 00:00:00, Sys 0 00:00:00  -  Run Local Usage
		Usr 0 00:05:27, Sys 0 00:00:35  -  Total Remote Usage
		Usr 0 00:00:00, Sys 0 00:00:00  -  Total Local Usage
	9477  -  Run Bytes Sent By Job
	10941  -  Run Bytes Received By Job
	9477  -  Total Bytes Sent By Job
	10941  -  Total Bytes Received By Job
	Partitionable Resources :    Usage  Request Allocated 
	   Cpus                 :                 1           
	   Disk (KB)            :       72        1   2205288 
	   Memory (MB)          :      482     2000      2000 
...
