000 (322894.026.000) 05/10 15:24:54 Job submitted from host: <188.184.95.166:9618?addrs=188.184.95.166-9618+[2001-1458-201-e4--100-7a0]-9618&alias=tbird02.cern.ch&noUDP&sock=schedd_2138722_faad_3>
...
040 (322894.026.000) 05/10 15:35:28 Started transferring input files
	Transferring to host: <128.142.33.167:9618?addrs=128.142.33.167-9618+[2001-1458-301-117--100-23e]-9618&noUDP&sock=13023_a1ab_103371>
...
040 (322894.026.000) 05/10 15:35:28 Finished transferring input files
...
001 (322894.026.000) 05/10 15:35:29 Job executing on host: <128.142.33.167:9618?addrs=128.142.33.167-9618+[2001-1458-301-117--100-23e]-9618&noUDP&sock=12815_9a42_3>
...
006 (322894.026.000) 05/10 15:35:38 Image size of job updated: 116652
	58  -  MemoryUsage of job (MB)
	59316  -  ResidentSetSize of job (KB)
...
006 (322894.026.000) 05/10 15:40:39 Image size of job updated: 489092
	477  -  MemoryUsage of job (MB)
	488200  -  ResidentSetSize of job (KB)
...
040 (322894.026.000) 05/10 15:41:40 Started transferring output files
...
040 (322894.026.000) 05/10 15:41:40 Finished transferring output files
...
005 (322894.026.000) 05/10 15:41:40 Job terminated.
	(1) Normal termination (return value 1)
		Usr 0 00:05:22, Sys 0 00:00:34  -  Run Remote Usage
		Usr 0 00:00:00, Sys 0 00:00:00  -  Run Local Usage
		Usr 0 00:05:22, Sys 0 00:00:34  -  Total Remote Usage
		Usr 0 00:00:00, Sys 0 00:00:00  -  Total Local Usage
	9477  -  Run Bytes Sent By Job
	10941  -  Run Bytes Received By Job
	9477  -  Total Bytes Sent By Job
	10941  -  Total Bytes Received By Job
	Partitionable Resources :    Usage  Request Allocated 
	   Cpus                 :                 1           
	   Disk (KB)            :       72        1   2170815 
	   Memory (MB)          :      477     2000      2000 
...
