000 (322899.001.000) 05/10 15:24:59 Job submitted from host: <188.184.95.166:9618?addrs=188.184.95.166-9618+[2001-1458-201-e4--100-7a0]-9618&alias=tbird02.cern.ch&noUDP&sock=schedd_2138722_faad_3>
...
040 (322899.001.000) 05/10 15:38:11 Started transferring input files
	Transferring to host: <188.184.132.49:9618?addrs=188.184.132.49-9618+[2001-1458-301-a0--100-2b]-9618&noUDP&sock=29897_e419_15925>
...
040 (322899.001.000) 05/10 15:38:11 Finished transferring input files
...
001 (322899.001.000) 05/10 15:38:12 Job executing on host: <188.184.132.49:9618?addrs=188.184.132.49-9618+[2001-1458-301-a0--100-2b]-9618&noUDP&sock=2448_b3ee_10>
...
006 (322899.001.000) 05/10 15:38:22 Image size of job updated: 235108
	185  -  MemoryUsage of job (MB)
	189228  -  ResidentSetSize of job (KB)
...
006 (322899.001.000) 05/10 15:43:22 Image size of job updated: 454208
	397  -  MemoryUsage of job (MB)
	405768  -  ResidentSetSize of job (KB)
...
006 (322899.001.000) 05/10 15:48:22 Image size of job updated: 541132
	482  -  MemoryUsage of job (MB)
	492692  -  ResidentSetSize of job (KB)
...
040 (322899.001.000) 05/10 15:49:29 Started transferring output files
...
040 (322899.001.000) 05/10 15:49:30 Finished transferring output files
...
005 (322899.001.000) 05/10 15:49:30 Job terminated.
	(1) Normal termination (return value 1)
		Usr 0 00:09:26, Sys 0 00:00:51  -  Run Remote Usage
		Usr 0 00:00:00, Sys 0 00:00:00  -  Run Local Usage
		Usr 0 00:09:26, Sys 0 00:00:51  -  Total Remote Usage
		Usr 0 00:00:00, Sys 0 00:00:00  -  Total Local Usage
	9471  -  Run Bytes Sent By Job
	10941  -  Run Bytes Received By Job
	9471  -  Total Bytes Sent By Job
	10941  -  Total Bytes Received By Job
	Partitionable Resources :    Usage  Request Allocated 
	   Cpus                 :     0.86        1         1 
	   Disk (KB)            :    80           1    214859 
	   Memory (MB)          :   482        2000      2000 
...
