000 (322899.043.000) 05/10 15:24:59 Job submitted from host: <188.184.95.166:9618?addrs=188.184.95.166-9618+[2001-1458-201-e4--100-7a0]-9618&alias=tbird02.cern.ch&noUDP&sock=schedd_2138722_faad_3>
...
040 (322899.043.000) 05/10 15:38:28 Started transferring input files
	Transferring to host: <188.184.132.7:9618?addrs=188.184.132.7-9618+[2001-1458-301-a0--100-19]-9618&noUDP&sock=2852_3ded_126288>
...
040 (322899.043.000) 05/10 15:38:28 Finished transferring input files
...
001 (322899.043.000) 05/10 15:38:29 Job executing on host: <188.184.132.7:9618?addrs=188.184.132.7-9618+[2001-1458-301-a0--100-19]-9618&noUDP&sock=2359_a800_3>
...
006 (322899.043.000) 05/10 15:38:37 Image size of job updated: 116184
	58  -  MemoryUsage of job (MB)
	59312  -  ResidentSetSize of job (KB)
...
006 (322899.043.000) 05/10 15:43:37 Image size of job updated: 508812
	484  -  MemoryUsage of job (MB)
	495136  -  ResidentSetSize of job (KB)
...
006 (322899.043.000) 05/10 15:45:00 Image size of job updated: 508812
	484  -  MemoryUsage of job (MB)
	495156  -  ResidentSetSize of job (KB)
...
040 (322899.043.000) 05/10 15:45:00 Started transferring output files
...
040 (322899.043.000) 05/10 15:45:00 Finished transferring output files
...
005 (322899.043.000) 05/10 15:45:00 Job terminated.
	(1) Normal termination (return value 1)
		Usr 0 00:05:23, Sys 0 00:00:34  -  Run Remote Usage
		Usr 0 00:00:00, Sys 0 00:00:00  -  Run Local Usage
		Usr 0 00:05:23, Sys 0 00:00:34  -  Total Remote Usage
		Usr 0 00:00:00, Sys 0 00:00:00  -  Total Local Usage
	9479  -  Run Bytes Sent By Job
	10941  -  Run Bytes Received By Job
	9479  -  Total Bytes Sent By Job
	10941  -  Total Bytes Received By Job
	Partitionable Resources :    Usage  Request Allocated 
	   Cpus                 :                 1           
	   Disk (KB)            :       72        1   2195797 
	   Memory (MB)          :      484     2000      2000 
...
