000 (322890.045.000) 05/10 15:24:50 Job submitted from host: <188.184.95.166:9618?addrs=188.184.95.166-9618+[2001-1458-201-e4--100-7a0]-9618&alias=tbird02.cern.ch&noUDP&sock=schedd_2138722_faad_3>
...
040 (322890.045.000) 05/10 15:32:15 Started transferring input files
	Transferring to host: <188.184.207.250:9618?addrs=188.184.207.250-9618+[2001-1458-301-7d--100-3b6]-9618&noUDP&sock=3750_f6d2_126049>
...
040 (322890.045.000) 05/10 15:32:15 Finished transferring input files
...
001 (322890.045.000) 05/10 15:32:16 Job executing on host: <188.184.207.250:9618?addrs=188.184.207.250-9618+[2001-1458-301-7d--100-3b6]-9618&noUDP&sock=2324_a630_3>
...
006 (322890.045.000) 05/10 15:32:25 Image size of job updated: 310168
	222  -  MemoryUsage of job (MB)
	227200  -  ResidentSetSize of job (KB)
...
006 (322890.045.000) 05/10 15:37:26 Image size of job updated: 492732
	479  -  MemoryUsage of job (MB)
	490496  -  ResidentSetSize of job (KB)
...
040 (322890.045.000) 05/10 15:38:05 Started transferring output files
...
040 (322890.045.000) 05/10 15:38:05 Finished transferring output files
...
005 (322890.045.000) 05/10 15:38:05 Job terminated.
	(1) Normal termination (return value 1)
		Usr 0 00:05:09, Sys 0 00:00:33  -  Run Remote Usage
		Usr 0 00:00:00, Sys 0 00:00:00  -  Run Local Usage
		Usr 0 00:05:09, Sys 0 00:00:33  -  Total Remote Usage
		Usr 0 00:00:00, Sys 0 00:00:00  -  Total Local Usage
	9479  -  Run Bytes Sent By Job
	10941  -  Run Bytes Received By Job
	9479  -  Total Bytes Sent By Job
	10941  -  Total Bytes Received By Job
	Partitionable Resources :    Usage  Request Allocated 
	   Cpus                 :                 1           
	   Disk (KB)            :       72        1   2123342 
	   Memory (MB)          :      479     2000      2000 
...
