000 (322895.026.000) 05/10 15:24:55 Job submitted from host: <188.184.95.166:9618?addrs=188.184.95.166-9618+[2001-1458-201-e4--100-7a0]-9618&alias=tbird02.cern.ch&noUDP&sock=schedd_2138722_faad_3>
...
040 (322895.026.000) 05/10 15:36:19 Started transferring input files
	Transferring to host: <128.142.33.178:9618?addrs=128.142.33.178-9618+[2001-1458-301-117--100-65]-9618&noUDP&sock=12998_044a_103625>
...
040 (322895.026.000) 05/10 15:36:19 Finished transferring input files
...
001 (322895.026.000) 05/10 15:36:20 Job executing on host: <128.142.33.178:9618?addrs=128.142.33.178-9618+[2001-1458-301-117--100-65]-9618&noUDP&sock=12790_7463_3>
...
006 (322895.026.000) 05/10 15:36:28 Image size of job updated: 167404
	102  -  MemoryUsage of job (MB)
	104268  -  ResidentSetSize of job (KB)
...
006 (322895.026.000) 05/10 15:41:28 Image size of job updated: 491856
	480  -  MemoryUsage of job (MB)
	490716  -  ResidentSetSize of job (KB)
...
040 (322895.026.000) 05/10 15:42:26 Started transferring output files
...
040 (322895.026.000) 05/10 15:42:26 Finished transferring output files
...
005 (322895.026.000) 05/10 15:42:26 Job terminated.
	(1) Normal termination (return value 1)
		Usr 0 00:05:17, Sys 0 00:00:31  -  Run Remote Usage
		Usr 0 00:00:00, Sys 0 00:00:00  -  Run Local Usage
		Usr 0 00:05:17, Sys 0 00:00:31  -  Total Remote Usage
		Usr 0 00:00:00, Sys 0 00:00:00  -  Total Local Usage
	9477  -  Run Bytes Sent By Job
	10941  -  Run Bytes Received By Job
	9477  -  Total Bytes Sent By Job
	10941  -  Total Bytes Received By Job
	Partitionable Resources :    Usage  Request Allocated 
	   Cpus                 :                 1           
	   Disk (KB)            :       72        1   2144256 
	   Memory (MB)          :      480     2000      2000 
...
