000 (322897.003.000) 05/10 15:24:57 Job submitted from host: <188.184.95.166:9618?addrs=188.184.95.166-9618+[2001-1458-201-e4--100-7a0]-9618&alias=tbird02.cern.ch&noUDP&sock=schedd_2138722_faad_3>
...
040 (322897.003.000) 05/10 15:37:12 Started transferring input files
	Transferring to host: <137.138.51.199:9618?addrs=137.138.51.199-9618+[--1]-9618&noUDP&sock=2524_22e0_1493>
...
040 (322897.003.000) 05/10 15:37:12 Finished transferring input files
...
001 (322897.003.000) 05/10 15:37:13 Job executing on host: <137.138.51.199:9618?addrs=137.138.51.199-9618+[--1]-9618&noUDP&sock=1480_bc41_3>
...
006 (322897.003.000) 05/10 15:37:22 Image size of job updated: 117516
	58  -  MemoryUsage of job (MB)
	59316  -  ResidentSetSize of job (KB)
...
006 (322897.003.000) 05/10 15:42:23 Image size of job updated: 573272
	479  -  MemoryUsage of job (MB)
	490312  -  ResidentSetSize of job (KB)
...
040 (322897.003.000) 05/10 15:43:34 Started transferring output files
...
040 (322897.003.000) 05/10 15:43:34 Finished transferring output files
...
005 (322897.003.000) 05/10 15:43:34 Job terminated.
	(1) Normal termination (return value 1)
		Usr 0 00:04:54, Sys 0 00:00:40  -  Run Remote Usage
		Usr 0 00:00:00, Sys 0 00:00:00  -  Run Local Usage
		Usr 0 00:04:54, Sys 0 00:00:40  -  Total Remote Usage
		Usr 0 00:00:00, Sys 0 00:00:00  -  Total Local Usage
	14780  -  Run Bytes Sent By Job
	10941  -  Run Bytes Received By Job
	14780  -  Total Bytes Sent By Job
	10941  -  Total Bytes Received By Job
	Partitionable Resources :    Usage  Request Allocated 
	   Cpus                 :                 1           
	   Disk (KB)            :       75        1   2216303 
	   Memory (MB)          :      479     2000      2000 
...
