000 (322887.027.000) 05/10 15:24:47 Job submitted from host: <188.184.95.166:9618?addrs=188.184.95.166-9618+[2001-1458-201-e4--100-7a0]-9618&alias=tbird02.cern.ch&noUDP&sock=schedd_2138722_faad_3>
...
040 (322887.027.000) 05/10 15:28:41 Started transferring input files
	Transferring to host: <128.142.240.70:9618?addrs=128.142.240.70-9618+[2001-1458-301-f9--100-4a]-9618&noUDP&sock=4183_0d43_125884>
...
040 (322887.027.000) 05/10 15:28:41 Finished transferring input files
...
001 (322887.027.000) 05/10 15:28:42 Job executing on host: <128.142.240.70:9618?addrs=128.142.240.70-9618+[2001-1458-301-f9--100-4a]-9618&noUDP&sock=2395_5969_3>
...
006 (322887.027.000) 05/10 15:28:51 Image size of job updated: 303444
	216  -  MemoryUsage of job (MB)
	221008  -  ResidentSetSize of job (KB)
...
006 (322887.027.000) 05/10 15:33:52 Image size of job updated: 492356
	479  -  MemoryUsage of job (MB)
	490052  -  ResidentSetSize of job (KB)
...
040 (322887.027.000) 05/10 15:34:54 Started transferring output files
...
040 (322887.027.000) 05/10 15:34:54 Finished transferring output files
...
005 (322887.027.000) 05/10 15:34:54 Job terminated.
	(1) Normal termination (return value 1)
		Usr 0 00:05:21, Sys 0 00:00:34  -  Run Remote Usage
		Usr 0 00:00:00, Sys 0 00:00:00  -  Run Local Usage
		Usr 0 00:05:21, Sys 0 00:00:34  -  Total Remote Usage
		Usr 0 00:00:00, Sys 0 00:00:00  -  Total Local Usage
	9477  -  Run Bytes Sent By Job
	10941  -  Run Bytes Received By Job
	9477  -  Total Bytes Sent By Job
	10941  -  Total Bytes Received By Job
	Partitionable Resources :    Usage  Request Allocated 
	   Cpus                 :                 1           
	   Disk (KB)            :       72        1   2114053 
	   Memory (MB)          :      479     2000      2000 
...
