   SingleMuon_Run2016F_part3   DATA  49 chunks


I have 1 taks to process
I'm using the following list of modules DEFAULT_MODULES
this is jobs [('SingleMuon_Run2016F_part3', 'MY_EOS_SPACE/heppyNtuples/TREES_SingleMuon2016BCDEF_94X/SingleMuon_Run2016F_part3/treeProducerWMass/tree.root', 18920245.0, '_Friend_SingleMuon_Run2016F_part3.chunk26', True, xrange(6500000, 6750000), 26)]
Modules to run:  []   name =  puWeight
Loading puWeight from CMGTools.WMass.postprocessing.examples.puWeightProducer 
Running on dataset =  SingleMuon_Run2016F_part3
TFile: name=/afs/cern.ch/work/m/mciprian/w_mass_analysis/heppy/rel_slc7/CMSSW_9_4_12/src/CMGTools/WMass/python/postprocessing/data/pileup/pileup_profile_Summer16.root, title=, option=READ
TFile: name=/afs/cern.ch/work/m/mciprian/w_mass_analysis/heppy/rel_slc7/CMSSW_9_4_12/src/CMGTools/WMass/python/postprocessing/data/pileup/PileupData_GoldenJSON_Full2016.root, title=, option=READ
Load C++ Worker
Modules to run:  []   name =  puWeight2016BF
Loading puWeight2016BF from CMGTools.WMass.postprocessing.examples.puWeightProducer 
Running on dataset =  SingleMuon_Run2016F_part3
TFile: name=/afs/cern.ch/work/m/mciprian/w_mass_analysis/heppy/rel_slc7/CMSSW_9_4_12/src/CMGTools/WMass/python/postprocessing/data/pileup/pileup_profile_Summer16.root, title=, option=READ
TFile: name=/afs/cern.ch/work/m/mciprian/w_mass_analysis/heppy/rel_slc7/CMSSW_9_4_12/src/CMGTools/WMass/python/postprocessing/data/pileup/PileupData_GoldenJSON_2016BF.root, title=, option=READ
Modules to run:  []   name =  lepQCDAwayJetAll
Loading lepQCDAwayJetAll from CMGTools.WMass.postprocessing.examples.lepVarProducer 
Running on dataset =  SingleMuon_Run2016F_part3
Modules to run:  []   name =  muCalibratedWithStatVar
Loading muCalibratedWithStatVar from CMGTools.WMass.postprocessing.examples.lepVarProducer 
Running on dataset =  SingleMuon_Run2016F_part3
did not find EnergyScaleCorrection shared object, rebuilding
trying to load all the rochester correction libraries
did not find legacy data roccor. rebuilding...
done building legacy data roccor.
Modules to run:  []   name =  jetAllReCleaner
Loading jetAllReCleaner from CMGTools.WMass.postprocessing.examples.jetReCleaner 
Running on dataset =  SingleMuon_Run2016F_part3
Load C++ Worker
Modules to run:  []   name =  jetReCleaner
Loading jetReCleaner from CMGTools.WMass.postprocessing.examples.jetReCleaner 
Running on dataset =  SingleMuon_Run2016F_part3
Load C++ Worker
Modules to run:  []   name =  genQEDJets
Loading genQEDJets from CMGTools.WMass.postprocessing.examples.genFriendProducer 
Running on dataset =  SingleMuon_Run2016F_part3
Will write selected trees to MY_EOS_SPACE/heppyNtuples/TREES_SingleMuon2016BCDEF_94X/friends/
Normalization of pu_mc: 0.999973
Normalization of pileup: 3.65129e+10
Weights for variable pu_mc with a number of bins equal to 76:
1 1 1 1 1 1 1 1 1 1 1.616 1.923 1.917 1.762 1.611 1.554 1.506 1.414 1.317 1.241 1.169 1.109 1.071 1.04 1.019 1.001 0.9873 0.9825 0.9828 0.9811 0.9811 0.9792 0.9531 0.9274 0.8773 0.8171 0.7432 0.6594 0.5661 0.4725 0.3811 0.2987 0.2215 0.1581 0 0 0 0 0 0 0 0 0 0 0 1 1 1 1 1 1 1 1 1 1 1 1 1 1 1 1 1 1 1 1 1 .
Final weights: 
1 1 1 1 1 1 1 1 1 1 1.616 1.923 1.917 1.762 1.611 1.554 1.506 1.414 1.317 1.241 1.169 1.109 1.071 1.04 1.019 1.001 0.9873 0.9825 0.9828 0.9811 0.9811 0.9792 0.9531 0.9274 0.8773 0.8171 0.7432 0.6594 0.5661 0.4725 0.3811 0.2987 0.2215 0.1581 0 0 0 0 0 0 0 0 0 0 0 1 1 1 1 1 1 1 1 1 1 1 1 1 1 1 1 1 1 1 1 1 .
Normalization of pu_mc: 1
Normalization of pileup: 2.014e+10
Weights for variable pu_mc with a number of bins equal to 76:
1 1 1 1 1 1 1 1 1 1 2.784 3.074 2.661 2.24 1.976 1.881 1.801 1.669 1.544 1.453 1.364 1.27 1.186 1.113 1.061 1.016 0.9702 0.9245 0.8754 0.8192 0.7629 0.7065 0.6366 0.5722 0.4984 0.4252 0.3515 0.2804 0.2137 0.1564 0.1092 0 0 0 0 0 0 0 0 0 0 0 0 0 0 1 1 1 1 1 1 1 1 1 1 1 1 1 1 1 1 1 1 1 1 1 .
For maximum weight 3.074: integral relative change: 0
Final weights: 
1 1 1 1 1 1 1 1 1 1 2.784 3.074 2.661 2.24 1.976 1.881 1.801 1.669 1.544 1.453 1.364 1.27 1.186 1.113 1.061 1.016 0.9702 0.9245 0.8754 0.8192 0.7629 0.7065 0.6366 0.5722 0.4984 0.4252 0.3515 0.2804 0.2137 0.1564 0.1092 0 0 0 0 0 0 0 0 0 0 0 0 0 0 1 1 1 1 1 1 1 1 1 1 1 1 1 1 1 1 1 1 1 1 1 .
begin job of lepCalProducer
initializing all the rochester correction objects
initializing the egamma calibrator
Processed  6500000/12238304 entries (elapsed time     0.2s, curr speed   47.619 kHz, avg speed 30952.381 kHz), accepted        1/       1 events (100.00%)
Processed  6510000/12238304 entries (elapsed time    13.2s, curr speed    0.767 kHz, avg speed  491.321 kHz), accepted    10001/   10001 events (100.00%)
Processed  6520000/12238304 entries (elapsed time    27.0s, curr speed    0.727 kHz, avg speed  241.481 kHz), accepted    20001/   20001 events (100.00%)
Processed  6530000/12238304 entries (elapsed time    40.8s, curr speed    0.726 kHz, avg speed  160.128 kHz), accepted    30001/   30001 events (100.00%)
Processed  6540000/12238304 entries (elapsed time    54.6s, curr speed    0.725 kHz, avg speed  119.824 kHz), accepted    40001/   40001 events (100.00%)
Processed  6550000/12238304 entries (elapsed time    68.1s, curr speed    0.742 kHz, avg speed   96.239 kHz), accepted    50001/   50001 events (100.00%)
Processed  6560000/12238304 entries (elapsed time    81.7s, curr speed    0.735 kHz, avg speed   80.323 kHz), accepted    60001/   60001 events (100.00%)
Processed  6570000/12238304 entries (elapsed time    94.5s, curr speed    0.778 kHz, avg speed   69.502 kHz), accepted    70001/   70001 events (100.00%)
Processed  6580000/12238304 entries (elapsed time   106.0s, curr speed    0.873 kHz, avg speed   62.081 kHz), accepted    80001/   80001 events (100.00%)
Processed  6590000/12238304 entries (elapsed time   117.7s, curr speed    0.851 kHz, avg speed   55.971 kHz), accepted    90001/   90001 events (100.00%)
Processed  6600000/12238304 entries (elapsed time   129.2s, curr speed    0.876 kHz, avg speed   51.099 kHz), accepted   100001/  100001 events (100.00%)
Processed  6610000/12238304 entries (elapsed time   140.5s, curr speed    0.881 kHz, avg speed   47.043 kHz), accepted   110001/  110001 events (100.00%)
Processed  6620000/12238304 entries (elapsed time   152.0s, curr speed    0.868 kHz, avg speed   43.544 kHz), accepted   120001/  120001 events (100.00%)
Processed  6630000/12238304 entries (elapsed time   179.9s, curr speed    0.359 kHz, avg speed   36.854 kHz), accepted   130001/  130001 events (100.00%)
Processed  6640000/12238304 entries (elapsed time   191.9s, curr speed    0.830 kHz, avg speed   34.592 kHz), accepted   140001/  140001 events (100.00%)
Processed  6650000/12238304 entries (elapsed time   203.9s, curr speed    0.833 kHz, avg speed   32.606 kHz), accepted   150001/  150001 events (100.00%)
Processed  6660000/12238304 entries (elapsed time   216.2s, curr speed    0.815 kHz, avg speed   30.802 kHz), accepted   160001/  160001 events (100.00%)
Processed  6670000/12238304 entries (elapsed time   228.1s, curr speed    0.840 kHz, avg speed   29.239 kHz), accepted   170001/  170001 events (100.00%)
Processed  6680000/12238304 entries (elapsed time   240.0s, curr speed    0.840 kHz, avg speed   27.830 kHz), accepted   180001/  180001 events (100.00%)
Processed  6690000/12238304 entries (elapsed time   251.6s, curr speed    0.862 kHz, avg speed   26.587 kHz), accepted   190001/  190001 events (100.00%)
Processed  6700000/12238304 entries (elapsed time   278.6s, curr speed    0.371 kHz, avg speed   24.049 kHz), accepted   200001/  200001 events (100.00%)
Processed  6710000/12238304 entries (elapsed time   290.5s, curr speed    0.840 kHz, avg speed   23.097 kHz), accepted   210001/  210001 events (100.00%)
Processed  6720000/12238304 entries (elapsed time   302.4s, curr speed    0.840 kHz, avg speed   22.221 kHz), accepted   220001/  220001 events (100.00%)
Processed  6730000/12238304 entries (elapsed time   314.0s, curr speed    0.860 kHz, avg speed   21.430 kHz), accepted   230001/  230001 events (100.00%)
Processed  6740000/12238304 entries (elapsed time   325.8s, curr speed    0.848 kHz, avg speed   20.686 kHz), accepted   240001/  240001 events (100.00%)
Processed 250000 entries from MY_EOS_SPACE/heppyNtuples/TREES_SingleMuon2016BCDEF_94X/SingleMuon_Run2016F_part3/treeProducerWMass/tree.root, selected 250000 entries
Done MY_EOS_SPACE/heppyNtuples/TREES_SingleMuon2016BCDEF_94X/friends/tree_Friend_SingleMuon_Run2016F_part3.chunk26.root
