000 (322882.051.000) 05/10 15:24:43 Job submitted from host: <188.184.95.166:9618?addrs=188.184.95.166-9618+[2001-1458-201-e4--100-7a0]-9618&alias=tbird02.cern.ch&noUDP&sock=schedd_2138722_faad_3>
...
040 (322882.051.000) 05/10 15:26:13 Started transferring input files
	Transferring to host: <188.184.132.43:9618?addrs=188.184.132.43-9618+[2001-1458-301-a0--100-28]-9618&noUDP&sock=31439_5e98_19090>
...
040 (322882.051.000) 05/10 15:26:13 Finished transferring input files
...
001 (322882.051.000) 05/10 15:26:14 Job executing on host: <188.184.132.43:9618?addrs=188.184.132.43-9618+[2001-1458-301-a0--100-28]-9618&noUDP&sock=2335_31ba_3>
...
006 (322882.051.000) 05/10 15:26:24 Image size of job updated: 234688
	224  -  MemoryUsage of job (MB)
	228432  -  ResidentSetSize of job (KB)
...
006 (322882.051.000) 05/10 15:31:24 Image size of job updated: 497416
	480  -  MemoryUsage of job (MB)
	491136  -  ResidentSetSize of job (KB)
...
006 (322882.051.000) 05/10 15:33:55 Image size of job updated: 902136
	480  -  MemoryUsage of job (MB)
	491136  -  ResidentSetSize of job (KB)
...
040 (322882.051.000) 05/10 15:33:55 Started transferring output files
...
040 (322882.051.000) 05/10 15:33:55 Finished transferring output files
...
005 (322882.051.000) 05/10 15:33:55 Job terminated.
	(1) Normal termination (return value 1)
		Usr 0 00:06:43, Sys 0 00:00:39  -  Run Remote Usage
		Usr 0 00:00:00, Sys 0 00:00:00  -  Run Local Usage
		Usr 0 00:06:43, Sys 0 00:00:39  -  Total Remote Usage
		Usr 0 00:00:00, Sys 0 00:00:00  -  Total Local Usage
	9479  -  Run Bytes Sent By Job
	10941  -  Run Bytes Received By Job
	9479  -  Total Bytes Sent By Job
	10941  -  Total Bytes Received By Job
	Partitionable Resources :    Usage  Request Allocated 
	   Cpus                 :     1.00        1         1 
	   Disk (KB)            :    79           1    214923 
	   Memory (MB)          :   480        2000      2000 
...
