000 (322884.019.000) 05/10 15:24:45 Job submitted from host: <188.184.95.166:9618?addrs=188.184.95.166-9618+[2001-1458-201-e4--100-7a0]-9618&alias=tbird02.cern.ch&noUDP&sock=schedd_2138722_faad_3>
...
040 (322884.019.000) 05/10 15:26:47 Started transferring input files
	Transferring to host: <188.184.132.23:9618?addrs=188.184.132.23-9618+[2001-1458-301-a0--100-a]-9618&noUDP&sock=29738_dc72_18899>
...
040 (322884.019.000) 05/10 15:26:47 Finished transferring input files
...
001 (322884.019.000) 05/10 15:26:48 Job executing on host: <188.184.132.23:9618?addrs=188.184.132.23-9618+[2001-1458-301-a0--100-a]-9618&noUDP&sock=2412_0285_3>
...
006 (322884.019.000) 05/10 15:26:57 Image size of job updated: 242392
	207  -  MemoryUsage of job (MB)
	210996  -  ResidentSetSize of job (KB)
...
006 (322884.019.000) 05/10 15:31:57 Image size of job updated: 517872
	475  -  MemoryUsage of job (MB)
	486312  -  ResidentSetSize of job (KB)
...
006 (322884.019.000) 05/10 15:35:20 Image size of job updated: 905752
	475  -  MemoryUsage of job (MB)
	486312  -  ResidentSetSize of job (KB)
...
040 (322884.019.000) 05/10 15:35:20 Started transferring output files
...
040 (322884.019.000) 05/10 15:35:20 Finished transferring output files
...
005 (322884.019.000) 05/10 15:35:20 Job terminated.
	(1) Normal termination (return value 1)
		Usr 0 00:07:29, Sys 0 00:00:43  -  Run Remote Usage
		Usr 0 00:00:00, Sys 0 00:00:00  -  Run Local Usage
		Usr 0 00:07:29, Sys 0 00:00:43  -  Total Remote Usage
		Usr 0 00:00:00, Sys 0 00:00:00  -  Total Local Usage
	9477  -  Run Bytes Sent By Job
	10941  -  Run Bytes Received By Job
	9477  -  Total Bytes Sent By Job
	10941  -  Total Bytes Received By Job
	Partitionable Resources :    Usage  Request Allocated 
	   Cpus                 :        0        1         1 
	   Disk (KB)            :       79        1    217058 
	   Memory (MB)          :      475     2000      2000 
...
