   SingleMuon_Run2016B_part6   DATA  22 chunks


I have 1 taks to process
I'm using the following list of modules DEFAULT_MODULES
this is jobs [('SingleMuon_Run2016B_part6', 'MY_EOS_SPACE/heppyNtuples/TREES_SingleMuon2016BCDEF_94X/SingleMuon_Run2016B_part6/treeProducerWMass/tree.root', 10362819.0, '_Friend_SingleMuon_Run2016B_part6.chunk5', True, xrange(1250000, 1500000), 5)]
Modules to run:  []   name =  puWeight
Loading puWeight from CMGTools.WMass.postprocessing.examples.puWeightProducer 
Running on dataset =  SingleMuon_Run2016B_part6
TFile: name=/afs/cern.ch/work/m/mciprian/w_mass_analysis/heppy/rel_slc7/CMSSW_9_4_12/src/CMGTools/WMass/python/postprocessing/data/pileup/pileup_profile_Summer16.root, title=, option=READ
TFile: name=/afs/cern.ch/work/m/mciprian/w_mass_analysis/heppy/rel_slc7/CMSSW_9_4_12/src/CMGTools/WMass/python/postprocessing/data/pileup/PileupData_GoldenJSON_Full2016.root, title=, option=READ
Load C++ Worker
Modules to run:  []   name =  puWeight2016BF
Loading puWeight2016BF from CMGTools.WMass.postprocessing.examples.puWeightProducer 
Running on dataset =  SingleMuon_Run2016B_part6
TFile: name=/afs/cern.ch/work/m/mciprian/w_mass_analysis/heppy/rel_slc7/CMSSW_9_4_12/src/CMGTools/WMass/python/postprocessing/data/pileup/pileup_profile_Summer16.root, title=, option=READ
TFile: name=/afs/cern.ch/work/m/mciprian/w_mass_analysis/heppy/rel_slc7/CMSSW_9_4_12/src/CMGTools/WMass/python/postprocessing/data/pileup/PileupData_GoldenJSON_2016BF.root, title=, option=READ
Modules to run:  []   name =  lepQCDAwayJetAll
Loading lepQCDAwayJetAll from CMGTools.WMass.postprocessing.examples.lepVarProducer 
Running on dataset =  SingleMuon_Run2016B_part6
Modules to run:  []   name =  muCalibratedWithStatVar
Loading muCalibratedWithStatVar from CMGTools.WMass.postprocessing.examples.lepVarProducer 
Running on dataset =  SingleMuon_Run2016B_part6
did not find EnergyScaleCorrection shared object, rebuilding
trying to load all the rochester correction libraries
did not find legacy data roccor. rebuilding...
done building legacy data roccor.
Modules to run:  []   name =  jetAllReCleaner
Loading jetAllReCleaner from CMGTools.WMass.postprocessing.examples.jetReCleaner 
Running on dataset =  SingleMuon_Run2016B_part6
Load C++ Worker
Modules to run:  []   name =  jetReCleaner
Loading jetReCleaner from CMGTools.WMass.postprocessing.examples.jetReCleaner 
Running on dataset =  SingleMuon_Run2016B_part6
Load C++ Worker
Modules to run:  []   name =  genQEDJets
Loading genQEDJets from CMGTools.WMass.postprocessing.examples.genFriendProducer 
Running on dataset =  SingleMuon_Run2016B_part6
Will write selected trees to MY_EOS_SPACE/heppyNtuples/TREES_SingleMuon2016BCDEF_94X/friends/
Normalization of pu_mc: 0.999973
Normalization of pileup: 3.65129e+10
Weights for variable pu_mc with a number of bins equal to 76:
1 1 1 1 1 1 1 1 1 1 1.616 1.923 1.917 1.762 1.611 1.554 1.506 1.414 1.317 1.241 1.169 1.109 1.071 1.04 1.019 1.001 0.9873 0.9825 0.9828 0.9811 0.9811 0.9792 0.9531 0.9274 0.8773 0.8171 0.7432 0.6594 0.5661 0.4725 0.3811 0.2987 0.2215 0.1581 0 0 0 0 0 0 0 0 0 0 0 1 1 1 1 1 1 1 1 1 1 1 1 1 1 1 1 1 1 1 1 1 .
Final weights: 
1 1 1 1 1 1 1 1 1 1 1.616 1.923 1.917 1.762 1.611 1.554 1.506 1.414 1.317 1.241 1.169 1.109 1.071 1.04 1.019 1.001 0.9873 0.9825 0.9828 0.9811 0.9811 0.9792 0.9531 0.9274 0.8773 0.8171 0.7432 0.6594 0.5661 0.4725 0.3811 0.2987 0.2215 0.1581 0 0 0 0 0 0 0 0 0 0 0 1 1 1 1 1 1 1 1 1 1 1 1 1 1 1 1 1 1 1 1 1 .
Normalization of pu_mc: 1
Normalization of pileup: 2.014e+10
Weights for variable pu_mc with a number of bins equal to 76:
1 1 1 1 1 1 1 1 1 1 2.784 3.074 2.661 2.24 1.976 1.881 1.801 1.669 1.544 1.453 1.364 1.27 1.186 1.113 1.061 1.016 0.9702 0.9245 0.8754 0.8192 0.7629 0.7065 0.6366 0.5722 0.4984 0.4252 0.3515 0.2804 0.2137 0.1564 0.1092 0 0 0 0 0 0 0 0 0 0 0 0 0 0 1 1 1 1 1 1 1 1 1 1 1 1 1 1 1 1 1 1 1 1 1 .
For maximum weight 3.074: integral relative change: 0
Final weights: 
1 1 1 1 1 1 1 1 1 1 2.784 3.074 2.661 2.24 1.976 1.881 1.801 1.669 1.544 1.453 1.364 1.27 1.186 1.113 1.061 1.016 0.9702 0.9245 0.8754 0.8192 0.7629 0.7065 0.6366 0.5722 0.4984 0.4252 0.3515 0.2804 0.2137 0.1564 0.1092 0 0 0 0 0 0 0 0 0 0 0 0 0 0 1 1 1 1 1 1 1 1 1 1 1 1 1 1 1 1 1 1 1 1 1 .
begin job of lepCalProducer
initializing all the rochester correction objects
initializing the egamma calibrator
Processed  1250000/ 5283363 entries (elapsed time     0.2s, curr speed   40.000 kHz, avg speed 5000.000 kHz), accepted        1/       1 events (100.00%)
Processed  1260000/ 5283363 entries (elapsed time    13.2s, curr speed    0.773 kHz, avg speed   95.599 kHz), accepted    10001/   10001 events (100.00%)
Processed  1270000/ 5283363 entries (elapsed time    26.1s, curr speed    0.775 kHz, avg speed   48.696 kHz), accepted    20001/   20001 events (100.00%)
Processed  1280000/ 5283363 entries (elapsed time    39.1s, curr speed    0.769 kHz, avg speed   32.745 kHz), accepted    30001/   30001 events (100.00%)
Processed  1290000/ 5283363 entries (elapsed time    52.1s, curr speed    0.771 kHz, avg speed   24.779 kHz), accepted    40001/   40001 events (100.00%)
Processed  1300000/ 5283363 entries (elapsed time    64.9s, curr speed    0.780 kHz, avg speed   20.037 kHz), accepted    50001/   50001 events (100.00%)
Processed  1310000/ 5283363 entries (elapsed time    78.2s, curr speed    0.752 kHz, avg speed   16.756 kHz), accepted    60001/   60001 events (100.00%)
Processed  1320000/ 5283363 entries (elapsed time    90.1s, curr speed    0.838 kHz, avg speed   14.649 kHz), accepted    70001/   70001 events (100.00%)
Processed  1330000/ 5283363 entries (elapsed time   100.9s, curr speed    0.931 kHz, avg speed   13.188 kHz), accepted    80001/   80001 events (100.00%)
Processed  1340000/ 5283363 entries (elapsed time   111.7s, curr speed    0.920 kHz, avg speed   11.994 kHz), accepted    90001/   90001 events (100.00%)
Processed  1350000/ 5283363 entries (elapsed time   123.6s, curr speed    0.845 kHz, avg speed   10.926 kHz), accepted   100001/  100001 events (100.00%)
Processed  1360000/ 5283363 entries (elapsed time   135.3s, curr speed    0.852 kHz, avg speed   10.052 kHz), accepted   110001/  110001 events (100.00%)
Processed  1370000/ 5283363 entries (elapsed time   146.7s, curr speed    0.880 kHz, avg speed    9.341 kHz), accepted   120001/  120001 events (100.00%)
Processed  1380000/ 5283363 entries (elapsed time   173.4s, curr speed    0.374 kHz, avg speed    7.958 kHz), accepted   130001/  130001 events (100.00%)
Processed  1390000/ 5283363 entries (elapsed time   184.7s, curr speed    0.887 kHz, avg speed    7.527 kHz), accepted   140001/  140001 events (100.00%)
Processed  1400000/ 5283363 entries (elapsed time   196.2s, curr speed    0.871 kHz, avg speed    7.137 kHz), accepted   150001/  150001 events (100.00%)
Processed  1410000/ 5283363 entries (elapsed time   207.3s, curr speed    0.898 kHz, avg speed    6.802 kHz), accepted   160001/  160001 events (100.00%)
Processed  1420000/ 5283363 entries (elapsed time   218.5s, curr speed    0.894 kHz, avg speed    6.500 kHz), accepted   170001/  170001 events (100.00%)
Processed  1430000/ 5283363 entries (elapsed time   229.7s, curr speed    0.893 kHz, avg speed    6.226 kHz), accepted   180001/  180001 events (100.00%)
Processed  1440000/ 5283363 entries (elapsed time   240.8s, curr speed    0.895 kHz, avg speed    5.979 kHz), accepted   190001/  190001 events (100.00%)
Processed  1450000/ 5283363 entries (elapsed time   267.4s, curr speed    0.376 kHz, avg speed    5.422 kHz), accepted   200001/  200001 events (100.00%)
Processed  1460000/ 5283363 entries (elapsed time   278.8s, curr speed    0.885 kHz, avg speed    5.238 kHz), accepted   210001/  210001 events (100.00%)
Processed  1470000/ 5283363 entries (elapsed time   290.4s, curr speed    0.857 kHz, avg speed    5.062 kHz), accepted   220001/  220001 events (100.00%)
Processed  1480000/ 5283363 entries (elapsed time   301.6s, curr speed    0.898 kHz, avg speed    4.908 kHz), accepted   230001/  230001 events (100.00%)
Processed  1490000/ 5283363 entries (elapsed time   312.8s, curr speed    0.890 kHz, avg speed    4.764 kHz), accepted   240001/  240001 events (100.00%)
Processed 250000 entries from MY_EOS_SPACE/heppyNtuples/TREES_SingleMuon2016BCDEF_94X/SingleMuon_Run2016B_part6/treeProducerWMass/tree.root, selected 250000 entries
Done MY_EOS_SPACE/heppyNtuples/TREES_SingleMuon2016BCDEF_94X/friends/tree_Friend_SingleMuon_Run2016B_part6.chunk5.root
