000 (322897.035.000) 05/10 15:24:57 Job submitted from host: <188.184.95.166:9618?addrs=188.184.95.166-9618+[2001-1458-201-e4--100-7a0]-9618&alias=tbird02.cern.ch&noUDP&sock=schedd_2138722_faad_3>
...
040 (322897.035.000) 05/10 15:37:41 Started transferring input files
	Transferring to host: <188.184.186.21:9618?addrs=188.184.186.21-9618+[2001-1458-301-f8--100-b]-9618&noUDP&sock=4200_07a4_127952>
...
040 (322897.035.000) 05/10 15:37:41 Finished transferring input files
...
001 (322897.035.000) 05/10 15:37:42 Job executing on host: <188.184.186.21:9618?addrs=188.184.186.21-9618+[2001-1458-301-f8--100-b]-9618&noUDP&sock=2352_dad7_3>
...
006 (322897.035.000) 05/10 15:37:50 Image size of job updated: 165512
	101  -  MemoryUsage of job (MB)
	102500  -  ResidentSetSize of job (KB)
...
006 (322897.035.000) 05/10 15:42:50 Image size of job updated: 493324
	480  -  MemoryUsage of job (MB)
	491056  -  ResidentSetSize of job (KB)
...
040 (322897.035.000) 05/10 15:44:24 Started transferring output files
...
040 (322897.035.000) 05/10 15:44:24 Finished transferring output files
...
005 (322897.035.000) 05/10 15:44:24 Job terminated.
	(1) Normal termination (return value 1)
		Usr 0 00:05:46, Sys 0 00:00:39  -  Run Remote Usage
		Usr 0 00:00:00, Sys 0 00:00:00  -  Run Local Usage
		Usr 0 00:05:46, Sys 0 00:00:39  -  Total Remote Usage
		Usr 0 00:00:00, Sys 0 00:00:00  -  Total Local Usage
	9477  -  Run Bytes Sent By Job
	10941  -  Run Bytes Received By Job
	9477  -  Total Bytes Sent By Job
	10941  -  Total Bytes Received By Job
	Partitionable Resources :    Usage  Request Allocated 
	   Cpus                 :                 1           
	   Disk (KB)            :       72        1   2152227 
	   Memory (MB)          :      480     2000      2000 
...
