000 (322883.026.000) 05/10 15:24:44 Job submitted from host: <188.184.95.166:9618?addrs=188.184.95.166-9618+[2001-1458-201-e4--100-7a0]-9618&alias=tbird02.cern.ch&noUDP&sock=schedd_2138722_faad_3>
...
040 (322883.026.000) 05/10 15:26:30 Started transferring input files
	Transferring to host: <188.184.186.19:9618?addrs=188.184.186.19-9618+[2001-1458-301-f8--100-8]-9618&noUDP&sock=2896_3e6f_125225>
...
040 (322883.026.000) 05/10 15:26:30 Finished transferring input files
...
001 (322883.026.000) 05/10 15:26:31 Job executing on host: <188.184.186.19:9618?addrs=188.184.186.19-9618+[2001-1458-301-f8--100-8]-9618&noUDP&sock=2401_76fb_3>
...
006 (322883.026.000) 05/10 15:26:39 Image size of job updated: 118852
	58  -  MemoryUsage of job (MB)
	59300  -  ResidentSetSize of job (KB)
...
006 (322883.026.000) 05/10 15:31:39 Image size of job updated: 574824
	478  -  MemoryUsage of job (MB)
	488752  -  ResidentSetSize of job (KB)
...
040 (322883.026.000) 05/10 15:32:45 Started transferring output files
...
040 (322883.026.000) 05/10 15:32:45 Finished transferring output files
...
005 (322883.026.000) 05/10 15:32:45 Job terminated.
	(1) Normal termination (return value 1)
		Usr 0 00:05:26, Sys 0 00:00:35  -  Run Remote Usage
		Usr 0 00:00:00, Sys 0 00:00:00  -  Run Local Usage
		Usr 0 00:05:26, Sys 0 00:00:35  -  Total Remote Usage
		Usr 0 00:00:00, Sys 0 00:00:00  -  Total Local Usage
	9477  -  Run Bytes Sent By Job
	10941  -  Run Bytes Received By Job
	9477  -  Total Bytes Sent By Job
	10941  -  Total Bytes Received By Job
	Partitionable Resources :    Usage  Request Allocated 
	   Cpus                 :                 1           
	   Disk (KB)            :       72        1   2221468 
	   Memory (MB)          :      478     2000      2000 
...
