000 (322890.049.000) 05/10 15:24:50 Job submitted from host: <188.184.95.166:9618?addrs=188.184.95.166-9618+[2001-1458-201-e4--100-7a0]-9618&alias=tbird02.cern.ch&noUDP&sock=schedd_2138722_faad_3>
...
040 (322890.049.000) 05/10 15:32:19 Started transferring input files
	Transferring to host: <128.142.33.141:9618?addrs=128.142.33.141-9618+[2001-1458-301-117--100-36b]-9618&noUDP&sock=13069_0aed_102965>
...
040 (322890.049.000) 05/10 15:32:19 Finished transferring input files
...
001 (322890.049.000) 05/10 15:32:20 Job executing on host: <128.142.33.141:9618?addrs=128.142.33.141-9618+[2001-1458-301-117--100-36b]-9618&noUDP&sock=12861_279d_3>
...
006 (322890.049.000) 05/10 15:32:28 Image size of job updated: 317144
	227  -  MemoryUsage of job (MB)
	231820  -  ResidentSetSize of job (KB)
...
006 (322890.049.000) 05/10 15:37:25 Image size of job updated: 905636
	227  -  MemoryUsage of job (MB)
	231820  -  ResidentSetSize of job (KB)
...
040 (322890.049.000) 05/10 15:37:25 Started transferring output files
...
040 (322890.049.000) 05/10 15:37:25 Finished transferring output files
...
005 (322890.049.000) 05/10 15:37:25 Job terminated.
	(1) Normal termination (return value 1)
		Usr 0 00:04:30, Sys 0 00:00:33  -  Run Remote Usage
		Usr 0 00:00:00, Sys 0 00:00:00  -  Run Local Usage
		Usr 0 00:04:30, Sys 0 00:00:33  -  Total Remote Usage
		Usr 0 00:00:00, Sys 0 00:00:00  -  Total Local Usage
	9479  -  Run Bytes Sent By Job
	10941  -  Run Bytes Received By Job
	9479  -  Total Bytes Sent By Job
	10941  -  Total Bytes Received By Job
	Partitionable Resources :    Usage  Request Allocated 
	   Cpus                 :                 1           
	   Disk (KB)            :       72        1   2163484 
	   Memory (MB)          :      227     2000      2000 
...
