000 (322890.041.000) 05/10 15:24:50 Job submitted from host: <188.184.95.166:9618?addrs=188.184.95.166-9618+[2001-1458-201-e4--100-7a0]-9618&alias=tbird02.cern.ch&noUDP&sock=schedd_2138722_faad_3>
...
040 (322890.041.000) 05/10 15:32:14 Started transferring input files
	Transferring to host: <128.142.224.182:9618?addrs=128.142.224.182-9618+[2001-1458-301-84--100-117]-9618&noUDP&sock=3806_6bd4_113466>
...
040 (322890.041.000) 05/10 15:32:14 Finished transferring input files
...
001 (322890.041.000) 05/10 15:32:15 Job executing on host: <128.142.224.182:9618?addrs=128.142.224.182-9618+[2001-1458-301-84--100-117]-9618&noUDP&sock=2333_d28a_3>
...
006 (322890.041.000) 05/10 15:32:24 Image size of job updated: 323876
	233  -  MemoryUsage of job (MB)
	238556  -  ResidentSetSize of job (KB)
...
006 (322890.041.000) 05/10 15:37:24 Image size of job updated: 494344
	482  -  MemoryUsage of job (MB)
	492944  -  ResidentSetSize of job (KB)
...
040 (322890.041.000) 05/10 15:37:49 Started transferring output files
...
040 (322890.041.000) 05/10 15:37:49 Finished transferring output files
...
005 (322890.041.000) 05/10 15:37:49 Job terminated.
	(1) Normal termination (return value 1)
		Usr 0 00:04:52, Sys 0 00:00:35  -  Run Remote Usage
		Usr 0 00:00:00, Sys 0 00:00:00  -  Run Local Usage
		Usr 0 00:04:52, Sys 0 00:00:35  -  Total Remote Usage
		Usr 0 00:00:00, Sys 0 00:00:00  -  Total Local Usage
	9479  -  Run Bytes Sent By Job
	10941  -  Run Bytes Received By Job
	9479  -  Total Bytes Sent By Job
	10941  -  Total Bytes Received By Job
	Partitionable Resources :    Usage  Request Allocated 
	   Cpus                 :                 1           
	   Disk (KB)            :       72        1   2200811 
	   Memory (MB)          :      482     2000      2000 
...
