   SingleMuon_Run2016C_part2   DATA  62 chunks


I have 1 taks to process
I'm using the following list of modules DEFAULT_MODULES
this is jobs [('SingleMuon_Run2016C_part2', 'MY_EOS_SPACE/heppyNtuples/TREES_SingleMuon2016BCDEF_94X/SingleMuon_Run2016C_part2/treeProducerWMass/tree.root', 28478661.0, '_Friend_SingleMuon_Run2016C_part2.chunk15', True, xrange(3750000, 4000000), 15)]
Modules to run:  []   name =  puWeight
Loading puWeight from CMGTools.WMass.postprocessing.examples.puWeightProducer 
Running on dataset =  SingleMuon_Run2016C_part2
TFile: name=/afs/cern.ch/work/m/mciprian/w_mass_analysis/heppy/rel_slc7/CMSSW_9_4_12/src/CMGTools/WMass/python/postprocessing/data/pileup/pileup_profile_Summer16.root, title=, option=READ
TFile: name=/afs/cern.ch/work/m/mciprian/w_mass_analysis/heppy/rel_slc7/CMSSW_9_4_12/src/CMGTools/WMass/python/postprocessing/data/pileup/PileupData_GoldenJSON_Full2016.root, title=, option=READ
Load C++ Worker
Modules to run:  []   name =  puWeight2016BF
Loading puWeight2016BF from CMGTools.WMass.postprocessing.examples.puWeightProducer 
Running on dataset =  SingleMuon_Run2016C_part2
TFile: name=/afs/cern.ch/work/m/mciprian/w_mass_analysis/heppy/rel_slc7/CMSSW_9_4_12/src/CMGTools/WMass/python/postprocessing/data/pileup/pileup_profile_Summer16.root, title=, option=READ
TFile: name=/afs/cern.ch/work/m/mciprian/w_mass_analysis/heppy/rel_slc7/CMSSW_9_4_12/src/CMGTools/WMass/python/postprocessing/data/pileup/PileupData_GoldenJSON_2016BF.root, title=, option=READ
Modules to run:  []   name =  lepQCDAwayJetAll
Loading lepQCDAwayJetAll from CMGTools.WMass.postprocessing.examples.lepVarProducer 
Running on dataset =  SingleMuon_Run2016C_part2
Modules to run:  []   name =  muCalibratedWithStatVar
Loading muCalibratedWithStatVar from CMGTools.WMass.postprocessing.examples.lepVarProducer 
Running on dataset =  SingleMuon_Run2016C_part2
did not find EnergyScaleCorrection shared object, rebuilding
trying to load all the rochester correction libraries
did not find legacy data roccor. rebuilding...
done building legacy data roccor.
Modules to run:  []   name =  jetAllReCleaner
Loading jetAllReCleaner from CMGTools.WMass.postprocessing.examples.jetReCleaner 
Running on dataset =  SingleMuon_Run2016C_part2
Load C++ Worker
Modules to run:  []   name =  jetReCleaner
Loading jetReCleaner from CMGTools.WMass.postprocessing.examples.jetReCleaner 
Running on dataset =  SingleMuon_Run2016C_part2
Load C++ Worker
Modules to run:  []   name =  genQEDJets
Loading genQEDJets from CMGTools.WMass.postprocessing.examples.genFriendProducer 
Running on dataset =  SingleMuon_Run2016C_part2
Will write selected trees to MY_EOS_SPACE/heppyNtuples/TREES_SingleMuon2016BCDEF_94X/friends/
Normalization of pu_mc: 0.999973
Normalization of pileup: 3.65129e+10
Weights for variable pu_mc with a number of bins equal to 76:
1 1 1 1 1 1 1 1 1 1 1.616 1.923 1.917 1.762 1.611 1.554 1.506 1.414 1.317 1.241 1.169 1.109 1.071 1.04 1.019 1.001 0.9873 0.9825 0.9828 0.9811 0.9811 0.9792 0.9531 0.9274 0.8773 0.8171 0.7432 0.6594 0.5661 0.4725 0.3811 0.2987 0.2215 0.1581 0 0 0 0 0 0 0 0 0 0 0 1 1 1 1 1 1 1 1 1 1 1 1 1 1 1 1 1 1 1 1 1 .
Final weights: 
1 1 1 1 1 1 1 1 1 1 1.616 1.923 1.917 1.762 1.611 1.554 1.506 1.414 1.317 1.241 1.169 1.109 1.071 1.04 1.019 1.001 0.9873 0.9825 0.9828 0.9811 0.9811 0.9792 0.9531 0.9274 0.8773 0.8171 0.7432 0.6594 0.5661 0.4725 0.3811 0.2987 0.2215 0.1581 0 0 0 0 0 0 0 0 0 0 0 1 1 1 1 1 1 1 1 1 1 1 1 1 1 1 1 1 1 1 1 1 .
Normalization of pu_mc: 1
Normalization of pileup: 2.014e+10
Weights for variable pu_mc with a number of bins equal to 76:
1 1 1 1 1 1 1 1 1 1 2.784 3.074 2.661 2.24 1.976 1.881 1.801 1.669 1.544 1.453 1.364 1.27 1.186 1.113 1.061 1.016 0.9702 0.9245 0.8754 0.8192 0.7629 0.7065 0.6366 0.5722 0.4984 0.4252 0.3515 0.2804 0.2137 0.1564 0.1092 0 0 0 0 0 0 0 0 0 0 0 0 0 0 1 1 1 1 1 1 1 1 1 1 1 1 1 1 1 1 1 1 1 1 1 .
For maximum weight 3.074: integral relative change: 0
Final weights: 
1 1 1 1 1 1 1 1 1 1 2.784 3.074 2.661 2.24 1.976 1.881 1.801 1.669 1.544 1.453 1.364 1.27 1.186 1.113 1.061 1.016 0.9702 0.9245 0.8754 0.8192 0.7629 0.7065 0.6366 0.5722 0.4984 0.4252 0.3515 0.2804 0.2137 0.1564 0.1092 0 0 0 0 0 0 0 0 0 0 0 0 0 0 1 1 1 1 1 1 1 1 1 1 1 1 1 1 1 1 1 1 1 1 1 .
begin job of lepCalProducer
initializing all the rochester correction objects
initializing the egamma calibrator
Processed  3750000/15371854 entries (elapsed time     0.2s, curr speed   43.478 kHz, avg speed 16304.348 kHz), accepted        1/       1 events (100.00%)
Processed  3760000/15371854 entries (elapsed time    12.7s, curr speed    0.803 kHz, avg speed  296.296 kHz), accepted    10001/   10001 events (100.00%)
Processed  3770000/15371854 entries (elapsed time    25.0s, curr speed    0.810 kHz, avg speed  150.619 kHz), accepted    20001/   20001 events (100.00%)
Processed  3780000/15371854 entries (elapsed time    37.7s, curr speed    0.787 kHz, avg speed  100.159 kHz), accepted    30001/   30001 events (100.00%)
Processed  3790000/15371854 entries (elapsed time    50.5s, curr speed    0.784 kHz, avg speed   75.064 kHz), accepted    40001/   40001 events (100.00%)
Processed  3800000/15371854 entries (elapsed time    62.9s, curr speed    0.805 kHz, avg speed   60.404 kHz), accepted    50001/   50001 events (100.00%)
Processed  3810000/15371854 entries (elapsed time    75.5s, curr speed    0.791 kHz, avg speed   50.430 kHz), accepted    60001/   60001 events (100.00%)
Processed  3820000/15371854 entries (elapsed time    87.0s, curr speed    0.874 kHz, avg speed   43.913 kHz), accepted    70001/   70001 events (100.00%)
Processed  3830000/15371854 entries (elapsed time    97.2s, curr speed    0.979 kHz, avg speed   39.403 kHz), accepted    80001/   80001 events (100.00%)
Processed  3840000/15371854 entries (elapsed time   107.3s, curr speed    0.992 kHz, avg speed   35.794 kHz), accepted    90001/   90001 events (100.00%)
Processed  3850000/15371854 entries (elapsed time   117.5s, curr speed    0.981 kHz, avg speed   32.774 kHz), accepted   100001/  100001 events (100.00%)
Processed  3860000/15371854 entries (elapsed time   128.0s, curr speed    0.951 kHz, avg speed   30.159 kHz), accepted   110001/  110001 events (100.00%)
Processed  3870000/15371854 entries (elapsed time   138.2s, curr speed    0.983 kHz, avg speed   28.011 kHz), accepted   120001/  120001 events (100.00%)
Processed  3880000/15371854 entries (elapsed time   162.3s, curr speed    0.414 kHz, avg speed   23.906 kHz), accepted   130001/  130001 events (100.00%)
Processed  3890000/15371854 entries (elapsed time   172.5s, curr speed    0.983 kHz, avg speed   22.555 kHz), accepted   140001/  140001 events (100.00%)
Processed  3900000/15371854 entries (elapsed time   182.5s, curr speed    0.993 kHz, avg speed   21.365 kHz), accepted   150001/  150001 events (100.00%)
Processed  3910000/15371854 entries (elapsed time   192.6s, curr speed    0.992 kHz, avg speed   20.299 kHz), accepted   160001/  160001 events (100.00%)
Processed  3920000/15371854 entries (elapsed time   202.6s, curr speed    0.997 kHz, avg speed   19.344 kHz), accepted   170001/  170001 events (100.00%)
Processed  3930000/15371854 entries (elapsed time   212.7s, curr speed    0.995 kHz, avg speed   18.477 kHz), accepted   180001/  180001 events (100.00%)
Processed  3940000/15371854 entries (elapsed time   222.8s, curr speed    0.993 kHz, avg speed   17.686 kHz), accepted   190001/  190001 events (100.00%)
Processed  3950000/15371854 entries (elapsed time   246.4s, curr speed    0.424 kHz, avg speed   16.033 kHz), accepted   200001/  200001 events (100.00%)
Processed  3960000/15371854 entries (elapsed time   256.3s, curr speed    1.003 kHz, avg speed   15.448 kHz), accepted   210001/  210001 events (100.00%)
Processed  3970000/15371854 entries (elapsed time   266.5s, curr speed    0.987 kHz, avg speed   14.898 kHz), accepted   220001/  220001 events (100.00%)
Processed  3980000/15371854 entries (elapsed time   276.7s, curr speed    0.980 kHz, avg speed   14.385 kHz), accepted   230001/  230001 events (100.00%)
Processed  3990000/15371854 entries (elapsed time   286.8s, curr speed    0.988 kHz, avg speed   13.913 kHz), accepted   240001/  240001 events (100.00%)
Processed 250000 entries from MY_EOS_SPACE/heppyNtuples/TREES_SingleMuon2016BCDEF_94X/SingleMuon_Run2016C_part2/treeProducerWMass/tree.root, selected 250000 entries
Done MY_EOS_SPACE/heppyNtuples/TREES_SingleMuon2016BCDEF_94X/friends/tree_Friend_SingleMuon_Run2016C_part2.chunk15.root
