000 (322892.026.000) 05/10 15:24:52 Job submitted from host: <188.184.95.166:9618?addrs=188.184.95.166-9618+[2001-1458-201-e4--100-7a0]-9618&alias=tbird02.cern.ch&noUDP&sock=schedd_2138722_faad_3>
...
040 (322892.026.000) 05/10 15:33:32 Started transferring input files
	Transferring to host: <188.184.132.4:9618?addrs=188.184.132.4-9618+[--1]-9618&noUDP&sock=3211_309c_9066>
...
040 (322892.026.000) 05/10 15:33:32 Finished transferring input files
...
001 (322892.026.000) 05/10 15:33:33 Job executing on host: <188.184.132.4:9618?addrs=188.184.132.4-9618+[--1]-9618&noUDP&sock=2272_fb43_3>
...
006 (322892.026.000) 05/10 15:33:42 Image size of job updated: 170156
	105  -  MemoryUsage of job (MB)
	106908  -  ResidentSetSize of job (KB)
...
006 (322892.026.000) 05/10 15:38:44 Image size of job updated: 494096
	481  -  MemoryUsage of job (MB)
	491700  -  ResidentSetSize of job (KB)
...
040 (322892.026.000) 05/10 15:40:22 Started transferring output files
...
040 (322892.026.000) 05/10 15:40:22 Finished transferring output files
...
005 (322892.026.000) 05/10 15:40:22 Job terminated.
	(1) Normal termination (return value 1)
		Usr 0 00:05:16, Sys 0 00:00:39  -  Run Remote Usage
		Usr 0 00:00:00, Sys 0 00:00:00  -  Run Local Usage
		Usr 0 00:05:16, Sys 0 00:00:39  -  Total Remote Usage
		Usr 0 00:00:00, Sys 0 00:00:00  -  Total Local Usage
	14805  -  Run Bytes Sent By Job
	10941  -  Run Bytes Received By Job
	14805  -  Total Bytes Sent By Job
	10941  -  Total Bytes Received By Job
	Partitionable Resources :    Usage  Request Allocated 
	   Cpus                 :                 1           
	   Disk (KB)            :       75        1   2170466 
	   Memory (MB)          :      481     2000      2000 
...
