   SingleMuon_Run2016C_part2   DATA  62 chunks


I have 1 taks to process
I'm using the following list of modules DEFAULT_MODULES
this is jobs [('SingleMuon_Run2016C_part2', 'MY_EOS_SPACE/heppyNtuples/TREES_SingleMuon2016BCDEF_94X/SingleMuon_Run2016C_part2/treeProducerWMass/tree.root', 28478661.0, '_Friend_SingleMuon_Run2016C_part2.chunk14', True, xrange(3500000, 3750000), 14)]
Modules to run:  []   name =  puWeight
Loading puWeight from CMGTools.WMass.postprocessing.examples.puWeightProducer 
Running on dataset =  SingleMuon_Run2016C_part2
TFile: name=/afs/cern.ch/work/m/mciprian/w_mass_analysis/heppy/rel_slc7/CMSSW_9_4_12/src/CMGTools/WMass/python/postprocessing/data/pileup/pileup_profile_Summer16.root, title=, option=READ
TFile: name=/afs/cern.ch/work/m/mciprian/w_mass_analysis/heppy/rel_slc7/CMSSW_9_4_12/src/CMGTools/WMass/python/postprocessing/data/pileup/PileupData_GoldenJSON_Full2016.root, title=, option=READ
Load C++ Worker
Modules to run:  []   name =  puWeight2016BF
Loading puWeight2016BF from CMGTools.WMass.postprocessing.examples.puWeightProducer 
Running on dataset =  SingleMuon_Run2016C_part2
TFile: name=/afs/cern.ch/work/m/mciprian/w_mass_analysis/heppy/rel_slc7/CMSSW_9_4_12/src/CMGTools/WMass/python/postprocessing/data/pileup/pileup_profile_Summer16.root, title=, option=READ
TFile: name=/afs/cern.ch/work/m/mciprian/w_mass_analysis/heppy/rel_slc7/CMSSW_9_4_12/src/CMGTools/WMass/python/postprocessing/data/pileup/PileupData_GoldenJSON_2016BF.root, title=, option=READ
Modules to run:  []   name =  lepQCDAwayJetAll
Loading lepQCDAwayJetAll from CMGTools.WMass.postprocessing.examples.lepVarProducer 
Running on dataset =  SingleMuon_Run2016C_part2
Modules to run:  []   name =  muCalibratedWithStatVar
Loading muCalibratedWithStatVar from CMGTools.WMass.postprocessing.examples.lepVarProducer 
Running on dataset =  SingleMuon_Run2016C_part2
did not find EnergyScaleCorrection shared object, rebuilding
trying to load all the rochester correction libraries
did not find legacy data roccor. rebuilding...
done building legacy data roccor.
Modules to run:  []   name =  jetAllReCleaner
Loading jetAllReCleaner from CMGTools.WMass.postprocessing.examples.jetReCleaner 
Running on dataset =  SingleMuon_Run2016C_part2
Load C++ Worker
Modules to run:  []   name =  jetReCleaner
Loading jetReCleaner from CMGTools.WMass.postprocessing.examples.jetReCleaner 
Running on dataset =  SingleMuon_Run2016C_part2
Load C++ Worker
Modules to run:  []   name =  genQEDJets
Loading genQEDJets from CMGTools.WMass.postprocessing.examples.genFriendProducer 
Running on dataset =  SingleMuon_Run2016C_part2
Will write selected trees to MY_EOS_SPACE/heppyNtuples/TREES_SingleMuon2016BCDEF_94X/friends/
Normalization of pu_mc: 0.999973
Normalization of pileup: 3.65129e+10
Weights for variable pu_mc with a number of bins equal to 76:
1 1 1 1 1 1 1 1 1 1 1.616 1.923 1.917 1.762 1.611 1.554 1.506 1.414 1.317 1.241 1.169 1.109 1.071 1.04 1.019 1.001 0.9873 0.9825 0.9828 0.9811 0.9811 0.9792 0.9531 0.9274 0.8773 0.8171 0.7432 0.6594 0.5661 0.4725 0.3811 0.2987 0.2215 0.1581 0 0 0 0 0 0 0 0 0 0 0 1 1 1 1 1 1 1 1 1 1 1 1 1 1 1 1 1 1 1 1 1 .
Final weights: 
1 1 1 1 1 1 1 1 1 1 1.616 1.923 1.917 1.762 1.611 1.554 1.506 1.414 1.317 1.241 1.169 1.109 1.071 1.04 1.019 1.001 0.9873 0.9825 0.9828 0.9811 0.9811 0.9792 0.9531 0.9274 0.8773 0.8171 0.7432 0.6594 0.5661 0.4725 0.3811 0.2987 0.2215 0.1581 0 0 0 0 0 0 0 0 0 0 0 1 1 1 1 1 1 1 1 1 1 1 1 1 1 1 1 1 1 1 1 1 .
Normalization of pu_mc: 1
Normalization of pileup: 2.014e+10
Weights for variable pu_mc with a number of bins equal to 76:
1 1 1 1 1 1 1 1 1 1 2.784 3.074 2.661 2.24 1.976 1.881 1.801 1.669 1.544 1.453 1.364 1.27 1.186 1.113 1.061 1.016 0.9702 0.9245 0.8754 0.8192 0.7629 0.7065 0.6366 0.5722 0.4984 0.4252 0.3515 0.2804 0.2137 0.1564 0.1092 0 0 0 0 0 0 0 0 0 0 0 0 0 0 1 1 1 1 1 1 1 1 1 1 1 1 1 1 1 1 1 1 1 1 1 .
For maximum weight 3.074: integral relative change: 0
Final weights: 
1 1 1 1 1 1 1 1 1 1 2.784 3.074 2.661 2.24 1.976 1.881 1.801 1.669 1.544 1.453 1.364 1.27 1.186 1.113 1.061 1.016 0.9702 0.9245 0.8754 0.8192 0.7629 0.7065 0.6366 0.5722 0.4984 0.4252 0.3515 0.2804 0.2137 0.1564 0.1092 0 0 0 0 0 0 0 0 0 0 0 0 0 0 1 1 1 1 1 1 1 1 1 1 1 1 1 1 1 1 1 1 1 1 1 .
begin job of lepCalProducer
initializing all the rochester correction objects
initializing the egamma calibrator
Processed  3500000/15371854 entries (elapsed time     0.3s, curr speed   38.462 kHz, avg speed 13461.538 kHz), accepted        1/       1 events (100.00%)
Processed  3510000/15371854 entries (elapsed time    11.9s, curr speed    0.861 kHz, avg speed  295.703 kHz), accepted    10001/   10001 events (100.00%)
Processed  3520000/15371854 entries (elapsed time    23.9s, curr speed    0.829 kHz, avg speed  147.096 kHz), accepted    20001/   20001 events (100.00%)
Processed  3530000/15371854 entries (elapsed time    36.1s, curr speed    0.824 kHz, avg speed   97.892 kHz), accepted    30001/   30001 events (100.00%)
Processed  3540000/15371854 entries (elapsed time    48.2s, curr speed    0.825 kHz, avg speed   73.474 kHz), accepted    40001/   40001 events (100.00%)
Processed  3550000/15371854 entries (elapsed time    59.8s, curr speed    0.860 kHz, avg speed   59.355 kHz), accepted    50001/   50001 events (100.00%)
Processed  3560000/15371854 entries (elapsed time    71.6s, curr speed    0.850 kHz, avg speed   49.735 kHz), accepted    60001/   60001 events (100.00%)
Processed  3570000/15371854 entries (elapsed time    82.5s, curr speed    0.914 kHz, avg speed   43.262 kHz), accepted    70001/   70001 events (100.00%)
Processed  3580000/15371854 entries (elapsed time    92.4s, curr speed    1.009 kHz, avg speed   38.732 kHz), accepted    80001/   80001 events (100.00%)
Processed  3590000/15371854 entries (elapsed time   102.3s, curr speed    1.010 kHz, avg speed   35.083 kHz), accepted    90001/   90001 events (100.00%)
Processed  3600000/15371854 entries (elapsed time   112.1s, curr speed    1.022 kHz, avg speed   32.111 kHz), accepted   100001/  100001 events (100.00%)
Processed  3610000/15371854 entries (elapsed time   122.0s, curr speed    1.011 kHz, avg speed   29.590 kHz), accepted   110001/  110001 events (100.00%)
Processed  3620000/15371854 entries (elapsed time   132.0s, curr speed    1.002 kHz, avg speed   27.428 kHz), accepted   120001/  120001 events (100.00%)
Processed  3630000/15371854 entries (elapsed time   155.1s, curr speed    0.432 kHz, avg speed   23.401 kHz), accepted   130001/  130001 events (100.00%)
Processed  3640000/15371854 entries (elapsed time   165.2s, curr speed    0.990 kHz, avg speed   22.031 kHz), accepted   140001/  140001 events (100.00%)
Processed  3650000/15371854 entries (elapsed time   175.4s, curr speed    0.984 kHz, avg speed   20.812 kHz), accepted   150001/  150001 events (100.00%)
Processed  3660000/15371854 entries (elapsed time   185.5s, curr speed    0.992 kHz, avg speed   19.735 kHz), accepted   160001/  160001 events (100.00%)
Processed  3670000/15371854 entries (elapsed time   195.4s, curr speed    1.008 kHz, avg speed   18.784 kHz), accepted   170001/  170001 events (100.00%)
Processed  3680000/15371854 entries (elapsed time   204.9s, curr speed    1.052 kHz, avg speed   17.961 kHz), accepted   180001/  180001 events (100.00%)
Processed  3690000/15371854 entries (elapsed time   214.6s, curr speed    1.031 kHz, avg speed   17.196 kHz), accepted   190001/  190001 events (100.00%)
Processed  3700000/15371854 entries (elapsed time   237.4s, curr speed    0.438 kHz, avg speed   15.584 kHz), accepted   200001/  200001 events (100.00%)
Processed  3710000/15371854 entries (elapsed time   247.3s, curr speed    1.011 kHz, avg speed   15.001 kHz), accepted   210001/  210001 events (100.00%)
Processed  3720000/15371854 entries (elapsed time   257.3s, curr speed    1.000 kHz, avg speed   14.457 kHz), accepted   220001/  220001 events (100.00%)
Processed  3730000/15371854 entries (elapsed time   267.0s, curr speed    1.031 kHz, avg speed   13.969 kHz), accepted   230001/  230001 events (100.00%)
Processed  3740000/15371854 entries (elapsed time   277.1s, curr speed    0.994 kHz, avg speed   13.498 kHz), accepted   240001/  240001 events (100.00%)
Processed 250000 entries from MY_EOS_SPACE/heppyNtuples/TREES_SingleMuon2016BCDEF_94X/SingleMuon_Run2016C_part2/treeProducerWMass/tree.root, selected 250000 entries
Done MY_EOS_SPACE/heppyNtuples/TREES_SingleMuon2016BCDEF_94X/friends/tree_Friend_SingleMuon_Run2016C_part2.chunk14.root
