   SingleMuon_Run2016D_part3   DATA  63 chunks


I have 1 taks to process
I'm using the following list of modules DEFAULT_MODULES
this is jobs [('SingleMuon_Run2016D_part3', 'MY_EOS_SPACE/heppyNtuples/TREES_SingleMuon2016BCDEF_94X/SingleMuon_Run2016D_part3/treeProducerWMass/tree.root', 26144046.0, '_Friend_SingleMuon_Run2016D_part3.chunk60', True, xrange(15000000, 15250000), 60)]
Modules to run:  []   name =  puWeight
Loading puWeight from CMGTools.WMass.postprocessing.examples.puWeightProducer 
Running on dataset =  SingleMuon_Run2016D_part3
TFile: name=/afs/cern.ch/work/m/mciprian/w_mass_analysis/heppy/rel_slc7/CMSSW_9_4_12/src/CMGTools/WMass/python/postprocessing/data/pileup/pileup_profile_Summer16.root, title=, option=READ
TFile: name=/afs/cern.ch/work/m/mciprian/w_mass_analysis/heppy/rel_slc7/CMSSW_9_4_12/src/CMGTools/WMass/python/postprocessing/data/pileup/PileupData_GoldenJSON_Full2016.root, title=, option=READ
Load C++ Worker
Modules to run:  []   name =  puWeight2016BF
Loading puWeight2016BF from CMGTools.WMass.postprocessing.examples.puWeightProducer 
Running on dataset =  SingleMuon_Run2016D_part3
TFile: name=/afs/cern.ch/work/m/mciprian/w_mass_analysis/heppy/rel_slc7/CMSSW_9_4_12/src/CMGTools/WMass/python/postprocessing/data/pileup/pileup_profile_Summer16.root, title=, option=READ
TFile: name=/afs/cern.ch/work/m/mciprian/w_mass_analysis/heppy/rel_slc7/CMSSW_9_4_12/src/CMGTools/WMass/python/postprocessing/data/pileup/PileupData_GoldenJSON_2016BF.root, title=, option=READ
Modules to run:  []   name =  lepQCDAwayJetAll
Loading lepQCDAwayJetAll from CMGTools.WMass.postprocessing.examples.lepVarProducer 
Running on dataset =  SingleMuon_Run2016D_part3
Modules to run:  []   name =  muCalibratedWithStatVar
Loading muCalibratedWithStatVar from CMGTools.WMass.postprocessing.examples.lepVarProducer 
Running on dataset =  SingleMuon_Run2016D_part3
did not find EnergyScaleCorrection shared object, rebuilding
trying to load all the rochester correction libraries
did not find legacy data roccor. rebuilding...
done building legacy data roccor.
Modules to run:  []   name =  jetAllReCleaner
Loading jetAllReCleaner from CMGTools.WMass.postprocessing.examples.jetReCleaner 
Running on dataset =  SingleMuon_Run2016D_part3
Load C++ Worker
Modules to run:  []   name =  jetReCleaner
Loading jetReCleaner from CMGTools.WMass.postprocessing.examples.jetReCleaner 
Running on dataset =  SingleMuon_Run2016D_part3
Load C++ Worker
Modules to run:  []   name =  genQEDJets
Loading genQEDJets from CMGTools.WMass.postprocessing.examples.genFriendProducer 
Running on dataset =  SingleMuon_Run2016D_part3
Will write selected trees to MY_EOS_SPACE/heppyNtuples/TREES_SingleMuon2016BCDEF_94X/friends/
Normalization of pu_mc: 0.999973
Normalization of pileup: 3.65129e+10
Weights for variable pu_mc with a number of bins equal to 76:
1 1 1 1 1 1 1 1 1 1 1.616 1.923 1.917 1.762 1.611 1.554 1.506 1.414 1.317 1.241 1.169 1.109 1.071 1.04 1.019 1.001 0.9873 0.9825 0.9828 0.9811 0.9811 0.9792 0.9531 0.9274 0.8773 0.8171 0.7432 0.6594 0.5661 0.4725 0.3811 0.2987 0.2215 0.1581 0 0 0 0 0 0 0 0 0 0 0 1 1 1 1 1 1 1 1 1 1 1 1 1 1 1 1 1 1 1 1 1 .
Final weights: 
1 1 1 1 1 1 1 1 1 1 1.616 1.923 1.917 1.762 1.611 1.554 1.506 1.414 1.317 1.241 1.169 1.109 1.071 1.04 1.019 1.001 0.9873 0.9825 0.9828 0.9811 0.9811 0.9792 0.9531 0.9274 0.8773 0.8171 0.7432 0.6594 0.5661 0.4725 0.3811 0.2987 0.2215 0.1581 0 0 0 0 0 0 0 0 0 0 0 1 1 1 1 1 1 1 1 1 1 1 1 1 1 1 1 1 1 1 1 1 .
Normalization of pu_mc: 1
Normalization of pileup: 2.014e+10
Weights for variable pu_mc with a number of bins equal to 76:
1 1 1 1 1 1 1 1 1 1 2.784 3.074 2.661 2.24 1.976 1.881 1.801 1.669 1.544 1.453 1.364 1.27 1.186 1.113 1.061 1.016 0.9702 0.9245 0.8754 0.8192 0.7629 0.7065 0.6366 0.5722 0.4984 0.4252 0.3515 0.2804 0.2137 0.1564 0.1092 0 0 0 0 0 0 0 0 0 0 0 0 0 0 1 1 1 1 1 1 1 1 1 1 1 1 1 1 1 1 1 1 1 1 1 .
For maximum weight 3.074: integral relative change: 0
Final weights: 
1 1 1 1 1 1 1 1 1 1 2.784 3.074 2.661 2.24 1.976 1.881 1.801 1.669 1.544 1.453 1.364 1.27 1.186 1.113 1.061 1.016 0.9702 0.9245 0.8754 0.8192 0.7629 0.7065 0.6366 0.5722 0.4984 0.4252 0.3515 0.2804 0.2137 0.1564 0.1092 0 0 0 0 0 0 0 0 0 0 0 0 0 0 1 1 1 1 1 1 1 1 1 1 1 1 1 1 1 1 1 1 1 1 1 .
begin job of lepCalProducer
initializing all the rochester correction objects
initializing the egamma calibrator
Processed 15000000/15643086 entries (elapsed time     0.3s, curr speed   35.714 kHz, avg speed 53571.429 kHz), accepted        1/       1 events (100.00%)
Processed 15010000/15643086 entries (elapsed time    14.8s, curr speed    0.691 kHz, avg speed 1016.938 kHz), accepted    10001/   10001 events (100.00%)
Processed 15020000/15643086 entries (elapsed time    29.2s, curr speed    0.694 kHz, avg speed  514.913 kHz), accepted    20001/   20001 events (100.00%)
Processed 15030000/15643086 entries (elapsed time    47.0s, curr speed    0.562 kHz, avg speed  319.991 kHz), accepted    30001/   30001 events (100.00%)
Processed 15040000/15643086 entries (elapsed time    65.9s, curr speed    0.529 kHz, avg speed  228.363 kHz), accepted    40001/   40001 events (100.00%)
Processed 15050000/15643086 entries (elapsed time    83.9s, curr speed    0.553 kHz, avg speed  179.316 kHz), accepted    50001/   50001 events (100.00%)
Processed 15060000/15643086 entries (elapsed time   101.7s, curr speed    0.563 kHz, avg speed  148.097 kHz), accepted    60001/   60001 events (100.00%)
Processed 15070000/15643086 entries (elapsed time   119.4s, curr speed    0.566 kHz, avg speed  126.257 kHz), accepted    70001/   70001 events (100.00%)
Processed 15080000/15643086 entries (elapsed time   135.4s, curr speed    0.625 kHz, avg speed  111.407 kHz), accepted    80001/   80001 events (100.00%)
Processed 15090000/15643086 entries (elapsed time   152.0s, curr speed    0.601 kHz, avg speed   99.276 kHz), accepted    90001/   90001 events (100.00%)
Processed 15100000/15643086 entries (elapsed time   168.2s, curr speed    0.619 kHz, avg speed   89.795 kHz), accepted   100001/  100001 events (100.00%)
Processed 15110000/15643086 entries (elapsed time   184.8s, curr speed    0.602 kHz, avg speed   81.782 kHz), accepted   110001/  110001 events (100.00%)
Processed 15120000/15643086 entries (elapsed time   201.7s, curr speed    0.590 kHz, avg speed   74.955 kHz), accepted   120001/  120001 events (100.00%)
Processed 15130000/15643086 entries (elapsed time   238.9s, curr speed    0.269 kHz, avg speed   63.340 kHz), accepted   130001/  130001 events (100.00%)
Processed 15140000/15643086 entries (elapsed time   255.5s, curr speed    0.601 kHz, avg speed   59.256 kHz), accepted   140001/  140001 events (100.00%)
Processed 15150000/15643086 entries (elapsed time   271.6s, curr speed    0.620 kHz, avg speed   55.774 kHz), accepted   150001/  150001 events (100.00%)
Processed 15160000/15643086 entries (elapsed time   286.4s, curr speed    0.677 kHz, avg speed   52.931 kHz), accepted   160001/  160001 events (100.00%)
Processed 15170000/15643086 entries (elapsed time   304.0s, curr speed    0.569 kHz, avg speed   49.903 kHz), accepted   170001/  170001 events (100.00%)
Processed 15180000/15643086 entries (elapsed time   320.3s, curr speed    0.613 kHz, avg speed   47.392 kHz), accepted   180001/  180001 events (100.00%)
Processed 15190000/15643086 entries (elapsed time   337.0s, curr speed    0.598 kHz, avg speed   45.070 kHz), accepted   190001/  190001 events (100.00%)
Processed 15200000/15643086 entries (elapsed time   374.8s, curr speed    0.265 kHz, avg speed   40.558 kHz), accepted   200001/  200001 events (100.00%)
Processed 15210000/15643086 entries (elapsed time   391.2s, curr speed    0.609 kHz, avg speed   38.880 kHz), accepted   210001/  210001 events (100.00%)
Processed 15220000/15643086 entries (elapsed time   407.9s, curr speed    0.598 kHz, avg speed   37.310 kHz), accepted   220001/  220001 events (100.00%)
Processed 15230000/15643086 entries (elapsed time   424.9s, curr speed    0.590 kHz, avg speed   35.845 kHz), accepted   230001/  230001 events (100.00%)
Processed 15240000/15643086 entries (elapsed time   441.4s, curr speed    0.606 kHz, avg speed   34.528 kHz), accepted   240001/  240001 events (100.00%)
Processed 250000 entries from MY_EOS_SPACE/heppyNtuples/TREES_SingleMuon2016BCDEF_94X/SingleMuon_Run2016D_part3/treeProducerWMass/tree.root, selected 250000 entries
Done MY_EOS_SPACE/heppyNtuples/TREES_SingleMuon2016BCDEF_94X/friends/tree_Friend_SingleMuon_Run2016D_part3.chunk60.root
