   SingleMuon_Run2016E_part3   DATA  63 chunks


I have 1 taks to process
I'm using the following list of modules DEFAULT_MODULES
this is jobs [('SingleMuon_Run2016E_part3', 'MY_EOS_SPACE/heppyNtuples/TREES_SingleMuon2016BCDEF_94X/SingleMuon_Run2016E_part3/treeProducerWMass/tree.root', 25290424.0, '_Friend_SingleMuon_Run2016E_part3.chunk20', True, xrange(5000000, 5250000), 20)]
Modules to run:  []   name =  puWeight
Loading puWeight from CMGTools.WMass.postprocessing.examples.puWeightProducer 
Running on dataset =  SingleMuon_Run2016E_part3
TFile: name=/afs/cern.ch/work/m/mciprian/w_mass_analysis/heppy/rel_slc7/CMSSW_9_4_12/src/CMGTools/WMass/python/postprocessing/data/pileup/pileup_profile_Summer16.root, title=, option=READ
TFile: name=/afs/cern.ch/work/m/mciprian/w_mass_analysis/heppy/rel_slc7/CMSSW_9_4_12/src/CMGTools/WMass/python/postprocessing/data/pileup/PileupData_GoldenJSON_Full2016.root, title=, option=READ
Load C++ Worker
Modules to run:  []   name =  puWeight2016BF
Loading puWeight2016BF from CMGTools.WMass.postprocessing.examples.puWeightProducer 
Running on dataset =  SingleMuon_Run2016E_part3
TFile: name=/afs/cern.ch/work/m/mciprian/w_mass_analysis/heppy/rel_slc7/CMSSW_9_4_12/src/CMGTools/WMass/python/postprocessing/data/pileup/pileup_profile_Summer16.root, title=, option=READ
TFile: name=/afs/cern.ch/work/m/mciprian/w_mass_analysis/heppy/rel_slc7/CMSSW_9_4_12/src/CMGTools/WMass/python/postprocessing/data/pileup/PileupData_GoldenJSON_2016BF.root, title=, option=READ
Modules to run:  []   name =  lepQCDAwayJetAll
Loading lepQCDAwayJetAll from CMGTools.WMass.postprocessing.examples.lepVarProducer 
Running on dataset =  SingleMuon_Run2016E_part3
Modules to run:  []   name =  muCalibratedWithStatVar
Loading muCalibratedWithStatVar from CMGTools.WMass.postprocessing.examples.lepVarProducer 
Running on dataset =  SingleMuon_Run2016E_part3
did not find EnergyScaleCorrection shared object, rebuilding
trying to load all the rochester correction libraries
did not find legacy data roccor. rebuilding...
done building legacy data roccor.
Modules to run:  []   name =  jetAllReCleaner
Loading jetAllReCleaner from CMGTools.WMass.postprocessing.examples.jetReCleaner 
Running on dataset =  SingleMuon_Run2016E_part3
Load C++ Worker
Modules to run:  []   name =  jetReCleaner
Loading jetReCleaner from CMGTools.WMass.postprocessing.examples.jetReCleaner 
Running on dataset =  SingleMuon_Run2016E_part3
Load C++ Worker
Modules to run:  []   name =  genQEDJets
Loading genQEDJets from CMGTools.WMass.postprocessing.examples.genFriendProducer 
Running on dataset =  SingleMuon_Run2016E_part3
Will write selected trees to MY_EOS_SPACE/heppyNtuples/TREES_SingleMuon2016BCDEF_94X/friends/
Normalization of pu_mc: 0.999973
Normalization of pileup: 3.65129e+10
Weights for variable pu_mc with a number of bins equal to 76:
1 1 1 1 1 1 1 1 1 1 1.616 1.923 1.917 1.762 1.611 1.554 1.506 1.414 1.317 1.241 1.169 1.109 1.071 1.04 1.019 1.001 0.9873 0.9825 0.9828 0.9811 0.9811 0.9792 0.9531 0.9274 0.8773 0.8171 0.7432 0.6594 0.5661 0.4725 0.3811 0.2987 0.2215 0.1581 0 0 0 0 0 0 0 0 0 0 0 1 1 1 1 1 1 1 1 1 1 1 1 1 1 1 1 1 1 1 1 1 .
Final weights: 
1 1 1 1 1 1 1 1 1 1 1.616 1.923 1.917 1.762 1.611 1.554 1.506 1.414 1.317 1.241 1.169 1.109 1.071 1.04 1.019 1.001 0.9873 0.9825 0.9828 0.9811 0.9811 0.9792 0.9531 0.9274 0.8773 0.8171 0.7432 0.6594 0.5661 0.4725 0.3811 0.2987 0.2215 0.1581 0 0 0 0 0 0 0 0 0 0 0 1 1 1 1 1 1 1 1 1 1 1 1 1 1 1 1 1 1 1 1 1 .
Normalization of pu_mc: 1
Normalization of pileup: 2.014e+10
Weights for variable pu_mc with a number of bins equal to 76:
1 1 1 1 1 1 1 1 1 1 2.784 3.074 2.661 2.24 1.976 1.881 1.801 1.669 1.544 1.453 1.364 1.27 1.186 1.113 1.061 1.016 0.9702 0.9245 0.8754 0.8192 0.7629 0.7065 0.6366 0.5722 0.4984 0.4252 0.3515 0.2804 0.2137 0.1564 0.1092 0 0 0 0 0 0 0 0 0 0 0 0 0 0 1 1 1 1 1 1 1 1 1 1 1 1 1 1 1 1 1 1 1 1 1 .
For maximum weight 3.074: integral relative change: 0
Final weights: 
1 1 1 1 1 1 1 1 1 1 2.784 3.074 2.661 2.24 1.976 1.881 1.801 1.669 1.544 1.453 1.364 1.27 1.186 1.113 1.061 1.016 0.9702 0.9245 0.8754 0.8192 0.7629 0.7065 0.6366 0.5722 0.4984 0.4252 0.3515 0.2804 0.2137 0.1564 0.1092 0 0 0 0 0 0 0 0 0 0 0 0 0 0 1 1 1 1 1 1 1 1 1 1 1 1 1 1 1 1 1 1 1 1 1 .
begin job of lepCalProducer
initializing all the rochester correction objects
initializing the egamma calibrator
Processed  5000000/15566622 entries (elapsed time     0.3s, curr speed   37.037 kHz, avg speed 18518.519 kHz), accepted        1/       1 events (100.00%)
Processed  5010000/15566622 entries (elapsed time    19.2s, curr speed    0.529 kHz, avg speed  261.346 kHz), accepted    10001/   10001 events (100.00%)
Processed  5020000/15566622 entries (elapsed time    38.7s, curr speed    0.513 kHz, avg speed  129.783 kHz), accepted    20001/   20001 events (100.00%)
Processed  5030000/15566622 entries (elapsed time    57.5s, curr speed    0.531 kHz, avg speed   87.448 kHz), accepted    30001/   30001 events (100.00%)
Processed  5040000/15566622 entries (elapsed time    77.3s, curr speed    0.506 kHz, avg speed   65.201 kHz), accepted    40001/   40001 events (100.00%)
Processed  5050000/15566622 entries (elapsed time    97.3s, curr speed    0.501 kHz, avg speed   51.917 kHz), accepted    50001/   50001 events (100.00%)
Processed  5060000/15566622 entries (elapsed time   116.8s, curr speed    0.513 kHz, avg speed   43.329 kHz), accepted    60001/   60001 events (100.00%)
Processed  5070000/15566622 entries (elapsed time   135.5s, curr speed    0.533 kHz, avg speed   37.409 kHz), accepted    70001/   70001 events (100.00%)
Processed  5080000/15566622 entries (elapsed time   152.9s, curr speed    0.575 kHz, avg speed   33.220 kHz), accepted    80001/   80001 events (100.00%)
Processed  5090000/15566622 entries (elapsed time   170.0s, curr speed    0.584 kHz, avg speed   29.934 kHz), accepted    90001/   90001 events (100.00%)
Processed  5100000/15566622 entries (elapsed time   187.6s, curr speed    0.569 kHz, avg speed   27.183 kHz), accepted   100001/  100001 events (100.00%)
Processed  5110000/15566622 entries (elapsed time   204.9s, curr speed    0.578 kHz, avg speed   24.935 kHz), accepted   110001/  110001 events (100.00%)
Processed  5120000/15566622 entries (elapsed time   221.9s, curr speed    0.590 kHz, avg speed   23.076 kHz), accepted   120001/  120001 events (100.00%)
Processed  5130000/15566622 entries (elapsed time   261.3s, curr speed    0.254 kHz, avg speed   19.636 kHz), accepted   130001/  130001 events (100.00%)
Processed  5140000/15566622 entries (elapsed time   277.8s, curr speed    0.604 kHz, avg speed   18.502 kHz), accepted   140001/  140001 events (100.00%)
Processed  5150000/15566622 entries (elapsed time   295.9s, curr speed    0.551 kHz, avg speed   17.402 kHz), accepted   150001/  150001 events (100.00%)
Processed  5160000/15566622 entries (elapsed time   312.6s, curr speed    0.602 kHz, avg speed   16.509 kHz), accepted   160001/  160001 events (100.00%)
Processed  5170000/15566622 entries (elapsed time   329.8s, curr speed    0.580 kHz, avg speed   15.676 kHz), accepted   170001/  170001 events (100.00%)
Processed  5180000/15566622 entries (elapsed time   346.2s, curr speed    0.609 kHz, avg speed   14.962 kHz), accepted   180001/  180001 events (100.00%)
Processed  5190000/15566622 entries (elapsed time   361.7s, curr speed    0.646 kHz, avg speed   14.349 kHz), accepted   190001/  190001 events (100.00%)
Processed  5200000/15566622 entries (elapsed time   398.5s, curr speed    0.272 kHz, avg speed   13.050 kHz), accepted   200001/  200001 events (100.00%)
Processed  5210000/15566622 entries (elapsed time   413.4s, curr speed    0.669 kHz, avg speed   12.603 kHz), accepted   210001/  210001 events (100.00%)
Processed  5220000/15566622 entries (elapsed time   429.8s, curr speed    0.612 kHz, avg speed   12.147 kHz), accepted   220001/  220001 events (100.00%)
Processed  5230000/15566622 entries (elapsed time   443.2s, curr speed    0.745 kHz, avg speed   11.801 kHz), accepted   230001/  230001 events (100.00%)
Processed  5240000/15566622 entries (elapsed time   457.9s, curr speed    0.678 kHz, avg speed   11.443 kHz), accepted   240001/  240001 events (100.00%)
Processed 250000 entries from MY_EOS_SPACE/heppyNtuples/TREES_SingleMuon2016BCDEF_94X/SingleMuon_Run2016E_part3/treeProducerWMass/tree.root, selected 250000 entries
Done MY_EOS_SPACE/heppyNtuples/TREES_SingleMuon2016BCDEF_94X/friends/tree_Friend_SingleMuon_Run2016E_part3.chunk20.root
