   SingleMuon_Run2016E_part3   DATA  63 chunks


I have 1 taks to process
I'm using the following list of modules DEFAULT_MODULES
this is jobs [('SingleMuon_Run2016E_part3', 'MY_EOS_SPACE/heppyNtuples/TREES_SingleMuon2016BCDEF_94X/SingleMuon_Run2016E_part3/treeProducerWMass/tree.root', 25290424.0, '_Friend_SingleMuon_Run2016E_part3.chunk1', True, xrange(250000, 500000), 1)]
Modules to run:  []   name =  puWeight
Loading puWeight from CMGTools.WMass.postprocessing.examples.puWeightProducer 
Running on dataset =  SingleMuon_Run2016E_part3
TFile: name=/afs/cern.ch/work/m/mciprian/w_mass_analysis/heppy/rel_slc7/CMSSW_9_4_12/src/CMGTools/WMass/python/postprocessing/data/pileup/pileup_profile_Summer16.root, title=, option=READ
TFile: name=/afs/cern.ch/work/m/mciprian/w_mass_analysis/heppy/rel_slc7/CMSSW_9_4_12/src/CMGTools/WMass/python/postprocessing/data/pileup/PileupData_GoldenJSON_Full2016.root, title=, option=READ
Load C++ Worker
Modules to run:  []   name =  puWeight2016BF
Loading puWeight2016BF from CMGTools.WMass.postprocessing.examples.puWeightProducer 
Running on dataset =  SingleMuon_Run2016E_part3
TFile: name=/afs/cern.ch/work/m/mciprian/w_mass_analysis/heppy/rel_slc7/CMSSW_9_4_12/src/CMGTools/WMass/python/postprocessing/data/pileup/pileup_profile_Summer16.root, title=, option=READ
TFile: name=/afs/cern.ch/work/m/mciprian/w_mass_analysis/heppy/rel_slc7/CMSSW_9_4_12/src/CMGTools/WMass/python/postprocessing/data/pileup/PileupData_GoldenJSON_2016BF.root, title=, option=READ
Modules to run:  []   name =  lepQCDAwayJetAll
Loading lepQCDAwayJetAll from CMGTools.WMass.postprocessing.examples.lepVarProducer 
Running on dataset =  SingleMuon_Run2016E_part3
Modules to run:  []   name =  muCalibratedWithStatVar
Loading muCalibratedWithStatVar from CMGTools.WMass.postprocessing.examples.lepVarProducer 
Running on dataset =  SingleMuon_Run2016E_part3
did not find EnergyScaleCorrection shared object, rebuilding
trying to load all the rochester correction libraries
did not find legacy data roccor. rebuilding...
done building legacy data roccor.
Modules to run:  []   name =  jetAllReCleaner
Loading jetAllReCleaner from CMGTools.WMass.postprocessing.examples.jetReCleaner 
Running on dataset =  SingleMuon_Run2016E_part3
Load C++ Worker
Modules to run:  []   name =  jetReCleaner
Loading jetReCleaner from CMGTools.WMass.postprocessing.examples.jetReCleaner 
Running on dataset =  SingleMuon_Run2016E_part3
Load C++ Worker
Modules to run:  []   name =  genQEDJets
Loading genQEDJets from CMGTools.WMass.postprocessing.examples.genFriendProducer 
Running on dataset =  SingleMuon_Run2016E_part3
Will write selected trees to MY_EOS_SPACE/heppyNtuples/TREES_SingleMuon2016BCDEF_94X/friends/
Normalization of pu_mc: 0.999973
Normalization of pileup: 3.65129e+10
Weights for variable pu_mc with a number of bins equal to 76:
1 1 1 1 1 1 1 1 1 1 1.616 1.923 1.917 1.762 1.611 1.554 1.506 1.414 1.317 1.241 1.169 1.109 1.071 1.04 1.019 1.001 0.9873 0.9825 0.9828 0.9811 0.9811 0.9792 0.9531 0.9274 0.8773 0.8171 0.7432 0.6594 0.5661 0.4725 0.3811 0.2987 0.2215 0.1581 0 0 0 0 0 0 0 0 0 0 0 1 1 1 1 1 1 1 1 1 1 1 1 1 1 1 1 1 1 1 1 1 .
Final weights: 
1 1 1 1 1 1 1 1 1 1 1.616 1.923 1.917 1.762 1.611 1.554 1.506 1.414 1.317 1.241 1.169 1.109 1.071 1.04 1.019 1.001 0.9873 0.9825 0.9828 0.9811 0.9811 0.9792 0.9531 0.9274 0.8773 0.8171 0.7432 0.6594 0.5661 0.4725 0.3811 0.2987 0.2215 0.1581 0 0 0 0 0 0 0 0 0 0 0 1 1 1 1 1 1 1 1 1 1 1 1 1 1 1 1 1 1 1 1 1 .
Normalization of pu_mc: 1
Normalization of pileup: 2.014e+10
Weights for variable pu_mc with a number of bins equal to 76:
1 1 1 1 1 1 1 1 1 1 2.784 3.074 2.661 2.24 1.976 1.881 1.801 1.669 1.544 1.453 1.364 1.27 1.186 1.113 1.061 1.016 0.9702 0.9245 0.8754 0.8192 0.7629 0.7065 0.6366 0.5722 0.4984 0.4252 0.3515 0.2804 0.2137 0.1564 0.1092 0 0 0 0 0 0 0 0 0 0 0 0 0 0 1 1 1 1 1 1 1 1 1 1 1 1 1 1 1 1 1 1 1 1 1 .
For maximum weight 3.074: integral relative change: 0
Final weights: 
1 1 1 1 1 1 1 1 1 1 2.784 3.074 2.661 2.24 1.976 1.881 1.801 1.669 1.544 1.453 1.364 1.27 1.186 1.113 1.061 1.016 0.9702 0.9245 0.8754 0.8192 0.7629 0.7065 0.6366 0.5722 0.4984 0.4252 0.3515 0.2804 0.2137 0.1564 0.1092 0 0 0 0 0 0 0 0 0 0 0 0 0 0 1 1 1 1 1 1 1 1 1 1 1 1 1 1 1 1 1 1 1 1 1 .
begin job of lepCalProducer
initializing all the rochester correction objects
initializing the egamma calibrator
Processed   250000/15566622 entries (elapsed time     0.3s, curr speed   37.037 kHz, avg speed  925.926 kHz), accepted        1/       1 events (100.00%)
Processed   260000/15566622 entries (elapsed time    13.7s, curr speed    0.744 kHz, avg speed   18.964 kHz), accepted    10001/   10001 events (100.00%)
Processed   270000/15566622 entries (elapsed time    27.3s, curr speed    0.735 kHz, avg speed    9.886 kHz), accepted    20001/   20001 events (100.00%)
Processed   280000/15566622 entries (elapsed time    41.1s, curr speed    0.726 kHz, avg speed    6.814 kHz), accepted    30001/   30001 events (100.00%)
Processed   290000/15566622 entries (elapsed time    55.1s, curr speed    0.714 kHz, avg speed    5.264 kHz), accepted    40001/   40001 events (100.00%)
Processed   300000/15566622 entries (elapsed time    69.0s, curr speed    0.719 kHz, avg speed    4.348 kHz), accepted    50001/   50001 events (100.00%)
Processed   310000/15566622 entries (elapsed time    83.2s, curr speed    0.702 kHz, avg speed    3.725 kHz), accepted    60001/   60001 events (100.00%)
Processed   320000/15566622 entries (elapsed time    96.3s, curr speed    0.766 kHz, avg speed    3.323 kHz), accepted    70001/   70001 events (100.00%)
Processed   330000/15566622 entries (elapsed time   107.8s, curr speed    0.867 kHz, avg speed    3.061 kHz), accepted    80001/   80001 events (100.00%)
Processed   340000/15566622 entries (elapsed time   119.5s, curr speed    0.856 kHz, avg speed    2.845 kHz), accepted    90001/   90001 events (100.00%)
Processed   350000/15566622 entries (elapsed time   131.1s, curr speed    0.864 kHz, avg speed    2.670 kHz), accepted   100001/  100001 events (100.00%)
Processed   360000/15566622 entries (elapsed time   142.6s, curr speed    0.869 kHz, avg speed    2.525 kHz), accepted   110001/  110001 events (100.00%)
Processed   370000/15566622 entries (elapsed time   154.2s, curr speed    0.861 kHz, avg speed    2.399 kHz), accepted   120001/  120001 events (100.00%)
Processed   380000/15566622 entries (elapsed time   181.0s, curr speed    0.373 kHz, avg speed    2.099 kHz), accepted   130001/  130001 events (100.00%)
Processed   390000/15566622 entries (elapsed time   192.6s, curr speed    0.865 kHz, avg speed    2.025 kHz), accepted   140001/  140001 events (100.00%)
Processed   400000/15566622 entries (elapsed time   204.1s, curr speed    0.864 kHz, avg speed    1.959 kHz), accepted   150001/  150001 events (100.00%)
Processed   410000/15566622 entries (elapsed time   215.5s, curr speed    0.876 kHz, avg speed    1.902 kHz), accepted   160001/  160001 events (100.00%)
Processed   420000/15566622 entries (elapsed time   226.9s, curr speed    0.880 kHz, avg speed    1.851 kHz), accepted   170001/  170001 events (100.00%)
Processed   430000/15566622 entries (elapsed time   238.6s, curr speed    0.855 kHz, avg speed    1.802 kHz), accepted   180001/  180001 events (100.00%)
Processed   440000/15566622 entries (elapsed time   250.0s, curr speed    0.875 kHz, avg speed    1.760 kHz), accepted   190001/  190001 events (100.00%)
Processed   450000/15566622 entries (elapsed time   276.0s, curr speed    0.385 kHz, avg speed    1.630 kHz), accepted   200001/  200001 events (100.00%)
Processed   460000/15566622 entries (elapsed time   287.1s, curr speed    0.904 kHz, avg speed    1.602 kHz), accepted   210001/  210001 events (100.00%)
Processed   470000/15566622 entries (elapsed time   298.3s, curr speed    0.894 kHz, avg speed    1.576 kHz), accepted   220001/  220001 events (100.00%)
Processed   480000/15566622 entries (elapsed time   309.7s, curr speed    0.878 kHz, avg speed    1.550 kHz), accepted   230001/  230001 events (100.00%)
Processed   490000/15566622 entries (elapsed time   320.8s, curr speed    0.898 kHz, avg speed    1.527 kHz), accepted   240001/  240001 events (100.00%)
Processed 250000 entries from MY_EOS_SPACE/heppyNtuples/TREES_SingleMuon2016BCDEF_94X/SingleMuon_Run2016E_part3/treeProducerWMass/tree.root, selected 250000 entries
Done MY_EOS_SPACE/heppyNtuples/TREES_SingleMuon2016BCDEF_94X/friends/tree_Friend_SingleMuon_Run2016E_part3.chunk1.root
