000 (322891.023.000) 05/10 15:24:51 Job submitted from host: <188.184.95.166:9618?addrs=188.184.95.166-9618+[2001-1458-201-e4--100-7a0]-9618&alias=tbird02.cern.ch&noUDP&sock=schedd_2138722_faad_3>
...
040 (322891.023.000) 05/10 15:32:27 Started transferring input files
	Transferring to host: <128.142.33.137:9618?addrs=128.142.33.137-9618+[2001-1458-301-117--100-23]-9618&noUDP&sock=13007_5baa_102325>
...
040 (322891.023.000) 05/10 15:32:27 Finished transferring input files
...
001 (322891.023.000) 05/10 15:32:28 Job executing on host: <128.142.33.137:9618?addrs=128.142.33.137-9618+[2001-1458-301-117--100-23]-9618&noUDP&sock=12800_5056_3>
...
006 (322891.023.000) 05/10 15:32:36 Image size of job updated: 335240
	247  -  MemoryUsage of job (MB)
	252140  -  ResidentSetSize of job (KB)
...
006 (322891.023.000) 05/10 15:37:36 Image size of job updated: 490648
	478  -  MemoryUsage of job (MB)
	489372  -  ResidentSetSize of job (KB)
...
006 (322891.023.000) 05/10 15:38:14 Image size of job updated: 491752
	478  -  MemoryUsage of job (MB)
	489372  -  ResidentSetSize of job (KB)
...
040 (322891.023.000) 05/10 15:38:14 Started transferring output files
...
040 (322891.023.000) 05/10 15:38:14 Finished transferring output files
...
005 (322891.023.000) 05/10 15:38:14 Job terminated.
	(1) Normal termination (return value 1)
		Usr 0 00:05:07, Sys 0 00:00:37  -  Run Remote Usage
		Usr 0 00:00:00, Sys 0 00:00:00  -  Run Local Usage
		Usr 0 00:05:07, Sys 0 00:00:37  -  Total Remote Usage
		Usr 0 00:00:00, Sys 0 00:00:00  -  Total Local Usage
	9477  -  Run Bytes Sent By Job
	10941  -  Run Bytes Received By Job
	9477  -  Total Bytes Sent By Job
	10941  -  Total Bytes Received By Job
	Partitionable Resources :    Usage  Request Allocated 
	   Cpus                 :                 1           
	   Disk (KB)            :       72        1   2154711 
	   Memory (MB)          :      478     2000      2000 
...
