000 (322896.045.000) 05/10 15:24:56 Job submitted from host: <188.184.95.166:9618?addrs=188.184.95.166-9618+[2001-1458-201-e4--100-7a0]-9618&alias=tbird02.cern.ch&noUDP&sock=schedd_2138722_faad_3>
...
040 (322896.045.000) 05/10 15:37:05 Started transferring input files
	Transferring to host: <128.142.240.29:9618?addrs=128.142.240.29-9618+[2001-1458-301-f9--100-d]-9618&noUDP&sock=3763_1fb2_126164>
...
040 (322896.045.000) 05/10 15:37:05 Finished transferring input files
...
001 (322896.045.000) 05/10 15:37:06 Job executing on host: <128.142.240.29:9618?addrs=128.142.240.29-9618+[2001-1458-301-f9--100-d]-9618&noUDP&sock=2346_bd45_3>
...
006 (322896.045.000) 05/10 15:37:14 Image size of job updated: 113568
	65  -  MemoryUsage of job (MB)
	66040  -  ResidentSetSize of job (KB)
...
006 (322896.045.000) 05/10 15:42:14 Image size of job updated: 492912
	480  -  MemoryUsage of job (MB)
	491404  -  ResidentSetSize of job (KB)
...
040 (322896.045.000) 05/10 15:43:36 Started transferring output files
...
040 (322896.045.000) 05/10 15:43:37 Finished transferring output files
...
005 (322896.045.000) 05/10 15:43:37 Job terminated.
	(1) Normal termination (return value 1)
		Usr 0 00:05:13, Sys 0 00:00:36  -  Run Remote Usage
		Usr 0 00:00:00, Sys 0 00:00:00  -  Run Local Usage
		Usr 0 00:05:13, Sys 0 00:00:36  -  Total Remote Usage
		Usr 0 00:00:00, Sys 0 00:00:00  -  Total Local Usage
	9479  -  Run Bytes Sent By Job
	10941  -  Run Bytes Received By Job
	9479  -  Total Bytes Sent By Job
	10941  -  Total Bytes Received By Job
	Partitionable Resources :    Usage  Request Allocated 
	   Cpus                 :                 1           
	   Disk (KB)            :       72        1   2193727 
	   Memory (MB)          :      480     2000      2000 
...
