000 (322892.047.000) 05/10 15:24:52 Job submitted from host: <188.184.95.166:9618?addrs=188.184.95.166-9618+[2001-1458-201-e4--100-7a0]-9618&alias=tbird02.cern.ch&noUDP&sock=schedd_2138722_faad_3>
...
040 (322892.047.000) 05/10 15:33:48 Started transferring input files
	Transferring to host: <128.142.240.33:9618?addrs=128.142.240.33-9618+[2001-1458-301-f9--100-3a]-9618&noUDP&sock=4044_1d1e_126148>
...
040 (322892.047.000) 05/10 15:33:48 Finished transferring input files
...
001 (322892.047.000) 05/10 15:33:49 Job executing on host: <128.142.240.33:9618?addrs=128.142.240.33-9618+[2001-1458-301-f9--100-3a]-9618&noUDP&sock=2332_22f2_3>
...
006 (322892.047.000) 05/10 15:33:58 Image size of job updated: 214228
	136  -  MemoryUsage of job (MB)
	138252  -  ResidentSetSize of job (KB)
...
006 (322892.047.000) 05/10 15:38:59 Image size of job updated: 495040
	482  -  MemoryUsage of job (MB)
	492720  -  ResidentSetSize of job (KB)
...
040 (322892.047.000) 05/10 15:39:52 Started transferring output files
...
040 (322892.047.000) 05/10 15:39:52 Finished transferring output files
...
005 (322892.047.000) 05/10 15:39:52 Job terminated.
	(1) Normal termination (return value 1)
		Usr 0 00:05:16, Sys 0 00:00:33  -  Run Remote Usage
		Usr 0 00:00:00, Sys 0 00:00:00  -  Run Local Usage
		Usr 0 00:05:16, Sys 0 00:00:33  -  Total Remote Usage
		Usr 0 00:00:00, Sys 0 00:00:00  -  Total Local Usage
	9479  -  Run Bytes Sent By Job
	10941  -  Run Bytes Received By Job
	9479  -  Total Bytes Sent By Job
	10941  -  Total Bytes Received By Job
	Partitionable Resources :    Usage  Request Allocated 
	   Cpus                 :                 1           
	   Disk (KB)            :       72        1   2162176 
	   Memory (MB)          :      482     2000      2000 
...
