000 (322890.022.000) 05/10 15:24:50 Job submitted from host: <188.184.95.166:9618?addrs=188.184.95.166-9618+[2001-1458-201-e4--100-7a0]-9618&alias=tbird02.cern.ch&noUDP&sock=schedd_2138722_faad_3>
...
040 (322890.022.000) 05/10 15:32:06 Started transferring input files
	Transferring to host: <188.184.132.15:9618?addrs=188.184.132.15-9618+[2001-1458-301-a0--100-f]-9618&noUDP&sock=4202_7064_126323>
...
040 (322890.022.000) 05/10 15:32:06 Finished transferring input files
...
001 (322890.022.000) 05/10 15:32:07 Job executing on host: <188.184.132.15:9618?addrs=188.184.132.15-9618+[2001-1458-301-a0--100-f]-9618&noUDP&sock=2331_7359_3>
...
006 (322890.022.000) 05/10 15:32:15 Image size of job updated: 311124
	223  -  MemoryUsage of job (MB)
	228092  -  ResidentSetSize of job (KB)
...
006 (322890.022.000) 05/10 15:37:15 Image size of job updated: 493556
	481  -  MemoryUsage of job (MB)
	492388  -  ResidentSetSize of job (KB)
...
040 (322890.022.000) 05/10 15:38:03 Started transferring output files
...
040 (322890.022.000) 05/10 15:38:03 Finished transferring output files
...
005 (322890.022.000) 05/10 15:38:03 Job terminated.
	(1) Normal termination (return value 1)
		Usr 0 00:05:16, Sys 0 00:00:34  -  Run Remote Usage
		Usr 0 00:00:00, Sys 0 00:00:00  -  Run Local Usage
		Usr 0 00:05:16, Sys 0 00:00:34  -  Total Remote Usage
		Usr 0 00:00:00, Sys 0 00:00:00  -  Total Local Usage
	9477  -  Run Bytes Sent By Job
	10941  -  Run Bytes Received By Job
	9477  -  Total Bytes Sent By Job
	10941  -  Total Bytes Received By Job
	Partitionable Resources :    Usage  Request Allocated 
	   Cpus                 :                 1           
	   Disk (KB)            :       72        1   2116011 
	   Memory (MB)          :      481     2000      2000 
...
