   SingleMuon_Run2016D_part4   DATA  54 chunks


I have 1 taks to process
I'm using the following list of modules DEFAULT_MODULES
this is jobs [('SingleMuon_Run2016D_part4', 'MY_EOS_SPACE/heppyNtuples/TREES_SingleMuon2016BCDEF_94X/SingleMuon_Run2016D_part4/treeProducerWMass/tree.root', 22111481.0, '_Friend_SingleMuon_Run2016D_part4.chunk42', True, xrange(10500000, 10750000), 42)]
Modules to run:  []   name =  puWeight
Loading puWeight from CMGTools.WMass.postprocessing.examples.puWeightProducer 
Running on dataset =  SingleMuon_Run2016D_part4
TFile: name=/afs/cern.ch/work/m/mciprian/w_mass_analysis/heppy/rel_slc7/CMSSW_9_4_12/src/CMGTools/WMass/python/postprocessing/data/pileup/pileup_profile_Summer16.root, title=, option=READ
TFile: name=/afs/cern.ch/work/m/mciprian/w_mass_analysis/heppy/rel_slc7/CMSSW_9_4_12/src/CMGTools/WMass/python/postprocessing/data/pileup/PileupData_GoldenJSON_Full2016.root, title=, option=READ
Load C++ Worker
Modules to run:  []   name =  puWeight2016BF
Loading puWeight2016BF from CMGTools.WMass.postprocessing.examples.puWeightProducer 
Running on dataset =  SingleMuon_Run2016D_part4
TFile: name=/afs/cern.ch/work/m/mciprian/w_mass_analysis/heppy/rel_slc7/CMSSW_9_4_12/src/CMGTools/WMass/python/postprocessing/data/pileup/pileup_profile_Summer16.root, title=, option=READ
TFile: name=/afs/cern.ch/work/m/mciprian/w_mass_analysis/heppy/rel_slc7/CMSSW_9_4_12/src/CMGTools/WMass/python/postprocessing/data/pileup/PileupData_GoldenJSON_2016BF.root, title=, option=READ
Modules to run:  []   name =  lepQCDAwayJetAll
Loading lepQCDAwayJetAll from CMGTools.WMass.postprocessing.examples.lepVarProducer 
Running on dataset =  SingleMuon_Run2016D_part4
Modules to run:  []   name =  muCalibratedWithStatVar
Loading muCalibratedWithStatVar from CMGTools.WMass.postprocessing.examples.lepVarProducer 
Running on dataset =  SingleMuon_Run2016D_part4
did not find EnergyScaleCorrection shared object, rebuilding
trying to load all the rochester correction libraries
did not find legacy data roccor. rebuilding...
done building legacy data roccor.
Modules to run:  []   name =  jetAllReCleaner
Loading jetAllReCleaner from CMGTools.WMass.postprocessing.examples.jetReCleaner 
Running on dataset =  SingleMuon_Run2016D_part4
Load C++ Worker
Modules to run:  []   name =  jetReCleaner
Loading jetReCleaner from CMGTools.WMass.postprocessing.examples.jetReCleaner 
Running on dataset =  SingleMuon_Run2016D_part4
Load C++ Worker
Modules to run:  []   name =  genQEDJets
Loading genQEDJets from CMGTools.WMass.postprocessing.examples.genFriendProducer 
Running on dataset =  SingleMuon_Run2016D_part4
Will write selected trees to MY_EOS_SPACE/heppyNtuples/TREES_SingleMuon2016BCDEF_94X/friends/
Normalization of pu_mc: 0.999973
Normalization of pileup: 3.65129e+10
Weights for variable pu_mc with a number of bins equal to 76:
1 1 1 1 1 1 1 1 1 1 1.616 1.923 1.917 1.762 1.611 1.554 1.506 1.414 1.317 1.241 1.169 1.109 1.071 1.04 1.019 1.001 0.9873 0.9825 0.9828 0.9811 0.9811 0.9792 0.9531 0.9274 0.8773 0.8171 0.7432 0.6594 0.5661 0.4725 0.3811 0.2987 0.2215 0.1581 0 0 0 0 0 0 0 0 0 0 0 1 1 1 1 1 1 1 1 1 1 1 1 1 1 1 1 1 1 1 1 1 .
Final weights: 
1 1 1 1 1 1 1 1 1 1 1.616 1.923 1.917 1.762 1.611 1.554 1.506 1.414 1.317 1.241 1.169 1.109 1.071 1.04 1.019 1.001 0.9873 0.9825 0.9828 0.9811 0.9811 0.9792 0.9531 0.9274 0.8773 0.8171 0.7432 0.6594 0.5661 0.4725 0.3811 0.2987 0.2215 0.1581 0 0 0 0 0 0 0 0 0 0 0 1 1 1 1 1 1 1 1 1 1 1 1 1 1 1 1 1 1 1 1 1 .
Normalization of pu_mc: 1
Normalization of pileup: 2.014e+10
Weights for variable pu_mc with a number of bins equal to 76:
1 1 1 1 1 1 1 1 1 1 2.784 3.074 2.661 2.24 1.976 1.881 1.801 1.669 1.544 1.453 1.364 1.27 1.186 1.113 1.061 1.016 0.9702 0.9245 0.8754 0.8192 0.7629 0.7065 0.6366 0.5722 0.4984 0.4252 0.3515 0.2804 0.2137 0.1564 0.1092 0 0 0 0 0 0 0 0 0 0 0 0 0 0 1 1 1 1 1 1 1 1 1 1 1 1 1 1 1 1 1 1 1 1 1 .
For maximum weight 3.074: integral relative change: 0
Final weights: 
1 1 1 1 1 1 1 1 1 1 2.784 3.074 2.661 2.24 1.976 1.881 1.801 1.669 1.544 1.453 1.364 1.27 1.186 1.113 1.061 1.016 0.9702 0.9245 0.8754 0.8192 0.7629 0.7065 0.6366 0.5722 0.4984 0.4252 0.3515 0.2804 0.2137 0.1564 0.1092 0 0 0 0 0 0 0 0 0 0 0 0 0 0 1 1 1 1 1 1 1 1 1 1 1 1 1 1 1 1 1 1 1 1 1 .
begin job of lepCalProducer
initializing all the rochester correction objects
initializing the egamma calibrator
Processed 10500000/13447062 entries (elapsed time     0.3s, curr speed   34.483 kHz, avg speed 36206.897 kHz), accepted        1/       1 events (100.00%)
Processed 10510000/13447062 entries (elapsed time    16.9s, curr speed    0.602 kHz, avg speed  621.526 kHz), accepted    10001/   10001 events (100.00%)
Processed 10520000/13447062 entries (elapsed time    35.2s, curr speed    0.548 kHz, avg speed  299.119 kHz), accepted    20001/   20001 events (100.00%)
Processed 10530000/13447062 entries (elapsed time    53.5s, curr speed    0.546 kHz, avg speed  196.896 kHz), accepted    30001/   30001 events (100.00%)
Processed 10540000/13447062 entries (elapsed time    70.8s, curr speed    0.578 kHz, avg speed  148.933 kHz), accepted    40001/   40001 events (100.00%)
Processed 10550000/13447062 entries (elapsed time    88.5s, curr speed    0.563 kHz, avg speed  119.169 kHz), accepted    50001/   50001 events (100.00%)
Processed 10560000/13447062 entries (elapsed time   107.2s, curr speed    0.536 kHz, avg speed   98.535 kHz), accepted    60001/   60001 events (100.00%)
Processed 10570000/13447062 entries (elapsed time   124.8s, curr speed    0.569 kHz, avg speed   84.729 kHz), accepted    70001/   70001 events (100.00%)
Processed 10580000/13447062 entries (elapsed time   141.0s, curr speed    0.617 kHz, avg speed   75.057 kHz), accepted    80001/   80001 events (100.00%)
Processed 10590000/13447062 entries (elapsed time   158.3s, curr speed    0.576 kHz, avg speed   66.886 kHz), accepted    90001/   90001 events (100.00%)
Processed 10600000/13447062 entries (elapsed time   176.7s, curr speed    0.545 kHz, avg speed   59.999 kHz), accepted   100001/  100001 events (100.00%)
Processed 10610000/13447062 entries (elapsed time   193.8s, curr speed    0.582 kHz, avg speed   54.733 kHz), accepted   110001/  110001 events (100.00%)
Processed 10620000/13447062 entries (elapsed time   212.1s, curr speed    0.549 kHz, avg speed   50.083 kHz), accepted   120001/  120001 events (100.00%)
Processed 10630000/13447062 entries (elapsed time   252.3s, curr speed    0.248 kHz, avg speed   42.132 kHz), accepted   130001/  130001 events (100.00%)
Processed 10640000/13447062 entries (elapsed time   269.8s, curr speed    0.573 kHz, avg speed   39.444 kHz), accepted   140001/  140001 events (100.00%)
Processed 10650000/13447062 entries (elapsed time   287.9s, curr speed    0.551 kHz, avg speed   36.992 kHz), accepted   150001/  150001 events (100.00%)
Processed 10660000/13447062 entries (elapsed time   305.3s, curr speed    0.575 kHz, avg speed   34.916 kHz), accepted   160001/  160001 events (100.00%)
Processed 10670000/13447062 entries (elapsed time   322.4s, curr speed    0.583 kHz, avg speed   33.091 kHz), accepted   170001/  170001 events (100.00%)
Processed 10680000/13447062 entries (elapsed time   338.4s, curr speed    0.628 kHz, avg speed   31.564 kHz), accepted   180001/  180001 events (100.00%)
Processed 10690000/13447062 entries (elapsed time   353.9s, curr speed    0.642 kHz, avg speed   30.204 kHz), accepted   190001/  190001 events (100.00%)
Processed 10700000/13447062 entries (elapsed time   389.4s, curr speed    0.282 kHz, avg speed   27.481 kHz), accepted   200001/  200001 events (100.00%)
Processed 10710000/13447062 entries (elapsed time   405.5s, curr speed    0.621 kHz, avg speed   26.414 kHz), accepted   210001/  210001 events (100.00%)
Processed 10720000/13447062 entries (elapsed time   421.1s, curr speed    0.642 kHz, avg speed   25.460 kHz), accepted   220001/  220001 events (100.00%)
Processed 10730000/13447062 entries (elapsed time   435.1s, curr speed    0.714 kHz, avg speed   24.664 kHz), accepted   230001/  230001 events (100.00%)
Processed 10740000/13447062 entries (elapsed time   446.7s, curr speed    0.859 kHz, avg speed   24.044 kHz), accepted   240001/  240001 events (100.00%)
Processed 250000 entries from MY_EOS_SPACE/heppyNtuples/TREES_SingleMuon2016BCDEF_94X/SingleMuon_Run2016D_part4/treeProducerWMass/tree.root, selected 250000 entries
Done MY_EOS_SPACE/heppyNtuples/TREES_SingleMuon2016BCDEF_94X/friends/tree_Friend_SingleMuon_Run2016D_part4.chunk42.root
