000 (322893.018.000) 05/10 15:24:53 Job submitted from host: <188.184.95.166:9618?addrs=188.184.95.166-9618+[2001-1458-201-e4--100-7a0]-9618&alias=tbird02.cern.ch&noUDP&sock=schedd_2138722_faad_3>
...
040 (322893.018.000) 05/10 15:34:08 Started transferring input files
	Transferring to host: <128.142.240.19:9618?addrs=128.142.240.19-9618+[2001-1458-301-f9--100-1f]-9618&noUDP&sock=2527_4000_58488>
...
040 (322893.018.000) 05/10 15:34:08 Finished transferring input files
...
001 (322893.018.000) 05/10 15:34:09 Job executing on host: <128.142.240.19:9618?addrs=128.142.240.19-9618+[2001-1458-301-f9--100-1f]-9618&noUDP&sock=2278_18d5_3>
...
006 (322893.018.000) 05/10 15:34:17 Image size of job updated: 275112
	193  -  MemoryUsage of job (MB)
	197324  -  ResidentSetSize of job (KB)
...
006 (322893.018.000) 05/10 15:39:17 Image size of job updated: 493592
	481  -  MemoryUsage of job (MB)
	492428  -  ResidentSetSize of job (KB)
...
040 (322893.018.000) 05/10 15:40:05 Started transferring output files
...
040 (322893.018.000) 05/10 15:40:05 Finished transferring output files
...
005 (322893.018.000) 05/10 15:40:05 Job terminated.
	(1) Normal termination (return value 1)
		Usr 0 00:05:04, Sys 0 00:00:34  -  Run Remote Usage
		Usr 0 00:00:00, Sys 0 00:00:00  -  Run Local Usage
		Usr 0 00:05:04, Sys 0 00:00:34  -  Total Remote Usage
		Usr 0 00:00:00, Sys 0 00:00:00  -  Total Local Usage
	9477  -  Run Bytes Sent By Job
	10941  -  Run Bytes Received By Job
	9477  -  Total Bytes Sent By Job
	10941  -  Total Bytes Received By Job
	Partitionable Resources :    Usage  Request Allocated 
	   Cpus                 :                 1           
	   Disk (KB)            :       72        1   2205013 
	   Memory (MB)          :      481     2000      2000 
...
