   SingleMuon_Run2016F_part2   DATA  64 chunks


I have 1 taks to process
I'm using the following list of modules DEFAULT_MODULES
this is jobs [('SingleMuon_Run2016F_part2', 'MY_EOS_SPACE/heppyNtuples/TREES_SingleMuon2016BCDEF_94X/SingleMuon_Run2016F_part2/treeProducerWMass/tree.root', 24596890.0, '_Friend_SingleMuon_Run2016F_part2.chunk39', True, xrange(9750000, 10000000), 39)]
Modules to run:  []   name =  puWeight
Loading puWeight from CMGTools.WMass.postprocessing.examples.puWeightProducer 
Running on dataset =  SingleMuon_Run2016F_part2
TFile: name=/afs/cern.ch/work/m/mciprian/w_mass_analysis/heppy/rel_slc7/CMSSW_9_4_12/src/CMGTools/WMass/python/postprocessing/data/pileup/pileup_profile_Summer16.root, title=, option=READ
TFile: name=/afs/cern.ch/work/m/mciprian/w_mass_analysis/heppy/rel_slc7/CMSSW_9_4_12/src/CMGTools/WMass/python/postprocessing/data/pileup/PileupData_GoldenJSON_Full2016.root, title=, option=READ
Load C++ Worker
Modules to run:  []   name =  puWeight2016BF
Loading puWeight2016BF from CMGTools.WMass.postprocessing.examples.puWeightProducer 
Running on dataset =  SingleMuon_Run2016F_part2
TFile: name=/afs/cern.ch/work/m/mciprian/w_mass_analysis/heppy/rel_slc7/CMSSW_9_4_12/src/CMGTools/WMass/python/postprocessing/data/pileup/pileup_profile_Summer16.root, title=, option=READ
TFile: name=/afs/cern.ch/work/m/mciprian/w_mass_analysis/heppy/rel_slc7/CMSSW_9_4_12/src/CMGTools/WMass/python/postprocessing/data/pileup/PileupData_GoldenJSON_2016BF.root, title=, option=READ
Modules to run:  []   name =  lepQCDAwayJetAll
Loading lepQCDAwayJetAll from CMGTools.WMass.postprocessing.examples.lepVarProducer 
Running on dataset =  SingleMuon_Run2016F_part2
Modules to run:  []   name =  muCalibratedWithStatVar
Loading muCalibratedWithStatVar from CMGTools.WMass.postprocessing.examples.lepVarProducer 
Running on dataset =  SingleMuon_Run2016F_part2
did not find EnergyScaleCorrection shared object, rebuilding
trying to load all the rochester correction libraries
did not find legacy data roccor. rebuilding...
done building legacy data roccor.
Modules to run:  []   name =  jetAllReCleaner
Loading jetAllReCleaner from CMGTools.WMass.postprocessing.examples.jetReCleaner 
Running on dataset =  SingleMuon_Run2016F_part2
Load C++ Worker
Modules to run:  []   name =  jetReCleaner
Loading jetReCleaner from CMGTools.WMass.postprocessing.examples.jetReCleaner 
Running on dataset =  SingleMuon_Run2016F_part2
Load C++ Worker
Modules to run:  []   name =  genQEDJets
Loading genQEDJets from CMGTools.WMass.postprocessing.examples.genFriendProducer 
Running on dataset =  SingleMuon_Run2016F_part2
Will write selected trees to MY_EOS_SPACE/heppyNtuples/TREES_SingleMuon2016BCDEF_94X/friends/
Normalization of pu_mc: 0.999973
Normalization of pileup: 3.65129e+10
Weights for variable pu_mc with a number of bins equal to 76:
1 1 1 1 1 1 1 1 1 1 1.616 1.923 1.917 1.762 1.611 1.554 1.506 1.414 1.317 1.241 1.169 1.109 1.071 1.04 1.019 1.001 0.9873 0.9825 0.9828 0.9811 0.9811 0.9792 0.9531 0.9274 0.8773 0.8171 0.7432 0.6594 0.5661 0.4725 0.3811 0.2987 0.2215 0.1581 0 0 0 0 0 0 0 0 0 0 0 1 1 1 1 1 1 1 1 1 1 1 1 1 1 1 1 1 1 1 1 1 .
Final weights: 
1 1 1 1 1 1 1 1 1 1 1.616 1.923 1.917 1.762 1.611 1.554 1.506 1.414 1.317 1.241 1.169 1.109 1.071 1.04 1.019 1.001 0.9873 0.9825 0.9828 0.9811 0.9811 0.9792 0.9531 0.9274 0.8773 0.8171 0.7432 0.6594 0.5661 0.4725 0.3811 0.2987 0.2215 0.1581 0 0 0 0 0 0 0 0 0 0 0 1 1 1 1 1 1 1 1 1 1 1 1 1 1 1 1 1 1 1 1 1 .
Normalization of pu_mc: 1
Normalization of pileup: 2.014e+10
Weights for variable pu_mc with a number of bins equal to 76:
1 1 1 1 1 1 1 1 1 1 2.784 3.074 2.661 2.24 1.976 1.881 1.801 1.669 1.544 1.453 1.364 1.27 1.186 1.113 1.061 1.016 0.9702 0.9245 0.8754 0.8192 0.7629 0.7065 0.6366 0.5722 0.4984 0.4252 0.3515 0.2804 0.2137 0.1564 0.1092 0 0 0 0 0 0 0 0 0 0 0 0 0 0 1 1 1 1 1 1 1 1 1 1 1 1 1 1 1 1 1 1 1 1 1 .
For maximum weight 3.074: integral relative change: 0
Final weights: 
1 1 1 1 1 1 1 1 1 1 2.784 3.074 2.661 2.24 1.976 1.881 1.801 1.669 1.544 1.453 1.364 1.27 1.186 1.113 1.061 1.016 0.9702 0.9245 0.8754 0.8192 0.7629 0.7065 0.6366 0.5722 0.4984 0.4252 0.3515 0.2804 0.2137 0.1564 0.1092 0 0 0 0 0 0 0 0 0 0 0 0 0 0 1 1 1 1 1 1 1 1 1 1 1 1 1 1 1 1 1 1 1 1 1 .
begin job of lepCalProducer
initializing all the rochester correction objects
initializing the egamma calibrator
Processed  9750000/15896711 entries (elapsed time     0.2s, curr speed   45.455 kHz, avg speed 44318.182 kHz), accepted        1/       1 events (100.00%)
Processed  9760000/15896711 entries (elapsed time    13.9s, curr speed    0.731 kHz, avg speed  702.158 kHz), accepted    10001/   10001 events (100.00%)
Processed  9770000/15896711 entries (elapsed time    28.3s, curr speed    0.695 kHz, avg speed  345.474 kHz), accepted    20001/   20001 events (100.00%)
Processed  9780000/15896711 entries (elapsed time    42.7s, curr speed    0.692 kHz, avg speed  228.825 kHz), accepted    30001/   30001 events (100.00%)
Processed  9790000/15896711 entries (elapsed time    57.1s, curr speed    0.694 kHz, avg speed  171.334 kHz), accepted    40001/   40001 events (100.00%)
Processed  9800000/15896711 entries (elapsed time    71.6s, curr speed    0.692 kHz, avg speed  136.891 kHz), accepted    50001/   50001 events (100.00%)
Processed  9810000/15896711 entries (elapsed time    86.0s, curr speed    0.695 kHz, avg speed  114.096 kHz), accepted    60001/   60001 events (100.00%)
Processed  9820000/15896711 entries (elapsed time    99.3s, curr speed    0.749 kHz, avg speed   98.862 kHz), accepted    70001/   70001 events (100.00%)
Processed  9830000/15896711 entries (elapsed time   111.4s, curr speed    0.826 kHz, avg speed   88.217 kHz), accepted    80001/   80001 events (100.00%)
Processed  9840000/15896711 entries (elapsed time   123.7s, curr speed    0.814 kHz, avg speed   79.541 kHz), accepted    90001/   90001 events (100.00%)
Processed  9850000/15896711 entries (elapsed time   136.0s, curr speed    0.814 kHz, avg speed   72.426 kHz), accepted   100001/  100001 events (100.00%)
Processed  9860000/15896711 entries (elapsed time   148.1s, curr speed    0.824 kHz, avg speed   66.563 kHz), accepted   110001/  110001 events (100.00%)
Processed  9870000/15896711 entries (elapsed time   160.5s, curr speed    0.811 kHz, avg speed   61.511 kHz), accepted   120001/  120001 events (100.00%)
Processed  9880000/15896711 entries (elapsed time   191.3s, curr speed    0.324 kHz, avg speed   51.636 kHz), accepted   130001/  130001 events (100.00%)
Processed  9890000/15896711 entries (elapsed time   203.5s, curr speed    0.819 kHz, avg speed   48.588 kHz), accepted   140001/  140001 events (100.00%)
Processed  9900000/15896711 entries (elapsed time   215.6s, curr speed    0.833 kHz, avg speed   45.927 kHz), accepted   150001/  150001 events (100.00%)
Processed  9910000/15896711 entries (elapsed time   227.6s, curr speed    0.829 kHz, avg speed   43.536 kHz), accepted   160001/  160001 events (100.00%)
Processed  9920000/15896711 entries (elapsed time   239.7s, curr speed    0.831 kHz, avg speed   41.392 kHz), accepted   170001/  170001 events (100.00%)
Processed  9930000/15896711 entries (elapsed time   251.6s, curr speed    0.836 kHz, avg speed   39.464 kHz), accepted   180001/  180001 events (100.00%)
Processed  9940000/15896711 entries (elapsed time   263.5s, curr speed    0.841 kHz, avg speed   37.722 kHz), accepted   190001/  190001 events (100.00%)
Processed  9950000/15896711 entries (elapsed time   292.8s, curr speed    0.342 kHz, avg speed   33.987 kHz), accepted   200001/  200001 events (100.00%)
Processed  9960000/15896711 entries (elapsed time   304.7s, curr speed    0.835 kHz, avg speed   32.684 kHz), accepted   210001/  210001 events (100.00%)
Processed  9970000/15896711 entries (elapsed time   316.8s, curr speed    0.826 kHz, avg speed   31.466 kHz), accepted   220001/  220001 events (100.00%)
Processed  9980000/15896711 entries (elapsed time   328.7s, curr speed    0.842 kHz, avg speed   30.360 kHz), accepted   230001/  230001 events (100.00%)
Processed  9990000/15896711 entries (elapsed time   340.8s, curr speed    0.829 kHz, avg speed   29.314 kHz), accepted   240001/  240001 events (100.00%)
Processed 250000 entries from MY_EOS_SPACE/heppyNtuples/TREES_SingleMuon2016BCDEF_94X/SingleMuon_Run2016F_part2/treeProducerWMass/tree.root, selected 250000 entries
Done MY_EOS_SPACE/heppyNtuples/TREES_SingleMuon2016BCDEF_94X/friends/tree_Friend_SingleMuon_Run2016F_part2.chunk39.root
