000 (322888.010.000) 05/10 15:24:49 Job submitted from host: <188.184.95.166:9618?addrs=188.184.95.166-9618+[2001-1458-201-e4--100-7a0]-9618&alias=tbird02.cern.ch&noUDP&sock=schedd_2138722_faad_3>
...
040 (322888.010.000) 05/10 15:30:35 Started transferring input files
	Transferring to host: <188.184.133.231:9618?addrs=188.184.133.231-9618+[2001-1458-301-a0--100-396]-9618&noUDP&sock=12972_b289_102162>
...
040 (322888.010.000) 05/10 15:30:35 Finished transferring input files
...
001 (322888.010.000) 05/10 15:30:36 Job executing on host: <188.184.133.231:9618?addrs=188.184.133.231-9618+[2001-1458-301-a0--100-396]-9618&noUDP&sock=12765_4e85_3>
...
006 (322888.010.000) 05/10 15:30:45 Image size of job updated: 333560
	244  -  MemoryUsage of job (MB)
	249112  -  ResidentSetSize of job (KB)
...
006 (322888.010.000) 05/10 15:35:46 Image size of job updated: 490252
	479  -  MemoryUsage of job (MB)
	489880  -  ResidentSetSize of job (KB)
...
040 (322888.010.000) 05/10 15:36:25 Started transferring output files
...
040 (322888.010.000) 05/10 15:36:25 Finished transferring output files
...
005 (322888.010.000) 05/10 15:36:25 Job terminated.
	(1) Normal termination (return value 1)
		Usr 0 00:05:08, Sys 0 00:00:35  -  Run Remote Usage
		Usr 0 00:00:00, Sys 0 00:00:00  -  Run Local Usage
		Usr 0 00:05:08, Sys 0 00:00:35  -  Total Remote Usage
		Usr 0 00:00:00, Sys 0 00:00:00  -  Total Local Usage
	9476  -  Run Bytes Sent By Job
	10941  -  Run Bytes Received By Job
	9476  -  Total Bytes Sent By Job
	10941  -  Total Bytes Received By Job
	Partitionable Resources :    Usage  Request Allocated 
	   Cpus                 :                 1           
	   Disk (KB)            :       72        1   2105129 
	   Memory (MB)          :      479     2000      2000 
...
