000 (322894.035.000) 05/10 15:24:54 Job submitted from host: <188.184.95.166:9618?addrs=188.184.95.166-9618+[2001-1458-201-e4--100-7a0]-9618&alias=tbird02.cern.ch&noUDP&sock=schedd_2138722_faad_3>
...
040 (322894.035.000) 05/10 15:35:32 Started transferring input files
	Transferring to host: <188.184.186.35:9618?addrs=188.184.186.35-9618+[2001-1458-301-f8--100-21]-9618&noUDP&sock=4126_e3e1_125891>
...
040 (322894.035.000) 05/10 15:35:32 Finished transferring input files
...
001 (322894.035.000) 05/10 15:35:33 Job executing on host: <188.184.186.35:9618?addrs=188.184.186.35-9618+[2001-1458-301-f8--100-21]-9618&noUDP&sock=2421_2ee0_3>
...
006 (322894.035.000) 05/10 15:35:41 Image size of job updated: 192824
	114  -  MemoryUsage of job (MB)
	116568  -  ResidentSetSize of job (KB)
...
006 (322894.035.000) 05/10 15:40:41 Image size of job updated: 492944
	480  -  MemoryUsage of job (MB)
	490636  -  ResidentSetSize of job (KB)
...
040 (322894.035.000) 05/10 15:41:37 Started transferring output files
...
040 (322894.035.000) 05/10 15:41:37 Finished transferring output files
...
005 (322894.035.000) 05/10 15:41:37 Job terminated.
	(1) Normal termination (return value 1)
		Usr 0 00:05:21, Sys 0 00:00:34  -  Run Remote Usage
		Usr 0 00:00:00, Sys 0 00:00:00  -  Run Local Usage
		Usr 0 00:05:21, Sys 0 00:00:34  -  Total Remote Usage
		Usr 0 00:00:00, Sys 0 00:00:00  -  Total Local Usage
	9477  -  Run Bytes Sent By Job
	10941  -  Run Bytes Received By Job
	9477  -  Total Bytes Sent By Job
	10941  -  Total Bytes Received By Job
	Partitionable Resources :    Usage  Request Allocated 
	   Cpus                 :                 1           
	   Disk (KB)            :       72        1   2120533 
	   Memory (MB)          :      480     2000      2000 
...
