000 (322890.012.000) 05/10 15:24:50 Job submitted from host: <188.184.95.166:9618?addrs=188.184.95.166-9618+[2001-1458-201-e4--100-7a0]-9618&alias=tbird02.cern.ch&noUDP&sock=schedd_2138722_faad_3>
...
040 (322890.012.000) 05/10 15:32:01 Started transferring input files
	Transferring to host: <188.184.186.15:9618?addrs=188.184.186.15-9618+[2001-1458-301-f8--100-3]-9618&noUDP&sock=4105_1800_126168>
...
040 (322890.012.000) 05/10 15:32:01 Finished transferring input files
...
001 (322890.012.000) 05/10 15:32:02 Job executing on host: <188.184.186.15:9618?addrs=188.184.186.15-9618+[2001-1458-301-f8--100-3]-9618&noUDP&sock=2328_6491_3>
...
006 (322890.012.000) 05/10 15:32:11 Image size of job updated: 315148
	227  -  MemoryUsage of job (MB)
	232284  -  ResidentSetSize of job (KB)
...
006 (322890.012.000) 05/10 15:37:12 Image size of job updated: 495228
	482  -  MemoryUsage of job (MB)
	492824  -  ResidentSetSize of job (KB)
...
040 (322890.012.000) 05/10 15:37:43 Started transferring output files
...
040 (322890.012.000) 05/10 15:37:43 Finished transferring output files
...
005 (322890.012.000) 05/10 15:37:43 Job terminated.
	(1) Normal termination (return value 1)
		Usr 0 00:05:01, Sys 0 00:00:34  -  Run Remote Usage
		Usr 0 00:00:00, Sys 0 00:00:00  -  Run Local Usage
		Usr 0 00:05:01, Sys 0 00:00:34  -  Total Remote Usage
		Usr 0 00:00:00, Sys 0 00:00:00  -  Total Local Usage
	9477  -  Run Bytes Sent By Job
	10941  -  Run Bytes Received By Job
	9477  -  Total Bytes Sent By Job
	10941  -  Total Bytes Received By Job
	Partitionable Resources :    Usage  Request Allocated 
	   Cpus                 :                 1           
	   Disk (KB)            :       72        1   2138951 
	   Memory (MB)          :      482     2000      2000 
...
