000 (322890.040.000) 05/10 15:24:50 Job submitted from host: <188.184.95.166:9618?addrs=188.184.95.166-9618+[2001-1458-201-e4--100-7a0]-9618&alias=tbird02.cern.ch&noUDP&sock=schedd_2138722_faad_3>
...
040 (322890.040.000) 05/10 15:32:14 Started transferring input files
	Transferring to host: <128.142.33.182:9618?addrs=128.142.33.182-9618+[2001-1458-301-117--100-304]-9618&noUDP&sock=13469_e0fd_101884>
...
040 (322890.040.000) 05/10 15:32:14 Finished transferring input files
...
001 (322890.040.000) 05/10 15:32:15 Job executing on host: <128.142.33.182:9618?addrs=128.142.33.182-9618+[2001-1458-301-117--100-304]-9618&noUDP&sock=13369_99b9_3>
...
006 (322890.040.000) 05/10 15:32:24 Image size of job updated: 337684
	247  -  MemoryUsage of job (MB)
	252360  -  ResidentSetSize of job (KB)
...
006 (322890.040.000) 05/10 15:37:25 Image size of job updated: 578240
	482  -  MemoryUsage of job (MB)
	492748  -  ResidentSetSize of job (KB)
...
040 (322890.040.000) 05/10 15:38:22 Started transferring output files
...
040 (322890.040.000) 05/10 15:38:22 Finished transferring output files
...
005 (322890.040.000) 05/10 15:38:22 Job terminated.
	(1) Normal termination (return value 1)
		Usr 0 00:05:28, Sys 0 00:00:34  -  Run Remote Usage
		Usr 0 00:00:00, Sys 0 00:00:00  -  Run Local Usage
		Usr 0 00:05:28, Sys 0 00:00:34  -  Total Remote Usage
		Usr 0 00:00:00, Sys 0 00:00:00  -  Total Local Usage
	9479  -  Run Bytes Sent By Job
	10941  -  Run Bytes Received By Job
	9479  -  Total Bytes Sent By Job
	10941  -  Total Bytes Received By Job
	Partitionable Resources :    Usage  Request Allocated 
	   Cpus                 :                 1           
	   Disk (KB)            :       72        1   2133024 
	   Memory (MB)          :      482     2000      2000 
...
