000 (322887.016.000) 05/10 15:24:47 Job submitted from host: <188.184.95.166:9618?addrs=188.184.95.166-9618+[2001-1458-201-e4--100-7a0]-9618&alias=tbird02.cern.ch&noUDP&sock=schedd_2138722_faad_3>
...
040 (322887.016.000) 05/10 15:28:18 Started transferring input files
	Transferring to host: <188.184.207.149:9618?addrs=188.184.207.149-9618+[2001-1458-301-7d--100-47c]-9618&noUDP&sock=23774_af00_18290>
...
040 (322887.016.000) 05/10 15:28:18 Finished transferring input files
...
001 (322887.016.000) 05/10 15:28:19 Job executing on host: <188.184.207.149:9618?addrs=188.184.207.149-9618+[2001-1458-301-7d--100-47c]-9618&noUDP&sock=2317_d906_3>
...
006 (322887.016.000) 05/10 15:28:27 Image size of job updated: 111004
	104  -  MemoryUsage of job (MB)
	105700  -  ResidentSetSize of job (KB)
...
006 (322887.016.000) 05/10 15:33:27 Image size of job updated: 487888
	472  -  MemoryUsage of job (MB)
	482448  -  ResidentSetSize of job (KB)
...
006 (322887.016.000) 05/10 15:38:28 Image size of job updated: 489212
	478  -  MemoryUsage of job (MB)
	488752  -  ResidentSetSize of job (KB)
...
040 (322887.016.000) 05/10 15:38:33 Started transferring output files
...
040 (322887.016.000) 05/10 15:38:33 Finished transferring output files
...
005 (322887.016.000) 05/10 15:38:33 Job terminated.
	(1) Normal termination (return value 1)
		Usr 0 00:08:56, Sys 0 00:00:50  -  Run Remote Usage
		Usr 0 00:00:00, Sys 0 00:00:00  -  Run Local Usage
		Usr 0 00:08:56, Sys 0 00:00:50  -  Total Remote Usage
		Usr 0 00:00:00, Sys 0 00:00:00  -  Total Local Usage
	9477  -  Run Bytes Sent By Job
	10941  -  Run Bytes Received By Job
	9477  -  Total Bytes Sent By Job
	10941  -  Total Bytes Received By Job
	Partitionable Resources :    Usage  Request Allocated 
	   Cpus                 :     1.00        1         1 
	   Disk (KB)            :    79           1    221096 
	   Memory (MB)          :   478        2000      2000 
...
