000 (322899.009.000) 05/10 15:24:59 Job submitted from host: <188.184.95.166:9618?addrs=188.184.95.166-9618+[2001-1458-201-e4--100-7a0]-9618&alias=tbird02.cern.ch&noUDP&sock=schedd_2138722_faad_3>
...
040 (322899.009.000) 05/10 15:38:14 Started transferring input files
	Transferring to host: <188.184.186.9:9618?addrs=188.184.186.9-9618+[2001-1458-301-f8--100-11]-9618&noUDP&sock=8388_dace_18573>
...
040 (322899.009.000) 05/10 15:38:14 Finished transferring input files
...
001 (322899.009.000) 05/10 15:38:15 Job executing on host: <188.184.186.9:9618?addrs=188.184.186.9-9618+[2001-1458-301-f8--100-11]-9618&noUDP&sock=2355_e99f_3>
...
006 (322899.009.000) 05/10 15:38:23 Image size of job updated: 114948
	105  -  MemoryUsage of job (MB)
	106680  -  ResidentSetSize of job (KB)
...
006 (322899.009.000) 05/10 15:43:23 Image size of job updated: 413060
	394  -  MemoryUsage of job (MB)
	402536  -  ResidentSetSize of job (KB)
...
006 (322899.009.000) 05/10 15:48:24 Image size of job updated: 503876
	482  -  MemoryUsage of job (MB)
	493352  -  ResidentSetSize of job (KB)
...
006 (322899.009.000) 05/10 15:49:43 Image size of job updated: 684484
	482  -  MemoryUsage of job (MB)
	493352  -  ResidentSetSize of job (KB)
...
040 (322899.009.000) 05/10 15:49:43 Started transferring output files
...
040 (322899.009.000) 05/10 15:49:43 Finished transferring output files
...
005 (322899.009.000) 05/10 15:49:43 Job terminated.
	(1) Normal termination (return value 1)
		Usr 0 00:09:45, Sys 0 00:00:57  -  Run Remote Usage
		Usr 0 00:00:00, Sys 0 00:00:00  -  Run Local Usage
		Usr 0 00:09:45, Sys 0 00:00:57  -  Total Remote Usage
		Usr 0 00:00:00, Sys 0 00:00:00  -  Total Local Usage
	9473  -  Run Bytes Sent By Job
	10941  -  Run Bytes Received By Job
	9473  -  Total Bytes Sent By Job
	10941  -  Total Bytes Received By Job
	Partitionable Resources :    Usage  Request Allocated 
	   Cpus                 :     1.00        1         1 
	   Disk (KB)            :    80           1    215245 
	   Memory (MB)          :   482        2000      2000 
...
