000 (322884.020.000) 05/10 15:24:45 Job submitted from host: <188.184.95.166:9618?addrs=188.184.95.166-9618+[2001-1458-201-e4--100-7a0]-9618&alias=tbird02.cern.ch&noUDP&sock=schedd_2138722_faad_3>
...
040 (322884.020.000) 05/10 15:26:48 Started transferring input files
	Transferring to host: <188.184.132.49:9618?addrs=188.184.132.49-9618+[2001-1458-301-a0--100-2b]-9618&noUDP&sock=29897_e419_15908>
...
040 (322884.020.000) 05/10 15:26:48 Finished transferring input files
...
001 (322884.020.000) 05/10 15:26:49 Job executing on host: <188.184.132.49:9618?addrs=188.184.132.49-9618+[2001-1458-301-a0--100-2b]-9618&noUDP&sock=2448_b3ee_10>
...
006 (322884.020.000) 05/10 15:26:58 Image size of job updated: 152284
	126  -  MemoryUsage of job (MB)
	128076  -  ResidentSetSize of job (KB)
...
006 (322884.020.000) 05/10 15:31:58 Image size of job updated: 424996
	395  -  MemoryUsage of job (MB)
	404224  -  ResidentSetSize of job (KB)
...
006 (322884.020.000) 05/10 15:36:58 Image size of job updated: 511412
	480  -  MemoryUsage of job (MB)
	490640  -  ResidentSetSize of job (KB)
...
040 (322884.020.000) 05/10 15:38:05 Started transferring output files
...
040 (322884.020.000) 05/10 15:38:05 Finished transferring output files
...
005 (322884.020.000) 05/10 15:38:05 Job terminated.
	(1) Normal termination (return value 1)
		Usr 0 00:09:43, Sys 0 00:00:51  -  Run Remote Usage
		Usr 0 00:00:00, Sys 0 00:00:00  -  Run Local Usage
		Usr 0 00:09:43, Sys 0 00:00:51  -  Total Remote Usage
		Usr 0 00:00:00, Sys 0 00:00:00  -  Total Local Usage
	9477  -  Run Bytes Sent By Job
	10941  -  Run Bytes Received By Job
	9477  -  Total Bytes Sent By Job
	10941  -  Total Bytes Received By Job
	Partitionable Resources :    Usage  Request Allocated 
	   Cpus                 :     0.98        1         1 
	   Disk (KB)            :    79           1    214879 
	   Memory (MB)          :   480        2000      2000 
...
