   SingleMuon_Run2016B_part4   DATA  63 chunks


I have 1 taks to process
I'm using the following list of modules DEFAULT_MODULES
this is jobs [('SingleMuon_Run2016B_part4', 'MY_EOS_SPACE/heppyNtuples/TREES_SingleMuon2016BCDEF_94X/SingleMuon_Run2016B_part4/treeProducerWMass/tree.root', 29915102.0, '_Friend_SingleMuon_Run2016B_part4.chunk61', True, xrange(15250000, 15500000), 61)]
Modules to run:  []   name =  puWeight
Loading puWeight from CMGTools.WMass.postprocessing.examples.puWeightProducer 
Running on dataset =  SingleMuon_Run2016B_part4
TFile: name=/afs/cern.ch/work/m/mciprian/w_mass_analysis/heppy/rel_slc7/CMSSW_9_4_12/src/CMGTools/WMass/python/postprocessing/data/pileup/pileup_profile_Summer16.root, title=, option=READ
TFile: name=/afs/cern.ch/work/m/mciprian/w_mass_analysis/heppy/rel_slc7/CMSSW_9_4_12/src/CMGTools/WMass/python/postprocessing/data/pileup/PileupData_GoldenJSON_Full2016.root, title=, option=READ
Load C++ Worker
Modules to run:  []   name =  puWeight2016BF
Loading puWeight2016BF from CMGTools.WMass.postprocessing.examples.puWeightProducer 
Running on dataset =  SingleMuon_Run2016B_part4
TFile: name=/afs/cern.ch/work/m/mciprian/w_mass_analysis/heppy/rel_slc7/CMSSW_9_4_12/src/CMGTools/WMass/python/postprocessing/data/pileup/pileup_profile_Summer16.root, title=, option=READ
TFile: name=/afs/cern.ch/work/m/mciprian/w_mass_analysis/heppy/rel_slc7/CMSSW_9_4_12/src/CMGTools/WMass/python/postprocessing/data/pileup/PileupData_GoldenJSON_2016BF.root, title=, option=READ
Modules to run:  []   name =  lepQCDAwayJetAll
Loading lepQCDAwayJetAll from CMGTools.WMass.postprocessing.examples.lepVarProducer 
Running on dataset =  SingleMuon_Run2016B_part4
Modules to run:  []   name =  muCalibratedWithStatVar
Loading muCalibratedWithStatVar from CMGTools.WMass.postprocessing.examples.lepVarProducer 
Running on dataset =  SingleMuon_Run2016B_part4
did not find EnergyScaleCorrection shared object, rebuilding
trying to load all the rochester correction libraries
did not find legacy data roccor. rebuilding...
done building legacy data roccor.
Modules to run:  []   name =  jetAllReCleaner
Loading jetAllReCleaner from CMGTools.WMass.postprocessing.examples.jetReCleaner 
Running on dataset =  SingleMuon_Run2016B_part4
Load C++ Worker
Modules to run:  []   name =  jetReCleaner
Loading jetReCleaner from CMGTools.WMass.postprocessing.examples.jetReCleaner 
Running on dataset =  SingleMuon_Run2016B_part4
Load C++ Worker
Modules to run:  []   name =  genQEDJets
Loading genQEDJets from CMGTools.WMass.postprocessing.examples.genFriendProducer 
Running on dataset =  SingleMuon_Run2016B_part4
Will write selected trees to MY_EOS_SPACE/heppyNtuples/TREES_SingleMuon2016BCDEF_94X/friends/
Normalization of pu_mc: 0.999973
Normalization of pileup: 3.65129e+10
Weights for variable pu_mc with a number of bins equal to 76:
1 1 1 1 1 1 1 1 1 1 1.616 1.923 1.917 1.762 1.611 1.554 1.506 1.414 1.317 1.241 1.169 1.109 1.071 1.04 1.019 1.001 0.9873 0.9825 0.9828 0.9811 0.9811 0.9792 0.9531 0.9274 0.8773 0.8171 0.7432 0.6594 0.5661 0.4725 0.3811 0.2987 0.2215 0.1581 0 0 0 0 0 0 0 0 0 0 0 1 1 1 1 1 1 1 1 1 1 1 1 1 1 1 1 1 1 1 1 1 .
Final weights: 
1 1 1 1 1 1 1 1 1 1 1.616 1.923 1.917 1.762 1.611 1.554 1.506 1.414 1.317 1.241 1.169 1.109 1.071 1.04 1.019 1.001 0.9873 0.9825 0.9828 0.9811 0.9811 0.9792 0.9531 0.9274 0.8773 0.8171 0.7432 0.6594 0.5661 0.4725 0.3811 0.2987 0.2215 0.1581 0 0 0 0 0 0 0 0 0 0 0 1 1 1 1 1 1 1 1 1 1 1 1 1 1 1 1 1 1 1 1 1 .
Normalization of pu_mc: 1
Normalization of pileup: 2.014e+10
Weights for variable pu_mc with a number of bins equal to 76:
1 1 1 1 1 1 1 1 1 1 2.784 3.074 2.661 2.24 1.976 1.881 1.801 1.669 1.544 1.453 1.364 1.27 1.186 1.113 1.061 1.016 0.9702 0.9245 0.8754 0.8192 0.7629 0.7065 0.6366 0.5722 0.4984 0.4252 0.3515 0.2804 0.2137 0.1564 0.1092 0 0 0 0 0 0 0 0 0 0 0 0 0 0 1 1 1 1 1 1 1 1 1 1 1 1 1 1 1 1 1 1 1 1 1 .
For maximum weight 3.074: integral relative change: 0
Final weights: 
1 1 1 1 1 1 1 1 1 1 2.784 3.074 2.661 2.24 1.976 1.881 1.801 1.669 1.544 1.453 1.364 1.27 1.186 1.113 1.061 1.016 0.9702 0.9245 0.8754 0.8192 0.7629 0.7065 0.6366 0.5722 0.4984 0.4252 0.3515 0.2804 0.2137 0.1564 0.1092 0 0 0 0 0 0 0 0 0 0 0 0 0 0 1 1 1 1 1 1 1 1 1 1 1 1 1 1 1 1 1 1 1 1 1 .
begin job of lepCalProducer
initializing all the rochester correction objects
initializing the egamma calibrator
Processed 15250000/15519334 entries (elapsed time     0.3s, curr speed   31.250 kHz, avg speed 47656.250 kHz), accepted        1/       1 events (100.00%)
Processed 15260000/15519334 entries (elapsed time    16.8s, curr speed    0.606 kHz, avg speed  907.253 kHz), accepted    10001/   10001 events (100.00%)
Processed 15270000/15519334 entries (elapsed time    35.3s, curr speed    0.541 kHz, avg speed  432.455 kHz), accepted    20001/   20001 events (100.00%)
Processed 15280000/15519334 entries (elapsed time    52.7s, curr speed    0.575 kHz, avg speed  289.888 kHz), accepted    30001/   30001 events (100.00%)
Processed 15290000/15519334 entries (elapsed time    72.0s, curr speed    0.518 kHz, avg speed  212.332 kHz), accepted    40001/   40001 events (100.00%)
Processed 15300000/15519334 entries (elapsed time    90.0s, curr speed    0.557 kHz, avg speed  170.076 kHz), accepted    50001/   50001 events (100.00%)
Processed 15310000/15519334 entries (elapsed time   108.0s, curr speed    0.553 kHz, avg speed  141.707 kHz), accepted    60001/   60001 events (100.00%)
Processed 15320000/15519334 entries (elapsed time   125.2s, curr speed    0.581 kHz, avg speed  122.315 kHz), accepted    70001/   70001 events (100.00%)
Processed 15330000/15519334 entries (elapsed time   141.9s, curr speed    0.600 kHz, avg speed  108.019 kHz), accepted    80001/   80001 events (100.00%)
Processed 15340000/15519334 entries (elapsed time   158.0s, curr speed    0.621 kHz, avg speed   97.076 kHz), accepted    90001/   90001 events (100.00%)
Processed 15350000/15519334 entries (elapsed time   173.7s, curr speed    0.637 kHz, avg speed   88.361 kHz), accepted   100001/  100001 events (100.00%)
Processed 15360000/15519334 entries (elapsed time   189.7s, curr speed    0.628 kHz, avg speed   80.991 kHz), accepted   110001/  110001 events (100.00%)
Processed 15370000/15519334 entries (elapsed time   205.8s, curr speed    0.620 kHz, avg speed   74.691 kHz), accepted   120001/  120001 events (100.00%)
Processed 15380000/15519334 entries (elapsed time   243.7s, curr speed    0.264 kHz, avg speed   63.121 kHz), accepted   130001/  130001 events (100.00%)
Processed 15390000/15519334 entries (elapsed time   259.3s, curr speed    0.639 kHz, avg speed   59.348 kHz), accepted   140001/  140001 events (100.00%)
Processed 15400000/15519334 entries (elapsed time   274.9s, curr speed    0.640 kHz, avg speed   56.010 kHz), accepted   150001/  150001 events (100.00%)
Processed 15410000/15519334 entries (elapsed time   292.9s, curr speed    0.556 kHz, avg speed   52.606 kHz), accepted   160001/  160001 events (100.00%)
Processed 15420000/15519334 entries (elapsed time   308.1s, curr speed    0.660 kHz, avg speed   50.052 kHz), accepted   170001/  170001 events (100.00%)
Processed 15430000/15519334 entries (elapsed time   324.7s, curr speed    0.600 kHz, avg speed   47.515 kHz), accepted   180001/  180001 events (100.00%)
Processed 15440000/15519334 entries (elapsed time   340.8s, curr speed    0.621 kHz, avg speed   45.299 kHz), accepted   190001/  190001 events (100.00%)
Processed 15450000/15519334 entries (elapsed time   377.6s, curr speed    0.272 kHz, avg speed   40.915 kHz), accepted   200001/  200001 events (100.00%)
Processed 15460000/15519334 entries (elapsed time   393.5s, curr speed    0.631 kHz, avg speed   39.292 kHz), accepted   210001/  210001 events (100.00%)
Processed 15470000/15519334 entries (elapsed time   409.6s, curr speed    0.618 kHz, avg speed   37.766 kHz), accepted   220001/  220001 events (100.00%)
Processed 15480000/15519334 entries (elapsed time   425.4s, curr speed    0.633 kHz, avg speed   36.386 kHz), accepted   230001/  230001 events (100.00%)
Processed 15490000/15519334 entries (elapsed time   441.5s, curr speed    0.621 kHz, avg speed   35.082 kHz), accepted   240001/  240001 events (100.00%)
Processed 250000 entries from MY_EOS_SPACE/heppyNtuples/TREES_SingleMuon2016BCDEF_94X/SingleMuon_Run2016B_part4/treeProducerWMass/tree.root, selected 250000 entries
Done MY_EOS_SPACE/heppyNtuples/TREES_SingleMuon2016BCDEF_94X/friends/tree_Friend_SingleMuon_Run2016B_part4.chunk61.root
