   SingleMuon_Run2016E_part3   DATA  63 chunks


I have 1 taks to process
I'm using the following list of modules DEFAULT_MODULES
this is jobs [('SingleMuon_Run2016E_part3', 'MY_EOS_SPACE/heppyNtuples/TREES_SingleMuon2016BCDEF_94X/SingleMuon_Run2016E_part3/treeProducerWMass/tree.root', 25290424.0, '_Friend_SingleMuon_Run2016E_part3.chunk28', True, xrange(7000000, 7250000), 28)]
Modules to run:  []   name =  puWeight
Loading puWeight from CMGTools.WMass.postprocessing.examples.puWeightProducer 
Running on dataset =  SingleMuon_Run2016E_part3
TFile: name=/afs/cern.ch/work/m/mciprian/w_mass_analysis/heppy/rel_slc7/CMSSW_9_4_12/src/CMGTools/WMass/python/postprocessing/data/pileup/pileup_profile_Summer16.root, title=, option=READ
TFile: name=/afs/cern.ch/work/m/mciprian/w_mass_analysis/heppy/rel_slc7/CMSSW_9_4_12/src/CMGTools/WMass/python/postprocessing/data/pileup/PileupData_GoldenJSON_Full2016.root, title=, option=READ
Load C++ Worker
Modules to run:  []   name =  puWeight2016BF
Loading puWeight2016BF from CMGTools.WMass.postprocessing.examples.puWeightProducer 
Running on dataset =  SingleMuon_Run2016E_part3
TFile: name=/afs/cern.ch/work/m/mciprian/w_mass_analysis/heppy/rel_slc7/CMSSW_9_4_12/src/CMGTools/WMass/python/postprocessing/data/pileup/pileup_profile_Summer16.root, title=, option=READ
TFile: name=/afs/cern.ch/work/m/mciprian/w_mass_analysis/heppy/rel_slc7/CMSSW_9_4_12/src/CMGTools/WMass/python/postprocessing/data/pileup/PileupData_GoldenJSON_2016BF.root, title=, option=READ
Modules to run:  []   name =  lepQCDAwayJetAll
Loading lepQCDAwayJetAll from CMGTools.WMass.postprocessing.examples.lepVarProducer 
Running on dataset =  SingleMuon_Run2016E_part3
Modules to run:  []   name =  muCalibratedWithStatVar
Loading muCalibratedWithStatVar from CMGTools.WMass.postprocessing.examples.lepVarProducer 
Running on dataset =  SingleMuon_Run2016E_part3
did not find EnergyScaleCorrection shared object, rebuilding
trying to load all the rochester correction libraries
did not find legacy data roccor. rebuilding...
done building legacy data roccor.
Modules to run:  []   name =  jetAllReCleaner
Loading jetAllReCleaner from CMGTools.WMass.postprocessing.examples.jetReCleaner 
Running on dataset =  SingleMuon_Run2016E_part3
Load C++ Worker
Modules to run:  []   name =  jetReCleaner
Loading jetReCleaner from CMGTools.WMass.postprocessing.examples.jetReCleaner 
Running on dataset =  SingleMuon_Run2016E_part3
Load C++ Worker
Modules to run:  []   name =  genQEDJets
Loading genQEDJets from CMGTools.WMass.postprocessing.examples.genFriendProducer 
Running on dataset =  SingleMuon_Run2016E_part3
Will write selected trees to MY_EOS_SPACE/heppyNtuples/TREES_SingleMuon2016BCDEF_94X/friends/
Normalization of pu_mc: 0.999973
Normalization of pileup: 3.65129e+10
Weights for variable pu_mc with a number of bins equal to 76:
1 1 1 1 1 1 1 1 1 1 1.616 1.923 1.917 1.762 1.611 1.554 1.506 1.414 1.317 1.241 1.169 1.109 1.071 1.04 1.019 1.001 0.9873 0.9825 0.9828 0.9811 0.9811 0.9792 0.9531 0.9274 0.8773 0.8171 0.7432 0.6594 0.5661 0.4725 0.3811 0.2987 0.2215 0.1581 0 0 0 0 0 0 0 0 0 0 0 1 1 1 1 1 1 1 1 1 1 1 1 1 1 1 1 1 1 1 1 1 .
Final weights: 
1 1 1 1 1 1 1 1 1 1 1.616 1.923 1.917 1.762 1.611 1.554 1.506 1.414 1.317 1.241 1.169 1.109 1.071 1.04 1.019 1.001 0.9873 0.9825 0.9828 0.9811 0.9811 0.9792 0.9531 0.9274 0.8773 0.8171 0.7432 0.6594 0.5661 0.4725 0.3811 0.2987 0.2215 0.1581 0 0 0 0 0 0 0 0 0 0 0 1 1 1 1 1 1 1 1 1 1 1 1 1 1 1 1 1 1 1 1 1 .
Normalization of pu_mc: 1
Normalization of pileup: 2.014e+10
Weights for variable pu_mc with a number of bins equal to 76:
1 1 1 1 1 1 1 1 1 1 2.784 3.074 2.661 2.24 1.976 1.881 1.801 1.669 1.544 1.453 1.364 1.27 1.186 1.113 1.061 1.016 0.9702 0.9245 0.8754 0.8192 0.7629 0.7065 0.6366 0.5722 0.4984 0.4252 0.3515 0.2804 0.2137 0.1564 0.1092 0 0 0 0 0 0 0 0 0 0 0 0 0 0 1 1 1 1 1 1 1 1 1 1 1 1 1 1 1 1 1 1 1 1 1 .
For maximum weight 3.074: integral relative change: 0
Final weights: 
1 1 1 1 1 1 1 1 1 1 2.784 3.074 2.661 2.24 1.976 1.881 1.801 1.669 1.544 1.453 1.364 1.27 1.186 1.113 1.061 1.016 0.9702 0.9245 0.8754 0.8192 0.7629 0.7065 0.6366 0.5722 0.4984 0.4252 0.3515 0.2804 0.2137 0.1564 0.1092 0 0 0 0 0 0 0 0 0 0 0 0 0 0 1 1 1 1 1 1 1 1 1 1 1 1 1 1 1 1 1 1 1 1 1 .
begin job of lepCalProducer
initializing all the rochester correction objects
initializing the egamma calibrator
Processed  7000000/15566622 entries (elapsed time     0.2s, curr speed   50.000 kHz, avg speed 35000.000 kHz), accepted        1/       1 events (100.00%)
Processed  7010000/15566622 entries (elapsed time    13.5s, curr speed    0.751 kHz, avg speed  518.491 kHz), accepted    10001/   10001 events (100.00%)
Processed  7020000/15566622 entries (elapsed time    27.4s, curr speed    0.720 kHz, avg speed  256.111 kHz), accepted    20001/   20001 events (100.00%)
Processed  7030000/15566622 entries (elapsed time    41.5s, curr speed    0.712 kHz, avg speed  169.561 kHz), accepted    30001/   30001 events (100.00%)
Processed  7040000/15566622 entries (elapsed time    55.4s, curr speed    0.718 kHz, avg speed  127.122 kHz), accepted    40001/   40001 events (100.00%)
Processed  7050000/15566622 entries (elapsed time    69.3s, curr speed    0.718 kHz, avg speed  101.732 kHz), accepted    50001/   50001 events (100.00%)
Processed  7060000/15566622 entries (elapsed time    83.3s, curr speed    0.716 kHz, avg speed   84.784 kHz), accepted    60001/   60001 events (100.00%)
Processed  7070000/15566622 entries (elapsed time    96.2s, curr speed    0.772 kHz, avg speed   73.470 kHz), accepted    70001/   70001 events (100.00%)
Processed  7080000/15566622 entries (elapsed time   107.6s, curr speed    0.880 kHz, avg speed   65.805 kHz), accepted    80001/   80001 events (100.00%)
Processed  7090000/15566622 entries (elapsed time   118.7s, curr speed    0.899 kHz, avg speed   59.725 kHz), accepted    90001/   90001 events (100.00%)
Processed  7100000/15566622 entries (elapsed time   130.0s, curr speed    0.883 kHz, avg speed   54.599 kHz), accepted   100001/  100001 events (100.00%)
Processed  7110000/15566622 entries (elapsed time   141.3s, curr speed    0.887 kHz, avg speed   50.311 kHz), accepted   110001/  110001 events (100.00%)
Processed  7120000/15566622 entries (elapsed time   152.7s, curr speed    0.877 kHz, avg speed   46.621 kHz), accepted   120001/  120001 events (100.00%)
Processed  7130000/15566622 entries (elapsed time   180.1s, curr speed    0.366 kHz, avg speed   39.600 kHz), accepted   130001/  130001 events (100.00%)
Processed  7140000/15566622 entries (elapsed time   191.7s, curr speed    0.862 kHz, avg speed   37.255 kHz), accepted   140001/  140001 events (100.00%)
Processed  7150000/15566622 entries (elapsed time   203.3s, curr speed    0.858 kHz, avg speed   35.170 kHz), accepted   150001/  150001 events (100.00%)
Processed  7160000/15566622 entries (elapsed time   215.0s, curr speed    0.855 kHz, avg speed   33.302 kHz), accepted   160001/  160001 events (100.00%)
Processed  7170000/15566622 entries (elapsed time   226.9s, curr speed    0.840 kHz, avg speed   31.598 kHz), accepted   170001/  170001 events (100.00%)
Processed  7180000/15566622 entries (elapsed time   238.6s, curr speed    0.856 kHz, avg speed   30.093 kHz), accepted   180001/  180001 events (100.00%)
Processed  7190000/15566622 entries (elapsed time   250.2s, curr speed    0.860 kHz, avg speed   28.735 kHz), accepted   190001/  190001 events (100.00%)
Processed  7200000/15566622 entries (elapsed time   276.4s, curr speed    0.383 kHz, avg speed   26.054 kHz), accepted   200001/  200001 events (100.00%)
Processed  7210000/15566622 entries (elapsed time   287.8s, curr speed    0.874 kHz, avg speed   25.053 kHz), accepted   210001/  210001 events (100.00%)
Processed  7220000/15566622 entries (elapsed time   299.2s, curr speed    0.877 kHz, avg speed   24.132 kHz), accepted   220001/  220001 events (100.00%)
Processed  7230000/15566622 entries (elapsed time   310.7s, curr speed    0.871 kHz, avg speed   23.272 kHz), accepted   230001/  230001 events (100.00%)
Processed  7240000/15566622 entries (elapsed time   322.2s, curr speed    0.864 kHz, avg speed   22.467 kHz), accepted   240001/  240001 events (100.00%)
Processed 250000 entries from MY_EOS_SPACE/heppyNtuples/TREES_SingleMuon2016BCDEF_94X/SingleMuon_Run2016E_part3/treeProducerWMass/tree.root, selected 250000 entries
Done MY_EOS_SPACE/heppyNtuples/TREES_SingleMuon2016BCDEF_94X/friends/tree_Friend_SingleMuon_Run2016E_part3.chunk28.root
