000 (322884.034.000) 05/10 15:24:45 Job submitted from host: <188.184.95.166:9618?addrs=188.184.95.166-9618+[2001-1458-201-e4--100-7a0]-9618&alias=tbird02.cern.ch&noUDP&sock=schedd_2138722_faad_3>
...
040 (322884.034.000) 05/10 15:27:30 Started transferring input files
	Transferring to host: <188.184.207.210:9618?addrs=188.184.207.210-9618+[2001-1458-301-7d--100-6a1]-9618&noUDP&sock=4159_2442_127660>
...
040 (322884.034.000) 05/10 15:27:30 Finished transferring input files
...
001 (322884.034.000) 05/10 15:27:31 Job executing on host: <188.184.207.210:9618?addrs=188.184.207.210-9618+[2001-1458-301-7d--100-6a1]-9618&noUDP&sock=2320_e7cf_3>
...
006 (322884.034.000) 05/10 15:27:39 Image size of job updated: 264452
	181  -  MemoryUsage of job (MB)
	184992  -  ResidentSetSize of job (KB)
...
006 (322884.034.000) 05/10 15:32:39 Image size of job updated: 493472
	480  -  MemoryUsage of job (MB)
	490508  -  ResidentSetSize of job (KB)
...
040 (322884.034.000) 05/10 15:33:18 Started transferring output files
...
040 (322884.034.000) 05/10 15:33:18 Finished transferring output files
...
005 (322884.034.000) 05/10 15:33:18 Job terminated.
	(1) Normal termination (return value 1)
		Usr 0 00:05:07, Sys 0 00:00:34  -  Run Remote Usage
		Usr 0 00:00:00, Sys 0 00:00:00  -  Run Local Usage
		Usr 0 00:05:07, Sys 0 00:00:34  -  Total Remote Usage
		Usr 0 00:00:00, Sys 0 00:00:00  -  Total Local Usage
	9477  -  Run Bytes Sent By Job
	10941  -  Run Bytes Received By Job
	9477  -  Total Bytes Sent By Job
	10941  -  Total Bytes Received By Job
	Partitionable Resources :    Usage  Request Allocated 
	   Cpus                 :                 1           
	   Disk (KB)            :       72        1   2123332 
	   Memory (MB)          :      480     2000      2000 
...
