   SingleMuon_Run2016D_part2   DATA  59 chunks


I have 1 taks to process
I'm using the following list of modules DEFAULT_MODULES
this is jobs [('SingleMuon_Run2016D_part2', 'MY_EOS_SPACE/heppyNtuples/TREES_SingleMuon2016BCDEF_94X/SingleMuon_Run2016D_part2/treeProducerWMass/tree.root', 24459165.0, '_Friend_SingleMuon_Run2016D_part2.chunk37', True, xrange(9250000, 9500000), 37)]
Modules to run:  []   name =  puWeight
Loading puWeight from CMGTools.WMass.postprocessing.examples.puWeightProducer 
Running on dataset =  SingleMuon_Run2016D_part2
TFile: name=/afs/cern.ch/work/m/mciprian/w_mass_analysis/heppy/rel_slc7/CMSSW_9_4_12/src/CMGTools/WMass/python/postprocessing/data/pileup/pileup_profile_Summer16.root, title=, option=READ
TFile: name=/afs/cern.ch/work/m/mciprian/w_mass_analysis/heppy/rel_slc7/CMSSW_9_4_12/src/CMGTools/WMass/python/postprocessing/data/pileup/PileupData_GoldenJSON_Full2016.root, title=, option=READ
Load C++ Worker
Modules to run:  []   name =  puWeight2016BF
Loading puWeight2016BF from CMGTools.WMass.postprocessing.examples.puWeightProducer 
Running on dataset =  SingleMuon_Run2016D_part2
TFile: name=/afs/cern.ch/work/m/mciprian/w_mass_analysis/heppy/rel_slc7/CMSSW_9_4_12/src/CMGTools/WMass/python/postprocessing/data/pileup/pileup_profile_Summer16.root, title=, option=READ
TFile: name=/afs/cern.ch/work/m/mciprian/w_mass_analysis/heppy/rel_slc7/CMSSW_9_4_12/src/CMGTools/WMass/python/postprocessing/data/pileup/PileupData_GoldenJSON_2016BF.root, title=, option=READ
Modules to run:  []   name =  lepQCDAwayJetAll
Loading lepQCDAwayJetAll from CMGTools.WMass.postprocessing.examples.lepVarProducer 
Running on dataset =  SingleMuon_Run2016D_part2
Modules to run:  []   name =  muCalibratedWithStatVar
Loading muCalibratedWithStatVar from CMGTools.WMass.postprocessing.examples.lepVarProducer 
Running on dataset =  SingleMuon_Run2016D_part2
did not find EnergyScaleCorrection shared object, rebuilding
trying to load all the rochester correction libraries
did not find legacy data roccor. rebuilding...
done building legacy data roccor.
Modules to run:  []   name =  jetAllReCleaner
Loading jetAllReCleaner from CMGTools.WMass.postprocessing.examples.jetReCleaner 
Running on dataset =  SingleMuon_Run2016D_part2
Load C++ Worker
Modules to run:  []   name =  jetReCleaner
Loading jetReCleaner from CMGTools.WMass.postprocessing.examples.jetReCleaner 
Running on dataset =  SingleMuon_Run2016D_part2
Load C++ Worker
Modules to run:  []   name =  genQEDJets
Loading genQEDJets from CMGTools.WMass.postprocessing.examples.genFriendProducer 
Running on dataset =  SingleMuon_Run2016D_part2
Will write selected trees to MY_EOS_SPACE/heppyNtuples/TREES_SingleMuon2016BCDEF_94X/friends/
Normalization of pu_mc: 0.999973
Normalization of pileup: 3.65129e+10
Weights for variable pu_mc with a number of bins equal to 76:
1 1 1 1 1 1 1 1 1 1 1.616 1.923 1.917 1.762 1.611 1.554 1.506 1.414 1.317 1.241 1.169 1.109 1.071 1.04 1.019 1.001 0.9873 0.9825 0.9828 0.9811 0.9811 0.9792 0.9531 0.9274 0.8773 0.8171 0.7432 0.6594 0.5661 0.4725 0.3811 0.2987 0.2215 0.1581 0 0 0 0 0 0 0 0 0 0 0 1 1 1 1 1 1 1 1 1 1 1 1 1 1 1 1 1 1 1 1 1 .
Final weights: 
1 1 1 1 1 1 1 1 1 1 1.616 1.923 1.917 1.762 1.611 1.554 1.506 1.414 1.317 1.241 1.169 1.109 1.071 1.04 1.019 1.001 0.9873 0.9825 0.9828 0.9811 0.9811 0.9792 0.9531 0.9274 0.8773 0.8171 0.7432 0.6594 0.5661 0.4725 0.3811 0.2987 0.2215 0.1581 0 0 0 0 0 0 0 0 0 0 0 1 1 1 1 1 1 1 1 1 1 1 1 1 1 1 1 1 1 1 1 1 .
Normalization of pu_mc: 1
Normalization of pileup: 2.014e+10
Weights for variable pu_mc with a number of bins equal to 76:
1 1 1 1 1 1 1 1 1 1 2.784 3.074 2.661 2.24 1.976 1.881 1.801 1.669 1.544 1.453 1.364 1.27 1.186 1.113 1.061 1.016 0.9702 0.9245 0.8754 0.8192 0.7629 0.7065 0.6366 0.5722 0.4984 0.4252 0.3515 0.2804 0.2137 0.1564 0.1092 0 0 0 0 0 0 0 0 0 0 0 0 0 0 1 1 1 1 1 1 1 1 1 1 1 1 1 1 1 1 1 1 1 1 1 .
For maximum weight 3.074: integral relative change: 0
Final weights: 
1 1 1 1 1 1 1 1 1 1 2.784 3.074 2.661 2.24 1.976 1.881 1.801 1.669 1.544 1.453 1.364 1.27 1.186 1.113 1.061 1.016 0.9702 0.9245 0.8754 0.8192 0.7629 0.7065 0.6366 0.5722 0.4984 0.4252 0.3515 0.2804 0.2137 0.1564 0.1092 0 0 0 0 0 0 0 0 0 0 0 0 0 0 1 1 1 1 1 1 1 1 1 1 1 1 1 1 1 1 1 1 1 1 1 .
begin job of lepCalProducer
initializing all the rochester correction objects
initializing the egamma calibrator
Processed  9250000/14721863 entries (elapsed time     0.3s, curr speed   34.483 kHz, avg speed 31896.552 kHz), accepted        1/       1 events (100.00%)
Processed  9260000/14721863 entries (elapsed time    13.8s, curr speed    0.741 kHz, avg speed  671.501 kHz), accepted    10001/   10001 events (100.00%)
Processed  9270000/14721863 entries (elapsed time    27.8s, curr speed    0.715 kHz, avg speed  333.693 kHz), accepted    20001/   20001 events (100.00%)
Processed  9280000/14721863 entries (elapsed time    41.9s, curr speed    0.709 kHz, avg speed  221.585 kHz), accepted    30001/   30001 events (100.00%)
Processed  9290000/14721863 entries (elapsed time    55.9s, curr speed    0.712 kHz, avg speed  166.130 kHz), accepted    40001/   40001 events (100.00%)
Processed  9300000/14721863 entries (elapsed time    70.0s, curr speed    0.708 kHz, avg speed  132.762 kHz), accepted    50001/   50001 events (100.00%)
Processed  9310000/14721863 entries (elapsed time    84.2s, curr speed    0.706 kHz, avg speed  110.557 kHz), accepted    60001/   60001 events (100.00%)
Processed  9320000/14721863 entries (elapsed time    97.4s, curr speed    0.758 kHz, avg speed   95.678 kHz), accepted    70001/   70001 events (100.00%)
Processed  9330000/14721863 entries (elapsed time   109.5s, curr speed    0.831 kHz, avg speed   85.244 kHz), accepted    80001/   80001 events (100.00%)
Processed  9340000/14721863 entries (elapsed time   121.3s, curr speed    0.846 kHz, avg speed   77.018 kHz), accepted    90001/   90001 events (100.00%)
Processed  9350000/14721863 entries (elapsed time   133.0s, curr speed    0.853 kHz, avg speed   70.306 kHz), accepted   100001/  100001 events (100.00%)
Processed  9360000/14721863 entries (elapsed time   144.8s, curr speed    0.848 kHz, avg speed   64.650 kHz), accepted   110001/  110001 events (100.00%)
Processed  9370000/14721863 entries (elapsed time   156.6s, curr speed    0.845 kHz, avg speed   59.830 kHz), accepted   120001/  120001 events (100.00%)
Processed  9380000/14721863 entries (elapsed time   185.4s, curr speed    0.347 kHz, avg speed   50.580 kHz), accepted   130001/  130001 events (100.00%)
Processed  9390000/14721863 entries (elapsed time   196.8s, curr speed    0.877 kHz, avg speed   47.701 kHz), accepted   140001/  140001 events (100.00%)
Processed  9400000/14721863 entries (elapsed time   208.5s, curr speed    0.861 kHz, avg speed   45.093 kHz), accepted   150001/  150001 events (100.00%)
Processed  9410000/14721863 entries (elapsed time   220.0s, curr speed    0.867 kHz, avg speed   42.775 kHz), accepted   160001/  160001 events (100.00%)
Processed  9420000/14721863 entries (elapsed time   231.7s, curr speed    0.857 kHz, avg speed   40.663 kHz), accepted   170001/  170001 events (100.00%)
Processed  9430000/14721863 entries (elapsed time   243.4s, curr speed    0.851 kHz, avg speed   38.741 kHz), accepted   180001/  180001 events (100.00%)
Processed  9440000/14721863 entries (elapsed time   255.1s, curr speed    0.857 kHz, avg speed   37.008 kHz), accepted   190001/  190001 events (100.00%)
Processed  9450000/14721863 entries (elapsed time   283.3s, curr speed    0.354 kHz, avg speed   33.351 kHz), accepted   200001/  200001 events (100.00%)
Processed  9460000/14721863 entries (elapsed time   295.1s, curr speed    0.850 kHz, avg speed   32.056 kHz), accepted   210001/  210001 events (100.00%)
Processed  9470000/14721863 entries (elapsed time   307.2s, curr speed    0.825 kHz, avg speed   30.824 kHz), accepted   220001/  220001 events (100.00%)
Processed  9480000/14721863 entries (elapsed time   318.9s, curr speed    0.853 kHz, avg speed   29.723 kHz), accepted   230001/  230001 events (100.00%)
Processed  9490000/14721863 entries (elapsed time   331.1s, curr speed    0.824 kHz, avg speed   28.664 kHz), accepted   240001/  240001 events (100.00%)
Processed 250000 entries from MY_EOS_SPACE/heppyNtuples/TREES_SingleMuon2016BCDEF_94X/SingleMuon_Run2016D_part2/treeProducerWMass/tree.root, selected 250000 entries
Done MY_EOS_SPACE/heppyNtuples/TREES_SingleMuon2016BCDEF_94X/friends/tree_Friend_SingleMuon_Run2016D_part2.chunk37.root
