000 (322895.035.000) 05/10 15:24:55 Job submitted from host: <188.184.95.166:9618?addrs=188.184.95.166-9618+[2001-1458-201-e4--100-7a0]-9618&alias=tbird02.cern.ch&noUDP&sock=schedd_2138722_faad_3>
...
040 (322895.035.000) 05/10 15:36:33 Started transferring input files
	Transferring to host: <128.142.240.65:9618?addrs=128.142.240.65-9618+[2001-1458-301-f9--100-27]-9618&noUDP&sock=4260_4e26_127128>
...
040 (322895.035.000) 05/10 15:36:33 Finished transferring input files
...
001 (322895.035.000) 05/10 15:36:34 Job executing on host: <128.142.240.65:9618?addrs=128.142.240.65-9618+[2001-1458-301-f9--100-27]-9618&noUDP&sock=2437_2863_3>
...
006 (322895.035.000) 05/10 15:36:43 Image size of job updated: 295008
	215  -  MemoryUsage of job (MB)
	220008  -  ResidentSetSize of job (KB)
...
006 (322895.035.000) 05/10 15:41:44 Image size of job updated: 492356
	480  -  MemoryUsage of job (MB)
	491024  -  ResidentSetSize of job (KB)
...
040 (322895.035.000) 05/10 15:42:18 Started transferring output files
...
040 (322895.035.000) 05/10 15:42:18 Finished transferring output files
...
005 (322895.035.000) 05/10 15:42:18 Job terminated.
	(1) Normal termination (return value 1)
		Usr 0 00:04:57, Sys 0 00:00:34  -  Run Remote Usage
		Usr 0 00:00:00, Sys 0 00:00:00  -  Run Local Usage
		Usr 0 00:04:57, Sys 0 00:00:34  -  Total Remote Usage
		Usr 0 00:00:00, Sys 0 00:00:00  -  Total Local Usage
	9477  -  Run Bytes Sent By Job
	10941  -  Run Bytes Received By Job
	9477  -  Total Bytes Sent By Job
	10941  -  Total Bytes Received By Job
	Partitionable Resources :    Usage  Request Allocated 
	   Cpus                 :                 1           
	   Disk (KB)            :       72        1   2130521 
	   Memory (MB)          :      480     2000      2000 
...
