   SingleMuon_Run2016C_part2   DATA  62 chunks


I have 1 taks to process
I'm using the following list of modules DEFAULT_MODULES
this is jobs [('SingleMuon_Run2016C_part2', 'MY_EOS_SPACE/heppyNtuples/TREES_SingleMuon2016BCDEF_94X/SingleMuon_Run2016C_part2/treeProducerWMass/tree.root', 28478661.0, '_Friend_SingleMuon_Run2016C_part2.chunk16', True, xrange(4000000, 4250000), 16)]
Modules to run:  []   name =  puWeight
Loading puWeight from CMGTools.WMass.postprocessing.examples.puWeightProducer 
Running on dataset =  SingleMuon_Run2016C_part2
TFile: name=/afs/cern.ch/work/m/mciprian/w_mass_analysis/heppy/rel_slc7/CMSSW_9_4_12/src/CMGTools/WMass/python/postprocessing/data/pileup/pileup_profile_Summer16.root, title=, option=READ
TFile: name=/afs/cern.ch/work/m/mciprian/w_mass_analysis/heppy/rel_slc7/CMSSW_9_4_12/src/CMGTools/WMass/python/postprocessing/data/pileup/PileupData_GoldenJSON_Full2016.root, title=, option=READ
Load C++ Worker
Modules to run:  []   name =  puWeight2016BF
Loading puWeight2016BF from CMGTools.WMass.postprocessing.examples.puWeightProducer 
Running on dataset =  SingleMuon_Run2016C_part2
TFile: name=/afs/cern.ch/work/m/mciprian/w_mass_analysis/heppy/rel_slc7/CMSSW_9_4_12/src/CMGTools/WMass/python/postprocessing/data/pileup/pileup_profile_Summer16.root, title=, option=READ
TFile: name=/afs/cern.ch/work/m/mciprian/w_mass_analysis/heppy/rel_slc7/CMSSW_9_4_12/src/CMGTools/WMass/python/postprocessing/data/pileup/PileupData_GoldenJSON_2016BF.root, title=, option=READ
Modules to run:  []   name =  lepQCDAwayJetAll
Loading lepQCDAwayJetAll from CMGTools.WMass.postprocessing.examples.lepVarProducer 
Running on dataset =  SingleMuon_Run2016C_part2
Modules to run:  []   name =  muCalibratedWithStatVar
Loading muCalibratedWithStatVar from CMGTools.WMass.postprocessing.examples.lepVarProducer 
Running on dataset =  SingleMuon_Run2016C_part2
did not find EnergyScaleCorrection shared object, rebuilding
trying to load all the rochester correction libraries
did not find legacy data roccor. rebuilding...
done building legacy data roccor.
Modules to run:  []   name =  jetAllReCleaner
Loading jetAllReCleaner from CMGTools.WMass.postprocessing.examples.jetReCleaner 
Running on dataset =  SingleMuon_Run2016C_part2
Load C++ Worker
Modules to run:  []   name =  jetReCleaner
Loading jetReCleaner from CMGTools.WMass.postprocessing.examples.jetReCleaner 
Running on dataset =  SingleMuon_Run2016C_part2
Load C++ Worker
Modules to run:  []   name =  genQEDJets
Loading genQEDJets from CMGTools.WMass.postprocessing.examples.genFriendProducer 
Running on dataset =  SingleMuon_Run2016C_part2
Will write selected trees to MY_EOS_SPACE/heppyNtuples/TREES_SingleMuon2016BCDEF_94X/friends/
Normalization of pu_mc: 0.999973
Normalization of pileup: 3.65129e+10
Weights for variable pu_mc with a number of bins equal to 76:
1 1 1 1 1 1 1 1 1 1 1.616 1.923 1.917 1.762 1.611 1.554 1.506 1.414 1.317 1.241 1.169 1.109 1.071 1.04 1.019 1.001 0.9873 0.9825 0.9828 0.9811 0.9811 0.9792 0.9531 0.9274 0.8773 0.8171 0.7432 0.6594 0.5661 0.4725 0.3811 0.2987 0.2215 0.1581 0 0 0 0 0 0 0 0 0 0 0 1 1 1 1 1 1 1 1 1 1 1 1 1 1 1 1 1 1 1 1 1 .
Final weights: 
1 1 1 1 1 1 1 1 1 1 1.616 1.923 1.917 1.762 1.611 1.554 1.506 1.414 1.317 1.241 1.169 1.109 1.071 1.04 1.019 1.001 0.9873 0.9825 0.9828 0.9811 0.9811 0.9792 0.9531 0.9274 0.8773 0.8171 0.7432 0.6594 0.5661 0.4725 0.3811 0.2987 0.2215 0.1581 0 0 0 0 0 0 0 0 0 0 0 1 1 1 1 1 1 1 1 1 1 1 1 1 1 1 1 1 1 1 1 1 .
Normalization of pu_mc: 1
Normalization of pileup: 2.014e+10
Weights for variable pu_mc with a number of bins equal to 76:
1 1 1 1 1 1 1 1 1 1 2.784 3.074 2.661 2.24 1.976 1.881 1.801 1.669 1.544 1.453 1.364 1.27 1.186 1.113 1.061 1.016 0.9702 0.9245 0.8754 0.8192 0.7629 0.7065 0.6366 0.5722 0.4984 0.4252 0.3515 0.2804 0.2137 0.1564 0.1092 0 0 0 0 0 0 0 0 0 0 0 0 0 0 1 1 1 1 1 1 1 1 1 1 1 1 1 1 1 1 1 1 1 1 1 .
For maximum weight 3.074: integral relative change: 0
Final weights: 
1 1 1 1 1 1 1 1 1 1 2.784 3.074 2.661 2.24 1.976 1.881 1.801 1.669 1.544 1.453 1.364 1.27 1.186 1.113 1.061 1.016 0.9702 0.9245 0.8754 0.8192 0.7629 0.7065 0.6366 0.5722 0.4984 0.4252 0.3515 0.2804 0.2137 0.1564 0.1092 0 0 0 0 0 0 0 0 0 0 0 0 0 0 1 1 1 1 1 1 1 1 1 1 1 1 1 1 1 1 1 1 1 1 1 .
begin job of lepCalProducer
initializing all the rochester correction objects
initializing the egamma calibrator
Processed  4000000/15371854 entries (elapsed time     0.3s, curr speed   38.462 kHz, avg speed 15384.615 kHz), accepted        1/       1 events (100.00%)
Processed  4010000/15371854 entries (elapsed time    12.3s, curr speed    0.828 kHz, avg speed  324.959 kHz), accepted    10001/   10001 events (100.00%)
Processed  4020000/15371854 entries (elapsed time    24.8s, curr speed    0.802 kHz, avg speed  162.031 kHz), accepted    20001/   20001 events (100.00%)
Processed  4030000/15371854 entries (elapsed time    36.9s, curr speed    0.829 kHz, avg speed  109.303 kHz), accepted    30001/   30001 events (100.00%)
Processed  4040000/15371854 entries (elapsed time    48.9s, curr speed    0.831 kHz, avg speed   82.601 kHz), accepted    40001/   40001 events (100.00%)
Processed  4050000/15371854 entries (elapsed time    60.8s, curr speed    0.842 kHz, avg speed   66.634 kHz), accepted    50001/   50001 events (100.00%)
Processed  4060000/15371854 entries (elapsed time    72.9s, curr speed    0.828 kHz, avg speed   55.723 kHz), accepted    60001/   60001 events (100.00%)
Processed  4070000/15371854 entries (elapsed time    83.8s, curr speed    0.910 kHz, avg speed   48.539 kHz), accepted    70001/   70001 events (100.00%)
Processed  4080000/15371854 entries (elapsed time    94.2s, curr speed    0.964 kHz, avg speed   43.303 kHz), accepted    80001/   80001 events (100.00%)
Processed  4090000/15371854 entries (elapsed time   104.8s, curr speed    0.949 kHz, avg speed   39.042 kHz), accepted    90001/   90001 events (100.00%)
Processed  4100000/15371854 entries (elapsed time   115.1s, curr speed    0.964 kHz, avg speed   35.612 kHz), accepted   100001/  100001 events (100.00%)
Processed  4110000/15371854 entries (elapsed time   125.4s, curr speed    0.978 kHz, avg speed   32.786 kHz), accepted   110001/  110001 events (100.00%)
Processed  4120000/15371854 entries (elapsed time   135.6s, curr speed    0.973 kHz, avg speed   30.375 kHz), accepted   120001/  120001 events (100.00%)
Processed  4130000/15371854 entries (elapsed time   159.3s, curr speed    0.422 kHz, avg speed   25.919 kHz), accepted   130001/  130001 events (100.00%)
Processed  4140000/15371854 entries (elapsed time   169.7s, curr speed    0.967 kHz, avg speed   24.399 kHz), accepted   140001/  140001 events (100.00%)
Processed  4150000/15371854 entries (elapsed time   179.8s, curr speed    0.988 kHz, avg speed   23.081 kHz), accepted   150001/  150001 events (100.00%)
Processed  4160000/15371854 entries (elapsed time   190.0s, curr speed    0.977 kHz, avg speed   21.890 kHz), accepted   160001/  160001 events (100.00%)
Processed  4170000/15371854 entries (elapsed time   200.2s, curr speed    0.989 kHz, avg speed   20.834 kHz), accepted   170001/  170001 events (100.00%)
Processed  4180000/15371854 entries (elapsed time   210.6s, curr speed    0.954 kHz, avg speed   19.845 kHz), accepted   180001/  180001 events (100.00%)
Processed  4190000/15371854 entries (elapsed time   221.0s, curr speed    0.967 kHz, avg speed   18.962 kHz), accepted   190001/  190001 events (100.00%)
Processed  4200000/15371854 entries (elapsed time   245.2s, curr speed    0.412 kHz, avg speed   17.125 kHz), accepted   200001/  200001 events (100.00%)
Processed  4210000/15371854 entries (elapsed time   255.7s, curr speed    0.954 kHz, avg speed   16.463 kHz), accepted   210001/  210001 events (100.00%)
Processed  4220000/15371854 entries (elapsed time   266.3s, curr speed    0.949 kHz, avg speed   15.849 kHz), accepted   220001/  220001 events (100.00%)
Processed  4230000/15371854 entries (elapsed time   276.4s, curr speed    0.982 kHz, avg speed   15.301 kHz), accepted   230001/  230001 events (100.00%)
Processed  4240000/15371854 entries (elapsed time   286.5s, curr speed    0.996 kHz, avg speed   14.800 kHz), accepted   240001/  240001 events (100.00%)
Processed 250000 entries from MY_EOS_SPACE/heppyNtuples/TREES_SingleMuon2016BCDEF_94X/SingleMuon_Run2016C_part2/treeProducerWMass/tree.root, selected 250000 entries
Done MY_EOS_SPACE/heppyNtuples/TREES_SingleMuon2016BCDEF_94X/friends/tree_Friend_SingleMuon_Run2016C_part2.chunk16.root
