   SingleMuon_Run2016D_part2   DATA  59 chunks


I have 1 taks to process
I'm using the following list of modules DEFAULT_MODULES
this is jobs [('SingleMuon_Run2016D_part2', 'MY_EOS_SPACE/heppyNtuples/TREES_SingleMuon2016BCDEF_94X/SingleMuon_Run2016D_part2/treeProducerWMass/tree.root', 24459165.0, '_Friend_SingleMuon_Run2016D_part2.chunk47', True, xrange(11750000, 12000000), 47)]
Modules to run:  []   name =  puWeight
Loading puWeight from CMGTools.WMass.postprocessing.examples.puWeightProducer 
Running on dataset =  SingleMuon_Run2016D_part2
TFile: name=/afs/cern.ch/work/m/mciprian/w_mass_analysis/heppy/rel_slc7/CMSSW_9_4_12/src/CMGTools/WMass/python/postprocessing/data/pileup/pileup_profile_Summer16.root, title=, option=READ
TFile: name=/afs/cern.ch/work/m/mciprian/w_mass_analysis/heppy/rel_slc7/CMSSW_9_4_12/src/CMGTools/WMass/python/postprocessing/data/pileup/PileupData_GoldenJSON_Full2016.root, title=, option=READ
Load C++ Worker
Modules to run:  []   name =  puWeight2016BF
Loading puWeight2016BF from CMGTools.WMass.postprocessing.examples.puWeightProducer 
Running on dataset =  SingleMuon_Run2016D_part2
TFile: name=/afs/cern.ch/work/m/mciprian/w_mass_analysis/heppy/rel_slc7/CMSSW_9_4_12/src/CMGTools/WMass/python/postprocessing/data/pileup/pileup_profile_Summer16.root, title=, option=READ
TFile: name=/afs/cern.ch/work/m/mciprian/w_mass_analysis/heppy/rel_slc7/CMSSW_9_4_12/src/CMGTools/WMass/python/postprocessing/data/pileup/PileupData_GoldenJSON_2016BF.root, title=, option=READ
Modules to run:  []   name =  lepQCDAwayJetAll
Loading lepQCDAwayJetAll from CMGTools.WMass.postprocessing.examples.lepVarProducer 
Running on dataset =  SingleMuon_Run2016D_part2
Modules to run:  []   name =  muCalibratedWithStatVar
Loading muCalibratedWithStatVar from CMGTools.WMass.postprocessing.examples.lepVarProducer 
Running on dataset =  SingleMuon_Run2016D_part2
did not find EnergyScaleCorrection shared object, rebuilding
trying to load all the rochester correction libraries
did not find legacy data roccor. rebuilding...
done building legacy data roccor.
Modules to run:  []   name =  jetAllReCleaner
Loading jetAllReCleaner from CMGTools.WMass.postprocessing.examples.jetReCleaner 
Running on dataset =  SingleMuon_Run2016D_part2
Load C++ Worker
Modules to run:  []   name =  jetReCleaner
Loading jetReCleaner from CMGTools.WMass.postprocessing.examples.jetReCleaner 
Running on dataset =  SingleMuon_Run2016D_part2
Load C++ Worker
Modules to run:  []   name =  genQEDJets
Loading genQEDJets from CMGTools.WMass.postprocessing.examples.genFriendProducer 
Running on dataset =  SingleMuon_Run2016D_part2
Will write selected trees to MY_EOS_SPACE/heppyNtuples/TREES_SingleMuon2016BCDEF_94X/friends/
Normalization of pu_mc: 0.999973
Normalization of pileup: 3.65129e+10
Weights for variable pu_mc with a number of bins equal to 76:
1 1 1 1 1 1 1 1 1 1 1.616 1.923 1.917 1.762 1.611 1.554 1.506 1.414 1.317 1.241 1.169 1.109 1.071 1.04 1.019 1.001 0.9873 0.9825 0.9828 0.9811 0.9811 0.9792 0.9531 0.9274 0.8773 0.8171 0.7432 0.6594 0.5661 0.4725 0.3811 0.2987 0.2215 0.1581 0 0 0 0 0 0 0 0 0 0 0 1 1 1 1 1 1 1 1 1 1 1 1 1 1 1 1 1 1 1 1 1 .
Final weights: 
1 1 1 1 1 1 1 1 1 1 1.616 1.923 1.917 1.762 1.611 1.554 1.506 1.414 1.317 1.241 1.169 1.109 1.071 1.04 1.019 1.001 0.9873 0.9825 0.9828 0.9811 0.9811 0.9792 0.9531 0.9274 0.8773 0.8171 0.7432 0.6594 0.5661 0.4725 0.3811 0.2987 0.2215 0.1581 0 0 0 0 0 0 0 0 0 0 0 1 1 1 1 1 1 1 1 1 1 1 1 1 1 1 1 1 1 1 1 1 .
Normalization of pu_mc: 1
Normalization of pileup: 2.014e+10
Weights for variable pu_mc with a number of bins equal to 76:
1 1 1 1 1 1 1 1 1 1 2.784 3.074 2.661 2.24 1.976 1.881 1.801 1.669 1.544 1.453 1.364 1.27 1.186 1.113 1.061 1.016 0.9702 0.9245 0.8754 0.8192 0.7629 0.7065 0.6366 0.5722 0.4984 0.4252 0.3515 0.2804 0.2137 0.1564 0.1092 0 0 0 0 0 0 0 0 0 0 0 0 0 0 1 1 1 1 1 1 1 1 1 1 1 1 1 1 1 1 1 1 1 1 1 .
For maximum weight 3.074: integral relative change: 0
Final weights: 
1 1 1 1 1 1 1 1 1 1 2.784 3.074 2.661 2.24 1.976 1.881 1.801 1.669 1.544 1.453 1.364 1.27 1.186 1.113 1.061 1.016 0.9702 0.9245 0.8754 0.8192 0.7629 0.7065 0.6366 0.5722 0.4984 0.4252 0.3515 0.2804 0.2137 0.1564 0.1092 0 0 0 0 0 0 0 0 0 0 0 0 0 0 1 1 1 1 1 1 1 1 1 1 1 1 1 1 1 1 1 1 1 1 1 .
begin job of lepCalProducer
initializing all the rochester correction objects
initializing the egamma calibrator
Processed 11750000/14721863 entries (elapsed time     0.3s, curr speed   35.714 kHz, avg speed 41964.286 kHz), accepted        1/       1 events (100.00%)
Processed 11760000/14721863 entries (elapsed time    13.7s, curr speed    0.745 kHz, avg speed  858.394 kHz), accepted    10001/   10001 events (100.00%)
Processed 11770000/14721863 entries (elapsed time    27.7s, curr speed    0.715 kHz, avg speed  425.217 kHz), accepted    20001/   20001 events (100.00%)
Processed 11780000/14721863 entries (elapsed time    41.5s, curr speed    0.726 kHz, avg speed  284.129 kHz), accepted    30001/   30001 events (100.00%)
Processed 11790000/14721863 entries (elapsed time    55.5s, curr speed    0.714 kHz, avg speed  212.547 kHz), accepted    40001/   40001 events (100.00%)
Processed 11800000/14721863 entries (elapsed time    69.5s, curr speed    0.715 kHz, avg speed  169.882 kHz), accepted    50001/   50001 events (100.00%)
Processed 11810000/14721863 entries (elapsed time    83.2s, curr speed    0.725 kHz, avg speed  141.862 kHz), accepted    60001/   60001 events (100.00%)
Processed 11820000/14721863 entries (elapsed time    96.3s, curr speed    0.767 kHz, avg speed  122.767 kHz), accepted    70001/   70001 events (100.00%)
Processed 11830000/14721863 entries (elapsed time   107.7s, curr speed    0.874 kHz, avg speed  109.822 kHz), accepted    80001/   80001 events (100.00%)
Processed 11840000/14721863 entries (elapsed time   119.0s, curr speed    0.886 kHz, avg speed   99.487 kHz), accepted    90001/   90001 events (100.00%)
Processed 11850000/14721863 entries (elapsed time   130.3s, curr speed    0.888 kHz, avg speed   90.965 kHz), accepted   100001/  100001 events (100.00%)
Processed 11860000/14721863 entries (elapsed time   141.5s, curr speed    0.890 kHz, avg speed   83.816 kHz), accepted   110001/  110001 events (100.00%)
Processed 11870000/14721863 entries (elapsed time   153.1s, curr speed    0.862 kHz, avg speed   77.531 kHz), accepted   120001/  120001 events (100.00%)
Processed 11880000/14721863 entries (elapsed time   180.4s, curr speed    0.366 kHz, avg speed   65.843 kHz), accepted   130001/  130001 events (100.00%)
Processed 11890000/14721863 entries (elapsed time   192.0s, curr speed    0.863 kHz, avg speed   61.921 kHz), accepted   140001/  140001 events (100.00%)
Processed 11900000/14721863 entries (elapsed time   204.0s, curr speed    0.834 kHz, avg speed   58.330 kHz), accepted   150001/  150001 events (100.00%)
Processed 11910000/14721863 entries (elapsed time   215.7s, curr speed    0.856 kHz, avg speed   55.218 kHz), accepted   160001/  160001 events (100.00%)
Processed 11920000/14721863 entries (elapsed time   227.6s, curr speed    0.843 kHz, avg speed   52.384 kHz), accepted   170001/  170001 events (100.00%)
Processed 11930000/14721863 entries (elapsed time   238.8s, curr speed    0.890 kHz, avg speed   49.960 kHz), accepted   180001/  180001 events (100.00%)
Processed 11940000/14721863 entries (elapsed time   250.3s, curr speed    0.867 kHz, avg speed   47.697 kHz), accepted   190001/  190001 events (100.00%)
Processed 11950000/14721863 entries (elapsed time   277.6s, curr speed    0.367 kHz, avg speed   43.052 kHz), accepted   200001/  200001 events (100.00%)
Processed 11960000/14721863 entries (elapsed time   289.3s, curr speed    0.849 kHz, avg speed   41.334 kHz), accepted   210001/  210001 events (100.00%)
Processed 11970000/14721863 entries (elapsed time   300.7s, curr speed    0.883 kHz, avg speed   39.811 kHz), accepted   220001/  220001 events (100.00%)
Processed 11980000/14721863 entries (elapsed time   312.1s, curr speed    0.872 kHz, avg speed   38.380 kHz), accepted   230001/  230001 events (100.00%)
Processed 11990000/14721863 entries (elapsed time   323.7s, curr speed    0.867 kHz, avg speed   37.043 kHz), accepted   240001/  240001 events (100.00%)
Processed 250000 entries from MY_EOS_SPACE/heppyNtuples/TREES_SingleMuon2016BCDEF_94X/SingleMuon_Run2016D_part2/treeProducerWMass/tree.root, selected 250000 entries
Done MY_EOS_SPACE/heppyNtuples/TREES_SingleMuon2016BCDEF_94X/friends/tree_Friend_SingleMuon_Run2016D_part2.chunk47.root
