000 (322893.023.000) 05/10 15:24:53 Job submitted from host: <188.184.95.166:9618?addrs=188.184.95.166-9618+[2001-1458-201-e4--100-7a0]-9618&alias=tbird02.cern.ch&noUDP&sock=schedd_2138722_faad_3>
...
040 (322893.023.000) 05/10 15:34:09 Started transferring input files
	Transferring to host: <188.184.133.238:9618?addrs=188.184.133.238-9618+[2001-1458-301-a0--100-395]-9618&noUDP&sock=13636_8ba4_102801>
...
040 (322893.023.000) 05/10 15:34:09 Finished transferring input files
...
001 (322893.023.000) 05/10 15:34:10 Job executing on host: <188.184.133.238:9618?addrs=188.184.133.238-9618+[2001-1458-301-a0--100-395]-9618&noUDP&sock=13449_794d_3>
...
006 (322893.023.000) 05/10 15:34:19 Image size of job updated: 243820
	164  -  MemoryUsage of job (MB)
	167540  -  ResidentSetSize of job (KB)
...
006 (322893.023.000) 05/10 15:39:19 Image size of job updated: 494060
	481  -  MemoryUsage of job (MB)
	491796  -  ResidentSetSize of job (KB)
...
040 (322893.023.000) 05/10 15:40:19 Started transferring output files
...
040 (322893.023.000) 05/10 15:40:19 Finished transferring output files
...
005 (322893.023.000) 05/10 15:40:19 Job terminated.
	(1) Normal termination (return value 1)
		Usr 0 00:05:17, Sys 0 00:00:33  -  Run Remote Usage
		Usr 0 00:00:00, Sys 0 00:00:00  -  Run Local Usage
		Usr 0 00:05:17, Sys 0 00:00:33  -  Total Remote Usage
		Usr 0 00:00:00, Sys 0 00:00:00  -  Total Local Usage
	9477  -  Run Bytes Sent By Job
	10941  -  Run Bytes Received By Job
	9477  -  Total Bytes Sent By Job
	10941  -  Total Bytes Received By Job
	Partitionable Resources :    Usage  Request Allocated 
	   Cpus                 :                 1           
	   Disk (KB)            :       72        1   2122347 
	   Memory (MB)          :      481     2000      2000 
...
