000 (322892.040.000) 05/10 15:24:52 Job submitted from host: <188.184.95.166:9618?addrs=188.184.95.166-9618+[2001-1458-201-e4--100-7a0]-9618&alias=tbird02.cern.ch&noUDP&sock=schedd_2138722_faad_3>
...
040 (322892.040.000) 05/10 15:33:41 Started transferring input files
	Transferring to host: <128.142.240.9:9618?addrs=128.142.240.9-9618+[2001-1458-301-f9--100-16]-9618&noUDP&sock=13588_b9a2_19398>
...
040 (322892.040.000) 05/10 15:33:41 Finished transferring input files
...
001 (322892.040.000) 05/10 15:33:42 Job executing on host: <128.142.240.9:9618?addrs=128.142.240.9-9618+[2001-1458-301-f9--100-16]-9618&noUDP&sock=2371_e323_3>
...
006 (322892.040.000) 05/10 15:33:51 Image size of job updated: 103424
	64  -  MemoryUsage of job (MB)
	65440  -  ResidentSetSize of job (KB)
...
006 (322892.040.000) 05/10 15:38:52 Image size of job updated: 557640
	483  -  MemoryUsage of job (MB)
	494128  -  ResidentSetSize of job (KB)
...
040 (322892.040.000) 05/10 15:40:35 Started transferring output files
...
040 (322892.040.000) 05/10 15:40:35 Finished transferring output files
...
005 (322892.040.000) 05/10 15:40:35 Job terminated.
	(1) Normal termination (return value 1)
		Usr 0 00:05:48, Sys 0 00:00:37  -  Run Remote Usage
		Usr 0 00:00:00, Sys 0 00:00:00  -  Run Local Usage
		Usr 0 00:05:48, Sys 0 00:00:37  -  Total Remote Usage
		Usr 0 00:00:00, Sys 0 00:00:00  -  Total Local Usage
	9479  -  Run Bytes Sent By Job
	10941  -  Run Bytes Received By Job
	9479  -  Total Bytes Sent By Job
	10941  -  Total Bytes Received By Job
	Partitionable Resources :    Usage  Request Allocated 
	   Cpus                 :     1.01        1         1 
	   Disk (KB)            :    80           1    210750 
	   Memory (MB)          :   483        2000      2000 
...
