000 (322894.054.000) 05/10 15:24:54 Job submitted from host: <188.184.95.166:9618?addrs=188.184.95.166-9618+[2001-1458-201-e4--100-7a0]-9618&alias=tbird02.cern.ch&noUDP&sock=schedd_2138722_faad_3>
...
040 (322894.054.000) 05/10 15:36:02 Started transferring input files
	Transferring to host: <128.142.240.32:9618?addrs=128.142.240.32-9618+[2001-1458-301-f9--100-2b]-9618&noUDP&sock=936_3f1f_18431>
...
040 (322894.054.000) 05/10 15:36:02 Finished transferring input files
...
001 (322894.054.000) 05/10 15:36:03 Job executing on host: <128.142.240.32:9618?addrs=128.142.240.32-9618+[2001-1458-301-f9--100-2b]-9618&noUDP&sock=2352_dad7_3>
...
006 (322894.054.000) 05/10 15:36:12 Image size of job updated: 59320
	58  -  MemoryUsage of job (MB)
	59316  -  ResidentSetSize of job (KB)
...
006 (322894.054.000) 05/10 15:41:13 Image size of job updated: 414836
	394  -  MemoryUsage of job (MB)
	403260  -  ResidentSetSize of job (KB)
...
006 (322894.054.000) 05/10 15:46:13 Image size of job updated: 501648
	479  -  MemoryUsage of job (MB)
	490072  -  ResidentSetSize of job (KB)
...
040 (322894.054.000) 05/10 15:46:39 Started transferring output files
...
040 (322894.054.000) 05/10 15:46:39 Finished transferring output files
...
005 (322894.054.000) 05/10 15:46:39 Job terminated.
	(1) Normal termination (return value 1)
		Usr 0 00:08:46, Sys 0 00:00:52  -  Run Remote Usage
		Usr 0 00:00:00, Sys 0 00:00:00  -  Run Local Usage
		Usr 0 00:08:46, Sys 0 00:00:52  -  Total Remote Usage
		Usr 0 00:00:00, Sys 0 00:00:00  -  Total Local Usage
	9479  -  Run Bytes Sent By Job
	10941  -  Run Bytes Received By Job
	9479  -  Total Bytes Sent By Job
	10941  -  Total Bytes Received By Job
	Partitionable Resources :    Usage  Request Allocated 
	   Cpus                 :     0.99        1         1 
	   Disk (KB)            :    80           1    221408 
	   Memory (MB)          :   479        2000      2000 
...
