   SingleMuon_Run2016B_part2   DATA  64 chunks


I have 1 taks to process
I'm using the following list of modules DEFAULT_MODULES
this is jobs [('SingleMuon_Run2016B_part2', 'MY_EOS_SPACE/heppyNtuples/TREES_SingleMuon2016BCDEF_94X/SingleMuon_Run2016B_part2/treeProducerWMass/tree.root', 30940940.0, '_Friend_SingleMuon_Run2016B_part2.chunk50', True, xrange(12500000, 12750000), 50)]
Modules to run:  []   name =  puWeight
Loading puWeight from CMGTools.WMass.postprocessing.examples.puWeightProducer 
Running on dataset =  SingleMuon_Run2016B_part2
TFile: name=/afs/cern.ch/work/m/mciprian/w_mass_analysis/heppy/rel_slc7/CMSSW_9_4_12/src/CMGTools/WMass/python/postprocessing/data/pileup/pileup_profile_Summer16.root, title=, option=READ
TFile: name=/afs/cern.ch/work/m/mciprian/w_mass_analysis/heppy/rel_slc7/CMSSW_9_4_12/src/CMGTools/WMass/python/postprocessing/data/pileup/PileupData_GoldenJSON_Full2016.root, title=, option=READ
Load C++ Worker
Modules to run:  []   name =  puWeight2016BF
Loading puWeight2016BF from CMGTools.WMass.postprocessing.examples.puWeightProducer 
Running on dataset =  SingleMuon_Run2016B_part2
TFile: name=/afs/cern.ch/work/m/mciprian/w_mass_analysis/heppy/rel_slc7/CMSSW_9_4_12/src/CMGTools/WMass/python/postprocessing/data/pileup/pileup_profile_Summer16.root, title=, option=READ
TFile: name=/afs/cern.ch/work/m/mciprian/w_mass_analysis/heppy/rel_slc7/CMSSW_9_4_12/src/CMGTools/WMass/python/postprocessing/data/pileup/PileupData_GoldenJSON_2016BF.root, title=, option=READ
Modules to run:  []   name =  lepQCDAwayJetAll
Loading lepQCDAwayJetAll from CMGTools.WMass.postprocessing.examples.lepVarProducer 
Running on dataset =  SingleMuon_Run2016B_part2
Modules to run:  []   name =  muCalibratedWithStatVar
Loading muCalibratedWithStatVar from CMGTools.WMass.postprocessing.examples.lepVarProducer 
Running on dataset =  SingleMuon_Run2016B_part2
did not find EnergyScaleCorrection shared object, rebuilding
trying to load all the rochester correction libraries
did not find legacy data roccor. rebuilding...
done building legacy data roccor.
Modules to run:  []   name =  jetAllReCleaner
Loading jetAllReCleaner from CMGTools.WMass.postprocessing.examples.jetReCleaner 
Running on dataset =  SingleMuon_Run2016B_part2
Load C++ Worker
Modules to run:  []   name =  jetReCleaner
Loading jetReCleaner from CMGTools.WMass.postprocessing.examples.jetReCleaner 
Running on dataset =  SingleMuon_Run2016B_part2
Load C++ Worker
Modules to run:  []   name =  genQEDJets
Loading genQEDJets from CMGTools.WMass.postprocessing.examples.genFriendProducer 
Running on dataset =  SingleMuon_Run2016B_part2
Will write selected trees to MY_EOS_SPACE/heppyNtuples/TREES_SingleMuon2016BCDEF_94X/friends/
Normalization of pu_mc: 0.999973
Normalization of pileup: 3.65129e+10
Weights for variable pu_mc with a number of bins equal to 76:
1 1 1 1 1 1 1 1 1 1 1.616 1.923 1.917 1.762 1.611 1.554 1.506 1.414 1.317 1.241 1.169 1.109 1.071 1.04 1.019 1.001 0.9873 0.9825 0.9828 0.9811 0.9811 0.9792 0.9531 0.9274 0.8773 0.8171 0.7432 0.6594 0.5661 0.4725 0.3811 0.2987 0.2215 0.1581 0 0 0 0 0 0 0 0 0 0 0 1 1 1 1 1 1 1 1 1 1 1 1 1 1 1 1 1 1 1 1 1 .
Final weights: 
1 1 1 1 1 1 1 1 1 1 1.616 1.923 1.917 1.762 1.611 1.554 1.506 1.414 1.317 1.241 1.169 1.109 1.071 1.04 1.019 1.001 0.9873 0.9825 0.9828 0.9811 0.9811 0.9792 0.9531 0.9274 0.8773 0.8171 0.7432 0.6594 0.5661 0.4725 0.3811 0.2987 0.2215 0.1581 0 0 0 0 0 0 0 0 0 0 0 1 1 1 1 1 1 1 1 1 1 1 1 1 1 1 1 1 1 1 1 1 .
Normalization of pu_mc: 1
Normalization of pileup: 2.014e+10
Weights for variable pu_mc with a number of bins equal to 76:
1 1 1 1 1 1 1 1 1 1 2.784 3.074 2.661 2.24 1.976 1.881 1.801 1.669 1.544 1.453 1.364 1.27 1.186 1.113 1.061 1.016 0.9702 0.9245 0.8754 0.8192 0.7629 0.7065 0.6366 0.5722 0.4984 0.4252 0.3515 0.2804 0.2137 0.1564 0.1092 0 0 0 0 0 0 0 0 0 0 0 0 0 0 1 1 1 1 1 1 1 1 1 1 1 1 1 1 1 1 1 1 1 1 1 .
For maximum weight 3.074: integral relative change: 0
Final weights: 
1 1 1 1 1 1 1 1 1 1 2.784 3.074 2.661 2.24 1.976 1.881 1.801 1.669 1.544 1.453 1.364 1.27 1.186 1.113 1.061 1.016 0.9702 0.9245 0.8754 0.8192 0.7629 0.7065 0.6366 0.5722 0.4984 0.4252 0.3515 0.2804 0.2137 0.1564 0.1092 0 0 0 0 0 0 0 0 0 0 0 0 0 0 1 1 1 1 1 1 1 1 1 1 1 1 1 1 1 1 1 1 1 1 1 .
begin job of lepCalProducer
initializing all the rochester correction objects
initializing the egamma calibrator
Processed 12500000/15872483 entries (elapsed time     0.2s, curr speed   47.619 kHz, avg speed 59523.810 kHz), accepted        1/       1 events (100.00%)
Processed 12510000/15872483 entries (elapsed time    16.0s, curr speed    0.634 kHz, avg speed  782.854 kHz), accepted    10001/   10001 events (100.00%)
Processed 12520000/15872483 entries (elapsed time    33.8s, curr speed    0.561 kHz, avg speed  370.195 kHz), accepted    20001/   20001 events (100.00%)
Processed 12530000/15872483 entries (elapsed time    51.8s, curr speed    0.558 kHz, avg speed  242.126 kHz), accepted    30001/   30001 events (100.00%)
Processed 12540000/15872483 entries (elapsed time    70.0s, curr speed    0.548 kHz, avg speed  179.117 kHz), accepted    40001/   40001 events (100.00%)
Processed 12550000/15872483 entries (elapsed time    88.0s, curr speed    0.555 kHz, avg speed  142.549 kHz), accepted    50001/   50001 events (100.00%)
Processed 12560000/15872483 entries (elapsed time   106.2s, curr speed    0.551 kHz, avg speed  118.267 kHz), accepted    60001/   60001 events (100.00%)
Processed 12570000/15872483 entries (elapsed time   123.0s, curr speed    0.596 kHz, avg speed  102.203 kHz), accepted    70001/   70001 events (100.00%)
Processed 12580000/15872483 entries (elapsed time   137.9s, curr speed    0.670 kHz, avg speed   91.212 kHz), accepted    80001/   80001 events (100.00%)
Processed 12590000/15872483 entries (elapsed time   153.1s, curr speed    0.660 kHz, avg speed   82.250 kHz), accepted    90001/   90001 events (100.00%)
Processed 12600000/15872483 entries (elapsed time   168.7s, curr speed    0.640 kHz, avg speed   74.693 kHz), accepted   100001/  100001 events (100.00%)
Processed 12610000/15872483 entries (elapsed time   184.1s, curr speed    0.651 kHz, avg speed   68.510 kHz), accepted   110001/  110001 events (100.00%)
Processed 12620000/15872483 entries (elapsed time   199.4s, curr speed    0.650 kHz, avg speed   63.274 kHz), accepted   120001/  120001 events (100.00%)
Processed 12630000/15872483 entries (elapsed time   236.1s, curr speed    0.273 kHz, avg speed   53.503 kHz), accepted   130001/  130001 events (100.00%)
Processed 12640000/15872483 entries (elapsed time   251.2s, curr speed    0.660 kHz, avg speed   50.316 kHz), accepted   140001/  140001 events (100.00%)
Processed 12650000/15872483 entries (elapsed time   266.1s, curr speed    0.672 kHz, avg speed   47.542 kHz), accepted   150001/  150001 events (100.00%)
Processed 12660000/15872483 entries (elapsed time   281.9s, curr speed    0.631 kHz, avg speed   44.906 kHz), accepted   160001/  160001 events (100.00%)
Processed 12670000/15872483 entries (elapsed time   296.6s, curr speed    0.681 kHz, avg speed   42.716 kHz), accepted   170001/  170001 events (100.00%)
Processed 12680000/15872483 entries (elapsed time   311.9s, curr speed    0.654 kHz, avg speed   40.654 kHz), accepted   180001/  180001 events (100.00%)
Processed 12690000/15872483 entries (elapsed time   327.5s, curr speed    0.641 kHz, avg speed   38.749 kHz), accepted   190001/  190001 events (100.00%)
Processed 12700000/15872483 entries (elapsed time   363.2s, curr speed    0.280 kHz, avg speed   34.969 kHz), accepted   200001/  200001 events (100.00%)
Processed 12710000/15872483 entries (elapsed time   377.7s, curr speed    0.691 kHz, avg speed   33.655 kHz), accepted   210001/  210001 events (100.00%)
Processed 12720000/15872483 entries (elapsed time   392.7s, curr speed    0.664 kHz, avg speed   32.389 kHz), accepted   220001/  220001 events (100.00%)
Processed 12730000/15872483 entries (elapsed time   408.5s, curr speed    0.635 kHz, avg speed   31.164 kHz), accepted   230001/  230001 events (100.00%)
Processed 12740000/15872483 entries (elapsed time   423.7s, curr speed    0.658 kHz, avg speed   30.070 kHz), accepted   240001/  240001 events (100.00%)
Processed 250000 entries from MY_EOS_SPACE/heppyNtuples/TREES_SingleMuon2016BCDEF_94X/SingleMuon_Run2016B_part2/treeProducerWMass/tree.root, selected 250000 entries
Done MY_EOS_SPACE/heppyNtuples/TREES_SingleMuon2016BCDEF_94X/friends/tree_Friend_SingleMuon_Run2016B_part2.chunk50.root
