000 (322896.050.000) 05/10 15:24:56 Job submitted from host: <188.184.95.166:9618?addrs=188.184.95.166-9618+[2001-1458-201-e4--100-7a0]-9618&alias=tbird02.cern.ch&noUDP&sock=schedd_2138722_faad_3>
...
040 (322896.050.000) 05/10 15:37:06 Started transferring input files
	Transferring to host: <128.142.240.42:9618?addrs=128.142.240.42-9618+[2001-1458-301-f9--100-12]-9618&noUDP&sock=4165_5e82_126652>
...
040 (322896.050.000) 05/10 15:37:06 Finished transferring input files
...
001 (322896.050.000) 05/10 15:37:07 Job executing on host: <128.142.240.42:9618?addrs=128.142.240.42-9618+[2001-1458-301-f9--100-12]-9618&noUDP&sock=2326_0560_3>
...
006 (322896.050.000) 05/10 15:37:15 Image size of job updated: 113692
	65  -  MemoryUsage of job (MB)
	66044  -  ResidentSetSize of job (KB)
...
006 (322896.050.000) 05/10 15:42:15 Image size of job updated: 493496
	480  -  MemoryUsage of job (MB)
	491096  -  ResidentSetSize of job (KB)
...
040 (322896.050.000) 05/10 15:43:29 Started transferring output files
...
040 (322896.050.000) 05/10 15:43:29 Finished transferring output files
...
005 (322896.050.000) 05/10 15:43:29 Job terminated.
	(1) Normal termination (return value 1)
		Usr 0 00:05:06, Sys 0 00:00:35  -  Run Remote Usage
		Usr 0 00:00:00, Sys 0 00:00:00  -  Run Local Usage
		Usr 0 00:05:06, Sys 0 00:00:35  -  Total Remote Usage
		Usr 0 00:00:00, Sys 0 00:00:00  -  Total Local Usage
	9479  -  Run Bytes Sent By Job
	10941  -  Run Bytes Received By Job
	9479  -  Total Bytes Sent By Job
	10941  -  Total Bytes Received By Job
	Partitionable Resources :    Usage  Request Allocated 
	   Cpus                 :                 1           
	   Disk (KB)            :       72        1   2179320 
	   Memory (MB)          :      480     2000      2000 
...
