000 (322896.059.000) 05/10 15:24:56 Job submitted from host: <188.184.95.166:9618?addrs=188.184.95.166-9618+[2001-1458-201-e4--100-7a0]-9618&alias=tbird02.cern.ch&noUDP&sock=schedd_2138722_faad_3>
...
040 (322896.059.000) 05/10 15:37:09 Started transferring input files
	Transferring to host: <128.142.33.156:9618?addrs=128.142.33.156-9618+[--1]-9618&noUDP&sock=3227_769c_9157>
...
040 (322896.059.000) 05/10 15:37:09 Finished transferring input files
...
001 (322896.059.000) 05/10 15:37:11 Job executing on host: <128.142.33.156:9618?addrs=128.142.33.156-9618+[--1]-9618&noUDP&sock=2275_0a0c_3>
...
006 (322896.059.000) 05/10 15:37:19 Image size of job updated: 118076
	58  -  MemoryUsage of job (MB)
	59296  -  ResidentSetSize of job (KB)
...
006 (322896.059.000) 05/10 15:42:19 Image size of job updated: 491480
	478  -  MemoryUsage of job (MB)
	489168  -  ResidentSetSize of job (KB)
...
040 (322896.059.000) 05/10 15:43:35 Started transferring output files
...
040 (322896.059.000) 05/10 15:43:35 Finished transferring output files
...
005 (322896.059.000) 05/10 15:43:35 Job terminated.
	(1) Normal termination (return value 1)
		Usr 0 00:04:53, Sys 0 00:00:38  -  Run Remote Usage
		Usr 0 00:00:00, Sys 0 00:00:00  -  Run Local Usage
		Usr 0 00:04:53, Sys 0 00:00:38  -  Total Remote Usage
		Usr 0 00:00:00, Sys 0 00:00:00  -  Total Local Usage
	14787  -  Run Bytes Sent By Job
	10941  -  Run Bytes Received By Job
	14787  -  Total Bytes Sent By Job
	10941  -  Total Bytes Received By Job
	Partitionable Resources :    Usage  Request Allocated 
	   Cpus                 :                 1           
	   Disk (KB)            :       75        1   2164143 
	   Memory (MB)          :      478     2000      2000 
...
