000 (322895.003.000) 05/10 15:24:55 Job submitted from host: <188.184.95.166:9618?addrs=188.184.95.166-9618+[2001-1458-201-e4--100-7a0]-9618&alias=tbird02.cern.ch&noUDP&sock=schedd_2138722_faad_3>
...
040 (322895.003.000) 05/10 15:36:06 Started transferring input files
	Transferring to host: <188.184.192.242:9618?addrs=188.184.192.242-9618+[2001-1458-301-83--100-356]-9618&noUDP&sock=4157_bb82_114509>
...
040 (322895.003.000) 05/10 15:36:06 Finished transferring input files
...
001 (322895.003.000) 05/10 15:36:07 Job executing on host: <188.184.192.242:9618?addrs=188.184.192.242-9618+[2001-1458-301-83--100-356]-9618&noUDP&sock=2422_de78_3>
...
006 (322895.003.000) 05/10 15:36:15 Image size of job updated: 116216
	58  -  MemoryUsage of job (MB)
	59316  -  ResidentSetSize of job (KB)
...
006 (322895.003.000) 05/10 15:41:15 Image size of job updated: 490392
	478  -  MemoryUsage of job (MB)
	489144  -  ResidentSetSize of job (KB)
...
040 (322895.003.000) 05/10 15:42:13 Started transferring output files
...
040 (322895.003.000) 05/10 15:42:13 Finished transferring output files
...
005 (322895.003.000) 05/10 15:42:13 Job terminated.
	(1) Normal termination (return value 1)
		Usr 0 00:05:06, Sys 0 00:00:35  -  Run Remote Usage
		Usr 0 00:00:00, Sys 0 00:00:00  -  Run Local Usage
		Usr 0 00:05:06, Sys 0 00:00:35  -  Total Remote Usage
		Usr 0 00:00:00, Sys 0 00:00:00  -  Total Local Usage
	9472  -  Run Bytes Sent By Job
	10941  -  Run Bytes Received By Job
	9472  -  Total Bytes Sent By Job
	10941  -  Total Bytes Received By Job
	Partitionable Resources :    Usage  Request Allocated 
	   Cpus                 :                 1           
	   Disk (KB)            :       72        1   2157129 
	   Memory (MB)          :      478     2000      2000 
...
