000 (322891.014.000) 05/10 15:24:51 Job submitted from host: <188.184.95.166:9618?addrs=188.184.95.166-9618+[2001-1458-201-e4--100-7a0]-9618&alias=tbird02.cern.ch&noUDP&sock=schedd_2138722_faad_3>
...
040 (322891.014.000) 05/10 15:32:33 Started transferring input files
	Transferring to host: <188.184.207.229:9618?addrs=188.184.207.229-9618+[2001-1458-301-7d--100-312]-9618&noUDP&sock=4258_e566_125943>
...
040 (322891.014.000) 05/10 15:32:33 Finished transferring input files
...
001 (322891.014.000) 05/10 15:32:34 Job executing on host: <188.184.207.229:9618?addrs=188.184.207.229-9618+[2001-1458-301-7d--100-312]-9618&noUDP&sock=2319_3837_3>
...
006 (322891.014.000) 05/10 15:32:42 Image size of job updated: 331504
	243  -  MemoryUsage of job (MB)
	248428  -  ResidentSetSize of job (KB)
...
006 (322891.014.000) 05/10 15:37:42 Image size of job updated: 490252
	478  -  MemoryUsage of job (MB)
	488976  -  ResidentSetSize of job (KB)
...
040 (322891.014.000) 05/10 15:38:23 Started transferring output files
...
040 (322891.014.000) 05/10 15:38:23 Finished transferring output files
...
005 (322891.014.000) 05/10 15:38:23 Job terminated.
	(1) Normal termination (return value 1)
		Usr 0 00:05:11, Sys 0 00:00:34  -  Run Remote Usage
		Usr 0 00:00:00, Sys 0 00:00:00  -  Run Local Usage
		Usr 0 00:05:11, Sys 0 00:00:34  -  Total Remote Usage
		Usr 0 00:00:00, Sys 0 00:00:00  -  Total Local Usage
	9477  -  Run Bytes Sent By Job
	10941  -  Run Bytes Received By Job
	9477  -  Total Bytes Sent By Job
	10941  -  Total Bytes Received By Job
	Partitionable Resources :    Usage  Request Allocated 
	   Cpus                 :                 1           
	   Disk (KB)            :       72        1   2174008 
	   Memory (MB)          :      478     2000      2000 
...
