000 (322881.041.000) 05/10 15:24:42 Job submitted from host: <188.184.95.166:9618?addrs=188.184.95.166-9618+[2001-1458-201-e4--100-7a0]-9618&alias=tbird02.cern.ch&noUDP&sock=schedd_2138722_faad_3>
...
040 (322881.041.000) 05/10 15:25:52 Started transferring input files
	Transferring to host: <188.184.133.252:9618?addrs=188.184.133.252-9618+[2001-1458-301-a0--100-22c]-9618&noUDP&sock=13605_b402_102576>
...
040 (322881.041.000) 05/10 15:25:52 Finished transferring input files
...
001 (322881.041.000) 05/10 15:25:53 Job executing on host: <188.184.133.252:9618?addrs=188.184.133.252-9618+[2001-1458-301-a0--100-22c]-9618&noUDP&sock=13418_35dd_3>
...
006 (322881.041.000) 05/10 15:26:01 Image size of job updated: 236112
	154  -  MemoryUsage of job (MB)
	157412  -  ResidentSetSize of job (KB)
...
006 (322881.041.000) 05/10 15:31:01 Image size of job updated: 575512
	478  -  MemoryUsage of job (MB)
	489444  -  ResidentSetSize of job (KB)
...
006 (322881.041.000) 05/10 15:31:10 Image size of job updated: 679360
	478  -  MemoryUsage of job (MB)
	489444  -  ResidentSetSize of job (KB)
...
040 (322881.041.000) 05/10 15:31:10 Started transferring output files
...
040 (322881.041.000) 05/10 15:31:10 Finished transferring output files
...
005 (322881.041.000) 05/10 15:31:10 Job terminated.
	(1) Normal termination (return value 1)
		Usr 0 00:04:36, Sys 0 00:00:33  -  Run Remote Usage
		Usr 0 00:00:00, Sys 0 00:00:00  -  Run Local Usage
		Usr 0 00:04:36, Sys 0 00:00:33  -  Total Remote Usage
		Usr 0 00:00:00, Sys 0 00:00:00  -  Total Local Usage
	9479  -  Run Bytes Sent By Job
	10941  -  Run Bytes Received By Job
	9479  -  Total Bytes Sent By Job
	10941  -  Total Bytes Received By Job
	Partitionable Resources :    Usage  Request Allocated 
	   Cpus                 :                 1           
	   Disk (KB)            :       72        1   2113194 
	   Memory (MB)          :      478     2000      2000 
...
