   SingleMuon_Run2016C_part3   DATA  25 chunks


I have 1 taks to process
I'm using the following list of modules DEFAULT_MODULES
this is jobs [('SingleMuon_Run2016C_part3', 'MY_EOS_SPACE/heppyNtuples/TREES_SingleMuon2016BCDEF_94X/SingleMuon_Run2016C_part3/treeProducerWMass/tree.root', 11276199.0, '_Friend_SingleMuon_Run2016C_part3.chunk10', True, xrange(2500000, 2750000), 10)]
Modules to run:  []   name =  puWeight
Loading puWeight from CMGTools.WMass.postprocessing.examples.puWeightProducer 
Running on dataset =  SingleMuon_Run2016C_part3
TFile: name=/afs/cern.ch/work/m/mciprian/w_mass_analysis/heppy/rel_slc7/CMSSW_9_4_12/src/CMGTools/WMass/python/postprocessing/data/pileup/pileup_profile_Summer16.root, title=, option=READ
TFile: name=/afs/cern.ch/work/m/mciprian/w_mass_analysis/heppy/rel_slc7/CMSSW_9_4_12/src/CMGTools/WMass/python/postprocessing/data/pileup/PileupData_GoldenJSON_Full2016.root, title=, option=READ
Load C++ Worker
Modules to run:  []   name =  puWeight2016BF
Loading puWeight2016BF from CMGTools.WMass.postprocessing.examples.puWeightProducer 
Running on dataset =  SingleMuon_Run2016C_part3
TFile: name=/afs/cern.ch/work/m/mciprian/w_mass_analysis/heppy/rel_slc7/CMSSW_9_4_12/src/CMGTools/WMass/python/postprocessing/data/pileup/pileup_profile_Summer16.root, title=, option=READ
TFile: name=/afs/cern.ch/work/m/mciprian/w_mass_analysis/heppy/rel_slc7/CMSSW_9_4_12/src/CMGTools/WMass/python/postprocessing/data/pileup/PileupData_GoldenJSON_2016BF.root, title=, option=READ
Modules to run:  []   name =  lepQCDAwayJetAll
Loading lepQCDAwayJetAll from CMGTools.WMass.postprocessing.examples.lepVarProducer 
Running on dataset =  SingleMuon_Run2016C_part3
Modules to run:  []   name =  muCalibratedWithStatVar
Loading muCalibratedWithStatVar from CMGTools.WMass.postprocessing.examples.lepVarProducer 
Running on dataset =  SingleMuon_Run2016C_part3
did not find EnergyScaleCorrection shared object, rebuilding
trying to load all the rochester correction libraries
did not find legacy data roccor. rebuilding...
done building legacy data roccor.
Modules to run:  []   name =  jetAllReCleaner
Loading jetAllReCleaner from CMGTools.WMass.postprocessing.examples.jetReCleaner 
Running on dataset =  SingleMuon_Run2016C_part3
Load C++ Worker
Modules to run:  []   name =  jetReCleaner
Loading jetReCleaner from CMGTools.WMass.postprocessing.examples.jetReCleaner 
Running on dataset =  SingleMuon_Run2016C_part3
Load C++ Worker
Modules to run:  []   name =  genQEDJets
Loading genQEDJets from CMGTools.WMass.postprocessing.examples.genFriendProducer 
Running on dataset =  SingleMuon_Run2016C_part3
Will write selected trees to MY_EOS_SPACE/heppyNtuples/TREES_SingleMuon2016BCDEF_94X/friends/
Normalization of pu_mc: 0.999973
Normalization of pileup: 3.65129e+10
Weights for variable pu_mc with a number of bins equal to 76:
1 1 1 1 1 1 1 1 1 1 1.616 1.923 1.917 1.762 1.611 1.554 1.506 1.414 1.317 1.241 1.169 1.109 1.071 1.04 1.019 1.001 0.9873 0.9825 0.9828 0.9811 0.9811 0.9792 0.9531 0.9274 0.8773 0.8171 0.7432 0.6594 0.5661 0.4725 0.3811 0.2987 0.2215 0.1581 0 0 0 0 0 0 0 0 0 0 0 1 1 1 1 1 1 1 1 1 1 1 1 1 1 1 1 1 1 1 1 1 .
Final weights: 
1 1 1 1 1 1 1 1 1 1 1.616 1.923 1.917 1.762 1.611 1.554 1.506 1.414 1.317 1.241 1.169 1.109 1.071 1.04 1.019 1.001 0.9873 0.9825 0.9828 0.9811 0.9811 0.9792 0.9531 0.9274 0.8773 0.8171 0.7432 0.6594 0.5661 0.4725 0.3811 0.2987 0.2215 0.1581 0 0 0 0 0 0 0 0 0 0 0 1 1 1 1 1 1 1 1 1 1 1 1 1 1 1 1 1 1 1 1 1 .
Normalization of pu_mc: 1
Normalization of pileup: 2.014e+10
Weights for variable pu_mc with a number of bins equal to 76:
1 1 1 1 1 1 1 1 1 1 2.784 3.074 2.661 2.24 1.976 1.881 1.801 1.669 1.544 1.453 1.364 1.27 1.186 1.113 1.061 1.016 0.9702 0.9245 0.8754 0.8192 0.7629 0.7065 0.6366 0.5722 0.4984 0.4252 0.3515 0.2804 0.2137 0.1564 0.1092 0 0 0 0 0 0 0 0 0 0 0 0 0 0 1 1 1 1 1 1 1 1 1 1 1 1 1 1 1 1 1 1 1 1 1 .
For maximum weight 3.074: integral relative change: 0
Final weights: 
1 1 1 1 1 1 1 1 1 1 2.784 3.074 2.661 2.24 1.976 1.881 1.801 1.669 1.544 1.453 1.364 1.27 1.186 1.113 1.061 1.016 0.9702 0.9245 0.8754 0.8192 0.7629 0.7065 0.6366 0.5722 0.4984 0.4252 0.3515 0.2804 0.2137 0.1564 0.1092 0 0 0 0 0 0 0 0 0 0 0 0 0 0 1 1 1 1 1 1 1 1 1 1 1 1 1 1 1 1 1 1 1 1 1 .
begin job of lepCalProducer
initializing all the rochester correction objects
initializing the egamma calibrator
Processed  2500000/ 6242773 entries (elapsed time     0.3s, curr speed   33.333 kHz, avg speed 8333.333 kHz), accepted        1/       1 events (100.00%)
Processed  2510000/ 6242773 entries (elapsed time    13.6s, curr speed    0.752 kHz, avg speed  184.559 kHz), accepted    10001/   10001 events (100.00%)
Processed  2520000/ 6242773 entries (elapsed time    27.0s, curr speed    0.746 kHz, avg speed   93.333 kHz), accepted    20001/   20001 events (100.00%)
Processed  2530000/ 6242773 entries (elapsed time    40.4s, curr speed    0.748 kHz, avg speed   62.670 kHz), accepted    30001/   30001 events (100.00%)
Processed  2540000/ 6242773 entries (elapsed time    53.8s, curr speed    0.744 kHz, avg speed   47.203 kHz), accepted    40001/   40001 events (100.00%)
Processed  2550000/ 6242773 entries (elapsed time    67.2s, curr speed    0.749 kHz, avg speed   37.969 kHz), accepted    50001/   50001 events (100.00%)
Processed  2560000/ 6242773 entries (elapsed time    80.6s, curr speed    0.742 kHz, avg speed   31.750 kHz), accepted    60001/   60001 events (100.00%)
Processed  2570000/ 6242773 entries (elapsed time    93.2s, curr speed    0.796 kHz, avg speed   27.575 kHz), accepted    70001/   70001 events (100.00%)
Processed  2580000/ 6242773 entries (elapsed time   104.5s, curr speed    0.889 kHz, avg speed   24.701 kHz), accepted    80001/   80001 events (100.00%)
Processed  2590000/ 6242773 entries (elapsed time   115.9s, curr speed    0.873 kHz, avg speed   22.345 kHz), accepted    90001/   90001 events (100.00%)
Processed  2600000/ 6242773 entries (elapsed time   127.1s, curr speed    0.898 kHz, avg speed   20.464 kHz), accepted   100001/  100001 events (100.00%)
Processed  2610000/ 6242773 entries (elapsed time   138.7s, curr speed    0.858 kHz, avg speed   18.816 kHz), accepted   110001/  110001 events (100.00%)
Processed  2620000/ 6242773 entries (elapsed time   150.0s, curr speed    0.887 kHz, avg speed   17.469 kHz), accepted   120001/  120001 events (100.00%)
Processed  2630000/ 6242773 entries (elapsed time   178.4s, curr speed    0.352 kHz, avg speed   14.740 kHz), accepted   130001/  130001 events (100.00%)
Processed  2640000/ 6242773 entries (elapsed time   189.8s, curr speed    0.880 kHz, avg speed   13.910 kHz), accepted   140001/  140001 events (100.00%)
Processed  2650000/ 6242773 entries (elapsed time   201.2s, curr speed    0.873 kHz, avg speed   13.168 kHz), accepted   150001/  150001 events (100.00%)
Processed  2660000/ 6242773 entries (elapsed time   212.7s, curr speed    0.876 kHz, avg speed   12.509 kHz), accepted   160001/  160001 events (100.00%)
Processed  2670000/ 6242773 entries (elapsed time   224.1s, curr speed    0.876 kHz, avg speed   11.916 kHz), accepted   170001/  170001 events (100.00%)
Processed  2680000/ 6242773 entries (elapsed time   235.5s, curr speed    0.873 kHz, avg speed   11.379 kHz), accepted   180001/  180001 events (100.00%)
Processed  2690000/ 6242773 entries (elapsed time   246.8s, curr speed    0.886 kHz, avg speed   10.899 kHz), accepted   190001/  190001 events (100.00%)
Processed  2700000/ 6242773 entries (elapsed time   275.0s, curr speed    0.355 kHz, avg speed    9.818 kHz), accepted   200001/  200001 events (100.00%)
Processed  2710000/ 6242773 entries (elapsed time   286.6s, curr speed    0.863 kHz, avg speed    9.456 kHz), accepted   210001/  210001 events (100.00%)
Processed  2720000/ 6242773 entries (elapsed time   297.7s, curr speed    0.897 kHz, avg speed    9.135 kHz), accepted   220001/  220001 events (100.00%)
Processed  2730000/ 6242773 entries (elapsed time   308.9s, curr speed    0.898 kHz, avg speed    8.838 kHz), accepted   230001/  230001 events (100.00%)
Processed  2740000/ 6242773 entries (elapsed time   320.1s, curr speed    0.887 kHz, avg speed    8.558 kHz), accepted   240001/  240001 events (100.00%)
Processed 250000 entries from MY_EOS_SPACE/heppyNtuples/TREES_SingleMuon2016BCDEF_94X/SingleMuon_Run2016C_part3/treeProducerWMass/tree.root, selected 250000 entries
Done MY_EOS_SPACE/heppyNtuples/TREES_SingleMuon2016BCDEF_94X/friends/tree_Friend_SingleMuon_Run2016C_part3.chunk10.root
