000 (322887.045.000) 05/10 15:24:48 Job submitted from host: <188.184.95.166:9618?addrs=188.184.95.166-9618+[2001-1458-201-e4--100-7a0]-9618&alias=tbird02.cern.ch&noUDP&sock=schedd_2138722_faad_3>
...
040 (322887.045.000) 05/10 15:30:31 Started transferring input files
	Transferring to host: <188.184.186.8:9618?addrs=188.184.186.8-9618+[2001-1458-301-f8--100-1e]-9618&noUDP&sock=4054_28de_126405>
...
040 (322887.045.000) 05/10 15:30:31 Finished transferring input files
...
001 (322887.045.000) 05/10 15:30:32 Job executing on host: <188.184.186.8:9618?addrs=188.184.186.8-9618+[2001-1458-301-f8--100-1e]-9618&noUDP&sock=2328_6491_3>
...
006 (322887.045.000) 05/10 15:30:40 Image size of job updated: 321948
	234  -  MemoryUsage of job (MB)
	239132  -  ResidentSetSize of job (KB)
...
006 (322887.045.000) 05/10 15:35:40 Image size of job updated: 490192
	479  -  MemoryUsage of job (MB)
	489744  -  ResidentSetSize of job (KB)
...
040 (322887.045.000) 05/10 15:36:25 Started transferring output files
...
040 (322887.045.000) 05/10 15:36:25 Finished transferring output files
...
005 (322887.045.000) 05/10 15:36:25 Job terminated.
	(1) Normal termination (return value 1)
		Usr 0 00:05:16, Sys 0 00:00:34  -  Run Remote Usage
		Usr 0 00:00:00, Sys 0 00:00:00  -  Run Local Usage
		Usr 0 00:05:16, Sys 0 00:00:34  -  Total Remote Usage
		Usr 0 00:00:00, Sys 0 00:00:00  -  Total Local Usage
	9479  -  Run Bytes Sent By Job
	10941  -  Run Bytes Received By Job
	9479  -  Total Bytes Sent By Job
	10941  -  Total Bytes Received By Job
	Partitionable Resources :    Usage  Request Allocated 
	   Cpus                 :                 1           
	   Disk (KB)            :       72        1   2166800 
	   Memory (MB)          :      479     2000      2000 
...
