   SingleMuon_Run2016F_part2   DATA  64 chunks


I have 1 taks to process
I'm using the following list of modules DEFAULT_MODULES
this is jobs [('SingleMuon_Run2016F_part2', 'MY_EOS_SPACE/heppyNtuples/TREES_SingleMuon2016BCDEF_94X/SingleMuon_Run2016F_part2/treeProducerWMass/tree.root', 24596890.0, '_Friend_SingleMuon_Run2016F_part2.chunk63', True, xrange(15750000, 15896711), 63)]
Modules to run:  []   name =  puWeight
Loading puWeight from CMGTools.WMass.postprocessing.examples.puWeightProducer 
Running on dataset =  SingleMuon_Run2016F_part2
TFile: name=/afs/cern.ch/work/m/mciprian/w_mass_analysis/heppy/rel_slc7/CMSSW_9_4_12/src/CMGTools/WMass/python/postprocessing/data/pileup/pileup_profile_Summer16.root, title=, option=READ
TFile: name=/afs/cern.ch/work/m/mciprian/w_mass_analysis/heppy/rel_slc7/CMSSW_9_4_12/src/CMGTools/WMass/python/postprocessing/data/pileup/PileupData_GoldenJSON_Full2016.root, title=, option=READ
Load C++ Worker
Modules to run:  []   name =  puWeight2016BF
Loading puWeight2016BF from CMGTools.WMass.postprocessing.examples.puWeightProducer 
Running on dataset =  SingleMuon_Run2016F_part2
TFile: name=/afs/cern.ch/work/m/mciprian/w_mass_analysis/heppy/rel_slc7/CMSSW_9_4_12/src/CMGTools/WMass/python/postprocessing/data/pileup/pileup_profile_Summer16.root, title=, option=READ
TFile: name=/afs/cern.ch/work/m/mciprian/w_mass_analysis/heppy/rel_slc7/CMSSW_9_4_12/src/CMGTools/WMass/python/postprocessing/data/pileup/PileupData_GoldenJSON_2016BF.root, title=, option=READ
Modules to run:  []   name =  lepQCDAwayJetAll
Loading lepQCDAwayJetAll from CMGTools.WMass.postprocessing.examples.lepVarProducer 
Running on dataset =  SingleMuon_Run2016F_part2
Modules to run:  []   name =  muCalibratedWithStatVar
Loading muCalibratedWithStatVar from CMGTools.WMass.postprocessing.examples.lepVarProducer 
Running on dataset =  SingleMuon_Run2016F_part2
did not find EnergyScaleCorrection shared object, rebuilding
trying to load all the rochester correction libraries
did not find legacy data roccor. rebuilding...
done building legacy data roccor.
Modules to run:  []   name =  jetAllReCleaner
Loading jetAllReCleaner from CMGTools.WMass.postprocessing.examples.jetReCleaner 
Running on dataset =  SingleMuon_Run2016F_part2
Load C++ Worker
Modules to run:  []   name =  jetReCleaner
Loading jetReCleaner from CMGTools.WMass.postprocessing.examples.jetReCleaner 
Running on dataset =  SingleMuon_Run2016F_part2
Load C++ Worker
Modules to run:  []   name =  genQEDJets
Loading genQEDJets from CMGTools.WMass.postprocessing.examples.genFriendProducer 
Running on dataset =  SingleMuon_Run2016F_part2
Will write selected trees to MY_EOS_SPACE/heppyNtuples/TREES_SingleMuon2016BCDEF_94X/friends/
Normalization of pu_mc: 0.999973
Normalization of pileup: 3.65129e+10
Weights for variable pu_mc with a number of bins equal to 76:
1 1 1 1 1 1 1 1 1 1 1.616 1.923 1.917 1.762 1.611 1.554 1.506 1.414 1.317 1.241 1.169 1.109 1.071 1.04 1.019 1.001 0.9873 0.9825 0.9828 0.9811 0.9811 0.9792 0.9531 0.9274 0.8773 0.8171 0.7432 0.6594 0.5661 0.4725 0.3811 0.2987 0.2215 0.1581 0 0 0 0 0 0 0 0 0 0 0 1 1 1 1 1 1 1 1 1 1 1 1 1 1 1 1 1 1 1 1 1 .
Final weights: 
1 1 1 1 1 1 1 1 1 1 1.616 1.923 1.917 1.762 1.611 1.554 1.506 1.414 1.317 1.241 1.169 1.109 1.071 1.04 1.019 1.001 0.9873 0.9825 0.9828 0.9811 0.9811 0.9792 0.9531 0.9274 0.8773 0.8171 0.7432 0.6594 0.5661 0.4725 0.3811 0.2987 0.2215 0.1581 0 0 0 0 0 0 0 0 0 0 0 1 1 1 1 1 1 1 1 1 1 1 1 1 1 1 1 1 1 1 1 1 .
Normalization of pu_mc: 1
Normalization of pileup: 2.014e+10
Weights for variable pu_mc with a number of bins equal to 76:
1 1 1 1 1 1 1 1 1 1 2.784 3.074 2.661 2.24 1.976 1.881 1.801 1.669 1.544 1.453 1.364 1.27 1.186 1.113 1.061 1.016 0.9702 0.9245 0.8754 0.8192 0.7629 0.7065 0.6366 0.5722 0.4984 0.4252 0.3515 0.2804 0.2137 0.1564 0.1092 0 0 0 0 0 0 0 0 0 0 0 0 0 0 1 1 1 1 1 1 1 1 1 1 1 1 1 1 1 1 1 1 1 1 1 .
For maximum weight 3.074: integral relative change: 0
Final weights: 
1 1 1 1 1 1 1 1 1 1 2.784 3.074 2.661 2.24 1.976 1.881 1.801 1.669 1.544 1.453 1.364 1.27 1.186 1.113 1.061 1.016 0.9702 0.9245 0.8754 0.8192 0.7629 0.7065 0.6366 0.5722 0.4984 0.4252 0.3515 0.2804 0.2137 0.1564 0.1092 0 0 0 0 0 0 0 0 0 0 0 0 0 0 1 1 1 1 1 1 1 1 1 1 1 1 1 1 1 1 1 1 1 1 1 .
begin job of lepCalProducer
initializing all the rochester correction objects
initializing the egamma calibrator
Processed 15750000/15896711 entries (elapsed time     0.2s, curr speed   45.455 kHz, avg speed 71590.909 kHz), accepted        1/       1 events (100.00%)
Processed 15760000/15896711 entries (elapsed time    13.5s, curr speed    0.754 kHz, avg speed 1169.139 kHz), accepted    10001/   10001 events (100.00%)
Processed 15770000/15896711 entries (elapsed time    27.1s, curr speed    0.736 kHz, avg speed  582.564 kHz), accepted    20001/   20001 events (100.00%)
Processed 15780000/15896711 entries (elapsed time    40.6s, curr speed    0.737 kHz, avg speed  388.383 kHz), accepted    30001/   30001 events (100.00%)
Processed 15790000/15896711 entries (elapsed time    54.6s, curr speed    0.713 kHz, avg speed  288.930 kHz), accepted    40001/   40001 events (100.00%)
Processed 15800000/15896711 entries (elapsed time    68.8s, curr speed    0.707 kHz, avg speed  229.651 kHz), accepted    50001/   50001 events (100.00%)
Processed 15810000/15896711 entries (elapsed time    83.0s, curr speed    0.705 kHz, avg speed  190.528 kHz), accepted    60001/   60001 events (100.00%)
Processed 15820000/15896711 entries (elapsed time    95.6s, curr speed    0.792 kHz, avg speed  165.481 kHz), accepted    70001/   70001 events (100.00%)
Processed 15830000/15896711 entries (elapsed time   107.1s, curr speed    0.870 kHz, avg speed  147.820 kHz), accepted    80001/   80001 events (100.00%)
Processed 15840000/15896711 entries (elapsed time   118.3s, curr speed    0.895 kHz, avg speed  133.942 kHz), accepted    90001/   90001 events (100.00%)
Processed 15850000/15896711 entries (elapsed time   129.3s, curr speed    0.903 kHz, avg speed  122.555 kHz), accepted   100001/  100001 events (100.00%)
Processed 15860000/15896711 entries (elapsed time   140.6s, curr speed    0.891 kHz, avg speed  112.842 kHz), accepted   110001/  110001 events (100.00%)
Processed 15870000/15896711 entries (elapsed time   151.8s, curr speed    0.887 kHz, avg speed  104.525 kHz), accepted   120001/  120001 events (100.00%)
Processed 15880000/15896711 entries (elapsed time   179.7s, curr speed    0.359 kHz, avg speed   88.379 kHz), accepted   130001/  130001 events (100.00%)
Processed 15890000/15896711 entries (elapsed time   191.3s, curr speed    0.862 kHz, avg speed   83.072 kHz), accepted   140001/  140001 events (100.00%)
Processed 146711 entries from MY_EOS_SPACE/heppyNtuples/TREES_SingleMuon2016BCDEF_94X/SingleMuon_Run2016F_part2/treeProducerWMass/tree.root, selected 146711 entries
Done MY_EOS_SPACE/heppyNtuples/TREES_SingleMuon2016BCDEF_94X/friends/tree_Friend_SingleMuon_Run2016F_part2.chunk63.root
