000 (322898.057.000) 05/10 15:24:58 Job submitted from host: <188.184.95.166:9618?addrs=188.184.95.166-9618+[2001-1458-201-e4--100-7a0]-9618&alias=tbird02.cern.ch&noUDP&sock=schedd_2138722_faad_3>
...
040 (322898.057.000) 05/10 15:38:08 Started transferring input files
	Transferring to host: <128.142.240.13:9618?addrs=128.142.240.13-9618&noUDP&sock=3822_b1d4_9915>
...
040 (322898.057.000) 05/10 15:38:08 Finished transferring input files
...
001 (322898.057.000) 05/10 15:38:09 Job executing on host: <128.142.240.13:9618?addrs=128.142.240.13-9618&noUDP&sock=2675_67ee_3>
...
006 (322898.057.000) 05/10 15:38:18 Image size of job updated: 111932
	105  -  MemoryUsage of job (MB)
	106584  -  ResidentSetSize of job (KB)
...
040 (322898.057.000) 05/10 15:39:29 Started transferring output files
...
040 (322898.057.000) 05/10 15:39:29 Finished transferring output files
...
005 (322898.057.000) 05/10 15:39:29 Job terminated.
	(1) Normal termination (return value 1)
		Usr 0 00:00:42, Sys 0 00:00:05  -  Run Remote Usage
		Usr 0 00:00:00, Sys 0 00:00:00  -  Run Local Usage
		Usr 0 00:00:42, Sys 0 00:00:05  -  Total Remote Usage
		Usr 0 00:00:00, Sys 0 00:00:00  -  Total Local Usage
	11611  -  Run Bytes Sent By Job
	10941  -  Run Bytes Received By Job
	11611  -  Total Bytes Sent By Job
	10941  -  Total Bytes Received By Job
	Partitionable Resources :    Usage  Request Allocated 
	   Cpus                 :     0.99        1         1 
	   Disk (KB)            :    79           1    211206 
	   Memory (MB)          :   105        2000      2000 
...
