000 (322900.044.000) 05/10 15:25:00 Job submitted from host: <188.184.95.166:9618?addrs=188.184.95.166-9618+[2001-1458-201-e4--100-7a0]-9618&alias=tbird02.cern.ch&noUDP&sock=schedd_2138722_faad_3>
...
040 (322900.044.000) 05/10 15:38:56 Started transferring input files
	Transferring to host: <188.184.186.33:9618?addrs=188.184.186.33-9618+[2001-1458-301-f8--100-27]-9618&noUDP&sock=20880_994a_18286>
...
040 (322900.044.000) 05/10 15:38:56 Finished transferring input files
...
001 (322900.044.000) 05/10 15:38:57 Job executing on host: <188.184.186.33:9618?addrs=188.184.186.33-9618+[2001-1458-301-f8--100-27]-9618&noUDP&sock=2371_e323_3>
...
006 (322900.044.000) 05/10 15:39:05 Image size of job updated: 148212
	106  -  MemoryUsage of job (MB)
	108176  -  ResidentSetSize of job (KB)
...
006 (322900.044.000) 05/10 15:44:05 Image size of job updated: 445224
	392  -  MemoryUsage of job (MB)
	400888  -  ResidentSetSize of job (KB)
...
006 (322900.044.000) 05/10 15:49:06 Image size of job updated: 535568
	480  -  MemoryUsage of job (MB)
	491232  -  ResidentSetSize of job (KB)
...
040 (322900.044.000) 05/10 15:50:04 Started transferring output files
...
040 (322900.044.000) 05/10 15:50:04 Finished transferring output files
...
005 (322900.044.000) 05/10 15:50:04 Job terminated.
	(1) Normal termination (return value 1)
		Usr 0 00:09:19, Sys 0 00:00:51  -  Run Remote Usage
		Usr 0 00:00:00, Sys 0 00:00:00  -  Run Local Usage
		Usr 0 00:09:19, Sys 0 00:00:51  -  Total Remote Usage
		Usr 0 00:00:00, Sys 0 00:00:00  -  Total Local Usage
	9479  -  Run Bytes Sent By Job
	10941  -  Run Bytes Received By Job
	9479  -  Total Bytes Sent By Job
	10941  -  Total Bytes Received By Job
	Partitionable Resources :    Usage  Request Allocated 
	   Cpus                 :     1.00        1         1 
	   Disk (KB)            :    80           1    217260 
	   Memory (MB)          :   480        2000      2000 
...
