000 (322893.022.000) 05/10 15:24:53 Job submitted from host: <188.184.95.166:9618?addrs=188.184.95.166-9618+[2001-1458-201-e4--100-7a0]-9618&alias=tbird02.cern.ch&noUDP&sock=schedd_2138722_faad_3>
...
040 (322893.022.000) 05/10 15:34:09 Started transferring input files
	Transferring to host: <188.184.132.26:9618?addrs=188.184.132.26-9618+[2001-1458-301-a0--100-1a]-9618&noUDP&sock=3782_82d3_126842>
...
040 (322893.022.000) 05/10 15:34:09 Finished transferring input files
...
001 (322893.022.000) 05/10 15:34:10 Job executing on host: <188.184.132.26:9618?addrs=188.184.132.26-9618+[2001-1458-301-a0--100-1a]-9618&noUDP&sock=2370_338b_3>
...
006 (322893.022.000) 05/10 15:34:19 Image size of job updated: 169240
	104  -  MemoryUsage of job (MB)
	106304  -  ResidentSetSize of job (KB)
...
006 (322893.022.000) 05/10 15:39:19 Image size of job updated: 440528
	428  -  MemoryUsage of job (MB)
	438124  -  ResidentSetSize of job (KB)
...
040 (322893.022.000) 05/10 15:43:49 Started transferring output files
...
040 (322893.022.000) 05/10 15:43:49 Finished transferring output files
...
005 (322893.022.000) 05/10 15:43:49 Job terminated.
	(1) Normal termination (return value 1)
		Usr 0 00:08:06, Sys 0 00:00:49  -  Run Remote Usage
		Usr 0 00:00:00, Sys 0 00:00:00  -  Run Local Usage
		Usr 0 00:08:06, Sys 0 00:00:49  -  Total Remote Usage
		Usr 0 00:00:00, Sys 0 00:00:00  -  Total Local Usage
	9477  -  Run Bytes Sent By Job
	10941  -  Run Bytes Received By Job
	9477  -  Total Bytes Sent By Job
	10941  -  Total Bytes Received By Job
	Partitionable Resources :    Usage  Request Allocated 
	   Cpus                 :                 1           
	   Disk (KB)            :       72        1   2105162 
	   Memory (MB)          :      428     2000      2000 
...
