   SingleMuon_Run2016B_part3   DATA  64 chunks


I have 1 taks to process
I'm using the following list of modules DEFAULT_MODULES
this is jobs [('SingleMuon_Run2016B_part3', 'MY_EOS_SPACE/heppyNtuples/TREES_SingleMuon2016BCDEF_94X/SingleMuon_Run2016B_part3/treeProducerWMass/tree.root', 30953763.0, '_Friend_SingleMuon_Run2016B_part3.chunk44', True, xrange(11000000, 11250000), 44)]
Modules to run:  []   name =  puWeight
Loading puWeight from CMGTools.WMass.postprocessing.examples.puWeightProducer 
Running on dataset =  SingleMuon_Run2016B_part3
TFile: name=/afs/cern.ch/work/m/mciprian/w_mass_analysis/heppy/rel_slc7/CMSSW_9_4_12/src/CMGTools/WMass/python/postprocessing/data/pileup/pileup_profile_Summer16.root, title=, option=READ
TFile: name=/afs/cern.ch/work/m/mciprian/w_mass_analysis/heppy/rel_slc7/CMSSW_9_4_12/src/CMGTools/WMass/python/postprocessing/data/pileup/PileupData_GoldenJSON_Full2016.root, title=, option=READ
Load C++ Worker
Modules to run:  []   name =  puWeight2016BF
Loading puWeight2016BF from CMGTools.WMass.postprocessing.examples.puWeightProducer 
Running on dataset =  SingleMuon_Run2016B_part3
TFile: name=/afs/cern.ch/work/m/mciprian/w_mass_analysis/heppy/rel_slc7/CMSSW_9_4_12/src/CMGTools/WMass/python/postprocessing/data/pileup/pileup_profile_Summer16.root, title=, option=READ
TFile: name=/afs/cern.ch/work/m/mciprian/w_mass_analysis/heppy/rel_slc7/CMSSW_9_4_12/src/CMGTools/WMass/python/postprocessing/data/pileup/PileupData_GoldenJSON_2016BF.root, title=, option=READ
Modules to run:  []   name =  lepQCDAwayJetAll
Loading lepQCDAwayJetAll from CMGTools.WMass.postprocessing.examples.lepVarProducer 
Running on dataset =  SingleMuon_Run2016B_part3
Modules to run:  []   name =  muCalibratedWithStatVar
Loading muCalibratedWithStatVar from CMGTools.WMass.postprocessing.examples.lepVarProducer 
Running on dataset =  SingleMuon_Run2016B_part3
did not find EnergyScaleCorrection shared object, rebuilding
trying to load all the rochester correction libraries
did not find legacy data roccor. rebuilding...
done building legacy data roccor.
Modules to run:  []   name =  jetAllReCleaner
Loading jetAllReCleaner from CMGTools.WMass.postprocessing.examples.jetReCleaner 
Running on dataset =  SingleMuon_Run2016B_part3
Load C++ Worker
Modules to run:  []   name =  jetReCleaner
Loading jetReCleaner from CMGTools.WMass.postprocessing.examples.jetReCleaner 
Running on dataset =  SingleMuon_Run2016B_part3
Load C++ Worker
Modules to run:  []   name =  genQEDJets
Loading genQEDJets from CMGTools.WMass.postprocessing.examples.genFriendProducer 
Running on dataset =  SingleMuon_Run2016B_part3
Will write selected trees to MY_EOS_SPACE/heppyNtuples/TREES_SingleMuon2016BCDEF_94X/friends/
Normalization of pu_mc: 0.999973
Normalization of pileup: 3.65129e+10
Weights for variable pu_mc with a number of bins equal to 76:
1 1 1 1 1 1 1 1 1 1 1.616 1.923 1.917 1.762 1.611 1.554 1.506 1.414 1.317 1.241 1.169 1.109 1.071 1.04 1.019 1.001 0.9873 0.9825 0.9828 0.9811 0.9811 0.9792 0.9531 0.9274 0.8773 0.8171 0.7432 0.6594 0.5661 0.4725 0.3811 0.2987 0.2215 0.1581 0 0 0 0 0 0 0 0 0 0 0 1 1 1 1 1 1 1 1 1 1 1 1 1 1 1 1 1 1 1 1 1 .
Final weights: 
1 1 1 1 1 1 1 1 1 1 1.616 1.923 1.917 1.762 1.611 1.554 1.506 1.414 1.317 1.241 1.169 1.109 1.071 1.04 1.019 1.001 0.9873 0.9825 0.9828 0.9811 0.9811 0.9792 0.9531 0.9274 0.8773 0.8171 0.7432 0.6594 0.5661 0.4725 0.3811 0.2987 0.2215 0.1581 0 0 0 0 0 0 0 0 0 0 0 1 1 1 1 1 1 1 1 1 1 1 1 1 1 1 1 1 1 1 1 1 .
Normalization of pu_mc: 1
Normalization of pileup: 2.014e+10
Weights for variable pu_mc with a number of bins equal to 76:
1 1 1 1 1 1 1 1 1 1 2.784 3.074 2.661 2.24 1.976 1.881 1.801 1.669 1.544 1.453 1.364 1.27 1.186 1.113 1.061 1.016 0.9702 0.9245 0.8754 0.8192 0.7629 0.7065 0.6366 0.5722 0.4984 0.4252 0.3515 0.2804 0.2137 0.1564 0.1092 0 0 0 0 0 0 0 0 0 0 0 0 0 0 1 1 1 1 1 1 1 1 1 1 1 1 1 1 1 1 1 1 1 1 1 .
For maximum weight 3.074: integral relative change: 0
Final weights: 
1 1 1 1 1 1 1 1 1 1 2.784 3.074 2.661 2.24 1.976 1.881 1.801 1.669 1.544 1.453 1.364 1.27 1.186 1.113 1.061 1.016 0.9702 0.9245 0.8754 0.8192 0.7629 0.7065 0.6366 0.5722 0.4984 0.4252 0.3515 0.2804 0.2137 0.1564 0.1092 0 0 0 0 0 0 0 0 0 0 0 0 0 0 1 1 1 1 1 1 1 1 1 1 1 1 1 1 1 1 1 1 1 1 1 .
begin job of lepCalProducer
initializing all the rochester correction objects
initializing the egamma calibrator
Processed 11000000/15930545 entries (elapsed time     0.3s, curr speed   37.037 kHz, avg speed 40740.741 kHz), accepted        1/       1 events (100.00%)
Processed 11010000/15930545 entries (elapsed time    22.9s, curr speed    0.443 kHz, avg speed  481.838 kHz), accepted    10001/   10001 events (100.00%)
Processed 11020000/15930545 entries (elapsed time    48.1s, curr speed    0.397 kHz, avg speed  229.297 kHz), accepted    20001/   20001 events (100.00%)
Processed 11030000/15930545 entries (elapsed time    73.3s, curr speed    0.396 kHz, avg speed  150.416 kHz), accepted    30001/   30001 events (100.00%)
Processed 11040000/15930545 entries (elapsed time    99.6s, curr speed    0.381 kHz, avg speed  110.899 kHz), accepted    40001/   40001 events (100.00%)
Processed 11050000/15930545 entries (elapsed time   125.0s, curr speed    0.393 kHz, avg speed   88.421 kHz), accepted    50001/   50001 events (100.00%)
Processed 11060000/15930545 entries (elapsed time   150.7s, curr speed    0.388 kHz, avg speed   73.381 kHz), accepted    60001/   60001 events (100.00%)
Processed 11070000/15930545 entries (elapsed time   174.5s, curr speed    0.420 kHz, avg speed   63.431 kHz), accepted    70001/   70001 events (100.00%)
Processed 11080000/15930545 entries (elapsed time   195.5s, curr speed    0.478 kHz, avg speed   56.690 kHz), accepted    80001/   80001 events (100.00%)
Processed 11090000/15930545 entries (elapsed time   217.7s, curr speed    0.450 kHz, avg speed   50.946 kHz), accepted    90001/   90001 events (100.00%)
Processed 11100000/15930545 entries (elapsed time   239.0s, curr speed    0.468 kHz, avg speed   46.436 kHz), accepted   100001/  100001 events (100.00%)
Processed 11110000/15930545 entries (elapsed time   261.7s, curr speed    0.441 kHz, avg speed   42.448 kHz), accepted   110001/  110001 events (100.00%)
Processed 11120000/15930545 entries (elapsed time   284.0s, curr speed    0.448 kHz, avg speed   39.151 kHz), accepted   120001/  120001 events (100.00%)
Processed 11130000/15930545 entries (elapsed time   334.1s, curr speed    0.200 kHz, avg speed   33.315 kHz), accepted   130001/  130001 events (100.00%)
Processed 11140000/15930545 entries (elapsed time   356.3s, curr speed    0.450 kHz, avg speed   31.267 kHz), accepted   140001/  140001 events (100.00%)
Processed 11150000/15930545 entries (elapsed time   378.5s, curr speed    0.450 kHz, avg speed   29.458 kHz), accepted   150001/  150001 events (100.00%)
Processed 11160000/15930545 entries (elapsed time   400.3s, curr speed    0.458 kHz, avg speed   27.876 kHz), accepted   160001/  160001 events (100.00%)
Processed 11170000/15930545 entries (elapsed time   422.7s, curr speed    0.447 kHz, avg speed   26.425 kHz), accepted   170001/  170001 events (100.00%)
Processed 11180000/15930545 entries (elapsed time   444.4s, curr speed    0.461 kHz, avg speed   25.157 kHz), accepted   180001/  180001 events (100.00%)
Processed 11190000/15930545 entries (elapsed time   466.3s, curr speed    0.457 kHz, avg speed   23.999 kHz), accepted   190001/  190001 events (100.00%)
Processed 11200000/15930545 entries (elapsed time   514.7s, curr speed    0.207 kHz, avg speed   21.762 kHz), accepted   200001/  200001 events (100.00%)
Processed 11210000/15930545 entries (elapsed time   536.5s, curr speed    0.459 kHz, avg speed   20.896 kHz), accepted   210001/  210001 events (100.00%)
Processed 11220000/15930545 entries (elapsed time   558.4s, curr speed    0.456 kHz, avg speed   20.094 kHz), accepted   220001/  220001 events (100.00%)
Processed 11230000/15930545 entries (elapsed time   580.2s, curr speed    0.459 kHz, avg speed   19.357 kHz), accepted   230001/  230001 events (100.00%)
Processed 11240000/15930545 entries (elapsed time   601.7s, curr speed    0.465 kHz, avg speed   18.681 kHz), accepted   240001/  240001 events (100.00%)
Processed 250000 entries from MY_EOS_SPACE/heppyNtuples/TREES_SingleMuon2016BCDEF_94X/SingleMuon_Run2016B_part3/treeProducerWMass/tree.root, selected 250000 entries
Done MY_EOS_SPACE/heppyNtuples/TREES_SingleMuon2016BCDEF_94X/friends/tree_Friend_SingleMuon_Run2016B_part3.chunk44.root
