000 (322896.002.000) 05/10 15:24:56 Job submitted from host: <188.184.95.166:9618?addrs=188.184.95.166-9618+[2001-1458-201-e4--100-7a0]-9618&alias=tbird02.cern.ch&noUDP&sock=schedd_2138722_faad_3>
...
040 (322896.002.000) 05/10 15:36:49 Started transferring input files
	Transferring to host: <128.142.33.151:9618?addrs=128.142.33.151-9618+[2001-1458-301-117--100-1c5]-9618&noUDP&sock=13065_396c_102905>
...
040 (322896.002.000) 05/10 15:36:49 Finished transferring input files
...
001 (322896.002.000) 05/10 15:36:50 Job executing on host: <128.142.33.151:9618?addrs=128.142.33.151-9618+[2001-1458-301-117--100-1c5]-9618&noUDP&sock=12844_7e81_3>
...
006 (322896.002.000) 05/10 15:36:59 Image size of job updated: 116928
	58  -  MemoryUsage of job (MB)
	59320  -  ResidentSetSize of job (KB)
...
006 (322896.002.000) 05/10 15:42:00 Image size of job updated: 492128
	480  -  MemoryUsage of job (MB)
	490704  -  ResidentSetSize of job (KB)
...
040 (322896.002.000) 05/10 15:43:43 Started transferring output files
...
040 (322896.002.000) 05/10 15:43:43 Finished transferring output files
...
005 (322896.002.000) 05/10 15:43:43 Job terminated.
	(1) Normal termination (return value 1)
		Usr 0 00:05:20, Sys 0 00:00:36  -  Run Remote Usage
		Usr 0 00:00:00, Sys 0 00:00:00  -  Run Local Usage
		Usr 0 00:05:20, Sys 0 00:00:36  -  Total Remote Usage
		Usr 0 00:00:00, Sys 0 00:00:00  -  Total Local Usage
	9471  -  Run Bytes Sent By Job
	10941  -  Run Bytes Received By Job
	9471  -  Total Bytes Sent By Job
	10941  -  Total Bytes Received By Job
	Partitionable Resources :    Usage  Request Allocated 
	   Cpus                 :                 1           
	   Disk (KB)            :       72        1   2206696 
	   Memory (MB)          :      480     2000      2000 
...
