000 (322889.012.000) 05/10 15:24:49 Job submitted from host: <188.184.95.166:9618?addrs=188.184.95.166-9618+[2001-1458-201-e4--100-7a0]-9618&alias=tbird02.cern.ch&noUDP&sock=schedd_2138722_faad_3>
...
040 (322889.012.000) 05/10 15:31:42 Started transferring input files
	Transferring to host: <188.184.132.42:9618?addrs=188.184.132.42-9618+[2001-1458-301-a0--100-34]-9618&noUDP&sock=4115_23c0_126489>
...
040 (322889.012.000) 05/10 15:31:42 Finished transferring input files
...
001 (322889.012.000) 05/10 15:31:43 Job executing on host: <188.184.132.42:9618?addrs=188.184.132.42-9618+[2001-1458-301-a0--100-34]-9618&noUDP&sock=2407_948c_3>
...
006 (322889.012.000) 05/10 15:31:51 Image size of job updated: 250660
	169  -  MemoryUsage of job (MB)
	172096  -  ResidentSetSize of job (KB)
...
006 (322889.012.000) 05/10 15:36:51 Image size of job updated: 572276
	476  -  MemoryUsage of job (MB)
	486792  -  ResidentSetSize of job (KB)
...
040 (322889.012.000) 05/10 15:37:53 Started transferring output files
...
040 (322889.012.000) 05/10 15:37:53 Finished transferring output files
...
005 (322889.012.000) 05/10 15:37:53 Job terminated.
	(1) Normal termination (return value 1)
		Usr 0 00:05:26, Sys 0 00:00:35  -  Run Remote Usage
		Usr 0 00:00:00, Sys 0 00:00:00  -  Run Local Usage
		Usr 0 00:05:26, Sys 0 00:00:35  -  Total Remote Usage
		Usr 0 00:00:00, Sys 0 00:00:00  -  Total Local Usage
	9477  -  Run Bytes Sent By Job
	10941  -  Run Bytes Received By Job
	9477  -  Total Bytes Sent By Job
	10941  -  Total Bytes Received By Job
	Partitionable Resources :    Usage  Request Allocated 
	   Cpus                 :                 1           
	   Disk (KB)            :       72        1   2209503 
	   Memory (MB)          :      476     2000      2000 
...
