000 (322891.015.000) 05/10 15:24:51 Job submitted from host: <188.184.95.166:9618?addrs=188.184.95.166-9618+[2001-1458-201-e4--100-7a0]-9618&alias=tbird02.cern.ch&noUDP&sock=schedd_2138722_faad_3>
...
040 (322891.015.000) 05/10 15:32:34 Started transferring input files
	Transferring to host: <188.184.207.222:9618?addrs=188.184.207.222-9618+[2001-1458-301-7d--100-42c]-9618&noUDP&sock=4202_7064_125472>
...
040 (322891.015.000) 05/10 15:32:34 Finished transferring input files
...
001 (322891.015.000) 05/10 15:32:35 Job executing on host: <188.184.207.222:9618?addrs=188.184.207.222-9618+[2001-1458-301-7d--100-42c]-9618&noUDP&sock=2332_22f2_3>
...
006 (322891.015.000) 05/10 15:32:43 Image size of job updated: 314032
	226  -  MemoryUsage of job (MB)
	230912  -  ResidentSetSize of job (KB)
...
006 (322891.015.000) 05/10 15:37:43 Image size of job updated: 495488
	483  -  MemoryUsage of job (MB)
	493688  -  ResidentSetSize of job (KB)
...
040 (322891.015.000) 05/10 15:38:24 Started transferring output files
...
040 (322891.015.000) 05/10 15:38:24 Finished transferring output files
...
005 (322891.015.000) 05/10 15:38:24 Job terminated.
	(1) Normal termination (return value 1)
		Usr 0 00:05:12, Sys 0 00:00:33  -  Run Remote Usage
		Usr 0 00:00:00, Sys 0 00:00:00  -  Run Local Usage
		Usr 0 00:05:12, Sys 0 00:00:33  -  Total Remote Usage
		Usr 0 00:00:00, Sys 0 00:00:00  -  Total Local Usage
	9477  -  Run Bytes Sent By Job
	10941  -  Run Bytes Received By Job
	9477  -  Total Bytes Sent By Job
	10941  -  Total Bytes Received By Job
	Partitionable Resources :    Usage  Request Allocated 
	   Cpus                 :                 1           
	   Disk (KB)            :       72        1   2145398 
	   Memory (MB)          :      483     2000      2000 
...
