000 (322888.022.000) 05/10 15:24:49 Job submitted from host: <188.184.95.166:9618?addrs=188.184.95.166-9618+[2001-1458-201-e4--100-7a0]-9618&alias=tbird02.cern.ch&noUDP&sock=schedd_2138722_faad_3>
...
040 (322888.022.000) 05/10 15:31:18 Started transferring input files
	Transferring to host: <188.184.132.28:9618?addrs=188.184.132.28-9618+[2001-1458-301-a0--100-d]-9618&noUDP&sock=3144_fb79_73913>
...
040 (322888.022.000) 05/10 15:31:18 Finished transferring input files
...
001 (322888.022.000) 05/10 15:31:19 Job executing on host: <188.184.132.28:9618?addrs=188.184.132.28-9618+[2001-1458-301-a0--100-d]-9618&noUDP&sock=2282_d735_3>
...
006 (322888.022.000) 05/10 15:31:27 Image size of job updated: 320472
	245  -  MemoryUsage of job (MB)
	250044  -  ResidentSetSize of job (KB)
...
006 (322888.022.000) 05/10 15:36:27 Image size of job updated: 560612
	479  -  MemoryUsage of job (MB)
	490136  -  ResidentSetSize of job (KB)
...
040 (322888.022.000) 05/10 15:36:56 Started transferring output files
...
040 (322888.022.000) 05/10 15:36:56 Finished transferring output files
...
005 (322888.022.000) 05/10 15:36:56 Job terminated.
	(1) Normal termination (return value 1)
		Usr 0 00:04:58, Sys 0 00:00:38  -  Run Remote Usage
		Usr 0 00:00:00, Sys 0 00:00:00  -  Run Local Usage
		Usr 0 00:04:58, Sys 0 00:00:38  -  Total Remote Usage
		Usr 0 00:00:00, Sys 0 00:00:00  -  Total Local Usage
	9477  -  Run Bytes Sent By Job
	10941  -  Run Bytes Received By Job
	9477  -  Total Bytes Sent By Job
	10941  -  Total Bytes Received By Job
	Partitionable Resources :    Usage  Request Allocated 
	   Cpus                 :                 1           
	   Disk (KB)            :       72        1   2148978 
	   Memory (MB)          :      479     2000      2000 
...
