000 (322889.005.000) 05/10 15:24:49 Job submitted from host: <188.184.95.166:9618?addrs=188.184.95.166-9618+[2001-1458-201-e4--100-7a0]-9618&alias=tbird02.cern.ch&noUDP&sock=schedd_2138722_faad_3>
...
040 (322889.005.000) 05/10 15:31:35 Started transferring input files
	Transferring to host: <188.184.133.223:9618?addrs=188.184.133.223-9618+[2001-1458-301-a0--100-243]-9618&noUDP&sock=12961_f268_102619>
...
040 (322889.005.000) 05/10 15:31:35 Finished transferring input files
...
001 (322889.005.000) 05/10 15:31:36 Job executing on host: <188.184.133.223:9618?addrs=188.184.133.223-9618+[2001-1458-301-a0--100-243]-9618&noUDP&sock=12753_1362_3>
...
006 (322889.005.000) 05/10 15:31:45 Image size of job updated: 312492
	222  -  MemoryUsage of job (MB)
	227176  -  ResidentSetSize of job (KB)
...
006 (322889.005.000) 05/10 15:36:36 Image size of job updated: 570740
	222  -  MemoryUsage of job (MB)
	227176  -  ResidentSetSize of job (KB)
...
040 (322889.005.000) 05/10 15:36:36 Started transferring output files
...
040 (322889.005.000) 05/10 15:36:36 Finished transferring output files
...
005 (322889.005.000) 05/10 15:36:36 Job terminated.
	(1) Normal termination (return value 1)
		Usr 0 00:04:24, Sys 0 00:00:33  -  Run Remote Usage
		Usr 0 00:00:00, Sys 0 00:00:00  -  Run Local Usage
		Usr 0 00:04:24, Sys 0 00:00:33  -  Total Remote Usage
		Usr 0 00:00:00, Sys 0 00:00:00  -  Total Local Usage
	9473  -  Run Bytes Sent By Job
	10941  -  Run Bytes Received By Job
	9473  -  Total Bytes Sent By Job
	10941  -  Total Bytes Received By Job
	Partitionable Resources :    Usage  Request Allocated 
	   Cpus                 :                 1           
	   Disk (KB)            :       72        1   2157249 
	   Memory (MB)          :      222     2000      2000 
...
