000 (322881.018.000) 05/10 15:24:42 Job submitted from host: <188.184.95.166:9618?addrs=188.184.95.166-9618+[2001-1458-201-e4--100-7a0]-9618&alias=tbird02.cern.ch&noUDP&sock=schedd_2138722_faad_3>
...
040 (322881.018.000) 05/10 15:25:44 Started transferring input files
	Transferring to host: <188.184.186.40:9618?addrs=188.184.186.40-9618+[2001-1458-301-f8--100-14]-9618&noUDP&sock=4211_c7c4_127108>
...
040 (322881.018.000) 05/10 15:25:44 Finished transferring input files
...
001 (322881.018.000) 05/10 15:25:45 Job executing on host: <188.184.186.40:9618?addrs=188.184.186.40-9618+[2001-1458-301-f8--100-14]-9618&noUDP&sock=2340_9fb4_3>
...
006 (322881.018.000) 05/10 15:25:53 Image size of job updated: 205132
	124  -  MemoryUsage of job (MB)
	126808  -  ResidentSetSize of job (KB)
...
006 (322881.018.000) 05/10 15:30:53 Image size of job updated: 572232
	475  -  MemoryUsage of job (MB)
	486160  -  ResidentSetSize of job (KB)
...
006 (322881.018.000) 05/10 15:32:08 Image size of job updated: 578292
	475  -  MemoryUsage of job (MB)
	486160  -  ResidentSetSize of job (KB)
...
040 (322881.018.000) 05/10 15:32:08 Started transferring output files
...
040 (322881.018.000) 05/10 15:32:08 Finished transferring output files
...
005 (322881.018.000) 05/10 15:32:08 Job terminated.
	(1) Normal termination (return value 1)
		Usr 0 00:05:38, Sys 0 00:00:37  -  Run Remote Usage
		Usr 0 00:00:00, Sys 0 00:00:00  -  Run Local Usage
		Usr 0 00:05:38, Sys 0 00:00:37  -  Total Remote Usage
		Usr 0 00:00:00, Sys 0 00:00:00  -  Total Local Usage
	9477  -  Run Bytes Sent By Job
	10941  -  Run Bytes Received By Job
	9477  -  Total Bytes Sent By Job
	10941  -  Total Bytes Received By Job
	Partitionable Resources :    Usage  Request Allocated 
	   Cpus                 :                 1           
	   Disk (KB)            :       72        1   2186910 
	   Memory (MB)          :      475     2000      2000 
...
