000 (322896.042.000) 05/10 15:24:56 Job submitted from host: <188.184.95.166:9618?addrs=188.184.95.166-9618+[2001-1458-201-e4--100-7a0]-9618&alias=tbird02.cern.ch&noUDP&sock=schedd_2138722_faad_3>
...
040 (322896.042.000) 05/10 15:37:04 Started transferring input files
	Transferring to host: <188.184.192.242:9618?addrs=188.184.192.242-9618+[2001-1458-301-83--100-356]-9618&noUDP&sock=4157_bb82_114510>
...
040 (322896.042.000) 05/10 15:37:04 Finished transferring input files
...
001 (322896.042.000) 05/10 15:37:05 Job executing on host: <188.184.192.242:9618?addrs=188.184.192.242-9618+[2001-1458-301-83--100-356]-9618&noUDP&sock=2422_de78_3>
...
006 (322896.042.000) 05/10 15:37:13 Image size of job updated: 116244
	58  -  MemoryUsage of job (MB)
	59308  -  ResidentSetSize of job (KB)
...
006 (322896.042.000) 05/10 15:42:13 Image size of job updated: 493720
	481  -  MemoryUsage of job (MB)
	492516  -  ResidentSetSize of job (KB)
...
040 (322896.042.000) 05/10 15:43:33 Started transferring output files
...
040 (322896.042.000) 05/10 15:43:33 Finished transferring output files
...
005 (322896.042.000) 05/10 15:43:33 Job terminated.
	(1) Normal termination (return value 1)
		Usr 0 00:05:06, Sys 0 00:00:36  -  Run Remote Usage
		Usr 0 00:00:00, Sys 0 00:00:00  -  Run Local Usage
		Usr 0 00:05:06, Sys 0 00:00:36  -  Total Remote Usage
		Usr 0 00:00:00, Sys 0 00:00:00  -  Total Local Usage
	9479  -  Run Bytes Sent By Job
	10941  -  Run Bytes Received By Job
	9479  -  Total Bytes Sent By Job
	10941  -  Total Bytes Received By Job
	Partitionable Resources :    Usage  Request Allocated 
	   Cpus                 :                 1           
	   Disk (KB)            :       72        1   2158909 
	   Memory (MB)          :      481     2000      2000 
...
