   SingleMuon_Run2016E_part1   DATA  62 chunks


I have 1 taks to process
I'm using the following list of modules DEFAULT_MODULES
this is jobs [('SingleMuon_Run2016E_part1', 'MY_EOS_SPACE/heppyNtuples/TREES_SingleMuon2016BCDEF_94X/SingleMuon_Run2016E_part1/treeProducerWMass/tree.root', 26031098.0, '_Friend_SingleMuon_Run2016E_part1.chunk0', True, xrange(250000), 0)]
Modules to run:  []   name =  puWeight
Loading puWeight from CMGTools.WMass.postprocessing.examples.puWeightProducer 
Running on dataset =  SingleMuon_Run2016E_part1
TFile: name=/afs/cern.ch/work/m/mciprian/w_mass_analysis/heppy/rel_slc7/CMSSW_9_4_12/src/CMGTools/WMass/python/postprocessing/data/pileup/pileup_profile_Summer16.root, title=, option=READ
TFile: name=/afs/cern.ch/work/m/mciprian/w_mass_analysis/heppy/rel_slc7/CMSSW_9_4_12/src/CMGTools/WMass/python/postprocessing/data/pileup/PileupData_GoldenJSON_Full2016.root, title=, option=READ
Load C++ Worker
Modules to run:  []   name =  puWeight2016BF
Loading puWeight2016BF from CMGTools.WMass.postprocessing.examples.puWeightProducer 
Running on dataset =  SingleMuon_Run2016E_part1
TFile: name=/afs/cern.ch/work/m/mciprian/w_mass_analysis/heppy/rel_slc7/CMSSW_9_4_12/src/CMGTools/WMass/python/postprocessing/data/pileup/pileup_profile_Summer16.root, title=, option=READ
TFile: name=/afs/cern.ch/work/m/mciprian/w_mass_analysis/heppy/rel_slc7/CMSSW_9_4_12/src/CMGTools/WMass/python/postprocessing/data/pileup/PileupData_GoldenJSON_2016BF.root, title=, option=READ
Modules to run:  []   name =  lepQCDAwayJetAll
Loading lepQCDAwayJetAll from CMGTools.WMass.postprocessing.examples.lepVarProducer 
Running on dataset =  SingleMuon_Run2016E_part1
Modules to run:  []   name =  muCalibratedWithStatVar
Loading muCalibratedWithStatVar from CMGTools.WMass.postprocessing.examples.lepVarProducer 
Running on dataset =  SingleMuon_Run2016E_part1
did not find EnergyScaleCorrection shared object, rebuilding
trying to load all the rochester correction libraries
did not find legacy data roccor. rebuilding...
done building legacy data roccor.
Modules to run:  []   name =  jetAllReCleaner
Loading jetAllReCleaner from CMGTools.WMass.postprocessing.examples.jetReCleaner 
Running on dataset =  SingleMuon_Run2016E_part1
Load C++ Worker
Modules to run:  []   name =  jetReCleaner
Loading jetReCleaner from CMGTools.WMass.postprocessing.examples.jetReCleaner 
Running on dataset =  SingleMuon_Run2016E_part1
Load C++ Worker
Modules to run:  []   name =  genQEDJets
Loading genQEDJets from CMGTools.WMass.postprocessing.examples.genFriendProducer 
Running on dataset =  SingleMuon_Run2016E_part1
Will write selected trees to MY_EOS_SPACE/heppyNtuples/TREES_SingleMuon2016BCDEF_94X/friends/
Normalization of pu_mc: 0.999973
Normalization of pileup: 3.65129e+10
Weights for variable pu_mc with a number of bins equal to 76:
1 1 1 1 1 1 1 1 1 1 1.616 1.923 1.917 1.762 1.611 1.554 1.506 1.414 1.317 1.241 1.169 1.109 1.071 1.04 1.019 1.001 0.9873 0.9825 0.9828 0.9811 0.9811 0.9792 0.9531 0.9274 0.8773 0.8171 0.7432 0.6594 0.5661 0.4725 0.3811 0.2987 0.2215 0.1581 0 0 0 0 0 0 0 0 0 0 0 1 1 1 1 1 1 1 1 1 1 1 1 1 1 1 1 1 1 1 1 1 .
Final weights: 
1 1 1 1 1 1 1 1 1 1 1.616 1.923 1.917 1.762 1.611 1.554 1.506 1.414 1.317 1.241 1.169 1.109 1.071 1.04 1.019 1.001 0.9873 0.9825 0.9828 0.9811 0.9811 0.9792 0.9531 0.9274 0.8773 0.8171 0.7432 0.6594 0.5661 0.4725 0.3811 0.2987 0.2215 0.1581 0 0 0 0 0 0 0 0 0 0 0 1 1 1 1 1 1 1 1 1 1 1 1 1 1 1 1 1 1 1 1 1 .
Normalization of pu_mc: 1
Normalization of pileup: 2.014e+10
Weights for variable pu_mc with a number of bins equal to 76:
1 1 1 1 1 1 1 1 1 1 2.784 3.074 2.661 2.24 1.976 1.881 1.801 1.669 1.544 1.453 1.364 1.27 1.186 1.113 1.061 1.016 0.9702 0.9245 0.8754 0.8192 0.7629 0.7065 0.6366 0.5722 0.4984 0.4252 0.3515 0.2804 0.2137 0.1564 0.1092 0 0 0 0 0 0 0 0 0 0 0 0 0 0 1 1 1 1 1 1 1 1 1 1 1 1 1 1 1 1 1 1 1 1 1 .
For maximum weight 3.074: integral relative change: 0
Final weights: 
1 1 1 1 1 1 1 1 1 1 2.784 3.074 2.661 2.24 1.976 1.881 1.801 1.669 1.544 1.453 1.364 1.27 1.186 1.113 1.061 1.016 0.9702 0.9245 0.8754 0.8192 0.7629 0.7065 0.6366 0.5722 0.4984 0.4252 0.3515 0.2804 0.2137 0.1564 0.1092 0 0 0 0 0 0 0 0 0 0 0 0 0 0 1 1 1 1 1 1 1 1 1 1 1 1 1 1 1 1 1 1 1 1 1 .
begin job of lepCalProducer
initializing all the rochester correction objects
initializing the egamma calibrator
Processed    10000/15466606 entries (elapsed time    24.4s, curr speed    0.410 kHz, avg speed    0.410 kHz), accepted    10001/   10001 events (100.00%)
Processed    20000/15466606 entries (elapsed time    49.8s, curr speed    0.393 kHz, avg speed    0.402 kHz), accepted    20001/   20001 events (100.00%)
Processed    30000/15466606 entries (elapsed time    75.9s, curr speed    0.383 kHz, avg speed    0.395 kHz), accepted    30001/   30001 events (100.00%)
Processed    40000/15466606 entries (elapsed time   101.5s, curr speed    0.390 kHz, avg speed    0.394 kHz), accepted    40001/   40001 events (100.00%)
Processed    50000/15466606 entries (elapsed time   127.5s, curr speed    0.384 kHz, avg speed    0.392 kHz), accepted    50001/   50001 events (100.00%)
Processed    60000/15466606 entries (elapsed time   148.5s, curr speed    0.477 kHz, avg speed    0.404 kHz), accepted    60001/   60001 events (100.00%)
Processed    70000/15466606 entries (elapsed time   166.2s, curr speed    0.563 kHz, avg speed    0.421 kHz), accepted    70001/   70001 events (100.00%)
Processed    80000/15466606 entries (elapsed time   185.9s, curr speed    0.510 kHz, avg speed    0.430 kHz), accepted    80001/   80001 events (100.00%)
Processed    90000/15466606 entries (elapsed time   207.8s, curr speed    0.457 kHz, avg speed    0.433 kHz), accepted    90001/   90001 events (100.00%)
Processed   100000/15466606 entries (elapsed time   230.4s, curr speed    0.442 kHz, avg speed    0.434 kHz), accepted   100001/  100001 events (100.00%)
Processed   110000/15466606 entries (elapsed time   252.4s, curr speed    0.454 kHz, avg speed    0.436 kHz), accepted   110001/  110001 events (100.00%)
Processed   120000/15466606 entries (elapsed time   275.0s, curr speed    0.442 kHz, avg speed    0.436 kHz), accepted   120001/  120001 events (100.00%)
Processed   130000/15466606 entries (elapsed time   323.5s, curr speed    0.206 kHz, avg speed    0.402 kHz), accepted   130001/  130001 events (100.00%)
Processed   140000/15466606 entries (elapsed time   345.7s, curr speed    0.450 kHz, avg speed    0.405 kHz), accepted   140001/  140001 events (100.00%)
Processed   150000/15466606 entries (elapsed time   366.4s, curr speed    0.484 kHz, avg speed    0.409 kHz), accepted   150001/  150001 events (100.00%)
Processed   160000/15466606 entries (elapsed time   388.0s, curr speed    0.462 kHz, avg speed    0.412 kHz), accepted   160001/  160001 events (100.00%)
Processed   170000/15466606 entries (elapsed time   409.9s, curr speed    0.456 kHz, avg speed    0.415 kHz), accepted   170001/  170001 events (100.00%)
Processed   180000/15466606 entries (elapsed time   432.0s, curr speed    0.454 kHz, avg speed    0.417 kHz), accepted   180001/  180001 events (100.00%)
Processed   190000/15466606 entries (elapsed time   454.4s, curr speed    0.446 kHz, avg speed    0.418 kHz), accepted   190001/  190001 events (100.00%)
Processed   200000/15466606 entries (elapsed time   504.4s, curr speed    0.200 kHz, avg speed    0.397 kHz), accepted   200001/  200001 events (100.00%)
Processed   210000/15466606 entries (elapsed time   526.1s, curr speed    0.460 kHz, avg speed    0.399 kHz), accepted   210001/  210001 events (100.00%)
Processed   220000/15466606 entries (elapsed time   547.5s, curr speed    0.469 kHz, avg speed    0.402 kHz), accepted   220001/  220001 events (100.00%)
Processed   230000/15466606 entries (elapsed time   570.1s, curr speed    0.441 kHz, avg speed    0.403 kHz), accepted   230001/  230001 events (100.00%)
Processed   240000/15466606 entries (elapsed time   592.3s, curr speed    0.451 kHz, avg speed    0.405 kHz), accepted   240001/  240001 events (100.00%)
Processed 250000 entries from MY_EOS_SPACE/heppyNtuples/TREES_SingleMuon2016BCDEF_94X/SingleMuon_Run2016E_part1/treeProducerWMass/tree.root, selected 250000 entries
Done MY_EOS_SPACE/heppyNtuples/TREES_SingleMuon2016BCDEF_94X/friends/tree_Friend_SingleMuon_Run2016E_part1.chunk0.root
