000 (322894.061.000) 05/10 15:24:54 Job submitted from host: <188.184.95.166:9618?addrs=188.184.95.166-9618+[2001-1458-201-e4--100-7a0]-9618&alias=tbird02.cern.ch&noUDP&sock=schedd_2138722_faad_3>
...
040 (322894.061.000) 05/10 15:36:06 Started transferring input files
	Transferring to host: <128.142.240.38:9618?addrs=128.142.240.38-9618+[2001-1458-301-f9--100-22]-9618&noUDP&sock=4049_a2fe_125904>
...
040 (322894.061.000) 05/10 15:36:06 Finished transferring input files
...
001 (322894.061.000) 05/10 15:36:07 Job executing on host: <128.142.240.38:9618?addrs=128.142.240.38-9618+[2001-1458-301-f9--100-22]-9618&noUDP&sock=2371_e323_3>
...
006 (322894.061.000) 05/10 15:36:16 Image size of job updated: 116204
	58  -  MemoryUsage of job (MB)
	59312  -  ResidentSetSize of job (KB)
...
006 (322894.061.000) 05/10 15:41:17 Image size of job updated: 493188
	480  -  MemoryUsage of job (MB)
	490792  -  ResidentSetSize of job (KB)
...
040 (322894.061.000) 05/10 15:41:36 Started transferring output files
...
040 (322894.061.000) 05/10 15:41:36 Finished transferring output files
...
005 (322894.061.000) 05/10 15:41:36 Job terminated.
	(1) Normal termination (return value 1)
		Usr 0 00:04:32, Sys 0 00:00:29  -  Run Remote Usage
		Usr 0 00:00:00, Sys 0 00:00:00  -  Run Local Usage
		Usr 0 00:04:32, Sys 0 00:00:29  -  Total Remote Usage
		Usr 0 00:00:00, Sys 0 00:00:00  -  Total Local Usage
	9017  -  Run Bytes Sent By Job
	10941  -  Run Bytes Received By Job
	9017  -  Total Bytes Sent By Job
	10941  -  Total Bytes Received By Job
	Partitionable Resources :    Usage  Request Allocated 
	   Cpus                 :                 1           
	   Disk (KB)            :       71        1   2173763 
	   Memory (MB)          :      480     2000      2000 
...
