000 (322892.046.000) 05/10 15:24:52 Job submitted from host: <188.184.95.166:9618?addrs=188.184.95.166-9618+[2001-1458-201-e4--100-7a0]-9618&alias=tbird02.cern.ch&noUDP&sock=schedd_2138722_faad_3>
...
040 (322892.046.000) 05/10 15:33:45 Started transferring input files
	Transferring to host: <188.184.132.43:9618?addrs=188.184.132.43-9618+[2001-1458-301-a0--100-28]-9618&noUDP&sock=31439_5e98_19100>
...
040 (322892.046.000) 05/10 15:33:45 Finished transferring input files
...
001 (322892.046.000) 05/10 15:33:46 Job executing on host: <188.184.132.43:9618?addrs=188.184.132.43-9618+[2001-1458-301-a0--100-28]-9618&noUDP&sock=2335_31ba_3>
...
006 (322892.046.000) 05/10 15:33:54 Image size of job updated: 66056
	65  -  MemoryUsage of job (MB)
	66052  -  ResidentSetSize of job (KB)
...
006 (322892.046.000) 05/10 15:38:54 Image size of job updated: 490540
	478  -  MemoryUsage of job (MB)
	489232  -  ResidentSetSize of job (KB)
...
040 (322892.046.000) 05/10 15:42:32 Started transferring output files
...
040 (322892.046.000) 05/10 15:42:32 Finished transferring output files
...
005 (322892.046.000) 05/10 15:42:32 Job terminated.
	(1) Normal termination (return value 1)
		Usr 0 00:07:24, Sys 0 00:00:42  -  Run Remote Usage
		Usr 0 00:00:00, Sys 0 00:00:00  -  Run Local Usage
		Usr 0 00:07:24, Sys 0 00:00:42  -  Total Remote Usage
		Usr 0 00:00:00, Sys 0 00:00:00  -  Total Local Usage
	9479  -  Run Bytes Sent By Job
	10941  -  Run Bytes Received By Job
	9479  -  Total Bytes Sent By Job
	10941  -  Total Bytes Received By Job
	Partitionable Resources :    Usage  Request Allocated 
	   Cpus                 :     0.96        1         1 
	   Disk (KB)            :    79           1    214899 
	   Memory (MB)          :   478        2000      2000 
...
