000 (322897.033.000) 05/10 15:24:57 Job submitted from host: <188.184.95.166:9618?addrs=188.184.95.166-9618+[2001-1458-201-e4--100-7a0]-9618&alias=tbird02.cern.ch&noUDP&sock=schedd_2138722_faad_3>
...
040 (322897.033.000) 05/10 15:37:40 Started transferring input files
	Transferring to host: <188.184.207.148:9618?addrs=188.184.207.148-9618+[2001-1458-301-7d--100-594]-9618&noUDP&sock=4203_24c4_126403>
...
040 (322897.033.000) 05/10 15:37:40 Finished transferring input files
...
001 (322897.033.000) 05/10 15:37:41 Job executing on host: <188.184.207.148:9618?addrs=188.184.207.148-9618+[2001-1458-301-7d--100-594]-9618&noUDP&sock=2320_e7cf_3>
...
006 (322897.033.000) 05/10 15:37:49 Image size of job updated: 168776
	101  -  MemoryUsage of job (MB)
	102492  -  ResidentSetSize of job (KB)
...
006 (322897.033.000) 05/10 15:42:49 Image size of job updated: 489184
	477  -  MemoryUsage of job (MB)
	488168  -  ResidentSetSize of job (KB)
...
040 (322897.033.000) 05/10 15:43:53 Started transferring output files
...
040 (322897.033.000) 05/10 15:43:53 Finished transferring output files
...
005 (322897.033.000) 05/10 15:43:53 Job terminated.
	(1) Normal termination (return value 1)
		Usr 0 00:05:19, Sys 0 00:00:34  -  Run Remote Usage
		Usr 0 00:00:00, Sys 0 00:00:00  -  Run Local Usage
		Usr 0 00:05:19, Sys 0 00:00:34  -  Total Remote Usage
		Usr 0 00:00:00, Sys 0 00:00:00  -  Total Local Usage
	9477  -  Run Bytes Sent By Job
	10941  -  Run Bytes Received By Job
	9477  -  Total Bytes Sent By Job
	10941  -  Total Bytes Received By Job
	Partitionable Resources :    Usage  Request Allocated 
	   Cpus                 :                 1           
	   Disk (KB)            :       72        1   2172714 
	   Memory (MB)          :      477     2000      2000 
...
