000 (322897.024.000) 05/10 15:24:57 Job submitted from host: <188.184.95.166:9618?addrs=188.184.95.166-9618+[2001-1458-201-e4--100-7a0]-9618&alias=tbird02.cern.ch&noUDP&sock=schedd_2138722_faad_3>
...
040 (322897.024.000) 05/10 15:37:31 Started transferring input files
	Transferring to host: <128.142.33.175:9618?addrs=128.142.33.175-9618+[2001-1458-301-117--100-191]-9618&noUDP&sock=12927_fda7_103480>
...
040 (322897.024.000) 05/10 15:37:31 Finished transferring input files
...
001 (322897.024.000) 05/10 15:37:32 Job executing on host: <128.142.33.175:9618?addrs=128.142.33.175-9618+[2001-1458-301-117--100-191]-9618&noUDP&sock=12707_8607_3>
...
006 (322897.024.000) 05/10 15:37:40 Image size of job updated: 116256
	58  -  MemoryUsage of job (MB)
	59312  -  ResidentSetSize of job (KB)
...
006 (322897.024.000) 05/10 15:42:40 Image size of job updated: 491156
	479  -  MemoryUsage of job (MB)
	490304  -  ResidentSetSize of job (KB)
...
006 (322897.024.000) 05/10 15:44:04 Image size of job updated: 900672
	479  -  MemoryUsage of job (MB)
	490388  -  ResidentSetSize of job (KB)
...
040 (322897.024.000) 05/10 15:44:04 Started transferring output files
...
040 (322897.024.000) 05/10 15:44:04 Finished transferring output files
...
005 (322897.024.000) 05/10 15:44:04 Job terminated.
	(1) Normal termination (return value 1)
		Usr 0 00:05:29, Sys 0 00:00:37  -  Run Remote Usage
		Usr 0 00:00:00, Sys 0 00:00:00  -  Run Local Usage
		Usr 0 00:05:29, Sys 0 00:00:37  -  Total Remote Usage
		Usr 0 00:00:00, Sys 0 00:00:00  -  Total Local Usage
	9477  -  Run Bytes Sent By Job
	10941  -  Run Bytes Received By Job
	9477  -  Total Bytes Sent By Job
	10941  -  Total Bytes Received By Job
	Partitionable Resources :    Usage  Request Allocated 
	   Cpus                 :                 1           
	   Disk (KB)            :       72        1   2182472 
	   Memory (MB)          :      479     2000      2000 
...
