   SingleMuon_Run2016D_part4   DATA  54 chunks


I have 1 taks to process
I'm using the following list of modules DEFAULT_MODULES
this is jobs [('SingleMuon_Run2016D_part4', 'MY_EOS_SPACE/heppyNtuples/TREES_SingleMuon2016BCDEF_94X/SingleMuon_Run2016D_part4/treeProducerWMass/tree.root', 22111481.0, '_Friend_SingleMuon_Run2016D_part4.chunk48', True, xrange(12000000, 12250000), 48)]
Modules to run:  []   name =  puWeight
Loading puWeight from CMGTools.WMass.postprocessing.examples.puWeightProducer 
Running on dataset =  SingleMuon_Run2016D_part4
TFile: name=/afs/cern.ch/work/m/mciprian/w_mass_analysis/heppy/rel_slc7/CMSSW_9_4_12/src/CMGTools/WMass/python/postprocessing/data/pileup/pileup_profile_Summer16.root, title=, option=READ
TFile: name=/afs/cern.ch/work/m/mciprian/w_mass_analysis/heppy/rel_slc7/CMSSW_9_4_12/src/CMGTools/WMass/python/postprocessing/data/pileup/PileupData_GoldenJSON_Full2016.root, title=, option=READ
Load C++ Worker
Modules to run:  []   name =  puWeight2016BF
Loading puWeight2016BF from CMGTools.WMass.postprocessing.examples.puWeightProducer 
Running on dataset =  SingleMuon_Run2016D_part4
TFile: name=/afs/cern.ch/work/m/mciprian/w_mass_analysis/heppy/rel_slc7/CMSSW_9_4_12/src/CMGTools/WMass/python/postprocessing/data/pileup/pileup_profile_Summer16.root, title=, option=READ
TFile: name=/afs/cern.ch/work/m/mciprian/w_mass_analysis/heppy/rel_slc7/CMSSW_9_4_12/src/CMGTools/WMass/python/postprocessing/data/pileup/PileupData_GoldenJSON_2016BF.root, title=, option=READ
Modules to run:  []   name =  lepQCDAwayJetAll
Loading lepQCDAwayJetAll from CMGTools.WMass.postprocessing.examples.lepVarProducer 
Running on dataset =  SingleMuon_Run2016D_part4
Modules to run:  []   name =  muCalibratedWithStatVar
Loading muCalibratedWithStatVar from CMGTools.WMass.postprocessing.examples.lepVarProducer 
Running on dataset =  SingleMuon_Run2016D_part4
did not find EnergyScaleCorrection shared object, rebuilding
trying to load all the rochester correction libraries
did not find legacy data roccor. rebuilding...
done building legacy data roccor.
Modules to run:  []   name =  jetAllReCleaner
Loading jetAllReCleaner from CMGTools.WMass.postprocessing.examples.jetReCleaner 
Running on dataset =  SingleMuon_Run2016D_part4
Load C++ Worker
Modules to run:  []   name =  jetReCleaner
Loading jetReCleaner from CMGTools.WMass.postprocessing.examples.jetReCleaner 
Running on dataset =  SingleMuon_Run2016D_part4
Load C++ Worker
Modules to run:  []   name =  genQEDJets
Loading genQEDJets from CMGTools.WMass.postprocessing.examples.genFriendProducer 
Running on dataset =  SingleMuon_Run2016D_part4
Will write selected trees to MY_EOS_SPACE/heppyNtuples/TREES_SingleMuon2016BCDEF_94X/friends/
Normalization of pu_mc: 0.999973
Normalization of pileup: 3.65129e+10
Weights for variable pu_mc with a number of bins equal to 76:
1 1 1 1 1 1 1 1 1 1 1.616 1.923 1.917 1.762 1.611 1.554 1.506 1.414 1.317 1.241 1.169 1.109 1.071 1.04 1.019 1.001 0.9873 0.9825 0.9828 0.9811 0.9811 0.9792 0.9531 0.9274 0.8773 0.8171 0.7432 0.6594 0.5661 0.4725 0.3811 0.2987 0.2215 0.1581 0 0 0 0 0 0 0 0 0 0 0 1 1 1 1 1 1 1 1 1 1 1 1 1 1 1 1 1 1 1 1 1 .
Final weights: 
1 1 1 1 1 1 1 1 1 1 1.616 1.923 1.917 1.762 1.611 1.554 1.506 1.414 1.317 1.241 1.169 1.109 1.071 1.04 1.019 1.001 0.9873 0.9825 0.9828 0.9811 0.9811 0.9792 0.9531 0.9274 0.8773 0.8171 0.7432 0.6594 0.5661 0.4725 0.3811 0.2987 0.2215 0.1581 0 0 0 0 0 0 0 0 0 0 0 1 1 1 1 1 1 1 1 1 1 1 1 1 1 1 1 1 1 1 1 1 .
Normalization of pu_mc: 1
Normalization of pileup: 2.014e+10
Weights for variable pu_mc with a number of bins equal to 76:
1 1 1 1 1 1 1 1 1 1 2.784 3.074 2.661 2.24 1.976 1.881 1.801 1.669 1.544 1.453 1.364 1.27 1.186 1.113 1.061 1.016 0.9702 0.9245 0.8754 0.8192 0.7629 0.7065 0.6366 0.5722 0.4984 0.4252 0.3515 0.2804 0.2137 0.1564 0.1092 0 0 0 0 0 0 0 0 0 0 0 0 0 0 1 1 1 1 1 1 1 1 1 1 1 1 1 1 1 1 1 1 1 1 1 .
For maximum weight 3.074: integral relative change: 0
Final weights: 
1 1 1 1 1 1 1 1 1 1 2.784 3.074 2.661 2.24 1.976 1.881 1.801 1.669 1.544 1.453 1.364 1.27 1.186 1.113 1.061 1.016 0.9702 0.9245 0.8754 0.8192 0.7629 0.7065 0.6366 0.5722 0.4984 0.4252 0.3515 0.2804 0.2137 0.1564 0.1092 0 0 0 0 0 0 0 0 0 0 0 0 0 0 1 1 1 1 1 1 1 1 1 1 1 1 1 1 1 1 1 1 1 1 1 .
begin job of lepCalProducer
initializing all the rochester correction objects
initializing the egamma calibrator
Processed 12000000/13447062 entries (elapsed time     0.3s, curr speed   29.412 kHz, avg speed 35294.118 kHz), accepted        1/       1 events (100.00%)
Processed 12010000/13447062 entries (elapsed time    21.7s, curr speed    0.468 kHz, avg speed  552.947 kHz), accepted    10001/   10001 events (100.00%)
Processed 12020000/13447062 entries (elapsed time    45.7s, curr speed    0.418 kHz, avg speed  263.250 kHz), accepted    20001/   20001 events (100.00%)
Processed 12030000/13447062 entries (elapsed time    69.2s, curr speed    0.424 kHz, avg speed  173.744 kHz), accepted    30001/   30001 events (100.00%)
Processed 12040000/13447062 entries (elapsed time    90.8s, curr speed    0.464 kHz, avg speed  132.599 kHz), accepted    40001/   40001 events (100.00%)
Processed 12050000/13447062 entries (elapsed time   113.2s, curr speed    0.446 kHz, avg speed  106.411 kHz), accepted    50001/   50001 events (100.00%)
Processed 12060000/13447062 entries (elapsed time   135.8s, curr speed    0.443 kHz, avg speed   88.801 kHz), accepted    60001/   60001 events (100.00%)
Processed 12070000/13447062 entries (elapsed time   157.3s, curr speed    0.464 kHz, avg speed   76.708 kHz), accepted    70001/   70001 events (100.00%)
Processed 12080000/13447062 entries (elapsed time   176.1s, curr speed    0.533 kHz, avg speed   68.593 kHz), accepted    80001/   80001 events (100.00%)
Processed 12090000/13447062 entries (elapsed time   194.5s, curr speed    0.543 kHz, avg speed   62.147 kHz), accepted    90001/   90001 events (100.00%)
Processed 12100000/13447062 entries (elapsed time   213.7s, curr speed    0.523 kHz, avg speed   56.632 kHz), accepted   100001/  100001 events (100.00%)
Processed 12110000/13447062 entries (elapsed time   232.5s, curr speed    0.532 kHz, avg speed   52.093 kHz), accepted   110001/  110001 events (100.00%)
Processed 12120000/13447062 entries (elapsed time   251.6s, curr speed    0.524 kHz, avg speed   48.179 kHz), accepted   120001/  120001 events (100.00%)
Processed 12130000/13447062 entries (elapsed time   295.6s, curr speed    0.227 kHz, avg speed   41.030 kHz), accepted   130001/  130001 events (100.00%)
Processed 12140000/13447062 entries (elapsed time   314.9s, curr speed    0.518 kHz, avg speed   38.548 kHz), accepted   140001/  140001 events (100.00%)
Processed 12150000/13447062 entries (elapsed time   334.1s, curr speed    0.522 kHz, avg speed   36.366 kHz), accepted   150001/  150001 events (100.00%)
Processed 12160000/13447062 entries (elapsed time   355.0s, curr speed    0.478 kHz, avg speed   34.253 kHz), accepted   160001/  160001 events (100.00%)
Processed 12170000/13447062 entries (elapsed time   374.0s, curr speed    0.528 kHz, avg speed   32.544 kHz), accepted   170001/  170001 events (100.00%)
Processed 12180000/13447062 entries (elapsed time   391.8s, curr speed    0.560 kHz, avg speed   31.085 kHz), accepted   180001/  180001 events (100.00%)
Processed 12190000/13447062 entries (elapsed time   408.6s, curr speed    0.595 kHz, avg speed   29.830 kHz), accepted   190001/  190001 events (100.00%)
Processed 12200000/13447062 entries (elapsed time   436.0s, curr speed    0.366 kHz, avg speed   27.982 kHz), accepted   200001/  200001 events (100.00%)
Processed 12210000/13447062 entries (elapsed time   447.8s, curr speed    0.844 kHz, avg speed   27.264 kHz), accepted   210001/  210001 events (100.00%)
Processed 12220000/13447062 entries (elapsed time   459.3s, curr speed    0.876 kHz, avg speed   26.607 kHz), accepted   220001/  220001 events (100.00%)
Processed 12230000/13447062 entries (elapsed time   470.9s, curr speed    0.859 kHz, avg speed   25.971 kHz), accepted   230001/  230001 events (100.00%)
Processed 12240000/13447062 entries (elapsed time   482.4s, curr speed    0.872 kHz, avg speed   25.374 kHz), accepted   240001/  240001 events (100.00%)
Processed 250000 entries from MY_EOS_SPACE/heppyNtuples/TREES_SingleMuon2016BCDEF_94X/SingleMuon_Run2016D_part4/treeProducerWMass/tree.root, selected 250000 entries
Done MY_EOS_SPACE/heppyNtuples/TREES_SingleMuon2016BCDEF_94X/friends/tree_Friend_SingleMuon_Run2016D_part4.chunk48.root
