000 (322895.059.000) 05/10 15:24:55 Job submitted from host: <188.184.95.166:9618?addrs=188.184.95.166-9618+[2001-1458-201-e4--100-7a0]-9618&alias=tbird02.cern.ch&noUDP&sock=schedd_2138722_faad_3>
...
040 (322895.059.000) 05/10 15:36:47 Started transferring input files
	Transferring to host: <188.184.207.222:9618?addrs=188.184.207.222-9618+[2001-1458-301-7d--100-42c]-9618&noUDP&sock=4202_7064_125474>
...
040 (322895.059.000) 05/10 15:36:47 Finished transferring input files
...
001 (322895.059.000) 05/10 15:36:48 Job executing on host: <188.184.207.222:9618?addrs=188.184.207.222-9618+[2001-1458-301-7d--100-42c]-9618&noUDP&sock=2332_22f2_3>
...
006 (322895.059.000) 05/10 15:36:57 Image size of job updated: 118860
	58  -  MemoryUsage of job (MB)
	59316  -  ResidentSetSize of job (KB)
...
040 (322895.059.000) 05/10 15:37:59 Started transferring output files
...
040 (322895.059.000) 05/10 15:37:59 Finished transferring output files
...
005 (322895.059.000) 05/10 15:37:59 Job terminated.
	(1) Normal termination (return value 1)
		Usr 0 00:00:12, Sys 0 00:00:02  -  Run Remote Usage
		Usr 0 00:00:00, Sys 0 00:00:00  -  Run Local Usage
		Usr 0 00:00:12, Sys 0 00:00:02  -  Total Remote Usage
		Usr 0 00:00:00, Sys 0 00:00:00  -  Total Local Usage
	5779  -  Run Bytes Sent By Job
	10941  -  Run Bytes Received By Job
	5779  -  Total Bytes Sent By Job
	10941  -  Total Bytes Received By Job
	Partitionable Resources :    Usage  Request Allocated 
	   Cpus                 :                 1           
	   Disk (KB)            :       68        1   2145280 
	   Memory (MB)          :       58     2000      2000 
...
