   SingleMuon_Run2016D_part2   DATA  59 chunks


I have 1 taks to process
I'm using the following list of modules DEFAULT_MODULES
this is jobs [('SingleMuon_Run2016D_part2', 'MY_EOS_SPACE/heppyNtuples/TREES_SingleMuon2016BCDEF_94X/SingleMuon_Run2016D_part2/treeProducerWMass/tree.root', 24459165.0, '_Friend_SingleMuon_Run2016D_part2.chunk11', True, xrange(2750000, 3000000), 11)]
Modules to run:  []   name =  puWeight
Loading puWeight from CMGTools.WMass.postprocessing.examples.puWeightProducer 
Running on dataset =  SingleMuon_Run2016D_part2
TFile: name=/afs/cern.ch/work/m/mciprian/w_mass_analysis/heppy/rel_slc7/CMSSW_9_4_12/src/CMGTools/WMass/python/postprocessing/data/pileup/pileup_profile_Summer16.root, title=, option=READ
TFile: name=/afs/cern.ch/work/m/mciprian/w_mass_analysis/heppy/rel_slc7/CMSSW_9_4_12/src/CMGTools/WMass/python/postprocessing/data/pileup/PileupData_GoldenJSON_Full2016.root, title=, option=READ
Load C++ Worker
Modules to run:  []   name =  puWeight2016BF
Loading puWeight2016BF from CMGTools.WMass.postprocessing.examples.puWeightProducer 
Running on dataset =  SingleMuon_Run2016D_part2
TFile: name=/afs/cern.ch/work/m/mciprian/w_mass_analysis/heppy/rel_slc7/CMSSW_9_4_12/src/CMGTools/WMass/python/postprocessing/data/pileup/pileup_profile_Summer16.root, title=, option=READ
TFile: name=/afs/cern.ch/work/m/mciprian/w_mass_analysis/heppy/rel_slc7/CMSSW_9_4_12/src/CMGTools/WMass/python/postprocessing/data/pileup/PileupData_GoldenJSON_2016BF.root, title=, option=READ
Modules to run:  []   name =  lepQCDAwayJetAll
Loading lepQCDAwayJetAll from CMGTools.WMass.postprocessing.examples.lepVarProducer 
Running on dataset =  SingleMuon_Run2016D_part2
Modules to run:  []   name =  muCalibratedWithStatVar
Loading muCalibratedWithStatVar from CMGTools.WMass.postprocessing.examples.lepVarProducer 
Running on dataset =  SingleMuon_Run2016D_part2
did not find EnergyScaleCorrection shared object, rebuilding
trying to load all the rochester correction libraries
did not find legacy data roccor. rebuilding...
done building legacy data roccor.
Modules to run:  []   name =  jetAllReCleaner
Loading jetAllReCleaner from CMGTools.WMass.postprocessing.examples.jetReCleaner 
Running on dataset =  SingleMuon_Run2016D_part2
Load C++ Worker
Modules to run:  []   name =  jetReCleaner
Loading jetReCleaner from CMGTools.WMass.postprocessing.examples.jetReCleaner 
Running on dataset =  SingleMuon_Run2016D_part2
Load C++ Worker
Modules to run:  []   name =  genQEDJets
Loading genQEDJets from CMGTools.WMass.postprocessing.examples.genFriendProducer 
Running on dataset =  SingleMuon_Run2016D_part2
Will write selected trees to MY_EOS_SPACE/heppyNtuples/TREES_SingleMuon2016BCDEF_94X/friends/
Normalization of pu_mc: 0.999973
Normalization of pileup: 3.65129e+10
Weights for variable pu_mc with a number of bins equal to 76:
1 1 1 1 1 1 1 1 1 1 1.616 1.923 1.917 1.762 1.611 1.554 1.506 1.414 1.317 1.241 1.169 1.109 1.071 1.04 1.019 1.001 0.9873 0.9825 0.9828 0.9811 0.9811 0.9792 0.9531 0.9274 0.8773 0.8171 0.7432 0.6594 0.5661 0.4725 0.3811 0.2987 0.2215 0.1581 0 0 0 0 0 0 0 0 0 0 0 1 1 1 1 1 1 1 1 1 1 1 1 1 1 1 1 1 1 1 1 1 .
Final weights: 
1 1 1 1 1 1 1 1 1 1 1.616 1.923 1.917 1.762 1.611 1.554 1.506 1.414 1.317 1.241 1.169 1.109 1.071 1.04 1.019 1.001 0.9873 0.9825 0.9828 0.9811 0.9811 0.9792 0.9531 0.9274 0.8773 0.8171 0.7432 0.6594 0.5661 0.4725 0.3811 0.2987 0.2215 0.1581 0 0 0 0 0 0 0 0 0 0 0 1 1 1 1 1 1 1 1 1 1 1 1 1 1 1 1 1 1 1 1 1 .
Normalization of pu_mc: 1
Normalization of pileup: 2.014e+10
Weights for variable pu_mc with a number of bins equal to 76:
1 1 1 1 1 1 1 1 1 1 2.784 3.074 2.661 2.24 1.976 1.881 1.801 1.669 1.544 1.453 1.364 1.27 1.186 1.113 1.061 1.016 0.9702 0.9245 0.8754 0.8192 0.7629 0.7065 0.6366 0.5722 0.4984 0.4252 0.3515 0.2804 0.2137 0.1564 0.1092 0 0 0 0 0 0 0 0 0 0 0 0 0 0 1 1 1 1 1 1 1 1 1 1 1 1 1 1 1 1 1 1 1 1 1 .
For maximum weight 3.074: integral relative change: 0
Final weights: 
1 1 1 1 1 1 1 1 1 1 2.784 3.074 2.661 2.24 1.976 1.881 1.801 1.669 1.544 1.453 1.364 1.27 1.186 1.113 1.061 1.016 0.9702 0.9245 0.8754 0.8192 0.7629 0.7065 0.6366 0.5722 0.4984 0.4252 0.3515 0.2804 0.2137 0.1564 0.1092 0 0 0 0 0 0 0 0 0 0 0 0 0 0 1 1 1 1 1 1 1 1 1 1 1 1 1 1 1 1 1 1 1 1 1 .
begin job of lepCalProducer
initializing all the rochester correction objects
initializing the egamma calibrator
Processed  2750000/14721863 entries (elapsed time     0.3s, curr speed   32.258 kHz, avg speed 8870.968 kHz), accepted        1/       1 events (100.00%)
Processed  2760000/14721863 entries (elapsed time    13.3s, curr speed    0.772 kHz, avg speed  207.988 kHz), accepted    10001/   10001 events (100.00%)
Processed  2770000/14721863 entries (elapsed time    27.1s, curr speed    0.725 kHz, avg speed  102.365 kHz), accepted    20001/   20001 events (100.00%)
Processed  2780000/14721863 entries (elapsed time    40.6s, curr speed    0.738 kHz, avg speed   68.456 kHz), accepted    30001/   30001 events (100.00%)
Processed  2790000/14721863 entries (elapsed time    54.2s, curr speed    0.736 kHz, avg speed   51.486 kHz), accepted    40001/   40001 events (100.00%)
Processed  2800000/14721863 entries (elapsed time    67.7s, curr speed    0.741 kHz, avg speed   41.365 kHz), accepted    50001/   50001 events (100.00%)
Processed  2810000/14721863 entries (elapsed time    81.0s, curr speed    0.752 kHz, avg speed   34.696 kHz), accepted    60001/   60001 events (100.00%)
Processed  2820000/14721863 entries (elapsed time    93.1s, curr speed    0.824 kHz, avg speed   30.280 kHz), accepted    70001/   70001 events (100.00%)
Processed  2830000/14721863 entries (elapsed time   104.1s, curr speed    0.916 kHz, avg speed   27.198 kHz), accepted    80001/   80001 events (100.00%)
Processed  2840000/14721863 entries (elapsed time   115.2s, curr speed    0.896 kHz, avg speed   24.651 kHz), accepted    90001/   90001 events (100.00%)
Processed  2850000/14721863 entries (elapsed time   127.1s, curr speed    0.842 kHz, avg speed   22.427 kHz), accepted   100001/  100001 events (100.00%)
Processed  2860000/14721863 entries (elapsed time   138.3s, curr speed    0.894 kHz, avg speed   20.686 kHz), accepted   110001/  110001 events (100.00%)
Processed  2870000/14721863 entries (elapsed time   149.3s, curr speed    0.906 kHz, avg speed   19.223 kHz), accepted   120001/  120001 events (100.00%)
Processed  2880000/14721863 entries (elapsed time   174.8s, curr speed    0.393 kHz, avg speed   16.481 kHz), accepted   130001/  130001 events (100.00%)
Processed  2890000/14721863 entries (elapsed time   186.0s, curr speed    0.893 kHz, avg speed   15.542 kHz), accepted   140001/  140001 events (100.00%)
Processed  2900000/14721863 entries (elapsed time   197.2s, curr speed    0.885 kHz, avg speed   14.702 kHz), accepted   150001/  150001 events (100.00%)
Processed  2910000/14721863 entries (elapsed time   208.5s, curr speed    0.888 kHz, avg speed   13.956 kHz), accepted   160001/  160001 events (100.00%)
Processed  2920000/14721863 entries (elapsed time   220.1s, curr speed    0.867 kHz, avg speed   13.270 kHz), accepted   170001/  170001 events (100.00%)
Processed  2930000/14721863 entries (elapsed time   231.3s, curr speed    0.890 kHz, avg speed   12.668 kHz), accepted   180001/  180001 events (100.00%)
Processed  2940000/14721863 entries (elapsed time   242.5s, curr speed    0.892 kHz, avg speed   12.124 kHz), accepted   190001/  190001 events (100.00%)
Processed  2950000/14721863 entries (elapsed time   267.5s, curr speed    0.400 kHz, avg speed   11.027 kHz), accepted   200001/  200001 events (100.00%)
Processed  2960000/14721863 entries (elapsed time   278.5s, curr speed    0.914 kHz, avg speed   10.630 kHz), accepted   210001/  210001 events (100.00%)
Processed  2970000/14721863 entries (elapsed time   289.3s, curr speed    0.920 kHz, avg speed   10.265 kHz), accepted   220001/  220001 events (100.00%)
Processed  2980000/14721863 entries (elapsed time   299.8s, curr speed    0.957 kHz, avg speed    9.940 kHz), accepted   230001/  230001 events (100.00%)
Processed  2990000/14721863 entries (elapsed time   311.0s, curr speed    0.891 kHz, avg speed    9.614 kHz), accepted   240001/  240001 events (100.00%)
Processed 250000 entries from MY_EOS_SPACE/heppyNtuples/TREES_SingleMuon2016BCDEF_94X/SingleMuon_Run2016D_part2/treeProducerWMass/tree.root, selected 250000 entries
Done MY_EOS_SPACE/heppyNtuples/TREES_SingleMuon2016BCDEF_94X/friends/tree_Friend_SingleMuon_Run2016D_part2.chunk11.root
