000 (322900.025.000) 05/10 15:25:00 Job submitted from host: <188.184.95.166:9618?addrs=188.184.95.166-9618+[2001-1458-201-e4--100-7a0]-9618&alias=tbird02.cern.ch&noUDP&sock=schedd_2138722_faad_3>
...
040 (322900.025.000) 05/10 15:38:47 Started transferring input files
	Transferring to host: <188.184.186.33:9618?addrs=188.184.186.33-9618+[2001-1458-301-f8--100-27]-9618&noUDP&sock=20880_994a_18280>
...
040 (322900.025.000) 05/10 15:38:47 Finished transferring input files
...
001 (322900.025.000) 05/10 15:38:48 Job executing on host: <188.184.186.33:9618?addrs=188.184.186.33-9618+[2001-1458-301-f8--100-27]-9618&noUDP&sock=2371_e323_3>
...
006 (322900.025.000) 05/10 15:38:57 Image size of job updated: 59304
	58  -  MemoryUsage of job (MB)
	59300  -  ResidentSetSize of job (KB)
...
006 (322900.025.000) 05/10 15:43:58 Image size of job updated: 399328
	386  -  MemoryUsage of job (MB)
	395004  -  ResidentSetSize of job (KB)
...
006 (322900.025.000) 05/10 15:48:58 Image size of job updated: 484616
	470  -  MemoryUsage of job (MB)
	480292  -  ResidentSetSize of job (KB)
...
040 (322900.025.000) 05/10 15:50:02 Started transferring output files
...
040 (322900.025.000) 05/10 15:50:02 Finished transferring output files
...
005 (322900.025.000) 05/10 15:50:02 Job terminated.
	(1) Normal termination (return value 1)
		Usr 0 00:09:10, Sys 0 00:00:51  -  Run Remote Usage
		Usr 0 00:00:00, Sys 0 00:00:00  -  Run Local Usage
		Usr 0 00:09:10, Sys 0 00:00:51  -  Total Remote Usage
		Usr 0 00:00:00, Sys 0 00:00:00  -  Total Local Usage
	9477  -  Run Bytes Sent By Job
	10941  -  Run Bytes Received By Job
	9477  -  Total Bytes Sent By Job
	10941  -  Total Bytes Received By Job
	Partitionable Resources :    Usage  Request Allocated 
	   Cpus                 :     0.97        1         1 
	   Disk (KB)            :    79           1    217260 
	   Memory (MB)          :   470        2000      2000 
...
