000 (322894.006.000) 05/10 15:24:54 Job submitted from host: <188.184.95.166:9618?addrs=188.184.95.166-9618+[2001-1458-201-e4--100-7a0]-9618&alias=tbird02.cern.ch&noUDP&sock=schedd_2138722_faad_3>
...
040 (322894.006.000) 05/10 15:34:51 Started transferring input files
	Transferring to host: <188.184.132.4:9618?addrs=188.184.132.4-9618+[--1]-9618&noUDP&sock=3211_309c_9070>
...
040 (322894.006.000) 05/10 15:34:51 Finished transferring input files
...
001 (322894.006.000) 05/10 15:34:52 Job executing on host: <188.184.132.4:9618?addrs=188.184.132.4-9618+[--1]-9618&noUDP&sock=2272_fb43_3>
...
006 (322894.006.000) 05/10 15:35:01 Image size of job updated: 302540
	215  -  MemoryUsage of job (MB)
	220072  -  ResidentSetSize of job (KB)
...
006 (322894.006.000) 05/10 15:40:02 Image size of job updated: 571632
	478  -  MemoryUsage of job (MB)
	488544  -  ResidentSetSize of job (KB)
...
006 (322894.006.000) 05/10 15:42:10 Image size of job updated: 575776
	478  -  MemoryUsage of job (MB)
	488544  -  ResidentSetSize of job (KB)
...
040 (322894.006.000) 05/10 15:42:10 Started transferring output files
...
040 (322894.006.000) 05/10 15:42:10 Finished transferring output files
...
005 (322894.006.000) 05/10 15:42:10 Job terminated.
	(1) Normal termination (return value 1)
		Usr 0 00:05:16, Sys 0 00:00:42  -  Run Remote Usage
		Usr 0 00:00:00, Sys 0 00:00:00  -  Run Local Usage
		Usr 0 00:05:16, Sys 0 00:00:42  -  Total Remote Usage
		Usr 0 00:00:00, Sys 0 00:00:00  -  Total Local Usage
	14801  -  Run Bytes Sent By Job
	10941  -  Run Bytes Received By Job
	14801  -  Total Bytes Sent By Job
	10941  -  Total Bytes Received By Job
	Partitionable Resources :    Usage  Request Allocated 
	   Cpus                 :                 1           
	   Disk (KB)            :       74        1   2170466 
	   Memory (MB)          :      478     2000      2000 
...
