000 (322884.056.000) 05/10 15:24:45 Job submitted from host: <188.184.95.166:9618?addrs=188.184.95.166-9618+[2001-1458-201-e4--100-7a0]-9618&alias=tbird02.cern.ch&noUDP&sock=schedd_2138722_faad_3>
...
040 (322884.056.000) 05/10 15:27:37 Started transferring input files
	Transferring to host: <128.142.33.167:9618?addrs=128.142.33.167-9618+[2001-1458-301-117--100-23e]-9618&noUDP&sock=13023_a1ab_103365>
...
040 (322884.056.000) 05/10 15:27:37 Finished transferring input files
...
001 (322884.056.000) 05/10 15:27:38 Job executing on host: <128.142.33.167:9618?addrs=128.142.33.167-9618+[2001-1458-301-117--100-23e]-9618&noUDP&sock=12815_9a42_3>
...
006 (322884.056.000) 05/10 15:27:46 Image size of job updated: 175724
	104  -  MemoryUsage of job (MB)
	105664  -  ResidentSetSize of job (KB)
...
006 (322884.056.000) 05/10 15:32:46 Image size of job updated: 493792
	480  -  MemoryUsage of job (MB)
	490872  -  ResidentSetSize of job (KB)
...
040 (322884.056.000) 05/10 15:33:48 Started transferring output files
...
040 (322884.056.000) 05/10 15:33:48 Finished transferring output files
...
005 (322884.056.000) 05/10 15:33:48 Job terminated.
	(1) Normal termination (return value 1)
		Usr 0 00:05:24, Sys 0 00:00:35  -  Run Remote Usage
		Usr 0 00:00:00, Sys 0 00:00:00  -  Run Local Usage
		Usr 0 00:05:24, Sys 0 00:00:35  -  Total Remote Usage
		Usr 0 00:00:00, Sys 0 00:00:00  -  Total Local Usage
	9479  -  Run Bytes Sent By Job
	10941  -  Run Bytes Received By Job
	9479  -  Total Bytes Sent By Job
	10941  -  Total Bytes Received By Job
	Partitionable Resources :    Usage  Request Allocated 
	   Cpus                 :                 1           
	   Disk (KB)            :       72        1   2171485 
	   Memory (MB)          :      480     2000      2000 
...
