000 (322885.052.000) 05/10 15:24:46 Job submitted from host: <188.184.95.166:9618?addrs=188.184.95.166-9618+[2001-1458-201-e4--100-7a0]-9618&alias=tbird02.cern.ch&noUDP&sock=schedd_2138722_faad_3>
...
040 (322885.052.000) 05/10 15:27:56 Started transferring input files
	Transferring to host: <188.184.132.10:9618?addrs=188.184.132.10-9618+[2001-1458-301-a0--100-3]-9618&noUDP&sock=4684_0d38_18634>
...
040 (322885.052.000) 05/10 15:27:56 Finished transferring input files
...
001 (322885.052.000) 05/10 15:27:57 Job executing on host: <188.184.132.10:9618?addrs=188.184.132.10-9618+[2001-1458-301-a0--100-3]-9618&noUDP&sock=2362_b6c9_3>
...
006 (322885.052.000) 05/10 15:28:06 Image size of job updated: 109768
	104  -  MemoryUsage of job (MB)
	105936  -  ResidentSetSize of job (KB)
...
006 (322885.052.000) 05/10 15:33:06 Image size of job updated: 404816
	392  -  MemoryUsage of job (MB)
	400452  -  ResidentSetSize of job (KB)
...
006 (322885.052.000) 05/10 15:38:06 Image size of job updated: 494564
	479  -  MemoryUsage of job (MB)
	490200  -  ResidentSetSize of job (KB)
...
040 (322885.052.000) 05/10 15:39:41 Started transferring output files
...
040 (322885.052.000) 05/10 15:39:41 Finished transferring output files
...
005 (322885.052.000) 05/10 15:39:41 Job terminated.
	(1) Normal termination (return value 1)
		Usr 0 00:10:02, Sys 0 00:00:57  -  Run Remote Usage
		Usr 0 00:00:00, Sys 0 00:00:00  -  Run Local Usage
		Usr 0 00:10:02, Sys 0 00:00:57  -  Total Remote Usage
		Usr 0 00:00:00, Sys 0 00:00:00  -  Total Local Usage
	9479  -  Run Bytes Sent By Job
	10941  -  Run Bytes Received By Job
	9479  -  Total Bytes Sent By Job
	10941  -  Total Bytes Received By Job
	Partitionable Resources :    Usage  Request Allocated 
	   Cpus                 :     1.00        1         1 
	   Disk (KB)            :    79           1    213769 
	   Memory (MB)          :   479        2000      2000 
...
