000 (322883.034.000) 05/10 15:24:44 Job submitted from host: <188.184.95.166:9618?addrs=188.184.95.166-9618+[2001-1458-201-e4--100-7a0]-9618&alias=tbird02.cern.ch&noUDP&sock=schedd_2138722_faad_3>
...
040 (322883.034.000) 05/10 15:26:31 Started transferring input files
	Transferring to host: <188.184.186.22:9618?addrs=188.184.186.22-9618+[2001-1458-301-f8--100-13]-9618&noUDP&sock=4093_a380_126141>
...
040 (322883.034.000) 05/10 15:26:31 Finished transferring input files
...
001 (322883.034.000) 05/10 15:26:32 Job executing on host: <188.184.186.22:9618?addrs=188.184.186.22-9618+[2001-1458-301-f8--100-13]-9618&noUDP&sock=2329_1429_3>
...
006 (322883.034.000) 05/10 15:26:40 Image size of job updated: 201412
	121  -  MemoryUsage of job (MB)
	123376  -  ResidentSetSize of job (KB)
...
006 (322883.034.000) 05/10 15:31:40 Image size of job updated: 576156
	479  -  MemoryUsage of job (MB)
	490352  -  ResidentSetSize of job (KB)
...
006 (322883.034.000) 05/10 15:32:39 Image size of job updated: 576860
	479  -  MemoryUsage of job (MB)
	490352  -  ResidentSetSize of job (KB)
...
040 (322883.034.000) 05/10 15:32:39 Started transferring output files
...
040 (322883.034.000) 05/10 15:32:39 Finished transferring output files
...
005 (322883.034.000) 05/10 15:32:39 Job terminated.
	(1) Normal termination (return value 1)
		Usr 0 00:05:23, Sys 0 00:00:33  -  Run Remote Usage
		Usr 0 00:00:00, Sys 0 00:00:00  -  Run Local Usage
		Usr 0 00:05:23, Sys 0 00:00:33  -  Total Remote Usage
		Usr 0 00:00:00, Sys 0 00:00:00  -  Total Local Usage
	9477  -  Run Bytes Sent By Job
	10941  -  Run Bytes Received By Job
	9477  -  Total Bytes Sent By Job
	10941  -  Total Bytes Received By Job
	Partitionable Resources :    Usage  Request Allocated 
	   Cpus                 :                 1           
	   Disk (KB)            :       72        1   2209448 
	   Memory (MB)          :      479     2000      2000 
...
