000 (322896.009.000) 05/10 15:24:56 Job submitted from host: <188.184.95.166:9618?addrs=188.184.95.166-9618+[2001-1458-201-e4--100-7a0]-9618&alias=tbird02.cern.ch&noUDP&sock=schedd_2138722_faad_3>
...
040 (322896.009.000) 05/10 15:36:51 Started transferring input files
	Transferring to host: <188.184.207.252:9618?addrs=188.184.207.252-9618+[2001-1458-301-7d--100-540]-9618&noUDP&sock=2922_9030_75365>
...
040 (322896.009.000) 05/10 15:36:51 Finished transferring input files
...
001 (322896.009.000) 05/10 15:36:52 Job executing on host: <188.184.207.252:9618?addrs=188.184.207.252-9618+[2001-1458-301-7d--100-540]-9618&noUDP&sock=2259_1088_3>
...
006 (322896.009.000) 05/10 15:37:01 Image size of job updated: 119080
	58  -  MemoryUsage of job (MB)
	59320  -  ResidentSetSize of job (KB)
...
006 (322896.009.000) 05/10 15:42:02 Image size of job updated: 491376
	479  -  MemoryUsage of job (MB)
	490144  -  ResidentSetSize of job (KB)
...
040 (322896.009.000) 05/10 15:43:52 Started transferring output files
...
040 (322896.009.000) 05/10 15:43:52 Finished transferring output files
...
005 (322896.009.000) 05/10 15:43:52 Job terminated.
	(1) Normal termination (return value 1)
		Usr 0 00:05:19, Sys 0 00:00:42  -  Run Remote Usage
		Usr 0 00:00:00, Sys 0 00:00:00  -  Run Local Usage
		Usr 0 00:05:19, Sys 0 00:00:42  -  Total Remote Usage
		Usr 0 00:00:00, Sys 0 00:00:00  -  Total Local Usage
	9473  -  Run Bytes Sent By Job
	10941  -  Run Bytes Received By Job
	9473  -  Total Bytes Sent By Job
	10941  -  Total Bytes Received By Job
	Partitionable Resources :    Usage  Request Allocated 
	   Cpus                 :                 1           
	   Disk (KB)            :       72        1   2164728 
	   Memory (MB)          :      479     2000      2000 
...
