   SingleMuon_Run2016D_part3   DATA  63 chunks


I have 1 taks to process
I'm using the following list of modules DEFAULT_MODULES
this is jobs [('SingleMuon_Run2016D_part3', 'MY_EOS_SPACE/heppyNtuples/TREES_SingleMuon2016BCDEF_94X/SingleMuon_Run2016D_part3/treeProducerWMass/tree.root', 26144046.0, '_Friend_SingleMuon_Run2016D_part3.chunk40', True, xrange(10000000, 10250000), 40)]
Modules to run:  []   name =  puWeight
Loading puWeight from CMGTools.WMass.postprocessing.examples.puWeightProducer 
Running on dataset =  SingleMuon_Run2016D_part3
TFile: name=/afs/cern.ch/work/m/mciprian/w_mass_analysis/heppy/rel_slc7/CMSSW_9_4_12/src/CMGTools/WMass/python/postprocessing/data/pileup/pileup_profile_Summer16.root, title=, option=READ
TFile: name=/afs/cern.ch/work/m/mciprian/w_mass_analysis/heppy/rel_slc7/CMSSW_9_4_12/src/CMGTools/WMass/python/postprocessing/data/pileup/PileupData_GoldenJSON_Full2016.root, title=, option=READ
Load C++ Worker
Modules to run:  []   name =  puWeight2016BF
Loading puWeight2016BF from CMGTools.WMass.postprocessing.examples.puWeightProducer 
Running on dataset =  SingleMuon_Run2016D_part3
TFile: name=/afs/cern.ch/work/m/mciprian/w_mass_analysis/heppy/rel_slc7/CMSSW_9_4_12/src/CMGTools/WMass/python/postprocessing/data/pileup/pileup_profile_Summer16.root, title=, option=READ
TFile: name=/afs/cern.ch/work/m/mciprian/w_mass_analysis/heppy/rel_slc7/CMSSW_9_4_12/src/CMGTools/WMass/python/postprocessing/data/pileup/PileupData_GoldenJSON_2016BF.root, title=, option=READ
Modules to run:  []   name =  lepQCDAwayJetAll
Loading lepQCDAwayJetAll from CMGTools.WMass.postprocessing.examples.lepVarProducer 
Running on dataset =  SingleMuon_Run2016D_part3
Modules to run:  []   name =  muCalibratedWithStatVar
Loading muCalibratedWithStatVar from CMGTools.WMass.postprocessing.examples.lepVarProducer 
Running on dataset =  SingleMuon_Run2016D_part3
did not find EnergyScaleCorrection shared object, rebuilding
trying to load all the rochester correction libraries
did not find legacy data roccor. rebuilding...
done building legacy data roccor.
Modules to run:  []   name =  jetAllReCleaner
Loading jetAllReCleaner from CMGTools.WMass.postprocessing.examples.jetReCleaner 
Running on dataset =  SingleMuon_Run2016D_part3
Load C++ Worker
Modules to run:  []   name =  jetReCleaner
Loading jetReCleaner from CMGTools.WMass.postprocessing.examples.jetReCleaner 
Running on dataset =  SingleMuon_Run2016D_part3
Load C++ Worker
Modules to run:  []   name =  genQEDJets
Loading genQEDJets from CMGTools.WMass.postprocessing.examples.genFriendProducer 
Running on dataset =  SingleMuon_Run2016D_part3
Will write selected trees to MY_EOS_SPACE/heppyNtuples/TREES_SingleMuon2016BCDEF_94X/friends/
Normalization of pu_mc: 0.999973
Normalization of pileup: 3.65129e+10
Weights for variable pu_mc with a number of bins equal to 76:
1 1 1 1 1 1 1 1 1 1 1.616 1.923 1.917 1.762 1.611 1.554 1.506 1.414 1.317 1.241 1.169 1.109 1.071 1.04 1.019 1.001 0.9873 0.9825 0.9828 0.9811 0.9811 0.9792 0.9531 0.9274 0.8773 0.8171 0.7432 0.6594 0.5661 0.4725 0.3811 0.2987 0.2215 0.1581 0 0 0 0 0 0 0 0 0 0 0 1 1 1 1 1 1 1 1 1 1 1 1 1 1 1 1 1 1 1 1 1 .
Final weights: 
1 1 1 1 1 1 1 1 1 1 1.616 1.923 1.917 1.762 1.611 1.554 1.506 1.414 1.317 1.241 1.169 1.109 1.071 1.04 1.019 1.001 0.9873 0.9825 0.9828 0.9811 0.9811 0.9792 0.9531 0.9274 0.8773 0.8171 0.7432 0.6594 0.5661 0.4725 0.3811 0.2987 0.2215 0.1581 0 0 0 0 0 0 0 0 0 0 0 1 1 1 1 1 1 1 1 1 1 1 1 1 1 1 1 1 1 1 1 1 .
Normalization of pu_mc: 1
Normalization of pileup: 2.014e+10
Weights for variable pu_mc with a number of bins equal to 76:
1 1 1 1 1 1 1 1 1 1 2.784 3.074 2.661 2.24 1.976 1.881 1.801 1.669 1.544 1.453 1.364 1.27 1.186 1.113 1.061 1.016 0.9702 0.9245 0.8754 0.8192 0.7629 0.7065 0.6366 0.5722 0.4984 0.4252 0.3515 0.2804 0.2137 0.1564 0.1092 0 0 0 0 0 0 0 0 0 0 0 0 0 0 1 1 1 1 1 1 1 1 1 1 1 1 1 1 1 1 1 1 1 1 1 .
For maximum weight 3.074: integral relative change: 0
Final weights: 
1 1 1 1 1 1 1 1 1 1 2.784 3.074 2.661 2.24 1.976 1.881 1.801 1.669 1.544 1.453 1.364 1.27 1.186 1.113 1.061 1.016 0.9702 0.9245 0.8754 0.8192 0.7629 0.7065 0.6366 0.5722 0.4984 0.4252 0.3515 0.2804 0.2137 0.1564 0.1092 0 0 0 0 0 0 0 0 0 0 0 0 0 0 1 1 1 1 1 1 1 1 1 1 1 1 1 1 1 1 1 1 1 1 1 .
begin job of lepCalProducer
initializing all the rochester correction objects
initializing the egamma calibrator
Processed 10000000/15643086 entries (elapsed time     0.2s, curr speed   47.619 kHz, avg speed 47619.048 kHz), accepted        1/       1 events (100.00%)
Processed 10010000/15643086 entries (elapsed time    14.8s, curr speed    0.685 kHz, avg speed  675.895 kHz), accepted    10001/   10001 events (100.00%)
Processed 10020000/15643086 entries (elapsed time    30.8s, curr speed    0.626 kHz, avg speed  325.430 kHz), accepted    20001/   20001 events (100.00%)
Processed 10030000/15643086 entries (elapsed time    45.6s, curr speed    0.675 kHz, avg speed  219.956 kHz), accepted    30001/   30001 events (100.00%)
Processed 10040000/15643086 entries (elapsed time    61.0s, curr speed    0.648 kHz, avg speed  164.509 kHz), accepted    40001/   40001 events (100.00%)
Processed 10050000/15643086 entries (elapsed time    75.9s, curr speed    0.671 kHz, avg speed  132.341 kHz), accepted    50001/   50001 events (100.00%)
Processed 10060000/15643086 entries (elapsed time    92.2s, curr speed    0.616 kHz, avg speed  109.146 kHz), accepted    60001/   60001 events (100.00%)
Processed 10070000/15643086 entries (elapsed time   106.5s, curr speed    0.697 kHz, avg speed   94.545 kHz), accepted    70001/   70001 events (100.00%)
Processed 10080000/15643086 entries (elapsed time   119.2s, curr speed    0.789 kHz, avg speed   84.571 kHz), accepted    80001/   80001 events (100.00%)
Processed 10090000/15643086 entries (elapsed time   131.6s, curr speed    0.807 kHz, avg speed   76.683 kHz), accepted    90001/   90001 events (100.00%)
Processed 10100000/15643086 entries (elapsed time   144.0s, curr speed    0.804 kHz, avg speed   70.129 kHz), accepted   100001/  100001 events (100.00%)
Processed 10110000/15643086 entries (elapsed time   156.2s, curr speed    0.819 kHz, avg speed   64.712 kHz), accepted   110001/  110001 events (100.00%)
Processed 10120000/15643086 entries (elapsed time   171.0s, curr speed    0.678 kHz, avg speed   59.185 kHz), accepted   120001/  120001 events (100.00%)
Processed 10130000/15643086 entries (elapsed time   199.2s, curr speed    0.354 kHz, avg speed   50.853 kHz), accepted   130001/  130001 events (100.00%)
Processed 10140000/15643086 entries (elapsed time   212.1s, curr speed    0.773 kHz, avg speed   47.799 kHz), accepted   140001/  140001 events (100.00%)
Processed 10150000/15643086 entries (elapsed time   224.7s, curr speed    0.799 kHz, avg speed   45.179 kHz), accepted   150001/  150001 events (100.00%)
Processed 10160000/15643086 entries (elapsed time   240.0s, curr speed    0.653 kHz, avg speed   42.339 kHz), accepted   160001/  160001 events (100.00%)
Processed 10170000/15643086 entries (elapsed time   253.0s, curr speed    0.768 kHz, avg speed   40.199 kHz), accepted   170001/  170001 events (100.00%)
Processed 10180000/15643086 entries (elapsed time   265.3s, curr speed    0.810 kHz, avg speed   38.366 kHz), accepted   180001/  180001 events (100.00%)
Processed 10190000/15643086 entries (elapsed time   277.3s, curr speed    0.834 kHz, avg speed   36.743 kHz), accepted   190001/  190001 events (100.00%)
Processed 10200000/15643086 entries (elapsed time   307.5s, curr speed    0.332 kHz, avg speed   33.175 kHz), accepted   200001/  200001 events (100.00%)
Processed 10210000/15643086 entries (elapsed time   321.7s, curr speed    0.700 kHz, avg speed   31.734 kHz), accepted   210001/  210001 events (100.00%)
Processed 10220000/15643086 entries (elapsed time   334.0s, curr speed    0.816 kHz, avg speed   30.599 kHz), accepted   220001/  220001 events (100.00%)
Processed 10230000/15643086 entries (elapsed time   346.4s, curr speed    0.808 kHz, avg speed   29.534 kHz), accepted   230001/  230001 events (100.00%)
Processed 10240000/15643086 entries (elapsed time   358.1s, curr speed    0.851 kHz, avg speed   28.593 kHz), accepted   240001/  240001 events (100.00%)
Processed 250000 entries from MY_EOS_SPACE/heppyNtuples/TREES_SingleMuon2016BCDEF_94X/SingleMuon_Run2016D_part3/treeProducerWMass/tree.root, selected 250000 entries
Done MY_EOS_SPACE/heppyNtuples/TREES_SingleMuon2016BCDEF_94X/friends/tree_Friend_SingleMuon_Run2016D_part3.chunk40.root
