000 (322881.055.000) 05/10 15:24:42 Job submitted from host: <188.184.95.166:9618?addrs=188.184.95.166-9618+[2001-1458-201-e4--100-7a0]-9618&alias=tbird02.cern.ch&noUDP&sock=schedd_2138722_faad_3>
...
040 (322881.055.000) 05/10 15:25:55 Started transferring input files
	Transferring to host: <188.184.186.18:9618?addrs=188.184.186.18-9618+[2001-1458-301-f8--100-17]-9618&noUDP&sock=4234_fc65_126156>
...
040 (322881.055.000) 05/10 15:25:55 Finished transferring input files
...
001 (322881.055.000) 05/10 15:25:56 Job executing on host: <188.184.186.18:9618?addrs=188.184.186.18-9618+[2001-1458-301-f8--100-17]-9618&noUDP&sock=2341_4f4c_3>
...
006 (322881.055.000) 05/10 15:26:04 Image size of job updated: 197700
	117  -  MemoryUsage of job (MB)
	119452  -  ResidentSetSize of job (KB)
...
006 (322881.055.000) 05/10 15:31:04 Image size of job updated: 574720
	478  -  MemoryUsage of job (MB)
	488688  -  ResidentSetSize of job (KB)
...
040 (322881.055.000) 05/10 15:32:15 Started transferring output files
...
040 (322881.055.000) 05/10 15:32:15 Finished transferring output files
...
005 (322881.055.000) 05/10 15:32:15 Job terminated.
	(1) Normal termination (return value 1)
		Usr 0 00:05:34, Sys 0 00:00:34  -  Run Remote Usage
		Usr 0 00:00:00, Sys 0 00:00:00  -  Run Local Usage
		Usr 0 00:05:34, Sys 0 00:00:34  -  Total Remote Usage
		Usr 0 00:00:00, Sys 0 00:00:00  -  Total Local Usage
	9479  -  Run Bytes Sent By Job
	10941  -  Run Bytes Received By Job
	9479  -  Total Bytes Sent By Job
	10941  -  Total Bytes Received By Job
	Partitionable Resources :    Usage  Request Allocated 
	   Cpus                 :                 1           
	   Disk (KB)            :       72        1   2126815 
	   Memory (MB)          :      478     2000      2000 
...
