   SingleMuon_Run2016D_part1   DATA  62 chunks


I have 1 taks to process
I'm using the following list of modules DEFAULT_MODULES
this is jobs [('SingleMuon_Run2016D_part1', 'MY_EOS_SPACE/heppyNtuples/TREES_SingleMuon2016BCDEF_94X/SingleMuon_Run2016D_part1/treeProducerWMass/tree.root', 25303304.0, '_Friend_SingleMuon_Run2016D_part1.chunk2', True, xrange(500000, 750000), 2)]
Modules to run:  []   name =  puWeight
Loading puWeight from CMGTools.WMass.postprocessing.examples.puWeightProducer 
Running on dataset =  SingleMuon_Run2016D_part1
TFile: name=/afs/cern.ch/work/m/mciprian/w_mass_analysis/heppy/rel_slc7/CMSSW_9_4_12/src/CMGTools/WMass/python/postprocessing/data/pileup/pileup_profile_Summer16.root, title=, option=READ
TFile: name=/afs/cern.ch/work/m/mciprian/w_mass_analysis/heppy/rel_slc7/CMSSW_9_4_12/src/CMGTools/WMass/python/postprocessing/data/pileup/PileupData_GoldenJSON_Full2016.root, title=, option=READ
Load C++ Worker
Modules to run:  []   name =  puWeight2016BF
Loading puWeight2016BF from CMGTools.WMass.postprocessing.examples.puWeightProducer 
Running on dataset =  SingleMuon_Run2016D_part1
TFile: name=/afs/cern.ch/work/m/mciprian/w_mass_analysis/heppy/rel_slc7/CMSSW_9_4_12/src/CMGTools/WMass/python/postprocessing/data/pileup/pileup_profile_Summer16.root, title=, option=READ
TFile: name=/afs/cern.ch/work/m/mciprian/w_mass_analysis/heppy/rel_slc7/CMSSW_9_4_12/src/CMGTools/WMass/python/postprocessing/data/pileup/PileupData_GoldenJSON_2016BF.root, title=, option=READ
Modules to run:  []   name =  lepQCDAwayJetAll
Loading lepQCDAwayJetAll from CMGTools.WMass.postprocessing.examples.lepVarProducer 
Running on dataset =  SingleMuon_Run2016D_part1
Modules to run:  []   name =  muCalibratedWithStatVar
Loading muCalibratedWithStatVar from CMGTools.WMass.postprocessing.examples.lepVarProducer 
Running on dataset =  SingleMuon_Run2016D_part1
did not find EnergyScaleCorrection shared object, rebuilding
trying to load all the rochester correction libraries
did not find legacy data roccor. rebuilding...
done building legacy data roccor.
Modules to run:  []   name =  jetAllReCleaner
Loading jetAllReCleaner from CMGTools.WMass.postprocessing.examples.jetReCleaner 
Running on dataset =  SingleMuon_Run2016D_part1
Load C++ Worker
Modules to run:  []   name =  jetReCleaner
Loading jetReCleaner from CMGTools.WMass.postprocessing.examples.jetReCleaner 
Running on dataset =  SingleMuon_Run2016D_part1
Load C++ Worker
Modules to run:  []   name =  genQEDJets
Loading genQEDJets from CMGTools.WMass.postprocessing.examples.genFriendProducer 
Running on dataset =  SingleMuon_Run2016D_part1
Will write selected trees to MY_EOS_SPACE/heppyNtuples/TREES_SingleMuon2016BCDEF_94X/friends/
Normalization of pu_mc: 0.999973
Normalization of pileup: 3.65129e+10
Weights for variable pu_mc with a number of bins equal to 76:
1 1 1 1 1 1 1 1 1 1 1.616 1.923 1.917 1.762 1.611 1.554 1.506 1.414 1.317 1.241 1.169 1.109 1.071 1.04 1.019 1.001 0.9873 0.9825 0.9828 0.9811 0.9811 0.9792 0.9531 0.9274 0.8773 0.8171 0.7432 0.6594 0.5661 0.4725 0.3811 0.2987 0.2215 0.1581 0 0 0 0 0 0 0 0 0 0 0 1 1 1 1 1 1 1 1 1 1 1 1 1 1 1 1 1 1 1 1 1 .
Final weights: 
1 1 1 1 1 1 1 1 1 1 1.616 1.923 1.917 1.762 1.611 1.554 1.506 1.414 1.317 1.241 1.169 1.109 1.071 1.04 1.019 1.001 0.9873 0.9825 0.9828 0.9811 0.9811 0.9792 0.9531 0.9274 0.8773 0.8171 0.7432 0.6594 0.5661 0.4725 0.3811 0.2987 0.2215 0.1581 0 0 0 0 0 0 0 0 0 0 0 1 1 1 1 1 1 1 1 1 1 1 1 1 1 1 1 1 1 1 1 1 .
Normalization of pu_mc: 1
Normalization of pileup: 2.014e+10
Weights for variable pu_mc with a number of bins equal to 76:
1 1 1 1 1 1 1 1 1 1 2.784 3.074 2.661 2.24 1.976 1.881 1.801 1.669 1.544 1.453 1.364 1.27 1.186 1.113 1.061 1.016 0.9702 0.9245 0.8754 0.8192 0.7629 0.7065 0.6366 0.5722 0.4984 0.4252 0.3515 0.2804 0.2137 0.1564 0.1092 0 0 0 0 0 0 0 0 0 0 0 0 0 0 1 1 1 1 1 1 1 1 1 1 1 1 1 1 1 1 1 1 1 1 1 .
For maximum weight 3.074: integral relative change: 0
Final weights: 
1 1 1 1 1 1 1 1 1 1 2.784 3.074 2.661 2.24 1.976 1.881 1.801 1.669 1.544 1.453 1.364 1.27 1.186 1.113 1.061 1.016 0.9702 0.9245 0.8754 0.8192 0.7629 0.7065 0.6366 0.5722 0.4984 0.4252 0.3515 0.2804 0.2137 0.1564 0.1092 0 0 0 0 0 0 0 0 0 0 0 0 0 0 1 1 1 1 1 1 1 1 1 1 1 1 1 1 1 1 1 1 1 1 1 .
begin job of lepCalProducer
initializing all the rochester correction objects
initializing the egamma calibrator
Processed   500000/15463332 entries (elapsed time     0.2s, curr speed   43.478 kHz, avg speed 2173.913 kHz), accepted        1/       1 events (100.00%)
Processed   510000/15463332 entries (elapsed time    13.6s, curr speed    0.748 kHz, avg speed   37.500 kHz), accepted    10001/   10001 events (100.00%)
Processed   520000/15463332 entries (elapsed time    27.6s, curr speed    0.716 kHz, avg speed   18.861 kHz), accepted    20001/   20001 events (100.00%)
Processed   530000/15463332 entries (elapsed time    41.8s, curr speed    0.704 kHz, avg speed   12.685 kHz), accepted    30001/   30001 events (100.00%)
Processed   540000/15463332 entries (elapsed time    56.0s, curr speed    0.702 kHz, avg speed    9.639 kHz), accepted    40001/   40001 events (100.00%)
Processed   550000/15463332 entries (elapsed time    70.2s, curr speed    0.704 kHz, avg speed    7.833 kHz), accepted    50001/   50001 events (100.00%)
Processed   560000/15463332 entries (elapsed time    84.2s, curr speed    0.716 kHz, avg speed    6.652 kHz), accepted    60001/   60001 events (100.00%)
Processed   570000/15463332 entries (elapsed time    97.8s, curr speed    0.735 kHz, avg speed    5.829 kHz), accepted    70001/   70001 events (100.00%)
Processed   580000/15463332 entries (elapsed time   110.0s, curr speed    0.822 kHz, avg speed    5.275 kHz), accepted    80001/   80001 events (100.00%)
Processed   590000/15463332 entries (elapsed time   121.6s, curr speed    0.859 kHz, avg speed    4.852 kHz), accepted    90001/   90001 events (100.00%)
Processed   600000/15463332 entries (elapsed time   133.3s, curr speed    0.855 kHz, avg speed    4.502 kHz), accepted   100001/  100001 events (100.00%)
Processed   610000/15463332 entries (elapsed time   145.2s, curr speed    0.842 kHz, avg speed    4.203 kHz), accepted   110001/  110001 events (100.00%)
Processed   620000/15463332 entries (elapsed time   156.8s, curr speed    0.855 kHz, avg speed    3.953 kHz), accepted   120001/  120001 events (100.00%)
Processed   630000/15463332 entries (elapsed time   185.0s, curr speed    0.355 kHz, avg speed    3.406 kHz), accepted   130001/  130001 events (100.00%)
Processed   640000/15463332 entries (elapsed time   196.8s, curr speed    0.848 kHz, avg speed    3.252 kHz), accepted   140001/  140001 events (100.00%)
Processed   650000/15463332 entries (elapsed time   208.7s, curr speed    0.840 kHz, avg speed    3.115 kHz), accepted   150001/  150001 events (100.00%)
Processed   660000/15463332 entries (elapsed time   220.7s, curr speed    0.835 kHz, avg speed    2.991 kHz), accepted   160001/  160001 events (100.00%)
Processed   670000/15463332 entries (elapsed time   232.7s, curr speed    0.829 kHz, avg speed    2.879 kHz), accepted   170001/  170001 events (100.00%)
Processed   680000/15463332 entries (elapsed time   244.7s, curr speed    0.837 kHz, avg speed    2.779 kHz), accepted   180001/  180001 events (100.00%)
Processed   690000/15463332 entries (elapsed time   256.6s, curr speed    0.842 kHz, avg speed    2.690 kHz), accepted   190001/  190001 events (100.00%)
Processed   700000/15463332 entries (elapsed time   284.7s, curr speed    0.355 kHz, avg speed    2.459 kHz), accepted   200001/  200001 events (100.00%)
Processed   710000/15463332 entries (elapsed time   296.7s, curr speed    0.836 kHz, avg speed    2.393 kHz), accepted   210001/  210001 events (100.00%)
Processed   720000/15463332 entries (elapsed time   308.4s, curr speed    0.849 kHz, avg speed    2.334 kHz), accepted   220001/  220001 events (100.00%)
Processed   730000/15463332 entries (elapsed time   320.0s, curr speed    0.864 kHz, avg speed    2.281 kHz), accepted   230001/  230001 events (100.00%)
Processed   740000/15463332 entries (elapsed time   331.5s, curr speed    0.873 kHz, avg speed    2.232 kHz), accepted   240001/  240001 events (100.00%)
Processed 250000 entries from MY_EOS_SPACE/heppyNtuples/TREES_SingleMuon2016BCDEF_94X/SingleMuon_Run2016D_part1/treeProducerWMass/tree.root, selected 250000 entries
Done MY_EOS_SPACE/heppyNtuples/TREES_SingleMuon2016BCDEF_94X/friends/tree_Friend_SingleMuon_Run2016D_part1.chunk2.root
