000 (322898.023.000) 05/10 15:24:58 Job submitted from host: <188.184.95.166:9618?addrs=188.184.95.166-9618+[2001-1458-201-e4--100-7a0]-9618&alias=tbird02.cern.ch&noUDP&sock=schedd_2138722_faad_3>
...
040 (322898.023.000) 05/10 15:37:57 Started transferring input files
	Transferring to host: <128.142.240.13:9618?addrs=128.142.240.13-9618&noUDP&sock=3822_b1d4_9911>
...
040 (322898.023.000) 05/10 15:37:57 Finished transferring input files
...
001 (322898.023.000) 05/10 15:37:58 Job executing on host: <128.142.240.13:9618?addrs=128.142.240.13-9618&noUDP&sock=2675_67ee_3>
...
006 (322898.023.000) 05/10 15:38:07 Image size of job updated: 60380
	58  -  MemoryUsage of job (MB)
	59320  -  ResidentSetSize of job (KB)
...
006 (322898.023.000) 05/10 15:43:08 Image size of job updated: 410904
	395  -  MemoryUsage of job (MB)
	403832  -  ResidentSetSize of job (KB)
...
006 (322898.023.000) 05/10 15:48:08 Image size of job updated: 499396
	481  -  MemoryUsage of job (MB)
	492324  -  ResidentSetSize of job (KB)
...
040 (322898.023.000) 05/10 15:48:38 Started transferring output files
...
040 (322898.023.000) 05/10 15:48:38 Finished transferring output files
...
005 (322898.023.000) 05/10 15:48:38 Job terminated.
	(1) Normal termination (return value 1)
		Usr 0 00:08:45, Sys 0 00:00:57  -  Run Remote Usage
		Usr 0 00:00:00, Sys 0 00:00:00  -  Run Local Usage
		Usr 0 00:08:45, Sys 0 00:00:57  -  Total Remote Usage
		Usr 0 00:00:00, Sys 0 00:00:00  -  Total Local Usage
	15153  -  Run Bytes Sent By Job
	10941  -  Run Bytes Received By Job
	15153  -  Total Bytes Sent By Job
	10941  -  Total Bytes Received By Job
	Partitionable Resources :    Usage  Request Allocated 
	   Cpus                 :     1.02        1         1 
	   Disk (KB)            :    82           1    211206 
	   Memory (MB)          :   481        2000      2000 
...
