000 (322899.023.000) 05/10 15:24:59 Job submitted from host: <188.184.95.166:9618?addrs=188.184.95.166-9618+[2001-1458-201-e4--100-7a0]-9618&alias=tbird02.cern.ch&noUDP&sock=schedd_2138722_faad_3>
...
040 (322899.023.000) 05/10 15:38:17 Started transferring input files
	Transferring to host: <128.142.33.137:9618?addrs=128.142.33.137-9618+[2001-1458-301-117--100-23]-9618&noUDP&sock=13007_5baa_102328>
...
040 (322899.023.000) 05/10 15:38:17 Finished transferring input files
...
001 (322899.023.000) 05/10 15:38:18 Job executing on host: <128.142.33.137:9618?addrs=128.142.33.137-9618+[2001-1458-301-117--100-23]-9618&noUDP&sock=12800_5056_3>
...
006 (322899.023.000) 05/10 15:38:27 Image size of job updated: 169540
	105  -  MemoryUsage of job (MB)
	106676  -  ResidentSetSize of job (KB)
...
006 (322899.023.000) 05/10 15:43:28 Image size of job updated: 574128
	480  -  MemoryUsage of job (MB)
	491500  -  ResidentSetSize of job (KB)
...
006 (322899.023.000) 05/10 15:44:18 Image size of job updated: 574144
	480  -  MemoryUsage of job (MB)
	491500  -  ResidentSetSize of job (KB)
...
040 (322899.023.000) 05/10 15:44:18 Started transferring output files
...
040 (322899.023.000) 05/10 15:44:18 Finished transferring output files
...
005 (322899.023.000) 05/10 15:44:18 Job terminated.
	(1) Normal termination (return value 1)
		Usr 0 00:05:02, Sys 0 00:00:35  -  Run Remote Usage
		Usr 0 00:00:00, Sys 0 00:00:00  -  Run Local Usage
		Usr 0 00:05:02, Sys 0 00:00:35  -  Total Remote Usage
		Usr 0 00:00:00, Sys 0 00:00:00  -  Total Local Usage
	9477  -  Run Bytes Sent By Job
	10941  -  Run Bytes Received By Job
	9477  -  Total Bytes Sent By Job
	10941  -  Total Bytes Received By Job
	Partitionable Resources :    Usage  Request Allocated 
	   Cpus                 :                 1           
	   Disk (KB)            :       72        1   2154711 
	   Memory (MB)          :      480     2000      2000 
...
