000 (322893.043.000) 05/10 15:24:53 Job submitted from host: <188.184.95.166:9618?addrs=188.184.95.166-9618+[2001-1458-201-e4--100-7a0]-9618&alias=tbird02.cern.ch&noUDP&sock=schedd_2138722_faad_3>
...
040 (322893.043.000) 05/10 15:34:20 Started transferring input files
	Transferring to host: <188.184.133.221:9618?addrs=188.184.133.221-9618+[2001-1458-301-a0--100-2a1]-9618&noUDP&sock=13129_516f_102046>
...
040 (322893.043.000) 05/10 15:34:20 Finished transferring input files
...
001 (322893.043.000) 05/10 15:34:21 Job executing on host: <188.184.133.221:9618?addrs=188.184.133.221-9618+[2001-1458-301-a0--100-2a1]-9618&noUDP&sock=12920_9fb3_3>
...
006 (322893.043.000) 05/10 15:34:29 Image size of job updated: 115732
	58  -  MemoryUsage of job (MB)
	59312  -  ResidentSetSize of job (KB)
...
006 (322893.043.000) 05/10 15:39:29 Image size of job updated: 493296
	481  -  MemoryUsage of job (MB)
	492008  -  ResidentSetSize of job (KB)
...
040 (322893.043.000) 05/10 15:41:12 Started transferring output files
...
040 (322893.043.000) 05/10 15:41:12 Finished transferring output files
...
005 (322893.043.000) 05/10 15:41:12 Job terminated.
	(1) Normal termination (return value 1)
		Usr 0 00:05:39, Sys 0 00:00:34  -  Run Remote Usage
		Usr 0 00:00:00, Sys 0 00:00:00  -  Run Local Usage
		Usr 0 00:05:39, Sys 0 00:00:34  -  Total Remote Usage
		Usr 0 00:00:00, Sys 0 00:00:00  -  Total Local Usage
	9479  -  Run Bytes Sent By Job
	10941  -  Run Bytes Received By Job
	9479  -  Total Bytes Sent By Job
	10941  -  Total Bytes Received By Job
	Partitionable Resources :    Usage  Request Allocated 
	   Cpus                 :                 1           
	   Disk (KB)            :       72        1   2191331 
	   Memory (MB)          :      481     2000      2000 
...
