000 (322888.038.000) 05/10 15:24:49 Job submitted from host: <188.184.95.166:9618?addrs=188.184.95.166-9618+[2001-1458-201-e4--100-7a0]-9618&alias=tbird02.cern.ch&noUDP&sock=schedd_2138722_faad_3>
...
040 (322888.038.000) 05/10 15:31:08 Started transferring input files
	Transferring to host: <188.184.132.22:9618?addrs=188.184.132.22-9618+[2001-1458-301-a0--100-18]-9618&noUDP&sock=3907_95b8_126196>
...
040 (322888.038.000) 05/10 15:31:08 Finished transferring input files
...
001 (322888.038.000) 05/10 15:31:09 Job executing on host: <188.184.132.22:9618?addrs=188.184.132.22-9618+[2001-1458-301-a0--100-18]-9618&noUDP&sock=2334_8222_3>
...
006 (322888.038.000) 05/10 15:31:18 Image size of job updated: 332312
	244  -  MemoryUsage of job (MB)
	249508  -  ResidentSetSize of job (KB)
...
006 (322888.038.000) 05/10 15:36:19 Image size of job updated: 491524
	479  -  MemoryUsage of job (MB)
	490216  -  ResidentSetSize of job (KB)
...
040 (322888.038.000) 05/10 15:36:59 Started transferring output files
...
040 (322888.038.000) 05/10 15:36:59 Finished transferring output files
...
005 (322888.038.000) 05/10 15:36:59 Job terminated.
	(1) Normal termination (return value 1)
		Usr 0 00:05:13, Sys 0 00:00:34  -  Run Remote Usage
		Usr 0 00:00:00, Sys 0 00:00:00  -  Run Local Usage
		Usr 0 00:05:13, Sys 0 00:00:34  -  Total Remote Usage
		Usr 0 00:00:00, Sys 0 00:00:00  -  Total Local Usage
	9477  -  Run Bytes Sent By Job
	10941  -  Run Bytes Received By Job
	9477  -  Total Bytes Sent By Job
	10941  -  Total Bytes Received By Job
	Partitionable Resources :    Usage  Request Allocated 
	   Cpus                 :                 1           
	   Disk (KB)            :       72        1   2167243 
	   Memory (MB)          :      479     2000      2000 
...
