000 (322898.005.000) 05/10 15:24:58 Job submitted from host: <188.184.95.166:9618?addrs=188.184.95.166-9618+[2001-1458-201-e4--100-7a0]-9618&alias=tbird02.cern.ch&noUDP&sock=schedd_2138722_faad_3>
...
040 (322898.005.000) 05/10 15:37:47 Started transferring input files
	Transferring to host: <188.184.132.49:9618?addrs=188.184.132.49-9618+[2001-1458-301-a0--100-2b]-9618&noUDP&sock=29897_e419_15913>
...
040 (322898.005.000) 05/10 15:37:47 Finished transferring input files
...
001 (322898.005.000) 05/10 15:37:48 Job executing on host: <188.184.132.49:9618?addrs=188.184.132.49-9618+[2001-1458-301-a0--100-2b]-9618&noUDP&sock=2448_b3ee_10>
...
006 (322898.005.000) 05/10 15:37:57 Image size of job updated: 59564
	58  -  MemoryUsage of job (MB)
	59292  -  ResidentSetSize of job (KB)
...
006 (322898.005.000) 05/10 15:42:58 Image size of job updated: 407180
	395  -  MemoryUsage of job (MB)
	403796  -  ResidentSetSize of job (KB)
...
006 (322898.005.000) 05/10 15:47:58 Image size of job updated: 495960
	482  -  MemoryUsage of job (MB)
	492576  -  ResidentSetSize of job (KB)
...
040 (322898.005.000) 05/10 15:49:06 Started transferring output files
...
040 (322898.005.000) 05/10 15:49:06 Finished transferring output files
...
005 (322898.005.000) 05/10 15:49:06 Job terminated.
	(1) Normal termination (return value 1)
		Usr 0 00:09:35, Sys 0 00:00:51  -  Run Remote Usage
		Usr 0 00:00:00, Sys 0 00:00:00  -  Run Local Usage
		Usr 0 00:09:35, Sys 0 00:00:51  -  Total Remote Usage
		Usr 0 00:00:00, Sys 0 00:00:00  -  Total Local Usage
	9473  -  Run Bytes Sent By Job
	10941  -  Run Bytes Received By Job
	9473  -  Total Bytes Sent By Job
	10941  -  Total Bytes Received By Job
	Partitionable Resources :    Usage  Request Allocated 
	   Cpus                 :     0.98        1         1 
	   Disk (KB)            :    80           1    214859 
	   Memory (MB)          :   482        2000      2000 
...
