000 (322888.047.000) 05/10 15:24:49 Job submitted from host: <188.184.95.166:9618?addrs=188.184.95.166-9618+[2001-1458-201-e4--100-7a0]-9618&alias=tbird02.cern.ch&noUDP&sock=schedd_2138722_faad_3>
...
040 (322888.047.000) 05/10 15:31:27 Started transferring input files
	Transferring to host: <128.142.33.171:9618?addrs=128.142.33.171-9618+[2001-1458-301-117--100-113]-9618&noUDP&sock=12908_9a86_103023>
...
040 (322888.047.000) 05/10 15:31:27 Finished transferring input files
...
001 (322888.047.000) 05/10 15:31:28 Job executing on host: <128.142.33.171:9618?addrs=128.142.33.171-9618+[2001-1458-301-117--100-113]-9618&noUDP&sock=12740_28a7_3>
...
006 (322888.047.000) 05/10 15:31:37 Image size of job updated: 333428
	243  -  MemoryUsage of job (MB)
	248104  -  ResidentSetSize of job (KB)
...
006 (322888.047.000) 05/10 15:36:38 Image size of job updated: 490272
	479  -  MemoryUsage of job (MB)
	489656  -  ResidentSetSize of job (KB)
...
040 (322888.047.000) 05/10 15:37:13 Started transferring output files
...
040 (322888.047.000) 05/10 15:37:13 Finished transferring output files
...
005 (322888.047.000) 05/10 15:37:13 Job terminated.
	(1) Normal termination (return value 1)
		Usr 0 00:05:06, Sys 0 00:00:37  -  Run Remote Usage
		Usr 0 00:00:00, Sys 0 00:00:00  -  Run Local Usage
		Usr 0 00:05:06, Sys 0 00:00:37  -  Total Remote Usage
		Usr 0 00:00:00, Sys 0 00:00:00  -  Total Local Usage
	9479  -  Run Bytes Sent By Job
	10941  -  Run Bytes Received By Job
	9479  -  Total Bytes Sent By Job
	10941  -  Total Bytes Received By Job
	Partitionable Resources :    Usage  Request Allocated 
	   Cpus                 :                 1           
	   Disk (KB)            :       72        1   2178477 
	   Memory (MB)          :      479     2000      2000 
...
