000 (322888.059.000) 05/10 15:24:49 Job submitted from host: <188.184.95.166:9618?addrs=188.184.95.166-9618+[2001-1458-201-e4--100-7a0]-9618&alias=tbird02.cern.ch&noUDP&sock=schedd_2138722_faad_3>
...
040 (322888.059.000) 05/10 15:31:15 Started transferring input files
	Transferring to host: <188.184.133.229:9618?addrs=188.184.133.229-9618+[2001-1458-301-a0--100-382]-9618&noUDP&sock=13010_78ca_101746>
...
040 (322888.059.000) 05/10 15:31:15 Finished transferring input files
...
001 (322888.059.000) 05/10 15:31:16 Job executing on host: <188.184.133.229:9618?addrs=188.184.133.229-9618+[2001-1458-301-a0--100-382]-9618&noUDP&sock=12791_23fc_3>
...
006 (322888.059.000) 05/10 15:31:26 Image size of job updated: 332336
	244  -  MemoryUsage of job (MB)
	249332  -  ResidentSetSize of job (KB)
...
006 (322888.059.000) 05/10 15:36:26 Image size of job updated: 492792
	480  -  MemoryUsage of job (MB)
	490500  -  ResidentSetSize of job (KB)
...
040 (322888.059.000) 05/10 15:37:13 Started transferring output files
...
040 (322888.059.000) 05/10 15:37:13 Finished transferring output files
...
005 (322888.059.000) 05/10 15:37:13 Job terminated.
	(1) Normal termination (return value 1)
		Usr 0 00:05:18, Sys 0 00:00:34  -  Run Remote Usage
		Usr 0 00:00:00, Sys 0 00:00:00  -  Run Local Usage
		Usr 0 00:05:18, Sys 0 00:00:34  -  Total Remote Usage
		Usr 0 00:00:00, Sys 0 00:00:00  -  Total Local Usage
	9479  -  Run Bytes Sent By Job
	10941  -  Run Bytes Received By Job
	9479  -  Total Bytes Sent By Job
	10941  -  Total Bytes Received By Job
	Partitionable Resources :    Usage  Request Allocated 
	   Cpus                 :                 1           
	   Disk (KB)            :       72        1   2194840 
	   Memory (MB)          :      480     2000      2000 
...
