   SingleMuon_Run2016B_part3   DATA  64 chunks


I have 1 taks to process
I'm using the following list of modules DEFAULT_MODULES
this is jobs [('SingleMuon_Run2016B_part3', 'MY_EOS_SPACE/heppyNtuples/TREES_SingleMuon2016BCDEF_94X/SingleMuon_Run2016B_part3/treeProducerWMass/tree.root', 30953763.0, '_Friend_SingleMuon_Run2016B_part3.chunk45', True, xrange(11250000, 11500000), 45)]
Modules to run:  []   name =  puWeight
Loading puWeight from CMGTools.WMass.postprocessing.examples.puWeightProducer 
Running on dataset =  SingleMuon_Run2016B_part3
TFile: name=/afs/cern.ch/work/m/mciprian/w_mass_analysis/heppy/rel_slc7/CMSSW_9_4_12/src/CMGTools/WMass/python/postprocessing/data/pileup/pileup_profile_Summer16.root, title=, option=READ
TFile: name=/afs/cern.ch/work/m/mciprian/w_mass_analysis/heppy/rel_slc7/CMSSW_9_4_12/src/CMGTools/WMass/python/postprocessing/data/pileup/PileupData_GoldenJSON_Full2016.root, title=, option=READ
Load C++ Worker
Modules to run:  []   name =  puWeight2016BF
Loading puWeight2016BF from CMGTools.WMass.postprocessing.examples.puWeightProducer 
Running on dataset =  SingleMuon_Run2016B_part3
TFile: name=/afs/cern.ch/work/m/mciprian/w_mass_analysis/heppy/rel_slc7/CMSSW_9_4_12/src/CMGTools/WMass/python/postprocessing/data/pileup/pileup_profile_Summer16.root, title=, option=READ
TFile: name=/afs/cern.ch/work/m/mciprian/w_mass_analysis/heppy/rel_slc7/CMSSW_9_4_12/src/CMGTools/WMass/python/postprocessing/data/pileup/PileupData_GoldenJSON_2016BF.root, title=, option=READ
Modules to run:  []   name =  lepQCDAwayJetAll
Loading lepQCDAwayJetAll from CMGTools.WMass.postprocessing.examples.lepVarProducer 
Running on dataset =  SingleMuon_Run2016B_part3
Modules to run:  []   name =  muCalibratedWithStatVar
Loading muCalibratedWithStatVar from CMGTools.WMass.postprocessing.examples.lepVarProducer 
Running on dataset =  SingleMuon_Run2016B_part3
did not find EnergyScaleCorrection shared object, rebuilding
trying to load all the rochester correction libraries
did not find legacy data roccor. rebuilding...
done building legacy data roccor.
Modules to run:  []   name =  jetAllReCleaner
Loading jetAllReCleaner from CMGTools.WMass.postprocessing.examples.jetReCleaner 
Running on dataset =  SingleMuon_Run2016B_part3
Load C++ Worker
Modules to run:  []   name =  jetReCleaner
Loading jetReCleaner from CMGTools.WMass.postprocessing.examples.jetReCleaner 
Running on dataset =  SingleMuon_Run2016B_part3
Load C++ Worker
Modules to run:  []   name =  genQEDJets
Loading genQEDJets from CMGTools.WMass.postprocessing.examples.genFriendProducer 
Running on dataset =  SingleMuon_Run2016B_part3
Will write selected trees to MY_EOS_SPACE/heppyNtuples/TREES_SingleMuon2016BCDEF_94X/friends/
Normalization of pu_mc: 0.999973
Normalization of pileup: 3.65129e+10
Weights for variable pu_mc with a number of bins equal to 76:
1 1 1 1 1 1 1 1 1 1 1.616 1.923 1.917 1.762 1.611 1.554 1.506 1.414 1.317 1.241 1.169 1.109 1.071 1.04 1.019 1.001 0.9873 0.9825 0.9828 0.9811 0.9811 0.9792 0.9531 0.9274 0.8773 0.8171 0.7432 0.6594 0.5661 0.4725 0.3811 0.2987 0.2215 0.1581 0 0 0 0 0 0 0 0 0 0 0 1 1 1 1 1 1 1 1 1 1 1 1 1 1 1 1 1 1 1 1 1 .
Final weights: 
1 1 1 1 1 1 1 1 1 1 1.616 1.923 1.917 1.762 1.611 1.554 1.506 1.414 1.317 1.241 1.169 1.109 1.071 1.04 1.019 1.001 0.9873 0.9825 0.9828 0.9811 0.9811 0.9792 0.9531 0.9274 0.8773 0.8171 0.7432 0.6594 0.5661 0.4725 0.3811 0.2987 0.2215 0.1581 0 0 0 0 0 0 0 0 0 0 0 1 1 1 1 1 1 1 1 1 1 1 1 1 1 1 1 1 1 1 1 1 .
Normalization of pu_mc: 1
Normalization of pileup: 2.014e+10
Weights for variable pu_mc with a number of bins equal to 76:
1 1 1 1 1 1 1 1 1 1 2.784 3.074 2.661 2.24 1.976 1.881 1.801 1.669 1.544 1.453 1.364 1.27 1.186 1.113 1.061 1.016 0.9702 0.9245 0.8754 0.8192 0.7629 0.7065 0.6366 0.5722 0.4984 0.4252 0.3515 0.2804 0.2137 0.1564 0.1092 0 0 0 0 0 0 0 0 0 0 0 0 0 0 1 1 1 1 1 1 1 1 1 1 1 1 1 1 1 1 1 1 1 1 1 .
For maximum weight 3.074: integral relative change: 0
Final weights: 
1 1 1 1 1 1 1 1 1 1 2.784 3.074 2.661 2.24 1.976 1.881 1.801 1.669 1.544 1.453 1.364 1.27 1.186 1.113 1.061 1.016 0.9702 0.9245 0.8754 0.8192 0.7629 0.7065 0.6366 0.5722 0.4984 0.4252 0.3515 0.2804 0.2137 0.1564 0.1092 0 0 0 0 0 0 0 0 0 0 0 0 0 0 1 1 1 1 1 1 1 1 1 1 1 1 1 1 1 1 1 1 1 1 1 .
begin job of lepCalProducer
initializing all the rochester correction objects
initializing the egamma calibrator
Processed 11250000/15930545 entries (elapsed time     0.3s, curr speed   32.258 kHz, avg speed 36290.323 kHz), accepted        1/       1 events (100.00%)
Processed 11260000/15930545 entries (elapsed time    15.9s, curr speed    0.641 kHz, avg speed  708.176 kHz), accepted    10001/   10001 events (100.00%)
Processed 11270000/15930545 entries (elapsed time    32.2s, curr speed    0.612 kHz, avg speed  349.566 kHz), accepted    20001/   20001 events (100.00%)
Processed 11280000/15930545 entries (elapsed time    49.0s, curr speed    0.596 kHz, avg speed  230.110 kHz), accepted    30001/   30001 events (100.00%)
Processed 11290000/15930545 entries (elapsed time    65.7s, curr speed    0.598 kHz, avg speed  171.763 kHz), accepted    40001/   40001 events (100.00%)
Processed 11300000/15930545 entries (elapsed time    82.9s, curr speed    0.582 kHz, avg speed  136.292 kHz), accepted    50001/   50001 events (100.00%)
Processed 11310000/15930545 entries (elapsed time   101.3s, curr speed    0.542 kHz, avg speed  111.593 kHz), accepted    60001/   60001 events (100.00%)
Processed 11320000/15930545 entries (elapsed time   118.2s, curr speed    0.594 kHz, avg speed   95.778 kHz), accepted    70001/   70001 events (100.00%)
Processed 11330000/15930545 entries (elapsed time   134.3s, curr speed    0.622 kHz, avg speed   84.382 kHz), accepted    80001/   80001 events (100.00%)
Processed 11340000/15930545 entries (elapsed time   149.8s, curr speed    0.644 kHz, avg speed   75.701 kHz), accepted    90001/   90001 events (100.00%)
Processed 11350000/15930545 entries (elapsed time   165.4s, curr speed    0.639 kHz, avg speed   68.605 kHz), accepted   100001/  100001 events (100.00%)
Processed 11360000/15930545 entries (elapsed time   181.3s, curr speed    0.632 kHz, avg speed   62.669 kHz), accepted   110001/  110001 events (100.00%)
Processed 11370000/15930545 entries (elapsed time   198.0s, curr speed    0.598 kHz, avg speed   57.424 kHz), accepted   120001/  120001 events (100.00%)
Processed 11380000/15930545 entries (elapsed time   236.4s, curr speed    0.260 kHz, avg speed   48.129 kHz), accepted   130001/  130001 events (100.00%)
Processed 11390000/15930545 entries (elapsed time   251.7s, curr speed    0.657 kHz, avg speed   45.259 kHz), accepted   140001/  140001 events (100.00%)
Processed 11400000/15930545 entries (elapsed time   268.5s, curr speed    0.593 kHz, avg speed   42.455 kHz), accepted   150001/  150001 events (100.00%)
Processed 11410000/15930545 entries (elapsed time   285.8s, curr speed    0.579 kHz, avg speed   39.924 kHz), accepted   160001/  160001 events (100.00%)
Processed 11420000/15930545 entries (elapsed time   303.3s, curr speed    0.572 kHz, avg speed   37.657 kHz), accepted   170001/  170001 events (100.00%)
Processed 11430000/15930545 entries (elapsed time   320.8s, curr speed    0.570 kHz, avg speed   35.631 kHz), accepted   180001/  180001 events (100.00%)
Processed 11440000/15930545 entries (elapsed time   337.9s, curr speed    0.583 kHz, avg speed   33.852 kHz), accepted   190001/  190001 events (100.00%)
Processed 11450000/15930545 entries (elapsed time   378.2s, curr speed    0.248 kHz, avg speed   30.276 kHz), accepted   200001/  200001 events (100.00%)
Processed 11460000/15930545 entries (elapsed time   395.0s, curr speed    0.595 kHz, avg speed   29.012 kHz), accepted   210001/  210001 events (100.00%)
Processed 11470000/15930545 entries (elapsed time   412.8s, curr speed    0.562 kHz, avg speed   27.786 kHz), accepted   220001/  220001 events (100.00%)
Processed 11480000/15930545 entries (elapsed time   430.7s, curr speed    0.560 kHz, avg speed   26.656 kHz), accepted   230001/  230001 events (100.00%)
Processed 11490000/15930545 entries (elapsed time   447.1s, curr speed    0.610 kHz, avg speed   25.701 kHz), accepted   240001/  240001 events (100.00%)
Processed 250000 entries from MY_EOS_SPACE/heppyNtuples/TREES_SingleMuon2016BCDEF_94X/SingleMuon_Run2016B_part3/treeProducerWMass/tree.root, selected 250000 entries
Done MY_EOS_SPACE/heppyNtuples/TREES_SingleMuon2016BCDEF_94X/friends/tree_Friend_SingleMuon_Run2016B_part3.chunk45.root
