   SingleMuon_Run2016B_part5   DATA  56 chunks


I have 1 taks to process
I'm using the following list of modules DEFAULT_MODULES
this is jobs [('SingleMuon_Run2016B_part5', 'MY_EOS_SPACE/heppyNtuples/TREES_SingleMuon2016BCDEF_94X/SingleMuon_Run2016B_part5/treeProducerWMass/tree.root', 26671550.0, '_Friend_SingleMuon_Run2016B_part5.chunk11', True, xrange(2750000, 3000000), 11)]
Modules to run:  []   name =  puWeight
Loading puWeight from CMGTools.WMass.postprocessing.examples.puWeightProducer 
Running on dataset =  SingleMuon_Run2016B_part5
TFile: name=/afs/cern.ch/work/m/mciprian/w_mass_analysis/heppy/rel_slc7/CMSSW_9_4_12/src/CMGTools/WMass/python/postprocessing/data/pileup/pileup_profile_Summer16.root, title=, option=READ
TFile: name=/afs/cern.ch/work/m/mciprian/w_mass_analysis/heppy/rel_slc7/CMSSW_9_4_12/src/CMGTools/WMass/python/postprocessing/data/pileup/PileupData_GoldenJSON_Full2016.root, title=, option=READ
Load C++ Worker
Modules to run:  []   name =  puWeight2016BF
Loading puWeight2016BF from CMGTools.WMass.postprocessing.examples.puWeightProducer 
Running on dataset =  SingleMuon_Run2016B_part5
TFile: name=/afs/cern.ch/work/m/mciprian/w_mass_analysis/heppy/rel_slc7/CMSSW_9_4_12/src/CMGTools/WMass/python/postprocessing/data/pileup/pileup_profile_Summer16.root, title=, option=READ
TFile: name=/afs/cern.ch/work/m/mciprian/w_mass_analysis/heppy/rel_slc7/CMSSW_9_4_12/src/CMGTools/WMass/python/postprocessing/data/pileup/PileupData_GoldenJSON_2016BF.root, title=, option=READ
Modules to run:  []   name =  lepQCDAwayJetAll
Loading lepQCDAwayJetAll from CMGTools.WMass.postprocessing.examples.lepVarProducer 
Running on dataset =  SingleMuon_Run2016B_part5
Modules to run:  []   name =  muCalibratedWithStatVar
Loading muCalibratedWithStatVar from CMGTools.WMass.postprocessing.examples.lepVarProducer 
Running on dataset =  SingleMuon_Run2016B_part5
did not find EnergyScaleCorrection shared object, rebuilding
trying to load all the rochester correction libraries
did not find legacy data roccor. rebuilding...
done building legacy data roccor.
Modules to run:  []   name =  jetAllReCleaner
Loading jetAllReCleaner from CMGTools.WMass.postprocessing.examples.jetReCleaner 
Running on dataset =  SingleMuon_Run2016B_part5
Load C++ Worker
Modules to run:  []   name =  jetReCleaner
Loading jetReCleaner from CMGTools.WMass.postprocessing.examples.jetReCleaner 
Running on dataset =  SingleMuon_Run2016B_part5
Load C++ Worker
Modules to run:  []   name =  genQEDJets
Loading genQEDJets from CMGTools.WMass.postprocessing.examples.genFriendProducer 
Running on dataset =  SingleMuon_Run2016B_part5
Will write selected trees to MY_EOS_SPACE/heppyNtuples/TREES_SingleMuon2016BCDEF_94X/friends/
Normalization of pu_mc: 0.999973
Normalization of pileup: 3.65129e+10
Weights for variable pu_mc with a number of bins equal to 76:
1 1 1 1 1 1 1 1 1 1 1.616 1.923 1.917 1.762 1.611 1.554 1.506 1.414 1.317 1.241 1.169 1.109 1.071 1.04 1.019 1.001 0.9873 0.9825 0.9828 0.9811 0.9811 0.9792 0.9531 0.9274 0.8773 0.8171 0.7432 0.6594 0.5661 0.4725 0.3811 0.2987 0.2215 0.1581 0 0 0 0 0 0 0 0 0 0 0 1 1 1 1 1 1 1 1 1 1 1 1 1 1 1 1 1 1 1 1 1 .
Final weights: 
1 1 1 1 1 1 1 1 1 1 1.616 1.923 1.917 1.762 1.611 1.554 1.506 1.414 1.317 1.241 1.169 1.109 1.071 1.04 1.019 1.001 0.9873 0.9825 0.9828 0.9811 0.9811 0.9792 0.9531 0.9274 0.8773 0.8171 0.7432 0.6594 0.5661 0.4725 0.3811 0.2987 0.2215 0.1581 0 0 0 0 0 0 0 0 0 0 0 1 1 1 1 1 1 1 1 1 1 1 1 1 1 1 1 1 1 1 1 1 .
Normalization of pu_mc: 1
Normalization of pileup: 2.014e+10
Weights for variable pu_mc with a number of bins equal to 76:
1 1 1 1 1 1 1 1 1 1 2.784 3.074 2.661 2.24 1.976 1.881 1.801 1.669 1.544 1.453 1.364 1.27 1.186 1.113 1.061 1.016 0.9702 0.9245 0.8754 0.8192 0.7629 0.7065 0.6366 0.5722 0.4984 0.4252 0.3515 0.2804 0.2137 0.1564 0.1092 0 0 0 0 0 0 0 0 0 0 0 0 0 0 1 1 1 1 1 1 1 1 1 1 1 1 1 1 1 1 1 1 1 1 1 .
For maximum weight 3.074: integral relative change: 0
Final weights: 
1 1 1 1 1 1 1 1 1 1 2.784 3.074 2.661 2.24 1.976 1.881 1.801 1.669 1.544 1.453 1.364 1.27 1.186 1.113 1.061 1.016 0.9702 0.9245 0.8754 0.8192 0.7629 0.7065 0.6366 0.5722 0.4984 0.4252 0.3515 0.2804 0.2137 0.1564 0.1092 0 0 0 0 0 0 0 0 0 0 0 0 0 0 1 1 1 1 1 1 1 1 1 1 1 1 1 1 1 1 1 1 1 1 1 .
begin job of lepCalProducer
initializing all the rochester correction objects
initializing the egamma calibrator
Processed  2750000/13778779 entries (elapsed time     0.4s, curr speed   24.390 kHz, avg speed 6707.317 kHz), accepted        1/       1 events (100.00%)
Processed  2760000/13778779 entries (elapsed time    24.4s, curr speed    0.417 kHz, avg speed  113.161 kHz), accepted    10001/   10001 events (100.00%)
Processed  2770000/13778779 entries (elapsed time    49.4s, curr speed    0.400 kHz, avg speed   56.118 kHz), accepted    20001/   20001 events (100.00%)
Processed  2780000/13778779 entries (elapsed time    73.1s, curr speed    0.421 kHz, avg speed   38.014 kHz), accepted    30001/   30001 events (100.00%)
Processed  2790000/13778779 entries (elapsed time    98.4s, curr speed    0.396 kHz, avg speed   28.354 kHz), accepted    40001/   40001 events (100.00%)
Processed  2800000/13778779 entries (elapsed time   122.9s, curr speed    0.409 kHz, avg speed   22.788 kHz), accepted    50001/   50001 events (100.00%)
Processed  2810000/13778779 entries (elapsed time   147.8s, curr speed    0.400 kHz, avg speed   19.006 kHz), accepted    60001/   60001 events (100.00%)
Processed  2820000/13778779 entries (elapsed time   170.5s, curr speed    0.442 kHz, avg speed   16.542 kHz), accepted    70001/   70001 events (100.00%)
Processed  2830000/13778779 entries (elapsed time   191.6s, curr speed    0.474 kHz, avg speed   14.773 kHz), accepted    80001/   80001 events (100.00%)
Processed  2840000/13778779 entries (elapsed time   212.6s, curr speed    0.476 kHz, avg speed   13.360 kHz), accepted    90001/   90001 events (100.00%)
Processed  2850000/13778779 entries (elapsed time   233.5s, curr speed    0.478 kHz, avg speed   12.206 kHz), accepted   100001/  100001 events (100.00%)
Processed  2860000/13778779 entries (elapsed time   254.5s, curr speed    0.476 kHz, avg speed   11.238 kHz), accepted   110001/  110001 events (100.00%)
Processed  2870000/13778779 entries (elapsed time   274.4s, curr speed    0.501 kHz, avg speed   10.457 kHz), accepted   120001/  120001 events (100.00%)
Processed  2880000/13778779 entries (elapsed time   322.8s, curr speed    0.207 kHz, avg speed    8.923 kHz), accepted   130001/  130001 events (100.00%)
Processed  2890000/13778779 entries (elapsed time   344.1s, curr speed    0.470 kHz, avg speed    8.400 kHz), accepted   140001/  140001 events (100.00%)
Processed  2900000/13778779 entries (elapsed time   365.3s, curr speed    0.471 kHz, avg speed    7.939 kHz), accepted   150001/  150001 events (100.00%)
Processed  2910000/13778779 entries (elapsed time   386.2s, curr speed    0.478 kHz, avg speed    7.534 kHz), accepted   160001/  160001 events (100.00%)
Processed  2920000/13778779 entries (elapsed time   406.0s, curr speed    0.506 kHz, avg speed    7.192 kHz), accepted   170001/  170001 events (100.00%)
Processed  2930000/13778779 entries (elapsed time   426.5s, curr speed    0.487 kHz, avg speed    6.869 kHz), accepted   180001/  180001 events (100.00%)
Processed  2940000/13778779 entries (elapsed time   447.5s, curr speed    0.476 kHz, avg speed    6.570 kHz), accepted   190001/  190001 events (100.00%)
Processed  2950000/13778779 entries (elapsed time   497.0s, curr speed    0.202 kHz, avg speed    5.935 kHz), accepted   200001/  200001 events (100.00%)
Processed  2960000/13778779 entries (elapsed time   519.3s, curr speed    0.448 kHz, avg speed    5.700 kHz), accepted   210001/  210001 events (100.00%)
Processed  2970000/13778779 entries (elapsed time   540.3s, curr speed    0.478 kHz, avg speed    5.497 kHz), accepted   220001/  220001 events (100.00%)
Processed  2980000/13778779 entries (elapsed time   561.9s, curr speed    0.462 kHz, avg speed    5.304 kHz), accepted   230001/  230001 events (100.00%)
Processed  2990000/13778779 entries (elapsed time   583.1s, curr speed    0.472 kHz, avg speed    5.128 kHz), accepted   240001/  240001 events (100.00%)
Processed 250000 entries from MY_EOS_SPACE/heppyNtuples/TREES_SingleMuon2016BCDEF_94X/SingleMuon_Run2016B_part5/treeProducerWMass/tree.root, selected 250000 entries
Done MY_EOS_SPACE/heppyNtuples/TREES_SingleMuon2016BCDEF_94X/friends/tree_Friend_SingleMuon_Run2016B_part5.chunk11.root
