   SingleMuon_Run2016B_part2   DATA  64 chunks


I have 1 taks to process
I'm using the following list of modules DEFAULT_MODULES
this is jobs [('SingleMuon_Run2016B_part2', 'MY_EOS_SPACE/heppyNtuples/TREES_SingleMuon2016BCDEF_94X/SingleMuon_Run2016B_part2/treeProducerWMass/tree.root', 30940940.0, '_Friend_SingleMuon_Run2016B_part2.chunk41', True, xrange(10250000, 10500000), 41)]
Modules to run:  []   name =  puWeight
Loading puWeight from CMGTools.WMass.postprocessing.examples.puWeightProducer 
Running on dataset =  SingleMuon_Run2016B_part2
TFile: name=/afs/cern.ch/work/m/mciprian/w_mass_analysis/heppy/rel_slc7/CMSSW_9_4_12/src/CMGTools/WMass/python/postprocessing/data/pileup/pileup_profile_Summer16.root, title=, option=READ
TFile: name=/afs/cern.ch/work/m/mciprian/w_mass_analysis/heppy/rel_slc7/CMSSW_9_4_12/src/CMGTools/WMass/python/postprocessing/data/pileup/PileupData_GoldenJSON_Full2016.root, title=, option=READ
Load C++ Worker
Modules to run:  []   name =  puWeight2016BF
Loading puWeight2016BF from CMGTools.WMass.postprocessing.examples.puWeightProducer 
Running on dataset =  SingleMuon_Run2016B_part2
TFile: name=/afs/cern.ch/work/m/mciprian/w_mass_analysis/heppy/rel_slc7/CMSSW_9_4_12/src/CMGTools/WMass/python/postprocessing/data/pileup/pileup_profile_Summer16.root, title=, option=READ
TFile: name=/afs/cern.ch/work/m/mciprian/w_mass_analysis/heppy/rel_slc7/CMSSW_9_4_12/src/CMGTools/WMass/python/postprocessing/data/pileup/PileupData_GoldenJSON_2016BF.root, title=, option=READ
Modules to run:  []   name =  lepQCDAwayJetAll
Loading lepQCDAwayJetAll from CMGTools.WMass.postprocessing.examples.lepVarProducer 
Running on dataset =  SingleMuon_Run2016B_part2
Modules to run:  []   name =  muCalibratedWithStatVar
Loading muCalibratedWithStatVar from CMGTools.WMass.postprocessing.examples.lepVarProducer 
Running on dataset =  SingleMuon_Run2016B_part2
did not find EnergyScaleCorrection shared object, rebuilding
trying to load all the rochester correction libraries
did not find legacy data roccor. rebuilding...
done building legacy data roccor.
Modules to run:  []   name =  jetAllReCleaner
Loading jetAllReCleaner from CMGTools.WMass.postprocessing.examples.jetReCleaner 
Running on dataset =  SingleMuon_Run2016B_part2
Load C++ Worker
Modules to run:  []   name =  jetReCleaner
Loading jetReCleaner from CMGTools.WMass.postprocessing.examples.jetReCleaner 
Running on dataset =  SingleMuon_Run2016B_part2
Load C++ Worker
Modules to run:  []   name =  genQEDJets
Loading genQEDJets from CMGTools.WMass.postprocessing.examples.genFriendProducer 
Running on dataset =  SingleMuon_Run2016B_part2
Will write selected trees to MY_EOS_SPACE/heppyNtuples/TREES_SingleMuon2016BCDEF_94X/friends/
Normalization of pu_mc: 0.999973
Normalization of pileup: 3.65129e+10
Weights for variable pu_mc with a number of bins equal to 76:
1 1 1 1 1 1 1 1 1 1 1.616 1.923 1.917 1.762 1.611 1.554 1.506 1.414 1.317 1.241 1.169 1.109 1.071 1.04 1.019 1.001 0.9873 0.9825 0.9828 0.9811 0.9811 0.9792 0.9531 0.9274 0.8773 0.8171 0.7432 0.6594 0.5661 0.4725 0.3811 0.2987 0.2215 0.1581 0 0 0 0 0 0 0 0 0 0 0 1 1 1 1 1 1 1 1 1 1 1 1 1 1 1 1 1 1 1 1 1 .
Final weights: 
1 1 1 1 1 1 1 1 1 1 1.616 1.923 1.917 1.762 1.611 1.554 1.506 1.414 1.317 1.241 1.169 1.109 1.071 1.04 1.019 1.001 0.9873 0.9825 0.9828 0.9811 0.9811 0.9792 0.9531 0.9274 0.8773 0.8171 0.7432 0.6594 0.5661 0.4725 0.3811 0.2987 0.2215 0.1581 0 0 0 0 0 0 0 0 0 0 0 1 1 1 1 1 1 1 1 1 1 1 1 1 1 1 1 1 1 1 1 1 .
Normalization of pu_mc: 1
Normalization of pileup: 2.014e+10
Weights for variable pu_mc with a number of bins equal to 76:
1 1 1 1 1 1 1 1 1 1 2.784 3.074 2.661 2.24 1.976 1.881 1.801 1.669 1.544 1.453 1.364 1.27 1.186 1.113 1.061 1.016 0.9702 0.9245 0.8754 0.8192 0.7629 0.7065 0.6366 0.5722 0.4984 0.4252 0.3515 0.2804 0.2137 0.1564 0.1092 0 0 0 0 0 0 0 0 0 0 0 0 0 0 1 1 1 1 1 1 1 1 1 1 1 1 1 1 1 1 1 1 1 1 1 .
For maximum weight 3.074: integral relative change: 0
Final weights: 
1 1 1 1 1 1 1 1 1 1 2.784 3.074 2.661 2.24 1.976 1.881 1.801 1.669 1.544 1.453 1.364 1.27 1.186 1.113 1.061 1.016 0.9702 0.9245 0.8754 0.8192 0.7629 0.7065 0.6366 0.5722 0.4984 0.4252 0.3515 0.2804 0.2137 0.1564 0.1092 0 0 0 0 0 0 0 0 0 0 0 0 0 0 1 1 1 1 1 1 1 1 1 1 1 1 1 1 1 1 1 1 1 1 1 .
begin job of lepCalProducer
initializing all the rochester correction objects
initializing the egamma calibrator
Processed 10250000/15872483 entries (elapsed time     0.2s, curr speed   41.667 kHz, avg speed 42708.333 kHz), accepted        1/       1 events (100.00%)
Processed 10260000/15872483 entries (elapsed time    22.6s, curr speed    0.447 kHz, avg speed  453.581 kHz), accepted    10001/   10001 events (100.00%)
Processed 10270000/15872483 entries (elapsed time    47.1s, curr speed    0.409 kHz, avg speed  218.139 kHz), accepted    20001/   20001 events (100.00%)
Processed 10280000/15872483 entries (elapsed time    71.8s, curr speed    0.405 kHz, avg speed  143.255 kHz), accepted    30001/   30001 events (100.00%)
Processed 10290000/15872483 entries (elapsed time    95.6s, curr speed    0.419 kHz, avg speed  107.602 kHz), accepted    40001/   40001 events (100.00%)
Processed 10300000/15872483 entries (elapsed time   120.3s, curr speed    0.406 kHz, avg speed   85.641 kHz), accepted    50001/   50001 events (100.00%)
Processed 10310000/15872483 entries (elapsed time   146.2s, curr speed    0.385 kHz, avg speed   70.496 kHz), accepted    60001/   60001 events (100.00%)
Processed 10320000/15872483 entries (elapsed time   168.8s, curr speed    0.443 kHz, avg speed   61.137 kHz), accepted    70001/   70001 events (100.00%)
Processed 10330000/15872483 entries (elapsed time   190.7s, curr speed    0.457 kHz, avg speed   54.180 kHz), accepted    80001/   80001 events (100.00%)
Processed 10340000/15872483 entries (elapsed time   212.1s, curr speed    0.467 kHz, avg speed   48.760 kHz), accepted    90001/   90001 events (100.00%)
Processed 10350000/15872483 entries (elapsed time   233.4s, curr speed    0.468 kHz, avg speed   44.337 kHz), accepted   100001/  100001 events (100.00%)
Processed 10360000/15872483 entries (elapsed time   255.8s, curr speed    0.448 kHz, avg speed   40.507 kHz), accepted   110001/  110001 events (100.00%)
Processed 10370000/15872483 entries (elapsed time   276.9s, curr speed    0.472 kHz, avg speed   37.445 kHz), accepted   120001/  120001 events (100.00%)
Processed 10380000/15872483 entries (elapsed time   325.2s, curr speed    0.207 kHz, avg speed   31.924 kHz), accepted   130001/  130001 events (100.00%)
Processed 10390000/15872483 entries (elapsed time   346.2s, curr speed    0.474 kHz, avg speed   30.008 kHz), accepted   140001/  140001 events (100.00%)
Processed 10400000/15872483 entries (elapsed time   368.8s, curr speed    0.443 kHz, avg speed   28.199 kHz), accepted   150001/  150001 events (100.00%)
Processed 10410000/15872483 entries (elapsed time   390.5s, curr speed    0.461 kHz, avg speed   26.659 kHz), accepted   160001/  160001 events (100.00%)
Processed 10420000/15872483 entries (elapsed time   412.0s, curr speed    0.466 kHz, avg speed   25.294 kHz), accepted   170001/  170001 events (100.00%)
Processed 10430000/15872483 entries (elapsed time   433.2s, curr speed    0.471 kHz, avg speed   24.077 kHz), accepted   180001/  180001 events (100.00%)
Processed 10440000/15872483 entries (elapsed time   454.8s, curr speed    0.463 kHz, avg speed   22.955 kHz), accepted   190001/  190001 events (100.00%)
Processed 10450000/15872483 entries (elapsed time   502.5s, curr speed    0.210 kHz, avg speed   20.796 kHz), accepted   200001/  200001 events (100.00%)
Processed 10460000/15872483 entries (elapsed time   525.1s, curr speed    0.443 kHz, avg speed   19.922 kHz), accepted   210001/  210001 events (100.00%)
Processed 10470000/15872483 entries (elapsed time   546.6s, curr speed    0.463 kHz, avg speed   19.153 kHz), accepted   220001/  220001 events (100.00%)
Processed 10480000/15872483 entries (elapsed time   568.9s, curr speed    0.449 kHz, avg speed   18.421 kHz), accepted   230001/  230001 events (100.00%)
Processed 10490000/15872483 entries (elapsed time   590.9s, curr speed    0.455 kHz, avg speed   17.752 kHz), accepted   240001/  240001 events (100.00%)
Processed 250000 entries from MY_EOS_SPACE/heppyNtuples/TREES_SingleMuon2016BCDEF_94X/SingleMuon_Run2016B_part2/treeProducerWMass/tree.root, selected 250000 entries
Done MY_EOS_SPACE/heppyNtuples/TREES_SingleMuon2016BCDEF_94X/friends/tree_Friend_SingleMuon_Run2016B_part2.chunk41.root
