000 (322888.054.000) 05/10 15:24:49 Job submitted from host: <188.184.95.166:9618?addrs=188.184.95.166-9618+[2001-1458-201-e4--100-7a0]-9618&alias=tbird02.cern.ch&noUDP&sock=schedd_2138722_faad_3>
...
040 (322888.054.000) 05/10 15:31:14 Started transferring input files
	Transferring to host: <188.184.133.251:9618?addrs=188.184.133.251-9618+[2001-1458-301-a0--100-571]-9618&noUDP&sock=13620_45a3_102676>
...
040 (322888.054.000) 05/10 15:31:14 Finished transferring input files
...
001 (322888.054.000) 05/10 15:31:15 Job executing on host: <188.184.133.251:9618?addrs=188.184.133.251-9618+[2001-1458-301-a0--100-571]-9618&noUDP&sock=13403_ebf2_3>
...
006 (322888.054.000) 05/10 15:31:24 Image size of job updated: 330920
	243  -  MemoryUsage of job (MB)
	247824  -  ResidentSetSize of job (KB)
...
006 (322888.054.000) 05/10 15:36:25 Image size of job updated: 490240
	478  -  MemoryUsage of job (MB)
	489432  -  ResidentSetSize of job (KB)
...
040 (322888.054.000) 05/10 15:37:04 Started transferring output files
...
040 (322888.054.000) 05/10 15:37:04 Finished transferring output files
...
005 (322888.054.000) 05/10 15:37:04 Job terminated.
	(1) Normal termination (return value 1)
		Usr 0 00:05:13, Sys 0 00:00:31  -  Run Remote Usage
		Usr 0 00:00:00, Sys 0 00:00:00  -  Run Local Usage
		Usr 0 00:05:13, Sys 0 00:00:31  -  Total Remote Usage
		Usr 0 00:00:00, Sys 0 00:00:00  -  Total Local Usage
	9479  -  Run Bytes Sent By Job
	10941  -  Run Bytes Received By Job
	9479  -  Total Bytes Sent By Job
	10941  -  Total Bytes Received By Job
	Partitionable Resources :    Usage  Request Allocated 
	   Cpus                 :                 1           
	   Disk (KB)            :       72        1   2173283 
	   Memory (MB)          :      478     2000      2000 
...
