000 (322890.034.000) 05/10 15:24:50 Job submitted from host: <188.184.95.166:9618?addrs=188.184.95.166-9618+[2001-1458-201-e4--100-7a0]-9618&alias=tbird02.cern.ch&noUDP&sock=schedd_2138722_faad_3>
...
040 (322890.034.000) 05/10 15:32:09 Started transferring input files
	Transferring to host: <188.184.207.148:9618?addrs=188.184.207.148-9618+[2001-1458-301-7d--100-594]-9618&noUDP&sock=4203_24c4_126398>
...
040 (322890.034.000) 05/10 15:32:09 Finished transferring input files
...
001 (322890.034.000) 05/10 15:32:10 Job executing on host: <188.184.207.148:9618?addrs=188.184.207.148-9618+[2001-1458-301-7d--100-594]-9618&noUDP&sock=2320_e7cf_3>
...
006 (322890.034.000) 05/10 15:32:19 Image size of job updated: 335460
	247  -  MemoryUsage of job (MB)
	252380  -  ResidentSetSize of job (KB)
...
006 (322890.034.000) 05/10 15:37:20 Image size of job updated: 496116
	480  -  MemoryUsage of job (MB)
	490872  -  ResidentSetSize of job (KB)
...
040 (322890.034.000) 05/10 15:37:57 Started transferring output files
...
040 (322890.034.000) 05/10 15:37:57 Finished transferring output files
...
005 (322890.034.000) 05/10 15:37:57 Job terminated.
	(1) Normal termination (return value 1)
		Usr 0 00:05:09, Sys 0 00:00:33  -  Run Remote Usage
		Usr 0 00:00:00, Sys 0 00:00:00  -  Run Local Usage
		Usr 0 00:05:09, Sys 0 00:00:33  -  Total Remote Usage
		Usr 0 00:00:00, Sys 0 00:00:00  -  Total Local Usage
	9477  -  Run Bytes Sent By Job
	10941  -  Run Bytes Received By Job
	9477  -  Total Bytes Sent By Job
	10941  -  Total Bytes Received By Job
	Partitionable Resources :    Usage  Request Allocated 
	   Cpus                 :                 1           
	   Disk (KB)            :       72        1   2172827 
	   Memory (MB)          :      480     2000      2000 
...
