000 (322891.028.000) 05/10 15:24:51 Job submitted from host: <188.184.95.166:9618?addrs=188.184.95.166-9618+[2001-1458-201-e4--100-7a0]-9618&alias=tbird02.cern.ch&noUDP&sock=schedd_2138722_faad_3>
...
040 (322891.028.000) 05/10 15:32:40 Started transferring input files
	Transferring to host: <128.142.240.38:9618?addrs=128.142.240.38-9618+[2001-1458-301-f9--100-22]-9618&noUDP&sock=4049_a2fe_125903>
...
040 (322891.028.000) 05/10 15:32:40 Finished transferring input files
...
001 (322891.028.000) 05/10 15:32:41 Job executing on host: <128.142.240.38:9618?addrs=128.142.240.38-9618+[2001-1458-301-f9--100-22]-9618&noUDP&sock=2371_e323_3>
...
006 (322891.028.000) 05/10 15:32:49 Image size of job updated: 316088
	226  -  MemoryUsage of job (MB)
	230760  -  ResidentSetSize of job (KB)
...
006 (322891.028.000) 05/10 15:37:49 Image size of job updated: 494344
	481  -  MemoryUsage of job (MB)
	491944  -  ResidentSetSize of job (KB)
...
040 (322891.028.000) 05/10 15:38:40 Started transferring output files
...
040 (322891.028.000) 05/10 15:38:40 Finished transferring output files
...
005 (322891.028.000) 05/10 15:38:40 Job terminated.
	(1) Normal termination (return value 1)
		Usr 0 00:05:20, Sys 0 00:00:33  -  Run Remote Usage
		Usr 0 00:00:00, Sys 0 00:00:00  -  Run Local Usage
		Usr 0 00:05:20, Sys 0 00:00:33  -  Total Remote Usage
		Usr 0 00:00:00, Sys 0 00:00:00  -  Total Local Usage
	9477  -  Run Bytes Sent By Job
	10941  -  Run Bytes Received By Job
	9477  -  Total Bytes Sent By Job
	10941  -  Total Bytes Received By Job
	Partitionable Resources :    Usage  Request Allocated 
	   Cpus                 :                 1           
	   Disk (KB)            :       72        1   2175543 
	   Memory (MB)          :      481     2000      2000 
...
