000 (322891.017.000) 05/10 15:24:51 Job submitted from host: <188.184.95.166:9618?addrs=188.184.95.166-9618+[2001-1458-201-e4--100-7a0]-9618&alias=tbird02.cern.ch&noUDP&sock=schedd_2138722_faad_3>
...
040 (322891.017.000) 05/10 15:32:23 Started transferring input files
	Transferring to host: <188.184.132.20:9618?addrs=188.184.132.20-9618+[2001-1458-301-a0--100-1d]-9618&noUDP&sock=4152_35a2_126366>
...
040 (322891.017.000) 05/10 15:32:23 Finished transferring input files
...
001 (322891.017.000) 05/10 15:32:24 Job executing on host: <188.184.132.20:9618?addrs=188.184.132.20-9618+[2001-1458-301-a0--100-1d]-9618&noUDP&sock=2383_1e46_3>
...
006 (322891.017.000) 05/10 15:32:32 Image size of job updated: 322960
	233  -  MemoryUsage of job (MB)
	237792  -  ResidentSetSize of job (KB)
...
006 (322891.017.000) 05/10 15:37:32 Image size of job updated: 501144
	482  -  MemoryUsage of job (MB)
	493340  -  ResidentSetSize of job (KB)
...
040 (322891.017.000) 05/10 15:38:36 Started transferring output files
...
040 (322891.017.000) 05/10 15:38:36 Finished transferring output files
...
005 (322891.017.000) 05/10 15:38:36 Job terminated.
	(1) Normal termination (return value 1)
		Usr 0 00:05:31, Sys 0 00:00:36  -  Run Remote Usage
		Usr 0 00:00:00, Sys 0 00:00:00  -  Run Local Usage
		Usr 0 00:05:31, Sys 0 00:00:36  -  Total Remote Usage
		Usr 0 00:00:00, Sys 0 00:00:00  -  Total Local Usage
	9477  -  Run Bytes Sent By Job
	10941  -  Run Bytes Received By Job
	9477  -  Total Bytes Sent By Job
	10941  -  Total Bytes Received By Job
	Partitionable Resources :    Usage  Request Allocated 
	   Cpus                 :                 1           
	   Disk (KB)            :       72        1   2205807 
	   Memory (MB)          :      482     2000      2000 
...
