000 (322885.019.000) 05/10 15:24:46 Job submitted from host: <188.184.95.166:9618?addrs=188.184.95.166-9618+[2001-1458-201-e4--100-7a0]-9618&alias=tbird02.cern.ch&noUDP&sock=schedd_2138722_faad_3>
...
040 (322885.019.000) 05/10 15:27:44 Started transferring input files
	Transferring to host: <188.184.133.208:9618?addrs=188.184.133.208-9618+[2001-1458-301-a0--100-4df]-9618&noUDP&sock=30501_76b1_18529>
...
040 (322885.019.000) 05/10 15:27:44 Finished transferring input files
...
001 (322885.019.000) 05/10 15:27:45 Job executing on host: <188.184.133.208:9618?addrs=188.184.133.208-9618+[2001-1458-301-a0--100-4df]-9618&noUDP&sock=12853_aadb_3>
...
006 (322885.019.000) 05/10 15:27:54 Image size of job updated: 248888
	223  -  MemoryUsage of job (MB)
	228308  -  ResidentSetSize of job (KB)
...
006 (322885.019.000) 05/10 15:32:55 Image size of job updated: 510208
	479  -  MemoryUsage of job (MB)
	489860  -  ResidentSetSize of job (KB)
...
006 (322885.019.000) 05/10 15:36:00 Image size of job updated: 680940
	479  -  MemoryUsage of job (MB)
	489860  -  ResidentSetSize of job (KB)
...
040 (322885.019.000) 05/10 15:36:00 Started transferring output files
...
040 (322885.019.000) 05/10 15:36:00 Finished transferring output files
...
005 (322885.019.000) 05/10 15:36:00 Job terminated.
	(1) Normal termination (return value 1)
		Usr 0 00:07:14, Sys 0 00:00:42  -  Run Remote Usage
		Usr 0 00:00:00, Sys 0 00:00:00  -  Run Local Usage
		Usr 0 00:07:14, Sys 0 00:00:42  -  Total Remote Usage
		Usr 0 00:00:00, Sys 0 00:00:00  -  Total Local Usage
	9477  -  Run Bytes Sent By Job
	10941  -  Run Bytes Received By Job
	9477  -  Total Bytes Sent By Job
	10941  -  Total Bytes Received By Job
	Partitionable Resources :    Usage  Request Allocated 
	   Cpus                 :     0.97        1         1 
	   Disk (KB)            :    79           1    215144 
	   Memory (MB)          :   479        2000      2000 
...
