   SingleMuon_Run2016F_part2   DATA  64 chunks


I have 1 taks to process
I'm using the following list of modules DEFAULT_MODULES
this is jobs [('SingleMuon_Run2016F_part2', 'MY_EOS_SPACE/heppyNtuples/TREES_SingleMuon2016BCDEF_94X/SingleMuon_Run2016F_part2/treeProducerWMass/tree.root', 24596890.0, '_Friend_SingleMuon_Run2016F_part2.chunk18', True, xrange(4500000, 4750000), 18)]
Modules to run:  []   name =  puWeight
Loading puWeight from CMGTools.WMass.postprocessing.examples.puWeightProducer 
Running on dataset =  SingleMuon_Run2016F_part2
TFile: name=/afs/cern.ch/work/m/mciprian/w_mass_analysis/heppy/rel_slc7/CMSSW_9_4_12/src/CMGTools/WMass/python/postprocessing/data/pileup/pileup_profile_Summer16.root, title=, option=READ
TFile: name=/afs/cern.ch/work/m/mciprian/w_mass_analysis/heppy/rel_slc7/CMSSW_9_4_12/src/CMGTools/WMass/python/postprocessing/data/pileup/PileupData_GoldenJSON_Full2016.root, title=, option=READ
Load C++ Worker
Modules to run:  []   name =  puWeight2016BF
Loading puWeight2016BF from CMGTools.WMass.postprocessing.examples.puWeightProducer 
Running on dataset =  SingleMuon_Run2016F_part2
TFile: name=/afs/cern.ch/work/m/mciprian/w_mass_analysis/heppy/rel_slc7/CMSSW_9_4_12/src/CMGTools/WMass/python/postprocessing/data/pileup/pileup_profile_Summer16.root, title=, option=READ
TFile: name=/afs/cern.ch/work/m/mciprian/w_mass_analysis/heppy/rel_slc7/CMSSW_9_4_12/src/CMGTools/WMass/python/postprocessing/data/pileup/PileupData_GoldenJSON_2016BF.root, title=, option=READ
Modules to run:  []   name =  lepQCDAwayJetAll
Loading lepQCDAwayJetAll from CMGTools.WMass.postprocessing.examples.lepVarProducer 
Running on dataset =  SingleMuon_Run2016F_part2
Modules to run:  []   name =  muCalibratedWithStatVar
Loading muCalibratedWithStatVar from CMGTools.WMass.postprocessing.examples.lepVarProducer 
Running on dataset =  SingleMuon_Run2016F_part2
did not find EnergyScaleCorrection shared object, rebuilding
trying to load all the rochester correction libraries
did not find legacy data roccor. rebuilding...
done building legacy data roccor.
Modules to run:  []   name =  jetAllReCleaner
Loading jetAllReCleaner from CMGTools.WMass.postprocessing.examples.jetReCleaner 
Running on dataset =  SingleMuon_Run2016F_part2
Load C++ Worker
Modules to run:  []   name =  jetReCleaner
Loading jetReCleaner from CMGTools.WMass.postprocessing.examples.jetReCleaner 
Running on dataset =  SingleMuon_Run2016F_part2
Load C++ Worker
Modules to run:  []   name =  genQEDJets
Loading genQEDJets from CMGTools.WMass.postprocessing.examples.genFriendProducer 
Running on dataset =  SingleMuon_Run2016F_part2
Will write selected trees to MY_EOS_SPACE/heppyNtuples/TREES_SingleMuon2016BCDEF_94X/friends/
Normalization of pu_mc: 0.999973
Normalization of pileup: 3.65129e+10
Weights for variable pu_mc with a number of bins equal to 76:
1 1 1 1 1 1 1 1 1 1 1.616 1.923 1.917 1.762 1.611 1.554 1.506 1.414 1.317 1.241 1.169 1.109 1.071 1.04 1.019 1.001 0.9873 0.9825 0.9828 0.9811 0.9811 0.9792 0.9531 0.9274 0.8773 0.8171 0.7432 0.6594 0.5661 0.4725 0.3811 0.2987 0.2215 0.1581 0 0 0 0 0 0 0 0 0 0 0 1 1 1 1 1 1 1 1 1 1 1 1 1 1 1 1 1 1 1 1 1 .
Final weights: 
1 1 1 1 1 1 1 1 1 1 1.616 1.923 1.917 1.762 1.611 1.554 1.506 1.414 1.317 1.241 1.169 1.109 1.071 1.04 1.019 1.001 0.9873 0.9825 0.9828 0.9811 0.9811 0.9792 0.9531 0.9274 0.8773 0.8171 0.7432 0.6594 0.5661 0.4725 0.3811 0.2987 0.2215 0.1581 0 0 0 0 0 0 0 0 0 0 0 1 1 1 1 1 1 1 1 1 1 1 1 1 1 1 1 1 1 1 1 1 .
Normalization of pu_mc: 1
Normalization of pileup: 2.014e+10
Weights for variable pu_mc with a number of bins equal to 76:
1 1 1 1 1 1 1 1 1 1 2.784 3.074 2.661 2.24 1.976 1.881 1.801 1.669 1.544 1.453 1.364 1.27 1.186 1.113 1.061 1.016 0.9702 0.9245 0.8754 0.8192 0.7629 0.7065 0.6366 0.5722 0.4984 0.4252 0.3515 0.2804 0.2137 0.1564 0.1092 0 0 0 0 0 0 0 0 0 0 0 0 0 0 1 1 1 1 1 1 1 1 1 1 1 1 1 1 1 1 1 1 1 1 1 .
For maximum weight 3.074: integral relative change: 0
Final weights: 
1 1 1 1 1 1 1 1 1 1 2.784 3.074 2.661 2.24 1.976 1.881 1.801 1.669 1.544 1.453 1.364 1.27 1.186 1.113 1.061 1.016 0.9702 0.9245 0.8754 0.8192 0.7629 0.7065 0.6366 0.5722 0.4984 0.4252 0.3515 0.2804 0.2137 0.1564 0.1092 0 0 0 0 0 0 0 0 0 0 0 0 0 0 1 1 1 1 1 1 1 1 1 1 1 1 1 1 1 1 1 1 1 1 1 .
begin job of lepCalProducer
initializing all the rochester correction objects
initializing the egamma calibrator
Processed  4500000/15896711 entries (elapsed time     0.3s, curr speed   32.258 kHz, avg speed 14516.129 kHz), accepted        1/       1 events (100.00%)
Processed  4510000/15896711 entries (elapsed time    13.5s, curr speed    0.759 kHz, avg speed  334.322 kHz), accepted    10001/   10001 events (100.00%)
Processed  4520000/15896711 entries (elapsed time    27.2s, curr speed    0.728 kHz, avg speed  165.993 kHz), accepted    20001/   20001 events (100.00%)
Processed  4530000/15896711 entries (elapsed time    41.1s, curr speed    0.719 kHz, avg speed  110.112 kHz), accepted    30001/   30001 events (100.00%)
Processed  4540000/15896711 entries (elapsed time    55.1s, curr speed    0.718 kHz, avg speed   82.441 kHz), accepted    40001/   40001 events (100.00%)
Processed  4550000/15896711 entries (elapsed time    68.9s, curr speed    0.722 kHz, avg speed   66.009 kHz), accepted    50001/   50001 events (100.00%)
Processed  4560000/15896711 entries (elapsed time    82.8s, curr speed    0.721 kHz, avg speed   55.072 kHz), accepted    60001/   60001 events (100.00%)
Processed  4570000/15896711 entries (elapsed time    95.8s, curr speed    0.767 kHz, avg speed   47.684 kHz), accepted    70001/   70001 events (100.00%)
Processed  4580000/15896711 entries (elapsed time   107.4s, curr speed    0.862 kHz, avg speed   42.628 kHz), accepted    80001/   80001 events (100.00%)
Processed  4590000/15896711 entries (elapsed time   118.9s, curr speed    0.871 kHz, avg speed   38.597 kHz), accepted    90001/   90001 events (100.00%)
Processed  4600000/15896711 entries (elapsed time   130.6s, curr speed    0.860 kHz, avg speed   35.236 kHz), accepted   100001/  100001 events (100.00%)
Processed  4610000/15896711 entries (elapsed time   142.1s, curr speed    0.863 kHz, avg speed   32.433 kHz), accepted   110001/  110001 events (100.00%)
Processed  4620000/15896711 entries (elapsed time   153.5s, curr speed    0.878 kHz, avg speed   30.092 kHz), accepted   120001/  120001 events (100.00%)
Processed  4630000/15896711 entries (elapsed time   181.4s, curr speed    0.359 kHz, avg speed   25.528 kHz), accepted   130001/  130001 events (100.00%)
Processed  4640000/15896711 entries (elapsed time   192.7s, curr speed    0.885 kHz, avg speed   24.083 kHz), accepted   140001/  140001 events (100.00%)
Processed  4650000/15896711 entries (elapsed time   204.0s, curr speed    0.882 kHz, avg speed   22.793 kHz), accepted   150001/  150001 events (100.00%)
Processed  4660000/15896711 entries (elapsed time   215.6s, curr speed    0.866 kHz, avg speed   21.618 kHz), accepted   160001/  160001 events (100.00%)
Processed  4670000/15896711 entries (elapsed time   227.0s, curr speed    0.876 kHz, avg speed   20.575 kHz), accepted   170001/  170001 events (100.00%)
Processed  4680000/15896711 entries (elapsed time   239.3s, curr speed    0.811 kHz, avg speed   19.557 kHz), accepted   180001/  180001 events (100.00%)
Processed  4690000/15896711 entries (elapsed time   250.8s, curr speed    0.869 kHz, avg speed   18.699 kHz), accepted   190001/  190001 events (100.00%)
Processed  4700000/15896711 entries (elapsed time   278.7s, curr speed    0.358 kHz, avg speed   16.863 kHz), accepted   200001/  200001 events (100.00%)
Processed  4710000/15896711 entries (elapsed time   290.3s, curr speed    0.862 kHz, avg speed   16.223 kHz), accepted   210001/  210001 events (100.00%)
Processed  4720000/15896711 entries (elapsed time   302.0s, curr speed    0.854 kHz, avg speed   15.628 kHz), accepted   220001/  220001 events (100.00%)
Processed  4730000/15896711 entries (elapsed time   313.8s, curr speed    0.848 kHz, avg speed   15.072 kHz), accepted   230001/  230001 events (100.00%)
Processed  4740000/15896711 entries (elapsed time   325.7s, curr speed    0.844 kHz, avg speed   14.555 kHz), accepted   240001/  240001 events (100.00%)
Processed 250000 entries from MY_EOS_SPACE/heppyNtuples/TREES_SingleMuon2016BCDEF_94X/SingleMuon_Run2016F_part2/treeProducerWMass/tree.root, selected 250000 entries
Done MY_EOS_SPACE/heppyNtuples/TREES_SingleMuon2016BCDEF_94X/friends/tree_Friend_SingleMuon_Run2016F_part2.chunk18.root
