000 (322886.006.000) 05/10 15:24:46 Job submitted from host: <188.184.95.166:9618?addrs=188.184.95.166-9618+[2001-1458-201-e4--100-7a0]-9618&alias=tbird02.cern.ch&noUDP&sock=schedd_2138722_faad_3>
...
040 (322886.006.000) 05/10 15:28:07 Started transferring input files
	Transferring to host: <188.184.133.221:9618?addrs=188.184.133.221-9618+[2001-1458-301-a0--100-2a1]-9618&noUDP&sock=13129_516f_102042>
...
040 (322886.006.000) 05/10 15:28:07 Finished transferring input files
...
001 (322886.006.000) 05/10 15:28:08 Job executing on host: <188.184.133.221:9618?addrs=188.184.133.221-9618+[2001-1458-301-a0--100-2a1]-9618&noUDP&sock=12920_9fb3_3>
...
006 (322886.006.000) 05/10 15:28:17 Image size of job updated: 308940
	221  -  MemoryUsage of job (MB)
	225956  -  ResidentSetSize of job (KB)
...
006 (322886.006.000) 05/10 15:33:18 Image size of job updated: 487104
	475  -  MemoryUsage of job (MB)
	485872  -  ResidentSetSize of job (KB)
...
040 (322886.006.000) 05/10 15:34:19 Started transferring output files
...
040 (322886.006.000) 05/10 15:34:19 Finished transferring output files
...
005 (322886.006.000) 05/10 15:34:19 Job terminated.
	(1) Normal termination (return value 1)
		Usr 0 00:05:31, Sys 0 00:00:33  -  Run Remote Usage
		Usr 0 00:00:00, Sys 0 00:00:00  -  Run Local Usage
		Usr 0 00:05:31, Sys 0 00:00:33  -  Total Remote Usage
		Usr 0 00:00:00, Sys 0 00:00:00  -  Total Local Usage
	9473  -  Run Bytes Sent By Job
	10941  -  Run Bytes Received By Job
	9473  -  Total Bytes Sent By Job
	10941  -  Total Bytes Received By Job
	Partitionable Resources :    Usage  Request Allocated 
	   Cpus                 :                 1           
	   Disk (KB)            :       72        1   2191331 
	   Memory (MB)          :      475     2000      2000 
...
