   SingleMuon_Run2016F_part2   DATA  64 chunks


I have 1 taks to process
I'm using the following list of modules DEFAULT_MODULES
this is jobs [('SingleMuon_Run2016F_part2', 'MY_EOS_SPACE/heppyNtuples/TREES_SingleMuon2016BCDEF_94X/SingleMuon_Run2016F_part2/treeProducerWMass/tree.root', 24596890.0, '_Friend_SingleMuon_Run2016F_part2.chunk21', True, xrange(5250000, 5500000), 21)]
Modules to run:  []   name =  puWeight
Loading puWeight from CMGTools.WMass.postprocessing.examples.puWeightProducer 
Running on dataset =  SingleMuon_Run2016F_part2
TFile: name=/afs/cern.ch/work/m/mciprian/w_mass_analysis/heppy/rel_slc7/CMSSW_9_4_12/src/CMGTools/WMass/python/postprocessing/data/pileup/pileup_profile_Summer16.root, title=, option=READ
TFile: name=/afs/cern.ch/work/m/mciprian/w_mass_analysis/heppy/rel_slc7/CMSSW_9_4_12/src/CMGTools/WMass/python/postprocessing/data/pileup/PileupData_GoldenJSON_Full2016.root, title=, option=READ
Load C++ Worker
Modules to run:  []   name =  puWeight2016BF
Loading puWeight2016BF from CMGTools.WMass.postprocessing.examples.puWeightProducer 
Running on dataset =  SingleMuon_Run2016F_part2
TFile: name=/afs/cern.ch/work/m/mciprian/w_mass_analysis/heppy/rel_slc7/CMSSW_9_4_12/src/CMGTools/WMass/python/postprocessing/data/pileup/pileup_profile_Summer16.root, title=, option=READ
TFile: name=/afs/cern.ch/work/m/mciprian/w_mass_analysis/heppy/rel_slc7/CMSSW_9_4_12/src/CMGTools/WMass/python/postprocessing/data/pileup/PileupData_GoldenJSON_2016BF.root, title=, option=READ
Modules to run:  []   name =  lepQCDAwayJetAll
Loading lepQCDAwayJetAll from CMGTools.WMass.postprocessing.examples.lepVarProducer 
Running on dataset =  SingleMuon_Run2016F_part2
Modules to run:  []   name =  muCalibratedWithStatVar
Loading muCalibratedWithStatVar from CMGTools.WMass.postprocessing.examples.lepVarProducer 
Running on dataset =  SingleMuon_Run2016F_part2
did not find EnergyScaleCorrection shared object, rebuilding
trying to load all the rochester correction libraries
did not find legacy data roccor. rebuilding...
done building legacy data roccor.
Modules to run:  []   name =  jetAllReCleaner
Loading jetAllReCleaner from CMGTools.WMass.postprocessing.examples.jetReCleaner 
Running on dataset =  SingleMuon_Run2016F_part2
Load C++ Worker
Modules to run:  []   name =  jetReCleaner
Loading jetReCleaner from CMGTools.WMass.postprocessing.examples.jetReCleaner 
Running on dataset =  SingleMuon_Run2016F_part2
Load C++ Worker
Modules to run:  []   name =  genQEDJets
Loading genQEDJets from CMGTools.WMass.postprocessing.examples.genFriendProducer 
Running on dataset =  SingleMuon_Run2016F_part2
Will write selected trees to MY_EOS_SPACE/heppyNtuples/TREES_SingleMuon2016BCDEF_94X/friends/
Normalization of pu_mc: 0.999973
Normalization of pileup: 3.65129e+10
Weights for variable pu_mc with a number of bins equal to 76:
1 1 1 1 1 1 1 1 1 1 1.616 1.923 1.917 1.762 1.611 1.554 1.506 1.414 1.317 1.241 1.169 1.109 1.071 1.04 1.019 1.001 0.9873 0.9825 0.9828 0.9811 0.9811 0.9792 0.9531 0.9274 0.8773 0.8171 0.7432 0.6594 0.5661 0.4725 0.3811 0.2987 0.2215 0.1581 0 0 0 0 0 0 0 0 0 0 0 1 1 1 1 1 1 1 1 1 1 1 1 1 1 1 1 1 1 1 1 1 .
Final weights: 
1 1 1 1 1 1 1 1 1 1 1.616 1.923 1.917 1.762 1.611 1.554 1.506 1.414 1.317 1.241 1.169 1.109 1.071 1.04 1.019 1.001 0.9873 0.9825 0.9828 0.9811 0.9811 0.9792 0.9531 0.9274 0.8773 0.8171 0.7432 0.6594 0.5661 0.4725 0.3811 0.2987 0.2215 0.1581 0 0 0 0 0 0 0 0 0 0 0 1 1 1 1 1 1 1 1 1 1 1 1 1 1 1 1 1 1 1 1 1 .
Normalization of pu_mc: 1
Normalization of pileup: 2.014e+10
Weights for variable pu_mc with a number of bins equal to 76:
1 1 1 1 1 1 1 1 1 1 2.784 3.074 2.661 2.24 1.976 1.881 1.801 1.669 1.544 1.453 1.364 1.27 1.186 1.113 1.061 1.016 0.9702 0.9245 0.8754 0.8192 0.7629 0.7065 0.6366 0.5722 0.4984 0.4252 0.3515 0.2804 0.2137 0.1564 0.1092 0 0 0 0 0 0 0 0 0 0 0 0 0 0 1 1 1 1 1 1 1 1 1 1 1 1 1 1 1 1 1 1 1 1 1 .
For maximum weight 3.074: integral relative change: 0
Final weights: 
1 1 1 1 1 1 1 1 1 1 2.784 3.074 2.661 2.24 1.976 1.881 1.801 1.669 1.544 1.453 1.364 1.27 1.186 1.113 1.061 1.016 0.9702 0.9245 0.8754 0.8192 0.7629 0.7065 0.6366 0.5722 0.4984 0.4252 0.3515 0.2804 0.2137 0.1564 0.1092 0 0 0 0 0 0 0 0 0 0 0 0 0 0 1 1 1 1 1 1 1 1 1 1 1 1 1 1 1 1 1 1 1 1 1 .
begin job of lepCalProducer
initializing all the rochester correction objects
initializing the egamma calibrator
Processed  5250000/15896711 entries (elapsed time     0.2s, curr speed   43.478 kHz, avg speed 22826.087 kHz), accepted        1/       1 events (100.00%)
Processed  5260000/15896711 entries (elapsed time    13.4s, curr speed    0.760 kHz, avg speed  392.830 kHz), accepted    10001/   10001 events (100.00%)
Processed  5270000/15896711 entries (elapsed time    27.7s, curr speed    0.699 kHz, avg speed  190.321 kHz), accepted    20001/   20001 events (100.00%)
Processed  5280000/15896711 entries (elapsed time    42.1s, curr speed    0.693 kHz, avg speed  125.326 kHz), accepted    30001/   30001 events (100.00%)
Processed  5290000/15896711 entries (elapsed time    56.6s, curr speed    0.690 kHz, avg speed   93.430 kHz), accepted    40001/   40001 events (100.00%)
Processed  5300000/15896711 entries (elapsed time    71.0s, curr speed    0.698 kHz, avg speed   74.700 kHz), accepted    50001/   50001 events (100.00%)
Processed  5310000/15896711 entries (elapsed time    85.4s, curr speed    0.691 kHz, avg speed   62.163 kHz), accepted    60001/   60001 events (100.00%)
Processed  5320000/15896711 entries (elapsed time    99.0s, curr speed    0.736 kHz, avg speed   53.737 kHz), accepted    70001/   70001 events (100.00%)
Processed  5330000/15896711 entries (elapsed time   111.3s, curr speed    0.816 kHz, avg speed   47.906 kHz), accepted    80001/   80001 events (100.00%)
Processed  5340000/15896711 entries (elapsed time   123.4s, curr speed    0.825 kHz, avg speed   43.281 kHz), accepted    90001/   90001 events (100.00%)
Processed  5350000/15896711 entries (elapsed time   135.4s, curr speed    0.829 kHz, avg speed   39.501 kHz), accepted   100001/  100001 events (100.00%)
Processed  5360000/15896711 entries (elapsed time   147.4s, curr speed    0.835 kHz, avg speed   36.359 kHz), accepted   110001/  110001 events (100.00%)
Processed  5370000/15896711 entries (elapsed time   159.8s, curr speed    0.808 kHz, avg speed   33.607 kHz), accepted   120001/  120001 events (100.00%)
Processed  5380000/15896711 entries (elapsed time   188.4s, curr speed    0.349 kHz, avg speed   28.555 kHz), accepted   130001/  130001 events (100.00%)
Processed  5390000/15896711 entries (elapsed time   200.7s, curr speed    0.816 kHz, avg speed   26.861 kHz), accepted   140001/  140001 events (100.00%)
Processed  5400000/15896711 entries (elapsed time   212.8s, curr speed    0.823 kHz, avg speed   25.375 kHz), accepted   150001/  150001 events (100.00%)
Processed  5410000/15896711 entries (elapsed time   224.9s, curr speed    0.829 kHz, avg speed   24.058 kHz), accepted   160001/  160001 events (100.00%)
Processed  5420000/15896711 entries (elapsed time   237.1s, curr speed    0.818 kHz, avg speed   22.861 kHz), accepted   170001/  170001 events (100.00%)
Processed  5430000/15896711 entries (elapsed time   249.1s, curr speed    0.833 kHz, avg speed   21.798 kHz), accepted   180001/  180001 events (100.00%)
Processed  5440000/15896711 entries (elapsed time   261.1s, curr speed    0.834 kHz, avg speed   20.836 kHz), accepted   190001/  190001 events (100.00%)
Processed  5450000/15896711 entries (elapsed time   289.1s, curr speed    0.357 kHz, avg speed   18.850 kHz), accepted   200001/  200001 events (100.00%)
Processed  5460000/15896711 entries (elapsed time   301.3s, curr speed    0.821 kHz, avg speed   18.121 kHz), accepted   210001/  210001 events (100.00%)
Processed  5470000/15896711 entries (elapsed time   313.6s, curr speed    0.816 kHz, avg speed   17.444 kHz), accepted   220001/  220001 events (100.00%)
Processed  5480000/15896711 entries (elapsed time   325.8s, curr speed    0.819 kHz, avg speed   16.821 kHz), accepted   230001/  230001 events (100.00%)
Processed  5490000/15896711 entries (elapsed time   337.8s, curr speed    0.831 kHz, avg speed   16.252 kHz), accepted   240001/  240001 events (100.00%)
Processed 250000 entries from MY_EOS_SPACE/heppyNtuples/TREES_SingleMuon2016BCDEF_94X/SingleMuon_Run2016F_part2/treeProducerWMass/tree.root, selected 250000 entries
Done MY_EOS_SPACE/heppyNtuples/TREES_SingleMuon2016BCDEF_94X/friends/tree_Friend_SingleMuon_Run2016F_part2.chunk21.root
