000 (322890.018.000) 05/10 15:24:50 Job submitted from host: <188.184.95.166:9618?addrs=188.184.95.166-9618+[2001-1458-201-e4--100-7a0]-9618&alias=tbird02.cern.ch&noUDP&sock=schedd_2138722_faad_3>
...
040 (322890.018.000) 05/10 15:32:02 Started transferring input files
	Transferring to host: <188.184.133.204:9618?addrs=188.184.133.204-9618+[2001-1458-301-a0--100-205]-9618&noUDP&sock=15802_b03c_102650>
...
040 (322890.018.000) 05/10 15:32:02 Finished transferring input files
...
001 (322890.018.000) 05/10 15:32:03 Job executing on host: <188.184.133.204:9618?addrs=188.184.133.204-9618+[2001-1458-301-a0--100-205]-9618&noUDP&sock=15593_145a_3>
...
006 (322890.018.000) 05/10 15:32:12 Image size of job updated: 332636
	244  -  MemoryUsage of job (MB)
	249740  -  ResidentSetSize of job (KB)
...
006 (322890.018.000) 05/10 15:37:13 Image size of job updated: 493824
	481  -  MemoryUsage of job (MB)
	492536  -  ResidentSetSize of job (KB)
...
040 (322890.018.000) 05/10 15:38:03 Started transferring output files
...
040 (322890.018.000) 05/10 15:38:03 Finished transferring output files
...
005 (322890.018.000) 05/10 15:38:03 Job terminated.
	(1) Normal termination (return value 1)
		Usr 0 00:05:20, Sys 0 00:00:33  -  Run Remote Usage
		Usr 0 00:00:00, Sys 0 00:00:00  -  Run Local Usage
		Usr 0 00:05:20, Sys 0 00:00:33  -  Total Remote Usage
		Usr 0 00:00:00, Sys 0 00:00:00  -  Total Local Usage
	9477  -  Run Bytes Sent By Job
	10941  -  Run Bytes Received By Job
	9477  -  Total Bytes Sent By Job
	10941  -  Total Bytes Received By Job
	Partitionable Resources :    Usage  Request Allocated 
	   Cpus                 :                 1           
	   Disk (KB)            :       72        1   2152423 
	   Memory (MB)          :      481     2000      2000 
...
