   SingleMuon_Run2016F_part3   DATA  49 chunks


I have 1 taks to process
I'm using the following list of modules DEFAULT_MODULES
this is jobs [('SingleMuon_Run2016F_part3', 'MY_EOS_SPACE/heppyNtuples/TREES_SingleMuon2016BCDEF_94X/SingleMuon_Run2016F_part3/treeProducerWMass/tree.root', 18920245.0, '_Friend_SingleMuon_Run2016F_part3.chunk48', True, xrange(12000000, 12238304), 48)]
Modules to run:  []   name =  puWeight
Loading puWeight from CMGTools.WMass.postprocessing.examples.puWeightProducer 
Running on dataset =  SingleMuon_Run2016F_part3
TFile: name=/afs/cern.ch/work/m/mciprian/w_mass_analysis/heppy/rel_slc7/CMSSW_9_4_12/src/CMGTools/WMass/python/postprocessing/data/pileup/pileup_profile_Summer16.root, title=, option=READ
TFile: name=/afs/cern.ch/work/m/mciprian/w_mass_analysis/heppy/rel_slc7/CMSSW_9_4_12/src/CMGTools/WMass/python/postprocessing/data/pileup/PileupData_GoldenJSON_Full2016.root, title=, option=READ
Load C++ Worker
Modules to run:  []   name =  puWeight2016BF
Loading puWeight2016BF from CMGTools.WMass.postprocessing.examples.puWeightProducer 
Running on dataset =  SingleMuon_Run2016F_part3
TFile: name=/afs/cern.ch/work/m/mciprian/w_mass_analysis/heppy/rel_slc7/CMSSW_9_4_12/src/CMGTools/WMass/python/postprocessing/data/pileup/pileup_profile_Summer16.root, title=, option=READ
TFile: name=/afs/cern.ch/work/m/mciprian/w_mass_analysis/heppy/rel_slc7/CMSSW_9_4_12/src/CMGTools/WMass/python/postprocessing/data/pileup/PileupData_GoldenJSON_2016BF.root, title=, option=READ
Modules to run:  []   name =  lepQCDAwayJetAll
Loading lepQCDAwayJetAll from CMGTools.WMass.postprocessing.examples.lepVarProducer 
Running on dataset =  SingleMuon_Run2016F_part3
Modules to run:  []   name =  muCalibratedWithStatVar
Loading muCalibratedWithStatVar from CMGTools.WMass.postprocessing.examples.lepVarProducer 
Running on dataset =  SingleMuon_Run2016F_part3
did not find EnergyScaleCorrection shared object, rebuilding
trying to load all the rochester correction libraries
did not find legacy data roccor. rebuilding...
done building legacy data roccor.
Modules to run:  []   name =  jetAllReCleaner
Loading jetAllReCleaner from CMGTools.WMass.postprocessing.examples.jetReCleaner 
Running on dataset =  SingleMuon_Run2016F_part3
Load C++ Worker
Modules to run:  []   name =  jetReCleaner
Loading jetReCleaner from CMGTools.WMass.postprocessing.examples.jetReCleaner 
Running on dataset =  SingleMuon_Run2016F_part3
Load C++ Worker
Modules to run:  []   name =  genQEDJets
Loading genQEDJets from CMGTools.WMass.postprocessing.examples.genFriendProducer 
Running on dataset =  SingleMuon_Run2016F_part3
Will write selected trees to MY_EOS_SPACE/heppyNtuples/TREES_SingleMuon2016BCDEF_94X/friends/
Normalization of pu_mc: 0.999973
Normalization of pileup: 3.65129e+10
Weights for variable pu_mc with a number of bins equal to 76:
1 1 1 1 1 1 1 1 1 1 1.616 1.923 1.917 1.762 1.611 1.554 1.506 1.414 1.317 1.241 1.169 1.109 1.071 1.04 1.019 1.001 0.9873 0.9825 0.9828 0.9811 0.9811 0.9792 0.9531 0.9274 0.8773 0.8171 0.7432 0.6594 0.5661 0.4725 0.3811 0.2987 0.2215 0.1581 0 0 0 0 0 0 0 0 0 0 0 1 1 1 1 1 1 1 1 1 1 1 1 1 1 1 1 1 1 1 1 1 .
Final weights: 
1 1 1 1 1 1 1 1 1 1 1.616 1.923 1.917 1.762 1.611 1.554 1.506 1.414 1.317 1.241 1.169 1.109 1.071 1.04 1.019 1.001 0.9873 0.9825 0.9828 0.9811 0.9811 0.9792 0.9531 0.9274 0.8773 0.8171 0.7432 0.6594 0.5661 0.4725 0.3811 0.2987 0.2215 0.1581 0 0 0 0 0 0 0 0 0 0 0 1 1 1 1 1 1 1 1 1 1 1 1 1 1 1 1 1 1 1 1 1 .
Normalization of pu_mc: 1
Normalization of pileup: 2.014e+10
Weights for variable pu_mc with a number of bins equal to 76:
1 1 1 1 1 1 1 1 1 1 2.784 3.074 2.661 2.24 1.976 1.881 1.801 1.669 1.544 1.453 1.364 1.27 1.186 1.113 1.061 1.016 0.9702 0.9245 0.8754 0.8192 0.7629 0.7065 0.6366 0.5722 0.4984 0.4252 0.3515 0.2804 0.2137 0.1564 0.1092 0 0 0 0 0 0 0 0 0 0 0 0 0 0 1 1 1 1 1 1 1 1 1 1 1 1 1 1 1 1 1 1 1 1 1 .
For maximum weight 3.074: integral relative change: 0
Final weights: 
1 1 1 1 1 1 1 1 1 1 2.784 3.074 2.661 2.24 1.976 1.881 1.801 1.669 1.544 1.453 1.364 1.27 1.186 1.113 1.061 1.016 0.9702 0.9245 0.8754 0.8192 0.7629 0.7065 0.6366 0.5722 0.4984 0.4252 0.3515 0.2804 0.2137 0.1564 0.1092 0 0 0 0 0 0 0 0 0 0 0 0 0 0 1 1 1 1 1 1 1 1 1 1 1 1 1 1 1 1 1 1 1 1 1 .
begin job of lepCalProducer
initializing all the rochester correction objects
initializing the egamma calibrator
Processed 12000000/12238304 entries (elapsed time     0.3s, curr speed   34.483 kHz, avg speed 41379.310 kHz), accepted        1/       1 events (100.00%)
Processed 12010000/12238304 entries (elapsed time    14.4s, curr speed    0.707 kHz, avg speed  832.294 kHz), accepted    10001/   10001 events (100.00%)
Processed 12020000/12238304 entries (elapsed time    28.9s, curr speed    0.693 kHz, avg speed  416.493 kHz), accepted    20001/   20001 events (100.00%)
Processed 12030000/12238304 entries (elapsed time    43.7s, curr speed    0.674 kHz, avg speed  275.286 kHz), accepted    30001/   30001 events (100.00%)
Processed 12040000/12238304 entries (elapsed time    58.2s, curr speed    0.688 kHz, avg speed  206.766 kHz), accepted    40001/   40001 events (100.00%)
Processed 12050000/12238304 entries (elapsed time    73.8s, curr speed    0.641 kHz, avg speed  163.235 kHz), accepted    50001/   50001 events (100.00%)
Processed 12060000/12238304 entries (elapsed time    88.6s, curr speed    0.678 kHz, avg speed  136.179 kHz), accepted    60001/   60001 events (100.00%)
Processed 12070000/12238304 entries (elapsed time   102.5s, curr speed    0.716 kHz, avg speed  117.733 kHz), accepted    70001/   70001 events (100.00%)
Processed 12080000/12238304 entries (elapsed time   115.5s, curr speed    0.772 kHz, avg speed  104.616 kHz), accepted    80001/   80001 events (100.00%)
Processed 12090000/12238304 entries (elapsed time   128.9s, curr speed    0.742 kHz, avg speed   93.765 kHz), accepted    90001/   90001 events (100.00%)
Processed 12100000/12238304 entries (elapsed time   142.2s, curr speed    0.756 kHz, avg speed   85.109 kHz), accepted   100001/  100001 events (100.00%)
Processed 12110000/12238304 entries (elapsed time   155.0s, curr speed    0.780 kHz, avg speed   78.134 kHz), accepted   110001/  110001 events (100.00%)
Processed 12120000/12238304 entries (elapsed time   167.1s, curr speed    0.824 kHz, avg speed   72.523 kHz), accepted   120001/  120001 events (100.00%)
Processed 12130000/12238304 entries (elapsed time   194.6s, curr speed    0.364 kHz, avg speed   62.343 kHz), accepted   130001/  130001 events (100.00%)
Processed 12140000/12238304 entries (elapsed time   207.4s, curr speed    0.780 kHz, avg speed   58.537 kHz), accepted   140001/  140001 events (100.00%)
Processed 12150000/12238304 entries (elapsed time   218.8s, curr speed    0.876 kHz, avg speed   55.528 kHz), accepted   150001/  150001 events (100.00%)
Processed 12160000/12238304 entries (elapsed time   230.1s, curr speed    0.886 kHz, avg speed   52.847 kHz), accepted   160001/  160001 events (100.00%)
Processed 12170000/12238304 entries (elapsed time   241.8s, curr speed    0.857 kHz, avg speed   50.337 kHz), accepted   170001/  170001 events (100.00%)
Processed 12180000/12238304 entries (elapsed time   253.1s, curr speed    0.886 kHz, avg speed   48.131 kHz), accepted   180001/  180001 events (100.00%)
Processed 12190000/12238304 entries (elapsed time   264.3s, curr speed    0.889 kHz, avg speed   46.120 kHz), accepted   190001/  190001 events (100.00%)
Processed 12200000/12238304 entries (elapsed time   290.9s, curr speed    0.376 kHz, avg speed   41.936 kHz), accepted   200001/  200001 events (100.00%)
Processed 12210000/12238304 entries (elapsed time   303.3s, curr speed    0.806 kHz, avg speed   40.255 kHz), accepted   210001/  210001 events (100.00%)
Processed 12220000/12238304 entries (elapsed time   315.6s, curr speed    0.815 kHz, avg speed   38.721 kHz), accepted   220001/  220001 events (100.00%)
Processed 12230000/12238304 entries (elapsed time   328.0s, curr speed    0.808 kHz, avg speed   37.291 kHz), accepted   230001/  230001 events (100.00%)
Processed 238304 entries from MY_EOS_SPACE/heppyNtuples/TREES_SingleMuon2016BCDEF_94X/SingleMuon_Run2016F_part3/treeProducerWMass/tree.root, selected 238304 entries
Done MY_EOS_SPACE/heppyNtuples/TREES_SingleMuon2016BCDEF_94X/friends/tree_Friend_SingleMuon_Run2016F_part3.chunk48.root
