   SingleMuon_Run2016B_part1   DATA  61 chunks


I have 1 taks to process
I'm using the following list of modules DEFAULT_MODULES
this is jobs [('SingleMuon_Run2016B_part1', 'MY_EOS_SPACE/heppyNtuples/TREES_SingleMuon2016BCDEF_94X/SingleMuon_Run2016B_part1/treeProducerWMass/tree.root', 29301548.0, '_Friend_SingleMuon_Run2016B_part1.chunk45', True, xrange(11250000, 11500000), 45)]
Modules to run:  []   name =  puWeight
Loading puWeight from CMGTools.WMass.postprocessing.examples.puWeightProducer 
Running on dataset =  SingleMuon_Run2016B_part1
TFile: name=/afs/cern.ch/work/m/mciprian/w_mass_analysis/heppy/rel_slc7/CMSSW_9_4_12/src/CMGTools/WMass/python/postprocessing/data/pileup/pileup_profile_Summer16.root, title=, option=READ
TFile: name=/afs/cern.ch/work/m/mciprian/w_mass_analysis/heppy/rel_slc7/CMSSW_9_4_12/src/CMGTools/WMass/python/postprocessing/data/pileup/PileupData_GoldenJSON_Full2016.root, title=, option=READ
Load C++ Worker
Modules to run:  []   name =  puWeight2016BF
Loading puWeight2016BF from CMGTools.WMass.postprocessing.examples.puWeightProducer 
Running on dataset =  SingleMuon_Run2016B_part1
TFile: name=/afs/cern.ch/work/m/mciprian/w_mass_analysis/heppy/rel_slc7/CMSSW_9_4_12/src/CMGTools/WMass/python/postprocessing/data/pileup/pileup_profile_Summer16.root, title=, option=READ
TFile: name=/afs/cern.ch/work/m/mciprian/w_mass_analysis/heppy/rel_slc7/CMSSW_9_4_12/src/CMGTools/WMass/python/postprocessing/data/pileup/PileupData_GoldenJSON_2016BF.root, title=, option=READ
Modules to run:  []   name =  lepQCDAwayJetAll
Loading lepQCDAwayJetAll from CMGTools.WMass.postprocessing.examples.lepVarProducer 
Running on dataset =  SingleMuon_Run2016B_part1
Modules to run:  []   name =  muCalibratedWithStatVar
Loading muCalibratedWithStatVar from CMGTools.WMass.postprocessing.examples.lepVarProducer 
Running on dataset =  SingleMuon_Run2016B_part1
did not find EnergyScaleCorrection shared object, rebuilding
trying to load all the rochester correction libraries
did not find legacy data roccor. rebuilding...
done building legacy data roccor.
Modules to run:  []   name =  jetAllReCleaner
Loading jetAllReCleaner from CMGTools.WMass.postprocessing.examples.jetReCleaner 
Running on dataset =  SingleMuon_Run2016B_part1
Load C++ Worker
Modules to run:  []   name =  jetReCleaner
Loading jetReCleaner from CMGTools.WMass.postprocessing.examples.jetReCleaner 
Running on dataset =  SingleMuon_Run2016B_part1
Load C++ Worker
Modules to run:  []   name =  genQEDJets
Loading genQEDJets from CMGTools.WMass.postprocessing.examples.genFriendProducer 
Running on dataset =  SingleMuon_Run2016B_part1
Will write selected trees to MY_EOS_SPACE/heppyNtuples/TREES_SingleMuon2016BCDEF_94X/friends/
Normalization of pu_mc: 0.999973
Normalization of pileup: 3.65129e+10
Weights for variable pu_mc with a number of bins equal to 76:
1 1 1 1 1 1 1 1 1 1 1.616 1.923 1.917 1.762 1.611 1.554 1.506 1.414 1.317 1.241 1.169 1.109 1.071 1.04 1.019 1.001 0.9873 0.9825 0.9828 0.9811 0.9811 0.9792 0.9531 0.9274 0.8773 0.8171 0.7432 0.6594 0.5661 0.4725 0.3811 0.2987 0.2215 0.1581 0 0 0 0 0 0 0 0 0 0 0 1 1 1 1 1 1 1 1 1 1 1 1 1 1 1 1 1 1 1 1 1 .
Final weights: 
1 1 1 1 1 1 1 1 1 1 1.616 1.923 1.917 1.762 1.611 1.554 1.506 1.414 1.317 1.241 1.169 1.109 1.071 1.04 1.019 1.001 0.9873 0.9825 0.9828 0.9811 0.9811 0.9792 0.9531 0.9274 0.8773 0.8171 0.7432 0.6594 0.5661 0.4725 0.3811 0.2987 0.2215 0.1581 0 0 0 0 0 0 0 0 0 0 0 1 1 1 1 1 1 1 1 1 1 1 1 1 1 1 1 1 1 1 1 1 .
Normalization of pu_mc: 1
Normalization of pileup: 2.014e+10
Weights for variable pu_mc with a number of bins equal to 76:
1 1 1 1 1 1 1 1 1 1 2.784 3.074 2.661 2.24 1.976 1.881 1.801 1.669 1.544 1.453 1.364 1.27 1.186 1.113 1.061 1.016 0.9702 0.9245 0.8754 0.8192 0.7629 0.7065 0.6366 0.5722 0.4984 0.4252 0.3515 0.2804 0.2137 0.1564 0.1092 0 0 0 0 0 0 0 0 0 0 0 0 0 0 1 1 1 1 1 1 1 1 1 1 1 1 1 1 1 1 1 1 1 1 1 .
For maximum weight 3.074: integral relative change: 0
Final weights: 
1 1 1 1 1 1 1 1 1 1 2.784 3.074 2.661 2.24 1.976 1.881 1.801 1.669 1.544 1.453 1.364 1.27 1.186 1.113 1.061 1.016 0.9702 0.9245 0.8754 0.8192 0.7629 0.7065 0.6366 0.5722 0.4984 0.4252 0.3515 0.2804 0.2137 0.1564 0.1092 0 0 0 0 0 0 0 0 0 0 0 0 0 0 1 1 1 1 1 1 1 1 1 1 1 1 1 1 1 1 1 1 1 1 1 .
begin job of lepCalProducer
initializing all the rochester correction objects
initializing the egamma calibrator
Processed 11250000/15246249 entries (elapsed time     0.2s, curr speed   41.667 kHz, avg speed 46875.000 kHz), accepted        1/       1 events (100.00%)
Processed 11260000/15246249 entries (elapsed time    12.1s, curr speed    0.843 kHz, avg speed  930.579 kHz), accepted    10001/   10001 events (100.00%)
Processed 11270000/15246249 entries (elapsed time    24.4s, curr speed    0.814 kHz, avg speed  462.075 kHz), accepted    20001/   20001 events (100.00%)
Processed 11280000/15246249 entries (elapsed time    36.9s, curr speed    0.801 kHz, avg speed  305.857 kHz), accepted    30001/   30001 events (100.00%)
Processed 11290000/15246249 entries (elapsed time    48.9s, curr speed    0.831 kHz, avg speed  230.785 kHz), accepted    40001/   40001 events (100.00%)
Processed 11300000/15246249 entries (elapsed time    61.2s, curr speed    0.816 kHz, avg speed  184.701 kHz), accepted    50001/   50001 events (100.00%)
Processed 11310000/15246249 entries (elapsed time    73.3s, curr speed    0.828 kHz, avg speed  154.382 kHz), accepted    60001/   60001 events (100.00%)
Processed 11320000/15246249 entries (elapsed time    84.6s, curr speed    0.880 kHz, avg speed  133.775 kHz), accepted    70001/   70001 events (100.00%)
Processed 11330000/15246249 entries (elapsed time    94.7s, curr speed    0.989 kHz, avg speed  119.603 kHz), accepted    80001/   80001 events (100.00%)
Processed 11340000/15246249 entries (elapsed time   104.7s, curr speed    1.002 kHz, avg speed  108.299 kHz), accepted    90001/   90001 events (100.00%)
Processed 11350000/15246249 entries (elapsed time   114.8s, curr speed    0.994 kHz, avg speed   98.893 kHz), accepted   100001/  100001 events (100.00%)
Processed 11360000/15246249 entries (elapsed time   124.9s, curr speed    0.986 kHz, avg speed   90.945 kHz), accepted   110001/  110001 events (100.00%)
Processed 11370000/15246249 entries (elapsed time   135.0s, curr speed    0.993 kHz, avg speed   84.235 kHz), accepted   120001/  120001 events (100.00%)
Processed 11380000/15246249 entries (elapsed time   158.7s, curr speed    0.422 kHz, avg speed   71.712 kHz), accepted   130001/  130001 events (100.00%)
Processed 11390000/15246249 entries (elapsed time   169.0s, curr speed    0.967 kHz, avg speed   67.384 kHz), accepted   140001/  140001 events (100.00%)
Processed 11400000/15246249 entries (elapsed time   179.5s, curr speed    0.959 kHz, avg speed   63.524 kHz), accepted   150001/  150001 events (100.00%)
Processed 11410000/15246249 entries (elapsed time   189.8s, curr speed    0.966 kHz, avg speed   60.113 kHz), accepted   160001/  160001 events (100.00%)
Processed 11420000/15246249 entries (elapsed time   200.3s, curr speed    0.956 kHz, avg speed   57.023 kHz), accepted   170001/  170001 events (100.00%)
Processed 11430000/15246249 entries (elapsed time   210.7s, curr speed    0.960 kHz, avg speed   54.250 kHz), accepted   180001/  180001 events (100.00%)
Processed 11440000/15246249 entries (elapsed time   220.9s, curr speed    0.975 kHz, avg speed   51.776 kHz), accepted   190001/  190001 events (100.00%)
Processed 11450000/15246249 entries (elapsed time   245.8s, curr speed    0.403 kHz, avg speed   46.590 kHz), accepted   200001/  200001 events (100.00%)
Processed 11460000/15246249 entries (elapsed time   256.8s, curr speed    0.903 kHz, avg speed   44.621 kHz), accepted   210001/  210001 events (100.00%)
Processed 11470000/15246249 entries (elapsed time   267.4s, curr speed    0.943 kHz, avg speed   42.888 kHz), accepted   220001/  220001 events (100.00%)
Processed 11480000/15246249 entries (elapsed time   277.6s, curr speed    0.986 kHz, avg speed   41.357 kHz), accepted   230001/  230001 events (100.00%)
Processed 11490000/15246249 entries (elapsed time   287.7s, curr speed    0.984 kHz, avg speed   39.932 kHz), accepted   240001/  240001 events (100.00%)
Processed 250000 entries from MY_EOS_SPACE/heppyNtuples/TREES_SingleMuon2016BCDEF_94X/SingleMuon_Run2016B_part1/treeProducerWMass/tree.root, selected 250000 entries
Done MY_EOS_SPACE/heppyNtuples/TREES_SingleMuon2016BCDEF_94X/friends/tree_Friend_SingleMuon_Run2016B_part1.chunk45.root
