000 (322892.016.000) 05/10 15:24:52 Job submitted from host: <188.184.95.166:9618?addrs=188.184.95.166-9618+[2001-1458-201-e4--100-7a0]-9618&alias=tbird02.cern.ch&noUDP&sock=schedd_2138722_faad_3>
...
040 (322892.016.000) 05/10 15:33:26 Started transferring input files
	Transferring to host: <128.142.240.18:9618?addrs=128.142.240.18-9618+[2001-1458-301-f9--100-23]-9618&noUDP&sock=4085_007f_128247>
...
040 (322892.016.000) 05/10 15:33:26 Finished transferring input files
...
001 (322892.016.000) 05/10 15:33:27 Job executing on host: <128.142.240.18:9618?addrs=128.142.240.18-9618+[2001-1458-301-f9--100-23]-9618&noUDP&sock=2329_1429_3>
...
006 (322892.016.000) 05/10 15:33:36 Image size of job updated: 314444
	227  -  MemoryUsage of job (MB)
	231464  -  ResidentSetSize of job (KB)
...
006 (322892.016.000) 05/10 15:38:37 Image size of job updated: 491340
	478  -  MemoryUsage of job (MB)
	488996  -  ResidentSetSize of job (KB)
...
040 (322892.016.000) 05/10 15:39:16 Started transferring output files
...
040 (322892.016.000) 05/10 15:39:16 Finished transferring output files
...
005 (322892.016.000) 05/10 15:39:16 Job terminated.
	(1) Normal termination (return value 1)
		Usr 0 00:05:11, Sys 0 00:00:33  -  Run Remote Usage
		Usr 0 00:00:00, Sys 0 00:00:00  -  Run Local Usage
		Usr 0 00:05:11, Sys 0 00:00:33  -  Total Remote Usage
		Usr 0 00:00:00, Sys 0 00:00:00  -  Total Local Usage
	9477  -  Run Bytes Sent By Job
	10941  -  Run Bytes Received By Job
	9477  -  Total Bytes Sent By Job
	10941  -  Total Bytes Received By Job
	Partitionable Resources :    Usage  Request Allocated 
	   Cpus                 :                 1           
	   Disk (KB)            :       72        1   2192852 
	   Memory (MB)          :      478     2000      2000 
...
