   SingleMuon_Run2016E_part3   DATA  63 chunks


I have 1 taks to process
I'm using the following list of modules DEFAULT_MODULES
this is jobs [('SingleMuon_Run2016E_part3', 'MY_EOS_SPACE/heppyNtuples/TREES_SingleMuon2016BCDEF_94X/SingleMuon_Run2016E_part3/treeProducerWMass/tree.root', 25290424.0, '_Friend_SingleMuon_Run2016E_part3.chunk42', True, xrange(10500000, 10750000), 42)]
Modules to run:  []   name =  puWeight
Loading puWeight from CMGTools.WMass.postprocessing.examples.puWeightProducer 
Running on dataset =  SingleMuon_Run2016E_part3
TFile: name=/afs/cern.ch/work/m/mciprian/w_mass_analysis/heppy/rel_slc7/CMSSW_9_4_12/src/CMGTools/WMass/python/postprocessing/data/pileup/pileup_profile_Summer16.root, title=, option=READ
TFile: name=/afs/cern.ch/work/m/mciprian/w_mass_analysis/heppy/rel_slc7/CMSSW_9_4_12/src/CMGTools/WMass/python/postprocessing/data/pileup/PileupData_GoldenJSON_Full2016.root, title=, option=READ
Load C++ Worker
Modules to run:  []   name =  puWeight2016BF
Loading puWeight2016BF from CMGTools.WMass.postprocessing.examples.puWeightProducer 
Running on dataset =  SingleMuon_Run2016E_part3
TFile: name=/afs/cern.ch/work/m/mciprian/w_mass_analysis/heppy/rel_slc7/CMSSW_9_4_12/src/CMGTools/WMass/python/postprocessing/data/pileup/pileup_profile_Summer16.root, title=, option=READ
TFile: name=/afs/cern.ch/work/m/mciprian/w_mass_analysis/heppy/rel_slc7/CMSSW_9_4_12/src/CMGTools/WMass/python/postprocessing/data/pileup/PileupData_GoldenJSON_2016BF.root, title=, option=READ
Modules to run:  []   name =  lepQCDAwayJetAll
Loading lepQCDAwayJetAll from CMGTools.WMass.postprocessing.examples.lepVarProducer 
Running on dataset =  SingleMuon_Run2016E_part3
Modules to run:  []   name =  muCalibratedWithStatVar
Loading muCalibratedWithStatVar from CMGTools.WMass.postprocessing.examples.lepVarProducer 
Running on dataset =  SingleMuon_Run2016E_part3
did not find EnergyScaleCorrection shared object, rebuilding
trying to load all the rochester correction libraries
did not find legacy data roccor. rebuilding...
done building legacy data roccor.
Modules to run:  []   name =  jetAllReCleaner
Loading jetAllReCleaner from CMGTools.WMass.postprocessing.examples.jetReCleaner 
Running on dataset =  SingleMuon_Run2016E_part3
Load C++ Worker
Modules to run:  []   name =  jetReCleaner
Loading jetReCleaner from CMGTools.WMass.postprocessing.examples.jetReCleaner 
Running on dataset =  SingleMuon_Run2016E_part3
Load C++ Worker
Modules to run:  []   name =  genQEDJets
Loading genQEDJets from CMGTools.WMass.postprocessing.examples.genFriendProducer 
Running on dataset =  SingleMuon_Run2016E_part3
Will write selected trees to MY_EOS_SPACE/heppyNtuples/TREES_SingleMuon2016BCDEF_94X/friends/
Normalization of pu_mc: 0.999973
Normalization of pileup: 3.65129e+10
Weights for variable pu_mc with a number of bins equal to 76:
1 1 1 1 1 1 1 1 1 1 1.616 1.923 1.917 1.762 1.611 1.554 1.506 1.414 1.317 1.241 1.169 1.109 1.071 1.04 1.019 1.001 0.9873 0.9825 0.9828 0.9811 0.9811 0.9792 0.9531 0.9274 0.8773 0.8171 0.7432 0.6594 0.5661 0.4725 0.3811 0.2987 0.2215 0.1581 0 0 0 0 0 0 0 0 0 0 0 1 1 1 1 1 1 1 1 1 1 1 1 1 1 1 1 1 1 1 1 1 .
Final weights: 
1 1 1 1 1 1 1 1 1 1 1.616 1.923 1.917 1.762 1.611 1.554 1.506 1.414 1.317 1.241 1.169 1.109 1.071 1.04 1.019 1.001 0.9873 0.9825 0.9828 0.9811 0.9811 0.9792 0.9531 0.9274 0.8773 0.8171 0.7432 0.6594 0.5661 0.4725 0.3811 0.2987 0.2215 0.1581 0 0 0 0 0 0 0 0 0 0 0 1 1 1 1 1 1 1 1 1 1 1 1 1 1 1 1 1 1 1 1 1 .
Normalization of pu_mc: 1
Normalization of pileup: 2.014e+10
Weights for variable pu_mc with a number of bins equal to 76:
1 1 1 1 1 1 1 1 1 1 2.784 3.074 2.661 2.24 1.976 1.881 1.801 1.669 1.544 1.453 1.364 1.27 1.186 1.113 1.061 1.016 0.9702 0.9245 0.8754 0.8192 0.7629 0.7065 0.6366 0.5722 0.4984 0.4252 0.3515 0.2804 0.2137 0.1564 0.1092 0 0 0 0 0 0 0 0 0 0 0 0 0 0 1 1 1 1 1 1 1 1 1 1 1 1 1 1 1 1 1 1 1 1 1 .
For maximum weight 3.074: integral relative change: 0
Final weights: 
1 1 1 1 1 1 1 1 1 1 2.784 3.074 2.661 2.24 1.976 1.881 1.801 1.669 1.544 1.453 1.364 1.27 1.186 1.113 1.061 1.016 0.9702 0.9245 0.8754 0.8192 0.7629 0.7065 0.6366 0.5722 0.4984 0.4252 0.3515 0.2804 0.2137 0.1564 0.1092 0 0 0 0 0 0 0 0 0 0 0 0 0 0 1 1 1 1 1 1 1 1 1 1 1 1 1 1 1 1 1 1 1 1 1 .
begin job of lepCalProducer
initializing all the rochester correction objects
initializing the egamma calibrator
Processed 10500000/15566622 entries (elapsed time     0.3s, curr speed   34.483 kHz, avg speed 36206.897 kHz), accepted        1/       1 events (100.00%)
Processed 10510000/15566622 entries (elapsed time    13.4s, curr speed    0.762 kHz, avg speed  783.743 kHz), accepted    10001/   10001 events (100.00%)
Processed 10520000/15566622 entries (elapsed time    27.1s, curr speed    0.729 kHz, avg speed  387.906 kHz), accepted    20001/   20001 events (100.00%)
Processed 10530000/15566622 entries (elapsed time    40.9s, curr speed    0.727 kHz, avg speed  257.646 kHz), accepted    30001/   30001 events (100.00%)
Processed 10540000/15566622 entries (elapsed time    55.0s, curr speed    0.709 kHz, avg speed  191.741 kHz), accepted    40001/   40001 events (100.00%)
Processed 10550000/15566622 entries (elapsed time    68.9s, curr speed    0.720 kHz, avg speed  153.209 kHz), accepted    50001/   50001 events (100.00%)
Processed 10560000/15566622 entries (elapsed time    82.8s, curr speed    0.716 kHz, avg speed  127.490 kHz), accepted    60001/   60001 events (100.00%)
Processed 10570000/15566622 entries (elapsed time    95.7s, curr speed    0.776 kHz, avg speed  110.426 kHz), accepted    70001/   70001 events (100.00%)
Processed 10580000/15566622 entries (elapsed time   107.2s, curr speed    0.870 kHz, avg speed   98.676 kHz), accepted    80001/   80001 events (100.00%)
Processed 10590000/15566622 entries (elapsed time   118.8s, curr speed    0.861 kHz, avg speed   89.119 kHz), accepted    90001/   90001 events (100.00%)
Processed 10600000/15566622 entries (elapsed time   130.1s, curr speed    0.887 kHz, avg speed   81.470 kHz), accepted   100001/  100001 events (100.00%)
Processed 10610000/15566622 entries (elapsed time   141.5s, curr speed    0.876 kHz, avg speed   74.972 kHz), accepted   110001/  110001 events (100.00%)
Processed 10620000/15566622 entries (elapsed time   153.0s, curr speed    0.871 kHz, avg speed   69.412 kHz), accepted   120001/  120001 events (100.00%)
Processed 10630000/15566622 entries (elapsed time   179.7s, curr speed    0.374 kHz, avg speed   59.151 kHz), accepted   130001/  130001 events (100.00%)
Processed 10640000/15566622 entries (elapsed time   191.3s, curr speed    0.864 kHz, avg speed   55.622 kHz), accepted   140001/  140001 events (100.00%)
Processed 10650000/15566622 entries (elapsed time   202.7s, curr speed    0.873 kHz, avg speed   52.530 kHz), accepted   150001/  150001 events (100.00%)
Processed 10660000/15566622 entries (elapsed time   214.2s, curr speed    0.869 kHz, avg speed   49.755 kHz), accepted   160001/  160001 events (100.00%)
Processed 10670000/15566622 entries (elapsed time   225.5s, curr speed    0.890 kHz, avg speed   47.321 kHz), accepted   170001/  170001 events (100.00%)
Processed 10680000/15566622 entries (elapsed time   236.7s, curr speed    0.889 kHz, avg speed   45.115 kHz), accepted   180001/  180001 events (100.00%)
Processed 10690000/15566622 entries (elapsed time   248.2s, curr speed    0.868 kHz, avg speed   43.061 kHz), accepted   190001/  190001 events (100.00%)
Processed 10700000/15566622 entries (elapsed time   274.4s, curr speed    0.383 kHz, avg speed   38.996 kHz), accepted   200001/  200001 events (100.00%)
Processed 10710000/15566622 entries (elapsed time   285.4s, curr speed    0.907 kHz, avg speed   37.525 kHz), accepted   210001/  210001 events (100.00%)
Processed 10720000/15566622 entries (elapsed time   296.7s, curr speed    0.889 kHz, avg speed   36.136 kHz), accepted   220001/  220001 events (100.00%)
Processed 10730000/15566622 entries (elapsed time   307.8s, curr speed    0.899 kHz, avg speed   34.863 kHz), accepted   230001/  230001 events (100.00%)
Processed 10740000/15566622 entries (elapsed time   319.1s, curr speed    0.887 kHz, avg speed   33.661 kHz), accepted   240001/  240001 events (100.00%)
Processed 250000 entries from MY_EOS_SPACE/heppyNtuples/TREES_SingleMuon2016BCDEF_94X/SingleMuon_Run2016E_part3/treeProducerWMass/tree.root, selected 250000 entries
Done MY_EOS_SPACE/heppyNtuples/TREES_SingleMuon2016BCDEF_94X/friends/tree_Friend_SingleMuon_Run2016E_part3.chunk42.root
