000 (322889.010.000) 05/10 15:24:49 Job submitted from host: <188.184.95.166:9618?addrs=188.184.95.166-9618+[2001-1458-201-e4--100-7a0]-9618&alias=tbird02.cern.ch&noUDP&sock=schedd_2138722_faad_3>
...
040 (322889.010.000) 05/10 15:31:40 Started transferring input files
	Transferring to host: <128.142.240.12:9618?addrs=128.142.240.12-9618+[2001-1458-301-f9--100-10]-9618&noUDP&sock=4004_ee1c_126700>
...
040 (322889.010.000) 05/10 15:31:40 Finished transferring input files
...
001 (322889.010.000) 05/10 15:31:41 Job executing on host: <128.142.240.12:9618?addrs=128.142.240.12-9618+[2001-1458-301-f9--100-10]-9618&noUDP&sock=2389_3bd8_3>
...
006 (322889.010.000) 05/10 15:31:49 Image size of job updated: 301624
	213  -  MemoryUsage of job (MB)
	217104  -  ResidentSetSize of job (KB)
...
006 (322889.010.000) 05/10 15:36:49 Image size of job updated: 573232
	477  -  MemoryUsage of job (MB)
	487744  -  ResidentSetSize of job (KB)
...
006 (322889.010.000) 05/10 15:37:33 Image size of job updated: 575208
	477  -  MemoryUsage of job (MB)
	487744  -  ResidentSetSize of job (KB)
...
040 (322889.010.000) 05/10 15:37:33 Started transferring output files
...
040 (322889.010.000) 05/10 15:37:33 Finished transferring output files
...
005 (322889.010.000) 05/10 15:37:33 Job terminated.
	(1) Normal termination (return value 1)
		Usr 0 00:05:15, Sys 0 00:00:31  -  Run Remote Usage
		Usr 0 00:00:00, Sys 0 00:00:00  -  Run Local Usage
		Usr 0 00:05:15, Sys 0 00:00:31  -  Total Remote Usage
		Usr 0 00:00:00, Sys 0 00:00:00  -  Total Local Usage
	9476  -  Run Bytes Sent By Job
	10941  -  Run Bytes Received By Job
	9476  -  Total Bytes Sent By Job
	10941  -  Total Bytes Received By Job
	Partitionable Resources :    Usage  Request Allocated 
	   Cpus                 :                 1           
	   Disk (KB)            :       72        1   2099443 
	   Memory (MB)          :      477     2000      2000 
...
