   SingleMuon_Run2016E_part3   DATA  63 chunks


I have 1 taks to process
I'm using the following list of modules DEFAULT_MODULES
this is jobs [('SingleMuon_Run2016E_part3', 'MY_EOS_SPACE/heppyNtuples/TREES_SingleMuon2016BCDEF_94X/SingleMuon_Run2016E_part3/treeProducerWMass/tree.root', 25290424.0, '_Friend_SingleMuon_Run2016E_part3.chunk55', True, xrange(13750000, 14000000), 55)]
Modules to run:  []   name =  puWeight
Loading puWeight from CMGTools.WMass.postprocessing.examples.puWeightProducer 
Running on dataset =  SingleMuon_Run2016E_part3
TFile: name=/afs/cern.ch/work/m/mciprian/w_mass_analysis/heppy/rel_slc7/CMSSW_9_4_12/src/CMGTools/WMass/python/postprocessing/data/pileup/pileup_profile_Summer16.root, title=, option=READ
TFile: name=/afs/cern.ch/work/m/mciprian/w_mass_analysis/heppy/rel_slc7/CMSSW_9_4_12/src/CMGTools/WMass/python/postprocessing/data/pileup/PileupData_GoldenJSON_Full2016.root, title=, option=READ
Load C++ Worker
Modules to run:  []   name =  puWeight2016BF
Loading puWeight2016BF from CMGTools.WMass.postprocessing.examples.puWeightProducer 
Running on dataset =  SingleMuon_Run2016E_part3
TFile: name=/afs/cern.ch/work/m/mciprian/w_mass_analysis/heppy/rel_slc7/CMSSW_9_4_12/src/CMGTools/WMass/python/postprocessing/data/pileup/pileup_profile_Summer16.root, title=, option=READ
TFile: name=/afs/cern.ch/work/m/mciprian/w_mass_analysis/heppy/rel_slc7/CMSSW_9_4_12/src/CMGTools/WMass/python/postprocessing/data/pileup/PileupData_GoldenJSON_2016BF.root, title=, option=READ
Modules to run:  []   name =  lepQCDAwayJetAll
Loading lepQCDAwayJetAll from CMGTools.WMass.postprocessing.examples.lepVarProducer 
Running on dataset =  SingleMuon_Run2016E_part3
Modules to run:  []   name =  muCalibratedWithStatVar
Loading muCalibratedWithStatVar from CMGTools.WMass.postprocessing.examples.lepVarProducer 
Running on dataset =  SingleMuon_Run2016E_part3
did not find EnergyScaleCorrection shared object, rebuilding
trying to load all the rochester correction libraries
did not find legacy data roccor. rebuilding...
done building legacy data roccor.
Modules to run:  []   name =  jetAllReCleaner
Loading jetAllReCleaner from CMGTools.WMass.postprocessing.examples.jetReCleaner 
Running on dataset =  SingleMuon_Run2016E_part3
Load C++ Worker
Modules to run:  []   name =  jetReCleaner
Loading jetReCleaner from CMGTools.WMass.postprocessing.examples.jetReCleaner 
Running on dataset =  SingleMuon_Run2016E_part3
Load C++ Worker
Modules to run:  []   name =  genQEDJets
Loading genQEDJets from CMGTools.WMass.postprocessing.examples.genFriendProducer 
Running on dataset =  SingleMuon_Run2016E_part3
Will write selected trees to MY_EOS_SPACE/heppyNtuples/TREES_SingleMuon2016BCDEF_94X/friends/
Normalization of pu_mc: 0.999973
Normalization of pileup: 3.65129e+10
Weights for variable pu_mc with a number of bins equal to 76:
1 1 1 1 1 1 1 1 1 1 1.616 1.923 1.917 1.762 1.611 1.554 1.506 1.414 1.317 1.241 1.169 1.109 1.071 1.04 1.019 1.001 0.9873 0.9825 0.9828 0.9811 0.9811 0.9792 0.9531 0.9274 0.8773 0.8171 0.7432 0.6594 0.5661 0.4725 0.3811 0.2987 0.2215 0.1581 0 0 0 0 0 0 0 0 0 0 0 1 1 1 1 1 1 1 1 1 1 1 1 1 1 1 1 1 1 1 1 1 .
Final weights: 
1 1 1 1 1 1 1 1 1 1 1.616 1.923 1.917 1.762 1.611 1.554 1.506 1.414 1.317 1.241 1.169 1.109 1.071 1.04 1.019 1.001 0.9873 0.9825 0.9828 0.9811 0.9811 0.9792 0.9531 0.9274 0.8773 0.8171 0.7432 0.6594 0.5661 0.4725 0.3811 0.2987 0.2215 0.1581 0 0 0 0 0 0 0 0 0 0 0 1 1 1 1 1 1 1 1 1 1 1 1 1 1 1 1 1 1 1 1 1 .
Normalization of pu_mc: 1
Normalization of pileup: 2.014e+10
Weights for variable pu_mc with a number of bins equal to 76:
1 1 1 1 1 1 1 1 1 1 2.784 3.074 2.661 2.24 1.976 1.881 1.801 1.669 1.544 1.453 1.364 1.27 1.186 1.113 1.061 1.016 0.9702 0.9245 0.8754 0.8192 0.7629 0.7065 0.6366 0.5722 0.4984 0.4252 0.3515 0.2804 0.2137 0.1564 0.1092 0 0 0 0 0 0 0 0 0 0 0 0 0 0 1 1 1 1 1 1 1 1 1 1 1 1 1 1 1 1 1 1 1 1 1 .
For maximum weight 3.074: integral relative change: 0
Final weights: 
1 1 1 1 1 1 1 1 1 1 2.784 3.074 2.661 2.24 1.976 1.881 1.801 1.669 1.544 1.453 1.364 1.27 1.186 1.113 1.061 1.016 0.9702 0.9245 0.8754 0.8192 0.7629 0.7065 0.6366 0.5722 0.4984 0.4252 0.3515 0.2804 0.2137 0.1564 0.1092 0 0 0 0 0 0 0 0 0 0 0 0 0 0 1 1 1 1 1 1 1 1 1 1 1 1 1 1 1 1 1 1 1 1 1 .
begin job of lepCalProducer
initializing all the rochester correction objects
initializing the egamma calibrator
Processed 13750000/15566622 entries (elapsed time     0.3s, curr speed   33.333 kHz, avg speed 45833.333 kHz), accepted        1/       1 events (100.00%)
Processed 13760000/15566622 entries (elapsed time    14.0s, curr speed    0.732 kHz, avg speed  985.673 kHz), accepted    10001/   10001 events (100.00%)
Processed 13770000/15566622 entries (elapsed time    27.6s, curr speed    0.731 kHz, avg speed  498.191 kHz), accepted    20001/   20001 events (100.00%)
Processed 13780000/15566622 entries (elapsed time    41.1s, curr speed    0.745 kHz, avg speed  335.606 kHz), accepted    30001/   30001 events (100.00%)
Processed 13790000/15566622 entries (elapsed time    54.9s, curr speed    0.722 kHz, avg speed  251.138 kHz), accepted    40001/   40001 events (100.00%)
Processed 13800000/15566622 entries (elapsed time    68.8s, curr speed    0.722 kHz, avg speed  200.669 kHz), accepted    50001/   50001 events (100.00%)
Processed 13810000/15566622 entries (elapsed time    82.4s, curr speed    0.733 kHz, avg speed  167.556 kHz), accepted    60001/   60001 events (100.00%)
Processed 13820000/15566622 entries (elapsed time    95.0s, curr speed    0.792 kHz, avg speed  145.412 kHz), accepted    70001/   70001 events (100.00%)
Processed 13830000/15566622 entries (elapsed time   106.2s, curr speed    0.894 kHz, avg speed  130.189 kHz), accepted    80001/   80001 events (100.00%)
Processed 13840000/15566622 entries (elapsed time   117.4s, curr speed    0.894 kHz, avg speed  117.878 kHz), accepted    90001/   90001 events (100.00%)
Processed 13850000/15566622 entries (elapsed time   128.9s, curr speed    0.871 kHz, avg speed  107.456 kHz), accepted   100001/  100001 events (100.00%)
Processed 13860000/15566622 entries (elapsed time   140.4s, curr speed    0.872 kHz, avg speed   98.746 kHz), accepted   110001/  110001 events (100.00%)
Processed 13870000/15566622 entries (elapsed time   151.6s, curr speed    0.893 kHz, avg speed   91.515 kHz), accepted   120001/  120001 events (100.00%)
Processed 13880000/15566622 entries (elapsed time   178.5s, curr speed    0.371 kHz, avg speed   77.755 kHz), accepted   130001/  130001 events (100.00%)
Processed 13890000/15566622 entries (elapsed time   190.1s, curr speed    0.860 kHz, avg speed   73.051 kHz), accepted   140001/  140001 events (100.00%)
Processed 13900000/15566622 entries (elapsed time   201.7s, curr speed    0.867 kHz, avg speed   68.921 kHz), accepted   150001/  150001 events (100.00%)
Processed 13910000/15566622 entries (elapsed time   213.1s, curr speed    0.879 kHz, avg speed   65.287 kHz), accepted   160001/  160001 events (100.00%)
Processed 13920000/15566622 entries (elapsed time   224.4s, curr speed    0.885 kHz, avg speed   62.043 kHz), accepted   170001/  170001 events (100.00%)
Processed 13930000/15566622 entries (elapsed time   235.7s, curr speed    0.883 kHz, avg speed   59.103 kHz), accepted   180001/  180001 events (100.00%)
Processed 13940000/15566622 entries (elapsed time   247.0s, curr speed    0.883 kHz, avg speed   56.433 kHz), accepted   190001/  190001 events (100.00%)
Processed 13950000/15566622 entries (elapsed time   273.7s, curr speed    0.375 kHz, avg speed   50.966 kHz), accepted   200001/  200001 events (100.00%)
Processed 13960000/15566622 entries (elapsed time   285.3s, curr speed    0.862 kHz, avg speed   48.929 kHz), accepted   210001/  210001 events (100.00%)
Processed 13970000/15566622 entries (elapsed time   297.0s, curr speed    0.858 kHz, avg speed   47.043 kHz), accepted   220001/  220001 events (100.00%)
Processed 13980000/15566622 entries (elapsed time   308.8s, curr speed    0.844 kHz, avg speed   45.271 kHz), accepted   230001/  230001 events (100.00%)
Processed 13990000/15566622 entries (elapsed time   320.2s, curr speed    0.875 kHz, avg speed   43.686 kHz), accepted   240001/  240001 events (100.00%)
Processed 250000 entries from MY_EOS_SPACE/heppyNtuples/TREES_SingleMuon2016BCDEF_94X/SingleMuon_Run2016E_part3/treeProducerWMass/tree.root, selected 250000 entries
Done MY_EOS_SPACE/heppyNtuples/TREES_SingleMuon2016BCDEF_94X/friends/tree_Friend_SingleMuon_Run2016E_part3.chunk55.root
