000 (322881.023.000) 05/10 15:24:42 Job submitted from host: <188.184.95.166:9618?addrs=188.184.95.166-9618+[2001-1458-201-e4--100-7a0]-9618&alias=tbird02.cern.ch&noUDP&sock=schedd_2138722_faad_3>
...
040 (322881.023.000) 05/10 15:25:46 Started transferring input files
	Transferring to host: <128.142.33.184:9618?addrs=128.142.33.184-9618+[2001-1458-301-117--100-2d8]-9618&noUDP&sock=13080_cb0d_102194>
...
040 (322881.023.000) 05/10 15:25:46 Finished transferring input files
...
001 (322881.023.000) 05/10 15:25:47 Job executing on host: <128.142.33.184:9618?addrs=128.142.33.184-9618+[2001-1458-301-117--100-2d8]-9618&noUDP&sock=12872_b328_3>
...
006 (322881.023.000) 05/10 15:25:55 Image size of job updated: 248696
	166  -  MemoryUsage of job (MB)
	169628  -  ResidentSetSize of job (KB)
...
006 (322881.023.000) 05/10 15:30:55 Image size of job updated: 578640
	482  -  MemoryUsage of job (MB)
	492568  -  ResidentSetSize of job (KB)
...
006 (322881.023.000) 05/10 15:30:59 Image size of job updated: 903672
	482  -  MemoryUsage of job (MB)
	492568  -  ResidentSetSize of job (KB)
...
040 (322881.023.000) 05/10 15:30:59 Started transferring output files
...
040 (322881.023.000) 05/10 15:30:59 Finished transferring output files
...
005 (322881.023.000) 05/10 15:30:59 Job terminated.
	(1) Normal termination (return value 1)
		Usr 0 00:04:35, Sys 0 00:00:31  -  Run Remote Usage
		Usr 0 00:00:00, Sys 0 00:00:00  -  Run Local Usage
		Usr 0 00:04:35, Sys 0 00:00:31  -  Total Remote Usage
		Usr 0 00:00:00, Sys 0 00:00:00  -  Total Local Usage
	9477  -  Run Bytes Sent By Job
	10941  -  Run Bytes Received By Job
	9477  -  Total Bytes Sent By Job
	10941  -  Total Bytes Received By Job
	Partitionable Resources :    Usage  Request Allocated 
	   Cpus                 :                 1           
	   Disk (KB)            :       72        1   2139790 
	   Memory (MB)          :      482     2000      2000 
...
