000 (322896.061.000) 05/10 15:24:56 Job submitted from host: <188.184.95.166:9618?addrs=188.184.95.166-9618+[2001-1458-201-e4--100-7a0]-9618&alias=tbird02.cern.ch&noUDP&sock=schedd_2138722_faad_3>
...
040 (322896.061.000) 05/10 15:37:10 Started transferring input files
	Transferring to host: <128.142.33.155:9618?addrs=128.142.33.155-9618+[2001-1458-301-117--100-30f]-9618&noUDP&sock=3037_9755_101505>
...
040 (322896.061.000) 05/10 15:37:10 Finished transferring input files
...
001 (322896.061.000) 05/10 15:37:11 Job executing on host: <128.142.33.155:9618?addrs=128.142.33.155-9618+[2001-1458-301-117--100-30f]-9618&noUDP&sock=2273_aadb_3>
...
006 (322896.061.000) 05/10 15:37:20 Image size of job updated: 102832
	58  -  MemoryUsage of job (MB)
	59324  -  ResidentSetSize of job (KB)
...
006 (322896.061.000) 05/10 15:42:21 Image size of job updated: 494744
	482  -  MemoryUsage of job (MB)
	493372  -  ResidentSetSize of job (KB)
...
040 (322896.061.000) 05/10 15:43:55 Started transferring output files
...
040 (322896.061.000) 05/10 15:43:55 Finished transferring output files
...
005 (322896.061.000) 05/10 15:43:55 Job terminated.
	(1) Normal termination (return value 1)
		Usr 0 00:05:22, Sys 0 00:00:37  -  Run Remote Usage
		Usr 0 00:00:00, Sys 0 00:00:00  -  Run Local Usage
		Usr 0 00:05:22, Sys 0 00:00:37  -  Total Remote Usage
		Usr 0 00:00:00, Sys 0 00:00:00  -  Total Local Usage
	9479  -  Run Bytes Sent By Job
	10941  -  Run Bytes Received By Job
	9479  -  Total Bytes Sent By Job
	10941  -  Total Bytes Received By Job
	Partitionable Resources :    Usage  Request Allocated 
	   Cpus                 :                 1           
	   Disk (KB)            :       72        1   2128104 
	   Memory (MB)          :      482     2000      2000 
...
