000 (322892.010.000) 05/10 15:24:52 Job submitted from host: <188.184.95.166:9618?addrs=188.184.95.166-9618+[2001-1458-201-e4--100-7a0]-9618&alias=tbird02.cern.ch&noUDP&sock=schedd_2138722_faad_3>
...
040 (322892.010.000) 05/10 15:33:08 Started transferring input files
	Transferring to host: <188.184.186.47:9618?addrs=188.184.186.47-9618+[2001-1458-301-f8--100-1c]-9618&noUDP&sock=3834_2655_126417>
...
040 (322892.010.000) 05/10 15:33:08 Finished transferring input files
...
001 (322892.010.000) 05/10 15:33:09 Job executing on host: <188.184.186.47:9618?addrs=188.184.186.47-9618+[2001-1458-301-f8--100-1c]-9618&noUDP&sock=2342_fee4_3>
...
006 (322892.010.000) 05/10 15:33:18 Image size of job updated: 334424
	244  -  MemoryUsage of job (MB)
	249100  -  ResidentSetSize of job (KB)
...
006 (322892.010.000) 05/10 15:38:19 Image size of job updated: 491384
	479  -  MemoryUsage of job (MB)
	490012  -  ResidentSetSize of job (KB)
...
040 (322892.010.000) 05/10 15:38:46 Started transferring output files
...
040 (322892.010.000) 05/10 15:38:46 Finished transferring output files
...
005 (322892.010.000) 05/10 15:38:46 Job terminated.
	(1) Normal termination (return value 1)
		Usr 0 00:04:59, Sys 0 00:00:35  -  Run Remote Usage
		Usr 0 00:00:00, Sys 0 00:00:00  -  Run Local Usage
		Usr 0 00:04:59, Sys 0 00:00:35  -  Total Remote Usage
		Usr 0 00:00:00, Sys 0 00:00:00  -  Total Local Usage
	9477  -  Run Bytes Sent By Job
	10941  -  Run Bytes Received By Job
	9477  -  Total Bytes Sent By Job
	10941  -  Total Bytes Received By Job
	Partitionable Resources :    Usage  Request Allocated 
	   Cpus                 :                 1           
	   Disk (KB)            :       72        1   2123936 
	   Memory (MB)          :      479     2000      2000 
...
