000 (322894.060.000) 05/10 15:24:54 Job submitted from host: <188.184.95.166:9618?addrs=188.184.95.166-9618+[2001-1458-201-e4--100-7a0]-9618&alias=tbird02.cern.ch&noUDP&sock=schedd_2138722_faad_3>
...
040 (322894.060.000) 05/10 15:36:06 Started transferring input files
	Transferring to host: <128.142.240.32:9618?addrs=128.142.240.32-9618+[2001-1458-301-f9--100-2b]-9618&noUDP&sock=936_3f1f_18433>
...
040 (322894.060.000) 05/10 15:36:06 Finished transferring input files
...
001 (322894.060.000) 05/10 15:36:07 Job executing on host: <128.142.240.32:9618?addrs=128.142.240.32-9618+[2001-1458-301-f9--100-2b]-9618&noUDP&sock=2352_dad7_3>
...
006 (322894.060.000) 05/10 15:36:16 Image size of job updated: 59324
	58  -  MemoryUsage of job (MB)
	59320  -  ResidentSetSize of job (KB)
...
006 (322894.060.000) 05/10 15:41:17 Image size of job updated: 408784
	394  -  MemoryUsage of job (MB)
	403412  -  ResidentSetSize of job (KB)
...
006 (322894.060.000) 05/10 15:46:17 Image size of job updated: 494480
	478  -  MemoryUsage of job (MB)
	489108  -  ResidentSetSize of job (KB)
...
040 (322894.060.000) 05/10 15:46:24 Started transferring output files
...
040 (322894.060.000) 05/10 15:46:24 Finished transferring output files
...
005 (322894.060.000) 05/10 15:46:24 Job terminated.
	(1) Normal termination (return value 1)
		Usr 0 00:08:40, Sys 0 00:00:52  -  Run Remote Usage
		Usr 0 00:00:00, Sys 0 00:00:00  -  Run Local Usage
		Usr 0 00:08:40, Sys 0 00:00:52  -  Total Remote Usage
		Usr 0 00:00:00, Sys 0 00:00:00  -  Total Local Usage
	9479  -  Run Bytes Sent By Job
	10941  -  Run Bytes Received By Job
	9479  -  Total Bytes Sent By Job
	10941  -  Total Bytes Received By Job
	Partitionable Resources :    Usage  Request Allocated 
	   Cpus                 :     1.02        1         1 
	   Disk (KB)            :    80           1    221408 
	   Memory (MB)          :   478        2000      2000 
...
