000 (322884.044.000) 05/10 15:24:45 Job submitted from host: <188.184.95.166:9618?addrs=188.184.95.166-9618+[2001-1458-201-e4--100-7a0]-9618&alias=tbird02.cern.ch&noUDP&sock=schedd_2138722_faad_3>
...
022 (322884.044.000) 05/10 15:27:31 Job disconnected, attempting to reconnect
    Socket between submit and execute hosts closed unexpectedly
    Trying to reconnect to slot1_1@b7g28n0612.cern.ch <188.184.186.53:9618?addrs=188.184.186.53-9618+[2001-1458-301-f8--100-12]-9618&noUDP&sock=2358_f868_3>
...
024 (322884.044.000) 05/10 15:27:31 Job reconnection failed
    Job not found at execution machine
    Can not reconnect to slot1_1@b7g28n0612.cern.ch, rescheduling job
...
022 (322884.044.000) 05/10 15:28:05 Job disconnected, attempting to reconnect
    Socket between submit and execute hosts closed unexpectedly
    Trying to reconnect to slot1_2@b7g28n0320.cern.ch <188.184.186.48:9618?addrs=188.184.186.48-9618+[2001-1458-301-f8--100-23]-9618&noUDP&sock=2277_693c_3>
...
024 (322884.044.000) 05/10 15:28:05 Job reconnection failed
    Job not found at execution machine
    Can not reconnect to slot1_2@b7g28n0320.cern.ch, rescheduling job
...
040 (322884.044.000) 05/10 15:28:16 Started transferring input files
	Transferring to host: <188.184.207.149:9618?addrs=188.184.207.149-9618+[2001-1458-301-7d--100-47c]-9618&noUDP&sock=23774_af00_18286>
...
040 (322884.044.000) 05/10 15:28:16 Finished transferring input files
...
001 (322884.044.000) 05/10 15:28:17 Job executing on host: <188.184.207.149:9618?addrs=188.184.207.149-9618+[2001-1458-301-7d--100-47c]-9618&noUDP&sock=2317_d906_3>
...
006 (322884.044.000) 05/10 15:28:26 Image size of job updated: 111420
	103  -  MemoryUsage of job (MB)
	105160  -  ResidentSetSize of job (KB)
...
006 (322884.044.000) 05/10 15:33:27 Image size of job updated: 465760
	448  -  MemoryUsage of job (MB)
	457792  -  ResidentSetSize of job (KB)
...
006 (322884.044.000) 05/10 15:38:27 Image size of job updated: 498376
	481  -  MemoryUsage of job (MB)
	491620  -  ResidentSetSize of job (KB)
...
006 (322884.044.000) 05/10 15:38:39 Image size of job updated: 903448
	481  -  MemoryUsage of job (MB)
	491760  -  ResidentSetSize of job (KB)
...
040 (322884.044.000) 05/10 15:38:39 Started transferring output files
...
040 (322884.044.000) 05/10 15:38:39 Finished transferring output files
...
005 (322884.044.000) 05/10 15:38:39 Job terminated.
	(1) Normal termination (return value 1)
		Usr 0 00:08:59, Sys 0 00:00:51  -  Run Remote Usage
		Usr 0 00:00:00, Sys 0 00:00:00  -  Run Local Usage
		Usr 0 00:08:59, Sys 0 00:00:51  -  Total Remote Usage
		Usr 0 00:00:00, Sys 0 00:00:00  -  Total Local Usage
	9479  -  Run Bytes Sent By Job
	10941  -  Run Bytes Received By Job
	9479  -  Total Bytes Sent By Job
	10941  -  Total Bytes Received By Job
	Partitionable Resources :    Usage  Request Allocated 
	   Cpus                 :     0.99        1         1 
	   Disk (KB)            :    80           1    221097 
	   Memory (MB)          :   481        2000      2000 
...
