000 (322884.050.000) 05/10 15:24:45 Job submitted from host: <188.184.95.166:9618?addrs=188.184.95.166-9618+[2001-1458-201-e4--100-7a0]-9618&alias=tbird02.cern.ch&noUDP&sock=schedd_2138722_faad_3>
...
040 (322884.050.000) 05/10 15:27:34 Started transferring input files
	Transferring to host: <188.184.132.9:9618?addrs=188.184.132.9-9618+[2001-1458-301-a0--100-2a]-9618&noUDP&sock=3928_6199_126167>
...
040 (322884.050.000) 05/10 15:27:34 Finished transferring input files
...
001 (322884.050.000) 05/10 15:27:35 Job executing on host: <188.184.132.9:9618?addrs=188.184.132.9-9618+[2001-1458-301-a0--100-2a]-9618&noUDP&sock=2365_c592_3>
...
006 (322884.050.000) 05/10 15:27:43 Image size of job updated: 194064
	114  -  MemoryUsage of job (MB)
	116560  -  ResidentSetSize of job (KB)
...
006 (322884.050.000) 05/10 15:32:43 Image size of job updated: 576276
	479  -  MemoryUsage of job (MB)
	490204  -  ResidentSetSize of job (KB)
...
006 (322884.050.000) 05/10 15:33:46 Image size of job updated: 579196
	479  -  MemoryUsage of job (MB)
	490204  -  ResidentSetSize of job (KB)
...
040 (322884.050.000) 05/10 15:33:46 Started transferring output files
...
040 (322884.050.000) 05/10 15:33:46 Finished transferring output files
...
005 (322884.050.000) 05/10 15:33:46 Job terminated.
	(1) Normal termination (return value 1)
		Usr 0 00:05:27, Sys 0 00:00:33  -  Run Remote Usage
		Usr 0 00:00:00, Sys 0 00:00:00  -  Run Local Usage
		Usr 0 00:05:27, Sys 0 00:00:33  -  Total Remote Usage
		Usr 0 00:00:00, Sys 0 00:00:00  -  Total Local Usage
	9479  -  Run Bytes Sent By Job
	10941  -  Run Bytes Received By Job
	9479  -  Total Bytes Sent By Job
	10941  -  Total Bytes Received By Job
	Partitionable Resources :    Usage  Request Allocated 
	   Cpus                 :                 1           
	   Disk (KB)            :       72        1   2101445 
	   Memory (MB)          :      479     2000      2000 
...
