   SingleMuon_Run2016B_part3   DATA  64 chunks


I have 1 taks to process
I'm using the following list of modules DEFAULT_MODULES
this is jobs [('SingleMuon_Run2016B_part3', 'MY_EOS_SPACE/heppyNtuples/TREES_SingleMuon2016BCDEF_94X/SingleMuon_Run2016B_part3/treeProducerWMass/tree.root', 30953763.0, '_Friend_SingleMuon_Run2016B_part3.chunk23', True, xrange(5750000, 6000000), 23)]
Modules to run:  []   name =  puWeight
Loading puWeight from CMGTools.WMass.postprocessing.examples.puWeightProducer 
Running on dataset =  SingleMuon_Run2016B_part3
TFile: name=/afs/cern.ch/work/m/mciprian/w_mass_analysis/heppy/rel_slc7/CMSSW_9_4_12/src/CMGTools/WMass/python/postprocessing/data/pileup/pileup_profile_Summer16.root, title=, option=READ
TFile: name=/afs/cern.ch/work/m/mciprian/w_mass_analysis/heppy/rel_slc7/CMSSW_9_4_12/src/CMGTools/WMass/python/postprocessing/data/pileup/PileupData_GoldenJSON_Full2016.root, title=, option=READ
Load C++ Worker
Modules to run:  []   name =  puWeight2016BF
Loading puWeight2016BF from CMGTools.WMass.postprocessing.examples.puWeightProducer 
Running on dataset =  SingleMuon_Run2016B_part3
TFile: name=/afs/cern.ch/work/m/mciprian/w_mass_analysis/heppy/rel_slc7/CMSSW_9_4_12/src/CMGTools/WMass/python/postprocessing/data/pileup/pileup_profile_Summer16.root, title=, option=READ
TFile: name=/afs/cern.ch/work/m/mciprian/w_mass_analysis/heppy/rel_slc7/CMSSW_9_4_12/src/CMGTools/WMass/python/postprocessing/data/pileup/PileupData_GoldenJSON_2016BF.root, title=, option=READ
Modules to run:  []   name =  lepQCDAwayJetAll
Loading lepQCDAwayJetAll from CMGTools.WMass.postprocessing.examples.lepVarProducer 
Running on dataset =  SingleMuon_Run2016B_part3
Modules to run:  []   name =  muCalibratedWithStatVar
Loading muCalibratedWithStatVar from CMGTools.WMass.postprocessing.examples.lepVarProducer 
Running on dataset =  SingleMuon_Run2016B_part3
did not find EnergyScaleCorrection shared object, rebuilding
trying to load all the rochester correction libraries
did not find legacy data roccor. rebuilding...
done building legacy data roccor.
Modules to run:  []   name =  jetAllReCleaner
Loading jetAllReCleaner from CMGTools.WMass.postprocessing.examples.jetReCleaner 
Running on dataset =  SingleMuon_Run2016B_part3
Load C++ Worker
Modules to run:  []   name =  jetReCleaner
Loading jetReCleaner from CMGTools.WMass.postprocessing.examples.jetReCleaner 
Running on dataset =  SingleMuon_Run2016B_part3
Load C++ Worker
Modules to run:  []   name =  genQEDJets
Loading genQEDJets from CMGTools.WMass.postprocessing.examples.genFriendProducer 
Running on dataset =  SingleMuon_Run2016B_part3
Will write selected trees to MY_EOS_SPACE/heppyNtuples/TREES_SingleMuon2016BCDEF_94X/friends/
Normalization of pu_mc: 0.999973
Normalization of pileup: 3.65129e+10
Weights for variable pu_mc with a number of bins equal to 76:
1 1 1 1 1 1 1 1 1 1 1.616 1.923 1.917 1.762 1.611 1.554 1.506 1.414 1.317 1.241 1.169 1.109 1.071 1.04 1.019 1.001 0.9873 0.9825 0.9828 0.9811 0.9811 0.9792 0.9531 0.9274 0.8773 0.8171 0.7432 0.6594 0.5661 0.4725 0.3811 0.2987 0.2215 0.1581 0 0 0 0 0 0 0 0 0 0 0 1 1 1 1 1 1 1 1 1 1 1 1 1 1 1 1 1 1 1 1 1 .
Final weights: 
1 1 1 1 1 1 1 1 1 1 1.616 1.923 1.917 1.762 1.611 1.554 1.506 1.414 1.317 1.241 1.169 1.109 1.071 1.04 1.019 1.001 0.9873 0.9825 0.9828 0.9811 0.9811 0.9792 0.9531 0.9274 0.8773 0.8171 0.7432 0.6594 0.5661 0.4725 0.3811 0.2987 0.2215 0.1581 0 0 0 0 0 0 0 0 0 0 0 1 1 1 1 1 1 1 1 1 1 1 1 1 1 1 1 1 1 1 1 1 .
Normalization of pu_mc: 1
Normalization of pileup: 2.014e+10
Weights for variable pu_mc with a number of bins equal to 76:
1 1 1 1 1 1 1 1 1 1 2.784 3.074 2.661 2.24 1.976 1.881 1.801 1.669 1.544 1.453 1.364 1.27 1.186 1.113 1.061 1.016 0.9702 0.9245 0.8754 0.8192 0.7629 0.7065 0.6366 0.5722 0.4984 0.4252 0.3515 0.2804 0.2137 0.1564 0.1092 0 0 0 0 0 0 0 0 0 0 0 0 0 0 1 1 1 1 1 1 1 1 1 1 1 1 1 1 1 1 1 1 1 1 1 .
For maximum weight 3.074: integral relative change: 0
Final weights: 
1 1 1 1 1 1 1 1 1 1 2.784 3.074 2.661 2.24 1.976 1.881 1.801 1.669 1.544 1.453 1.364 1.27 1.186 1.113 1.061 1.016 0.9702 0.9245 0.8754 0.8192 0.7629 0.7065 0.6366 0.5722 0.4984 0.4252 0.3515 0.2804 0.2137 0.1564 0.1092 0 0 0 0 0 0 0 0 0 0 0 0 0 0 1 1 1 1 1 1 1 1 1 1 1 1 1 1 1 1 1 1 1 1 1 .
begin job of lepCalProducer
initializing all the rochester correction objects
initializing the egamma calibrator
Processed  5750000/15930545 entries (elapsed time     0.3s, curr speed   35.714 kHz, avg speed 20535.714 kHz), accepted        1/       1 events (100.00%)
Processed  5760000/15930545 entries (elapsed time    14.0s, curr speed    0.731 kHz, avg speed  412.607 kHz), accepted    10001/   10001 events (100.00%)
Processed  5770000/15930545 entries (elapsed time    28.1s, curr speed    0.709 kHz, avg speed  205.631 kHz), accepted    20001/   20001 events (100.00%)
Processed  5780000/15930545 entries (elapsed time    42.1s, curr speed    0.710 kHz, avg speed  137.162 kHz), accepted    30001/   30001 events (100.00%)
Processed  5790000/15930545 entries (elapsed time    56.3s, curr speed    0.706 kHz, avg speed  102.824 kHz), accepted    40001/   40001 events (100.00%)
Processed  5800000/15930545 entries (elapsed time    70.4s, curr speed    0.710 kHz, avg speed   82.398 kHz), accepted    50001/   50001 events (100.00%)
Processed  5810000/15930545 entries (elapsed time    84.5s, curr speed    0.711 kHz, avg speed   68.798 kHz), accepted    60001/   60001 events (100.00%)
Processed  5820000/15930545 entries (elapsed time    97.7s, curr speed    0.755 kHz, avg speed   59.570 kHz), accepted    70001/   70001 events (100.00%)
Processed  5830000/15930545 entries (elapsed time   109.6s, curr speed    0.838 kHz, avg speed   53.179 kHz), accepted    80001/   80001 events (100.00%)
Processed  5840000/15930545 entries (elapsed time   121.9s, curr speed    0.816 kHz, avg speed   47.912 kHz), accepted    90001/   90001 events (100.00%)
Processed  5850000/15930545 entries (elapsed time   133.6s, curr speed    0.853 kHz, avg speed   43.781 kHz), accepted   100001/  100001 events (100.00%)
Processed  5860000/15930545 entries (elapsed time   145.5s, curr speed    0.839 kHz, avg speed   40.264 kHz), accepted   110001/  110001 events (100.00%)
Processed  5870000/15930545 entries (elapsed time   156.8s, curr speed    0.885 kHz, avg speed   37.427 kHz), accepted   120001/  120001 events (100.00%)
Processed  5880000/15930545 entries (elapsed time   184.2s, curr speed    0.366 kHz, avg speed   31.925 kHz), accepted   130001/  130001 events (100.00%)
Processed  5890000/15930545 entries (elapsed time   195.6s, curr speed    0.876 kHz, avg speed   30.112 kHz), accepted   140001/  140001 events (100.00%)
Processed  5900000/15930545 entries (elapsed time   207.0s, curr speed    0.874 kHz, avg speed   28.497 kHz), accepted   150001/  150001 events (100.00%)
Processed  5910000/15930545 entries (elapsed time   218.5s, curr speed    0.873 kHz, avg speed   27.048 kHz), accepted   160001/  160001 events (100.00%)
Processed  5920000/15930545 entries (elapsed time   229.9s, curr speed    0.875 kHz, avg speed   25.747 kHz), accepted   170001/  170001 events (100.00%)
Processed  5930000/15930545 entries (elapsed time   241.2s, curr speed    0.883 kHz, avg speed   24.580 kHz), accepted   180001/  180001 events (100.00%)
Processed  5940000/15930545 entries (elapsed time   252.5s, curr speed    0.892 kHz, avg speed   23.528 kHz), accepted   190001/  190001 events (100.00%)
Processed  5950000/15930545 entries (elapsed time   279.9s, curr speed    0.365 kHz, avg speed   21.260 kHz), accepted   200001/  200001 events (100.00%)
Processed  5960000/15930545 entries (elapsed time   291.2s, curr speed    0.882 kHz, avg speed   20.466 kHz), accepted   210001/  210001 events (100.00%)
Processed  5970000/15930545 entries (elapsed time   302.6s, curr speed    0.875 kHz, avg speed   19.726 kHz), accepted   220001/  220001 events (100.00%)
Processed  5980000/15930545 entries (elapsed time   313.9s, curr speed    0.888 kHz, avg speed   19.051 kHz), accepted   230001/  230001 events (100.00%)
Processed  5990000/15930545 entries (elapsed time   325.3s, curr speed    0.876 kHz, avg speed   18.413 kHz), accepted   240001/  240001 events (100.00%)
Processed 250000 entries from MY_EOS_SPACE/heppyNtuples/TREES_SingleMuon2016BCDEF_94X/SingleMuon_Run2016B_part3/treeProducerWMass/tree.root, selected 250000 entries
Done MY_EOS_SPACE/heppyNtuples/TREES_SingleMuon2016BCDEF_94X/friends/tree_Friend_SingleMuon_Run2016B_part3.chunk23.root
