000 (322892.060.000) 05/10 15:24:53 Job submitted from host: <188.184.95.166:9618?addrs=188.184.95.166-9618+[2001-1458-201-e4--100-7a0]-9618&alias=tbird02.cern.ch&noUDP&sock=schedd_2138722_faad_3>
...
040 (322892.060.000) 05/10 15:33:57 Started transferring input files
	Transferring to host: <188.184.132.41:9618?addrs=188.184.132.41-9618+[2001-1458-301-a0--100-7]-9618&noUDP&sock=19222_6347_18457>
...
040 (322892.060.000) 05/10 15:33:57 Finished transferring input files
...
001 (322892.060.000) 05/10 15:33:58 Job executing on host: <188.184.132.41:9618?addrs=188.184.132.41-9618+[2001-1458-301-a0--100-7]-9618&noUDP&sock=2345_0dad_3>
...
006 (322892.060.000) 05/10 15:34:07 Image size of job updated: 111704
	105  -  MemoryUsage of job (MB)
	106912  -  ResidentSetSize of job (KB)
...
006 (322892.060.000) 05/10 15:39:08 Image size of job updated: 493080
	481  -  MemoryUsage of job (MB)
	492544  -  ResidentSetSize of job (KB)
...
040 (322892.060.000) 05/10 15:42:21 Started transferring output files
...
040 (322892.060.000) 05/10 15:42:21 Finished transferring output files
...
005 (322892.060.000) 05/10 15:42:21 Job terminated.
	(1) Normal termination (return value 1)
		Usr 0 00:07:10, Sys 0 00:00:43  -  Run Remote Usage
		Usr 0 00:00:00, Sys 0 00:00:00  -  Run Local Usage
		Usr 0 00:07:10, Sys 0 00:00:43  -  Total Remote Usage
		Usr 0 00:00:00, Sys 0 00:00:00  -  Total Local Usage
	9479  -  Run Bytes Sent By Job
	10941  -  Run Bytes Received By Job
	9479  -  Total Bytes Sent By Job
	10941  -  Total Bytes Received By Job
	Partitionable Resources :    Usage  Request Allocated 
	   Cpus                 :     0.99        1         1 
	   Disk (KB)            :    79           1    217106 
	   Memory (MB)          :   481        2000      2000 
...
