000 (322894.032.000) 05/10 15:24:54 Job submitted from host: <188.184.95.166:9618?addrs=188.184.95.166-9618+[2001-1458-201-e4--100-7a0]-9618&alias=tbird02.cern.ch&noUDP&sock=schedd_2138722_faad_3>
...
040 (322894.032.000) 05/10 15:35:32 Started transferring input files
	Transferring to host: <188.184.186.29:9618?addrs=188.184.186.29-9618+[2001-1458-301-f8--100-7]-9618&noUDP&sock=4104_63a0_125885>
...
040 (322894.032.000) 05/10 15:35:32 Finished transferring input files
...
001 (322894.032.000) 05/10 15:35:33 Job executing on host: <188.184.186.29:9618?addrs=188.184.186.29-9618+[2001-1458-301-f8--100-7]-9618&noUDP&sock=2333_d28a_3>
...
006 (322894.032.000) 05/10 15:35:41 Image size of job updated: 193016
	114  -  MemoryUsage of job (MB)
	116568  -  ResidentSetSize of job (KB)
...
006 (322894.032.000) 05/10 15:40:41 Image size of job updated: 492764
	479  -  MemoryUsage of job (MB)
	490464  -  ResidentSetSize of job (KB)
...
040 (322894.032.000) 05/10 15:41:39 Started transferring output files
...
040 (322894.032.000) 05/10 15:41:39 Finished transferring output files
...
005 (322894.032.000) 05/10 15:41:39 Job terminated.
	(1) Normal termination (return value 1)
		Usr 0 00:05:23, Sys 0 00:00:34  -  Run Remote Usage
		Usr 0 00:00:00, Sys 0 00:00:00  -  Run Local Usage
		Usr 0 00:05:23, Sys 0 00:00:34  -  Total Remote Usage
		Usr 0 00:00:00, Sys 0 00:00:00  -  Total Local Usage
	9477  -  Run Bytes Sent By Job
	10941  -  Run Bytes Received By Job
	9477  -  Total Bytes Sent By Job
	10941  -  Total Bytes Received By Job
	Partitionable Resources :    Usage  Request Allocated 
	   Cpus                 :                 1           
	   Disk (KB)            :       72        1   2215467 
	   Memory (MB)          :      479     2000      2000 
...
