000 (322888.048.000) 05/10 15:24:49 Job submitted from host: <188.184.95.166:9618?addrs=188.184.95.166-9618+[2001-1458-201-e4--100-7a0]-9618&alias=tbird02.cern.ch&noUDP&sock=schedd_2138722_faad_3>
...
040 (322888.048.000) 05/10 15:31:12 Started transferring input files
	Transferring to host: <188.184.133.249:9618?addrs=188.184.133.249-9618+[2001-1458-301-a0--100-4d0]-9618&noUDP&sock=13055_2dac_102986>
...
040 (322888.048.000) 05/10 15:31:12 Finished transferring input files
...
001 (322888.048.000) 05/10 15:31:13 Job executing on host: <188.184.133.249:9618?addrs=188.184.133.249-9618+[2001-1458-301-a0--100-4d0]-9618&noUDP&sock=12848_3ce2_3>
...
006 (322888.048.000) 05/10 15:31:22 Image size of job updated: 241504
	231  -  MemoryUsage of job (MB)
	236192  -  ResidentSetSize of job (KB)
...
006 (322888.048.000) 05/10 15:36:23 Image size of job updated: 495748
	479  -  MemoryUsage of job (MB)
	490392  -  ResidentSetSize of job (KB)
...
040 (322888.048.000) 05/10 15:36:52 Started transferring output files
...
040 (322888.048.000) 05/10 15:36:52 Finished transferring output files
...
005 (322888.048.000) 05/10 15:36:52 Job terminated.
	(1) Normal termination (return value 1)
		Usr 0 00:04:57, Sys 0 00:00:34  -  Run Remote Usage
		Usr 0 00:00:00, Sys 0 00:00:00  -  Run Local Usage
		Usr 0 00:04:57, Sys 0 00:00:34  -  Total Remote Usage
		Usr 0 00:00:00, Sys 0 00:00:00  -  Total Local Usage
	9479  -  Run Bytes Sent By Job
	10941  -  Run Bytes Received By Job
	9479  -  Total Bytes Sent By Job
	10941  -  Total Bytes Received By Job
	Partitionable Resources :    Usage  Request Allocated 
	   Cpus                 :                 1           
	   Disk (KB)            :       72        1   2205494 
	   Memory (MB)          :      479     2000      2000 
...
