000 (322899.004.000) 05/10 15:24:59 Job submitted from host: <188.184.95.166:9618?addrs=188.184.95.166-9618+[2001-1458-201-e4--100-7a0]-9618&alias=tbird02.cern.ch&noUDP&sock=schedd_2138722_faad_3>
...
040 (322899.004.000) 05/10 15:38:10 Started transferring input files
	Transferring to host: <188.184.207.250:9618?addrs=188.184.207.250-9618+[2001-1458-301-7d--100-3b6]-9618&noUDP&sock=3750_f6d2_126051>
...
040 (322899.004.000) 05/10 15:38:10 Finished transferring input files
...
001 (322899.004.000) 05/10 15:38:11 Job executing on host: <188.184.207.250:9618?addrs=188.184.207.250-9618+[2001-1458-301-7d--100-3b6]-9618&noUDP&sock=2324_a630_3>
...
006 (322899.004.000) 05/10 15:38:20 Image size of job updated: 266048
	186  -  MemoryUsage of job (MB)
	189452  -  ResidentSetSize of job (KB)
...
006 (322899.004.000) 05/10 15:43:20 Image size of job updated: 493552
	480  -  MemoryUsage of job (MB)
	491232  -  ResidentSetSize of job (KB)
...
040 (322899.004.000) 05/10 15:44:14 Started transferring output files
...
040 (322899.004.000) 05/10 15:44:14 Finished transferring output files
...
005 (322899.004.000) 05/10 15:44:14 Job terminated.
	(1) Normal termination (return value 1)
		Usr 0 00:05:15, Sys 0 00:00:34  -  Run Remote Usage
		Usr 0 00:00:00, Sys 0 00:00:00  -  Run Local Usage
		Usr 0 00:05:15, Sys 0 00:00:34  -  Total Remote Usage
		Usr 0 00:00:00, Sys 0 00:00:00  -  Total Local Usage
	9473  -  Run Bytes Sent By Job
	10941  -  Run Bytes Received By Job
	9473  -  Total Bytes Sent By Job
	10941  -  Total Bytes Received By Job
	Partitionable Resources :    Usage  Request Allocated 
	   Cpus                 :                 1           
	   Disk (KB)            :       72        1   2123342 
	   Memory (MB)          :      480     2000      2000 
...
