   SingleMuon_Run2016F_part1   DATA  58 chunks


I have 1 taks to process
I'm using the following list of modules DEFAULT_MODULES
this is jobs [('SingleMuon_Run2016F_part1', 'MY_EOS_SPACE/heppyNtuples/TREES_SingleMuon2016BCDEF_94X/SingleMuon_Run2016F_part1/treeProducerWMass/tree.root', 21972419.0, '_Friend_SingleMuon_Run2016F_part1.chunk51', True, xrange(12750000, 13000000), 51)]
Modules to run:  []   name =  puWeight
Loading puWeight from CMGTools.WMass.postprocessing.examples.puWeightProducer 
Running on dataset =  SingleMuon_Run2016F_part1
TFile: name=/afs/cern.ch/work/m/mciprian/w_mass_analysis/heppy/rel_slc7/CMSSW_9_4_12/src/CMGTools/WMass/python/postprocessing/data/pileup/pileup_profile_Summer16.root, title=, option=READ
TFile: name=/afs/cern.ch/work/m/mciprian/w_mass_analysis/heppy/rel_slc7/CMSSW_9_4_12/src/CMGTools/WMass/python/postprocessing/data/pileup/PileupData_GoldenJSON_Full2016.root, title=, option=READ
Load C++ Worker
Modules to run:  []   name =  puWeight2016BF
Loading puWeight2016BF from CMGTools.WMass.postprocessing.examples.puWeightProducer 
Running on dataset =  SingleMuon_Run2016F_part1
TFile: name=/afs/cern.ch/work/m/mciprian/w_mass_analysis/heppy/rel_slc7/CMSSW_9_4_12/src/CMGTools/WMass/python/postprocessing/data/pileup/pileup_profile_Summer16.root, title=, option=READ
TFile: name=/afs/cern.ch/work/m/mciprian/w_mass_analysis/heppy/rel_slc7/CMSSW_9_4_12/src/CMGTools/WMass/python/postprocessing/data/pileup/PileupData_GoldenJSON_2016BF.root, title=, option=READ
Modules to run:  []   name =  lepQCDAwayJetAll
Loading lepQCDAwayJetAll from CMGTools.WMass.postprocessing.examples.lepVarProducer 
Running on dataset =  SingleMuon_Run2016F_part1
Modules to run:  []   name =  muCalibratedWithStatVar
Loading muCalibratedWithStatVar from CMGTools.WMass.postprocessing.examples.lepVarProducer 
Running on dataset =  SingleMuon_Run2016F_part1
did not find EnergyScaleCorrection shared object, rebuilding
trying to load all the rochester correction libraries
did not find legacy data roccor. rebuilding...
done building legacy data roccor.
Modules to run:  []   name =  jetAllReCleaner
Loading jetAllReCleaner from CMGTools.WMass.postprocessing.examples.jetReCleaner 
Running on dataset =  SingleMuon_Run2016F_part1
Load C++ Worker
Modules to run:  []   name =  jetReCleaner
Loading jetReCleaner from CMGTools.WMass.postprocessing.examples.jetReCleaner 
Running on dataset =  SingleMuon_Run2016F_part1
Load C++ Worker
Modules to run:  []   name =  genQEDJets
Loading genQEDJets from CMGTools.WMass.postprocessing.examples.genFriendProducer 
Running on dataset =  SingleMuon_Run2016F_part1
Will write selected trees to MY_EOS_SPACE/heppyNtuples/TREES_SingleMuon2016BCDEF_94X/friends/
Normalization of pu_mc: 0.999973
Normalization of pileup: 3.65129e+10
Weights for variable pu_mc with a number of bins equal to 76:
1 1 1 1 1 1 1 1 1 1 1.616 1.923 1.917 1.762 1.611 1.554 1.506 1.414 1.317 1.241 1.169 1.109 1.071 1.04 1.019 1.001 0.9873 0.9825 0.9828 0.9811 0.9811 0.9792 0.9531 0.9274 0.8773 0.8171 0.7432 0.6594 0.5661 0.4725 0.3811 0.2987 0.2215 0.1581 0 0 0 0 0 0 0 0 0 0 0 1 1 1 1 1 1 1 1 1 1 1 1 1 1 1 1 1 1 1 1 1 .
Final weights: 
1 1 1 1 1 1 1 1 1 1 1.616 1.923 1.917 1.762 1.611 1.554 1.506 1.414 1.317 1.241 1.169 1.109 1.071 1.04 1.019 1.001 0.9873 0.9825 0.9828 0.9811 0.9811 0.9792 0.9531 0.9274 0.8773 0.8171 0.7432 0.6594 0.5661 0.4725 0.3811 0.2987 0.2215 0.1581 0 0 0 0 0 0 0 0 0 0 0 1 1 1 1 1 1 1 1 1 1 1 1 1 1 1 1 1 1 1 1 1 .
Normalization of pu_mc: 1
Normalization of pileup: 2.014e+10
Weights for variable pu_mc with a number of bins equal to 76:
1 1 1 1 1 1 1 1 1 1 2.784 3.074 2.661 2.24 1.976 1.881 1.801 1.669 1.544 1.453 1.364 1.27 1.186 1.113 1.061 1.016 0.9702 0.9245 0.8754 0.8192 0.7629 0.7065 0.6366 0.5722 0.4984 0.4252 0.3515 0.2804 0.2137 0.1564 0.1092 0 0 0 0 0 0 0 0 0 0 0 0 0 0 1 1 1 1 1 1 1 1 1 1 1 1 1 1 1 1 1 1 1 1 1 .
For maximum weight 3.074: integral relative change: 0
Final weights: 
1 1 1 1 1 1 1 1 1 1 2.784 3.074 2.661 2.24 1.976 1.881 1.801 1.669 1.544 1.453 1.364 1.27 1.186 1.113 1.061 1.016 0.9702 0.9245 0.8754 0.8192 0.7629 0.7065 0.6366 0.5722 0.4984 0.4252 0.3515 0.2804 0.2137 0.1564 0.1092 0 0 0 0 0 0 0 0 0 0 0 0 0 0 1 1 1 1 1 1 1 1 1 1 1 1 1 1 1 1 1 1 1 1 1 .
begin job of lepCalProducer
initializing all the rochester correction objects
initializing the egamma calibrator
Processed 12750000/14269436 entries (elapsed time     0.2s, curr speed   40.000 kHz, avg speed 51000.000 kHz), accepted        1/       1 events (100.00%)
Processed 12760000/14269436 entries (elapsed time    14.0s, curr speed    0.725 kHz, avg speed  908.185 kHz), accepted    10001/   10001 events (100.00%)
Processed 12770000/14269436 entries (elapsed time    27.8s, curr speed    0.728 kHz, avg speed  459.683 kHz), accepted    20001/   20001 events (100.00%)
Processed 12780000/14269436 entries (elapsed time    41.5s, curr speed    0.726 kHz, avg speed  307.581 kHz), accepted    30001/   30001 events (100.00%)
Processed 12790000/14269436 entries (elapsed time    55.4s, curr speed    0.721 kHz, avg speed  230.783 kHz), accepted    40001/   40001 events (100.00%)
Processed 12800000/14269436 entries (elapsed time    69.4s, curr speed    0.716 kHz, avg speed  184.491 kHz), accepted    50001/   50001 events (100.00%)
Processed 12810000/14269436 entries (elapsed time    83.4s, curr speed    0.716 kHz, avg speed  153.689 kHz), accepted    60001/   60001 events (100.00%)
Processed 12820000/14269436 entries (elapsed time    96.3s, curr speed    0.772 kHz, avg speed  133.126 kHz), accepted    70001/   70001 events (100.00%)
Processed 12830000/14269436 entries (elapsed time   108.1s, curr speed    0.850 kHz, avg speed  118.719 kHz), accepted    80001/   80001 events (100.00%)
Processed 12840000/14269436 entries (elapsed time   119.7s, curr speed    0.861 kHz, avg speed  107.286 kHz), accepted    90001/   90001 events (100.00%)
Processed 12850000/14269436 entries (elapsed time   131.4s, curr speed    0.854 kHz, avg speed   97.800 kHz), accepted   100001/  100001 events (100.00%)
Processed 12860000/14269436 entries (elapsed time   143.3s, curr speed    0.838 kHz, avg speed   89.723 kHz), accepted   110001/  110001 events (100.00%)
Processed 12870000/14269436 entries (elapsed time   155.0s, curr speed    0.854 kHz, avg speed   83.011 kHz), accepted   120001/  120001 events (100.00%)
Processed 12880000/14269436 entries (elapsed time   183.2s, curr speed    0.355 kHz, avg speed   70.310 kHz), accepted   130001/  130001 events (100.00%)
Processed 12890000/14269436 entries (elapsed time   194.8s, curr speed    0.865 kHz, avg speed   66.187 kHz), accepted   140001/  140001 events (100.00%)
Processed 12900000/14269436 entries (elapsed time   206.4s, curr speed    0.855 kHz, avg speed   62.485 kHz), accepted   150001/  150001 events (100.00%)
Processed 12910000/14269436 entries (elapsed time   218.1s, curr speed    0.855 kHz, avg speed   59.179 kHz), accepted   160001/  160001 events (100.00%)
Processed 12920000/14269436 entries (elapsed time   229.7s, curr speed    0.864 kHz, avg speed   56.242 kHz), accepted   170001/  170001 events (100.00%)
Processed 12930000/14269436 entries (elapsed time   241.3s, curr speed    0.865 kHz, avg speed   53.589 kHz), accepted   180001/  180001 events (100.00%)
Processed 12940000/14269436 entries (elapsed time   252.8s, curr speed    0.867 kHz, avg speed   51.183 kHz), accepted   190001/  190001 events (100.00%)
Processed 12950000/14269436 entries (elapsed time   280.9s, curr speed    0.357 kHz, avg speed   46.108 kHz), accepted   200001/  200001 events (100.00%)
Processed 12960000/14269436 entries (elapsed time   292.5s, curr speed    0.860 kHz, avg speed   44.309 kHz), accepted   210001/  210001 events (100.00%)
Processed 12970000/14269436 entries (elapsed time   304.0s, curr speed    0.872 kHz, avg speed   42.670 kHz), accepted   220001/  220001 events (100.00%)
Processed 12980000/14269436 entries (elapsed time   315.7s, curr speed    0.853 kHz, avg speed   41.118 kHz), accepted   230001/  230001 events (100.00%)
Processed 12990000/14269436 entries (elapsed time   327.3s, curr speed    0.862 kHz, avg speed   39.691 kHz), accepted   240001/  240001 events (100.00%)
Processed 250000 entries from MY_EOS_SPACE/heppyNtuples/TREES_SingleMuon2016BCDEF_94X/SingleMuon_Run2016F_part1/treeProducerWMass/tree.root, selected 250000 entries
Done MY_EOS_SPACE/heppyNtuples/TREES_SingleMuon2016BCDEF_94X/friends/tree_Friend_SingleMuon_Run2016F_part1.chunk51.root
