000 (322894.047.000) 05/10 15:24:54 Job submitted from host: <188.184.95.166:9618?addrs=188.184.95.166-9618+[2001-1458-201-e4--100-7a0]-9618&alias=tbird02.cern.ch&noUDP&sock=schedd_2138722_faad_3>
...
040 (322894.047.000) 05/10 15:35:58 Started transferring input files
	Transferring to host: <188.184.186.30:9618?addrs=188.184.186.30-9618+[2001-1458-301-f8--100-2b]-9618&noUDP&sock=4187_dec3_126420>
...
040 (322894.047.000) 05/10 15:35:58 Finished transferring input files
...
001 (322894.047.000) 05/10 15:35:59 Job executing on host: <188.184.186.30:9618?addrs=188.184.186.30-9618+[2001-1458-301-f8--100-2b]-9618&noUDP&sock=2326_0560_3>
...
006 (322894.047.000) 05/10 15:36:08 Image size of job updated: 113700
	65  -  MemoryUsage of job (MB)
	66040  -  ResidentSetSize of job (KB)
...
006 (322894.047.000) 05/10 15:41:08 Image size of job updated: 493128
	480  -  MemoryUsage of job (MB)
	490904  -  ResidentSetSize of job (KB)
...
040 (322894.047.000) 05/10 15:42:14 Started transferring output files
...
040 (322894.047.000) 05/10 15:42:14 Finished transferring output files
...
005 (322894.047.000) 05/10 15:42:14 Job terminated.
	(1) Normal termination (return value 1)
		Usr 0 00:05:17, Sys 0 00:00:34  -  Run Remote Usage
		Usr 0 00:00:00, Sys 0 00:00:00  -  Run Local Usage
		Usr 0 00:05:17, Sys 0 00:00:34  -  Total Remote Usage
		Usr 0 00:00:00, Sys 0 00:00:00  -  Total Local Usage
	9479  -  Run Bytes Sent By Job
	10941  -  Run Bytes Received By Job
	9479  -  Total Bytes Sent By Job
	10941  -  Total Bytes Received By Job
	Partitionable Resources :    Usage  Request Allocated 
	   Cpus                 :                 1           
	   Disk (KB)            :       72        1   2186407 
	   Memory (MB)          :      480     2000      2000 
...
