   SingleMuon_Run2016B_part1   DATA  61 chunks


I have 1 taks to process
I'm using the following list of modules DEFAULT_MODULES
this is jobs [('SingleMuon_Run2016B_part1', 'MY_EOS_SPACE/heppyNtuples/TREES_SingleMuon2016BCDEF_94X/SingleMuon_Run2016B_part1/treeProducerWMass/tree.root', 29301548.0, '_Friend_SingleMuon_Run2016B_part1.chunk1', True, xrange(250000, 500000), 1)]
Modules to run:  []   name =  puWeight
Loading puWeight from CMGTools.WMass.postprocessing.examples.puWeightProducer 
Running on dataset =  SingleMuon_Run2016B_part1
TFile: name=/afs/cern.ch/work/m/mciprian/w_mass_analysis/heppy/rel_slc7/CMSSW_9_4_12/src/CMGTools/WMass/python/postprocessing/data/pileup/pileup_profile_Summer16.root, title=, option=READ
TFile: name=/afs/cern.ch/work/m/mciprian/w_mass_analysis/heppy/rel_slc7/CMSSW_9_4_12/src/CMGTools/WMass/python/postprocessing/data/pileup/PileupData_GoldenJSON_Full2016.root, title=, option=READ
Load C++ Worker
Modules to run:  []   name =  puWeight2016BF
Loading puWeight2016BF from CMGTools.WMass.postprocessing.examples.puWeightProducer 
Running on dataset =  SingleMuon_Run2016B_part1
TFile: name=/afs/cern.ch/work/m/mciprian/w_mass_analysis/heppy/rel_slc7/CMSSW_9_4_12/src/CMGTools/WMass/python/postprocessing/data/pileup/pileup_profile_Summer16.root, title=, option=READ
TFile: name=/afs/cern.ch/work/m/mciprian/w_mass_analysis/heppy/rel_slc7/CMSSW_9_4_12/src/CMGTools/WMass/python/postprocessing/data/pileup/PileupData_GoldenJSON_2016BF.root, title=, option=READ
Modules to run:  []   name =  lepQCDAwayJetAll
Loading lepQCDAwayJetAll from CMGTools.WMass.postprocessing.examples.lepVarProducer 
Running on dataset =  SingleMuon_Run2016B_part1
Modules to run:  []   name =  muCalibratedWithStatVar
Loading muCalibratedWithStatVar from CMGTools.WMass.postprocessing.examples.lepVarProducer 
Running on dataset =  SingleMuon_Run2016B_part1
did not find EnergyScaleCorrection shared object, rebuilding
trying to load all the rochester correction libraries
did not find legacy data roccor. rebuilding...
done building legacy data roccor.
Modules to run:  []   name =  jetAllReCleaner
Loading jetAllReCleaner from CMGTools.WMass.postprocessing.examples.jetReCleaner 
Running on dataset =  SingleMuon_Run2016B_part1
Load C++ Worker
Modules to run:  []   name =  jetReCleaner
Loading jetReCleaner from CMGTools.WMass.postprocessing.examples.jetReCleaner 
Running on dataset =  SingleMuon_Run2016B_part1
Load C++ Worker
Modules to run:  []   name =  genQEDJets
Loading genQEDJets from CMGTools.WMass.postprocessing.examples.genFriendProducer 
Running on dataset =  SingleMuon_Run2016B_part1
Will write selected trees to MY_EOS_SPACE/heppyNtuples/TREES_SingleMuon2016BCDEF_94X/friends/
Normalization of pu_mc: 0.999973
Normalization of pileup: 3.65129e+10
Weights for variable pu_mc with a number of bins equal to 76:
1 1 1 1 1 1 1 1 1 1 1.616 1.923 1.917 1.762 1.611 1.554 1.506 1.414 1.317 1.241 1.169 1.109 1.071 1.04 1.019 1.001 0.9873 0.9825 0.9828 0.9811 0.9811 0.9792 0.9531 0.9274 0.8773 0.8171 0.7432 0.6594 0.5661 0.4725 0.3811 0.2987 0.2215 0.1581 0 0 0 0 0 0 0 0 0 0 0 1 1 1 1 1 1 1 1 1 1 1 1 1 1 1 1 1 1 1 1 1 .
Final weights: 
1 1 1 1 1 1 1 1 1 1 1.616 1.923 1.917 1.762 1.611 1.554 1.506 1.414 1.317 1.241 1.169 1.109 1.071 1.04 1.019 1.001 0.9873 0.9825 0.9828 0.9811 0.9811 0.9792 0.9531 0.9274 0.8773 0.8171 0.7432 0.6594 0.5661 0.4725 0.3811 0.2987 0.2215 0.1581 0 0 0 0 0 0 0 0 0 0 0 1 1 1 1 1 1 1 1 1 1 1 1 1 1 1 1 1 1 1 1 1 .
Normalization of pu_mc: 1
Normalization of pileup: 2.014e+10
Weights for variable pu_mc with a number of bins equal to 76:
1 1 1 1 1 1 1 1 1 1 2.784 3.074 2.661 2.24 1.976 1.881 1.801 1.669 1.544 1.453 1.364 1.27 1.186 1.113 1.061 1.016 0.9702 0.9245 0.8754 0.8192 0.7629 0.7065 0.6366 0.5722 0.4984 0.4252 0.3515 0.2804 0.2137 0.1564 0.1092 0 0 0 0 0 0 0 0 0 0 0 0 0 0 1 1 1 1 1 1 1 1 1 1 1 1 1 1 1 1 1 1 1 1 1 .
For maximum weight 3.074: integral relative change: 0
Final weights: 
1 1 1 1 1 1 1 1 1 1 2.784 3.074 2.661 2.24 1.976 1.881 1.801 1.669 1.544 1.453 1.364 1.27 1.186 1.113 1.061 1.016 0.9702 0.9245 0.8754 0.8192 0.7629 0.7065 0.6366 0.5722 0.4984 0.4252 0.3515 0.2804 0.2137 0.1564 0.1092 0 0 0 0 0 0 0 0 0 0 0 0 0 0 1 1 1 1 1 1 1 1 1 1 1 1 1 1 1 1 1 1 1 1 1 .
begin job of lepCalProducer
initializing all the rochester correction objects
initializing the egamma calibrator
Processed   250000/15246249 entries (elapsed time     0.2s, curr speed   45.455 kHz, avg speed 1136.364 kHz), accepted        1/       1 events (100.00%)
Processed   260000/15246249 entries (elapsed time    14.1s, curr speed    0.723 kHz, avg speed   18.492 kHz), accepted    10001/   10001 events (100.00%)
Processed   270000/15246249 entries (elapsed time    29.1s, curr speed    0.667 kHz, avg speed    9.294 kHz), accepted    20001/   20001 events (100.00%)
Processed   280000/15246249 entries (elapsed time    43.7s, curr speed    0.683 kHz, avg speed    6.409 kHz), accepted    30001/   30001 events (100.00%)
Processed   290000/15246249 entries (elapsed time    58.7s, curr speed    0.667 kHz, avg speed    4.941 kHz), accepted    40001/   40001 events (100.00%)
Processed   300000/15246249 entries (elapsed time    73.0s, curr speed    0.700 kHz, avg speed    4.111 kHz), accepted    50001/   50001 events (100.00%)
Processed   310000/15246249 entries (elapsed time    87.9s, curr speed    0.672 kHz, avg speed    3.528 kHz), accepted    60001/   60001 events (100.00%)
Processed   320000/15246249 entries (elapsed time   101.5s, curr speed    0.735 kHz, avg speed    3.153 kHz), accepted    70001/   70001 events (100.00%)
Processed   330000/15246249 entries (elapsed time   114.1s, curr speed    0.791 kHz, avg speed    2.892 kHz), accepted    80001/   80001 events (100.00%)
Processed   340000/15246249 entries (elapsed time   126.8s, curr speed    0.789 kHz, avg speed    2.681 kHz), accepted    90001/   90001 events (100.00%)
Processed   350000/15246249 entries (elapsed time   139.3s, curr speed    0.803 kHz, avg speed    2.513 kHz), accepted   100001/  100001 events (100.00%)
Processed   360000/15246249 entries (elapsed time   151.1s, curr speed    0.846 kHz, avg speed    2.383 kHz), accepted   110001/  110001 events (100.00%)
Processed   370000/15246249 entries (elapsed time   163.0s, curr speed    0.841 kHz, avg speed    2.270 kHz), accepted   120001/  120001 events (100.00%)
Processed   380000/15246249 entries (elapsed time   193.0s, curr speed    0.333 kHz, avg speed    1.969 kHz), accepted   130001/  130001 events (100.00%)
Processed   390000/15246249 entries (elapsed time   204.9s, curr speed    0.836 kHz, avg speed    1.903 kHz), accepted   140001/  140001 events (100.00%)
Processed   400000/15246249 entries (elapsed time   217.3s, curr speed    0.810 kHz, avg speed    1.841 kHz), accepted   150001/  150001 events (100.00%)
Processed   410000/15246249 entries (elapsed time   231.3s, curr speed    0.711 kHz, avg speed    1.772 kHz), accepted   160001/  160001 events (100.00%)
Processed   420000/15246249 entries (elapsed time   243.9s, curr speed    0.799 kHz, avg speed    1.722 kHz), accepted   170001/  170001 events (100.00%)
Processed   430000/15246249 entries (elapsed time   256.0s, curr speed    0.826 kHz, avg speed    1.680 kHz), accepted   180001/  180001 events (100.00%)
Processed   440000/15246249 entries (elapsed time   267.9s, curr speed    0.837 kHz, avg speed    1.642 kHz), accepted   190001/  190001 events (100.00%)
Processed   450000/15246249 entries (elapsed time   296.7s, curr speed    0.348 kHz, avg speed    1.517 kHz), accepted   200001/  200001 events (100.00%)
Processed   460000/15246249 entries (elapsed time   309.0s, curr speed    0.809 kHz, avg speed    1.488 kHz), accepted   210001/  210001 events (100.00%)
Processed   470000/15246249 entries (elapsed time   321.1s, curr speed    0.830 kHz, avg speed    1.464 kHz), accepted   220001/  220001 events (100.00%)
Processed   480000/15246249 entries (elapsed time   333.1s, curr speed    0.833 kHz, avg speed    1.441 kHz), accepted   230001/  230001 events (100.00%)
Processed   490000/15246249 entries (elapsed time   345.1s, curr speed    0.832 kHz, avg speed    1.420 kHz), accepted   240001/  240001 events (100.00%)
Processed 250000 entries from MY_EOS_SPACE/heppyNtuples/TREES_SingleMuon2016BCDEF_94X/SingleMuon_Run2016B_part1/treeProducerWMass/tree.root, selected 250000 entries
Done MY_EOS_SPACE/heppyNtuples/TREES_SingleMuon2016BCDEF_94X/friends/tree_Friend_SingleMuon_Run2016B_part1.chunk1.root
