000 (322900.020.000) 05/10 15:25:00 Job submitted from host: <188.184.95.166:9618?addrs=188.184.95.166-9618+[2001-1458-201-e4--100-7a0]-9618&alias=tbird02.cern.ch&noUDP&sock=schedd_2138722_faad_3>
...
040 (322900.020.000) 05/10 15:38:46 Started transferring input files
	Transferring to host: <188.184.186.19:9618?addrs=188.184.186.19-9618+[2001-1458-301-f8--100-8]-9618&noUDP&sock=2896_3e6f_125237>
...
040 (322900.020.000) 05/10 15:38:46 Finished transferring input files
...
001 (322900.020.000) 05/10 15:38:47 Job executing on host: <188.184.186.19:9618?addrs=188.184.186.19-9618+[2001-1458-301-f8--100-8]-9618&noUDP&sock=2401_76fb_3>
...
006 (322900.020.000) 05/10 15:38:56 Image size of job updated: 116148
	58  -  MemoryUsage of job (MB)
	59304  -  ResidentSetSize of job (KB)
...
006 (322900.020.000) 05/10 15:43:57 Image size of job updated: 574172
	481  -  MemoryUsage of job (MB)
	491540  -  ResidentSetSize of job (KB)
...
006 (322900.020.000) 05/10 15:45:10 Image size of job updated: 574644
	481  -  MemoryUsage of job (MB)
	491540  -  ResidentSetSize of job (KB)
...
040 (322900.020.000) 05/10 15:45:10 Started transferring output files
...
040 (322900.020.000) 05/10 15:45:10 Finished transferring output files
...
005 (322900.020.000) 05/10 15:45:10 Job terminated.
	(1) Normal termination (return value 1)
		Usr 0 00:05:23, Sys 0 00:00:34  -  Run Remote Usage
		Usr 0 00:00:00, Sys 0 00:00:00  -  Run Local Usage
		Usr 0 00:05:23, Sys 0 00:00:34  -  Total Remote Usage
		Usr 0 00:00:00, Sys 0 00:00:00  -  Total Local Usage
	9477  -  Run Bytes Sent By Job
	10941  -  Run Bytes Received By Job
	9477  -  Total Bytes Sent By Job
	10941  -  Total Bytes Received By Job
	Partitionable Resources :    Usage  Request Allocated 
	   Cpus                 :                 1           
	   Disk (KB)            :       72        1   2221468 
	   Memory (MB)          :      481     2000      2000 
...
