000 (322886.009.000) 05/10 15:24:46 Job submitted from host: <188.184.95.166:9618?addrs=188.184.95.166-9618+[2001-1458-201-e4--100-7a0]-9618&alias=tbird02.cern.ch&noUDP&sock=schedd_2138722_faad_3>
...
040 (322886.009.000) 05/10 15:28:08 Started transferring input files
	Transferring to host: <188.184.186.13:9618?addrs=188.184.186.13-9618+[2001-1458-301-f8--100-16]-9618&noUDP&sock=3975_7f3b_126288>
...
040 (322886.009.000) 05/10 15:28:08 Finished transferring input files
...
001 (322886.009.000) 05/10 15:28:09 Job executing on host: <188.184.186.13:9618?addrs=188.184.186.13-9618+[2001-1458-301-f8--100-16]-9618&noUDP&sock=2335_31ba_3>
...
006 (322886.009.000) 05/10 15:28:17 Image size of job updated: 308144
	220  -  MemoryUsage of job (MB)
	225140  -  ResidentSetSize of job (KB)
...
006 (322886.009.000) 05/10 15:33:17 Image size of job updated: 489428
	477  -  MemoryUsage of job (MB)
	488448  -  ResidentSetSize of job (KB)
...
040 (322886.009.000) 05/10 15:33:50 Started transferring output files
...
040 (322886.009.000) 05/10 15:33:50 Finished transferring output files
...
005 (322886.009.000) 05/10 15:33:50 Job terminated.
	(1) Normal termination (return value 1)
		Usr 0 00:05:05, Sys 0 00:00:32  -  Run Remote Usage
		Usr 0 00:00:00, Sys 0 00:00:00  -  Run Local Usage
		Usr 0 00:05:05, Sys 0 00:00:32  -  Total Remote Usage
		Usr 0 00:00:00, Sys 0 00:00:00  -  Total Local Usage
	9474  -  Run Bytes Sent By Job
	10941  -  Run Bytes Received By Job
	9474  -  Total Bytes Sent By Job
	10941  -  Total Bytes Received By Job
	Partitionable Resources :    Usage  Request Allocated 
	   Cpus                 :                 1           
	   Disk (KB)            :       72        1   2148437 
	   Memory (MB)          :      477     2000      2000 
...
