000 (322885.046.000) 05/10 15:24:46 Job submitted from host: <188.184.95.166:9618?addrs=188.184.95.166-9618+[2001-1458-201-e4--100-7a0]-9618&alias=tbird02.cern.ch&noUDP&sock=schedd_2138722_faad_3>
...
040 (322885.046.000) 05/10 15:27:55 Started transferring input files
	Transferring to host: <188.184.132.10:9618?addrs=188.184.132.10-9618+[2001-1458-301-a0--100-3]-9618&noUDP&sock=4684_0d38_18631>
...
040 (322885.046.000) 05/10 15:27:55 Finished transferring input files
...
001 (322885.046.000) 05/10 15:27:56 Job executing on host: <188.184.132.10:9618?addrs=188.184.132.10-9618+[2001-1458-301-a0--100-3]-9618&noUDP&sock=2362_b6c9_3>
...
006 (322885.046.000) 05/10 15:28:05 Image size of job updated: 107444
	103  -  MemoryUsage of job (MB)
	104968  -  ResidentSetSize of job (KB)
...
006 (322885.046.000) 05/10 15:33:06 Image size of job updated: 405780
	394  -  MemoryUsage of job (MB)
	402512  -  ResidentSetSize of job (KB)
...
006 (322885.046.000) 05/10 15:38:06 Image size of job updated: 493324
	479  -  MemoryUsage of job (MB)
	490056  -  ResidentSetSize of job (KB)
...
040 (322885.046.000) 05/10 15:39:36 Started transferring output files
...
040 (322885.046.000) 05/10 15:39:36 Finished transferring output files
...
005 (322885.046.000) 05/10 15:39:36 Job terminated.
	(1) Normal termination (return value 1)
		Usr 0 00:09:58, Sys 0 00:00:56  -  Run Remote Usage
		Usr 0 00:00:00, Sys 0 00:00:00  -  Run Local Usage
		Usr 0 00:09:58, Sys 0 00:00:56  -  Total Remote Usage
		Usr 0 00:00:00, Sys 0 00:00:00  -  Total Local Usage
	9479  -  Run Bytes Sent By Job
	10941  -  Run Bytes Received By Job
	9479  -  Total Bytes Sent By Job
	10941  -  Total Bytes Received By Job
	Partitionable Resources :    Usage  Request Allocated 
	   Cpus                 :     0.90        1         1 
	   Disk (KB)            :    79           1    213769 
	   Memory (MB)          :   479        2000      2000 
...
