000 (322883.038.000) 05/10 15:24:44 Job submitted from host: <188.184.95.166:9618?addrs=188.184.95.166-9618+[2001-1458-201-e4--100-7a0]-9618&alias=tbird02.cern.ch&noUDP&sock=schedd_2138722_faad_3>
...
040 (322883.038.000) 05/10 15:26:34 Started transferring input files
	Transferring to host: <128.142.33.151:9618?addrs=128.142.33.151-9618+[2001-1458-301-117--100-1c5]-9618&noUDP&sock=13065_396c_102899>
...
040 (322883.038.000) 05/10 15:26:34 Finished transferring input files
...
001 (322883.038.000) 05/10 15:26:35 Job executing on host: <128.142.33.151:9618?addrs=128.142.33.151-9618+[2001-1458-301-117--100-1c5]-9618&noUDP&sock=12844_7e81_3>
...
006 (322883.038.000) 05/10 15:26:43 Image size of job updated: 116320
	56  -  MemoryUsage of job (MB)
	57216  -  ResidentSetSize of job (KB)
...
006 (322883.038.000) 05/10 15:31:43 Image size of job updated: 492100
	480  -  MemoryUsage of job (MB)
	490508  -  ResidentSetSize of job (KB)
...
040 (322883.038.000) 05/10 15:32:32 Started transferring output files
...
040 (322883.038.000) 05/10 15:32:32 Finished transferring output files
...
005 (322883.038.000) 05/10 15:32:32 Job terminated.
	(1) Normal termination (return value 1)
		Usr 0 00:05:08, Sys 0 00:00:37  -  Run Remote Usage
		Usr 0 00:00:00, Sys 0 00:00:00  -  Run Local Usage
		Usr 0 00:05:08, Sys 0 00:00:37  -  Total Remote Usage
		Usr 0 00:00:00, Sys 0 00:00:00  -  Total Local Usage
	18781  -  Run Bytes Sent By Job
	10941  -  Run Bytes Received By Job
	18781  -  Total Bytes Sent By Job
	10941  -  Total Bytes Received By Job
	Partitionable Resources :    Usage  Request Allocated 
	   Cpus                 :                 1           
	   Disk (KB)            :       81        1   2209510 
	   Memory (MB)          :      480     2000      2000 
...
