000 (322900.002.000) 05/10 15:25:00 Job submitted from host: <188.184.95.166:9618?addrs=188.184.95.166-9618+[2001-1458-201-e4--100-7a0]-9618&alias=tbird02.cern.ch&noUDP&sock=schedd_2138722_faad_3>
...
040 (322900.002.000) 05/10 15:38:39 Started transferring input files
	Transferring to host: <128.142.240.65:9618?addrs=128.142.240.65-9618+[2001-1458-301-f9--100-27]-9618&noUDP&sock=4260_4e26_127129>
...
040 (322900.002.000) 05/10 15:38:39 Finished transferring input files
...
001 (322900.002.000) 05/10 15:38:40 Job executing on host: <128.142.240.65:9618?addrs=128.142.240.65-9618+[2001-1458-301-f9--100-27]-9618&noUDP&sock=2437_2863_3>
...
006 (322900.002.000) 05/10 15:38:49 Image size of job updated: 116168
	58  -  MemoryUsage of job (MB)
	59308  -  ResidentSetSize of job (KB)
...
006 (322900.002.000) 05/10 15:43:50 Image size of job updated: 574276
	480  -  MemoryUsage of job (MB)
	491188  -  ResidentSetSize of job (KB)
...
006 (322900.002.000) 05/10 15:44:31 Image size of job updated: 574288
	480  -  MemoryUsage of job (MB)
	491188  -  ResidentSetSize of job (KB)
...
040 (322900.002.000) 05/10 15:44:31 Started transferring output files
...
040 (322900.002.000) 05/10 15:44:31 Finished transferring output files
...
005 (322900.002.000) 05/10 15:44:31 Job terminated.
	(1) Normal termination (return value 1)
		Usr 0 00:04:56, Sys 0 00:00:35  -  Run Remote Usage
		Usr 0 00:00:00, Sys 0 00:00:00  -  Run Local Usage
		Usr 0 00:04:56, Sys 0 00:00:35  -  Total Remote Usage
		Usr 0 00:00:00, Sys 0 00:00:00  -  Total Local Usage
	9471  -  Run Bytes Sent By Job
	10941  -  Run Bytes Received By Job
	9471  -  Total Bytes Sent By Job
	10941  -  Total Bytes Received By Job
	Partitionable Resources :    Usage  Request Allocated 
	   Cpus                 :                 1           
	   Disk (KB)            :       72        1   2130406 
	   Memory (MB)          :      480     2000      2000 
...
