   SingleMuon_Run2016B_part3   DATA  64 chunks


I have 1 taks to process
I'm using the following list of modules DEFAULT_MODULES
this is jobs [('SingleMuon_Run2016B_part3', 'MY_EOS_SPACE/heppyNtuples/TREES_SingleMuon2016BCDEF_94X/SingleMuon_Run2016B_part3/treeProducerWMass/tree.root', 30953763.0, '_Friend_SingleMuon_Run2016B_part3.chunk61', True, xrange(15250000, 15500000), 61)]
Modules to run:  []   name =  puWeight
Loading puWeight from CMGTools.WMass.postprocessing.examples.puWeightProducer 
Running on dataset =  SingleMuon_Run2016B_part3
TFile: name=/afs/cern.ch/work/m/mciprian/w_mass_analysis/heppy/rel_slc7/CMSSW_9_4_12/src/CMGTools/WMass/python/postprocessing/data/pileup/pileup_profile_Summer16.root, title=, option=READ
TFile: name=/afs/cern.ch/work/m/mciprian/w_mass_analysis/heppy/rel_slc7/CMSSW_9_4_12/src/CMGTools/WMass/python/postprocessing/data/pileup/PileupData_GoldenJSON_Full2016.root, title=, option=READ
Load C++ Worker
Modules to run:  []   name =  puWeight2016BF
Loading puWeight2016BF from CMGTools.WMass.postprocessing.examples.puWeightProducer 
Running on dataset =  SingleMuon_Run2016B_part3
TFile: name=/afs/cern.ch/work/m/mciprian/w_mass_analysis/heppy/rel_slc7/CMSSW_9_4_12/src/CMGTools/WMass/python/postprocessing/data/pileup/pileup_profile_Summer16.root, title=, option=READ
TFile: name=/afs/cern.ch/work/m/mciprian/w_mass_analysis/heppy/rel_slc7/CMSSW_9_4_12/src/CMGTools/WMass/python/postprocessing/data/pileup/PileupData_GoldenJSON_2016BF.root, title=, option=READ
Modules to run:  []   name =  lepQCDAwayJetAll
Loading lepQCDAwayJetAll from CMGTools.WMass.postprocessing.examples.lepVarProducer 
Running on dataset =  SingleMuon_Run2016B_part3
Modules to run:  []   name =  muCalibratedWithStatVar
Loading muCalibratedWithStatVar from CMGTools.WMass.postprocessing.examples.lepVarProducer 
Running on dataset =  SingleMuon_Run2016B_part3
did not find EnergyScaleCorrection shared object, rebuilding
trying to load all the rochester correction libraries
did not find legacy data roccor. rebuilding...
done building legacy data roccor.
Modules to run:  []   name =  jetAllReCleaner
Loading jetAllReCleaner from CMGTools.WMass.postprocessing.examples.jetReCleaner 
Running on dataset =  SingleMuon_Run2016B_part3
Load C++ Worker
Modules to run:  []   name =  jetReCleaner
Loading jetReCleaner from CMGTools.WMass.postprocessing.examples.jetReCleaner 
Running on dataset =  SingleMuon_Run2016B_part3
Load C++ Worker
Modules to run:  []   name =  genQEDJets
Loading genQEDJets from CMGTools.WMass.postprocessing.examples.genFriendProducer 
Running on dataset =  SingleMuon_Run2016B_part3
Will write selected trees to MY_EOS_SPACE/heppyNtuples/TREES_SingleMuon2016BCDEF_94X/friends/
Normalization of pu_mc: 0.999973
Normalization of pileup: 3.65129e+10
Weights for variable pu_mc with a number of bins equal to 76:
1 1 1 1 1 1 1 1 1 1 1.616 1.923 1.917 1.762 1.611 1.554 1.506 1.414 1.317 1.241 1.169 1.109 1.071 1.04 1.019 1.001 0.9873 0.9825 0.9828 0.9811 0.9811 0.9792 0.9531 0.9274 0.8773 0.8171 0.7432 0.6594 0.5661 0.4725 0.3811 0.2987 0.2215 0.1581 0 0 0 0 0 0 0 0 0 0 0 1 1 1 1 1 1 1 1 1 1 1 1 1 1 1 1 1 1 1 1 1 .
Final weights: 
1 1 1 1 1 1 1 1 1 1 1.616 1.923 1.917 1.762 1.611 1.554 1.506 1.414 1.317 1.241 1.169 1.109 1.071 1.04 1.019 1.001 0.9873 0.9825 0.9828 0.9811 0.9811 0.9792 0.9531 0.9274 0.8773 0.8171 0.7432 0.6594 0.5661 0.4725 0.3811 0.2987 0.2215 0.1581 0 0 0 0 0 0 0 0 0 0 0 1 1 1 1 1 1 1 1 1 1 1 1 1 1 1 1 1 1 1 1 1 .
Normalization of pu_mc: 1
Normalization of pileup: 2.014e+10
Weights for variable pu_mc with a number of bins equal to 76:
1 1 1 1 1 1 1 1 1 1 2.784 3.074 2.661 2.24 1.976 1.881 1.801 1.669 1.544 1.453 1.364 1.27 1.186 1.113 1.061 1.016 0.9702 0.9245 0.8754 0.8192 0.7629 0.7065 0.6366 0.5722 0.4984 0.4252 0.3515 0.2804 0.2137 0.1564 0.1092 0 0 0 0 0 0 0 0 0 0 0 0 0 0 1 1 1 1 1 1 1 1 1 1 1 1 1 1 1 1 1 1 1 1 1 .
For maximum weight 3.074: integral relative change: 0
Final weights: 
1 1 1 1 1 1 1 1 1 1 2.784 3.074 2.661 2.24 1.976 1.881 1.801 1.669 1.544 1.453 1.364 1.27 1.186 1.113 1.061 1.016 0.9702 0.9245 0.8754 0.8192 0.7629 0.7065 0.6366 0.5722 0.4984 0.4252 0.3515 0.2804 0.2137 0.1564 0.1092 0 0 0 0 0 0 0 0 0 0 0 0 0 0 1 1 1 1 1 1 1 1 1 1 1 1 1 1 1 1 1 1 1 1 1 .
begin job of lepCalProducer
initializing all the rochester correction objects
initializing the egamma calibrator
Processed 15250000/15930545 entries (elapsed time     0.2s, curr speed   41.667 kHz, avg speed 63541.667 kHz), accepted        1/       1 events (100.00%)
Processed 15260000/15930545 entries (elapsed time    13.8s, curr speed    0.736 kHz, avg speed 1104.197 kHz), accepted    10001/   10001 events (100.00%)
Processed 15270000/15930545 entries (elapsed time    27.5s, curr speed    0.729 kHz, avg speed  554.668 kHz), accepted    20001/   20001 events (100.00%)
Processed 15280000/15930545 entries (elapsed time    41.7s, curr speed    0.705 kHz, avg speed  366.251 kHz), accepted    30001/   30001 events (100.00%)
Processed 15290000/15930545 entries (elapsed time    55.7s, curr speed    0.716 kHz, avg speed  274.605 kHz), accepted    40001/   40001 events (100.00%)
Processed 15300000/15930545 entries (elapsed time    69.4s, curr speed    0.732 kHz, avg speed  220.620 kHz), accepted    50001/   50001 events (100.00%)
Processed 15310000/15930545 entries (elapsed time    83.1s, curr speed    0.730 kHz, avg speed  184.347 kHz), accepted    60001/   60001 events (100.00%)
Processed 15320000/15930545 entries (elapsed time    99.0s, curr speed    0.628 kHz, avg speed  154.779 kHz), accepted    70001/   70001 events (100.00%)
Processed 15330000/15930545 entries (elapsed time   113.3s, curr speed    0.696 kHz, avg speed  135.257 kHz), accepted    80001/   80001 events (100.00%)
Processed 15340000/15930545 entries (elapsed time   127.7s, curr speed    0.698 kHz, avg speed  120.163 kHz), accepted    90001/   90001 events (100.00%)
Processed 15350000/15930545 entries (elapsed time   142.2s, curr speed    0.687 kHz, avg speed  107.931 kHz), accepted   100001/  100001 events (100.00%)
Processed 15360000/15930545 entries (elapsed time   155.5s, curr speed    0.755 kHz, avg speed   98.797 kHz), accepted   110001/  110001 events (100.00%)
Processed 15370000/15930545 entries (elapsed time   169.9s, curr speed    0.695 kHz, avg speed   90.486 kHz), accepted   120001/  120001 events (100.00%)
Processed 15380000/15930545 entries (elapsed time   203.8s, curr speed    0.295 kHz, avg speed   75.474 kHz), accepted   130001/  130001 events (100.00%)
Processed 15390000/15930545 entries (elapsed time   219.6s, curr speed    0.633 kHz, avg speed   70.092 kHz), accepted   140001/  140001 events (100.00%)
Processed 15400000/15930545 entries (elapsed time   235.4s, curr speed    0.631 kHz, avg speed   65.418 kHz), accepted   150001/  150001 events (100.00%)
Processed 15410000/15930545 entries (elapsed time   252.0s, curr speed    0.601 kHz, avg speed   61.141 kHz), accepted   160001/  160001 events (100.00%)
Processed 15420000/15930545 entries (elapsed time   268.9s, curr speed    0.593 kHz, avg speed   57.345 kHz), accepted   170001/  170001 events (100.00%)
Processed 15430000/15930545 entries (elapsed time   285.5s, curr speed    0.603 kHz, avg speed   54.047 kHz), accepted   180001/  180001 events (100.00%)
Processed 15440000/15930545 entries (elapsed time   302.0s, curr speed    0.604 kHz, avg speed   51.119 kHz), accepted   190001/  190001 events (100.00%)
Processed 15450000/15930545 entries (elapsed time   338.5s, curr speed    0.274 kHz, avg speed   45.647 kHz), accepted   200001/  200001 events (100.00%)
Processed 15460000/15930545 entries (elapsed time   354.3s, curr speed    0.633 kHz, avg speed   43.638 kHz), accepted   210001/  210001 events (100.00%)
Processed 15470000/15930545 entries (elapsed time   370.1s, curr speed    0.632 kHz, avg speed   41.800 kHz), accepted   220001/  220001 events (100.00%)
Processed 15480000/15930545 entries (elapsed time   385.3s, curr speed    0.656 kHz, avg speed   40.172 kHz), accepted   230001/  230001 events (100.00%)
Processed 15490000/15930545 entries (elapsed time   401.7s, curr speed    0.613 kHz, avg speed   38.565 kHz), accepted   240001/  240001 events (100.00%)
Processed 250000 entries from MY_EOS_SPACE/heppyNtuples/TREES_SingleMuon2016BCDEF_94X/SingleMuon_Run2016B_part3/treeProducerWMass/tree.root, selected 250000 entries
Done MY_EOS_SPACE/heppyNtuples/TREES_SingleMuon2016BCDEF_94X/friends/tree_Friend_SingleMuon_Run2016B_part3.chunk61.root
