000 (322899.039.000) 05/10 15:24:59 Job submitted from host: <188.184.95.166:9618?addrs=188.184.95.166-9618+[2001-1458-201-e4--100-7a0]-9618&alias=tbird02.cern.ch&noUDP&sock=schedd_2138722_faad_3>
...
040 (322899.039.000) 05/10 15:38:26 Started transferring input files
	Transferring to host: <188.184.133.232:9618?addrs=188.184.133.232-9618+[2001-1458-301-a0--100-1ef]-9618&noUDP&sock=12999_b8aa_102834>
...
040 (322899.039.000) 05/10 15:38:26 Finished transferring input files
...
001 (322899.039.000) 05/10 15:38:27 Job executing on host: <188.184.133.232:9618?addrs=188.184.133.232-9618+[2001-1458-301-a0--100-1ef]-9618&noUDP&sock=12792_d394_3>
...
006 (322899.039.000) 05/10 15:38:36 Image size of job updated: 115092
	65  -  MemoryUsage of job (MB)
	66036  -  ResidentSetSize of job (KB)
...
006 (322899.039.000) 05/10 15:43:37 Image size of job updated: 577088
	481  -  MemoryUsage of job (MB)
	491596  -  ResidentSetSize of job (KB)
...
006 (322899.039.000) 05/10 15:45:04 Image size of job updated: 580436
	481  -  MemoryUsage of job (MB)
	491704  -  ResidentSetSize of job (KB)
...
040 (322899.039.000) 05/10 15:45:04 Started transferring output files
...
040 (322899.039.000) 05/10 15:45:04 Finished transferring output files
...
005 (322899.039.000) 05/10 15:45:04 Job terminated.
	(1) Normal termination (return value 1)
		Usr 0 00:05:31, Sys 0 00:00:37  -  Run Remote Usage
		Usr 0 00:00:00, Sys 0 00:00:00  -  Run Local Usage
		Usr 0 00:05:31, Sys 0 00:00:37  -  Total Remote Usage
		Usr 0 00:00:00, Sys 0 00:00:00  -  Total Local Usage
	9478  -  Run Bytes Sent By Job
	10941  -  Run Bytes Received By Job
	9478  -  Total Bytes Sent By Job
	10941  -  Total Bytes Received By Job
	Partitionable Resources :    Usage  Request Allocated 
	   Cpus                 :                 1           
	   Disk (KB)            :       72        1   2178019 
	   Memory (MB)          :      481     2000      2000 
...
