000 (322895.006.000) 05/10 15:24:55 Job submitted from host: <188.184.95.166:9618?addrs=188.184.95.166-9618+[2001-1458-201-e4--100-7a0]-9618&alias=tbird02.cern.ch&noUDP&sock=schedd_2138722_faad_3>
...
040 (322895.006.000) 05/10 15:36:08 Started transferring input files
	Transferring to host: <128.142.240.32:9618?addrs=128.142.240.32-9618+[2001-1458-301-f9--100-2b]-9618&noUDP&sock=936_3f1f_18434>
...
040 (322895.006.000) 05/10 15:36:08 Finished transferring input files
...
001 (322895.006.000) 05/10 15:36:09 Job executing on host: <128.142.240.32:9618?addrs=128.142.240.32-9618+[2001-1458-301-f9--100-2b]-9618&noUDP&sock=2352_dad7_3>
...
006 (322895.006.000) 05/10 15:36:18 Image size of job updated: 59324
	58  -  MemoryUsage of job (MB)
	59320  -  ResidentSetSize of job (KB)
...
006 (322895.006.000) 05/10 15:41:19 Image size of job updated: 407644
	395  -  MemoryUsage of job (MB)
	403684  -  ResidentSetSize of job (KB)
...
006 (322895.006.000) 05/10 15:46:19 Image size of job updated: 496504
	481  -  MemoryUsage of job (MB)
	492544  -  ResidentSetSize of job (KB)
...
040 (322895.006.000) 05/10 15:46:33 Started transferring output files
...
040 (322895.006.000) 05/10 15:46:33 Finished transferring output files
...
005 (322895.006.000) 05/10 15:46:33 Job terminated.
	(1) Normal termination (return value 1)
		Usr 0 00:08:35, Sys 0 00:00:51  -  Run Remote Usage
		Usr 0 00:00:00, Sys 0 00:00:00  -  Run Local Usage
		Usr 0 00:08:35, Sys 0 00:00:51  -  Total Remote Usage
		Usr 0 00:00:00, Sys 0 00:00:00  -  Total Local Usage
	9473  -  Run Bytes Sent By Job
	10941  -  Run Bytes Received By Job
	9473  -  Total Bytes Sent By Job
	10941  -  Total Bytes Received By Job
	Partitionable Resources :    Usage  Request Allocated 
	   Cpus                 :     1.00        1         1 
	   Disk (KB)            :    80           1    221408 
	   Memory (MB)          :   481        2000      2000 
...
