000 (322892.022.000) 05/10 15:24:52 Job submitted from host: <188.184.95.166:9618?addrs=188.184.95.166-9618+[2001-1458-201-e4--100-7a0]-9618&alias=tbird02.cern.ch&noUDP&sock=schedd_2138722_faad_3>
...
040 (322892.022.000) 05/10 15:33:31 Started transferring input files
	Transferring to host: <128.142.240.47:9618?addrs=128.142.240.47-9618+[2001-1458-301-f9--100-9]-9618&noUDP&sock=3999_683c_126398>
...
040 (322892.022.000) 05/10 15:33:31 Finished transferring input files
...
001 (322892.022.000) 05/10 15:33:32 Job executing on host: <128.142.240.47:9618?addrs=128.142.240.47-9618+[2001-1458-301-f9--100-9]-9618&noUDP&sock=2327_b4f9_3>
...
006 (322892.022.000) 05/10 15:33:41 Image size of job updated: 298960
	210  -  MemoryUsage of job (MB)
	214596  -  ResidentSetSize of job (KB)
...
006 (322892.022.000) 05/10 15:38:42 Image size of job updated: 495508
	482  -  MemoryUsage of job (MB)
	493076  -  ResidentSetSize of job (KB)
...
040 (322892.022.000) 05/10 15:39:15 Started transferring output files
...
040 (322892.022.000) 05/10 15:39:15 Finished transferring output files
...
005 (322892.022.000) 05/10 15:39:15 Job terminated.
	(1) Normal termination (return value 1)
		Usr 0 00:04:56, Sys 0 00:00:37  -  Run Remote Usage
		Usr 0 00:00:00, Sys 0 00:00:00  -  Run Local Usage
		Usr 0 00:04:56, Sys 0 00:00:37  -  Total Remote Usage
		Usr 0 00:00:00, Sys 0 00:00:00  -  Total Local Usage
	9477  -  Run Bytes Sent By Job
	10941  -  Run Bytes Received By Job
	9477  -  Total Bytes Sent By Job
	10941  -  Total Bytes Received By Job
	Partitionable Resources :    Usage  Request Allocated 
	   Cpus                 :                 1           
	   Disk (KB)            :       72        1   2222245 
	   Memory (MB)          :      482     2000      2000 
...
