   SingleMuon_Run2016B_part2   DATA  64 chunks


I have 1 taks to process
I'm using the following list of modules DEFAULT_MODULES
this is jobs [('SingleMuon_Run2016B_part2', 'MY_EOS_SPACE/heppyNtuples/TREES_SingleMuon2016BCDEF_94X/SingleMuon_Run2016B_part2/treeProducerWMass/tree.root', 30940940.0, '_Friend_SingleMuon_Run2016B_part2.chunk17', True, xrange(4250000, 4500000), 17)]
Modules to run:  []   name =  puWeight
Loading puWeight from CMGTools.WMass.postprocessing.examples.puWeightProducer 
Running on dataset =  SingleMuon_Run2016B_part2
TFile: name=/afs/cern.ch/work/m/mciprian/w_mass_analysis/heppy/rel_slc7/CMSSW_9_4_12/src/CMGTools/WMass/python/postprocessing/data/pileup/pileup_profile_Summer16.root, title=, option=READ
TFile: name=/afs/cern.ch/work/m/mciprian/w_mass_analysis/heppy/rel_slc7/CMSSW_9_4_12/src/CMGTools/WMass/python/postprocessing/data/pileup/PileupData_GoldenJSON_Full2016.root, title=, option=READ
Load C++ Worker
Modules to run:  []   name =  puWeight2016BF
Loading puWeight2016BF from CMGTools.WMass.postprocessing.examples.puWeightProducer 
Running on dataset =  SingleMuon_Run2016B_part2
TFile: name=/afs/cern.ch/work/m/mciprian/w_mass_analysis/heppy/rel_slc7/CMSSW_9_4_12/src/CMGTools/WMass/python/postprocessing/data/pileup/pileup_profile_Summer16.root, title=, option=READ
TFile: name=/afs/cern.ch/work/m/mciprian/w_mass_analysis/heppy/rel_slc7/CMSSW_9_4_12/src/CMGTools/WMass/python/postprocessing/data/pileup/PileupData_GoldenJSON_2016BF.root, title=, option=READ
Modules to run:  []   name =  lepQCDAwayJetAll
Loading lepQCDAwayJetAll from CMGTools.WMass.postprocessing.examples.lepVarProducer 
Running on dataset =  SingleMuon_Run2016B_part2
Modules to run:  []   name =  muCalibratedWithStatVar
Loading muCalibratedWithStatVar from CMGTools.WMass.postprocessing.examples.lepVarProducer 
Running on dataset =  SingleMuon_Run2016B_part2
did not find EnergyScaleCorrection shared object, rebuilding
trying to load all the rochester correction libraries
did not find legacy data roccor. rebuilding...
done building legacy data roccor.
Modules to run:  []   name =  jetAllReCleaner
Loading jetAllReCleaner from CMGTools.WMass.postprocessing.examples.jetReCleaner 
Running on dataset =  SingleMuon_Run2016B_part2
Load C++ Worker
Modules to run:  []   name =  jetReCleaner
Loading jetReCleaner from CMGTools.WMass.postprocessing.examples.jetReCleaner 
Running on dataset =  SingleMuon_Run2016B_part2
Load C++ Worker
Modules to run:  []   name =  genQEDJets
Loading genQEDJets from CMGTools.WMass.postprocessing.examples.genFriendProducer 
Running on dataset =  SingleMuon_Run2016B_part2
Will write selected trees to MY_EOS_SPACE/heppyNtuples/TREES_SingleMuon2016BCDEF_94X/friends/
Normalization of pu_mc: 0.999973
Normalization of pileup: 3.65129e+10
Weights for variable pu_mc with a number of bins equal to 76:
1 1 1 1 1 1 1 1 1 1 1.616 1.923 1.917 1.762 1.611 1.554 1.506 1.414 1.317 1.241 1.169 1.109 1.071 1.04 1.019 1.001 0.9873 0.9825 0.9828 0.9811 0.9811 0.9792 0.9531 0.9274 0.8773 0.8171 0.7432 0.6594 0.5661 0.4725 0.3811 0.2987 0.2215 0.1581 0 0 0 0 0 0 0 0 0 0 0 1 1 1 1 1 1 1 1 1 1 1 1 1 1 1 1 1 1 1 1 1 .
Final weights: 
1 1 1 1 1 1 1 1 1 1 1.616 1.923 1.917 1.762 1.611 1.554 1.506 1.414 1.317 1.241 1.169 1.109 1.071 1.04 1.019 1.001 0.9873 0.9825 0.9828 0.9811 0.9811 0.9792 0.9531 0.9274 0.8773 0.8171 0.7432 0.6594 0.5661 0.4725 0.3811 0.2987 0.2215 0.1581 0 0 0 0 0 0 0 0 0 0 0 1 1 1 1 1 1 1 1 1 1 1 1 1 1 1 1 1 1 1 1 1 .
Normalization of pu_mc: 1
Normalization of pileup: 2.014e+10
Weights for variable pu_mc with a number of bins equal to 76:
1 1 1 1 1 1 1 1 1 1 2.784 3.074 2.661 2.24 1.976 1.881 1.801 1.669 1.544 1.453 1.364 1.27 1.186 1.113 1.061 1.016 0.9702 0.9245 0.8754 0.8192 0.7629 0.7065 0.6366 0.5722 0.4984 0.4252 0.3515 0.2804 0.2137 0.1564 0.1092 0 0 0 0 0 0 0 0 0 0 0 0 0 0 1 1 1 1 1 1 1 1 1 1 1 1 1 1 1 1 1 1 1 1 1 .
For maximum weight 3.074: integral relative change: 0
Final weights: 
1 1 1 1 1 1 1 1 1 1 2.784 3.074 2.661 2.24 1.976 1.881 1.801 1.669 1.544 1.453 1.364 1.27 1.186 1.113 1.061 1.016 0.9702 0.9245 0.8754 0.8192 0.7629 0.7065 0.6366 0.5722 0.4984 0.4252 0.3515 0.2804 0.2137 0.1564 0.1092 0 0 0 0 0 0 0 0 0 0 0 0 0 0 1 1 1 1 1 1 1 1 1 1 1 1 1 1 1 1 1 1 1 1 1 .
begin job of lepCalProducer
initializing all the rochester correction objects
initializing the egamma calibrator
Processed  4250000/15872483 entries (elapsed time     0.3s, curr speed   31.250 kHz, avg speed 13281.250 kHz), accepted        1/       1 events (100.00%)
Processed  4260000/15872483 entries (elapsed time    14.0s, curr speed    0.733 kHz, avg speed  304.939 kHz), accepted    10001/   10001 events (100.00%)
Processed  4270000/15872483 entries (elapsed time    28.0s, curr speed    0.713 kHz, avg speed  152.554 kHz), accepted    20001/   20001 events (100.00%)
Processed  4280000/15872483 entries (elapsed time    42.0s, curr speed    0.714 kHz, avg speed  101.905 kHz), accepted    30001/   30001 events (100.00%)
Processed  4290000/15872483 entries (elapsed time    56.2s, curr speed    0.706 kHz, avg speed   76.375 kHz), accepted    40001/   40001 events (100.00%)
Processed  4300000/15872483 entries (elapsed time    70.4s, curr speed    0.702 kHz, avg speed   61.071 kHz), accepted    50001/   50001 events (100.00%)
Processed  4310000/15872483 entries (elapsed time    84.5s, curr speed    0.708 kHz, avg speed   50.988 kHz), accepted    60001/   60001 events (100.00%)
Processed  4320000/15872483 entries (elapsed time    98.0s, curr speed    0.743 kHz, avg speed   44.086 kHz), accepted    70001/   70001 events (100.00%)
Processed  4330000/15872483 entries (elapsed time   109.9s, curr speed    0.842 kHz, avg speed   39.410 kHz), accepted    80001/   80001 events (100.00%)
Processed  4340000/15872483 entries (elapsed time   122.1s, curr speed    0.820 kHz, avg speed   35.553 kHz), accepted    90001/   90001 events (100.00%)
Processed  4350000/15872483 entries (elapsed time   134.2s, curr speed    0.826 kHz, avg speed   32.422 kHz), accepted   100001/  100001 events (100.00%)
Processed  4360000/15872483 entries (elapsed time   146.5s, curr speed    0.811 kHz, avg speed   29.761 kHz), accepted   110001/  110001 events (100.00%)
Processed  4370000/15872483 entries (elapsed time   159.1s, curr speed    0.794 kHz, avg speed   27.469 kHz), accepted   120001/  120001 events (100.00%)
Processed  4380000/15872483 entries (elapsed time   188.3s, curr speed    0.342 kHz, avg speed   23.260 kHz), accepted   130001/  130001 events (100.00%)
Processed  4390000/15872483 entries (elapsed time   200.5s, curr speed    0.822 kHz, avg speed   21.897 kHz), accepted   140001/  140001 events (100.00%)
Processed  4400000/15872483 entries (elapsed time   212.6s, curr speed    0.828 kHz, avg speed   20.700 kHz), accepted   150001/  150001 events (100.00%)
Processed  4410000/15872483 entries (elapsed time   224.6s, curr speed    0.829 kHz, avg speed   19.632 kHz), accepted   160001/  160001 events (100.00%)
Processed  4420000/15872483 entries (elapsed time   236.7s, curr speed    0.826 kHz, avg speed   18.671 kHz), accepted   170001/  170001 events (100.00%)
Processed  4430000/15872483 entries (elapsed time   248.9s, curr speed    0.824 kHz, avg speed   17.801 kHz), accepted   180001/  180001 events (100.00%)
Processed  4440000/15872483 entries (elapsed time   260.8s, curr speed    0.840 kHz, avg speed   17.026 kHz), accepted   190001/  190001 events (100.00%)
Processed  4450000/15872483 entries (elapsed time   289.0s, curr speed    0.355 kHz, avg speed   15.400 kHz), accepted   200001/  200001 events (100.00%)
Processed  4460000/15872483 entries (elapsed time   300.9s, curr speed    0.835 kHz, avg speed   14.820 kHz), accepted   210001/  210001 events (100.00%)
Processed  4470000/15872483 entries (elapsed time   312.8s, curr speed    0.841 kHz, avg speed   14.289 kHz), accepted   220001/  220001 events (100.00%)
Processed  4480000/15872483 entries (elapsed time   324.7s, curr speed    0.844 kHz, avg speed   13.798 kHz), accepted   230001/  230001 events (100.00%)
Processed  4490000/15872483 entries (elapsed time   336.3s, curr speed    0.862 kHz, avg speed   13.352 kHz), accepted   240001/  240001 events (100.00%)
Processed 250000 entries from MY_EOS_SPACE/heppyNtuples/TREES_SingleMuon2016BCDEF_94X/SingleMuon_Run2016B_part2/treeProducerWMass/tree.root, selected 250000 entries
Done MY_EOS_SPACE/heppyNtuples/TREES_SingleMuon2016BCDEF_94X/friends/tree_Friend_SingleMuon_Run2016B_part2.chunk17.root
