000 (322883.046.000) 05/10 15:24:44 Job submitted from host: <188.184.95.166:9618?addrs=188.184.95.166-9618+[2001-1458-201-e4--100-7a0]-9618&alias=tbird02.cern.ch&noUDP&sock=schedd_2138722_faad_3>
...
040 (322883.046.000) 05/10 15:26:34 Started transferring input files
	Transferring to host: <188.184.186.25:9618?addrs=188.184.186.25-9618+[2001-1458-301-f8--100-22]-9618&noUDP&sock=6127_c692_18145>
...
040 (322883.046.000) 05/10 15:26:34 Finished transferring input files
...
001 (322883.046.000) 05/10 15:26:35 Job executing on host: <188.184.186.25:9618?addrs=188.184.186.25-9618+[2001-1458-301-f8--100-22]-9618&noUDP&sock=2442_965d_3>
...
006 (322883.046.000) 05/10 15:26:44 Image size of job updated: 250884
	245  -  MemoryUsage of job (MB)
	250216  -  ResidentSetSize of job (KB)
...
006 (322883.046.000) 05/10 15:31:45 Image size of job updated: 490524
	479  -  MemoryUsage of job (MB)
	490204  -  ResidentSetSize of job (KB)
...
006 (322883.046.000) 05/10 15:34:04 Image size of job updated: 903044
	479  -  MemoryUsage of job (MB)
	490204  -  ResidentSetSize of job (KB)
...
040 (322883.046.000) 05/10 15:34:04 Started transferring output files
...
040 (322883.046.000) 05/10 15:34:04 Finished transferring output files
...
005 (322883.046.000) 05/10 15:34:04 Job terminated.
	(1) Normal termination (return value 1)
		Usr 0 00:06:31, Sys 0 00:00:40  -  Run Remote Usage
		Usr 0 00:00:00, Sys 0 00:00:00  -  Run Local Usage
		Usr 0 00:06:31, Sys 0 00:00:40  -  Total Remote Usage
		Usr 0 00:00:00, Sys 0 00:00:00  -  Total Local Usage
	9479  -  Run Bytes Sent By Job
	10941  -  Run Bytes Received By Job
	9479  -  Total Bytes Sent By Job
	10941  -  Total Bytes Received By Job
	Partitionable Resources :    Usage  Request Allocated 
	   Cpus                 :     0.98        1         1 
	   Disk (KB)            :    79           1    212061 
	   Memory (MB)          :   479        2000      2000 
...
