000 (322898.042.000) 05/10 15:24:58 Job submitted from host: <188.184.95.166:9618?addrs=188.184.95.166-9618+[2001-1458-201-e4--100-7a0]-9618&alias=tbird02.cern.ch&noUDP&sock=schedd_2138722_faad_3>
...
040 (322898.042.000) 05/10 15:38:04 Started transferring input files
	Transferring to host: <188.184.207.169:9618?addrs=188.184.207.169-9618+[2001-1458-301-7d--100-4f7]-9618&noUDP&sock=4201_bc04_126502>
...
040 (322898.042.000) 05/10 15:38:04 Finished transferring input files
...
001 (322898.042.000) 05/10 15:38:05 Job executing on host: <188.184.207.169:9618?addrs=188.184.207.169-9618+[2001-1458-301-7d--100-4f7]-9618&noUDP&sock=2350_7ba6_3>
...
006 (322898.042.000) 05/10 15:38:13 Image size of job updated: 171124
	105  -  MemoryUsage of job (MB)
	106672  -  ResidentSetSize of job (KB)
...
006 (322898.042.000) 05/10 15:43:13 Image size of job updated: 488004
	475  -  MemoryUsage of job (MB)
	485672  -  ResidentSetSize of job (KB)
...
040 (322898.042.000) 05/10 15:44:11 Started transferring output files
...
040 (322898.042.000) 05/10 15:44:11 Finished transferring output files
...
005 (322898.042.000) 05/10 15:44:11 Job terminated.
	(1) Normal termination (return value 1)
		Usr 0 00:05:19, Sys 0 00:00:33  -  Run Remote Usage
		Usr 0 00:00:00, Sys 0 00:00:00  -  Run Local Usage
		Usr 0 00:05:19, Sys 0 00:00:33  -  Total Remote Usage
		Usr 0 00:00:00, Sys 0 00:00:00  -  Total Local Usage
	9479  -  Run Bytes Sent By Job
	10941  -  Run Bytes Received By Job
	9479  -  Total Bytes Sent By Job
	10941  -  Total Bytes Received By Job
	Partitionable Resources :    Usage  Request Allocated 
	   Cpus                 :                 1           
	   Disk (KB)            :       72        1   2205175 
	   Memory (MB)          :      475     2000      2000 
...
