000 (322896.024.000) 05/10 15:24:56 Job submitted from host: <188.184.95.166:9618?addrs=188.184.95.166-9618+[2001-1458-201-e4--100-7a0]-9618&alias=tbird02.cern.ch&noUDP&sock=schedd_2138722_faad_3>
...
040 (322896.024.000) 05/10 15:36:56 Started transferring input files
	Transferring to host: <188.184.186.38:9618?addrs=188.184.186.38-9618+[2001-1458-301-f8--100-6]-9618&noUDP&sock=2875_728e_57750>
...
040 (322896.024.000) 05/10 15:36:56 Finished transferring input files
...
001 (322896.024.000) 05/10 15:36:57 Job executing on host: <188.184.186.38:9618?addrs=188.184.186.38-9618+[2001-1458-301-f8--100-6]-9618&noUDP&sock=2268_3ce2_3>
...
006 (322896.024.000) 05/10 15:37:06 Image size of job updated: 116852
	58  -  MemoryUsage of job (MB)
	59312  -  ResidentSetSize of job (KB)
...
006 (322896.024.000) 05/10 15:42:07 Image size of job updated: 558664
	479  -  MemoryUsage of job (MB)
	490488  -  ResidentSetSize of job (KB)
...
040 (322896.024.000) 05/10 15:43:08 Started transferring output files
...
040 (322896.024.000) 05/10 15:43:08 Finished transferring output files
...
005 (322896.024.000) 05/10 15:43:08 Job terminated.
	(1) Normal termination (return value 1)
		Usr 0 00:04:45, Sys 0 00:00:32  -  Run Remote Usage
		Usr 0 00:00:00, Sys 0 00:00:00  -  Run Local Usage
		Usr 0 00:04:45, Sys 0 00:00:32  -  Total Remote Usage
		Usr 0 00:00:00, Sys 0 00:00:00  -  Total Local Usage
	9477  -  Run Bytes Sent By Job
	10941  -  Run Bytes Received By Job
	9477  -  Total Bytes Sent By Job
	10941  -  Total Bytes Received By Job
	Partitionable Resources :    Usage  Request Allocated 
	   Cpus                 :                 1           
	   Disk (KB)            :       72        1   2128246 
	   Memory (MB)          :      479     2000      2000 
...
