000 (322895.017.000) 05/10 15:24:55 Job submitted from host: <188.184.95.166:9618?addrs=188.184.95.166-9618+[2001-1458-201-e4--100-7a0]-9618&alias=tbird02.cern.ch&noUDP&sock=schedd_2138722_faad_3>
...
040 (322895.017.000) 05/10 15:36:11 Started transferring input files
	Transferring to host: <188.184.133.208:9618?addrs=188.184.133.208-9618+[2001-1458-301-a0--100-4df]-9618&noUDP&sock=30501_76b1_18544>
...
040 (322895.017.000) 05/10 15:36:11 Finished transferring input files
...
001 (322895.017.000) 05/10 15:36:12 Job executing on host: <188.184.133.208:9618?addrs=188.184.133.208-9618+[2001-1458-301-a0--100-4df]-9618&noUDP&sock=12853_aadb_3>
...
006 (322895.017.000) 05/10 15:36:21 Image size of job updated: 61612
	58  -  MemoryUsage of job (MB)
	59300  -  ResidentSetSize of job (KB)
...
006 (322895.017.000) 05/10 15:41:22 Image size of job updated: 493224
	480  -  MemoryUsage of job (MB)
	490680  -  ResidentSetSize of job (KB)
...
040 (322895.017.000) 05/10 15:44:53 Started transferring output files
...
040 (322895.017.000) 05/10 15:44:53 Finished transferring output files
...
005 (322895.017.000) 05/10 15:44:53 Job terminated.
	(1) Normal termination (return value 1)
		Usr 0 00:07:00, Sys 0 00:00:41  -  Run Remote Usage
		Usr 0 00:00:00, Sys 0 00:00:00  -  Run Local Usage
		Usr 0 00:07:00, Sys 0 00:00:41  -  Total Remote Usage
		Usr 0 00:00:00, Sys 0 00:00:00  -  Total Local Usage
	9477  -  Run Bytes Sent By Job
	10941  -  Run Bytes Received By Job
	9477  -  Total Bytes Sent By Job
	10941  -  Total Bytes Received By Job
	Partitionable Resources :    Usage  Request Allocated 
	   Cpus                 :     1.00        1         1 
	   Disk (KB)            :    80           1    215123 
	   Memory (MB)          :   480        2000      2000 
...
