000 (322898.033.000) 05/10 15:24:58 Job submitted from host: <188.184.95.166:9618?addrs=188.184.95.166-9618+[2001-1458-201-e4--100-7a0]-9618&alias=tbird02.cern.ch&noUDP&sock=schedd_2138722_faad_3>
...
040 (322898.033.000) 05/10 15:37:59 Started transferring input files
	Transferring to host: <188.184.207.210:9618?addrs=188.184.207.210-9618+[2001-1458-301-7d--100-6a1]-9618&noUDP&sock=4159_2442_127670>
...
040 (322898.033.000) 05/10 15:37:59 Finished transferring input files
...
001 (322898.033.000) 05/10 15:38:00 Job executing on host: <188.184.207.210:9618?addrs=188.184.207.210-9618+[2001-1458-301-7d--100-6a1]-9618&noUDP&sock=2320_e7cf_3>
...
006 (322898.033.000) 05/10 15:38:09 Image size of job updated: 245716
	166  -  MemoryUsage of job (MB)
	169072  -  ResidentSetSize of job (KB)
...
006 (322898.033.000) 05/10 15:43:10 Image size of job updated: 571312
	477  -  MemoryUsage of job (MB)
	488084  -  ResidentSetSize of job (KB)
...
006 (322898.033.000) 05/10 15:43:42 Image size of job updated: 573232
	477  -  MemoryUsage of job (MB)
	488084  -  ResidentSetSize of job (KB)
...
040 (322898.033.000) 05/10 15:43:42 Started transferring output files
...
040 (322898.033.000) 05/10 15:43:42 Finished transferring output files
...
005 (322898.033.000) 05/10 15:43:42 Job terminated.
	(1) Normal termination (return value 1)
		Usr 0 00:04:54, Sys 0 00:00:36  -  Run Remote Usage
		Usr 0 00:00:00, Sys 0 00:00:00  -  Run Local Usage
		Usr 0 00:04:54, Sys 0 00:00:36  -  Total Remote Usage
		Usr 0 00:00:00, Sys 0 00:00:00  -  Total Local Usage
	9477  -  Run Bytes Sent By Job
	10941  -  Run Bytes Received By Job
	9477  -  Total Bytes Sent By Job
	10941  -  Total Bytes Received By Job
	Partitionable Resources :    Usage  Request Allocated 
	   Cpus                 :                 1           
	   Disk (KB)            :       72        1   2124549 
	   Memory (MB)          :      477     2000      2000 
...
