   SingleMuon_Run2016E_part4   DATA  38 chunks


I have 1 taks to process
I'm using the following list of modules DEFAULT_MODULES
this is jobs [('SingleMuon_Run2016E_part4', 'MY_EOS_SPACE/heppyNtuples/TREES_SingleMuon2016BCDEF_94X/SingleMuon_Run2016E_part4/treeProducerWMass/tree.root', 15365495.0, '_Friend_SingleMuon_Run2016E_part4.chunk1', True, xrange(250000, 500000), 1)]
Modules to run:  []   name =  puWeight
Loading puWeight from CMGTools.WMass.postprocessing.examples.puWeightProducer 
Running on dataset =  SingleMuon_Run2016E_part4
TFile: name=/afs/cern.ch/work/m/mciprian/w_mass_analysis/heppy/rel_slc7/CMSSW_9_4_12/src/CMGTools/WMass/python/postprocessing/data/pileup/pileup_profile_Summer16.root, title=, option=READ
TFile: name=/afs/cern.ch/work/m/mciprian/w_mass_analysis/heppy/rel_slc7/CMSSW_9_4_12/src/CMGTools/WMass/python/postprocessing/data/pileup/PileupData_GoldenJSON_Full2016.root, title=, option=READ
Load C++ Worker
Modules to run:  []   name =  puWeight2016BF
Loading puWeight2016BF from CMGTools.WMass.postprocessing.examples.puWeightProducer 
Running on dataset =  SingleMuon_Run2016E_part4
TFile: name=/afs/cern.ch/work/m/mciprian/w_mass_analysis/heppy/rel_slc7/CMSSW_9_4_12/src/CMGTools/WMass/python/postprocessing/data/pileup/pileup_profile_Summer16.root, title=, option=READ
TFile: name=/afs/cern.ch/work/m/mciprian/w_mass_analysis/heppy/rel_slc7/CMSSW_9_4_12/src/CMGTools/WMass/python/postprocessing/data/pileup/PileupData_GoldenJSON_2016BF.root, title=, option=READ
Modules to run:  []   name =  lepQCDAwayJetAll
Loading lepQCDAwayJetAll from CMGTools.WMass.postprocessing.examples.lepVarProducer 
Running on dataset =  SingleMuon_Run2016E_part4
Modules to run:  []   name =  muCalibratedWithStatVar
Loading muCalibratedWithStatVar from CMGTools.WMass.postprocessing.examples.lepVarProducer 
Running on dataset =  SingleMuon_Run2016E_part4
did not find EnergyScaleCorrection shared object, rebuilding
trying to load all the rochester correction libraries
did not find legacy data roccor. rebuilding...
done building legacy data roccor.
Modules to run:  []   name =  jetAllReCleaner
Loading jetAllReCleaner from CMGTools.WMass.postprocessing.examples.jetReCleaner 
Running on dataset =  SingleMuon_Run2016E_part4
Load C++ Worker
Modules to run:  []   name =  jetReCleaner
Loading jetReCleaner from CMGTools.WMass.postprocessing.examples.jetReCleaner 
Running on dataset =  SingleMuon_Run2016E_part4
Load C++ Worker
Modules to run:  []   name =  genQEDJets
Loading genQEDJets from CMGTools.WMass.postprocessing.examples.genFriendProducer 
Running on dataset =  SingleMuon_Run2016E_part4
Will write selected trees to MY_EOS_SPACE/heppyNtuples/TREES_SingleMuon2016BCDEF_94X/friends/
Normalization of pu_mc: 0.999973
Normalization of pileup: 3.65129e+10
Weights for variable pu_mc with a number of bins equal to 76:
1 1 1 1 1 1 1 1 1 1 1.616 1.923 1.917 1.762 1.611 1.554 1.506 1.414 1.317 1.241 1.169 1.109 1.071 1.04 1.019 1.001 0.9873 0.9825 0.9828 0.9811 0.9811 0.9792 0.9531 0.9274 0.8773 0.8171 0.7432 0.6594 0.5661 0.4725 0.3811 0.2987 0.2215 0.1581 0 0 0 0 0 0 0 0 0 0 0 1 1 1 1 1 1 1 1 1 1 1 1 1 1 1 1 1 1 1 1 1 .
Final weights: 
1 1 1 1 1 1 1 1 1 1 1.616 1.923 1.917 1.762 1.611 1.554 1.506 1.414 1.317 1.241 1.169 1.109 1.071 1.04 1.019 1.001 0.9873 0.9825 0.9828 0.9811 0.9811 0.9792 0.9531 0.9274 0.8773 0.8171 0.7432 0.6594 0.5661 0.4725 0.3811 0.2987 0.2215 0.1581 0 0 0 0 0 0 0 0 0 0 0 1 1 1 1 1 1 1 1 1 1 1 1 1 1 1 1 1 1 1 1 1 .
Normalization of pu_mc: 1
Normalization of pileup: 2.014e+10
Weights for variable pu_mc with a number of bins equal to 76:
1 1 1 1 1 1 1 1 1 1 2.784 3.074 2.661 2.24 1.976 1.881 1.801 1.669 1.544 1.453 1.364 1.27 1.186 1.113 1.061 1.016 0.9702 0.9245 0.8754 0.8192 0.7629 0.7065 0.6366 0.5722 0.4984 0.4252 0.3515 0.2804 0.2137 0.1564 0.1092 0 0 0 0 0 0 0 0 0 0 0 0 0 0 1 1 1 1 1 1 1 1 1 1 1 1 1 1 1 1 1 1 1 1 1 .
For maximum weight 3.074: integral relative change: 0
Final weights: 
1 1 1 1 1 1 1 1 1 1 2.784 3.074 2.661 2.24 1.976 1.881 1.801 1.669 1.544 1.453 1.364 1.27 1.186 1.113 1.061 1.016 0.9702 0.9245 0.8754 0.8192 0.7629 0.7065 0.6366 0.5722 0.4984 0.4252 0.3515 0.2804 0.2137 0.1564 0.1092 0 0 0 0 0 0 0 0 0 0 0 0 0 0 1 1 1 1 1 1 1 1 1 1 1 1 1 1 1 1 1 1 1 1 1 .
begin job of lepCalProducer
initializing all the rochester correction objects
initializing the egamma calibrator
Processed   250000/ 9438280 entries (elapsed time     0.2s, curr speed   40.000 kHz, avg speed 1000.000 kHz), accepted        1/       1 events (100.00%)
Processed   260000/ 9438280 entries (elapsed time    13.3s, curr speed    0.766 kHz, avg speed   19.549 kHz), accepted    10001/   10001 events (100.00%)
Processed   270000/ 9438280 entries (elapsed time    26.8s, curr speed    0.739 kHz, avg speed   10.063 kHz), accepted    20001/   20001 events (100.00%)
Processed   280000/ 9438280 entries (elapsed time    40.5s, curr speed    0.734 kHz, avg speed    6.920 kHz), accepted    30001/   30001 events (100.00%)
Processed   290000/ 9438280 entries (elapsed time    54.0s, curr speed    0.736 kHz, avg speed    5.365 kHz), accepted    40001/   40001 events (100.00%)
Processed   300000/ 9438280 entries (elapsed time    67.7s, curr speed    0.735 kHz, avg speed    4.434 kHz), accepted    50001/   50001 events (100.00%)
Processed   310000/ 9438280 entries (elapsed time    81.4s, curr speed    0.727 kHz, avg speed    3.808 kHz), accepted    60001/   60001 events (100.00%)
Processed   320000/ 9438280 entries (elapsed time    94.6s, curr speed    0.760 kHz, avg speed    3.384 kHz), accepted    70001/   70001 events (100.00%)
Processed   330000/ 9438280 entries (elapsed time   106.1s, curr speed    0.864 kHz, avg speed    3.109 kHz), accepted    80001/   80001 events (100.00%)
Processed   340000/ 9438280 entries (elapsed time   117.7s, curr speed    0.869 kHz, avg speed    2.890 kHz), accepted    90001/   90001 events (100.00%)
Processed   350000/ 9438280 entries (elapsed time   128.9s, curr speed    0.887 kHz, avg speed    2.715 kHz), accepted   100001/  100001 events (100.00%)
Processed   360000/ 9438280 entries (elapsed time   140.2s, curr speed    0.890 kHz, avg speed    2.568 kHz), accepted   110001/  110001 events (100.00%)
Processed   370000/ 9438280 entries (elapsed time   151.6s, curr speed    0.871 kHz, avg speed    2.440 kHz), accepted   120001/  120001 events (100.00%)
Processed   380000/ 9438280 entries (elapsed time   178.2s, curr speed    0.377 kHz, avg speed    2.133 kHz), accepted   130001/  130001 events (100.00%)
Processed   390000/ 9438280 entries (elapsed time   189.5s, curr speed    0.880 kHz, avg speed    2.058 kHz), accepted   140001/  140001 events (100.00%)
Processed   400000/ 9438280 entries (elapsed time   200.8s, curr speed    0.890 kHz, avg speed    1.992 kHz), accepted   150001/  150001 events (100.00%)
Processed   410000/ 9438280 entries (elapsed time   212.1s, curr speed    0.883 kHz, avg speed    1.933 kHz), accepted   160001/  160001 events (100.00%)
Processed   420000/ 9438280 entries (elapsed time   223.5s, curr speed    0.877 kHz, avg speed    1.879 kHz), accepted   170001/  170001 events (100.00%)
Processed   430000/ 9438280 entries (elapsed time   234.8s, curr speed    0.884 kHz, avg speed    1.831 kHz), accepted   180001/  180001 events (100.00%)
Processed   440000/ 9438280 entries (elapsed time   246.1s, curr speed    0.890 kHz, avg speed    1.788 kHz), accepted   190001/  190001 events (100.00%)
Processed   450000/ 9438280 entries (elapsed time   272.2s, curr speed    0.383 kHz, avg speed    1.653 kHz), accepted   200001/  200001 events (100.00%)
Processed   460000/ 9438280 entries (elapsed time   283.1s, curr speed    0.918 kHz, avg speed    1.625 kHz), accepted   210001/  210001 events (100.00%)
Processed   470000/ 9438280 entries (elapsed time   293.6s, curr speed    0.950 kHz, avg speed    1.601 kHz), accepted   220001/  220001 events (100.00%)
Processed   480000/ 9438280 entries (elapsed time   304.7s, curr speed    0.899 kHz, avg speed    1.575 kHz), accepted   230001/  230001 events (100.00%)
Processed   490000/ 9438280 entries (elapsed time   315.7s, curr speed    0.909 kHz, avg speed    1.552 kHz), accepted   240001/  240001 events (100.00%)
Processed 250000 entries from MY_EOS_SPACE/heppyNtuples/TREES_SingleMuon2016BCDEF_94X/SingleMuon_Run2016E_part4/treeProducerWMass/tree.root, selected 250000 entries
Done MY_EOS_SPACE/heppyNtuples/TREES_SingleMuon2016BCDEF_94X/friends/tree_Friend_SingleMuon_Run2016E_part4.chunk1.root
