   SingleMuon_Run2016D_part2   DATA  59 chunks


I have 1 taks to process
I'm using the following list of modules DEFAULT_MODULES
this is jobs [('SingleMuon_Run2016D_part2', 'MY_EOS_SPACE/heppyNtuples/TREES_SingleMuon2016BCDEF_94X/SingleMuon_Run2016D_part2/treeProducerWMass/tree.root', 24459165.0, '_Friend_SingleMuon_Run2016D_part2.chunk27', True, xrange(6750000, 7000000), 27)]
Modules to run:  []   name =  puWeight
Loading puWeight from CMGTools.WMass.postprocessing.examples.puWeightProducer 
Running on dataset =  SingleMuon_Run2016D_part2
TFile: name=/afs/cern.ch/work/m/mciprian/w_mass_analysis/heppy/rel_slc7/CMSSW_9_4_12/src/CMGTools/WMass/python/postprocessing/data/pileup/pileup_profile_Summer16.root, title=, option=READ
TFile: name=/afs/cern.ch/work/m/mciprian/w_mass_analysis/heppy/rel_slc7/CMSSW_9_4_12/src/CMGTools/WMass/python/postprocessing/data/pileup/PileupData_GoldenJSON_Full2016.root, title=, option=READ
Load C++ Worker
Modules to run:  []   name =  puWeight2016BF
Loading puWeight2016BF from CMGTools.WMass.postprocessing.examples.puWeightProducer 
Running on dataset =  SingleMuon_Run2016D_part2
TFile: name=/afs/cern.ch/work/m/mciprian/w_mass_analysis/heppy/rel_slc7/CMSSW_9_4_12/src/CMGTools/WMass/python/postprocessing/data/pileup/pileup_profile_Summer16.root, title=, option=READ
TFile: name=/afs/cern.ch/work/m/mciprian/w_mass_analysis/heppy/rel_slc7/CMSSW_9_4_12/src/CMGTools/WMass/python/postprocessing/data/pileup/PileupData_GoldenJSON_2016BF.root, title=, option=READ
Modules to run:  []   name =  lepQCDAwayJetAll
Loading lepQCDAwayJetAll from CMGTools.WMass.postprocessing.examples.lepVarProducer 
Running on dataset =  SingleMuon_Run2016D_part2
Modules to run:  []   name =  muCalibratedWithStatVar
Loading muCalibratedWithStatVar from CMGTools.WMass.postprocessing.examples.lepVarProducer 
Running on dataset =  SingleMuon_Run2016D_part2
did not find EnergyScaleCorrection shared object, rebuilding
trying to load all the rochester correction libraries
did not find legacy data roccor. rebuilding...
done building legacy data roccor.
Modules to run:  []   name =  jetAllReCleaner
Loading jetAllReCleaner from CMGTools.WMass.postprocessing.examples.jetReCleaner 
Running on dataset =  SingleMuon_Run2016D_part2
Load C++ Worker
Modules to run:  []   name =  jetReCleaner
Loading jetReCleaner from CMGTools.WMass.postprocessing.examples.jetReCleaner 
Running on dataset =  SingleMuon_Run2016D_part2
Load C++ Worker
Modules to run:  []   name =  genQEDJets
Loading genQEDJets from CMGTools.WMass.postprocessing.examples.genFriendProducer 
Running on dataset =  SingleMuon_Run2016D_part2
Will write selected trees to MY_EOS_SPACE/heppyNtuples/TREES_SingleMuon2016BCDEF_94X/friends/
Normalization of pu_mc: 0.999973
Normalization of pileup: 3.65129e+10
Weights for variable pu_mc with a number of bins equal to 76:
1 1 1 1 1 1 1 1 1 1 1.616 1.923 1.917 1.762 1.611 1.554 1.506 1.414 1.317 1.241 1.169 1.109 1.071 1.04 1.019 1.001 0.9873 0.9825 0.9828 0.9811 0.9811 0.9792 0.9531 0.9274 0.8773 0.8171 0.7432 0.6594 0.5661 0.4725 0.3811 0.2987 0.2215 0.1581 0 0 0 0 0 0 0 0 0 0 0 1 1 1 1 1 1 1 1 1 1 1 1 1 1 1 1 1 1 1 1 1 .
Final weights: 
1 1 1 1 1 1 1 1 1 1 1.616 1.923 1.917 1.762 1.611 1.554 1.506 1.414 1.317 1.241 1.169 1.109 1.071 1.04 1.019 1.001 0.9873 0.9825 0.9828 0.9811 0.9811 0.9792 0.9531 0.9274 0.8773 0.8171 0.7432 0.6594 0.5661 0.4725 0.3811 0.2987 0.2215 0.1581 0 0 0 0 0 0 0 0 0 0 0 1 1 1 1 1 1 1 1 1 1 1 1 1 1 1 1 1 1 1 1 1 .
Normalization of pu_mc: 1
Normalization of pileup: 2.014e+10
Weights for variable pu_mc with a number of bins equal to 76:
1 1 1 1 1 1 1 1 1 1 2.784 3.074 2.661 2.24 1.976 1.881 1.801 1.669 1.544 1.453 1.364 1.27 1.186 1.113 1.061 1.016 0.9702 0.9245 0.8754 0.8192 0.7629 0.7065 0.6366 0.5722 0.4984 0.4252 0.3515 0.2804 0.2137 0.1564 0.1092 0 0 0 0 0 0 0 0 0 0 0 0 0 0 1 1 1 1 1 1 1 1 1 1 1 1 1 1 1 1 1 1 1 1 1 .
For maximum weight 3.074: integral relative change: 0
Final weights: 
1 1 1 1 1 1 1 1 1 1 2.784 3.074 2.661 2.24 1.976 1.881 1.801 1.669 1.544 1.453 1.364 1.27 1.186 1.113 1.061 1.016 0.9702 0.9245 0.8754 0.8192 0.7629 0.7065 0.6366 0.5722 0.4984 0.4252 0.3515 0.2804 0.2137 0.1564 0.1092 0 0 0 0 0 0 0 0 0 0 0 0 0 0 1 1 1 1 1 1 1 1 1 1 1 1 1 1 1 1 1 1 1 1 1 .
begin job of lepCalProducer
initializing all the rochester correction objects
initializing the egamma calibrator
Processed  6750000/14721863 entries (elapsed time     0.2s, curr speed   41.667 kHz, avg speed 28125.000 kHz), accepted        1/       1 events (100.00%)
Processed  6760000/14721863 entries (elapsed time    14.3s, curr speed    0.712 kHz, avg speed  473.058 kHz), accepted    10001/   10001 events (100.00%)
Processed  6770000/14721863 entries (elapsed time    29.1s, curr speed    0.678 kHz, avg speed  233.046 kHz), accepted    20001/   20001 events (100.00%)
Processed  6780000/14721863 entries (elapsed time    43.7s, curr speed    0.682 kHz, avg speed  155.078 kHz), accepted    30001/   30001 events (100.00%)
Processed  6790000/14721863 entries (elapsed time    58.3s, curr speed    0.686 kHz, avg speed  116.487 kHz), accepted    40001/   40001 events (100.00%)
Processed  6800000/14721863 entries (elapsed time    73.0s, curr speed    0.680 kHz, avg speed   93.163 kHz), accepted    50001/   50001 events (100.00%)
Processed  6810000/14721863 entries (elapsed time    87.6s, curr speed    0.683 kHz, avg speed   77.713 kHz), accepted    60001/   60001 events (100.00%)
Processed  6820000/14721863 entries (elapsed time   101.1s, curr speed    0.741 kHz, avg speed   67.438 kHz), accepted    70001/   70001 events (100.00%)
Processed  6830000/14721863 entries (elapsed time   113.5s, curr speed    0.812 kHz, avg speed   60.203 kHz), accepted    80001/   80001 events (100.00%)
Processed  6840000/14721863 entries (elapsed time   125.9s, curr speed    0.804 kHz, avg speed   54.333 kHz), accepted    90001/   90001 events (100.00%)
Processed  6850000/14721863 entries (elapsed time   138.4s, curr speed    0.801 kHz, avg speed   49.505 kHz), accepted   100001/  100001 events (100.00%)
Processed  6860000/14721863 entries (elapsed time   150.7s, curr speed    0.814 kHz, avg speed   45.536 kHz), accepted   110001/  110001 events (100.00%)
Processed  6870000/14721863 entries (elapsed time   163.2s, curr speed    0.799 kHz, avg speed   42.106 kHz), accepted   120001/  120001 events (100.00%)
Processed  6880000/14721863 entries (elapsed time   192.9s, curr speed    0.336 kHz, avg speed   35.659 kHz), accepted   130001/  130001 events (100.00%)
Processed  6890000/14721863 entries (elapsed time   205.3s, curr speed    0.810 kHz, avg speed   33.564 kHz), accepted   140001/  140001 events (100.00%)
Processed  6900000/14721863 entries (elapsed time   217.6s, curr speed    0.814 kHz, avg speed   31.715 kHz), accepted   150001/  150001 events (100.00%)
Processed  6910000/14721863 entries (elapsed time   230.1s, curr speed    0.796 kHz, avg speed   30.028 kHz), accepted   160001/  160001 events (100.00%)
Processed  6920000/14721863 entries (elapsed time   242.5s, curr speed    0.810 kHz, avg speed   28.541 kHz), accepted   170001/  170001 events (100.00%)
Processed  6930000/14721863 entries (elapsed time   255.0s, curr speed    0.796 kHz, avg speed   27.174 kHz), accepted   180001/  180001 events (100.00%)
Processed  6940000/14721863 entries (elapsed time   267.5s, curr speed    0.800 kHz, avg speed   25.942 kHz), accepted   190001/  190001 events (100.00%)
Processed  6950000/14721863 entries (elapsed time   296.3s, curr speed    0.347 kHz, avg speed   23.454 kHz), accepted   200001/  200001 events (100.00%)
Processed  6960000/14721863 entries (elapsed time   308.5s, curr speed    0.819 kHz, avg speed   22.559 kHz), accepted   210001/  210001 events (100.00%)
Processed  6970000/14721863 entries (elapsed time   320.7s, curr speed    0.823 kHz, avg speed   21.735 kHz), accepted   220001/  220001 events (100.00%)
Processed  6980000/14721863 entries (elapsed time   332.4s, curr speed    0.850 kHz, avg speed   20.996 kHz), accepted   230001/  230001 events (100.00%)
Processed  6990000/14721863 entries (elapsed time   344.0s, curr speed    0.863 kHz, avg speed   20.318 kHz), accepted   240001/  240001 events (100.00%)
Processed 250000 entries from MY_EOS_SPACE/heppyNtuples/TREES_SingleMuon2016BCDEF_94X/SingleMuon_Run2016D_part2/treeProducerWMass/tree.root, selected 250000 entries
Done MY_EOS_SPACE/heppyNtuples/TREES_SingleMuon2016BCDEF_94X/friends/tree_Friend_SingleMuon_Run2016D_part2.chunk27.root
