000 (322892.033.000) 05/10 15:24:52 Job submitted from host: <188.184.95.166:9618?addrs=188.184.95.166-9618+[2001-1458-201-e4--100-7a0]-9618&alias=tbird02.cern.ch&noUDP&sock=schedd_2138722_faad_3>
...
040 (322892.033.000) 05/10 15:33:36 Started transferring input files
	Transferring to host: <188.184.186.47:9618?addrs=188.184.186.47-9618+[2001-1458-301-f8--100-1c]-9618&noUDP&sock=3834_2655_126418>
...
040 (322892.033.000) 05/10 15:33:36 Finished transferring input files
...
001 (322892.033.000) 05/10 15:33:37 Job executing on host: <188.184.186.47:9618?addrs=188.184.186.47-9618+[2001-1458-301-f8--100-1c]-9618&noUDP&sock=2342_fee4_3>
...
006 (322892.033.000) 05/10 15:33:46 Image size of job updated: 290552
	205  -  MemoryUsage of job (MB)
	209260  -  ResidentSetSize of job (KB)
...
006 (322892.033.000) 05/10 15:38:47 Image size of job updated: 489832
	478  -  MemoryUsage of job (MB)
	488736  -  ResidentSetSize of job (KB)
...
040 (322892.033.000) 05/10 15:39:24 Started transferring output files
...
040 (322892.033.000) 05/10 15:39:24 Finished transferring output files
...
005 (322892.033.000) 05/10 15:39:24 Job terminated.
	(1) Normal termination (return value 1)
		Usr 0 00:05:03, Sys 0 00:00:33  -  Run Remote Usage
		Usr 0 00:00:00, Sys 0 00:00:00  -  Run Local Usage
		Usr 0 00:05:03, Sys 0 00:00:33  -  Total Remote Usage
		Usr 0 00:00:00, Sys 0 00:00:00  -  Total Local Usage
	9477  -  Run Bytes Sent By Job
	10941  -  Run Bytes Received By Job
	9477  -  Total Bytes Sent By Job
	10941  -  Total Bytes Received By Job
	Partitionable Resources :    Usage  Request Allocated 
	   Cpus                 :                 1           
	   Disk (KB)            :       72        1   2122960 
	   Memory (MB)          :      478     2000      2000 
...
