000 (322892.002.000) 05/10 15:24:52 Job submitted from host: <188.184.95.166:9618?addrs=188.184.95.166-9618+[2001-1458-201-e4--100-7a0]-9618&alias=tbird02.cern.ch&noUDP&sock=schedd_2138722_faad_3>
...
040 (322892.002.000) 05/10 15:33:02 Started transferring input files
	Transferring to host: <128.142.240.37:9618?addrs=128.142.240.37-9618+[2001-1458-301-f9--100-13]-9618&noUDP&sock=3989_5c7b_125815>
...
040 (322892.002.000) 05/10 15:33:02 Finished transferring input files
...
001 (322892.002.000) 05/10 15:33:03 Job executing on host: <128.142.240.37:9618?addrs=128.142.240.37-9618+[2001-1458-301-f9--100-13]-9618&noUDP&sock=2329_1429_3>
...
006 (322892.002.000) 05/10 15:33:12 Image size of job updated: 336228
	248  -  MemoryUsage of job (MB)
	253240  -  ResidentSetSize of job (KB)
...
006 (322892.002.000) 05/10 15:38:13 Image size of job updated: 575840
	482  -  MemoryUsage of job (MB)
	492800  -  ResidentSetSize of job (KB)
...
040 (322892.002.000) 05/10 15:38:57 Started transferring output files
...
040 (322892.002.000) 05/10 15:38:57 Finished transferring output files
...
005 (322892.002.000) 05/10 15:38:57 Job terminated.
	(1) Normal termination (return value 1)
		Usr 0 00:05:15, Sys 0 00:00:34  -  Run Remote Usage
		Usr 0 00:00:00, Sys 0 00:00:00  -  Run Local Usage
		Usr 0 00:05:15, Sys 0 00:00:34  -  Total Remote Usage
		Usr 0 00:00:00, Sys 0 00:00:00  -  Total Local Usage
	9471  -  Run Bytes Sent By Job
	10941  -  Run Bytes Received By Job
	9471  -  Total Bytes Sent By Job
	10941  -  Total Bytes Received By Job
	Partitionable Resources :    Usage  Request Allocated 
	   Cpus                 :                 1           
	   Disk (KB)            :       72        1   2182951 
	   Memory (MB)          :      482     2000      2000 
...
