   SingleMuon_Run2016D_part2   DATA  59 chunks


I have 1 taks to process
I'm using the following list of modules DEFAULT_MODULES
this is jobs [('SingleMuon_Run2016D_part2', 'MY_EOS_SPACE/heppyNtuples/TREES_SingleMuon2016BCDEF_94X/SingleMuon_Run2016D_part2/treeProducerWMass/tree.root', 24459165.0, '_Friend_SingleMuon_Run2016D_part2.chunk3', True, xrange(750000, 1000000), 3)]
Modules to run:  []   name =  puWeight
Loading puWeight from CMGTools.WMass.postprocessing.examples.puWeightProducer 
Running on dataset =  SingleMuon_Run2016D_part2
TFile: name=/afs/cern.ch/work/m/mciprian/w_mass_analysis/heppy/rel_slc7/CMSSW_9_4_12/src/CMGTools/WMass/python/postprocessing/data/pileup/pileup_profile_Summer16.root, title=, option=READ
TFile: name=/afs/cern.ch/work/m/mciprian/w_mass_analysis/heppy/rel_slc7/CMSSW_9_4_12/src/CMGTools/WMass/python/postprocessing/data/pileup/PileupData_GoldenJSON_Full2016.root, title=, option=READ
Load C++ Worker
Modules to run:  []   name =  puWeight2016BF
Loading puWeight2016BF from CMGTools.WMass.postprocessing.examples.puWeightProducer 
Running on dataset =  SingleMuon_Run2016D_part2
TFile: name=/afs/cern.ch/work/m/mciprian/w_mass_analysis/heppy/rel_slc7/CMSSW_9_4_12/src/CMGTools/WMass/python/postprocessing/data/pileup/pileup_profile_Summer16.root, title=, option=READ
TFile: name=/afs/cern.ch/work/m/mciprian/w_mass_analysis/heppy/rel_slc7/CMSSW_9_4_12/src/CMGTools/WMass/python/postprocessing/data/pileup/PileupData_GoldenJSON_2016BF.root, title=, option=READ
Modules to run:  []   name =  lepQCDAwayJetAll
Loading lepQCDAwayJetAll from CMGTools.WMass.postprocessing.examples.lepVarProducer 
Running on dataset =  SingleMuon_Run2016D_part2
Modules to run:  []   name =  muCalibratedWithStatVar
Loading muCalibratedWithStatVar from CMGTools.WMass.postprocessing.examples.lepVarProducer 
Running on dataset =  SingleMuon_Run2016D_part2
did not find EnergyScaleCorrection shared object, rebuilding
trying to load all the rochester correction libraries
did not find legacy data roccor. rebuilding...
done building legacy data roccor.
Modules to run:  []   name =  jetAllReCleaner
Loading jetAllReCleaner from CMGTools.WMass.postprocessing.examples.jetReCleaner 
Running on dataset =  SingleMuon_Run2016D_part2
Load C++ Worker
Modules to run:  []   name =  jetReCleaner
Loading jetReCleaner from CMGTools.WMass.postprocessing.examples.jetReCleaner 
Running on dataset =  SingleMuon_Run2016D_part2
Load C++ Worker
Modules to run:  []   name =  genQEDJets
Loading genQEDJets from CMGTools.WMass.postprocessing.examples.genFriendProducer 
Running on dataset =  SingleMuon_Run2016D_part2
Will write selected trees to MY_EOS_SPACE/heppyNtuples/TREES_SingleMuon2016BCDEF_94X/friends/
Normalization of pu_mc: 0.999973
Normalization of pileup: 3.65129e+10
Weights for variable pu_mc with a number of bins equal to 76:
1 1 1 1 1 1 1 1 1 1 1.616 1.923 1.917 1.762 1.611 1.554 1.506 1.414 1.317 1.241 1.169 1.109 1.071 1.04 1.019 1.001 0.9873 0.9825 0.9828 0.9811 0.9811 0.9792 0.9531 0.9274 0.8773 0.8171 0.7432 0.6594 0.5661 0.4725 0.3811 0.2987 0.2215 0.1581 0 0 0 0 0 0 0 0 0 0 0 1 1 1 1 1 1 1 1 1 1 1 1 1 1 1 1 1 1 1 1 1 .
Final weights: 
1 1 1 1 1 1 1 1 1 1 1.616 1.923 1.917 1.762 1.611 1.554 1.506 1.414 1.317 1.241 1.169 1.109 1.071 1.04 1.019 1.001 0.9873 0.9825 0.9828 0.9811 0.9811 0.9792 0.9531 0.9274 0.8773 0.8171 0.7432 0.6594 0.5661 0.4725 0.3811 0.2987 0.2215 0.1581 0 0 0 0 0 0 0 0 0 0 0 1 1 1 1 1 1 1 1 1 1 1 1 1 1 1 1 1 1 1 1 1 .
Normalization of pu_mc: 1
Normalization of pileup: 2.014e+10
Weights for variable pu_mc with a number of bins equal to 76:
1 1 1 1 1 1 1 1 1 1 2.784 3.074 2.661 2.24 1.976 1.881 1.801 1.669 1.544 1.453 1.364 1.27 1.186 1.113 1.061 1.016 0.9702 0.9245 0.8754 0.8192 0.7629 0.7065 0.6366 0.5722 0.4984 0.4252 0.3515 0.2804 0.2137 0.1564 0.1092 0 0 0 0 0 0 0 0 0 0 0 0 0 0 1 1 1 1 1 1 1 1 1 1 1 1 1 1 1 1 1 1 1 1 1 .
For maximum weight 3.074: integral relative change: 0
Final weights: 
1 1 1 1 1 1 1 1 1 1 2.784 3.074 2.661 2.24 1.976 1.881 1.801 1.669 1.544 1.453 1.364 1.27 1.186 1.113 1.061 1.016 0.9702 0.9245 0.8754 0.8192 0.7629 0.7065 0.6366 0.5722 0.4984 0.4252 0.3515 0.2804 0.2137 0.1564 0.1092 0 0 0 0 0 0 0 0 0 0 0 0 0 0 1 1 1 1 1 1 1 1 1 1 1 1 1 1 1 1 1 1 1 1 1 .
begin job of lepCalProducer
initializing all the rochester correction objects
initializing the egamma calibrator
Processed   750000/14721863 entries (elapsed time     0.2s, curr speed   47.619 kHz, avg speed 3571.429 kHz), accepted        1/       1 events (100.00%)
Processed   760000/14721863 entries (elapsed time    14.0s, curr speed    0.726 kHz, avg speed   54.325 kHz), accepted    10001/   10001 events (100.00%)
Processed   770000/14721863 entries (elapsed time    27.5s, curr speed    0.739 kHz, avg speed   27.969 kHz), accepted    20001/   20001 events (100.00%)
Processed   780000/14721863 entries (elapsed time    41.7s, curr speed    0.705 kHz, avg speed   18.701 kHz), accepted    30001/   30001 events (100.00%)
Processed   790000/14721863 entries (elapsed time    55.9s, curr speed    0.706 kHz, avg speed   14.137 kHz), accepted    40001/   40001 events (100.00%)
Processed   800000/14721863 entries (elapsed time    69.9s, curr speed    0.715 kHz, avg speed   11.451 kHz), accepted    50001/   50001 events (100.00%)
Processed   810000/14721863 entries (elapsed time    83.7s, curr speed    0.725 kHz, avg speed    9.683 kHz), accepted    60001/   60001 events (100.00%)
Processed   820000/14721863 entries (elapsed time    96.6s, curr speed    0.775 kHz, avg speed    8.492 kHz), accepted    70001/   70001 events (100.00%)
Processed   830000/14721863 entries (elapsed time   107.7s, curr speed    0.896 kHz, avg speed    7.705 kHz), accepted    80001/   80001 events (100.00%)
Processed   840000/14721863 entries (elapsed time   119.0s, curr speed    0.883 kHz, avg speed    7.056 kHz), accepted    90001/   90001 events (100.00%)
Processed   850000/14721863 entries (elapsed time   130.5s, curr speed    0.873 kHz, avg speed    6.513 kHz), accepted   100001/  100001 events (100.00%)
Processed   860000/14721863 entries (elapsed time   142.0s, curr speed    0.871 kHz, avg speed    6.057 kHz), accepted   110001/  110001 events (100.00%)
Processed   870000/14721863 entries (elapsed time   153.3s, curr speed    0.883 kHz, avg speed    5.675 kHz), accepted   120001/  120001 events (100.00%)
Processed   880000/14721863 entries (elapsed time   181.7s, curr speed    0.352 kHz, avg speed    4.842 kHz), accepted   130001/  130001 events (100.00%)
Processed   890000/14721863 entries (elapsed time   193.2s, curr speed    0.871 kHz, avg speed    4.606 kHz), accepted   140001/  140001 events (100.00%)
Processed   900000/14721863 entries (elapsed time   204.7s, curr speed    0.873 kHz, avg speed    4.397 kHz), accepted   150001/  150001 events (100.00%)
Processed   910000/14721863 entries (elapsed time   216.1s, curr speed    0.872 kHz, avg speed    4.210 kHz), accepted   160001/  160001 events (100.00%)
Processed   920000/14721863 entries (elapsed time   227.4s, curr speed    0.889 kHz, avg speed    4.046 kHz), accepted   170001/  170001 events (100.00%)
Processed   930000/14721863 entries (elapsed time   239.1s, curr speed    0.856 kHz, avg speed    3.890 kHz), accepted   180001/  180001 events (100.00%)
Processed   940000/14721863 entries (elapsed time   251.2s, curr speed    0.824 kHz, avg speed    3.742 kHz), accepted   190001/  190001 events (100.00%)
Processed   950000/14721863 entries (elapsed time   280.0s, curr speed    0.347 kHz, avg speed    3.392 kHz), accepted   200001/  200001 events (100.00%)
Processed   960000/14721863 entries (elapsed time   291.8s, curr speed    0.854 kHz, avg speed    3.290 kHz), accepted   210001/  210001 events (100.00%)
Processed   970000/14721863 entries (elapsed time   303.4s, curr speed    0.860 kHz, avg speed    3.197 kHz), accepted   220001/  220001 events (100.00%)
Processed   980000/14721863 entries (elapsed time   314.6s, curr speed    0.887 kHz, avg speed    3.115 kHz), accepted   230001/  230001 events (100.00%)
Processed   990000/14721863 entries (elapsed time   326.1s, curr speed    0.877 kHz, avg speed    3.036 kHz), accepted   240001/  240001 events (100.00%)
Processed 250000 entries from MY_EOS_SPACE/heppyNtuples/TREES_SingleMuon2016BCDEF_94X/SingleMuon_Run2016D_part2/treeProducerWMass/tree.root, selected 250000 entries
Done MY_EOS_SPACE/heppyNtuples/TREES_SingleMuon2016BCDEF_94X/friends/tree_Friend_SingleMuon_Run2016D_part2.chunk3.root
