   SingleMuon_Run2016E_part4   DATA  38 chunks


I have 1 taks to process
I'm using the following list of modules DEFAULT_MODULES
this is jobs [('SingleMuon_Run2016E_part4', 'MY_EOS_SPACE/heppyNtuples/TREES_SingleMuon2016BCDEF_94X/SingleMuon_Run2016E_part4/treeProducerWMass/tree.root', 15365495.0, '_Friend_SingleMuon_Run2016E_part4.chunk17', True, xrange(4250000, 4500000), 17)]
Modules to run:  []   name =  puWeight
Loading puWeight from CMGTools.WMass.postprocessing.examples.puWeightProducer 
Running on dataset =  SingleMuon_Run2016E_part4
TFile: name=/afs/cern.ch/work/m/mciprian/w_mass_analysis/heppy/rel_slc7/CMSSW_9_4_12/src/CMGTools/WMass/python/postprocessing/data/pileup/pileup_profile_Summer16.root, title=, option=READ
TFile: name=/afs/cern.ch/work/m/mciprian/w_mass_analysis/heppy/rel_slc7/CMSSW_9_4_12/src/CMGTools/WMass/python/postprocessing/data/pileup/PileupData_GoldenJSON_Full2016.root, title=, option=READ
Load C++ Worker
Modules to run:  []   name =  puWeight2016BF
Loading puWeight2016BF from CMGTools.WMass.postprocessing.examples.puWeightProducer 
Running on dataset =  SingleMuon_Run2016E_part4
TFile: name=/afs/cern.ch/work/m/mciprian/w_mass_analysis/heppy/rel_slc7/CMSSW_9_4_12/src/CMGTools/WMass/python/postprocessing/data/pileup/pileup_profile_Summer16.root, title=, option=READ
TFile: name=/afs/cern.ch/work/m/mciprian/w_mass_analysis/heppy/rel_slc7/CMSSW_9_4_12/src/CMGTools/WMass/python/postprocessing/data/pileup/PileupData_GoldenJSON_2016BF.root, title=, option=READ
Modules to run:  []   name =  lepQCDAwayJetAll
Loading lepQCDAwayJetAll from CMGTools.WMass.postprocessing.examples.lepVarProducer 
Running on dataset =  SingleMuon_Run2016E_part4
Modules to run:  []   name =  muCalibratedWithStatVar
Loading muCalibratedWithStatVar from CMGTools.WMass.postprocessing.examples.lepVarProducer 
Running on dataset =  SingleMuon_Run2016E_part4
did not find EnergyScaleCorrection shared object, rebuilding
trying to load all the rochester correction libraries
did not find legacy data roccor. rebuilding...
done building legacy data roccor.
Modules to run:  []   name =  jetAllReCleaner
Loading jetAllReCleaner from CMGTools.WMass.postprocessing.examples.jetReCleaner 
Running on dataset =  SingleMuon_Run2016E_part4
Load C++ Worker
Modules to run:  []   name =  jetReCleaner
Loading jetReCleaner from CMGTools.WMass.postprocessing.examples.jetReCleaner 
Running on dataset =  SingleMuon_Run2016E_part4
Load C++ Worker
Modules to run:  []   name =  genQEDJets
Loading genQEDJets from CMGTools.WMass.postprocessing.examples.genFriendProducer 
Running on dataset =  SingleMuon_Run2016E_part4
Will write selected trees to MY_EOS_SPACE/heppyNtuples/TREES_SingleMuon2016BCDEF_94X/friends/
Normalization of pu_mc: 0.999973
Normalization of pileup: 3.65129e+10
Weights for variable pu_mc with a number of bins equal to 76:
1 1 1 1 1 1 1 1 1 1 1.616 1.923 1.917 1.762 1.611 1.554 1.506 1.414 1.317 1.241 1.169 1.109 1.071 1.04 1.019 1.001 0.9873 0.9825 0.9828 0.9811 0.9811 0.9792 0.9531 0.9274 0.8773 0.8171 0.7432 0.6594 0.5661 0.4725 0.3811 0.2987 0.2215 0.1581 0 0 0 0 0 0 0 0 0 0 0 1 1 1 1 1 1 1 1 1 1 1 1 1 1 1 1 1 1 1 1 1 .
Final weights: 
1 1 1 1 1 1 1 1 1 1 1.616 1.923 1.917 1.762 1.611 1.554 1.506 1.414 1.317 1.241 1.169 1.109 1.071 1.04 1.019 1.001 0.9873 0.9825 0.9828 0.9811 0.9811 0.9792 0.9531 0.9274 0.8773 0.8171 0.7432 0.6594 0.5661 0.4725 0.3811 0.2987 0.2215 0.1581 0 0 0 0 0 0 0 0 0 0 0 1 1 1 1 1 1 1 1 1 1 1 1 1 1 1 1 1 1 1 1 1 .
Normalization of pu_mc: 1
Normalization of pileup: 2.014e+10
Weights for variable pu_mc with a number of bins equal to 76:
1 1 1 1 1 1 1 1 1 1 2.784 3.074 2.661 2.24 1.976 1.881 1.801 1.669 1.544 1.453 1.364 1.27 1.186 1.113 1.061 1.016 0.9702 0.9245 0.8754 0.8192 0.7629 0.7065 0.6366 0.5722 0.4984 0.4252 0.3515 0.2804 0.2137 0.1564 0.1092 0 0 0 0 0 0 0 0 0 0 0 0 0 0 1 1 1 1 1 1 1 1 1 1 1 1 1 1 1 1 1 1 1 1 1 .
For maximum weight 3.074: integral relative change: 0
Final weights: 
1 1 1 1 1 1 1 1 1 1 2.784 3.074 2.661 2.24 1.976 1.881 1.801 1.669 1.544 1.453 1.364 1.27 1.186 1.113 1.061 1.016 0.9702 0.9245 0.8754 0.8192 0.7629 0.7065 0.6366 0.5722 0.4984 0.4252 0.3515 0.2804 0.2137 0.1564 0.1092 0 0 0 0 0 0 0 0 0 0 0 0 0 0 1 1 1 1 1 1 1 1 1 1 1 1 1 1 1 1 1 1 1 1 1 .
begin job of lepCalProducer
initializing all the rochester correction objects
initializing the egamma calibrator
Processed  4250000/ 9438280 entries (elapsed time     0.3s, curr speed   32.258 kHz, avg speed 13709.677 kHz), accepted        1/       1 events (100.00%)
Processed  4260000/ 9438280 entries (elapsed time    13.5s, curr speed    0.760 kHz, avg speed  316.258 kHz), accepted    10001/   10001 events (100.00%)
Processed  4270000/ 9438280 entries (elapsed time    27.8s, curr speed    0.698 kHz, avg speed  153.597 kHz), accepted    20001/   20001 events (100.00%)
Processed  4280000/ 9438280 entries (elapsed time    42.0s, curr speed    0.702 kHz, avg speed  101.808 kHz), accepted    30001/   30001 events (100.00%)
Processed  4290000/ 9438280 entries (elapsed time    56.1s, curr speed    0.713 kHz, avg speed   76.525 kHz), accepted    40001/   40001 events (100.00%)
Processed  4300000/ 9438280 entries (elapsed time    70.5s, curr speed    0.692 kHz, avg speed   60.976 kHz), accepted    50001/   50001 events (100.00%)
Processed  4310000/ 9438280 entries (elapsed time    84.3s, curr speed    0.727 kHz, avg speed   51.139 kHz), accepted    60001/   60001 events (100.00%)
Processed  4320000/ 9438280 entries (elapsed time    97.0s, curr speed    0.786 kHz, avg speed   44.536 kHz), accepted    70001/   70001 events (100.00%)
Processed  4330000/ 9438280 entries (elapsed time   108.3s, curr speed    0.881 kHz, avg speed   39.963 kHz), accepted    80001/   80001 events (100.00%)
Processed  4340000/ 9438280 entries (elapsed time   120.8s, curr speed    0.803 kHz, avg speed   35.927 kHz), accepted    90001/   90001 events (100.00%)
Processed  4350000/ 9438280 entries (elapsed time   132.6s, curr speed    0.850 kHz, avg speed   32.813 kHz), accepted   100001/  100001 events (100.00%)
Processed  4360000/ 9438280 entries (elapsed time   144.5s, curr speed    0.840 kHz, avg speed   30.179 kHz), accepted   110001/  110001 events (100.00%)
Processed  4370000/ 9438280 entries (elapsed time   156.2s, curr speed    0.853 kHz, avg speed   27.979 kHz), accepted   120001/  120001 events (100.00%)
Processed  4380000/ 9438280 entries (elapsed time   185.7s, curr speed    0.339 kHz, avg speed   23.585 kHz), accepted   130001/  130001 events (100.00%)
Processed  4390000/ 9438280 entries (elapsed time   197.5s, curr speed    0.851 kHz, avg speed   22.232 kHz), accepted   140001/  140001 events (100.00%)
Processed  4400000/ 9438280 entries (elapsed time   209.2s, curr speed    0.853 kHz, avg speed   21.035 kHz), accepted   150001/  150001 events (100.00%)
Processed  4410000/ 9438280 entries (elapsed time   221.2s, curr speed    0.829 kHz, avg speed   19.932 kHz), accepted   160001/  160001 events (100.00%)
Processed  4420000/ 9438280 entries (elapsed time   233.2s, curr speed    0.834 kHz, avg speed   18.950 kHz), accepted   170001/  170001 events (100.00%)
Processed  4430000/ 9438280 entries (elapsed time   245.1s, curr speed    0.842 kHz, avg speed   18.074 kHz), accepted   180001/  180001 events (100.00%)
Processed  4440000/ 9438280 entries (elapsed time   257.0s, curr speed    0.840 kHz, avg speed   17.276 kHz), accepted   190001/  190001 events (100.00%)
Processed  4450000/ 9438280 entries (elapsed time   286.1s, curr speed    0.344 kHz, avg speed   15.555 kHz), accepted   200001/  200001 events (100.00%)
Processed  4460000/ 9438280 entries (elapsed time   298.2s, curr speed    0.826 kHz, avg speed   14.957 kHz), accepted   210001/  210001 events (100.00%)
Processed  4470000/ 9438280 entries (elapsed time   310.1s, curr speed    0.837 kHz, avg speed   14.413 kHz), accepted   220001/  220001 events (100.00%)
Processed  4480000/ 9438280 entries (elapsed time   322.1s, curr speed    0.840 kHz, avg speed   13.911 kHz), accepted   230001/  230001 events (100.00%)
Processed  4490000/ 9438280 entries (elapsed time   333.7s, curr speed    0.861 kHz, avg speed   13.456 kHz), accepted   240001/  240001 events (100.00%)
Processed 250000 entries from MY_EOS_SPACE/heppyNtuples/TREES_SingleMuon2016BCDEF_94X/SingleMuon_Run2016E_part4/treeProducerWMass/tree.root, selected 250000 entries
Done MY_EOS_SPACE/heppyNtuples/TREES_SingleMuon2016BCDEF_94X/friends/tree_Friend_SingleMuon_Run2016E_part4.chunk17.root
