000 (322885.031.000) 05/10 15:24:46 Job submitted from host: <188.184.95.166:9618?addrs=188.184.95.166-9618+[2001-1458-201-e4--100-7a0]-9618&alias=tbird02.cern.ch&noUDP&sock=schedd_2138722_faad_3>
...
040 (322885.031.000) 05/10 15:27:51 Started transferring input files
	Transferring to host: <128.142.240.16:9618?addrs=128.142.240.16-9618+[2001-1458-301-f9--100-a]-9618&noUDP&sock=4100_9220_126168>
...
040 (322885.031.000) 05/10 15:27:51 Finished transferring input files
...
001 (322885.031.000) 05/10 15:27:52 Job executing on host: <128.142.240.16:9618?addrs=128.142.240.16-9618+[2001-1458-301-f9--100-a]-9618&noUDP&sock=2420_7f47_3>
...
006 (322885.031.000) 05/10 15:28:00 Image size of job updated: 167120
	101  -  MemoryUsage of job (MB)
	102924  -  ResidentSetSize of job (KB)
...
006 (322885.031.000) 05/10 15:33:00 Image size of job updated: 493712
	480  -  MemoryUsage of job (MB)
	490996  -  ResidentSetSize of job (KB)
...
040 (322885.031.000) 05/10 15:33:24 Started transferring output files
...
040 (322885.031.000) 05/10 15:33:24 Finished transferring output files
...
005 (322885.031.000) 05/10 15:33:24 Job terminated.
	(1) Normal termination (return value 1)
		Usr 0 00:04:49, Sys 0 00:00:34  -  Run Remote Usage
		Usr 0 00:00:00, Sys 0 00:00:00  -  Run Local Usage
		Usr 0 00:04:49, Sys 0 00:00:34  -  Total Remote Usage
		Usr 0 00:00:00, Sys 0 00:00:00  -  Total Local Usage
	9477  -  Run Bytes Sent By Job
	10941  -  Run Bytes Received By Job
	9477  -  Total Bytes Sent By Job
	10941  -  Total Bytes Received By Job
	Partitionable Resources :    Usage  Request Allocated 
	   Cpus                 :                 1           
	   Disk (KB)            :       72        1   2204552 
	   Memory (MB)          :      480     2000      2000 
...
