000 (322883.006.000) 05/10 15:24:44 Job submitted from host: <188.184.95.166:9618?addrs=188.184.95.166-9618+[2001-1458-201-e4--100-7a0]-9618&alias=tbird02.cern.ch&noUDP&sock=schedd_2138722_faad_3>
...
040 (322883.006.000) 05/10 15:26:21 Started transferring input files
	Transferring to host: <188.184.132.23:9618?addrs=188.184.132.23-9618+[2001-1458-301-a0--100-a]-9618&noUDP&sock=29738_dc72_18890>
...
040 (322883.006.000) 05/10 15:26:21 Finished transferring input files
...
001 (322883.006.000) 05/10 15:26:22 Job executing on host: <188.184.132.23:9618?addrs=188.184.132.23-9618+[2001-1458-301-a0--100-a]-9618&noUDP&sock=2412_0285_3>
...
006 (322883.006.000) 05/10 15:26:31 Image size of job updated: 174416
	104  -  MemoryUsage of job (MB)
	105496  -  ResidentSetSize of job (KB)
...
006 (322883.006.000) 05/10 15:31:31 Image size of job updated: 490068
	478  -  MemoryUsage of job (MB)
	489196  -  ResidentSetSize of job (KB)
...
040 (322883.006.000) 05/10 15:34:50 Started transferring output files
...
040 (322883.006.000) 05/10 15:34:50 Finished transferring output files
...
005 (322883.006.000) 05/10 15:34:50 Job terminated.
	(1) Normal termination (return value 1)
		Usr 0 00:07:22, Sys 0 00:00:42  -  Run Remote Usage
		Usr 0 00:00:00, Sys 0 00:00:00  -  Run Local Usage
		Usr 0 00:07:22, Sys 0 00:00:42  -  Total Remote Usage
		Usr 0 00:00:00, Sys 0 00:00:00  -  Total Local Usage
	9473  -  Run Bytes Sent By Job
	10941  -  Run Bytes Received By Job
	9473  -  Total Bytes Sent By Job
	10941  -  Total Bytes Received By Job
	Partitionable Resources :    Usage  Request Allocated 
	   Cpus                 :     0.98        1         1 
	   Disk (KB)            :    79           1    217070 
	   Memory (MB)          :   478        2000      2000 
...
