000 (322887.040.000) 05/10 15:24:48 Job submitted from host: <188.184.95.166:9618?addrs=188.184.95.166-9618+[2001-1458-201-e4--100-7a0]-9618&alias=tbird02.cern.ch&noUDP&sock=schedd_2138722_faad_3>
...
022 (322887.040.000) 05/10 15:29:54 Job disconnected, attempting to reconnect
    Socket between submit and execute hosts closed unexpectedly
    Trying to reconnect to slot1_1@b7g28n0612.cern.ch <188.184.186.53:9618?addrs=188.184.186.53-9618+[2001-1458-301-f8--100-12]-9618&noUDP&sock=2358_f868_3>
...
024 (322887.040.000) 05/10 15:29:54 Job reconnection failed
    Job not found at execution machine
    Can not reconnect to slot1_1@b7g28n0612.cern.ch, rescheduling job
...
040 (322887.040.000) 05/10 15:30:29 Started transferring input files
	Transferring to host: <188.184.133.240:9618?addrs=188.184.133.240-9618+[2001-1458-301-a0--100-441]-9618&noUDP&sock=13072_280d_104443>
...
040 (322887.040.000) 05/10 15:30:29 Finished transferring input files
...
001 (322887.040.000) 05/10 15:30:30 Job executing on host: <188.184.133.240:9618?addrs=188.184.133.240-9618+[2001-1458-301-a0--100-441]-9618&noUDP&sock=12865_e5fe_3>
...
006 (322887.040.000) 05/10 15:30:39 Image size of job updated: 329472
	241  -  MemoryUsage of job (MB)
	246528  -  ResidentSetSize of job (KB)
...
006 (322887.040.000) 05/10 15:35:40 Image size of job updated: 491196
	480  -  MemoryUsage of job (MB)
	490576  -  ResidentSetSize of job (KB)
...
040 (322887.040.000) 05/10 15:36:26 Started transferring output files
...
040 (322887.040.000) 05/10 15:36:26 Finished transferring output files
...
005 (322887.040.000) 05/10 15:36:26 Job terminated.
	(1) Normal termination (return value 1)
		Usr 0 00:05:15, Sys 0 00:00:36  -  Run Remote Usage
		Usr 0 00:00:00, Sys 0 00:00:00  -  Run Local Usage
		Usr 0 00:05:15, Sys 0 00:00:36  -  Total Remote Usage
		Usr 0 00:00:00, Sys 0 00:00:00  -  Total Local Usage
	9479  -  Run Bytes Sent By Job
	10941  -  Run Bytes Received By Job
	9479  -  Total Bytes Sent By Job
	10941  -  Total Bytes Received By Job
	Partitionable Resources :    Usage  Request Allocated 
	   Cpus                 :                 1           
	   Disk (KB)            :       72        1   2189814 
	   Memory (MB)          :      480     2000      2000 
...
