000 (322887.002.000) 05/10 15:24:47 Job submitted from host: <188.184.95.166:9618?addrs=188.184.95.166-9618+[2001-1458-201-e4--100-7a0]-9618&alias=tbird02.cern.ch&noUDP&sock=schedd_2138722_faad_3>
...
040 (322887.002.000) 05/10 15:28:13 Started transferring input files
	Transferring to host: <188.184.132.29:9618?addrs=188.184.132.29-9618+[2001-1458-301-a0--100-21]-9618&noUDP&sock=4064_349e_126143>
...
040 (322887.002.000) 05/10 15:28:13 Finished transferring input files
...
001 (322887.002.000) 05/10 15:28:14 Job executing on host: <188.184.132.29:9618?addrs=188.184.132.29-9618+[2001-1458-301-a0--100-21]-9618&noUDP&sock=2341_4f4c_3>
...
006 (322887.002.000) 05/10 15:28:22 Image size of job updated: 310964
	223  -  MemoryUsage of job (MB)
	228340  -  ResidentSetSize of job (KB)
...
006 (322887.002.000) 05/10 15:33:22 Image size of job updated: 492472
	479  -  MemoryUsage of job (MB)
	490164  -  ResidentSetSize of job (KB)
...
040 (322887.002.000) 05/10 15:34:16 Started transferring output files
...
040 (322887.002.000) 05/10 15:34:16 Finished transferring output files
...
005 (322887.002.000) 05/10 15:34:16 Job terminated.
	(1) Normal termination (return value 1)
		Usr 0 00:05:24, Sys 0 00:00:31  -  Run Remote Usage
		Usr 0 00:00:00, Sys 0 00:00:00  -  Run Local Usage
		Usr 0 00:05:24, Sys 0 00:00:31  -  Total Remote Usage
		Usr 0 00:00:00, Sys 0 00:00:00  -  Total Local Usage
	9471  -  Run Bytes Sent By Job
	10941  -  Run Bytes Received By Job
	9471  -  Total Bytes Sent By Job
	10941  -  Total Bytes Received By Job
	Partitionable Resources :    Usage  Request Allocated 
	   Cpus                 :                 1           
	   Disk (KB)            :       72        1   2163255 
	   Memory (MB)          :      479     2000      2000 
...
