000 (322888.023.000) 05/10 15:24:49 Job submitted from host: <188.184.95.166:9618?addrs=188.184.95.166-9618+[2001-1458-201-e4--100-7a0]-9618&alias=tbird02.cern.ch&noUDP&sock=schedd_2138722_faad_3>
...
040 (322888.023.000) 05/10 15:31:18 Started transferring input files
	Transferring to host: <188.184.133.249:9618?addrs=188.184.133.249-9618+[2001-1458-301-a0--100-4d0]-9618&noUDP&sock=13055_2dac_102987>
...
040 (322888.023.000) 05/10 15:31:18 Finished transferring input files
...
001 (322888.023.000) 05/10 15:31:19 Job executing on host: <188.184.133.249:9618?addrs=188.184.133.249-9618+[2001-1458-301-a0--100-4d0]-9618&noUDP&sock=12848_3ce2_3>
...
006 (322888.023.000) 05/10 15:31:27 Image size of job updated: 329200
	244  -  MemoryUsage of job (MB)
	249132  -  ResidentSetSize of job (KB)
...
006 (322888.023.000) 05/10 15:36:27 Image size of job updated: 569848
	479  -  MemoryUsage of job (MB)
	489720  -  ResidentSetSize of job (KB)
...
006 (322888.023.000) 05/10 15:36:55 Image size of job updated: 901820
	479  -  MemoryUsage of job (MB)
	489720  -  ResidentSetSize of job (KB)
...
040 (322888.023.000) 05/10 15:36:55 Started transferring output files
...
040 (322888.023.000) 05/10 15:36:55 Finished transferring output files
...
005 (322888.023.000) 05/10 15:36:55 Job terminated.
	(1) Normal termination (return value 1)
		Usr 0 00:04:57, Sys 0 00:00:37  -  Run Remote Usage
		Usr 0 00:00:00, Sys 0 00:00:00  -  Run Local Usage
		Usr 0 00:04:57, Sys 0 00:00:37  -  Total Remote Usage
		Usr 0 00:00:00, Sys 0 00:00:00  -  Total Local Usage
	9477  -  Run Bytes Sent By Job
	10941  -  Run Bytes Received By Job
	9477  -  Total Bytes Sent By Job
	10941  -  Total Bytes Received By Job
	Partitionable Resources :    Usage  Request Allocated 
	   Cpus                 :                 1           
	   Disk (KB)            :       72        1   2205494 
	   Memory (MB)          :      479     2000      2000 
...
