   SingleMuon_Run2016B_part5   DATA  56 chunks


I have 1 taks to process
I'm using the following list of modules DEFAULT_MODULES
this is jobs [('SingleMuon_Run2016B_part5', 'MY_EOS_SPACE/heppyNtuples/TREES_SingleMuon2016BCDEF_94X/SingleMuon_Run2016B_part5/treeProducerWMass/tree.root', 26671550.0, '_Friend_SingleMuon_Run2016B_part5.chunk39', True, xrange(9750000, 10000000), 39)]
Modules to run:  []   name =  puWeight
Loading puWeight from CMGTools.WMass.postprocessing.examples.puWeightProducer 
Running on dataset =  SingleMuon_Run2016B_part5
TFile: name=/afs/cern.ch/work/m/mciprian/w_mass_analysis/heppy/rel_slc7/CMSSW_9_4_12/src/CMGTools/WMass/python/postprocessing/data/pileup/pileup_profile_Summer16.root, title=, option=READ
TFile: name=/afs/cern.ch/work/m/mciprian/w_mass_analysis/heppy/rel_slc7/CMSSW_9_4_12/src/CMGTools/WMass/python/postprocessing/data/pileup/PileupData_GoldenJSON_Full2016.root, title=, option=READ
Load C++ Worker
Modules to run:  []   name =  puWeight2016BF
Loading puWeight2016BF from CMGTools.WMass.postprocessing.examples.puWeightProducer 
Running on dataset =  SingleMuon_Run2016B_part5
TFile: name=/afs/cern.ch/work/m/mciprian/w_mass_analysis/heppy/rel_slc7/CMSSW_9_4_12/src/CMGTools/WMass/python/postprocessing/data/pileup/pileup_profile_Summer16.root, title=, option=READ
TFile: name=/afs/cern.ch/work/m/mciprian/w_mass_analysis/heppy/rel_slc7/CMSSW_9_4_12/src/CMGTools/WMass/python/postprocessing/data/pileup/PileupData_GoldenJSON_2016BF.root, title=, option=READ
Modules to run:  []   name =  lepQCDAwayJetAll
Loading lepQCDAwayJetAll from CMGTools.WMass.postprocessing.examples.lepVarProducer 
Running on dataset =  SingleMuon_Run2016B_part5
Modules to run:  []   name =  muCalibratedWithStatVar
Loading muCalibratedWithStatVar from CMGTools.WMass.postprocessing.examples.lepVarProducer 
Running on dataset =  SingleMuon_Run2016B_part5
did not find EnergyScaleCorrection shared object, rebuilding
trying to load all the rochester correction libraries
did not find legacy data roccor. rebuilding...
done building legacy data roccor.
Modules to run:  []   name =  jetAllReCleaner
Loading jetAllReCleaner from CMGTools.WMass.postprocessing.examples.jetReCleaner 
Running on dataset =  SingleMuon_Run2016B_part5
Load C++ Worker
Modules to run:  []   name =  jetReCleaner
Loading jetReCleaner from CMGTools.WMass.postprocessing.examples.jetReCleaner 
Running on dataset =  SingleMuon_Run2016B_part5
Load C++ Worker
Modules to run:  []   name =  genQEDJets
Loading genQEDJets from CMGTools.WMass.postprocessing.examples.genFriendProducer 
Running on dataset =  SingleMuon_Run2016B_part5
Will write selected trees to MY_EOS_SPACE/heppyNtuples/TREES_SingleMuon2016BCDEF_94X/friends/
Normalization of pu_mc: 0.999973
Normalization of pileup: 3.65129e+10
Weights for variable pu_mc with a number of bins equal to 76:
1 1 1 1 1 1 1 1 1 1 1.616 1.923 1.917 1.762 1.611 1.554 1.506 1.414 1.317 1.241 1.169 1.109 1.071 1.04 1.019 1.001 0.9873 0.9825 0.9828 0.9811 0.9811 0.9792 0.9531 0.9274 0.8773 0.8171 0.7432 0.6594 0.5661 0.4725 0.3811 0.2987 0.2215 0.1581 0 0 0 0 0 0 0 0 0 0 0 1 1 1 1 1 1 1 1 1 1 1 1 1 1 1 1 1 1 1 1 1 .
Final weights: 
1 1 1 1 1 1 1 1 1 1 1.616 1.923 1.917 1.762 1.611 1.554 1.506 1.414 1.317 1.241 1.169 1.109 1.071 1.04 1.019 1.001 0.9873 0.9825 0.9828 0.9811 0.9811 0.9792 0.9531 0.9274 0.8773 0.8171 0.7432 0.6594 0.5661 0.4725 0.3811 0.2987 0.2215 0.1581 0 0 0 0 0 0 0 0 0 0 0 1 1 1 1 1 1 1 1 1 1 1 1 1 1 1 1 1 1 1 1 1 .
Normalization of pu_mc: 1
Normalization of pileup: 2.014e+10
Weights for variable pu_mc with a number of bins equal to 76:
1 1 1 1 1 1 1 1 1 1 2.784 3.074 2.661 2.24 1.976 1.881 1.801 1.669 1.544 1.453 1.364 1.27 1.186 1.113 1.061 1.016 0.9702 0.9245 0.8754 0.8192 0.7629 0.7065 0.6366 0.5722 0.4984 0.4252 0.3515 0.2804 0.2137 0.1564 0.1092 0 0 0 0 0 0 0 0 0 0 0 0 0 0 1 1 1 1 1 1 1 1 1 1 1 1 1 1 1 1 1 1 1 1 1 .
For maximum weight 3.074: integral relative change: 0
Final weights: 
1 1 1 1 1 1 1 1 1 1 2.784 3.074 2.661 2.24 1.976 1.881 1.801 1.669 1.544 1.453 1.364 1.27 1.186 1.113 1.061 1.016 0.9702 0.9245 0.8754 0.8192 0.7629 0.7065 0.6366 0.5722 0.4984 0.4252 0.3515 0.2804 0.2137 0.1564 0.1092 0 0 0 0 0 0 0 0 0 0 0 0 0 0 1 1 1 1 1 1 1 1 1 1 1 1 1 1 1 1 1 1 1 1 1 .
begin job of lepCalProducer
initializing all the rochester correction objects
initializing the egamma calibrator
Processed  9750000/13778779 entries (elapsed time     0.2s, curr speed   40.000 kHz, avg speed 39000.000 kHz), accepted        1/       1 events (100.00%)
Processed  9760000/13778779 entries (elapsed time    14.1s, curr speed    0.724 kHz, avg speed  693.674 kHz), accepted    10001/   10001 events (100.00%)
Processed  9770000/13778779 entries (elapsed time    28.3s, curr speed    0.702 kHz, avg speed  344.986 kHz), accepted    20001/   20001 events (100.00%)
Processed  9780000/13778779 entries (elapsed time    42.5s, curr speed    0.706 kHz, avg speed  230.226 kHz), accepted    30001/   30001 events (100.00%)
Processed  9790000/13778779 entries (elapsed time    56.7s, curr speed    0.704 kHz, avg speed  172.694 kHz), accepted    40001/   40001 events (100.00%)
Processed  9800000/13778779 entries (elapsed time    71.0s, curr speed    0.696 kHz, avg speed  137.931 kHz), accepted    50001/   50001 events (100.00%)
Processed  9810000/13778779 entries (elapsed time    85.5s, curr speed    0.691 kHz, avg speed  114.697 kHz), accepted    60001/   60001 events (100.00%)
Processed  9820000/13778779 entries (elapsed time    99.3s, curr speed    0.727 kHz, avg speed   98.902 kHz), accepted    70001/   70001 events (100.00%)
Processed  9830000/13778779 entries (elapsed time   111.5s, curr speed    0.820 kHz, avg speed   88.177 kHz), accepted    80001/   80001 events (100.00%)
Processed  9840000/13778779 entries (elapsed time   123.4s, curr speed    0.840 kHz, avg speed   79.747 kHz), accepted    90001/   90001 events (100.00%)
Processed  9850000/13778779 entries (elapsed time   135.1s, curr speed    0.857 kHz, avg speed   72.931 kHz), accepted   100001/  100001 events (100.00%)
Processed  9860000/13778779 entries (elapsed time   146.8s, curr speed    0.850 kHz, avg speed   67.152 kHz), accepted   110001/  110001 events (100.00%)
Processed  9870000/13778779 entries (elapsed time   158.4s, curr speed    0.863 kHz, avg speed   62.303 kHz), accepted   120001/  120001 events (100.00%)
Processed  9880000/13778779 entries (elapsed time   186.5s, curr speed    0.356 kHz, avg speed   52.973 kHz), accepted   130001/  130001 events (100.00%)
Processed  9890000/13778779 entries (elapsed time   198.3s, curr speed    0.850 kHz, avg speed   49.879 kHz), accepted   140001/  140001 events (100.00%)
Processed  9900000/13778779 entries (elapsed time   210.1s, curr speed    0.846 kHz, avg speed   47.120 kHz), accepted   150001/  150001 events (100.00%)
Processed  9910000/13778779 entries (elapsed time   221.7s, curr speed    0.863 kHz, avg speed   44.702 kHz), accepted   160001/  160001 events (100.00%)
Processed  9920000/13778779 entries (elapsed time   233.5s, curr speed    0.848 kHz, avg speed   42.488 kHz), accepted   170001/  170001 events (100.00%)
Processed  9930000/13778779 entries (elapsed time   245.1s, curr speed    0.864 kHz, avg speed   40.521 kHz), accepted   180001/  180001 events (100.00%)
Processed  9940000/13778779 entries (elapsed time   256.6s, curr speed    0.870 kHz, avg speed   38.745 kHz), accepted   190001/  190001 events (100.00%)
Processed  9950000/13778779 entries (elapsed time   284.3s, curr speed    0.360 kHz, avg speed   34.996 kHz), accepted   200001/  200001 events (100.00%)
Processed  9960000/13778779 entries (elapsed time   295.9s, curr speed    0.860 kHz, avg speed   33.654 kHz), accepted   210001/  210001 events (100.00%)
Processed  9970000/13778779 entries (elapsed time   307.6s, curr speed    0.859 kHz, avg speed   32.413 kHz), accepted   220001/  220001 events (100.00%)
Processed  9980000/13778779 entries (elapsed time   319.4s, curr speed    0.850 kHz, avg speed   31.251 kHz), accepted   230001/  230001 events (100.00%)
Processed  9990000/13778779 entries (elapsed time   331.2s, curr speed    0.847 kHz, avg speed   30.167 kHz), accepted   240001/  240001 events (100.00%)
Processed 250000 entries from MY_EOS_SPACE/heppyNtuples/TREES_SingleMuon2016BCDEF_94X/SingleMuon_Run2016B_part5/treeProducerWMass/tree.root, selected 250000 entries
Done MY_EOS_SPACE/heppyNtuples/TREES_SingleMuon2016BCDEF_94X/friends/tree_Friend_SingleMuon_Run2016B_part5.chunk39.root
