000 (322896.052.000) 05/10 15:24:56 Job submitted from host: <188.184.95.166:9618?addrs=188.184.95.166-9618+[2001-1458-201-e4--100-7a0]-9618&alias=tbird02.cern.ch&noUDP&sock=schedd_2138722_faad_3>
...
040 (322896.052.000) 05/10 15:37:06 Started transferring input files
	Transferring to host: <188.184.133.204:9618?addrs=188.184.133.204-9618+[2001-1458-301-a0--100-205]-9618&noUDP&sock=15802_b03c_102652>
...
040 (322896.052.000) 05/10 15:37:06 Finished transferring input files
...
001 (322896.052.000) 05/10 15:37:07 Job executing on host: <188.184.133.204:9618?addrs=188.184.133.204-9618+[2001-1458-301-a0--100-205]-9618&noUDP&sock=15593_145a_3>
...
006 (322896.052.000) 05/10 15:37:16 Image size of job updated: 116076
	58  -  MemoryUsage of job (MB)
	59312  -  ResidentSetSize of job (KB)
...
006 (322896.052.000) 05/10 15:42:17 Image size of job updated: 492936
	481  -  MemoryUsage of job (MB)
	492072  -  ResidentSetSize of job (KB)
...
006 (322896.052.000) 05/10 15:43:43 Image size of job updated: 492936
	481  -  MemoryUsage of job (MB)
	492176  -  ResidentSetSize of job (KB)
...
040 (322896.052.000) 05/10 15:43:43 Started transferring output files
...
040 (322896.052.000) 05/10 15:43:43 Finished transferring output files
...
005 (322896.052.000) 05/10 15:43:43 Job terminated.
	(1) Normal termination (return value 1)
		Usr 0 00:05:16, Sys 0 00:00:33  -  Run Remote Usage
		Usr 0 00:00:00, Sys 0 00:00:00  -  Run Local Usage
		Usr 0 00:05:16, Sys 0 00:00:33  -  Total Remote Usage
		Usr 0 00:00:00, Sys 0 00:00:00  -  Total Local Usage
	9479  -  Run Bytes Sent By Job
	10941  -  Run Bytes Received By Job
	9479  -  Total Bytes Sent By Job
	10941  -  Total Bytes Received By Job
	Partitionable Resources :    Usage  Request Allocated 
	   Cpus                 :                 1           
	   Disk (KB)            :       72        1   2152423 
	   Memory (MB)          :      481     2000      2000 
...
