000 (322893.019.000) 05/10 15:24:53 Job submitted from host: <188.184.95.166:9618?addrs=188.184.95.166-9618+[2001-1458-201-e4--100-7a0]-9618&alias=tbird02.cern.ch&noUDP&sock=schedd_2138722_faad_3>
...
040 (322893.019.000) 05/10 15:34:09 Started transferring input files
	Transferring to host: <188.184.132.18:9618?addrs=188.184.132.18-9618+[--1]-9618&noUDP&sock=3156_6ff9_8967>
...
040 (322893.019.000) 05/10 15:34:09 Finished transferring input files
...
001 (322893.019.000) 05/10 15:34:10 Job executing on host: <188.184.132.18:9618?addrs=188.184.132.18-9618+[--1]-9618&noUDP&sock=2265_2e19_3>
...
006 (322893.019.000) 05/10 15:34:19 Image size of job updated: 116236
	58  -  MemoryUsage of job (MB)
	59312  -  ResidentSetSize of job (KB)
...
006 (322893.019.000) 05/10 15:39:20 Image size of job updated: 561824
	468  -  MemoryUsage of job (MB)
	478840  -  ResidentSetSize of job (KB)
...
006 (322893.019.000) 05/10 15:41:36 Image size of job updated: 570332
	468  -  MemoryUsage of job (MB)
	478840  -  ResidentSetSize of job (KB)
...
040 (322893.019.000) 05/10 15:41:36 Started transferring output files
...
040 (322893.019.000) 05/10 15:41:36 Finished transferring output files
...
005 (322893.019.000) 05/10 15:41:36 Job terminated.
	(1) Normal termination (return value 1)
		Usr 0 00:05:29, Sys 0 00:00:36  -  Run Remote Usage
		Usr 0 00:00:00, Sys 0 00:00:00  -  Run Local Usage
		Usr 0 00:05:29, Sys 0 00:00:36  -  Total Remote Usage
		Usr 0 00:00:00, Sys 0 00:00:00  -  Total Local Usage
	14805  -  Run Bytes Sent By Job
	10941  -  Run Bytes Received By Job
	14805  -  Total Bytes Sent By Job
	10941  -  Total Bytes Received By Job
	Partitionable Resources :    Usage  Request Allocated 
	   Cpus                 :                 1           
	   Disk (KB)            :       75        1   2212086 
	   Memory (MB)          :      468     2000      2000 
...
