000 (322898.027.000) 05/10 15:24:58 Job submitted from host: <188.184.95.166:9618?addrs=188.184.95.166-9618+[2001-1458-201-e4--100-7a0]-9618&alias=tbird02.cern.ch&noUDP&sock=schedd_2138722_faad_3>
...
040 (322898.027.000) 05/10 15:37:58 Started transferring input files
	Transferring to host: <188.184.186.9:9618?addrs=188.184.186.9-9618+[2001-1458-301-f8--100-11]-9618&noUDP&sock=8388_dace_18570>
...
040 (322898.027.000) 05/10 15:37:58 Finished transferring input files
...
001 (322898.027.000) 05/10 15:37:59 Job executing on host: <188.184.186.9:9618?addrs=188.184.186.9-9618+[2001-1458-301-f8--100-11]-9618&noUDP&sock=2355_e99f_3>
...
006 (322898.027.000) 05/10 15:38:08 Image size of job updated: 189060
	161  -  MemoryUsage of job (MB)
	164536  -  ResidentSetSize of job (KB)
...
006 (322898.027.000) 05/10 15:43:09 Image size of job updated: 402708
	393  -  MemoryUsage of job (MB)
	402096  -  ResidentSetSize of job (KB)
...
006 (322898.027.000) 05/10 15:48:09 Image size of job updated: 493196
	482  -  MemoryUsage of job (MB)
	492584  -  ResidentSetSize of job (KB)
...
006 (322898.027.000) 05/10 15:49:15 Image size of job updated: 905476
	482  -  MemoryUsage of job (MB)
	492584  -  ResidentSetSize of job (KB)
...
040 (322898.027.000) 05/10 15:49:15 Started transferring output files
...
040 (322898.027.000) 05/10 15:49:15 Finished transferring output files
...
005 (322898.027.000) 05/10 15:49:15 Job terminated.
	(1) Normal termination (return value 1)
		Usr 0 00:09:48, Sys 0 00:00:55  -  Run Remote Usage
		Usr 0 00:00:00, Sys 0 00:00:00  -  Run Local Usage
		Usr 0 00:09:48, Sys 0 00:00:55  -  Total Remote Usage
		Usr 0 00:00:00, Sys 0 00:00:00  -  Total Local Usage
	9477  -  Run Bytes Sent By Job
	10941  -  Run Bytes Received By Job
	9477  -  Total Bytes Sent By Job
	10941  -  Total Bytes Received By Job
	Partitionable Resources :    Usage  Request Allocated 
	   Cpus                 :     0.98        1         1 
	   Disk (KB)            :    80           1    215245 
	   Memory (MB)          :   482        2000      2000 
...
