000 (322897.025.000) 05/10 15:24:57 Job submitted from host: <188.184.95.166:9618?addrs=188.184.95.166-9618+[2001-1458-201-e4--100-7a0]-9618&alias=tbird02.cern.ch&noUDP&sock=schedd_2138722_faad_3>
...
040 (322897.025.000) 05/10 15:37:31 Started transferring input files
	Transferring to host: <128.142.240.30:9618?addrs=128.142.240.30-9618+[2001-1458-301-f9--100-1a]-9618&noUDP&sock=4004_ee1c_127048>
...
040 (322897.025.000) 05/10 15:37:31 Finished transferring input files
...
001 (322897.025.000) 05/10 15:37:32 Job executing on host: <128.142.240.30:9618?addrs=128.142.240.30-9618+[2001-1458-301-f9--100-1a]-9618&noUDP&sock=2350_7ba6_3>
...
006 (322897.025.000) 05/10 15:37:41 Image size of job updated: 116012
	58  -  MemoryUsage of job (MB)
	59308  -  ResidentSetSize of job (KB)
...
006 (322897.025.000) 05/10 15:42:42 Image size of job updated: 572176
	478  -  MemoryUsage of job (MB)
	489220  -  ResidentSetSize of job (KB)
...
006 (322897.025.000) 05/10 15:43:24 Image size of job updated: 574096
	478  -  MemoryUsage of job (MB)
	489220  -  ResidentSetSize of job (KB)
...
040 (322897.025.000) 05/10 15:43:24 Started transferring output files
...
040 (322897.025.000) 05/10 15:43:24 Finished transferring output files
...
005 (322897.025.000) 05/10 15:43:24 Job terminated.
	(1) Normal termination (return value 1)
		Usr 0 00:04:52, Sys 0 00:00:34  -  Run Remote Usage
		Usr 0 00:00:00, Sys 0 00:00:00  -  Run Local Usage
		Usr 0 00:04:52, Sys 0 00:00:34  -  Total Remote Usage
		Usr 0 00:00:00, Sys 0 00:00:00  -  Total Local Usage
	9477  -  Run Bytes Sent By Job
	10941  -  Run Bytes Received By Job
	9477  -  Total Bytes Sent By Job
	10941  -  Total Bytes Received By Job
	Partitionable Resources :    Usage  Request Allocated 
	   Cpus                 :                 1           
	   Disk (KB)            :       72        1   2156895 
	   Memory (MB)          :      478     2000      2000 
...
