000 (322893.053.000) 05/10 15:24:53 Job submitted from host: <188.184.95.166:9618?addrs=188.184.95.166-9618+[2001-1458-201-e4--100-7a0]-9618&alias=tbird02.cern.ch&noUDP&sock=schedd_2138722_faad_3>
...
040 (322893.053.000) 05/10 15:34:49 Started transferring input files
	Transferring to host: <188.184.186.70:9618?addrs=188.184.186.70-9618+[2001-1458-301-f8--100-37]-9618&noUDP&sock=3929_15f9_126944>
...
040 (322893.053.000) 05/10 15:34:49 Finished transferring input files
...
001 (322893.053.000) 05/10 15:34:50 Job executing on host: <188.184.186.70:9618?addrs=188.184.186.70-9618+[2001-1458-301-f8--100-37]-9618&noUDP&sock=2339_f01b_3>
...
006 (322893.053.000) 05/10 15:34:59 Image size of job updated: 324604
	237  -  MemoryUsage of job (MB)
	241944  -  ResidentSetSize of job (KB)
...
040 (322893.053.000) 05/10 15:39:32 Started transferring output files
...
040 (322893.053.000) 05/10 15:39:32 Finished transferring output files
...
005 (322893.053.000) 05/10 15:39:32 Job terminated.
	(1) Normal termination (return value 1)
		Usr 0 00:04:07, Sys 0 00:00:26  -  Run Remote Usage
		Usr 0 00:00:00, Sys 0 00:00:00  -  Run Local Usage
		Usr 0 00:04:07, Sys 0 00:00:26  -  Total Remote Usage
		Usr 0 00:00:00, Sys 0 00:00:00  -  Total Local Usage
	8709  -  Run Bytes Sent By Job
	10941  -  Run Bytes Received By Job
	8709  -  Total Bytes Sent By Job
	10941  -  Total Bytes Received By Job
	Partitionable Resources :    Usage  Request Allocated 
	   Cpus                 :                 1           
	   Disk (KB)            :       71        1   2146859 
	   Memory (MB)          :      237     2000      2000 
...
