000 (322881.054.000) 05/10 15:24:42 Job submitted from host: <188.184.95.166:9618?addrs=188.184.95.166-9618+[2001-1458-201-e4--100-7a0]-9618&alias=tbird02.cern.ch&noUDP&sock=schedd_2138722_faad_3>
...
040 (322881.054.000) 05/10 15:25:56 Started transferring input files
	Transferring to host: <188.184.186.23:9618?addrs=188.184.186.23-9618+[2001-1458-301-f8--100-f]-9618&noUDP&sock=3299_319f_58623>
...
040 (322881.054.000) 05/10 15:25:56 Finished transferring input files
...
001 (322881.054.000) 05/10 15:25:57 Job executing on host: <188.184.186.23:9618?addrs=188.184.186.23-9618+[2001-1458-301-f8--100-f]-9618&noUDP&sock=2281_279d_3>
...
006 (322881.054.000) 05/10 15:26:05 Image size of job updated: 120896
	67  -  MemoryUsage of job (MB)
	68592  -  ResidentSetSize of job (KB)
...
006 (322881.054.000) 05/10 15:31:05 Image size of job updated: 576712
	480  -  MemoryUsage of job (MB)
	490640  -  ResidentSetSize of job (KB)
...
040 (322881.054.000) 05/10 15:32:20 Started transferring output files
...
040 (322881.054.000) 05/10 15:32:20 Finished transferring output files
...
005 (322881.054.000) 05/10 15:32:20 Job terminated.
	(1) Normal termination (return value 1)
		Usr 0 00:05:33, Sys 0 00:00:41  -  Run Remote Usage
		Usr 0 00:00:00, Sys 0 00:00:00  -  Run Local Usage
		Usr 0 00:05:33, Sys 0 00:00:41  -  Total Remote Usage
		Usr 0 00:00:00, Sys 0 00:00:00  -  Total Local Usage
	9479  -  Run Bytes Sent By Job
	10941  -  Run Bytes Received By Job
	9479  -  Total Bytes Sent By Job
	10941  -  Total Bytes Received By Job
	Partitionable Resources :    Usage  Request Allocated 
	   Cpus                 :                 1           
	   Disk (KB)            :       72        1   2117884 
	   Memory (MB)          :      480     2000      2000 
...
