000 (322896.055.000) 05/10 15:24:56 Job submitted from host: <188.184.95.166:9618?addrs=188.184.95.166-9618+[2001-1458-201-e4--100-7a0]-9618&alias=tbird02.cern.ch&noUDP&sock=schedd_2138722_faad_3>
...
040 (322896.055.000) 05/10 15:37:07 Started transferring input files
	Transferring to host: <188.184.132.5:9618?addrs=188.184.132.5-9618+[2001-1458-301-a0--100-5]-9618&noUDP&sock=4293_8e88_126427>
...
040 (322896.055.000) 05/10 15:37:07 Finished transferring input files
...
001 (322896.055.000) 05/10 15:37:08 Job executing on host: <188.184.132.5:9618?addrs=188.184.132.5-9618+[2001-1458-301-a0--100-5]-9618&noUDP&sock=2325_55c8_3>
...
006 (322896.055.000) 05/10 15:37:17 Image size of job updated: 113044
	64  -  MemoryUsage of job (MB)
	65500  -  ResidentSetSize of job (KB)
...
006 (322896.055.000) 05/10 15:42:17 Image size of job updated: 491992
	479  -  MemoryUsage of job (MB)
	490032  -  ResidentSetSize of job (KB)
...
040 (322896.055.000) 05/10 15:43:30 Started transferring output files
...
040 (322896.055.000) 05/10 15:43:30 Finished transferring output files
...
005 (322896.055.000) 05/10 15:43:30 Job terminated.
	(1) Normal termination (return value 1)
		Usr 0 00:05:11, Sys 0 00:00:34  -  Run Remote Usage
		Usr 0 00:00:00, Sys 0 00:00:00  -  Run Local Usage
		Usr 0 00:05:11, Sys 0 00:00:34  -  Total Remote Usage
		Usr 0 00:00:00, Sys 0 00:00:00  -  Total Local Usage
	9479  -  Run Bytes Sent By Job
	10941  -  Run Bytes Received By Job
	9479  -  Total Bytes Sent By Job
	10941  -  Total Bytes Received By Job
	Partitionable Resources :    Usage  Request Allocated 
	   Cpus                 :                 1           
	   Disk (KB)            :       72        1   2121519 
	   Memory (MB)          :      479     2000      2000 
...
