   SingleMuon_Run2016E_part1   DATA  62 chunks


I have 1 taks to process
I'm using the following list of modules DEFAULT_MODULES
this is jobs [('SingleMuon_Run2016E_part1', 'MY_EOS_SPACE/heppyNtuples/TREES_SingleMuon2016BCDEF_94X/SingleMuon_Run2016E_part1/treeProducerWMass/tree.root', 26031098.0, '_Friend_SingleMuon_Run2016E_part1.chunk57', True, xrange(14250000, 14500000), 57)]
Modules to run:  []   name =  puWeight
Loading puWeight from CMGTools.WMass.postprocessing.examples.puWeightProducer 
Running on dataset =  SingleMuon_Run2016E_part1
TFile: name=/afs/cern.ch/work/m/mciprian/w_mass_analysis/heppy/rel_slc7/CMSSW_9_4_12/src/CMGTools/WMass/python/postprocessing/data/pileup/pileup_profile_Summer16.root, title=, option=READ
TFile: name=/afs/cern.ch/work/m/mciprian/w_mass_analysis/heppy/rel_slc7/CMSSW_9_4_12/src/CMGTools/WMass/python/postprocessing/data/pileup/PileupData_GoldenJSON_Full2016.root, title=, option=READ
Load C++ Worker
Modules to run:  []   name =  puWeight2016BF
Loading puWeight2016BF from CMGTools.WMass.postprocessing.examples.puWeightProducer 
Running on dataset =  SingleMuon_Run2016E_part1
TFile: name=/afs/cern.ch/work/m/mciprian/w_mass_analysis/heppy/rel_slc7/CMSSW_9_4_12/src/CMGTools/WMass/python/postprocessing/data/pileup/pileup_profile_Summer16.root, title=, option=READ
TFile: name=/afs/cern.ch/work/m/mciprian/w_mass_analysis/heppy/rel_slc7/CMSSW_9_4_12/src/CMGTools/WMass/python/postprocessing/data/pileup/PileupData_GoldenJSON_2016BF.root, title=, option=READ
Modules to run:  []   name =  lepQCDAwayJetAll
Loading lepQCDAwayJetAll from CMGTools.WMass.postprocessing.examples.lepVarProducer 
Running on dataset =  SingleMuon_Run2016E_part1
Modules to run:  []   name =  muCalibratedWithStatVar
Loading muCalibratedWithStatVar from CMGTools.WMass.postprocessing.examples.lepVarProducer 
Running on dataset =  SingleMuon_Run2016E_part1
did not find EnergyScaleCorrection shared object, rebuilding
trying to load all the rochester correction libraries
did not find legacy data roccor. rebuilding...
done building legacy data roccor.
Modules to run:  []   name =  jetAllReCleaner
Loading jetAllReCleaner from CMGTools.WMass.postprocessing.examples.jetReCleaner 
Running on dataset =  SingleMuon_Run2016E_part1
Load C++ Worker
Modules to run:  []   name =  jetReCleaner
Loading jetReCleaner from CMGTools.WMass.postprocessing.examples.jetReCleaner 
Running on dataset =  SingleMuon_Run2016E_part1
Load C++ Worker
Modules to run:  []   name =  genQEDJets
Loading genQEDJets from CMGTools.WMass.postprocessing.examples.genFriendProducer 
Running on dataset =  SingleMuon_Run2016E_part1
Will write selected trees to MY_EOS_SPACE/heppyNtuples/TREES_SingleMuon2016BCDEF_94X/friends/
Normalization of pu_mc: 0.999973
Normalization of pileup: 3.65129e+10
Weights for variable pu_mc with a number of bins equal to 76:
1 1 1 1 1 1 1 1 1 1 1.616 1.923 1.917 1.762 1.611 1.554 1.506 1.414 1.317 1.241 1.169 1.109 1.071 1.04 1.019 1.001 0.9873 0.9825 0.9828 0.9811 0.9811 0.9792 0.9531 0.9274 0.8773 0.8171 0.7432 0.6594 0.5661 0.4725 0.3811 0.2987 0.2215 0.1581 0 0 0 0 0 0 0 0 0 0 0 1 1 1 1 1 1 1 1 1 1 1 1 1 1 1 1 1 1 1 1 1 .
Final weights: 
1 1 1 1 1 1 1 1 1 1 1.616 1.923 1.917 1.762 1.611 1.554 1.506 1.414 1.317 1.241 1.169 1.109 1.071 1.04 1.019 1.001 0.9873 0.9825 0.9828 0.9811 0.9811 0.9792 0.9531 0.9274 0.8773 0.8171 0.7432 0.6594 0.5661 0.4725 0.3811 0.2987 0.2215 0.1581 0 0 0 0 0 0 0 0 0 0 0 1 1 1 1 1 1 1 1 1 1 1 1 1 1 1 1 1 1 1 1 1 .
Normalization of pu_mc: 1
Normalization of pileup: 2.014e+10
Weights for variable pu_mc with a number of bins equal to 76:
1 1 1 1 1 1 1 1 1 1 2.784 3.074 2.661 2.24 1.976 1.881 1.801 1.669 1.544 1.453 1.364 1.27 1.186 1.113 1.061 1.016 0.9702 0.9245 0.8754 0.8192 0.7629 0.7065 0.6366 0.5722 0.4984 0.4252 0.3515 0.2804 0.2137 0.1564 0.1092 0 0 0 0 0 0 0 0 0 0 0 0 0 0 1 1 1 1 1 1 1 1 1 1 1 1 1 1 1 1 1 1 1 1 1 .
For maximum weight 3.074: integral relative change: 0
Final weights: 
1 1 1 1 1 1 1 1 1 1 2.784 3.074 2.661 2.24 1.976 1.881 1.801 1.669 1.544 1.453 1.364 1.27 1.186 1.113 1.061 1.016 0.9702 0.9245 0.8754 0.8192 0.7629 0.7065 0.6366 0.5722 0.4984 0.4252 0.3515 0.2804 0.2137 0.1564 0.1092 0 0 0 0 0 0 0 0 0 0 0 0 0 0 1 1 1 1 1 1 1 1 1 1 1 1 1 1 1 1 1 1 1 1 1 .
begin job of lepCalProducer
initializing all the rochester correction objects
initializing the egamma calibrator
Processed 14250000/15466606 entries (elapsed time     0.3s, curr speed   31.250 kHz, avg speed 44531.250 kHz), accepted        1/       1 events (100.00%)
Processed 14260000/15466606 entries (elapsed time    19.9s, curr speed    0.510 kHz, avg speed  716.223 kHz), accepted    10001/   10001 events (100.00%)
Processed 14270000/15466606 entries (elapsed time    42.9s, curr speed    0.434 kHz, avg speed  332.324 kHz), accepted    20001/   20001 events (100.00%)
Processed 14280000/15466606 entries (elapsed time    64.9s, curr speed    0.455 kHz, avg speed  220.031 kHz), accepted    30001/   30001 events (100.00%)
Processed 14290000/15466606 entries (elapsed time    87.9s, curr speed    0.436 kHz, avg speed  162.664 kHz), accepted    40001/   40001 events (100.00%)
Processed 14300000/15466606 entries (elapsed time   112.0s, curr speed    0.414 kHz, avg speed  127.656 kHz), accepted    50001/   50001 events (100.00%)
Processed 14310000/15466606 entries (elapsed time   135.3s, curr speed    0.430 kHz, avg speed  105.781 kHz), accepted    60001/   60001 events (100.00%)
Processed 14320000/15466606 entries (elapsed time   156.4s, curr speed    0.473 kHz, avg speed   91.543 kHz), accepted    70001/   70001 events (100.00%)
Processed 14330000/15466606 entries (elapsed time   176.2s, curr speed    0.507 kHz, avg speed   81.342 kHz), accepted    80001/   80001 events (100.00%)
Processed 14340000/15466606 entries (elapsed time   195.4s, curr speed    0.521 kHz, avg speed   73.395 kHz), accepted    90001/   90001 events (100.00%)
Processed 14350000/15466606 entries (elapsed time   215.8s, curr speed    0.489 kHz, avg speed   66.481 kHz), accepted   100001/  100001 events (100.00%)
Processed 14360000/15466606 entries (elapsed time   235.7s, curr speed    0.503 kHz, avg speed   60.917 kHz), accepted   110001/  110001 events (100.00%)
Processed 14370000/15466606 entries (elapsed time   255.2s, curr speed    0.514 kHz, avg speed   56.315 kHz), accepted   120001/  120001 events (100.00%)
Processed 14380000/15466606 entries (elapsed time   300.1s, curr speed    0.223 kHz, avg speed   47.921 kHz), accepted   130001/  130001 events (100.00%)
Processed 14390000/15466606 entries (elapsed time   319.4s, curr speed    0.517 kHz, avg speed   45.050 kHz), accepted   140001/  140001 events (100.00%)
Processed 14400000/15466606 entries (elapsed time   339.3s, curr speed    0.503 kHz, avg speed   42.440 kHz), accepted   150001/  150001 events (100.00%)
Processed 14410000/15466606 entries (elapsed time   359.2s, curr speed    0.502 kHz, avg speed   40.115 kHz), accepted   160001/  160001 events (100.00%)
Processed 14420000/15466606 entries (elapsed time   378.8s, curr speed    0.510 kHz, avg speed   38.067 kHz), accepted   170001/  170001 events (100.00%)
Processed 14430000/15466606 entries (elapsed time   399.1s, curr speed    0.492 kHz, avg speed   36.153 kHz), accepted   180001/  180001 events (100.00%)
Processed 14440000/15466606 entries (elapsed time   418.6s, curr speed    0.513 kHz, avg speed   34.493 kHz), accepted   190001/  190001 events (100.00%)
Processed 14450000/15466606 entries (elapsed time   463.4s, curr speed    0.223 kHz, avg speed   31.183 kHz), accepted   200001/  200001 events (100.00%)
Processed 14460000/15466606 entries (elapsed time   482.4s, curr speed    0.526 kHz, avg speed   29.975 kHz), accepted   210001/  210001 events (100.00%)
Processed 14470000/15466606 entries (elapsed time   502.8s, curr speed    0.489 kHz, avg speed   28.777 kHz), accepted   220001/  220001 events (100.00%)
Processed 14480000/15466606 entries (elapsed time   521.4s, curr speed    0.539 kHz, avg speed   27.771 kHz), accepted   230001/  230001 events (100.00%)
Processed 14490000/15466606 entries (elapsed time   540.5s, curr speed    0.524 kHz, avg speed   26.810 kHz), accepted   240001/  240001 events (100.00%)
Processed 250000 entries from MY_EOS_SPACE/heppyNtuples/TREES_SingleMuon2016BCDEF_94X/SingleMuon_Run2016E_part1/treeProducerWMass/tree.root, selected 250000 entries
Done MY_EOS_SPACE/heppyNtuples/TREES_SingleMuon2016BCDEF_94X/friends/tree_Friend_SingleMuon_Run2016E_part1.chunk57.root
