   SingleMuon_Run2016D_part3   DATA  63 chunks


I have 1 taks to process
I'm using the following list of modules DEFAULT_MODULES
this is jobs [('SingleMuon_Run2016D_part3', 'MY_EOS_SPACE/heppyNtuples/TREES_SingleMuon2016BCDEF_94X/SingleMuon_Run2016D_part3/treeProducerWMass/tree.root', 26144046.0, '_Friend_SingleMuon_Run2016D_part3.chunk25', True, xrange(6250000, 6500000), 25)]
Modules to run:  []   name =  puWeight
Loading puWeight from CMGTools.WMass.postprocessing.examples.puWeightProducer 
Running on dataset =  SingleMuon_Run2016D_part3
TFile: name=/afs/cern.ch/work/m/mciprian/w_mass_analysis/heppy/rel_slc7/CMSSW_9_4_12/src/CMGTools/WMass/python/postprocessing/data/pileup/pileup_profile_Summer16.root, title=, option=READ
TFile: name=/afs/cern.ch/work/m/mciprian/w_mass_analysis/heppy/rel_slc7/CMSSW_9_4_12/src/CMGTools/WMass/python/postprocessing/data/pileup/PileupData_GoldenJSON_Full2016.root, title=, option=READ
Load C++ Worker
Modules to run:  []   name =  puWeight2016BF
Loading puWeight2016BF from CMGTools.WMass.postprocessing.examples.puWeightProducer 
Running on dataset =  SingleMuon_Run2016D_part3
TFile: name=/afs/cern.ch/work/m/mciprian/w_mass_analysis/heppy/rel_slc7/CMSSW_9_4_12/src/CMGTools/WMass/python/postprocessing/data/pileup/pileup_profile_Summer16.root, title=, option=READ
TFile: name=/afs/cern.ch/work/m/mciprian/w_mass_analysis/heppy/rel_slc7/CMSSW_9_4_12/src/CMGTools/WMass/python/postprocessing/data/pileup/PileupData_GoldenJSON_2016BF.root, title=, option=READ
Modules to run:  []   name =  lepQCDAwayJetAll
Loading lepQCDAwayJetAll from CMGTools.WMass.postprocessing.examples.lepVarProducer 
Running on dataset =  SingleMuon_Run2016D_part3
Modules to run:  []   name =  muCalibratedWithStatVar
Loading muCalibratedWithStatVar from CMGTools.WMass.postprocessing.examples.lepVarProducer 
Running on dataset =  SingleMuon_Run2016D_part3
did not find EnergyScaleCorrection shared object, rebuilding
trying to load all the rochester correction libraries
did not find legacy data roccor. rebuilding...
done building legacy data roccor.
Modules to run:  []   name =  jetAllReCleaner
Loading jetAllReCleaner from CMGTools.WMass.postprocessing.examples.jetReCleaner 
Running on dataset =  SingleMuon_Run2016D_part3
Load C++ Worker
Modules to run:  []   name =  jetReCleaner
Loading jetReCleaner from CMGTools.WMass.postprocessing.examples.jetReCleaner 
Running on dataset =  SingleMuon_Run2016D_part3
Load C++ Worker
Modules to run:  []   name =  genQEDJets
Loading genQEDJets from CMGTools.WMass.postprocessing.examples.genFriendProducer 
Running on dataset =  SingleMuon_Run2016D_part3
Will write selected trees to MY_EOS_SPACE/heppyNtuples/TREES_SingleMuon2016BCDEF_94X/friends/
Normalization of pu_mc: 0.999973
Normalization of pileup: 3.65129e+10
Weights for variable pu_mc with a number of bins equal to 76:
1 1 1 1 1 1 1 1 1 1 1.616 1.923 1.917 1.762 1.611 1.554 1.506 1.414 1.317 1.241 1.169 1.109 1.071 1.04 1.019 1.001 0.9873 0.9825 0.9828 0.9811 0.9811 0.9792 0.9531 0.9274 0.8773 0.8171 0.7432 0.6594 0.5661 0.4725 0.3811 0.2987 0.2215 0.1581 0 0 0 0 0 0 0 0 0 0 0 1 1 1 1 1 1 1 1 1 1 1 1 1 1 1 1 1 1 1 1 1 .
Final weights: 
1 1 1 1 1 1 1 1 1 1 1.616 1.923 1.917 1.762 1.611 1.554 1.506 1.414 1.317 1.241 1.169 1.109 1.071 1.04 1.019 1.001 0.9873 0.9825 0.9828 0.9811 0.9811 0.9792 0.9531 0.9274 0.8773 0.8171 0.7432 0.6594 0.5661 0.4725 0.3811 0.2987 0.2215 0.1581 0 0 0 0 0 0 0 0 0 0 0 1 1 1 1 1 1 1 1 1 1 1 1 1 1 1 1 1 1 1 1 1 .
Normalization of pu_mc: 1
Normalization of pileup: 2.014e+10
Weights for variable pu_mc with a number of bins equal to 76:
1 1 1 1 1 1 1 1 1 1 2.784 3.074 2.661 2.24 1.976 1.881 1.801 1.669 1.544 1.453 1.364 1.27 1.186 1.113 1.061 1.016 0.9702 0.9245 0.8754 0.8192 0.7629 0.7065 0.6366 0.5722 0.4984 0.4252 0.3515 0.2804 0.2137 0.1564 0.1092 0 0 0 0 0 0 0 0 0 0 0 0 0 0 1 1 1 1 1 1 1 1 1 1 1 1 1 1 1 1 1 1 1 1 1 .
For maximum weight 3.074: integral relative change: 0
Final weights: 
1 1 1 1 1 1 1 1 1 1 2.784 3.074 2.661 2.24 1.976 1.881 1.801 1.669 1.544 1.453 1.364 1.27 1.186 1.113 1.061 1.016 0.9702 0.9245 0.8754 0.8192 0.7629 0.7065 0.6366 0.5722 0.4984 0.4252 0.3515 0.2804 0.2137 0.1564 0.1092 0 0 0 0 0 0 0 0 0 0 0 0 0 0 1 1 1 1 1 1 1 1 1 1 1 1 1 1 1 1 1 1 1 1 1 .
begin job of lepCalProducer
initializing all the rochester correction objects
initializing the egamma calibrator
Processed  6250000/15643086 entries (elapsed time     0.3s, curr speed   38.462 kHz, avg speed 24038.462 kHz), accepted        1/       1 events (100.00%)
Processed  6260000/15643086 entries (elapsed time    12.8s, curr speed    0.797 kHz, avg speed  488.681 kHz), accepted    10001/   10001 events (100.00%)
Processed  6270000/15643086 entries (elapsed time    25.6s, curr speed    0.782 kHz, avg speed  245.018 kHz), accepted    20001/   20001 events (100.00%)
Processed  6280000/15643086 entries (elapsed time    38.6s, curr speed    0.766 kHz, avg speed  162.484 kHz), accepted    30001/   30001 events (100.00%)
Processed  6290000/15643086 entries (elapsed time    51.9s, curr speed    0.756 kHz, avg speed  121.241 kHz), accepted    40001/   40001 events (100.00%)
Processed  6300000/15643086 entries (elapsed time    65.0s, curr speed    0.762 kHz, avg speed   96.923 kHz), accepted    50001/   50001 events (100.00%)
Processed  6310000/15643086 entries (elapsed time    78.0s, curr speed    0.769 kHz, avg speed   80.887 kHz), accepted    60001/   60001 events (100.00%)
Processed  6320000/15643086 entries (elapsed time    90.2s, curr speed    0.824 kHz, avg speed   70.105 kHz), accepted    70001/   70001 events (100.00%)
Processed  6330000/15643086 entries (elapsed time   101.1s, curr speed    0.915 kHz, avg speed   62.624 kHz), accepted    80001/   80001 events (100.00%)
Processed  6340000/15643086 entries (elapsed time   112.0s, curr speed    0.912 kHz, avg speed   56.587 kHz), accepted    90001/   90001 events (100.00%)
Processed  6350000/15643086 entries (elapsed time   123.2s, curr speed    0.897 kHz, avg speed   51.546 kHz), accepted   100001/  100001 events (100.00%)
Processed  6360000/15643086 entries (elapsed time   134.0s, curr speed    0.926 kHz, avg speed   47.466 kHz), accepted   110001/  110001 events (100.00%)
Processed  6370000/15643086 entries (elapsed time   145.2s, curr speed    0.890 kHz, avg speed   43.861 kHz), accepted   120001/  120001 events (100.00%)
Processed  6380000/15643086 entries (elapsed time   171.2s, curr speed    0.386 kHz, avg speed   37.273 kHz), accepted   130001/  130001 events (100.00%)
Processed  6390000/15643086 entries (elapsed time   182.2s, curr speed    0.906 kHz, avg speed   35.069 kHz), accepted   140001/  140001 events (100.00%)
Processed  6400000/15643086 entries (elapsed time   193.2s, curr speed    0.913 kHz, avg speed   33.133 kHz), accepted   150001/  150001 events (100.00%)
Processed  6410000/15643086 entries (elapsed time   204.0s, curr speed    0.920 kHz, avg speed   31.417 kHz), accepted   160001/  160001 events (100.00%)
Processed  6420000/15643086 entries (elapsed time   214.8s, curr speed    0.929 kHz, avg speed   29.888 kHz), accepted   170001/  170001 events (100.00%)
Processed  6430000/15643086 entries (elapsed time   225.2s, curr speed    0.962 kHz, avg speed   28.552 kHz), accepted   180001/  180001 events (100.00%)
Processed  6440000/15643086 entries (elapsed time   235.9s, curr speed    0.936 kHz, avg speed   27.302 kHz), accepted   190001/  190001 events (100.00%)
Processed  6450000/15643086 entries (elapsed time   261.2s, curr speed    0.394 kHz, avg speed   24.691 kHz), accepted   200001/  200001 events (100.00%)
Processed  6460000/15643086 entries (elapsed time   272.4s, curr speed    0.897 kHz, avg speed   23.717 kHz), accepted   210001/  210001 events (100.00%)
Processed  6470000/15643086 entries (elapsed time   282.9s, curr speed    0.952 kHz, avg speed   22.872 kHz), accepted   220001/  220001 events (100.00%)
Processed  6480000/15643086 entries (elapsed time   293.8s, curr speed    0.913 kHz, avg speed   22.054 kHz), accepted   230001/  230001 events (100.00%)
Processed  6490000/15643086 entries (elapsed time   305.1s, curr speed    0.889 kHz, avg speed   21.273 kHz), accepted   240001/  240001 events (100.00%)
Processed 250000 entries from MY_EOS_SPACE/heppyNtuples/TREES_SingleMuon2016BCDEF_94X/SingleMuon_Run2016D_part3/treeProducerWMass/tree.root, selected 250000 entries
Done MY_EOS_SPACE/heppyNtuples/TREES_SingleMuon2016BCDEF_94X/friends/tree_Friend_SingleMuon_Run2016D_part3.chunk25.root
