000 (322899.015.000) 05/10 15:24:59 Job submitted from host: <188.184.95.166:9618?addrs=188.184.95.166-9618+[2001-1458-201-e4--100-7a0]-9618&alias=tbird02.cern.ch&noUDP&sock=schedd_2138722_faad_3>
...
040 (322899.015.000) 05/10 15:38:15 Started transferring input files
	Transferring to host: <188.184.132.61:9618?addrs=188.184.132.61-9618+[2001-1458-301-a0--100-2e]-9618&noUDP&sock=4175_6a43_126437>
...
040 (322899.015.000) 05/10 15:38:15 Finished transferring input files
...
001 (322899.015.000) 05/10 15:38:16 Job executing on host: <188.184.132.61:9618?addrs=188.184.132.61-9618+[2001-1458-301-a0--100-2e]-9618&noUDP&sock=2427_4c71_3>
...
006 (322899.015.000) 05/10 15:38:25 Image size of job updated: 236988
	157  -  MemoryUsage of job (MB)
	160760  -  ResidentSetSize of job (KB)
...
006 (322899.015.000) 05/10 15:43:25 Image size of job updated: 575288
	481  -  MemoryUsage of job (MB)
	492144  -  ResidentSetSize of job (KB)
...
006 (322899.015.000) 05/10 15:44:31 Image size of job updated: 575296
	481  -  MemoryUsage of job (MB)
	492144  -  ResidentSetSize of job (KB)
...
040 (322899.015.000) 05/10 15:44:31 Started transferring output files
...
040 (322899.015.000) 05/10 15:44:31 Finished transferring output files
...
005 (322899.015.000) 05/10 15:44:31 Job terminated.
	(1) Normal termination (return value 1)
		Usr 0 00:05:23, Sys 0 00:00:33  -  Run Remote Usage
		Usr 0 00:00:00, Sys 0 00:00:00  -  Run Local Usage
		Usr 0 00:05:23, Sys 0 00:00:33  -  Total Remote Usage
		Usr 0 00:00:00, Sys 0 00:00:00  -  Total Local Usage
	9477  -  Run Bytes Sent By Job
	10941  -  Run Bytes Received By Job
	9477  -  Total Bytes Sent By Job
	10941  -  Total Bytes Received By Job
	Partitionable Resources :    Usage  Request Allocated 
	   Cpus                 :                 1           
	   Disk (KB)            :       72        1   2129956 
	   Memory (MB)          :      481     2000      2000 
...
