000 (322898.013.000) 05/10 15:24:58 Job submitted from host: <188.184.95.166:9618?addrs=188.184.95.166-9618+[2001-1458-201-e4--100-7a0]-9618&alias=tbird02.cern.ch&noUDP&sock=schedd_2138722_faad_3>
...
040 (322898.013.000) 05/10 15:37:51 Started transferring input files
	Transferring to host: <188.184.186.8:9618?addrs=188.184.186.8-9618+[2001-1458-301-f8--100-1e]-9618&noUDP&sock=4054_28de_126412>
...
040 (322898.013.000) 05/10 15:37:51 Finished transferring input files
...
001 (322898.013.000) 05/10 15:37:52 Job executing on host: <188.184.186.8:9618?addrs=188.184.186.8-9618+[2001-1458-301-f8--100-1e]-9618&noUDP&sock=2328_6491_3>
...
006 (322898.013.000) 05/10 15:38:01 Image size of job updated: 213220
	138  -  MemoryUsage of job (MB)
	140996  -  ResidentSetSize of job (KB)
...
006 (322898.013.000) 05/10 15:43:02 Image size of job updated: 492792
	481  -  MemoryUsage of job (MB)
	492016  -  ResidentSetSize of job (KB)
...
006 (322898.013.000) 05/10 15:44:01 Image size of job updated: 905008
	481  -  MemoryUsage of job (MB)
	492016  -  ResidentSetSize of job (KB)
...
040 (322898.013.000) 05/10 15:44:01 Started transferring output files
...
040 (322898.013.000) 05/10 15:44:01 Finished transferring output files
...
005 (322898.013.000) 05/10 15:44:01 Job terminated.
	(1) Normal termination (return value 1)
		Usr 0 00:05:21, Sys 0 00:00:35  -  Run Remote Usage
		Usr 0 00:00:00, Sys 0 00:00:00  -  Run Local Usage
		Usr 0 00:05:21, Sys 0 00:00:35  -  Total Remote Usage
		Usr 0 00:00:00, Sys 0 00:00:00  -  Total Local Usage
	9477  -  Run Bytes Sent By Job
	10941  -  Run Bytes Received By Job
	9477  -  Total Bytes Sent By Job
	10941  -  Total Bytes Received By Job
	Partitionable Resources :    Usage  Request Allocated 
	   Cpus                 :                 1           
	   Disk (KB)            :       72        1   2167271 
	   Memory (MB)          :      481     2000      2000 
...
