000 (322885.034.000) 05/10 15:24:46 Job submitted from host: <188.184.95.166:9618?addrs=188.184.95.166-9618+[2001-1458-201-e4--100-7a0]-9618&alias=tbird02.cern.ch&noUDP&sock=schedd_2138722_faad_3>
...
040 (322885.034.000) 05/10 15:27:52 Started transferring input files
	Transferring to host: <188.184.132.16:9618?addrs=188.184.132.16-9618+[2001-1458-301-a0--100-32]-9618&noUDP&sock=4013_457c_126057>
...
040 (322885.034.000) 05/10 15:27:52 Finished transferring input files
...
001 (322885.034.000) 05/10 15:27:53 Job executing on host: <188.184.132.16:9618?addrs=188.184.132.16-9618+[2001-1458-301-a0--100-32]-9618&noUDP&sock=2409_f3bd_3>
...
006 (322885.034.000) 05/10 15:28:01 Image size of job updated: 194052
	114  -  MemoryUsage of job (MB)
	116556  -  ResidentSetSize of job (KB)
...
006 (322885.034.000) 05/10 15:33:01 Image size of job updated: 576172
	479  -  MemoryUsage of job (MB)
	490112  -  ResidentSetSize of job (KB)
...
006 (322885.034.000) 05/10 15:33:49 Image size of job updated: 578320
	479  -  MemoryUsage of job (MB)
	490112  -  ResidentSetSize of job (KB)
...
040 (322885.034.000) 05/10 15:33:49 Started transferring output files
...
040 (322885.034.000) 05/10 15:33:49 Finished transferring output files
...
005 (322885.034.000) 05/10 15:33:49 Job terminated.
	(1) Normal termination (return value 1)
		Usr 0 00:05:12, Sys 0 00:00:34  -  Run Remote Usage
		Usr 0 00:00:00, Sys 0 00:00:00  -  Run Local Usage
		Usr 0 00:05:12, Sys 0 00:00:34  -  Total Remote Usage
		Usr 0 00:00:00, Sys 0 00:00:00  -  Total Local Usage
	9477  -  Run Bytes Sent By Job
	10941  -  Run Bytes Received By Job
	9477  -  Total Bytes Sent By Job
	10941  -  Total Bytes Received By Job
	Partitionable Resources :    Usage  Request Allocated 
	   Cpus                 :                 1           
	   Disk (KB)            :       72        1   2191247 
	   Memory (MB)          :      479     2000      2000 
...
