000 (322892.061.000) 05/10 15:24:53 Job submitted from host: <188.184.95.166:9618?addrs=188.184.95.166-9618+[2001-1458-201-e4--100-7a0]-9618&alias=tbird02.cern.ch&noUDP&sock=schedd_2138722_faad_3>
...
040 (322892.061.000) 05/10 15:33:57 Started transferring input files
	Transferring to host: <188.184.133.236:9618?addrs=188.184.133.236-9618+[2001-1458-301-a0--100-5cd]-9618&noUDP&sock=13610_39e3_103305>
...
040 (322892.061.000) 05/10 15:33:57 Finished transferring input files
...
001 (322892.061.000) 05/10 15:33:58 Job executing on host: <188.184.133.236:9618?addrs=188.184.133.236-9618+[2001-1458-301-a0--100-5cd]-9618&noUDP&sock=13437_3e2a_3>
...
006 (322892.061.000) 05/10 15:34:07 Image size of job updated: 170076
	105  -  MemoryUsage of job (MB)
	106908  -  ResidentSetSize of job (KB)
...
006 (322892.061.000) 05/10 15:39:08 Image size of job updated: 491020
	479  -  MemoryUsage of job (MB)
	489788  -  ResidentSetSize of job (KB)
...
040 (322892.061.000) 05/10 15:39:50 Started transferring output files
...
040 (322892.061.000) 05/10 15:39:50 Finished transferring output files
...
005 (322892.061.000) 05/10 15:39:50 Job terminated.
	(1) Normal termination (return value 1)
		Usr 0 00:05:06, Sys 0 00:00:35  -  Run Remote Usage
		Usr 0 00:00:00, Sys 0 00:00:00  -  Run Local Usage
		Usr 0 00:05:06, Sys 0 00:00:35  -  Total Remote Usage
		Usr 0 00:00:00, Sys 0 00:00:00  -  Total Local Usage
	9479  -  Run Bytes Sent By Job
	10941  -  Run Bytes Received By Job
	9479  -  Total Bytes Sent By Job
	10941  -  Total Bytes Received By Job
	Partitionable Resources :    Usage  Request Allocated 
	   Cpus                 :                 1           
	   Disk (KB)            :       72        1   2153449 
	   Memory (MB)          :      479     2000      2000 
...
