000 (322888.039.000) 05/10 15:24:49 Job submitted from host: <188.184.95.166:9618?addrs=188.184.95.166-9618+[2001-1458-201-e4--100-7a0]-9618&alias=tbird02.cern.ch&noUDP&sock=schedd_2138722_faad_3>
...
040 (322888.039.000) 05/10 15:31:08 Started transferring input files
	Transferring to host: <188.184.186.34:9618?addrs=188.184.186.34-9618+[2001-1458-301-f8--100-20]-9618&noUDP&sock=4089_d1ff_127319>
...
040 (322888.039.000) 05/10 15:31:08 Finished transferring input files
...
001 (322888.039.000) 05/10 15:31:09 Job executing on host: <188.184.186.34:9618?addrs=188.184.186.34-9618+[2001-1458-301-f8--100-20]-9618&noUDP&sock=2336_e153_3>
...
006 (322888.039.000) 05/10 15:31:18 Image size of job updated: 332516
	244  -  MemoryUsage of job (MB)
	249572  -  ResidentSetSize of job (KB)
...
006 (322888.039.000) 05/10 15:36:19 Image size of job updated: 491920
	479  -  MemoryUsage of job (MB)
	489560  -  ResidentSetSize of job (KB)
...
040 (322888.039.000) 05/10 15:36:49 Started transferring output files
...
040 (322888.039.000) 05/10 15:36:49 Finished transferring output files
...
005 (322888.039.000) 05/10 15:36:49 Job terminated.
	(1) Normal termination (return value 1)
		Usr 0 00:04:59, Sys 0 00:00:34  -  Run Remote Usage
		Usr 0 00:00:00, Sys 0 00:00:00  -  Run Local Usage
		Usr 0 00:04:59, Sys 0 00:00:34  -  Total Remote Usage
		Usr 0 00:00:00, Sys 0 00:00:00  -  Total Local Usage
	9478  -  Run Bytes Sent By Job
	10941  -  Run Bytes Received By Job
	9478  -  Total Bytes Sent By Job
	10941  -  Total Bytes Received By Job
	Partitionable Resources :    Usage  Request Allocated 
	   Cpus                 :                 1           
	   Disk (KB)            :       72        1   2178723 
	   Memory (MB)          :      479     2000      2000 
...
