000 (322881.011.000) 05/10 15:24:42 Job submitted from host: <188.184.95.166:9618?addrs=188.184.95.166-9618+[2001-1458-201-e4--100-7a0]-9618&alias=tbird02.cern.ch&noUDP&sock=schedd_2138722_faad_3>
...
040 (322881.011.000) 05/10 15:26:21 Started transferring input files
	Transferring to host: <188.184.133.215:9618?addrs=188.184.133.215-9618+[2001-1458-301-a0--100-4d8]-9618&noUDP&sock=13043_b92b_102715>
...
040 (322881.011.000) 05/10 15:26:21 Finished transferring input files
...
001 (322881.011.000) 05/10 15:26:22 Job executing on host: <188.184.133.215:9618?addrs=188.184.133.215-9618+[2001-1458-301-a0--100-4d8]-9618&noUDP&sock=12836_01bf_3>
...
006 (322881.011.000) 05/10 15:26:30 Image size of job updated: 244920
	162  -  MemoryUsage of job (MB)
	165856  -  ResidentSetSize of job (KB)
...
006 (322881.011.000) 05/10 15:31:30 Image size of job updated: 576916
	480  -  MemoryUsage of job (MB)
	490856  -  ResidentSetSize of job (KB)
...
006 (322881.011.000) 05/10 15:32:19 Image size of job updated: 903532
	480  -  MemoryUsage of job (MB)
	490856  -  ResidentSetSize of job (KB)
...
040 (322881.011.000) 05/10 15:32:19 Started transferring output files
...
040 (322881.011.000) 05/10 15:32:19 Finished transferring output files
...
005 (322881.011.000) 05/10 15:32:19 Job terminated.
	(1) Normal termination (return value 1)
		Usr 0 00:05:18, Sys 0 00:00:32  -  Run Remote Usage
		Usr 0 00:00:00, Sys 0 00:00:00  -  Run Local Usage
		Usr 0 00:05:18, Sys 0 00:00:32  -  Total Remote Usage
		Usr 0 00:00:00, Sys 0 00:00:00  -  Total Local Usage
	9477  -  Run Bytes Sent By Job
	10941  -  Run Bytes Received By Job
	9477  -  Total Bytes Sent By Job
	10941  -  Total Bytes Received By Job
	Partitionable Resources :    Usage  Request Allocated 
	   Cpus                 :                 1           
	   Disk (KB)            :       72        1   2169597 
	   Memory (MB)          :      480     2000      2000 
...
