000 (322887.025.000) 05/10 15:24:47 Job submitted from host: <188.184.95.166:9618?addrs=188.184.95.166-9618+[2001-1458-201-e4--100-7a0]-9618&alias=tbird02.cern.ch&noUDP&sock=schedd_2138722_faad_3>
...
040 (322887.025.000) 05/10 15:29:06 Started transferring input files
	Transferring to host: <128.142.240.20:9618?addrs=128.142.240.20-9618+[2001-1458-301-f9--100-4]-9618&noUDP&sock=15786_6a3b_18210>
...
040 (322887.025.000) 05/10 15:29:06 Finished transferring input files
...
001 (322887.025.000) 05/10 15:29:07 Job executing on host: <128.142.240.20:9618?addrs=128.142.240.20-9618+[2001-1458-301-f9--100-4]-9618&noUDP&sock=2375_a184_3>
...
006 (322887.025.000) 05/10 15:29:16 Image size of job updated: 243388
	164  -  MemoryUsage of job (MB)
	167276  -  ResidentSetSize of job (KB)
...
006 (322887.025.000) 05/10 15:34:17 Image size of job updated: 572556
	479  -  MemoryUsage of job (MB)
	489996  -  ResidentSetSize of job (KB)
...
040 (322887.025.000) 05/10 15:37:37 Started transferring output files
...
040 (322887.025.000) 05/10 15:37:37 Finished transferring output files
...
005 (322887.025.000) 05/10 15:37:37 Job terminated.
	(1) Normal termination (return value 1)
		Usr 0 00:07:21, Sys 0 00:00:43  -  Run Remote Usage
		Usr 0 00:00:00, Sys 0 00:00:00  -  Run Local Usage
		Usr 0 00:07:21, Sys 0 00:00:43  -  Total Remote Usage
		Usr 0 00:00:00, Sys 0 00:00:00  -  Total Local Usage
	9477  -  Run Bytes Sent By Job
	10941  -  Run Bytes Received By Job
	9477  -  Total Bytes Sent By Job
	10941  -  Total Bytes Received By Job
	Partitionable Resources :    Usage  Request Allocated 
	   Cpus                 :     1.01        1         1 
	   Disk (KB)            :    80           1    213196 
	   Memory (MB)          :   479        2000      2000 
...
