000 (322898.046.000) 05/10 15:24:58 Job submitted from host: <188.184.95.166:9618?addrs=188.184.95.166-9618+[2001-1458-201-e4--100-7a0]-9618&alias=tbird02.cern.ch&noUDP&sock=schedd_2138722_faad_3>
...
040 (322898.046.000) 05/10 15:38:07 Started transferring input files
	Transferring to host: <128.142.240.40:9618?addrs=128.142.240.40-9618+[2001-1458-301-f9--100-6]-9618&noUDP&sock=4031_f43d_126244>
...
040 (322898.046.000) 05/10 15:38:07 Finished transferring input files
...
001 (322898.046.000) 05/10 15:38:08 Job executing on host: <128.142.240.40:9618?addrs=128.142.240.40-9618+[2001-1458-301-f9--100-6]-9618&noUDP&sock=2328_6491_3>
...
006 (322898.046.000) 05/10 15:38:17 Image size of job updated: 251652
	172  -  MemoryUsage of job (MB)
	175216  -  ResidentSetSize of job (KB)
...
006 (322898.046.000) 05/10 15:43:18 Image size of job updated: 575592
	482  -  MemoryUsage of job (MB)
	492764  -  ResidentSetSize of job (KB)
...
006 (322898.046.000) 05/10 15:44:09 Image size of job updated: 575600
	482  -  MemoryUsage of job (MB)
	492764  -  ResidentSetSize of job (KB)
...
040 (322898.046.000) 05/10 15:44:09 Started transferring output files
...
040 (322898.046.000) 05/10 15:44:09 Finished transferring output files
...
005 (322898.046.000) 05/10 15:44:09 Job terminated.
	(1) Normal termination (return value 1)
		Usr 0 00:05:16, Sys 0 00:00:32  -  Run Remote Usage
		Usr 0 00:00:00, Sys 0 00:00:00  -  Run Local Usage
		Usr 0 00:05:16, Sys 0 00:00:32  -  Total Remote Usage
		Usr 0 00:00:00, Sys 0 00:00:00  -  Total Local Usage
	9479  -  Run Bytes Sent By Job
	10941  -  Run Bytes Received By Job
	9479  -  Total Bytes Sent By Job
	10941  -  Total Bytes Received By Job
	Partitionable Resources :    Usage  Request Allocated 
	   Cpus                 :                 1           
	   Disk (KB)            :       72        1   2121380 
	   Memory (MB)          :      482     2000      2000 
...
