000 (322883.020.000) 05/10 15:24:44 Job submitted from host: <188.184.95.166:9618?addrs=188.184.95.166-9618+[2001-1458-201-e4--100-7a0]-9618&alias=tbird02.cern.ch&noUDP&sock=schedd_2138722_faad_3>
...
040 (322883.020.000) 05/10 15:26:27 Started transferring input files
	Transferring to host: <188.184.132.49:9618?addrs=188.184.132.49-9618+[2001-1458-301-a0--100-2b]-9618&noUDP&sock=29897_e419_15900>
...
040 (322883.020.000) 05/10 15:26:27 Finished transferring input files
...
001 (322883.020.000) 05/10 15:26:28 Job executing on host: <188.184.132.49:9618?addrs=188.184.132.49-9618+[2001-1458-301-a0--100-2b]-9618&noUDP&sock=2448_b3ee_10>
...
006 (322883.020.000) 05/10 15:26:36 Image size of job updated: 144796
	85  -  MemoryUsage of job (MB)
	86060  -  ResidentSetSize of job (KB)
...
006 (322883.020.000) 05/10 15:31:36 Image size of job updated: 397408
	387  -  MemoryUsage of job (MB)
	396076  -  ResidentSetSize of job (KB)
...
006 (322883.020.000) 05/10 15:36:36 Image size of job updated: 491668
	479  -  MemoryUsage of job (MB)
	490336  -  ResidentSetSize of job (KB)
...
040 (322883.020.000) 05/10 15:37:59 Started transferring output files
...
040 (322883.020.000) 05/10 15:37:59 Finished transferring output files
...
005 (322883.020.000) 05/10 15:37:59 Job terminated.
	(1) Normal termination (return value 1)
		Usr 0 00:09:46, Sys 0 00:00:56  -  Run Remote Usage
		Usr 0 00:00:00, Sys 0 00:00:00  -  Run Local Usage
		Usr 0 00:09:46, Sys 0 00:00:56  -  Total Remote Usage
		Usr 0 00:00:00, Sys 0 00:00:00  -  Total Local Usage
	9477  -  Run Bytes Sent By Job
	10941  -  Run Bytes Received By Job
	9477  -  Total Bytes Sent By Job
	10941  -  Total Bytes Received By Job
	Partitionable Resources :    Usage  Request Allocated 
	   Cpus                 :     0.74        1         1 
	   Disk (KB)            :    79           1    214891 
	   Memory (MB)          :   479        2000      2000 
...
