000 (322888.046.000) 05/10 15:24:49 Job submitted from host: <188.184.95.166:9618?addrs=188.184.95.166-9618+[2001-1458-201-e4--100-7a0]-9618&alias=tbird02.cern.ch&noUDP&sock=schedd_2138722_faad_3>
...
040 (322888.046.000) 05/10 15:31:12 Started transferring input files
	Transferring to host: <128.142.240.65:9618?addrs=128.142.240.65-9618+[2001-1458-301-f9--100-27]-9618&noUDP&sock=4260_4e26_127123>
...
040 (322888.046.000) 05/10 15:31:12 Finished transferring input files
...
001 (322888.046.000) 05/10 15:31:13 Job executing on host: <128.142.240.65:9618?addrs=128.142.240.65-9618+[2001-1458-301-f9--100-27]-9618&noUDP&sock=2437_2863_3>
...
006 (322888.046.000) 05/10 15:31:22 Image size of job updated: 313124
	225  -  MemoryUsage of job (MB)
	230052  -  ResidentSetSize of job (KB)
...
006 (322888.046.000) 05/10 15:36:23 Image size of job updated: 500632
	481  -  MemoryUsage of job (MB)
	491648  -  ResidentSetSize of job (KB)
...
040 (322888.046.000) 05/10 15:36:31 Started transferring output files
...
040 (322888.046.000) 05/10 15:36:31 Finished transferring output files
...
005 (322888.046.000) 05/10 15:36:31 Job terminated.
	(1) Normal termination (return value 1)
		Usr 0 00:04:42, Sys 0 00:00:33  -  Run Remote Usage
		Usr 0 00:00:00, Sys 0 00:00:00  -  Run Local Usage
		Usr 0 00:04:42, Sys 0 00:00:33  -  Total Remote Usage
		Usr 0 00:00:00, Sys 0 00:00:00  -  Total Local Usage
	9479  -  Run Bytes Sent By Job
	10941  -  Run Bytes Received By Job
	9479  -  Total Bytes Sent By Job
	10941  -  Total Bytes Received By Job
	Partitionable Resources :    Usage  Request Allocated 
	   Cpus                 :                 1           
	   Disk (KB)            :       72        1   2130521 
	   Memory (MB)          :      481     2000      2000 
...
