000 (322887.039.000) 05/10 15:24:48 Job submitted from host: <188.184.95.166:9618?addrs=188.184.95.166-9618+[2001-1458-201-e4--100-7a0]-9618&alias=tbird02.cern.ch&noUDP&sock=schedd_2138722_faad_3>
...
040 (322887.039.000) 05/10 15:29:54 Started transferring input files
	Transferring to host: <128.142.240.18:9618?addrs=128.142.240.18-9618+[2001-1458-301-f9--100-23]-9618&noUDP&sock=4085_007f_128246>
...
040 (322887.039.000) 05/10 15:29:54 Finished transferring input files
...
001 (322887.039.000) 05/10 15:29:55 Job executing on host: <128.142.240.18:9618?addrs=128.142.240.18-9618+[2001-1458-301-f9--100-23]-9618&noUDP&sock=2329_1429_3>
...
006 (322887.039.000) 05/10 15:30:04 Image size of job updated: 311708
	224  -  MemoryUsage of job (MB)
	228692  -  ResidentSetSize of job (KB)
...
006 (322887.039.000) 05/10 15:35:05 Image size of job updated: 492320
	479  -  MemoryUsage of job (MB)
	489968  -  ResidentSetSize of job (KB)
...
040 (322887.039.000) 05/10 15:35:47 Started transferring output files
...
040 (322887.039.000) 05/10 15:35:47 Finished transferring output files
...
005 (322887.039.000) 05/10 15:35:47 Job terminated.
	(1) Normal termination (return value 1)
		Usr 0 00:05:15, Sys 0 00:00:33  -  Run Remote Usage
		Usr 0 00:00:00, Sys 0 00:00:00  -  Run Local Usage
		Usr 0 00:05:15, Sys 0 00:00:33  -  Total Remote Usage
		Usr 0 00:00:00, Sys 0 00:00:00  -  Total Local Usage
	9478  -  Run Bytes Sent By Job
	10941  -  Run Bytes Received By Job
	9478  -  Total Bytes Sent By Job
	10941  -  Total Bytes Received By Job
	Partitionable Resources :    Usage  Request Allocated 
	   Cpus                 :                 1           
	   Disk (KB)            :       72        1   2192738 
	   Memory (MB)          :      479     2000      2000 
...
