   SingleMuon_Run2016F_part1   DATA  58 chunks


I have 1 taks to process
I'm using the following list of modules DEFAULT_MODULES
this is jobs [('SingleMuon_Run2016F_part1', 'MY_EOS_SPACE/heppyNtuples/TREES_SingleMuon2016BCDEF_94X/SingleMuon_Run2016F_part1/treeProducerWMass/tree.root', 21972419.0, '_Friend_SingleMuon_Run2016F_part1.chunk43', True, xrange(10750000, 11000000), 43)]
Modules to run:  []   name =  puWeight
Loading puWeight from CMGTools.WMass.postprocessing.examples.puWeightProducer 
Running on dataset =  SingleMuon_Run2016F_part1
TFile: name=/afs/cern.ch/work/m/mciprian/w_mass_analysis/heppy/rel_slc7/CMSSW_9_4_12/src/CMGTools/WMass/python/postprocessing/data/pileup/pileup_profile_Summer16.root, title=, option=READ
TFile: name=/afs/cern.ch/work/m/mciprian/w_mass_analysis/heppy/rel_slc7/CMSSW_9_4_12/src/CMGTools/WMass/python/postprocessing/data/pileup/PileupData_GoldenJSON_Full2016.root, title=, option=READ
Load C++ Worker
Modules to run:  []   name =  puWeight2016BF
Loading puWeight2016BF from CMGTools.WMass.postprocessing.examples.puWeightProducer 
Running on dataset =  SingleMuon_Run2016F_part1
TFile: name=/afs/cern.ch/work/m/mciprian/w_mass_analysis/heppy/rel_slc7/CMSSW_9_4_12/src/CMGTools/WMass/python/postprocessing/data/pileup/pileup_profile_Summer16.root, title=, option=READ
TFile: name=/afs/cern.ch/work/m/mciprian/w_mass_analysis/heppy/rel_slc7/CMSSW_9_4_12/src/CMGTools/WMass/python/postprocessing/data/pileup/PileupData_GoldenJSON_2016BF.root, title=, option=READ
Modules to run:  []   name =  lepQCDAwayJetAll
Loading lepQCDAwayJetAll from CMGTools.WMass.postprocessing.examples.lepVarProducer 
Running on dataset =  SingleMuon_Run2016F_part1
Modules to run:  []   name =  muCalibratedWithStatVar
Loading muCalibratedWithStatVar from CMGTools.WMass.postprocessing.examples.lepVarProducer 
Running on dataset =  SingleMuon_Run2016F_part1
did not find EnergyScaleCorrection shared object, rebuilding
trying to load all the rochester correction libraries
did not find legacy data roccor. rebuilding...
done building legacy data roccor.
Modules to run:  []   name =  jetAllReCleaner
Loading jetAllReCleaner from CMGTools.WMass.postprocessing.examples.jetReCleaner 
Running on dataset =  SingleMuon_Run2016F_part1
Load C++ Worker
Modules to run:  []   name =  jetReCleaner
Loading jetReCleaner from CMGTools.WMass.postprocessing.examples.jetReCleaner 
Running on dataset =  SingleMuon_Run2016F_part1
Load C++ Worker
Modules to run:  []   name =  genQEDJets
Loading genQEDJets from CMGTools.WMass.postprocessing.examples.genFriendProducer 
Running on dataset =  SingleMuon_Run2016F_part1
Will write selected trees to MY_EOS_SPACE/heppyNtuples/TREES_SingleMuon2016BCDEF_94X/friends/
Normalization of pu_mc: 0.999973
Normalization of pileup: 3.65129e+10
Weights for variable pu_mc with a number of bins equal to 76:
1 1 1 1 1 1 1 1 1 1 1.616 1.923 1.917 1.762 1.611 1.554 1.506 1.414 1.317 1.241 1.169 1.109 1.071 1.04 1.019 1.001 0.9873 0.9825 0.9828 0.9811 0.9811 0.9792 0.9531 0.9274 0.8773 0.8171 0.7432 0.6594 0.5661 0.4725 0.3811 0.2987 0.2215 0.1581 0 0 0 0 0 0 0 0 0 0 0 1 1 1 1 1 1 1 1 1 1 1 1 1 1 1 1 1 1 1 1 1 .
Final weights: 
1 1 1 1 1 1 1 1 1 1 1.616 1.923 1.917 1.762 1.611 1.554 1.506 1.414 1.317 1.241 1.169 1.109 1.071 1.04 1.019 1.001 0.9873 0.9825 0.9828 0.9811 0.9811 0.9792 0.9531 0.9274 0.8773 0.8171 0.7432 0.6594 0.5661 0.4725 0.3811 0.2987 0.2215 0.1581 0 0 0 0 0 0 0 0 0 0 0 1 1 1 1 1 1 1 1 1 1 1 1 1 1 1 1 1 1 1 1 1 .
Normalization of pu_mc: 1
Normalization of pileup: 2.014e+10
Weights for variable pu_mc with a number of bins equal to 76:
1 1 1 1 1 1 1 1 1 1 2.784 3.074 2.661 2.24 1.976 1.881 1.801 1.669 1.544 1.453 1.364 1.27 1.186 1.113 1.061 1.016 0.9702 0.9245 0.8754 0.8192 0.7629 0.7065 0.6366 0.5722 0.4984 0.4252 0.3515 0.2804 0.2137 0.1564 0.1092 0 0 0 0 0 0 0 0 0 0 0 0 0 0 1 1 1 1 1 1 1 1 1 1 1 1 1 1 1 1 1 1 1 1 1 .
For maximum weight 3.074: integral relative change: 0
Final weights: 
1 1 1 1 1 1 1 1 1 1 2.784 3.074 2.661 2.24 1.976 1.881 1.801 1.669 1.544 1.453 1.364 1.27 1.186 1.113 1.061 1.016 0.9702 0.9245 0.8754 0.8192 0.7629 0.7065 0.6366 0.5722 0.4984 0.4252 0.3515 0.2804 0.2137 0.1564 0.1092 0 0 0 0 0 0 0 0 0 0 0 0 0 0 1 1 1 1 1 1 1 1 1 1 1 1 1 1 1 1 1 1 1 1 1 .
begin job of lepCalProducer
initializing all the rochester correction objects
initializing the egamma calibrator
Processed 10750000/14269436 entries (elapsed time     0.4s, curr speed   27.778 kHz, avg speed 29861.111 kHz), accepted        1/       1 events (100.00%)
Processed 10760000/14269436 entries (elapsed time    22.9s, curr speed    0.444 kHz, avg speed  470.074 kHz), accepted    10001/   10001 events (100.00%)
Processed 10770000/14269436 entries (elapsed time    48.2s, curr speed    0.396 kHz, avg speed  223.630 kHz), accepted    20001/   20001 events (100.00%)
Processed 10780000/14269436 entries (elapsed time    73.4s, curr speed    0.397 kHz, avg speed  146.927 kHz), accepted    30001/   30001 events (100.00%)
Processed 10790000/14269436 entries (elapsed time    98.7s, curr speed    0.395 kHz, avg speed  109.310 kHz), accepted    40001/   40001 events (100.00%)
Processed 10800000/14269436 entries (elapsed time   123.4s, curr speed    0.406 kHz, avg speed   87.542 kHz), accepted    50001/   50001 events (100.00%)
Processed 10810000/14269436 entries (elapsed time   149.9s, curr speed    0.376 kHz, avg speed   72.096 kHz), accepted    60001/   60001 events (100.00%)
Processed 10820000/14269436 entries (elapsed time   173.7s, curr speed    0.421 kHz, avg speed   62.298 kHz), accepted    70001/   70001 events (100.00%)
Processed 10830000/14269436 entries (elapsed time   194.8s, curr speed    0.473 kHz, avg speed   55.595 kHz), accepted    80001/   80001 events (100.00%)
Processed 10840000/14269436 entries (elapsed time   215.5s, curr speed    0.484 kHz, avg speed   50.309 kHz), accepted    90001/   90001 events (100.00%)
Processed 10850000/14269436 entries (elapsed time   236.8s, curr speed    0.468 kHz, avg speed   45.813 kHz), accepted   100001/  100001 events (100.00%)
Processed 10860000/14269436 entries (elapsed time   257.8s, curr speed    0.477 kHz, avg speed   42.124 kHz), accepted   110001/  110001 events (100.00%)
Processed 10870000/14269436 entries (elapsed time   277.4s, curr speed    0.510 kHz, avg speed   39.184 kHz), accepted   120001/  120001 events (100.00%)
Processed 10880000/14269436 entries (elapsed time   326.4s, curr speed    0.204 kHz, avg speed   33.329 kHz), accepted   130001/  130001 events (100.00%)
Processed 10890000/14269436 entries (elapsed time   348.8s, curr speed    0.447 kHz, avg speed   31.221 kHz), accepted   140001/  140001 events (100.00%)
Processed 10900000/14269436 entries (elapsed time   370.5s, curr speed    0.460 kHz, avg speed   29.417 kHz), accepted   150001/  150001 events (100.00%)
Processed 10910000/14269436 entries (elapsed time   392.4s, curr speed    0.458 kHz, avg speed   27.805 kHz), accepted   160001/  160001 events (100.00%)
Processed 10920000/14269436 entries (elapsed time   414.1s, curr speed    0.461 kHz, avg speed   26.373 kHz), accepted   170001/  170001 events (100.00%)
Processed 10930000/14269436 entries (elapsed time   435.2s, curr speed    0.473 kHz, avg speed   25.115 kHz), accepted   180001/  180001 events (100.00%)
Processed 10940000/14269436 entries (elapsed time   456.3s, curr speed    0.475 kHz, avg speed   23.978 kHz), accepted   190001/  190001 events (100.00%)
Processed 10950000/14269436 entries (elapsed time   507.2s, curr speed    0.196 kHz, avg speed   21.590 kHz), accepted   200001/  200001 events (100.00%)
Processed 10960000/14269436 entries (elapsed time   528.4s, curr speed    0.472 kHz, avg speed   20.743 kHz), accepted   210001/  210001 events (100.00%)
Processed 10970000/14269436 entries (elapsed time   550.6s, curr speed    0.449 kHz, avg speed   19.923 kHz), accepted   220001/  220001 events (100.00%)
Processed 10980000/14269436 entries (elapsed time   572.8s, curr speed    0.451 kHz, avg speed   19.170 kHz), accepted   230001/  230001 events (100.00%)
Processed 10990000/14269436 entries (elapsed time   593.1s, curr speed    0.493 kHz, avg speed   18.531 kHz), accepted   240001/  240001 events (100.00%)
Processed 250000 entries from MY_EOS_SPACE/heppyNtuples/TREES_SingleMuon2016BCDEF_94X/SingleMuon_Run2016F_part1/treeProducerWMass/tree.root, selected 250000 entries
Done MY_EOS_SPACE/heppyNtuples/TREES_SingleMuon2016BCDEF_94X/friends/tree_Friend_SingleMuon_Run2016F_part1.chunk43.root
