   SingleMuon_Run2016F_part2   DATA  64 chunks


I have 1 taks to process
I'm using the following list of modules DEFAULT_MODULES
this is jobs [('SingleMuon_Run2016F_part2', 'MY_EOS_SPACE/heppyNtuples/TREES_SingleMuon2016BCDEF_94X/SingleMuon_Run2016F_part2/treeProducerWMass/tree.root', 24596890.0, '_Friend_SingleMuon_Run2016F_part2.chunk36', True, xrange(9000000, 9250000), 36)]
Modules to run:  []   name =  puWeight
Loading puWeight from CMGTools.WMass.postprocessing.examples.puWeightProducer 
Running on dataset =  SingleMuon_Run2016F_part2
TFile: name=/afs/cern.ch/work/m/mciprian/w_mass_analysis/heppy/rel_slc7/CMSSW_9_4_12/src/CMGTools/WMass/python/postprocessing/data/pileup/pileup_profile_Summer16.root, title=, option=READ
TFile: name=/afs/cern.ch/work/m/mciprian/w_mass_analysis/heppy/rel_slc7/CMSSW_9_4_12/src/CMGTools/WMass/python/postprocessing/data/pileup/PileupData_GoldenJSON_Full2016.root, title=, option=READ
Load C++ Worker
Modules to run:  []   name =  puWeight2016BF
Loading puWeight2016BF from CMGTools.WMass.postprocessing.examples.puWeightProducer 
Running on dataset =  SingleMuon_Run2016F_part2
TFile: name=/afs/cern.ch/work/m/mciprian/w_mass_analysis/heppy/rel_slc7/CMSSW_9_4_12/src/CMGTools/WMass/python/postprocessing/data/pileup/pileup_profile_Summer16.root, title=, option=READ
TFile: name=/afs/cern.ch/work/m/mciprian/w_mass_analysis/heppy/rel_slc7/CMSSW_9_4_12/src/CMGTools/WMass/python/postprocessing/data/pileup/PileupData_GoldenJSON_2016BF.root, title=, option=READ
Modules to run:  []   name =  lepQCDAwayJetAll
Loading lepQCDAwayJetAll from CMGTools.WMass.postprocessing.examples.lepVarProducer 
Running on dataset =  SingleMuon_Run2016F_part2
Modules to run:  []   name =  muCalibratedWithStatVar
Loading muCalibratedWithStatVar from CMGTools.WMass.postprocessing.examples.lepVarProducer 
Running on dataset =  SingleMuon_Run2016F_part2
did not find EnergyScaleCorrection shared object, rebuilding
trying to load all the rochester correction libraries
did not find legacy data roccor. rebuilding...
done building legacy data roccor.
Modules to run:  []   name =  jetAllReCleaner
Loading jetAllReCleaner from CMGTools.WMass.postprocessing.examples.jetReCleaner 
Running on dataset =  SingleMuon_Run2016F_part2
Load C++ Worker
Modules to run:  []   name =  jetReCleaner
Loading jetReCleaner from CMGTools.WMass.postprocessing.examples.jetReCleaner 
Running on dataset =  SingleMuon_Run2016F_part2
Load C++ Worker
Modules to run:  []   name =  genQEDJets
Loading genQEDJets from CMGTools.WMass.postprocessing.examples.genFriendProducer 
Running on dataset =  SingleMuon_Run2016F_part2
Will write selected trees to MY_EOS_SPACE/heppyNtuples/TREES_SingleMuon2016BCDEF_94X/friends/
Normalization of pu_mc: 0.999973
Normalization of pileup: 3.65129e+10
Weights for variable pu_mc with a number of bins equal to 76:
1 1 1 1 1 1 1 1 1 1 1.616 1.923 1.917 1.762 1.611 1.554 1.506 1.414 1.317 1.241 1.169 1.109 1.071 1.04 1.019 1.001 0.9873 0.9825 0.9828 0.9811 0.9811 0.9792 0.9531 0.9274 0.8773 0.8171 0.7432 0.6594 0.5661 0.4725 0.3811 0.2987 0.2215 0.1581 0 0 0 0 0 0 0 0 0 0 0 1 1 1 1 1 1 1 1 1 1 1 1 1 1 1 1 1 1 1 1 1 .
Final weights: 
1 1 1 1 1 1 1 1 1 1 1.616 1.923 1.917 1.762 1.611 1.554 1.506 1.414 1.317 1.241 1.169 1.109 1.071 1.04 1.019 1.001 0.9873 0.9825 0.9828 0.9811 0.9811 0.9792 0.9531 0.9274 0.8773 0.8171 0.7432 0.6594 0.5661 0.4725 0.3811 0.2987 0.2215 0.1581 0 0 0 0 0 0 0 0 0 0 0 1 1 1 1 1 1 1 1 1 1 1 1 1 1 1 1 1 1 1 1 1 .
Normalization of pu_mc: 1
Normalization of pileup: 2.014e+10
Weights for variable pu_mc with a number of bins equal to 76:
1 1 1 1 1 1 1 1 1 1 2.784 3.074 2.661 2.24 1.976 1.881 1.801 1.669 1.544 1.453 1.364 1.27 1.186 1.113 1.061 1.016 0.9702 0.9245 0.8754 0.8192 0.7629 0.7065 0.6366 0.5722 0.4984 0.4252 0.3515 0.2804 0.2137 0.1564 0.1092 0 0 0 0 0 0 0 0 0 0 0 0 0 0 1 1 1 1 1 1 1 1 1 1 1 1 1 1 1 1 1 1 1 1 1 .
For maximum weight 3.074: integral relative change: 0
Final weights: 
1 1 1 1 1 1 1 1 1 1 2.784 3.074 2.661 2.24 1.976 1.881 1.801 1.669 1.544 1.453 1.364 1.27 1.186 1.113 1.061 1.016 0.9702 0.9245 0.8754 0.8192 0.7629 0.7065 0.6366 0.5722 0.4984 0.4252 0.3515 0.2804 0.2137 0.1564 0.1092 0 0 0 0 0 0 0 0 0 0 0 0 0 0 1 1 1 1 1 1 1 1 1 1 1 1 1 1 1 1 1 1 1 1 1 .
begin job of lepCalProducer
initializing all the rochester correction objects
initializing the egamma calibrator
Processed  9000000/15896711 entries (elapsed time     0.2s, curr speed   43.478 kHz, avg speed 39130.435 kHz), accepted        1/       1 events (100.00%)
Processed  9010000/15896711 entries (elapsed time    13.7s, curr speed    0.745 kHz, avg speed  660.073 kHz), accepted    10001/   10001 events (100.00%)
Processed  9020000/15896711 entries (elapsed time    27.9s, curr speed    0.703 kHz, avg speed  323.645 kHz), accepted    20001/   20001 events (100.00%)
Processed  9030000/15896711 entries (elapsed time    42.3s, curr speed    0.695 kHz, avg speed  213.677 kHz), accepted    30001/   30001 events (100.00%)
Processed  9040000/15896711 entries (elapsed time    56.6s, curr speed    0.699 kHz, avg speed  159.830 kHz), accepted    40001/   40001 events (100.00%)
Processed  9050000/15896711 entries (elapsed time    71.1s, curr speed    0.689 kHz, avg speed  127.321 kHz), accepted    50001/   50001 events (100.00%)
Processed  9060000/15896711 entries (elapsed time    85.1s, curr speed    0.715 kHz, avg speed  106.501 kHz), accepted    60001/   60001 events (100.00%)
Processed  9070000/15896711 entries (elapsed time    97.8s, curr speed    0.789 kHz, avg speed   92.788 kHz), accepted    70001/   70001 events (100.00%)
Processed  9080000/15896711 entries (elapsed time   109.3s, curr speed    0.869 kHz, avg speed   83.105 kHz), accepted    80001/   80001 events (100.00%)
Processed  9090000/15896711 entries (elapsed time   120.6s, curr speed    0.881 kHz, avg speed   75.367 kHz), accepted    90001/   90001 events (100.00%)
Processed  9100000/15896711 entries (elapsed time   131.9s, curr speed    0.885 kHz, avg speed   68.986 kHz), accepted   100001/  100001 events (100.00%)
Processed  9110000/15896711 entries (elapsed time   143.3s, curr speed    0.879 kHz, avg speed   63.577 kHz), accepted   110001/  110001 events (100.00%)
Processed  9120000/15896711 entries (elapsed time   154.9s, curr speed    0.864 kHz, avg speed   58.888 kHz), accepted   120001/  120001 events (100.00%)
Processed  9130000/15896711 entries (elapsed time   182.0s, curr speed    0.368 kHz, avg speed   50.151 kHz), accepted   130001/  130001 events (100.00%)
Processed  9140000/15896711 entries (elapsed time   193.7s, curr speed    0.861 kHz, avg speed   47.196 kHz), accepted   140001/  140001 events (100.00%)
Processed  9150000/15896711 entries (elapsed time   205.2s, curr speed    0.868 kHz, avg speed   44.595 kHz), accepted   150001/  150001 events (100.00%)
Processed  9160000/15896711 entries (elapsed time   216.5s, curr speed    0.887 kHz, avg speed   42.317 kHz), accepted   160001/  160001 events (100.00%)
Processed  9170000/15896711 entries (elapsed time   228.0s, curr speed    0.870 kHz, avg speed   40.226 kHz), accepted   170001/  170001 events (100.00%)
Processed  9180000/15896711 entries (elapsed time   239.8s, curr speed    0.843 kHz, avg speed   38.279 kHz), accepted   180001/  180001 events (100.00%)
Processed  9190000/15896711 entries (elapsed time   251.2s, curr speed    0.877 kHz, avg speed   36.581 kHz), accepted   190001/  190001 events (100.00%)
Processed  9200000/15896711 entries (elapsed time   278.5s, curr speed    0.367 kHz, avg speed   33.035 kHz), accepted   200001/  200001 events (100.00%)
Processed  9210000/15896711 entries (elapsed time   290.4s, curr speed    0.840 kHz, avg speed   31.716 kHz), accepted   210001/  210001 events (100.00%)
Processed  9220000/15896711 entries (elapsed time   302.1s, curr speed    0.854 kHz, avg speed   30.520 kHz), accepted   220001/  220001 events (100.00%)
Processed  9230000/15896711 entries (elapsed time   314.0s, curr speed    0.842 kHz, avg speed   29.397 kHz), accepted   230001/  230001 events (100.00%)
Processed  9240000/15896711 entries (elapsed time   325.9s, curr speed    0.837 kHz, avg speed   28.350 kHz), accepted   240001/  240001 events (100.00%)
Processed 250000 entries from MY_EOS_SPACE/heppyNtuples/TREES_SingleMuon2016BCDEF_94X/SingleMuon_Run2016F_part2/treeProducerWMass/tree.root, selected 250000 entries
Done MY_EOS_SPACE/heppyNtuples/TREES_SingleMuon2016BCDEF_94X/friends/tree_Friend_SingleMuon_Run2016F_part2.chunk36.root
