000 (322892.007.000) 05/10 15:24:52 Job submitted from host: <188.184.95.166:9618?addrs=188.184.95.166-9618+[2001-1458-201-e4--100-7a0]-9618&alias=tbird02.cern.ch&noUDP&sock=schedd_2138722_faad_3>
...
022 (322892.007.000) 05/10 15:33:06 Job disconnected, attempting to reconnect
    Socket between submit and execute hosts closed unexpectedly
    Trying to reconnect to slot1_1@b7g28n0554.cern.ch <128.142.240.22:9618?addrs=128.142.240.22-9618+[2001-1458-301-f9--100-2e]-9618&noUDP&sock=2338_4083_3>
...
024 (322892.007.000) 05/10 15:33:06 Job reconnection failed
    Job not found at execution machine
    Can not reconnect to slot1_1@b7g28n0554.cern.ch, rescheduling job
...
040 (322892.007.000) 05/10 15:33:17 Started transferring input files
	Transferring to host: <128.142.33.149:9618?addrs=128.142.33.149-9618+[2001-1458-301-117--100-29c]-9618&noUDP&sock=13040_9c0b_102826>
...
040 (322892.007.000) 05/10 15:33:17 Finished transferring input files
...
001 (322892.007.000) 05/10 15:33:18 Job executing on host: <128.142.33.149:9618?addrs=128.142.33.149-9618+[2001-1458-301-117--100-29c]-9618&noUDP&sock=12833_f2f6_3>
...
006 (322892.007.000) 05/10 15:33:28 Image size of job updated: 334164
	246  -  MemoryUsage of job (MB)
	251272  -  ResidentSetSize of job (KB)
...
006 (322892.007.000) 05/10 15:38:28 Image size of job updated: 495112
	482  -  MemoryUsage of job (MB)
	492920  -  ResidentSetSize of job (KB)
...
040 (322892.007.000) 05/10 15:39:01 Started transferring output files
...
040 (322892.007.000) 05/10 15:39:01 Finished transferring output files
...
005 (322892.007.000) 05/10 15:39:01 Job terminated.
	(1) Normal termination (return value 1)
		Usr 0 00:05:02, Sys 0 00:00:34  -  Run Remote Usage
		Usr 0 00:00:00, Sys 0 00:00:00  -  Run Local Usage
		Usr 0 00:05:02, Sys 0 00:00:34  -  Total Remote Usage
		Usr 0 00:00:00, Sys 0 00:00:00  -  Total Local Usage
	9473  -  Run Bytes Sent By Job
	10941  -  Run Bytes Received By Job
	9473  -  Total Bytes Sent By Job
	10941  -  Total Bytes Received By Job
	Partitionable Resources :    Usage  Request Allocated 
	   Cpus                 :                 1           
	   Disk (KB)            :       72        1   2211589 
	   Memory (MB)          :      482     2000      2000 
...
