000 (322899.020.000) 05/10 15:24:59 Job submitted from host: <188.184.95.166:9618?addrs=188.184.95.166-9618+[2001-1458-201-e4--100-7a0]-9618&alias=tbird02.cern.ch&noUDP&sock=schedd_2138722_faad_3>
...
040 (322899.020.000) 05/10 15:38:16 Started transferring input files
	Transferring to host: <128.142.240.24:9618?addrs=128.142.240.24-9618+[2001-1458-301-f9--100-19]-9618&noUDP&sock=4034_115d_126748>
...
040 (322899.020.000) 05/10 15:38:16 Finished transferring input files
...
001 (322899.020.000) 05/10 15:38:17 Job executing on host: <128.142.240.24:9618?addrs=128.142.240.24-9618+[2001-1458-301-f9--100-19]-9618&noUDP&sock=2333_d28a_3>
...
006 (322899.020.000) 05/10 15:38:26 Image size of job updated: 289312
	205  -  MemoryUsage of job (MB)
	209208  -  ResidentSetSize of job (KB)
...
006 (322899.020.000) 05/10 15:43:27 Image size of job updated: 574896
	481  -  MemoryUsage of job (MB)
	491920  -  ResidentSetSize of job (KB)
...
006 (322899.020.000) 05/10 15:44:16 Image size of job updated: 577036
	481  -  MemoryUsage of job (MB)
	491920  -  ResidentSetSize of job (KB)
...
040 (322899.020.000) 05/10 15:44:16 Started transferring output files
...
040 (322899.020.000) 05/10 15:44:16 Finished transferring output files
...
005 (322899.020.000) 05/10 15:44:16 Job terminated.
	(1) Normal termination (return value 1)
		Usr 0 00:05:10, Sys 0 00:00:35  -  Run Remote Usage
		Usr 0 00:00:00, Sys 0 00:00:00  -  Run Local Usage
		Usr 0 00:05:10, Sys 0 00:00:35  -  Total Remote Usage
		Usr 0 00:00:00, Sys 0 00:00:00  -  Total Local Usage
	9477  -  Run Bytes Sent By Job
	10941  -  Run Bytes Received By Job
	9477  -  Total Bytes Sent By Job
	10941  -  Total Bytes Received By Job
	Partitionable Resources :    Usage  Request Allocated 
	   Cpus                 :                 1           
	   Disk (KB)            :       72        1   2131856 
	   Memory (MB)          :      481     2000      2000 
...
