   SingleMuon_Run2016D_part1   DATA  62 chunks


I have 1 taks to process
I'm using the following list of modules DEFAULT_MODULES
this is jobs [('SingleMuon_Run2016D_part1', 'MY_EOS_SPACE/heppyNtuples/TREES_SingleMuon2016BCDEF_94X/SingleMuon_Run2016D_part1/treeProducerWMass/tree.root', 25303304.0, '_Friend_SingleMuon_Run2016D_part1.chunk37', True, xrange(9250000, 9500000), 37)]
Modules to run:  []   name =  puWeight
Loading puWeight from CMGTools.WMass.postprocessing.examples.puWeightProducer 
Running on dataset =  SingleMuon_Run2016D_part1
TFile: name=/afs/cern.ch/work/m/mciprian/w_mass_analysis/heppy/rel_slc7/CMSSW_9_4_12/src/CMGTools/WMass/python/postprocessing/data/pileup/pileup_profile_Summer16.root, title=, option=READ
TFile: name=/afs/cern.ch/work/m/mciprian/w_mass_analysis/heppy/rel_slc7/CMSSW_9_4_12/src/CMGTools/WMass/python/postprocessing/data/pileup/PileupData_GoldenJSON_Full2016.root, title=, option=READ
Load C++ Worker
Modules to run:  []   name =  puWeight2016BF
Loading puWeight2016BF from CMGTools.WMass.postprocessing.examples.puWeightProducer 
Running on dataset =  SingleMuon_Run2016D_part1
TFile: name=/afs/cern.ch/work/m/mciprian/w_mass_analysis/heppy/rel_slc7/CMSSW_9_4_12/src/CMGTools/WMass/python/postprocessing/data/pileup/pileup_profile_Summer16.root, title=, option=READ
TFile: name=/afs/cern.ch/work/m/mciprian/w_mass_analysis/heppy/rel_slc7/CMSSW_9_4_12/src/CMGTools/WMass/python/postprocessing/data/pileup/PileupData_GoldenJSON_2016BF.root, title=, option=READ
Modules to run:  []   name =  lepQCDAwayJetAll
Loading lepQCDAwayJetAll from CMGTools.WMass.postprocessing.examples.lepVarProducer 
Running on dataset =  SingleMuon_Run2016D_part1
Modules to run:  []   name =  muCalibratedWithStatVar
Loading muCalibratedWithStatVar from CMGTools.WMass.postprocessing.examples.lepVarProducer 
Running on dataset =  SingleMuon_Run2016D_part1
did not find EnergyScaleCorrection shared object, rebuilding
trying to load all the rochester correction libraries
did not find legacy data roccor. rebuilding...
done building legacy data roccor.
Modules to run:  []   name =  jetAllReCleaner
Loading jetAllReCleaner from CMGTools.WMass.postprocessing.examples.jetReCleaner 
Running on dataset =  SingleMuon_Run2016D_part1
Load C++ Worker
Modules to run:  []   name =  jetReCleaner
Loading jetReCleaner from CMGTools.WMass.postprocessing.examples.jetReCleaner 
Running on dataset =  SingleMuon_Run2016D_part1
Load C++ Worker
Modules to run:  []   name =  genQEDJets
Loading genQEDJets from CMGTools.WMass.postprocessing.examples.genFriendProducer 
Running on dataset =  SingleMuon_Run2016D_part1
Will write selected trees to MY_EOS_SPACE/heppyNtuples/TREES_SingleMuon2016BCDEF_94X/friends/
Normalization of pu_mc: 0.999973
Normalization of pileup: 3.65129e+10
Weights for variable pu_mc with a number of bins equal to 76:
1 1 1 1 1 1 1 1 1 1 1.616 1.923 1.917 1.762 1.611 1.554 1.506 1.414 1.317 1.241 1.169 1.109 1.071 1.04 1.019 1.001 0.9873 0.9825 0.9828 0.9811 0.9811 0.9792 0.9531 0.9274 0.8773 0.8171 0.7432 0.6594 0.5661 0.4725 0.3811 0.2987 0.2215 0.1581 0 0 0 0 0 0 0 0 0 0 0 1 1 1 1 1 1 1 1 1 1 1 1 1 1 1 1 1 1 1 1 1 .
Final weights: 
1 1 1 1 1 1 1 1 1 1 1.616 1.923 1.917 1.762 1.611 1.554 1.506 1.414 1.317 1.241 1.169 1.109 1.071 1.04 1.019 1.001 0.9873 0.9825 0.9828 0.9811 0.9811 0.9792 0.9531 0.9274 0.8773 0.8171 0.7432 0.6594 0.5661 0.4725 0.3811 0.2987 0.2215 0.1581 0 0 0 0 0 0 0 0 0 0 0 1 1 1 1 1 1 1 1 1 1 1 1 1 1 1 1 1 1 1 1 1 .
Normalization of pu_mc: 1
Normalization of pileup: 2.014e+10
Weights for variable pu_mc with a number of bins equal to 76:
1 1 1 1 1 1 1 1 1 1 2.784 3.074 2.661 2.24 1.976 1.881 1.801 1.669 1.544 1.453 1.364 1.27 1.186 1.113 1.061 1.016 0.9702 0.9245 0.8754 0.8192 0.7629 0.7065 0.6366 0.5722 0.4984 0.4252 0.3515 0.2804 0.2137 0.1564 0.1092 0 0 0 0 0 0 0 0 0 0 0 0 0 0 1 1 1 1 1 1 1 1 1 1 1 1 1 1 1 1 1 1 1 1 1 .
For maximum weight 3.074: integral relative change: 0
Final weights: 
1 1 1 1 1 1 1 1 1 1 2.784 3.074 2.661 2.24 1.976 1.881 1.801 1.669 1.544 1.453 1.364 1.27 1.186 1.113 1.061 1.016 0.9702 0.9245 0.8754 0.8192 0.7629 0.7065 0.6366 0.5722 0.4984 0.4252 0.3515 0.2804 0.2137 0.1564 0.1092 0 0 0 0 0 0 0 0 0 0 0 0 0 0 1 1 1 1 1 1 1 1 1 1 1 1 1 1 1 1 1 1 1 1 1 .
begin job of lepCalProducer
initializing all the rochester correction objects
initializing the egamma calibrator
Processed  9250000/15463332 entries (elapsed time     0.3s, curr speed   38.462 kHz, avg speed 35576.923 kHz), accepted        1/       1 events (100.00%)
Processed  9260000/15463332 entries (elapsed time    13.7s, curr speed    0.747 kHz, avg speed  678.388 kHz), accepted    10001/   10001 events (100.00%)
Processed  9270000/15463332 entries (elapsed time    27.5s, curr speed    0.724 kHz, avg speed  337.582 kHz), accepted    20001/   20001 events (100.00%)
Processed  9280000/15463332 entries (elapsed time    41.6s, curr speed    0.708 kHz, avg speed  223.184 kHz), accepted    30001/   30001 events (100.00%)
Processed  9290000/15463332 entries (elapsed time    55.6s, curr speed    0.714 kHz, avg speed  167.116 kHz), accepted    40001/   40001 events (100.00%)
Processed  9300000/15463332 entries (elapsed time    69.9s, curr speed    0.701 kHz, avg speed  133.123 kHz), accepted    50001/   50001 events (100.00%)
Processed  9310000/15463332 entries (elapsed time    83.8s, curr speed    0.718 kHz, avg speed  111.124 kHz), accepted    60001/   60001 events (100.00%)
Processed  9320000/15463332 entries (elapsed time    96.9s, curr speed    0.760 kHz, avg speed   96.142 kHz), accepted    70001/   70001 events (100.00%)
Processed  9330000/15463332 entries (elapsed time   108.8s, curr speed    0.844 kHz, avg speed   85.762 kHz), accepted    80001/   80001 events (100.00%)
Processed  9340000/15463332 entries (elapsed time   120.8s, curr speed    0.835 kHz, avg speed   77.337 kHz), accepted    90001/   90001 events (100.00%)
Processed  9350000/15463332 entries (elapsed time   132.5s, curr speed    0.850 kHz, avg speed   70.545 kHz), accepted   100001/  100001 events (100.00%)
Processed  9360000/15463332 entries (elapsed time   144.3s, curr speed    0.849 kHz, avg speed   64.856 kHz), accepted   110001/  110001 events (100.00%)
Processed  9370000/15463332 entries (elapsed time   156.3s, curr speed    0.831 kHz, avg speed   59.930 kHz), accepted   120001/  120001 events (100.00%)
Processed  9380000/15463332 entries (elapsed time   183.8s, curr speed    0.364 kHz, avg speed   51.020 kHz), accepted   130001/  130001 events (100.00%)
Processed  9390000/15463332 entries (elapsed time   195.7s, curr speed    0.841 kHz, avg speed   47.972 kHz), accepted   140001/  140001 events (100.00%)
Processed  9400000/15463332 entries (elapsed time   207.8s, curr speed    0.831 kHz, avg speed   45.242 kHz), accepted   150001/  150001 events (100.00%)
Processed  9410000/15463332 entries (elapsed time   219.5s, curr speed    0.853 kHz, avg speed   42.870 kHz), accepted   160001/  160001 events (100.00%)
Processed  9420000/15463332 entries (elapsed time   231.6s, curr speed    0.828 kHz, avg speed   40.677 kHz), accepted   170001/  170001 events (100.00%)
Processed  9430000/15463332 entries (elapsed time   243.6s, curr speed    0.835 kHz, avg speed   38.717 kHz), accepted   180001/  180001 events (100.00%)
Processed  9440000/15463332 entries (elapsed time   255.6s, curr speed    0.827 kHz, avg speed   36.925 kHz), accepted   190001/  190001 events (100.00%)
Processed  9450000/15463332 entries (elapsed time   283.0s, curr speed    0.366 kHz, avg speed   33.397 kHz), accepted   200001/  200001 events (100.00%)
Processed  9460000/15463332 entries (elapsed time   295.1s, curr speed    0.825 kHz, avg speed   32.059 kHz), accepted   210001/  210001 events (100.00%)
Processed  9470000/15463332 entries (elapsed time   307.0s, curr speed    0.836 kHz, avg speed   30.843 kHz), accepted   220001/  220001 events (100.00%)
Processed  9480000/15463332 entries (elapsed time   319.0s, curr speed    0.838 kHz, avg speed   29.720 kHz), accepted   230001/  230001 events (100.00%)
Processed  9490000/15463332 entries (elapsed time   331.0s, curr speed    0.835 kHz, avg speed   28.674 kHz), accepted   240001/  240001 events (100.00%)
Processed 250000 entries from MY_EOS_SPACE/heppyNtuples/TREES_SingleMuon2016BCDEF_94X/SingleMuon_Run2016D_part1/treeProducerWMass/tree.root, selected 250000 entries
Done MY_EOS_SPACE/heppyNtuples/TREES_SingleMuon2016BCDEF_94X/friends/tree_Friend_SingleMuon_Run2016D_part1.chunk37.root
