000 (322892.035.000) 05/10 15:24:52 Job submitted from host: <188.184.95.166:9618?addrs=188.184.95.166-9618+[2001-1458-201-e4--100-7a0]-9618&alias=tbird02.cern.ch&noUDP&sock=schedd_2138722_faad_3>
...
040 (322892.035.000) 05/10 15:33:37 Started transferring input files
	Transferring to host: <128.142.33.161:9618?addrs=128.142.33.161-9618+[--1]-9618&noUDP&sock=2887_e70e_9052>
...
040 (322892.035.000) 05/10 15:33:37 Finished transferring input files
...
001 (322892.035.000) 05/10 15:33:38 Job executing on host: <128.142.33.161:9618?addrs=128.142.33.161-9618+[--1]-9618&noUDP&sock=2278_18d5_3>
...
006 (322892.035.000) 05/10 15:33:47 Image size of job updated: 116356
	58  -  MemoryUsage of job (MB)
	59320  -  ResidentSetSize of job (KB)
...
006 (322892.035.000) 05/10 15:38:48 Image size of job updated: 491708
	480  -  MemoryUsage of job (MB)
	490732  -  ResidentSetSize of job (KB)
...
006 (322892.035.000) 05/10 15:40:12 Image size of job updated: 491708
	480  -  MemoryUsage of job (MB)
	490840  -  ResidentSetSize of job (KB)
...
040 (322892.035.000) 05/10 15:40:12 Started transferring output files
...
040 (322892.035.000) 05/10 15:40:12 Finished transferring output files
...
005 (322892.035.000) 05/10 15:40:12 Job terminated.
	(1) Normal termination (return value 1)
		Usr 0 00:05:19, Sys 0 00:00:35  -  Run Remote Usage
		Usr 0 00:00:00, Sys 0 00:00:00  -  Run Local Usage
		Usr 0 00:05:19, Sys 0 00:00:35  -  Total Remote Usage
		Usr 0 00:00:00, Sys 0 00:00:00  -  Total Local Usage
	14785  -  Run Bytes Sent By Job
	10941  -  Run Bytes Received By Job
	14785  -  Total Bytes Sent By Job
	10941  -  Total Bytes Received By Job
	Partitionable Resources :    Usage  Request Allocated 
	   Cpus                 :                 1           
	   Disk (KB)            :       74        1   2112599 
	   Memory (MB)          :      480     2000      2000 
...
