   SingleMuon_Run2016D_part2   DATA  59 chunks


I have 1 taks to process
I'm using the following list of modules DEFAULT_MODULES
this is jobs [('SingleMuon_Run2016D_part2', 'MY_EOS_SPACE/heppyNtuples/TREES_SingleMuon2016BCDEF_94X/SingleMuon_Run2016D_part2/treeProducerWMass/tree.root', 24459165.0, '_Friend_SingleMuon_Run2016D_part2.chunk41', True, xrange(10250000, 10500000), 41)]
Modules to run:  []   name =  puWeight
Loading puWeight from CMGTools.WMass.postprocessing.examples.puWeightProducer 
Running on dataset =  SingleMuon_Run2016D_part2
TFile: name=/afs/cern.ch/work/m/mciprian/w_mass_analysis/heppy/rel_slc7/CMSSW_9_4_12/src/CMGTools/WMass/python/postprocessing/data/pileup/pileup_profile_Summer16.root, title=, option=READ
TFile: name=/afs/cern.ch/work/m/mciprian/w_mass_analysis/heppy/rel_slc7/CMSSW_9_4_12/src/CMGTools/WMass/python/postprocessing/data/pileup/PileupData_GoldenJSON_Full2016.root, title=, option=READ
Load C++ Worker
Modules to run:  []   name =  puWeight2016BF
Loading puWeight2016BF from CMGTools.WMass.postprocessing.examples.puWeightProducer 
Running on dataset =  SingleMuon_Run2016D_part2
TFile: name=/afs/cern.ch/work/m/mciprian/w_mass_analysis/heppy/rel_slc7/CMSSW_9_4_12/src/CMGTools/WMass/python/postprocessing/data/pileup/pileup_profile_Summer16.root, title=, option=READ
TFile: name=/afs/cern.ch/work/m/mciprian/w_mass_analysis/heppy/rel_slc7/CMSSW_9_4_12/src/CMGTools/WMass/python/postprocessing/data/pileup/PileupData_GoldenJSON_2016BF.root, title=, option=READ
Modules to run:  []   name =  lepQCDAwayJetAll
Loading lepQCDAwayJetAll from CMGTools.WMass.postprocessing.examples.lepVarProducer 
Running on dataset =  SingleMuon_Run2016D_part2
Modules to run:  []   name =  muCalibratedWithStatVar
Loading muCalibratedWithStatVar from CMGTools.WMass.postprocessing.examples.lepVarProducer 
Running on dataset =  SingleMuon_Run2016D_part2
did not find EnergyScaleCorrection shared object, rebuilding
trying to load all the rochester correction libraries
did not find legacy data roccor. rebuilding...
done building legacy data roccor.
Modules to run:  []   name =  jetAllReCleaner
Loading jetAllReCleaner from CMGTools.WMass.postprocessing.examples.jetReCleaner 
Running on dataset =  SingleMuon_Run2016D_part2
Load C++ Worker
Modules to run:  []   name =  jetReCleaner
Loading jetReCleaner from CMGTools.WMass.postprocessing.examples.jetReCleaner 
Running on dataset =  SingleMuon_Run2016D_part2
Load C++ Worker
Modules to run:  []   name =  genQEDJets
Loading genQEDJets from CMGTools.WMass.postprocessing.examples.genFriendProducer 
Running on dataset =  SingleMuon_Run2016D_part2
Will write selected trees to MY_EOS_SPACE/heppyNtuples/TREES_SingleMuon2016BCDEF_94X/friends/
Normalization of pu_mc: 0.999973
Normalization of pileup: 3.65129e+10
Weights for variable pu_mc with a number of bins equal to 76:
1 1 1 1 1 1 1 1 1 1 1.616 1.923 1.917 1.762 1.611 1.554 1.506 1.414 1.317 1.241 1.169 1.109 1.071 1.04 1.019 1.001 0.9873 0.9825 0.9828 0.9811 0.9811 0.9792 0.9531 0.9274 0.8773 0.8171 0.7432 0.6594 0.5661 0.4725 0.3811 0.2987 0.2215 0.1581 0 0 0 0 0 0 0 0 0 0 0 1 1 1 1 1 1 1 1 1 1 1 1 1 1 1 1 1 1 1 1 1 .
Final weights: 
1 1 1 1 1 1 1 1 1 1 1.616 1.923 1.917 1.762 1.611 1.554 1.506 1.414 1.317 1.241 1.169 1.109 1.071 1.04 1.019 1.001 0.9873 0.9825 0.9828 0.9811 0.9811 0.9792 0.9531 0.9274 0.8773 0.8171 0.7432 0.6594 0.5661 0.4725 0.3811 0.2987 0.2215 0.1581 0 0 0 0 0 0 0 0 0 0 0 1 1 1 1 1 1 1 1 1 1 1 1 1 1 1 1 1 1 1 1 1 .
Normalization of pu_mc: 1
Normalization of pileup: 2.014e+10
Weights for variable pu_mc with a number of bins equal to 76:
1 1 1 1 1 1 1 1 1 1 2.784 3.074 2.661 2.24 1.976 1.881 1.801 1.669 1.544 1.453 1.364 1.27 1.186 1.113 1.061 1.016 0.9702 0.9245 0.8754 0.8192 0.7629 0.7065 0.6366 0.5722 0.4984 0.4252 0.3515 0.2804 0.2137 0.1564 0.1092 0 0 0 0 0 0 0 0 0 0 0 0 0 0 1 1 1 1 1 1 1 1 1 1 1 1 1 1 1 1 1 1 1 1 1 .
For maximum weight 3.074: integral relative change: 0
Final weights: 
1 1 1 1 1 1 1 1 1 1 2.784 3.074 2.661 2.24 1.976 1.881 1.801 1.669 1.544 1.453 1.364 1.27 1.186 1.113 1.061 1.016 0.9702 0.9245 0.8754 0.8192 0.7629 0.7065 0.6366 0.5722 0.4984 0.4252 0.3515 0.2804 0.2137 0.1564 0.1092 0 0 0 0 0 0 0 0 0 0 0 0 0 0 1 1 1 1 1 1 1 1 1 1 1 1 1 1 1 1 1 1 1 1 1 .
begin job of lepCalProducer
initializing all the rochester correction objects
initializing the egamma calibrator
Processed 10250000/14721863 entries (elapsed time     0.2s, curr speed   43.478 kHz, avg speed 44565.217 kHz), accepted        1/       1 events (100.00%)
Processed 10260000/14721863 entries (elapsed time    14.7s, curr speed    0.692 kHz, avg speed  698.434 kHz), accepted    10001/   10001 events (100.00%)
Processed 10270000/14721863 entries (elapsed time    29.9s, curr speed    0.657 kHz, avg speed  343.478 kHz), accepted    20001/   20001 events (100.00%)
Processed 10280000/14721863 entries (elapsed time    45.0s, curr speed    0.663 kHz, avg speed  228.546 kHz), accepted    30001/   30001 events (100.00%)
Processed 10290000/14721863 entries (elapsed time    59.8s, curr speed    0.675 kHz, avg speed  172.102 kHz), accepted    40001/   40001 events (100.00%)
Processed 10300000/14721863 entries (elapsed time    74.0s, curr speed    0.703 kHz, avg speed  139.170 kHz), accepted    50001/   50001 events (100.00%)
Processed 10310000/14721863 entries (elapsed time    88.7s, curr speed    0.681 kHz, avg speed  116.248 kHz), accepted    60001/   60001 events (100.00%)
Processed 10320000/14721863 entries (elapsed time   102.4s, curr speed    0.728 kHz, avg speed  100.752 kHz), accepted    70001/   70001 events (100.00%)
Processed 10330000/14721863 entries (elapsed time   114.8s, curr speed    0.812 kHz, avg speed   90.022 kHz), accepted    80001/   80001 events (100.00%)
Processed 10340000/14721863 entries (elapsed time   127.1s, curr speed    0.812 kHz, avg speed   81.379 kHz), accepted    90001/   90001 events (100.00%)
Processed 10350000/14721863 entries (elapsed time   139.4s, curr speed    0.809 kHz, avg speed   74.236 kHz), accepted   100001/  100001 events (100.00%)
Processed 10360000/14721863 entries (elapsed time   152.3s, curr speed    0.777 kHz, avg speed   68.028 kHz), accepted   110001/  110001 events (100.00%)
Processed 10370000/14721863 entries (elapsed time   164.9s, curr speed    0.791 kHz, avg speed   62.871 kHz), accepted   120001/  120001 events (100.00%)
Processed 10380000/14721863 entries (elapsed time   194.2s, curr speed    0.342 kHz, avg speed   53.456 kHz), accepted   130001/  130001 events (100.00%)
Processed 10390000/14721863 entries (elapsed time   206.5s, curr speed    0.813 kHz, avg speed   50.320 kHz), accepted   140001/  140001 events (100.00%)
Processed 10400000/14721863 entries (elapsed time   219.2s, curr speed    0.783 kHz, avg speed   47.434 kHz), accepted   150001/  150001 events (100.00%)
Processed 10410000/14721863 entries (elapsed time   231.4s, curr speed    0.820 kHz, avg speed   44.979 kHz), accepted   160001/  160001 events (100.00%)
Processed 10420000/14721863 entries (elapsed time   243.8s, curr speed    0.809 kHz, avg speed   42.740 kHz), accepted   170001/  170001 events (100.00%)
Processed 10430000/14721863 entries (elapsed time   256.2s, curr speed    0.805 kHz, avg speed   40.706 kHz), accepted   180001/  180001 events (100.00%)
Processed 10440000/14721863 entries (elapsed time   269.2s, curr speed    0.771 kHz, avg speed   38.782 kHz), accepted   190001/  190001 events (100.00%)
Processed 10450000/14721863 entries (elapsed time   298.0s, curr speed    0.347 kHz, avg speed   35.065 kHz), accepted   200001/  200001 events (100.00%)
Processed 10460000/14721863 entries (elapsed time   310.3s, curr speed    0.814 kHz, avg speed   33.709 kHz), accepted   210001/  210001 events (100.00%)
Processed 10470000/14721863 entries (elapsed time   322.6s, curr speed    0.815 kHz, avg speed   32.458 kHz), accepted   220001/  220001 events (100.00%)
Processed 10480000/14721863 entries (elapsed time   334.7s, curr speed    0.826 kHz, avg speed   31.313 kHz), accepted   230001/  230001 events (100.00%)
Processed 10490000/14721863 entries (elapsed time   346.9s, curr speed    0.818 kHz, avg speed   30.238 kHz), accepted   240001/  240001 events (100.00%)
Processed 250000 entries from MY_EOS_SPACE/heppyNtuples/TREES_SingleMuon2016BCDEF_94X/SingleMuon_Run2016D_part2/treeProducerWMass/tree.root, selected 250000 entries
Done MY_EOS_SPACE/heppyNtuples/TREES_SingleMuon2016BCDEF_94X/friends/tree_Friend_SingleMuon_Run2016D_part2.chunk41.root
