000 (322882.022.000) 05/10 15:24:43 Job submitted from host: <188.184.95.166:9618?addrs=188.184.95.166-9618+[2001-1458-201-e4--100-7a0]-9618&alias=tbird02.cern.ch&noUDP&sock=schedd_2138722_faad_3>
...
040 (322882.022.000) 05/10 15:26:06 Started transferring input files
	Transferring to host: <128.142.240.39:9618?addrs=128.142.240.39-9618+[2001-1458-301-f9--100-2f]-9618&noUDP&sock=4196_3624_125671>
...
040 (322882.022.000) 05/10 15:26:06 Finished transferring input files
...
001 (322882.022.000) 05/10 15:26:07 Job executing on host: <128.142.240.39:9618?addrs=128.142.240.39-9618+[2001-1458-301-f9--100-2f]-9618&noUDP&sock=2337_90eb_3>
...
006 (322882.022.000) 05/10 15:26:15 Image size of job updated: 190540
	114  -  MemoryUsage of job (MB)
	115756  -  ResidentSetSize of job (KB)
...
006 (322882.022.000) 05/10 15:31:15 Image size of job updated: 576116
	479  -  MemoryUsage of job (MB)
	490048  -  ResidentSetSize of job (KB)
...
040 (322882.022.000) 05/10 15:32:17 Started transferring output files
...
040 (322882.022.000) 05/10 15:32:17 Finished transferring output files
...
005 (322882.022.000) 05/10 15:32:17 Job terminated.
	(1) Normal termination (return value 1)
		Usr 0 00:05:23, Sys 0 00:00:32  -  Run Remote Usage
		Usr 0 00:00:00, Sys 0 00:00:00  -  Run Local Usage
		Usr 0 00:05:23, Sys 0 00:00:32  -  Total Remote Usage
		Usr 0 00:00:00, Sys 0 00:00:00  -  Total Local Usage
	9477  -  Run Bytes Sent By Job
	10941  -  Run Bytes Received By Job
	9477  -  Total Bytes Sent By Job
	10941  -  Total Bytes Received By Job
	Partitionable Resources :    Usage  Request Allocated 
	   Cpus                 :                 1           
	   Disk (KB)            :       72        1   2162505 
	   Memory (MB)          :      479     2000      2000 
...
