   SingleMuon_Run2016D_part4   DATA  54 chunks


I have 1 taks to process
I'm using the following list of modules DEFAULT_MODULES
this is jobs [('SingleMuon_Run2016D_part4', 'MY_EOS_SPACE/heppyNtuples/TREES_SingleMuon2016BCDEF_94X/SingleMuon_Run2016D_part4/treeProducerWMass/tree.root', 22111481.0, '_Friend_SingleMuon_Run2016D_part4.chunk31', True, xrange(7750000, 8000000), 31)]
Modules to run:  []   name =  puWeight
Loading puWeight from CMGTools.WMass.postprocessing.examples.puWeightProducer 
Running on dataset =  SingleMuon_Run2016D_part4
TFile: name=/afs/cern.ch/work/m/mciprian/w_mass_analysis/heppy/rel_slc7/CMSSW_9_4_12/src/CMGTools/WMass/python/postprocessing/data/pileup/pileup_profile_Summer16.root, title=, option=READ
TFile: name=/afs/cern.ch/work/m/mciprian/w_mass_analysis/heppy/rel_slc7/CMSSW_9_4_12/src/CMGTools/WMass/python/postprocessing/data/pileup/PileupData_GoldenJSON_Full2016.root, title=, option=READ
Load C++ Worker
Modules to run:  []   name =  puWeight2016BF
Loading puWeight2016BF from CMGTools.WMass.postprocessing.examples.puWeightProducer 
Running on dataset =  SingleMuon_Run2016D_part4
TFile: name=/afs/cern.ch/work/m/mciprian/w_mass_analysis/heppy/rel_slc7/CMSSW_9_4_12/src/CMGTools/WMass/python/postprocessing/data/pileup/pileup_profile_Summer16.root, title=, option=READ
TFile: name=/afs/cern.ch/work/m/mciprian/w_mass_analysis/heppy/rel_slc7/CMSSW_9_4_12/src/CMGTools/WMass/python/postprocessing/data/pileup/PileupData_GoldenJSON_2016BF.root, title=, option=READ
Modules to run:  []   name =  lepQCDAwayJetAll
Loading lepQCDAwayJetAll from CMGTools.WMass.postprocessing.examples.lepVarProducer 
Running on dataset =  SingleMuon_Run2016D_part4
Modules to run:  []   name =  muCalibratedWithStatVar
Loading muCalibratedWithStatVar from CMGTools.WMass.postprocessing.examples.lepVarProducer 
Running on dataset =  SingleMuon_Run2016D_part4
did not find EnergyScaleCorrection shared object, rebuilding
trying to load all the rochester correction libraries
did not find legacy data roccor. rebuilding...
done building legacy data roccor.
Modules to run:  []   name =  jetAllReCleaner
Loading jetAllReCleaner from CMGTools.WMass.postprocessing.examples.jetReCleaner 
Running on dataset =  SingleMuon_Run2016D_part4
Load C++ Worker
Modules to run:  []   name =  jetReCleaner
Loading jetReCleaner from CMGTools.WMass.postprocessing.examples.jetReCleaner 
Running on dataset =  SingleMuon_Run2016D_part4
Load C++ Worker
Modules to run:  []   name =  genQEDJets
Loading genQEDJets from CMGTools.WMass.postprocessing.examples.genFriendProducer 
Running on dataset =  SingleMuon_Run2016D_part4
Will write selected trees to MY_EOS_SPACE/heppyNtuples/TREES_SingleMuon2016BCDEF_94X/friends/
Normalization of pu_mc: 0.999973
Normalization of pileup: 3.65129e+10
Weights for variable pu_mc with a number of bins equal to 76:
1 1 1 1 1 1 1 1 1 1 1.616 1.923 1.917 1.762 1.611 1.554 1.506 1.414 1.317 1.241 1.169 1.109 1.071 1.04 1.019 1.001 0.9873 0.9825 0.9828 0.9811 0.9811 0.9792 0.9531 0.9274 0.8773 0.8171 0.7432 0.6594 0.5661 0.4725 0.3811 0.2987 0.2215 0.1581 0 0 0 0 0 0 0 0 0 0 0 1 1 1 1 1 1 1 1 1 1 1 1 1 1 1 1 1 1 1 1 1 .
Final weights: 
1 1 1 1 1 1 1 1 1 1 1.616 1.923 1.917 1.762 1.611 1.554 1.506 1.414 1.317 1.241 1.169 1.109 1.071 1.04 1.019 1.001 0.9873 0.9825 0.9828 0.9811 0.9811 0.9792 0.9531 0.9274 0.8773 0.8171 0.7432 0.6594 0.5661 0.4725 0.3811 0.2987 0.2215 0.1581 0 0 0 0 0 0 0 0 0 0 0 1 1 1 1 1 1 1 1 1 1 1 1 1 1 1 1 1 1 1 1 1 .
Normalization of pu_mc: 1
Normalization of pileup: 2.014e+10
Weights for variable pu_mc with a number of bins equal to 76:
1 1 1 1 1 1 1 1 1 1 2.784 3.074 2.661 2.24 1.976 1.881 1.801 1.669 1.544 1.453 1.364 1.27 1.186 1.113 1.061 1.016 0.9702 0.9245 0.8754 0.8192 0.7629 0.7065 0.6366 0.5722 0.4984 0.4252 0.3515 0.2804 0.2137 0.1564 0.1092 0 0 0 0 0 0 0 0 0 0 0 0 0 0 1 1 1 1 1 1 1 1 1 1 1 1 1 1 1 1 1 1 1 1 1 .
For maximum weight 3.074: integral relative change: 0
Final weights: 
1 1 1 1 1 1 1 1 1 1 2.784 3.074 2.661 2.24 1.976 1.881 1.801 1.669 1.544 1.453 1.364 1.27 1.186 1.113 1.061 1.016 0.9702 0.9245 0.8754 0.8192 0.7629 0.7065 0.6366 0.5722 0.4984 0.4252 0.3515 0.2804 0.2137 0.1564 0.1092 0 0 0 0 0 0 0 0 0 0 0 0 0 0 1 1 1 1 1 1 1 1 1 1 1 1 1 1 1 1 1 1 1 1 1 .
begin job of lepCalProducer
initializing all the rochester correction objects
initializing the egamma calibrator
Processed  7750000/13447062 entries (elapsed time     0.2s, curr speed   52.632 kHz, avg speed 40789.474 kHz), accepted        1/       1 events (100.00%)
Processed  7760000/13447062 entries (elapsed time    12.6s, curr speed    0.805 kHz, avg speed  615.385 kHz), accepted    10001/   10001 events (100.00%)
Processed  7770000/13447062 entries (elapsed time    25.2s, curr speed    0.796 kHz, avg speed  308.701 kHz), accepted    20001/   20001 events (100.00%)
Processed  7780000/13447062 entries (elapsed time    37.8s, curr speed    0.791 kHz, avg speed  205.766 kHz), accepted    30001/   30001 events (100.00%)
Processed  7790000/13447062 entries (elapsed time    50.6s, curr speed    0.781 kHz, avg speed  153.922 kHz), accepted    40001/   40001 events (100.00%)
Processed  7800000/13447062 entries (elapsed time    63.4s, curr speed    0.781 kHz, avg speed  122.990 kHz), accepted    50001/   50001 events (100.00%)
Processed  7810000/13447062 entries (elapsed time    76.2s, curr speed    0.784 kHz, avg speed  102.520 kHz), accepted    60001/   60001 events (100.00%)
Processed  7820000/13447062 entries (elapsed time    87.7s, curr speed    0.871 kHz, avg speed   89.208 kHz), accepted    70001/   70001 events (100.00%)
Processed  7830000/13447062 entries (elapsed time    98.3s, curr speed    0.938 kHz, avg speed   79.638 kHz), accepted    80001/   80001 events (100.00%)
Processed  7840000/13447062 entries (elapsed time   108.9s, curr speed    0.944 kHz, avg speed   71.986 kHz), accepted    90001/   90001 events (100.00%)
Processed  7850000/13447062 entries (elapsed time   119.7s, curr speed    0.929 kHz, avg speed   65.597 kHz), accepted   100001/  100001 events (100.00%)
Processed  7860000/13447062 entries (elapsed time   130.3s, curr speed    0.938 kHz, avg speed   60.308 kHz), accepted   110001/  110001 events (100.00%)
Processed  7870000/13447062 entries (elapsed time   140.9s, curr speed    0.943 kHz, avg speed   55.839 kHz), accepted   120001/  120001 events (100.00%)
Processed  7880000/13447062 entries (elapsed time   166.1s, curr speed    0.397 kHz, avg speed   47.433 kHz), accepted   130001/  130001 events (100.00%)
Processed  7890000/13447062 entries (elapsed time   177.1s, curr speed    0.912 kHz, avg speed   44.554 kHz), accepted   140001/  140001 events (100.00%)
Processed  7900000/13447062 entries (elapsed time   187.5s, curr speed    0.960 kHz, avg speed   42.131 kHz), accepted   150001/  150001 events (100.00%)
Processed  7910000/13447062 entries (elapsed time   198.3s, curr speed    0.923 kHz, avg speed   39.881 kHz), accepted   160001/  160001 events (100.00%)
Processed  7920000/13447062 entries (elapsed time   208.8s, curr speed    0.961 kHz, avg speed   37.940 kHz), accepted   170001/  170001 events (100.00%)
Processed  7930000/13447062 entries (elapsed time   219.8s, curr speed    0.904 kHz, avg speed   36.077 kHz), accepted   180001/  180001 events (100.00%)
Processed  7940000/13447062 entries (elapsed time   230.9s, curr speed    0.901 kHz, avg speed   34.386 kHz), accepted   190001/  190001 events (100.00%)
Processed  7950000/13447062 entries (elapsed time   257.4s, curr speed    0.378 kHz, avg speed   30.891 kHz), accepted   200001/  200001 events (100.00%)
Processed  7960000/13447062 entries (elapsed time   268.3s, curr speed    0.915 kHz, avg speed   29.669 kHz), accepted   210001/  210001 events (100.00%)
Processed  7970000/13447062 entries (elapsed time   279.0s, curr speed    0.935 kHz, avg speed   28.567 kHz), accepted   220001/  220001 events (100.00%)
Processed  7980000/13447062 entries (elapsed time   290.0s, curr speed    0.912 kHz, avg speed   27.521 kHz), accepted   230001/  230001 events (100.00%)
Processed  7990000/13447062 entries (elapsed time   300.7s, curr speed    0.931 kHz, avg speed   26.571 kHz), accepted   240001/  240001 events (100.00%)
Processed 250000 entries from MY_EOS_SPACE/heppyNtuples/TREES_SingleMuon2016BCDEF_94X/SingleMuon_Run2016D_part4/treeProducerWMass/tree.root, selected 250000 entries
Done MY_EOS_SPACE/heppyNtuples/TREES_SingleMuon2016BCDEF_94X/friends/tree_Friend_SingleMuon_Run2016D_part4.chunk31.root
