000 (322890.010.000) 05/10 15:24:50 Job submitted from host: <188.184.95.166:9618?addrs=188.184.95.166-9618+[2001-1458-201-e4--100-7a0]-9618&alias=tbird02.cern.ch&noUDP&sock=schedd_2138722_faad_3>
...
040 (322890.010.000) 05/10 15:32:01 Started transferring input files
	Transferring to host: <128.142.240.52:9618?addrs=128.142.240.52-9618+[2001-1458-301-f9--100-5]-9618&noUDP&sock=4209_5f04_127564>
...
040 (322890.010.000) 05/10 15:32:01 Finished transferring input files
...
001 (322890.010.000) 05/10 15:32:02 Job executing on host: <128.142.240.52:9618?addrs=128.142.240.52-9618+[2001-1458-301-f9--100-5]-9618&noUDP&sock=2340_9fb4_3>
...
006 (322890.010.000) 05/10 15:32:10 Image size of job updated: 306956
	231  -  MemoryUsage of job (MB)
	236436  -  ResidentSetSize of job (KB)
...
006 (322890.010.000) 05/10 15:37:10 Image size of job updated: 563016
	481  -  MemoryUsage of job (MB)
	492444  -  ResidentSetSize of job (KB)
...
006 (322890.010.000) 05/10 15:37:56 Image size of job updated: 903168
	481  -  MemoryUsage of job (MB)
	492444  -  ResidentSetSize of job (KB)
...
040 (322890.010.000) 05/10 15:37:56 Started transferring output files
...
040 (322890.010.000) 05/10 15:37:56 Finished transferring output files
...
005 (322890.010.000) 05/10 15:37:56 Job terminated.
	(1) Normal termination (return value 1)
		Usr 0 00:05:15, Sys 0 00:00:33  -  Run Remote Usage
		Usr 0 00:00:00, Sys 0 00:00:00  -  Run Local Usage
		Usr 0 00:05:15, Sys 0 00:00:33  -  Total Remote Usage
		Usr 0 00:00:00, Sys 0 00:00:00  -  Total Local Usage
	9477  -  Run Bytes Sent By Job
	10941  -  Run Bytes Received By Job
	9477  -  Total Bytes Sent By Job
	10941  -  Total Bytes Received By Job
	Partitionable Resources :    Usage  Request Allocated 
	   Cpus                 :                 1           
	   Disk (KB)            :       72        1   2143485 
	   Memory (MB)          :      481     2000      2000 
...
