   SingleMuon_Run2016D_part1   DATA  62 chunks


I have 1 taks to process
I'm using the following list of modules DEFAULT_MODULES
this is jobs [('SingleMuon_Run2016D_part1', 'MY_EOS_SPACE/heppyNtuples/TREES_SingleMuon2016BCDEF_94X/SingleMuon_Run2016D_part1/treeProducerWMass/tree.root', 25303304.0, '_Friend_SingleMuon_Run2016D_part1.chunk31', True, xrange(7750000, 8000000), 31)]
Modules to run:  []   name =  puWeight
Loading puWeight from CMGTools.WMass.postprocessing.examples.puWeightProducer 
Running on dataset =  SingleMuon_Run2016D_part1
TFile: name=/afs/cern.ch/work/m/mciprian/w_mass_analysis/heppy/rel_slc7/CMSSW_9_4_12/src/CMGTools/WMass/python/postprocessing/data/pileup/pileup_profile_Summer16.root, title=, option=READ
TFile: name=/afs/cern.ch/work/m/mciprian/w_mass_analysis/heppy/rel_slc7/CMSSW_9_4_12/src/CMGTools/WMass/python/postprocessing/data/pileup/PileupData_GoldenJSON_Full2016.root, title=, option=READ
Load C++ Worker
Modules to run:  []   name =  puWeight2016BF
Loading puWeight2016BF from CMGTools.WMass.postprocessing.examples.puWeightProducer 
Running on dataset =  SingleMuon_Run2016D_part1
TFile: name=/afs/cern.ch/work/m/mciprian/w_mass_analysis/heppy/rel_slc7/CMSSW_9_4_12/src/CMGTools/WMass/python/postprocessing/data/pileup/pileup_profile_Summer16.root, title=, option=READ
TFile: name=/afs/cern.ch/work/m/mciprian/w_mass_analysis/heppy/rel_slc7/CMSSW_9_4_12/src/CMGTools/WMass/python/postprocessing/data/pileup/PileupData_GoldenJSON_2016BF.root, title=, option=READ
Modules to run:  []   name =  lepQCDAwayJetAll
Loading lepQCDAwayJetAll from CMGTools.WMass.postprocessing.examples.lepVarProducer 
Running on dataset =  SingleMuon_Run2016D_part1
Modules to run:  []   name =  muCalibratedWithStatVar
Loading muCalibratedWithStatVar from CMGTools.WMass.postprocessing.examples.lepVarProducer 
Running on dataset =  SingleMuon_Run2016D_part1
did not find EnergyScaleCorrection shared object, rebuilding
trying to load all the rochester correction libraries
did not find legacy data roccor. rebuilding...
done building legacy data roccor.
Modules to run:  []   name =  jetAllReCleaner
Loading jetAllReCleaner from CMGTools.WMass.postprocessing.examples.jetReCleaner 
Running on dataset =  SingleMuon_Run2016D_part1
Load C++ Worker
Modules to run:  []   name =  jetReCleaner
Loading jetReCleaner from CMGTools.WMass.postprocessing.examples.jetReCleaner 
Running on dataset =  SingleMuon_Run2016D_part1
Load C++ Worker
Modules to run:  []   name =  genQEDJets
Loading genQEDJets from CMGTools.WMass.postprocessing.examples.genFriendProducer 
Running on dataset =  SingleMuon_Run2016D_part1
Will write selected trees to MY_EOS_SPACE/heppyNtuples/TREES_SingleMuon2016BCDEF_94X/friends/
Normalization of pu_mc: 0.999973
Normalization of pileup: 3.65129e+10
Weights for variable pu_mc with a number of bins equal to 76:
1 1 1 1 1 1 1 1 1 1 1.616 1.923 1.917 1.762 1.611 1.554 1.506 1.414 1.317 1.241 1.169 1.109 1.071 1.04 1.019 1.001 0.9873 0.9825 0.9828 0.9811 0.9811 0.9792 0.9531 0.9274 0.8773 0.8171 0.7432 0.6594 0.5661 0.4725 0.3811 0.2987 0.2215 0.1581 0 0 0 0 0 0 0 0 0 0 0 1 1 1 1 1 1 1 1 1 1 1 1 1 1 1 1 1 1 1 1 1 .
Final weights: 
1 1 1 1 1 1 1 1 1 1 1.616 1.923 1.917 1.762 1.611 1.554 1.506 1.414 1.317 1.241 1.169 1.109 1.071 1.04 1.019 1.001 0.9873 0.9825 0.9828 0.9811 0.9811 0.9792 0.9531 0.9274 0.8773 0.8171 0.7432 0.6594 0.5661 0.4725 0.3811 0.2987 0.2215 0.1581 0 0 0 0 0 0 0 0 0 0 0 1 1 1 1 1 1 1 1 1 1 1 1 1 1 1 1 1 1 1 1 1 .
Normalization of pu_mc: 1
Normalization of pileup: 2.014e+10
Weights for variable pu_mc with a number of bins equal to 76:
1 1 1 1 1 1 1 1 1 1 2.784 3.074 2.661 2.24 1.976 1.881 1.801 1.669 1.544 1.453 1.364 1.27 1.186 1.113 1.061 1.016 0.9702 0.9245 0.8754 0.8192 0.7629 0.7065 0.6366 0.5722 0.4984 0.4252 0.3515 0.2804 0.2137 0.1564 0.1092 0 0 0 0 0 0 0 0 0 0 0 0 0 0 1 1 1 1 1 1 1 1 1 1 1 1 1 1 1 1 1 1 1 1 1 .
For maximum weight 3.074: integral relative change: 0
Final weights: 
1 1 1 1 1 1 1 1 1 1 2.784 3.074 2.661 2.24 1.976 1.881 1.801 1.669 1.544 1.453 1.364 1.27 1.186 1.113 1.061 1.016 0.9702 0.9245 0.8754 0.8192 0.7629 0.7065 0.6366 0.5722 0.4984 0.4252 0.3515 0.2804 0.2137 0.1564 0.1092 0 0 0 0 0 0 0 0 0 0 0 0 0 0 1 1 1 1 1 1 1 1 1 1 1 1 1 1 1 1 1 1 1 1 1 .
begin job of lepCalProducer
initializing all the rochester correction objects
initializing the egamma calibrator
Processed  7750000/15463332 entries (elapsed time     0.2s, curr speed   40.000 kHz, avg speed 31000.000 kHz), accepted        1/       1 events (100.00%)
Processed  7760000/15463332 entries (elapsed time    14.1s, curr speed    0.720 kHz, avg speed  549.186 kHz), accepted    10001/   10001 events (100.00%)
Processed  7770000/15463332 entries (elapsed time    28.6s, curr speed    0.691 kHz, avg speed  271.583 kHz), accepted    20001/   20001 events (100.00%)
Processed  7780000/15463332 entries (elapsed time    43.1s, curr speed    0.692 kHz, avg speed  180.678 kHz), accepted    30001/   30001 events (100.00%)
Processed  7790000/15463332 entries (elapsed time    57.5s, curr speed    0.695 kHz, avg speed  135.596 kHz), accepted    40001/   40001 events (100.00%)
Processed  7800000/15463332 entries (elapsed time    71.5s, curr speed    0.711 kHz, avg speed  109.060 kHz), accepted    50001/   50001 events (100.00%)
Processed  7810000/15463332 entries (elapsed time    85.9s, curr speed    0.697 kHz, avg speed   90.962 kHz), accepted    60001/   60001 events (100.00%)
Processed  7820000/15463332 entries (elapsed time    99.0s, curr speed    0.760 kHz, avg speed   78.982 kHz), accepted    70001/   70001 events (100.00%)
Processed  7830000/15463332 entries (elapsed time   110.7s, curr speed    0.853 kHz, avg speed   70.706 kHz), accepted    80001/   80001 events (100.00%)
Processed  7840000/15463332 entries (elapsed time   122.4s, curr speed    0.858 kHz, avg speed   64.052 kHz), accepted    90001/   90001 events (100.00%)
Processed  7850000/15463332 entries (elapsed time   134.0s, curr speed    0.864 kHz, avg speed   58.595 kHz), accepted   100001/  100001 events (100.00%)
Processed  7860000/15463332 entries (elapsed time   145.7s, curr speed    0.852 kHz, avg speed   53.943 kHz), accepted   110001/  110001 events (100.00%)
Processed  7870000/15463332 entries (elapsed time   157.4s, curr speed    0.855 kHz, avg speed   50.000 kHz), accepted   120001/  120001 events (100.00%)
Processed  7880000/15463332 entries (elapsed time   185.6s, curr speed    0.355 kHz, avg speed   42.461 kHz), accepted   130001/  130001 events (100.00%)
Processed  7890000/15463332 entries (elapsed time   197.3s, curr speed    0.855 kHz, avg speed   39.994 kHz), accepted   140001/  140001 events (100.00%)
Processed  7900000/15463332 entries (elapsed time   208.9s, curr speed    0.861 kHz, avg speed   37.817 kHz), accepted   150001/  150001 events (100.00%)
Processed  7910000/15463332 entries (elapsed time   220.7s, curr speed    0.850 kHz, avg speed   35.847 kHz), accepted   160001/  160001 events (100.00%)
Processed  7920000/15463332 entries (elapsed time   232.5s, curr speed    0.845 kHz, avg speed   34.065 kHz), accepted   170001/  170001 events (100.00%)
Processed  7930000/15463332 entries (elapsed time   244.4s, curr speed    0.841 kHz, avg speed   32.448 kHz), accepted   180001/  180001 events (100.00%)
Processed  7940000/15463332 entries (elapsed time   256.2s, curr speed    0.848 kHz, avg speed   30.994 kHz), accepted   190001/  190001 events (100.00%)
Processed  7950000/15463332 entries (elapsed time   284.3s, curr speed    0.355 kHz, avg speed   27.959 kHz), accepted   200001/  200001 events (100.00%)
Processed  7960000/15463332 entries (elapsed time   296.0s, curr speed    0.860 kHz, avg speed   26.895 kHz), accepted   210001/  210001 events (100.00%)
Processed  7970000/15463332 entries (elapsed time   307.4s, curr speed    0.873 kHz, avg speed   25.925 kHz), accepted   220001/  220001 events (100.00%)
Processed  7980000/15463332 entries (elapsed time   318.8s, curr speed    0.877 kHz, avg speed   25.030 kHz), accepted   230001/  230001 events (100.00%)
Processed  7990000/15463332 entries (elapsed time   330.5s, curr speed    0.853 kHz, avg speed   24.172 kHz), accepted   240001/  240001 events (100.00%)
Processed 250000 entries from MY_EOS_SPACE/heppyNtuples/TREES_SingleMuon2016BCDEF_94X/SingleMuon_Run2016D_part1/treeProducerWMass/tree.root, selected 250000 entries
Done MY_EOS_SPACE/heppyNtuples/TREES_SingleMuon2016BCDEF_94X/friends/tree_Friend_SingleMuon_Run2016D_part1.chunk31.root
