000 (322886.000.000) 05/10 15:24:46 Job submitted from host: <188.184.95.166:9618?addrs=188.184.95.166-9618+[2001-1458-201-e4--100-7a0]-9618&alias=tbird02.cern.ch&noUDP&sock=schedd_2138722_faad_3>
...
040 (322886.000.000) 05/10 15:27:58 Started transferring input files
	Transferring to host: <188.184.132.10:9618?addrs=188.184.132.10-9618+[2001-1458-301-a0--100-3]-9618&noUDP&sock=4684_0d38_18636>
...
040 (322886.000.000) 05/10 15:27:58 Finished transferring input files
...
001 (322886.000.000) 05/10 15:27:59 Job executing on host: <188.184.132.10:9618?addrs=188.184.132.10-9618+[2001-1458-301-a0--100-3]-9618&noUDP&sock=2362_b6c9_3>
...
006 (322886.000.000) 05/10 15:28:07 Image size of job updated: 122032
	115  -  MemoryUsage of job (MB)
	117136  -  ResidentSetSize of job (KB)
...
006 (322886.000.000) 05/10 15:33:07 Image size of job updated: 406456
	392  -  MemoryUsage of job (MB)
	400752  -  ResidentSetSize of job (KB)
...
006 (322886.000.000) 05/10 15:38:08 Image size of job updated: 489324
	473  -  MemoryUsage of job (MB)
	483620  -  ResidentSetSize of job (KB)
...
040 (322886.000.000) 05/10 15:39:31 Started transferring output files
...
040 (322886.000.000) 05/10 15:39:31 Finished transferring output files
...
005 (322886.000.000) 05/10 15:39:31 Job terminated.
	(1) Normal termination (return value 1)
		Usr 0 00:09:52, Sys 0 00:00:57  -  Run Remote Usage
		Usr 0 00:00:00, Sys 0 00:00:00  -  Run Local Usage
		Usr 0 00:09:52, Sys 0 00:00:57  -  Total Remote Usage
		Usr 0 00:00:00, Sys 0 00:00:00  -  Total Local Usage
	9309  -  Run Bytes Sent By Job
	10941  -  Run Bytes Received By Job
	9309  -  Total Bytes Sent By Job
	10941  -  Total Bytes Received By Job
	Partitionable Resources :    Usage  Request Allocated 
	   Cpus                 :     0.99        1         1 
	   Disk (KB)            :    78           1    213769 
	   Memory (MB)          :   473        2000      2000 
...
