   SingleMuon_Run2016F_part1   DATA  58 chunks


I have 1 taks to process
I'm using the following list of modules DEFAULT_MODULES
this is jobs [('SingleMuon_Run2016F_part1', 'MY_EOS_SPACE/heppyNtuples/TREES_SingleMuon2016BCDEF_94X/SingleMuon_Run2016F_part1/treeProducerWMass/tree.root', 21972419.0, '_Friend_SingleMuon_Run2016F_part1.chunk40', True, xrange(10000000, 10250000), 40)]
Modules to run:  []   name =  puWeight
Loading puWeight from CMGTools.WMass.postprocessing.examples.puWeightProducer 
Running on dataset =  SingleMuon_Run2016F_part1
TFile: name=/afs/cern.ch/work/m/mciprian/w_mass_analysis/heppy/rel_slc7/CMSSW_9_4_12/src/CMGTools/WMass/python/postprocessing/data/pileup/pileup_profile_Summer16.root, title=, option=READ
TFile: name=/afs/cern.ch/work/m/mciprian/w_mass_analysis/heppy/rel_slc7/CMSSW_9_4_12/src/CMGTools/WMass/python/postprocessing/data/pileup/PileupData_GoldenJSON_Full2016.root, title=, option=READ
Load C++ Worker
Modules to run:  []   name =  puWeight2016BF
Loading puWeight2016BF from CMGTools.WMass.postprocessing.examples.puWeightProducer 
Running on dataset =  SingleMuon_Run2016F_part1
TFile: name=/afs/cern.ch/work/m/mciprian/w_mass_analysis/heppy/rel_slc7/CMSSW_9_4_12/src/CMGTools/WMass/python/postprocessing/data/pileup/pileup_profile_Summer16.root, title=, option=READ
TFile: name=/afs/cern.ch/work/m/mciprian/w_mass_analysis/heppy/rel_slc7/CMSSW_9_4_12/src/CMGTools/WMass/python/postprocessing/data/pileup/PileupData_GoldenJSON_2016BF.root, title=, option=READ
Modules to run:  []   name =  lepQCDAwayJetAll
Loading lepQCDAwayJetAll from CMGTools.WMass.postprocessing.examples.lepVarProducer 
Running on dataset =  SingleMuon_Run2016F_part1
Modules to run:  []   name =  muCalibratedWithStatVar
Loading muCalibratedWithStatVar from CMGTools.WMass.postprocessing.examples.lepVarProducer 
Running on dataset =  SingleMuon_Run2016F_part1
did not find EnergyScaleCorrection shared object, rebuilding
trying to load all the rochester correction libraries
did not find legacy data roccor. rebuilding...
done building legacy data roccor.
Modules to run:  []   name =  jetAllReCleaner
Loading jetAllReCleaner from CMGTools.WMass.postprocessing.examples.jetReCleaner 
Running on dataset =  SingleMuon_Run2016F_part1
Load C++ Worker
Modules to run:  []   name =  jetReCleaner
Loading jetReCleaner from CMGTools.WMass.postprocessing.examples.jetReCleaner 
Running on dataset =  SingleMuon_Run2016F_part1
Load C++ Worker
Modules to run:  []   name =  genQEDJets
Loading genQEDJets from CMGTools.WMass.postprocessing.examples.genFriendProducer 
Running on dataset =  SingleMuon_Run2016F_part1
Will write selected trees to MY_EOS_SPACE/heppyNtuples/TREES_SingleMuon2016BCDEF_94X/friends/
Normalization of pu_mc: 0.999973
Normalization of pileup: 3.65129e+10
Weights for variable pu_mc with a number of bins equal to 76:
1 1 1 1 1 1 1 1 1 1 1.616 1.923 1.917 1.762 1.611 1.554 1.506 1.414 1.317 1.241 1.169 1.109 1.071 1.04 1.019 1.001 0.9873 0.9825 0.9828 0.9811 0.9811 0.9792 0.9531 0.9274 0.8773 0.8171 0.7432 0.6594 0.5661 0.4725 0.3811 0.2987 0.2215 0.1581 0 0 0 0 0 0 0 0 0 0 0 1 1 1 1 1 1 1 1 1 1 1 1 1 1 1 1 1 1 1 1 1 .
Final weights: 
1 1 1 1 1 1 1 1 1 1 1.616 1.923 1.917 1.762 1.611 1.554 1.506 1.414 1.317 1.241 1.169 1.109 1.071 1.04 1.019 1.001 0.9873 0.9825 0.9828 0.9811 0.9811 0.9792 0.9531 0.9274 0.8773 0.8171 0.7432 0.6594 0.5661 0.4725 0.3811 0.2987 0.2215 0.1581 0 0 0 0 0 0 0 0 0 0 0 1 1 1 1 1 1 1 1 1 1 1 1 1 1 1 1 1 1 1 1 1 .
Normalization of pu_mc: 1
Normalization of pileup: 2.014e+10
Weights for variable pu_mc with a number of bins equal to 76:
1 1 1 1 1 1 1 1 1 1 2.784 3.074 2.661 2.24 1.976 1.881 1.801 1.669 1.544 1.453 1.364 1.27 1.186 1.113 1.061 1.016 0.9702 0.9245 0.8754 0.8192 0.7629 0.7065 0.6366 0.5722 0.4984 0.4252 0.3515 0.2804 0.2137 0.1564 0.1092 0 0 0 0 0 0 0 0 0 0 0 0 0 0 1 1 1 1 1 1 1 1 1 1 1 1 1 1 1 1 1 1 1 1 1 .
For maximum weight 3.074: integral relative change: 0
Final weights: 
1 1 1 1 1 1 1 1 1 1 2.784 3.074 2.661 2.24 1.976 1.881 1.801 1.669 1.544 1.453 1.364 1.27 1.186 1.113 1.061 1.016 0.9702 0.9245 0.8754 0.8192 0.7629 0.7065 0.6366 0.5722 0.4984 0.4252 0.3515 0.2804 0.2137 0.1564 0.1092 0 0 0 0 0 0 0 0 0 0 0 0 0 0 1 1 1 1 1 1 1 1 1 1 1 1 1 1 1 1 1 1 1 1 1 .
begin job of lepCalProducer
initializing all the rochester correction objects
initializing the egamma calibrator
Processed 10000000/14269436 entries (elapsed time     0.3s, curr speed   37.037 kHz, avg speed 37037.037 kHz), accepted        1/       1 events (100.00%)
Processed 10010000/14269436 entries (elapsed time    15.2s, curr speed    0.669 kHz, avg speed  657.687 kHz), accepted    10001/   10001 events (100.00%)
Processed 10020000/14269436 entries (elapsed time    29.7s, curr speed    0.690 kHz, avg speed  337.147 kHz), accepted    20001/   20001 events (100.00%)
Processed 10030000/14269436 entries (elapsed time    44.5s, curr speed    0.678 kHz, avg speed  225.545 kHz), accepted    30001/   30001 events (100.00%)
Processed 10040000/14269436 entries (elapsed time    60.2s, curr speed    0.635 kHz, avg speed  166.750 kHz), accepted    40001/   40001 events (100.00%)
Processed 10050000/14269436 entries (elapsed time    77.5s, curr speed    0.577 kHz, avg speed  129.594 kHz), accepted    50001/   50001 events (100.00%)
Processed 10060000/14269436 entries (elapsed time    93.1s, curr speed    0.643 kHz, avg speed  108.056 kHz), accepted    60001/   60001 events (100.00%)
Processed 10070000/14269436 entries (elapsed time   107.3s, curr speed    0.705 kHz, avg speed   93.867 kHz), accepted    70001/   70001 events (100.00%)
Processed 10080000/14269436 entries (elapsed time   119.0s, curr speed    0.853 kHz, avg speed   84.706 kHz), accepted    80001/   80001 events (100.00%)
Processed 10090000/14269436 entries (elapsed time   130.6s, curr speed    0.860 kHz, avg speed   77.241 kHz), accepted    90001/   90001 events (100.00%)
Processed 10100000/14269436 entries (elapsed time   142.4s, curr speed    0.850 kHz, avg speed   70.927 kHz), accepted   100001/  100001 events (100.00%)
Processed 10110000/14269436 entries (elapsed time   154.1s, curr speed    0.853 kHz, avg speed   65.594 kHz), accepted   110001/  110001 events (100.00%)
Processed 10120000/14269436 entries (elapsed time   165.7s, curr speed    0.865 kHz, avg speed   61.078 kHz), accepted   120001/  120001 events (100.00%)
Processed 10130000/14269436 entries (elapsed time   193.4s, curr speed    0.360 kHz, avg speed   52.368 kHz), accepted   130001/  130001 events (100.00%)
Processed 10140000/14269436 entries (elapsed time   205.2s, curr speed    0.853 kHz, avg speed   49.422 kHz), accepted   140001/  140001 events (100.00%)
Processed 10150000/14269436 entries (elapsed time   217.0s, curr speed    0.844 kHz, avg speed   46.770 kHz), accepted   150001/  150001 events (100.00%)
Processed 10160000/14269436 entries (elapsed time   228.7s, curr speed    0.857 kHz, avg speed   44.427 kHz), accepted   160001/  160001 events (100.00%)
Processed 10170000/14269436 entries (elapsed time   240.6s, curr speed    0.840 kHz, avg speed   42.269 kHz), accepted   170001/  170001 events (100.00%)
Processed 10180000/14269436 entries (elapsed time   252.8s, curr speed    0.818 kHz, avg speed   40.266 kHz), accepted   180001/  180001 events (100.00%)
Processed 10190000/14269436 entries (elapsed time   265.5s, curr speed    0.786 kHz, avg speed   38.373 kHz), accepted   190001/  190001 events (100.00%)
Processed 10200000/14269436 entries (elapsed time   293.3s, curr speed    0.360 kHz, avg speed   34.772 kHz), accepted   200001/  200001 events (100.00%)
Processed 10210000/14269436 entries (elapsed time   304.9s, curr speed    0.863 kHz, avg speed   33.483 kHz), accepted   210001/  210001 events (100.00%)
Processed 10220000/14269436 entries (elapsed time   316.6s, curr speed    0.854 kHz, avg speed   32.276 kHz), accepted   220001/  220001 events (100.00%)
Processed 10230000/14269436 entries (elapsed time   328.4s, curr speed    0.847 kHz, avg speed   31.146 kHz), accepted   230001/  230001 events (100.00%)
Processed 10240000/14269436 entries (elapsed time   340.3s, curr speed    0.843 kHz, avg speed   30.090 kHz), accepted   240001/  240001 events (100.00%)
Processed 250000 entries from MY_EOS_SPACE/heppyNtuples/TREES_SingleMuon2016BCDEF_94X/SingleMuon_Run2016F_part1/treeProducerWMass/tree.root, selected 250000 entries
Done MY_EOS_SPACE/heppyNtuples/TREES_SingleMuon2016BCDEF_94X/friends/tree_Friend_SingleMuon_Run2016F_part1.chunk40.root
