000 (322886.001.000) 05/10 15:24:46 Job submitted from host: <188.184.95.166:9618?addrs=188.184.95.166-9618+[2001-1458-201-e4--100-7a0]-9618&alias=tbird02.cern.ch&noUDP&sock=schedd_2138722_faad_3>
...
040 (322886.001.000) 05/10 15:27:58 Started transferring input files
	Transferring to host: <128.142.240.20:9618?addrs=128.142.240.20-9618+[2001-1458-301-f9--100-4]-9618&noUDP&sock=15786_6a3b_18209>
...
040 (322886.001.000) 05/10 15:27:58 Finished transferring input files
...
001 (322886.001.000) 05/10 15:27:59 Job executing on host: <128.142.240.20:9618?addrs=128.142.240.20-9618+[2001-1458-301-f9--100-4]-9618&noUDP&sock=2375_a184_3>
...
006 (322886.001.000) 05/10 15:28:08 Image size of job updated: 268984
	212  -  MemoryUsage of job (MB)
	216232  -  ResidentSetSize of job (KB)
...
006 (322886.001.000) 05/10 15:33:09 Image size of job updated: 487496
	476  -  MemoryUsage of job (MB)
	487028  -  ResidentSetSize of job (KB)
...
006 (322886.001.000) 05/10 15:36:51 Image size of job updated: 676404
	476  -  MemoryUsage of job (MB)
	487028  -  ResidentSetSize of job (KB)
...
040 (322886.001.000) 05/10 15:36:51 Started transferring output files
...
040 (322886.001.000) 05/10 15:36:51 Finished transferring output files
...
005 (322886.001.000) 05/10 15:36:51 Job terminated.
	(1) Normal termination (return value 1)
		Usr 0 00:07:35, Sys 0 00:00:45  -  Run Remote Usage
		Usr 0 00:00:00, Sys 0 00:00:00  -  Run Local Usage
		Usr 0 00:07:35, Sys 0 00:00:45  -  Total Remote Usage
		Usr 0 00:00:00, Sys 0 00:00:00  -  Total Local Usage
	9471  -  Run Bytes Sent By Job
	10941  -  Run Bytes Received By Job
	9471  -  Total Bytes Sent By Job
	10941  -  Total Bytes Received By Job
	Partitionable Resources :    Usage  Request Allocated 
	   Cpus                 :     1.00        1         1 
	   Disk (KB)            :    79           1    213208 
	   Memory (MB)          :   476        2000      2000 
...
