000 (322895.004.000) 05/10 15:24:55 Job submitted from host: <188.184.95.166:9618?addrs=188.184.95.166-9618+[2001-1458-201-e4--100-7a0]-9618&alias=tbird02.cern.ch&noUDP&sock=schedd_2138722_faad_3>
...
040 (322895.004.000) 05/10 15:36:06 Started transferring input files
	Transferring to host: <188.184.132.38:9618?addrs=188.184.132.38-9618+[2001-1458-301-a0--100-1c]-9618&noUDP&sock=4226_5965_126312>
...
040 (322895.004.000) 05/10 15:36:06 Finished transferring input files
...
001 (322895.004.000) 05/10 15:36:07 Job executing on host: <188.184.132.38:9618?addrs=188.184.132.38-9618+[2001-1458-301-a0--100-1c]-9618&noUDP&sock=2361_0731_3>
...
006 (322895.004.000) 05/10 15:36:15 Image size of job updated: 118864
	58  -  MemoryUsage of job (MB)
	59312  -  ResidentSetSize of job (KB)
...
006 (322895.004.000) 05/10 15:41:15 Image size of job updated: 557376
	480  -  MemoryUsage of job (MB)
	491120  -  ResidentSetSize of job (KB)
...
040 (322895.004.000) 05/10 15:41:56 Started transferring output files
...
040 (322895.004.000) 05/10 15:41:56 Finished transferring output files
...
005 (322895.004.000) 05/10 15:41:56 Job terminated.
	(1) Normal termination (return value 1)
		Usr 0 00:04:47, Sys 0 00:00:32  -  Run Remote Usage
		Usr 0 00:00:00, Sys 0 00:00:00  -  Run Local Usage
		Usr 0 00:04:47, Sys 0 00:00:32  -  Total Remote Usage
		Usr 0 00:00:00, Sys 0 00:00:00  -  Total Local Usage
	9473  -  Run Bytes Sent By Job
	10941  -  Run Bytes Received By Job
	9473  -  Total Bytes Sent By Job
	10941  -  Total Bytes Received By Job
	Partitionable Resources :    Usage  Request Allocated 
	   Cpus                 :                 1           
	   Disk (KB)            :       72        1   2139061 
	   Memory (MB)          :      480     2000      2000 
...
