000 (322892.019.000) 05/10 15:24:52 Job submitted from host: <188.184.95.166:9618?addrs=188.184.95.166-9618+[2001-1458-201-e4--100-7a0]-9618&alias=tbird02.cern.ch&noUDP&sock=schedd_2138722_faad_3>
...
040 (322892.019.000) 05/10 15:33:28 Started transferring input files
	Transferring to host: <128.142.240.9:9618?addrs=128.142.240.9-9618+[2001-1458-301-f9--100-16]-9618&noUDP&sock=13588_b9a2_19391>
...
040 (322892.019.000) 05/10 15:33:28 Finished transferring input files
...
001 (322892.019.000) 05/10 15:33:29 Job executing on host: <128.142.240.9:9618?addrs=128.142.240.9-9618+[2001-1458-301-f9--100-16]-9618&noUDP&sock=2371_e323_3>
...
006 (322892.019.000) 05/10 15:33:37 Image size of job updated: 231220
	225  -  MemoryUsage of job (MB)
	230336  -  ResidentSetSize of job (KB)
...
006 (322892.019.000) 05/10 15:38:37 Image size of job updated: 490164
	479  -  MemoryUsage of job (MB)
	489736  -  ResidentSetSize of job (KB)
...
040 (322892.019.000) 05/10 15:40:05 Started transferring output files
...
040 (322892.019.000) 05/10 15:40:05 Finished transferring output files
...
005 (322892.019.000) 05/10 15:40:05 Job terminated.
	(1) Normal termination (return value 1)
		Usr 0 00:05:50, Sys 0 00:00:36  -  Run Remote Usage
		Usr 0 00:00:00, Sys 0 00:00:00  -  Run Local Usage
		Usr 0 00:05:50, Sys 0 00:00:36  -  Total Remote Usage
		Usr 0 00:00:00, Sys 0 00:00:00  -  Total Local Usage
	9477  -  Run Bytes Sent By Job
	10941  -  Run Bytes Received By Job
	9477  -  Total Bytes Sent By Job
	10941  -  Total Bytes Received By Job
	Partitionable Resources :    Usage  Request Allocated 
	   Cpus                 :     0.99        1         1 
	   Disk (KB)            :    80           1    210750 
	   Memory (MB)          :   479        2000      2000 
...
