   SingleMuon_Run2016D_part3   DATA  63 chunks


I have 1 taks to process
I'm using the following list of modules DEFAULT_MODULES
this is jobs [('SingleMuon_Run2016D_part3', 'MY_EOS_SPACE/heppyNtuples/TREES_SingleMuon2016BCDEF_94X/SingleMuon_Run2016D_part3/treeProducerWMass/tree.root', 26144046.0, '_Friend_SingleMuon_Run2016D_part3.chunk54', True, xrange(13500000, 13750000), 54)]
Modules to run:  []   name =  puWeight
Loading puWeight from CMGTools.WMass.postprocessing.examples.puWeightProducer 
Running on dataset =  SingleMuon_Run2016D_part3
TFile: name=/afs/cern.ch/work/m/mciprian/w_mass_analysis/heppy/rel_slc7/CMSSW_9_4_12/src/CMGTools/WMass/python/postprocessing/data/pileup/pileup_profile_Summer16.root, title=, option=READ
TFile: name=/afs/cern.ch/work/m/mciprian/w_mass_analysis/heppy/rel_slc7/CMSSW_9_4_12/src/CMGTools/WMass/python/postprocessing/data/pileup/PileupData_GoldenJSON_Full2016.root, title=, option=READ
Load C++ Worker
Modules to run:  []   name =  puWeight2016BF
Loading puWeight2016BF from CMGTools.WMass.postprocessing.examples.puWeightProducer 
Running on dataset =  SingleMuon_Run2016D_part3
TFile: name=/afs/cern.ch/work/m/mciprian/w_mass_analysis/heppy/rel_slc7/CMSSW_9_4_12/src/CMGTools/WMass/python/postprocessing/data/pileup/pileup_profile_Summer16.root, title=, option=READ
TFile: name=/afs/cern.ch/work/m/mciprian/w_mass_analysis/heppy/rel_slc7/CMSSW_9_4_12/src/CMGTools/WMass/python/postprocessing/data/pileup/PileupData_GoldenJSON_2016BF.root, title=, option=READ
Modules to run:  []   name =  lepQCDAwayJetAll
Loading lepQCDAwayJetAll from CMGTools.WMass.postprocessing.examples.lepVarProducer 
Running on dataset =  SingleMuon_Run2016D_part3
Modules to run:  []   name =  muCalibratedWithStatVar
Loading muCalibratedWithStatVar from CMGTools.WMass.postprocessing.examples.lepVarProducer 
Running on dataset =  SingleMuon_Run2016D_part3
did not find EnergyScaleCorrection shared object, rebuilding
trying to load all the rochester correction libraries
did not find legacy data roccor. rebuilding...
done building legacy data roccor.
Modules to run:  []   name =  jetAllReCleaner
Loading jetAllReCleaner from CMGTools.WMass.postprocessing.examples.jetReCleaner 
Running on dataset =  SingleMuon_Run2016D_part3
Load C++ Worker
Modules to run:  []   name =  jetReCleaner
Loading jetReCleaner from CMGTools.WMass.postprocessing.examples.jetReCleaner 
Running on dataset =  SingleMuon_Run2016D_part3
Load C++ Worker
Modules to run:  []   name =  genQEDJets
Loading genQEDJets from CMGTools.WMass.postprocessing.examples.genFriendProducer 
Running on dataset =  SingleMuon_Run2016D_part3
Will write selected trees to MY_EOS_SPACE/heppyNtuples/TREES_SingleMuon2016BCDEF_94X/friends/
Normalization of pu_mc: 0.999973
Normalization of pileup: 3.65129e+10
Weights for variable pu_mc with a number of bins equal to 76:
1 1 1 1 1 1 1 1 1 1 1.616 1.923 1.917 1.762 1.611 1.554 1.506 1.414 1.317 1.241 1.169 1.109 1.071 1.04 1.019 1.001 0.9873 0.9825 0.9828 0.9811 0.9811 0.9792 0.9531 0.9274 0.8773 0.8171 0.7432 0.6594 0.5661 0.4725 0.3811 0.2987 0.2215 0.1581 0 0 0 0 0 0 0 0 0 0 0 1 1 1 1 1 1 1 1 1 1 1 1 1 1 1 1 1 1 1 1 1 .
Final weights: 
1 1 1 1 1 1 1 1 1 1 1.616 1.923 1.917 1.762 1.611 1.554 1.506 1.414 1.317 1.241 1.169 1.109 1.071 1.04 1.019 1.001 0.9873 0.9825 0.9828 0.9811 0.9811 0.9792 0.9531 0.9274 0.8773 0.8171 0.7432 0.6594 0.5661 0.4725 0.3811 0.2987 0.2215 0.1581 0 0 0 0 0 0 0 0 0 0 0 1 1 1 1 1 1 1 1 1 1 1 1 1 1 1 1 1 1 1 1 1 .
Normalization of pu_mc: 1
Normalization of pileup: 2.014e+10
Weights for variable pu_mc with a number of bins equal to 76:
1 1 1 1 1 1 1 1 1 1 2.784 3.074 2.661 2.24 1.976 1.881 1.801 1.669 1.544 1.453 1.364 1.27 1.186 1.113 1.061 1.016 0.9702 0.9245 0.8754 0.8192 0.7629 0.7065 0.6366 0.5722 0.4984 0.4252 0.3515 0.2804 0.2137 0.1564 0.1092 0 0 0 0 0 0 0 0 0 0 0 0 0 0 1 1 1 1 1 1 1 1 1 1 1 1 1 1 1 1 1 1 1 1 1 .
For maximum weight 3.074: integral relative change: 0
Final weights: 
1 1 1 1 1 1 1 1 1 1 2.784 3.074 2.661 2.24 1.976 1.881 1.801 1.669 1.544 1.453 1.364 1.27 1.186 1.113 1.061 1.016 0.9702 0.9245 0.8754 0.8192 0.7629 0.7065 0.6366 0.5722 0.4984 0.4252 0.3515 0.2804 0.2137 0.1564 0.1092 0 0 0 0 0 0 0 0 0 0 0 0 0 0 1 1 1 1 1 1 1 1 1 1 1 1 1 1 1 1 1 1 1 1 1 .
begin job of lepCalProducer
initializing all the rochester correction objects
initializing the egamma calibrator
Processed 13500000/15643086 entries (elapsed time     0.4s, curr speed   26.316 kHz, avg speed 35526.316 kHz), accepted        1/       1 events (100.00%)
Processed 13510000/15643086 entries (elapsed time    18.8s, curr speed    0.543 kHz, avg speed  718.617 kHz), accepted    10001/   10001 events (100.00%)
Processed 13520000/15643086 entries (elapsed time    38.3s, curr speed    0.513 kHz, avg speed  352.910 kHz), accepted    20001/   20001 events (100.00%)
Processed 13530000/15643086 entries (elapsed time    59.3s, curr speed    0.477 kHz, avg speed  228.200 kHz), accepted    30001/   30001 events (100.00%)
Processed 13540000/15643086 entries (elapsed time    80.8s, curr speed    0.464 kHz, avg speed  167.533 kHz), accepted    40001/   40001 events (100.00%)
Processed 13550000/15643086 entries (elapsed time   101.2s, curr speed    0.490 kHz, avg speed  133.840 kHz), accepted    50001/   50001 events (100.00%)
Processed 13560000/15643086 entries (elapsed time   122.1s, curr speed    0.478 kHz, avg speed  111.020 kHz), accepted    60001/   60001 events (100.00%)
Processed 13570000/15643086 entries (elapsed time   141.3s, curr speed    0.522 kHz, avg speed   96.044 kHz), accepted    70001/   70001 events (100.00%)
Processed 13580000/15643086 entries (elapsed time   158.9s, curr speed    0.567 kHz, avg speed   85.452 kHz), accepted    80001/   80001 events (100.00%)
Processed 13590000/15643086 entries (elapsed time   177.5s, curr speed    0.539 kHz, avg speed   76.568 kHz), accepted    90001/   90001 events (100.00%)
Processed 13600000/15643086 entries (elapsed time   195.8s, curr speed    0.547 kHz, avg speed   69.469 kHz), accepted   100001/  100001 events (100.00%)
Processed 13610000/15643086 entries (elapsed time   214.4s, curr speed    0.538 kHz, avg speed   63.488 kHz), accepted   110001/  110001 events (100.00%)
Processed 13620000/15643086 entries (elapsed time   232.7s, curr speed    0.544 kHz, avg speed   58.520 kHz), accepted   120001/  120001 events (100.00%)
Processed 13630000/15643086 entries (elapsed time   275.1s, curr speed    0.236 kHz, avg speed   49.553 kHz), accepted   130001/  130001 events (100.00%)
Processed 13640000/15643086 entries (elapsed time   292.6s, curr speed    0.572 kHz, avg speed   46.625 kHz), accepted   140001/  140001 events (100.00%)
Processed 13650000/15643086 entries (elapsed time   308.5s, curr speed    0.626 kHz, avg speed   44.242 kHz), accepted   150001/  150001 events (100.00%)
Processed 13660000/15643086 entries (elapsed time   323.6s, curr speed    0.666 kHz, avg speed   42.219 kHz), accepted   160001/  160001 events (100.00%)
Processed 13670000/15643086 entries (elapsed time   338.0s, curr speed    0.691 kHz, avg speed   40.440 kHz), accepted   170001/  170001 events (100.00%)
Processed 13680000/15643086 entries (elapsed time   353.0s, curr speed    0.666 kHz, avg speed   38.749 kHz), accepted   180001/  180001 events (100.00%)
Processed 13690000/15643086 entries (elapsed time   367.9s, curr speed    0.672 kHz, avg speed   37.208 kHz), accepted   190001/  190001 events (100.00%)
Processed 13700000/15643086 entries (elapsed time   400.6s, curr speed    0.306 kHz, avg speed   34.195 kHz), accepted   200001/  200001 events (100.00%)
Processed 13710000/15643086 entries (elapsed time   416.1s, curr speed    0.649 kHz, avg speed   32.953 kHz), accepted   210001/  210001 events (100.00%)
Processed 13720000/15643086 entries (elapsed time   430.4s, curr speed    0.699 kHz, avg speed   31.881 kHz), accepted   220001/  220001 events (100.00%)
Processed 13730000/15643086 entries (elapsed time   445.8s, curr speed    0.647 kHz, avg speed   30.799 kHz), accepted   230001/  230001 events (100.00%)
Processed 13740000/15643086 entries (elapsed time   460.6s, curr speed    0.675 kHz, avg speed   29.830 kHz), accepted   240001/  240001 events (100.00%)
Processed 250000 entries from MY_EOS_SPACE/heppyNtuples/TREES_SingleMuon2016BCDEF_94X/SingleMuon_Run2016D_part3/treeProducerWMass/tree.root, selected 250000 entries
Done MY_EOS_SPACE/heppyNtuples/TREES_SingleMuon2016BCDEF_94X/friends/tree_Friend_SingleMuon_Run2016D_part3.chunk54.root
