000 (322882.044.000) 05/10 15:24:43 Job submitted from host: <188.184.95.166:9618?addrs=188.184.95.166-9618+[2001-1458-201-e4--100-7a0]-9618&alias=tbird02.cern.ch&noUDP&sock=schedd_2138722_faad_3>
...
040 (322882.044.000) 05/10 15:26:11 Started transferring input files
	Transferring to host: <128.142.240.32:9618?addrs=128.142.240.32-9618+[2001-1458-301-f9--100-2b]-9618&noUDP&sock=936_3f1f_18422>
...
040 (322882.044.000) 05/10 15:26:11 Finished transferring input files
...
001 (322882.044.000) 05/10 15:26:12 Job executing on host: <128.142.240.32:9618?addrs=128.142.240.32-9618+[2001-1458-301-f9--100-2b]-9618&noUDP&sock=2352_dad7_3>
...
006 (322882.044.000) 05/10 15:26:21 Image size of job updated: 238004
	220  -  MemoryUsage of job (MB)
	224980  -  ResidentSetSize of job (KB)
...
006 (322882.044.000) 05/10 15:31:22 Image size of job updated: 499636
	475  -  MemoryUsage of job (MB)
	486068  -  ResidentSetSize of job (KB)
...
006 (322882.044.000) 05/10 15:36:03 Image size of job updated: 678400
	475  -  MemoryUsage of job (MB)
	486068  -  ResidentSetSize of job (KB)
...
040 (322882.044.000) 05/10 15:36:03 Started transferring output files
...
040 (322882.044.000) 05/10 15:36:03 Finished transferring output files
...
005 (322882.044.000) 05/10 15:36:03 Job terminated.
	(1) Normal termination (return value 1)
		Usr 0 00:08:37, Sys 0 00:00:50  -  Run Remote Usage
		Usr 0 00:00:00, Sys 0 00:00:00  -  Run Local Usage
		Usr 0 00:08:37, Sys 0 00:00:50  -  Total Remote Usage
		Usr 0 00:00:00, Sys 0 00:00:00  -  Total Local Usage
	9479  -  Run Bytes Sent By Job
	10941  -  Run Bytes Received By Job
	9479  -  Total Bytes Sent By Job
	10941  -  Total Bytes Received By Job
	Partitionable Resources :    Usage  Request Allocated 
	   Cpus                 :     0.99        1         1 
	   Disk (KB)            :    79           1    221428 
	   Memory (MB)          :   475        2000      2000 
...
