   SingleMuon_Run2016D_part3   DATA  63 chunks


I have 1 taks to process
I'm using the following list of modules DEFAULT_MODULES
this is jobs [('SingleMuon_Run2016D_part3', 'MY_EOS_SPACE/heppyNtuples/TREES_SingleMuon2016BCDEF_94X/SingleMuon_Run2016D_part3/treeProducerWMass/tree.root', 26144046.0, '_Friend_SingleMuon_Run2016D_part3.chunk5', True, xrange(1250000, 1500000), 5)]
Modules to run:  []   name =  puWeight
Loading puWeight from CMGTools.WMass.postprocessing.examples.puWeightProducer 
Running on dataset =  SingleMuon_Run2016D_part3
TFile: name=/afs/cern.ch/work/m/mciprian/w_mass_analysis/heppy/rel_slc7/CMSSW_9_4_12/src/CMGTools/WMass/python/postprocessing/data/pileup/pileup_profile_Summer16.root, title=, option=READ
TFile: name=/afs/cern.ch/work/m/mciprian/w_mass_analysis/heppy/rel_slc7/CMSSW_9_4_12/src/CMGTools/WMass/python/postprocessing/data/pileup/PileupData_GoldenJSON_Full2016.root, title=, option=READ
Load C++ Worker
Modules to run:  []   name =  puWeight2016BF
Loading puWeight2016BF from CMGTools.WMass.postprocessing.examples.puWeightProducer 
Running on dataset =  SingleMuon_Run2016D_part3
TFile: name=/afs/cern.ch/work/m/mciprian/w_mass_analysis/heppy/rel_slc7/CMSSW_9_4_12/src/CMGTools/WMass/python/postprocessing/data/pileup/pileup_profile_Summer16.root, title=, option=READ
TFile: name=/afs/cern.ch/work/m/mciprian/w_mass_analysis/heppy/rel_slc7/CMSSW_9_4_12/src/CMGTools/WMass/python/postprocessing/data/pileup/PileupData_GoldenJSON_2016BF.root, title=, option=READ
Modules to run:  []   name =  lepQCDAwayJetAll
Loading lepQCDAwayJetAll from CMGTools.WMass.postprocessing.examples.lepVarProducer 
Running on dataset =  SingleMuon_Run2016D_part3
Modules to run:  []   name =  muCalibratedWithStatVar
Loading muCalibratedWithStatVar from CMGTools.WMass.postprocessing.examples.lepVarProducer 
Running on dataset =  SingleMuon_Run2016D_part3
did not find EnergyScaleCorrection shared object, rebuilding
trying to load all the rochester correction libraries
did not find legacy data roccor. rebuilding...
done building legacy data roccor.
Modules to run:  []   name =  jetAllReCleaner
Loading jetAllReCleaner from CMGTools.WMass.postprocessing.examples.jetReCleaner 
Running on dataset =  SingleMuon_Run2016D_part3
Load C++ Worker
Modules to run:  []   name =  jetReCleaner
Loading jetReCleaner from CMGTools.WMass.postprocessing.examples.jetReCleaner 
Running on dataset =  SingleMuon_Run2016D_part3
Load C++ Worker
Modules to run:  []   name =  genQEDJets
Loading genQEDJets from CMGTools.WMass.postprocessing.examples.genFriendProducer 
Running on dataset =  SingleMuon_Run2016D_part3
Will write selected trees to MY_EOS_SPACE/heppyNtuples/TREES_SingleMuon2016BCDEF_94X/friends/
Normalization of pu_mc: 0.999973
Normalization of pileup: 3.65129e+10
Weights for variable pu_mc with a number of bins equal to 76:
1 1 1 1 1 1 1 1 1 1 1.616 1.923 1.917 1.762 1.611 1.554 1.506 1.414 1.317 1.241 1.169 1.109 1.071 1.04 1.019 1.001 0.9873 0.9825 0.9828 0.9811 0.9811 0.9792 0.9531 0.9274 0.8773 0.8171 0.7432 0.6594 0.5661 0.4725 0.3811 0.2987 0.2215 0.1581 0 0 0 0 0 0 0 0 0 0 0 1 1 1 1 1 1 1 1 1 1 1 1 1 1 1 1 1 1 1 1 1 .
Final weights: 
1 1 1 1 1 1 1 1 1 1 1.616 1.923 1.917 1.762 1.611 1.554 1.506 1.414 1.317 1.241 1.169 1.109 1.071 1.04 1.019 1.001 0.9873 0.9825 0.9828 0.9811 0.9811 0.9792 0.9531 0.9274 0.8773 0.8171 0.7432 0.6594 0.5661 0.4725 0.3811 0.2987 0.2215 0.1581 0 0 0 0 0 0 0 0 0 0 0 1 1 1 1 1 1 1 1 1 1 1 1 1 1 1 1 1 1 1 1 1 .
Normalization of pu_mc: 1
Normalization of pileup: 2.014e+10
Weights for variable pu_mc with a number of bins equal to 76:
1 1 1 1 1 1 1 1 1 1 2.784 3.074 2.661 2.24 1.976 1.881 1.801 1.669 1.544 1.453 1.364 1.27 1.186 1.113 1.061 1.016 0.9702 0.9245 0.8754 0.8192 0.7629 0.7065 0.6366 0.5722 0.4984 0.4252 0.3515 0.2804 0.2137 0.1564 0.1092 0 0 0 0 0 0 0 0 0 0 0 0 0 0 1 1 1 1 1 1 1 1 1 1 1 1 1 1 1 1 1 1 1 1 1 .
For maximum weight 3.074: integral relative change: 0
Final weights: 
1 1 1 1 1 1 1 1 1 1 2.784 3.074 2.661 2.24 1.976 1.881 1.801 1.669 1.544 1.453 1.364 1.27 1.186 1.113 1.061 1.016 0.9702 0.9245 0.8754 0.8192 0.7629 0.7065 0.6366 0.5722 0.4984 0.4252 0.3515 0.2804 0.2137 0.1564 0.1092 0 0 0 0 0 0 0 0 0 0 0 0 0 0 1 1 1 1 1 1 1 1 1 1 1 1 1 1 1 1 1 1 1 1 1 .
begin job of lepCalProducer
initializing all the rochester correction objects
initializing the egamma calibrator
Processed  1250000/15643086 entries (elapsed time     0.4s, curr speed   27.027 kHz, avg speed 3378.378 kHz), accepted        1/       1 events (100.00%)
Processed  1260000/15643086 entries (elapsed time    22.8s, curr speed    0.447 kHz, avg speed   55.385 kHz), accepted    10001/   10001 events (100.00%)
Processed  1270000/15643086 entries (elapsed time    44.8s, curr speed    0.454 kHz, avg speed   28.367 kHz), accepted    20001/   20001 events (100.00%)
Processed  1280000/15643086 entries (elapsed time    67.7s, curr speed    0.436 kHz, avg speed   18.901 kHz), accepted    30001/   30001 events (100.00%)
Processed  1290000/15643086 entries (elapsed time    90.5s, curr speed    0.439 kHz, avg speed   14.251 kHz), accepted    40001/   40001 events (100.00%)
Processed  1300000/15643086 entries (elapsed time   113.2s, curr speed    0.442 kHz, avg speed   11.488 kHz), accepted    50001/   50001 events (100.00%)
Processed  1310000/15643086 entries (elapsed time   135.9s, curr speed    0.440 kHz, avg speed    9.641 kHz), accepted    60001/   60001 events (100.00%)
Processed  1320000/15643086 entries (elapsed time   156.9s, curr speed    0.475 kHz, avg speed    8.412 kHz), accepted    70001/   70001 events (100.00%)
Processed  1330000/15643086 entries (elapsed time   176.0s, curr speed    0.525 kHz, avg speed    7.559 kHz), accepted    80001/   80001 events (100.00%)
Processed  1340000/15643086 entries (elapsed time   195.3s, curr speed    0.516 kHz, avg speed    6.860 kHz), accepted    90001/   90001 events (100.00%)
Processed  1350000/15643086 entries (elapsed time   215.5s, curr speed    0.495 kHz, avg speed    6.264 kHz), accepted   100001/  100001 events (100.00%)
Processed  1360000/15643086 entries (elapsed time   235.4s, curr speed    0.502 kHz, avg speed    5.776 kHz), accepted   110001/  110001 events (100.00%)
Processed  1370000/15643086 entries (elapsed time   255.1s, curr speed    0.510 kHz, avg speed    5.371 kHz), accepted   120001/  120001 events (100.00%)
Processed  1380000/15643086 entries (elapsed time   300.4s, curr speed    0.221 kHz, avg speed    4.594 kHz), accepted   130001/  130001 events (100.00%)
Processed  1390000/15643086 entries (elapsed time   320.0s, curr speed    0.509 kHz, avg speed    4.343 kHz), accepted   140001/  140001 events (100.00%)
Processed  1400000/15643086 entries (elapsed time   340.0s, curr speed    0.502 kHz, avg speed    4.118 kHz), accepted   150001/  150001 events (100.00%)
Processed  1410000/15643086 entries (elapsed time   359.3s, curr speed    0.518 kHz, avg speed    3.925 kHz), accepted   160001/  160001 events (100.00%)
Processed  1420000/15643086 entries (elapsed time   380.3s, curr speed    0.477 kHz, avg speed    3.734 kHz), accepted   170001/  170001 events (100.00%)
Processed  1430000/15643086 entries (elapsed time   400.3s, curr speed    0.498 kHz, avg speed    3.572 kHz), accepted   180001/  180001 events (100.00%)
Processed  1440000/15643086 entries (elapsed time   420.2s, curr speed    0.502 kHz, avg speed    3.427 kHz), accepted   190001/  190001 events (100.00%)
Processed  1450000/15643086 entries (elapsed time   466.6s, curr speed    0.216 kHz, avg speed    3.107 kHz), accepted   200001/  200001 events (100.00%)
Processed  1460000/15643086 entries (elapsed time   486.0s, curr speed    0.517 kHz, avg speed    3.004 kHz), accepted   210001/  210001 events (100.00%)
Processed  1470000/15643086 entries (elapsed time   506.0s, curr speed    0.500 kHz, avg speed    2.905 kHz), accepted   220001/  220001 events (100.00%)
Processed  1480000/15643086 entries (elapsed time   523.9s, curr speed    0.557 kHz, avg speed    2.825 kHz), accepted   230001/  230001 events (100.00%)
Processed  1490000/15643086 entries (elapsed time   542.4s, curr speed    0.540 kHz, avg speed    2.747 kHz), accepted   240001/  240001 events (100.00%)
Processed 250000 entries from MY_EOS_SPACE/heppyNtuples/TREES_SingleMuon2016BCDEF_94X/SingleMuon_Run2016D_part3/treeProducerWMass/tree.root, selected 250000 entries
Done MY_EOS_SPACE/heppyNtuples/TREES_SingleMuon2016BCDEF_94X/friends/tree_Friend_SingleMuon_Run2016D_part3.chunk5.root
