   SingleMuon_Run2016E_part1   DATA  62 chunks


I have 1 taks to process
I'm using the following list of modules DEFAULT_MODULES
this is jobs [('SingleMuon_Run2016E_part1', 'MY_EOS_SPACE/heppyNtuples/TREES_SingleMuon2016BCDEF_94X/SingleMuon_Run2016E_part1/treeProducerWMass/tree.root', 26031098.0, '_Friend_SingleMuon_Run2016E_part1.chunk34', True, xrange(8500000, 8750000), 34)]
Modules to run:  []   name =  puWeight
Loading puWeight from CMGTools.WMass.postprocessing.examples.puWeightProducer 
Running on dataset =  SingleMuon_Run2016E_part1
TFile: name=/afs/cern.ch/work/m/mciprian/w_mass_analysis/heppy/rel_slc7/CMSSW_9_4_12/src/CMGTools/WMass/python/postprocessing/data/pileup/pileup_profile_Summer16.root, title=, option=READ
TFile: name=/afs/cern.ch/work/m/mciprian/w_mass_analysis/heppy/rel_slc7/CMSSW_9_4_12/src/CMGTools/WMass/python/postprocessing/data/pileup/PileupData_GoldenJSON_Full2016.root, title=, option=READ
Load C++ Worker
Modules to run:  []   name =  puWeight2016BF
Loading puWeight2016BF from CMGTools.WMass.postprocessing.examples.puWeightProducer 
Running on dataset =  SingleMuon_Run2016E_part1
TFile: name=/afs/cern.ch/work/m/mciprian/w_mass_analysis/heppy/rel_slc7/CMSSW_9_4_12/src/CMGTools/WMass/python/postprocessing/data/pileup/pileup_profile_Summer16.root, title=, option=READ
TFile: name=/afs/cern.ch/work/m/mciprian/w_mass_analysis/heppy/rel_slc7/CMSSW_9_4_12/src/CMGTools/WMass/python/postprocessing/data/pileup/PileupData_GoldenJSON_2016BF.root, title=, option=READ
Modules to run:  []   name =  lepQCDAwayJetAll
Loading lepQCDAwayJetAll from CMGTools.WMass.postprocessing.examples.lepVarProducer 
Running on dataset =  SingleMuon_Run2016E_part1
Modules to run:  []   name =  muCalibratedWithStatVar
Loading muCalibratedWithStatVar from CMGTools.WMass.postprocessing.examples.lepVarProducer 
Running on dataset =  SingleMuon_Run2016E_part1
did not find EnergyScaleCorrection shared object, rebuilding
trying to load all the rochester correction libraries
did not find legacy data roccor. rebuilding...
done building legacy data roccor.
Modules to run:  []   name =  jetAllReCleaner
Loading jetAllReCleaner from CMGTools.WMass.postprocessing.examples.jetReCleaner 
Running on dataset =  SingleMuon_Run2016E_part1
Load C++ Worker
Modules to run:  []   name =  jetReCleaner
Loading jetReCleaner from CMGTools.WMass.postprocessing.examples.jetReCleaner 
Running on dataset =  SingleMuon_Run2016E_part1
Load C++ Worker
Modules to run:  []   name =  genQEDJets
Loading genQEDJets from CMGTools.WMass.postprocessing.examples.genFriendProducer 
Running on dataset =  SingleMuon_Run2016E_part1
Will write selected trees to MY_EOS_SPACE/heppyNtuples/TREES_SingleMuon2016BCDEF_94X/friends/
Normalization of pu_mc: 0.999973
Normalization of pileup: 3.65129e+10
Weights for variable pu_mc with a number of bins equal to 76:
1 1 1 1 1 1 1 1 1 1 1.616 1.923 1.917 1.762 1.611 1.554 1.506 1.414 1.317 1.241 1.169 1.109 1.071 1.04 1.019 1.001 0.9873 0.9825 0.9828 0.9811 0.9811 0.9792 0.9531 0.9274 0.8773 0.8171 0.7432 0.6594 0.5661 0.4725 0.3811 0.2987 0.2215 0.1581 0 0 0 0 0 0 0 0 0 0 0 1 1 1 1 1 1 1 1 1 1 1 1 1 1 1 1 1 1 1 1 1 .
Final weights: 
1 1 1 1 1 1 1 1 1 1 1.616 1.923 1.917 1.762 1.611 1.554 1.506 1.414 1.317 1.241 1.169 1.109 1.071 1.04 1.019 1.001 0.9873 0.9825 0.9828 0.9811 0.9811 0.9792 0.9531 0.9274 0.8773 0.8171 0.7432 0.6594 0.5661 0.4725 0.3811 0.2987 0.2215 0.1581 0 0 0 0 0 0 0 0 0 0 0 1 1 1 1 1 1 1 1 1 1 1 1 1 1 1 1 1 1 1 1 1 .
Normalization of pu_mc: 1
Normalization of pileup: 2.014e+10
Weights for variable pu_mc with a number of bins equal to 76:
1 1 1 1 1 1 1 1 1 1 2.784 3.074 2.661 2.24 1.976 1.881 1.801 1.669 1.544 1.453 1.364 1.27 1.186 1.113 1.061 1.016 0.9702 0.9245 0.8754 0.8192 0.7629 0.7065 0.6366 0.5722 0.4984 0.4252 0.3515 0.2804 0.2137 0.1564 0.1092 0 0 0 0 0 0 0 0 0 0 0 0 0 0 1 1 1 1 1 1 1 1 1 1 1 1 1 1 1 1 1 1 1 1 1 .
For maximum weight 3.074: integral relative change: 0
Final weights: 
1 1 1 1 1 1 1 1 1 1 2.784 3.074 2.661 2.24 1.976 1.881 1.801 1.669 1.544 1.453 1.364 1.27 1.186 1.113 1.061 1.016 0.9702 0.9245 0.8754 0.8192 0.7629 0.7065 0.6366 0.5722 0.4984 0.4252 0.3515 0.2804 0.2137 0.1564 0.1092 0 0 0 0 0 0 0 0 0 0 0 0 0 0 1 1 1 1 1 1 1 1 1 1 1 1 1 1 1 1 1 1 1 1 1 .
begin job of lepCalProducer
initializing all the rochester correction objects
initializing the egamma calibrator
Processed  8500000/15466606 entries (elapsed time     0.2s, curr speed   55.556 kHz, avg speed 47222.222 kHz), accepted        1/       1 events (100.00%)
Processed  8510000/15466606 entries (elapsed time    11.2s, curr speed    0.909 kHz, avg speed  761.181 kHz), accepted    10001/   10001 events (100.00%)
Processed  8520000/15466606 entries (elapsed time    23.0s, curr speed    0.845 kHz, avg speed  370.113 kHz), accepted    20001/   20001 events (100.00%)
Processed  8530000/15466606 entries (elapsed time    34.8s, curr speed    0.847 kHz, avg speed  244.974 kHz), accepted    30001/   30001 events (100.00%)
Processed  8540000/15466606 entries (elapsed time    46.9s, curr speed    0.827 kHz, avg speed  182.051 kHz), accepted    40001/   40001 events (100.00%)
Processed  8550000/15466606 entries (elapsed time    59.4s, curr speed    0.803 kHz, avg speed  144.012 kHz), accepted    50001/   50001 events (100.00%)
Processed  8560000/15466606 entries (elapsed time    71.7s, curr speed    0.813 kHz, avg speed  119.436 kHz), accepted    60001/   60001 events (100.00%)
Processed  8570000/15466606 entries (elapsed time    83.2s, curr speed    0.870 kHz, avg speed  103.054 kHz), accepted    70001/   70001 events (100.00%)
Processed  8580000/15466606 entries (elapsed time    93.2s, curr speed    0.992 kHz, avg speed   92.021 kHz), accepted    80001/   80001 events (100.00%)
Processed  8590000/15466606 entries (elapsed time   103.4s, curr speed    0.989 kHz, avg speed   83.116 kHz), accepted    90001/   90001 events (100.00%)
Processed  8600000/15466606 entries (elapsed time   113.5s, curr speed    0.987 kHz, avg speed   75.784 kHz), accepted   100001/  100001 events (100.00%)
Processed  8610000/15466606 entries (elapsed time   123.5s, curr speed    0.999 kHz, avg speed   69.722 kHz), accepted   110001/  110001 events (100.00%)
Processed  8620000/15466606 entries (elapsed time   133.5s, curr speed    1.001 kHz, avg speed   64.579 kHz), accepted   120001/  120001 events (100.00%)
Processed  8630000/15466606 entries (elapsed time   157.6s, curr speed    0.415 kHz, avg speed   54.766 kHz), accepted   130001/  130001 events (100.00%)
Processed  8640000/15466606 entries (elapsed time   167.7s, curr speed    0.991 kHz, avg speed   51.530 kHz), accepted   140001/  140001 events (100.00%)
Processed  8650000/15466606 entries (elapsed time   178.0s, curr speed    0.963 kHz, avg speed   48.582 kHz), accepted   150001/  150001 events (100.00%)
Processed  8660000/15466606 entries (elapsed time   188.1s, curr speed    0.994 kHz, avg speed   46.037 kHz), accepted   160001/  160001 events (100.00%)
Processed  8670000/15466606 entries (elapsed time   198.3s, curr speed    0.982 kHz, avg speed   43.724 kHz), accepted   170001/  170001 events (100.00%)
Processed  8680000/15466606 entries (elapsed time   208.3s, curr speed    0.997 kHz, avg speed   41.667 kHz), accepted   180001/  180001 events (100.00%)
Processed  8690000/15466606 entries (elapsed time   218.5s, curr speed    0.979 kHz, avg speed   39.766 kHz), accepted   190001/  190001 events (100.00%)
Processed  8700000/15466606 entries (elapsed time   242.3s, curr speed    0.421 kHz, avg speed   35.909 kHz), accepted   200001/  200001 events (100.00%)
Processed  8710000/15466606 entries (elapsed time   252.6s, curr speed    0.968 kHz, avg speed   34.480 kHz), accepted   210001/  210001 events (100.00%)
Processed  8720000/15466606 entries (elapsed time   262.8s, curr speed    0.985 kHz, avg speed   33.186 kHz), accepted   220001/  220001 events (100.00%)
Processed  8730000/15466606 entries (elapsed time   273.0s, curr speed    0.973 kHz, avg speed   31.973 kHz), accepted   230001/  230001 events (100.00%)
Processed  8740000/15466606 entries (elapsed time   283.2s, curr speed    0.989 kHz, avg speed   30.867 kHz), accepted   240001/  240001 events (100.00%)
Processed 250000 entries from MY_EOS_SPACE/heppyNtuples/TREES_SingleMuon2016BCDEF_94X/SingleMuon_Run2016E_part1/treeProducerWMass/tree.root, selected 250000 entries
Done MY_EOS_SPACE/heppyNtuples/TREES_SingleMuon2016BCDEF_94X/friends/tree_Friend_SingleMuon_Run2016E_part1.chunk34.root
