   SingleMuon_Run2016F_part2   DATA  64 chunks


I have 1 taks to process
I'm using the following list of modules DEFAULT_MODULES
this is jobs [('SingleMuon_Run2016F_part2', 'MY_EOS_SPACE/heppyNtuples/TREES_SingleMuon2016BCDEF_94X/SingleMuon_Run2016F_part2/treeProducerWMass/tree.root', 24596890.0, '_Friend_SingleMuon_Run2016F_part2.chunk40', True, xrange(10000000, 10250000), 40)]
Modules to run:  []   name =  puWeight
Loading puWeight from CMGTools.WMass.postprocessing.examples.puWeightProducer 
Running on dataset =  SingleMuon_Run2016F_part2
TFile: name=/afs/cern.ch/work/m/mciprian/w_mass_analysis/heppy/rel_slc7/CMSSW_9_4_12/src/CMGTools/WMass/python/postprocessing/data/pileup/pileup_profile_Summer16.root, title=, option=READ
TFile: name=/afs/cern.ch/work/m/mciprian/w_mass_analysis/heppy/rel_slc7/CMSSW_9_4_12/src/CMGTools/WMass/python/postprocessing/data/pileup/PileupData_GoldenJSON_Full2016.root, title=, option=READ
Load C++ Worker
Modules to run:  []   name =  puWeight2016BF
Loading puWeight2016BF from CMGTools.WMass.postprocessing.examples.puWeightProducer 
Running on dataset =  SingleMuon_Run2016F_part2
TFile: name=/afs/cern.ch/work/m/mciprian/w_mass_analysis/heppy/rel_slc7/CMSSW_9_4_12/src/CMGTools/WMass/python/postprocessing/data/pileup/pileup_profile_Summer16.root, title=, option=READ
TFile: name=/afs/cern.ch/work/m/mciprian/w_mass_analysis/heppy/rel_slc7/CMSSW_9_4_12/src/CMGTools/WMass/python/postprocessing/data/pileup/PileupData_GoldenJSON_2016BF.root, title=, option=READ
Modules to run:  []   name =  lepQCDAwayJetAll
Loading lepQCDAwayJetAll from CMGTools.WMass.postprocessing.examples.lepVarProducer 
Running on dataset =  SingleMuon_Run2016F_part2
Modules to run:  []   name =  muCalibratedWithStatVar
Loading muCalibratedWithStatVar from CMGTools.WMass.postprocessing.examples.lepVarProducer 
Running on dataset =  SingleMuon_Run2016F_part2
did not find EnergyScaleCorrection shared object, rebuilding
trying to load all the rochester correction libraries
did not find legacy data roccor. rebuilding...
done building legacy data roccor.
Modules to run:  []   name =  jetAllReCleaner
Loading jetAllReCleaner from CMGTools.WMass.postprocessing.examples.jetReCleaner 
Running on dataset =  SingleMuon_Run2016F_part2
Load C++ Worker
Modules to run:  []   name =  jetReCleaner
Loading jetReCleaner from CMGTools.WMass.postprocessing.examples.jetReCleaner 
Running on dataset =  SingleMuon_Run2016F_part2
Load C++ Worker
Modules to run:  []   name =  genQEDJets
Loading genQEDJets from CMGTools.WMass.postprocessing.examples.genFriendProducer 
Running on dataset =  SingleMuon_Run2016F_part2
Will write selected trees to MY_EOS_SPACE/heppyNtuples/TREES_SingleMuon2016BCDEF_94X/friends/
Normalization of pu_mc: 0.999973
Normalization of pileup: 3.65129e+10
Weights for variable pu_mc with a number of bins equal to 76:
1 1 1 1 1 1 1 1 1 1 1.616 1.923 1.917 1.762 1.611 1.554 1.506 1.414 1.317 1.241 1.169 1.109 1.071 1.04 1.019 1.001 0.9873 0.9825 0.9828 0.9811 0.9811 0.9792 0.9531 0.9274 0.8773 0.8171 0.7432 0.6594 0.5661 0.4725 0.3811 0.2987 0.2215 0.1581 0 0 0 0 0 0 0 0 0 0 0 1 1 1 1 1 1 1 1 1 1 1 1 1 1 1 1 1 1 1 1 1 .
Final weights: 
1 1 1 1 1 1 1 1 1 1 1.616 1.923 1.917 1.762 1.611 1.554 1.506 1.414 1.317 1.241 1.169 1.109 1.071 1.04 1.019 1.001 0.9873 0.9825 0.9828 0.9811 0.9811 0.9792 0.9531 0.9274 0.8773 0.8171 0.7432 0.6594 0.5661 0.4725 0.3811 0.2987 0.2215 0.1581 0 0 0 0 0 0 0 0 0 0 0 1 1 1 1 1 1 1 1 1 1 1 1 1 1 1 1 1 1 1 1 1 .
Normalization of pu_mc: 1
Normalization of pileup: 2.014e+10
Weights for variable pu_mc with a number of bins equal to 76:
1 1 1 1 1 1 1 1 1 1 2.784 3.074 2.661 2.24 1.976 1.881 1.801 1.669 1.544 1.453 1.364 1.27 1.186 1.113 1.061 1.016 0.9702 0.9245 0.8754 0.8192 0.7629 0.7065 0.6366 0.5722 0.4984 0.4252 0.3515 0.2804 0.2137 0.1564 0.1092 0 0 0 0 0 0 0 0 0 0 0 0 0 0 1 1 1 1 1 1 1 1 1 1 1 1 1 1 1 1 1 1 1 1 1 .
For maximum weight 3.074: integral relative change: 0
Final weights: 
1 1 1 1 1 1 1 1 1 1 2.784 3.074 2.661 2.24 1.976 1.881 1.801 1.669 1.544 1.453 1.364 1.27 1.186 1.113 1.061 1.016 0.9702 0.9245 0.8754 0.8192 0.7629 0.7065 0.6366 0.5722 0.4984 0.4252 0.3515 0.2804 0.2137 0.1564 0.1092 0 0 0 0 0 0 0 0 0 0 0 0 0 0 1 1 1 1 1 1 1 1 1 1 1 1 1 1 1 1 1 1 1 1 1 .
begin job of lepCalProducer
initializing all the rochester correction objects
initializing the egamma calibrator
Processed 10000000/15896711 entries (elapsed time     0.2s, curr speed   41.667 kHz, avg speed 41666.667 kHz), accepted        1/       1 events (100.00%)
Processed 10010000/15896711 entries (elapsed time    13.7s, curr speed    0.743 kHz, avg speed  731.191 kHz), accepted    10001/   10001 events (100.00%)
Processed 10020000/15896711 entries (elapsed time    27.5s, curr speed    0.725 kHz, avg speed  364.496 kHz), accepted    20001/   20001 events (100.00%)
Processed 10030000/15896711 entries (elapsed time    41.3s, curr speed    0.726 kHz, avg speed  243.034 kHz), accepted    30001/   30001 events (100.00%)
Processed 10040000/15896711 entries (elapsed time    55.1s, curr speed    0.722 kHz, avg speed  182.115 kHz), accepted    40001/   40001 events (100.00%)
Processed 10050000/15896711 entries (elapsed time    69.2s, curr speed    0.710 kHz, avg speed  145.210 kHz), accepted    50001/   50001 events (100.00%)
Processed 10060000/15896711 entries (elapsed time    83.0s, curr speed    0.725 kHz, avg speed  121.205 kHz), accepted    60001/   60001 events (100.00%)
Processed 10070000/15896711 entries (elapsed time    96.1s, curr speed    0.765 kHz, avg speed  104.808 kHz), accepted    70001/   70001 events (100.00%)
Processed 10080000/15896711 entries (elapsed time   108.5s, curr speed    0.805 kHz, avg speed   92.903 kHz), accepted    80001/   80001 events (100.00%)
Processed 10090000/15896711 entries (elapsed time   120.6s, curr speed    0.824 kHz, avg speed   83.637 kHz), accepted    90001/   90001 events (100.00%)
Processed 10100000/15896711 entries (elapsed time   132.9s, curr speed    0.816 kHz, avg speed   76.003 kHz), accepted   100001/  100001 events (100.00%)
Processed 10110000/15896711 entries (elapsed time   145.1s, curr speed    0.817 kHz, avg speed   69.662 kHz), accepted   110001/  110001 events (100.00%)
Processed 10120000/15896711 entries (elapsed time   157.4s, curr speed    0.814 kHz, avg speed   64.291 kHz), accepted   120001/  120001 events (100.00%)
Processed 10130000/15896711 entries (elapsed time   185.7s, curr speed    0.354 kHz, avg speed   54.562 kHz), accepted   130001/  130001 events (100.00%)
Processed 10140000/15896711 entries (elapsed time   198.0s, curr speed    0.812 kHz, avg speed   51.220 kHz), accepted   140001/  140001 events (100.00%)
Processed 10150000/15896711 entries (elapsed time   210.3s, curr speed    0.814 kHz, avg speed   48.274 kHz), accepted   150001/  150001 events (100.00%)
Processed 10160000/15896711 entries (elapsed time   222.6s, curr speed    0.811 kHz, avg speed   45.644 kHz), accepted   160001/  160001 events (100.00%)
Processed 10170000/15896711 entries (elapsed time   234.9s, curr speed    0.810 kHz, avg speed   43.288 kHz), accepted   170001/  170001 events (100.00%)
Processed 10180000/15896711 entries (elapsed time   247.2s, curr speed    0.813 kHz, avg speed   41.175 kHz), accepted   180001/  180001 events (100.00%)
Processed 10190000/15896711 entries (elapsed time   259.6s, curr speed    0.811 kHz, avg speed   39.257 kHz), accepted   190001/  190001 events (100.00%)
Processed 10200000/15896711 entries (elapsed time   288.1s, curr speed    0.351 kHz, avg speed   35.408 kHz), accepted   200001/  200001 events (100.00%)
Processed 10210000/15896711 entries (elapsed time   300.3s, curr speed    0.818 kHz, avg speed   33.999 kHz), accepted   210001/  210001 events (100.00%)
Processed 10220000/15896711 entries (elapsed time   312.7s, curr speed    0.808 kHz, avg speed   32.685 kHz), accepted   220001/  220001 events (100.00%)
Processed 10230000/15896711 entries (elapsed time   324.9s, curr speed    0.820 kHz, avg speed   31.490 kHz), accepted   230001/  230001 events (100.00%)
Processed 10240000/15896711 entries (elapsed time   337.3s, curr speed    0.802 kHz, avg speed   30.355 kHz), accepted   240001/  240001 events (100.00%)
Processed 250000 entries from MY_EOS_SPACE/heppyNtuples/TREES_SingleMuon2016BCDEF_94X/SingleMuon_Run2016F_part2/treeProducerWMass/tree.root, selected 250000 entries
Done MY_EOS_SPACE/heppyNtuples/TREES_SingleMuon2016BCDEF_94X/friends/tree_Friend_SingleMuon_Run2016F_part2.chunk40.root
