000 (322885.024.000) 05/10 15:24:46 Job submitted from host: <188.184.95.166:9618?addrs=188.184.95.166-9618+[2001-1458-201-e4--100-7a0]-9618&alias=tbird02.cern.ch&noUDP&sock=schedd_2138722_faad_3>
...
040 (322885.024.000) 05/10 15:27:47 Started transferring input files
	Transferring to host: <188.184.186.65:9618?addrs=188.184.186.65-9618+[2001-1458-301-f8--100-2a]-9618&noUDP&sock=20194_3fee_19120>
...
040 (322885.024.000) 05/10 15:27:47 Finished transferring input files
...
001 (322885.024.000) 05/10 15:27:48 Job executing on host: <188.184.186.65:9618?addrs=188.184.186.65-9618+[2001-1458-301-f8--100-2a]-9618&noUDP&sock=2326_0560_3>
...
006 (322885.024.000) 05/10 15:27:56 Image size of job updated: 235440
	220  -  MemoryUsage of job (MB)
	224284  -  ResidentSetSize of job (KB)
...
006 (322885.024.000) 05/10 15:32:56 Image size of job updated: 501772
	480  -  MemoryUsage of job (MB)
	490748  -  ResidentSetSize of job (KB)
...
006 (322885.024.000) 05/10 15:36:11 Image size of job updated: 685728
	480  -  MemoryUsage of job (MB)
	490748  -  ResidentSetSize of job (KB)
...
040 (322885.024.000) 05/10 15:36:11 Started transferring output files
...
040 (322885.024.000) 05/10 15:36:11 Finished transferring output files
...
005 (322885.024.000) 05/10 15:36:11 Job terminated.
	(1) Normal termination (return value 1)
		Usr 0 00:07:14, Sys 0 00:00:42  -  Run Remote Usage
		Usr 0 00:00:00, Sys 0 00:00:00  -  Run Local Usage
		Usr 0 00:07:14, Sys 0 00:00:42  -  Total Remote Usage
		Usr 0 00:00:00, Sys 0 00:00:00  -  Total Local Usage
	9477  -  Run Bytes Sent By Job
	10941  -  Run Bytes Received By Job
	9477  -  Total Bytes Sent By Job
	10941  -  Total Bytes Received By Job
	Partitionable Resources :    Usage  Request Allocated 
	   Cpus                 :        0        1         1 
	   Disk (KB)            :       79        1    216301 
	   Memory (MB)          :      480     2000      2000 
...
