000 (322900.038.000) 05/10 15:25:00 Job submitted from host: <188.184.95.166:9618?addrs=188.184.95.166-9618+[2001-1458-201-e4--100-7a0]-9618&alias=tbird02.cern.ch&noUDP&sock=schedd_2138722_faad_3>
...
040 (322900.038.000) 05/10 15:38:53 Started transferring input files
	Transferring to host: <128.142.240.54:9618?addrs=128.142.240.54-9618+[--1]-9618&noUDP&sock=3141_de59_8892>
...
040 (322900.038.000) 05/10 15:38:53 Finished transferring input files
...
001 (322900.038.000) 05/10 15:38:54 Job executing on host: <128.142.240.54:9618?addrs=128.142.240.54-9618+[--1]-9618&noUDP&sock=2277_693c_3>
...
006 (322900.038.000) 05/10 15:39:02 Image size of job updated: 168428
	103  -  MemoryUsage of job (MB)
	105236  -  ResidentSetSize of job (KB)
...
006 (322900.038.000) 05/10 15:44:02 Image size of job updated: 575236
	481  -  MemoryUsage of job (MB)
	492128  -  ResidentSetSize of job (KB)
...
040 (322900.038.000) 05/10 15:46:05 Started transferring output files
...
040 (322900.038.000) 05/10 15:46:05 Finished transferring output files
...
005 (322900.038.000) 05/10 15:46:05 Job terminated.
	(1) Normal termination (return value 1)
		Usr 0 00:05:55, Sys 0 00:00:41  -  Run Remote Usage
		Usr 0 00:00:00, Sys 0 00:00:00  -  Run Local Usage
		Usr 0 00:05:55, Sys 0 00:00:41  -  Total Remote Usage
		Usr 0 00:00:00, Sys 0 00:00:00  -  Total Local Usage
	14785  -  Run Bytes Sent By Job
	10941  -  Run Bytes Received By Job
	14785  -  Total Bytes Sent By Job
	10941  -  Total Bytes Received By Job
	Partitionable Resources :    Usage  Request Allocated 
	   Cpus                 :                 1           
	   Disk (KB)            :       75        1   2205720 
	   Memory (MB)          :      481     2000      2000 
...
