000 (322883.032.000) 05/10 15:24:44 Job submitted from host: <188.184.95.166:9618?addrs=188.184.95.166-9618+[2001-1458-201-e4--100-7a0]-9618&alias=tbird02.cern.ch&noUDP&sock=schedd_2138722_faad_3>
...
040 (322883.032.000) 05/10 15:26:32 Started transferring input files
	Transferring to host: <128.142.224.182:9618?addrs=128.142.224.182-9618+[2001-1458-301-84--100-117]-9618&noUDP&sock=3806_6bd4_113462>
...
040 (322883.032.000) 05/10 15:26:32 Finished transferring input files
...
001 (322883.032.000) 05/10 15:26:33 Job executing on host: <128.142.224.182:9618?addrs=128.142.224.182-9618+[2001-1458-301-84--100-117]-9618&noUDP&sock=2333_d28a_3>
...
006 (322883.032.000) 05/10 15:26:41 Image size of job updated: 174424
	104  -  MemoryUsage of job (MB)
	105500  -  ResidentSetSize of job (KB)
...
006 (322883.032.000) 05/10 15:31:41 Image size of job updated: 575996
	479  -  MemoryUsage of job (MB)
	489920  -  ResidentSetSize of job (KB)
...
006 (322883.032.000) 05/10 15:32:12 Image size of job updated: 577408
	479  -  MemoryUsage of job (MB)
	489920  -  ResidentSetSize of job (KB)
...
040 (322883.032.000) 05/10 15:32:12 Started transferring output files
...
040 (322883.032.000) 05/10 15:32:12 Finished transferring output files
...
005 (322883.032.000) 05/10 15:32:12 Job terminated.
	(1) Normal termination (return value 1)
		Usr 0 00:04:53, Sys 0 00:00:36  -  Run Remote Usage
		Usr 0 00:00:00, Sys 0 00:00:00  -  Run Local Usage
		Usr 0 00:04:53, Sys 0 00:00:36  -  Total Remote Usage
		Usr 0 00:00:00, Sys 0 00:00:00  -  Total Local Usage
	9477  -  Run Bytes Sent By Job
	10941  -  Run Bytes Received By Job
	9477  -  Total Bytes Sent By Job
	10941  -  Total Bytes Received By Job
	Partitionable Resources :    Usage  Request Allocated 
	   Cpus                 :                 1           
	   Disk (KB)            :       72        1   2200811 
	   Memory (MB)          :      479     2000      2000 
...
