000 (322893.037.000) 05/10 15:24:53 Job submitted from host: <188.184.95.166:9618?addrs=188.184.95.166-9618+[2001-1458-201-e4--100-7a0]-9618&alias=tbird02.cern.ch&noUDP&sock=schedd_2138722_faad_3>
...
040 (322893.037.000) 05/10 15:34:16 Started transferring input files
	Transferring to host: <188.184.186.25:9618?addrs=188.184.186.25-9618+[2001-1458-301-f8--100-22]-9618&noUDP&sock=6127_c692_18160>
...
040 (322893.037.000) 05/10 15:34:16 Finished transferring input files
...
001 (322893.037.000) 05/10 15:34:17 Job executing on host: <188.184.186.25:9618?addrs=188.184.186.25-9618+[2001-1458-301-f8--100-22]-9618&noUDP&sock=2442_965d_3>
...
006 (322893.037.000) 05/10 15:34:26 Image size of job updated: 59328
	58  -  MemoryUsage of job (MB)
	59324  -  ResidentSetSize of job (KB)
...
006 (322893.037.000) 05/10 15:39:27 Image size of job updated: 495076
	480  -  MemoryUsage of job (MB)
	490568  -  ResidentSetSize of job (KB)
...
040 (322893.037.000) 05/10 15:42:56 Started transferring output files
...
040 (322893.037.000) 05/10 15:42:56 Finished transferring output files
...
005 (322893.037.000) 05/10 15:42:56 Job terminated.
	(1) Normal termination (return value 1)
		Usr 0 00:07:08, Sys 0 00:00:41  -  Run Remote Usage
		Usr 0 00:00:00, Sys 0 00:00:00  -  Run Local Usage
		Usr 0 00:07:08, Sys 0 00:00:41  -  Total Remote Usage
		Usr 0 00:00:00, Sys 0 00:00:00  -  Total Local Usage
	9477  -  Run Bytes Sent By Job
	10941  -  Run Bytes Received By Job
	9477  -  Total Bytes Sent By Job
	10941  -  Total Bytes Received By Job
	Partitionable Resources :    Usage  Request Allocated 
	   Cpus                 :        0        1         1 
	   Disk (KB)            :       80        1    212020 
	   Memory (MB)          :      480     2000      2000 
...
