   SingleMuon_Run2016B_part2   DATA  64 chunks


I have 1 taks to process
I'm using the following list of modules DEFAULT_MODULES
this is jobs [('SingleMuon_Run2016B_part2', 'MY_EOS_SPACE/heppyNtuples/TREES_SingleMuon2016BCDEF_94X/SingleMuon_Run2016B_part2/treeProducerWMass/tree.root', 30940940.0, '_Friend_SingleMuon_Run2016B_part2.chunk24', True, xrange(6000000, 6250000), 24)]
Modules to run:  []   name =  puWeight
Loading puWeight from CMGTools.WMass.postprocessing.examples.puWeightProducer 
Running on dataset =  SingleMuon_Run2016B_part2
TFile: name=/afs/cern.ch/work/m/mciprian/w_mass_analysis/heppy/rel_slc7/CMSSW_9_4_12/src/CMGTools/WMass/python/postprocessing/data/pileup/pileup_profile_Summer16.root, title=, option=READ
TFile: name=/afs/cern.ch/work/m/mciprian/w_mass_analysis/heppy/rel_slc7/CMSSW_9_4_12/src/CMGTools/WMass/python/postprocessing/data/pileup/PileupData_GoldenJSON_Full2016.root, title=, option=READ
Load C++ Worker
Modules to run:  []   name =  puWeight2016BF
Loading puWeight2016BF from CMGTools.WMass.postprocessing.examples.puWeightProducer 
Running on dataset =  SingleMuon_Run2016B_part2
TFile: name=/afs/cern.ch/work/m/mciprian/w_mass_analysis/heppy/rel_slc7/CMSSW_9_4_12/src/CMGTools/WMass/python/postprocessing/data/pileup/pileup_profile_Summer16.root, title=, option=READ
TFile: name=/afs/cern.ch/work/m/mciprian/w_mass_analysis/heppy/rel_slc7/CMSSW_9_4_12/src/CMGTools/WMass/python/postprocessing/data/pileup/PileupData_GoldenJSON_2016BF.root, title=, option=READ
Modules to run:  []   name =  lepQCDAwayJetAll
Loading lepQCDAwayJetAll from CMGTools.WMass.postprocessing.examples.lepVarProducer 
Running on dataset =  SingleMuon_Run2016B_part2
Modules to run:  []   name =  muCalibratedWithStatVar
Loading muCalibratedWithStatVar from CMGTools.WMass.postprocessing.examples.lepVarProducer 
Running on dataset =  SingleMuon_Run2016B_part2
did not find EnergyScaleCorrection shared object, rebuilding
trying to load all the rochester correction libraries
did not find legacy data roccor. rebuilding...
done building legacy data roccor.
Modules to run:  []   name =  jetAllReCleaner
Loading jetAllReCleaner from CMGTools.WMass.postprocessing.examples.jetReCleaner 
Running on dataset =  SingleMuon_Run2016B_part2
Load C++ Worker
Modules to run:  []   name =  jetReCleaner
Loading jetReCleaner from CMGTools.WMass.postprocessing.examples.jetReCleaner 
Running on dataset =  SingleMuon_Run2016B_part2
Load C++ Worker
Modules to run:  []   name =  genQEDJets
Loading genQEDJets from CMGTools.WMass.postprocessing.examples.genFriendProducer 
Running on dataset =  SingleMuon_Run2016B_part2
Will write selected trees to MY_EOS_SPACE/heppyNtuples/TREES_SingleMuon2016BCDEF_94X/friends/
Normalization of pu_mc: 0.999973
Normalization of pileup: 3.65129e+10
Weights for variable pu_mc with a number of bins equal to 76:
1 1 1 1 1 1 1 1 1 1 1.616 1.923 1.917 1.762 1.611 1.554 1.506 1.414 1.317 1.241 1.169 1.109 1.071 1.04 1.019 1.001 0.9873 0.9825 0.9828 0.9811 0.9811 0.9792 0.9531 0.9274 0.8773 0.8171 0.7432 0.6594 0.5661 0.4725 0.3811 0.2987 0.2215 0.1581 0 0 0 0 0 0 0 0 0 0 0 1 1 1 1 1 1 1 1 1 1 1 1 1 1 1 1 1 1 1 1 1 .
Final weights: 
1 1 1 1 1 1 1 1 1 1 1.616 1.923 1.917 1.762 1.611 1.554 1.506 1.414 1.317 1.241 1.169 1.109 1.071 1.04 1.019 1.001 0.9873 0.9825 0.9828 0.9811 0.9811 0.9792 0.9531 0.9274 0.8773 0.8171 0.7432 0.6594 0.5661 0.4725 0.3811 0.2987 0.2215 0.1581 0 0 0 0 0 0 0 0 0 0 0 1 1 1 1 1 1 1 1 1 1 1 1 1 1 1 1 1 1 1 1 1 .
Normalization of pu_mc: 1
Normalization of pileup: 2.014e+10
Weights for variable pu_mc with a number of bins equal to 76:
1 1 1 1 1 1 1 1 1 1 2.784 3.074 2.661 2.24 1.976 1.881 1.801 1.669 1.544 1.453 1.364 1.27 1.186 1.113 1.061 1.016 0.9702 0.9245 0.8754 0.8192 0.7629 0.7065 0.6366 0.5722 0.4984 0.4252 0.3515 0.2804 0.2137 0.1564 0.1092 0 0 0 0 0 0 0 0 0 0 0 0 0 0 1 1 1 1 1 1 1 1 1 1 1 1 1 1 1 1 1 1 1 1 1 .
For maximum weight 3.074: integral relative change: 0
Final weights: 
1 1 1 1 1 1 1 1 1 1 2.784 3.074 2.661 2.24 1.976 1.881 1.801 1.669 1.544 1.453 1.364 1.27 1.186 1.113 1.061 1.016 0.9702 0.9245 0.8754 0.8192 0.7629 0.7065 0.6366 0.5722 0.4984 0.4252 0.3515 0.2804 0.2137 0.1564 0.1092 0 0 0 0 0 0 0 0 0 0 0 0 0 0 1 1 1 1 1 1 1 1 1 1 1 1 1 1 1 1 1 1 1 1 1 .
begin job of lepCalProducer
initializing all the rochester correction objects
initializing the egamma calibrator
Processed  6000000/15872483 entries (elapsed time     0.3s, curr speed   31.250 kHz, avg speed 18750.000 kHz), accepted        1/       1 events (100.00%)
Processed  6010000/15872483 entries (elapsed time    13.7s, curr speed    0.745 kHz, avg speed  437.091 kHz), accepted    10001/   10001 events (100.00%)
Processed  6020000/15872483 entries (elapsed time    27.7s, curr speed    0.717 kHz, avg speed  217.329 kHz), accepted    20001/   20001 events (100.00%)
Processed  6030000/15872483 entries (elapsed time    41.8s, curr speed    0.707 kHz, avg speed  144.120 kHz), accepted    30001/   30001 events (100.00%)
Processed  6040000/15872483 entries (elapsed time    56.6s, curr speed    0.678 kHz, avg speed  106.714 kHz), accepted    40001/   40001 events (100.00%)
Processed  6050000/15872483 entries (elapsed time    70.8s, curr speed    0.703 kHz, avg speed   85.428 kHz), accepted    50001/   50001 events (100.00%)
Processed  6060000/15872483 entries (elapsed time    88.1s, curr speed    0.579 kHz, avg speed   68.785 kHz), accepted    60001/   60001 events (100.00%)
Processed  6070000/15872483 entries (elapsed time   104.0s, curr speed    0.631 kHz, avg speed   58.388 kHz), accepted    70001/   70001 events (100.00%)
Processed  6080000/15872483 entries (elapsed time   117.9s, curr speed    0.715 kHz, avg speed   51.552 kHz), accepted    80001/   80001 events (100.00%)
Processed  6090000/15872483 entries (elapsed time   131.1s, curr speed    0.757 kHz, avg speed   46.435 kHz), accepted    90001/   90001 events (100.00%)
Processed  6100000/15872483 entries (elapsed time   144.8s, curr speed    0.732 kHz, avg speed   42.121 kHz), accepted   100001/  100001 events (100.00%)
Processed  6110000/15872483 entries (elapsed time   158.1s, curr speed    0.751 kHz, avg speed   38.639 kHz), accepted   110001/  110001 events (100.00%)
Processed  6120000/15872483 entries (elapsed time   172.9s, curr speed    0.678 kHz, avg speed   35.402 kHz), accepted   120001/  120001 events (100.00%)
Processed  6130000/15872483 entries (elapsed time   204.9s, curr speed    0.312 kHz, avg speed   29.913 kHz), accepted   130001/  130001 events (100.00%)
Processed  6140000/15872483 entries (elapsed time   219.0s, curr speed    0.710 kHz, avg speed   28.035 kHz), accepted   140001/  140001 events (100.00%)
Processed  6150000/15872483 entries (elapsed time   233.8s, curr speed    0.676 kHz, avg speed   26.305 kHz), accepted   150001/  150001 events (100.00%)
Processed  6160000/15872483 entries (elapsed time   249.6s, curr speed    0.634 kHz, avg speed   24.682 kHz), accepted   160001/  160001 events (100.00%)
Processed  6170000/15872483 entries (elapsed time   265.8s, curr speed    0.615 kHz, avg speed   23.211 kHz), accepted   170001/  170001 events (100.00%)
Processed  6180000/15872483 entries (elapsed time   282.1s, curr speed    0.615 kHz, avg speed   21.908 kHz), accepted   180001/  180001 events (100.00%)
Processed  6190000/15872483 entries (elapsed time   298.5s, curr speed    0.610 kHz, avg speed   20.738 kHz), accepted   190001/  190001 events (100.00%)
Processed  6200000/15872483 entries (elapsed time   335.6s, curr speed    0.269 kHz, avg speed   18.473 kHz), accepted   200001/  200001 events (100.00%)
Processed  6210000/15872483 entries (elapsed time   351.0s, curr speed    0.650 kHz, avg speed   17.692 kHz), accepted   210001/  210001 events (100.00%)
Processed  6220000/15872483 entries (elapsed time   367.1s, curr speed    0.623 kHz, avg speed   16.946 kHz), accepted   220001/  220001 events (100.00%)
Processed  6230000/15872483 entries (elapsed time   383.3s, curr speed    0.614 kHz, avg speed   16.252 kHz), accepted   230001/  230001 events (100.00%)
Processed  6240000/15872483 entries (elapsed time   399.5s, curr speed    0.620 kHz, avg speed   15.621 kHz), accepted   240001/  240001 events (100.00%)
Processed 250000 entries from MY_EOS_SPACE/heppyNtuples/TREES_SingleMuon2016BCDEF_94X/SingleMuon_Run2016B_part2/treeProducerWMass/tree.root, selected 250000 entries
Done MY_EOS_SPACE/heppyNtuples/TREES_SingleMuon2016BCDEF_94X/friends/tree_Friend_SingleMuon_Run2016B_part2.chunk24.root
