000 (322891.010.000) 05/10 15:24:51 Job submitted from host: <188.184.95.166:9618?addrs=188.184.95.166-9618+[2001-1458-201-e4--100-7a0]-9618&alias=tbird02.cern.ch&noUDP&sock=schedd_2138722_faad_3>
...
040 (322891.010.000) 05/10 15:32:32 Started transferring input files
	Transferring to host: <188.184.133.229:9618?addrs=188.184.133.229-9618+[2001-1458-301-a0--100-382]-9618&noUDP&sock=13010_78ca_101747>
...
040 (322891.010.000) 05/10 15:32:32 Finished transferring input files
...
001 (322891.010.000) 05/10 15:32:33 Job executing on host: <188.184.133.229:9618?addrs=188.184.133.229-9618+[2001-1458-301-a0--100-382]-9618&noUDP&sock=12791_23fc_3>
...
006 (322891.010.000) 05/10 15:32:42 Image size of job updated: 314384
	226  -  MemoryUsage of job (MB)
	231232  -  ResidentSetSize of job (KB)
...
006 (322891.010.000) 05/10 15:37:43 Image size of job updated: 496572
	479  -  MemoryUsage of job (MB)
	490116  -  ResidentSetSize of job (KB)
...
040 (322891.010.000) 05/10 15:38:32 Started transferring output files
...
040 (322891.010.000) 05/10 15:38:32 Finished transferring output files
...
005 (322891.010.000) 05/10 15:38:32 Job terminated.
	(1) Normal termination (return value 1)
		Usr 0 00:05:19, Sys 0 00:00:34  -  Run Remote Usage
		Usr 0 00:00:00, Sys 0 00:00:00  -  Run Local Usage
		Usr 0 00:05:19, Sys 0 00:00:34  -  Total Remote Usage
		Usr 0 00:00:00, Sys 0 00:00:00  -  Total Local Usage
	9477  -  Run Bytes Sent By Job
	10941  -  Run Bytes Received By Job
	9477  -  Total Bytes Sent By Job
	10941  -  Total Bytes Received By Job
	Partitionable Resources :    Usage  Request Allocated 
	   Cpus                 :                 1           
	   Disk (KB)            :       72        1   2195728 
	   Memory (MB)          :      479     2000      2000 
...
