   SingleMuon_Run2016F_part3   DATA  49 chunks


I have 1 taks to process
I'm using the following list of modules DEFAULT_MODULES
this is jobs [('SingleMuon_Run2016F_part3', 'MY_EOS_SPACE/heppyNtuples/TREES_SingleMuon2016BCDEF_94X/SingleMuon_Run2016F_part3/treeProducerWMass/tree.root', 18920245.0, '_Friend_SingleMuon_Run2016F_part3.chunk28', True, xrange(7000000, 7250000), 28)]
Modules to run:  []   name =  puWeight
Loading puWeight from CMGTools.WMass.postprocessing.examples.puWeightProducer 
Running on dataset =  SingleMuon_Run2016F_part3
TFile: name=/afs/cern.ch/work/m/mciprian/w_mass_analysis/heppy/rel_slc7/CMSSW_9_4_12/src/CMGTools/WMass/python/postprocessing/data/pileup/pileup_profile_Summer16.root, title=, option=READ
TFile: name=/afs/cern.ch/work/m/mciprian/w_mass_analysis/heppy/rel_slc7/CMSSW_9_4_12/src/CMGTools/WMass/python/postprocessing/data/pileup/PileupData_GoldenJSON_Full2016.root, title=, option=READ
Load C++ Worker
Modules to run:  []   name =  puWeight2016BF
Loading puWeight2016BF from CMGTools.WMass.postprocessing.examples.puWeightProducer 
Running on dataset =  SingleMuon_Run2016F_part3
TFile: name=/afs/cern.ch/work/m/mciprian/w_mass_analysis/heppy/rel_slc7/CMSSW_9_4_12/src/CMGTools/WMass/python/postprocessing/data/pileup/pileup_profile_Summer16.root, title=, option=READ
TFile: name=/afs/cern.ch/work/m/mciprian/w_mass_analysis/heppy/rel_slc7/CMSSW_9_4_12/src/CMGTools/WMass/python/postprocessing/data/pileup/PileupData_GoldenJSON_2016BF.root, title=, option=READ
Modules to run:  []   name =  lepQCDAwayJetAll
Loading lepQCDAwayJetAll from CMGTools.WMass.postprocessing.examples.lepVarProducer 
Running on dataset =  SingleMuon_Run2016F_part3
Modules to run:  []   name =  muCalibratedWithStatVar
Loading muCalibratedWithStatVar from CMGTools.WMass.postprocessing.examples.lepVarProducer 
Running on dataset =  SingleMuon_Run2016F_part3
did not find EnergyScaleCorrection shared object, rebuilding
trying to load all the rochester correction libraries
did not find legacy data roccor. rebuilding...
done building legacy data roccor.
Modules to run:  []   name =  jetAllReCleaner
Loading jetAllReCleaner from CMGTools.WMass.postprocessing.examples.jetReCleaner 
Running on dataset =  SingleMuon_Run2016F_part3
Load C++ Worker
Modules to run:  []   name =  jetReCleaner
Loading jetReCleaner from CMGTools.WMass.postprocessing.examples.jetReCleaner 
Running on dataset =  SingleMuon_Run2016F_part3
Load C++ Worker
Modules to run:  []   name =  genQEDJets
Loading genQEDJets from CMGTools.WMass.postprocessing.examples.genFriendProducer 
Running on dataset =  SingleMuon_Run2016F_part3
Will write selected trees to MY_EOS_SPACE/heppyNtuples/TREES_SingleMuon2016BCDEF_94X/friends/
Normalization of pu_mc: 0.999973
Normalization of pileup: 3.65129e+10
Weights for variable pu_mc with a number of bins equal to 76:
1 1 1 1 1 1 1 1 1 1 1.616 1.923 1.917 1.762 1.611 1.554 1.506 1.414 1.317 1.241 1.169 1.109 1.071 1.04 1.019 1.001 0.9873 0.9825 0.9828 0.9811 0.9811 0.9792 0.9531 0.9274 0.8773 0.8171 0.7432 0.6594 0.5661 0.4725 0.3811 0.2987 0.2215 0.1581 0 0 0 0 0 0 0 0 0 0 0 1 1 1 1 1 1 1 1 1 1 1 1 1 1 1 1 1 1 1 1 1 .
Final weights: 
1 1 1 1 1 1 1 1 1 1 1.616 1.923 1.917 1.762 1.611 1.554 1.506 1.414 1.317 1.241 1.169 1.109 1.071 1.04 1.019 1.001 0.9873 0.9825 0.9828 0.9811 0.9811 0.9792 0.9531 0.9274 0.8773 0.8171 0.7432 0.6594 0.5661 0.4725 0.3811 0.2987 0.2215 0.1581 0 0 0 0 0 0 0 0 0 0 0 1 1 1 1 1 1 1 1 1 1 1 1 1 1 1 1 1 1 1 1 1 .
Normalization of pu_mc: 1
Normalization of pileup: 2.014e+10
Weights for variable pu_mc with a number of bins equal to 76:
1 1 1 1 1 1 1 1 1 1 2.784 3.074 2.661 2.24 1.976 1.881 1.801 1.669 1.544 1.453 1.364 1.27 1.186 1.113 1.061 1.016 0.9702 0.9245 0.8754 0.8192 0.7629 0.7065 0.6366 0.5722 0.4984 0.4252 0.3515 0.2804 0.2137 0.1564 0.1092 0 0 0 0 0 0 0 0 0 0 0 0 0 0 1 1 1 1 1 1 1 1 1 1 1 1 1 1 1 1 1 1 1 1 1 .
For maximum weight 3.074: integral relative change: 0
Final weights: 
1 1 1 1 1 1 1 1 1 1 2.784 3.074 2.661 2.24 1.976 1.881 1.801 1.669 1.544 1.453 1.364 1.27 1.186 1.113 1.061 1.016 0.9702 0.9245 0.8754 0.8192 0.7629 0.7065 0.6366 0.5722 0.4984 0.4252 0.3515 0.2804 0.2137 0.1564 0.1092 0 0 0 0 0 0 0 0 0 0 0 0 0 0 1 1 1 1 1 1 1 1 1 1 1 1 1 1 1 1 1 1 1 1 1 .
begin job of lepCalProducer
initializing all the rochester correction objects
initializing the egamma calibrator
Processed  7000000/12238304 entries (elapsed time     0.3s, curr speed   34.483 kHz, avg speed 24137.931 kHz), accepted        1/       1 events (100.00%)
Processed  7010000/12238304 entries (elapsed time    24.4s, curr speed    0.414 kHz, avg speed  287.060 kHz), accepted    10001/   10001 events (100.00%)
Processed  7020000/12238304 entries (elapsed time    48.7s, curr speed    0.412 kHz, avg speed  144.237 kHz), accepted    20001/   20001 events (100.00%)
Processed  7030000/12238304 entries (elapsed time    73.7s, curr speed    0.400 kHz, avg speed   95.439 kHz), accepted    30001/   30001 events (100.00%)
Processed  7040000/12238304 entries (elapsed time    98.5s, curr speed    0.402 kHz, avg speed   71.465 kHz), accepted    40001/   40001 events (100.00%)
Processed  7050000/12238304 entries (elapsed time   123.6s, curr speed    0.399 kHz, avg speed   57.053 kHz), accepted    50001/   50001 events (100.00%)
Processed  7060000/12238304 entries (elapsed time   148.4s, curr speed    0.402 kHz, avg speed   47.561 kHz), accepted    60001/   60001 events (100.00%)
Processed  7070000/12238304 entries (elapsed time   172.0s, curr speed    0.425 kHz, avg speed   41.107 kHz), accepted    70001/   70001 events (100.00%)
Processed  7080000/12238304 entries (elapsed time   192.4s, curr speed    0.491 kHz, avg speed   36.806 kHz), accepted    80001/   80001 events (100.00%)
Processed  7090000/12238304 entries (elapsed time   213.4s, curr speed    0.475 kHz, avg speed   33.221 kHz), accepted    90001/   90001 events (100.00%)
Processed  7100000/12238304 entries (elapsed time   233.2s, curr speed    0.506 kHz, avg speed   30.446 kHz), accepted   100001/  100001 events (100.00%)
Processed  7110000/12238304 entries (elapsed time   254.3s, curr speed    0.473 kHz, avg speed   27.956 kHz), accepted   110001/  110001 events (100.00%)
Processed  7120000/12238304 entries (elapsed time   273.5s, curr speed    0.521 kHz, avg speed   26.031 kHz), accepted   120001/  120001 events (100.00%)
Processed  7130000/12238304 entries (elapsed time   322.1s, curr speed    0.206 kHz, avg speed   22.138 kHz), accepted   130001/  130001 events (100.00%)
Processed  7140000/12238304 entries (elapsed time   342.2s, curr speed    0.497 kHz, avg speed   20.865 kHz), accepted   140001/  140001 events (100.00%)
Processed  7150000/12238304 entries (elapsed time   362.4s, curr speed    0.495 kHz, avg speed   19.730 kHz), accepted   150001/  150001 events (100.00%)
Processed  7160000/12238304 entries (elapsed time   382.8s, curr speed    0.490 kHz, avg speed   18.703 kHz), accepted   160001/  160001 events (100.00%)
Processed  7170000/12238304 entries (elapsed time   403.5s, curr speed    0.484 kHz, avg speed   17.771 kHz), accepted   170001/  170001 events (100.00%)
Processed  7180000/12238304 entries (elapsed time   424.2s, curr speed    0.483 kHz, avg speed   16.927 kHz), accepted   180001/  180001 events (100.00%)
Processed  7190000/12238304 entries (elapsed time   444.1s, curr speed    0.502 kHz, avg speed   16.190 kHz), accepted   190001/  190001 events (100.00%)
Processed  7200000/12238304 entries (elapsed time   491.6s, curr speed    0.210 kHz, avg speed   14.646 kHz), accepted   200001/  200001 events (100.00%)
Processed  7210000/12238304 entries (elapsed time   511.9s, curr speed    0.492 kHz, avg speed   14.084 kHz), accepted   210001/  210001 events (100.00%)
Processed  7220000/12238304 entries (elapsed time   532.7s, curr speed    0.481 kHz, avg speed   13.554 kHz), accepted   220001/  220001 events (100.00%)
Processed  7230000/12238304 entries (elapsed time   553.4s, curr speed    0.484 kHz, avg speed   13.065 kHz), accepted   230001/  230001 events (100.00%)
Processed  7240000/12238304 entries (elapsed time   574.5s, curr speed    0.473 kHz, avg speed   12.602 kHz), accepted   240001/  240001 events (100.00%)
Processed 250000 entries from MY_EOS_SPACE/heppyNtuples/TREES_SingleMuon2016BCDEF_94X/SingleMuon_Run2016F_part3/treeProducerWMass/tree.root, selected 250000 entries
Done MY_EOS_SPACE/heppyNtuples/TREES_SingleMuon2016BCDEF_94X/friends/tree_Friend_SingleMuon_Run2016F_part3.chunk28.root
