   SingleMuon_Run2016C_part1   DATA  60 chunks


I have 1 taks to process
I'm using the following list of modules DEFAULT_MODULES
this is jobs [('SingleMuon_Run2016C_part1', 'MY_EOS_SPACE/heppyNtuples/TREES_SingleMuon2016BCDEF_94X/SingleMuon_Run2016C_part1/treeProducerWMass/tree.root', 27686448.0, '_Friend_SingleMuon_Run2016C_part1.chunk16', True, xrange(4000000, 4250000), 16)]
Modules to run:  []   name =  puWeight
Loading puWeight from CMGTools.WMass.postprocessing.examples.puWeightProducer 
Running on dataset =  SingleMuon_Run2016C_part1
TFile: name=/afs/cern.ch/work/m/mciprian/w_mass_analysis/heppy/rel_slc7/CMSSW_9_4_12/src/CMGTools/WMass/python/postprocessing/data/pileup/pileup_profile_Summer16.root, title=, option=READ
TFile: name=/afs/cern.ch/work/m/mciprian/w_mass_analysis/heppy/rel_slc7/CMSSW_9_4_12/src/CMGTools/WMass/python/postprocessing/data/pileup/PileupData_GoldenJSON_Full2016.root, title=, option=READ
Load C++ Worker
Modules to run:  []   name =  puWeight2016BF
Loading puWeight2016BF from CMGTools.WMass.postprocessing.examples.puWeightProducer 
Running on dataset =  SingleMuon_Run2016C_part1
TFile: name=/afs/cern.ch/work/m/mciprian/w_mass_analysis/heppy/rel_slc7/CMSSW_9_4_12/src/CMGTools/WMass/python/postprocessing/data/pileup/pileup_profile_Summer16.root, title=, option=READ
TFile: name=/afs/cern.ch/work/m/mciprian/w_mass_analysis/heppy/rel_slc7/CMSSW_9_4_12/src/CMGTools/WMass/python/postprocessing/data/pileup/PileupData_GoldenJSON_2016BF.root, title=, option=READ
Modules to run:  []   name =  lepQCDAwayJetAll
Loading lepQCDAwayJetAll from CMGTools.WMass.postprocessing.examples.lepVarProducer 
Running on dataset =  SingleMuon_Run2016C_part1
Modules to run:  []   name =  muCalibratedWithStatVar
Loading muCalibratedWithStatVar from CMGTools.WMass.postprocessing.examples.lepVarProducer 
Running on dataset =  SingleMuon_Run2016C_part1
did not find EnergyScaleCorrection shared object, rebuilding
trying to load all the rochester correction libraries
did not find legacy data roccor. rebuilding...
done building legacy data roccor.
Modules to run:  []   name =  jetAllReCleaner
Loading jetAllReCleaner from CMGTools.WMass.postprocessing.examples.jetReCleaner 
Running on dataset =  SingleMuon_Run2016C_part1
Load C++ Worker
Modules to run:  []   name =  jetReCleaner
Loading jetReCleaner from CMGTools.WMass.postprocessing.examples.jetReCleaner 
Running on dataset =  SingleMuon_Run2016C_part1
Load C++ Worker
Modules to run:  []   name =  genQEDJets
Loading genQEDJets from CMGTools.WMass.postprocessing.examples.genFriendProducer 
Running on dataset =  SingleMuon_Run2016C_part1
Will write selected trees to MY_EOS_SPACE/heppyNtuples/TREES_SingleMuon2016BCDEF_94X/friends/
Normalization of pu_mc: 0.999973
Normalization of pileup: 3.65129e+10
Weights for variable pu_mc with a number of bins equal to 76:
1 1 1 1 1 1 1 1 1 1 1.616 1.923 1.917 1.762 1.611 1.554 1.506 1.414 1.317 1.241 1.169 1.109 1.071 1.04 1.019 1.001 0.9873 0.9825 0.9828 0.9811 0.9811 0.9792 0.9531 0.9274 0.8773 0.8171 0.7432 0.6594 0.5661 0.4725 0.3811 0.2987 0.2215 0.1581 0 0 0 0 0 0 0 0 0 0 0 1 1 1 1 1 1 1 1 1 1 1 1 1 1 1 1 1 1 1 1 1 .
Final weights: 
1 1 1 1 1 1 1 1 1 1 1.616 1.923 1.917 1.762 1.611 1.554 1.506 1.414 1.317 1.241 1.169 1.109 1.071 1.04 1.019 1.001 0.9873 0.9825 0.9828 0.9811 0.9811 0.9792 0.9531 0.9274 0.8773 0.8171 0.7432 0.6594 0.5661 0.4725 0.3811 0.2987 0.2215 0.1581 0 0 0 0 0 0 0 0 0 0 0 1 1 1 1 1 1 1 1 1 1 1 1 1 1 1 1 1 1 1 1 1 .
Normalization of pu_mc: 1
Normalization of pileup: 2.014e+10
Weights for variable pu_mc with a number of bins equal to 76:
1 1 1 1 1 1 1 1 1 1 2.784 3.074 2.661 2.24 1.976 1.881 1.801 1.669 1.544 1.453 1.364 1.27 1.186 1.113 1.061 1.016 0.9702 0.9245 0.8754 0.8192 0.7629 0.7065 0.6366 0.5722 0.4984 0.4252 0.3515 0.2804 0.2137 0.1564 0.1092 0 0 0 0 0 0 0 0 0 0 0 0 0 0 1 1 1 1 1 1 1 1 1 1 1 1 1 1 1 1 1 1 1 1 1 .
For maximum weight 3.074: integral relative change: 0
Final weights: 
1 1 1 1 1 1 1 1 1 1 2.784 3.074 2.661 2.24 1.976 1.881 1.801 1.669 1.544 1.453 1.364 1.27 1.186 1.113 1.061 1.016 0.9702 0.9245 0.8754 0.8192 0.7629 0.7065 0.6366 0.5722 0.4984 0.4252 0.3515 0.2804 0.2137 0.1564 0.1092 0 0 0 0 0 0 0 0 0 0 0 0 0 0 1 1 1 1 1 1 1 1 1 1 1 1 1 1 1 1 1 1 1 1 1 .
begin job of lepCalProducer
initializing all the rochester correction objects
initializing the egamma calibrator
Processed  4000000/14788115 entries (elapsed time     0.3s, curr speed   30.303 kHz, avg speed 12121.212 kHz), accepted        1/       1 events (100.00%)
Processed  4010000/14788115 entries (elapsed time    20.6s, curr speed    0.495 kHz, avg speed  195.134 kHz), accepted    10001/   10001 events (100.00%)
Processed  4020000/14788115 entries (elapsed time    41.0s, curr speed    0.489 kHz, avg speed   98.049 kHz), accepted    20001/   20001 events (100.00%)
Processed  4030000/14788115 entries (elapsed time    62.2s, curr speed    0.471 kHz, avg speed   64.760 kHz), accepted    30001/   30001 events (100.00%)
Processed  4040000/14788115 entries (elapsed time    83.2s, curr speed    0.476 kHz, avg speed   48.540 kHz), accepted    40001/   40001 events (100.00%)
Processed  4050000/14788115 entries (elapsed time   104.4s, curr speed    0.473 kHz, avg speed   38.801 kHz), accepted    50001/   50001 events (100.00%)
Processed  4060000/14788115 entries (elapsed time   126.7s, curr speed    0.447 kHz, avg speed   32.037 kHz), accepted    60001/   60001 events (100.00%)
Processed  4070000/14788115 entries (elapsed time   148.3s, curr speed    0.463 kHz, avg speed   27.439 kHz), accepted    70001/   70001 events (100.00%)
Processed  4080000/14788115 entries (elapsed time   167.7s, curr speed    0.517 kHz, avg speed   24.334 kHz), accepted    80001/   80001 events (100.00%)
Processed  4090000/14788115 entries (elapsed time   188.0s, curr speed    0.492 kHz, avg speed   21.754 kHz), accepted    90001/   90001 events (100.00%)
Processed  4100000/14788115 entries (elapsed time   208.2s, curr speed    0.496 kHz, avg speed   19.694 kHz), accepted   100001/  100001 events (100.00%)
Processed  4110000/14788115 entries (elapsed time   227.6s, curr speed    0.516 kHz, avg speed   18.061 kHz), accepted   110001/  110001 events (100.00%)
Processed  4120000/14788115 entries (elapsed time   246.7s, curr speed    0.522 kHz, avg speed   16.699 kHz), accepted   120001/  120001 events (100.00%)
Processed  4130000/14788115 entries (elapsed time   293.1s, curr speed    0.216 kHz, avg speed   14.091 kHz), accepted   130001/  130001 events (100.00%)
Processed  4140000/14788115 entries (elapsed time   311.5s, curr speed    0.543 kHz, avg speed   13.291 kHz), accepted   140001/  140001 events (100.00%)
Processed  4150000/14788115 entries (elapsed time   331.4s, curr speed    0.503 kHz, avg speed   12.523 kHz), accepted   150001/  150001 events (100.00%)
Processed  4160000/14788115 entries (elapsed time   351.8s, curr speed    0.490 kHz, avg speed   11.825 kHz), accepted   160001/  160001 events (100.00%)
Processed  4170000/14788115 entries (elapsed time   371.4s, curr speed    0.510 kHz, avg speed   11.227 kHz), accepted   170001/  170001 events (100.00%)
Processed  4180000/14788115 entries (elapsed time   392.7s, curr speed    0.470 kHz, avg speed   10.645 kHz), accepted   180001/  180001 events (100.00%)
Processed  4190000/14788115 entries (elapsed time   413.4s, curr speed    0.484 kHz, avg speed   10.137 kHz), accepted   190001/  190001 events (100.00%)
Processed  4200000/14788115 entries (elapsed time   461.2s, curr speed    0.209 kHz, avg speed    9.106 kHz), accepted   200001/  200001 events (100.00%)
Processed  4210000/14788115 entries (elapsed time   482.6s, curr speed    0.468 kHz, avg speed    8.724 kHz), accepted   210001/  210001 events (100.00%)
Processed  4220000/14788115 entries (elapsed time   503.5s, curr speed    0.477 kHz, avg speed    8.381 kHz), accepted   220001/  220001 events (100.00%)
Processed  4230000/14788115 entries (elapsed time   524.4s, curr speed    0.480 kHz, avg speed    8.067 kHz), accepted   230001/  230001 events (100.00%)
Processed  4240000/14788115 entries (elapsed time   545.4s, curr speed    0.476 kHz, avg speed    7.775 kHz), accepted   240001/  240001 events (100.00%)
Processed 250000 entries from MY_EOS_SPACE/heppyNtuples/TREES_SingleMuon2016BCDEF_94X/SingleMuon_Run2016C_part1/treeProducerWMass/tree.root, selected 250000 entries
Done MY_EOS_SPACE/heppyNtuples/TREES_SingleMuon2016BCDEF_94X/friends/tree_Friend_SingleMuon_Run2016C_part1.chunk16.root
