   SingleMuon_Run2016F_part1   DATA  58 chunks


I have 1 taks to process
I'm using the following list of modules DEFAULT_MODULES
this is jobs [('SingleMuon_Run2016F_part1', 'MY_EOS_SPACE/heppyNtuples/TREES_SingleMuon2016BCDEF_94X/SingleMuon_Run2016F_part1/treeProducerWMass/tree.root', 21972419.0, '_Friend_SingleMuon_Run2016F_part1.chunk50', True, xrange(12500000, 12750000), 50)]
Modules to run:  []   name =  puWeight
Loading puWeight from CMGTools.WMass.postprocessing.examples.puWeightProducer 
Running on dataset =  SingleMuon_Run2016F_part1
TFile: name=/afs/cern.ch/work/m/mciprian/w_mass_analysis/heppy/rel_slc7/CMSSW_9_4_12/src/CMGTools/WMass/python/postprocessing/data/pileup/pileup_profile_Summer16.root, title=, option=READ
TFile: name=/afs/cern.ch/work/m/mciprian/w_mass_analysis/heppy/rel_slc7/CMSSW_9_4_12/src/CMGTools/WMass/python/postprocessing/data/pileup/PileupData_GoldenJSON_Full2016.root, title=, option=READ
Load C++ Worker
Modules to run:  []   name =  puWeight2016BF
Loading puWeight2016BF from CMGTools.WMass.postprocessing.examples.puWeightProducer 
Running on dataset =  SingleMuon_Run2016F_part1
TFile: name=/afs/cern.ch/work/m/mciprian/w_mass_analysis/heppy/rel_slc7/CMSSW_9_4_12/src/CMGTools/WMass/python/postprocessing/data/pileup/pileup_profile_Summer16.root, title=, option=READ
TFile: name=/afs/cern.ch/work/m/mciprian/w_mass_analysis/heppy/rel_slc7/CMSSW_9_4_12/src/CMGTools/WMass/python/postprocessing/data/pileup/PileupData_GoldenJSON_2016BF.root, title=, option=READ
Modules to run:  []   name =  lepQCDAwayJetAll
Loading lepQCDAwayJetAll from CMGTools.WMass.postprocessing.examples.lepVarProducer 
Running on dataset =  SingleMuon_Run2016F_part1
Modules to run:  []   name =  muCalibratedWithStatVar
Loading muCalibratedWithStatVar from CMGTools.WMass.postprocessing.examples.lepVarProducer 
Running on dataset =  SingleMuon_Run2016F_part1
did not find EnergyScaleCorrection shared object, rebuilding
trying to load all the rochester correction libraries
did not find legacy data roccor. rebuilding...
done building legacy data roccor.
Modules to run:  []   name =  jetAllReCleaner
Loading jetAllReCleaner from CMGTools.WMass.postprocessing.examples.jetReCleaner 
Running on dataset =  SingleMuon_Run2016F_part1
Load C++ Worker
Modules to run:  []   name =  jetReCleaner
Loading jetReCleaner from CMGTools.WMass.postprocessing.examples.jetReCleaner 
Running on dataset =  SingleMuon_Run2016F_part1
Load C++ Worker
Modules to run:  []   name =  genQEDJets
Loading genQEDJets from CMGTools.WMass.postprocessing.examples.genFriendProducer 
Running on dataset =  SingleMuon_Run2016F_part1
Will write selected trees to MY_EOS_SPACE/heppyNtuples/TREES_SingleMuon2016BCDEF_94X/friends/
Normalization of pu_mc: 0.999973
Normalization of pileup: 3.65129e+10
Weights for variable pu_mc with a number of bins equal to 76:
1 1 1 1 1 1 1 1 1 1 1.616 1.923 1.917 1.762 1.611 1.554 1.506 1.414 1.317 1.241 1.169 1.109 1.071 1.04 1.019 1.001 0.9873 0.9825 0.9828 0.9811 0.9811 0.9792 0.9531 0.9274 0.8773 0.8171 0.7432 0.6594 0.5661 0.4725 0.3811 0.2987 0.2215 0.1581 0 0 0 0 0 0 0 0 0 0 0 1 1 1 1 1 1 1 1 1 1 1 1 1 1 1 1 1 1 1 1 1 .
Final weights: 
1 1 1 1 1 1 1 1 1 1 1.616 1.923 1.917 1.762 1.611 1.554 1.506 1.414 1.317 1.241 1.169 1.109 1.071 1.04 1.019 1.001 0.9873 0.9825 0.9828 0.9811 0.9811 0.9792 0.9531 0.9274 0.8773 0.8171 0.7432 0.6594 0.5661 0.4725 0.3811 0.2987 0.2215 0.1581 0 0 0 0 0 0 0 0 0 0 0 1 1 1 1 1 1 1 1 1 1 1 1 1 1 1 1 1 1 1 1 1 .
Normalization of pu_mc: 1
Normalization of pileup: 2.014e+10
Weights for variable pu_mc with a number of bins equal to 76:
1 1 1 1 1 1 1 1 1 1 2.784 3.074 2.661 2.24 1.976 1.881 1.801 1.669 1.544 1.453 1.364 1.27 1.186 1.113 1.061 1.016 0.9702 0.9245 0.8754 0.8192 0.7629 0.7065 0.6366 0.5722 0.4984 0.4252 0.3515 0.2804 0.2137 0.1564 0.1092 0 0 0 0 0 0 0 0 0 0 0 0 0 0 1 1 1 1 1 1 1 1 1 1 1 1 1 1 1 1 1 1 1 1 1 .
For maximum weight 3.074: integral relative change: 0
Final weights: 
1 1 1 1 1 1 1 1 1 1 2.784 3.074 2.661 2.24 1.976 1.881 1.801 1.669 1.544 1.453 1.364 1.27 1.186 1.113 1.061 1.016 0.9702 0.9245 0.8754 0.8192 0.7629 0.7065 0.6366 0.5722 0.4984 0.4252 0.3515 0.2804 0.2137 0.1564 0.1092 0 0 0 0 0 0 0 0 0 0 0 0 0 0 1 1 1 1 1 1 1 1 1 1 1 1 1 1 1 1 1 1 1 1 1 .
begin job of lepCalProducer
initializing all the rochester correction objects
initializing the egamma calibrator
Processed 12500000/14269436 entries (elapsed time     0.3s, curr speed   33.333 kHz, avg speed 41666.667 kHz), accepted        1/       1 events (100.00%)
Processed 12510000/14269436 entries (elapsed time    24.2s, curr speed    0.419 kHz, avg speed  517.798 kHz), accepted    10001/   10001 events (100.00%)
Processed 12520000/14269436 entries (elapsed time    48.7s, curr speed    0.407 kHz, avg speed  257.084 kHz), accepted    20001/   20001 events (100.00%)
Processed 12530000/14269436 entries (elapsed time    73.5s, curr speed    0.403 kHz, avg speed  170.476 kHz), accepted    30001/   30001 events (100.00%)
Processed 12540000/14269436 entries (elapsed time    97.5s, curr speed    0.417 kHz, avg speed  128.655 kHz), accepted    40001/   40001 events (100.00%)
Processed 12550000/14269436 entries (elapsed time   122.0s, curr speed    0.407 kHz, avg speed  102.860 kHz), accepted    50001/   50001 events (100.00%)
Processed 12560000/14269436 entries (elapsed time   146.2s, curr speed    0.414 kHz, avg speed   85.916 kHz), accepted    60001/   60001 events (100.00%)
Processed 12570000/14269436 entries (elapsed time   169.1s, curr speed    0.436 kHz, avg speed   74.335 kHz), accepted    70001/   70001 events (100.00%)
Processed 12580000/14269436 entries (elapsed time   189.7s, curr speed    0.485 kHz, avg speed   66.305 kHz), accepted    80001/   80001 events (100.00%)
Processed 12590000/14269436 entries (elapsed time   211.3s, curr speed    0.464 kHz, avg speed   59.589 kHz), accepted    90001/   90001 events (100.00%)
Processed 12600000/14269436 entries (elapsed time   232.9s, curr speed    0.462 kHz, avg speed   54.098 kHz), accepted   100001/  100001 events (100.00%)
Processed 12610000/14269436 entries (elapsed time   254.7s, curr speed    0.458 kHz, avg speed   49.501 kHz), accepted   110001/  110001 events (100.00%)
Processed 12620000/14269436 entries (elapsed time   276.2s, curr speed    0.466 kHz, avg speed   45.692 kHz), accepted   120001/  120001 events (100.00%)
Processed 12630000/14269436 entries (elapsed time   324.1s, curr speed    0.209 kHz, avg speed   38.969 kHz), accepted   130001/  130001 events (100.00%)
Processed 12640000/14269436 entries (elapsed time   346.6s, curr speed    0.444 kHz, avg speed   36.467 kHz), accepted   140001/  140001 events (100.00%)
Processed 12650000/14269436 entries (elapsed time   368.7s, curr speed    0.452 kHz, avg speed   34.308 kHz), accepted   150001/  150001 events (100.00%)
Processed 12660000/14269436 entries (elapsed time   390.6s, curr speed    0.457 kHz, avg speed   32.413 kHz), accepted   160001/  160001 events (100.00%)
Processed 12670000/14269436 entries (elapsed time   412.1s, curr speed    0.464 kHz, avg speed   30.743 kHz), accepted   170001/  170001 events (100.00%)
Processed 12680000/14269436 entries (elapsed time   434.0s, curr speed    0.456 kHz, avg speed   29.215 kHz), accepted   180001/  180001 events (100.00%)
Processed 12690000/14269436 entries (elapsed time   455.3s, curr speed    0.470 kHz, avg speed   27.872 kHz), accepted   190001/  190001 events (100.00%)
Processed 12700000/14269436 entries (elapsed time   503.9s, curr speed    0.206 kHz, avg speed   25.204 kHz), accepted   200001/  200001 events (100.00%)
Processed 12710000/14269436 entries (elapsed time   524.4s, curr speed    0.489 kHz, avg speed   24.239 kHz), accepted   210001/  210001 events (100.00%)
Processed 12720000/14269436 entries (elapsed time   545.4s, curr speed    0.476 kHz, avg speed   23.324 kHz), accepted   220001/  220001 events (100.00%)
Processed 12730000/14269436 entries (elapsed time   566.8s, curr speed    0.467 kHz, avg speed   22.460 kHz), accepted   230001/  230001 events (100.00%)
Processed 12740000/14269436 entries (elapsed time   588.0s, curr speed    0.471 kHz, avg speed   21.666 kHz), accepted   240001/  240001 events (100.00%)
Processed 250000 entries from MY_EOS_SPACE/heppyNtuples/TREES_SingleMuon2016BCDEF_94X/SingleMuon_Run2016F_part1/treeProducerWMass/tree.root, selected 250000 entries
Done MY_EOS_SPACE/heppyNtuples/TREES_SingleMuon2016BCDEF_94X/friends/tree_Friend_SingleMuon_Run2016F_part1.chunk50.root
