000 (322889.009.000) 05/10 15:24:49 Job submitted from host: <188.184.95.166:9618?addrs=188.184.95.166-9618+[2001-1458-201-e4--100-7a0]-9618&alias=tbird02.cern.ch&noUDP&sock=schedd_2138722_faad_3>
...
040 (322889.009.000) 05/10 15:31:39 Started transferring input files
	Transferring to host: <188.184.186.38:9618?addrs=188.184.186.38-9618+[2001-1458-301-f8--100-6]-9618&noUDP&sock=2875_728e_57748>
...
040 (322889.009.000) 05/10 15:31:39 Finished transferring input files
...
001 (322889.009.000) 05/10 15:31:40 Job executing on host: <188.184.186.38:9618?addrs=188.184.186.38-9618+[2001-1458-301-f8--100-6]-9618&noUDP&sock=2268_3ce2_3>
...
006 (322889.009.000) 05/10 15:31:49 Image size of job updated: 333320
	243  -  MemoryUsage of job (MB)
	248000  -  ResidentSetSize of job (KB)
...
006 (322889.009.000) 05/10 15:36:49 Image size of job updated: 574488
	243  -  MemoryUsage of job (MB)
	248000  -  ResidentSetSize of job (KB)
...
040 (322889.009.000) 05/10 15:36:49 Started transferring output files
...
040 (322889.009.000) 05/10 15:36:49 Finished transferring output files
...
005 (322889.009.000) 05/10 15:36:49 Job terminated.
	(1) Normal termination (return value 1)
		Usr 0 00:04:31, Sys 0 00:00:33  -  Run Remote Usage
		Usr 0 00:00:00, Sys 0 00:00:00  -  Run Local Usage
		Usr 0 00:04:31, Sys 0 00:00:33  -  Total Remote Usage
		Usr 0 00:00:00, Sys 0 00:00:00  -  Total Local Usage
	9473  -  Run Bytes Sent By Job
	10941  -  Run Bytes Received By Job
	9473  -  Total Bytes Sent By Job
	10941  -  Total Bytes Received By Job
	Partitionable Resources :    Usage  Request Allocated 
	   Cpus                 :                 1           
	   Disk (KB)            :       72        1   2128246 
	   Memory (MB)          :      243     2000      2000 
...
