000 (322891.052.000) 05/10 15:24:51 Job submitted from host: <188.184.95.166:9618?addrs=188.184.95.166-9618+[2001-1458-201-e4--100-7a0]-9618&alias=tbird02.cern.ch&noUDP&sock=schedd_2138722_faad_3>
...
040 (322891.052.000) 05/10 15:33:00 Started transferring input files
	Transferring to host: <188.184.132.11:9618?addrs=188.184.132.11-9618+[2001-1458-301-a0--100-8]-9618&noUDP&sock=4074_405f_126313>
...
040 (322891.052.000) 05/10 15:33:00 Finished transferring input files
...
001 (322891.052.000) 05/10 15:33:01 Job executing on host: <188.184.132.11:9618?addrs=188.184.132.11-9618+[2001-1458-301-a0--100-8]-9618&noUDP&sock=2324_a630_3>
...
006 (322891.052.000) 05/10 15:33:10 Image size of job updated: 315480
	228  -  MemoryUsage of job (MB)
	232556  -  ResidentSetSize of job (KB)
...
006 (322891.052.000) 05/10 15:38:10 Image size of job updated: 492836
	481  -  MemoryUsage of job (MB)
	491804  -  ResidentSetSize of job (KB)
...
006 (322891.052.000) 05/10 15:39:09 Image size of job updated: 902532
	481  -  MemoryUsage of job (MB)
	491804  -  ResidentSetSize of job (KB)
...
040 (322891.052.000) 05/10 15:39:09 Started transferring output files
...
040 (322891.052.000) 05/10 15:39:09 Finished transferring output files
...
005 (322891.052.000) 05/10 15:39:09 Job terminated.
	(1) Normal termination (return value 1)
		Usr 0 00:05:30, Sys 0 00:00:32  -  Run Remote Usage
		Usr 0 00:00:00, Sys 0 00:00:00  -  Run Local Usage
		Usr 0 00:05:30, Sys 0 00:00:32  -  Total Remote Usage
		Usr 0 00:00:00, Sys 0 00:00:00  -  Total Local Usage
	9479  -  Run Bytes Sent By Job
	10941  -  Run Bytes Received By Job
	9479  -  Total Bytes Sent By Job
	10941  -  Total Bytes Received By Job
	Partitionable Resources :    Usage  Request Allocated 
	   Cpus                 :                 1           
	   Disk (KB)            :       72        1   2139697 
	   Memory (MB)          :      481     2000      2000 
...
