000 (322894.030.000) 05/10 15:24:54 Job submitted from host: <188.184.95.166:9618?addrs=188.184.95.166-9618+[2001-1458-201-e4--100-7a0]-9618&alias=tbird02.cern.ch&noUDP&sock=schedd_2138722_faad_3>
...
022 (322894.030.000) 05/10 15:35:30 Job disconnected, attempting to reconnect
    Socket between submit and execute hosts closed unexpectedly
    Trying to reconnect to slot1_2@b7g28n0428.cern.ch <188.184.132.6:9618?addrs=188.184.132.6-9618+[2001-1458-301-a0--100-2]-9618&noUDP&sock=2335_31ba_3>
...
024 (322894.030.000) 05/10 15:35:30 Job reconnection failed
    Job not found at execution machine
    Can not reconnect to slot1_2@b7g28n0428.cern.ch, rescheduling job
...
040 (322894.030.000) 05/10 15:35:37 Started transferring input files
	Transferring to host: <188.184.186.10:9618?addrs=188.184.186.10-9618+[--1]-9618&noUDP&sock=3282_373f_8958>
...
040 (322894.030.000) 05/10 15:35:37 Finished transferring input files
...
001 (322894.030.000) 05/10 15:35:38 Job executing on host: <188.184.186.10:9618?addrs=188.184.186.10-9618+[--1]-9618&noUDP&sock=2275_0a0c_3>
...
006 (322894.030.000) 05/10 15:35:47 Image size of job updated: 290576
	205  -  MemoryUsage of job (MB)
	209244  -  ResidentSetSize of job (KB)
...
006 (322894.030.000) 05/10 15:40:48 Image size of job updated: 491992
	480  -  MemoryUsage of job (MB)
	490564  -  ResidentSetSize of job (KB)
...
040 (322894.030.000) 05/10 15:42:42 Started transferring output files
...
040 (322894.030.000) 05/10 15:42:42 Finished transferring output files
...
005 (322894.030.000) 05/10 15:42:42 Job terminated.
	(1) Normal termination (return value 1)
		Usr 0 00:05:35, Sys 0 00:00:39  -  Run Remote Usage
		Usr 0 00:00:00, Sys 0 00:00:00  -  Run Local Usage
		Usr 0 00:05:35, Sys 0 00:00:39  -  Total Remote Usage
		Usr 0 00:00:00, Sys 0 00:00:00  -  Total Local Usage
	14805  -  Run Bytes Sent By Job
	10941  -  Run Bytes Received By Job
	14805  -  Total Bytes Sent By Job
	10941  -  Total Bytes Received By Job
	Partitionable Resources :    Usage  Request Allocated 
	   Cpus                 :                 1           
	   Disk (KB)            :       75        1   2174624 
	   Memory (MB)          :      480     2000      2000 
...
