000 (322890.024.000) 05/10 15:24:50 Job submitted from host: <188.184.95.166:9618?addrs=188.184.95.166-9618+[2001-1458-201-e4--100-7a0]-9618&alias=tbird02.cern.ch&noUDP&sock=schedd_2138722_faad_3>
...
040 (322890.024.000) 05/10 15:32:08 Started transferring input files
	Transferring to host: <188.184.133.216:9618?addrs=188.184.133.216-9618+[2001-1458-301-a0--100-2ed]-9618&noUDP&sock=13090_d6cd_102892>
...
040 (322890.024.000) 05/10 15:32:08 Finished transferring input files
...
001 (322890.024.000) 05/10 15:32:09 Job executing on host: <188.184.133.216:9618?addrs=188.184.133.216-9618+[2001-1458-301-a0--100-2ed]-9618&noUDP&sock=12881_df82_3>
...
006 (322890.024.000) 05/10 15:32:17 Image size of job updated: 334412
	246  -  MemoryUsage of job (MB)
	251340  -  ResidentSetSize of job (KB)
...
006 (322890.024.000) 05/10 15:37:17 Image size of job updated: 574124
	480  -  MemoryUsage of job (MB)
	491000  -  ResidentSetSize of job (KB)
...
040 (322890.024.000) 05/10 15:38:06 Started transferring output files
...
040 (322890.024.000) 05/10 15:38:06 Finished transferring output files
...
005 (322890.024.000) 05/10 15:38:06 Job terminated.
	(1) Normal termination (return value 1)
		Usr 0 00:05:18, Sys 0 00:00:34  -  Run Remote Usage
		Usr 0 00:00:00, Sys 0 00:00:00  -  Run Local Usage
		Usr 0 00:05:18, Sys 0 00:00:34  -  Total Remote Usage
		Usr 0 00:00:00, Sys 0 00:00:00  -  Total Local Usage
	9477  -  Run Bytes Sent By Job
	10941  -  Run Bytes Received By Job
	9477  -  Total Bytes Sent By Job
	10941  -  Total Bytes Received By Job
	Partitionable Resources :    Usage  Request Allocated 
	   Cpus                 :                 1           
	   Disk (KB)            :       72        1   2184625 
	   Memory (MB)          :      480     2000      2000 
...
