000 (322899.021.000) 05/10 15:24:59 Job submitted from host: <188.184.95.166:9618?addrs=188.184.95.166-9618+[2001-1458-201-e4--100-7a0]-9618&alias=tbird02.cern.ch&noUDP&sock=schedd_2138722_faad_3>
...
040 (322899.021.000) 05/10 15:38:17 Started transferring input files
	Transferring to host: <188.184.186.40:9618?addrs=188.184.186.40-9618+[2001-1458-301-f8--100-14]-9618&noUDP&sock=4211_c7c4_127114>
...
040 (322899.021.000) 05/10 15:38:17 Finished transferring input files
...
001 (322899.021.000) 05/10 15:38:18 Job executing on host: <188.184.186.40:9618?addrs=188.184.186.40-9618+[2001-1458-301-f8--100-14]-9618&noUDP&sock=2340_9fb4_3>
...
006 (322899.021.000) 05/10 15:38:26 Image size of job updated: 169836
	105  -  MemoryUsage of job (MB)
	106676  -  ResidentSetSize of job (KB)
...
006 (322899.021.000) 05/10 15:43:26 Image size of job updated: 575496
	481  -  MemoryUsage of job (MB)
	492432  -  ResidentSetSize of job (KB)
...
006 (322899.021.000) 05/10 15:44:45 Image size of job updated: 575504
	481  -  MemoryUsage of job (MB)
	492432  -  ResidentSetSize of job (KB)
...
040 (322899.021.000) 05/10 15:44:45 Started transferring output files
...
040 (322899.021.000) 05/10 15:44:45 Finished transferring output files
...
005 (322899.021.000) 05/10 15:44:45 Job terminated.
	(1) Normal termination (return value 1)
		Usr 0 00:05:30, Sys 0 00:00:34  -  Run Remote Usage
		Usr 0 00:00:00, Sys 0 00:00:00  -  Run Local Usage
		Usr 0 00:05:30, Sys 0 00:00:34  -  Total Remote Usage
		Usr 0 00:00:00, Sys 0 00:00:00  -  Total Local Usage
	9477  -  Run Bytes Sent By Job
	10941  -  Run Bytes Received By Job
	9477  -  Total Bytes Sent By Job
	10941  -  Total Bytes Received By Job
	Partitionable Resources :    Usage  Request Allocated 
	   Cpus                 :                 1           
	   Disk (KB)            :       72        1   2186910 
	   Memory (MB)          :      481     2000      2000 
...
