000 (322888.015.000) 05/10 15:24:49 Job submitted from host: <188.184.95.166:9618?addrs=188.184.95.166-9618+[2001-1458-201-e4--100-7a0]-9618&alias=tbird02.cern.ch&noUDP&sock=schedd_2138722_faad_3>
...
022 (322888.015.000) 05/10 15:30:36 Job disconnected, attempting to reconnect
    Socket between submit and execute hosts closed unexpectedly
    Trying to reconnect to slot1_1@b7g28n0554.cern.ch <128.142.240.22:9618?addrs=128.142.240.22-9618+[2001-1458-301-f9--100-2e]-9618&noUDP&sock=2338_4083_3>
...
024 (322888.015.000) 05/10 15:30:36 Job reconnection failed
    Job not found at execution machine
    Can not reconnect to slot1_1@b7g28n0554.cern.ch, rescheduling job
...
040 (322888.015.000) 05/10 15:30:58 Started transferring input files
	Transferring to host: <128.142.240.65:9618?addrs=128.142.240.65-9618+[2001-1458-301-f9--100-27]-9618&noUDP&sock=4260_4e26_127122>
...
040 (322888.015.000) 05/10 15:30:58 Finished transferring input files
...
001 (322888.015.000) 05/10 15:30:59 Job executing on host: <128.142.240.65:9618?addrs=128.142.240.65-9618+[2001-1458-301-f9--100-27]-9618&noUDP&sock=2437_2863_3>
...
006 (322888.015.000) 05/10 15:31:08 Image size of job updated: 335608
	245  -  MemoryUsage of job (MB)
	250280  -  ResidentSetSize of job (KB)
...
006 (322888.015.000) 05/10 15:36:09 Image size of job updated: 493872
	480  -  MemoryUsage of job (MB)
	491500  -  ResidentSetSize of job (KB)
...
040 (322888.015.000) 05/10 15:36:12 Started transferring output files
...
040 (322888.015.000) 05/10 15:36:12 Finished transferring output files
...
005 (322888.015.000) 05/10 15:36:12 Job terminated.
	(1) Normal termination (return value 1)
		Usr 0 00:04:36, Sys 0 00:00:34  -  Run Remote Usage
		Usr 0 00:00:00, Sys 0 00:00:00  -  Run Local Usage
		Usr 0 00:04:36, Sys 0 00:00:34  -  Total Remote Usage
		Usr 0 00:00:00, Sys 0 00:00:00  -  Total Local Usage
	9477  -  Run Bytes Sent By Job
	10941  -  Run Bytes Received By Job
	9477  -  Total Bytes Sent By Job
	10941  -  Total Bytes Received By Job
	Partitionable Resources :    Usage  Request Allocated 
	   Cpus                 :                 1           
	   Disk (KB)            :       72        1   2130521 
	   Memory (MB)          :      480     2000      2000 
...
