000 (322884.047.000) 05/10 15:24:45 Job submitted from host: <188.184.95.166:9618?addrs=188.184.95.166-9618+[2001-1458-201-e4--100-7a0]-9618&alias=tbird02.cern.ch&noUDP&sock=schedd_2138722_faad_3>
...
040 (322884.047.000) 05/10 15:27:33 Started transferring input files
	Transferring to host: <128.142.33.149:9618?addrs=128.142.33.149-9618+[2001-1458-301-117--100-29c]-9618&noUDP&sock=13040_9c0b_102821>
...
040 (322884.047.000) 05/10 15:27:33 Finished transferring input files
...
001 (322884.047.000) 05/10 15:27:34 Job executing on host: <128.142.33.149:9618?addrs=128.142.33.149-9618+[2001-1458-301-117--100-29c]-9618&noUDP&sock=12833_f2f6_3>
...
006 (322884.047.000) 05/10 15:27:42 Image size of job updated: 190548
	114  -  MemoryUsage of job (MB)
	115768  -  ResidentSetSize of job (KB)
...
006 (322884.047.000) 05/10 15:32:42 Image size of job updated: 493680
	480  -  MemoryUsage of job (MB)
	490684  -  ResidentSetSize of job (KB)
...
040 (322884.047.000) 05/10 15:33:17 Started transferring output files
...
040 (322884.047.000) 05/10 15:33:17 Finished transferring output files
...
005 (322884.047.000) 05/10 15:33:17 Job terminated.
	(1) Normal termination (return value 1)
		Usr 0 00:04:59, Sys 0 00:00:33  -  Run Remote Usage
		Usr 0 00:00:00, Sys 0 00:00:00  -  Run Local Usage
		Usr 0 00:04:59, Sys 0 00:00:33  -  Total Remote Usage
		Usr 0 00:00:00, Sys 0 00:00:00  -  Total Local Usage
	9479  -  Run Bytes Sent By Job
	10941  -  Run Bytes Received By Job
	9479  -  Total Bytes Sent By Job
	10941  -  Total Bytes Received By Job
	Partitionable Resources :    Usage  Request Allocated 
	   Cpus                 :                 1           
	   Disk (KB)            :       72        1   2211589 
	   Memory (MB)          :      480     2000      2000 
...
