000 (322896.057.000) 05/10 15:24:56 Job submitted from host: <188.184.95.166:9618?addrs=188.184.95.166-9618+[2001-1458-201-e4--100-7a0]-9618&alias=tbird02.cern.ch&noUDP&sock=schedd_2138722_faad_3>
...
040 (322896.057.000) 05/10 15:37:08 Started transferring input files
	Transferring to host: <188.184.133.248:9618?addrs=188.184.133.248-9618+[2001-1458-301-a0--100-400]-9618&noUDP&sock=13068_568c_101805>
...
040 (322896.057.000) 05/10 15:37:08 Finished transferring input files
...
001 (322896.057.000) 05/10 15:37:09 Job executing on host: <188.184.133.248:9618?addrs=188.184.133.248-9618+[2001-1458-301-a0--100-400]-9618&noUDP&sock=12851_4baa_3>
...
006 (322896.057.000) 05/10 15:37:18 Image size of job updated: 113900
	65  -  MemoryUsage of job (MB)
	66052  -  ResidentSetSize of job (KB)
...
006 (322896.057.000) 05/10 15:42:20 Image size of job updated: 574360
	480  -  MemoryUsage of job (MB)
	491196  -  ResidentSetSize of job (KB)
...
006 (322896.057.000) 05/10 15:42:48 Image size of job updated: 576280
	480  -  MemoryUsage of job (MB)
	491196  -  ResidentSetSize of job (KB)
...
040 (322896.057.000) 05/10 15:42:48 Started transferring output files
...
040 (322896.057.000) 05/10 15:42:48 Finished transferring output files
...
005 (322896.057.000) 05/10 15:42:48 Job terminated.
	(1) Normal termination (return value 1)
		Usr 0 00:04:32, Sys 0 00:00:34  -  Run Remote Usage
		Usr 0 00:00:00, Sys 0 00:00:00  -  Run Local Usage
		Usr 0 00:04:32, Sys 0 00:00:34  -  Total Remote Usage
		Usr 0 00:00:00, Sys 0 00:00:00  -  Total Local Usage
	9479  -  Run Bytes Sent By Job
	10941  -  Run Bytes Received By Job
	9479  -  Total Bytes Sent By Job
	10941  -  Total Bytes Received By Job
	Partitionable Resources :    Usage  Request Allocated 
	   Cpus                 :                 1           
	   Disk (KB)            :       72        1   2120642 
	   Memory (MB)          :      480     2000      2000 
...
