000 (322891.025.000) 05/10 15:24:51 Job submitted from host: <188.184.95.166:9618?addrs=188.184.95.166-9618+[2001-1458-201-e4--100-7a0]-9618&alias=tbird02.cern.ch&noUDP&sock=schedd_2138722_faad_3>
...
040 (322891.025.000) 05/10 15:32:33 Started transferring input files
	Transferring to host: <188.184.133.187:9618?addrs=188.184.133.187-9618+[2001-1458-301-a0--100-4b3]-9618&noUDP&sock=12997_4fea_102983>
...
040 (322891.025.000) 05/10 15:32:33 Finished transferring input files
...
001 (322891.025.000) 05/10 15:32:34 Job executing on host: <188.184.133.187:9618?addrs=188.184.133.187-9618+[2001-1458-301-a0--100-4b3]-9618&noUDP&sock=12789_c4cb_3>
...
006 (322891.025.000) 05/10 15:32:43 Image size of job updated: 318296
	228  -  MemoryUsage of job (MB)
	232972  -  ResidentSetSize of job (KB)
...
006 (322891.025.000) 05/10 15:37:44 Image size of job updated: 579072
	483  -  MemoryUsage of job (MB)
	493584  -  ResidentSetSize of job (KB)
...
040 (322891.025.000) 05/10 15:38:39 Started transferring output files
...
040 (322891.025.000) 05/10 15:38:39 Finished transferring output files
...
005 (322891.025.000) 05/10 15:38:39 Job terminated.
	(1) Normal termination (return value 1)
		Usr 0 00:05:26, Sys 0 00:00:33  -  Run Remote Usage
		Usr 0 00:00:00, Sys 0 00:00:00  -  Run Local Usage
		Usr 0 00:05:26, Sys 0 00:00:33  -  Total Remote Usage
		Usr 0 00:00:00, Sys 0 00:00:00  -  Total Local Usage
	9477  -  Run Bytes Sent By Job
	10941  -  Run Bytes Received By Job
	9477  -  Total Bytes Sent By Job
	10941  -  Total Bytes Received By Job
	Partitionable Resources :    Usage  Request Allocated 
	   Cpus                 :                 1           
	   Disk (KB)            :       72        1   2209192 
	   Memory (MB)          :      483     2000      2000 
...
