000 (322897.008.000) 05/10 15:24:57 Job submitted from host: <188.184.95.166:9618?addrs=188.184.95.166-9618+[2001-1458-201-e4--100-7a0]-9618&alias=tbird02.cern.ch&noUDP&sock=schedd_2138722_faad_3>
...
040 (322897.008.000) 05/10 15:37:21 Started transferring input files
	Transferring to host: <188.184.132.124:9618?addrs=188.184.132.124-9618+[2001-1458-301-a0--100-374]-9618&noUDP&sock=3322_6640_102034>
...
040 (322897.008.000) 05/10 15:37:21 Finished transferring input files
...
001 (322897.008.000) 05/10 15:37:22 Job executing on host: <188.184.132.124:9618?addrs=188.184.132.124-9618+[2001-1458-301-a0--100-374]-9618&noUDP&sock=2277_693c_3>
...
006 (322897.008.000) 05/10 15:37:31 Image size of job updated: 86920
	58  -  MemoryUsage of job (MB)
	59292  -  ResidentSetSize of job (KB)
...
006 (322897.008.000) 05/10 15:42:32 Image size of job updated: 522124
	477  -  MemoryUsage of job (MB)
	488404  -  ResidentSetSize of job (KB)
...
040 (322897.008.000) 05/10 15:43:47 Started transferring output files
...
040 (322897.008.000) 05/10 15:43:47 Finished transferring output files
...
005 (322897.008.000) 05/10 15:43:47 Job terminated.
	(1) Normal termination (return value 1)
		Usr 0 00:05:18, Sys 0 00:00:32  -  Run Remote Usage
		Usr 0 00:00:00, Sys 0 00:00:00  -  Run Local Usage
		Usr 0 00:05:18, Sys 0 00:00:32  -  Total Remote Usage
		Usr 0 00:00:00, Sys 0 00:00:00  -  Total Local Usage
	9473  -  Run Bytes Sent By Job
	10941  -  Run Bytes Received By Job
	9473  -  Total Bytes Sent By Job
	10941  -  Total Bytes Received By Job
	Partitionable Resources :    Usage  Request Allocated 
	   Cpus                 :                 1           
	   Disk (KB)            :       72        1   2157477 
	   Memory (MB)          :      477     2000      2000 
...
