000 (322887.000.000) 05/10 15:24:47 Job submitted from host: <188.184.95.166:9618?addrs=188.184.95.166-9618+[2001-1458-201-e4--100-7a0]-9618&alias=tbird02.cern.ch&noUDP&sock=schedd_2138722_faad_3>
...
040 (322887.000.000) 05/10 15:28:12 Started transferring input files
	Transferring to host: <128.142.240.72:9618?addrs=128.142.240.72-9618+[2001-1458-301-f9--100-18]-9618&noUDP&sock=4151_8142_125909>
...
040 (322887.000.000) 05/10 15:28:12 Finished transferring input files
...
001 (322887.000.000) 05/10 15:28:13 Job executing on host: <128.142.240.72:9618?addrs=128.142.240.72-9618+[2001-1458-301-f9--100-18]-9618&noUDP&sock=2334_8222_3>
...
006 (322887.000.000) 05/10 15:28:22 Image size of job updated: 313288
	225  -  MemoryUsage of job (MB)
	230224  -  ResidentSetSize of job (KB)
...
006 (322887.000.000) 05/10 15:33:23 Image size of job updated: 490068
	478  -  MemoryUsage of job (MB)
	489468  -  ResidentSetSize of job (KB)
...
040 (322887.000.000) 05/10 15:33:57 Started transferring output files
...
040 (322887.000.000) 05/10 15:33:57 Finished transferring output files
...
005 (322887.000.000) 05/10 15:33:57 Job terminated.
	(1) Normal termination (return value 1)
		Usr 0 00:05:07, Sys 0 00:00:34  -  Run Remote Usage
		Usr 0 00:00:00, Sys 0 00:00:00  -  Run Local Usage
		Usr 0 00:05:07, Sys 0 00:00:34  -  Total Remote Usage
		Usr 0 00:00:00, Sys 0 00:00:00  -  Total Local Usage
	9309  -  Run Bytes Sent By Job
	10941  -  Run Bytes Received By Job
	9309  -  Total Bytes Sent By Job
	10941  -  Total Bytes Received By Job
	Partitionable Resources :    Usage  Request Allocated 
	   Cpus                 :                 1           
	   Disk (KB)            :       71        1   2210735 
	   Memory (MB)          :      478     2000      2000 
...
