000 (322897.031.000) 05/10 15:24:57 Job submitted from host: <188.184.95.166:9618?addrs=188.184.95.166-9618+[2001-1458-201-e4--100-7a0]-9618&alias=tbird02.cern.ch&noUDP&sock=schedd_2138722_faad_3>
...
040 (322897.031.000) 05/10 15:37:38 Started transferring input files
	Transferring to host: <128.142.240.20:9618?addrs=128.142.240.20-9618+[2001-1458-301-f9--100-4]-9618&noUDP&sock=15786_6a3b_18223>
...
040 (322897.031.000) 05/10 15:37:38 Finished transferring input files
...
001 (322897.031.000) 05/10 15:37:39 Job executing on host: <128.142.240.20:9618?addrs=128.142.240.20-9618+[2001-1458-301-f9--100-4]-9618&noUDP&sock=2375_a184_3>
...
006 (322897.031.000) 05/10 15:37:48 Image size of job updated: 103392
	66  -  MemoryUsage of job (MB)
	67212  -  ResidentSetSize of job (KB)
...
006 (322897.031.000) 05/10 15:42:50 Image size of job updated: 546868
	478  -  MemoryUsage of job (MB)
	488832  -  ResidentSetSize of job (KB)
...
040 (322897.031.000) 05/10 15:46:23 Started transferring output files
...
040 (322897.031.000) 05/10 15:46:23 Finished transferring output files
...
005 (322897.031.000) 05/10 15:46:23 Job terminated.
	(1) Normal termination (return value 1)
		Usr 0 00:07:24, Sys 0 00:00:44  -  Run Remote Usage
		Usr 0 00:00:00, Sys 0 00:00:00  -  Run Local Usage
		Usr 0 00:07:24, Sys 0 00:00:44  -  Total Remote Usage
		Usr 0 00:00:00, Sys 0 00:00:00  -  Total Local Usage
	9477  -  Run Bytes Sent By Job
	10941  -  Run Bytes Received By Job
	9477  -  Total Bytes Sent By Job
	10941  -  Total Bytes Received By Job
	Partitionable Resources :    Usage  Request Allocated 
	   Cpus                 :     1.00        1         1 
	   Disk (KB)            :    80           1    213177 
	   Memory (MB)          :   478        2000      2000 
...
