   SingleMuon_Run2016E_part2   DATA  60 chunks


I have 1 taks to process
I'm using the following list of modules DEFAULT_MODULES
this is jobs [('SingleMuon_Run2016E_part2', 'MY_EOS_SPACE/heppyNtuples/TREES_SingleMuon2016BCDEF_94X/SingleMuon_Run2016E_part2/treeProducerWMass/tree.root', 24297701.0, '_Friend_SingleMuon_Run2016E_part2.chunk13', True, xrange(3250000, 3500000), 13)]
Modules to run:  []   name =  puWeight
Loading puWeight from CMGTools.WMass.postprocessing.examples.puWeightProducer 
Running on dataset =  SingleMuon_Run2016E_part2
TFile: name=/afs/cern.ch/work/m/mciprian/w_mass_analysis/heppy/rel_slc7/CMSSW_9_4_12/src/CMGTools/WMass/python/postprocessing/data/pileup/pileup_profile_Summer16.root, title=, option=READ
TFile: name=/afs/cern.ch/work/m/mciprian/w_mass_analysis/heppy/rel_slc7/CMSSW_9_4_12/src/CMGTools/WMass/python/postprocessing/data/pileup/PileupData_GoldenJSON_Full2016.root, title=, option=READ
Load C++ Worker
Modules to run:  []   name =  puWeight2016BF
Loading puWeight2016BF from CMGTools.WMass.postprocessing.examples.puWeightProducer 
Running on dataset =  SingleMuon_Run2016E_part2
TFile: name=/afs/cern.ch/work/m/mciprian/w_mass_analysis/heppy/rel_slc7/CMSSW_9_4_12/src/CMGTools/WMass/python/postprocessing/data/pileup/pileup_profile_Summer16.root, title=, option=READ
TFile: name=/afs/cern.ch/work/m/mciprian/w_mass_analysis/heppy/rel_slc7/CMSSW_9_4_12/src/CMGTools/WMass/python/postprocessing/data/pileup/PileupData_GoldenJSON_2016BF.root, title=, option=READ
Modules to run:  []   name =  lepQCDAwayJetAll
Loading lepQCDAwayJetAll from CMGTools.WMass.postprocessing.examples.lepVarProducer 
Running on dataset =  SingleMuon_Run2016E_part2
Modules to run:  []   name =  muCalibratedWithStatVar
Loading muCalibratedWithStatVar from CMGTools.WMass.postprocessing.examples.lepVarProducer 
Running on dataset =  SingleMuon_Run2016E_part2
did not find EnergyScaleCorrection shared object, rebuilding
trying to load all the rochester correction libraries
did not find legacy data roccor. rebuilding...
done building legacy data roccor.
Modules to run:  []   name =  jetAllReCleaner
Loading jetAllReCleaner from CMGTools.WMass.postprocessing.examples.jetReCleaner 
Running on dataset =  SingleMuon_Run2016E_part2
Load C++ Worker
Modules to run:  []   name =  jetReCleaner
Loading jetReCleaner from CMGTools.WMass.postprocessing.examples.jetReCleaner 
Running on dataset =  SingleMuon_Run2016E_part2
Load C++ Worker
Modules to run:  []   name =  genQEDJets
Loading genQEDJets from CMGTools.WMass.postprocessing.examples.genFriendProducer 
Running on dataset =  SingleMuon_Run2016E_part2
Will write selected trees to MY_EOS_SPACE/heppyNtuples/TREES_SingleMuon2016BCDEF_94X/friends/
Normalization of pu_mc: 0.999973
Normalization of pileup: 3.65129e+10
Weights for variable pu_mc with a number of bins equal to 76:
1 1 1 1 1 1 1 1 1 1 1.616 1.923 1.917 1.762 1.611 1.554 1.506 1.414 1.317 1.241 1.169 1.109 1.071 1.04 1.019 1.001 0.9873 0.9825 0.9828 0.9811 0.9811 0.9792 0.9531 0.9274 0.8773 0.8171 0.7432 0.6594 0.5661 0.4725 0.3811 0.2987 0.2215 0.1581 0 0 0 0 0 0 0 0 0 0 0 1 1 1 1 1 1 1 1 1 1 1 1 1 1 1 1 1 1 1 1 1 .
Final weights: 
1 1 1 1 1 1 1 1 1 1 1.616 1.923 1.917 1.762 1.611 1.554 1.506 1.414 1.317 1.241 1.169 1.109 1.071 1.04 1.019 1.001 0.9873 0.9825 0.9828 0.9811 0.9811 0.9792 0.9531 0.9274 0.8773 0.8171 0.7432 0.6594 0.5661 0.4725 0.3811 0.2987 0.2215 0.1581 0 0 0 0 0 0 0 0 0 0 0 1 1 1 1 1 1 1 1 1 1 1 1 1 1 1 1 1 1 1 1 1 .
Normalization of pu_mc: 1
Normalization of pileup: 2.014e+10
Weights for variable pu_mc with a number of bins equal to 76:
1 1 1 1 1 1 1 1 1 1 2.784 3.074 2.661 2.24 1.976 1.881 1.801 1.669 1.544 1.453 1.364 1.27 1.186 1.113 1.061 1.016 0.9702 0.9245 0.8754 0.8192 0.7629 0.7065 0.6366 0.5722 0.4984 0.4252 0.3515 0.2804 0.2137 0.1564 0.1092 0 0 0 0 0 0 0 0 0 0 0 0 0 0 1 1 1 1 1 1 1 1 1 1 1 1 1 1 1 1 1 1 1 1 1 .
For maximum weight 3.074: integral relative change: 0
Final weights: 
1 1 1 1 1 1 1 1 1 1 2.784 3.074 2.661 2.24 1.976 1.881 1.801 1.669 1.544 1.453 1.364 1.27 1.186 1.113 1.061 1.016 0.9702 0.9245 0.8754 0.8192 0.7629 0.7065 0.6366 0.5722 0.4984 0.4252 0.3515 0.2804 0.2137 0.1564 0.1092 0 0 0 0 0 0 0 0 0 0 0 0 0 0 1 1 1 1 1 1 1 1 1 1 1 1 1 1 1 1 1 1 1 1 1 .
begin job of lepCalProducer
initializing all the rochester correction objects
initializing the egamma calibrator
Processed  3250000/14756905 entries (elapsed time     0.4s, curr speed   25.000 kHz, avg speed 8125.000 kHz), accepted        1/       1 events (100.00%)
Processed  3260000/14756905 entries (elapsed time    21.9s, curr speed    0.465 kHz, avg speed  148.723 kHz), accepted    10001/   10001 events (100.00%)
Processed  3270000/14756905 entries (elapsed time    45.1s, curr speed    0.431 kHz, avg speed   72.441 kHz), accepted    20001/   20001 events (100.00%)
Processed  3280000/14756905 entries (elapsed time    68.5s, curr speed    0.428 kHz, avg speed   47.862 kHz), accepted    30001/   30001 events (100.00%)
Processed  3290000/14756905 entries (elapsed time    92.4s, curr speed    0.419 kHz, avg speed   35.606 kHz), accepted    40001/   40001 events (100.00%)
Processed  3300000/14756905 entries (elapsed time   116.3s, curr speed    0.418 kHz, avg speed   28.365 kHz), accepted    50001/   50001 events (100.00%)
Processed  3310000/14756905 entries (elapsed time   139.7s, curr speed    0.428 kHz, avg speed   23.692 kHz), accepted    60001/   60001 events (100.00%)
Processed  3320000/14756905 entries (elapsed time   162.2s, curr speed    0.444 kHz, avg speed   20.464 kHz), accepted    70001/   70001 events (100.00%)
Processed  3330000/14756905 entries (elapsed time   182.0s, curr speed    0.506 kHz, avg speed   18.295 kHz), accepted    80001/   80001 events (100.00%)
Processed  3340000/14756905 entries (elapsed time   201.9s, curr speed    0.503 kHz, avg speed   16.542 kHz), accepted    90001/   90001 events (100.00%)
Processed  3350000/14756905 entries (elapsed time   222.4s, curr speed    0.489 kHz, avg speed   15.064 kHz), accepted   100001/  100001 events (100.00%)
Processed  3360000/14756905 entries (elapsed time   243.2s, curr speed    0.480 kHz, avg speed   13.816 kHz), accepted   110001/  110001 events (100.00%)
Processed  3370000/14756905 entries (elapsed time   263.4s, curr speed    0.494 kHz, avg speed   12.792 kHz), accepted   120001/  120001 events (100.00%)
Processed  3380000/14756905 entries (elapsed time   307.5s, curr speed    0.227 kHz, avg speed   10.991 kHz), accepted   130001/  130001 events (100.00%)
Processed  3390000/14756905 entries (elapsed time   327.3s, curr speed    0.506 kHz, avg speed   10.358 kHz), accepted   140001/  140001 events (100.00%)
Processed  3400000/14756905 entries (elapsed time   348.3s, curr speed    0.476 kHz, avg speed    9.762 kHz), accepted   150001/  150001 events (100.00%)
Processed  3410000/14756905 entries (elapsed time   368.6s, curr speed    0.494 kHz, avg speed    9.252 kHz), accepted   160001/  160001 events (100.00%)
Processed  3420000/14756905 entries (elapsed time   389.2s, curr speed    0.485 kHz, avg speed    8.788 kHz), accepted   170001/  170001 events (100.00%)
Processed  3430000/14756905 entries (elapsed time   408.5s, curr speed    0.517 kHz, avg speed    8.397 kHz), accepted   180001/  180001 events (100.00%)
Processed  3440000/14756905 entries (elapsed time   427.4s, curr speed    0.530 kHz, avg speed    8.049 kHz), accepted   190001/  190001 events (100.00%)
Processed  3450000/14756905 entries (elapsed time   473.0s, curr speed    0.219 kHz, avg speed    7.294 kHz), accepted   200001/  200001 events (100.00%)
Processed  3460000/14756905 entries (elapsed time   493.5s, curr speed    0.486 kHz, avg speed    7.011 kHz), accepted   210001/  210001 events (100.00%)
Processed  3470000/14756905 entries (elapsed time   513.9s, curr speed    0.491 kHz, avg speed    6.752 kHz), accepted   220001/  220001 events (100.00%)
Processed  3480000/14756905 entries (elapsed time   532.7s, curr speed    0.533 kHz, avg speed    6.533 kHz), accepted   230001/  230001 events (100.00%)
Processed  3490000/14756905 entries (elapsed time   552.3s, curr speed    0.510 kHz, avg speed    6.319 kHz), accepted   240001/  240001 events (100.00%)
Processed 250000 entries from MY_EOS_SPACE/heppyNtuples/TREES_SingleMuon2016BCDEF_94X/SingleMuon_Run2016E_part2/treeProducerWMass/tree.root, selected 250000 entries
Done MY_EOS_SPACE/heppyNtuples/TREES_SingleMuon2016BCDEF_94X/friends/tree_Friend_SingleMuon_Run2016E_part2.chunk13.root
