000 (322887.048.000) 05/10 15:24:48 Job submitted from host: <188.184.95.166:9618?addrs=188.184.95.166-9618+[2001-1458-201-e4--100-7a0]-9618&alias=tbird02.cern.ch&noUDP&sock=schedd_2138722_faad_3>
...
040 (322887.048.000) 05/10 15:29:57 Started transferring input files
	Transferring to host: <128.142.240.24:9618?addrs=128.142.240.24-9618+[2001-1458-301-f9--100-19]-9618&noUDP&sock=4034_115d_126739>
...
040 (322887.048.000) 05/10 15:29:57 Finished transferring input files
...
001 (322887.048.000) 05/10 15:29:58 Job executing on host: <128.142.240.24:9618?addrs=128.142.240.24-9618+[2001-1458-301-f9--100-19]-9618&noUDP&sock=2333_d28a_3>
...
006 (322887.048.000) 05/10 15:30:07 Image size of job updated: 332244
	244  -  MemoryUsage of job (MB)
	249292  -  ResidentSetSize of job (KB)
...
006 (322887.048.000) 05/10 15:35:08 Image size of job updated: 489524
	478  -  MemoryUsage of job (MB)
	488604  -  ResidentSetSize of job (KB)
...
040 (322887.048.000) 05/10 15:35:49 Started transferring output files
...
040 (322887.048.000) 05/10 15:35:49 Finished transferring output files
...
005 (322887.048.000) 05/10 15:35:49 Job terminated.
	(1) Normal termination (return value 1)
		Usr 0 00:05:13, Sys 0 00:00:35  -  Run Remote Usage
		Usr 0 00:00:00, Sys 0 00:00:00  -  Run Local Usage
		Usr 0 00:05:13, Sys 0 00:00:35  -  Total Remote Usage
		Usr 0 00:00:00, Sys 0 00:00:00  -  Total Local Usage
	9479  -  Run Bytes Sent By Job
	10941  -  Run Bytes Received By Job
	9479  -  Total Bytes Sent By Job
	10941  -  Total Bytes Received By Job
	Partitionable Resources :    Usage  Request Allocated 
	   Cpus                 :                 1           
	   Disk (KB)            :       72        1   2131970 
	   Memory (MB)          :      478     2000      2000 
...
