000 (322892.049.000) 05/10 15:24:52 Job submitted from host: <188.184.95.166:9618?addrs=188.184.95.166-9618+[2001-1458-201-e4--100-7a0]-9618&alias=tbird02.cern.ch&noUDP&sock=schedd_2138722_faad_3>
...
040 (322892.049.000) 05/10 15:33:49 Started transferring input files
	Transferring to host: <188.184.132.43:9618?addrs=188.184.132.43-9618+[2001-1458-301-a0--100-28]-9618&noUDP&sock=31439_5e98_19102>
...
040 (322892.049.000) 05/10 15:33:49 Finished transferring input files
...
001 (322892.049.000) 05/10 15:33:50 Job executing on host: <188.184.132.43:9618?addrs=188.184.132.43-9618+[2001-1458-301-a0--100-28]-9618&noUDP&sock=2335_31ba_3>
...
006 (322892.049.000) 05/10 15:33:59 Image size of job updated: 107220
	105  -  MemoryUsage of job (MB)
	106900  -  ResidentSetSize of job (KB)
...
006 (322892.049.000) 05/10 15:39:00 Image size of job updated: 493748
	482  -  MemoryUsage of job (MB)
	492844  -  ResidentSetSize of job (KB)
...
040 (322892.049.000) 05/10 15:42:34 Started transferring output files
...
040 (322892.049.000) 05/10 15:42:34 Finished transferring output files
...
005 (322892.049.000) 05/10 15:42:35 Job terminated.
	(1) Normal termination (return value 1)
		Usr 0 00:07:26, Sys 0 00:00:43  -  Run Remote Usage
		Usr 0 00:00:00, Sys 0 00:00:00  -  Run Local Usage
		Usr 0 00:07:26, Sys 0 00:00:43  -  Total Remote Usage
		Usr 0 00:00:00, Sys 0 00:00:00  -  Total Local Usage
	9479  -  Run Bytes Sent By Job
	10941  -  Run Bytes Received By Job
	9479  -  Total Bytes Sent By Job
	10941  -  Total Bytes Received By Job
	Partitionable Resources :    Usage  Request Allocated 
	   Cpus                 :     0.99        1         1 
	   Disk (KB)            :    80           1    214898 
	   Memory (MB)          :   482        2000      2000 
...
