000 (322882.045.000) 05/10 15:24:43 Job submitted from host: <188.184.95.166:9618?addrs=188.184.95.166-9618+[2001-1458-201-e4--100-7a0]-9618&alias=tbird02.cern.ch&noUDP&sock=schedd_2138722_faad_3>
...
040 (322882.045.000) 05/10 15:26:11 Started transferring input files
	Transferring to host: <128.142.240.13:9618?addrs=128.142.240.13-9618&noUDP&sock=3822_b1d4_9901>
...
040 (322882.045.000) 05/10 15:26:11 Finished transferring input files
...
001 (322882.045.000) 05/10 15:26:12 Job executing on host: <128.142.240.13:9618?addrs=128.142.240.13-9618&noUDP&sock=2675_67ee_3>
...
006 (322882.045.000) 05/10 15:26:21 Image size of job updated: 114688
	108  -  MemoryUsage of job (MB)
	109676  -  ResidentSetSize of job (KB)
...
006 (322882.045.000) 05/10 15:31:22 Image size of job updated: 404924
	395  -  MemoryUsage of job (MB)
	404252  -  ResidentSetSize of job (KB)
...
006 (322882.045.000) 05/10 15:36:22 Image size of job updated: 490516
	480  -  MemoryUsage of job (MB)
	490512  -  ResidentSetSize of job (KB)
...
040 (322882.045.000) 05/10 15:38:03 Started transferring output files
...
040 (322882.045.000) 05/10 15:38:03 Finished transferring output files
...
005 (322882.045.000) 05/10 15:38:03 Job terminated.
	(1) Normal termination (return value 1)
		Usr 0 00:09:39, Sys 0 00:00:58  -  Run Remote Usage
		Usr 0 00:00:00, Sys 0 00:00:00  -  Run Local Usage
		Usr 0 00:09:39, Sys 0 00:00:58  -  Total Remote Usage
		Usr 0 00:00:00, Sys 0 00:00:00  -  Total Local Usage
	15155  -  Run Bytes Sent By Job
	10941  -  Run Bytes Received By Job
	15155  -  Total Bytes Sent By Job
	10941  -  Total Bytes Received By Job
	Partitionable Resources :    Usage  Request Allocated 
	   Cpus                 :     0.99        1         1 
	   Disk (KB)            :    81           1    211227 
	   Memory (MB)          :   480        2000      2000 
...
