   SingleMuon_Run2016B_part4   DATA  63 chunks


I have 1 taks to process
I'm using the following list of modules DEFAULT_MODULES
this is jobs [('SingleMuon_Run2016B_part4', 'MY_EOS_SPACE/heppyNtuples/TREES_SingleMuon2016BCDEF_94X/SingleMuon_Run2016B_part4/treeProducerWMass/tree.root', 29915102.0, '_Friend_SingleMuon_Run2016B_part4.chunk18', True, xrange(4500000, 4750000), 18)]
Modules to run:  []   name =  puWeight
Loading puWeight from CMGTools.WMass.postprocessing.examples.puWeightProducer 
Running on dataset =  SingleMuon_Run2016B_part4
TFile: name=/afs/cern.ch/work/m/mciprian/w_mass_analysis/heppy/rel_slc7/CMSSW_9_4_12/src/CMGTools/WMass/python/postprocessing/data/pileup/pileup_profile_Summer16.root, title=, option=READ
TFile: name=/afs/cern.ch/work/m/mciprian/w_mass_analysis/heppy/rel_slc7/CMSSW_9_4_12/src/CMGTools/WMass/python/postprocessing/data/pileup/PileupData_GoldenJSON_Full2016.root, title=, option=READ
Load C++ Worker
Modules to run:  []   name =  puWeight2016BF
Loading puWeight2016BF from CMGTools.WMass.postprocessing.examples.puWeightProducer 
Running on dataset =  SingleMuon_Run2016B_part4
TFile: name=/afs/cern.ch/work/m/mciprian/w_mass_analysis/heppy/rel_slc7/CMSSW_9_4_12/src/CMGTools/WMass/python/postprocessing/data/pileup/pileup_profile_Summer16.root, title=, option=READ
TFile: name=/afs/cern.ch/work/m/mciprian/w_mass_analysis/heppy/rel_slc7/CMSSW_9_4_12/src/CMGTools/WMass/python/postprocessing/data/pileup/PileupData_GoldenJSON_2016BF.root, title=, option=READ
Modules to run:  []   name =  lepQCDAwayJetAll
Loading lepQCDAwayJetAll from CMGTools.WMass.postprocessing.examples.lepVarProducer 
Running on dataset =  SingleMuon_Run2016B_part4
Modules to run:  []   name =  muCalibratedWithStatVar
Loading muCalibratedWithStatVar from CMGTools.WMass.postprocessing.examples.lepVarProducer 
Running on dataset =  SingleMuon_Run2016B_part4
did not find EnergyScaleCorrection shared object, rebuilding
trying to load all the rochester correction libraries
did not find legacy data roccor. rebuilding...
done building legacy data roccor.
Modules to run:  []   name =  jetAllReCleaner
Loading jetAllReCleaner from CMGTools.WMass.postprocessing.examples.jetReCleaner 
Running on dataset =  SingleMuon_Run2016B_part4
Load C++ Worker
Modules to run:  []   name =  jetReCleaner
Loading jetReCleaner from CMGTools.WMass.postprocessing.examples.jetReCleaner 
Running on dataset =  SingleMuon_Run2016B_part4
Load C++ Worker
Modules to run:  []   name =  genQEDJets
Loading genQEDJets from CMGTools.WMass.postprocessing.examples.genFriendProducer 
Running on dataset =  SingleMuon_Run2016B_part4
Will write selected trees to MY_EOS_SPACE/heppyNtuples/TREES_SingleMuon2016BCDEF_94X/friends/
Normalization of pu_mc: 0.999973
Normalization of pileup: 3.65129e+10
Weights for variable pu_mc with a number of bins equal to 76:
1 1 1 1 1 1 1 1 1 1 1.616 1.923 1.917 1.762 1.611 1.554 1.506 1.414 1.317 1.241 1.169 1.109 1.071 1.04 1.019 1.001 0.9873 0.9825 0.9828 0.9811 0.9811 0.9792 0.9531 0.9274 0.8773 0.8171 0.7432 0.6594 0.5661 0.4725 0.3811 0.2987 0.2215 0.1581 0 0 0 0 0 0 0 0 0 0 0 1 1 1 1 1 1 1 1 1 1 1 1 1 1 1 1 1 1 1 1 1 .
Final weights: 
1 1 1 1 1 1 1 1 1 1 1.616 1.923 1.917 1.762 1.611 1.554 1.506 1.414 1.317 1.241 1.169 1.109 1.071 1.04 1.019 1.001 0.9873 0.9825 0.9828 0.9811 0.9811 0.9792 0.9531 0.9274 0.8773 0.8171 0.7432 0.6594 0.5661 0.4725 0.3811 0.2987 0.2215 0.1581 0 0 0 0 0 0 0 0 0 0 0 1 1 1 1 1 1 1 1 1 1 1 1 1 1 1 1 1 1 1 1 1 .
Normalization of pu_mc: 1
Normalization of pileup: 2.014e+10
Weights for variable pu_mc with a number of bins equal to 76:
1 1 1 1 1 1 1 1 1 1 2.784 3.074 2.661 2.24 1.976 1.881 1.801 1.669 1.544 1.453 1.364 1.27 1.186 1.113 1.061 1.016 0.9702 0.9245 0.8754 0.8192 0.7629 0.7065 0.6366 0.5722 0.4984 0.4252 0.3515 0.2804 0.2137 0.1564 0.1092 0 0 0 0 0 0 0 0 0 0 0 0 0 0 1 1 1 1 1 1 1 1 1 1 1 1 1 1 1 1 1 1 1 1 1 .
For maximum weight 3.074: integral relative change: 0
Final weights: 
1 1 1 1 1 1 1 1 1 1 2.784 3.074 2.661 2.24 1.976 1.881 1.801 1.669 1.544 1.453 1.364 1.27 1.186 1.113 1.061 1.016 0.9702 0.9245 0.8754 0.8192 0.7629 0.7065 0.6366 0.5722 0.4984 0.4252 0.3515 0.2804 0.2137 0.1564 0.1092 0 0 0 0 0 0 0 0 0 0 0 0 0 0 1 1 1 1 1 1 1 1 1 1 1 1 1 1 1 1 1 1 1 1 1 .
begin job of lepCalProducer
initializing all the rochester correction objects
initializing the egamma calibrator
Processed  4500000/15519334 entries (elapsed time     0.4s, curr speed   23.810 kHz, avg speed 10714.286 kHz), accepted        1/       1 events (100.00%)
Processed  4510000/15519334 entries (elapsed time    25.5s, curr speed    0.399 kHz, avg speed  176.863 kHz), accepted    10001/   10001 events (100.00%)
Processed  4520000/15519334 entries (elapsed time    50.9s, curr speed    0.394 kHz, avg speed   88.889 kHz), accepted    20001/   20001 events (100.00%)
Processed  4530000/15519334 entries (elapsed time    77.2s, curr speed    0.379 kHz, avg speed   58.648 kHz), accepted    30001/   30001 events (100.00%)
Processed  4540000/15519334 entries (elapsed time   103.3s, curr speed    0.384 kHz, avg speed   43.950 kHz), accepted    40001/   40001 events (100.00%)
Processed  4550000/15519334 entries (elapsed time   129.2s, curr speed    0.387 kHz, avg speed   35.230 kHz), accepted    50001/   50001 events (100.00%)
Processed  4560000/15519334 entries (elapsed time   155.3s, curr speed    0.382 kHz, avg speed   29.361 kHz), accepted    60001/   60001 events (100.00%)
Processed  4570000/15519334 entries (elapsed time   179.2s, curr speed    0.418 kHz, avg speed   25.497 kHz), accepted    70001/   70001 events (100.00%)
Processed  4580000/15519334 entries (elapsed time   201.4s, curr speed    0.452 kHz, avg speed   22.744 kHz), accepted    80001/   80001 events (100.00%)
Processed  4590000/15519334 entries (elapsed time   223.4s, curr speed    0.453 kHz, avg speed   20.542 kHz), accepted    90001/   90001 events (100.00%)
Processed  4600000/15519334 entries (elapsed time   245.2s, curr speed    0.460 kHz, avg speed   18.760 kHz), accepted   100001/  100001 events (100.00%)
Processed  4610000/15519334 entries (elapsed time   266.9s, curr speed    0.461 kHz, avg speed   17.274 kHz), accepted   110001/  110001 events (100.00%)
Processed  4620000/15519334 entries (elapsed time   289.0s, curr speed    0.451 kHz, avg speed   15.984 kHz), accepted   120001/  120001 events (100.00%)
Processed  4630000/15519334 entries (elapsed time   339.7s, curr speed    0.198 kHz, avg speed   13.631 kHz), accepted   130001/  130001 events (100.00%)
Processed  4640000/15519334 entries (elapsed time   360.0s, curr speed    0.491 kHz, avg speed   12.888 kHz), accepted   140001/  140001 events (100.00%)
Processed  4650000/15519334 entries (elapsed time   381.9s, curr speed    0.456 kHz, avg speed   12.174 kHz), accepted   150001/  150001 events (100.00%)
Processed  4660000/15519334 entries (elapsed time   403.8s, curr speed    0.457 kHz, avg speed   11.539 kHz), accepted   160001/  160001 events (100.00%)
Processed  4670000/15519334 entries (elapsed time   426.3s, curr speed    0.446 kHz, avg speed   10.956 kHz), accepted   170001/  170001 events (100.00%)
Processed  4680000/15519334 entries (elapsed time   448.1s, curr speed    0.457 kHz, avg speed   10.443 kHz), accepted   180001/  180001 events (100.00%)
Processed  4690000/15519334 entries (elapsed time   468.9s, curr speed    0.483 kHz, avg speed   10.003 kHz), accepted   190001/  190001 events (100.00%)
Processed  4700000/15519334 entries (elapsed time   517.2s, curr speed    0.207 kHz, avg speed    9.087 kHz), accepted   200001/  200001 events (100.00%)
Processed  4710000/15519334 entries (elapsed time   538.8s, curr speed    0.464 kHz, avg speed    8.742 kHz), accepted   210001/  210001 events (100.00%)
Processed  4720000/15519334 entries (elapsed time   561.1s, curr speed    0.449 kHz, avg speed    8.413 kHz), accepted   220001/  220001 events (100.00%)
Processed  4730000/15519334 entries (elapsed time   583.5s, curr speed    0.446 kHz, avg speed    8.107 kHz), accepted   230001/  230001 events (100.00%)
Processed  4740000/15519334 entries (elapsed time   606.0s, curr speed    0.444 kHz, avg speed    7.822 kHz), accepted   240001/  240001 events (100.00%)
Processed 250000 entries from MY_EOS_SPACE/heppyNtuples/TREES_SingleMuon2016BCDEF_94X/SingleMuon_Run2016B_part4/treeProducerWMass/tree.root, selected 250000 entries
Done MY_EOS_SPACE/heppyNtuples/TREES_SingleMuon2016BCDEF_94X/friends/tree_Friend_SingleMuon_Run2016B_part4.chunk18.root
