000 (322896.021.000) 05/10 15:24:56 Job submitted from host: <188.184.95.166:9618?addrs=188.184.95.166-9618+[2001-1458-201-e4--100-7a0]-9618&alias=tbird02.cern.ch&noUDP&sock=schedd_2138722_faad_3>
...
040 (322896.021.000) 05/10 15:36:55 Started transferring input files
	Transferring to host: <188.184.132.11:9618?addrs=188.184.132.11-9618+[2001-1458-301-a0--100-8]-9618&noUDP&sock=4074_405f_126315>
...
040 (322896.021.000) 05/10 15:36:55 Finished transferring input files
...
001 (322896.021.000) 05/10 15:36:56 Job executing on host: <188.184.132.11:9618?addrs=188.184.132.11-9618+[2001-1458-301-a0--100-8]-9618&noUDP&sock=2324_a630_3>
...
006 (322896.021.000) 05/10 15:37:05 Image size of job updated: 116184
	58  -  MemoryUsage of job (MB)
	59308  -  ResidentSetSize of job (KB)
...
006 (322896.021.000) 05/10 15:42:06 Image size of job updated: 491560
	480  -  MemoryUsage of job (MB)
	490636  -  ResidentSetSize of job (KB)
...
040 (322896.021.000) 05/10 15:43:51 Started transferring output files
...
040 (322896.021.000) 05/10 15:43:51 Finished transferring output files
...
005 (322896.021.000) 05/10 15:43:51 Job terminated.
	(1) Normal termination (return value 1)
		Usr 0 00:05:28, Sys 0 00:00:35  -  Run Remote Usage
		Usr 0 00:00:00, Sys 0 00:00:00  -  Run Local Usage
		Usr 0 00:05:28, Sys 0 00:00:35  -  Total Remote Usage
		Usr 0 00:00:00, Sys 0 00:00:00  -  Total Local Usage
	9477  -  Run Bytes Sent By Job
	10941  -  Run Bytes Received By Job
	9477  -  Total Bytes Sent By Job
	10941  -  Total Bytes Received By Job
	Partitionable Resources :    Usage  Request Allocated 
	   Cpus                 :                 1           
	   Disk (KB)            :       72        1   2139697 
	   Memory (MB)          :      480     2000      2000 
...
