   SingleMuon_Run2016D_part2   DATA  59 chunks


I have 1 taks to process
I'm using the following list of modules DEFAULT_MODULES
this is jobs [('SingleMuon_Run2016D_part2', 'MY_EOS_SPACE/heppyNtuples/TREES_SingleMuon2016BCDEF_94X/SingleMuon_Run2016D_part2/treeProducerWMass/tree.root', 24459165.0, '_Friend_SingleMuon_Run2016D_part2.chunk38', True, xrange(9500000, 9750000), 38)]
Modules to run:  []   name =  puWeight
Loading puWeight from CMGTools.WMass.postprocessing.examples.puWeightProducer 
Running on dataset =  SingleMuon_Run2016D_part2
TFile: name=/afs/cern.ch/work/m/mciprian/w_mass_analysis/heppy/rel_slc7/CMSSW_9_4_12/src/CMGTools/WMass/python/postprocessing/data/pileup/pileup_profile_Summer16.root, title=, option=READ
TFile: name=/afs/cern.ch/work/m/mciprian/w_mass_analysis/heppy/rel_slc7/CMSSW_9_4_12/src/CMGTools/WMass/python/postprocessing/data/pileup/PileupData_GoldenJSON_Full2016.root, title=, option=READ
Load C++ Worker
Modules to run:  []   name =  puWeight2016BF
Loading puWeight2016BF from CMGTools.WMass.postprocessing.examples.puWeightProducer 
Running on dataset =  SingleMuon_Run2016D_part2
TFile: name=/afs/cern.ch/work/m/mciprian/w_mass_analysis/heppy/rel_slc7/CMSSW_9_4_12/src/CMGTools/WMass/python/postprocessing/data/pileup/pileup_profile_Summer16.root, title=, option=READ
TFile: name=/afs/cern.ch/work/m/mciprian/w_mass_analysis/heppy/rel_slc7/CMSSW_9_4_12/src/CMGTools/WMass/python/postprocessing/data/pileup/PileupData_GoldenJSON_2016BF.root, title=, option=READ
Modules to run:  []   name =  lepQCDAwayJetAll
Loading lepQCDAwayJetAll from CMGTools.WMass.postprocessing.examples.lepVarProducer 
Running on dataset =  SingleMuon_Run2016D_part2
Modules to run:  []   name =  muCalibratedWithStatVar
Loading muCalibratedWithStatVar from CMGTools.WMass.postprocessing.examples.lepVarProducer 
Running on dataset =  SingleMuon_Run2016D_part2
did not find EnergyScaleCorrection shared object, rebuilding
trying to load all the rochester correction libraries
did not find legacy data roccor. rebuilding...
done building legacy data roccor.
Modules to run:  []   name =  jetAllReCleaner
Loading jetAllReCleaner from CMGTools.WMass.postprocessing.examples.jetReCleaner 
Running on dataset =  SingleMuon_Run2016D_part2
Load C++ Worker
Modules to run:  []   name =  jetReCleaner
Loading jetReCleaner from CMGTools.WMass.postprocessing.examples.jetReCleaner 
Running on dataset =  SingleMuon_Run2016D_part2
Load C++ Worker
Modules to run:  []   name =  genQEDJets
Loading genQEDJets from CMGTools.WMass.postprocessing.examples.genFriendProducer 
Running on dataset =  SingleMuon_Run2016D_part2
Will write selected trees to MY_EOS_SPACE/heppyNtuples/TREES_SingleMuon2016BCDEF_94X/friends/
Normalization of pu_mc: 0.999973
Normalization of pileup: 3.65129e+10
Weights for variable pu_mc with a number of bins equal to 76:
1 1 1 1 1 1 1 1 1 1 1.616 1.923 1.917 1.762 1.611 1.554 1.506 1.414 1.317 1.241 1.169 1.109 1.071 1.04 1.019 1.001 0.9873 0.9825 0.9828 0.9811 0.9811 0.9792 0.9531 0.9274 0.8773 0.8171 0.7432 0.6594 0.5661 0.4725 0.3811 0.2987 0.2215 0.1581 0 0 0 0 0 0 0 0 0 0 0 1 1 1 1 1 1 1 1 1 1 1 1 1 1 1 1 1 1 1 1 1 .
Final weights: 
1 1 1 1 1 1 1 1 1 1 1.616 1.923 1.917 1.762 1.611 1.554 1.506 1.414 1.317 1.241 1.169 1.109 1.071 1.04 1.019 1.001 0.9873 0.9825 0.9828 0.9811 0.9811 0.9792 0.9531 0.9274 0.8773 0.8171 0.7432 0.6594 0.5661 0.4725 0.3811 0.2987 0.2215 0.1581 0 0 0 0 0 0 0 0 0 0 0 1 1 1 1 1 1 1 1 1 1 1 1 1 1 1 1 1 1 1 1 1 .
Normalization of pu_mc: 1
Normalization of pileup: 2.014e+10
Weights for variable pu_mc with a number of bins equal to 76:
1 1 1 1 1 1 1 1 1 1 2.784 3.074 2.661 2.24 1.976 1.881 1.801 1.669 1.544 1.453 1.364 1.27 1.186 1.113 1.061 1.016 0.9702 0.9245 0.8754 0.8192 0.7629 0.7065 0.6366 0.5722 0.4984 0.4252 0.3515 0.2804 0.2137 0.1564 0.1092 0 0 0 0 0 0 0 0 0 0 0 0 0 0 1 1 1 1 1 1 1 1 1 1 1 1 1 1 1 1 1 1 1 1 1 .
For maximum weight 3.074: integral relative change: 0
Final weights: 
1 1 1 1 1 1 1 1 1 1 2.784 3.074 2.661 2.24 1.976 1.881 1.801 1.669 1.544 1.453 1.364 1.27 1.186 1.113 1.061 1.016 0.9702 0.9245 0.8754 0.8192 0.7629 0.7065 0.6366 0.5722 0.4984 0.4252 0.3515 0.2804 0.2137 0.1564 0.1092 0 0 0 0 0 0 0 0 0 0 0 0 0 0 1 1 1 1 1 1 1 1 1 1 1 1 1 1 1 1 1 1 1 1 1 .
begin job of lepCalProducer
initializing all the rochester correction objects
initializing the egamma calibrator
Processed  9500000/14721863 entries (elapsed time     0.3s, curr speed   31.250 kHz, avg speed 29687.500 kHz), accepted        1/       1 events (100.00%)
Processed  9510000/14721863 entries (elapsed time    13.8s, curr speed    0.739 kHz, avg speed  686.643 kHz), accepted    10001/   10001 events (100.00%)
Processed  9520000/14721863 entries (elapsed time    27.8s, curr speed    0.715 kHz, avg speed  342.077 kHz), accepted    20001/   20001 events (100.00%)
Processed  9530000/14721863 entries (elapsed time    41.4s, curr speed    0.736 kHz, avg speed  230.138 kHz), accepted    30001/   30001 events (100.00%)
Processed  9540000/14721863 entries (elapsed time    55.0s, curr speed    0.736 kHz, avg speed  173.486 kHz), accepted    40001/   40001 events (100.00%)
Processed  9550000/14721863 entries (elapsed time    68.6s, curr speed    0.736 kHz, avg speed  139.253 kHz), accepted    50001/   50001 events (100.00%)
Processed  9560000/14721863 entries (elapsed time    82.2s, curr speed    0.735 kHz, avg speed  116.330 kHz), accepted    60001/   60001 events (100.00%)
Processed  9570000/14721863 entries (elapsed time    95.0s, curr speed    0.778 kHz, avg speed  100.705 kHz), accepted    70001/   70001 events (100.00%)
Processed  9580000/14721863 entries (elapsed time   106.6s, curr speed    0.864 kHz, avg speed   89.869 kHz), accepted    80001/   80001 events (100.00%)
Processed  9590000/14721863 entries (elapsed time   118.3s, curr speed    0.858 kHz, avg speed   81.093 kHz), accepted    90001/   90001 events (100.00%)
Processed  9600000/14721863 entries (elapsed time   130.0s, curr speed    0.852 kHz, avg speed   73.846 kHz), accepted   100001/  100001 events (100.00%)
Processed  9610000/14721863 entries (elapsed time   141.8s, curr speed    0.844 kHz, avg speed   67.748 kHz), accepted   110001/  110001 events (100.00%)
Processed  9620000/14721863 entries (elapsed time   153.8s, curr speed    0.837 kHz, avg speed   62.549 kHz), accepted   120001/  120001 events (100.00%)
Processed  9630000/14721863 entries (elapsed time   182.2s, curr speed    0.352 kHz, avg speed   52.845 kHz), accepted   130001/  130001 events (100.00%)
Processed  9640000/14721863 entries (elapsed time   193.8s, curr speed    0.864 kHz, avg speed   49.742 kHz), accepted   140001/  140001 events (100.00%)
Processed  9650000/14721863 entries (elapsed time   205.5s, curr speed    0.854 kHz, avg speed   46.956 kHz), accepted   150001/  150001 events (100.00%)
Processed  9660000/14721863 entries (elapsed time   217.3s, curr speed    0.847 kHz, avg speed   44.453 kHz), accepted   160001/  160001 events (100.00%)
Processed  9670000/14721863 entries (elapsed time   229.2s, curr speed    0.842 kHz, avg speed   42.192 kHz), accepted   170001/  170001 events (100.00%)
Processed  9680000/14721863 entries (elapsed time   241.1s, curr speed    0.837 kHz, avg speed   40.143 kHz), accepted   180001/  180001 events (100.00%)
Processed  9690000/14721863 entries (elapsed time   252.8s, curr speed    0.859 kHz, avg speed   38.334 kHz), accepted   190001/  190001 events (100.00%)
Processed  9700000/14721863 entries (elapsed time   280.6s, curr speed    0.359 kHz, avg speed   34.569 kHz), accepted   200001/  200001 events (100.00%)
Processed  9710000/14721863 entries (elapsed time   292.4s, curr speed    0.846 kHz, avg speed   33.206 kHz), accepted   210001/  210001 events (100.00%)
Processed  9720000/14721863 entries (elapsed time   304.0s, curr speed    0.861 kHz, avg speed   31.969 kHz), accepted   220001/  220001 events (100.00%)
Processed  9730000/14721863 entries (elapsed time   315.7s, curr speed    0.858 kHz, avg speed   30.820 kHz), accepted   230001/  230001 events (100.00%)
Processed  9740000/14721863 entries (elapsed time   327.5s, curr speed    0.846 kHz, avg speed   29.739 kHz), accepted   240001/  240001 events (100.00%)
Processed 250000 entries from MY_EOS_SPACE/heppyNtuples/TREES_SingleMuon2016BCDEF_94X/SingleMuon_Run2016D_part2/treeProducerWMass/tree.root, selected 250000 entries
Done MY_EOS_SPACE/heppyNtuples/TREES_SingleMuon2016BCDEF_94X/friends/tree_Friend_SingleMuon_Run2016D_part2.chunk38.root
