000 (322894.033.000) 05/10 15:24:54 Job submitted from host: <188.184.95.166:9618?addrs=188.184.95.166-9618+[2001-1458-201-e4--100-7a0]-9618&alias=tbird02.cern.ch&noUDP&sock=schedd_2138722_faad_3>
...
040 (322894.033.000) 05/10 15:35:31 Started transferring input files
	Transferring to host: <188.184.133.228:9618?addrs=188.184.133.228-9618+[2001-1458-301-a0--100-1f0]-9618&noUDP&sock=12952_9b08_102621>
...
040 (322894.033.000) 05/10 15:35:31 Finished transferring input files
...
001 (322894.033.000) 05/10 15:35:32 Job executing on host: <188.184.133.228:9618?addrs=188.184.133.228-9618+[2001-1458-301-a0--100-1f0]-9618&noUDP&sock=12734_0b16_3>
...
006 (322894.033.000) 05/10 15:35:41 Image size of job updated: 209404
	129  -  MemoryUsage of job (MB)
	131796  -  ResidentSetSize of job (KB)
...
006 (322894.033.000) 05/10 15:40:42 Image size of job updated: 491248
	479  -  MemoryUsage of job (MB)
	490024  -  ResidentSetSize of job (KB)
...
006 (322894.033.000) 05/10 15:41:19 Image size of job updated: 491460
	479  -  MemoryUsage of job (MB)
	490024  -  ResidentSetSize of job (KB)
...
040 (322894.033.000) 05/10 15:41:19 Started transferring output files
...
040 (322894.033.000) 05/10 15:41:19 Finished transferring output files
...
005 (322894.033.000) 05/10 15:41:19 Job terminated.
	(1) Normal termination (return value 1)
		Usr 0 00:05:03, Sys 0 00:00:36  -  Run Remote Usage
		Usr 0 00:00:00, Sys 0 00:00:00  -  Run Local Usage
		Usr 0 00:05:03, Sys 0 00:00:36  -  Total Remote Usage
		Usr 0 00:00:00, Sys 0 00:00:00  -  Total Local Usage
	9477  -  Run Bytes Sent By Job
	10941  -  Run Bytes Received By Job
	9477  -  Total Bytes Sent By Job
	10941  -  Total Bytes Received By Job
	Partitionable Resources :    Usage  Request Allocated 
	   Cpus                 :                 1           
	   Disk (KB)            :       72        1   2103229 
	   Memory (MB)          :      479     2000      2000 
...
