   SingleMuon_Run2016C_part2   DATA  62 chunks


I have 1 taks to process
I'm using the following list of modules DEFAULT_MODULES
this is jobs [('SingleMuon_Run2016C_part2', 'MY_EOS_SPACE/heppyNtuples/TREES_SingleMuon2016BCDEF_94X/SingleMuon_Run2016C_part2/treeProducerWMass/tree.root', 28478661.0, '_Friend_SingleMuon_Run2016C_part2.chunk30', True, xrange(7500000, 7750000), 30)]
Modules to run:  []   name =  puWeight
Loading puWeight from CMGTools.WMass.postprocessing.examples.puWeightProducer 
Running on dataset =  SingleMuon_Run2016C_part2
TFile: name=/afs/cern.ch/work/m/mciprian/w_mass_analysis/heppy/rel_slc7/CMSSW_9_4_12/src/CMGTools/WMass/python/postprocessing/data/pileup/pileup_profile_Summer16.root, title=, option=READ
TFile: name=/afs/cern.ch/work/m/mciprian/w_mass_analysis/heppy/rel_slc7/CMSSW_9_4_12/src/CMGTools/WMass/python/postprocessing/data/pileup/PileupData_GoldenJSON_Full2016.root, title=, option=READ
Load C++ Worker
Modules to run:  []   name =  puWeight2016BF
Loading puWeight2016BF from CMGTools.WMass.postprocessing.examples.puWeightProducer 
Running on dataset =  SingleMuon_Run2016C_part2
TFile: name=/afs/cern.ch/work/m/mciprian/w_mass_analysis/heppy/rel_slc7/CMSSW_9_4_12/src/CMGTools/WMass/python/postprocessing/data/pileup/pileup_profile_Summer16.root, title=, option=READ
TFile: name=/afs/cern.ch/work/m/mciprian/w_mass_analysis/heppy/rel_slc7/CMSSW_9_4_12/src/CMGTools/WMass/python/postprocessing/data/pileup/PileupData_GoldenJSON_2016BF.root, title=, option=READ
Modules to run:  []   name =  lepQCDAwayJetAll
Loading lepQCDAwayJetAll from CMGTools.WMass.postprocessing.examples.lepVarProducer 
Running on dataset =  SingleMuon_Run2016C_part2
Modules to run:  []   name =  muCalibratedWithStatVar
Loading muCalibratedWithStatVar from CMGTools.WMass.postprocessing.examples.lepVarProducer 
Running on dataset =  SingleMuon_Run2016C_part2
did not find EnergyScaleCorrection shared object, rebuilding
trying to load all the rochester correction libraries
did not find legacy data roccor. rebuilding...
done building legacy data roccor.
Modules to run:  []   name =  jetAllReCleaner
Loading jetAllReCleaner from CMGTools.WMass.postprocessing.examples.jetReCleaner 
Running on dataset =  SingleMuon_Run2016C_part2
Load C++ Worker
Modules to run:  []   name =  jetReCleaner
Loading jetReCleaner from CMGTools.WMass.postprocessing.examples.jetReCleaner 
Running on dataset =  SingleMuon_Run2016C_part2
Load C++ Worker
Modules to run:  []   name =  genQEDJets
Loading genQEDJets from CMGTools.WMass.postprocessing.examples.genFriendProducer 
Running on dataset =  SingleMuon_Run2016C_part2
Will write selected trees to MY_EOS_SPACE/heppyNtuples/TREES_SingleMuon2016BCDEF_94X/friends/
Normalization of pu_mc: 0.999973
Normalization of pileup: 3.65129e+10
Weights for variable pu_mc with a number of bins equal to 76:
1 1 1 1 1 1 1 1 1 1 1.616 1.923 1.917 1.762 1.611 1.554 1.506 1.414 1.317 1.241 1.169 1.109 1.071 1.04 1.019 1.001 0.9873 0.9825 0.9828 0.9811 0.9811 0.9792 0.9531 0.9274 0.8773 0.8171 0.7432 0.6594 0.5661 0.4725 0.3811 0.2987 0.2215 0.1581 0 0 0 0 0 0 0 0 0 0 0 1 1 1 1 1 1 1 1 1 1 1 1 1 1 1 1 1 1 1 1 1 .
Final weights: 
1 1 1 1 1 1 1 1 1 1 1.616 1.923 1.917 1.762 1.611 1.554 1.506 1.414 1.317 1.241 1.169 1.109 1.071 1.04 1.019 1.001 0.9873 0.9825 0.9828 0.9811 0.9811 0.9792 0.9531 0.9274 0.8773 0.8171 0.7432 0.6594 0.5661 0.4725 0.3811 0.2987 0.2215 0.1581 0 0 0 0 0 0 0 0 0 0 0 1 1 1 1 1 1 1 1 1 1 1 1 1 1 1 1 1 1 1 1 1 .
Normalization of pu_mc: 1
Normalization of pileup: 2.014e+10
Weights for variable pu_mc with a number of bins equal to 76:
1 1 1 1 1 1 1 1 1 1 2.784 3.074 2.661 2.24 1.976 1.881 1.801 1.669 1.544 1.453 1.364 1.27 1.186 1.113 1.061 1.016 0.9702 0.9245 0.8754 0.8192 0.7629 0.7065 0.6366 0.5722 0.4984 0.4252 0.3515 0.2804 0.2137 0.1564 0.1092 0 0 0 0 0 0 0 0 0 0 0 0 0 0 1 1 1 1 1 1 1 1 1 1 1 1 1 1 1 1 1 1 1 1 1 .
For maximum weight 3.074: integral relative change: 0
Final weights: 
1 1 1 1 1 1 1 1 1 1 2.784 3.074 2.661 2.24 1.976 1.881 1.801 1.669 1.544 1.453 1.364 1.27 1.186 1.113 1.061 1.016 0.9702 0.9245 0.8754 0.8192 0.7629 0.7065 0.6366 0.5722 0.4984 0.4252 0.3515 0.2804 0.2137 0.1564 0.1092 0 0 0 0 0 0 0 0 0 0 0 0 0 0 1 1 1 1 1 1 1 1 1 1 1 1 1 1 1 1 1 1 1 1 1 .
begin job of lepCalProducer
initializing all the rochester correction objects
initializing the egamma calibrator
Processed  7500000/15371854 entries (elapsed time     0.3s, curr speed   29.412 kHz, avg speed 22058.824 kHz), accepted        1/       1 events (100.00%)
Processed  7510000/15371854 entries (elapsed time    14.1s, curr speed    0.727 kHz, avg speed  532.624 kHz), accepted    10001/   10001 events (100.00%)
Processed  7520000/15371854 entries (elapsed time    29.1s, curr speed    0.667 kHz, avg speed  258.508 kHz), accepted    20001/   20001 events (100.00%)
Processed  7530000/15371854 entries (elapsed time    43.8s, curr speed    0.682 kHz, avg speed  172.075 kHz), accepted    30001/   30001 events (100.00%)
Processed  7540000/15371854 entries (elapsed time    58.4s, curr speed    0.685 kHz, avg speed  129.220 kHz), accepted    40001/   40001 events (100.00%)
Processed  7550000/15371854 entries (elapsed time    73.0s, curr speed    0.683 kHz, avg speed  103.439 kHz), accepted    50001/   50001 events (100.00%)
Processed  7560000/15371854 entries (elapsed time    87.9s, curr speed    0.672 kHz, avg speed   86.046 kHz), accepted    60001/   60001 events (100.00%)
Processed  7570000/15371854 entries (elapsed time   101.2s, curr speed    0.750 kHz, avg speed   74.810 kHz), accepted    70001/   70001 events (100.00%)
Processed  7580000/15371854 entries (elapsed time   113.1s, curr speed    0.843 kHz, avg speed   67.050 kHz), accepted    80001/   80001 events (100.00%)
Processed  7590000/15371854 entries (elapsed time   124.7s, curr speed    0.858 kHz, avg speed   60.866 kHz), accepted    90001/   90001 events (100.00%)
Processed  7600000/15371854 entries (elapsed time   136.5s, curr speed    0.849 kHz, avg speed   55.686 kHz), accepted   100001/  100001 events (100.00%)
Processed  7610000/15371854 entries (elapsed time   148.8s, curr speed    0.808 kHz, avg speed   51.125 kHz), accepted   110001/  110001 events (100.00%)
Processed  7620000/15371854 entries (elapsed time   161.1s, curr speed    0.819 kHz, avg speed   47.312 kHz), accepted   120001/  120001 events (100.00%)
Processed  7630000/15371854 entries (elapsed time   191.8s, curr speed    0.325 kHz, avg speed   39.775 kHz), accepted   130001/  130001 events (100.00%)
Processed  7640000/15371854 entries (elapsed time   203.9s, curr speed    0.831 kHz, avg speed   37.475 kHz), accepted   140001/  140001 events (100.00%)
Processed  7650000/15371854 entries (elapsed time   216.1s, curr speed    0.819 kHz, avg speed   35.404 kHz), accepted   150001/  150001 events (100.00%)
Processed  7660000/15371854 entries (elapsed time   228.2s, curr speed    0.828 kHz, avg speed   33.573 kHz), accepted   160001/  160001 events (100.00%)
Processed  7670000/15371854 entries (elapsed time   240.8s, curr speed    0.789 kHz, avg speed   31.848 kHz), accepted   170001/  170001 events (100.00%)
Processed  7680000/15371854 entries (elapsed time   253.7s, curr speed    0.775 kHz, avg speed   30.268 kHz), accepted   180001/  180001 events (100.00%)
Processed  7690000/15371854 entries (elapsed time   266.5s, curr speed    0.781 kHz, avg speed   28.851 kHz), accepted   190001/  190001 events (100.00%)
Processed  7700000/15371854 entries (elapsed time   297.6s, curr speed    0.322 kHz, avg speed   25.870 kHz), accepted   200001/  200001 events (100.00%)
Processed  7710000/15371854 entries (elapsed time   309.9s, curr speed    0.818 kHz, avg speed   24.881 kHz), accepted   210001/  210001 events (100.00%)
Processed  7720000/15371854 entries (elapsed time   322.2s, curr speed    0.809 kHz, avg speed   23.958 kHz), accepted   220001/  220001 events (100.00%)
Processed  7730000/15371854 entries (elapsed time   334.9s, curr speed    0.792 kHz, avg speed   23.084 kHz), accepted   230001/  230001 events (100.00%)
Processed  7740000/15371854 entries (elapsed time   346.9s, curr speed    0.828 kHz, avg speed   22.309 kHz), accepted   240001/  240001 events (100.00%)
Processed 250000 entries from MY_EOS_SPACE/heppyNtuples/TREES_SingleMuon2016BCDEF_94X/SingleMuon_Run2016C_part2/treeProducerWMass/tree.root, selected 250000 entries
Done MY_EOS_SPACE/heppyNtuples/TREES_SingleMuon2016BCDEF_94X/friends/tree_Friend_SingleMuon_Run2016C_part2.chunk30.root
