   SingleMuon_Run2016E_part2   DATA  60 chunks


I have 1 taks to process
I'm using the following list of modules DEFAULT_MODULES
this is jobs [('SingleMuon_Run2016E_part2', 'MY_EOS_SPACE/heppyNtuples/TREES_SingleMuon2016BCDEF_94X/SingleMuon_Run2016E_part2/treeProducerWMass/tree.root', 24297701.0, '_Friend_SingleMuon_Run2016E_part2.chunk44', True, xrange(11000000, 11250000), 44)]
Modules to run:  []   name =  puWeight
Loading puWeight from CMGTools.WMass.postprocessing.examples.puWeightProducer 
Running on dataset =  SingleMuon_Run2016E_part2
TFile: name=/afs/cern.ch/work/m/mciprian/w_mass_analysis/heppy/rel_slc7/CMSSW_9_4_12/src/CMGTools/WMass/python/postprocessing/data/pileup/pileup_profile_Summer16.root, title=, option=READ
TFile: name=/afs/cern.ch/work/m/mciprian/w_mass_analysis/heppy/rel_slc7/CMSSW_9_4_12/src/CMGTools/WMass/python/postprocessing/data/pileup/PileupData_GoldenJSON_Full2016.root, title=, option=READ
Load C++ Worker
Modules to run:  []   name =  puWeight2016BF
Loading puWeight2016BF from CMGTools.WMass.postprocessing.examples.puWeightProducer 
Running on dataset =  SingleMuon_Run2016E_part2
TFile: name=/afs/cern.ch/work/m/mciprian/w_mass_analysis/heppy/rel_slc7/CMSSW_9_4_12/src/CMGTools/WMass/python/postprocessing/data/pileup/pileup_profile_Summer16.root, title=, option=READ
TFile: name=/afs/cern.ch/work/m/mciprian/w_mass_analysis/heppy/rel_slc7/CMSSW_9_4_12/src/CMGTools/WMass/python/postprocessing/data/pileup/PileupData_GoldenJSON_2016BF.root, title=, option=READ
Modules to run:  []   name =  lepQCDAwayJetAll
Loading lepQCDAwayJetAll from CMGTools.WMass.postprocessing.examples.lepVarProducer 
Running on dataset =  SingleMuon_Run2016E_part2
Modules to run:  []   name =  muCalibratedWithStatVar
Loading muCalibratedWithStatVar from CMGTools.WMass.postprocessing.examples.lepVarProducer 
Running on dataset =  SingleMuon_Run2016E_part2
did not find EnergyScaleCorrection shared object, rebuilding
trying to load all the rochester correction libraries
did not find legacy data roccor. rebuilding...
done building legacy data roccor.
Modules to run:  []   name =  jetAllReCleaner
Loading jetAllReCleaner from CMGTools.WMass.postprocessing.examples.jetReCleaner 
Running on dataset =  SingleMuon_Run2016E_part2
Load C++ Worker
Modules to run:  []   name =  jetReCleaner
Loading jetReCleaner from CMGTools.WMass.postprocessing.examples.jetReCleaner 
Running on dataset =  SingleMuon_Run2016E_part2
Load C++ Worker
Modules to run:  []   name =  genQEDJets
Loading genQEDJets from CMGTools.WMass.postprocessing.examples.genFriendProducer 
Running on dataset =  SingleMuon_Run2016E_part2
Will write selected trees to MY_EOS_SPACE/heppyNtuples/TREES_SingleMuon2016BCDEF_94X/friends/
Normalization of pu_mc: 0.999973
Normalization of pileup: 3.65129e+10
Weights for variable pu_mc with a number of bins equal to 76:
1 1 1 1 1 1 1 1 1 1 1.616 1.923 1.917 1.762 1.611 1.554 1.506 1.414 1.317 1.241 1.169 1.109 1.071 1.04 1.019 1.001 0.9873 0.9825 0.9828 0.9811 0.9811 0.9792 0.9531 0.9274 0.8773 0.8171 0.7432 0.6594 0.5661 0.4725 0.3811 0.2987 0.2215 0.1581 0 0 0 0 0 0 0 0 0 0 0 1 1 1 1 1 1 1 1 1 1 1 1 1 1 1 1 1 1 1 1 1 .
Final weights: 
1 1 1 1 1 1 1 1 1 1 1.616 1.923 1.917 1.762 1.611 1.554 1.506 1.414 1.317 1.241 1.169 1.109 1.071 1.04 1.019 1.001 0.9873 0.9825 0.9828 0.9811 0.9811 0.9792 0.9531 0.9274 0.8773 0.8171 0.7432 0.6594 0.5661 0.4725 0.3811 0.2987 0.2215 0.1581 0 0 0 0 0 0 0 0 0 0 0 1 1 1 1 1 1 1 1 1 1 1 1 1 1 1 1 1 1 1 1 1 .
Normalization of pu_mc: 1
Normalization of pileup: 2.014e+10
Weights for variable pu_mc with a number of bins equal to 76:
1 1 1 1 1 1 1 1 1 1 2.784 3.074 2.661 2.24 1.976 1.881 1.801 1.669 1.544 1.453 1.364 1.27 1.186 1.113 1.061 1.016 0.9702 0.9245 0.8754 0.8192 0.7629 0.7065 0.6366 0.5722 0.4984 0.4252 0.3515 0.2804 0.2137 0.1564 0.1092 0 0 0 0 0 0 0 0 0 0 0 0 0 0 1 1 1 1 1 1 1 1 1 1 1 1 1 1 1 1 1 1 1 1 1 .
For maximum weight 3.074: integral relative change: 0
Final weights: 
1 1 1 1 1 1 1 1 1 1 2.784 3.074 2.661 2.24 1.976 1.881 1.801 1.669 1.544 1.453 1.364 1.27 1.186 1.113 1.061 1.016 0.9702 0.9245 0.8754 0.8192 0.7629 0.7065 0.6366 0.5722 0.4984 0.4252 0.3515 0.2804 0.2137 0.1564 0.1092 0 0 0 0 0 0 0 0 0 0 0 0 0 0 1 1 1 1 1 1 1 1 1 1 1 1 1 1 1 1 1 1 1 1 1 .
begin job of lepCalProducer
initializing all the rochester correction objects
initializing the egamma calibrator
Processed 11000000/14756905 entries (elapsed time     0.3s, curr speed   35.714 kHz, avg speed 39285.714 kHz), accepted        1/       1 events (100.00%)
Processed 11010000/14756905 entries (elapsed time    14.1s, curr speed    0.726 kHz, avg speed  783.073 kHz), accepted    10001/   10001 events (100.00%)
Processed 11020000/14756905 entries (elapsed time    28.8s, curr speed    0.678 kHz, avg speed  382.639 kHz), accepted    20001/   20001 events (100.00%)
Processed 11030000/14756905 entries (elapsed time    43.9s, curr speed    0.664 kHz, avg speed  251.539 kHz), accepted    30001/   30001 events (100.00%)
Processed 11040000/14756905 entries (elapsed time    58.4s, curr speed    0.687 kHz, avg speed  189.041 kHz), accepted    40001/   40001 events (100.00%)
Processed 11050000/14756905 entries (elapsed time    73.7s, curr speed    0.654 kHz, avg speed  149.973 kHz), accepted    50001/   50001 events (100.00%)
Processed 11060000/14756905 entries (elapsed time    89.7s, curr speed    0.623 kHz, avg speed  123.272 kHz), accepted    60001/   60001 events (100.00%)
Processed 11070000/14756905 entries (elapsed time   106.0s, curr speed    0.613 kHz, avg speed  104.404 kHz), accepted    70001/   70001 events (100.00%)
Processed 11080000/14756905 entries (elapsed time   119.5s, curr speed    0.743 kHz, avg speed   92.727 kHz), accepted    80001/   80001 events (100.00%)
Processed 11090000/14756905 entries (elapsed time   132.0s, curr speed    0.799 kHz, avg speed   84.009 kHz), accepted    90001/   90001 events (100.00%)
Processed 11100000/14756905 entries (elapsed time   143.9s, curr speed    0.843 kHz, avg speed   77.153 kHz), accepted   100001/  100001 events (100.00%)
Processed 11110000/14756905 entries (elapsed time   155.7s, curr speed    0.846 kHz, avg speed   71.360 kHz), accepted   110001/  110001 events (100.00%)
Processed 11120000/14756905 entries (elapsed time   167.6s, curr speed    0.842 kHz, avg speed   66.364 kHz), accepted   120001/  120001 events (100.00%)
Processed 11130000/14756905 entries (elapsed time   195.1s, curr speed    0.362 kHz, avg speed   57.033 kHz), accepted   130001/  130001 events (100.00%)
Processed 11140000/14756905 entries (elapsed time   206.9s, curr speed    0.848 kHz, avg speed   53.832 kHz), accepted   140001/  140001 events (100.00%)
Processed 11150000/14756905 entries (elapsed time   218.5s, curr speed    0.867 kHz, avg speed   51.034 kHz), accepted   150001/  150001 events (100.00%)
Processed 11160000/14756905 entries (elapsed time   230.5s, curr speed    0.831 kHz, avg speed   48.414 kHz), accepted   160001/  160001 events (100.00%)
Processed 11170000/14756905 entries (elapsed time   242.8s, curr speed    0.817 kHz, avg speed   46.014 kHz), accepted   170001/  170001 events (100.00%)
Processed 11180000/14756905 entries (elapsed time   254.3s, curr speed    0.867 kHz, avg speed   43.966 kHz), accepted   180001/  180001 events (100.00%)
Processed 11190000/14756905 entries (elapsed time   266.2s, curr speed    0.841 kHz, avg speed   42.039 kHz), accepted   190001/  190001 events (100.00%)
Processed 11200000/14756905 entries (elapsed time   294.4s, curr speed    0.354 kHz, avg speed   38.040 kHz), accepted   200001/  200001 events (100.00%)
Processed 11210000/14756905 entries (elapsed time   306.4s, curr speed    0.835 kHz, avg speed   36.586 kHz), accepted   210001/  210001 events (100.00%)
Processed 11220000/14756905 entries (elapsed time   317.9s, curr speed    0.872 kHz, avg speed   35.297 kHz), accepted   220001/  220001 events (100.00%)
Processed 11230000/14756905 entries (elapsed time   329.6s, curr speed    0.855 kHz, avg speed   34.076 kHz), accepted   230001/  230001 events (100.00%)
Processed 11240000/14756905 entries (elapsed time   341.0s, curr speed    0.873 kHz, avg speed   32.961 kHz), accepted   240001/  240001 events (100.00%)
Processed 250000 entries from MY_EOS_SPACE/heppyNtuples/TREES_SingleMuon2016BCDEF_94X/SingleMuon_Run2016E_part2/treeProducerWMass/tree.root, selected 250000 entries
Done MY_EOS_SPACE/heppyNtuples/TREES_SingleMuon2016BCDEF_94X/friends/tree_Friend_SingleMuon_Run2016E_part2.chunk44.root
