000 (322881.020.000) 05/10 15:24:42 Job submitted from host: <188.184.95.166:9618?addrs=188.184.95.166-9618+[2001-1458-201-e4--100-7a0]-9618&alias=tbird02.cern.ch&noUDP&sock=schedd_2138722_faad_3>
...
040 (322881.020.000) 05/10 15:25:45 Started transferring input files
	Transferring to host: <128.142.33.171:9618?addrs=128.142.33.171-9618+[2001-1458-301-117--100-113]-9618&noUDP&sock=12908_9a86_103022>
...
040 (322881.020.000) 05/10 15:25:45 Finished transferring input files
...
001 (322881.020.000) 05/10 15:25:46 Job executing on host: <128.142.33.171:9618?addrs=128.142.33.171-9618+[2001-1458-301-117--100-113]-9618&noUDP&sock=12740_28a7_3>
...
006 (322881.020.000) 05/10 15:25:54 Image size of job updated: 267604
	184  -  MemoryUsage of job (MB)
	188092  -  ResidentSetSize of job (KB)
...
006 (322881.020.000) 05/10 15:30:54 Image size of job updated: 575968
	479  -  MemoryUsage of job (MB)
	489904  -  ResidentSetSize of job (KB)
...
006 (322881.020.000) 05/10 15:31:27 Image size of job updated: 575976
	479  -  MemoryUsage of job (MB)
	489904  -  ResidentSetSize of job (KB)
...
040 (322881.020.000) 05/10 15:31:27 Started transferring output files
...
040 (322881.020.000) 05/10 15:31:27 Finished transferring output files
...
005 (322881.020.000) 05/10 15:31:27 Job terminated.
	(1) Normal termination (return value 1)
		Usr 0 00:04:59, Sys 0 00:00:35  -  Run Remote Usage
		Usr 0 00:00:00, Sys 0 00:00:00  -  Run Local Usage
		Usr 0 00:04:59, Sys 0 00:00:35  -  Total Remote Usage
		Usr 0 00:00:00, Sys 0 00:00:00  -  Total Local Usage
	9477  -  Run Bytes Sent By Job
	10941  -  Run Bytes Received By Job
	9477  -  Total Bytes Sent By Job
	10941  -  Total Bytes Received By Job
	Partitionable Resources :    Usage  Request Allocated 
	   Cpus                 :                 1           
	   Disk (KB)            :       72        1   2178477 
	   Memory (MB)          :      479     2000      2000 
...
