   SingleMuon_Run2016C_part2   DATA  62 chunks


I have 1 taks to process
I'm using the following list of modules DEFAULT_MODULES
this is jobs [('SingleMuon_Run2016C_part2', 'MY_EOS_SPACE/heppyNtuples/TREES_SingleMuon2016BCDEF_94X/SingleMuon_Run2016C_part2/treeProducerWMass/tree.root', 28478661.0, '_Friend_SingleMuon_Run2016C_part2.chunk9', True, xrange(2250000, 2500000), 9)]
Modules to run:  []   name =  puWeight
Loading puWeight from CMGTools.WMass.postprocessing.examples.puWeightProducer 
Running on dataset =  SingleMuon_Run2016C_part2
TFile: name=/afs/cern.ch/work/m/mciprian/w_mass_analysis/heppy/rel_slc7/CMSSW_9_4_12/src/CMGTools/WMass/python/postprocessing/data/pileup/pileup_profile_Summer16.root, title=, option=READ
TFile: name=/afs/cern.ch/work/m/mciprian/w_mass_analysis/heppy/rel_slc7/CMSSW_9_4_12/src/CMGTools/WMass/python/postprocessing/data/pileup/PileupData_GoldenJSON_Full2016.root, title=, option=READ
Load C++ Worker
Modules to run:  []   name =  puWeight2016BF
Loading puWeight2016BF from CMGTools.WMass.postprocessing.examples.puWeightProducer 
Running on dataset =  SingleMuon_Run2016C_part2
TFile: name=/afs/cern.ch/work/m/mciprian/w_mass_analysis/heppy/rel_slc7/CMSSW_9_4_12/src/CMGTools/WMass/python/postprocessing/data/pileup/pileup_profile_Summer16.root, title=, option=READ
TFile: name=/afs/cern.ch/work/m/mciprian/w_mass_analysis/heppy/rel_slc7/CMSSW_9_4_12/src/CMGTools/WMass/python/postprocessing/data/pileup/PileupData_GoldenJSON_2016BF.root, title=, option=READ
Modules to run:  []   name =  lepQCDAwayJetAll
Loading lepQCDAwayJetAll from CMGTools.WMass.postprocessing.examples.lepVarProducer 
Running on dataset =  SingleMuon_Run2016C_part2
Modules to run:  []   name =  muCalibratedWithStatVar
Loading muCalibratedWithStatVar from CMGTools.WMass.postprocessing.examples.lepVarProducer 
Running on dataset =  SingleMuon_Run2016C_part2
did not find EnergyScaleCorrection shared object, rebuilding
trying to load all the rochester correction libraries
did not find legacy data roccor. rebuilding...
done building legacy data roccor.
Modules to run:  []   name =  jetAllReCleaner
Loading jetAllReCleaner from CMGTools.WMass.postprocessing.examples.jetReCleaner 
Running on dataset =  SingleMuon_Run2016C_part2
Load C++ Worker
Modules to run:  []   name =  jetReCleaner
Loading jetReCleaner from CMGTools.WMass.postprocessing.examples.jetReCleaner 
Running on dataset =  SingleMuon_Run2016C_part2
Load C++ Worker
Modules to run:  []   name =  genQEDJets
Loading genQEDJets from CMGTools.WMass.postprocessing.examples.genFriendProducer 
Running on dataset =  SingleMuon_Run2016C_part2
Will write selected trees to MY_EOS_SPACE/heppyNtuples/TREES_SingleMuon2016BCDEF_94X/friends/
Normalization of pu_mc: 0.999973
Normalization of pileup: 3.65129e+10
Weights for variable pu_mc with a number of bins equal to 76:
1 1 1 1 1 1 1 1 1 1 1.616 1.923 1.917 1.762 1.611 1.554 1.506 1.414 1.317 1.241 1.169 1.109 1.071 1.04 1.019 1.001 0.9873 0.9825 0.9828 0.9811 0.9811 0.9792 0.9531 0.9274 0.8773 0.8171 0.7432 0.6594 0.5661 0.4725 0.3811 0.2987 0.2215 0.1581 0 0 0 0 0 0 0 0 0 0 0 1 1 1 1 1 1 1 1 1 1 1 1 1 1 1 1 1 1 1 1 1 .
Final weights: 
1 1 1 1 1 1 1 1 1 1 1.616 1.923 1.917 1.762 1.611 1.554 1.506 1.414 1.317 1.241 1.169 1.109 1.071 1.04 1.019 1.001 0.9873 0.9825 0.9828 0.9811 0.9811 0.9792 0.9531 0.9274 0.8773 0.8171 0.7432 0.6594 0.5661 0.4725 0.3811 0.2987 0.2215 0.1581 0 0 0 0 0 0 0 0 0 0 0 1 1 1 1 1 1 1 1 1 1 1 1 1 1 1 1 1 1 1 1 1 .
Normalization of pu_mc: 1
Normalization of pileup: 2.014e+10
Weights for variable pu_mc with a number of bins equal to 76:
1 1 1 1 1 1 1 1 1 1 2.784 3.074 2.661 2.24 1.976 1.881 1.801 1.669 1.544 1.453 1.364 1.27 1.186 1.113 1.061 1.016 0.9702 0.9245 0.8754 0.8192 0.7629 0.7065 0.6366 0.5722 0.4984 0.4252 0.3515 0.2804 0.2137 0.1564 0.1092 0 0 0 0 0 0 0 0 0 0 0 0 0 0 1 1 1 1 1 1 1 1 1 1 1 1 1 1 1 1 1 1 1 1 1 .
For maximum weight 3.074: integral relative change: 0
Final weights: 
1 1 1 1 1 1 1 1 1 1 2.784 3.074 2.661 2.24 1.976 1.881 1.801 1.669 1.544 1.453 1.364 1.27 1.186 1.113 1.061 1.016 0.9702 0.9245 0.8754 0.8192 0.7629 0.7065 0.6366 0.5722 0.4984 0.4252 0.3515 0.2804 0.2137 0.1564 0.1092 0 0 0 0 0 0 0 0 0 0 0 0 0 0 1 1 1 1 1 1 1 1 1 1 1 1 1 1 1 1 1 1 1 1 1 .
begin job of lepCalProducer
initializing all the rochester correction objects
initializing the egamma calibrator
Processed  2250000/15371854 entries (elapsed time     0.3s, curr speed   34.483 kHz, avg speed 7758.621 kHz), accepted        1/       1 events (100.00%)
Processed  2260000/15371854 entries (elapsed time    13.8s, curr speed    0.743 kHz, avg speed  164.364 kHz), accepted    10001/   10001 events (100.00%)
Processed  2270000/15371854 entries (elapsed time    27.5s, curr speed    0.728 kHz, avg speed   82.575 kHz), accepted    20001/   20001 events (100.00%)
Processed  2280000/15371854 entries (elapsed time    41.2s, curr speed    0.730 kHz, avg speed   55.367 kHz), accepted    30001/   30001 events (100.00%)
Processed  2290000/15371854 entries (elapsed time    54.8s, curr speed    0.736 kHz, avg speed   41.819 kHz), accepted    40001/   40001 events (100.00%)
Processed  2300000/15371854 entries (elapsed time    68.4s, curr speed    0.733 kHz, avg speed   33.626 kHz), accepted    50001/   50001 events (100.00%)
Processed  2310000/15371854 entries (elapsed time    82.2s, curr speed    0.724 kHz, avg speed   28.099 kHz), accepted    60001/   60001 events (100.00%)
Processed  2320000/15371854 entries (elapsed time    95.1s, curr speed    0.776 kHz, avg speed   24.398 kHz), accepted    70001/   70001 events (100.00%)
Processed  2330000/15371854 entries (elapsed time   106.7s, curr speed    0.864 kHz, avg speed   21.845 kHz), accepted    80001/   80001 events (100.00%)
Processed  2340000/15371854 entries (elapsed time   118.1s, curr speed    0.873 kHz, avg speed   19.810 kHz), accepted    90001/   90001 events (100.00%)
Processed  2350000/15371854 entries (elapsed time   129.8s, curr speed    0.858 kHz, avg speed   18.109 kHz), accepted   100001/  100001 events (100.00%)
Processed  2360000/15371854 entries (elapsed time   141.2s, curr speed    0.876 kHz, avg speed   16.715 kHz), accepted   110001/  110001 events (100.00%)
Processed  2370000/15371854 entries (elapsed time   152.8s, curr speed    0.861 kHz, avg speed   15.509 kHz), accepted   120001/  120001 events (100.00%)
Processed  2380000/15371854 entries (elapsed time   180.4s, curr speed    0.363 kHz, avg speed   13.196 kHz), accepted   130001/  130001 events (100.00%)
Processed  2390000/15371854 entries (elapsed time   192.1s, curr speed    0.854 kHz, avg speed   12.443 kHz), accepted   140001/  140001 events (100.00%)
Processed  2400000/15371854 entries (elapsed time   203.9s, curr speed    0.846 kHz, avg speed   11.771 kHz), accepted   150001/  150001 events (100.00%)
Processed  2410000/15371854 entries (elapsed time   215.5s, curr speed    0.862 kHz, avg speed   11.184 kHz), accepted   160001/  160001 events (100.00%)
Processed  2420000/15371854 entries (elapsed time   227.8s, curr speed    0.816 kHz, avg speed   10.626 kHz), accepted   170001/  170001 events (100.00%)
Processed  2430000/15371854 entries (elapsed time   239.3s, curr speed    0.865 kHz, avg speed   10.154 kHz), accepted   180001/  180001 events (100.00%)
Processed  2440000/15371854 entries (elapsed time   251.5s, curr speed    0.818 kHz, avg speed    9.701 kHz), accepted   190001/  190001 events (100.00%)
Processed  2450000/15371854 entries (elapsed time   278.3s, curr speed    0.374 kHz, avg speed    8.804 kHz), accepted   200001/  200001 events (100.00%)
Processed  2460000/15371854 entries (elapsed time   290.1s, curr speed    0.850 kHz, avg speed    8.481 kHz), accepted   210001/  210001 events (100.00%)
Processed  2470000/15371854 entries (elapsed time   301.6s, curr speed    0.867 kHz, avg speed    8.190 kHz), accepted   220001/  220001 events (100.00%)
Processed  2480000/15371854 entries (elapsed time   312.8s, curr speed    0.887 kHz, avg speed    7.927 kHz), accepted   230001/  230001 events (100.00%)
Processed  2490000/15371854 entries (elapsed time   324.3s, curr speed    0.874 kHz, avg speed    7.678 kHz), accepted   240001/  240001 events (100.00%)
Processed 250000 entries from MY_EOS_SPACE/heppyNtuples/TREES_SingleMuon2016BCDEF_94X/SingleMuon_Run2016C_part2/treeProducerWMass/tree.root, selected 250000 entries
Done MY_EOS_SPACE/heppyNtuples/TREES_SingleMuon2016BCDEF_94X/friends/tree_Friend_SingleMuon_Run2016C_part2.chunk9.root
