000 (322888.011.000) 05/10 15:24:49 Job submitted from host: <188.184.95.166:9618?addrs=188.184.95.166-9618+[2001-1458-201-e4--100-7a0]-9618&alias=tbird02.cern.ch&noUDP&sock=schedd_2138722_faad_3>
...
040 (322888.011.000) 05/10 15:30:35 Started transferring input files
	Transferring to host: <188.184.132.12:9618?addrs=188.184.132.12-9618+[2001-1458-301-a0--100-e]-9618&noUDP&sock=4087_693f_126571>
...
040 (322888.011.000) 05/10 15:30:35 Finished transferring input files
...
001 (322888.011.000) 05/10 15:30:36 Job executing on host: <188.184.132.12:9618?addrs=188.184.132.12-9618+[2001-1458-301-a0--100-e]-9618&noUDP&sock=2367_24c2_3>
...
006 (322888.011.000) 05/10 15:30:45 Image size of job updated: 312316
	224  -  MemoryUsage of job (MB)
	229328  -  ResidentSetSize of job (KB)
...
006 (322888.011.000) 05/10 15:35:46 Image size of job updated: 491572
	478  -  MemoryUsage of job (MB)
	489224  -  ResidentSetSize of job (KB)
...
040 (322888.011.000) 05/10 15:36:33 Started transferring output files
...
040 (322888.011.000) 05/10 15:36:33 Finished transferring output files
...
005 (322888.011.000) 05/10 15:36:33 Job terminated.
	(1) Normal termination (return value 1)
		Usr 0 00:05:20, Sys 0 00:00:33  -  Run Remote Usage
		Usr 0 00:00:00, Sys 0 00:00:00  -  Run Local Usage
		Usr 0 00:05:20, Sys 0 00:00:33  -  Total Remote Usage
		Usr 0 00:00:00, Sys 0 00:00:00  -  Total Local Usage
	9477  -  Run Bytes Sent By Job
	10941  -  Run Bytes Received By Job
	9477  -  Total Bytes Sent By Job
	10941  -  Total Bytes Received By Job
	Partitionable Resources :    Usage  Request Allocated 
	   Cpus                 :                 1           
	   Disk (KB)            :       72        1   2131658 
	   Memory (MB)          :      478     2000      2000 
...
