000 (322882.018.000) 05/10 15:24:43 Job submitted from host: <188.184.95.166:9618?addrs=188.184.95.166-9618+[2001-1458-201-e4--100-7a0]-9618&alias=tbird02.cern.ch&noUDP&sock=schedd_2138722_faad_3>
...
040 (322882.018.000) 05/10 15:26:04 Started transferring input files
	Transferring to host: <128.142.240.35:9618?addrs=128.142.240.35-9618+[2001-1458-301-f9--100-1b]-9618&noUDP&sock=4017_16fc_126324>
...
040 (322882.018.000) 05/10 15:26:04 Finished transferring input files
...
001 (322882.018.000) 05/10 15:26:05 Job executing on host: <128.142.240.35:9618?addrs=128.142.240.35-9618+[2001-1458-301-f9--100-1b]-9618&noUDP&sock=2332_22f2_3>
...
006 (322882.018.000) 05/10 15:26:13 Image size of job updated: 195056
	115  -  MemoryUsage of job (MB)
	117124  -  ResidentSetSize of job (KB)
...
006 (322882.018.000) 05/10 15:31:13 Image size of job updated: 493416
	479  -  MemoryUsage of job (MB)
	490424  -  ResidentSetSize of job (KB)
...
040 (322882.018.000) 05/10 15:31:50 Started transferring output files
...
040 (322882.018.000) 05/10 15:31:50 Finished transferring output files
...
005 (322882.018.000) 05/10 15:31:50 Job terminated.
	(1) Normal termination (return value 1)
		Usr 0 00:05:02, Sys 0 00:00:35  -  Run Remote Usage
		Usr 0 00:00:00, Sys 0 00:00:00  -  Run Local Usage
		Usr 0 00:05:02, Sys 0 00:00:35  -  Total Remote Usage
		Usr 0 00:00:00, Sys 0 00:00:00  -  Total Local Usage
	9477  -  Run Bytes Sent By Job
	10941  -  Run Bytes Received By Job
	9477  -  Total Bytes Sent By Job
	10941  -  Total Bytes Received By Job
	Partitionable Resources :    Usage  Request Allocated 
	   Cpus                 :                 1           
	   Disk (KB)            :       72        1   2175099 
	   Memory (MB)          :      479     2000      2000 
...
