000 (322888.008.000) 05/10 15:24:49 Job submitted from host: <188.184.95.166:9618?addrs=188.184.95.166-9618+[2001-1458-201-e4--100-7a0]-9618&alias=tbird02.cern.ch&noUDP&sock=schedd_2138722_faad_3>
...
040 (322888.008.000) 05/10 15:30:33 Started transferring input files
	Transferring to host: <188.184.132.15:9618?addrs=188.184.132.15-9618+[2001-1458-301-a0--100-f]-9618&noUDP&sock=4202_7064_126322>
...
040 (322888.008.000) 05/10 15:30:33 Finished transferring input files
...
001 (322888.008.000) 05/10 15:30:34 Job executing on host: <188.184.132.15:9618?addrs=188.184.132.15-9618+[2001-1458-301-a0--100-f]-9618&noUDP&sock=2331_7359_3>
...
006 (322888.008.000) 05/10 15:30:43 Image size of job updated: 333452
	243  -  MemoryUsage of job (MB)
	248352  -  ResidentSetSize of job (KB)
...
006 (322888.008.000) 05/10 15:35:44 Image size of job updated: 492364
	479  -  MemoryUsage of job (MB)
	489960  -  ResidentSetSize of job (KB)
...
040 (322888.008.000) 05/10 15:36:31 Started transferring output files
...
040 (322888.008.000) 05/10 15:36:31 Finished transferring output files
...
005 (322888.008.000) 05/10 15:36:31 Job terminated.
	(1) Normal termination (return value 1)
		Usr 0 00:05:19, Sys 0 00:00:33  -  Run Remote Usage
		Usr 0 00:00:00, Sys 0 00:00:00  -  Run Local Usage
		Usr 0 00:05:19, Sys 0 00:00:33  -  Total Remote Usage
		Usr 0 00:00:00, Sys 0 00:00:00  -  Total Local Usage
	9473  -  Run Bytes Sent By Job
	10941  -  Run Bytes Received By Job
	9473  -  Total Bytes Sent By Job
	10941  -  Total Bytes Received By Job
	Partitionable Resources :    Usage  Request Allocated 
	   Cpus                 :                 1           
	   Disk (KB)            :       72        1   2115701 
	   Memory (MB)          :      479     2000      2000 
...
