000 (322894.025.000) 05/10 15:24:54 Job submitted from host: <188.184.95.166:9618?addrs=188.184.95.166-9618+[2001-1458-201-e4--100-7a0]-9618&alias=tbird02.cern.ch&noUDP&sock=schedd_2138722_faad_3>
...
040 (322894.025.000) 05/10 15:35:26 Started transferring input files
	Transferring to host: <188.184.133.226:9618?addrs=188.184.133.226-9618+[2001-1458-301-a0--100-239]-9618&noUDP&sock=14884_dfd6_103127>
...
040 (322894.025.000) 05/10 15:35:26 Finished transferring input files
...
001 (322894.025.000) 05/10 15:35:27 Job executing on host: <188.184.133.226:9618?addrs=188.184.133.226-9618+[2001-1458-301-a0--100-239]-9618&noUDP&sock=14664_dcde_3>
...
006 (322894.025.000) 05/10 15:35:36 Image size of job updated: 115548
	58  -  MemoryUsage of job (MB)
	59296  -  ResidentSetSize of job (KB)
...
006 (322894.025.000) 05/10 15:40:36 Image size of job updated: 488804
	478  -  MemoryUsage of job (MB)
	488704  -  ResidentSetSize of job (KB)
...
006 (322894.025.000) 05/10 15:42:19 Image size of job updated: 490240
	478  -  MemoryUsage of job (MB)
	488704  -  ResidentSetSize of job (KB)
...
040 (322894.025.000) 05/10 15:42:19 Started transferring output files
...
040 (322894.025.000) 05/10 15:42:19 Finished transferring output files
...
005 (322894.025.000) 05/10 15:42:19 Job terminated.
	(1) Normal termination (return value 1)
		Usr 0 00:05:58, Sys 0 00:00:37  -  Run Remote Usage
		Usr 0 00:00:00, Sys 0 00:00:00  -  Run Local Usage
		Usr 0 00:05:58, Sys 0 00:00:37  -  Total Remote Usage
		Usr 0 00:00:00, Sys 0 00:00:00  -  Total Local Usage
	9477  -  Run Bytes Sent By Job
	10941  -  Run Bytes Received By Job
	9477  -  Total Bytes Sent By Job
	10941  -  Total Bytes Received By Job
	Partitionable Resources :    Usage  Request Allocated 
	   Cpus                 :                 1           
	   Disk (KB)            :       72        1   2170620 
	   Memory (MB)          :      478     2000      2000 
...
