   SingleMuon_Run2016D_part2   DATA  59 chunks


I have 1 taks to process
I'm using the following list of modules DEFAULT_MODULES
this is jobs [('SingleMuon_Run2016D_part2', 'MY_EOS_SPACE/heppyNtuples/TREES_SingleMuon2016BCDEF_94X/SingleMuon_Run2016D_part2/treeProducerWMass/tree.root', 24459165.0, '_Friend_SingleMuon_Run2016D_part2.chunk48', True, xrange(12000000, 12250000), 48)]
Modules to run:  []   name =  puWeight
Loading puWeight from CMGTools.WMass.postprocessing.examples.puWeightProducer 
Running on dataset =  SingleMuon_Run2016D_part2
TFile: name=/afs/cern.ch/work/m/mciprian/w_mass_analysis/heppy/rel_slc7/CMSSW_9_4_12/src/CMGTools/WMass/python/postprocessing/data/pileup/pileup_profile_Summer16.root, title=, option=READ
TFile: name=/afs/cern.ch/work/m/mciprian/w_mass_analysis/heppy/rel_slc7/CMSSW_9_4_12/src/CMGTools/WMass/python/postprocessing/data/pileup/PileupData_GoldenJSON_Full2016.root, title=, option=READ
Load C++ Worker
Modules to run:  []   name =  puWeight2016BF
Loading puWeight2016BF from CMGTools.WMass.postprocessing.examples.puWeightProducer 
Running on dataset =  SingleMuon_Run2016D_part2
TFile: name=/afs/cern.ch/work/m/mciprian/w_mass_analysis/heppy/rel_slc7/CMSSW_9_4_12/src/CMGTools/WMass/python/postprocessing/data/pileup/pileup_profile_Summer16.root, title=, option=READ
TFile: name=/afs/cern.ch/work/m/mciprian/w_mass_analysis/heppy/rel_slc7/CMSSW_9_4_12/src/CMGTools/WMass/python/postprocessing/data/pileup/PileupData_GoldenJSON_2016BF.root, title=, option=READ
Modules to run:  []   name =  lepQCDAwayJetAll
Loading lepQCDAwayJetAll from CMGTools.WMass.postprocessing.examples.lepVarProducer 
Running on dataset =  SingleMuon_Run2016D_part2
Modules to run:  []   name =  muCalibratedWithStatVar
Loading muCalibratedWithStatVar from CMGTools.WMass.postprocessing.examples.lepVarProducer 
Running on dataset =  SingleMuon_Run2016D_part2
did not find EnergyScaleCorrection shared object, rebuilding
trying to load all the rochester correction libraries
did not find legacy data roccor. rebuilding...
done building legacy data roccor.
Modules to run:  []   name =  jetAllReCleaner
Loading jetAllReCleaner from CMGTools.WMass.postprocessing.examples.jetReCleaner 
Running on dataset =  SingleMuon_Run2016D_part2
Load C++ Worker
Modules to run:  []   name =  jetReCleaner
Loading jetReCleaner from CMGTools.WMass.postprocessing.examples.jetReCleaner 
Running on dataset =  SingleMuon_Run2016D_part2
Load C++ Worker
Modules to run:  []   name =  genQEDJets
Loading genQEDJets from CMGTools.WMass.postprocessing.examples.genFriendProducer 
Running on dataset =  SingleMuon_Run2016D_part2
Will write selected trees to MY_EOS_SPACE/heppyNtuples/TREES_SingleMuon2016BCDEF_94X/friends/
Normalization of pu_mc: 0.999973
Normalization of pileup: 3.65129e+10
Weights for variable pu_mc with a number of bins equal to 76:
1 1 1 1 1 1 1 1 1 1 1.616 1.923 1.917 1.762 1.611 1.554 1.506 1.414 1.317 1.241 1.169 1.109 1.071 1.04 1.019 1.001 0.9873 0.9825 0.9828 0.9811 0.9811 0.9792 0.9531 0.9274 0.8773 0.8171 0.7432 0.6594 0.5661 0.4725 0.3811 0.2987 0.2215 0.1581 0 0 0 0 0 0 0 0 0 0 0 1 1 1 1 1 1 1 1 1 1 1 1 1 1 1 1 1 1 1 1 1 .
Final weights: 
1 1 1 1 1 1 1 1 1 1 1.616 1.923 1.917 1.762 1.611 1.554 1.506 1.414 1.317 1.241 1.169 1.109 1.071 1.04 1.019 1.001 0.9873 0.9825 0.9828 0.9811 0.9811 0.9792 0.9531 0.9274 0.8773 0.8171 0.7432 0.6594 0.5661 0.4725 0.3811 0.2987 0.2215 0.1581 0 0 0 0 0 0 0 0 0 0 0 1 1 1 1 1 1 1 1 1 1 1 1 1 1 1 1 1 1 1 1 1 .
Normalization of pu_mc: 1
Normalization of pileup: 2.014e+10
Weights for variable pu_mc with a number of bins equal to 76:
1 1 1 1 1 1 1 1 1 1 2.784 3.074 2.661 2.24 1.976 1.881 1.801 1.669 1.544 1.453 1.364 1.27 1.186 1.113 1.061 1.016 0.9702 0.9245 0.8754 0.8192 0.7629 0.7065 0.6366 0.5722 0.4984 0.4252 0.3515 0.2804 0.2137 0.1564 0.1092 0 0 0 0 0 0 0 0 0 0 0 0 0 0 1 1 1 1 1 1 1 1 1 1 1 1 1 1 1 1 1 1 1 1 1 .
For maximum weight 3.074: integral relative change: 0
Final weights: 
1 1 1 1 1 1 1 1 1 1 2.784 3.074 2.661 2.24 1.976 1.881 1.801 1.669 1.544 1.453 1.364 1.27 1.186 1.113 1.061 1.016 0.9702 0.9245 0.8754 0.8192 0.7629 0.7065 0.6366 0.5722 0.4984 0.4252 0.3515 0.2804 0.2137 0.1564 0.1092 0 0 0 0 0 0 0 0 0 0 0 0 0 0 1 1 1 1 1 1 1 1 1 1 1 1 1 1 1 1 1 1 1 1 1 .
begin job of lepCalProducer
initializing all the rochester correction objects
initializing the egamma calibrator
Processed 12000000/14721863 entries (elapsed time     0.3s, curr speed   33.333 kHz, avg speed 40000.000 kHz), accepted        1/       1 events (100.00%)
Processed 12010000/14721863 entries (elapsed time    13.8s, curr speed    0.739 kHz, avg speed  867.775 kHz), accepted    10001/   10001 events (100.00%)
Processed 12020000/14721863 entries (elapsed time    28.1s, curr speed    0.703 kHz, avg speed  428.368 kHz), accepted    20001/   20001 events (100.00%)
Processed 12030000/14721863 entries (elapsed time    42.1s, curr speed    0.711 kHz, avg speed  285.613 kHz), accepted    30001/   30001 events (100.00%)
Processed 12040000/14721863 entries (elapsed time    56.4s, curr speed    0.701 kHz, avg speed  213.551 kHz), accepted    40001/   40001 events (100.00%)
Processed 12050000/14721863 entries (elapsed time    70.3s, curr speed    0.717 kHz, avg speed  171.359 kHz), accepted    50001/   50001 events (100.00%)
Processed 12060000/14721863 entries (elapsed time    84.3s, curr speed    0.713 kHz, avg speed  142.993 kHz), accepted    60001/   60001 events (100.00%)
Processed 12070000/14721863 entries (elapsed time    97.1s, curr speed    0.781 kHz, avg speed  124.254 kHz), accepted    70001/   70001 events (100.00%)
Processed 12080000/14721863 entries (elapsed time   108.8s, curr speed    0.858 kHz, avg speed  111.040 kHz), accepted    80001/   80001 events (100.00%)
Processed 12090000/14721863 entries (elapsed time   120.5s, curr speed    0.853 kHz, avg speed  100.315 kHz), accepted    90001/   90001 events (100.00%)
Processed 12100000/14721863 entries (elapsed time   132.2s, curr speed    0.856 kHz, avg speed   91.528 kHz), accepted   100001/  100001 events (100.00%)
Processed 12110000/14721863 entries (elapsed time   144.0s, curr speed    0.847 kHz, avg speed   84.097 kHz), accepted   110001/  110001 events (100.00%)
Processed 12120000/14721863 entries (elapsed time   155.8s, curr speed    0.845 kHz, avg speed   77.772 kHz), accepted   120001/  120001 events (100.00%)
Processed 12130000/14721863 entries (elapsed time   183.8s, curr speed    0.358 kHz, avg speed   66.014 kHz), accepted   130001/  130001 events (100.00%)
Processed 12140000/14721863 entries (elapsed time   195.4s, curr speed    0.860 kHz, avg speed   62.135 kHz), accepted   140001/  140001 events (100.00%)
Processed 12150000/14721863 entries (elapsed time   207.5s, curr speed    0.825 kHz, avg speed   58.554 kHz), accepted   150001/  150001 events (100.00%)
Processed 12160000/14721863 entries (elapsed time   219.6s, curr speed    0.829 kHz, avg speed   55.381 kHz), accepted   160001/  160001 events (100.00%)
Processed 12170000/14721863 entries (elapsed time   231.5s, curr speed    0.839 kHz, avg speed   52.572 kHz), accepted   170001/  170001 events (100.00%)
Processed 12180000/14721863 entries (elapsed time   243.2s, curr speed    0.850 kHz, avg speed   50.072 kHz), accepted   180001/  180001 events (100.00%)
Processed 12190000/14721863 entries (elapsed time   255.0s, curr speed    0.849 kHz, avg speed   47.798 kHz), accepted   190001/  190001 events (100.00%)
Processed 12200000/14721863 entries (elapsed time   282.7s, curr speed    0.361 kHz, avg speed   43.149 kHz), accepted   200001/  200001 events (100.00%)
Processed 12210000/14721863 entries (elapsed time   294.6s, curr speed    0.841 kHz, avg speed   41.442 kHz), accepted   210001/  210001 events (100.00%)
Processed 12220000/14721863 entries (elapsed time   306.3s, curr speed    0.860 kHz, avg speed   39.901 kHz), accepted   220001/  220001 events (100.00%)
Processed 12230000/14721863 entries (elapsed time   317.7s, curr speed    0.876 kHz, avg speed   38.498 kHz), accepted   230001/  230001 events (100.00%)
Processed 12240000/14721863 entries (elapsed time   329.5s, curr speed    0.847 kHz, avg speed   37.148 kHz), accepted   240001/  240001 events (100.00%)
Processed 250000 entries from MY_EOS_SPACE/heppyNtuples/TREES_SingleMuon2016BCDEF_94X/SingleMuon_Run2016D_part2/treeProducerWMass/tree.root, selected 250000 entries
Done MY_EOS_SPACE/heppyNtuples/TREES_SingleMuon2016BCDEF_94X/friends/tree_Friend_SingleMuon_Run2016D_part2.chunk48.root
