000 (322890.013.000) 05/10 15:24:50 Job submitted from host: <188.184.95.166:9618?addrs=188.184.95.166-9618+[2001-1458-201-e4--100-7a0]-9618&alias=tbird02.cern.ch&noUDP&sock=schedd_2138722_faad_3>
...
040 (322890.013.000) 05/10 15:32:01 Started transferring input files
	Transferring to host: <128.142.33.140:9618?addrs=128.142.33.140-9618+[2001-1458-301-117--100-2e6]-9618&noUDP&sock=13649_b484_102641>
...
040 (322890.013.000) 05/10 15:32:01 Finished transferring input files
...
001 (322890.013.000) 05/10 15:32:02 Job executing on host: <128.142.33.140:9618?addrs=128.142.33.140-9618+[2001-1458-301-117--100-2e6]-9618&noUDP&sock=13466_2269_3>
...
006 (322890.013.000) 05/10 15:32:11 Image size of job updated: 334688
	244  -  MemoryUsage of job (MB)
	249384  -  ResidentSetSize of job (KB)
...
006 (322890.013.000) 05/10 15:37:11 Image size of job updated: 494140
	481  -  MemoryUsage of job (MB)
	491760  -  ResidentSetSize of job (KB)
...
040 (322890.013.000) 05/10 15:38:17 Started transferring output files
...
040 (322890.013.000) 05/10 15:38:17 Finished transferring output files
...
005 (322890.013.000) 05/10 15:38:17 Job terminated.
	(1) Normal termination (return value 1)
		Usr 0 00:05:29, Sys 0 00:00:33  -  Run Remote Usage
		Usr 0 00:00:00, Sys 0 00:00:00  -  Run Local Usage
		Usr 0 00:05:29, Sys 0 00:00:33  -  Total Remote Usage
		Usr 0 00:00:00, Sys 0 00:00:00  -  Total Local Usage
	9476  -  Run Bytes Sent By Job
	10941  -  Run Bytes Received By Job
	9476  -  Total Bytes Sent By Job
	10941  -  Total Bytes Received By Job
	Partitionable Resources :    Usage  Request Allocated 
	   Cpus                 :                 1           
	   Disk (KB)            :       72        1   2137567 
	   Memory (MB)          :      481     2000      2000 
...
