000 (322894.023.000) 05/10 15:24:54 Job submitted from host: <188.184.95.166:9618?addrs=188.184.95.166-9618+[2001-1458-201-e4--100-7a0]-9618&alias=tbird02.cern.ch&noUDP&sock=schedd_2138722_faad_3>
...
040 (322894.023.000) 05/10 15:35:26 Started transferring input files
	Transferring to host: <188.184.186.12:9618?addrs=188.184.186.12-9618+[2001-1458-301-f8--100-2]-9618&noUDP&sock=4120_a9a1_126140>
...
040 (322894.023.000) 05/10 15:35:26 Finished transferring input files
...
001 (322894.023.000) 05/10 15:35:27 Job executing on host: <188.184.186.12:9618?addrs=188.184.186.12-9618+[2001-1458-301-f8--100-2]-9618&noUDP&sock=2349_cc0e_3>
...
006 (322894.023.000) 05/10 15:35:36 Image size of job updated: 116020
	58  -  MemoryUsage of job (MB)
	59300  -  ResidentSetSize of job (KB)
...
006 (322894.023.000) 05/10 15:40:37 Image size of job updated: 490540
	479  -  MemoryUsage of job (MB)
	489536  -  ResidentSetSize of job (KB)
...
040 (322894.023.000) 05/10 15:41:50 Started transferring output files
...
040 (322894.023.000) 05/10 15:41:50 Finished transferring output files
...
005 (322894.023.000) 05/10 15:41:50 Job terminated.
	(1) Normal termination (return value 1)
		Usr 0 00:05:26, Sys 0 00:00:39  -  Run Remote Usage
		Usr 0 00:00:00, Sys 0 00:00:00  -  Run Local Usage
		Usr 0 00:05:26, Sys 0 00:00:39  -  Total Remote Usage
		Usr 0 00:00:00, Sys 0 00:00:00  -  Total Local Usage
	9477  -  Run Bytes Sent By Job
	10941  -  Run Bytes Received By Job
	9477  -  Total Bytes Sent By Job
	10941  -  Total Bytes Received By Job
	Partitionable Resources :    Usage  Request Allocated 
	   Cpus                 :                 1           
	   Disk (KB)            :       72        1   2115144 
	   Memory (MB)          :      479     2000      2000 
...
