000 (322895.042.000) 05/10 15:24:55 Job submitted from host: <188.184.95.166:9618?addrs=188.184.95.166-9618+[2001-1458-201-e4--100-7a0]-9618&alias=tbird02.cern.ch&noUDP&sock=schedd_2138722_faad_3>
...
040 (322895.042.000) 05/10 15:36:42 Started transferring input files
	Transferring to host: <188.184.133.240:9618?addrs=188.184.133.240-9618+[2001-1458-301-a0--100-441]-9618&noUDP&sock=13072_280d_104448>
...
040 (322895.042.000) 05/10 15:36:42 Finished transferring input files
...
001 (322895.042.000) 05/10 15:36:43 Job executing on host: <188.184.133.240:9618?addrs=188.184.133.240-9618+[2001-1458-301-a0--100-441]-9618&noUDP&sock=12865_e5fe_3>
...
006 (322895.042.000) 05/10 15:36:51 Image size of job updated: 154828
	102  -  MemoryUsage of job (MB)
	104268  -  ResidentSetSize of job (KB)
...
006 (322895.042.000) 05/10 15:41:51 Image size of job updated: 491540
	480  -  MemoryUsage of job (MB)
	490772  -  ResidentSetSize of job (KB)
...
006 (322895.042.000) 05/10 15:43:30 Image size of job updated: 903612
	480  -  MemoryUsage of job (MB)
	490772  -  ResidentSetSize of job (KB)
...
040 (322895.042.000) 05/10 15:43:30 Started transferring output files
...
040 (322895.042.000) 05/10 15:43:30 Finished transferring output files
...
005 (322895.042.000) 05/10 15:43:30 Job terminated.
	(1) Normal termination (return value 1)
		Usr 0 00:05:17, Sys 0 00:00:37  -  Run Remote Usage
		Usr 0 00:00:00, Sys 0 00:00:00  -  Run Local Usage
		Usr 0 00:05:17, Sys 0 00:00:37  -  Total Remote Usage
		Usr 0 00:00:00, Sys 0 00:00:00  -  Total Local Usage
	9479  -  Run Bytes Sent By Job
	10941  -  Run Bytes Received By Job
	9479  -  Total Bytes Sent By Job
	10941  -  Total Bytes Received By Job
	Partitionable Resources :    Usage  Request Allocated 
	   Cpus                 :                 1           
	   Disk (KB)            :       72        1   2189619 
	   Memory (MB)          :      480     2000      2000 
...
