000 (322899.050.000) 05/10 15:24:59 Job submitted from host: <188.184.95.166:9618?addrs=188.184.95.166-9618+[2001-1458-201-e4--100-7a0]-9618&alias=tbird02.cern.ch&noUDP&sock=schedd_2138722_faad_3>
...
040 (322899.050.000) 05/10 15:38:33 Started transferring input files
	Transferring to host: <188.184.133.229:9618?addrs=188.184.133.229-9618+[2001-1458-301-a0--100-382]-9618&noUDP&sock=13010_78ca_101752>
...
040 (322899.050.000) 05/10 15:38:33 Finished transferring input files
...
001 (322899.050.000) 05/10 15:38:34 Job executing on host: <188.184.133.229:9618?addrs=188.184.133.229-9618+[2001-1458-301-a0--100-382]-9618&noUDP&sock=12791_23fc_3>
...
006 (322899.050.000) 05/10 15:38:43 Image size of job updated: 129796
	77  -  MemoryUsage of job (MB)
	78168  -  ResidentSetSize of job (KB)
...
006 (322899.050.000) 05/10 15:43:44 Image size of job updated: 571820
	478  -  MemoryUsage of job (MB)
	488856  -  ResidentSetSize of job (KB)
...
006 (322899.050.000) 05/10 15:44:53 Image size of job updated: 573388
	478  -  MemoryUsage of job (MB)
	488856  -  ResidentSetSize of job (KB)
...
040 (322899.050.000) 05/10 15:44:53 Started transferring output files
...
040 (322899.050.000) 05/10 15:44:53 Finished transferring output files
...
005 (322899.050.000) 05/10 15:44:53 Job terminated.
	(1) Normal termination (return value 1)
		Usr 0 00:05:17, Sys 0 00:00:33  -  Run Remote Usage
		Usr 0 00:00:00, Sys 0 00:00:00  -  Run Local Usage
		Usr 0 00:05:17, Sys 0 00:00:33  -  Total Remote Usage
		Usr 0 00:00:00, Sys 0 00:00:00  -  Total Local Usage
	9479  -  Run Bytes Sent By Job
	10941  -  Run Bytes Received By Job
	9479  -  Total Bytes Sent By Job
	10941  -  Total Bytes Received By Job
	Partitionable Resources :    Usage  Request Allocated 
	   Cpus                 :                 1           
	   Disk (KB)            :       72        1   2195728 
	   Memory (MB)          :      478     2000      2000 
...
