000 (322894.049.000) 05/10 15:24:54 Job submitted from host: <188.184.95.166:9618?addrs=188.184.95.166-9618+[2001-1458-201-e4--100-7a0]-9618&alias=tbird02.cern.ch&noUDP&sock=schedd_2138722_faad_3>
...
040 (322894.049.000) 05/10 15:35:59 Started transferring input files
	Transferring to host: <188.184.132.38:9618?addrs=188.184.132.38-9618+[2001-1458-301-a0--100-1c]-9618&noUDP&sock=4226_5965_126311>
...
040 (322894.049.000) 05/10 15:35:59 Finished transferring input files
...
001 (322894.049.000) 05/10 15:36:00 Job executing on host: <188.184.132.38:9618?addrs=188.184.132.38-9618+[2001-1458-301-a0--100-1c]-9618&noUDP&sock=2361_0731_3>
...
006 (322894.049.000) 05/10 15:36:09 Image size of job updated: 59316
	58  -  MemoryUsage of job (MB)
	59312  -  ResidentSetSize of job (KB)
...
006 (322894.049.000) 05/10 15:41:09 Image size of job updated: 509824
	480  -  MemoryUsage of job (MB)
	490588  -  ResidentSetSize of job (KB)
...
006 (322894.049.000) 05/10 15:42:01 Image size of job updated: 511372
	480  -  MemoryUsage of job (MB)
	490588  -  ResidentSetSize of job (KB)
...
040 (322894.049.000) 05/10 15:42:01 Started transferring output files
...
040 (322894.049.000) 05/10 15:42:01 Finished transferring output files
...
005 (322894.049.000) 05/10 15:42:01 Job terminated.
	(1) Normal termination (return value 1)
		Usr 0 00:04:51, Sys 0 00:00:34  -  Run Remote Usage
		Usr 0 00:00:00, Sys 0 00:00:00  -  Run Local Usage
		Usr 0 00:04:51, Sys 0 00:00:34  -  Total Remote Usage
		Usr 0 00:00:00, Sys 0 00:00:00  -  Total Local Usage
	9479  -  Run Bytes Sent By Job
	10941  -  Run Bytes Received By Job
	9479  -  Total Bytes Sent By Job
	10941  -  Total Bytes Received By Job
	Partitionable Resources :    Usage  Request Allocated 
	   Cpus                 :                 1           
	   Disk (KB)            :       72        1   2139174 
	   Memory (MB)          :      480     2000      2000 
...
