000 (322891.009.000) 05/10 15:24:51 Job submitted from host: <188.184.95.166:9618?addrs=188.184.95.166-9618+[2001-1458-201-e4--100-7a0]-9618&alias=tbird02.cern.ch&noUDP&sock=schedd_2138722_faad_3>
...
040 (322891.009.000) 05/10 15:32:23 Started transferring input files
	Transferring to host: <128.142.240.60:9618?addrs=128.142.240.60-9618+[2001-1458-301-f9--100-2a]-9618&noUDP&sock=4191_b044_126259>
...
040 (322891.009.000) 05/10 15:32:23 Finished transferring input files
...
001 (322891.009.000) 05/10 15:32:24 Job executing on host: <128.142.240.60:9618?addrs=128.142.240.60-9618+[2001-1458-301-f9--100-2a]-9618&noUDP&sock=2330_c3c1_3>
...
006 (322891.009.000) 05/10 15:32:32 Image size of job updated: 220288
	204  -  MemoryUsage of job (MB)
	208852  -  ResidentSetSize of job (KB)
...
006 (322891.009.000) 05/10 15:37:32 Image size of job updated: 503920
	481  -  MemoryUsage of job (MB)
	492364  -  ResidentSetSize of job (KB)
...
040 (322891.009.000) 05/10 15:41:47 Started transferring output files
...
040 (322891.009.000) 05/10 15:41:47 Finished transferring output files
...
005 (322891.009.000) 05/10 15:41:47 Job terminated.
	(1) Normal termination (return value 1)
		Usr 0 00:08:21, Sys 0 00:00:50  -  Run Remote Usage
		Usr 0 00:00:00, Sys 0 00:00:00  -  Run Local Usage
		Usr 0 00:08:21, Sys 0 00:00:50  -  Total Remote Usage
		Usr 0 00:00:00, Sys 0 00:00:00  -  Total Local Usage
	9473  -  Run Bytes Sent By Job
	10941  -  Run Bytes Received By Job
	9473  -  Total Bytes Sent By Job
	10941  -  Total Bytes Received By Job
	Partitionable Resources :    Usage  Request Allocated 
	   Cpus                 :                 1           
	   Disk (KB)            :       72        1   2126498 
	   Memory (MB)          :      481     2000      2000 
...
