000 (322899.042.000) 05/10 15:24:59 Job submitted from host: <188.184.95.166:9618?addrs=188.184.95.166-9618+[2001-1458-201-e4--100-7a0]-9618&alias=tbird02.cern.ch&noUDP&sock=schedd_2138722_faad_3>
...
040 (322899.042.000) 05/10 15:38:28 Started transferring input files
	Transferring to host: <188.184.186.42:9618?addrs=188.184.186.42-9618+[2001-1458-301-f8--100-15]-9618&noUDP&sock=4249_8e06_126444>
...
040 (322899.042.000) 05/10 15:38:28 Finished transferring input files
...
001 (322899.042.000) 05/10 15:38:29 Job executing on host: <188.184.186.42:9618?addrs=188.184.186.42-9618+[2001-1458-301-f8--100-15]-9618&noUDP&sock=2327_b4f9_3>
...
006 (322899.042.000) 05/10 15:38:37 Image size of job updated: 148700
	89  -  MemoryUsage of job (MB)
	90532  -  ResidentSetSize of job (KB)
...
006 (322899.042.000) 05/10 15:43:37 Image size of job updated: 575724
	482  -  MemoryUsage of job (MB)
	492664  -  ResidentSetSize of job (KB)
...
006 (322899.042.000) 05/10 15:44:27 Image size of job updated: 576556
	482  -  MemoryUsage of job (MB)
	492664  -  ResidentSetSize of job (KB)
...
040 (322899.042.000) 05/10 15:44:27 Started transferring output files
...
040 (322899.042.000) 05/10 15:44:27 Finished transferring output files
...
005 (322899.042.000) 05/10 15:44:27 Job terminated.
	(1) Normal termination (return value 1)
		Usr 0 00:04:56, Sys 0 00:00:36  -  Run Remote Usage
		Usr 0 00:00:00, Sys 0 00:00:00  -  Run Local Usage
		Usr 0 00:04:56, Sys 0 00:00:36  -  Total Remote Usage
		Usr 0 00:00:00, Sys 0 00:00:00  -  Total Local Usage
	9479  -  Run Bytes Sent By Job
	10941  -  Run Bytes Received By Job
	9479  -  Total Bytes Sent By Job
	10941  -  Total Bytes Received By Job
	Partitionable Resources :    Usage  Request Allocated 
	   Cpus                 :                 1           
	   Disk (KB)            :       72        1   2127038 
	   Memory (MB)          :      482     2000      2000 
...
