000 (322890.002.000) 05/10 15:24:50 Job submitted from host: <188.184.95.166:9618?addrs=188.184.95.166-9618+[2001-1458-201-e4--100-7a0]-9618&alias=tbird02.cern.ch&noUDP&sock=schedd_2138722_faad_3>
...
040 (322890.002.000) 05/10 15:31:50 Started transferring input files
	Transferring to host: <188.184.186.31:9618?addrs=188.184.186.31-9618+[2001-1458-301-f8--100-a]-9618&noUDP&sock=3018_3434_45298>
...
040 (322890.002.000) 05/10 15:31:50 Finished transferring input files
...
001 (322890.002.000) 05/10 15:31:51 Job executing on host: <188.184.186.31:9618?addrs=188.184.186.31-9618+[2001-1458-301-f8--100-a]-9618&noUDP&sock=2280_7805_3>
...
006 (322890.002.000) 05/10 15:32:00 Image size of job updated: 318904
	231  -  MemoryUsage of job (MB)
	235956  -  ResidentSetSize of job (KB)
...
006 (322890.002.000) 05/10 15:37:01 Image size of job updated: 495264
	482  -  MemoryUsage of job (MB)
	492876  -  ResidentSetSize of job (KB)
...
040 (322890.002.000) 05/10 15:37:57 Started transferring output files
...
040 (322890.002.000) 05/10 15:37:57 Finished transferring output files
...
005 (322890.002.000) 05/10 15:37:57 Job terminated.
	(1) Normal termination (return value 1)
		Usr 0 00:05:21, Sys 0 00:00:34  -  Run Remote Usage
		Usr 0 00:00:00, Sys 0 00:00:00  -  Run Local Usage
		Usr 0 00:05:21, Sys 0 00:00:34  -  Total Remote Usage
		Usr 0 00:00:00, Sys 0 00:00:00  -  Total Local Usage
	9471  -  Run Bytes Sent By Job
	10941  -  Run Bytes Received By Job
	9471  -  Total Bytes Sent By Job
	10941  -  Total Bytes Received By Job
	Partitionable Resources :    Usage  Request Allocated 
	   Cpus                 :                 1           
	   Disk (KB)            :       72        1   2204514 
	   Memory (MB)          :      482     2000      2000 
...
