   SingleMuon_Run2016B_part3   DATA  64 chunks


I have 1 taks to process
I'm using the following list of modules DEFAULT_MODULES
this is jobs [('SingleMuon_Run2016B_part3', 'MY_EOS_SPACE/heppyNtuples/TREES_SingleMuon2016BCDEF_94X/SingleMuon_Run2016B_part3/treeProducerWMass/tree.root', 30953763.0, '_Friend_SingleMuon_Run2016B_part3.chunk6', True, xrange(1500000, 1750000), 6)]
Modules to run:  []   name =  puWeight
Loading puWeight from CMGTools.WMass.postprocessing.examples.puWeightProducer 
Running on dataset =  SingleMuon_Run2016B_part3
TFile: name=/afs/cern.ch/work/m/mciprian/w_mass_analysis/heppy/rel_slc7/CMSSW_9_4_12/src/CMGTools/WMass/python/postprocessing/data/pileup/pileup_profile_Summer16.root, title=, option=READ
TFile: name=/afs/cern.ch/work/m/mciprian/w_mass_analysis/heppy/rel_slc7/CMSSW_9_4_12/src/CMGTools/WMass/python/postprocessing/data/pileup/PileupData_GoldenJSON_Full2016.root, title=, option=READ
Load C++ Worker
Modules to run:  []   name =  puWeight2016BF
Loading puWeight2016BF from CMGTools.WMass.postprocessing.examples.puWeightProducer 
Running on dataset =  SingleMuon_Run2016B_part3
TFile: name=/afs/cern.ch/work/m/mciprian/w_mass_analysis/heppy/rel_slc7/CMSSW_9_4_12/src/CMGTools/WMass/python/postprocessing/data/pileup/pileup_profile_Summer16.root, title=, option=READ
TFile: name=/afs/cern.ch/work/m/mciprian/w_mass_analysis/heppy/rel_slc7/CMSSW_9_4_12/src/CMGTools/WMass/python/postprocessing/data/pileup/PileupData_GoldenJSON_2016BF.root, title=, option=READ
Modules to run:  []   name =  lepQCDAwayJetAll
Loading lepQCDAwayJetAll from CMGTools.WMass.postprocessing.examples.lepVarProducer 
Running on dataset =  SingleMuon_Run2016B_part3
Modules to run:  []   name =  muCalibratedWithStatVar
Loading muCalibratedWithStatVar from CMGTools.WMass.postprocessing.examples.lepVarProducer 
Running on dataset =  SingleMuon_Run2016B_part3
did not find EnergyScaleCorrection shared object, rebuilding
trying to load all the rochester correction libraries
did not find legacy data roccor. rebuilding...
done building legacy data roccor.
Modules to run:  []   name =  jetAllReCleaner
Loading jetAllReCleaner from CMGTools.WMass.postprocessing.examples.jetReCleaner 
Running on dataset =  SingleMuon_Run2016B_part3
Load C++ Worker
Modules to run:  []   name =  jetReCleaner
Loading jetReCleaner from CMGTools.WMass.postprocessing.examples.jetReCleaner 
Running on dataset =  SingleMuon_Run2016B_part3
Load C++ Worker
Modules to run:  []   name =  genQEDJets
Loading genQEDJets from CMGTools.WMass.postprocessing.examples.genFriendProducer 
Running on dataset =  SingleMuon_Run2016B_part3
Will write selected trees to MY_EOS_SPACE/heppyNtuples/TREES_SingleMuon2016BCDEF_94X/friends/
Normalization of pu_mc: 0.999973
Normalization of pileup: 3.65129e+10
Weights for variable pu_mc with a number of bins equal to 76:
1 1 1 1 1 1 1 1 1 1 1.616 1.923 1.917 1.762 1.611 1.554 1.506 1.414 1.317 1.241 1.169 1.109 1.071 1.04 1.019 1.001 0.9873 0.9825 0.9828 0.9811 0.9811 0.9792 0.9531 0.9274 0.8773 0.8171 0.7432 0.6594 0.5661 0.4725 0.3811 0.2987 0.2215 0.1581 0 0 0 0 0 0 0 0 0 0 0 1 1 1 1 1 1 1 1 1 1 1 1 1 1 1 1 1 1 1 1 1 .
Final weights: 
1 1 1 1 1 1 1 1 1 1 1.616 1.923 1.917 1.762 1.611 1.554 1.506 1.414 1.317 1.241 1.169 1.109 1.071 1.04 1.019 1.001 0.9873 0.9825 0.9828 0.9811 0.9811 0.9792 0.9531 0.9274 0.8773 0.8171 0.7432 0.6594 0.5661 0.4725 0.3811 0.2987 0.2215 0.1581 0 0 0 0 0 0 0 0 0 0 0 1 1 1 1 1 1 1 1 1 1 1 1 1 1 1 1 1 1 1 1 1 .
Normalization of pu_mc: 1
Normalization of pileup: 2.014e+10
Weights for variable pu_mc with a number of bins equal to 76:
1 1 1 1 1 1 1 1 1 1 2.784 3.074 2.661 2.24 1.976 1.881 1.801 1.669 1.544 1.453 1.364 1.27 1.186 1.113 1.061 1.016 0.9702 0.9245 0.8754 0.8192 0.7629 0.7065 0.6366 0.5722 0.4984 0.4252 0.3515 0.2804 0.2137 0.1564 0.1092 0 0 0 0 0 0 0 0 0 0 0 0 0 0 1 1 1 1 1 1 1 1 1 1 1 1 1 1 1 1 1 1 1 1 1 .
For maximum weight 3.074: integral relative change: 0
Final weights: 
1 1 1 1 1 1 1 1 1 1 2.784 3.074 2.661 2.24 1.976 1.881 1.801 1.669 1.544 1.453 1.364 1.27 1.186 1.113 1.061 1.016 0.9702 0.9245 0.8754 0.8192 0.7629 0.7065 0.6366 0.5722 0.4984 0.4252 0.3515 0.2804 0.2137 0.1564 0.1092 0 0 0 0 0 0 0 0 0 0 0 0 0 0 1 1 1 1 1 1 1 1 1 1 1 1 1 1 1 1 1 1 1 1 1 .
begin job of lepCalProducer
initializing all the rochester correction objects
initializing the egamma calibrator
Processed  1500000/15930545 entries (elapsed time     0.3s, curr speed   37.037 kHz, avg speed 5555.556 kHz), accepted        1/       1 events (100.00%)
Processed  1510000/15930545 entries (elapsed time    14.2s, curr speed    0.717 kHz, avg speed  106.263 kHz), accepted    10001/   10001 events (100.00%)
Processed  1520000/15930545 entries (elapsed time    30.9s, curr speed    0.599 kHz, avg speed   49.191 kHz), accepted    20001/   20001 events (100.00%)
Processed  1530000/15930545 entries (elapsed time    47.2s, curr speed    0.614 kHz, avg speed   32.422 kHz), accepted    30001/   30001 events (100.00%)
Processed  1540000/15930545 entries (elapsed time    64.1s, curr speed    0.590 kHz, avg speed   24.010 kHz), accepted    40001/   40001 events (100.00%)
Processed  1550000/15930545 entries (elapsed time    81.2s, curr speed    0.585 kHz, avg speed   19.079 kHz), accepted    50001/   50001 events (100.00%)
Processed  1560000/15930545 entries (elapsed time    98.7s, curr speed    0.572 kHz, avg speed   15.804 kHz), accepted    60001/   60001 events (100.00%)
Processed  1570000/15930545 entries (elapsed time   116.1s, curr speed    0.574 kHz, avg speed   13.519 kHz), accepted    70001/   70001 events (100.00%)
Processed  1580000/15930545 entries (elapsed time   132.0s, curr speed    0.628 kHz, avg speed   11.965 kHz), accepted    80001/   80001 events (100.00%)
Processed  1590000/15930545 entries (elapsed time   148.3s, curr speed    0.617 kHz, avg speed   10.724 kHz), accepted    90001/   90001 events (100.00%)
Processed  1600000/15930545 entries (elapsed time   163.9s, curr speed    0.639 kHz, avg speed    9.761 kHz), accepted   100001/  100001 events (100.00%)
Processed  1610000/15930545 entries (elapsed time   180.0s, curr speed    0.622 kHz, avg speed    8.945 kHz), accepted   110001/  110001 events (100.00%)
Processed  1620000/15930545 entries (elapsed time   195.9s, curr speed    0.627 kHz, avg speed    8.268 kHz), accepted   120001/  120001 events (100.00%)
Processed  1630000/15930545 entries (elapsed time   235.5s, curr speed    0.253 kHz, avg speed    6.921 kHz), accepted   130001/  130001 events (100.00%)
Processed  1640000/15930545 entries (elapsed time   251.4s, curr speed    0.628 kHz, avg speed    6.522 kHz), accepted   140001/  140001 events (100.00%)
Processed  1650000/15930545 entries (elapsed time   266.6s, curr speed    0.661 kHz, avg speed    6.190 kHz), accepted   150001/  150001 events (100.00%)
Processed  1660000/15930545 entries (elapsed time   284.1s, curr speed    0.571 kHz, avg speed    5.844 kHz), accepted   160001/  160001 events (100.00%)
Processed  1670000/15930545 entries (elapsed time   301.8s, curr speed    0.563 kHz, avg speed    5.533 kHz), accepted   170001/  170001 events (100.00%)
Processed  1680000/15930545 entries (elapsed time   320.4s, curr speed    0.539 kHz, avg speed    5.244 kHz), accepted   180001/  180001 events (100.00%)
Processed  1690000/15930545 entries (elapsed time   337.9s, curr speed    0.571 kHz, avg speed    5.002 kHz), accepted   190001/  190001 events (100.00%)
Processed  1700000/15930545 entries (elapsed time   378.1s, curr speed    0.249 kHz, avg speed    4.497 kHz), accepted   200001/  200001 events (100.00%)
Processed  1710000/15930545 entries (elapsed time   394.4s, curr speed    0.611 kHz, avg speed    4.335 kHz), accepted   210001/  210001 events (100.00%)
Processed  1720000/15930545 entries (elapsed time   413.0s, curr speed    0.538 kHz, avg speed    4.165 kHz), accepted   220001/  220001 events (100.00%)
Processed  1730000/15930545 entries (elapsed time   430.7s, curr speed    0.565 kHz, avg speed    4.017 kHz), accepted   230001/  230001 events (100.00%)
Processed  1740000/15930545 entries (elapsed time   446.9s, curr speed    0.616 kHz, avg speed    3.893 kHz), accepted   240001/  240001 events (100.00%)
Processed 250000 entries from MY_EOS_SPACE/heppyNtuples/TREES_SingleMuon2016BCDEF_94X/SingleMuon_Run2016B_part3/treeProducerWMass/tree.root, selected 250000 entries
Done MY_EOS_SPACE/heppyNtuples/TREES_SingleMuon2016BCDEF_94X/friends/tree_Friend_SingleMuon_Run2016B_part3.chunk6.root
