000 (322884.059.000) 05/10 15:24:45 Job submitted from host: <188.184.95.166:9618?addrs=188.184.95.166-9618+[2001-1458-201-e4--100-7a0]-9618&alias=tbird02.cern.ch&noUDP&sock=schedd_2138722_faad_3>
...
040 (322884.059.000) 05/10 15:27:35 Started transferring input files
	Transferring to host: <188.184.186.14:9618?addrs=188.184.186.14-9618+[2001-1458-301-f8--100-9]-9618&noUDP&sock=4620_f535_18830>
...
040 (322884.059.000) 05/10 15:27:35 Finished transferring input files
...
001 (322884.059.000) 05/10 15:27:36 Job executing on host: <188.184.186.14:9618?addrs=188.184.186.14-9618+[2001-1458-301-f8--100-9]-9618&noUDP&sock=2355_e99f_3>
...
006 (322884.059.000) 05/10 15:27:45 Image size of job updated: 135700
	131  -  MemoryUsage of job (MB)
	133704  -  ResidentSetSize of job (KB)
...
006 (322884.059.000) 05/10 15:32:45 Image size of job updated: 404772
	395  -  MemoryUsage of job (MB)
	404196  -  ResidentSetSize of job (KB)
...
006 (322884.059.000) 05/10 15:37:45 Image size of job updated: 489364
	478  -  MemoryUsage of job (MB)
	488788  -  ResidentSetSize of job (KB)
...
040 (322884.059.000) 05/10 15:39:47 Started transferring output files
...
040 (322884.059.000) 05/10 15:39:47 Finished transferring output files
...
005 (322884.059.000) 05/10 15:39:47 Job terminated.
	(1) Normal termination (return value 1)
		Usr 0 00:10:36, Sys 0 00:00:52  -  Run Remote Usage
		Usr 0 00:00:00, Sys 0 00:00:00  -  Run Local Usage
		Usr 0 00:10:36, Sys 0 00:00:52  -  Total Remote Usage
		Usr 0 00:00:00, Sys 0 00:00:00  -  Total Local Usage
	9479  -  Run Bytes Sent By Job
	10941  -  Run Bytes Received By Job
	9479  -  Total Bytes Sent By Job
	10941  -  Total Bytes Received By Job
	Partitionable Resources :    Usage  Request Allocated 
	   Cpus                 :     0.97        1         1 
	   Disk (KB)            :    79           1    221575 
	   Memory (MB)          :   478        2000      2000 
...
