   SingleMuon_Run2016C_part1   DATA  60 chunks


I have 1 taks to process
I'm using the following list of modules DEFAULT_MODULES
this is jobs [('SingleMuon_Run2016C_part1', 'MY_EOS_SPACE/heppyNtuples/TREES_SingleMuon2016BCDEF_94X/SingleMuon_Run2016C_part1/treeProducerWMass/tree.root', 27686448.0, '_Friend_SingleMuon_Run2016C_part1.chunk48', True, xrange(12000000, 12250000), 48)]
Modules to run:  []   name =  puWeight
Loading puWeight from CMGTools.WMass.postprocessing.examples.puWeightProducer 
Running on dataset =  SingleMuon_Run2016C_part1
TFile: name=/afs/cern.ch/work/m/mciprian/w_mass_analysis/heppy/rel_slc7/CMSSW_9_4_12/src/CMGTools/WMass/python/postprocessing/data/pileup/pileup_profile_Summer16.root, title=, option=READ
TFile: name=/afs/cern.ch/work/m/mciprian/w_mass_analysis/heppy/rel_slc7/CMSSW_9_4_12/src/CMGTools/WMass/python/postprocessing/data/pileup/PileupData_GoldenJSON_Full2016.root, title=, option=READ
Load C++ Worker
Modules to run:  []   name =  puWeight2016BF
Loading puWeight2016BF from CMGTools.WMass.postprocessing.examples.puWeightProducer 
Running on dataset =  SingleMuon_Run2016C_part1
TFile: name=/afs/cern.ch/work/m/mciprian/w_mass_analysis/heppy/rel_slc7/CMSSW_9_4_12/src/CMGTools/WMass/python/postprocessing/data/pileup/pileup_profile_Summer16.root, title=, option=READ
TFile: name=/afs/cern.ch/work/m/mciprian/w_mass_analysis/heppy/rel_slc7/CMSSW_9_4_12/src/CMGTools/WMass/python/postprocessing/data/pileup/PileupData_GoldenJSON_2016BF.root, title=, option=READ
Modules to run:  []   name =  lepQCDAwayJetAll
Loading lepQCDAwayJetAll from CMGTools.WMass.postprocessing.examples.lepVarProducer 
Running on dataset =  SingleMuon_Run2016C_part1
Modules to run:  []   name =  muCalibratedWithStatVar
Loading muCalibratedWithStatVar from CMGTools.WMass.postprocessing.examples.lepVarProducer 
Running on dataset =  SingleMuon_Run2016C_part1
did not find EnergyScaleCorrection shared object, rebuilding
trying to load all the rochester correction libraries
did not find legacy data roccor. rebuilding...
done building legacy data roccor.
Modules to run:  []   name =  jetAllReCleaner
Loading jetAllReCleaner from CMGTools.WMass.postprocessing.examples.jetReCleaner 
Running on dataset =  SingleMuon_Run2016C_part1
Load C++ Worker
Modules to run:  []   name =  jetReCleaner
Loading jetReCleaner from CMGTools.WMass.postprocessing.examples.jetReCleaner 
Running on dataset =  SingleMuon_Run2016C_part1
Load C++ Worker
Modules to run:  []   name =  genQEDJets
Loading genQEDJets from CMGTools.WMass.postprocessing.examples.genFriendProducer 
Running on dataset =  SingleMuon_Run2016C_part1
Will write selected trees to MY_EOS_SPACE/heppyNtuples/TREES_SingleMuon2016BCDEF_94X/friends/
Normalization of pu_mc: 0.999973
Normalization of pileup: 3.65129e+10
Weights for variable pu_mc with a number of bins equal to 76:
1 1 1 1 1 1 1 1 1 1 1.616 1.923 1.917 1.762 1.611 1.554 1.506 1.414 1.317 1.241 1.169 1.109 1.071 1.04 1.019 1.001 0.9873 0.9825 0.9828 0.9811 0.9811 0.9792 0.9531 0.9274 0.8773 0.8171 0.7432 0.6594 0.5661 0.4725 0.3811 0.2987 0.2215 0.1581 0 0 0 0 0 0 0 0 0 0 0 1 1 1 1 1 1 1 1 1 1 1 1 1 1 1 1 1 1 1 1 1 .
Final weights: 
1 1 1 1 1 1 1 1 1 1 1.616 1.923 1.917 1.762 1.611 1.554 1.506 1.414 1.317 1.241 1.169 1.109 1.071 1.04 1.019 1.001 0.9873 0.9825 0.9828 0.9811 0.9811 0.9792 0.9531 0.9274 0.8773 0.8171 0.7432 0.6594 0.5661 0.4725 0.3811 0.2987 0.2215 0.1581 0 0 0 0 0 0 0 0 0 0 0 1 1 1 1 1 1 1 1 1 1 1 1 1 1 1 1 1 1 1 1 1 .
Normalization of pu_mc: 1
Normalization of pileup: 2.014e+10
Weights for variable pu_mc with a number of bins equal to 76:
1 1 1 1 1 1 1 1 1 1 2.784 3.074 2.661 2.24 1.976 1.881 1.801 1.669 1.544 1.453 1.364 1.27 1.186 1.113 1.061 1.016 0.9702 0.9245 0.8754 0.8192 0.7629 0.7065 0.6366 0.5722 0.4984 0.4252 0.3515 0.2804 0.2137 0.1564 0.1092 0 0 0 0 0 0 0 0 0 0 0 0 0 0 1 1 1 1 1 1 1 1 1 1 1 1 1 1 1 1 1 1 1 1 1 .
For maximum weight 3.074: integral relative change: 0
Final weights: 
1 1 1 1 1 1 1 1 1 1 2.784 3.074 2.661 2.24 1.976 1.881 1.801 1.669 1.544 1.453 1.364 1.27 1.186 1.113 1.061 1.016 0.9702 0.9245 0.8754 0.8192 0.7629 0.7065 0.6366 0.5722 0.4984 0.4252 0.3515 0.2804 0.2137 0.1564 0.1092 0 0 0 0 0 0 0 0 0 0 0 0 0 0 1 1 1 1 1 1 1 1 1 1 1 1 1 1 1 1 1 1 1 1 1 .
begin job of lepCalProducer
initializing all the rochester correction objects
initializing the egamma calibrator
Processed 12000000/14788115 entries (elapsed time     0.3s, curr speed   35.714 kHz, avg speed 42857.143 kHz), accepted        1/       1 events (100.00%)
Processed 12010000/14788115 entries (elapsed time    13.6s, curr speed    0.752 kHz, avg speed  885.041 kHz), accepted    10001/   10001 events (100.00%)
Processed 12020000/14788115 entries (elapsed time    27.2s, curr speed    0.732 kHz, avg speed  441.263 kHz), accepted    20001/   20001 events (100.00%)
Processed 12030000/14788115 entries (elapsed time    41.0s, curr speed    0.728 kHz, avg speed  293.558 kHz), accepted    30001/   30001 events (100.00%)
Processed 12040000/14788115 entries (elapsed time    54.8s, curr speed    0.721 kHz, avg speed  219.508 kHz), accepted    40001/   40001 events (100.00%)
Processed 12050000/14788115 entries (elapsed time    68.2s, curr speed    0.748 kHz, avg speed  176.634 kHz), accepted    50001/   50001 events (100.00%)
Processed 12060000/14788115 entries (elapsed time    81.7s, curr speed    0.744 kHz, avg speed  147.686 kHz), accepted    60001/   60001 events (100.00%)
Processed 12070000/14788115 entries (elapsed time    94.3s, curr speed    0.792 kHz, avg speed  128.023 kHz), accepted    70001/   70001 events (100.00%)
Processed 12080000/14788115 entries (elapsed time   105.6s, curr speed    0.882 kHz, avg speed  114.372 kHz), accepted    80001/   80001 events (100.00%)
Processed 12090000/14788115 entries (elapsed time   116.8s, curr speed    0.898 kHz, avg speed  103.546 kHz), accepted    90001/   90001 events (100.00%)
Processed 12100000/14788115 entries (elapsed time   127.7s, curr speed    0.913 kHz, avg speed   94.746 kHz), accepted   100001/  100001 events (100.00%)
Processed 12110000/14788115 entries (elapsed time   138.9s, curr speed    0.891 kHz, avg speed   87.166 kHz), accepted   110001/  110001 events (100.00%)
Processed 12120000/14788115 entries (elapsed time   150.7s, curr speed    0.852 kHz, avg speed   80.441 kHz), accepted   120001/  120001 events (100.00%)
Processed 12130000/14788115 entries (elapsed time   178.1s, curr speed    0.365 kHz, avg speed   68.108 kHz), accepted   130001/  130001 events (100.00%)
Processed 12140000/14788115 entries (elapsed time   189.7s, curr speed    0.859 kHz, avg speed   63.982 kHz), accepted   140001/  140001 events (100.00%)
Processed 12150000/14788115 entries (elapsed time   201.2s, curr speed    0.869 kHz, avg speed   60.373 kHz), accepted   150001/  150001 events (100.00%)
Processed 12160000/14788115 entries (elapsed time   212.9s, curr speed    0.860 kHz, avg speed   57.121 kHz), accepted   160001/  160001 events (100.00%)
Processed 12170000/14788115 entries (elapsed time   224.5s, curr speed    0.858 kHz, avg speed   54.200 kHz), accepted   170001/  170001 events (100.00%)
Processed 12180000/14788115 entries (elapsed time   236.3s, curr speed    0.847 kHz, avg speed   51.536 kHz), accepted   180001/  180001 events (100.00%)
Processed 12190000/14788115 entries (elapsed time   248.0s, curr speed    0.858 kHz, avg speed   49.155 kHz), accepted   190001/  190001 events (100.00%)
Processed 12200000/14788115 entries (elapsed time   274.8s, curr speed    0.372 kHz, avg speed   44.389 kHz), accepted   200001/  200001 events (100.00%)
Processed 12210000/14788115 entries (elapsed time   286.4s, curr speed    0.867 kHz, avg speed   42.637 kHz), accepted   210001/  210001 events (100.00%)
Processed 12220000/14788115 entries (elapsed time   298.0s, curr speed    0.858 kHz, avg speed   41.004 kHz), accepted   220001/  220001 events (100.00%)
Processed 12230000/14788115 entries (elapsed time   309.9s, curr speed    0.840 kHz, avg speed   39.461 kHz), accepted   230001/  230001 events (100.00%)
Processed 12240000/14788115 entries (elapsed time   321.6s, curr speed    0.854 kHz, avg speed   38.055 kHz), accepted   240001/  240001 events (100.00%)
Processed 250000 entries from MY_EOS_SPACE/heppyNtuples/TREES_SingleMuon2016BCDEF_94X/SingleMuon_Run2016C_part1/treeProducerWMass/tree.root, selected 250000 entries
Done MY_EOS_SPACE/heppyNtuples/TREES_SingleMuon2016BCDEF_94X/friends/tree_Friend_SingleMuon_Run2016C_part1.chunk48.root
