000 (322881.029.000) 05/10 15:24:42 Job submitted from host: <188.184.95.166:9618?addrs=188.184.95.166-9618+[2001-1458-201-e4--100-7a0]-9618&alias=tbird02.cern.ch&noUDP&sock=schedd_2138722_faad_3>
...
040 (322881.029.000) 05/10 15:25:48 Started transferring input files
	Transferring to host: <137.138.51.190:9618?addrs=137.138.51.190-9618+[--1]-9618&noUDP&sock=2645_6445_1490>
...
040 (322881.029.000) 05/10 15:25:48 Finished transferring input files
...
001 (322881.029.000) 05/10 15:25:49 Job executing on host: <137.138.51.190:9618?addrs=137.138.51.190-9618+[--1]-9618&noUDP&sock=1466_21ee_3>
...
006 (322881.029.000) 05/10 15:25:57 Image size of job updated: 118844
	58  -  MemoryUsage of job (MB)
	59296  -  ResidentSetSize of job (KB)
...
006 (322881.029.000) 05/10 15:30:57 Image size of job updated: 585828
	489  -  MemoryUsage of job (MB)
	499764  -  ResidentSetSize of job (KB)
...
006 (322881.029.000) 05/10 15:31:56 Image size of job updated: 588808
	489  -  MemoryUsage of job (MB)
	499764  -  ResidentSetSize of job (KB)
...
040 (322881.029.000) 05/10 15:31:56 Started transferring output files
...
040 (322881.029.000) 05/10 15:31:56 Finished transferring output files
...
005 (322881.029.000) 05/10 15:31:56 Job terminated.
	(1) Normal termination (return value 1)
		Usr 0 00:04:32, Sys 0 00:00:35  -  Run Remote Usage
		Usr 0 00:00:00, Sys 0 00:00:00  -  Run Local Usage
		Usr 0 00:04:32, Sys 0 00:00:35  -  Total Remote Usage
		Usr 0 00:00:00, Sys 0 00:00:00  -  Total Local Usage
	14785  -  Run Bytes Sent By Job
	10941  -  Run Bytes Received By Job
	14785  -  Total Bytes Sent By Job
	10941  -  Total Bytes Received By Job
	Partitionable Resources :    Usage  Request Allocated 
	   Cpus                 :                 1           
	   Disk (KB)            :       74        1   2181995 
	   Memory (MB)          :      489     2000      2000 
...
