000 (322891.035.000) 05/10 15:24:51 Job submitted from host: <188.184.95.166:9618?addrs=188.184.95.166-9618+[2001-1458-201-e4--100-7a0]-9618&alias=tbird02.cern.ch&noUDP&sock=schedd_2138722_faad_3>
...
040 (322891.035.000) 05/10 15:32:43 Started transferring input files
	Transferring to host: <188.184.132.48:9618?addrs=188.184.132.48-9618+[--1]-9618&noUDP&sock=3331_bda1_9033>
...
040 (322891.035.000) 05/10 15:32:43 Finished transferring input files
...
001 (322891.035.000) 05/10 15:32:44 Job executing on host: <188.184.132.48:9618?addrs=188.184.132.48-9618+[--1]-9618&noUDP&sock=2265_2e19_3>
...
006 (322891.035.000) 05/10 15:32:52 Image size of job updated: 318088
	228  -  MemoryUsage of job (MB)
	233176  -  ResidentSetSize of job (KB)
...
006 (322891.035.000) 05/10 15:37:52 Image size of job updated: 499444
	482  -  MemoryUsage of job (MB)
	493008  -  ResidentSetSize of job (KB)
...
040 (322891.035.000) 05/10 15:39:23 Started transferring output files
...
040 (322891.035.000) 05/10 15:39:23 Finished transferring output files
...
005 (322891.035.000) 05/10 15:39:23 Job terminated.
	(1) Normal termination (return value 1)
		Usr 0 00:05:07, Sys 0 00:00:39  -  Run Remote Usage
		Usr 0 00:00:00, Sys 0 00:00:00  -  Run Local Usage
		Usr 0 00:05:07, Sys 0 00:00:39  -  Total Remote Usage
		Usr 0 00:00:00, Sys 0 00:00:00  -  Total Local Usage
	14805  -  Run Bytes Sent By Job
	10941  -  Run Bytes Received By Job
	14805  -  Total Bytes Sent By Job
	10941  -  Total Bytes Received By Job
	Partitionable Resources :    Usage  Request Allocated 
	   Cpus                 :                 1           
	   Disk (KB)            :       75        1   2198986 
	   Memory (MB)          :      482     2000      2000 
...
