000 (322887.011.000) 05/10 15:24:47 Job submitted from host: <188.184.95.166:9618?addrs=188.184.95.166-9618+[2001-1458-201-e4--100-7a0]-9618&alias=tbird02.cern.ch&noUDP&sock=schedd_2138722_faad_3>
...
040 (322887.011.000) 05/10 15:28:17 Started transferring input files
	Transferring to host: <137.138.51.199:9618?addrs=137.138.51.199-9618+[--1]-9618&noUDP&sock=2524_22e0_1487>
...
040 (322887.011.000) 05/10 15:28:17 Finished transferring input files
...
001 (322887.011.000) 05/10 15:28:18 Job executing on host: <137.138.51.199:9618?addrs=137.138.51.199-9618+[--1]-9618&noUDP&sock=1480_bc41_3>
...
006 (322887.011.000) 05/10 15:28:27 Image size of job updated: 194984
	115  -  MemoryUsage of job (MB)
	117228  -  ResidentSetSize of job (KB)
...
006 (322887.011.000) 05/10 15:33:28 Image size of job updated: 501864
	488  -  MemoryUsage of job (MB)
	498924  -  ResidentSetSize of job (KB)
...
040 (322887.011.000) 05/10 15:34:56 Started transferring output files
...
040 (322887.011.000) 05/10 15:34:56 Finished transferring output files
...
005 (322887.011.000) 05/10 15:34:56 Job terminated.
	(1) Normal termination (return value 1)
		Usr 0 00:04:57, Sys 0 00:00:38  -  Run Remote Usage
		Usr 0 00:00:00, Sys 0 00:00:00  -  Run Local Usage
		Usr 0 00:04:57, Sys 0 00:00:38  -  Total Remote Usage
		Usr 0 00:00:00, Sys 0 00:00:00  -  Total Local Usage
	14784  -  Run Bytes Sent By Job
	10941  -  Run Bytes Received By Job
	14784  -  Total Bytes Sent By Job
	10941  -  Total Bytes Received By Job
	Partitionable Resources :    Usage  Request Allocated 
	   Cpus                 :                 1           
	   Disk (KB)            :       74        1   2216303 
	   Memory (MB)          :      488     2000      2000 
...
