000 (322882.000.000) 05/10 15:24:43 Job submitted from host: <188.184.95.166:9618?addrs=188.184.95.166-9618+[2001-1458-201-e4--100-7a0]-9618&alias=tbird02.cern.ch&noUDP&sock=schedd_2138722_faad_3>
...
040 (322882.000.000) 05/10 15:25:58 Started transferring input files
	Transferring to host: <128.142.33.161:9618?addrs=128.142.33.161-9618+[--1]-9618&noUDP&sock=2887_e70e_9050>
...
040 (322882.000.000) 05/10 15:25:58 Finished transferring input files
...
001 (322882.000.000) 05/10 15:25:59 Job executing on host: <128.142.33.161:9618?addrs=128.142.33.161-9618+[--1]-9618&noUDP&sock=2278_18d5_3>
...
006 (322882.000.000) 05/10 15:26:07 Image size of job updated: 173252
	103  -  MemoryUsage of job (MB)
	105036  -  ResidentSetSize of job (KB)
...
006 (322882.000.000) 05/10 15:31:07 Image size of job updated: 578532
	481  -  MemoryUsage of job (MB)
	492468  -  ResidentSetSize of job (KB)
...
040 (322882.000.000) 05/10 15:32:48 Started transferring output files
...
040 (322882.000.000) 05/10 15:32:48 Finished transferring output files
...
005 (322882.000.000) 05/10 15:32:48 Job terminated.
	(1) Normal termination (return value 1)
		Usr 0 00:05:27, Sys 0 00:00:37  -  Run Remote Usage
		Usr 0 00:00:00, Sys 0 00:00:00  -  Run Local Usage
		Usr 0 00:05:27, Sys 0 00:00:37  -  Total Remote Usage
		Usr 0 00:00:00, Sys 0 00:00:00  -  Total Local Usage
	14617  -  Run Bytes Sent By Job
	10941  -  Run Bytes Received By Job
	14617  -  Total Bytes Sent By Job
	10941  -  Total Bytes Received By Job
	Partitionable Resources :    Usage  Request Allocated 
	   Cpus                 :                 1           
	   Disk (KB)            :       74        1   2113576 
	   Memory (MB)          :      481     2000      2000 
...
