000 (322887.018.000) 05/10 15:24:47 Job submitted from host: <188.184.95.166:9618?addrs=188.184.95.166-9618+[2001-1458-201-e4--100-7a0]-9618&alias=tbird02.cern.ch&noUDP&sock=schedd_2138722_faad_3>
...
040 (322887.018.000) 05/10 15:28:18 Started transferring input files
	Transferring to host: <188.184.207.149:9618?addrs=188.184.207.149-9618+[2001-1458-301-7d--100-47c]-9618&noUDP&sock=23774_af00_18292>
...
040 (322887.018.000) 05/10 15:28:18 Finished transferring input files
...
001 (322887.018.000) 05/10 15:28:19 Job executing on host: <188.184.207.149:9618?addrs=188.184.207.149-9618+[2001-1458-301-7d--100-47c]-9618&noUDP&sock=2317_d906_3>
...
006 (322887.018.000) 05/10 15:28:28 Image size of job updated: 141020
	134  -  MemoryUsage of job (MB)
	136524  -  ResidentSetSize of job (KB)
...
006 (322887.018.000) 05/10 15:33:29 Image size of job updated: 496136
	480  -  MemoryUsage of job (MB)
	490800  -  ResidentSetSize of job (KB)
...
006 (322887.018.000) 05/10 15:38:27 Image size of job updated: 899792
	480  -  MemoryUsage of job (MB)
	490800  -  ResidentSetSize of job (KB)
...
040 (322887.018.000) 05/10 15:38:28 Started transferring output files
...
040 (322887.018.000) 05/10 15:38:28 Finished transferring output files
...
005 (322887.018.000) 05/10 15:38:28 Job terminated.
	(1) Normal termination (return value 1)
		Usr 0 00:08:49, Sys 0 00:00:48  -  Run Remote Usage
		Usr 0 00:00:00, Sys 0 00:00:00  -  Run Local Usage
		Usr 0 00:08:49, Sys 0 00:00:48  -  Total Remote Usage
		Usr 0 00:00:00, Sys 0 00:00:00  -  Total Local Usage
	9477  -  Run Bytes Sent By Job
	10941  -  Run Bytes Received By Job
	9477  -  Total Bytes Sent By Job
	10941  -  Total Bytes Received By Job
	Partitionable Resources :    Usage  Request Allocated 
	   Cpus                 :     0.99        1         1 
	   Disk (KB)            :    79           1    221096 
	   Memory (MB)          :   480        2000      2000 
...
