000 (322896.000.000) 05/10 15:24:56 Job submitted from host: <188.184.95.166:9618?addrs=188.184.95.166-9618+[2001-1458-201-e4--100-7a0]-9618&alias=tbird02.cern.ch&noUDP&sock=schedd_2138722_faad_3>
...
040 (322896.000.000) 05/10 15:36:47 Started transferring input files
	Transferring to host: <128.142.33.144:9618?addrs=128.142.33.144-9618+[2001-1458-301-117--100-280]-9618&noUDP&sock=15979_66a3_102404>
...
040 (322896.000.000) 05/10 15:36:47 Finished transferring input files
...
001 (322896.000.000) 05/10 15:36:48 Job executing on host: <128.142.33.144:9618?addrs=128.142.33.144-9618+[2001-1458-301-117--100-280]-9618&noUDP&sock=15761_5043_3>
...
006 (322896.000.000) 05/10 15:36:57 Image size of job updated: 61712
	58  -  MemoryUsage of job (MB)
	59304  -  ResidentSetSize of job (KB)
...
006 (322896.000.000) 05/10 15:41:58 Image size of job updated: 492092
	480  -  MemoryUsage of job (MB)
	490632  -  ResidentSetSize of job (KB)
...
040 (322896.000.000) 05/10 15:43:33 Started transferring output files
...
040 (322896.000.000) 05/10 15:43:33 Finished transferring output files
...
005 (322896.000.000) 05/10 15:43:33 Job terminated.
	(1) Normal termination (return value 1)
		Usr 0 00:05:01, Sys 0 00:00:38  -  Run Remote Usage
		Usr 0 00:00:00, Sys 0 00:00:00  -  Run Local Usage
		Usr 0 00:05:01, Sys 0 00:00:38  -  Total Remote Usage
		Usr 0 00:00:00, Sys 0 00:00:00  -  Total Local Usage
	9309  -  Run Bytes Sent By Job
	10941  -  Run Bytes Received By Job
	9309  -  Total Bytes Sent By Job
	10941  -  Total Bytes Received By Job
	Partitionable Resources :    Usage  Request Allocated 
	   Cpus                 :                 1           
	   Disk (KB)            :       71        1   2140475 
	   Memory (MB)          :      480     2000      2000 
...
