   SingleMuon_Run2016B_part5   DATA  56 chunks


I have 1 taks to process
I'm using the following list of modules DEFAULT_MODULES
this is jobs [('SingleMuon_Run2016B_part5', 'MY_EOS_SPACE/heppyNtuples/TREES_SingleMuon2016BCDEF_94X/SingleMuon_Run2016B_part5/treeProducerWMass/tree.root', 26671550.0, '_Friend_SingleMuon_Run2016B_part5.chunk9', True, xrange(2250000, 2500000), 9)]
Modules to run:  []   name =  puWeight
Loading puWeight from CMGTools.WMass.postprocessing.examples.puWeightProducer 
Running on dataset =  SingleMuon_Run2016B_part5
TFile: name=/afs/cern.ch/work/m/mciprian/w_mass_analysis/heppy/rel_slc7/CMSSW_9_4_12/src/CMGTools/WMass/python/postprocessing/data/pileup/pileup_profile_Summer16.root, title=, option=READ
TFile: name=/afs/cern.ch/work/m/mciprian/w_mass_analysis/heppy/rel_slc7/CMSSW_9_4_12/src/CMGTools/WMass/python/postprocessing/data/pileup/PileupData_GoldenJSON_Full2016.root, title=, option=READ
Load C++ Worker
Modules to run:  []   name =  puWeight2016BF
Loading puWeight2016BF from CMGTools.WMass.postprocessing.examples.puWeightProducer 
Running on dataset =  SingleMuon_Run2016B_part5
TFile: name=/afs/cern.ch/work/m/mciprian/w_mass_analysis/heppy/rel_slc7/CMSSW_9_4_12/src/CMGTools/WMass/python/postprocessing/data/pileup/pileup_profile_Summer16.root, title=, option=READ
TFile: name=/afs/cern.ch/work/m/mciprian/w_mass_analysis/heppy/rel_slc7/CMSSW_9_4_12/src/CMGTools/WMass/python/postprocessing/data/pileup/PileupData_GoldenJSON_2016BF.root, title=, option=READ
Modules to run:  []   name =  lepQCDAwayJetAll
Loading lepQCDAwayJetAll from CMGTools.WMass.postprocessing.examples.lepVarProducer 
Running on dataset =  SingleMuon_Run2016B_part5
Modules to run:  []   name =  muCalibratedWithStatVar
Loading muCalibratedWithStatVar from CMGTools.WMass.postprocessing.examples.lepVarProducer 
Running on dataset =  SingleMuon_Run2016B_part5
did not find EnergyScaleCorrection shared object, rebuilding
trying to load all the rochester correction libraries
did not find legacy data roccor. rebuilding...
done building legacy data roccor.
Modules to run:  []   name =  jetAllReCleaner
Loading jetAllReCleaner from CMGTools.WMass.postprocessing.examples.jetReCleaner 
Running on dataset =  SingleMuon_Run2016B_part5
Load C++ Worker
Modules to run:  []   name =  jetReCleaner
Loading jetReCleaner from CMGTools.WMass.postprocessing.examples.jetReCleaner 
Running on dataset =  SingleMuon_Run2016B_part5
Load C++ Worker
Modules to run:  []   name =  genQEDJets
Loading genQEDJets from CMGTools.WMass.postprocessing.examples.genFriendProducer 
Running on dataset =  SingleMuon_Run2016B_part5
Will write selected trees to MY_EOS_SPACE/heppyNtuples/TREES_SingleMuon2016BCDEF_94X/friends/
Normalization of pu_mc: 0.999973
Normalization of pileup: 3.65129e+10
Weights for variable pu_mc with a number of bins equal to 76:
1 1 1 1 1 1 1 1 1 1 1.616 1.923 1.917 1.762 1.611 1.554 1.506 1.414 1.317 1.241 1.169 1.109 1.071 1.04 1.019 1.001 0.9873 0.9825 0.9828 0.9811 0.9811 0.9792 0.9531 0.9274 0.8773 0.8171 0.7432 0.6594 0.5661 0.4725 0.3811 0.2987 0.2215 0.1581 0 0 0 0 0 0 0 0 0 0 0 1 1 1 1 1 1 1 1 1 1 1 1 1 1 1 1 1 1 1 1 1 .
Final weights: 
1 1 1 1 1 1 1 1 1 1 1.616 1.923 1.917 1.762 1.611 1.554 1.506 1.414 1.317 1.241 1.169 1.109 1.071 1.04 1.019 1.001 0.9873 0.9825 0.9828 0.9811 0.9811 0.9792 0.9531 0.9274 0.8773 0.8171 0.7432 0.6594 0.5661 0.4725 0.3811 0.2987 0.2215 0.1581 0 0 0 0 0 0 0 0 0 0 0 1 1 1 1 1 1 1 1 1 1 1 1 1 1 1 1 1 1 1 1 1 .
Normalization of pu_mc: 1
Normalization of pileup: 2.014e+10
Weights for variable pu_mc with a number of bins equal to 76:
1 1 1 1 1 1 1 1 1 1 2.784 3.074 2.661 2.24 1.976 1.881 1.801 1.669 1.544 1.453 1.364 1.27 1.186 1.113 1.061 1.016 0.9702 0.9245 0.8754 0.8192 0.7629 0.7065 0.6366 0.5722 0.4984 0.4252 0.3515 0.2804 0.2137 0.1564 0.1092 0 0 0 0 0 0 0 0 0 0 0 0 0 0 1 1 1 1 1 1 1 1 1 1 1 1 1 1 1 1 1 1 1 1 1 .
For maximum weight 3.074: integral relative change: 0
Final weights: 
1 1 1 1 1 1 1 1 1 1 2.784 3.074 2.661 2.24 1.976 1.881 1.801 1.669 1.544 1.453 1.364 1.27 1.186 1.113 1.061 1.016 0.9702 0.9245 0.8754 0.8192 0.7629 0.7065 0.6366 0.5722 0.4984 0.4252 0.3515 0.2804 0.2137 0.1564 0.1092 0 0 0 0 0 0 0 0 0 0 0 0 0 0 1 1 1 1 1 1 1 1 1 1 1 1 1 1 1 1 1 1 1 1 1 .
begin job of lepCalProducer
initializing all the rochester correction objects
initializing the egamma calibrator
Processed  2250000/13778779 entries (elapsed time     0.4s, curr speed   27.778 kHz, avg speed 6250.000 kHz), accepted        1/       1 events (100.00%)
Processed  2260000/13778779 entries (elapsed time    17.2s, curr speed    0.593 kHz, avg speed  131.243 kHz), accepted    10001/   10001 events (100.00%)
Processed  2270000/13778779 entries (elapsed time    36.0s, curr speed    0.533 kHz, avg speed   63.108 kHz), accepted    20001/   20001 events (100.00%)
Processed  2280000/13778779 entries (elapsed time    54.5s, curr speed    0.540 kHz, avg speed   41.843 kHz), accepted    30001/   30001 events (100.00%)
Processed  2290000/13778779 entries (elapsed time    74.0s, curr speed    0.514 kHz, avg speed   30.967 kHz), accepted    40001/   40001 events (100.00%)
Processed  2300000/13778779 entries (elapsed time    93.8s, curr speed    0.503 kHz, avg speed   24.515 kHz), accepted    50001/   50001 events (100.00%)
Processed  2310000/13778779 entries (elapsed time   113.0s, curr speed    0.522 kHz, avg speed   20.450 kHz), accepted    60001/   60001 events (100.00%)
Processed  2320000/13778779 entries (elapsed time   131.1s, curr speed    0.552 kHz, avg speed   17.698 kHz), accepted    70001/   70001 events (100.00%)
Processed  2330000/13778779 entries (elapsed time   147.3s, curr speed    0.618 kHz, avg speed   15.822 kHz), accepted    80001/   80001 events (100.00%)
Processed  2340000/13778779 entries (elapsed time   163.8s, curr speed    0.606 kHz, avg speed   14.290 kHz), accepted    90001/   90001 events (100.00%)
Processed  2350000/13778779 entries (elapsed time   180.6s, curr speed    0.595 kHz, avg speed   13.014 kHz), accepted   100001/  100001 events (100.00%)
Processed  2360000/13778779 entries (elapsed time   197.0s, curr speed    0.608 kHz, avg speed   11.978 kHz), accepted   110001/  110001 events (100.00%)
Processed  2370000/13778779 entries (elapsed time   213.9s, curr speed    0.592 kHz, avg speed   11.080 kHz), accepted   120001/  120001 events (100.00%)
Processed  2380000/13778779 entries (elapsed time   252.3s, curr speed    0.261 kHz, avg speed    9.435 kHz), accepted   130001/  130001 events (100.00%)
Processed  2390000/13778779 entries (elapsed time   268.1s, curr speed    0.633 kHz, avg speed    8.916 kHz), accepted   140001/  140001 events (100.00%)
Processed  2400000/13778779 entries (elapsed time   284.0s, curr speed    0.626 kHz, avg speed    8.450 kHz), accepted   150001/  150001 events (100.00%)
Processed  2410000/13778779 entries (elapsed time   301.4s, curr speed    0.577 kHz, avg speed    7.997 kHz), accepted   160001/  160001 events (100.00%)
Processed  2420000/13778779 entries (elapsed time   318.1s, curr speed    0.597 kHz, avg speed    7.607 kHz), accepted   170001/  170001 events (100.00%)
Processed  2430000/13778779 entries (elapsed time   334.2s, curr speed    0.621 kHz, avg speed    7.271 kHz), accepted   180001/  180001 events (100.00%)
Processed  2440000/13778779 entries (elapsed time   351.2s, curr speed    0.591 kHz, avg speed    6.949 kHz), accepted   190001/  190001 events (100.00%)
Processed  2450000/13778779 entries (elapsed time   388.5s, curr speed    0.268 kHz, avg speed    6.306 kHz), accepted   200001/  200001 events (100.00%)
Processed  2460000/13778779 entries (elapsed time   404.8s, curr speed    0.614 kHz, avg speed    6.077 kHz), accepted   210001/  210001 events (100.00%)
Processed  2470000/13778779 entries (elapsed time   421.6s, curr speed    0.593 kHz, avg speed    5.858 kHz), accepted   220001/  220001 events (100.00%)
Processed  2480000/13778779 entries (elapsed time   437.8s, curr speed    0.619 kHz, avg speed    5.665 kHz), accepted   230001/  230001 events (100.00%)
Processed  2490000/13778779 entries (elapsed time   454.7s, curr speed    0.592 kHz, avg speed    5.476 kHz), accepted   240001/  240001 events (100.00%)
Processed 250000 entries from MY_EOS_SPACE/heppyNtuples/TREES_SingleMuon2016BCDEF_94X/SingleMuon_Run2016B_part5/treeProducerWMass/tree.root, selected 250000 entries
Done MY_EOS_SPACE/heppyNtuples/TREES_SingleMuon2016BCDEF_94X/friends/tree_Friend_SingleMuon_Run2016B_part5.chunk9.root
