000 (322883.004.000) 05/10 15:24:44 Job submitted from host: <188.184.95.166:9618?addrs=188.184.95.166-9618+[2001-1458-201-e4--100-7a0]-9618&alias=tbird02.cern.ch&noUDP&sock=schedd_2138722_faad_3>
...
040 (322883.004.000) 05/10 15:26:21 Started transferring input files
	Transferring to host: <188.184.186.9:9618?addrs=188.184.186.9-9618+[2001-1458-301-f8--100-11]-9618&noUDP&sock=8388_dace_18553>
...
040 (322883.004.000) 05/10 15:26:21 Finished transferring input files
...
001 (322883.004.000) 05/10 15:26:22 Job executing on host: <188.184.186.9:9618?addrs=188.184.186.9-9618+[2001-1458-301-f8--100-11]-9618&noUDP&sock=2355_e99f_3>
...
006 (322883.004.000) 05/10 15:26:30 Image size of job updated: 169708
	103  -  MemoryUsage of job (MB)
	104672  -  ResidentSetSize of job (KB)
...
006 (322883.004.000) 05/10 15:31:30 Image size of job updated: 405496
	395  -  MemoryUsage of job (MB)
	404428  -  ResidentSetSize of job (KB)
...
006 (322883.004.000) 05/10 15:36:30 Image size of job updated: 487652
	476  -  MemoryUsage of job (MB)
	487068  -  ResidentSetSize of job (KB)
...
006 (322883.004.000) 05/10 15:37:50 Image size of job updated: 835208
	476  -  MemoryUsage of job (MB)
	487068  -  ResidentSetSize of job (KB)
...
040 (322883.004.000) 05/10 15:37:50 Started transferring output files
...
040 (322883.004.000) 05/10 15:37:50 Finished transferring output files
...
005 (322883.004.000) 05/10 15:37:50 Job terminated.
	(1) Normal termination (return value 1)
		Usr 0 00:09:48, Sys 0 00:00:55  -  Run Remote Usage
		Usr 0 00:00:00, Sys 0 00:00:00  -  Run Local Usage
		Usr 0 00:09:48, Sys 0 00:00:55  -  Total Remote Usage
		Usr 0 00:00:00, Sys 0 00:00:00  -  Total Local Usage
	9473  -  Run Bytes Sent By Job
	10941  -  Run Bytes Received By Job
	9473  -  Total Bytes Sent By Job
	10941  -  Total Bytes Received By Job
	Partitionable Resources :    Usage  Request Allocated 
	   Cpus                 :     0.99        1         1 
	   Disk (KB)            :    79           1    215277 
	   Memory (MB)          :   476        2000      2000 
...
