000 (322890.031.000) 05/10 15:24:50 Job submitted from host: <188.184.95.166:9618?addrs=188.184.95.166-9618+[2001-1458-201-e4--100-7a0]-9618&alias=tbird02.cern.ch&noUDP&sock=schedd_2138722_faad_3>
...
040 (322890.031.000) 05/10 15:32:10 Started transferring input files
	Transferring to host: <188.184.186.40:9618?addrs=188.184.186.40-9618+[2001-1458-301-f8--100-14]-9618&noUDP&sock=4211_c7c4_127112>
...
040 (322890.031.000) 05/10 15:32:10 Finished transferring input files
...
001 (322890.031.000) 05/10 15:32:11 Job executing on host: <188.184.186.40:9618?addrs=188.184.186.40-9618+[2001-1458-301-f8--100-14]-9618&noUDP&sock=2340_9fb4_3>
...
006 (322890.031.000) 05/10 15:32:19 Image size of job updated: 311296
	222  -  MemoryUsage of job (MB)
	226384  -  ResidentSetSize of job (KB)
...
006 (322890.031.000) 05/10 15:37:19 Image size of job updated: 494332
	482  -  MemoryUsage of job (MB)
	493088  -  ResidentSetSize of job (KB)
...
040 (322890.031.000) 05/10 15:38:14 Started transferring output files
...
040 (322890.031.000) 05/10 15:38:14 Finished transferring output files
...
005 (322890.031.000) 05/10 15:38:14 Job terminated.
	(1) Normal termination (return value 1)
		Usr 0 00:05:24, Sys 0 00:00:33  -  Run Remote Usage
		Usr 0 00:00:00, Sys 0 00:00:00  -  Run Local Usage
		Usr 0 00:05:24, Sys 0 00:00:33  -  Total Remote Usage
		Usr 0 00:00:00, Sys 0 00:00:00  -  Total Local Usage
	9477  -  Run Bytes Sent By Job
	10941  -  Run Bytes Received By Job
	9477  -  Total Bytes Sent By Job
	10941  -  Total Bytes Received By Job
	Partitionable Resources :    Usage  Request Allocated 
	   Cpus                 :                 1           
	   Disk (KB)            :       72        1   2186910 
	   Memory (MB)          :      482     2000      2000 
...
