   SingleMuon_Run2016D_part2   DATA  59 chunks


I have 1 taks to process
I'm using the following list of modules DEFAULT_MODULES
this is jobs [('SingleMuon_Run2016D_part2', 'MY_EOS_SPACE/heppyNtuples/TREES_SingleMuon2016BCDEF_94X/SingleMuon_Run2016D_part2/treeProducerWMass/tree.root', 24459165.0, '_Friend_SingleMuon_Run2016D_part2.chunk32', True, xrange(8000000, 8250000), 32)]
Modules to run:  []   name =  puWeight
Loading puWeight from CMGTools.WMass.postprocessing.examples.puWeightProducer 
Running on dataset =  SingleMuon_Run2016D_part2
TFile: name=/afs/cern.ch/work/m/mciprian/w_mass_analysis/heppy/rel_slc7/CMSSW_9_4_12/src/CMGTools/WMass/python/postprocessing/data/pileup/pileup_profile_Summer16.root, title=, option=READ
TFile: name=/afs/cern.ch/work/m/mciprian/w_mass_analysis/heppy/rel_slc7/CMSSW_9_4_12/src/CMGTools/WMass/python/postprocessing/data/pileup/PileupData_GoldenJSON_Full2016.root, title=, option=READ
Load C++ Worker
Modules to run:  []   name =  puWeight2016BF
Loading puWeight2016BF from CMGTools.WMass.postprocessing.examples.puWeightProducer 
Running on dataset =  SingleMuon_Run2016D_part2
TFile: name=/afs/cern.ch/work/m/mciprian/w_mass_analysis/heppy/rel_slc7/CMSSW_9_4_12/src/CMGTools/WMass/python/postprocessing/data/pileup/pileup_profile_Summer16.root, title=, option=READ
TFile: name=/afs/cern.ch/work/m/mciprian/w_mass_analysis/heppy/rel_slc7/CMSSW_9_4_12/src/CMGTools/WMass/python/postprocessing/data/pileup/PileupData_GoldenJSON_2016BF.root, title=, option=READ
Modules to run:  []   name =  lepQCDAwayJetAll
Loading lepQCDAwayJetAll from CMGTools.WMass.postprocessing.examples.lepVarProducer 
Running on dataset =  SingleMuon_Run2016D_part2
Modules to run:  []   name =  muCalibratedWithStatVar
Loading muCalibratedWithStatVar from CMGTools.WMass.postprocessing.examples.lepVarProducer 
Running on dataset =  SingleMuon_Run2016D_part2
did not find EnergyScaleCorrection shared object, rebuilding
trying to load all the rochester correction libraries
did not find legacy data roccor. rebuilding...
done building legacy data roccor.
Modules to run:  []   name =  jetAllReCleaner
Loading jetAllReCleaner from CMGTools.WMass.postprocessing.examples.jetReCleaner 
Running on dataset =  SingleMuon_Run2016D_part2
Load C++ Worker
Modules to run:  []   name =  jetReCleaner
Loading jetReCleaner from CMGTools.WMass.postprocessing.examples.jetReCleaner 
Running on dataset =  SingleMuon_Run2016D_part2
Load C++ Worker
Modules to run:  []   name =  genQEDJets
Loading genQEDJets from CMGTools.WMass.postprocessing.examples.genFriendProducer 
Running on dataset =  SingleMuon_Run2016D_part2
Will write selected trees to MY_EOS_SPACE/heppyNtuples/TREES_SingleMuon2016BCDEF_94X/friends/
Normalization of pu_mc: 0.999973
Normalization of pileup: 3.65129e+10
Weights for variable pu_mc with a number of bins equal to 76:
1 1 1 1 1 1 1 1 1 1 1.616 1.923 1.917 1.762 1.611 1.554 1.506 1.414 1.317 1.241 1.169 1.109 1.071 1.04 1.019 1.001 0.9873 0.9825 0.9828 0.9811 0.9811 0.9792 0.9531 0.9274 0.8773 0.8171 0.7432 0.6594 0.5661 0.4725 0.3811 0.2987 0.2215 0.1581 0 0 0 0 0 0 0 0 0 0 0 1 1 1 1 1 1 1 1 1 1 1 1 1 1 1 1 1 1 1 1 1 .
Final weights: 
1 1 1 1 1 1 1 1 1 1 1.616 1.923 1.917 1.762 1.611 1.554 1.506 1.414 1.317 1.241 1.169 1.109 1.071 1.04 1.019 1.001 0.9873 0.9825 0.9828 0.9811 0.9811 0.9792 0.9531 0.9274 0.8773 0.8171 0.7432 0.6594 0.5661 0.4725 0.3811 0.2987 0.2215 0.1581 0 0 0 0 0 0 0 0 0 0 0 1 1 1 1 1 1 1 1 1 1 1 1 1 1 1 1 1 1 1 1 1 .
Normalization of pu_mc: 1
Normalization of pileup: 2.014e+10
Weights for variable pu_mc with a number of bins equal to 76:
1 1 1 1 1 1 1 1 1 1 2.784 3.074 2.661 2.24 1.976 1.881 1.801 1.669 1.544 1.453 1.364 1.27 1.186 1.113 1.061 1.016 0.9702 0.9245 0.8754 0.8192 0.7629 0.7065 0.6366 0.5722 0.4984 0.4252 0.3515 0.2804 0.2137 0.1564 0.1092 0 0 0 0 0 0 0 0 0 0 0 0 0 0 1 1 1 1 1 1 1 1 1 1 1 1 1 1 1 1 1 1 1 1 1 .
For maximum weight 3.074: integral relative change: 0
Final weights: 
1 1 1 1 1 1 1 1 1 1 2.784 3.074 2.661 2.24 1.976 1.881 1.801 1.669 1.544 1.453 1.364 1.27 1.186 1.113 1.061 1.016 0.9702 0.9245 0.8754 0.8192 0.7629 0.7065 0.6366 0.5722 0.4984 0.4252 0.3515 0.2804 0.2137 0.1564 0.1092 0 0 0 0 0 0 0 0 0 0 0 0 0 0 1 1 1 1 1 1 1 1 1 1 1 1 1 1 1 1 1 1 1 1 1 .
begin job of lepCalProducer
initializing all the rochester correction objects
initializing the egamma calibrator
Processed  8000000/14721863 entries (elapsed time     0.3s, curr speed   37.037 kHz, avg speed 29629.630 kHz), accepted        1/       1 events (100.00%)
Processed  8010000/14721863 entries (elapsed time    13.5s, curr speed    0.756 kHz, avg speed  593.773 kHz), accepted    10001/   10001 events (100.00%)
Processed  8020000/14721863 entries (elapsed time    27.4s, curr speed    0.717 kHz, avg speed  292.381 kHz), accepted    20001/   20001 events (100.00%)
Processed  8030000/14721863 entries (elapsed time    41.3s, curr speed    0.719 kHz, avg speed  194.243 kHz), accepted    30001/   30001 events (100.00%)
Processed  8040000/14721863 entries (elapsed time    55.1s, curr speed    0.728 kHz, avg speed  145.969 kHz), accepted    40001/   40001 events (100.00%)
Processed  8050000/14721863 entries (elapsed time    68.8s, curr speed    0.731 kHz, avg speed  117.074 kHz), accepted    50001/   50001 events (100.00%)
Processed  8060000/14721863 entries (elapsed time    82.4s, curr speed    0.732 kHz, avg speed   97.780 kHz), accepted    60001/   60001 events (100.00%)
Processed  8070000/14721863 entries (elapsed time    95.2s, curr speed    0.782 kHz, avg speed   84.760 kHz), accepted    70001/   70001 events (100.00%)
Processed  8080000/14721863 entries (elapsed time   106.8s, curr speed    0.866 kHz, avg speed   75.684 kHz), accepted    80001/   80001 events (100.00%)
Processed  8090000/14721863 entries (elapsed time   118.4s, curr speed    0.861 kHz, avg speed   68.339 kHz), accepted    90001/   90001 events (100.00%)
Processed  8100000/14721863 entries (elapsed time   129.9s, curr speed    0.872 kHz, avg speed   62.380 kHz), accepted   100001/  100001 events (100.00%)
Processed  8110000/14721863 entries (elapsed time   141.1s, curr speed    0.891 kHz, avg speed   57.489 kHz), accepted   110001/  110001 events (100.00%)
Processed  8120000/14721863 entries (elapsed time   152.5s, curr speed    0.879 kHz, avg speed   53.263 kHz), accepted   120001/  120001 events (100.00%)
Processed  8130000/14721863 entries (elapsed time   180.1s, curr speed    0.361 kHz, avg speed   45.137 kHz), accepted   130001/  130001 events (100.00%)
Processed  8140000/14721863 entries (elapsed time   191.6s, curr speed    0.873 kHz, avg speed   42.489 kHz), accepted   140001/  140001 events (100.00%)
Processed  8150000/14721863 entries (elapsed time   203.1s, curr speed    0.872 kHz, avg speed   40.138 kHz), accepted   150001/  150001 events (100.00%)
Processed  8160000/14721863 entries (elapsed time   214.3s, curr speed    0.891 kHz, avg speed   38.083 kHz), accepted   160001/  160001 events (100.00%)
Processed  8170000/14721863 entries (elapsed time   225.6s, curr speed    0.883 kHz, avg speed   36.215 kHz), accepted   170001/  170001 events (100.00%)
Processed  8180000/14721863 entries (elapsed time   237.2s, curr speed    0.861 kHz, avg speed   34.483 kHz), accepted   180001/  180001 events (100.00%)
Processed  8190000/14721863 entries (elapsed time   248.8s, curr speed    0.865 kHz, avg speed   32.921 kHz), accepted   190001/  190001 events (100.00%)
Processed  8200000/14721863 entries (elapsed time   276.4s, curr speed    0.363 kHz, avg speed   29.671 kHz), accepted   200001/  200001 events (100.00%)
Processed  8210000/14721863 entries (elapsed time   287.9s, curr speed    0.867 kHz, avg speed   28.517 kHz), accepted   210001/  210001 events (100.00%)
Processed  8220000/14721863 entries (elapsed time   299.3s, curr speed    0.875 kHz, avg speed   27.461 kHz), accepted   220001/  220001 events (100.00%)
Processed  8230000/14721863 entries (elapsed time   310.6s, curr speed    0.884 kHz, avg speed   26.494 kHz), accepted   230001/  230001 events (100.00%)
Processed  8240000/14721863 entries (elapsed time   322.4s, curr speed    0.850 kHz, avg speed   25.558 kHz), accepted   240001/  240001 events (100.00%)
Processed 250000 entries from MY_EOS_SPACE/heppyNtuples/TREES_SingleMuon2016BCDEF_94X/SingleMuon_Run2016D_part2/treeProducerWMass/tree.root, selected 250000 entries
Done MY_EOS_SPACE/heppyNtuples/TREES_SingleMuon2016BCDEF_94X/friends/tree_Friend_SingleMuon_Run2016D_part2.chunk32.root
