   SingleMuon_Run2016D_part1   DATA  62 chunks


I have 1 taks to process
I'm using the following list of modules DEFAULT_MODULES
this is jobs [('SingleMuon_Run2016D_part1', 'MY_EOS_SPACE/heppyNtuples/TREES_SingleMuon2016BCDEF_94X/SingleMuon_Run2016D_part1/treeProducerWMass/tree.root', 25303304.0, '_Friend_SingleMuon_Run2016D_part1.chunk49', True, xrange(12250000, 12500000), 49)]
Modules to run:  []   name =  puWeight
Loading puWeight from CMGTools.WMass.postprocessing.examples.puWeightProducer 
Running on dataset =  SingleMuon_Run2016D_part1
TFile: name=/afs/cern.ch/work/m/mciprian/w_mass_analysis/heppy/rel_slc7/CMSSW_9_4_12/src/CMGTools/WMass/python/postprocessing/data/pileup/pileup_profile_Summer16.root, title=, option=READ
TFile: name=/afs/cern.ch/work/m/mciprian/w_mass_analysis/heppy/rel_slc7/CMSSW_9_4_12/src/CMGTools/WMass/python/postprocessing/data/pileup/PileupData_GoldenJSON_Full2016.root, title=, option=READ
Load C++ Worker
Modules to run:  []   name =  puWeight2016BF
Loading puWeight2016BF from CMGTools.WMass.postprocessing.examples.puWeightProducer 
Running on dataset =  SingleMuon_Run2016D_part1
TFile: name=/afs/cern.ch/work/m/mciprian/w_mass_analysis/heppy/rel_slc7/CMSSW_9_4_12/src/CMGTools/WMass/python/postprocessing/data/pileup/pileup_profile_Summer16.root, title=, option=READ
TFile: name=/afs/cern.ch/work/m/mciprian/w_mass_analysis/heppy/rel_slc7/CMSSW_9_4_12/src/CMGTools/WMass/python/postprocessing/data/pileup/PileupData_GoldenJSON_2016BF.root, title=, option=READ
Modules to run:  []   name =  lepQCDAwayJetAll
Loading lepQCDAwayJetAll from CMGTools.WMass.postprocessing.examples.lepVarProducer 
Running on dataset =  SingleMuon_Run2016D_part1
Modules to run:  []   name =  muCalibratedWithStatVar
Loading muCalibratedWithStatVar from CMGTools.WMass.postprocessing.examples.lepVarProducer 
Running on dataset =  SingleMuon_Run2016D_part1
did not find EnergyScaleCorrection shared object, rebuilding
trying to load all the rochester correction libraries
did not find legacy data roccor. rebuilding...
done building legacy data roccor.
Modules to run:  []   name =  jetAllReCleaner
Loading jetAllReCleaner from CMGTools.WMass.postprocessing.examples.jetReCleaner 
Running on dataset =  SingleMuon_Run2016D_part1
Load C++ Worker
Modules to run:  []   name =  jetReCleaner
Loading jetReCleaner from CMGTools.WMass.postprocessing.examples.jetReCleaner 
Running on dataset =  SingleMuon_Run2016D_part1
Load C++ Worker
Modules to run:  []   name =  genQEDJets
Loading genQEDJets from CMGTools.WMass.postprocessing.examples.genFriendProducer 
Running on dataset =  SingleMuon_Run2016D_part1
Will write selected trees to MY_EOS_SPACE/heppyNtuples/TREES_SingleMuon2016BCDEF_94X/friends/
Normalization of pu_mc: 0.999973
Normalization of pileup: 3.65129e+10
Weights for variable pu_mc with a number of bins equal to 76:
1 1 1 1 1 1 1 1 1 1 1.616 1.923 1.917 1.762 1.611 1.554 1.506 1.414 1.317 1.241 1.169 1.109 1.071 1.04 1.019 1.001 0.9873 0.9825 0.9828 0.9811 0.9811 0.9792 0.9531 0.9274 0.8773 0.8171 0.7432 0.6594 0.5661 0.4725 0.3811 0.2987 0.2215 0.1581 0 0 0 0 0 0 0 0 0 0 0 1 1 1 1 1 1 1 1 1 1 1 1 1 1 1 1 1 1 1 1 1 .
Final weights: 
1 1 1 1 1 1 1 1 1 1 1.616 1.923 1.917 1.762 1.611 1.554 1.506 1.414 1.317 1.241 1.169 1.109 1.071 1.04 1.019 1.001 0.9873 0.9825 0.9828 0.9811 0.9811 0.9792 0.9531 0.9274 0.8773 0.8171 0.7432 0.6594 0.5661 0.4725 0.3811 0.2987 0.2215 0.1581 0 0 0 0 0 0 0 0 0 0 0 1 1 1 1 1 1 1 1 1 1 1 1 1 1 1 1 1 1 1 1 1 .
Normalization of pu_mc: 1
Normalization of pileup: 2.014e+10
Weights for variable pu_mc with a number of bins equal to 76:
1 1 1 1 1 1 1 1 1 1 2.784 3.074 2.661 2.24 1.976 1.881 1.801 1.669 1.544 1.453 1.364 1.27 1.186 1.113 1.061 1.016 0.9702 0.9245 0.8754 0.8192 0.7629 0.7065 0.6366 0.5722 0.4984 0.4252 0.3515 0.2804 0.2137 0.1564 0.1092 0 0 0 0 0 0 0 0 0 0 0 0 0 0 1 1 1 1 1 1 1 1 1 1 1 1 1 1 1 1 1 1 1 1 1 .
For maximum weight 3.074: integral relative change: 0
Final weights: 
1 1 1 1 1 1 1 1 1 1 2.784 3.074 2.661 2.24 1.976 1.881 1.801 1.669 1.544 1.453 1.364 1.27 1.186 1.113 1.061 1.016 0.9702 0.9245 0.8754 0.8192 0.7629 0.7065 0.6366 0.5722 0.4984 0.4252 0.3515 0.2804 0.2137 0.1564 0.1092 0 0 0 0 0 0 0 0 0 0 0 0 0 0 1 1 1 1 1 1 1 1 1 1 1 1 1 1 1 1 1 1 1 1 1 .
begin job of lepCalProducer
initializing all the rochester correction objects
initializing the egamma calibrator
Processed 12250000/15463332 entries (elapsed time     0.2s, curr speed   62.500 kHz, avg speed 76562.500 kHz), accepted        1/       1 events (100.00%)
Processed 12260000/15463332 entries (elapsed time    11.7s, curr speed    0.864 kHz, avg speed 1045.183 kHz), accepted    10001/   10001 events (100.00%)
Processed 12270000/15463332 entries (elapsed time    23.4s, curr speed    0.859 kHz, avg speed  525.032 kHz), accepted    20001/   20001 events (100.00%)
Processed 12280000/15463332 entries (elapsed time    35.6s, curr speed    0.817 kHz, avg speed  344.847 kHz), accepted    30001/   30001 events (100.00%)
Processed 12290000/15463332 entries (elapsed time    47.5s, curr speed    0.841 kHz, avg speed  258.737 kHz), accepted    40001/   40001 events (100.00%)
Processed 12300000/15463332 entries (elapsed time    59.6s, curr speed    0.826 kHz, avg speed  206.341 kHz), accepted    50001/   50001 events (100.00%)
Processed 12310000/15463332 entries (elapsed time    71.5s, curr speed    0.840 kHz, avg speed  172.144 kHz), accepted    60001/   60001 events (100.00%)
Processed 12320000/15463332 entries (elapsed time    82.5s, curr speed    0.911 kHz, avg speed  149.351 kHz), accepted    70001/   70001 events (100.00%)
Processed 12330000/15463332 entries (elapsed time    92.4s, curr speed    1.007 kHz, avg speed  133.413 kHz), accepted    80001/   80001 events (100.00%)
Processed 12340000/15463332 entries (elapsed time   102.5s, curr speed    0.987 kHz, avg speed  120.332 kHz), accepted    90001/   90001 events (100.00%)
Processed 12350000/15463332 entries (elapsed time   112.3s, curr speed    1.030 kHz, avg speed  110.012 kHz), accepted   100001/  100001 events (100.00%)
Processed 12360000/15463332 entries (elapsed time   122.4s, curr speed    0.988 kHz, avg speed  100.997 kHz), accepted   110001/  110001 events (100.00%)
Processed 12370000/15463332 entries (elapsed time   132.8s, curr speed    0.961 kHz, avg speed   93.155 kHz), accepted   120001/  120001 events (100.00%)
Processed 12380000/15463332 entries (elapsed time   156.1s, curr speed    0.430 kHz, avg speed   79.323 kHz), accepted   130001/  130001 events (100.00%)
Processed 12390000/15463332 entries (elapsed time   166.6s, curr speed    0.948 kHz, avg speed   74.361 kHz), accepted   140001/  140001 events (100.00%)
Processed 12400000/15463332 entries (elapsed time   176.8s, curr speed    0.985 kHz, avg speed   70.148 kHz), accepted   150001/  150001 events (100.00%)
Processed 12410000/15463332 entries (elapsed time   187.1s, curr speed    0.963 kHz, avg speed   66.310 kHz), accepted   160001/  160001 events (100.00%)
Processed 12420000/15463332 entries (elapsed time   197.2s, curr speed    0.993 kHz, avg speed   62.975 kHz), accepted   170001/  170001 events (100.00%)
Processed 12430000/15463332 entries (elapsed time   207.1s, curr speed    1.015 kHz, avg speed   60.028 kHz), accepted   180001/  180001 events (100.00%)
Processed 12440000/15463332 entries (elapsed time   217.0s, curr speed    1.011 kHz, avg speed   57.338 kHz), accepted   190001/  190001 events (100.00%)
Processed 12450000/15463332 entries (elapsed time   240.7s, curr speed    0.421 kHz, avg speed   51.722 kHz), accepted   200001/  200001 events (100.00%)
Processed 12460000/15463332 entries (elapsed time   250.8s, curr speed    0.993 kHz, avg speed   49.685 kHz), accepted   210001/  210001 events (100.00%)
Processed 12470000/15463332 entries (elapsed time   260.7s, curr speed    1.011 kHz, avg speed   47.838 kHz), accepted   220001/  220001 events (100.00%)
Processed 12480000/15463332 entries (elapsed time   270.5s, curr speed    1.015 kHz, avg speed   46.133 kHz), accepted   230001/  230001 events (100.00%)
Processed 12490000/15463332 entries (elapsed time   280.2s, curr speed    1.034 kHz, avg speed   44.577 kHz), accepted   240001/  240001 events (100.00%)
Processed 250000 entries from MY_EOS_SPACE/heppyNtuples/TREES_SingleMuon2016BCDEF_94X/SingleMuon_Run2016D_part1/treeProducerWMass/tree.root, selected 250000 entries
Done MY_EOS_SPACE/heppyNtuples/TREES_SingleMuon2016BCDEF_94X/friends/tree_Friend_SingleMuon_Run2016D_part1.chunk49.root
