   SingleMuon_Run2016B_part5   DATA  56 chunks


I have 1 taks to process
I'm using the following list of modules DEFAULT_MODULES
this is jobs [('SingleMuon_Run2016B_part5', 'MY_EOS_SPACE/heppyNtuples/TREES_SingleMuon2016BCDEF_94X/SingleMuon_Run2016B_part5/treeProducerWMass/tree.root', 26671550.0, '_Friend_SingleMuon_Run2016B_part5.chunk3', True, xrange(750000, 1000000), 3)]
Modules to run:  []   name =  puWeight
Loading puWeight from CMGTools.WMass.postprocessing.examples.puWeightProducer 
Running on dataset =  SingleMuon_Run2016B_part5
TFile: name=/afs/cern.ch/work/m/mciprian/w_mass_analysis/heppy/rel_slc7/CMSSW_9_4_12/src/CMGTools/WMass/python/postprocessing/data/pileup/pileup_profile_Summer16.root, title=, option=READ
TFile: name=/afs/cern.ch/work/m/mciprian/w_mass_analysis/heppy/rel_slc7/CMSSW_9_4_12/src/CMGTools/WMass/python/postprocessing/data/pileup/PileupData_GoldenJSON_Full2016.root, title=, option=READ
Load C++ Worker
Modules to run:  []   name =  puWeight2016BF
Loading puWeight2016BF from CMGTools.WMass.postprocessing.examples.puWeightProducer 
Running on dataset =  SingleMuon_Run2016B_part5
TFile: name=/afs/cern.ch/work/m/mciprian/w_mass_analysis/heppy/rel_slc7/CMSSW_9_4_12/src/CMGTools/WMass/python/postprocessing/data/pileup/pileup_profile_Summer16.root, title=, option=READ
TFile: name=/afs/cern.ch/work/m/mciprian/w_mass_analysis/heppy/rel_slc7/CMSSW_9_4_12/src/CMGTools/WMass/python/postprocessing/data/pileup/PileupData_GoldenJSON_2016BF.root, title=, option=READ
Modules to run:  []   name =  lepQCDAwayJetAll
Loading lepQCDAwayJetAll from CMGTools.WMass.postprocessing.examples.lepVarProducer 
Running on dataset =  SingleMuon_Run2016B_part5
Modules to run:  []   name =  muCalibratedWithStatVar
Loading muCalibratedWithStatVar from CMGTools.WMass.postprocessing.examples.lepVarProducer 
Running on dataset =  SingleMuon_Run2016B_part5
did not find EnergyScaleCorrection shared object, rebuilding
trying to load all the rochester correction libraries
did not find legacy data roccor. rebuilding...
done building legacy data roccor.
Modules to run:  []   name =  jetAllReCleaner
Loading jetAllReCleaner from CMGTools.WMass.postprocessing.examples.jetReCleaner 
Running on dataset =  SingleMuon_Run2016B_part5
Load C++ Worker
Modules to run:  []   name =  jetReCleaner
Loading jetReCleaner from CMGTools.WMass.postprocessing.examples.jetReCleaner 
Running on dataset =  SingleMuon_Run2016B_part5
Load C++ Worker
Modules to run:  []   name =  genQEDJets
Loading genQEDJets from CMGTools.WMass.postprocessing.examples.genFriendProducer 
Running on dataset =  SingleMuon_Run2016B_part5
Will write selected trees to MY_EOS_SPACE/heppyNtuples/TREES_SingleMuon2016BCDEF_94X/friends/
Normalization of pu_mc: 0.999973
Normalization of pileup: 3.65129e+10
Weights for variable pu_mc with a number of bins equal to 76:
1 1 1 1 1 1 1 1 1 1 1.616 1.923 1.917 1.762 1.611 1.554 1.506 1.414 1.317 1.241 1.169 1.109 1.071 1.04 1.019 1.001 0.9873 0.9825 0.9828 0.9811 0.9811 0.9792 0.9531 0.9274 0.8773 0.8171 0.7432 0.6594 0.5661 0.4725 0.3811 0.2987 0.2215 0.1581 0 0 0 0 0 0 0 0 0 0 0 1 1 1 1 1 1 1 1 1 1 1 1 1 1 1 1 1 1 1 1 1 .
Final weights: 
1 1 1 1 1 1 1 1 1 1 1.616 1.923 1.917 1.762 1.611 1.554 1.506 1.414 1.317 1.241 1.169 1.109 1.071 1.04 1.019 1.001 0.9873 0.9825 0.9828 0.9811 0.9811 0.9792 0.9531 0.9274 0.8773 0.8171 0.7432 0.6594 0.5661 0.4725 0.3811 0.2987 0.2215 0.1581 0 0 0 0 0 0 0 0 0 0 0 1 1 1 1 1 1 1 1 1 1 1 1 1 1 1 1 1 1 1 1 1 .
Normalization of pu_mc: 1
Normalization of pileup: 2.014e+10
Weights for variable pu_mc with a number of bins equal to 76:
1 1 1 1 1 1 1 1 1 1 2.784 3.074 2.661 2.24 1.976 1.881 1.801 1.669 1.544 1.453 1.364 1.27 1.186 1.113 1.061 1.016 0.9702 0.9245 0.8754 0.8192 0.7629 0.7065 0.6366 0.5722 0.4984 0.4252 0.3515 0.2804 0.2137 0.1564 0.1092 0 0 0 0 0 0 0 0 0 0 0 0 0 0 1 1 1 1 1 1 1 1 1 1 1 1 1 1 1 1 1 1 1 1 1 .
For maximum weight 3.074: integral relative change: 0
Final weights: 
1 1 1 1 1 1 1 1 1 1 2.784 3.074 2.661 2.24 1.976 1.881 1.801 1.669 1.544 1.453 1.364 1.27 1.186 1.113 1.061 1.016 0.9702 0.9245 0.8754 0.8192 0.7629 0.7065 0.6366 0.5722 0.4984 0.4252 0.3515 0.2804 0.2137 0.1564 0.1092 0 0 0 0 0 0 0 0 0 0 0 0 0 0 1 1 1 1 1 1 1 1 1 1 1 1 1 1 1 1 1 1 1 1 1 .
begin job of lepCalProducer
initializing all the rochester correction objects
initializing the egamma calibrator
Processed   750000/13778779 entries (elapsed time     0.4s, curr speed   25.641 kHz, avg speed 1923.077 kHz), accepted        1/       1 events (100.00%)
Processed   760000/13778779 entries (elapsed time    24.5s, curr speed    0.414 kHz, avg speed   30.970 kHz), accepted    10001/   10001 events (100.00%)
Processed   770000/13778779 entries (elapsed time    49.2s, curr speed    0.405 kHz, avg speed   15.647 kHz), accepted    20001/   20001 events (100.00%)
Processed   780000/13778779 entries (elapsed time    73.6s, curr speed    0.410 kHz, avg speed   10.596 kHz), accepted    30001/   30001 events (100.00%)
Processed   790000/13778779 entries (elapsed time    98.5s, curr speed    0.403 kHz, avg speed    8.024 kHz), accepted    40001/   40001 events (100.00%)
Processed   800000/13778779 entries (elapsed time   123.4s, curr speed    0.401 kHz, avg speed    6.485 kHz), accepted    50001/   50001 events (100.00%)
Processed   810000/13778779 entries (elapsed time   148.7s, curr speed    0.394 kHz, avg speed    5.446 kHz), accepted    60001/   60001 events (100.00%)
Processed   820000/13778779 entries (elapsed time   172.7s, curr speed    0.417 kHz, avg speed    4.749 kHz), accepted    70001/   70001 events (100.00%)
Processed   830000/13778779 entries (elapsed time   193.7s, curr speed    0.477 kHz, avg speed    4.286 kHz), accepted    80001/   80001 events (100.00%)
Processed   840000/13778779 entries (elapsed time   215.1s, curr speed    0.467 kHz, avg speed    3.906 kHz), accepted    90001/   90001 events (100.00%)
Processed   850000/13778779 entries (elapsed time   236.4s, curr speed    0.469 kHz, avg speed    3.595 kHz), accepted   100001/  100001 events (100.00%)
Processed   860000/13778779 entries (elapsed time   256.4s, curr speed    0.501 kHz, avg speed    3.355 kHz), accepted   110001/  110001 events (100.00%)
Processed   870000/13778779 entries (elapsed time   277.8s, curr speed    0.467 kHz, avg speed    3.132 kHz), accepted   120001/  120001 events (100.00%)
Processed   880000/13778779 entries (elapsed time   328.2s, curr speed    0.198 kHz, avg speed    2.682 kHz), accepted   130001/  130001 events (100.00%)
Processed   890000/13778779 entries (elapsed time   349.5s, curr speed    0.468 kHz, avg speed    2.546 kHz), accepted   140001/  140001 events (100.00%)
Processed   900000/13778779 entries (elapsed time   371.0s, curr speed    0.466 kHz, avg speed    2.426 kHz), accepted   150001/  150001 events (100.00%)
Processed   910000/13778779 entries (elapsed time   391.1s, curr speed    0.498 kHz, avg speed    2.327 kHz), accepted   160001/  160001 events (100.00%)
Processed   920000/13778779 entries (elapsed time   411.4s, curr speed    0.492 kHz, avg speed    2.236 kHz), accepted   170001/  170001 events (100.00%)
Processed   930000/13778779 entries (elapsed time   432.8s, curr speed    0.468 kHz, avg speed    2.149 kHz), accepted   180001/  180001 events (100.00%)
Processed   940000/13778779 entries (elapsed time   454.7s, curr speed    0.457 kHz, avg speed    2.067 kHz), accepted   190001/  190001 events (100.00%)
Processed   950000/13778779 entries (elapsed time   505.4s, curr speed    0.197 kHz, avg speed    1.880 kHz), accepted   200001/  200001 events (100.00%)
Processed   960000/13778779 entries (elapsed time   526.7s, curr speed    0.470 kHz, avg speed    1.823 kHz), accepted   210001/  210001 events (100.00%)
Processed   970000/13778779 entries (elapsed time   548.0s, curr speed    0.468 kHz, avg speed    1.770 kHz), accepted   220001/  220001 events (100.00%)
Processed   980000/13778779 entries (elapsed time   569.5s, curr speed    0.465 kHz, avg speed    1.721 kHz), accepted   230001/  230001 events (100.00%)
Processed   990000/13778779 entries (elapsed time   591.2s, curr speed    0.462 kHz, avg speed    1.675 kHz), accepted   240001/  240001 events (100.00%)
Processed 250000 entries from MY_EOS_SPACE/heppyNtuples/TREES_SingleMuon2016BCDEF_94X/SingleMuon_Run2016B_part5/treeProducerWMass/tree.root, selected 250000 entries
Done MY_EOS_SPACE/heppyNtuples/TREES_SingleMuon2016BCDEF_94X/friends/tree_Friend_SingleMuon_Run2016B_part5.chunk3.root
