000 (322895.049.000) 05/10 15:24:55 Job submitted from host: <188.184.95.166:9618?addrs=188.184.95.166-9618+[2001-1458-201-e4--100-7a0]-9618&alias=tbird02.cern.ch&noUDP&sock=schedd_2138722_faad_3>
...
040 (322895.049.000) 05/10 15:36:43 Started transferring input files
	Transferring to host: <128.142.33.178:9618?addrs=128.142.33.178-9618+[2001-1458-301-117--100-65]-9618&noUDP&sock=12998_044a_103626>
...
040 (322895.049.000) 05/10 15:36:43 Finished transferring input files
...
001 (322895.049.000) 05/10 15:36:44 Job executing on host: <128.142.33.178:9618?addrs=128.142.33.178-9618+[2001-1458-301-117--100-65]-9618&noUDP&sock=12790_7463_3>
...
006 (322895.049.000) 05/10 15:36:53 Image size of job updated: 116192
	58  -  MemoryUsage of job (MB)
	59312  -  ResidentSetSize of job (KB)
...
006 (322895.049.000) 05/10 15:41:54 Image size of job updated: 574196
	480  -  MemoryUsage of job (MB)
	491268  -  ResidentSetSize of job (KB)
...
006 (322895.049.000) 05/10 15:43:06 Image size of job updated: 575036
	480  -  MemoryUsage of job (MB)
	491268  -  ResidentSetSize of job (KB)
...
040 (322895.049.000) 05/10 15:43:06 Started transferring output files
...
040 (322895.049.000) 05/10 15:43:06 Finished transferring output files
...
005 (322895.049.000) 05/10 15:43:06 Job terminated.
	(1) Normal termination (return value 1)
		Usr 0 00:05:06, Sys 0 00:00:30  -  Run Remote Usage
		Usr 0 00:00:00, Sys 0 00:00:00  -  Run Local Usage
		Usr 0 00:05:06, Sys 0 00:00:30  -  Total Remote Usage
		Usr 0 00:00:00, Sys 0 00:00:00  -  Total Local Usage
	9479  -  Run Bytes Sent By Job
	10941  -  Run Bytes Received By Job
	9479  -  Total Bytes Sent By Job
	10941  -  Total Bytes Received By Job
	Partitionable Resources :    Usage  Request Allocated 
	   Cpus                 :                 1           
	   Disk (KB)            :       72        1   2144063 
	   Memory (MB)          :      480     2000      2000 
...
