000 (322890.057.000) 05/10 15:24:50 Job submitted from host: <188.184.95.166:9618?addrs=188.184.95.166-9618+[2001-1458-201-e4--100-7a0]-9618&alias=tbird02.cern.ch&noUDP&sock=schedd_2138722_faad_3>
...
040 (322890.057.000) 05/10 15:32:29 Started transferring input files
	Transferring to host: <188.184.132.19:9618?addrs=188.184.132.19-9618+[2001-1458-301-a0--100-15]-9618&noUDP&sock=4060_631e_125851>
...
040 (322890.057.000) 05/10 15:32:29 Finished transferring input files
...
001 (322890.057.000) 05/10 15:32:30 Job executing on host: <188.184.132.19:9618?addrs=188.184.132.19-9618+[2001-1458-301-a0--100-15]-9618&noUDP&sock=2343_ae7c_3>
...
006 (322890.057.000) 05/10 15:32:38 Image size of job updated: 326968
	237  -  MemoryUsage of job (MB)
	242572  -  ResidentSetSize of job (KB)
...
006 (322890.057.000) 05/10 15:37:38 Image size of job updated: 490448
	478  -  MemoryUsage of job (MB)
	488520  -  ResidentSetSize of job (KB)
...
040 (322890.057.000) 05/10 15:38:23 Started transferring output files
...
040 (322890.057.000) 05/10 15:38:23 Finished transferring output files
...
005 (322890.057.000) 05/10 15:38:23 Job terminated.
	(1) Normal termination (return value 1)
		Usr 0 00:05:15, Sys 0 00:00:35  -  Run Remote Usage
		Usr 0 00:00:00, Sys 0 00:00:00  -  Run Local Usage
		Usr 0 00:05:15, Sys 0 00:00:35  -  Total Remote Usage
		Usr 0 00:00:00, Sys 0 00:00:00  -  Total Local Usage
	9479  -  Run Bytes Sent By Job
	10941  -  Run Bytes Received By Job
	9479  -  Total Bytes Sent By Job
	10941  -  Total Bytes Received By Job
	Partitionable Resources :    Usage  Request Allocated 
	   Cpus                 :                 1           
	   Disk (KB)            :       72        1   2167298 
	   Memory (MB)          :      478     2000      2000 
...
