000 (322883.022.000) 05/10 15:24:44 Job submitted from host: <188.184.95.166:9618?addrs=188.184.95.166-9618+[2001-1458-201-e4--100-7a0]-9618&alias=tbird02.cern.ch&noUDP&sock=schedd_2138722_faad_3>
...
040 (322883.022.000) 05/10 15:26:27 Started transferring input files
	Transferring to host: <128.142.240.9:9618?addrs=128.142.240.9-9618+[2001-1458-301-f9--100-16]-9618&noUDP&sock=13588_b9a2_19374>
...
040 (322883.022.000) 05/10 15:26:27 Finished transferring input files
...
001 (322883.022.000) 05/10 15:26:28 Job executing on host: <128.142.240.9:9618?addrs=128.142.240.9-9618+[2001-1458-301-f9--100-16]-9618&noUDP&sock=2371_e323_3>
...
006 (322883.022.000) 05/10 15:26:36 Image size of job updated: 219516
	138  -  MemoryUsage of job (MB)
	140876  -  ResidentSetSize of job (KB)
...
006 (322883.022.000) 05/10 15:31:36 Image size of job updated: 494340
	482  -  MemoryUsage of job (MB)
	493444  -  ResidentSetSize of job (KB)
...
006 (322883.022.000) 05/10 15:33:26 Image size of job updated: 904004
	482  -  MemoryUsage of job (MB)
	493444  -  ResidentSetSize of job (KB)
...
040 (322883.022.000) 05/10 15:33:26 Started transferring output files
...
040 (322883.022.000) 05/10 15:33:26 Finished transferring output files
...
005 (322883.022.000) 05/10 15:33:26 Job terminated.
	(1) Normal termination (return value 1)
		Usr 0 00:06:00, Sys 0 00:00:39  -  Run Remote Usage
		Usr 0 00:00:00, Sys 0 00:00:00  -  Run Local Usage
		Usr 0 00:06:00, Sys 0 00:00:39  -  Total Remote Usage
		Usr 0 00:00:00, Sys 0 00:00:00  -  Total Local Usage
	9477  -  Run Bytes Sent By Job
	10941  -  Run Bytes Received By Job
	9477  -  Total Bytes Sent By Job
	10941  -  Total Bytes Received By Job
	Partitionable Resources :    Usage  Request Allocated 
	   Cpus                 :     0.97        1         1 
	   Disk (KB)            :    79           1    210781 
	   Memory (MB)          :   482        2000      2000 
...
