000 (322882.016.000) 05/10 15:24:43 Job submitted from host: <188.184.95.166:9618?addrs=188.184.95.166-9618+[2001-1458-201-e4--100-7a0]-9618&alias=tbird02.cern.ch&noUDP&sock=schedd_2138722_faad_3>
...
040 (322882.016.000) 05/10 15:26:04 Started transferring input files
	Transferring to host: <128.142.33.182:9618?addrs=128.142.33.182-9618+[2001-1458-301-117--100-304]-9618&noUDP&sock=13469_e0fd_101883>
...
040 (322882.016.000) 05/10 15:26:04 Finished transferring input files
...
001 (322882.016.000) 05/10 15:26:05 Job executing on host: <128.142.33.182:9618?addrs=128.142.33.182-9618+[2001-1458-301-117--100-304]-9618&noUDP&sock=13369_99b9_3>
...
006 (322882.016.000) 05/10 15:26:13 Image size of job updated: 174388
	103  -  MemoryUsage of job (MB)
	105464  -  ResidentSetSize of job (KB)
...
006 (322882.016.000) 05/10 15:31:13 Image size of job updated: 576352
	479  -  MemoryUsage of job (MB)
	490280  -  ResidentSetSize of job (KB)
...
040 (322882.016.000) 05/10 15:32:12 Started transferring output files
...
040 (322882.016.000) 05/10 15:32:12 Finished transferring output files
...
005 (322882.016.000) 05/10 15:32:12 Job terminated.
	(1) Normal termination (return value 1)
		Usr 0 00:05:22, Sys 0 00:00:33  -  Run Remote Usage
		Usr 0 00:00:00, Sys 0 00:00:00  -  Run Local Usage
		Usr 0 00:05:22, Sys 0 00:00:33  -  Total Remote Usage
		Usr 0 00:00:00, Sys 0 00:00:00  -  Total Local Usage
	9477  -  Run Bytes Sent By Job
	10941  -  Run Bytes Received By Job
	9477  -  Total Bytes Sent By Job
	10941  -  Total Bytes Received By Job
	Partitionable Resources :    Usage  Request Allocated 
	   Cpus                 :                 1           
	   Disk (KB)            :       72        1   2133024 
	   Memory (MB)          :      479     2000      2000 
...
