000 (322884.021.000) 05/10 15:24:45 Job submitted from host: <188.184.95.166:9618?addrs=188.184.95.166-9618+[2001-1458-201-e4--100-7a0]-9618&alias=tbird02.cern.ch&noUDP&sock=schedd_2138722_faad_3>
...
040 (322884.021.000) 05/10 15:26:48 Started transferring input files
	Transferring to host: <128.142.240.9:9618?addrs=128.142.240.9-9618+[2001-1458-301-f9--100-16]-9618&noUDP&sock=13588_b9a2_19382>
...
040 (322884.021.000) 05/10 15:26:48 Finished transferring input files
...
001 (322884.021.000) 05/10 15:26:49 Job executing on host: <128.142.240.9:9618?addrs=128.142.240.9-9618+[2001-1458-301-f9--100-16]-9618&noUDP&sock=2371_e323_3>
...
006 (322884.021.000) 05/10 15:26:58 Image size of job updated: 268452
	243  -  MemoryUsage of job (MB)
	248824  -  ResidentSetSize of job (KB)
...
006 (322884.021.000) 05/10 15:31:59 Image size of job updated: 511120
	481  -  MemoryUsage of job (MB)
	491624  -  ResidentSetSize of job (KB)
...
006 (322884.021.000) 05/10 15:33:33 Image size of job updated: 686968
	481  -  MemoryUsage of job (MB)
	491784  -  ResidentSetSize of job (KB)
...
040 (322884.021.000) 05/10 15:33:33 Started transferring output files
...
040 (322884.021.000) 05/10 15:33:33 Finished transferring output files
...
005 (322884.021.000) 05/10 15:33:33 Job terminated.
	(1) Normal termination (return value 1)
		Usr 0 00:05:51, Sys 0 00:00:37  -  Run Remote Usage
		Usr 0 00:00:00, Sys 0 00:00:00  -  Run Local Usage
		Usr 0 00:05:51, Sys 0 00:00:37  -  Total Remote Usage
		Usr 0 00:00:00, Sys 0 00:00:00  -  Total Local Usage
	9477  -  Run Bytes Sent By Job
	10941  -  Run Bytes Received By Job
	9477  -  Total Bytes Sent By Job
	10941  -  Total Bytes Received By Job
	Partitionable Resources :    Usage  Request Allocated 
	   Cpus                 :     0.99        1         1 
	   Disk (KB)            :    79           1    210769 
	   Memory (MB)          :   481        2000      2000 
...
