000 (322898.014.000) 05/10 15:24:58 Job submitted from host: <188.184.95.166:9618?addrs=188.184.95.166-9618+[2001-1458-201-e4--100-7a0]-9618&alias=tbird02.cern.ch&noUDP&sock=schedd_2138722_faad_3>
...
040 (322898.014.000) 05/10 15:37:51 Started transferring input files
	Transferring to host: <188.184.186.9:9618?addrs=188.184.186.9-9618+[2001-1458-301-f8--100-11]-9618&noUDP&sock=8388_dace_18568>
...
040 (322898.014.000) 05/10 15:37:51 Finished transferring input files
...
001 (322898.014.000) 05/10 15:37:52 Job executing on host: <188.184.186.9:9618?addrs=188.184.186.9-9618+[2001-1458-301-f8--100-11]-9618&noUDP&sock=2355_e99f_3>
...
006 (322898.014.000) 05/10 15:38:01 Image size of job updated: 65580
	64  -  MemoryUsage of job (MB)
	65496  -  ResidentSetSize of job (KB)
...
006 (322898.014.000) 05/10 15:43:01 Image size of job updated: 407028
	398  -  MemoryUsage of job (MB)
	406612  -  ResidentSetSize of job (KB)
...
006 (322898.014.000) 05/10 15:48:01 Image size of job updated: 492724
	481  -  MemoryUsage of job (MB)
	492308  -  ResidentSetSize of job (KB)
...
006 (322898.014.000) 05/10 15:49:29 Image size of job updated: 684124
	481  -  MemoryUsage of job (MB)
	492308  -  ResidentSetSize of job (KB)
...
040 (322898.014.000) 05/10 15:49:29 Started transferring output files
...
040 (322898.014.000) 05/10 15:49:29 Finished transferring output files
...
005 (322898.014.000) 05/10 15:49:29 Job terminated.
	(1) Normal termination (return value 1)
		Usr 0 00:09:53, Sys 0 00:00:54  -  Run Remote Usage
		Usr 0 00:00:00, Sys 0 00:00:00  -  Run Local Usage
		Usr 0 00:09:53, Sys 0 00:00:54  -  Total Remote Usage
		Usr 0 00:00:00, Sys 0 00:00:00  -  Total Local Usage
	9476  -  Run Bytes Sent By Job
	10941  -  Run Bytes Received By Job
	9476  -  Total Bytes Sent By Job
	10941  -  Total Bytes Received By Job
	Partitionable Resources :    Usage  Request Allocated 
	   Cpus                 :        0        1         1 
	   Disk (KB)            :       80        1    215245 
	   Memory (MB)          :      481     2000      2000 
...
