   SingleMuon_Run2016D_part2   DATA  59 chunks


I have 1 taks to process
I'm using the following list of modules DEFAULT_MODULES
this is jobs [('SingleMuon_Run2016D_part2', 'MY_EOS_SPACE/heppyNtuples/TREES_SingleMuon2016BCDEF_94X/SingleMuon_Run2016D_part2/treeProducerWMass/tree.root', 24459165.0, '_Friend_SingleMuon_Run2016D_part2.chunk7', True, xrange(1750000, 2000000), 7)]
Modules to run:  []   name =  puWeight
Loading puWeight from CMGTools.WMass.postprocessing.examples.puWeightProducer 
Running on dataset =  SingleMuon_Run2016D_part2
TFile: name=/afs/cern.ch/work/m/mciprian/w_mass_analysis/heppy/rel_slc7/CMSSW_9_4_12/src/CMGTools/WMass/python/postprocessing/data/pileup/pileup_profile_Summer16.root, title=, option=READ
TFile: name=/afs/cern.ch/work/m/mciprian/w_mass_analysis/heppy/rel_slc7/CMSSW_9_4_12/src/CMGTools/WMass/python/postprocessing/data/pileup/PileupData_GoldenJSON_Full2016.root, title=, option=READ
Load C++ Worker
Modules to run:  []   name =  puWeight2016BF
Loading puWeight2016BF from CMGTools.WMass.postprocessing.examples.puWeightProducer 
Running on dataset =  SingleMuon_Run2016D_part2
TFile: name=/afs/cern.ch/work/m/mciprian/w_mass_analysis/heppy/rel_slc7/CMSSW_9_4_12/src/CMGTools/WMass/python/postprocessing/data/pileup/pileup_profile_Summer16.root, title=, option=READ
TFile: name=/afs/cern.ch/work/m/mciprian/w_mass_analysis/heppy/rel_slc7/CMSSW_9_4_12/src/CMGTools/WMass/python/postprocessing/data/pileup/PileupData_GoldenJSON_2016BF.root, title=, option=READ
Modules to run:  []   name =  lepQCDAwayJetAll
Loading lepQCDAwayJetAll from CMGTools.WMass.postprocessing.examples.lepVarProducer 
Running on dataset =  SingleMuon_Run2016D_part2
Modules to run:  []   name =  muCalibratedWithStatVar
Loading muCalibratedWithStatVar from CMGTools.WMass.postprocessing.examples.lepVarProducer 
Running on dataset =  SingleMuon_Run2016D_part2
did not find EnergyScaleCorrection shared object, rebuilding
trying to load all the rochester correction libraries
did not find legacy data roccor. rebuilding...
done building legacy data roccor.
Modules to run:  []   name =  jetAllReCleaner
Loading jetAllReCleaner from CMGTools.WMass.postprocessing.examples.jetReCleaner 
Running on dataset =  SingleMuon_Run2016D_part2
Load C++ Worker
Modules to run:  []   name =  jetReCleaner
Loading jetReCleaner from CMGTools.WMass.postprocessing.examples.jetReCleaner 
Running on dataset =  SingleMuon_Run2016D_part2
Load C++ Worker
Modules to run:  []   name =  genQEDJets
Loading genQEDJets from CMGTools.WMass.postprocessing.examples.genFriendProducer 
Running on dataset =  SingleMuon_Run2016D_part2
Will write selected trees to MY_EOS_SPACE/heppyNtuples/TREES_SingleMuon2016BCDEF_94X/friends/
Normalization of pu_mc: 0.999973
Normalization of pileup: 3.65129e+10
Weights for variable pu_mc with a number of bins equal to 76:
1 1 1 1 1 1 1 1 1 1 1.616 1.923 1.917 1.762 1.611 1.554 1.506 1.414 1.317 1.241 1.169 1.109 1.071 1.04 1.019 1.001 0.9873 0.9825 0.9828 0.9811 0.9811 0.9792 0.9531 0.9274 0.8773 0.8171 0.7432 0.6594 0.5661 0.4725 0.3811 0.2987 0.2215 0.1581 0 0 0 0 0 0 0 0 0 0 0 1 1 1 1 1 1 1 1 1 1 1 1 1 1 1 1 1 1 1 1 1 .
Final weights: 
1 1 1 1 1 1 1 1 1 1 1.616 1.923 1.917 1.762 1.611 1.554 1.506 1.414 1.317 1.241 1.169 1.109 1.071 1.04 1.019 1.001 0.9873 0.9825 0.9828 0.9811 0.9811 0.9792 0.9531 0.9274 0.8773 0.8171 0.7432 0.6594 0.5661 0.4725 0.3811 0.2987 0.2215 0.1581 0 0 0 0 0 0 0 0 0 0 0 1 1 1 1 1 1 1 1 1 1 1 1 1 1 1 1 1 1 1 1 1 .
Normalization of pu_mc: 1
Normalization of pileup: 2.014e+10
Weights for variable pu_mc with a number of bins equal to 76:
1 1 1 1 1 1 1 1 1 1 2.784 3.074 2.661 2.24 1.976 1.881 1.801 1.669 1.544 1.453 1.364 1.27 1.186 1.113 1.061 1.016 0.9702 0.9245 0.8754 0.8192 0.7629 0.7065 0.6366 0.5722 0.4984 0.4252 0.3515 0.2804 0.2137 0.1564 0.1092 0 0 0 0 0 0 0 0 0 0 0 0 0 0 1 1 1 1 1 1 1 1 1 1 1 1 1 1 1 1 1 1 1 1 1 .
For maximum weight 3.074: integral relative change: 0
Final weights: 
1 1 1 1 1 1 1 1 1 1 2.784 3.074 2.661 2.24 1.976 1.881 1.801 1.669 1.544 1.453 1.364 1.27 1.186 1.113 1.061 1.016 0.9702 0.9245 0.8754 0.8192 0.7629 0.7065 0.6366 0.5722 0.4984 0.4252 0.3515 0.2804 0.2137 0.1564 0.1092 0 0 0 0 0 0 0 0 0 0 0 0 0 0 1 1 1 1 1 1 1 1 1 1 1 1 1 1 1 1 1 1 1 1 1 .
begin job of lepCalProducer
initializing all the rochester correction objects
initializing the egamma calibrator
Processed  1750000/14721863 entries (elapsed time     0.3s, curr speed   35.714 kHz, avg speed 6250.000 kHz), accepted        1/       1 events (100.00%)
Processed  1760000/14721863 entries (elapsed time    21.9s, curr speed    0.463 kHz, avg speed   80.365 kHz), accepted    10001/   10001 events (100.00%)
Processed  1770000/14721863 entries (elapsed time    43.3s, curr speed    0.467 kHz, avg speed   40.849 kHz), accepted    20001/   20001 events (100.00%)
Processed  1780000/14721863 entries (elapsed time    65.6s, curr speed    0.449 kHz, avg speed   27.126 kHz), accepted    30001/   30001 events (100.00%)
Processed  1790000/14721863 entries (elapsed time    87.5s, curr speed    0.457 kHz, avg speed   20.452 kHz), accepted    40001/   40001 events (100.00%)
Processed  1800000/14721863 entries (elapsed time   109.9s, curr speed    0.447 kHz, avg speed   16.382 kHz), accepted    50001/   50001 events (100.00%)
Processed  1810000/14721863 entries (elapsed time   132.8s, curr speed    0.437 kHz, avg speed   13.635 kHz), accepted    60001/   60001 events (100.00%)
Processed  1820000/14721863 entries (elapsed time   153.4s, curr speed    0.485 kHz, avg speed   11.868 kHz), accepted    70001/   70001 events (100.00%)
Processed  1830000/14721863 entries (elapsed time   173.4s, curr speed    0.499 kHz, avg speed   10.554 kHz), accepted    80001/   80001 events (100.00%)
Processed  1840000/14721863 entries (elapsed time   193.7s, curr speed    0.492 kHz, avg speed    9.498 kHz), accepted    90001/   90001 events (100.00%)
Processed  1850000/14721863 entries (elapsed time   212.1s, curr speed    0.544 kHz, avg speed    8.722 kHz), accepted   100001/  100001 events (100.00%)
Processed  1860000/14721863 entries (elapsed time   231.4s, curr speed    0.518 kHz, avg speed    8.037 kHz), accepted   110001/  110001 events (100.00%)
Processed  1870000/14721863 entries (elapsed time   251.0s, curr speed    0.510 kHz, avg speed    7.449 kHz), accepted   120001/  120001 events (100.00%)
Processed  1880000/14721863 entries (elapsed time   295.8s, curr speed    0.224 kHz, avg speed    6.356 kHz), accepted   130001/  130001 events (100.00%)
Processed  1890000/14721863 entries (elapsed time   315.8s, curr speed    0.501 kHz, avg speed    5.986 kHz), accepted   140001/  140001 events (100.00%)
Processed  1900000/14721863 entries (elapsed time   333.9s, curr speed    0.551 kHz, avg speed    5.690 kHz), accepted   150001/  150001 events (100.00%)
Processed  1910000/14721863 entries (elapsed time   354.2s, curr speed    0.493 kHz, avg speed    5.392 kHz), accepted   160001/  160001 events (100.00%)
Processed  1920000/14721863 entries (elapsed time   372.0s, curr speed    0.562 kHz, avg speed    5.161 kHz), accepted   170001/  170001 events (100.00%)
Processed  1930000/14721863 entries (elapsed time   391.2s, curr speed    0.519 kHz, avg speed    4.933 kHz), accepted   180001/  180001 events (100.00%)
Processed  1940000/14721863 entries (elapsed time   410.6s, curr speed    0.518 kHz, avg speed    4.725 kHz), accepted   190001/  190001 events (100.00%)
Processed  1950000/14721863 entries (elapsed time   453.2s, curr speed    0.234 kHz, avg speed    4.303 kHz), accepted   200001/  200001 events (100.00%)
Processed  1960000/14721863 entries (elapsed time   472.0s, curr speed    0.531 kHz, avg speed    4.152 kHz), accepted   210001/  210001 events (100.00%)
Processed  1970000/14721863 entries (elapsed time   490.9s, curr speed    0.530 kHz, avg speed    4.013 kHz), accepted   220001/  220001 events (100.00%)
Processed  1980000/14721863 entries (elapsed time   510.6s, curr speed    0.508 kHz, avg speed    3.878 kHz), accepted   230001/  230001 events (100.00%)
Processed  1990000/14721863 entries (elapsed time   528.7s, curr speed    0.553 kHz, avg speed    3.764 kHz), accepted   240001/  240001 events (100.00%)
Processed 250000 entries from MY_EOS_SPACE/heppyNtuples/TREES_SingleMuon2016BCDEF_94X/SingleMuon_Run2016D_part2/treeProducerWMass/tree.root, selected 250000 entries
Done MY_EOS_SPACE/heppyNtuples/TREES_SingleMuon2016BCDEF_94X/friends/tree_Friend_SingleMuon_Run2016D_part2.chunk7.root
