   SingleMuon_Run2016F_part2   DATA  64 chunks


I have 1 taks to process
I'm using the following list of modules DEFAULT_MODULES
this is jobs [('SingleMuon_Run2016F_part2', 'MY_EOS_SPACE/heppyNtuples/TREES_SingleMuon2016BCDEF_94X/SingleMuon_Run2016F_part2/treeProducerWMass/tree.root', 24596890.0, '_Friend_SingleMuon_Run2016F_part2.chunk60', True, xrange(15000000, 15250000), 60)]
Modules to run:  []   name =  puWeight
Loading puWeight from CMGTools.WMass.postprocessing.examples.puWeightProducer 
Running on dataset =  SingleMuon_Run2016F_part2
TFile: name=/afs/cern.ch/work/m/mciprian/w_mass_analysis/heppy/rel_slc7/CMSSW_9_4_12/src/CMGTools/WMass/python/postprocessing/data/pileup/pileup_profile_Summer16.root, title=, option=READ
TFile: name=/afs/cern.ch/work/m/mciprian/w_mass_analysis/heppy/rel_slc7/CMSSW_9_4_12/src/CMGTools/WMass/python/postprocessing/data/pileup/PileupData_GoldenJSON_Full2016.root, title=, option=READ
Load C++ Worker
Modules to run:  []   name =  puWeight2016BF
Loading puWeight2016BF from CMGTools.WMass.postprocessing.examples.puWeightProducer 
Running on dataset =  SingleMuon_Run2016F_part2
TFile: name=/afs/cern.ch/work/m/mciprian/w_mass_analysis/heppy/rel_slc7/CMSSW_9_4_12/src/CMGTools/WMass/python/postprocessing/data/pileup/pileup_profile_Summer16.root, title=, option=READ
TFile: name=/afs/cern.ch/work/m/mciprian/w_mass_analysis/heppy/rel_slc7/CMSSW_9_4_12/src/CMGTools/WMass/python/postprocessing/data/pileup/PileupData_GoldenJSON_2016BF.root, title=, option=READ
Modules to run:  []   name =  lepQCDAwayJetAll
Loading lepQCDAwayJetAll from CMGTools.WMass.postprocessing.examples.lepVarProducer 
Running on dataset =  SingleMuon_Run2016F_part2
Modules to run:  []   name =  muCalibratedWithStatVar
Loading muCalibratedWithStatVar from CMGTools.WMass.postprocessing.examples.lepVarProducer 
Running on dataset =  SingleMuon_Run2016F_part2
did not find EnergyScaleCorrection shared object, rebuilding
trying to load all the rochester correction libraries
did not find legacy data roccor. rebuilding...
done building legacy data roccor.
Modules to run:  []   name =  jetAllReCleaner
Loading jetAllReCleaner from CMGTools.WMass.postprocessing.examples.jetReCleaner 
Running on dataset =  SingleMuon_Run2016F_part2
Load C++ Worker
Modules to run:  []   name =  jetReCleaner
Loading jetReCleaner from CMGTools.WMass.postprocessing.examples.jetReCleaner 
Running on dataset =  SingleMuon_Run2016F_part2
Load C++ Worker
Modules to run:  []   name =  genQEDJets
Loading genQEDJets from CMGTools.WMass.postprocessing.examples.genFriendProducer 
Running on dataset =  SingleMuon_Run2016F_part2
Will write selected trees to MY_EOS_SPACE/heppyNtuples/TREES_SingleMuon2016BCDEF_94X/friends/
Normalization of pu_mc: 0.999973
Normalization of pileup: 3.65129e+10
Weights for variable pu_mc with a number of bins equal to 76:
1 1 1 1 1 1 1 1 1 1 1.616 1.923 1.917 1.762 1.611 1.554 1.506 1.414 1.317 1.241 1.169 1.109 1.071 1.04 1.019 1.001 0.9873 0.9825 0.9828 0.9811 0.9811 0.9792 0.9531 0.9274 0.8773 0.8171 0.7432 0.6594 0.5661 0.4725 0.3811 0.2987 0.2215 0.1581 0 0 0 0 0 0 0 0 0 0 0 1 1 1 1 1 1 1 1 1 1 1 1 1 1 1 1 1 1 1 1 1 .
Final weights: 
1 1 1 1 1 1 1 1 1 1 1.616 1.923 1.917 1.762 1.611 1.554 1.506 1.414 1.317 1.241 1.169 1.109 1.071 1.04 1.019 1.001 0.9873 0.9825 0.9828 0.9811 0.9811 0.9792 0.9531 0.9274 0.8773 0.8171 0.7432 0.6594 0.5661 0.4725 0.3811 0.2987 0.2215 0.1581 0 0 0 0 0 0 0 0 0 0 0 1 1 1 1 1 1 1 1 1 1 1 1 1 1 1 1 1 1 1 1 1 .
Normalization of pu_mc: 1
Normalization of pileup: 2.014e+10
Weights for variable pu_mc with a number of bins equal to 76:
1 1 1 1 1 1 1 1 1 1 2.784 3.074 2.661 2.24 1.976 1.881 1.801 1.669 1.544 1.453 1.364 1.27 1.186 1.113 1.061 1.016 0.9702 0.9245 0.8754 0.8192 0.7629 0.7065 0.6366 0.5722 0.4984 0.4252 0.3515 0.2804 0.2137 0.1564 0.1092 0 0 0 0 0 0 0 0 0 0 0 0 0 0 1 1 1 1 1 1 1 1 1 1 1 1 1 1 1 1 1 1 1 1 1 .
For maximum weight 3.074: integral relative change: 0
Final weights: 
1 1 1 1 1 1 1 1 1 1 2.784 3.074 2.661 2.24 1.976 1.881 1.801 1.669 1.544 1.453 1.364 1.27 1.186 1.113 1.061 1.016 0.9702 0.9245 0.8754 0.8192 0.7629 0.7065 0.6366 0.5722 0.4984 0.4252 0.3515 0.2804 0.2137 0.1564 0.1092 0 0 0 0 0 0 0 0 0 0 0 0 0 0 1 1 1 1 1 1 1 1 1 1 1 1 1 1 1 1 1 1 1 1 1 .
begin job of lepCalProducer
initializing all the rochester correction objects
initializing the egamma calibrator
Processed 15000000/15896711 entries (elapsed time     0.2s, curr speed   50.000 kHz, avg speed 75000.000 kHz), accepted        1/       1 events (100.00%)
Processed 15010000/15896711 entries (elapsed time    13.3s, curr speed    0.763 kHz, avg speed 1127.724 kHz), accepted    10001/   10001 events (100.00%)
Processed 15020000/15896711 entries (elapsed time    26.9s, curr speed    0.738 kHz, avg speed  559.196 kHz), accepted    20001/   20001 events (100.00%)
Processed 15030000/15896711 entries (elapsed time    40.8s, curr speed    0.718 kHz, avg speed  368.563 kHz), accepted    30001/   30001 events (100.00%)
Processed 15040000/15896711 entries (elapsed time    54.5s, curr speed    0.728 kHz, avg speed  275.913 kHz), accepted    40001/   40001 events (100.00%)
Processed 15050000/15896711 entries (elapsed time    68.0s, curr speed    0.742 kHz, avg speed  221.356 kHz), accepted    50001/   50001 events (100.00%)
Processed 15060000/15896711 entries (elapsed time    81.5s, curr speed    0.741 kHz, avg speed  184.808 kHz), accepted    60001/   60001 events (100.00%)
Processed 15070000/15896711 entries (elapsed time    94.2s, curr speed    0.789 kHz, avg speed  160.047 kHz), accepted    70001/   70001 events (100.00%)
Processed 15080000/15896711 entries (elapsed time   105.5s, curr speed    0.885 kHz, avg speed  142.993 kHz), accepted    80001/   80001 events (100.00%)
Processed 15090000/15896711 entries (elapsed time   116.8s, curr speed    0.883 kHz, avg speed  129.206 kHz), accepted    90001/   90001 events (100.00%)
Processed 15100000/15896711 entries (elapsed time   128.1s, curr speed    0.882 kHz, avg speed  117.849 kHz), accepted   100001/  100001 events (100.00%)
Processed 15110000/15896711 entries (elapsed time   139.3s, curr speed    0.896 kHz, avg speed  108.479 kHz), accepted   110001/  110001 events (100.00%)
Processed 15120000/15896711 entries (elapsed time   150.6s, curr speed    0.886 kHz, avg speed  100.412 kHz), accepted   120001/  120001 events (100.00%)
Processed 15130000/15896711 entries (elapsed time   178.4s, curr speed    0.359 kHz, avg speed   84.805 kHz), accepted   130001/  130001 events (100.00%)
Processed 15140000/15896711 entries (elapsed time   189.8s, curr speed    0.878 kHz, avg speed   79.768 kHz), accepted   140001/  140001 events (100.00%)
Processed 15150000/15896711 entries (elapsed time   201.1s, curr speed    0.882 kHz, avg speed   75.321 kHz), accepted   150001/  150001 events (100.00%)
Processed 15160000/15896711 entries (elapsed time   212.7s, curr speed    0.864 kHz, avg speed   71.271 kHz), accepted   160001/  160001 events (100.00%)
Processed 15170000/15896711 entries (elapsed time   224.2s, curr speed    0.873 kHz, avg speed   67.675 kHz), accepted   170001/  170001 events (100.00%)
Processed 15180000/15896711 entries (elapsed time   235.6s, curr speed    0.874 kHz, avg speed   64.431 kHz), accepted   180001/  180001 events (100.00%)
Processed 15190000/15896711 entries (elapsed time   247.2s, curr speed    0.860 kHz, avg speed   61.441 kHz), accepted   190001/  190001 events (100.00%)
Processed 15200000/15896711 entries (elapsed time   274.4s, curr speed    0.369 kHz, avg speed   55.402 kHz), accepted   200001/  200001 events (100.00%)
Processed 15210000/15896711 entries (elapsed time   285.7s, curr speed    0.881 kHz, avg speed   53.236 kHz), accepted   210001/  210001 events (100.00%)
Processed 15220000/15896711 entries (elapsed time   297.4s, curr speed    0.855 kHz, avg speed   51.175 kHz), accepted   220001/  220001 events (100.00%)
Processed 15230000/15896711 entries (elapsed time   308.9s, curr speed    0.874 kHz, avg speed   49.312 kHz), accepted   230001/  230001 events (100.00%)
Processed 15240000/15896711 entries (elapsed time   320.1s, curr speed    0.887 kHz, avg speed   47.606 kHz), accepted   240001/  240001 events (100.00%)
Processed 250000 entries from MY_EOS_SPACE/heppyNtuples/TREES_SingleMuon2016BCDEF_94X/SingleMuon_Run2016F_part2/treeProducerWMass/tree.root, selected 250000 entries
Done MY_EOS_SPACE/heppyNtuples/TREES_SingleMuon2016BCDEF_94X/friends/tree_Friend_SingleMuon_Run2016F_part2.chunk60.root
