   SingleMuon_Run2016D_part1   DATA  62 chunks


I have 1 taks to process
I'm using the following list of modules DEFAULT_MODULES
this is jobs [('SingleMuon_Run2016D_part1', 'MY_EOS_SPACE/heppyNtuples/TREES_SingleMuon2016BCDEF_94X/SingleMuon_Run2016D_part1/treeProducerWMass/tree.root', 25303304.0, '_Friend_SingleMuon_Run2016D_part1.chunk56', True, xrange(14000000, 14250000), 56)]
Modules to run:  []   name =  puWeight
Loading puWeight from CMGTools.WMass.postprocessing.examples.puWeightProducer 
Running on dataset =  SingleMuon_Run2016D_part1
TFile: name=/afs/cern.ch/work/m/mciprian/w_mass_analysis/heppy/rel_slc7/CMSSW_9_4_12/src/CMGTools/WMass/python/postprocessing/data/pileup/pileup_profile_Summer16.root, title=, option=READ
TFile: name=/afs/cern.ch/work/m/mciprian/w_mass_analysis/heppy/rel_slc7/CMSSW_9_4_12/src/CMGTools/WMass/python/postprocessing/data/pileup/PileupData_GoldenJSON_Full2016.root, title=, option=READ
Load C++ Worker
Modules to run:  []   name =  puWeight2016BF
Loading puWeight2016BF from CMGTools.WMass.postprocessing.examples.puWeightProducer 
Running on dataset =  SingleMuon_Run2016D_part1
TFile: name=/afs/cern.ch/work/m/mciprian/w_mass_analysis/heppy/rel_slc7/CMSSW_9_4_12/src/CMGTools/WMass/python/postprocessing/data/pileup/pileup_profile_Summer16.root, title=, option=READ
TFile: name=/afs/cern.ch/work/m/mciprian/w_mass_analysis/heppy/rel_slc7/CMSSW_9_4_12/src/CMGTools/WMass/python/postprocessing/data/pileup/PileupData_GoldenJSON_2016BF.root, title=, option=READ
Modules to run:  []   name =  lepQCDAwayJetAll
Loading lepQCDAwayJetAll from CMGTools.WMass.postprocessing.examples.lepVarProducer 
Running on dataset =  SingleMuon_Run2016D_part1
Modules to run:  []   name =  muCalibratedWithStatVar
Loading muCalibratedWithStatVar from CMGTools.WMass.postprocessing.examples.lepVarProducer 
Running on dataset =  SingleMuon_Run2016D_part1
did not find EnergyScaleCorrection shared object, rebuilding
trying to load all the rochester correction libraries
did not find legacy data roccor. rebuilding...
done building legacy data roccor.
Modules to run:  []   name =  jetAllReCleaner
Loading jetAllReCleaner from CMGTools.WMass.postprocessing.examples.jetReCleaner 
Running on dataset =  SingleMuon_Run2016D_part1
Load C++ Worker
Modules to run:  []   name =  jetReCleaner
Loading jetReCleaner from CMGTools.WMass.postprocessing.examples.jetReCleaner 
Running on dataset =  SingleMuon_Run2016D_part1
Load C++ Worker
Modules to run:  []   name =  genQEDJets
Loading genQEDJets from CMGTools.WMass.postprocessing.examples.genFriendProducer 
Running on dataset =  SingleMuon_Run2016D_part1
Will write selected trees to MY_EOS_SPACE/heppyNtuples/TREES_SingleMuon2016BCDEF_94X/friends/
Normalization of pu_mc: 0.999973
Normalization of pileup: 3.65129e+10
Weights for variable pu_mc with a number of bins equal to 76:
1 1 1 1 1 1 1 1 1 1 1.616 1.923 1.917 1.762 1.611 1.554 1.506 1.414 1.317 1.241 1.169 1.109 1.071 1.04 1.019 1.001 0.9873 0.9825 0.9828 0.9811 0.9811 0.9792 0.9531 0.9274 0.8773 0.8171 0.7432 0.6594 0.5661 0.4725 0.3811 0.2987 0.2215 0.1581 0 0 0 0 0 0 0 0 0 0 0 1 1 1 1 1 1 1 1 1 1 1 1 1 1 1 1 1 1 1 1 1 .
Final weights: 
1 1 1 1 1 1 1 1 1 1 1.616 1.923 1.917 1.762 1.611 1.554 1.506 1.414 1.317 1.241 1.169 1.109 1.071 1.04 1.019 1.001 0.9873 0.9825 0.9828 0.9811 0.9811 0.9792 0.9531 0.9274 0.8773 0.8171 0.7432 0.6594 0.5661 0.4725 0.3811 0.2987 0.2215 0.1581 0 0 0 0 0 0 0 0 0 0 0 1 1 1 1 1 1 1 1 1 1 1 1 1 1 1 1 1 1 1 1 1 .
Normalization of pu_mc: 1
Normalization of pileup: 2.014e+10
Weights for variable pu_mc with a number of bins equal to 76:
1 1 1 1 1 1 1 1 1 1 2.784 3.074 2.661 2.24 1.976 1.881 1.801 1.669 1.544 1.453 1.364 1.27 1.186 1.113 1.061 1.016 0.9702 0.9245 0.8754 0.8192 0.7629 0.7065 0.6366 0.5722 0.4984 0.4252 0.3515 0.2804 0.2137 0.1564 0.1092 0 0 0 0 0 0 0 0 0 0 0 0 0 0 1 1 1 1 1 1 1 1 1 1 1 1 1 1 1 1 1 1 1 1 1 .
For maximum weight 3.074: integral relative change: 0
Final weights: 
1 1 1 1 1 1 1 1 1 1 2.784 3.074 2.661 2.24 1.976 1.881 1.801 1.669 1.544 1.453 1.364 1.27 1.186 1.113 1.061 1.016 0.9702 0.9245 0.8754 0.8192 0.7629 0.7065 0.6366 0.5722 0.4984 0.4252 0.3515 0.2804 0.2137 0.1564 0.1092 0 0 0 0 0 0 0 0 0 0 0 0 0 0 1 1 1 1 1 1 1 1 1 1 1 1 1 1 1 1 1 1 1 1 1 .
begin job of lepCalProducer
initializing all the rochester correction objects
initializing the egamma calibrator
Processed 14000000/15463332 entries (elapsed time     0.2s, curr speed   45.455 kHz, avg speed 63636.364 kHz), accepted        1/       1 events (100.00%)
Processed 14010000/15463332 entries (elapsed time    13.7s, curr speed    0.741 kHz, avg speed 1021.882 kHz), accepted    10001/   10001 events (100.00%)
Processed 14020000/15463332 entries (elapsed time    27.7s, curr speed    0.714 kHz, avg speed  505.772 kHz), accepted    20001/   20001 events (100.00%)
Processed 14030000/15463332 entries (elapsed time    41.8s, curr speed    0.709 kHz, avg speed  335.405 kHz), accepted    30001/   30001 events (100.00%)
Processed 14040000/15463332 entries (elapsed time    56.0s, curr speed    0.708 kHz, avg speed  250.938 kHz), accepted    40001/   40001 events (100.00%)
Processed 14050000/15463332 entries (elapsed time    70.0s, curr speed    0.713 kHz, avg speed  200.772 kHz), accepted    50001/   50001 events (100.00%)
Processed 14060000/15463332 entries (elapsed time    83.9s, curr speed    0.717 kHz, avg speed  167.521 kHz), accepted    60001/   60001 events (100.00%)
Processed 14070000/15463332 entries (elapsed time    97.0s, curr speed    0.767 kHz, avg speed  145.096 kHz), accepted    70001/   70001 events (100.00%)
Processed 14080000/15463332 entries (elapsed time   108.7s, curr speed    0.854 kHz, avg speed  129.555 kHz), accepted    80001/   80001 events (100.00%)
Processed 14090000/15463332 entries (elapsed time   120.3s, curr speed    0.858 kHz, avg speed  117.085 kHz), accepted    90001/   90001 events (100.00%)
Processed 14100000/15463332 entries (elapsed time   131.9s, curr speed    0.866 kHz, avg speed  106.907 kHz), accepted   100001/  100001 events (100.00%)
Processed 14110000/15463332 entries (elapsed time   143.4s, curr speed    0.865 kHz, avg speed   98.362 kHz), accepted   110001/  110001 events (100.00%)
Processed 14120000/15463332 entries (elapsed time   155.1s, curr speed    0.861 kHz, avg speed   91.062 kHz), accepted   120001/  120001 events (100.00%)
Processed 14130000/15463332 entries (elapsed time   182.6s, curr speed    0.363 kHz, avg speed   77.386 kHz), accepted   130001/  130001 events (100.00%)
Processed 14140000/15463332 entries (elapsed time   194.5s, curr speed    0.841 kHz, avg speed   72.707 kHz), accepted   140001/  140001 events (100.00%)
Processed 14150000/15463332 entries (elapsed time   206.2s, curr speed    0.853 kHz, avg speed   68.619 kHz), accepted   150001/  150001 events (100.00%)
Processed 14160000/15463332 entries (elapsed time   218.4s, curr speed    0.822 kHz, avg speed   64.844 kHz), accepted   160001/  160001 events (100.00%)
Processed 14170000/15463332 entries (elapsed time   230.2s, curr speed    0.842 kHz, avg speed   61.542 kHz), accepted   170001/  170001 events (100.00%)
Processed 14180000/15463332 entries (elapsed time   242.1s, curr speed    0.844 kHz, avg speed   58.571 kHz), accepted   180001/  180001 events (100.00%)
Processed 14190000/15463332 entries (elapsed time   254.0s, curr speed    0.842 kHz, avg speed   55.873 kHz), accepted   190001/  190001 events (100.00%)
Processed 14200000/15463332 entries (elapsed time   282.0s, curr speed    0.356 kHz, avg speed   50.349 kHz), accepted   200001/  200001 events (100.00%)
Processed 14210000/15463332 entries (elapsed time   293.8s, curr speed    0.853 kHz, avg speed   48.374 kHz), accepted   210001/  210001 events (100.00%)
Processed 14220000/15463332 entries (elapsed time   305.5s, curr speed    0.851 kHz, avg speed   46.547 kHz), accepted   220001/  220001 events (100.00%)
Processed 14230000/15463332 entries (elapsed time   317.7s, curr speed    0.819 kHz, avg speed   44.789 kHz), accepted   230001/  230001 events (100.00%)
Processed 14240000/15463332 entries (elapsed time   330.2s, curr speed    0.799 kHz, avg speed   43.121 kHz), accepted   240001/  240001 events (100.00%)
Processed 250000 entries from MY_EOS_SPACE/heppyNtuples/TREES_SingleMuon2016BCDEF_94X/SingleMuon_Run2016D_part1/treeProducerWMass/tree.root, selected 250000 entries
Done MY_EOS_SPACE/heppyNtuples/TREES_SingleMuon2016BCDEF_94X/friends/tree_Friend_SingleMuon_Run2016D_part1.chunk56.root
