000 (322883.028.000) 05/10 15:24:44 Job submitted from host: <188.184.95.166:9618?addrs=188.184.95.166-9618+[2001-1458-201-e4--100-7a0]-9618&alias=tbird02.cern.ch&noUDP&sock=schedd_2138722_faad_3>
...
040 (322883.028.000) 05/10 15:26:30 Started transferring input files
	Transferring to host: <188.184.133.230:9618?addrs=188.184.133.230-9618+[2001-1458-301-a0--100-39e]-9618&noUDP&sock=14733_7b30_102217>
...
040 (322883.028.000) 05/10 15:26:30 Finished transferring input files
...
001 (322883.028.000) 05/10 15:26:31 Job executing on host: <188.184.133.230:9618?addrs=188.184.133.230-9618+[2001-1458-301-a0--100-39e]-9618&noUDP&sock=14404_863f_3>
...
006 (322883.028.000) 05/10 15:26:39 Image size of job updated: 225564
	144  -  MemoryUsage of job (MB)
	146868  -  ResidentSetSize of job (KB)
...
006 (322883.028.000) 05/10 15:31:39 Image size of job updated: 576476
	479  -  MemoryUsage of job (MB)
	490400  -  ResidentSetSize of job (KB)
...
040 (322883.028.000) 05/10 15:31:43 Started transferring output files
...
040 (322883.028.000) 05/10 15:31:43 Finished transferring output files
...
005 (322883.028.000) 05/10 15:31:43 Job terminated.
	(1) Normal termination (return value 1)
		Usr 0 00:04:34, Sys 0 00:00:32  -  Run Remote Usage
		Usr 0 00:00:00, Sys 0 00:00:00  -  Run Local Usage
		Usr 0 00:04:34, Sys 0 00:00:32  -  Total Remote Usage
		Usr 0 00:00:00, Sys 0 00:00:00  -  Total Local Usage
	9477  -  Run Bytes Sent By Job
	10941  -  Run Bytes Received By Job
	9477  -  Total Bytes Sent By Job
	10941  -  Total Bytes Received By Job
	Partitionable Resources :    Usage  Request Allocated 
	   Cpus                 :                 1           
	   Disk (KB)            :       72        1   2180667 
	   Memory (MB)          :      479     2000      2000 
...
