000 (322891.039.000) 05/10 15:24:51 Job submitted from host: <188.184.95.166:9618?addrs=188.184.95.166-9618+[2001-1458-201-e4--100-7a0]-9618&alias=tbird02.cern.ch&noUDP&sock=schedd_2138722_faad_3>
...
040 (322891.039.000) 05/10 15:32:48 Started transferring input files
	Transferring to host: <128.142.33.150:9618?addrs=128.142.33.150-9618+[2001-1458-301-117--100-39d]-9618&noUDP&sock=13048_3f0c_101508>
...
040 (322891.039.000) 05/10 15:32:48 Finished transferring input files
...
001 (322891.039.000) 05/10 15:32:49 Job executing on host: <128.142.33.150:9618?addrs=128.142.33.150-9618+[2001-1458-301-117--100-39d]-9618&noUDP&sock=12882_8f1a_3>
...
006 (322891.039.000) 05/10 15:32:58 Image size of job updated: 315432
	225  -  MemoryUsage of job (MB)
	230116  -  ResidentSetSize of job (KB)
...
006 (322891.039.000) 05/10 15:37:59 Image size of job updated: 495444
	482  -  MemoryUsage of job (MB)
	493200  -  ResidentSetSize of job (KB)
...
040 (322891.039.000) 05/10 15:39:02 Started transferring output files
...
040 (322891.039.000) 05/10 15:39:02 Finished transferring output files
...
005 (322891.039.000) 05/10 15:39:02 Job terminated.
	(1) Normal termination (return value 1)
		Usr 0 00:05:28, Sys 0 00:00:38  -  Run Remote Usage
		Usr 0 00:00:00, Sys 0 00:00:00  -  Run Local Usage
		Usr 0 00:05:28, Sys 0 00:00:38  -  Total Remote Usage
		Usr 0 00:00:00, Sys 0 00:00:00  -  Total Local Usage
	9478  -  Run Bytes Sent By Job
	10941  -  Run Bytes Received By Job
	9478  -  Total Bytes Sent By Job
	10941  -  Total Bytes Received By Job
	Partitionable Resources :    Usage  Request Allocated 
	   Cpus                 :                 1           
	   Disk (KB)            :       72        1   2142023 
	   Memory (MB)          :      482     2000      2000 
...
