000 (322900.033.000) 05/10 15:25:00 Job submitted from host: <188.184.95.166:9618?addrs=188.184.95.166-9618+[2001-1458-201-e4--100-7a0]-9618&alias=tbird02.cern.ch&noUDP&sock=schedd_2138722_faad_3>
...
040 (322900.033.000) 05/10 15:38:50 Started transferring input files
	Transferring to host: <128.142.33.144:9618?addrs=128.142.33.144-9618+[2001-1458-301-117--100-280]-9618&noUDP&sock=15979_66a3_102406>
...
040 (322900.033.000) 05/10 15:38:50 Finished transferring input files
...
001 (322900.033.000) 05/10 15:38:51 Job executing on host: <128.142.33.144:9618?addrs=128.142.33.144-9618+[2001-1458-301-117--100-280]-9618&noUDP&sock=15761_5043_3>
...
006 (322900.033.000) 05/10 15:39:00 Image size of job updated: 113592
	65  -  MemoryUsage of job (MB)
	66044  -  ResidentSetSize of job (KB)
...
006 (322900.033.000) 05/10 15:44:01 Image size of job updated: 573428
	480  -  MemoryUsage of job (MB)
	490504  -  ResidentSetSize of job (KB)
...
006 (322900.033.000) 05/10 15:44:30 Image size of job updated: 575112
	480  -  MemoryUsage of job (MB)
	490504  -  ResidentSetSize of job (KB)
...
040 (322900.033.000) 05/10 15:44:30 Started transferring output files
...
040 (322900.033.000) 05/10 15:44:30 Finished transferring output files
...
005 (322900.033.000) 05/10 15:44:30 Job terminated.
	(1) Normal termination (return value 1)
		Usr 0 00:04:53, Sys 0 00:00:37  -  Run Remote Usage
		Usr 0 00:00:00, Sys 0 00:00:00  -  Run Local Usage
		Usr 0 00:04:53, Sys 0 00:00:37  -  Total Remote Usage
		Usr 0 00:00:00, Sys 0 00:00:00  -  Total Local Usage
	9477  -  Run Bytes Sent By Job
	10941  -  Run Bytes Received By Job
	9477  -  Total Bytes Sent By Job
	10941  -  Total Bytes Received By Job
	Partitionable Resources :    Usage  Request Allocated 
	   Cpus                 :                 1           
	   Disk (KB)            :       72        1   2140786 
	   Memory (MB)          :      480     2000      2000 
...
