000 (322881.034.000) 05/10 15:24:42 Job submitted from host: <188.184.95.166:9618?addrs=188.184.95.166-9618+[2001-1458-201-e4--100-7a0]-9618&alias=tbird02.cern.ch&noUDP&sock=schedd_2138722_faad_3>
...
040 (322881.034.000) 05/10 15:25:49 Started transferring input files
	Transferring to host: <128.142.240.54:9618?addrs=128.142.240.54-9618+[--1]-9618&noUDP&sock=3141_de59_8886>
...
040 (322881.034.000) 05/10 15:25:49 Finished transferring input files
...
001 (322881.034.000) 05/10 15:25:50 Job executing on host: <128.142.240.54:9618?addrs=128.142.240.54-9618+[--1]-9618&noUDP&sock=2277_693c_3>
...
006 (322881.034.000) 05/10 15:25:58 Image size of job updated: 111916
	52  -  MemoryUsage of job (MB)
	53224  -  ResidentSetSize of job (KB)
...
006 (322881.034.000) 05/10 15:30:58 Image size of job updated: 576100
	479  -  MemoryUsage of job (MB)
	490040  -  ResidentSetSize of job (KB)
...
006 (322881.034.000) 05/10 15:33:00 Image size of job updated: 578224
	479  -  MemoryUsage of job (MB)
	490040  -  ResidentSetSize of job (KB)
...
040 (322881.034.000) 05/10 15:33:00 Started transferring output files
...
040 (322881.034.000) 05/10 15:33:00 Finished transferring output files
...
005 (322881.034.000) 05/10 15:33:00 Job terminated.
	(1) Normal termination (return value 1)
		Usr 0 00:05:57, Sys 0 00:00:40  -  Run Remote Usage
		Usr 0 00:00:00, Sys 0 00:00:00  -  Run Local Usage
		Usr 0 00:05:57, Sys 0 00:00:40  -  Total Remote Usage
		Usr 0 00:00:00, Sys 0 00:00:00  -  Total Local Usage
	14785  -  Run Bytes Sent By Job
	10941  -  Run Bytes Received By Job
	14785  -  Total Bytes Sent By Job
	10941  -  Total Bytes Received By Job
	Partitionable Resources :    Usage  Request Allocated 
	   Cpus                 :                 1           
	   Disk (KB)            :       74        1   2208433 
	   Memory (MB)          :      479     2000      2000 
...
