000 (322894.037.000) 05/10 15:24:54 Job submitted from host: <188.184.95.166:9618?addrs=188.184.95.166-9618+[2001-1458-201-e4--100-7a0]-9618&alias=tbird02.cern.ch&noUDP&sock=schedd_2138722_faad_3>
...
040 (322894.037.000) 05/10 15:35:32 Started transferring input files
	Transferring to host: <188.184.186.21:9618?addrs=188.184.186.21-9618+[2001-1458-301-f8--100-b]-9618&noUDP&sock=4200_07a4_127951>
...
040 (322894.037.000) 05/10 15:35:32 Finished transferring input files
...
001 (322894.037.000) 05/10 15:35:33 Job executing on host: <188.184.186.21:9618?addrs=188.184.186.21-9618+[2001-1458-301-f8--100-b]-9618&noUDP&sock=2352_dad7_3>
...
006 (322894.037.000) 05/10 15:35:42 Image size of job updated: 256168
	176  -  MemoryUsage of job (MB)
	179696  -  ResidentSetSize of job (KB)
...
006 (322894.037.000) 05/10 15:40:43 Image size of job updated: 491880
	481  -  MemoryUsage of job (MB)
	491540  -  ResidentSetSize of job (KB)
...
006 (322894.037.000) 05/10 15:42:17 Image size of job updated: 492404
	481  -  MemoryUsage of job (MB)
	491648  -  ResidentSetSize of job (KB)
...
040 (322894.037.000) 05/10 15:42:17 Started transferring output files
...
040 (322894.037.000) 05/10 15:42:17 Finished transferring output files
...
005 (322894.037.000) 05/10 15:42:17 Job terminated.
	(1) Normal termination (return value 1)
		Usr 0 00:05:53, Sys 0 00:00:38  -  Run Remote Usage
		Usr 0 00:00:00, Sys 0 00:00:00  -  Run Local Usage
		Usr 0 00:05:53, Sys 0 00:00:38  -  Total Remote Usage
		Usr 0 00:00:00, Sys 0 00:00:00  -  Total Local Usage
	9477  -  Run Bytes Sent By Job
	10941  -  Run Bytes Received By Job
	9477  -  Total Bytes Sent By Job
	10941  -  Total Bytes Received By Job
	Partitionable Resources :    Usage  Request Allocated 
	   Cpus                 :                 1           
	   Disk (KB)            :       72        1   2151667 
	   Memory (MB)          :      481     2000      2000 
...
