   SingleMuon_Run2016B_part4   DATA  63 chunks


I have 1 taks to process
I'm using the following list of modules DEFAULT_MODULES
this is jobs [('SingleMuon_Run2016B_part4', 'MY_EOS_SPACE/heppyNtuples/TREES_SingleMuon2016BCDEF_94X/SingleMuon_Run2016B_part4/treeProducerWMass/tree.root', 29915102.0, '_Friend_SingleMuon_Run2016B_part4.chunk58', True, xrange(14500000, 14750000), 58)]
Modules to run:  []   name =  puWeight
Loading puWeight from CMGTools.WMass.postprocessing.examples.puWeightProducer 
Running on dataset =  SingleMuon_Run2016B_part4
TFile: name=/afs/cern.ch/work/m/mciprian/w_mass_analysis/heppy/rel_slc7/CMSSW_9_4_12/src/CMGTools/WMass/python/postprocessing/data/pileup/pileup_profile_Summer16.root, title=, option=READ
TFile: name=/afs/cern.ch/work/m/mciprian/w_mass_analysis/heppy/rel_slc7/CMSSW_9_4_12/src/CMGTools/WMass/python/postprocessing/data/pileup/PileupData_GoldenJSON_Full2016.root, title=, option=READ
Load C++ Worker
Modules to run:  []   name =  puWeight2016BF
Loading puWeight2016BF from CMGTools.WMass.postprocessing.examples.puWeightProducer 
Running on dataset =  SingleMuon_Run2016B_part4
TFile: name=/afs/cern.ch/work/m/mciprian/w_mass_analysis/heppy/rel_slc7/CMSSW_9_4_12/src/CMGTools/WMass/python/postprocessing/data/pileup/pileup_profile_Summer16.root, title=, option=READ
TFile: name=/afs/cern.ch/work/m/mciprian/w_mass_analysis/heppy/rel_slc7/CMSSW_9_4_12/src/CMGTools/WMass/python/postprocessing/data/pileup/PileupData_GoldenJSON_2016BF.root, title=, option=READ
Modules to run:  []   name =  lepQCDAwayJetAll
Loading lepQCDAwayJetAll from CMGTools.WMass.postprocessing.examples.lepVarProducer 
Running on dataset =  SingleMuon_Run2016B_part4
Modules to run:  []   name =  muCalibratedWithStatVar
Loading muCalibratedWithStatVar from CMGTools.WMass.postprocessing.examples.lepVarProducer 
Running on dataset =  SingleMuon_Run2016B_part4
did not find EnergyScaleCorrection shared object, rebuilding
trying to load all the rochester correction libraries
did not find legacy data roccor. rebuilding...
done building legacy data roccor.
Modules to run:  []   name =  jetAllReCleaner
Loading jetAllReCleaner from CMGTools.WMass.postprocessing.examples.jetReCleaner 
Running on dataset =  SingleMuon_Run2016B_part4
Load C++ Worker
Modules to run:  []   name =  jetReCleaner
Loading jetReCleaner from CMGTools.WMass.postprocessing.examples.jetReCleaner 
Running on dataset =  SingleMuon_Run2016B_part4
Load C++ Worker
Modules to run:  []   name =  genQEDJets
Loading genQEDJets from CMGTools.WMass.postprocessing.examples.genFriendProducer 
Running on dataset =  SingleMuon_Run2016B_part4
Will write selected trees to MY_EOS_SPACE/heppyNtuples/TREES_SingleMuon2016BCDEF_94X/friends/
Normalization of pu_mc: 0.999973
Normalization of pileup: 3.65129e+10
Weights for variable pu_mc with a number of bins equal to 76:
1 1 1 1 1 1 1 1 1 1 1.616 1.923 1.917 1.762 1.611 1.554 1.506 1.414 1.317 1.241 1.169 1.109 1.071 1.04 1.019 1.001 0.9873 0.9825 0.9828 0.9811 0.9811 0.9792 0.9531 0.9274 0.8773 0.8171 0.7432 0.6594 0.5661 0.4725 0.3811 0.2987 0.2215 0.1581 0 0 0 0 0 0 0 0 0 0 0 1 1 1 1 1 1 1 1 1 1 1 1 1 1 1 1 1 1 1 1 1 .
Final weights: 
1 1 1 1 1 1 1 1 1 1 1.616 1.923 1.917 1.762 1.611 1.554 1.506 1.414 1.317 1.241 1.169 1.109 1.071 1.04 1.019 1.001 0.9873 0.9825 0.9828 0.9811 0.9811 0.9792 0.9531 0.9274 0.8773 0.8171 0.7432 0.6594 0.5661 0.4725 0.3811 0.2987 0.2215 0.1581 0 0 0 0 0 0 0 0 0 0 0 1 1 1 1 1 1 1 1 1 1 1 1 1 1 1 1 1 1 1 1 1 .
Normalization of pu_mc: 1
Normalization of pileup: 2.014e+10
Weights for variable pu_mc with a number of bins equal to 76:
1 1 1 1 1 1 1 1 1 1 2.784 3.074 2.661 2.24 1.976 1.881 1.801 1.669 1.544 1.453 1.364 1.27 1.186 1.113 1.061 1.016 0.9702 0.9245 0.8754 0.8192 0.7629 0.7065 0.6366 0.5722 0.4984 0.4252 0.3515 0.2804 0.2137 0.1564 0.1092 0 0 0 0 0 0 0 0 0 0 0 0 0 0 1 1 1 1 1 1 1 1 1 1 1 1 1 1 1 1 1 1 1 1 1 .
For maximum weight 3.074: integral relative change: 0
Final weights: 
1 1 1 1 1 1 1 1 1 1 2.784 3.074 2.661 2.24 1.976 1.881 1.801 1.669 1.544 1.453 1.364 1.27 1.186 1.113 1.061 1.016 0.9702 0.9245 0.8754 0.8192 0.7629 0.7065 0.6366 0.5722 0.4984 0.4252 0.3515 0.2804 0.2137 0.1564 0.1092 0 0 0 0 0 0 0 0 0 0 0 0 0 0 1 1 1 1 1 1 1 1 1 1 1 1 1 1 1 1 1 1 1 1 1 .
begin job of lepCalProducer
initializing all the rochester correction objects
initializing the egamma calibrator
Processed 14500000/15519334 entries (elapsed time     0.3s, curr speed   30.303 kHz, avg speed 43939.394 kHz), accepted        1/       1 events (100.00%)
Processed 14510000/15519334 entries (elapsed time    23.3s, curr speed    0.436 kHz, avg speed  623.818 kHz), accepted    10001/   10001 events (100.00%)
Processed 14520000/15519334 entries (elapsed time    48.3s, curr speed    0.399 kHz, avg speed  300.621 kHz), accepted    20001/   20001 events (100.00%)
Processed 14530000/15519334 entries (elapsed time    72.8s, curr speed    0.408 kHz, avg speed  199.615 kHz), accepted    30001/   30001 events (100.00%)
Processed 14540000/15519334 entries (elapsed time    97.3s, curr speed    0.407 kHz, avg speed  149.389 kHz), accepted    40001/   40001 events (100.00%)
Processed 14550000/15519334 entries (elapsed time   121.0s, curr speed    0.422 kHz, avg speed  120.248 kHz), accepted    50001/   50001 events (100.00%)
Processed 14560000/15519334 entries (elapsed time   145.7s, curr speed    0.405 kHz, avg speed   99.952 kHz), accepted    60001/   60001 events (100.00%)
Processed 14570000/15519334 entries (elapsed time   169.3s, curr speed    0.423 kHz, avg speed   86.055 kHz), accepted    70001/   70001 events (100.00%)
Processed 14580000/15519334 entries (elapsed time   191.3s, curr speed    0.455 kHz, avg speed   76.223 kHz), accepted    80001/   80001 events (100.00%)
Processed 14590000/15519334 entries (elapsed time   212.2s, curr speed    0.477 kHz, avg speed   68.743 kHz), accepted    90001/   90001 events (100.00%)
Processed 14600000/15519334 entries (elapsed time   232.8s, curr speed    0.487 kHz, avg speed   62.720 kHz), accepted   100001/  100001 events (100.00%)
Processed 14610000/15519334 entries (elapsed time   253.4s, curr speed    0.485 kHz, avg speed   57.654 kHz), accepted   110001/  110001 events (100.00%)
Processed 14620000/15519334 entries (elapsed time   272.4s, curr speed    0.526 kHz, avg speed   53.667 kHz), accepted   120001/  120001 events (100.00%)
Processed 14630000/15519334 entries (elapsed time   322.9s, curr speed    0.198 kHz, avg speed   45.304 kHz), accepted   130001/  130001 events (100.00%)
Processed 14640000/15519334 entries (elapsed time   343.0s, curr speed    0.499 kHz, avg speed   42.683 kHz), accepted   140001/  140001 events (100.00%)
Processed 14650000/15519334 entries (elapsed time   365.6s, curr speed    0.442 kHz, avg speed   40.072 kHz), accepted   150001/  150001 events (100.00%)
Processed 14660000/15519334 entries (elapsed time   387.9s, curr speed    0.449 kHz, avg speed   37.796 kHz), accepted   160001/  160001 events (100.00%)
Processed 14670000/15519334 entries (elapsed time   409.9s, curr speed    0.453 kHz, avg speed   35.785 kHz), accepted   170001/  170001 events (100.00%)
Processed 14680000/15519334 entries (elapsed time   432.0s, curr speed    0.453 kHz, avg speed   33.979 kHz), accepted   180001/  180001 events (100.00%)
Processed 14690000/15519334 entries (elapsed time   454.2s, curr speed    0.450 kHz, avg speed   32.340 kHz), accepted   190001/  190001 events (100.00%)
Processed 14700000/15519334 entries (elapsed time   502.2s, curr speed    0.209 kHz, avg speed   29.272 kHz), accepted   200001/  200001 events (100.00%)
Processed 14710000/15519334 entries (elapsed time   523.4s, curr speed    0.473 kHz, avg speed   28.107 kHz), accepted   210001/  210001 events (100.00%)
Processed 14720000/15519334 entries (elapsed time   544.5s, curr speed    0.473 kHz, avg speed   27.033 kHz), accepted   220001/  220001 events (100.00%)
Processed 14730000/15519334 entries (elapsed time   565.6s, curr speed    0.473 kHz, avg speed   26.042 kHz), accepted   230001/  230001 events (100.00%)
Processed 14740000/15519334 entries (elapsed time   587.2s, curr speed    0.464 kHz, avg speed   25.102 kHz), accepted   240001/  240001 events (100.00%)
Processed 250000 entries from MY_EOS_SPACE/heppyNtuples/TREES_SingleMuon2016BCDEF_94X/SingleMuon_Run2016B_part4/treeProducerWMass/tree.root, selected 250000 entries
Done MY_EOS_SPACE/heppyNtuples/TREES_SingleMuon2016BCDEF_94X/friends/tree_Friend_SingleMuon_Run2016B_part4.chunk58.root
