   SingleMuon_Run2016D_part3   DATA  63 chunks


I have 1 taks to process
I'm using the following list of modules DEFAULT_MODULES
this is jobs [('SingleMuon_Run2016D_part3', 'MY_EOS_SPACE/heppyNtuples/TREES_SingleMuon2016BCDEF_94X/SingleMuon_Run2016D_part3/treeProducerWMass/tree.root', 26144046.0, '_Friend_SingleMuon_Run2016D_part3.chunk32', True, xrange(8000000, 8250000), 32)]
Modules to run:  []   name =  puWeight
Loading puWeight from CMGTools.WMass.postprocessing.examples.puWeightProducer 
Running on dataset =  SingleMuon_Run2016D_part3
TFile: name=/afs/cern.ch/work/m/mciprian/w_mass_analysis/heppy/rel_slc7/CMSSW_9_4_12/src/CMGTools/WMass/python/postprocessing/data/pileup/pileup_profile_Summer16.root, title=, option=READ
TFile: name=/afs/cern.ch/work/m/mciprian/w_mass_analysis/heppy/rel_slc7/CMSSW_9_4_12/src/CMGTools/WMass/python/postprocessing/data/pileup/PileupData_GoldenJSON_Full2016.root, title=, option=READ
Load C++ Worker
Modules to run:  []   name =  puWeight2016BF
Loading puWeight2016BF from CMGTools.WMass.postprocessing.examples.puWeightProducer 
Running on dataset =  SingleMuon_Run2016D_part3
TFile: name=/afs/cern.ch/work/m/mciprian/w_mass_analysis/heppy/rel_slc7/CMSSW_9_4_12/src/CMGTools/WMass/python/postprocessing/data/pileup/pileup_profile_Summer16.root, title=, option=READ
TFile: name=/afs/cern.ch/work/m/mciprian/w_mass_analysis/heppy/rel_slc7/CMSSW_9_4_12/src/CMGTools/WMass/python/postprocessing/data/pileup/PileupData_GoldenJSON_2016BF.root, title=, option=READ
Modules to run:  []   name =  lepQCDAwayJetAll
Loading lepQCDAwayJetAll from CMGTools.WMass.postprocessing.examples.lepVarProducer 
Running on dataset =  SingleMuon_Run2016D_part3
Modules to run:  []   name =  muCalibratedWithStatVar
Loading muCalibratedWithStatVar from CMGTools.WMass.postprocessing.examples.lepVarProducer 
Running on dataset =  SingleMuon_Run2016D_part3
did not find EnergyScaleCorrection shared object, rebuilding
trying to load all the rochester correction libraries
did not find legacy data roccor. rebuilding...
done building legacy data roccor.
Modules to run:  []   name =  jetAllReCleaner
Loading jetAllReCleaner from CMGTools.WMass.postprocessing.examples.jetReCleaner 
Running on dataset =  SingleMuon_Run2016D_part3
Load C++ Worker
Modules to run:  []   name =  jetReCleaner
Loading jetReCleaner from CMGTools.WMass.postprocessing.examples.jetReCleaner 
Running on dataset =  SingleMuon_Run2016D_part3
Load C++ Worker
Modules to run:  []   name =  genQEDJets
Loading genQEDJets from CMGTools.WMass.postprocessing.examples.genFriendProducer 
Running on dataset =  SingleMuon_Run2016D_part3
Will write selected trees to MY_EOS_SPACE/heppyNtuples/TREES_SingleMuon2016BCDEF_94X/friends/
Normalization of pu_mc: 0.999973
Normalization of pileup: 3.65129e+10
Weights for variable pu_mc with a number of bins equal to 76:
1 1 1 1 1 1 1 1 1 1 1.616 1.923 1.917 1.762 1.611 1.554 1.506 1.414 1.317 1.241 1.169 1.109 1.071 1.04 1.019 1.001 0.9873 0.9825 0.9828 0.9811 0.9811 0.9792 0.9531 0.9274 0.8773 0.8171 0.7432 0.6594 0.5661 0.4725 0.3811 0.2987 0.2215 0.1581 0 0 0 0 0 0 0 0 0 0 0 1 1 1 1 1 1 1 1 1 1 1 1 1 1 1 1 1 1 1 1 1 .
Final weights: 
1 1 1 1 1 1 1 1 1 1 1.616 1.923 1.917 1.762 1.611 1.554 1.506 1.414 1.317 1.241 1.169 1.109 1.071 1.04 1.019 1.001 0.9873 0.9825 0.9828 0.9811 0.9811 0.9792 0.9531 0.9274 0.8773 0.8171 0.7432 0.6594 0.5661 0.4725 0.3811 0.2987 0.2215 0.1581 0 0 0 0 0 0 0 0 0 0 0 1 1 1 1 1 1 1 1 1 1 1 1 1 1 1 1 1 1 1 1 1 .
Normalization of pu_mc: 1
Normalization of pileup: 2.014e+10
Weights for variable pu_mc with a number of bins equal to 76:
1 1 1 1 1 1 1 1 1 1 2.784 3.074 2.661 2.24 1.976 1.881 1.801 1.669 1.544 1.453 1.364 1.27 1.186 1.113 1.061 1.016 0.9702 0.9245 0.8754 0.8192 0.7629 0.7065 0.6366 0.5722 0.4984 0.4252 0.3515 0.2804 0.2137 0.1564 0.1092 0 0 0 0 0 0 0 0 0 0 0 0 0 0 1 1 1 1 1 1 1 1 1 1 1 1 1 1 1 1 1 1 1 1 1 .
For maximum weight 3.074: integral relative change: 0
Final weights: 
1 1 1 1 1 1 1 1 1 1 2.784 3.074 2.661 2.24 1.976 1.881 1.801 1.669 1.544 1.453 1.364 1.27 1.186 1.113 1.061 1.016 0.9702 0.9245 0.8754 0.8192 0.7629 0.7065 0.6366 0.5722 0.4984 0.4252 0.3515 0.2804 0.2137 0.1564 0.1092 0 0 0 0 0 0 0 0 0 0 0 0 0 0 1 1 1 1 1 1 1 1 1 1 1 1 1 1 1 1 1 1 1 1 1 .
begin job of lepCalProducer
initializing all the rochester correction objects
initializing the egamma calibrator
Processed  8000000/15643086 entries (elapsed time     0.3s, curr speed   38.462 kHz, avg speed 30769.231 kHz), accepted        1/       1 events (100.00%)
Processed  8010000/15643086 entries (elapsed time    13.7s, curr speed    0.745 kHz, avg speed  585.099 kHz), accepted    10001/   10001 events (100.00%)
Processed  8020000/15643086 entries (elapsed time    27.7s, curr speed    0.715 kHz, avg speed  289.845 kHz), accepted    20001/   20001 events (100.00%)
Processed  8030000/15643086 entries (elapsed time    41.7s, curr speed    0.712 kHz, avg speed  192.520 kHz), accepted    30001/   30001 events (100.00%)
Processed  8040000/15643086 entries (elapsed time    55.4s, curr speed    0.728 kHz, avg speed  144.995 kHz), accepted    40001/   40001 events (100.00%)
Processed  8050000/15643086 entries (elapsed time    68.9s, curr speed    0.742 kHz, avg speed  116.802 kHz), accepted    50001/   50001 events (100.00%)
Processed  8060000/15643086 entries (elapsed time    82.8s, curr speed    0.720 kHz, avg speed   97.331 kHz), accepted    60001/   60001 events (100.00%)
Processed  8070000/15643086 entries (elapsed time    95.6s, curr speed    0.782 kHz, avg speed   84.414 kHz), accepted    70001/   70001 events (100.00%)
Processed  8080000/15643086 entries (elapsed time   107.1s, curr speed    0.867 kHz, avg speed   75.415 kHz), accepted    80001/   80001 events (100.00%)
Processed  8090000/15643086 entries (elapsed time   118.6s, curr speed    0.873 kHz, avg speed   68.212 kHz), accepted    90001/   90001 events (100.00%)
Processed  8100000/15643086 entries (elapsed time   130.2s, curr speed    0.860 kHz, avg speed   62.198 kHz), accepted   100001/  100001 events (100.00%)
Processed  8110000/15643086 entries (elapsed time   141.6s, curr speed    0.880 kHz, avg speed   57.274 kHz), accepted   110001/  110001 events (100.00%)
Processed  8120000/15643086 entries (elapsed time   153.0s, curr speed    0.876 kHz, avg speed   53.065 kHz), accepted   120001/  120001 events (100.00%)
Processed  8130000/15643086 entries (elapsed time   180.3s, curr speed    0.366 kHz, avg speed   45.084 kHz), accepted   130001/  130001 events (100.00%)
Processed  8140000/15643086 entries (elapsed time   191.6s, curr speed    0.888 kHz, avg speed   42.487 kHz), accepted   140001/  140001 events (100.00%)
Processed  8150000/15643086 entries (elapsed time   203.1s, curr speed    0.871 kHz, avg speed   40.134 kHz), accepted   150001/  150001 events (100.00%)
Processed  8160000/15643086 entries (elapsed time   214.6s, curr speed    0.865 kHz, avg speed   38.019 kHz), accepted   160001/  160001 events (100.00%)
Processed  8170000/15643086 entries (elapsed time   226.4s, curr speed    0.851 kHz, avg speed   36.090 kHz), accepted   170001/  170001 events (100.00%)
Processed  8180000/15643086 entries (elapsed time   238.4s, curr speed    0.835 kHz, avg speed   34.318 kHz), accepted   180001/  180001 events (100.00%)
Processed  8190000/15643086 entries (elapsed time   249.8s, curr speed    0.876 kHz, avg speed   32.789 kHz), accepted   190001/  190001 events (100.00%)
Processed  8200000/15643086 entries (elapsed time   276.3s, curr speed    0.378 kHz, avg speed   29.682 kHz), accepted   200001/  200001 events (100.00%)
Processed  8210000/15643086 entries (elapsed time   287.8s, curr speed    0.867 kHz, avg speed   28.527 kHz), accepted   210001/  210001 events (100.00%)
Processed  8220000/15643086 entries (elapsed time   299.3s, curr speed    0.866 kHz, avg speed   27.459 kHz), accepted   220001/  220001 events (100.00%)
Processed  8230000/15643086 entries (elapsed time   310.7s, curr speed    0.882 kHz, avg speed   26.489 kHz), accepted   230001/  230001 events (100.00%)
Processed  8240000/15643086 entries (elapsed time   322.2s, curr speed    0.871 kHz, avg speed   25.577 kHz), accepted   240001/  240001 events (100.00%)
Processed 250000 entries from MY_EOS_SPACE/heppyNtuples/TREES_SingleMuon2016BCDEF_94X/SingleMuon_Run2016D_part3/treeProducerWMass/tree.root, selected 250000 entries
Done MY_EOS_SPACE/heppyNtuples/TREES_SingleMuon2016BCDEF_94X/friends/tree_Friend_SingleMuon_Run2016D_part3.chunk32.root
