000 (322882.009.000) 05/10 15:24:43 Job submitted from host: <188.184.95.166:9618?addrs=188.184.95.166-9618+[2001-1458-201-e4--100-7a0]-9618&alias=tbird02.cern.ch&noUDP&sock=schedd_2138722_faad_3>
...
040 (322882.009.000) 05/10 15:26:00 Started transferring input files
	Transferring to host: <188.184.132.12:9618?addrs=188.184.132.12-9618+[2001-1458-301-a0--100-e]-9618&noUDP&sock=4087_693f_126567>
...
040 (322882.009.000) 05/10 15:26:00 Finished transferring input files
...
001 (322882.009.000) 05/10 15:26:01 Job executing on host: <188.184.132.12:9618?addrs=188.184.132.12-9618+[2001-1458-301-a0--100-e]-9618&noUDP&sock=2367_24c2_3>
...
006 (322882.009.000) 05/10 15:26:09 Image size of job updated: 169668
	103  -  MemoryUsage of job (MB)
	104632  -  ResidentSetSize of job (KB)
...
006 (322882.009.000) 05/10 15:31:09 Image size of job updated: 493292
	479  -  MemoryUsage of job (MB)
	490376  -  ResidentSetSize of job (KB)
...
040 (322882.009.000) 05/10 15:32:26 Started transferring output files
...
040 (322882.009.000) 05/10 15:32:26 Finished transferring output files
...
005 (322882.009.000) 05/10 15:32:26 Job terminated.
	(1) Normal termination (return value 1)
		Usr 0 00:05:40, Sys 0 00:00:35  -  Run Remote Usage
		Usr 0 00:00:00, Sys 0 00:00:00  -  Run Local Usage
		Usr 0 00:05:40, Sys 0 00:00:35  -  Total Remote Usage
		Usr 0 00:00:00, Sys 0 00:00:00  -  Total Local Usage
	9473  -  Run Bytes Sent By Job
	10941  -  Run Bytes Received By Job
	9473  -  Total Bytes Sent By Job
	10941  -  Total Bytes Received By Job
	Partitionable Resources :    Usage  Request Allocated 
	   Cpus                 :                 1           
	   Disk (KB)            :       72        1   2131772 
	   Memory (MB)          :      479     2000      2000 
...
