000 (322898.024.000) 05/10 15:24:58 Job submitted from host: <188.184.95.166:9618?addrs=188.184.95.166-9618+[2001-1458-201-e4--100-7a0]-9618&alias=tbird02.cern.ch&noUDP&sock=schedd_2138722_faad_3>
...
040 (322898.024.000) 05/10 15:37:57 Started transferring input files
	Transferring to host: <188.184.132.49:9618?addrs=188.184.132.49-9618+[2001-1458-301-a0--100-2b]-9618&noUDP&sock=29897_e419_15916>
...
040 (322898.024.000) 05/10 15:37:57 Finished transferring input files
...
001 (322898.024.000) 05/10 15:37:58 Job executing on host: <188.184.132.49:9618?addrs=188.184.132.49-9618+[2001-1458-301-a0--100-2b]-9618&noUDP&sock=2448_b3ee_10>
...
006 (322898.024.000) 05/10 15:38:07 Image size of job updated: 180924
	176  -  MemoryUsage of job (MB)
	179540  -  ResidentSetSize of job (KB)
...
006 (322898.024.000) 05/10 15:43:08 Image size of job updated: 402556
	394  -  MemoryUsage of job (MB)
	402544  -  ResidentSetSize of job (KB)
...
006 (322898.024.000) 05/10 15:48:08 Image size of job updated: 493228
	482  -  MemoryUsage of job (MB)
	493216  -  ResidentSetSize of job (KB)
...
040 (322898.024.000) 05/10 15:49:14 Started transferring output files
...
040 (322898.024.000) 05/10 15:49:14 Finished transferring output files
...
005 (322898.024.000) 05/10 15:49:14 Job terminated.
	(1) Normal termination (return value 1)
		Usr 0 00:09:35, Sys 0 00:00:54  -  Run Remote Usage
		Usr 0 00:00:00, Sys 0 00:00:00  -  Run Local Usage
		Usr 0 00:09:35, Sys 0 00:00:54  -  Total Remote Usage
		Usr 0 00:00:00, Sys 0 00:00:00  -  Total Local Usage
	9477  -  Run Bytes Sent By Job
	10941  -  Run Bytes Received By Job
	9477  -  Total Bytes Sent By Job
	10941  -  Total Bytes Received By Job
	Partitionable Resources :    Usage  Request Allocated 
	   Cpus                 :     1.00        1         1 
	   Disk (KB)            :    80           1    214859 
	   Memory (MB)          :   482        2000      2000 
...
