   SingleMuon_Run2016D_part4   DATA  54 chunks


I have 1 taks to process
I'm using the following list of modules DEFAULT_MODULES
this is jobs [('SingleMuon_Run2016D_part4', 'MY_EOS_SPACE/heppyNtuples/TREES_SingleMuon2016BCDEF_94X/SingleMuon_Run2016D_part4/treeProducerWMass/tree.root', 22111481.0, '_Friend_SingleMuon_Run2016D_part4.chunk32', True, xrange(8000000, 8250000), 32)]
Modules to run:  []   name =  puWeight
Loading puWeight from CMGTools.WMass.postprocessing.examples.puWeightProducer 
Running on dataset =  SingleMuon_Run2016D_part4
TFile: name=/afs/cern.ch/work/m/mciprian/w_mass_analysis/heppy/rel_slc7/CMSSW_9_4_12/src/CMGTools/WMass/python/postprocessing/data/pileup/pileup_profile_Summer16.root, title=, option=READ
TFile: name=/afs/cern.ch/work/m/mciprian/w_mass_analysis/heppy/rel_slc7/CMSSW_9_4_12/src/CMGTools/WMass/python/postprocessing/data/pileup/PileupData_GoldenJSON_Full2016.root, title=, option=READ
Load C++ Worker
Modules to run:  []   name =  puWeight2016BF
Loading puWeight2016BF from CMGTools.WMass.postprocessing.examples.puWeightProducer 
Running on dataset =  SingleMuon_Run2016D_part4
TFile: name=/afs/cern.ch/work/m/mciprian/w_mass_analysis/heppy/rel_slc7/CMSSW_9_4_12/src/CMGTools/WMass/python/postprocessing/data/pileup/pileup_profile_Summer16.root, title=, option=READ
TFile: name=/afs/cern.ch/work/m/mciprian/w_mass_analysis/heppy/rel_slc7/CMSSW_9_4_12/src/CMGTools/WMass/python/postprocessing/data/pileup/PileupData_GoldenJSON_2016BF.root, title=, option=READ
Modules to run:  []   name =  lepQCDAwayJetAll
Loading lepQCDAwayJetAll from CMGTools.WMass.postprocessing.examples.lepVarProducer 
Running on dataset =  SingleMuon_Run2016D_part4
Modules to run:  []   name =  muCalibratedWithStatVar
Loading muCalibratedWithStatVar from CMGTools.WMass.postprocessing.examples.lepVarProducer 
Running on dataset =  SingleMuon_Run2016D_part4
did not find EnergyScaleCorrection shared object, rebuilding
trying to load all the rochester correction libraries
did not find legacy data roccor. rebuilding...
done building legacy data roccor.
Modules to run:  []   name =  jetAllReCleaner
Loading jetAllReCleaner from CMGTools.WMass.postprocessing.examples.jetReCleaner 
Running on dataset =  SingleMuon_Run2016D_part4
Load C++ Worker
Modules to run:  []   name =  jetReCleaner
Loading jetReCleaner from CMGTools.WMass.postprocessing.examples.jetReCleaner 
Running on dataset =  SingleMuon_Run2016D_part4
Load C++ Worker
Modules to run:  []   name =  genQEDJets
Loading genQEDJets from CMGTools.WMass.postprocessing.examples.genFriendProducer 
Running on dataset =  SingleMuon_Run2016D_part4
Will write selected trees to MY_EOS_SPACE/heppyNtuples/TREES_SingleMuon2016BCDEF_94X/friends/
Normalization of pu_mc: 0.999973
Normalization of pileup: 3.65129e+10
Weights for variable pu_mc with a number of bins equal to 76:
1 1 1 1 1 1 1 1 1 1 1.616 1.923 1.917 1.762 1.611 1.554 1.506 1.414 1.317 1.241 1.169 1.109 1.071 1.04 1.019 1.001 0.9873 0.9825 0.9828 0.9811 0.9811 0.9792 0.9531 0.9274 0.8773 0.8171 0.7432 0.6594 0.5661 0.4725 0.3811 0.2987 0.2215 0.1581 0 0 0 0 0 0 0 0 0 0 0 1 1 1 1 1 1 1 1 1 1 1 1 1 1 1 1 1 1 1 1 1 .
Final weights: 
1 1 1 1 1 1 1 1 1 1 1.616 1.923 1.917 1.762 1.611 1.554 1.506 1.414 1.317 1.241 1.169 1.109 1.071 1.04 1.019 1.001 0.9873 0.9825 0.9828 0.9811 0.9811 0.9792 0.9531 0.9274 0.8773 0.8171 0.7432 0.6594 0.5661 0.4725 0.3811 0.2987 0.2215 0.1581 0 0 0 0 0 0 0 0 0 0 0 1 1 1 1 1 1 1 1 1 1 1 1 1 1 1 1 1 1 1 1 1 .
Normalization of pu_mc: 1
Normalization of pileup: 2.014e+10
Weights for variable pu_mc with a number of bins equal to 76:
1 1 1 1 1 1 1 1 1 1 2.784 3.074 2.661 2.24 1.976 1.881 1.801 1.669 1.544 1.453 1.364 1.27 1.186 1.113 1.061 1.016 0.9702 0.9245 0.8754 0.8192 0.7629 0.7065 0.6366 0.5722 0.4984 0.4252 0.3515 0.2804 0.2137 0.1564 0.1092 0 0 0 0 0 0 0 0 0 0 0 0 0 0 1 1 1 1 1 1 1 1 1 1 1 1 1 1 1 1 1 1 1 1 1 .
For maximum weight 3.074: integral relative change: 0
Final weights: 
1 1 1 1 1 1 1 1 1 1 2.784 3.074 2.661 2.24 1.976 1.881 1.801 1.669 1.544 1.453 1.364 1.27 1.186 1.113 1.061 1.016 0.9702 0.9245 0.8754 0.8192 0.7629 0.7065 0.6366 0.5722 0.4984 0.4252 0.3515 0.2804 0.2137 0.1564 0.1092 0 0 0 0 0 0 0 0 0 0 0 0 0 0 1 1 1 1 1 1 1 1 1 1 1 1 1 1 1 1 1 1 1 1 1 .
begin job of lepCalProducer
initializing all the rochester correction objects
initializing the egamma calibrator
Processed  8000000/13447062 entries (elapsed time     0.2s, curr speed   45.455 kHz, avg speed 36363.636 kHz), accepted        1/       1 events (100.00%)
Processed  8010000/13447062 entries (elapsed time    17.0s, curr speed    0.595 kHz, avg speed  470.346 kHz), accepted    10001/   10001 events (100.00%)
Processed  8020000/13447062 entries (elapsed time    35.1s, curr speed    0.553 kHz, avg speed  228.425 kHz), accepted    20001/   20001 events (100.00%)
Processed  8030000/13447062 entries (elapsed time    54.1s, curr speed    0.526 kHz, avg speed  148.401 kHz), accepted    30001/   30001 events (100.00%)
Processed  8040000/13447062 entries (elapsed time    72.3s, curr speed    0.549 kHz, avg speed  111.188 kHz), accepted    40001/   40001 events (100.00%)
Processed  8050000/13447062 entries (elapsed time    90.5s, curr speed    0.551 kHz, avg speed   88.980 kHz), accepted    50001/   50001 events (100.00%)
Processed  8060000/13447062 entries (elapsed time   109.0s, curr speed    0.539 kHz, avg speed   73.938 kHz), accepted    60001/   60001 events (100.00%)
Processed  8070000/13447062 entries (elapsed time   126.6s, curr speed    0.570 kHz, avg speed   63.764 kHz), accepted    70001/   70001 events (100.00%)
Processed  8080000/13447062 entries (elapsed time   143.0s, curr speed    0.608 kHz, avg speed   56.503 kHz), accepted    80001/   80001 events (100.00%)
Processed  8090000/13447062 entries (elapsed time   160.2s, curr speed    0.582 kHz, avg speed   50.506 kHz), accepted    90001/   90001 events (100.00%)
Processed  8100000/13447062 entries (elapsed time   178.1s, curr speed    0.557 kHz, avg speed   45.475 kHz), accepted   100001/  100001 events (100.00%)
Processed  8110000/13447062 entries (elapsed time   196.2s, curr speed    0.553 kHz, avg speed   41.337 kHz), accepted   110001/  110001 events (100.00%)
Processed  8120000/13447062 entries (elapsed time   214.0s, curr speed    0.561 kHz, avg speed   37.940 kHz), accepted   120001/  120001 events (100.00%)
Processed  8130000/13447062 entries (elapsed time   253.1s, curr speed    0.256 kHz, avg speed   32.125 kHz), accepted   130001/  130001 events (100.00%)
Processed  8140000/13447062 entries (elapsed time   270.6s, curr speed    0.569 kHz, avg speed   30.078 kHz), accepted   140001/  140001 events (100.00%)
Processed  8150000/13447062 entries (elapsed time   288.6s, curr speed    0.557 kHz, avg speed   28.243 kHz), accepted   150001/  150001 events (100.00%)
Processed  8160000/13447062 entries (elapsed time   305.7s, curr speed    0.584 kHz, avg speed   26.694 kHz), accepted   160001/  160001 events (100.00%)
Processed  8170000/13447062 entries (elapsed time   322.9s, curr speed    0.582 kHz, avg speed   25.304 kHz), accepted   170001/  170001 events (100.00%)
Processed  8180000/13447062 entries (elapsed time   339.2s, curr speed    0.612 kHz, avg speed   24.116 kHz), accepted   180001/  180001 events (100.00%)
Processed  8190000/13447062 entries (elapsed time   354.2s, curr speed    0.668 kHz, avg speed   23.124 kHz), accepted   190001/  190001 events (100.00%)
Processed  8200000/13447062 entries (elapsed time   389.3s, curr speed    0.284 kHz, avg speed   21.061 kHz), accepted   200001/  200001 events (100.00%)
Processed  8210000/13447062 entries (elapsed time   405.5s, curr speed    0.618 kHz, avg speed   20.245 kHz), accepted   210001/  210001 events (100.00%)
Processed  8220000/13447062 entries (elapsed time   421.2s, curr speed    0.637 kHz, avg speed   19.514 kHz), accepted   220001/  220001 events (100.00%)
Processed  8230000/13447062 entries (elapsed time   435.3s, curr speed    0.710 kHz, avg speed   18.906 kHz), accepted   230001/  230001 events (100.00%)
Processed  8240000/13447062 entries (elapsed time   446.9s, curr speed    0.860 kHz, avg speed   18.436 kHz), accepted   240001/  240001 events (100.00%)
Processed 250000 entries from MY_EOS_SPACE/heppyNtuples/TREES_SingleMuon2016BCDEF_94X/SingleMuon_Run2016D_part4/treeProducerWMass/tree.root, selected 250000 entries
Done MY_EOS_SPACE/heppyNtuples/TREES_SingleMuon2016BCDEF_94X/friends/tree_Friend_SingleMuon_Run2016D_part4.chunk32.root
