000 (322881.037.000) 05/10 15:24:42 Job submitted from host: <188.184.95.166:9618?addrs=188.184.95.166-9618+[2001-1458-201-e4--100-7a0]-9618&alias=tbird02.cern.ch&noUDP&sock=schedd_2138722_faad_3>
...
040 (322881.037.000) 05/10 15:25:49 Started transferring input files
	Transferring to host: <188.184.186.30:9618?addrs=188.184.186.30-9618+[2001-1458-301-f8--100-2b]-9618&noUDP&sock=4187_dec3_126414>
...
040 (322881.037.000) 05/10 15:25:49 Finished transferring input files
...
001 (322881.037.000) 05/10 15:25:50 Job executing on host: <188.184.186.30:9618?addrs=188.184.186.30-9618+[2001-1458-301-f8--100-2b]-9618&noUDP&sock=2326_0560_3>
...
006 (322881.037.000) 05/10 15:25:58 Image size of job updated: 183508
	106  -  MemoryUsage of job (MB)
	107600  -  ResidentSetSize of job (KB)
...
006 (322881.037.000) 05/10 15:30:58 Image size of job updated: 492012
	478  -  MemoryUsage of job (MB)
	489028  -  ResidentSetSize of job (KB)
...
040 (322881.037.000) 05/10 15:32:07 Started transferring output files
...
040 (322881.037.000) 05/10 15:32:07 Finished transferring output files
...
005 (322881.037.000) 05/10 15:32:07 Job terminated.
	(1) Normal termination (return value 1)
		Usr 0 00:05:32, Sys 0 00:00:36  -  Run Remote Usage
		Usr 0 00:00:00, Sys 0 00:00:00  -  Run Local Usage
		Usr 0 00:05:32, Sys 0 00:00:36  -  Total Remote Usage
		Usr 0 00:00:00, Sys 0 00:00:00  -  Total Local Usage
	9477  -  Run Bytes Sent By Job
	10941  -  Run Bytes Received By Job
	9477  -  Total Bytes Sent By Job
	10941  -  Total Bytes Received By Job
	Partitionable Resources :    Usage  Request Allocated 
	   Cpus                 :                 1           
	   Disk (KB)            :       72        1   2186523 
	   Memory (MB)          :      478     2000      2000 
...
