000 (322891.042.000) 05/10 15:24:51 Job submitted from host: <188.184.95.166:9618?addrs=188.184.95.166-9618+[2001-1458-201-e4--100-7a0]-9618&alias=tbird02.cern.ch&noUDP&sock=schedd_2138722_faad_3>
...
040 (322891.042.000) 05/10 15:32:53 Started transferring input files
	Transferring to host: <188.184.132.40:9618?addrs=188.184.132.40-9618+[2001-1458-301-a0--100-10]-9618&noUDP&sock=4073_8bff_126968>
...
040 (322891.042.000) 05/10 15:32:53 Finished transferring input files
...
001 (322891.042.000) 05/10 15:32:54 Job executing on host: <188.184.132.40:9618?addrs=188.184.132.40-9618+[2001-1458-301-a0--100-10]-9618&noUDP&sock=2328_6491_3>
...
006 (322891.042.000) 05/10 15:33:03 Image size of job updated: 317940
	228  -  MemoryUsage of job (MB)
	232620  -  ResidentSetSize of job (KB)
...
006 (322891.042.000) 05/10 15:38:04 Image size of job updated: 497072
	484  -  MemoryUsage of job (MB)
	494740  -  ResidentSetSize of job (KB)
...
040 (322891.042.000) 05/10 15:38:08 Started transferring output files
...
040 (322891.042.000) 05/10 15:38:08 Finished transferring output files
...
005 (322891.042.000) 05/10 15:38:08 Job terminated.
	(1) Normal termination (return value 1)
		Usr 0 00:04:36, Sys 0 00:00:32  -  Run Remote Usage
		Usr 0 00:00:00, Sys 0 00:00:00  -  Run Local Usage
		Usr 0 00:04:36, Sys 0 00:00:32  -  Total Remote Usage
		Usr 0 00:00:00, Sys 0 00:00:00  -  Total Local Usage
	9479  -  Run Bytes Sent By Job
	10941  -  Run Bytes Received By Job
	9479  -  Total Bytes Sent By Job
	10941  -  Total Bytes Received By Job
	Partitionable Resources :    Usage  Request Allocated 
	   Cpus                 :                 1           
	   Disk (KB)            :       72        1   2151861 
	   Memory (MB)          :      484     2000      2000 
...
