   SingleMuon_Run2016D_part2   DATA  59 chunks


I have 1 taks to process
I'm using the following list of modules DEFAULT_MODULES
this is jobs [('SingleMuon_Run2016D_part2', 'MY_EOS_SPACE/heppyNtuples/TREES_SingleMuon2016BCDEF_94X/SingleMuon_Run2016D_part2/treeProducerWMass/tree.root', 24459165.0, '_Friend_SingleMuon_Run2016D_part2.chunk42', True, xrange(10500000, 10750000), 42)]
Modules to run:  []   name =  puWeight
Loading puWeight from CMGTools.WMass.postprocessing.examples.puWeightProducer 
Running on dataset =  SingleMuon_Run2016D_part2
TFile: name=/afs/cern.ch/work/m/mciprian/w_mass_analysis/heppy/rel_slc7/CMSSW_9_4_12/src/CMGTools/WMass/python/postprocessing/data/pileup/pileup_profile_Summer16.root, title=, option=READ
TFile: name=/afs/cern.ch/work/m/mciprian/w_mass_analysis/heppy/rel_slc7/CMSSW_9_4_12/src/CMGTools/WMass/python/postprocessing/data/pileup/PileupData_GoldenJSON_Full2016.root, title=, option=READ
Load C++ Worker
Modules to run:  []   name =  puWeight2016BF
Loading puWeight2016BF from CMGTools.WMass.postprocessing.examples.puWeightProducer 
Running on dataset =  SingleMuon_Run2016D_part2
TFile: name=/afs/cern.ch/work/m/mciprian/w_mass_analysis/heppy/rel_slc7/CMSSW_9_4_12/src/CMGTools/WMass/python/postprocessing/data/pileup/pileup_profile_Summer16.root, title=, option=READ
TFile: name=/afs/cern.ch/work/m/mciprian/w_mass_analysis/heppy/rel_slc7/CMSSW_9_4_12/src/CMGTools/WMass/python/postprocessing/data/pileup/PileupData_GoldenJSON_2016BF.root, title=, option=READ
Modules to run:  []   name =  lepQCDAwayJetAll
Loading lepQCDAwayJetAll from CMGTools.WMass.postprocessing.examples.lepVarProducer 
Running on dataset =  SingleMuon_Run2016D_part2
Modules to run:  []   name =  muCalibratedWithStatVar
Loading muCalibratedWithStatVar from CMGTools.WMass.postprocessing.examples.lepVarProducer 
Running on dataset =  SingleMuon_Run2016D_part2
did not find EnergyScaleCorrection shared object, rebuilding
trying to load all the rochester correction libraries
did not find legacy data roccor. rebuilding...
done building legacy data roccor.
Modules to run:  []   name =  jetAllReCleaner
Loading jetAllReCleaner from CMGTools.WMass.postprocessing.examples.jetReCleaner 
Running on dataset =  SingleMuon_Run2016D_part2
Load C++ Worker
Modules to run:  []   name =  jetReCleaner
Loading jetReCleaner from CMGTools.WMass.postprocessing.examples.jetReCleaner 
Running on dataset =  SingleMuon_Run2016D_part2
Load C++ Worker
Modules to run:  []   name =  genQEDJets
Loading genQEDJets from CMGTools.WMass.postprocessing.examples.genFriendProducer 
Running on dataset =  SingleMuon_Run2016D_part2
Will write selected trees to MY_EOS_SPACE/heppyNtuples/TREES_SingleMuon2016BCDEF_94X/friends/
Normalization of pu_mc: 0.999973
Normalization of pileup: 3.65129e+10
Weights for variable pu_mc with a number of bins equal to 76:
1 1 1 1 1 1 1 1 1 1 1.616 1.923 1.917 1.762 1.611 1.554 1.506 1.414 1.317 1.241 1.169 1.109 1.071 1.04 1.019 1.001 0.9873 0.9825 0.9828 0.9811 0.9811 0.9792 0.9531 0.9274 0.8773 0.8171 0.7432 0.6594 0.5661 0.4725 0.3811 0.2987 0.2215 0.1581 0 0 0 0 0 0 0 0 0 0 0 1 1 1 1 1 1 1 1 1 1 1 1 1 1 1 1 1 1 1 1 1 .
Final weights: 
1 1 1 1 1 1 1 1 1 1 1.616 1.923 1.917 1.762 1.611 1.554 1.506 1.414 1.317 1.241 1.169 1.109 1.071 1.04 1.019 1.001 0.9873 0.9825 0.9828 0.9811 0.9811 0.9792 0.9531 0.9274 0.8773 0.8171 0.7432 0.6594 0.5661 0.4725 0.3811 0.2987 0.2215 0.1581 0 0 0 0 0 0 0 0 0 0 0 1 1 1 1 1 1 1 1 1 1 1 1 1 1 1 1 1 1 1 1 1 .
Normalization of pu_mc: 1
Normalization of pileup: 2.014e+10
Weights for variable pu_mc with a number of bins equal to 76:
1 1 1 1 1 1 1 1 1 1 2.784 3.074 2.661 2.24 1.976 1.881 1.801 1.669 1.544 1.453 1.364 1.27 1.186 1.113 1.061 1.016 0.9702 0.9245 0.8754 0.8192 0.7629 0.7065 0.6366 0.5722 0.4984 0.4252 0.3515 0.2804 0.2137 0.1564 0.1092 0 0 0 0 0 0 0 0 0 0 0 0 0 0 1 1 1 1 1 1 1 1 1 1 1 1 1 1 1 1 1 1 1 1 1 .
For maximum weight 3.074: integral relative change: 0
Final weights: 
1 1 1 1 1 1 1 1 1 1 2.784 3.074 2.661 2.24 1.976 1.881 1.801 1.669 1.544 1.453 1.364 1.27 1.186 1.113 1.061 1.016 0.9702 0.9245 0.8754 0.8192 0.7629 0.7065 0.6366 0.5722 0.4984 0.4252 0.3515 0.2804 0.2137 0.1564 0.1092 0 0 0 0 0 0 0 0 0 0 0 0 0 0 1 1 1 1 1 1 1 1 1 1 1 1 1 1 1 1 1 1 1 1 1 .
begin job of lepCalProducer
initializing all the rochester correction objects
initializing the egamma calibrator
Processed 10500000/14721863 entries (elapsed time     0.2s, curr speed   50.000 kHz, avg speed 52500.000 kHz), accepted        1/       1 events (100.00%)
Processed 10510000/14721863 entries (elapsed time    11.6s, curr speed    0.878 kHz, avg speed  906.816 kHz), accepted    10001/   10001 events (100.00%)
Processed 10520000/14721863 entries (elapsed time    23.6s, curr speed    0.833 kHz, avg speed  445.952 kHz), accepted    20001/   20001 events (100.00%)
Processed 10530000/14721863 entries (elapsed time    35.9s, curr speed    0.815 kHz, avg speed  293.642 kHz), accepted    30001/   30001 events (100.00%)
Processed 10540000/14721863 entries (elapsed time    47.9s, curr speed    0.830 kHz, avg speed  219.996 kHz), accepted    40001/   40001 events (100.00%)
Processed 10550000/14721863 entries (elapsed time    59.7s, curr speed    0.845 kHz, avg speed  176.599 kHz), accepted    50001/   50001 events (100.00%)
Processed 10560000/14721863 entries (elapsed time    72.0s, curr speed    0.813 kHz, avg speed  146.585 kHz), accepted    60001/   60001 events (100.00%)
Processed 10570000/14721863 entries (elapsed time    83.2s, curr speed    0.896 kHz, avg speed  127.043 kHz), accepted    70001/   70001 events (100.00%)
Processed 10580000/14721863 entries (elapsed time    93.4s, curr speed    0.984 kHz, avg speed  113.325 kHz), accepted    80001/   80001 events (100.00%)
Processed 10590000/14721863 entries (elapsed time   103.2s, curr speed    1.019 kHz, avg speed  102.646 kHz), accepted    90001/   90001 events (100.00%)
Processed 10600000/14721863 entries (elapsed time   113.1s, curr speed    1.007 kHz, avg speed   93.722 kHz), accepted   100001/  100001 events (100.00%)
Processed 10610000/14721863 entries (elapsed time   122.9s, curr speed    1.024 kHz, avg speed   86.351 kHz), accepted   110001/  110001 events (100.00%)
Processed 10620000/14721863 entries (elapsed time   132.9s, curr speed    0.993 kHz, avg speed   79.886 kHz), accepted   120001/  120001 events (100.00%)
Processed 10630000/14721863 entries (elapsed time   157.0s, curr speed    0.415 kHz, avg speed   67.690 kHz), accepted   130001/  130001 events (100.00%)
Processed 10640000/14721863 entries (elapsed time   166.9s, curr speed    1.012 kHz, avg speed   63.743 kHz), accepted   140001/  140001 events (100.00%)
Processed 10650000/14721863 entries (elapsed time   177.0s, curr speed    0.990 kHz, avg speed   60.163 kHz), accepted   150001/  150001 events (100.00%)
Processed 10660000/14721863 entries (elapsed time   187.1s, curr speed    0.993 kHz, avg speed   56.978 kHz), accepted   160001/  160001 events (100.00%)
Processed 10670000/14721863 entries (elapsed time   197.2s, curr speed    0.989 kHz, avg speed   54.108 kHz), accepted   170001/  170001 events (100.00%)
Processed 10680000/14721863 entries (elapsed time   207.8s, curr speed    0.946 kHz, avg speed   51.403 kHz), accepted   180001/  180001 events (100.00%)
Processed 10690000/14721863 entries (elapsed time   218.0s, curr speed    0.982 kHz, avg speed   49.048 kHz), accepted   190001/  190001 events (100.00%)
Processed 10700000/14721863 entries (elapsed time   242.2s, curr speed    0.412 kHz, avg speed   44.175 kHz), accepted   200001/  200001 events (100.00%)
Processed 10710000/14721863 entries (elapsed time   252.3s, curr speed    0.993 kHz, avg speed   42.451 kHz), accepted   210001/  210001 events (100.00%)
Processed 10720000/14721863 entries (elapsed time   262.7s, curr speed    0.964 kHz, avg speed   40.813 kHz), accepted   220001/  220001 events (100.00%)
Processed 10730000/14721863 entries (elapsed time   273.4s, curr speed    0.929 kHz, avg speed   39.244 kHz), accepted   230001/  230001 events (100.00%)
Processed 10740000/14721863 entries (elapsed time   283.9s, curr speed    0.950 kHz, avg speed   37.824 kHz), accepted   240001/  240001 events (100.00%)
Processed 250000 entries from MY_EOS_SPACE/heppyNtuples/TREES_SingleMuon2016BCDEF_94X/SingleMuon_Run2016D_part2/treeProducerWMass/tree.root, selected 250000 entries
Done MY_EOS_SPACE/heppyNtuples/TREES_SingleMuon2016BCDEF_94X/friends/tree_Friend_SingleMuon_Run2016D_part2.chunk42.root
