   SingleMuon_Run2016F_part1   DATA  58 chunks


I have 1 taks to process
I'm using the following list of modules DEFAULT_MODULES
this is jobs [('SingleMuon_Run2016F_part1', 'MY_EOS_SPACE/heppyNtuples/TREES_SingleMuon2016BCDEF_94X/SingleMuon_Run2016F_part1/treeProducerWMass/tree.root', 21972419.0, '_Friend_SingleMuon_Run2016F_part1.chunk21', True, xrange(5250000, 5500000), 21)]
Modules to run:  []   name =  puWeight
Loading puWeight from CMGTools.WMass.postprocessing.examples.puWeightProducer 
Running on dataset =  SingleMuon_Run2016F_part1
TFile: name=/afs/cern.ch/work/m/mciprian/w_mass_analysis/heppy/rel_slc7/CMSSW_9_4_12/src/CMGTools/WMass/python/postprocessing/data/pileup/pileup_profile_Summer16.root, title=, option=READ
TFile: name=/afs/cern.ch/work/m/mciprian/w_mass_analysis/heppy/rel_slc7/CMSSW_9_4_12/src/CMGTools/WMass/python/postprocessing/data/pileup/PileupData_GoldenJSON_Full2016.root, title=, option=READ
Load C++ Worker
Modules to run:  []   name =  puWeight2016BF
Loading puWeight2016BF from CMGTools.WMass.postprocessing.examples.puWeightProducer 
Running on dataset =  SingleMuon_Run2016F_part1
TFile: name=/afs/cern.ch/work/m/mciprian/w_mass_analysis/heppy/rel_slc7/CMSSW_9_4_12/src/CMGTools/WMass/python/postprocessing/data/pileup/pileup_profile_Summer16.root, title=, option=READ
TFile: name=/afs/cern.ch/work/m/mciprian/w_mass_analysis/heppy/rel_slc7/CMSSW_9_4_12/src/CMGTools/WMass/python/postprocessing/data/pileup/PileupData_GoldenJSON_2016BF.root, title=, option=READ
Modules to run:  []   name =  lepQCDAwayJetAll
Loading lepQCDAwayJetAll from CMGTools.WMass.postprocessing.examples.lepVarProducer 
Running on dataset =  SingleMuon_Run2016F_part1
Modules to run:  []   name =  muCalibratedWithStatVar
Loading muCalibratedWithStatVar from CMGTools.WMass.postprocessing.examples.lepVarProducer 
Running on dataset =  SingleMuon_Run2016F_part1
did not find EnergyScaleCorrection shared object, rebuilding
trying to load all the rochester correction libraries
did not find legacy data roccor. rebuilding...
done building legacy data roccor.
Modules to run:  []   name =  jetAllReCleaner
Loading jetAllReCleaner from CMGTools.WMass.postprocessing.examples.jetReCleaner 
Running on dataset =  SingleMuon_Run2016F_part1
Load C++ Worker
Modules to run:  []   name =  jetReCleaner
Loading jetReCleaner from CMGTools.WMass.postprocessing.examples.jetReCleaner 
Running on dataset =  SingleMuon_Run2016F_part1
Load C++ Worker
Modules to run:  []   name =  genQEDJets
Loading genQEDJets from CMGTools.WMass.postprocessing.examples.genFriendProducer 
Running on dataset =  SingleMuon_Run2016F_part1
Will write selected trees to MY_EOS_SPACE/heppyNtuples/TREES_SingleMuon2016BCDEF_94X/friends/
Normalization of pu_mc: 0.999973
Normalization of pileup: 3.65129e+10
Weights for variable pu_mc with a number of bins equal to 76:
1 1 1 1 1 1 1 1 1 1 1.616 1.923 1.917 1.762 1.611 1.554 1.506 1.414 1.317 1.241 1.169 1.109 1.071 1.04 1.019 1.001 0.9873 0.9825 0.9828 0.9811 0.9811 0.9792 0.9531 0.9274 0.8773 0.8171 0.7432 0.6594 0.5661 0.4725 0.3811 0.2987 0.2215 0.1581 0 0 0 0 0 0 0 0 0 0 0 1 1 1 1 1 1 1 1 1 1 1 1 1 1 1 1 1 1 1 1 1 .
Final weights: 
1 1 1 1 1 1 1 1 1 1 1.616 1.923 1.917 1.762 1.611 1.554 1.506 1.414 1.317 1.241 1.169 1.109 1.071 1.04 1.019 1.001 0.9873 0.9825 0.9828 0.9811 0.9811 0.9792 0.9531 0.9274 0.8773 0.8171 0.7432 0.6594 0.5661 0.4725 0.3811 0.2987 0.2215 0.1581 0 0 0 0 0 0 0 0 0 0 0 1 1 1 1 1 1 1 1 1 1 1 1 1 1 1 1 1 1 1 1 1 .
Normalization of pu_mc: 1
Normalization of pileup: 2.014e+10
Weights for variable pu_mc with a number of bins equal to 76:
1 1 1 1 1 1 1 1 1 1 2.784 3.074 2.661 2.24 1.976 1.881 1.801 1.669 1.544 1.453 1.364 1.27 1.186 1.113 1.061 1.016 0.9702 0.9245 0.8754 0.8192 0.7629 0.7065 0.6366 0.5722 0.4984 0.4252 0.3515 0.2804 0.2137 0.1564 0.1092 0 0 0 0 0 0 0 0 0 0 0 0 0 0 1 1 1 1 1 1 1 1 1 1 1 1 1 1 1 1 1 1 1 1 1 .
For maximum weight 3.074: integral relative change: 0
Final weights: 
1 1 1 1 1 1 1 1 1 1 2.784 3.074 2.661 2.24 1.976 1.881 1.801 1.669 1.544 1.453 1.364 1.27 1.186 1.113 1.061 1.016 0.9702 0.9245 0.8754 0.8192 0.7629 0.7065 0.6366 0.5722 0.4984 0.4252 0.3515 0.2804 0.2137 0.1564 0.1092 0 0 0 0 0 0 0 0 0 0 0 0 0 0 1 1 1 1 1 1 1 1 1 1 1 1 1 1 1 1 1 1 1 1 1 .
begin job of lepCalProducer
initializing all the rochester correction objects
initializing the egamma calibrator
Processed  5250000/14269436 entries (elapsed time     0.3s, curr speed   33.333 kHz, avg speed 17500.000 kHz), accepted        1/       1 events (100.00%)
Processed  5260000/14269436 entries (elapsed time    14.0s, curr speed    0.728 kHz, avg speed  374.644 kHz), accepted    10001/   10001 events (100.00%)
Processed  5270000/14269436 entries (elapsed time    27.4s, curr speed    0.750 kHz, avg speed  192.476 kHz), accepted    20001/   20001 events (100.00%)
Processed  5280000/14269436 entries (elapsed time    40.7s, curr speed    0.751 kHz, avg speed  129.730 kHz), accepted    30001/   30001 events (100.00%)
Processed  5290000/14269436 entries (elapsed time    54.0s, curr speed    0.750 kHz, avg speed   97.890 kHz), accepted    40001/   40001 events (100.00%)
Processed  5300000/14269436 entries (elapsed time    67.4s, curr speed    0.750 kHz, avg speed   78.658 kHz), accepted    50001/   50001 events (100.00%)
Processed  5310000/14269436 entries (elapsed time    81.0s, curr speed    0.734 kHz, avg speed   65.547 kHz), accepted    60001/   60001 events (100.00%)
Processed  5320000/14269436 entries (elapsed time    93.6s, curr speed    0.792 kHz, avg speed   56.819 kHz), accepted    70001/   70001 events (100.00%)
Processed  5330000/14269436 entries (elapsed time   104.8s, curr speed    0.891 kHz, avg speed   50.835 kHz), accepted    80001/   80001 events (100.00%)
Processed  5340000/14269436 entries (elapsed time   116.4s, curr speed    0.869 kHz, avg speed   45.892 kHz), accepted    90001/   90001 events (100.00%)
Processed  5350000/14269436 entries (elapsed time   127.7s, curr speed    0.885 kHz, avg speed   41.908 kHz), accepted   100001/  100001 events (100.00%)
Processed  5360000/14269436 entries (elapsed time   139.0s, curr speed    0.881 kHz, avg speed   38.558 kHz), accepted   110001/  110001 events (100.00%)
Processed  5370000/14269436 entries (elapsed time   150.4s, curr speed    0.881 kHz, avg speed   35.714 kHz), accepted   120001/  120001 events (100.00%)
Processed  5380000/14269436 entries (elapsed time   177.2s, curr speed    0.372 kHz, avg speed   30.359 kHz), accepted   130001/  130001 events (100.00%)
Processed  5390000/14269436 entries (elapsed time   188.7s, curr speed    0.873 kHz, avg speed   28.568 kHz), accepted   140001/  140001 events (100.00%)
Processed  5400000/14269436 entries (elapsed time   200.0s, curr speed    0.883 kHz, avg speed   27.000 kHz), accepted   150001/  150001 events (100.00%)
Processed  5410000/14269436 entries (elapsed time   211.4s, curr speed    0.880 kHz, avg speed   25.596 kHz), accepted   160001/  160001 events (100.00%)
Processed  5420000/14269436 entries (elapsed time   222.7s, curr speed    0.881 kHz, avg speed   24.337 kHz), accepted   170001/  170001 events (100.00%)
Processed  5430000/14269436 entries (elapsed time   234.2s, curr speed    0.867 kHz, avg speed   23.180 kHz), accepted   180001/  180001 events (100.00%)
Processed  5440000/14269436 entries (elapsed time   245.9s, curr speed    0.858 kHz, avg speed   22.122 kHz), accepted   190001/  190001 events (100.00%)
Processed  5450000/14269436 entries (elapsed time   272.7s, curr speed    0.373 kHz, avg speed   19.985 kHz), accepted   200001/  200001 events (100.00%)
Processed  5460000/14269436 entries (elapsed time   284.2s, curr speed    0.868 kHz, avg speed   19.210 kHz), accepted   210001/  210001 events (100.00%)
Processed  5470000/14269436 entries (elapsed time   295.9s, curr speed    0.856 kHz, avg speed   18.485 kHz), accepted   220001/  220001 events (100.00%)
Processed  5480000/14269436 entries (elapsed time   307.5s, curr speed    0.861 kHz, avg speed   17.819 kHz), accepted   230001/  230001 events (100.00%)
Processed  5490000/14269436 entries (elapsed time   319.1s, curr speed    0.861 kHz, avg speed   17.202 kHz), accepted   240001/  240001 events (100.00%)
Processed 250000 entries from MY_EOS_SPACE/heppyNtuples/TREES_SingleMuon2016BCDEF_94X/SingleMuon_Run2016F_part1/treeProducerWMass/tree.root, selected 250000 entries
Done MY_EOS_SPACE/heppyNtuples/TREES_SingleMuon2016BCDEF_94X/friends/tree_Friend_SingleMuon_Run2016F_part1.chunk21.root
