000 (322896.003.000) 05/10 15:24:56 Job submitted from host: <188.184.95.166:9618?addrs=188.184.95.166-9618+[2001-1458-201-e4--100-7a0]-9618&alias=tbird02.cern.ch&noUDP&sock=schedd_2138722_faad_3>
...
040 (322896.003.000) 05/10 15:36:49 Started transferring input files
	Transferring to host: <188.184.132.30:9618?addrs=188.184.132.30-9618+[2001-1458-301-a0--100-16]-9618&noUDP&sock=3484_8b07_125887>
...
040 (322896.003.000) 05/10 15:36:49 Finished transferring input files
...
001 (322896.003.000) 05/10 15:36:50 Job executing on host: <188.184.132.30:9618?addrs=188.184.132.30-9618+[2001-1458-301-a0--100-16]-9618&noUDP&sock=2340_9fb4_3>
...
006 (322896.003.000) 05/10 15:36:59 Image size of job updated: 116156
	58  -  MemoryUsage of job (MB)
	59316  -  ResidentSetSize of job (KB)
...
006 (322896.003.000) 05/10 15:42:00 Image size of job updated: 491476
	479  -  MemoryUsage of job (MB)
	490356  -  ResidentSetSize of job (KB)
...
040 (322896.003.000) 05/10 15:43:30 Started transferring output files
...
040 (322896.003.000) 05/10 15:43:30 Finished transferring output files
...
005 (322896.003.000) 05/10 15:43:30 Job terminated.
	(1) Normal termination (return value 1)
		Usr 0 00:05:05, Sys 0 00:00:36  -  Run Remote Usage
		Usr 0 00:00:00, Sys 0 00:00:00  -  Run Local Usage
		Usr 0 00:05:05, Sys 0 00:00:36  -  Total Remote Usage
		Usr 0 00:00:00, Sys 0 00:00:00  -  Total Local Usage
	9472  -  Run Bytes Sent By Job
	10941  -  Run Bytes Received By Job
	9472  -  Total Bytes Sent By Job
	10941  -  Total Bytes Received By Job
	Partitionable Resources :    Usage  Request Allocated 
	   Cpus                 :                 1           
	   Disk (KB)            :       72        1   2215429 
	   Memory (MB)          :      479     2000      2000 
...
