000 (322885.032.000) 05/10 15:24:46 Job submitted from host: <188.184.95.166:9618?addrs=188.184.95.166-9618+[2001-1458-201-e4--100-7a0]-9618&alias=tbird02.cern.ch&noUDP&sock=schedd_2138722_faad_3>
...
040 (322885.032.000) 05/10 15:27:51 Started transferring input files
	Transferring to host: <188.184.132.40:9618?addrs=188.184.132.40-9618+[2001-1458-301-a0--100-10]-9618&noUDP&sock=4073_8bff_126966>
...
040 (322885.032.000) 05/10 15:27:51 Finished transferring input files
...
001 (322885.032.000) 05/10 15:27:52 Job executing on host: <188.184.132.40:9618?addrs=188.184.132.40-9618+[2001-1458-301-a0--100-10]-9618&noUDP&sock=2328_6491_3>
...
006 (322885.032.000) 05/10 15:28:00 Image size of job updated: 220988
	139  -  MemoryUsage of job (MB)
	142336  -  ResidentSetSize of job (KB)
...
006 (322885.032.000) 05/10 15:32:52 Image size of job updated: 577156
	140  -  MemoryUsage of job (MB)
	142340  -  ResidentSetSize of job (KB)
...
040 (322885.032.000) 05/10 15:32:52 Started transferring output files
...
040 (322885.032.000) 05/10 15:32:52 Finished transferring output files
...
005 (322885.032.000) 05/10 15:32:52 Job terminated.
	(1) Normal termination (return value 1)
		Usr 0 00:04:20, Sys 0 00:00:32  -  Run Remote Usage
		Usr 0 00:00:00, Sys 0 00:00:00  -  Run Local Usage
		Usr 0 00:04:20, Sys 0 00:00:32  -  Total Remote Usage
		Usr 0 00:00:00, Sys 0 00:00:00  -  Total Local Usage
	18781  -  Run Bytes Sent By Job
	10941  -  Run Bytes Received By Job
	18781  -  Total Bytes Sent By Job
	10941  -  Total Bytes Received By Job
	Partitionable Resources :    Usage  Request Allocated 
	   Cpus                 :                 1           
	   Disk (KB)            :       81        1   2151861 
	   Memory (MB)          :      140     2000      2000 
...
