   SingleMuon_Run2016C_part1   DATA  60 chunks


I have 1 taks to process
I'm using the following list of modules DEFAULT_MODULES
this is jobs [('SingleMuon_Run2016C_part1', 'MY_EOS_SPACE/heppyNtuples/TREES_SingleMuon2016BCDEF_94X/SingleMuon_Run2016C_part1/treeProducerWMass/tree.root', 27686448.0, '_Friend_SingleMuon_Run2016C_part1.chunk36', True, xrange(9000000, 9250000), 36)]
Modules to run:  []   name =  puWeight
Loading puWeight from CMGTools.WMass.postprocessing.examples.puWeightProducer 
Running on dataset =  SingleMuon_Run2016C_part1
TFile: name=/afs/cern.ch/work/m/mciprian/w_mass_analysis/heppy/rel_slc7/CMSSW_9_4_12/src/CMGTools/WMass/python/postprocessing/data/pileup/pileup_profile_Summer16.root, title=, option=READ
TFile: name=/afs/cern.ch/work/m/mciprian/w_mass_analysis/heppy/rel_slc7/CMSSW_9_4_12/src/CMGTools/WMass/python/postprocessing/data/pileup/PileupData_GoldenJSON_Full2016.root, title=, option=READ
Load C++ Worker
Modules to run:  []   name =  puWeight2016BF
Loading puWeight2016BF from CMGTools.WMass.postprocessing.examples.puWeightProducer 
Running on dataset =  SingleMuon_Run2016C_part1
TFile: name=/afs/cern.ch/work/m/mciprian/w_mass_analysis/heppy/rel_slc7/CMSSW_9_4_12/src/CMGTools/WMass/python/postprocessing/data/pileup/pileup_profile_Summer16.root, title=, option=READ
TFile: name=/afs/cern.ch/work/m/mciprian/w_mass_analysis/heppy/rel_slc7/CMSSW_9_4_12/src/CMGTools/WMass/python/postprocessing/data/pileup/PileupData_GoldenJSON_2016BF.root, title=, option=READ
Modules to run:  []   name =  lepQCDAwayJetAll
Loading lepQCDAwayJetAll from CMGTools.WMass.postprocessing.examples.lepVarProducer 
Running on dataset =  SingleMuon_Run2016C_part1
Modules to run:  []   name =  muCalibratedWithStatVar
Loading muCalibratedWithStatVar from CMGTools.WMass.postprocessing.examples.lepVarProducer 
Running on dataset =  SingleMuon_Run2016C_part1
did not find EnergyScaleCorrection shared object, rebuilding
trying to load all the rochester correction libraries
did not find legacy data roccor. rebuilding...
done building legacy data roccor.
Modules to run:  []   name =  jetAllReCleaner
Loading jetAllReCleaner from CMGTools.WMass.postprocessing.examples.jetReCleaner 
Running on dataset =  SingleMuon_Run2016C_part1
Load C++ Worker
Modules to run:  []   name =  jetReCleaner
Loading jetReCleaner from CMGTools.WMass.postprocessing.examples.jetReCleaner 
Running on dataset =  SingleMuon_Run2016C_part1
Load C++ Worker
Modules to run:  []   name =  genQEDJets
Loading genQEDJets from CMGTools.WMass.postprocessing.examples.genFriendProducer 
Running on dataset =  SingleMuon_Run2016C_part1
Will write selected trees to MY_EOS_SPACE/heppyNtuples/TREES_SingleMuon2016BCDEF_94X/friends/
Normalization of pu_mc: 0.999973
Normalization of pileup: 3.65129e+10
Weights for variable pu_mc with a number of bins equal to 76:
1 1 1 1 1 1 1 1 1 1 1.616 1.923 1.917 1.762 1.611 1.554 1.506 1.414 1.317 1.241 1.169 1.109 1.071 1.04 1.019 1.001 0.9873 0.9825 0.9828 0.9811 0.9811 0.9792 0.9531 0.9274 0.8773 0.8171 0.7432 0.6594 0.5661 0.4725 0.3811 0.2987 0.2215 0.1581 0 0 0 0 0 0 0 0 0 0 0 1 1 1 1 1 1 1 1 1 1 1 1 1 1 1 1 1 1 1 1 1 .
Final weights: 
1 1 1 1 1 1 1 1 1 1 1.616 1.923 1.917 1.762 1.611 1.554 1.506 1.414 1.317 1.241 1.169 1.109 1.071 1.04 1.019 1.001 0.9873 0.9825 0.9828 0.9811 0.9811 0.9792 0.9531 0.9274 0.8773 0.8171 0.7432 0.6594 0.5661 0.4725 0.3811 0.2987 0.2215 0.1581 0 0 0 0 0 0 0 0 0 0 0 1 1 1 1 1 1 1 1 1 1 1 1 1 1 1 1 1 1 1 1 1 .
Normalization of pu_mc: 1
Normalization of pileup: 2.014e+10
Weights for variable pu_mc with a number of bins equal to 76:
1 1 1 1 1 1 1 1 1 1 2.784 3.074 2.661 2.24 1.976 1.881 1.801 1.669 1.544 1.453 1.364 1.27 1.186 1.113 1.061 1.016 0.9702 0.9245 0.8754 0.8192 0.7629 0.7065 0.6366 0.5722 0.4984 0.4252 0.3515 0.2804 0.2137 0.1564 0.1092 0 0 0 0 0 0 0 0 0 0 0 0 0 0 1 1 1 1 1 1 1 1 1 1 1 1 1 1 1 1 1 1 1 1 1 .
For maximum weight 3.074: integral relative change: 0
Final weights: 
1 1 1 1 1 1 1 1 1 1 2.784 3.074 2.661 2.24 1.976 1.881 1.801 1.669 1.544 1.453 1.364 1.27 1.186 1.113 1.061 1.016 0.9702 0.9245 0.8754 0.8192 0.7629 0.7065 0.6366 0.5722 0.4984 0.4252 0.3515 0.2804 0.2137 0.1564 0.1092 0 0 0 0 0 0 0 0 0 0 0 0 0 0 1 1 1 1 1 1 1 1 1 1 1 1 1 1 1 1 1 1 1 1 1 .
begin job of lepCalProducer
initializing all the rochester correction objects
initializing the egamma calibrator
Processed  9000000/14788115 entries (elapsed time     0.3s, curr speed   31.250 kHz, avg speed 28125.000 kHz), accepted        1/       1 events (100.00%)
Processed  9010000/14788115 entries (elapsed time    13.7s, curr speed    0.747 kHz, avg speed  657.185 kHz), accepted    10001/   10001 events (100.00%)
Processed  9020000/14788115 entries (elapsed time    27.6s, curr speed    0.721 kHz, avg speed  327.049 kHz), accepted    20001/   20001 events (100.00%)
Processed  9030000/14788115 entries (elapsed time    41.5s, curr speed    0.719 kHz, avg speed  217.643 kHz), accepted    30001/   30001 events (100.00%)
Processed  9040000/14788115 entries (elapsed time    55.3s, curr speed    0.723 kHz, avg speed  163.413 kHz), accepted    40001/   40001 events (100.00%)
Processed  9050000/14788115 entries (elapsed time    69.0s, curr speed    0.730 kHz, avg speed  131.121 kHz), accepted    50001/   50001 events (100.00%)
Processed  9060000/14788115 entries (elapsed time    83.2s, curr speed    0.708 kHz, avg speed  108.960 kHz), accepted    60001/   60001 events (100.00%)
Processed  9070000/14788115 entries (elapsed time    96.1s, curr speed    0.771 kHz, avg speed   94.361 kHz), accepted    70001/   70001 events (100.00%)
Processed  9080000/14788115 entries (elapsed time   107.9s, curr speed    0.850 kHz, avg speed   84.160 kHz), accepted    80001/   80001 events (100.00%)
Processed  9090000/14788115 entries (elapsed time   119.3s, curr speed    0.873 kHz, avg speed   76.169 kHz), accepted    90001/   90001 events (100.00%)
Processed  9100000/14788115 entries (elapsed time   131.1s, curr speed    0.854 kHz, avg speed   69.439 kHz), accepted   100001/  100001 events (100.00%)
Processed  9110000/14788115 entries (elapsed time   143.5s, curr speed    0.804 kHz, avg speed   63.489 kHz), accepted   110001/  110001 events (100.00%)
Processed  9120000/14788115 entries (elapsed time   161.2s, curr speed    0.564 kHz, avg speed   56.569 kHz), accepted   120001/  120001 events (100.00%)
Processed  9130000/14788115 entries (elapsed time   204.5s, curr speed    0.231 kHz, avg speed   44.652 kHz), accepted   130001/  130001 events (100.00%)
Processed  9140000/14788115 entries (elapsed time   222.4s, curr speed    0.557 kHz, avg speed   41.093 kHz), accepted   140001/  140001 events (100.00%)
Processed  9150000/14788115 entries (elapsed time   240.9s, curr speed    0.540 kHz, avg speed   37.975 kHz), accepted   150001/  150001 events (100.00%)
Processed  9160000/14788115 entries (elapsed time   260.3s, curr speed    0.518 kHz, avg speed   35.196 kHz), accepted   160001/  160001 events (100.00%)
Processed  9170000/14788115 entries (elapsed time   278.5s, curr speed    0.547 kHz, avg speed   32.923 kHz), accepted   170001/  170001 events (100.00%)
Processed  9180000/14788115 entries (elapsed time   297.0s, curr speed    0.541 kHz, avg speed   30.909 kHz), accepted   180001/  180001 events (100.00%)
Processed  9190000/14788115 entries (elapsed time   316.8s, curr speed    0.506 kHz, avg speed   29.013 kHz), accepted   190001/  190001 events (100.00%)
Processed  9200000/14788115 entries (elapsed time   361.4s, curr speed    0.224 kHz, avg speed   25.455 kHz), accepted   200001/  200001 events (100.00%)
Processed  9210000/14788115 entries (elapsed time   380.7s, curr speed    0.519 kHz, avg speed   24.192 kHz), accepted   210001/  210001 events (100.00%)
Processed  9220000/14788115 entries (elapsed time   400.7s, curr speed    0.500 kHz, avg speed   23.010 kHz), accepted   220001/  220001 events (100.00%)
Processed  9230000/14788115 entries (elapsed time   419.7s, curr speed    0.525 kHz, avg speed   21.990 kHz), accepted   230001/  230001 events (100.00%)
Processed  9240000/14788115 entries (elapsed time   437.1s, curr speed    0.574 kHz, avg speed   21.137 kHz), accepted   240001/  240001 events (100.00%)
Processed 250000 entries from MY_EOS_SPACE/heppyNtuples/TREES_SingleMuon2016BCDEF_94X/SingleMuon_Run2016C_part1/treeProducerWMass/tree.root, selected 250000 entries
Done MY_EOS_SPACE/heppyNtuples/TREES_SingleMuon2016BCDEF_94X/friends/tree_Friend_SingleMuon_Run2016C_part1.chunk36.root
