   SingleMuon_Run2016B_part4   DATA  63 chunks


I have 1 taks to process
I'm using the following list of modules DEFAULT_MODULES
this is jobs [('SingleMuon_Run2016B_part4', 'MY_EOS_SPACE/heppyNtuples/TREES_SingleMuon2016BCDEF_94X/SingleMuon_Run2016B_part4/treeProducerWMass/tree.root', 29915102.0, '_Friend_SingleMuon_Run2016B_part4.chunk8', True, xrange(2000000, 2250000), 8)]
Modules to run:  []   name =  puWeight
Loading puWeight from CMGTools.WMass.postprocessing.examples.puWeightProducer 
Running on dataset =  SingleMuon_Run2016B_part4
TFile: name=/afs/cern.ch/work/m/mciprian/w_mass_analysis/heppy/rel_slc7/CMSSW_9_4_12/src/CMGTools/WMass/python/postprocessing/data/pileup/pileup_profile_Summer16.root, title=, option=READ
TFile: name=/afs/cern.ch/work/m/mciprian/w_mass_analysis/heppy/rel_slc7/CMSSW_9_4_12/src/CMGTools/WMass/python/postprocessing/data/pileup/PileupData_GoldenJSON_Full2016.root, title=, option=READ
Load C++ Worker
Modules to run:  []   name =  puWeight2016BF
Loading puWeight2016BF from CMGTools.WMass.postprocessing.examples.puWeightProducer 
Running on dataset =  SingleMuon_Run2016B_part4
TFile: name=/afs/cern.ch/work/m/mciprian/w_mass_analysis/heppy/rel_slc7/CMSSW_9_4_12/src/CMGTools/WMass/python/postprocessing/data/pileup/pileup_profile_Summer16.root, title=, option=READ
TFile: name=/afs/cern.ch/work/m/mciprian/w_mass_analysis/heppy/rel_slc7/CMSSW_9_4_12/src/CMGTools/WMass/python/postprocessing/data/pileup/PileupData_GoldenJSON_2016BF.root, title=, option=READ
Modules to run:  []   name =  lepQCDAwayJetAll
Loading lepQCDAwayJetAll from CMGTools.WMass.postprocessing.examples.lepVarProducer 
Running on dataset =  SingleMuon_Run2016B_part4
Modules to run:  []   name =  muCalibratedWithStatVar
Loading muCalibratedWithStatVar from CMGTools.WMass.postprocessing.examples.lepVarProducer 
Running on dataset =  SingleMuon_Run2016B_part4
did not find EnergyScaleCorrection shared object, rebuilding
trying to load all the rochester correction libraries
did not find legacy data roccor. rebuilding...
done building legacy data roccor.
Modules to run:  []   name =  jetAllReCleaner
Loading jetAllReCleaner from CMGTools.WMass.postprocessing.examples.jetReCleaner 
Running on dataset =  SingleMuon_Run2016B_part4
Load C++ Worker
Modules to run:  []   name =  jetReCleaner
Loading jetReCleaner from CMGTools.WMass.postprocessing.examples.jetReCleaner 
Running on dataset =  SingleMuon_Run2016B_part4
Load C++ Worker
Modules to run:  []   name =  genQEDJets
Loading genQEDJets from CMGTools.WMass.postprocessing.examples.genFriendProducer 
Running on dataset =  SingleMuon_Run2016B_part4
Will write selected trees to MY_EOS_SPACE/heppyNtuples/TREES_SingleMuon2016BCDEF_94X/friends/
Normalization of pu_mc: 0.999973
Normalization of pileup: 3.65129e+10
Weights for variable pu_mc with a number of bins equal to 76:
1 1 1 1 1 1 1 1 1 1 1.616 1.923 1.917 1.762 1.611 1.554 1.506 1.414 1.317 1.241 1.169 1.109 1.071 1.04 1.019 1.001 0.9873 0.9825 0.9828 0.9811 0.9811 0.9792 0.9531 0.9274 0.8773 0.8171 0.7432 0.6594 0.5661 0.4725 0.3811 0.2987 0.2215 0.1581 0 0 0 0 0 0 0 0 0 0 0 1 1 1 1 1 1 1 1 1 1 1 1 1 1 1 1 1 1 1 1 1 .
Final weights: 
1 1 1 1 1 1 1 1 1 1 1.616 1.923 1.917 1.762 1.611 1.554 1.506 1.414 1.317 1.241 1.169 1.109 1.071 1.04 1.019 1.001 0.9873 0.9825 0.9828 0.9811 0.9811 0.9792 0.9531 0.9274 0.8773 0.8171 0.7432 0.6594 0.5661 0.4725 0.3811 0.2987 0.2215 0.1581 0 0 0 0 0 0 0 0 0 0 0 1 1 1 1 1 1 1 1 1 1 1 1 1 1 1 1 1 1 1 1 1 .
Normalization of pu_mc: 1
Normalization of pileup: 2.014e+10
Weights for variable pu_mc with a number of bins equal to 76:
1 1 1 1 1 1 1 1 1 1 2.784 3.074 2.661 2.24 1.976 1.881 1.801 1.669 1.544 1.453 1.364 1.27 1.186 1.113 1.061 1.016 0.9702 0.9245 0.8754 0.8192 0.7629 0.7065 0.6366 0.5722 0.4984 0.4252 0.3515 0.2804 0.2137 0.1564 0.1092 0 0 0 0 0 0 0 0 0 0 0 0 0 0 1 1 1 1 1 1 1 1 1 1 1 1 1 1 1 1 1 1 1 1 1 .
For maximum weight 3.074: integral relative change: 0
Final weights: 
1 1 1 1 1 1 1 1 1 1 2.784 3.074 2.661 2.24 1.976 1.881 1.801 1.669 1.544 1.453 1.364 1.27 1.186 1.113 1.061 1.016 0.9702 0.9245 0.8754 0.8192 0.7629 0.7065 0.6366 0.5722 0.4984 0.4252 0.3515 0.2804 0.2137 0.1564 0.1092 0 0 0 0 0 0 0 0 0 0 0 0 0 0 1 1 1 1 1 1 1 1 1 1 1 1 1 1 1 1 1 1 1 1 1 .
begin job of lepCalProducer
initializing all the rochester correction objects
initializing the egamma calibrator
Processed  2000000/15519334 entries (elapsed time     0.4s, curr speed   23.256 kHz, avg speed 4651.163 kHz), accepted        1/       1 events (100.00%)
Processed  2010000/15519334 entries (elapsed time    24.9s, curr speed    0.409 kHz, avg speed   80.723 kHz), accepted    10001/   10001 events (100.00%)
Processed  2020000/15519334 entries (elapsed time    49.8s, curr speed    0.402 kHz, avg speed   40.579 kHz), accepted    20001/   20001 events (100.00%)
Processed  2030000/15519334 entries (elapsed time    74.9s, curr speed    0.399 kHz, avg speed   27.114 kHz), accepted    30001/   30001 events (100.00%)
Processed  2040000/15519334 entries (elapsed time   100.7s, curr speed    0.387 kHz, avg speed   20.262 kHz), accepted    40001/   40001 events (100.00%)
Processed  2050000/15519334 entries (elapsed time   125.9s, curr speed    0.396 kHz, avg speed   16.279 kHz), accepted    50001/   50001 events (100.00%)
Processed  2060000/15519334 entries (elapsed time   151.3s, curr speed    0.395 kHz, avg speed   13.618 kHz), accepted    60001/   60001 events (100.00%)
Processed  2070000/15519334 entries (elapsed time   174.5s, curr speed    0.431 kHz, avg speed   11.865 kHz), accepted    70001/   70001 events (100.00%)
Processed  2080000/15519334 entries (elapsed time   196.1s, curr speed    0.461 kHz, avg speed   10.605 kHz), accepted    80001/   80001 events (100.00%)
Processed  2090000/15519334 entries (elapsed time   217.0s, curr speed    0.478 kHz, avg speed    9.630 kHz), accepted    90001/   90001 events (100.00%)
Processed  2100000/15519334 entries (elapsed time   238.4s, curr speed    0.468 kHz, avg speed    8.808 kHz), accepted   100001/  100001 events (100.00%)
Processed  2110000/15519334 entries (elapsed time   259.6s, curr speed    0.473 kHz, avg speed    8.129 kHz), accepted   110001/  110001 events (100.00%)
Processed  2120000/15519334 entries (elapsed time   282.1s, curr speed    0.444 kHz, avg speed    7.515 kHz), accepted   120001/  120001 events (100.00%)
Processed  2130000/15519334 entries (elapsed time   333.2s, curr speed    0.196 kHz, avg speed    6.392 kHz), accepted   130001/  130001 events (100.00%)
Processed  2140000/15519334 entries (elapsed time   354.6s, curr speed    0.468 kHz, avg speed    6.034 kHz), accepted   140001/  140001 events (100.00%)
Processed  2150000/15519334 entries (elapsed time   376.5s, curr speed    0.458 kHz, avg speed    5.711 kHz), accepted   150001/  150001 events (100.00%)
Processed  2160000/15519334 entries (elapsed time   398.6s, curr speed    0.452 kHz, avg speed    5.419 kHz), accepted   160001/  160001 events (100.00%)
Processed  2170000/15519334 entries (elapsed time   419.6s, curr speed    0.477 kHz, avg speed    5.172 kHz), accepted   170001/  170001 events (100.00%)
Processed  2180000/15519334 entries (elapsed time   442.0s, curr speed    0.445 kHz, avg speed    4.932 kHz), accepted   180001/  180001 events (100.00%)
Processed  2190000/15519334 entries (elapsed time   462.4s, curr speed    0.490 kHz, avg speed    4.736 kHz), accepted   190001/  190001 events (100.00%)
Processed  2200000/15519334 entries (elapsed time   511.9s, curr speed    0.202 kHz, avg speed    4.298 kHz), accepted   200001/  200001 events (100.00%)
Processed  2210000/15519334 entries (elapsed time   533.7s, curr speed    0.460 kHz, avg speed    4.141 kHz), accepted   210001/  210001 events (100.00%)
Processed  2220000/15519334 entries (elapsed time   554.8s, curr speed    0.473 kHz, avg speed    4.001 kHz), accepted   220001/  220001 events (100.00%)
Processed  2230000/15519334 entries (elapsed time   577.6s, curr speed    0.438 kHz, avg speed    3.861 kHz), accepted   230001/  230001 events (100.00%)
Processed  2240000/15519334 entries (elapsed time   599.7s, curr speed    0.452 kHz, avg speed    3.735 kHz), accepted   240001/  240001 events (100.00%)
Processed 250000 entries from MY_EOS_SPACE/heppyNtuples/TREES_SingleMuon2016BCDEF_94X/SingleMuon_Run2016B_part4/treeProducerWMass/tree.root, selected 250000 entries
Done MY_EOS_SPACE/heppyNtuples/TREES_SingleMuon2016BCDEF_94X/friends/tree_Friend_SingleMuon_Run2016B_part4.chunk8.root
