000 (322898.017.000) 05/10 15:24:58 Job submitted from host: <188.184.95.166:9618?addrs=188.184.95.166-9618+[2001-1458-201-e4--100-7a0]-9618&alias=tbird02.cern.ch&noUDP&sock=schedd_2138722_faad_3>
...
040 (322898.017.000) 05/10 15:37:53 Started transferring input files
	Transferring to host: <128.142.240.11:9618?addrs=128.142.240.11-9618+[2001-1458-301-f9--100-c]-9618&noUDP&sock=4005_a27c_125755>
...
040 (322898.017.000) 05/10 15:37:53 Finished transferring input files
...
001 (322898.017.000) 05/10 15:37:54 Job executing on host: <128.142.240.11:9618?addrs=128.142.240.11-9618+[2001-1458-301-f9--100-c]-9618&noUDP&sock=2341_4f4c_3>
...
006 (322898.017.000) 05/10 15:38:03 Image size of job updated: 288648
	203  -  MemoryUsage of job (MB)
	207084  -  ResidentSetSize of job (KB)
...
006 (322898.017.000) 05/10 15:43:04 Image size of job updated: 575524
	479  -  MemoryUsage of job (MB)
	490024  -  ResidentSetSize of job (KB)
...
006 (322898.017.000) 05/10 15:43:38 Image size of job updated: 580136
	479  -  MemoryUsage of job (MB)
	490024  -  ResidentSetSize of job (KB)
...
040 (322898.017.000) 05/10 15:43:38 Started transferring output files
...
040 (322898.017.000) 05/10 15:43:38 Finished transferring output files
...
005 (322898.017.000) 05/10 15:43:38 Job terminated.
	(1) Normal termination (return value 1)
		Usr 0 00:05:02, Sys 0 00:00:33  -  Run Remote Usage
		Usr 0 00:00:00, Sys 0 00:00:00  -  Run Local Usage
		Usr 0 00:05:02, Sys 0 00:00:33  -  Total Remote Usage
		Usr 0 00:00:00, Sys 0 00:00:00  -  Total Local Usage
	9477  -  Run Bytes Sent By Job
	10941  -  Run Bytes Received By Job
	9477  -  Total Bytes Sent By Job
	10941  -  Total Bytes Received By Job
	Partitionable Resources :    Usage  Request Allocated 
	   Cpus                 :                 1           
	   Disk (KB)            :       72        1   2139234 
	   Memory (MB)          :      479     2000      2000 
...
