000 (322893.021.000) 05/10 15:24:53 Job submitted from host: <188.184.95.166:9618?addrs=188.184.95.166-9618+[2001-1458-201-e4--100-7a0]-9618&alias=tbird02.cern.ch&noUDP&sock=schedd_2138722_faad_3>
...
040 (322893.021.000) 05/10 15:34:07 Started transferring input files
	Transferring to host: <188.184.132.7:9618?addrs=188.184.132.7-9618+[2001-1458-301-a0--100-19]-9618&noUDP&sock=2852_3ded_126286>
...
040 (322893.021.000) 05/10 15:34:07 Finished transferring input files
...
001 (322893.021.000) 05/10 15:34:08 Job executing on host: <188.184.132.7:9618?addrs=188.184.132.7-9618+[2001-1458-301-a0--100-19]-9618&noUDP&sock=2359_a800_3>
...
006 (322893.021.000) 05/10 15:34:17 Image size of job updated: 289492
	205  -  MemoryUsage of job (MB)
	209232  -  ResidentSetSize of job (KB)
...
006 (322893.021.000) 05/10 15:39:18 Image size of job updated: 491580
	478  -  MemoryUsage of job (MB)
	489264  -  ResidentSetSize of job (KB)
...
040 (322893.021.000) 05/10 15:40:23 Started transferring output files
...
040 (322893.021.000) 05/10 15:40:23 Finished transferring output files
...
005 (322893.021.000) 05/10 15:40:23 Job terminated.
	(1) Normal termination (return value 1)
		Usr 0 00:05:26, Sys 0 00:00:32  -  Run Remote Usage
		Usr 0 00:00:00, Sys 0 00:00:00  -  Run Local Usage
		Usr 0 00:05:26, Sys 0 00:00:32  -  Total Remote Usage
		Usr 0 00:00:00, Sys 0 00:00:00  -  Total Local Usage
	9477  -  Run Bytes Sent By Job
	10941  -  Run Bytes Received By Job
	9477  -  Total Bytes Sent By Job
	10941  -  Total Bytes Received By Job
	Partitionable Resources :    Usage  Request Allocated 
	   Cpus                 :                 1           
	   Disk (KB)            :       72        1   2195797 
	   Memory (MB)          :      478     2000      2000 
...
