000 (322885.020.000) 05/10 15:24:46 Job submitted from host: <188.184.95.166:9618?addrs=188.184.95.166-9618+[2001-1458-201-e4--100-7a0]-9618&alias=tbird02.cern.ch&noUDP&sock=schedd_2138722_faad_3>
...
040 (322885.020.000) 05/10 15:27:46 Started transferring input files
	Transferring to host: <188.184.186.14:9618?addrs=188.184.186.14-9618+[2001-1458-301-f8--100-9]-9618&noUDP&sock=4620_f535_18836>
...
040 (322885.020.000) 05/10 15:27:46 Finished transferring input files
...
001 (322885.020.000) 05/10 15:27:47 Job executing on host: <188.184.186.14:9618?addrs=188.184.186.14-9618+[2001-1458-301-f8--100-9]-9618&noUDP&sock=2355_e99f_3>
...
006 (322885.020.000) 05/10 15:27:55 Image size of job updated: 180056
	168  -  MemoryUsage of job (MB)
	171160  -  ResidentSetSize of job (KB)
...
006 (322885.020.000) 05/10 15:32:55 Image size of job updated: 412404
	395  -  MemoryUsage of job (MB)
	403572  -  ResidentSetSize of job (KB)
...
006 (322885.020.000) 05/10 15:37:56 Image size of job updated: 498536
	479  -  MemoryUsage of job (MB)
	489704  -  ResidentSetSize of job (KB)
...
040 (322885.020.000) 05/10 15:40:07 Started transferring output files
...
040 (322885.020.000) 05/10 15:40:07 Finished transferring output files
...
005 (322885.020.000) 05/10 15:40:07 Job terminated.
	(1) Normal termination (return value 1)
		Usr 0 00:10:42, Sys 0 00:00:57  -  Run Remote Usage
		Usr 0 00:00:00, Sys 0 00:00:00  -  Run Local Usage
		Usr 0 00:10:42, Sys 0 00:00:57  -  Total Remote Usage
		Usr 0 00:00:00, Sys 0 00:00:00  -  Total Local Usage
	9477  -  Run Bytes Sent By Job
	10941  -  Run Bytes Received By Job
	9477  -  Total Bytes Sent By Job
	10941  -  Total Bytes Received By Job
	Partitionable Resources :    Usage  Request Allocated 
	   Cpus                 :     1.00        1         1 
	   Disk (KB)            :    79           1    221565 
	   Memory (MB)          :   479        2000      2000 
...
