000 (322882.040.000) 05/10 15:24:43 Job submitted from host: <188.184.95.166:9618?addrs=188.184.95.166-9618+[2001-1458-201-e4--100-7a0]-9618&alias=tbird02.cern.ch&noUDP&sock=schedd_2138722_faad_3>
...
040 (322882.040.000) 05/10 15:26:10 Started transferring input files
	Transferring to host: <188.184.132.43:9618?addrs=188.184.132.43-9618+[2001-1458-301-a0--100-28]-9618&noUDP&sock=31439_5e98_19087>
...
040 (322882.040.000) 05/10 15:26:10 Finished transferring input files
...
001 (322882.040.000) 05/10 15:26:11 Job executing on host: <188.184.132.43:9618?addrs=188.184.132.43-9618+[2001-1458-301-a0--100-28]-9618&noUDP&sock=2335_31ba_3>
...
006 (322882.040.000) 05/10 15:26:20 Image size of job updated: 229772
	225  -  MemoryUsage of job (MB)
	229392  -  ResidentSetSize of job (KB)
...
006 (322882.040.000) 05/10 15:31:21 Image size of job updated: 490716
	479  -  MemoryUsage of job (MB)
	490344  -  ResidentSetSize of job (KB)
...
006 (322882.040.000) 05/10 15:33:43 Image size of job updated: 901352
	479  -  MemoryUsage of job (MB)
	490344  -  ResidentSetSize of job (KB)
...
040 (322882.040.000) 05/10 15:33:43 Started transferring output files
...
040 (322882.040.000) 05/10 15:33:43 Finished transferring output files
...
005 (322882.040.000) 05/10 15:33:43 Job terminated.
	(1) Normal termination (return value 1)
		Usr 0 00:06:33, Sys 0 00:00:38  -  Run Remote Usage
		Usr 0 00:00:00, Sys 0 00:00:00  -  Run Local Usage
		Usr 0 00:06:33, Sys 0 00:00:38  -  Total Remote Usage
		Usr 0 00:00:00, Sys 0 00:00:00  -  Total Local Usage
	9479  -  Run Bytes Sent By Job
	10941  -  Run Bytes Received By Job
	9479  -  Total Bytes Sent By Job
	10941  -  Total Bytes Received By Job
	Partitionable Resources :    Usage  Request Allocated 
	   Cpus                 :     0.99        1         1 
	   Disk (KB)            :    79           1    214930 
	   Memory (MB)          :   479        2000      2000 
...
