000 (322895.005.000) 05/10 15:24:55 Job submitted from host: <188.184.95.166:9618?addrs=188.184.95.166-9618+[2001-1458-201-e4--100-7a0]-9618&alias=tbird02.cern.ch&noUDP&sock=schedd_2138722_faad_3>
...
040 (322895.005.000) 05/10 15:36:07 Started transferring input files
	Transferring to host: <188.184.186.22:9618?addrs=188.184.186.22-9618+[2001-1458-301-f8--100-13]-9618&noUDP&sock=4093_a380_126146>
...
040 (322895.005.000) 05/10 15:36:07 Finished transferring input files
...
001 (322895.005.000) 05/10 15:36:08 Job executing on host: <188.184.186.22:9618?addrs=188.184.186.22-9618+[2001-1458-301-f8--100-13]-9618&noUDP&sock=2329_1429_3>
...
006 (322895.005.000) 05/10 15:36:17 Image size of job updated: 116120
	58  -  MemoryUsage of job (MB)
	59316  -  ResidentSetSize of job (KB)
...
006 (322895.005.000) 05/10 15:41:18 Image size of job updated: 492784
	480  -  MemoryUsage of job (MB)
	490540  -  ResidentSetSize of job (KB)
...
040 (322895.005.000) 05/10 15:42:33 Started transferring output files
...
040 (322895.005.000) 05/10 15:42:33 Finished transferring output files
...
005 (322895.005.000) 05/10 15:42:33 Job terminated.
	(1) Normal termination (return value 1)
		Usr 0 00:05:16, Sys 0 00:00:33  -  Run Remote Usage
		Usr 0 00:00:00, Sys 0 00:00:00  -  Run Local Usage
		Usr 0 00:05:16, Sys 0 00:00:33  -  Total Remote Usage
		Usr 0 00:00:00, Sys 0 00:00:00  -  Total Local Usage
	9473  -  Run Bytes Sent By Job
	10941  -  Run Bytes Received By Job
	9473  -  Total Bytes Sent By Job
	10941  -  Total Bytes Received By Job
	Partitionable Resources :    Usage  Request Allocated 
	   Cpus                 :                 1           
	   Disk (KB)            :       72        1   2209332 
	   Memory (MB)          :      480     2000      2000 
...
