000 (322883.015.000) 05/10 15:24:44 Job submitted from host: <188.184.95.166:9618?addrs=188.184.95.166-9618+[2001-1458-201-e4--100-7a0]-9618&alias=tbird02.cern.ch&noUDP&sock=schedd_2138722_faad_3>
...
040 (322883.015.000) 05/10 15:26:25 Started transferring input files
	Transferring to host: <188.184.207.229:9618?addrs=188.184.207.229-9618+[2001-1458-301-7d--100-312]-9618&noUDP&sock=4258_e566_125939>
...
040 (322883.015.000) 05/10 15:26:25 Finished transferring input files
...
001 (322883.015.000) 05/10 15:26:26 Job executing on host: <188.184.207.229:9618?addrs=188.184.207.229-9618+[2001-1458-301-7d--100-312]-9618&noUDP&sock=2319_3837_3>
...
006 (322883.015.000) 05/10 15:26:34 Image size of job updated: 194064
	114  -  MemoryUsage of job (MB)
	116560  -  ResidentSetSize of job (KB)
...
006 (322883.015.000) 05/10 15:31:34 Image size of job updated: 493288
	479  -  MemoryUsage of job (MB)
	490328  -  ResidentSetSize of job (KB)
...
040 (322883.015.000) 05/10 15:32:30 Started transferring output files
...
040 (322883.015.000) 05/10 15:32:30 Finished transferring output files
...
005 (322883.015.000) 05/10 15:32:30 Job terminated.
	(1) Normal termination (return value 1)
		Usr 0 00:05:19, Sys 0 00:00:37  -  Run Remote Usage
		Usr 0 00:00:00, Sys 0 00:00:00  -  Run Local Usage
		Usr 0 00:05:19, Sys 0 00:00:37  -  Total Remote Usage
		Usr 0 00:00:00, Sys 0 00:00:00  -  Total Local Usage
	9477  -  Run Bytes Sent By Job
	10941  -  Run Bytes Received By Job
	9477  -  Total Bytes Sent By Job
	10941  -  Total Bytes Received By Job
	Partitionable Resources :    Usage  Request Allocated 
	   Cpus                 :                 1           
	   Disk (KB)            :       72        1   2174008 
	   Memory (MB)          :      479     2000      2000 
...
