   SingleMuon_Run2016B_part3   DATA  64 chunks


I have 1 taks to process
I'm using the following list of modules DEFAULT_MODULES
this is jobs [('SingleMuon_Run2016B_part3', 'MY_EOS_SPACE/heppyNtuples/TREES_SingleMuon2016BCDEF_94X/SingleMuon_Run2016B_part3/treeProducerWMass/tree.root', 30953763.0, '_Friend_SingleMuon_Run2016B_part3.chunk54', True, xrange(13500000, 13750000), 54)]
Modules to run:  []   name =  puWeight
Loading puWeight from CMGTools.WMass.postprocessing.examples.puWeightProducer 
Running on dataset =  SingleMuon_Run2016B_part3
TFile: name=/afs/cern.ch/work/m/mciprian/w_mass_analysis/heppy/rel_slc7/CMSSW_9_4_12/src/CMGTools/WMass/python/postprocessing/data/pileup/pileup_profile_Summer16.root, title=, option=READ
TFile: name=/afs/cern.ch/work/m/mciprian/w_mass_analysis/heppy/rel_slc7/CMSSW_9_4_12/src/CMGTools/WMass/python/postprocessing/data/pileup/PileupData_GoldenJSON_Full2016.root, title=, option=READ
Load C++ Worker
Modules to run:  []   name =  puWeight2016BF
Loading puWeight2016BF from CMGTools.WMass.postprocessing.examples.puWeightProducer 
Running on dataset =  SingleMuon_Run2016B_part3
TFile: name=/afs/cern.ch/work/m/mciprian/w_mass_analysis/heppy/rel_slc7/CMSSW_9_4_12/src/CMGTools/WMass/python/postprocessing/data/pileup/pileup_profile_Summer16.root, title=, option=READ
TFile: name=/afs/cern.ch/work/m/mciprian/w_mass_analysis/heppy/rel_slc7/CMSSW_9_4_12/src/CMGTools/WMass/python/postprocessing/data/pileup/PileupData_GoldenJSON_2016BF.root, title=, option=READ
Modules to run:  []   name =  lepQCDAwayJetAll
Loading lepQCDAwayJetAll from CMGTools.WMass.postprocessing.examples.lepVarProducer 
Running on dataset =  SingleMuon_Run2016B_part3
Modules to run:  []   name =  muCalibratedWithStatVar
Loading muCalibratedWithStatVar from CMGTools.WMass.postprocessing.examples.lepVarProducer 
Running on dataset =  SingleMuon_Run2016B_part3
did not find EnergyScaleCorrection shared object, rebuilding
trying to load all the rochester correction libraries
did not find legacy data roccor. rebuilding...
done building legacy data roccor.
Modules to run:  []   name =  jetAllReCleaner
Loading jetAllReCleaner from CMGTools.WMass.postprocessing.examples.jetReCleaner 
Running on dataset =  SingleMuon_Run2016B_part3
Load C++ Worker
Modules to run:  []   name =  jetReCleaner
Loading jetReCleaner from CMGTools.WMass.postprocessing.examples.jetReCleaner 
Running on dataset =  SingleMuon_Run2016B_part3
Load C++ Worker
Modules to run:  []   name =  genQEDJets
Loading genQEDJets from CMGTools.WMass.postprocessing.examples.genFriendProducer 
Running on dataset =  SingleMuon_Run2016B_part3
Will write selected trees to MY_EOS_SPACE/heppyNtuples/TREES_SingleMuon2016BCDEF_94X/friends/
Normalization of pu_mc: 0.999973
Normalization of pileup: 3.65129e+10
Weights for variable pu_mc with a number of bins equal to 76:
1 1 1 1 1 1 1 1 1 1 1.616 1.923 1.917 1.762 1.611 1.554 1.506 1.414 1.317 1.241 1.169 1.109 1.071 1.04 1.019 1.001 0.9873 0.9825 0.9828 0.9811 0.9811 0.9792 0.9531 0.9274 0.8773 0.8171 0.7432 0.6594 0.5661 0.4725 0.3811 0.2987 0.2215 0.1581 0 0 0 0 0 0 0 0 0 0 0 1 1 1 1 1 1 1 1 1 1 1 1 1 1 1 1 1 1 1 1 1 .
Final weights: 
1 1 1 1 1 1 1 1 1 1 1.616 1.923 1.917 1.762 1.611 1.554 1.506 1.414 1.317 1.241 1.169 1.109 1.071 1.04 1.019 1.001 0.9873 0.9825 0.9828 0.9811 0.9811 0.9792 0.9531 0.9274 0.8773 0.8171 0.7432 0.6594 0.5661 0.4725 0.3811 0.2987 0.2215 0.1581 0 0 0 0 0 0 0 0 0 0 0 1 1 1 1 1 1 1 1 1 1 1 1 1 1 1 1 1 1 1 1 1 .
Normalization of pu_mc: 1
Normalization of pileup: 2.014e+10
Weights for variable pu_mc with a number of bins equal to 76:
1 1 1 1 1 1 1 1 1 1 2.784 3.074 2.661 2.24 1.976 1.881 1.801 1.669 1.544 1.453 1.364 1.27 1.186 1.113 1.061 1.016 0.9702 0.9245 0.8754 0.8192 0.7629 0.7065 0.6366 0.5722 0.4984 0.4252 0.3515 0.2804 0.2137 0.1564 0.1092 0 0 0 0 0 0 0 0 0 0 0 0 0 0 1 1 1 1 1 1 1 1 1 1 1 1 1 1 1 1 1 1 1 1 1 .
For maximum weight 3.074: integral relative change: 0
Final weights: 
1 1 1 1 1 1 1 1 1 1 2.784 3.074 2.661 2.24 1.976 1.881 1.801 1.669 1.544 1.453 1.364 1.27 1.186 1.113 1.061 1.016 0.9702 0.9245 0.8754 0.8192 0.7629 0.7065 0.6366 0.5722 0.4984 0.4252 0.3515 0.2804 0.2137 0.1564 0.1092 0 0 0 0 0 0 0 0 0 0 0 0 0 0 1 1 1 1 1 1 1 1 1 1 1 1 1 1 1 1 1 1 1 1 1 .
begin job of lepCalProducer
initializing all the rochester correction objects
initializing the egamma calibrator
Processed 13500000/15930545 entries (elapsed time     0.3s, curr speed   35.714 kHz, avg speed 48214.286 kHz), accepted        1/       1 events (100.00%)
Processed 13510000/15930545 entries (elapsed time    25.0s, curr speed    0.405 kHz, avg speed  541.266 kHz), accepted    10001/   10001 events (100.00%)
Processed 13520000/15930545 entries (elapsed time    50.4s, curr speed    0.394 kHz, avg speed  268.467 kHz), accepted    20001/   20001 events (100.00%)
Processed 13530000/15930545 entries (elapsed time    76.7s, curr speed    0.379 kHz, avg speed  176.310 kHz), accepted    30001/   30001 events (100.00%)
Processed 13540000/15930545 entries (elapsed time   102.3s, curr speed    0.392 kHz, avg speed  132.395 kHz), accepted    40001/   40001 events (100.00%)
Processed 13550000/15930545 entries (elapsed time   128.0s, curr speed    0.388 kHz, avg speed  105.826 kHz), accepted    50001/   50001 events (100.00%)
Processed 13560000/15930545 entries (elapsed time   153.8s, curr speed    0.388 kHz, avg speed   88.161 kHz), accepted    60001/   60001 events (100.00%)
Processed 13570000/15930545 entries (elapsed time   178.3s, curr speed    0.408 kHz, avg speed   76.091 kHz), accepted    70001/   70001 events (100.00%)
Processed 13580000/15930545 entries (elapsed time   199.9s, curr speed    0.463 kHz, avg speed   67.920 kHz), accepted    80001/   80001 events (100.00%)
Processed 13590000/15930545 entries (elapsed time   222.2s, curr speed    0.449 kHz, avg speed   61.153 kHz), accepted    90001/   90001 events (100.00%)
Processed 13600000/15930545 entries (elapsed time   244.8s, curr speed    0.442 kHz, avg speed   55.546 kHz), accepted   100001/  100001 events (100.00%)
Processed 13610000/15930545 entries (elapsed time   266.7s, curr speed    0.457 kHz, avg speed   51.031 kHz), accepted   110001/  110001 events (100.00%)
Processed 13620000/15930545 entries (elapsed time   289.1s, curr speed    0.447 kHz, avg speed   47.120 kHz), accepted   120001/  120001 events (100.00%)
Processed 13630000/15930545 entries (elapsed time   337.8s, curr speed    0.205 kHz, avg speed   40.347 kHz), accepted   130001/  130001 events (100.00%)
Processed 13640000/15930545 entries (elapsed time   359.8s, curr speed    0.455 kHz, avg speed   37.909 kHz), accepted   140001/  140001 events (100.00%)
Processed 13650000/15930545 entries (elapsed time   381.8s, curr speed    0.454 kHz, avg speed   35.749 kHz), accepted   150001/  150001 events (100.00%)
Processed 13660000/15930545 entries (elapsed time   403.0s, curr speed    0.472 kHz, avg speed   33.896 kHz), accepted   160001/  160001 events (100.00%)
Processed 13670000/15930545 entries (elapsed time   425.4s, curr speed    0.447 kHz, avg speed   32.135 kHz), accepted   170001/  170001 events (100.00%)
Processed 13680000/15930545 entries (elapsed time   448.0s, curr speed    0.443 kHz, avg speed   30.539 kHz), accepted   180001/  180001 events (100.00%)
Processed 13690000/15930545 entries (elapsed time   469.6s, curr speed    0.461 kHz, avg speed   29.151 kHz), accepted   190001/  190001 events (100.00%)
Processed 13700000/15930545 entries (elapsed time   519.9s, curr speed    0.199 kHz, avg speed   26.352 kHz), accepted   200001/  200001 events (100.00%)
Processed 13710000/15930545 entries (elapsed time   541.6s, curr speed    0.460 kHz, avg speed   25.312 kHz), accepted   210001/  210001 events (100.00%)
Processed 13720000/15930545 entries (elapsed time   563.7s, curr speed    0.452 kHz, avg speed   24.338 kHz), accepted   220001/  220001 events (100.00%)
Processed 13730000/15930545 entries (elapsed time   586.1s, curr speed    0.446 kHz, avg speed   23.425 kHz), accepted   230001/  230001 events (100.00%)
Processed 13740000/15930545 entries (elapsed time   608.0s, curr speed    0.457 kHz, avg speed   22.598 kHz), accepted   240001/  240001 events (100.00%)
Processed 250000 entries from MY_EOS_SPACE/heppyNtuples/TREES_SingleMuon2016BCDEF_94X/SingleMuon_Run2016B_part3/treeProducerWMass/tree.root, selected 250000 entries
Done MY_EOS_SPACE/heppyNtuples/TREES_SingleMuon2016BCDEF_94X/friends/tree_Friend_SingleMuon_Run2016B_part3.chunk54.root
