000 (323078.016.000) 05/11 15:54:53 Job submitted from host: <188.184.95.166:9618?addrs=188.184.95.166-9618+[2001-1458-201-e4--100-7a0]-9618&alias=tbird02.cern.ch&noUDP&sock=schedd_2138722_faad_3>
...
040 (323078.016.000) 05/11 15:55:36 Started transferring input files
	Transferring to host: <128.142.240.19:9618?addrs=128.142.240.19-9618+[2001-1458-301-f9--100-1f]-9618&noUDP&sock=2527_4000_58984>
...
040 (323078.016.000) 05/11 15:55:36 Finished transferring input files
...
001 (323078.016.000) 05/11 15:55:37 Job executing on host: <128.142.240.19:9618?addrs=128.142.240.19-9618+[2001-1458-301-f9--100-1f]-9618&noUDP&sock=2278_18d5_3>
...
006 (323078.016.000) 05/11 15:55:46 Image size of job updated: 288476
	202  -  MemoryUsage of job (MB)
	206748  -  ResidentSetSize of job (KB)
...
006 (323078.016.000) 05/11 16:00:47 Image size of job updated: 471312
	458  -  MemoryUsage of job (MB)
	468552  -  ResidentSetSize of job (KB)
...
040 (323078.016.000) 05/11 16:02:40 Started transferring output files
...
040 (323078.016.000) 05/11 16:02:40 Finished transferring output files
...
005 (323078.016.000) 05/11 16:02:40 Job terminated.
	(1) Normal termination (return value 1)
		Usr 0 00:06:06, Sys 0 00:00:46  -  Run Remote Usage
		Usr 0 00:00:00, Sys 0 00:00:00  -  Run Local Usage
		Usr 0 00:06:06, Sys 0 00:00:46  -  Total Remote Usage
		Usr 0 00:00:00, Sys 0 00:00:00  -  Total Local Usage
	8469  -  Run Bytes Sent By Job
	10941  -  Run Bytes Received By Job
	8469  -  Total Bytes Sent By Job
	10941  -  Total Bytes Received By Job
	Partitionable Resources :    Usage  Request Allocated 
	   Cpus                 :                 1           
	   Disk (KB)            :       71        1   2204879 
	   Memory (MB)          :      458     2000      2000 
...
