000 (323078.014.000) 05/11 15:54:53 Job submitted from host: <188.184.95.166:9618?addrs=188.184.95.166-9618+[2001-1458-201-e4--100-7a0]-9618&alias=tbird02.cern.ch&noUDP&sock=schedd_2138722_faad_3>
...
040 (323078.014.000) 05/11 15:55:36 Started transferring input files
	Transferring to host: <188.184.132.252:9618?addrs=188.184.132.252-9618+[2001-1458-301-a0--100-27a]-9618&noUDP&sock=12926_4947_103778>
...
040 (323078.014.000) 05/11 15:55:36 Finished transferring input files
...
001 (323078.014.000) 05/11 15:55:37 Job executing on host: <188.184.132.252:9618?addrs=188.184.132.252-9618+[2001-1458-301-a0--100-27a]-9618&noUDP&sock=12718_1192_3>
...
006 (323078.014.000) 05/11 15:55:45 Image size of job updated: 261516
	178  -  MemoryUsage of job (MB)
	181704  -  ResidentSetSize of job (KB)
...
006 (323078.014.000) 05/11 16:00:45 Image size of job updated: 552940
	456  -  MemoryUsage of job (MB)
	466584  -  ResidentSetSize of job (KB)
...
006 (323078.014.000) 05/11 16:02:36 Image size of job updated: 552960
	456  -  MemoryUsage of job (MB)
	466584  -  ResidentSetSize of job (KB)
...
040 (323078.014.000) 05/11 16:02:36 Started transferring output files
...
040 (323078.014.000) 05/11 16:02:36 Finished transferring output files
...
005 (323078.014.000) 05/11 16:02:36 Job terminated.
	(1) Normal termination (return value 1)
		Usr 0 00:06:07, Sys 0 00:00:47  -  Run Remote Usage
		Usr 0 00:00:00, Sys 0 00:00:00  -  Run Local Usage
		Usr 0 00:06:07, Sys 0 00:00:47  -  Total Remote Usage
		Usr 0 00:00:00, Sys 0 00:00:00  -  Total Local Usage
	8469  -  Run Bytes Sent By Job
	10941  -  Run Bytes Received By Job
	8469  -  Total Bytes Sent By Job
	10941  -  Total Bytes Received By Job
	Partitionable Resources :    Usage  Request Allocated 
	   Cpus                 :                 1           
	   Disk (KB)            :       71        1   2116356 
	   Memory (MB)          :      456     2000      2000 
...
