   QCD_Mu15_part1   MC  19 chunks


I have 1 taks to process
I'm using the following list of modules DEFAULT_MODULES
this is jobs [('QCD_Mu15_part1', 'MY_EOS_SPACE/heppyNtuples/TREES_TopDibosonsQCD_94X/QCD_Mu15_part1/treeProducerWMass/tree.root', 22094081.0, '_Friend_QCD_Mu15_part1.chunk18', False, xrange(4500000, 4690257), 18)]
Modules to run:  []   name =  puWeight
Loading puWeight from CMGTools.WMass.postprocessing.examples.puWeightProducer 
Running on dataset =  QCD_Mu15_part1
TFile: name=/afs/cern.ch/work/m/mciprian/w_mass_analysis/heppy/rel_slc7/CMSSW_9_4_12/src/CMGTools/WMass/python/postprocessing/data/pileup/mcPU_2016_W94XnoCutsWithGenWeights_nTrueInt.root, title=, option=READ
TFile: name=/afs/cern.ch/work/m/mciprian/w_mass_analysis/heppy/rel_slc7/CMSSW_9_4_12/src/CMGTools/WMass/python/postprocessing/data/pileup/PileupData_GoldenMuonJSON_Full2016.root, title=, option=READ
Load C++ Worker
Modules to run:  []   name =  muCalibratedWithStatVar
Loading muCalibratedWithStatVar from CMGTools.WMass.postprocessing.examples.lepVarProducer 
Running on dataset =  QCD_Mu15_part1
did not find EnergyScaleCorrection shared object, rebuilding
trying to load all the rochester correction libraries
did not find legacy data roccor. rebuilding...
done building legacy data roccor.
Modules to run:  []   name =  jetAllReCleaner
Loading jetAllReCleaner from CMGTools.WMass.postprocessing.examples.jetReCleaner 
Running on dataset =  QCD_Mu15_part1
Load C++ Worker
Modules to run:  []   name =  jetReCleaner
Loading jetReCleaner from CMGTools.WMass.postprocessing.examples.jetReCleaner 
Running on dataset =  QCD_Mu15_part1
Load C++ Worker
Modules to run:  []   name =  genQEDJets
Loading genQEDJets from CMGTools.WMass.postprocessing.examples.genFriendProducer 
Running on dataset =  QCD_Mu15_part1
Will write selected trees to MY_EOS_SPACE/heppyNtuples/TREES_TopDibosonsQCD_94X/friends/
Normalization of nTrueInt_Wnopt: 3.68902e+10
Normalization of pileup: 3.68902e+10
Weights for variable nTrueInt_Wnopt with a number of bins equal to 102:
1 0.3634 0.9215 1.196 0.96 1.118 1.157 0.9675 0.9293 0.9192 0.8823 0.9553 1.062 1.116 1.167 1.194 1.2 1.193 1.177 1.14 1.092 1.06 1.047 1.046 1.047 1.048 1.06 1.077 1.092 1.106 1.122 1.108 1.097 1.051 0.992 0.9144 0.8237 0.7175 0.6087 0.5019 0.4029 0.3076 0.2264 0.1622 0.1123 0.07656 0.05052 0.03159 0.01992 0.01212 0.007355 0.004361 0.002593 0.001553 0.0009624 0.0007219 0.0006632 0.0007233 0.0009289 0.001329 0.001772 0.003222 0.004042 0.00487 0.005064 0.005658 0.005309 0.004846 0.004101 0.003977 0.003686 0.003306 0.002672 0.002286 0.001878 0.00167 1 1 1 1 1 1 1 1 1 1 1 1 1 1 1 1 1 1 1 1 1 1 1 1 1 1 .
Final weights: 
1 0.3634 0.9215 1.196 0.96 1.118 1.157 0.9675 0.9293 0.9192 0.8823 0.9553 1.062 1.116 1.167 1.194 1.2 1.193 1.177 1.14 1.092 1.06 1.047 1.046 1.047 1.048 1.06 1.077 1.092 1.106 1.122 1.108 1.097 1.051 0.992 0.9144 0.8237 0.7175 0.6087 0.5019 0.4029 0.3076 0.2264 0.1622 0.1123 0.07656 0.05052 0.03159 0.01992 0.01212 0.007355 0.004361 0.002593 0.001553 0.0009624 0.0007219 0.0006632 0.0007233 0.0009289 0.001329 0.001772 0.003222 0.004042 0.00487 0.005064 0.005658 0.005309 0.004846 0.004101 0.003977 0.003686 0.003306 0.002672 0.002286 0.001878 0.00167 1 1 1 1 1 1 1 1 1 1 1 1 1 1 1 1 1 1 1 1 1 1 1 1 1 1 .
begin job of lepCalProducer
initializing all the rochester correction objects
initializing the egamma calibrator
Processed  4500000/ 4690257 entries (elapsed time     0.3s, curr speed   37.037 kHz, avg speed 16666.667 kHz), accepted        1/       1 events (100.00%)
Processed  4510000/ 4690257 entries (elapsed time    16.7s, curr speed    0.609 kHz, avg speed  270.060 kHz), accepted    10001/   10001 events (100.00%)
Processed  4520000/ 4690257 entries (elapsed time    33.3s, curr speed    0.604 kHz, avg speed  135.858 kHz), accepted    20001/   20001 events (100.00%)
Processed  4530000/ 4690257 entries (elapsed time    49.8s, curr speed    0.606 kHz, avg speed   91.000 kHz), accepted    30001/   30001 events (100.00%)
Processed  4540000/ 4690257 entries (elapsed time    66.5s, curr speed    0.597 kHz, avg speed   68.230 kHz), accepted    40001/   40001 events (100.00%)
Processed  4550000/ 4690257 entries (elapsed time    83.6s, curr speed    0.586 kHz, avg speed   54.426 kHz), accepted    50001/   50001 events (100.00%)
Processed  4560000/ 4690257 entries (elapsed time   100.9s, curr speed    0.579 kHz, avg speed   45.211 kHz), accepted    60001/   60001 events (100.00%)
Processed  4570000/ 4690257 entries (elapsed time   115.1s, curr speed    0.704 kHz, avg speed   39.718 kHz), accepted    70001/   70001 events (100.00%)
Processed  4580000/ 4690257 entries (elapsed time   129.5s, curr speed    0.693 kHz, avg speed   35.370 kHz), accepted    80001/   80001 events (100.00%)
Processed  4590000/ 4690257 entries (elapsed time   143.8s, curr speed    0.700 kHz, avg speed   31.924 kHz), accepted    90001/   90001 events (100.00%)
Processed  4600000/ 4690257 entries (elapsed time   158.0s, curr speed    0.702 kHz, avg speed   29.108 kHz), accepted   100001/  100001 events (100.00%)
Processed  4610000/ 4690257 entries (elapsed time   172.6s, curr speed    0.688 kHz, avg speed   26.714 kHz), accepted   110001/  110001 events (100.00%)
Processed  4620000/ 4690257 entries (elapsed time   205.1s, curr speed    0.307 kHz, avg speed   22.526 kHz), accepted   120001/  120001 events (100.00%)
Processed  4630000/ 4690257 entries (elapsed time   219.6s, curr speed    0.689 kHz, avg speed   21.082 kHz), accepted   130001/  130001 events (100.00%)
Processed  4640000/ 4690257 entries (elapsed time   234.1s, curr speed    0.691 kHz, avg speed   19.821 kHz), accepted   140001/  140001 events (100.00%)
Processed  4650000/ 4690257 entries (elapsed time   248.5s, curr speed    0.692 kHz, avg speed   18.709 kHz), accepted   150001/  150001 events (100.00%)
Processed  4660000/ 4690257 entries (elapsed time   263.5s, curr speed    0.670 kHz, avg speed   17.687 kHz), accepted   160001/  160001 events (100.00%)
Processed  4670000/ 4690257 entries (elapsed time   278.2s, curr speed    0.679 kHz, avg speed   16.787 kHz), accepted   170001/  170001 events (100.00%)
Processed  4680000/ 4690257 entries (elapsed time   310.0s, curr speed    0.315 kHz, avg speed   15.099 kHz), accepted   180001/  180001 events (100.00%)
Processed  4690000/ 4690257 entries (elapsed time   324.5s, curr speed    0.686 kHz, avg speed   14.452 kHz), accepted   190001/  190001 events (100.00%)
Processed 190257 entries from MY_EOS_SPACE/heppyNtuples/TREES_TopDibosonsQCD_94X/QCD_Mu15_part1/treeProducerWMass/tree.root, selected 190257 entries
Done MY_EOS_SPACE/heppyNtuples/TREES_TopDibosonsQCD_94X/friends/tree_Friend_QCD_Mu15_part1.chunk18.root
