   QCD_Mu15_part1   MC  19 chunks


I have 1 taks to process
I'm using the following list of modules DEFAULT_MODULES
this is jobs [('QCD_Mu15_part1', 'MY_EOS_SPACE/heppyNtuples/TREES_TopDibosonsQCD_94X/QCD_Mu15_part1/treeProducerWMass/tree.root', 22094081.0, '_Friend_QCD_Mu15_part1.chunk8', False, xrange(2000000, 2250000), 8)]
Modules to run:  []   name =  puWeight
Loading puWeight from CMGTools.WMass.postprocessing.examples.puWeightProducer 
Running on dataset =  QCD_Mu15_part1
TFile: name=/afs/cern.ch/work/m/mciprian/w_mass_analysis/heppy/rel_slc7/CMSSW_9_4_12/src/CMGTools/WMass/python/postprocessing/data/pileup/mcPU_2016_W94XnoCutsWithGenWeights_nTrueInt.root, title=, option=READ
TFile: name=/afs/cern.ch/work/m/mciprian/w_mass_analysis/heppy/rel_slc7/CMSSW_9_4_12/src/CMGTools/WMass/python/postprocessing/data/pileup/PileupData_GoldenMuonJSON_Full2016.root, title=, option=READ
Load C++ Worker
Modules to run:  []   name =  muCalibratedWithStatVar
Loading muCalibratedWithStatVar from CMGTools.WMass.postprocessing.examples.lepVarProducer 
Running on dataset =  QCD_Mu15_part1
did not find EnergyScaleCorrection shared object, rebuilding
trying to load all the rochester correction libraries
did not find legacy data roccor. rebuilding...
done building legacy data roccor.
Modules to run:  []   name =  jetAllReCleaner
Loading jetAllReCleaner from CMGTools.WMass.postprocessing.examples.jetReCleaner 
Running on dataset =  QCD_Mu15_part1
Load C++ Worker
Modules to run:  []   name =  jetReCleaner
Loading jetReCleaner from CMGTools.WMass.postprocessing.examples.jetReCleaner 
Running on dataset =  QCD_Mu15_part1
Load C++ Worker
Modules to run:  []   name =  genQEDJets
Loading genQEDJets from CMGTools.WMass.postprocessing.examples.genFriendProducer 
Running on dataset =  QCD_Mu15_part1
Will write selected trees to MY_EOS_SPACE/heppyNtuples/TREES_TopDibosonsQCD_94X/friends/
Normalization of nTrueInt_Wnopt: 3.68902e+10
Normalization of pileup: 3.68902e+10
Weights for variable nTrueInt_Wnopt with a number of bins equal to 102:
1 0.3634 0.9215 1.196 0.96 1.118 1.157 0.9675 0.9293 0.9192 0.8823 0.9553 1.062 1.116 1.167 1.194 1.2 1.193 1.177 1.14 1.092 1.06 1.047 1.046 1.047 1.048 1.06 1.077 1.092 1.106 1.122 1.108 1.097 1.051 0.992 0.9144 0.8237 0.7175 0.6087 0.5019 0.4029 0.3076 0.2264 0.1622 0.1123 0.07656 0.05052 0.03159 0.01992 0.01212 0.007355 0.004361 0.002593 0.001553 0.0009624 0.0007219 0.0006632 0.0007233 0.0009289 0.001329 0.001772 0.003222 0.004042 0.00487 0.005064 0.005658 0.005309 0.004846 0.004101 0.003977 0.003686 0.003306 0.002672 0.002286 0.001878 0.00167 1 1 1 1 1 1 1 1 1 1 1 1 1 1 1 1 1 1 1 1 1 1 1 1 1 1 .
Final weights: 
1 0.3634 0.9215 1.196 0.96 1.118 1.157 0.9675 0.9293 0.9192 0.8823 0.9553 1.062 1.116 1.167 1.194 1.2 1.193 1.177 1.14 1.092 1.06 1.047 1.046 1.047 1.048 1.06 1.077 1.092 1.106 1.122 1.108 1.097 1.051 0.992 0.9144 0.8237 0.7175 0.6087 0.5019 0.4029 0.3076 0.2264 0.1622 0.1123 0.07656 0.05052 0.03159 0.01992 0.01212 0.007355 0.004361 0.002593 0.001553 0.0009624 0.0007219 0.0006632 0.0007233 0.0009289 0.001329 0.001772 0.003222 0.004042 0.00487 0.005064 0.005658 0.005309 0.004846 0.004101 0.003977 0.003686 0.003306 0.002672 0.002286 0.001878 0.00167 1 1 1 1 1 1 1 1 1 1 1 1 1 1 1 1 1 1 1 1 1 1 1 1 1 1 .
begin job of lepCalProducer
initializing all the rochester correction objects
initializing the egamma calibrator
Processed  2000000/ 4690257 entries (elapsed time     0.3s, curr speed   37.037 kHz, avg speed 7407.407 kHz), accepted        1/       1 events (100.00%)
Processed  2010000/ 4690257 entries (elapsed time    15.6s, curr speed    0.651 kHz, avg speed  128.599 kHz), accepted    10001/   10001 events (100.00%)
Processed  2020000/ 4690257 entries (elapsed time    31.8s, curr speed    0.618 kHz, avg speed   63.522 kHz), accepted    20001/   20001 events (100.00%)
Processed  2030000/ 4690257 entries (elapsed time    48.0s, curr speed    0.618 kHz, avg speed   42.309 kHz), accepted    30001/   30001 events (100.00%)
Processed  2040000/ 4690257 entries (elapsed time    64.3s, curr speed    0.612 kHz, avg speed   31.716 kHz), accepted    40001/   40001 events (100.00%)
Processed  2050000/ 4690257 entries (elapsed time    80.5s, curr speed    0.619 kHz, avg speed   25.472 kHz), accepted    50001/   50001 events (100.00%)
Processed  2060000/ 4690257 entries (elapsed time    96.9s, curr speed    0.609 kHz, avg speed   21.257 kHz), accepted    60001/   60001 events (100.00%)
Processed  2070000/ 4690257 entries (elapsed time   110.5s, curr speed    0.738 kHz, avg speed   18.740 kHz), accepted    70001/   70001 events (100.00%)
Processed  2080000/ 4690257 entries (elapsed time   124.3s, curr speed    0.724 kHz, avg speed   16.738 kHz), accepted    80001/   80001 events (100.00%)
Processed  2090000/ 4690257 entries (elapsed time   138.1s, curr speed    0.724 kHz, avg speed   15.136 kHz), accepted    90001/   90001 events (100.00%)
Processed  2100000/ 4690257 entries (elapsed time   151.6s, curr speed    0.738 kHz, avg speed   13.850 kHz), accepted   100001/  100001 events (100.00%)
Processed  2110000/ 4690257 entries (elapsed time   165.3s, curr speed    0.731 kHz, avg speed   12.764 kHz), accepted   110001/  110001 events (100.00%)
Processed  2120000/ 4690257 entries (elapsed time   195.4s, curr speed    0.332 kHz, avg speed   10.848 kHz), accepted   120001/  120001 events (100.00%)
Processed  2130000/ 4690257 entries (elapsed time   209.3s, curr speed    0.719 kHz, avg speed   10.175 kHz), accepted   130001/  130001 events (100.00%)
Processed  2140000/ 4690257 entries (elapsed time   222.9s, curr speed    0.736 kHz, avg speed    9.600 kHz), accepted   140001/  140001 events (100.00%)
Processed  2150000/ 4690257 entries (elapsed time   236.6s, curr speed    0.732 kHz, avg speed    9.087 kHz), accepted   150001/  150001 events (100.00%)
Processed  2160000/ 4690257 entries (elapsed time   249.9s, curr speed    0.749 kHz, avg speed    8.642 kHz), accepted   160001/  160001 events (100.00%)
Processed  2170000/ 4690257 entries (elapsed time   263.7s, curr speed    0.725 kHz, avg speed    8.228 kHz), accepted   170001/  170001 events (100.00%)
Processed  2180000/ 4690257 entries (elapsed time   294.8s, curr speed    0.322 kHz, avg speed    7.394 kHz), accepted   180001/  180001 events (100.00%)
Processed  2190000/ 4690257 entries (elapsed time   308.4s, curr speed    0.738 kHz, avg speed    7.102 kHz), accepted   190001/  190001 events (100.00%)
Processed  2200000/ 4690257 entries (elapsed time   322.2s, curr speed    0.723 kHz, avg speed    6.828 kHz), accepted   200001/  200001 events (100.00%)
Processed  2210000/ 4690257 entries (elapsed time   335.8s, curr speed    0.734 kHz, avg speed    6.580 kHz), accepted   210001/  210001 events (100.00%)
Processed  2220000/ 4690257 entries (elapsed time   350.2s, curr speed    0.697 kHz, avg speed    6.339 kHz), accepted   220001/  220001 events (100.00%)
Processed  2230000/ 4690257 entries (elapsed time   365.0s, curr speed    0.676 kHz, avg speed    6.110 kHz), accepted   230001/  230001 events (100.00%)
Processed  2240000/ 4690257 entries (elapsed time   398.5s, curr speed    0.299 kHz, avg speed    5.621 kHz), accepted   240001/  240001 events (100.00%)
Processed 250000 entries from MY_EOS_SPACE/heppyNtuples/TREES_TopDibosonsQCD_94X/QCD_Mu15_part1/treeProducerWMass/tree.root, selected 250000 entries
Done MY_EOS_SPACE/heppyNtuples/TREES_TopDibosonsQCD_94X/friends/tree_Friend_QCD_Mu15_part1.chunk8.root
