000 (323078.008.000) 05/11 15:54:53 Job submitted from host: <188.184.95.166:9618?addrs=188.184.95.166-9618+[2001-1458-201-e4--100-7a0]-9618&alias=tbird02.cern.ch&noUDP&sock=schedd_2138722_faad_3>
...
040 (323078.008.000) 05/11 15:55:33 Started transferring input files
	Transferring to host: <128.142.240.10:9618?addrs=128.142.240.10-9618+[2001-1458-301-f9--100-15]-9618&noUDP&sock=4200_07a4_127737>
...
040 (323078.008.000) 05/11 15:55:33 Finished transferring input files
...
001 (323078.008.000) 05/11 15:55:34 Job executing on host: <128.142.240.10:9618?addrs=128.142.240.10-9618+[2001-1458-301-f9--100-15]-9618&noUDP&sock=2379_5fe5_3>
...
006 (323078.008.000) 05/11 15:55:43 Image size of job updated: 263840
	181  -  MemoryUsage of job (MB)
	184544  -  ResidentSetSize of job (KB)
...
006 (323078.008.000) 05/11 16:00:43 Image size of job updated: 471220
	459  -  MemoryUsage of job (MB)
	469676  -  ResidentSetSize of job (KB)
...
040 (323078.008.000) 05/11 16:02:43 Started transferring output files
...
040 (323078.008.000) 05/11 16:02:43 Finished transferring output files
...
005 (323078.008.000) 05/11 16:02:43 Job terminated.
	(1) Normal termination (return value 1)
		Usr 0 00:06:12, Sys 0 00:00:44  -  Run Remote Usage
		Usr 0 00:00:00, Sys 0 00:00:00  -  Run Local Usage
		Usr 0 00:06:12, Sys 0 00:00:44  -  Total Remote Usage
		Usr 0 00:00:00, Sys 0 00:00:00  -  Total Local Usage
	8465  -  Run Bytes Sent By Job
	10941  -  Run Bytes Received By Job
	8465  -  Total Bytes Sent By Job
	10941  -  Total Bytes Received By Job
	Partitionable Resources :    Usage  Request Allocated 
	   Cpus                 :                 1           
	   Disk (KB)            :       71        1   2136258 
	   Memory (MB)          :      459     2000      2000 
...
