   QCD_Mu15_part1   MC  19 chunks


I have 1 taks to process
I'm using the following list of modules DEFAULT_MODULES
this is jobs [('QCD_Mu15_part1', 'MY_EOS_SPACE/heppyNtuples/TREES_TopDibosonsQCD_94X/QCD_Mu15_part1/treeProducerWMass/tree.root', 22094081.0, '_Friend_QCD_Mu15_part1.chunk17', False, xrange(4250000, 4500000), 17)]
Modules to run:  []   name =  puWeight
Loading puWeight from CMGTools.WMass.postprocessing.examples.puWeightProducer 
Running on dataset =  QCD_Mu15_part1
TFile: name=/afs/cern.ch/work/m/mciprian/w_mass_analysis/heppy/rel_slc7/CMSSW_9_4_12/src/CMGTools/WMass/python/postprocessing/data/pileup/mcPU_2016_W94XnoCutsWithGenWeights_nTrueInt.root, title=, option=READ
TFile: name=/afs/cern.ch/work/m/mciprian/w_mass_analysis/heppy/rel_slc7/CMSSW_9_4_12/src/CMGTools/WMass/python/postprocessing/data/pileup/PileupData_GoldenMuonJSON_Full2016.root, title=, option=READ
Load C++ Worker
Modules to run:  []   name =  muCalibratedWithStatVar
Loading muCalibratedWithStatVar from CMGTools.WMass.postprocessing.examples.lepVarProducer 
Running on dataset =  QCD_Mu15_part1
did not find EnergyScaleCorrection shared object, rebuilding
trying to load all the rochester correction libraries
did not find legacy data roccor. rebuilding...
done building legacy data roccor.
Modules to run:  []   name =  jetAllReCleaner
Loading jetAllReCleaner from CMGTools.WMass.postprocessing.examples.jetReCleaner 
Running on dataset =  QCD_Mu15_part1
Load C++ Worker
Modules to run:  []   name =  jetReCleaner
Loading jetReCleaner from CMGTools.WMass.postprocessing.examples.jetReCleaner 
Running on dataset =  QCD_Mu15_part1
Load C++ Worker
Modules to run:  []   name =  genQEDJets
Loading genQEDJets from CMGTools.WMass.postprocessing.examples.genFriendProducer 
Running on dataset =  QCD_Mu15_part1
Will write selected trees to MY_EOS_SPACE/heppyNtuples/TREES_TopDibosonsQCD_94X/friends/
Normalization of nTrueInt_Wnopt: 3.68902e+10
Normalization of pileup: 3.68902e+10
Weights for variable nTrueInt_Wnopt with a number of bins equal to 102:
1 0.3634 0.9215 1.196 0.96 1.118 1.157 0.9675 0.9293 0.9192 0.8823 0.9553 1.062 1.116 1.167 1.194 1.2 1.193 1.177 1.14 1.092 1.06 1.047 1.046 1.047 1.048 1.06 1.077 1.092 1.106 1.122 1.108 1.097 1.051 0.992 0.9144 0.8237 0.7175 0.6087 0.5019 0.4029 0.3076 0.2264 0.1622 0.1123 0.07656 0.05052 0.03159 0.01992 0.01212 0.007355 0.004361 0.002593 0.001553 0.0009624 0.0007219 0.0006632 0.0007233 0.0009289 0.001329 0.001772 0.003222 0.004042 0.00487 0.005064 0.005658 0.005309 0.004846 0.004101 0.003977 0.003686 0.003306 0.002672 0.002286 0.001878 0.00167 1 1 1 1 1 1 1 1 1 1 1 1 1 1 1 1 1 1 1 1 1 1 1 1 1 1 .
Final weights: 
1 0.3634 0.9215 1.196 0.96 1.118 1.157 0.9675 0.9293 0.9192 0.8823 0.9553 1.062 1.116 1.167 1.194 1.2 1.193 1.177 1.14 1.092 1.06 1.047 1.046 1.047 1.048 1.06 1.077 1.092 1.106 1.122 1.108 1.097 1.051 0.992 0.9144 0.8237 0.7175 0.6087 0.5019 0.4029 0.3076 0.2264 0.1622 0.1123 0.07656 0.05052 0.03159 0.01992 0.01212 0.007355 0.004361 0.002593 0.001553 0.0009624 0.0007219 0.0006632 0.0007233 0.0009289 0.001329 0.001772 0.003222 0.004042 0.00487 0.005064 0.005658 0.005309 0.004846 0.004101 0.003977 0.003686 0.003306 0.002672 0.002286 0.001878 0.00167 1 1 1 1 1 1 1 1 1 1 1 1 1 1 1 1 1 1 1 1 1 1 1 1 1 1 .
begin job of lepCalProducer
initializing all the rochester correction objects
initializing the egamma calibrator
Processed  4250000/ 4690257 entries (elapsed time     0.4s, curr speed   25.641 kHz, avg speed 10897.436 kHz), accepted        1/       1 events (100.00%)
Processed  4260000/ 4690257 entries (elapsed time    20.7s, curr speed    0.491 kHz, avg speed  205.400 kHz), accepted    10001/   10001 events (100.00%)
Processed  4270000/ 4690257 entries (elapsed time    41.7s, curr speed    0.476 kHz, avg speed  102.300 kHz), accepted    20001/   20001 events (100.00%)
Processed  4280000/ 4690257 entries (elapsed time    62.7s, curr speed    0.476 kHz, avg speed   68.229 kHz), accepted    30001/   30001 events (100.00%)
Processed  4290000/ 4690257 entries (elapsed time    83.7s, curr speed    0.476 kHz, avg speed   51.242 kHz), accepted    40001/   40001 events (100.00%)
Processed  4300000/ 4690257 entries (elapsed time   105.2s, curr speed    0.465 kHz, avg speed   40.859 kHz), accepted    50001/   50001 events (100.00%)
Processed  4310000/ 4690257 entries (elapsed time   129.6s, curr speed    0.410 kHz, avg speed   33.246 kHz), accepted    60001/   60001 events (100.00%)
Processed  4320000/ 4690257 entries (elapsed time   153.0s, curr speed    0.429 kHz, avg speed   28.243 kHz), accepted    70001/   70001 events (100.00%)
Processed  4330000/ 4690257 entries (elapsed time   173.3s, curr speed    0.491 kHz, avg speed   24.983 kHz), accepted    80001/   80001 events (100.00%)
Processed  4340000/ 4690257 entries (elapsed time   194.2s, curr speed    0.480 kHz, avg speed   22.354 kHz), accepted    90001/   90001 events (100.00%)
Processed  4350000/ 4690257 entries (elapsed time   215.7s, curr speed    0.463 kHz, avg speed   20.163 kHz), accepted   100001/  100001 events (100.00%)
Processed  4360000/ 4690257 entries (elapsed time   236.2s, curr speed    0.489 kHz, avg speed   18.459 kHz), accepted   110001/  110001 events (100.00%)
Processed  4370000/ 4690257 entries (elapsed time   281.7s, curr speed    0.220 kHz, avg speed   15.515 kHz), accepted   120001/  120001 events (100.00%)
Processed  4380000/ 4690257 entries (elapsed time   303.2s, curr speed    0.464 kHz, avg speed   14.446 kHz), accepted   130001/  130001 events (100.00%)
Processed  4390000/ 4690257 entries (elapsed time   325.3s, curr speed    0.452 kHz, avg speed   13.495 kHz), accepted   140001/  140001 events (100.00%)
Processed  4400000/ 4690257 entries (elapsed time   346.5s, curr speed    0.472 kHz, avg speed   12.699 kHz), accepted   150001/  150001 events (100.00%)
Processed  4410000/ 4690257 entries (elapsed time   367.5s, curr speed    0.476 kHz, avg speed   12.001 kHz), accepted   160001/  160001 events (100.00%)
Processed  4420000/ 4690257 entries (elapsed time   388.9s, curr speed    0.467 kHz, avg speed   11.366 kHz), accepted   170001/  170001 events (100.00%)
Processed  4430000/ 4690257 entries (elapsed time   433.1s, curr speed    0.226 kHz, avg speed   10.230 kHz), accepted   180001/  180001 events (100.00%)
Processed  4440000/ 4690257 entries (elapsed time   454.4s, curr speed    0.469 kHz, avg speed    9.772 kHz), accepted   190001/  190001 events (100.00%)
Processed  4450000/ 4690257 entries (elapsed time   474.8s, curr speed    0.489 kHz, avg speed    9.372 kHz), accepted   200001/  200001 events (100.00%)
Processed  4460000/ 4690257 entries (elapsed time   496.8s, curr speed    0.455 kHz, avg speed    8.977 kHz), accepted   210001/  210001 events (100.00%)
Processed  4470000/ 4690257 entries (elapsed time   518.1s, curr speed    0.469 kHz, avg speed    8.627 kHz), accepted   220001/  220001 events (100.00%)
Processed  4480000/ 4690257 entries (elapsed time   538.7s, curr speed    0.488 kHz, avg speed    8.317 kHz), accepted   230001/  230001 events (100.00%)
Processed  4490000/ 4690257 entries (elapsed time   585.5s, curr speed    0.214 kHz, avg speed    7.669 kHz), accepted   240001/  240001 events (100.00%)
Processed 250000 entries from MY_EOS_SPACE/heppyNtuples/TREES_TopDibosonsQCD_94X/QCD_Mu15_part1/treeProducerWMass/tree.root, selected 250000 entries
Done MY_EOS_SPACE/heppyNtuples/TREES_TopDibosonsQCD_94X/friends/tree_Friend_QCD_Mu15_part1.chunk17.root
