000 (323078.011.000) 05/11 15:54:53 Job submitted from host: <188.184.95.166:9618?addrs=188.184.95.166-9618+[2001-1458-201-e4--100-7a0]-9618&alias=tbird02.cern.ch&noUDP&sock=schedd_2138722_faad_3>
...
040 (323078.011.000) 05/11 15:55:35 Started transferring input files
	Transferring to host: <188.184.133.215:9618?addrs=188.184.133.215-9618+[2001-1458-301-a0--100-4d8]-9618&noUDP&sock=13043_b92b_103217>
...
040 (323078.011.000) 05/11 15:55:35 Finished transferring input files
...
001 (323078.011.000) 05/11 15:55:36 Job executing on host: <188.184.133.215:9618?addrs=188.184.133.215-9618+[2001-1458-301-a0--100-4d8]-9618&noUDP&sock=12836_01bf_3>
...
006 (323078.011.000) 05/11 15:55:44 Image size of job updated: 265452
	182  -  MemoryUsage of job (MB)
	186084  -  ResidentSetSize of job (KB)
...
006 (323078.011.000) 05/11 16:00:44 Image size of job updated: 552664
	456  -  MemoryUsage of job (MB)
	466900  -  ResidentSetSize of job (KB)
...
040 (323078.011.000) 05/11 16:02:35 Started transferring output files
...
040 (323078.011.000) 05/11 16:02:35 Finished transferring output files
...
005 (323078.011.000) 05/11 16:02:35 Job terminated.
	(1) Normal termination (return value 1)
		Usr 0 00:06:11, Sys 0 00:00:41  -  Run Remote Usage
		Usr 0 00:00:00, Sys 0 00:00:00  -  Run Local Usage
		Usr 0 00:06:11, Sys 0 00:00:41  -  Total Remote Usage
		Usr 0 00:00:00, Sys 0 00:00:00  -  Total Local Usage
	8468  -  Run Bytes Sent By Job
	10941  -  Run Bytes Received By Job
	8468  -  Total Bytes Sent By Job
	10941  -  Total Bytes Received By Job
	Partitionable Resources :    Usage  Request Allocated 
	   Cpus                 :                 1           
	   Disk (KB)            :       71        1   2104800 
	   Memory (MB)          :      456     2000      2000 
...
