000 (323078.017.000) 05/11 15:54:53 Job submitted from host: <188.184.95.166:9618?addrs=188.184.95.166-9618+[2001-1458-201-e4--100-7a0]-9618&alias=tbird02.cern.ch&noUDP&sock=schedd_2138722_faad_3>
...
022 (323078.017.000) 05/11 15:55:36 Job disconnected, attempting to reconnect
    Socket between submit and execute hosts closed unexpectedly
    Trying to reconnect to slot1_1@b7g28n0612.cern.ch <188.184.186.53:9618?addrs=188.184.186.53-9618+[2001-1458-301-f8--100-12]-9618&noUDP&sock=2358_f868_3>
...
024 (323078.017.000) 05/11 15:55:36 Job reconnection failed
    Job not found at execution machine
    Can not reconnect to slot1_1@b7g28n0612.cern.ch, rescheduling job
...
022 (323078.017.000) 05/11 15:57:12 Job disconnected, attempting to reconnect
    Socket between submit and execute hosts closed unexpectedly
    Trying to reconnect to slot1_2@b7g28n0320.cern.ch <188.184.186.48:9618?addrs=188.184.186.48-9618+[2001-1458-301-f8--100-23]-9618&noUDP&sock=2277_693c_3>
...
024 (323078.017.000) 05/11 15:57:12 Job reconnection failed
    Job not found at execution machine
    Can not reconnect to slot1_2@b7g28n0320.cern.ch, rescheduling job
...
040 (323078.017.000) 05/11 15:57:28 Started transferring input files
	Transferring to host: <188.184.186.25:9618?addrs=188.184.186.25-9618+[2001-1458-301-f8--100-22]-9618&noUDP&sock=29456_2aa7_73>
...
040 (323078.017.000) 05/11 15:57:28 Finished transferring input files
...
001 (323078.017.000) 05/11 15:57:29 Job executing on host: <188.184.186.25:9618?addrs=188.184.186.25-9618+[2001-1458-301-f8--100-22]-9618&noUDP&sock=2442_965d_3>
...
006 (323078.017.000) 05/11 15:57:38 Image size of job updated: 238524
	159  -  MemoryUsage of job (MB)
	162720  -  ResidentSetSize of job (KB)
...
006 (323078.017.000) 05/11 16:02:39 Image size of job updated: 547632
	455  -  MemoryUsage of job (MB)
	465260  -  ResidentSetSize of job (KB)
...
006 (323078.017.000) 05/11 16:07:39 Image size of job updated: 550156
	457  -  MemoryUsage of job (MB)
	467784  -  ResidentSetSize of job (KB)
...
040 (323078.017.000) 05/11 16:08:18 Started transferring output files
...
040 (323078.017.000) 05/11 16:08:18 Finished transferring output files
...
005 (323078.017.000) 05/11 16:08:18 Job terminated.
	(1) Normal termination (return value 1)
		Usr 0 00:09:17, Sys 0 00:00:57  -  Run Remote Usage
		Usr 0 00:00:00, Sys 0 00:00:00  -  Run Local Usage
		Usr 0 00:09:17, Sys 0 00:00:57  -  Total Remote Usage
		Usr 0 00:00:00, Sys 0 00:00:00  -  Total Local Usage
	8469  -  Run Bytes Sent By Job
	10941  -  Run Bytes Received By Job
	8469  -  Total Bytes Sent By Job
	10941  -  Total Bytes Received By Job
	Partitionable Resources :    Usage  Request Allocated 
	   Cpus                 :     0.93        1         1 
	   Disk (KB)            :    79           1    220777 
	   Memory (MB)          :   457        2000      2000 
...
