000 (323106.008.000) 05/11 15:55:10 Job submitted from host: <188.184.95.166:9618?addrs=188.184.95.166-9618+[2001-1458-201-e4--100-7a0]-9618&alias=tbird02.cern.ch&noUDP&sock=schedd_2138722_faad_3>
...
040 (323106.008.000) 05/11 16:07:05 Started transferring input files
	Transferring to host: <188.184.132.252:9618?addrs=188.184.132.252-9618+[2001-1458-301-a0--100-27a]-9618&noUDP&sock=12926_4947_103786>
...
040 (323106.008.000) 05/11 16:07:05 Finished transferring input files
...
001 (323106.008.000) 05/11 16:07:06 Job executing on host: <188.184.132.252:9618?addrs=188.184.132.252-9618+[2001-1458-301-a0--100-27a]-9618&noUDP&sock=12718_1192_3>
...
006 (323106.008.000) 05/11 16:07:15 Image size of job updated: 332456
	244  -  MemoryUsage of job (MB)
	249764  -  ResidentSetSize of job (KB)
...
006 (323106.008.000) 05/11 16:12:16 Image size of job updated: 599664
	505  -  MemoryUsage of job (MB)
	516808  -  ResidentSetSize of job (KB)
...
006 (323106.008.000) 05/11 16:15:18 Image size of job updated: 601480
	505  -  MemoryUsage of job (MB)
	516808  -  ResidentSetSize of job (KB)
...
040 (323106.008.000) 05/11 16:15:18 Started transferring output files
...
040 (323106.008.000) 05/11 16:15:18 Finished transferring output files
...
005 (323106.008.000) 05/11 16:15:18 Job terminated.
	(1) Normal termination (return value 1)
		Usr 0 00:07:12, Sys 0 00:00:54  -  Run Remote Usage
		Usr 0 00:00:00, Sys 0 00:00:00  -  Run Local Usage
		Usr 0 00:07:12, Sys 0 00:00:54  -  Total Remote Usage
		Usr 0 00:00:00, Sys 0 00:00:00  -  Total Local Usage
	8640  -  Run Bytes Sent By Job
	10941  -  Run Bytes Received By Job
	8640  -  Total Bytes Sent By Job
	10941  -  Total Bytes Received By Job
	Partitionable Resources :    Usage  Request Allocated 
	   Cpus                 :                 1           
	   Disk (KB)            :       71        1   2116100 
	   Memory (MB)          :      505     2000      2000 
...
