000 (323106.012.000) 05/11 15:55:10 Job submitted from host: <188.184.95.166:9618?addrs=188.184.95.166-9618+[2001-1458-201-e4--100-7a0]-9618&alias=tbird02.cern.ch&noUDP&sock=schedd_2138722_faad_3>
...
040 (323106.012.000) 05/11 16:07:07 Started transferring input files
	Transferring to host: <188.184.132.124:9618?addrs=188.184.132.124-9618+[2001-1458-301-a0--100-374]-9618&noUDP&sock=3322_6640_102542>
...
040 (323106.012.000) 05/11 16:07:07 Finished transferring input files
...
001 (323106.012.000) 05/11 16:07:08 Job executing on host: <188.184.132.124:9618?addrs=188.184.132.124-9618+[2001-1458-301-a0--100-374]-9618&noUDP&sock=2277_693c_3>
...
006 (323106.012.000) 05/11 16:07:16 Image size of job updated: 259752
	244  -  MemoryUsage of job (MB)
	249420  -  ResidentSetSize of job (KB)
...
006 (323106.012.000) 05/11 16:12:16 Image size of job updated: 426448
	407  -  MemoryUsage of job (MB)
	416304  -  ResidentSetSize of job (KB)
...
040 (323106.012.000) 05/11 16:17:02 Started transferring output files
...
040 (323106.012.000) 05/11 16:17:02 Finished transferring output files
...
005 (323106.012.000) 05/11 16:17:02 Job terminated.
	(1) Normal termination (return value 1)
		Usr 0 00:08:43, Sys 0 00:01:01  -  Run Remote Usage
		Usr 0 00:00:00, Sys 0 00:00:00  -  Run Local Usage
		Usr 0 00:08:43, Sys 0 00:01:01  -  Total Remote Usage
		Usr 0 00:00:00, Sys 0 00:00:00  -  Total Local Usage
	8027  -  Run Bytes Sent By Job
	10941  -  Run Bytes Received By Job
	8027  -  Total Bytes Sent By Job
	10941  -  Total Bytes Received By Job
	Partitionable Resources :    Usage  Request Allocated 
	   Cpus                 :                 1           
	   Disk (KB)            :       70        1   2085494 
	   Memory (MB)          :      407     2000      2000 
...
