000 (323106.007.000) 05/11 15:55:10 Job submitted from host: <188.184.95.166:9618?addrs=188.184.95.166-9618+[2001-1458-201-e4--100-7a0]-9618&alias=tbird02.cern.ch&noUDP&sock=schedd_2138722_faad_3>
...
040 (323106.007.000) 05/11 16:07:05 Started transferring input files
	Transferring to host: <188.184.133.215:9618?addrs=188.184.133.215-9618+[2001-1458-301-a0--100-4d8]-9618&noUDP&sock=13043_b92b_103222>
...
040 (323106.007.000) 05/11 16:07:05 Finished transferring input files
...
001 (323106.007.000) 05/11 16:07:06 Job executing on host: <188.184.133.215:9618?addrs=188.184.133.215-9618+[2001-1458-301-a0--100-4d8]-9618&noUDP&sock=12836_01bf_3>
...
006 (323106.007.000) 05/11 16:07:15 Image size of job updated: 332748
	245  -  MemoryUsage of job (MB)
	249916  -  ResidentSetSize of job (KB)
...
006 (323106.007.000) 05/11 16:12:16 Image size of job updated: 598348
	504  -  MemoryUsage of job (MB)
	515352  -  ResidentSetSize of job (KB)
...
006 (323106.007.000) 05/11 16:15:24 Image size of job updated: 682296
	504  -  MemoryUsage of job (MB)
	515352  -  ResidentSetSize of job (KB)
...
040 (323106.007.000) 05/11 16:15:24 Started transferring output files
...
040 (323106.007.000) 05/11 16:15:24 Finished transferring output files
...
005 (323106.007.000) 05/11 16:15:24 Job terminated.
	(1) Normal termination (return value 1)
		Usr 0 00:07:23, Sys 0 00:00:49  -  Run Remote Usage
		Usr 0 00:00:00, Sys 0 00:00:00  -  Run Local Usage
		Usr 0 00:07:23, Sys 0 00:00:49  -  Total Remote Usage
		Usr 0 00:00:00, Sys 0 00:00:00  -  Total Local Usage
	8640  -  Run Bytes Sent By Job
	10941  -  Run Bytes Received By Job
	8640  -  Total Bytes Sent By Job
	10941  -  Total Bytes Received By Job
	Partitionable Resources :    Usage  Request Allocated 
	   Cpus                 :                 1           
	   Disk (KB)            :       71        1   2104617 
	   Memory (MB)          :      504     2000      2000 
...
