000 (323106.004.000) 05/11 15:55:10 Job submitted from host: <188.184.95.166:9618?addrs=188.184.95.166-9618+[2001-1458-201-e4--100-7a0]-9618&alias=tbird02.cern.ch&noUDP&sock=schedd_2138722_faad_3>
...
040 (323106.004.000) 05/11 16:07:04 Started transferring input files
	Transferring to host: <128.142.240.54:9618?addrs=128.142.240.54-9618+[--1]-9618&noUDP&sock=3141_de59_9386>
...
040 (323106.004.000) 05/11 16:07:04 Finished transferring input files
...
001 (323106.004.000) 05/11 16:07:05 Job executing on host: <128.142.240.54:9618?addrs=128.142.240.54-9618+[--1]-9618&noUDP&sock=2277_693c_3>
...
006 (323106.004.000) 05/11 16:07:14 Image size of job updated: 307268
	220  -  MemoryUsage of job (MB)
	224740  -  ResidentSetSize of job (KB)
...
006 (323106.004.000) 05/11 16:12:15 Image size of job updated: 599052
	505  -  MemoryUsage of job (MB)
	516272  -  ResidentSetSize of job (KB)
...
006 (323106.004.000) 05/11 16:15:58 Image size of job updated: 601908
	505  -  MemoryUsage of job (MB)
	516272  -  ResidentSetSize of job (KB)
...
040 (323106.004.000) 05/11 16:15:58 Started transferring output files
...
040 (323106.004.000) 05/11 16:15:58 Finished transferring output files
...
005 (323106.004.000) 05/11 16:15:58 Job terminated.
	(1) Normal termination (return value 1)
		Usr 0 00:07:40, Sys 0 00:00:59  -  Run Remote Usage
		Usr 0 00:00:00, Sys 0 00:00:00  -  Run Local Usage
		Usr 0 00:07:40, Sys 0 00:00:59  -  Total Remote Usage
		Usr 0 00:00:00, Sys 0 00:00:00  -  Total Local Usage
	13948  -  Run Bytes Sent By Job
	10941  -  Run Bytes Received By Job
	13948  -  Total Bytes Sent By Job
	10941  -  Total Bytes Received By Job
	Partitionable Resources :    Usage  Request Allocated 
	   Cpus                 :                 1           
	   Disk (KB)            :       73        1   2167083 
	   Memory (MB)          :      505     2000      2000 
...
