000 (323106.005.000) 05/11 15:55:10 Job submitted from host: <188.184.95.166:9618?addrs=188.184.95.166-9618+[2001-1458-201-e4--100-7a0]-9618&alias=tbird02.cern.ch&noUDP&sock=schedd_2138722_faad_3>
...
040 (323106.005.000) 05/11 16:07:04 Started transferring input files
	Transferring to host: <128.142.33.151:9618?addrs=128.142.33.151-9618+[2001-1458-301-117--100-1c5]-9618&noUDP&sock=13065_396c_103404>
...
040 (323106.005.000) 05/11 16:07:04 Finished transferring input files
...
001 (323106.005.000) 05/11 16:07:05 Job executing on host: <128.142.33.151:9618?addrs=128.142.33.151-9618+[2001-1458-301-117--100-1c5]-9618&noUDP&sock=12844_7e81_3>
...
006 (323106.005.000) 05/11 16:07:14 Image size of job updated: 331400
	244  -  MemoryUsage of job (MB)
	249332  -  ResidentSetSize of job (KB)
...
006 (323106.005.000) 05/11 16:12:15 Image size of job updated: 516548
	504  -  MemoryUsage of job (MB)
	515988  -  ResidentSetSize of job (KB)
...
006 (323106.005.000) 05/11 16:16:04 Image size of job updated: 520236
	504  -  MemoryUsage of job (MB)
	515988  -  ResidentSetSize of job (KB)
...
040 (323106.005.000) 05/11 16:16:04 Started transferring output files
...
040 (323106.005.000) 05/11 16:16:04 Finished transferring output files
...
005 (323106.005.000) 05/11 16:16:04 Job terminated.
	(1) Normal termination (return value 1)
		Usr 0 00:07:49, Sys 0 00:00:56  -  Run Remote Usage
		Usr 0 00:00:00, Sys 0 00:00:00  -  Run Local Usage
		Usr 0 00:07:49, Sys 0 00:00:56  -  Total Remote Usage
		Usr 0 00:00:00, Sys 0 00:00:00  -  Total Local Usage
	8640  -  Run Bytes Sent By Job
	10941  -  Run Bytes Received By Job
	8640  -  Total Bytes Sent By Job
	10941  -  Total Bytes Received By Job
	Partitionable Resources :    Usage  Request Allocated 
	   Cpus                 :                 1           
	   Disk (KB)            :       71        1   2170402 
	   Memory (MB)          :      504     2000      2000 
...
