   T_tWch_noFullyHad_powheg_part1   MC  13 chunks


I have 1 taks to process
I'm using the following list of modules DEFAULT_MODULES
this is jobs [('T_tWch_noFullyHad_powheg_part1', 'MY_EOS_SPACE/heppyNtuples/TREES_TopDibosonsQCD_94X/T_tWch_noFullyHad_powheg_part1/treeProducerWMass/tree.root', 5424845.0, '_Friend_T_tWch_noFullyHad_powheg_part1.chunk9', False, xrange(2250000, 2500000), 9)]
Modules to run:  []   name =  puWeight
Loading puWeight from CMGTools.WMass.postprocessing.examples.puWeightProducer 
Running on dataset =  T_tWch_noFullyHad_powheg_part1
TFile: name=/afs/cern.ch/work/m/mciprian/w_mass_analysis/heppy/rel_slc7/CMSSW_9_4_12/src/CMGTools/WMass/python/postprocessing/data/pileup/mcPU_2016_W94XnoCutsWithGenWeights_nTrueInt.root, title=, option=READ
TFile: name=/afs/cern.ch/work/m/mciprian/w_mass_analysis/heppy/rel_slc7/CMSSW_9_4_12/src/CMGTools/WMass/python/postprocessing/data/pileup/PileupData_GoldenMuonJSON_Full2016.root, title=, option=READ
Load C++ Worker
Modules to run:  []   name =  muCalibratedWithStatVar
Loading muCalibratedWithStatVar from CMGTools.WMass.postprocessing.examples.lepVarProducer 
Running on dataset =  T_tWch_noFullyHad_powheg_part1
did not find EnergyScaleCorrection shared object, rebuilding
trying to load all the rochester correction libraries
did not find legacy data roccor. rebuilding...
done building legacy data roccor.
Modules to run:  []   name =  jetAllReCleaner
Loading jetAllReCleaner from CMGTools.WMass.postprocessing.examples.jetReCleaner 
Running on dataset =  T_tWch_noFullyHad_powheg_part1
Load C++ Worker
Modules to run:  []   name =  jetReCleaner
Loading jetReCleaner from CMGTools.WMass.postprocessing.examples.jetReCleaner 
Running on dataset =  T_tWch_noFullyHad_powheg_part1
Load C++ Worker
Modules to run:  []   name =  genQEDJets
Loading genQEDJets from CMGTools.WMass.postprocessing.examples.genFriendProducer 
Running on dataset =  T_tWch_noFullyHad_powheg_part1
Will write selected trees to MY_EOS_SPACE/heppyNtuples/TREES_TopDibosonsQCD_94X/friends/
Normalization of nTrueInt_Wnopt: 3.68902e+10
Normalization of pileup: 3.68902e+10
Weights for variable nTrueInt_Wnopt with a number of bins equal to 102:
1 0.3634 0.9215 1.196 0.96 1.118 1.157 0.9675 0.9293 0.9192 0.8823 0.9553 1.062 1.116 1.167 1.194 1.2 1.193 1.177 1.14 1.092 1.06 1.047 1.046 1.047 1.048 1.06 1.077 1.092 1.106 1.122 1.108 1.097 1.051 0.992 0.9144 0.8237 0.7175 0.6087 0.5019 0.4029 0.3076 0.2264 0.1622 0.1123 0.07656 0.05052 0.03159 0.01992 0.01212 0.007355 0.004361 0.002593 0.001553 0.0009624 0.0007219 0.0006632 0.0007233 0.0009289 0.001329 0.001772 0.003222 0.004042 0.00487 0.005064 0.005658 0.005309 0.004846 0.004101 0.003977 0.003686 0.003306 0.002672 0.002286 0.001878 0.00167 1 1 1 1 1 1 1 1 1 1 1 1 1 1 1 1 1 1 1 1 1 1 1 1 1 1 .
Final weights: 
1 0.3634 0.9215 1.196 0.96 1.118 1.157 0.9675 0.9293 0.9192 0.8823 0.9553 1.062 1.116 1.167 1.194 1.2 1.193 1.177 1.14 1.092 1.06 1.047 1.046 1.047 1.048 1.06 1.077 1.092 1.106 1.122 1.108 1.097 1.051 0.992 0.9144 0.8237 0.7175 0.6087 0.5019 0.4029 0.3076 0.2264 0.1622 0.1123 0.07656 0.05052 0.03159 0.01992 0.01212 0.007355 0.004361 0.002593 0.001553 0.0009624 0.0007219 0.0006632 0.0007233 0.0009289 0.001329 0.001772 0.003222 0.004042 0.00487 0.005064 0.005658 0.005309 0.004846 0.004101 0.003977 0.003686 0.003306 0.002672 0.002286 0.001878 0.00167 1 1 1 1 1 1 1 1 1 1 1 1 1 1 1 1 1 1 1 1 1 1 1 1 1 1 .
begin job of lepCalProducer
initializing all the rochester correction objects
initializing the egamma calibrator
Processed  2250000/ 3207588 entries (elapsed time     0.3s, curr speed   31.250 kHz, avg speed 7031.250 kHz), accepted        1/       1 events (100.00%)
Processed  2260000/ 3207588 entries (elapsed time    23.3s, curr speed    0.434 kHz, avg speed   96.829 kHz), accepted    10001/   10001 events (100.00%)
Processed  2270000/ 3207588 entries (elapsed time    43.7s, curr speed    0.492 kHz, avg speed   51.993 kHz), accepted    20001/   20001 events (100.00%)
Processed  2280000/ 3207588 entries (elapsed time    62.8s, curr speed    0.523 kHz, avg speed   36.312 kHz), accepted    30001/   30001 events (100.00%)
Processed  2290000/ 3207588 entries (elapsed time    82.2s, curr speed    0.516 kHz, avg speed   27.866 kHz), accepted    40001/   40001 events (100.00%)
Processed  2300000/ 3207588 entries (elapsed time   101.6s, curr speed    0.515 kHz, avg speed   22.638 kHz), accepted    50001/   50001 events (100.00%)
Processed  2310000/ 3207588 entries (elapsed time   120.8s, curr speed    0.522 kHz, avg speed   19.130 kHz), accepted    60001/   60001 events (100.00%)
Processed  2320000/ 3207588 entries (elapsed time   138.8s, curr speed    0.554 kHz, avg speed   16.715 kHz), accepted    70001/   70001 events (100.00%)
Processed  2330000/ 3207588 entries (elapsed time   155.3s, curr speed    0.606 kHz, avg speed   15.003 kHz), accepted    80001/   80001 events (100.00%)
Processed  2340000/ 3207588 entries (elapsed time   171.6s, curr speed    0.612 kHz, avg speed   13.633 kHz), accepted    90001/   90001 events (100.00%)
Processed  2350000/ 3207588 entries (elapsed time   187.9s, curr speed    0.615 kHz, avg speed   12.507 kHz), accepted   100001/  100001 events (100.00%)
Processed  2360000/ 3207588 entries (elapsed time   204.3s, curr speed    0.609 kHz, avg speed   11.551 kHz), accepted   110001/  110001 events (100.00%)
Processed  2370000/ 3207588 entries (elapsed time   220.5s, curr speed    0.620 kHz, avg speed   10.750 kHz), accepted   120001/  120001 events (100.00%)
Processed  2380000/ 3207588 entries (elapsed time   259.4s, curr speed    0.257 kHz, avg speed    9.174 kHz), accepted   130001/  130001 events (100.00%)
Processed  2390000/ 3207588 entries (elapsed time   275.4s, curr speed    0.626 kHz, avg speed    8.678 kHz), accepted   140001/  140001 events (100.00%)
Processed  2400000/ 3207588 entries (elapsed time   291.0s, curr speed    0.643 kHz, avg speed    8.248 kHz), accepted   150001/  150001 events (100.00%)
Processed  2410000/ 3207588 entries (elapsed time   306.8s, curr speed    0.631 kHz, avg speed    7.855 kHz), accepted   160001/  160001 events (100.00%)
Processed  2420000/ 3207588 entries (elapsed time   322.5s, curr speed    0.638 kHz, avg speed    7.504 kHz), accepted   170001/  170001 events (100.00%)
Processed  2430000/ 3207588 entries (elapsed time   338.4s, curr speed    0.630 kHz, avg speed    7.182 kHz), accepted   180001/  180001 events (100.00%)
Processed  2440000/ 3207588 entries (elapsed time   375.5s, curr speed    0.269 kHz, avg speed    6.498 kHz), accepted   190001/  190001 events (100.00%)
Processed  2450000/ 3207588 entries (elapsed time   391.0s, curr speed    0.644 kHz, avg speed    6.266 kHz), accepted   200001/  200001 events (100.00%)
Processed  2460000/ 3207588 entries (elapsed time   406.6s, curr speed    0.642 kHz, avg speed    6.050 kHz), accepted   210001/  210001 events (100.00%)
Processed  2470000/ 3207588 entries (elapsed time   422.0s, curr speed    0.648 kHz, avg speed    5.853 kHz), accepted   220001/  220001 events (100.00%)
Processed  2480000/ 3207588 entries (elapsed time   437.0s, curr speed    0.669 kHz, avg speed    5.675 kHz), accepted   230001/  230001 events (100.00%)
Processed  2490000/ 3207588 entries (elapsed time   451.8s, curr speed    0.677 kHz, avg speed    5.512 kHz), accepted   240001/  240001 events (100.00%)
Processed 250000 entries from MY_EOS_SPACE/heppyNtuples/TREES_TopDibosonsQCD_94X/T_tWch_noFullyHad_powheg_part1/treeProducerWMass/tree.root, selected 250000 entries
Done MY_EOS_SPACE/heppyNtuples/TREES_TopDibosonsQCD_94X/friends/tree_Friend_T_tWch_noFullyHad_powheg_part1.chunk9.root
