000 (323106.001.000) 05/11 15:55:10 Job submitted from host: <188.184.95.166:9618?addrs=188.184.95.166-9618+[2001-1458-201-e4--100-7a0]-9618&alias=tbird02.cern.ch&noUDP&sock=schedd_2138722_faad_3>
...
040 (323106.001.000) 05/11 16:07:04 Started transferring input files
	Transferring to host: <128.142.240.10:9618?addrs=128.142.240.10-9618+[2001-1458-301-f9--100-15]-9618&noUDP&sock=4200_07a4_127745>
...
040 (323106.001.000) 05/11 16:07:04 Finished transferring input files
...
001 (323106.001.000) 05/11 16:07:05 Job executing on host: <128.142.240.10:9618?addrs=128.142.240.10-9618+[2001-1458-301-f9--100-15]-9618&noUDP&sock=2379_5fe5_3>
...
006 (323106.001.000) 05/11 16:07:14 Image size of job updated: 333464
	246  -  MemoryUsage of job (MB)
	251008  -  ResidentSetSize of job (KB)
...
006 (323106.001.000) 05/11 16:12:15 Image size of job updated: 598604
	504  -  MemoryUsage of job (MB)
	516092  -  ResidentSetSize of job (KB)
...
006 (323106.001.000) 05/11 16:15:25 Image size of job updated: 602444
	504  -  MemoryUsage of job (MB)
	516092  -  ResidentSetSize of job (KB)
...
040 (323106.001.000) 05/11 16:15:25 Started transferring output files
...
040 (323106.001.000) 05/11 16:15:25 Finished transferring output files
...
005 (323106.001.000) 05/11 16:15:25 Job terminated.
	(1) Normal termination (return value 1)
		Usr 0 00:07:23, Sys 0 00:00:54  -  Run Remote Usage
		Usr 0 00:00:00, Sys 0 00:00:00  -  Run Local Usage
		Usr 0 00:07:23, Sys 0 00:00:54  -  Total Remote Usage
		Usr 0 00:00:00, Sys 0 00:00:00  -  Total Local Usage
	8638  -  Run Bytes Sent By Job
	10941  -  Run Bytes Received By Job
	8638  -  Total Bytes Sent By Job
	10941  -  Total Bytes Received By Job
	Partitionable Resources :    Usage  Request Allocated 
	   Cpus                 :                 1           
	   Disk (KB)            :       71        1   2136067 
	   Memory (MB)          :      504     2000      2000 
...
