   TBar_tWch_noFullyHad_powheg_part1   MC  13 chunks


I have 1 taks to process
I'm using the following list of modules DEFAULT_MODULES
this is jobs [('TBar_tWch_noFullyHad_powheg_part1', 'MY_EOS_SPACE/heppyNtuples/TREES_TopDibosonsQCD_94X/TBar_tWch_noFullyHad_powheg_part1/treeProducerWMass/tree.root', 5425134.0, '_Friend_TBar_tWch_noFullyHad_powheg_part1.chunk4', False, xrange(1000000, 1250000), 4)]
Modules to run:  []   name =  puWeight
Loading puWeight from CMGTools.WMass.postprocessing.examples.puWeightProducer 
Running on dataset =  TBar_tWch_noFullyHad_powheg_part1
TFile: name=/afs/cern.ch/work/m/mciprian/w_mass_analysis/heppy/rel_slc7/CMSSW_9_4_12/src/CMGTools/WMass/python/postprocessing/data/pileup/mcPU_2016_W94XnoCutsWithGenWeights_nTrueInt.root, title=, option=READ
TFile: name=/afs/cern.ch/work/m/mciprian/w_mass_analysis/heppy/rel_slc7/CMSSW_9_4_12/src/CMGTools/WMass/python/postprocessing/data/pileup/PileupData_GoldenMuonJSON_Full2016.root, title=, option=READ
Load C++ Worker
Modules to run:  []   name =  muCalibratedWithStatVar
Loading muCalibratedWithStatVar from CMGTools.WMass.postprocessing.examples.lepVarProducer 
Running on dataset =  TBar_tWch_noFullyHad_powheg_part1
did not find EnergyScaleCorrection shared object, rebuilding
trying to load all the rochester correction libraries
did not find legacy data roccor. rebuilding...
done building legacy data roccor.
Modules to run:  []   name =  jetAllReCleaner
Loading jetAllReCleaner from CMGTools.WMass.postprocessing.examples.jetReCleaner 
Running on dataset =  TBar_tWch_noFullyHad_powheg_part1
Load C++ Worker
Modules to run:  []   name =  jetReCleaner
Loading jetReCleaner from CMGTools.WMass.postprocessing.examples.jetReCleaner 
Running on dataset =  TBar_tWch_noFullyHad_powheg_part1
Load C++ Worker
Modules to run:  []   name =  genQEDJets
Loading genQEDJets from CMGTools.WMass.postprocessing.examples.genFriendProducer 
Running on dataset =  TBar_tWch_noFullyHad_powheg_part1
Will write selected trees to MY_EOS_SPACE/heppyNtuples/TREES_TopDibosonsQCD_94X/friends/
Normalization of nTrueInt_Wnopt: 3.68902e+10
Normalization of pileup: 3.68902e+10
Weights for variable nTrueInt_Wnopt with a number of bins equal to 102:
1 0.3634 0.9215 1.196 0.96 1.118 1.157 0.9675 0.9293 0.9192 0.8823 0.9553 1.062 1.116 1.167 1.194 1.2 1.193 1.177 1.14 1.092 1.06 1.047 1.046 1.047 1.048 1.06 1.077 1.092 1.106 1.122 1.108 1.097 1.051 0.992 0.9144 0.8237 0.7175 0.6087 0.5019 0.4029 0.3076 0.2264 0.1622 0.1123 0.07656 0.05052 0.03159 0.01992 0.01212 0.007355 0.004361 0.002593 0.001553 0.0009624 0.0007219 0.0006632 0.0007233 0.0009289 0.001329 0.001772 0.003222 0.004042 0.00487 0.005064 0.005658 0.005309 0.004846 0.004101 0.003977 0.003686 0.003306 0.002672 0.002286 0.001878 0.00167 1 1 1 1 1 1 1 1 1 1 1 1 1 1 1 1 1 1 1 1 1 1 1 1 1 1 .
Final weights: 
1 0.3634 0.9215 1.196 0.96 1.118 1.157 0.9675 0.9293 0.9192 0.8823 0.9553 1.062 1.116 1.167 1.194 1.2 1.193 1.177 1.14 1.092 1.06 1.047 1.046 1.047 1.048 1.06 1.077 1.092 1.106 1.122 1.108 1.097 1.051 0.992 0.9144 0.8237 0.7175 0.6087 0.5019 0.4029 0.3076 0.2264 0.1622 0.1123 0.07656 0.05052 0.03159 0.01992 0.01212 0.007355 0.004361 0.002593 0.001553 0.0009624 0.0007219 0.0006632 0.0007233 0.0009289 0.001329 0.001772 0.003222 0.004042 0.00487 0.005064 0.005658 0.005309 0.004846 0.004101 0.003977 0.003686 0.003306 0.002672 0.002286 0.001878 0.00167 1 1 1 1 1 1 1 1 1 1 1 1 1 1 1 1 1 1 1 1 1 1 1 1 1 1 .
begin job of lepCalProducer
initializing all the rochester correction objects
initializing the egamma calibrator
Processed  1000000/ 3205027 entries (elapsed time     0.3s, curr speed   33.333 kHz, avg speed 3333.333 kHz), accepted        1/       1 events (100.00%)
Processed  1010000/ 3205027 entries (elapsed time    19.8s, curr speed    0.514 kHz, avg speed   51.088 kHz), accepted    10001/   10001 events (100.00%)
Processed  1020000/ 3205027 entries (elapsed time    38.4s, curr speed    0.536 kHz, avg speed   26.549 kHz), accepted    20001/   20001 events (100.00%)
Processed  1030000/ 3205027 entries (elapsed time    58.5s, curr speed    0.499 kHz, avg speed   17.622 kHz), accepted    30001/   30001 events (100.00%)
Processed  1040000/ 3205027 entries (elapsed time    78.9s, curr speed    0.490 kHz, avg speed   13.188 kHz), accepted    40001/   40001 events (100.00%)
Processed  1050000/ 3205027 entries (elapsed time    98.6s, curr speed    0.506 kHz, avg speed   10.647 kHz), accepted    50001/   50001 events (100.00%)
Processed  1060000/ 3205027 entries (elapsed time   118.8s, curr speed    0.497 kHz, avg speed    8.926 kHz), accepted    60001/   60001 events (100.00%)
Processed  1070000/ 3205027 entries (elapsed time   136.8s, curr speed    0.554 kHz, avg speed    7.822 kHz), accepted    70001/   70001 events (100.00%)
Processed  1080000/ 3205027 entries (elapsed time   153.4s, curr speed    0.603 kHz, avg speed    7.041 kHz), accepted    80001/   80001 events (100.00%)
Processed  1090000/ 3205027 entries (elapsed time   169.7s, curr speed    0.612 kHz, avg speed    6.423 kHz), accepted    90001/   90001 events (100.00%)
Processed  1100000/ 3205027 entries (elapsed time   186.3s, curr speed    0.601 kHz, avg speed    5.903 kHz), accepted   100001/  100001 events (100.00%)
Processed  1110000/ 3205027 entries (elapsed time   203.2s, curr speed    0.593 kHz, avg speed    5.463 kHz), accepted   110001/  110001 events (100.00%)
Processed  1120000/ 3205027 entries (elapsed time   219.7s, curr speed    0.605 kHz, avg speed    5.097 kHz), accepted   120001/  120001 events (100.00%)
Processed  1130000/ 3205027 entries (elapsed time   260.1s, curr speed    0.248 kHz, avg speed    4.344 kHz), accepted   130001/  130001 events (100.00%)
Processed  1140000/ 3205027 entries (elapsed time   277.0s, curr speed    0.593 kHz, avg speed    4.116 kHz), accepted   140001/  140001 events (100.00%)
Processed  1150000/ 3205027 entries (elapsed time   293.5s, curr speed    0.606 kHz, avg speed    3.919 kHz), accepted   150001/  150001 events (100.00%)
Processed  1160000/ 3205027 entries (elapsed time   310.2s, curr speed    0.598 kHz, avg speed    3.740 kHz), accepted   160001/  160001 events (100.00%)
Processed  1170000/ 3205027 entries (elapsed time   326.6s, curr speed    0.610 kHz, avg speed    3.582 kHz), accepted   170001/  170001 events (100.00%)
Processed  1180000/ 3205027 entries (elapsed time   343.1s, curr speed    0.604 kHz, avg speed    3.439 kHz), accepted   180001/  180001 events (100.00%)
Processed  1190000/ 3205027 entries (elapsed time   382.5s, curr speed    0.254 kHz, avg speed    3.111 kHz), accepted   190001/  190001 events (100.00%)
Processed  1200000/ 3205027 entries (elapsed time   398.9s, curr speed    0.608 kHz, avg speed    3.008 kHz), accepted   200001/  200001 events (100.00%)
Processed  1210000/ 3205027 entries (elapsed time   414.8s, curr speed    0.629 kHz, avg speed    2.917 kHz), accepted   210001/  210001 events (100.00%)
Processed  1220000/ 3205027 entries (elapsed time   430.9s, curr speed    0.624 kHz, avg speed    2.831 kHz), accepted   220001/  220001 events (100.00%)
Processed  1230000/ 3205027 entries (elapsed time   447.0s, curr speed    0.619 kHz, avg speed    2.751 kHz), accepted   230001/  230001 events (100.00%)
Processed  1240000/ 3205027 entries (elapsed time   463.1s, curr speed    0.623 kHz, avg speed    2.678 kHz), accepted   240001/  240001 events (100.00%)
Processed 250000 entries from MY_EOS_SPACE/heppyNtuples/TREES_TopDibosonsQCD_94X/TBar_tWch_noFullyHad_powheg_part1/treeProducerWMass/tree.root, selected 250000 entries
Done MY_EOS_SPACE/heppyNtuples/TREES_TopDibosonsQCD_94X/friends/tree_Friend_TBar_tWch_noFullyHad_powheg_part1.chunk4.root
