000 (323079.000.000) 05/11 15:54:54 Job submitted from host: <188.184.95.166:9618?addrs=188.184.95.166-9618+[2001-1458-201-e4--100-7a0]-9618&alias=tbird02.cern.ch&noUDP&sock=schedd_2138722_faad_3>
...
022 (323079.000.000) 05/11 15:55:37 Job disconnected, attempting to reconnect
    Socket between submit and execute hosts closed unexpectedly
    Trying to reconnect to slot1_1@b7g27n6836.cern.ch <188.184.207.128:9618?addrs=188.184.207.128-9618+[2001-1458-301-7d--100-384]-9618&noUDP&sock=2323_f698_3>
...
024 (323079.000.000) 05/11 15:55:38 Job reconnection failed
    Job not found at execution machine
    Can not reconnect to slot1_1@b7g27n6836.cern.ch, rescheduling job
...
040 (323079.000.000) 05/11 15:57:13 Started transferring input files
	Transferring to host: <188.184.132.42:9618?addrs=188.184.132.42-9618+[2001-1458-301-a0--100-34]-9618&noUDP&sock=4115_23c0_126988>
...
040 (323079.000.000) 05/11 15:57:13 Finished transferring input files
...
001 (323079.000.000) 05/11 15:57:14 Job executing on host: <188.184.132.42:9618?addrs=188.184.132.42-9618+[2001-1458-301-a0--100-34]-9618&noUDP&sock=2407_948c_3>
...
006 (323079.000.000) 05/11 15:57:22 Image size of job updated: 268408
	185  -  MemoryUsage of job (MB)
	188524  -  ResidentSetSize of job (KB)
...
006 (323079.000.000) 05/11 16:02:22 Image size of job updated: 628544
	530  -  MemoryUsage of job (MB)
	542192  -  ResidentSetSize of job (KB)
...
040 (323079.000.000) 05/11 16:04:13 Started transferring output files
...
040 (323079.000.000) 05/11 16:04:13 Finished transferring output files
...
005 (323079.000.000) 05/11 16:04:13 Job terminated.
	(1) Normal termination (return value 1)
		Usr 0 00:06:08, Sys 0 00:00:44  -  Run Remote Usage
		Usr 0 00:00:00, Sys 0 00:00:00  -  Run Local Usage
		Usr 0 00:06:08, Sys 0 00:00:44  -  Total Remote Usage
		Usr 0 00:00:00, Sys 0 00:00:00  -  Total Local Usage
	8483  -  Run Bytes Sent By Job
	10941  -  Run Bytes Received By Job
	8483  -  Total Bytes Sent By Job
	10941  -  Total Bytes Received By Job
	Partitionable Resources :    Usage  Request Allocated 
	   Cpus                 :                 1           
	   Disk (KB)            :       71        1   2191557 
	   Memory (MB)          :      530     2000      2000 
...
