000 (323080.011.000) 05/11 15:54:54 Job submitted from host: <188.184.95.166:9618?addrs=188.184.95.166-9618+[2001-1458-201-e4--100-7a0]-9618&alias=tbird02.cern.ch&noUDP&sock=schedd_2138722_faad_3>
...
040 (323080.011.000) 05/11 15:55:44 Started transferring input files
	Transferring to host: <188.184.133.216:9618?addrs=188.184.133.216-9618+[2001-1458-301-a0--100-2ed]-9618&noUDP&sock=13090_d6cd_103389>
...
040 (323080.011.000) 05/11 15:55:44 Finished transferring input files
...
001 (323080.011.000) 05/11 15:55:45 Job executing on host: <188.184.133.216:9618?addrs=188.184.133.216-9618+[2001-1458-301-a0--100-2ed]-9618&noUDP&sock=12881_df82_3>
...
006 (323080.011.000) 05/11 15:55:53 Image size of job updated: 204480
	124  -  MemoryUsage of job (MB)
	126320  -  ResidentSetSize of job (KB)
...
006 (323080.011.000) 05/11 16:00:53 Image size of job updated: 600224
	504  -  MemoryUsage of job (MB)
	515604  -  ResidentSetSize of job (KB)
...
040 (323080.011.000) 05/11 16:04:43 Started transferring output files
...
040 (323080.011.000) 05/11 16:04:43 Finished transferring output files
...
005 (323080.011.000) 05/11 16:04:43 Job terminated.
	(1) Normal termination (return value 1)
		Usr 0 00:07:52, Sys 0 00:00:55  -  Run Remote Usage
		Usr 0 00:00:00, Sys 0 00:00:00  -  Run Local Usage
		Usr 0 00:07:52, Sys 0 00:00:55  -  Total Remote Usage
		Usr 0 00:00:00, Sys 0 00:00:00  -  Total Local Usage
	8676  -  Run Bytes Sent By Job
	10941  -  Run Bytes Received By Job
	8676  -  Total Bytes Sent By Job
	10941  -  Total Bytes Received By Job
	Partitionable Resources :    Usage  Request Allocated 
	   Cpus                 :                 1           
	   Disk (KB)            :       71        1   2136576 
	   Memory (MB)          :      504     2000      2000 
...
