000 (323080.005.000) 05/11 15:54:54 Job submitted from host: <188.184.95.166:9618?addrs=188.184.95.166-9618+[2001-1458-201-e4--100-7a0]-9618&alias=tbird02.cern.ch&noUDP&sock=schedd_2138722_faad_3>
...
040 (323080.005.000) 05/11 15:55:43 Started transferring input files
	Transferring to host: <128.142.33.184:9618?addrs=128.142.33.184-9618+[2001-1458-301-117--100-2d8]-9618&noUDP&sock=13080_cb0d_102690>
...
040 (323080.005.000) 05/11 15:55:43 Finished transferring input files
...
001 (323080.005.000) 05/11 15:55:44 Job executing on host: <128.142.33.184:9618?addrs=128.142.33.184-9618+[2001-1458-301-117--100-2d8]-9618&noUDP&sock=12872_b328_3>
...
006 (323080.005.000) 05/11 15:55:52 Image size of job updated: 225980
	144  -  MemoryUsage of job (MB)
	147436  -  ResidentSetSize of job (KB)
...
006 (323080.005.000) 05/11 16:00:52 Image size of job updated: 519156
	505  -  MemoryUsage of job (MB)
	516244  -  ResidentSetSize of job (KB)
...
040 (323080.005.000) 05/11 16:04:13 Started transferring output files
...
040 (323080.005.000) 05/11 16:04:13 Finished transferring output files
...
005 (323080.005.000) 05/11 16:04:13 Job terminated.
	(1) Normal termination (return value 1)
		Usr 0 00:07:29, Sys 0 00:00:51  -  Run Remote Usage
		Usr 0 00:00:00, Sys 0 00:00:00  -  Run Local Usage
		Usr 0 00:07:29, Sys 0 00:00:51  -  Total Remote Usage
		Usr 0 00:00:00, Sys 0 00:00:00  -  Total Local Usage
	8673  -  Run Bytes Sent By Job
	10941  -  Run Bytes Received By Job
	8673  -  Total Bytes Sent By Job
	10941  -  Total Bytes Received By Job
	Partitionable Resources :    Usage  Request Allocated 
	   Cpus                 :                 1           
	   Disk (KB)            :       71        1   2103575 
	   Memory (MB)          :      505     2000      2000 
...
