   TBarToLeptons_tch_powheg_part1   MC  7 chunks


I have 1 taks to process
I'm using the following list of modules DEFAULT_MODULES
this is jobs [('TBarToLeptons_tch_powheg_part1', 'MY_EOS_SPACE/heppyNtuples/TREES_TopDibosonsQCD_94X/TBarToLeptons_tch_powheg_part1/treeProducerWMass/tree.root', 99386815.41807672, '_Friend_TBarToLeptons_tch_powheg_part1.chunk2', False, xrange(500000, 750000), 2)]
Modules to run:  []   name =  puWeight
Loading puWeight from CMGTools.WMass.postprocessing.examples.puWeightProducer 
Running on dataset =  TBarToLeptons_tch_powheg_part1
TFile: name=/afs/cern.ch/work/m/mciprian/w_mass_analysis/heppy/rel_slc7/CMSSW_9_4_12/src/CMGTools/WMass/python/postprocessing/data/pileup/mcPU_2016_W94XnoCutsWithGenWeights_nTrueInt.root, title=, option=READ
TFile: name=/afs/cern.ch/work/m/mciprian/w_mass_analysis/heppy/rel_slc7/CMSSW_9_4_12/src/CMGTools/WMass/python/postprocessing/data/pileup/PileupData_GoldenMuonJSON_Full2016.root, title=, option=READ
Load C++ Worker
Modules to run:  []   name =  muCalibratedWithStatVar
Loading muCalibratedWithStatVar from CMGTools.WMass.postprocessing.examples.lepVarProducer 
Running on dataset =  TBarToLeptons_tch_powheg_part1
did not find EnergyScaleCorrection shared object, rebuilding
trying to load all the rochester correction libraries
did not find legacy data roccor. rebuilding...
done building legacy data roccor.
Modules to run:  []   name =  jetAllReCleaner
Loading jetAllReCleaner from CMGTools.WMass.postprocessing.examples.jetReCleaner 
Running on dataset =  TBarToLeptons_tch_powheg_part1
Load C++ Worker
Modules to run:  []   name =  jetReCleaner
Loading jetReCleaner from CMGTools.WMass.postprocessing.examples.jetReCleaner 
Running on dataset =  TBarToLeptons_tch_powheg_part1
Load C++ Worker
Modules to run:  []   name =  genQEDJets
Loading genQEDJets from CMGTools.WMass.postprocessing.examples.genFriendProducer 
Running on dataset =  TBarToLeptons_tch_powheg_part1
Will write selected trees to MY_EOS_SPACE/heppyNtuples/TREES_TopDibosonsQCD_94X/friends/
Normalization of nTrueInt_Wnopt: 3.68902e+10
Normalization of pileup: 3.68902e+10
Weights for variable nTrueInt_Wnopt with a number of bins equal to 102:
1 0.3634 0.9215 1.196 0.96 1.118 1.157 0.9675 0.9293 0.9192 0.8823 0.9553 1.062 1.116 1.167 1.194 1.2 1.193 1.177 1.14 1.092 1.06 1.047 1.046 1.047 1.048 1.06 1.077 1.092 1.106 1.122 1.108 1.097 1.051 0.992 0.9144 0.8237 0.7175 0.6087 0.5019 0.4029 0.3076 0.2264 0.1622 0.1123 0.07656 0.05052 0.03159 0.01992 0.01212 0.007355 0.004361 0.002593 0.001553 0.0009624 0.0007219 0.0006632 0.0007233 0.0009289 0.001329 0.001772 0.003222 0.004042 0.00487 0.005064 0.005658 0.005309 0.004846 0.004101 0.003977 0.003686 0.003306 0.002672 0.002286 0.001878 0.00167 1 1 1 1 1 1 1 1 1 1 1 1 1 1 1 1 1 1 1 1 1 1 1 1 1 1 .
Final weights: 
1 0.3634 0.9215 1.196 0.96 1.118 1.157 0.9675 0.9293 0.9192 0.8823 0.9553 1.062 1.116 1.167 1.194 1.2 1.193 1.177 1.14 1.092 1.06 1.047 1.046 1.047 1.048 1.06 1.077 1.092 1.106 1.122 1.108 1.097 1.051 0.992 0.9144 0.8237 0.7175 0.6087 0.5019 0.4029 0.3076 0.2264 0.1622 0.1123 0.07656 0.05052 0.03159 0.01992 0.01212 0.007355 0.004361 0.002593 0.001553 0.0009624 0.0007219 0.0006632 0.0007233 0.0009289 0.001329 0.001772 0.003222 0.004042 0.00487 0.005064 0.005658 0.005309 0.004846 0.004101 0.003977 0.003686 0.003306 0.002672 0.002286 0.001878 0.00167 1 1 1 1 1 1 1 1 1 1 1 1 1 1 1 1 1 1 1 1 1 1 1 1 1 1 .
begin job of lepCalProducer
initializing all the rochester correction objects
initializing the egamma calibrator
Processed   500000/ 1728195 entries (elapsed time     0.2s, curr speed   41.667 kHz, avg speed 2083.333 kHz), accepted        1/       1 events (100.00%)
Processed   510000/ 1728195 entries (elapsed time    14.9s, curr speed    0.684 kHz, avg speed   34.297 kHz), accepted    10001/   10001 events (100.00%)
Processed   520000/ 1728195 entries (elapsed time    30.4s, curr speed    0.646 kHz, avg speed   17.128 kHz), accepted    20001/   20001 events (100.00%)
Processed   530000/ 1728195 entries (elapsed time    46.4s, curr speed    0.622 kHz, avg speed   11.410 kHz), accepted    30001/   30001 events (100.00%)
Processed   540000/ 1728195 entries (elapsed time    62.6s, curr speed    0.618 kHz, avg speed    8.623 kHz), accepted    40001/   40001 events (100.00%)
Processed   550000/ 1728195 entries (elapsed time    77.7s, curr speed    0.663 kHz, avg speed    7.078 kHz), accepted    50001/   50001 events (100.00%)
Processed   560000/ 1728195 entries (elapsed time    93.0s, curr speed    0.655 kHz, avg speed    6.023 kHz), accepted    60001/   60001 events (100.00%)
Processed   570000/ 1728195 entries (elapsed time   108.4s, curr speed    0.647 kHz, avg speed    5.257 kHz), accepted    70001/   70001 events (100.00%)
Processed   580000/ 1728195 entries (elapsed time   122.1s, curr speed    0.730 kHz, avg speed    4.749 kHz), accepted    80001/   80001 events (100.00%)
Processed   590000/ 1728195 entries (elapsed time   134.6s, curr speed    0.801 kHz, avg speed    4.383 kHz), accepted    90001/   90001 events (100.00%)
Processed   600000/ 1728195 entries (elapsed time   147.4s, curr speed    0.784 kHz, avg speed    4.072 kHz), accepted   100001/  100001 events (100.00%)
Processed   610000/ 1728195 entries (elapsed time   160.2s, curr speed    0.776 kHz, avg speed    3.807 kHz), accepted   110001/  110001 events (100.00%)
Processed   620000/ 1728195 entries (elapsed time   173.4s, curr speed    0.759 kHz, avg speed    3.575 kHz), accepted   120001/  120001 events (100.00%)
Processed   630000/ 1728195 entries (elapsed time   186.3s, curr speed    0.779 kHz, avg speed    3.382 kHz), accepted   130001/  130001 events (100.00%)
Processed   640000/ 1728195 entries (elapsed time   199.0s, curr speed    0.782 kHz, avg speed    3.215 kHz), accepted   140001/  140001 events (100.00%)
Processed   650000/ 1728195 entries (elapsed time   234.1s, curr speed    0.285 kHz, avg speed    2.776 kHz), accepted   150001/  150001 events (100.00%)
Processed   660000/ 1728195 entries (elapsed time   247.0s, curr speed    0.774 kHz, avg speed    2.672 kHz), accepted   160001/  160001 events (100.00%)
Processed   670000/ 1728195 entries (elapsed time   260.5s, curr speed    0.741 kHz, avg speed    2.572 kHz), accepted   170001/  170001 events (100.00%)
Processed   680000/ 1728195 entries (elapsed time   274.5s, curr speed    0.715 kHz, avg speed    2.477 kHz), accepted   180001/  180001 events (100.00%)
Processed   690000/ 1728195 entries (elapsed time   287.6s, curr speed    0.766 kHz, avg speed    2.399 kHz), accepted   190001/  190001 events (100.00%)
Processed   700000/ 1728195 entries (elapsed time   300.8s, curr speed    0.759 kHz, avg speed    2.328 kHz), accepted   200001/  200001 events (100.00%)
Processed   710000/ 1728195 entries (elapsed time   314.0s, curr speed    0.752 kHz, avg speed    2.261 kHz), accepted   210001/  210001 events (100.00%)
Processed   720000/ 1728195 entries (elapsed time   350.0s, curr speed    0.278 kHz, avg speed    2.057 kHz), accepted   220001/  220001 events (100.00%)
Processed   730000/ 1728195 entries (elapsed time   363.1s, curr speed    0.761 kHz, avg speed    2.010 kHz), accepted   230001/  230001 events (100.00%)
Processed   740000/ 1728195 entries (elapsed time   376.3s, curr speed    0.758 kHz, avg speed    1.966 kHz), accepted   240001/  240001 events (100.00%)
Processed 250000 entries from MY_EOS_SPACE/heppyNtuples/TREES_TopDibosonsQCD_94X/TBarToLeptons_tch_powheg_part1/treeProducerWMass/tree.root, selected 250000 entries
Done MY_EOS_SPACE/heppyNtuples/TREES_TopDibosonsQCD_94X/friends/tree_Friend_TBarToLeptons_tch_powheg_part1.chunk2.root
