000 (323080.004.000) 05/11 15:54:54 Job submitted from host: <188.184.95.166:9618?addrs=188.184.95.166-9618+[2001-1458-201-e4--100-7a0]-9618&alias=tbird02.cern.ch&noUDP&sock=schedd_2138722_faad_3>
...
040 (323080.004.000) 05/11 15:55:42 Started transferring input files
	Transferring to host: <188.184.132.15:9618?addrs=188.184.132.15-9618+[2001-1458-301-a0--100-f]-9618&noUDP&sock=4202_7064_126819>
...
040 (323080.004.000) 05/11 15:55:42 Finished transferring input files
...
001 (323080.004.000) 05/11 15:55:43 Job executing on host: <188.184.132.15:9618?addrs=188.184.132.15-9618+[2001-1458-301-a0--100-f]-9618&noUDP&sock=2331_7359_3>
...
006 (323080.004.000) 05/11 15:55:51 Image size of job updated: 206428
	126  -  MemoryUsage of job (MB)
	128252  -  ResidentSetSize of job (KB)
...
006 (323080.004.000) 05/11 16:00:51 Image size of job updated: 601840
	504  -  MemoryUsage of job (MB)
	516084  -  ResidentSetSize of job (KB)
...
006 (323080.004.000) 05/11 16:04:13 Image size of job updated: 602044
	504  -  MemoryUsage of job (MB)
	516084  -  ResidentSetSize of job (KB)
...
040 (323080.004.000) 05/11 16:04:13 Started transferring output files
...
040 (323080.004.000) 05/11 16:04:13 Finished transferring output files
...
005 (323080.004.000) 05/11 16:04:13 Job terminated.
	(1) Normal termination (return value 1)
		Usr 0 00:07:24, Sys 0 00:00:53  -  Run Remote Usage
		Usr 0 00:00:00, Sys 0 00:00:00  -  Run Local Usage
		Usr 0 00:07:24, Sys 0 00:00:53  -  Total Remote Usage
		Usr 0 00:00:00, Sys 0 00:00:00  -  Total Local Usage
	8673  -  Run Bytes Sent By Job
	10941  -  Run Bytes Received By Job
	8673  -  Total Bytes Sent By Job
	10941  -  Total Bytes Received By Job
	Partitionable Resources :    Usage  Request Allocated 
	   Cpus                 :                 1           
	   Disk (KB)            :       71        1   2186201 
	   Memory (MB)          :      504     2000      2000 
...
