000 (323079.006.000) 05/11 15:54:54 Job submitted from host: <188.184.95.166:9618?addrs=188.184.95.166-9618+[2001-1458-201-e4--100-7a0]-9618&alias=tbird02.cern.ch&noUDP&sock=schedd_2138722_faad_3>
...
040 (323079.006.000) 05/11 15:55:39 Started transferring input files
	Transferring to host: <128.142.240.12:9618?addrs=128.142.240.12-9618+[2001-1458-301-f9--100-10]-9618&noUDP&sock=4004_ee1c_127194>
...
040 (323079.006.000) 05/11 15:55:40 Finished transferring input files
...
001 (323079.006.000) 05/11 15:55:41 Job executing on host: <128.142.240.12:9618?addrs=128.142.240.12-9618+[2001-1458-301-f9--100-10]-9618&noUDP&sock=2389_3bd8_3>
...
006 (323079.006.000) 05/11 15:55:49 Image size of job updated: 211896
	131  -  MemoryUsage of job (MB)
	133528  -  ResidentSetSize of job (KB)
...
006 (323079.006.000) 05/11 16:00:49 Image size of job updated: 543780
	529  -  MemoryUsage of job (MB)
	540816  -  ResidentSetSize of job (KB)
...
040 (323079.006.000) 05/11 16:02:32 Started transferring output files
...
040 (323079.006.000) 05/11 16:02:32 Finished transferring output files
...
005 (323079.006.000) 05/11 16:02:32 Job terminated.
	(1) Normal termination (return value 1)
		Usr 0 00:05:58, Sys 0 00:00:44  -  Run Remote Usage
		Usr 0 00:00:00, Sys 0 00:00:00  -  Run Local Usage
		Usr 0 00:05:58, Sys 0 00:00:44  -  Total Remote Usage
		Usr 0 00:00:00, Sys 0 00:00:00  -  Total Local Usage
	8339  -  Run Bytes Sent By Job
	10941  -  Run Bytes Received By Job
	8339  -  Total Bytes Sent By Job
	10941  -  Total Bytes Received By Job
	Partitionable Resources :    Usage  Request Allocated 
	   Cpus                 :                 1           
	   Disk (KB)            :       71        1   2104883 
	   Memory (MB)          :      529     2000      2000 
...
