000 (323080.012.000) 05/11 15:54:54 Job submitted from host: <188.184.95.166:9618?addrs=188.184.95.166-9618+[2001-1458-201-e4--100-7a0]-9618&alias=tbird02.cern.ch&noUDP&sock=schedd_2138722_faad_3>
...
040 (323080.012.000) 05/11 15:55:45 Started transferring input files
	Transferring to host: <188.184.192.242:9618?addrs=188.184.192.242-9618+[2001-1458-301-83--100-356]-9618&noUDP&sock=4157_bb82_114999>
...
040 (323080.012.000) 05/11 15:55:45 Finished transferring input files
...
001 (323080.012.000) 05/11 15:55:46 Job executing on host: <188.184.192.242:9618?addrs=188.184.192.242-9618+[2001-1458-301-83--100-356]-9618&noUDP&sock=2422_de78_3>
...
006 (323080.012.000) 05/11 15:55:54 Image size of job updated: 224068
	143  -  MemoryUsage of job (MB)
	145528  -  ResidentSetSize of job (KB)
...
006 (323080.012.000) 05/11 16:00:54 Image size of job updated: 520252
	506  -  MemoryUsage of job (MB)
	517356  -  ResidentSetSize of job (KB)
...
040 (323080.012.000) 05/11 16:02:07 Started transferring output files
...
040 (323080.012.000) 05/11 16:02:07 Finished transferring output files
...
005 (323080.012.000) 05/11 16:02:07 Job terminated.
	(1) Normal termination (return value 1)
		Usr 0 00:05:31, Sys 0 00:00:40  -  Run Remote Usage
		Usr 0 00:00:00, Sys 0 00:00:00  -  Run Local Usage
		Usr 0 00:05:31, Sys 0 00:00:40  -  Total Remote Usage
		Usr 0 00:00:00, Sys 0 00:00:00  -  Total Local Usage
	8061  -  Run Bytes Sent By Job
	10941  -  Run Bytes Received By Job
	8061  -  Total Bytes Sent By Job
	10941  -  Total Bytes Received By Job
	Partitionable Resources :    Usage  Request Allocated 
	   Cpus                 :                 1           
	   Disk (KB)            :       70        1   2120837 
	   Memory (MB)          :      506     2000      2000 
...
