000 (323079.005.000) 05/11 15:54:54 Job submitted from host: <188.184.95.166:9618?addrs=188.184.95.166-9618+[2001-1458-201-e4--100-7a0]-9618&alias=tbird02.cern.ch&noUDP&sock=schedd_2138722_faad_3>
...
040 (323079.005.000) 05/11 15:55:39 Started transferring input files
	Transferring to host: <128.142.240.60:9618?addrs=128.142.240.60-9618+[2001-1458-301-f9--100-2a]-9618&noUDP&sock=4191_b044_126751>
...
040 (323079.005.000) 05/11 15:55:39 Finished transferring input files
...
001 (323079.005.000) 05/11 15:55:40 Job executing on host: <128.142.240.60:9618?addrs=128.142.240.60-9618+[2001-1458-301-f9--100-2a]-9618&noUDP&sock=2330_c3c1_3>
...
006 (323079.005.000) 05/11 15:55:48 Image size of job updated: 195008
	115  -  MemoryUsage of job (MB)
	117328  -  ResidentSetSize of job (KB)
...
006 (323079.005.000) 05/11 16:00:48 Image size of job updated: 628764
	530  -  MemoryUsage of job (MB)
	542464  -  ResidentSetSize of job (KB)
...
040 (323079.005.000) 05/11 16:03:10 Started transferring output files
...
040 (323079.005.000) 05/11 16:03:10 Finished transferring output files
...
005 (323079.005.000) 05/11 16:03:10 Job terminated.
	(1) Normal termination (return value 1)
		Usr 0 00:06:36, Sys 0 00:00:45  -  Run Remote Usage
		Usr 0 00:00:00, Sys 0 00:00:00  -  Run Local Usage
		Usr 0 00:06:36, Sys 0 00:00:45  -  Total Remote Usage
		Usr 0 00:00:00, Sys 0 00:00:00  -  Total Local Usage
	8647  -  Run Bytes Sent By Job
	10941  -  Run Bytes Received By Job
	8647  -  Total Bytes Sent By Job
	10941  -  Total Bytes Received By Job
	Partitionable Resources :    Usage  Request Allocated 
	   Cpus                 :                 1           
	   Disk (KB)            :       71        1   2137646 
	   Memory (MB)          :      530     2000      2000 
...
