000 (323105.010.000) 05/11 15:55:10 Job submitted from host: <188.184.95.166:9618?addrs=188.184.95.166-9618+[2001-1458-201-e4--100-7a0]-9618&alias=tbird02.cern.ch&noUDP&sock=schedd_2138722_faad_3>
...
040 (323105.010.000) 05/11 16:07:13 Started transferring input files
	Transferring to host: <188.184.207.239:9618?addrs=188.184.207.239-9618+[2001-1458-301-7d--100-578]-9618&noUDP&sock=4193_1904_126792>
...
040 (323105.010.000) 05/11 16:07:13 Finished transferring input files
...
001 (323105.010.000) 05/11 16:07:14 Job executing on host: <188.184.207.239:9618?addrs=188.184.207.239-9618+[2001-1458-301-7d--100-578]-9618&noUDP&sock=2329_1429_3>
...
006 (323105.010.000) 05/11 16:07:23 Image size of job updated: 333196
	242  -  MemoryUsage of job (MB)
	247640  -  ResidentSetSize of job (KB)
...
006 (323105.010.000) 05/11 16:09:07 Image size of job updated: 340016
	242  -  MemoryUsage of job (MB)
	247640  -  ResidentSetSize of job (KB)
...
040 (323105.010.000) 05/11 16:09:07 Started transferring output files
...
040 (323105.010.000) 05/11 16:09:07 Finished transferring output files
...
005 (323105.010.000) 05/11 16:09:08 Job terminated.
	(1) Normal termination (return value 1)
		Usr 0 00:01:37, Sys 0 00:00:12  -  Run Remote Usage
		Usr 0 00:00:00, Sys 0 00:00:00  -  Run Local Usage
		Usr 0 00:01:37, Sys 0 00:00:12  -  Total Remote Usage
		Usr 0 00:00:00, Sys 0 00:00:00  -  Total Local Usage
	5843  -  Run Bytes Sent By Job
	10941  -  Run Bytes Received By Job
	5843  -  Total Bytes Sent By Job
	10941  -  Total Bytes Received By Job
	Partitionable Resources :    Usage  Request Allocated 
	   Cpus                 :                 1           
	   Disk (KB)            :       69        1   2119109 
	   Memory (MB)          :      242     2000      2000 
...
