000 (323102.025.000) 05/11 15:55:08 Job submitted from host: <188.184.95.166:9618?addrs=188.184.95.166-9618+[2001-1458-201-e4--100-7a0]-9618&alias=tbird02.cern.ch&noUDP&sock=schedd_2138722_faad_3>
...
040 (323102.025.000) 05/11 16:05:56 Started transferring input files
	Transferring to host: <128.142.240.28:9618?addrs=128.142.240.28-9618+[2001-1458-301-f9--100-21]-9618&noUDP&sock=4173_0183_126039>
...
040 (323102.025.000) 05/11 16:05:56 Finished transferring input files
...
001 (323102.025.000) 05/11 16:05:57 Job executing on host: <128.142.240.28:9618?addrs=128.142.240.28-9618+[2001-1458-301-f9--100-21]-9618&noUDP&sock=2343_ae7c_3>
...
006 (323102.025.000) 05/11 16:06:06 Image size of job updated: 326664
	239  -  MemoryUsage of job (MB)
	244340  -  ResidentSetSize of job (KB)
...
006 (323102.025.000) 05/11 16:11:07 Image size of job updated: 591796
	498  -  MemoryUsage of job (MB)
	509420  -  ResidentSetSize of job (KB)
...
040 (323102.025.000) 05/11 16:15:46 Started transferring output files
...
040 (323102.025.000) 05/11 16:15:46 Finished transferring output files
...
005 (323102.025.000) 05/11 16:15:46 Job terminated.
	(1) Normal termination (return value 1)
		Usr 0 00:08:37, Sys 0 00:01:05  -  Run Remote Usage
		Usr 0 00:00:00, Sys 0 00:00:00  -  Run Local Usage
		Usr 0 00:08:37, Sys 0 00:01:05  -  Total Remote Usage
		Usr 0 00:00:00, Sys 0 00:00:00  -  Total Local Usage
	8612  -  Run Bytes Sent By Job
	10941  -  Run Bytes Received By Job
	8612  -  Total Bytes Sent By Job
	10941  -  Total Bytes Received By Job
	Partitionable Resources :    Usage  Request Allocated 
	   Cpus                 :                 1           
	   Disk (KB)            :       72        1   2199526 
	   Memory (MB)          :      498     2000      2000 
...
