000 (323097.027.000) 05/11 15:55:04 Job submitted from host: <188.184.95.166:9618?addrs=188.184.95.166-9618+[2001-1458-201-e4--100-7a0]-9618&alias=tbird02.cern.ch&noUDP&sock=schedd_2138722_faad_3>
...
040 (323097.027.000) 05/11 16:03:45 Started transferring input files
	Transferring to host: <188.184.133.252:9618?addrs=188.184.133.252-9618+[2001-1458-301-a0--100-22c]-9618&noUDP&sock=13605_b402_103080>
...
040 (323097.027.000) 05/11 16:03:45 Finished transferring input files
...
001 (323097.027.000) 05/11 16:03:46 Job executing on host: <188.184.133.252:9618?addrs=188.184.133.252-9618+[2001-1458-301-a0--100-22c]-9618&noUDP&sock=13418_35dd_3>
...
006 (323097.027.000) 05/11 16:03:54 Image size of job updated: 337328
	249  -  MemoryUsage of job (MB)
	254380  -  ResidentSetSize of job (KB)
...
006 (323097.027.000) 05/11 16:08:54 Image size of job updated: 590388
	496  -  MemoryUsage of job (MB)
	507388  -  ResidentSetSize of job (KB)
...
040 (323097.027.000) 05/11 16:11:45 Started transferring output files
...
040 (323097.027.000) 05/11 16:11:45 Finished transferring output files
...
005 (323097.027.000) 05/11 16:11:45 Job terminated.
	(1) Normal termination (return value 1)
		Usr 0 00:07:01, Sys 0 00:00:56  -  Run Remote Usage
		Usr 0 00:00:00, Sys 0 00:00:00  -  Run Local Usage
		Usr 0 00:07:01, Sys 0 00:00:56  -  Total Remote Usage
		Usr 0 00:00:00, Sys 0 00:00:00  -  Total Local Usage
	8612  -  Run Bytes Sent By Job
	10941  -  Run Bytes Received By Job
	8612  -  Total Bytes Sent By Job
	10941  -  Total Bytes Received By Job
	Partitionable Resources :    Usage  Request Allocated 
	   Cpus                 :                 1           
	   Disk (KB)            :       72        1   2180649 
	   Memory (MB)          :      496     2000      2000 
...
