000 (323081.020.000) 05/11 15:54:55 Job submitted from host: <188.184.95.166:9618?addrs=188.184.95.166-9618+[2001-1458-201-e4--100-7a0]-9618&alias=tbird02.cern.ch&noUDP&sock=schedd_2138722_faad_3>
...
040 (323081.020.000) 05/11 15:55:52 Started transferring input files
	Transferring to host: <128.142.240.40:9618?addrs=128.142.240.40-9618+[2001-1458-301-f9--100-6]-9618&noUDP&sock=4031_f43d_126732>
...
040 (323081.020.000) 05/11 15:55:52 Finished transferring input files
...
001 (323081.020.000) 05/11 15:55:53 Job executing on host: <128.142.240.40:9618?addrs=128.142.240.40-9618+[2001-1458-301-f9--100-6]-9618&noUDP&sock=2328_6491_3>
...
006 (323081.020.000) 05/11 15:56:01 Image size of job updated: 194956
	115  -  MemoryUsage of job (MB)
	117356  -  ResidentSetSize of job (KB)
...
006 (323081.020.000) 05/11 16:01:01 Image size of job updated: 573640
	477  -  MemoryUsage of job (MB)
	487880  -  ResidentSetSize of job (KB)
...
040 (323081.020.000) 05/11 16:05:21 Started transferring output files
...
040 (323081.020.000) 05/11 16:05:21 Finished transferring output files
...
005 (323081.020.000) 05/11 16:05:21 Job terminated.
	(1) Normal termination (return value 1)
		Usr 0 00:08:17, Sys 0 00:00:58  -  Run Remote Usage
		Usr 0 00:00:00, Sys 0 00:00:00  -  Run Local Usage
		Usr 0 00:08:17, Sys 0 00:00:58  -  Total Remote Usage
		Usr 0 00:00:00, Sys 0 00:00:00  -  Total Local Usage
	8556  -  Run Bytes Sent By Job
	10941  -  Run Bytes Received By Job
	8556  -  Total Bytes Sent By Job
	10941  -  Total Bytes Received By Job
	Partitionable Resources :    Usage  Request Allocated 
	   Cpus                 :                 1           
	   Disk (KB)            :       71        1   2208533 
	   Memory (MB)          :      477     2000      2000 
...
