   TTToSemilepton_powheg_part11   MC  25 chunks


I have 1 taks to process
I'm using the following list of modules DEFAULT_MODULES
this is jobs [('TTToSemilepton_powheg_part11', 'MY_EOS_SPACE/heppyNtuples/TREES_TopDibosonsQCD_94X/TTToSemilepton_powheg_part11/treeProducerWMass/tree.root', 11342328.0, '_Friend_TTToSemilepton_powheg_part11.chunk22', False, xrange(5500000, 5750000), 22)]
Modules to run:  []   name =  puWeight
Loading puWeight from CMGTools.WMass.postprocessing.examples.puWeightProducer 
Running on dataset =  TTToSemilepton_powheg_part11
TFile: name=/afs/cern.ch/work/m/mciprian/w_mass_analysis/heppy/rel_slc7/CMSSW_9_4_12/src/CMGTools/WMass/python/postprocessing/data/pileup/mcPU_2016_W94XnoCutsWithGenWeights_nTrueInt.root, title=, option=READ
TFile: name=/afs/cern.ch/work/m/mciprian/w_mass_analysis/heppy/rel_slc7/CMSSW_9_4_12/src/CMGTools/WMass/python/postprocessing/data/pileup/PileupData_GoldenMuonJSON_Full2016.root, title=, option=READ
Load C++ Worker
Modules to run:  []   name =  muCalibratedWithStatVar
Loading muCalibratedWithStatVar from CMGTools.WMass.postprocessing.examples.lepVarProducer 
Running on dataset =  TTToSemilepton_powheg_part11
did not find EnergyScaleCorrection shared object, rebuilding
trying to load all the rochester correction libraries
did not find legacy data roccor. rebuilding...
done building legacy data roccor.
Modules to run:  []   name =  jetAllReCleaner
Loading jetAllReCleaner from CMGTools.WMass.postprocessing.examples.jetReCleaner 
Running on dataset =  TTToSemilepton_powheg_part11
Load C++ Worker
Modules to run:  []   name =  jetReCleaner
Loading jetReCleaner from CMGTools.WMass.postprocessing.examples.jetReCleaner 
Running on dataset =  TTToSemilepton_powheg_part11
Load C++ Worker
Modules to run:  []   name =  genQEDJets
Loading genQEDJets from CMGTools.WMass.postprocessing.examples.genFriendProducer 
Running on dataset =  TTToSemilepton_powheg_part11
Will write selected trees to MY_EOS_SPACE/heppyNtuples/TREES_TopDibosonsQCD_94X/friends/
Normalization of nTrueInt_Wnopt: 3.68902e+10
Normalization of pileup: 3.68902e+10
Weights for variable nTrueInt_Wnopt with a number of bins equal to 102:
1 0.3634 0.9215 1.196 0.96 1.118 1.157 0.9675 0.9293 0.9192 0.8823 0.9553 1.062 1.116 1.167 1.194 1.2 1.193 1.177 1.14 1.092 1.06 1.047 1.046 1.047 1.048 1.06 1.077 1.092 1.106 1.122 1.108 1.097 1.051 0.992 0.9144 0.8237 0.7175 0.6087 0.5019 0.4029 0.3076 0.2264 0.1622 0.1123 0.07656 0.05052 0.03159 0.01992 0.01212 0.007355 0.004361 0.002593 0.001553 0.0009624 0.0007219 0.0006632 0.0007233 0.0009289 0.001329 0.001772 0.003222 0.004042 0.00487 0.005064 0.005658 0.005309 0.004846 0.004101 0.003977 0.003686 0.003306 0.002672 0.002286 0.001878 0.00167 1 1 1 1 1 1 1 1 1 1 1 1 1 1 1 1 1 1 1 1 1 1 1 1 1 1 .
Final weights: 
1 0.3634 0.9215 1.196 0.96 1.118 1.157 0.9675 0.9293 0.9192 0.8823 0.9553 1.062 1.116 1.167 1.194 1.2 1.193 1.177 1.14 1.092 1.06 1.047 1.046 1.047 1.048 1.06 1.077 1.092 1.106 1.122 1.108 1.097 1.051 0.992 0.9144 0.8237 0.7175 0.6087 0.5019 0.4029 0.3076 0.2264 0.1622 0.1123 0.07656 0.05052 0.03159 0.01992 0.01212 0.007355 0.004361 0.002593 0.001553 0.0009624 0.0007219 0.0006632 0.0007233 0.0009289 0.001329 0.001772 0.003222 0.004042 0.00487 0.005064 0.005658 0.005309 0.004846 0.004101 0.003977 0.003686 0.003306 0.002672 0.002286 0.001878 0.00167 1 1 1 1 1 1 1 1 1 1 1 1 1 1 1 1 1 1 1 1 1 1 1 1 1 1 .
begin job of lepCalProducer
initializing all the rochester correction objects
initializing the egamma calibrator
Processed  5500000/ 6213489 entries (elapsed time     0.4s, curr speed   22.727 kHz, avg speed 12500.000 kHz), accepted        1/       1 events (100.00%)
Processed  5510000/ 6213489 entries (elapsed time    32.9s, curr speed    0.308 kHz, avg speed  167.375 kHz), accepted    10001/   10001 events (100.00%)
Processed  5520000/ 6213489 entries (elapsed time    64.3s, curr speed    0.319 kHz, avg speed   85.874 kHz), accepted    20001/   20001 events (100.00%)
Processed  5530000/ 6213489 entries (elapsed time    96.2s, curr speed    0.314 kHz, avg speed   57.514 kHz), accepted    30001/   30001 events (100.00%)
Processed  5540000/ 6213489 entries (elapsed time   127.2s, curr speed    0.322 kHz, avg speed   43.567 kHz), accepted    40001/   40001 events (100.00%)
Processed  5550000/ 6213489 entries (elapsed time   159.5s, curr speed    0.309 kHz, avg speed   34.792 kHz), accepted    50001/   50001 events (100.00%)
Processed  5560000/ 6213489 entries (elapsed time   192.5s, curr speed    0.303 kHz, avg speed   28.888 kHz), accepted    60001/   60001 events (100.00%)
Processed  5570000/ 6213489 entries (elapsed time   220.7s, curr speed    0.355 kHz, avg speed   25.241 kHz), accepted    70001/   70001 events (100.00%)
Processed  5580000/ 6213489 entries (elapsed time   248.0s, curr speed    0.366 kHz, avg speed   22.499 kHz), accepted    80001/   80001 events (100.00%)
Processed  5590000/ 6213489 entries (elapsed time   276.8s, curr speed    0.347 kHz, avg speed   20.193 kHz), accepted    90001/   90001 events (100.00%)
Processed  5600000/ 6213489 entries (elapsed time   305.1s, curr speed    0.354 kHz, avg speed   18.356 kHz), accepted   100001/  100001 events (100.00%)
Processed  5610000/ 6213489 entries (elapsed time   333.9s, curr speed    0.347 kHz, avg speed   16.801 kHz), accepted   110001/  110001 events (100.00%)
Processed  5620000/ 6213489 entries (elapsed time   393.1s, curr speed    0.169 kHz, avg speed   14.296 kHz), accepted   120001/  120001 events (100.00%)
Processed  5630000/ 6213489 entries (elapsed time   421.5s, curr speed    0.352 kHz, avg speed   13.356 kHz), accepted   130001/  130001 events (100.00%)
Processed  5640000/ 6213489 entries (elapsed time   449.1s, curr speed    0.363 kHz, avg speed   12.560 kHz), accepted   140001/  140001 events (100.00%)
Processed  5650000/ 6213489 entries (elapsed time   477.2s, curr speed    0.355 kHz, avg speed   11.839 kHz), accepted   150001/  150001 events (100.00%)
Processed  5660000/ 6213489 entries (elapsed time   505.5s, curr speed    0.353 kHz, avg speed   11.196 kHz), accepted   160001/  160001 events (100.00%)
Processed  5670000/ 6213489 entries (elapsed time   533.3s, curr speed    0.360 kHz, avg speed   10.632 kHz), accepted   170001/  170001 events (100.00%)
Processed  5680000/ 6213489 entries (elapsed time   590.5s, curr speed    0.175 kHz, avg speed    9.619 kHz), accepted   180001/  180001 events (100.00%)
Processed  5690000/ 6213489 entries (elapsed time   618.6s, curr speed    0.355 kHz, avg speed    9.198 kHz), accepted   190001/  190001 events (100.00%)
Processed  5700000/ 6213489 entries (elapsed time   647.1s, curr speed    0.352 kHz, avg speed    8.809 kHz), accepted   200001/  200001 events (100.00%)
Processed  5710000/ 6213489 entries (elapsed time   676.1s, curr speed    0.344 kHz, avg speed    8.445 kHz), accepted   210001/  210001 events (100.00%)
Processed  5720000/ 6213489 entries (elapsed time   703.1s, curr speed    0.370 kHz, avg speed    8.135 kHz), accepted   220001/  220001 events (100.00%)
Processed  5730000/ 6213489 entries (elapsed time   728.1s, curr speed    0.400 kHz, avg speed    7.870 kHz), accepted   230001/  230001 events (100.00%)
Processed  5740000/ 6213489 entries (elapsed time   778.0s, curr speed    0.201 kHz, avg speed    7.378 kHz), accepted   240001/  240001 events (100.00%)
Processed 250000 entries from MY_EOS_SPACE/heppyNtuples/TREES_TopDibosonsQCD_94X/TTToSemilepton_powheg_part11/treeProducerWMass/tree.root, selected 250000 entries
Done MY_EOS_SPACE/heppyNtuples/TREES_TopDibosonsQCD_94X/friends/tree_Friend_TTToSemilepton_powheg_part11.chunk22.root
