000 (323097.006.000) 05/11 15:55:04 Job submitted from host: <188.184.95.166:9618?addrs=188.184.95.166-9618+[2001-1458-201-e4--100-7a0]-9618&alias=tbird02.cern.ch&noUDP&sock=schedd_2138722_faad_3>
...
022 (323097.006.000) 05/11 16:02:48 Job disconnected, attempting to reconnect
    Socket between submit and execute hosts closed unexpectedly
    Trying to reconnect to slot1_1@b7g28n0801.cern.ch <188.184.132.48:9618?addrs=188.184.132.48-9618+[--1]-9618&noUDP&sock=2265_2e19_3>
...
024 (323097.006.000) 05/11 16:02:48 Job reconnection failed
    Job not found at execution machine
    Can not reconnect to slot1_1@b7g28n0801.cern.ch, rescheduling job
...
040 (323097.006.000) 05/11 16:03:22 Started transferring input files
	Transferring to host: <128.142.240.12:9618?addrs=128.142.240.12-9618+[2001-1458-301-f9--100-10]-9618&noUDP&sock=4004_ee1c_127201>
...
040 (323097.006.000) 05/11 16:03:22 Finished transferring input files
...
001 (323097.006.000) 05/11 16:03:23 Job executing on host: <128.142.240.12:9618?addrs=128.142.240.12-9618+[2001-1458-301-f9--100-10]-9618&noUDP&sock=2389_3bd8_3>
...
006 (323097.006.000) 05/11 16:03:32 Image size of job updated: 337160
	249  -  MemoryUsage of job (MB)
	254320  -  ResidentSetSize of job (KB)
...
006 (323097.006.000) 05/11 16:08:33 Image size of job updated: 508300
	496  -  MemoryUsage of job (MB)
	507500  -  ResidentSetSize of job (KB)
...
040 (323097.006.000) 05/11 16:12:32 Started transferring output files
...
040 (323097.006.000) 05/11 16:12:32 Finished transferring output files
...
005 (323097.006.000) 05/11 16:12:32 Job terminated.
	(1) Normal termination (return value 1)
		Usr 0 00:07:57, Sys 0 00:01:03  -  Run Remote Usage
		Usr 0 00:00:00, Sys 0 00:00:00  -  Run Local Usage
		Usr 0 00:07:57, Sys 0 00:01:03  -  Total Remote Usage
		Usr 0 00:00:00, Sys 0 00:00:00  -  Total Local Usage
	8608  -  Run Bytes Sent By Job
	10941  -  Run Bytes Received By Job
	8608  -  Total Bytes Sent By Job
	10941  -  Total Bytes Received By Job
	Partitionable Resources :    Usage  Request Allocated 
	   Cpus                 :                 1           
	   Disk (KB)            :       71        1   2104880 
	   Memory (MB)          :      496     2000      2000 
...
