   TTTo2L2Nu_powheg_part5   MC  29 chunks


I have 1 taks to process
I'm using the following list of modules DEFAULT_MODULES
this is jobs [('TTTo2L2Nu_powheg_part5', 'MY_EOS_SPACE/heppyNtuples/TREES_TopDibosonsQCD_94X/TTTo2L2Nu_powheg_part5/treeProducerWMass/tree.root', 8979320.0, '_Friend_TTTo2L2Nu_powheg_part5.chunk11', False, xrange(2750000, 3000000), 11)]
Modules to run:  []   name =  puWeight
Loading puWeight from CMGTools.WMass.postprocessing.examples.puWeightProducer 
Running on dataset =  TTTo2L2Nu_powheg_part5
TFile: name=/afs/cern.ch/work/m/mciprian/w_mass_analysis/heppy/rel_slc7/CMSSW_9_4_12/src/CMGTools/WMass/python/postprocessing/data/pileup/mcPU_2016_W94XnoCutsWithGenWeights_nTrueInt.root, title=, option=READ
TFile: name=/afs/cern.ch/work/m/mciprian/w_mass_analysis/heppy/rel_slc7/CMSSW_9_4_12/src/CMGTools/WMass/python/postprocessing/data/pileup/PileupData_GoldenMuonJSON_Full2016.root, title=, option=READ
Load C++ Worker
Modules to run:  []   name =  muCalibratedWithStatVar
Loading muCalibratedWithStatVar from CMGTools.WMass.postprocessing.examples.lepVarProducer 
Running on dataset =  TTTo2L2Nu_powheg_part5
did not find EnergyScaleCorrection shared object, rebuilding
trying to load all the rochester correction libraries
did not find legacy data roccor. rebuilding...
done building legacy data roccor.
Modules to run:  []   name =  jetAllReCleaner
Loading jetAllReCleaner from CMGTools.WMass.postprocessing.examples.jetReCleaner 
Running on dataset =  TTTo2L2Nu_powheg_part5
Load C++ Worker
Modules to run:  []   name =  jetReCleaner
Loading jetReCleaner from CMGTools.WMass.postprocessing.examples.jetReCleaner 
Running on dataset =  TTTo2L2Nu_powheg_part5
Load C++ Worker
Modules to run:  []   name =  genQEDJets
Loading genQEDJets from CMGTools.WMass.postprocessing.examples.genFriendProducer 
Running on dataset =  TTTo2L2Nu_powheg_part5
Will write selected trees to MY_EOS_SPACE/heppyNtuples/TREES_TopDibosonsQCD_94X/friends/
Normalization of nTrueInt_Wnopt: 3.68902e+10
Normalization of pileup: 3.68902e+10
Weights for variable nTrueInt_Wnopt with a number of bins equal to 102:
1 0.3634 0.9215 1.196 0.96 1.118 1.157 0.9675 0.9293 0.9192 0.8823 0.9553 1.062 1.116 1.167 1.194 1.2 1.193 1.177 1.14 1.092 1.06 1.047 1.046 1.047 1.048 1.06 1.077 1.092 1.106 1.122 1.108 1.097 1.051 0.992 0.9144 0.8237 0.7175 0.6087 0.5019 0.4029 0.3076 0.2264 0.1622 0.1123 0.07656 0.05052 0.03159 0.01992 0.01212 0.007355 0.004361 0.002593 0.001553 0.0009624 0.0007219 0.0006632 0.0007233 0.0009289 0.001329 0.001772 0.003222 0.004042 0.00487 0.005064 0.005658 0.005309 0.004846 0.004101 0.003977 0.003686 0.003306 0.002672 0.002286 0.001878 0.00167 1 1 1 1 1 1 1 1 1 1 1 1 1 1 1 1 1 1 1 1 1 1 1 1 1 1 .
Final weights: 
1 0.3634 0.9215 1.196 0.96 1.118 1.157 0.9675 0.9293 0.9192 0.8823 0.9553 1.062 1.116 1.167 1.194 1.2 1.193 1.177 1.14 1.092 1.06 1.047 1.046 1.047 1.048 1.06 1.077 1.092 1.106 1.122 1.108 1.097 1.051 0.992 0.9144 0.8237 0.7175 0.6087 0.5019 0.4029 0.3076 0.2264 0.1622 0.1123 0.07656 0.05052 0.03159 0.01992 0.01212 0.007355 0.004361 0.002593 0.001553 0.0009624 0.0007219 0.0006632 0.0007233 0.0009289 0.001329 0.001772 0.003222 0.004042 0.00487 0.005064 0.005658 0.005309 0.004846 0.004101 0.003977 0.003686 0.003306 0.002672 0.002286 0.001878 0.00167 1 1 1 1 1 1 1 1 1 1 1 1 1 1 1 1 1 1 1 1 1 1 1 1 1 1 .
begin job of lepCalProducer
initializing all the rochester correction objects
initializing the egamma calibrator
Processed  2750000/ 7020017 entries (elapsed time     0.3s, curr speed   37.037 kHz, avg speed 10185.185 kHz), accepted        1/       1 events (100.00%)
Processed  2760000/ 7020017 entries (elapsed time    21.4s, curr speed    0.473 kHz, avg speed  128.852 kHz), accepted    10001/   10001 events (100.00%)
Processed  2770000/ 7020017 entries (elapsed time    43.2s, curr speed    0.459 kHz, avg speed   64.106 kHz), accepted    20001/   20001 events (100.00%)
Processed  2780000/ 7020017 entries (elapsed time    64.0s, curr speed    0.482 kHz, avg speed   43.458 kHz), accepted    30001/   30001 events (100.00%)
Processed  2790000/ 7020017 entries (elapsed time    85.9s, curr speed    0.457 kHz, avg speed   32.491 kHz), accepted    40001/   40001 events (100.00%)
Processed  2800000/ 7020017 entries (elapsed time   107.5s, curr speed    0.462 kHz, avg speed   26.044 kHz), accepted    50001/   50001 events (100.00%)
Processed  2810000/ 7020017 entries (elapsed time   125.6s, curr speed    0.553 kHz, avg speed   22.373 kHz), accepted    60001/   60001 events (100.00%)
Processed  2820000/ 7020017 entries (elapsed time   143.2s, curr speed    0.569 kHz, avg speed   19.694 kHz), accepted    70001/   70001 events (100.00%)
Processed  2830000/ 7020017 entries (elapsed time   160.2s, curr speed    0.588 kHz, avg speed   17.667 kHz), accepted    80001/   80001 events (100.00%)
Processed  2840000/ 7020017 entries (elapsed time   177.6s, curr speed    0.574 kHz, avg speed   15.991 kHz), accepted    90001/   90001 events (100.00%)
Processed  2850000/ 7020017 entries (elapsed time   195.0s, curr speed    0.574 kHz, avg speed   14.614 kHz), accepted   100001/  100001 events (100.00%)
Processed  2860000/ 7020017 entries (elapsed time   236.1s, curr speed    0.243 kHz, avg speed   12.114 kHz), accepted   110001/  110001 events (100.00%)
Processed  2870000/ 7020017 entries (elapsed time   253.2s, curr speed    0.584 kHz, avg speed   11.334 kHz), accepted   120001/  120001 events (100.00%)
Processed  2880000/ 7020017 entries (elapsed time   270.7s, curr speed    0.571 kHz, avg speed   10.638 kHz), accepted   130001/  130001 events (100.00%)
Processed  2890000/ 7020017 entries (elapsed time   288.3s, curr speed    0.568 kHz, avg speed   10.023 kHz), accepted   140001/  140001 events (100.00%)
Processed  2900000/ 7020017 entries (elapsed time   306.0s, curr speed    0.567 kHz, avg speed    9.478 kHz), accepted   150001/  150001 events (100.00%)
Processed  2910000/ 7020017 entries (elapsed time   347.2s, curr speed    0.243 kHz, avg speed    8.382 kHz), accepted   160001/  160001 events (100.00%)
Processed  2920000/ 7020017 entries (elapsed time   364.7s, curr speed    0.569 kHz, avg speed    8.006 kHz), accepted   170001/  170001 events (100.00%)
Processed  2930000/ 7020017 entries (elapsed time   382.0s, curr speed    0.579 kHz, avg speed    7.670 kHz), accepted   180001/  180001 events (100.00%)
Processed  2940000/ 7020017 entries (elapsed time   399.7s, curr speed    0.565 kHz, avg speed    7.356 kHz), accepted   190001/  190001 events (100.00%)
Processed  2950000/ 7020017 entries (elapsed time   419.0s, curr speed    0.518 kHz, avg speed    7.041 kHz), accepted   200001/  200001 events (100.00%)
Processed  2960000/ 7020017 entries (elapsed time   462.6s, curr speed    0.229 kHz, avg speed    6.399 kHz), accepted   210001/  210001 events (100.00%)
Processed  2970000/ 7020017 entries (elapsed time   481.7s, curr speed    0.523 kHz, avg speed    6.166 kHz), accepted   220001/  220001 events (100.00%)
Processed  2980000/ 7020017 entries (elapsed time   500.4s, curr speed    0.534 kHz, avg speed    5.955 kHz), accepted   230001/  230001 events (100.00%)
Processed  2990000/ 7020017 entries (elapsed time   518.5s, curr speed    0.552 kHz, avg speed    5.766 kHz), accepted   240001/  240001 events (100.00%)
Processed 250000 entries from MY_EOS_SPACE/heppyNtuples/TREES_TopDibosonsQCD_94X/TTTo2L2Nu_powheg_part5/treeProducerWMass/tree.root, selected 250000 entries
Done MY_EOS_SPACE/heppyNtuples/TREES_TopDibosonsQCD_94X/friends/tree_Friend_TTTo2L2Nu_powheg_part5.chunk11.root
