000 (323099.011.000) 05/11 15:55:05 Job submitted from host: <188.184.95.166:9618?addrs=188.184.95.166-9618+[2001-1458-201-e4--100-7a0]-9618&alias=tbird02.cern.ch&noUDP&sock=schedd_2138722_faad_3>
...
040 (323099.011.000) 05/11 16:04:37 Started transferring input files
	Transferring to host: <128.142.33.151:9618?addrs=128.142.33.151-9618+[2001-1458-301-117--100-1c5]-9618&noUDP&sock=13065_396c_103402>
...
040 (323099.011.000) 05/11 16:04:37 Finished transferring input files
...
001 (323099.011.000) 05/11 16:04:38 Job executing on host: <128.142.33.151:9618?addrs=128.142.33.151-9618+[2001-1458-301-117--100-1c5]-9618&noUDP&sock=12844_7e81_3>
...
006 (323099.011.000) 05/11 16:04:47 Image size of job updated: 312940
	226  -  MemoryUsage of job (MB)
	230488  -  ResidentSetSize of job (KB)
...
006 (323099.011.000) 05/11 16:09:48 Image size of job updated: 509684
	498  -  MemoryUsage of job (MB)
	509040  -  ResidentSetSize of job (KB)
...
040 (323099.011.000) 05/11 16:14:20 Started transferring output files
...
040 (323099.011.000) 05/11 16:14:20 Finished transferring output files
...
005 (323099.011.000) 05/11 16:14:20 Job terminated.
	(1) Normal termination (return value 1)
		Usr 0 00:08:21, Sys 0 00:01:05  -  Run Remote Usage
		Usr 0 00:00:00, Sys 0 00:00:00  -  Run Local Usage
		Usr 0 00:08:21, Sys 0 00:01:05  -  Total Remote Usage
		Usr 0 00:00:00, Sys 0 00:00:00  -  Total Local Usage
	8612  -  Run Bytes Sent By Job
	10941  -  Run Bytes Received By Job
	8612  -  Total Bytes Sent By Job
	10941  -  Total Bytes Received By Job
	Partitionable Resources :    Usage  Request Allocated 
	   Cpus                 :                 1           
	   Disk (KB)            :       71        1   2170402 
	   Memory (MB)          :      498     2000      2000 
...
