000 (323092.018.000) 05/11 15:55:01 Job submitted from host: <188.184.95.166:9618?addrs=188.184.95.166-9618+[2001-1458-201-e4--100-7a0]-9618&alias=tbird02.cern.ch&noUDP&sock=schedd_2138722_faad_3>
...
040 (323092.018.000) 05/11 15:58:08 Started transferring input files
	Transferring to host: <188.184.133.208:9618?addrs=188.184.133.208-9618+[2001-1458-301-a0--100-4df]-9618&noUDP&sock=23495_1a54_122>
...
040 (323092.018.000) 05/11 15:58:08 Finished transferring input files
...
001 (323092.018.000) 05/11 15:58:09 Job executing on host: <188.184.133.208:9618?addrs=188.184.133.208-9618+[2001-1458-301-a0--100-4df]-9618&noUDP&sock=12853_aadb_3>
...
006 (323092.018.000) 05/11 15:58:18 Image size of job updated: 233800
	196  -  MemoryUsage of job (MB)
	200284  -  ResidentSetSize of job (KB)
...
006 (323092.018.000) 05/11 16:03:18 Image size of job updated: 426164
	383  -  MemoryUsage of job (MB)
	392064  -  ResidentSetSize of job (KB)
...
006 (323092.018.000) 05/11 16:08:18 Image size of job updated: 542920
	497  -  MemoryUsage of job (MB)
	508820  -  ResidentSetSize of job (KB)
...
006 (323092.018.000) 05/11 16:13:19 Image size of job updated: 542936
	497  -  MemoryUsage of job (MB)
	508836  -  ResidentSetSize of job (KB)
...
040 (323092.018.000) 05/11 16:15:21 Started transferring output files
...
040 (323092.018.000) 05/11 16:15:21 Finished transferring output files
...
005 (323092.018.000) 05/11 16:15:21 Job terminated.
	(1) Normal termination (return value 1)
		Usr 0 00:14:56, Sys 0 00:01:33  -  Run Remote Usage
		Usr 0 00:00:00, Sys 0 00:00:00  -  Run Local Usage
		Usr 0 00:14:56, Sys 0 00:01:33  -  Total Remote Usage
		Usr 0 00:00:00, Sys 0 00:00:00  -  Total Local Usage
	8623  -  Run Bytes Sent By Job
	10941  -  Run Bytes Received By Job
	8623  -  Total Bytes Sent By Job
	10941  -  Total Bytes Received By Job
	Partitionable Resources :    Usage  Request Allocated 
	   Cpus                 :     0.99        1         1 
	   Disk (KB)            :    78           1    211477 
	   Memory (MB)          :   497        2000      2000 
...
