   TTTo2L2Nu_powheg_part4   MC  29 chunks


I have 1 taks to process
I'm using the following list of modules DEFAULT_MODULES
this is jobs [('TTTo2L2Nu_powheg_part4', 'MY_EOS_SPACE/heppyNtuples/TREES_TopDibosonsQCD_94X/TTTo2L2Nu_powheg_part4/treeProducerWMass/tree.root', 8954260.0, '_Friend_TTTo2L2Nu_powheg_part4.chunk10', False, xrange(2500000, 2750000), 10)]
Modules to run:  []   name =  puWeight
Loading puWeight from CMGTools.WMass.postprocessing.examples.puWeightProducer 
Running on dataset =  TTTo2L2Nu_powheg_part4
TFile: name=/afs/cern.ch/work/m/mciprian/w_mass_analysis/heppy/rel_slc7/CMSSW_9_4_12/src/CMGTools/WMass/python/postprocessing/data/pileup/mcPU_2016_W94XnoCutsWithGenWeights_nTrueInt.root, title=, option=READ
TFile: name=/afs/cern.ch/work/m/mciprian/w_mass_analysis/heppy/rel_slc7/CMSSW_9_4_12/src/CMGTools/WMass/python/postprocessing/data/pileup/PileupData_GoldenMuonJSON_Full2016.root, title=, option=READ
Load C++ Worker
Modules to run:  []   name =  muCalibratedWithStatVar
Loading muCalibratedWithStatVar from CMGTools.WMass.postprocessing.examples.lepVarProducer 
Running on dataset =  TTTo2L2Nu_powheg_part4
did not find EnergyScaleCorrection shared object, rebuilding
trying to load all the rochester correction libraries
did not find legacy data roccor. rebuilding...
done building legacy data roccor.
Modules to run:  []   name =  jetAllReCleaner
Loading jetAllReCleaner from CMGTools.WMass.postprocessing.examples.jetReCleaner 
Running on dataset =  TTTo2L2Nu_powheg_part4
Load C++ Worker
Modules to run:  []   name =  jetReCleaner
Loading jetReCleaner from CMGTools.WMass.postprocessing.examples.jetReCleaner 
Running on dataset =  TTTo2L2Nu_powheg_part4
Load C++ Worker
Modules to run:  []   name =  genQEDJets
Loading genQEDJets from CMGTools.WMass.postprocessing.examples.genFriendProducer 
Running on dataset =  TTTo2L2Nu_powheg_part4
Will write selected trees to MY_EOS_SPACE/heppyNtuples/TREES_TopDibosonsQCD_94X/friends/
Normalization of nTrueInt_Wnopt: 3.68902e+10
Normalization of pileup: 3.68902e+10
Weights for variable nTrueInt_Wnopt with a number of bins equal to 102:
1 0.3634 0.9215 1.196 0.96 1.118 1.157 0.9675 0.9293 0.9192 0.8823 0.9553 1.062 1.116 1.167 1.194 1.2 1.193 1.177 1.14 1.092 1.06 1.047 1.046 1.047 1.048 1.06 1.077 1.092 1.106 1.122 1.108 1.097 1.051 0.992 0.9144 0.8237 0.7175 0.6087 0.5019 0.4029 0.3076 0.2264 0.1622 0.1123 0.07656 0.05052 0.03159 0.01992 0.01212 0.007355 0.004361 0.002593 0.001553 0.0009624 0.0007219 0.0006632 0.0007233 0.0009289 0.001329 0.001772 0.003222 0.004042 0.00487 0.005064 0.005658 0.005309 0.004846 0.004101 0.003977 0.003686 0.003306 0.002672 0.002286 0.001878 0.00167 1 1 1 1 1 1 1 1 1 1 1 1 1 1 1 1 1 1 1 1 1 1 1 1 1 1 .
Final weights: 
1 0.3634 0.9215 1.196 0.96 1.118 1.157 0.9675 0.9293 0.9192 0.8823 0.9553 1.062 1.116 1.167 1.194 1.2 1.193 1.177 1.14 1.092 1.06 1.047 1.046 1.047 1.048 1.06 1.077 1.092 1.106 1.122 1.108 1.097 1.051 0.992 0.9144 0.8237 0.7175 0.6087 0.5019 0.4029 0.3076 0.2264 0.1622 0.1123 0.07656 0.05052 0.03159 0.01992 0.01212 0.007355 0.004361 0.002593 0.001553 0.0009624 0.0007219 0.0006632 0.0007233 0.0009289 0.001329 0.001772 0.003222 0.004042 0.00487 0.005064 0.005658 0.005309 0.004846 0.004101 0.003977 0.003686 0.003306 0.002672 0.002286 0.001878 0.00167 1 1 1 1 1 1 1 1 1 1 1 1 1 1 1 1 1 1 1 1 1 1 1 1 1 1 .
begin job of lepCalProducer
initializing all the rochester correction objects
initializing the egamma calibrator
Processed  2500000/ 7001341 entries (elapsed time     0.4s, curr speed   27.778 kHz, avg speed 6944.444 kHz), accepted        1/       1 events (100.00%)
Processed  2510000/ 7001341 entries (elapsed time    32.0s, curr speed    0.316 kHz, avg speed   78.438 kHz), accepted    10001/   10001 events (100.00%)
Processed  2520000/ 7001341 entries (elapsed time    64.9s, curr speed    0.304 kHz, avg speed   38.859 kHz), accepted    20001/   20001 events (100.00%)
Processed  2530000/ 7001341 entries (elapsed time    97.1s, curr speed    0.310 kHz, avg speed   26.058 kHz), accepted    30001/   30001 events (100.00%)
Processed  2540000/ 7001341 entries (elapsed time   128.8s, curr speed    0.315 kHz, avg speed   19.717 kHz), accepted    40001/   40001 events (100.00%)
Processed  2550000/ 7001341 entries (elapsed time   161.0s, curr speed    0.311 kHz, avg speed   15.839 kHz), accepted    50001/   50001 events (100.00%)
Processed  2560000/ 7001341 entries (elapsed time   189.6s, curr speed    0.350 kHz, avg speed   13.505 kHz), accepted    60001/   60001 events (100.00%)
Processed  2570000/ 7001341 entries (elapsed time   217.5s, curr speed    0.358 kHz, avg speed   11.814 kHz), accepted    70001/   70001 events (100.00%)
Processed  2580000/ 7001341 entries (elapsed time   245.7s, curr speed    0.355 kHz, avg speed   10.501 kHz), accepted    80001/   80001 events (100.00%)
Processed  2590000/ 7001341 entries (elapsed time   272.3s, curr speed    0.376 kHz, avg speed    9.512 kHz), accepted    90001/   90001 events (100.00%)
Processed  2600000/ 7001341 entries (elapsed time   299.8s, curr speed    0.363 kHz, avg speed    8.671 kHz), accepted   100001/  100001 events (100.00%)
Processed  2610000/ 7001341 entries (elapsed time   363.6s, curr speed    0.157 kHz, avg speed    7.178 kHz), accepted   110001/  110001 events (100.00%)
Processed  2620000/ 7001341 entries (elapsed time   392.7s, curr speed    0.343 kHz, avg speed    6.671 kHz), accepted   120001/  120001 events (100.00%)
Processed  2630000/ 7001341 entries (elapsed time   421.8s, curr speed    0.345 kHz, avg speed    6.236 kHz), accepted   130001/  130001 events (100.00%)
Processed  2640000/ 7001341 entries (elapsed time   450.7s, curr speed    0.345 kHz, avg speed    5.857 kHz), accepted   140001/  140001 events (100.00%)
Processed  2650000/ 7001341 entries (elapsed time   480.0s, curr speed    0.342 kHz, avg speed    5.521 kHz), accepted   150001/  150001 events (100.00%)
Processed  2660000/ 7001341 entries (elapsed time   543.9s, curr speed    0.157 kHz, avg speed    4.891 kHz), accepted   160001/  160001 events (100.00%)
Processed  2670000/ 7001341 entries (elapsed time   573.6s, curr speed    0.337 kHz, avg speed    4.655 kHz), accepted   170001/  170001 events (100.00%)
Processed  2680000/ 7001341 entries (elapsed time   603.3s, curr speed    0.337 kHz, avg speed    4.443 kHz), accepted   180001/  180001 events (100.00%)
Processed  2690000/ 7001341 entries (elapsed time   632.2s, curr speed    0.345 kHz, avg speed    4.255 kHz), accepted   190001/  190001 events (100.00%)
Processed  2700000/ 7001341 entries (elapsed time   662.4s, curr speed    0.332 kHz, avg speed    4.076 kHz), accepted   200001/  200001 events (100.00%)
Processed  2710000/ 7001341 entries (elapsed time   726.9s, curr speed    0.155 kHz, avg speed    3.728 kHz), accepted   210001/  210001 events (100.00%)
Processed  2720000/ 7001341 entries (elapsed time   757.2s, curr speed    0.330 kHz, avg speed    3.592 kHz), accepted   220001/  220001 events (100.00%)
Processed  2730000/ 7001341 entries (elapsed time   786.9s, curr speed    0.336 kHz, avg speed    3.469 kHz), accepted   230001/  230001 events (100.00%)
Processed  2740000/ 7001341 entries (elapsed time   816.2s, curr speed    0.341 kHz, avg speed    3.357 kHz), accepted   240001/  240001 events (100.00%)
Processed 250000 entries from MY_EOS_SPACE/heppyNtuples/TREES_TopDibosonsQCD_94X/TTTo2L2Nu_powheg_part4/treeProducerWMass/tree.root, selected 250000 entries
Done MY_EOS_SPACE/heppyNtuples/TREES_TopDibosonsQCD_94X/friends/tree_Friend_TTTo2L2Nu_powheg_part4.chunk10.root
