000 (323098.014.000) 05/11 15:55:05 Job submitted from host: <188.184.95.166:9618?addrs=188.184.95.166-9618+[2001-1458-201-e4--100-7a0]-9618&alias=tbird02.cern.ch&noUDP&sock=schedd_2138722_faad_3>
...
040 (323098.014.000) 05/11 16:04:11 Started transferring input files
	Transferring to host: <188.184.207.148:9618?addrs=188.184.207.148-9618+[2001-1458-301-7d--100-594]-9618&noUDP&sock=4203_24c4_126895>
...
040 (323098.014.000) 05/11 16:04:11 Finished transferring input files
...
001 (323098.014.000) 05/11 16:04:12 Job executing on host: <188.184.207.148:9618?addrs=188.184.207.148-9618+[2001-1458-301-7d--100-594]-9618&noUDP&sock=2320_e7cf_3>
...
006 (323098.014.000) 05/11 16:04:21 Image size of job updated: 339560
	249  -  MemoryUsage of job (MB)
	254012  -  ResidentSetSize of job (KB)
...
006 (323098.014.000) 05/11 16:09:22 Image size of job updated: 594732
	498  -  MemoryUsage of job (MB)
	509012  -  ResidentSetSize of job (KB)
...
040 (323098.014.000) 05/11 16:12:30 Started transferring output files
...
040 (323098.014.000) 05/11 16:12:30 Finished transferring output files
...
005 (323098.014.000) 05/11 16:12:30 Job terminated.
	(1) Normal termination (return value 1)
		Usr 0 00:07:13, Sys 0 00:00:56  -  Run Remote Usage
		Usr 0 00:00:00, Sys 0 00:00:00  -  Run Local Usage
		Usr 0 00:07:13, Sys 0 00:00:56  -  Total Remote Usage
		Usr 0 00:00:00, Sys 0 00:00:00  -  Total Local Usage
	8612  -  Run Bytes Sent By Job
	10941  -  Run Bytes Received By Job
	8612  -  Total Bytes Sent By Job
	10941  -  Total Bytes Received By Job
	Partitionable Resources :    Usage  Request Allocated 
	   Cpus                 :                 1           
	   Disk (KB)            :       72        1   2172712 
	   Memory (MB)          :      498     2000      2000 
...
