000 (323102.007.000) 05/11 15:55:08 Job submitted from host: <188.184.95.166:9618?addrs=188.184.95.166-9618+[2001-1458-201-e4--100-7a0]-9618&alias=tbird02.cern.ch&noUDP&sock=schedd_2138722_faad_3>
...
040 (323102.007.000) 05/11 16:05:46 Started transferring input files
	Transferring to host: <128.142.240.28:9618?addrs=128.142.240.28-9618+[2001-1458-301-f9--100-21]-9618&noUDP&sock=4173_0183_126038>
...
040 (323102.007.000) 05/11 16:05:46 Finished transferring input files
...
001 (323102.007.000) 05/11 16:05:47 Job executing on host: <128.142.240.28:9618?addrs=128.142.240.28-9618+[2001-1458-301-f9--100-21]-9618&noUDP&sock=2343_ae7c_3>
...
006 (323102.007.000) 05/11 16:05:56 Image size of job updated: 280460
	198  -  MemoryUsage of job (MB)
	202664  -  ResidentSetSize of job (KB)
...
006 (323102.007.000) 05/11 16:10:56 Image size of job updated: 509176
	497  -  MemoryUsage of job (MB)
	508240  -  ResidentSetSize of job (KB)
...
040 (323102.007.000) 05/11 16:15:25 Started transferring output files
...
040 (323102.007.000) 05/11 16:15:25 Finished transferring output files
...
005 (323102.007.000) 05/11 16:15:25 Job terminated.
	(1) Normal termination (return value 1)
		Usr 0 00:08:25, Sys 0 00:01:02  -  Run Remote Usage
		Usr 0 00:00:00, Sys 0 00:00:00  -  Run Local Usage
		Usr 0 00:08:25, Sys 0 00:01:02  -  Total Remote Usage
		Usr 0 00:00:00, Sys 0 00:00:00  -  Total Local Usage
	8608  -  Run Bytes Sent By Job
	10941  -  Run Bytes Received By Job
	8608  -  Total Bytes Sent By Job
	10941  -  Total Bytes Received By Job
	Partitionable Resources :    Usage  Request Allocated 
	   Cpus                 :                 1           
	   Disk (KB)            :       71        1   2199522 
	   Memory (MB)          :      497     2000      2000 
...
