000 (323094.027.000) 05/11 15:55:03 Job submitted from host: <188.184.95.166:9618?addrs=188.184.95.166-9618+[2001-1458-201-e4--100-7a0]-9618&alias=tbird02.cern.ch&noUDP&sock=schedd_2138722_faad_3>
...
040 (323094.027.000) 05/11 16:01:30 Started transferring input files
	Transferring to host: <128.142.240.35:9618?addrs=128.142.240.35-9618+[2001-1458-301-f9--100-1b]-9618&noUDP&sock=4017_16fc_126822>
...
040 (323094.027.000) 05/11 16:01:30 Finished transferring input files
...
001 (323094.027.000) 05/11 16:01:31 Job executing on host: <128.142.240.35:9618?addrs=128.142.240.35-9618+[2001-1458-301-f9--100-1b]-9618&noUDP&sock=2332_22f2_3>
...
006 (323094.027.000) 05/11 16:01:39 Image size of job updated: 338692
	249  -  MemoryUsage of job (MB)
	254204  -  ResidentSetSize of job (KB)
...
006 (323094.027.000) 05/11 16:06:39 Image size of job updated: 509896
	496  -  MemoryUsage of job (MB)
	507060  -  ResidentSetSize of job (KB)
...
040 (323094.027.000) 05/11 16:09:57 Started transferring output files
...
040 (323094.027.000) 05/11 16:09:57 Finished transferring output files
...
005 (323094.027.000) 05/11 16:09:57 Job terminated.
	(1) Normal termination (return value 1)
		Usr 0 00:07:25, Sys 0 00:00:58  -  Run Remote Usage
		Usr 0 00:00:00, Sys 0 00:00:00  -  Run Local Usage
		Usr 0 00:07:25, Sys 0 00:00:58  -  Total Remote Usage
		Usr 0 00:00:00, Sys 0 00:00:00  -  Total Local Usage
	8623  -  Run Bytes Sent By Job
	10941  -  Run Bytes Received By Job
	8623  -  Total Bytes Sent By Job
	10941  -  Total Bytes Received By Job
	Partitionable Resources :    Usage  Request Allocated 
	   Cpus                 :                 1           
	   Disk (KB)            :       71        1   2137587 
	   Memory (MB)          :      496     2000      2000 
...
