000 (323082.015.000) 05/11 15:54:55 Job submitted from host: <188.184.95.166:9618?addrs=188.184.95.166-9618+[2001-1458-201-e4--100-7a0]-9618&alias=tbird02.cern.ch&noUDP&sock=schedd_2138722_faad_3>
...
040 (323082.015.000) 05/11 15:55:58 Started transferring input files
	Transferring to host: <128.142.240.25:9618?addrs=128.142.240.25-9618+[2001-1458-301-f9--100-b]-9618&noUDP&sock=4151_8142_126738>
...
040 (323082.015.000) 05/11 15:55:58 Finished transferring input files
...
001 (323082.015.000) 05/11 15:55:59 Job executing on host: <128.142.240.25:9618?addrs=128.142.240.25-9618+[2001-1458-301-f9--100-b]-9618&noUDP&sock=2416_c0e6_3>
...
006 (323082.015.000) 05/11 15:56:07 Image size of job updated: 219384
	138  -  MemoryUsage of job (MB)
	140900  -  ResidentSetSize of job (KB)
...
006 (323082.015.000) 05/11 15:59:37 Image size of job updated: 219384
	138  -  MemoryUsage of job (MB)
	141032  -  ResidentSetSize of job (KB)
...
040 (323082.015.000) 05/11 15:59:37 Started transferring output files
...
040 (323082.015.000) 05/11 15:59:37 Finished transferring output files
...
005 (323082.015.000) 05/11 15:59:37 Job terminated.
	(1) Normal termination (return value 1)
		Usr 0 00:03:06, Sys 0 00:00:23  -  Run Remote Usage
		Usr 0 00:00:00, Sys 0 00:00:00  -  Run Local Usage
		Usr 0 00:03:06, Sys 0 00:00:23  -  Total Remote Usage
		Usr 0 00:00:00, Sys 0 00:00:00  -  Total Local Usage
	6255  -  Run Bytes Sent By Job
	10941  -  Run Bytes Received By Job
	6255  -  Total Bytes Sent By Job
	10941  -  Total Bytes Received By Job
	Partitionable Resources :    Usage  Request Allocated 
	   Cpus                 :                 1           
	   Disk (KB)            :       69        1   2110388 
	   Memory (MB)          :      138     2000      2000 
...
