000 (323081.021.000) 05/11 15:54:55 Job submitted from host: <188.184.95.166:9618?addrs=188.184.95.166-9618+[2001-1458-201-e4--100-7a0]-9618&alias=tbird02.cern.ch&noUDP&sock=schedd_2138722_faad_3>
...
040 (323081.021.000) 05/11 15:55:51 Started transferring input files
	Transferring to host: <188.184.132.14:9618?addrs=188.184.132.14-9618+[2001-1458-301-a0--100-4]-9618&noUDP&sock=4204_d924_127182>
...
040 (323081.021.000) 05/11 15:55:51 Finished transferring input files
...
001 (323081.021.000) 05/11 15:55:52 Job executing on host: <188.184.132.14:9618?addrs=188.184.132.14-9618+[2001-1458-301-a0--100-4]-9618&noUDP&sock=2333_d28a_3>
...
006 (323081.021.000) 05/11 15:56:00 Image size of job updated: 238888
	157  -  MemoryUsage of job (MB)
	160320  -  ResidentSetSize of job (KB)
...
006 (323081.021.000) 05/11 16:01:00 Image size of job updated: 488468
	477  -  MemoryUsage of job (MB)
	488052  -  ResidentSetSize of job (KB)
...
040 (323081.021.000) 05/11 16:04:35 Started transferring output files
...
040 (323081.021.000) 05/11 16:04:35 Finished transferring output files
...
005 (323081.021.000) 05/11 16:04:35 Job terminated.
	(1) Normal termination (return value 1)
		Usr 0 00:07:35, Sys 0 00:00:56  -  Run Remote Usage
		Usr 0 00:00:00, Sys 0 00:00:00  -  Run Local Usage
		Usr 0 00:07:35, Sys 0 00:00:56  -  Total Remote Usage
		Usr 0 00:00:00, Sys 0 00:00:00  -  Total Local Usage
	8556  -  Run Bytes Sent By Job
	10941  -  Run Bytes Received By Job
	8556  -  Total Bytes Sent By Job
	10941  -  Total Bytes Received By Job
	Partitionable Resources :    Usage  Request Allocated 
	   Cpus                 :                 1           
	   Disk (KB)            :       71        1   2153222 
	   Memory (MB)          :      477     2000      2000 
...
