000 (323084.020.000) 05/11 15:54:56 Job submitted from host: <188.184.95.166:9618?addrs=188.184.95.166-9618+[2001-1458-201-e4--100-7a0]-9618&alias=tbird02.cern.ch&noUDP&sock=schedd_2138722_faad_3>
...
040 (323084.020.000) 05/11 15:56:16 Started transferring input files
	Transferring to host: <128.142.240.35:9618?addrs=128.142.240.35-9618+[2001-1458-301-f9--100-1b]-9618&noUDP&sock=4017_16fc_126821>
...
040 (323084.020.000) 05/11 15:56:16 Finished transferring input files
...
001 (323084.020.000) 05/11 15:56:17 Job executing on host: <128.142.240.35:9618?addrs=128.142.240.35-9618+[2001-1458-301-f9--100-1b]-9618&noUDP&sock=2332_22f2_3>
...
006 (323084.020.000) 05/11 15:56:25 Image size of job updated: 237112
	155  -  MemoryUsage of job (MB)
	158560  -  ResidentSetSize of job (KB)
...
006 (323084.020.000) 05/11 16:01:25 Image size of job updated: 573472
	477  -  MemoryUsage of job (MB)
	487712  -  ResidentSetSize of job (KB)
...
040 (323084.020.000) 05/11 16:04:47 Started transferring output files
...
040 (323084.020.000) 05/11 16:04:47 Finished transferring output files
...
005 (323084.020.000) 05/11 16:04:47 Job terminated.
	(1) Normal termination (return value 1)
		Usr 0 00:07:25, Sys 0 00:00:54  -  Run Remote Usage
		Usr 0 00:00:00, Sys 0 00:00:00  -  Run Local Usage
		Usr 0 00:07:25, Sys 0 00:00:54  -  Total Remote Usage
		Usr 0 00:00:00, Sys 0 00:00:00  -  Total Local Usage
	8556  -  Run Bytes Sent By Job
	10941  -  Run Bytes Received By Job
	8556  -  Total Bytes Sent By Job
	10941  -  Total Bytes Received By Job
	Partitionable Resources :    Usage  Request Allocated 
	   Cpus                 :                 1           
	   Disk (KB)            :       71        1   2137782 
	   Memory (MB)          :      477     2000      2000 
...
