   TTToSemilepton_powheg_part4   MC  29 chunks


I have 1 taks to process
I'm using the following list of modules DEFAULT_MODULES
this is jobs [('TTToSemilepton_powheg_part4', 'MY_EOS_SPACE/heppyNtuples/TREES_TopDibosonsQCD_94X/TTToSemilepton_powheg_part4/treeProducerWMass/tree.root', 12848340.0, '_Friend_TTToSemilepton_powheg_part4.chunk4', False, xrange(1000000, 1250000), 4)]
Modules to run:  []   name =  puWeight
Loading puWeight from CMGTools.WMass.postprocessing.examples.puWeightProducer 
Running on dataset =  TTToSemilepton_powheg_part4
TFile: name=/afs/cern.ch/work/m/mciprian/w_mass_analysis/heppy/rel_slc7/CMSSW_9_4_12/src/CMGTools/WMass/python/postprocessing/data/pileup/mcPU_2016_W94XnoCutsWithGenWeights_nTrueInt.root, title=, option=READ
TFile: name=/afs/cern.ch/work/m/mciprian/w_mass_analysis/heppy/rel_slc7/CMSSW_9_4_12/src/CMGTools/WMass/python/postprocessing/data/pileup/PileupData_GoldenMuonJSON_Full2016.root, title=, option=READ
Load C++ Worker
Modules to run:  []   name =  muCalibratedWithStatVar
Loading muCalibratedWithStatVar from CMGTools.WMass.postprocessing.examples.lepVarProducer 
Running on dataset =  TTToSemilepton_powheg_part4
did not find EnergyScaleCorrection shared object, rebuilding
trying to load all the rochester correction libraries
did not find legacy data roccor. rebuilding...
done building legacy data roccor.
Modules to run:  []   name =  jetAllReCleaner
Loading jetAllReCleaner from CMGTools.WMass.postprocessing.examples.jetReCleaner 
Running on dataset =  TTToSemilepton_powheg_part4
Load C++ Worker
Modules to run:  []   name =  jetReCleaner
Loading jetReCleaner from CMGTools.WMass.postprocessing.examples.jetReCleaner 
Running on dataset =  TTToSemilepton_powheg_part4
Load C++ Worker
Modules to run:  []   name =  genQEDJets
Loading genQEDJets from CMGTools.WMass.postprocessing.examples.genFriendProducer 
Running on dataset =  TTToSemilepton_powheg_part4
Will write selected trees to MY_EOS_SPACE/heppyNtuples/TREES_TopDibosonsQCD_94X/friends/
Normalization of nTrueInt_Wnopt: 3.68902e+10
Normalization of pileup: 3.68902e+10
Weights for variable nTrueInt_Wnopt with a number of bins equal to 102:
1 0.3634 0.9215 1.196 0.96 1.118 1.157 0.9675 0.9293 0.9192 0.8823 0.9553 1.062 1.116 1.167 1.194 1.2 1.193 1.177 1.14 1.092 1.06 1.047 1.046 1.047 1.048 1.06 1.077 1.092 1.106 1.122 1.108 1.097 1.051 0.992 0.9144 0.8237 0.7175 0.6087 0.5019 0.4029 0.3076 0.2264 0.1622 0.1123 0.07656 0.05052 0.03159 0.01992 0.01212 0.007355 0.004361 0.002593 0.001553 0.0009624 0.0007219 0.0006632 0.0007233 0.0009289 0.001329 0.001772 0.003222 0.004042 0.00487 0.005064 0.005658 0.005309 0.004846 0.004101 0.003977 0.003686 0.003306 0.002672 0.002286 0.001878 0.00167 1 1 1 1 1 1 1 1 1 1 1 1 1 1 1 1 1 1 1 1 1 1 1 1 1 1 .
Final weights: 
1 0.3634 0.9215 1.196 0.96 1.118 1.157 0.9675 0.9293 0.9192 0.8823 0.9553 1.062 1.116 1.167 1.194 1.2 1.193 1.177 1.14 1.092 1.06 1.047 1.046 1.047 1.048 1.06 1.077 1.092 1.106 1.122 1.108 1.097 1.051 0.992 0.9144 0.8237 0.7175 0.6087 0.5019 0.4029 0.3076 0.2264 0.1622 0.1123 0.07656 0.05052 0.03159 0.01992 0.01212 0.007355 0.004361 0.002593 0.001553 0.0009624 0.0007219 0.0006632 0.0007233 0.0009289 0.001329 0.001772 0.003222 0.004042 0.00487 0.005064 0.005658 0.005309 0.004846 0.004101 0.003977 0.003686 0.003306 0.002672 0.002286 0.001878 0.00167 1 1 1 1 1 1 1 1 1 1 1 1 1 1 1 1 1 1 1 1 1 1 1 1 1 1 .
begin job of lepCalProducer
initializing all the rochester correction objects
initializing the egamma calibrator
Processed  1000000/ 7034405 entries (elapsed time     0.3s, curr speed   29.412 kHz, avg speed 2941.176 kHz), accepted        1/       1 events (100.00%)
Processed  1010000/ 7034405 entries (elapsed time    21.2s, curr speed    0.480 kHz, avg speed   47.709 kHz), accepted    10001/   10001 events (100.00%)
Processed  1020000/ 7034405 entries (elapsed time    41.9s, curr speed    0.482 kHz, avg speed   24.326 kHz), accepted    20001/   20001 events (100.00%)
Processed  1030000/ 7034405 entries (elapsed time    62.4s, curr speed    0.489 kHz, avg speed   16.512 kHz), accepted    30001/   30001 events (100.00%)
Processed  1040000/ 7034405 entries (elapsed time    82.6s, curr speed    0.496 kHz, avg speed   12.597 kHz), accepted    40001/   40001 events (100.00%)
Processed  1050000/ 7034405 entries (elapsed time   102.3s, curr speed    0.506 kHz, avg speed   10.261 kHz), accepted    50001/   50001 events (100.00%)
Processed  1060000/ 7034405 entries (elapsed time   122.5s, curr speed    0.497 kHz, avg speed    8.656 kHz), accepted    60001/   60001 events (100.00%)
Processed  1070000/ 7034405 entries (elapsed time   139.7s, curr speed    0.581 kHz, avg speed    7.660 kHz), accepted    70001/   70001 events (100.00%)
Processed  1080000/ 7034405 entries (elapsed time   157.1s, curr speed    0.574 kHz, avg speed    6.875 kHz), accepted    80001/   80001 events (100.00%)
Processed  1090000/ 7034405 entries (elapsed time   174.5s, curr speed    0.575 kHz, avg speed    6.247 kHz), accepted    90001/   90001 events (100.00%)
Processed  1100000/ 7034405 entries (elapsed time   191.9s, curr speed    0.575 kHz, avg speed    5.733 kHz), accepted   100001/  100001 events (100.00%)
Processed  1110000/ 7034405 entries (elapsed time   209.4s, curr speed    0.570 kHz, avg speed    5.301 kHz), accepted   110001/  110001 events (100.00%)
Processed  1120000/ 7034405 entries (elapsed time   247.2s, curr speed    0.265 kHz, avg speed    4.531 kHz), accepted   120001/  120001 events (100.00%)
Processed  1130000/ 7034405 entries (elapsed time   264.6s, curr speed    0.575 kHz, avg speed    4.271 kHz), accepted   130001/  130001 events (100.00%)
Processed  1140000/ 7034405 entries (elapsed time   282.1s, curr speed    0.572 kHz, avg speed    4.041 kHz), accepted   140001/  140001 events (100.00%)
Processed  1150000/ 7034405 entries (elapsed time   300.2s, curr speed    0.552 kHz, avg speed    3.831 kHz), accepted   150001/  150001 events (100.00%)
Processed  1160000/ 7034405 entries (elapsed time   317.4s, curr speed    0.583 kHz, avg speed    3.655 kHz), accepted   160001/  160001 events (100.00%)
Processed  1170000/ 7034405 entries (elapsed time   334.8s, curr speed    0.573 kHz, avg speed    3.494 kHz), accepted   170001/  170001 events (100.00%)
Processed  1180000/ 7034405 entries (elapsed time   372.7s, curr speed    0.264 kHz, avg speed    3.166 kHz), accepted   180001/  180001 events (100.00%)
Processed  1190000/ 7034405 entries (elapsed time   389.7s, curr speed    0.587 kHz, avg speed    3.054 kHz), accepted   190001/  190001 events (100.00%)
Processed  1200000/ 7034405 entries (elapsed time   406.6s, curr speed    0.593 kHz, avg speed    2.952 kHz), accepted   200001/  200001 events (100.00%)
Processed  1210000/ 7034405 entries (elapsed time   423.3s, curr speed    0.598 kHz, avg speed    2.859 kHz), accepted   210001/  210001 events (100.00%)
Processed  1220000/ 7034405 entries (elapsed time   440.0s, curr speed    0.596 kHz, avg speed    2.772 kHz), accepted   220001/  220001 events (100.00%)
Processed  1230000/ 7034405 entries (elapsed time   456.8s, curr speed    0.598 kHz, avg speed    2.693 kHz), accepted   230001/  230001 events (100.00%)
Processed  1240000/ 7034405 entries (elapsed time   491.8s, curr speed    0.286 kHz, avg speed    2.522 kHz), accepted   240001/  240001 events (100.00%)
Processed 250000 entries from MY_EOS_SPACE/heppyNtuples/TREES_TopDibosonsQCD_94X/TTToSemilepton_powheg_part4/treeProducerWMass/tree.root, selected 250000 entries
Done MY_EOS_SPACE/heppyNtuples/TREES_TopDibosonsQCD_94X/friends/tree_Friend_TTToSemilepton_powheg_part4.chunk4.root
