000 (323083.003.000) 05/11 15:54:56 Job submitted from host: <188.184.95.166:9618?addrs=188.184.95.166-9618+[2001-1458-201-e4--100-7a0]-9618&alias=tbird02.cern.ch&noUDP&sock=schedd_2138722_faad_3>
...
040 (323083.003.000) 05/11 15:56:00 Started transferring input files
	Transferring to host: <128.142.33.156:9618?addrs=128.142.33.156-9618+[--1]-9618&noUDP&sock=3227_769c_9646>
...
040 (323083.003.000) 05/11 15:56:00 Finished transferring input files
...
001 (323083.003.000) 05/11 15:56:01 Job executing on host: <128.142.33.156:9618?addrs=128.142.33.156-9618+[--1]-9618&noUDP&sock=2275_0a0c_3>
...
006 (323083.003.000) 05/11 15:56:09 Image size of job updated: 238080
	156  -  MemoryUsage of job (MB)
	159528  -  ResidentSetSize of job (KB)
...
006 (323083.003.000) 05/11 16:01:09 Image size of job updated: 571820
	475  -  MemoryUsage of job (MB)
	486064  -  ResidentSetSize of job (KB)
...
006 (323083.003.000) 05/11 16:05:53 Image size of job updated: 573804
	475  -  MemoryUsage of job (MB)
	486064  -  ResidentSetSize of job (KB)
...
040 (323083.003.000) 05/11 16:05:53 Started transferring output files
...
040 (323083.003.000) 05/11 16:05:53 Finished transferring output files
...
005 (323083.003.000) 05/11 16:05:53 Job terminated.
	(1) Normal termination (return value 1)
		Usr 0 00:06:59, Sys 0 00:01:00  -  Run Remote Usage
		Usr 0 00:00:00, Sys 0 00:00:00  -  Run Local Usage
		Usr 0 00:06:59, Sys 0 00:01:00  -  Total Remote Usage
		Usr 0 00:00:00, Sys 0 00:00:00  -  Total Local Usage
	13859  -  Run Bytes Sent By Job
	10941  -  Run Bytes Received By Job
	13859  -  Total Bytes Sent By Job
	10941  -  Total Bytes Received By Job
	Partitionable Resources :    Usage  Request Allocated 
	   Cpus                 :                 1           
	   Disk (KB)            :       73        1   2127538 
	   Memory (MB)          :      475     2000      2000 
...
