000 (323098.000.000) 05/11 15:55:05 Job submitted from host: <188.184.95.166:9618?addrs=188.184.95.166-9618+[2001-1458-201-e4--100-7a0]-9618&alias=tbird02.cern.ch&noUDP&sock=schedd_2138722_faad_3>
...
040 (323098.000.000) 05/11 16:03:49 Started transferring input files
	Transferring to host: <128.142.240.42:9618?addrs=128.142.240.42-9618+[2001-1458-301-f9--100-12]-9618&noUDP&sock=4165_5e82_127147>
...
040 (323098.000.000) 05/11 16:03:49 Finished transferring input files
...
001 (323098.000.000) 05/11 16:03:50 Job executing on host: <128.142.240.42:9618?addrs=128.142.240.42-9618+[2001-1458-301-f9--100-12]-9618&noUDP&sock=2326_0560_3>
...
006 (323098.000.000) 05/11 16:03:58 Image size of job updated: 309172
	219  -  MemoryUsage of job (MB)
	224080  -  ResidentSetSize of job (KB)
...
006 (323098.000.000) 05/11 16:08:58 Image size of job updated: 594720
	498  -  MemoryUsage of job (MB)
	509000  -  ResidentSetSize of job (KB)
...
040 (323098.000.000) 05/11 16:11:44 Started transferring output files
...
040 (323098.000.000) 05/11 16:11:44 Finished transferring output files
...
005 (323098.000.000) 05/11 16:11:44 Job terminated.
	(1) Normal termination (return value 1)
		Usr 0 00:06:56, Sys 0 00:00:53  -  Run Remote Usage
		Usr 0 00:00:00, Sys 0 00:00:00  -  Run Local Usage
		Usr 0 00:06:56, Sys 0 00:00:53  -  Total Remote Usage
		Usr 0 00:00:00, Sys 0 00:00:00  -  Total Local Usage
	8444  -  Run Bytes Sent By Job
	10941  -  Run Bytes Received By Job
	8444  -  Total Bytes Sent By Job
	10941  -  Total Bytes Received By Job
	Partitionable Resources :    Usage  Request Allocated 
	   Cpus                 :                 1           
	   Disk (KB)            :       71        1   2179202 
	   Memory (MB)          :      498     2000      2000 
...
