000 (323092.019.000) 05/11 15:55:01 Job submitted from host: <188.184.95.166:9618?addrs=188.184.95.166-9618+[2001-1458-201-e4--100-7a0]-9618&alias=tbird02.cern.ch&noUDP&sock=schedd_2138722_faad_3>
...
040 (323092.019.000) 05/11 15:58:08 Started transferring input files
	Transferring to host: <188.184.133.208:9618?addrs=188.184.133.208-9618+[2001-1458-301-a0--100-4df]-9618&noUDP&sock=23495_1a54_123>
...
040 (323092.019.000) 05/11 15:58:08 Finished transferring input files
...
001 (323092.019.000) 05/11 15:58:10 Job executing on host: <188.184.133.208:9618?addrs=188.184.133.208-9618+[2001-1458-301-a0--100-4df]-9618&noUDP&sock=12853_aadb_3>
...
006 (323092.019.000) 05/11 15:58:18 Image size of job updated: 212072
	201  -  MemoryUsage of job (MB)
	205496  -  ResidentSetSize of job (KB)
...
006 (323092.019.000) 05/11 16:03:18 Image size of job updated: 397528
	382  -  MemoryUsage of job (MB)
	390892  -  ResidentSetSize of job (KB)
...
006 (323092.019.000) 05/11 16:08:18 Image size of job updated: 513944
	496  -  MemoryUsage of job (MB)
	507308  -  ResidentSetSize of job (KB)
...
006 (323092.019.000) 05/11 16:13:19 Image size of job updated: 514100
	496  -  MemoryUsage of job (MB)
	507464  -  ResidentSetSize of job (KB)
...
040 (323092.019.000) 05/11 16:15:24 Started transferring output files
...
040 (323092.019.000) 05/11 16:15:24 Finished transferring output files
...
005 (323092.019.000) 05/11 16:15:24 Job terminated.
	(1) Normal termination (return value 1)
		Usr 0 00:14:56, Sys 0 00:01:35  -  Run Remote Usage
		Usr 0 00:00:00, Sys 0 00:00:00  -  Run Local Usage
		Usr 0 00:14:56, Sys 0 00:01:35  -  Total Remote Usage
		Usr 0 00:00:00, Sys 0 00:00:00  -  Total Local Usage
	8623  -  Run Bytes Sent By Job
	10941  -  Run Bytes Received By Job
	8623  -  Total Bytes Sent By Job
	10941  -  Total Bytes Received By Job
	Partitionable Resources :    Usage  Request Allocated 
	   Cpus                 :     0.96        1         1 
	   Disk (KB)            :    78           1    211477 
	   Memory (MB)          :   496        2000      2000 
...
