000 (323100.014.000) 05/11 15:55:06 Job submitted from host: <188.184.95.166:9618?addrs=188.184.95.166-9618+[2001-1458-201-e4--100-7a0]-9618&alias=tbird02.cern.ch&noUDP&sock=schedd_2138722_faad_3>
...
040 (323100.014.000) 05/11 16:05:04 Started transferring input files
	Transferring to host: <188.184.132.30:9618?addrs=188.184.132.30-9618+[2001-1458-301-a0--100-16]-9618&noUDP&sock=3484_8b07_126383>
...
040 (323100.014.000) 05/11 16:05:04 Finished transferring input files
...
001 (323100.014.000) 05/11 16:05:05 Job executing on host: <188.184.132.30:9618?addrs=188.184.132.30-9618+[2001-1458-301-a0--100-16]-9618&noUDP&sock=2340_9fb4_3>
...
006 (323100.014.000) 05/11 16:05:14 Image size of job updated: 313856
	226  -  MemoryUsage of job (MB)
	231228  -  ResidentSetSize of job (KB)
...
006 (323100.014.000) 05/11 16:10:15 Image size of job updated: 590988
	497  -  MemoryUsage of job (MB)
	508196  -  ResidentSetSize of job (KB)
...
006 (323100.014.000) 05/11 16:13:40 Image size of job updated: 591352
	497  -  MemoryUsage of job (MB)
	508196  -  ResidentSetSize of job (KB)
...
040 (323100.014.000) 05/11 16:13:40 Started transferring output files
...
040 (323100.014.000) 05/11 16:13:40 Finished transferring output files
...
005 (323100.014.000) 05/11 16:13:40 Job terminated.
	(1) Normal termination (return value 1)
		Usr 0 00:07:32, Sys 0 00:01:00  -  Run Remote Usage
		Usr 0 00:00:00, Sys 0 00:00:00  -  Run Local Usage
		Usr 0 00:07:32, Sys 0 00:01:00  -  Total Remote Usage
		Usr 0 00:00:00, Sys 0 00:00:00  -  Total Local Usage
	8612  -  Run Bytes Sent By Job
	10941  -  Run Bytes Received By Job
	8612  -  Total Bytes Sent By Job
	10941  -  Total Bytes Received By Job
	Partitionable Resources :    Usage  Request Allocated 
	   Cpus                 :                 1           
	   Disk (KB)            :       71        1   2178979 
	   Memory (MB)          :      497     2000      2000 
...
