000 (323083.008.000) 05/11 15:54:56 Job submitted from host: <188.184.95.166:9618?addrs=188.184.95.166-9618+[2001-1458-201-e4--100-7a0]-9618&alias=tbird02.cern.ch&noUDP&sock=schedd_2138722_faad_3>
...
040 (323083.008.000) 05/11 15:56:00 Started transferring input files
	Transferring to host: <188.184.132.41:9618?addrs=188.184.132.41-9618+[2001-1458-301-a0--100-7]-9618&noUDP&sock=20430_8878_75>
...
040 (323083.008.000) 05/11 15:56:00 Finished transferring input files
...
001 (323083.008.000) 05/11 15:56:01 Job executing on host: <188.184.132.41:9618?addrs=188.184.132.41-9618+[2001-1458-301-a0--100-7]-9618&noUDP&sock=2345_0dad_3>
...
006 (323083.008.000) 05/11 15:56:10 Image size of job updated: 264664
	245  -  MemoryUsage of job (MB)
	250580  -  ResidentSetSize of job (KB)
...
006 (323083.008.000) 05/11 16:01:11 Image size of job updated: 485020
	474  -  MemoryUsage of job (MB)
	484760  -  ResidentSetSize of job (KB)
...
006 (323083.008.000) 05/11 16:06:11 Image size of job updated: 485112
	474  -  MemoryUsage of job (MB)
	484852  -  ResidentSetSize of job (KB)
...
006 (323083.008.000) 05/11 16:07:09 Image size of job updated: 485348
	474  -  MemoryUsage of job (MB)
	484852  -  ResidentSetSize of job (KB)
...
040 (323083.008.000) 05/11 16:07:09 Started transferring output files
...
040 (323083.008.000) 05/11 16:07:09 Finished transferring output files
...
005 (323083.008.000) 05/11 16:07:09 Job terminated.
	(1) Normal termination (return value 1)
		Usr 0 00:09:39, Sys 0 00:01:09  -  Run Remote Usage
		Usr 0 00:00:00, Sys 0 00:00:00  -  Run Local Usage
		Usr 0 00:09:39, Sys 0 00:01:09  -  Total Remote Usage
		Usr 0 00:00:00, Sys 0 00:00:00  -  Total Local Usage
	8552  -  Run Bytes Sent By Job
	10941  -  Run Bytes Received By Job
	8552  -  Total Bytes Sent By Job
	10941  -  Total Bytes Received By Job
	Partitionable Resources :    Usage  Request Allocated 
	   Cpus                 :     1.00        1         1 
	   Disk (KB)            :    78           1    213283 
	   Memory (MB)          :   474        2000      2000 
...
