000 (323094.013.000) 05/11 15:55:02 Job submitted from host: <188.184.95.166:9618?addrs=188.184.95.166-9618+[2001-1458-201-e4--100-7a0]-9618&alias=tbird02.cern.ch&noUDP&sock=schedd_2138722_faad_3>
...
022 (323094.013.000) 05/11 16:00:18 Job disconnected, attempting to reconnect
    Socket between submit and execute hosts closed unexpectedly
    Trying to reconnect to slot1_1@b7g28n0414.cern.ch <188.184.186.27:9618?addrs=188.184.186.27-9618+[2001-1458-301-f8--100-25]-9618&noUDP&sock=2363_6661_3>
...
024 (323094.013.000) 05/11 16:00:18 Job reconnection failed
    Job not found at execution machine
    Can not reconnect to slot1_1@b7g28n0414.cern.ch, rescheduling job
...
040 (323094.013.000) 05/11 16:01:18 Started transferring input files
	Transferring to host: <188.184.186.40:9618?addrs=188.184.186.40-9618+[2001-1458-301-f8--100-14]-9618&noUDP&sock=4211_c7c4_127610>
...
040 (323094.013.000) 05/11 16:01:18 Finished transferring input files
...
001 (323094.013.000) 05/11 16:01:19 Job executing on host: <188.184.186.40:9618?addrs=188.184.186.40-9618+[2001-1458-301-f8--100-14]-9618&noUDP&sock=2340_9fb4_3>
...
006 (323094.013.000) 05/11 16:01:27 Image size of job updated: 311280
	221  -  MemoryUsage of job (MB)
	225888  -  ResidentSetSize of job (KB)
...
006 (323094.013.000) 05/11 16:06:27 Image size of job updated: 511160
	497  -  MemoryUsage of job (MB)
	508256  -  ResidentSetSize of job (KB)
...
040 (323094.013.000) 05/11 16:10:34 Started transferring output files
...
040 (323094.013.000) 05/11 16:10:34 Finished transferring output files
...
005 (323094.013.000) 05/11 16:10:34 Job terminated.
	(1) Normal termination (return value 1)
		Usr 0 00:08:08, Sys 0 00:01:01  -  Run Remote Usage
		Usr 0 00:00:00, Sys 0 00:00:00  -  Run Local Usage
		Usr 0 00:08:08, Sys 0 00:01:01  -  Total Remote Usage
		Usr 0 00:00:00, Sys 0 00:00:00  -  Total Local Usage
	8623  -  Run Bytes Sent By Job
	10941  -  Run Bytes Received By Job
	8623  -  Total Bytes Sent By Job
	10941  -  Total Bytes Received By Job
	Partitionable Resources :    Usage  Request Allocated 
	   Cpus                 :                 1           
	   Disk (KB)            :       72        1   2146294 
	   Memory (MB)          :      497     2000      2000 
...
