000 (323095.002.000) 05/11 15:55:03 Job submitted from host: <188.184.95.166:9618?addrs=188.184.95.166-9618+[2001-1458-201-e4--100-7a0]-9618&alias=tbird02.cern.ch&noUDP&sock=schedd_2138722_faad_3>
...
040 (323095.002.000) 05/11 16:02:14 Started transferring input files
	Transferring to host: <188.184.133.227:9618?addrs=188.184.133.227-9618+[2001-1458-301-a0--100-306]-9618&noUDP&sock=13602_96e2_105258>
...
040 (323095.002.000) 05/11 16:02:14 Finished transferring input files
...
001 (323095.002.000) 05/11 16:02:15 Job executing on host: <188.184.133.227:9618?addrs=188.184.133.227-9618+[2001-1458-301-a0--100-306]-9618&noUDP&sock=13378_c613_3>
...
006 (323095.002.000) 05/11 16:02:24 Image size of job updated: 312528
	223  -  MemoryUsage of job (MB)
	227752  -  ResidentSetSize of job (KB)
...
006 (323095.002.000) 05/11 16:07:26 Image size of job updated: 506512
	493  -  MemoryUsage of job (MB)
	504076  -  ResidentSetSize of job (KB)
...
040 (323095.002.000) 05/11 16:10:41 Started transferring output files
...
040 (323095.002.000) 05/11 16:10:41 Finished transferring output files
...
005 (323095.002.000) 05/11 16:10:41 Job terminated.
	(1) Normal termination (return value 1)
		Usr 0 00:07:21, Sys 0 00:01:01  -  Run Remote Usage
		Usr 0 00:00:00, Sys 0 00:00:00  -  Run Local Usage
		Usr 0 00:07:21, Sys 0 00:01:01  -  Total Remote Usage
		Usr 0 00:00:00, Sys 0 00:00:00  -  Total Local Usage
	8615  -  Run Bytes Sent By Job
	10941  -  Run Bytes Received By Job
	8615  -  Total Bytes Sent By Job
	10941  -  Total Bytes Received By Job
	Partitionable Resources :    Usage  Request Allocated 
	   Cpus                 :                 1           
	   Disk (KB)            :       72        1   2136720 
	   Memory (MB)          :      493     2000      2000 
...
