000 (323091.022.000) 05/11 15:55:01 Job submitted from host: <188.184.95.166:9618?addrs=188.184.95.166-9618+[2001-1458-201-e4--100-7a0]-9618&alias=tbird02.cern.ch&noUDP&sock=schedd_2138722_faad_3>
...
040 (323091.022.000) 05/11 15:58:01 Started transferring input files
	Transferring to host: <188.184.133.208:9618?addrs=188.184.133.208-9618+[2001-1458-301-a0--100-4df]-9618&noUDP&sock=23495_1a54_114>
...
040 (323091.022.000) 05/11 15:58:01 Finished transferring input files
...
001 (323091.022.000) 05/11 15:58:02 Job executing on host: <188.184.133.208:9618?addrs=188.184.133.208-9618+[2001-1458-301-a0--100-4df]-9618&noUDP&sock=12853_aadb_3>
...
006 (323091.022.000) 05/11 15:58:10 Image size of job updated: 105992
	103  -  MemoryUsage of job (MB)
	104848  -  ResidentSetSize of job (KB)
...
006 (323091.022.000) 05/11 16:03:10 Image size of job updated: 406816
	390  -  MemoryUsage of job (MB)
	399072  -  ResidentSetSize of job (KB)
...
006 (323091.022.000) 05/11 16:08:11 Image size of job updated: 514780
	496  -  MemoryUsage of job (MB)
	507036  -  ResidentSetSize of job (KB)
...
006 (323091.022.000) 05/11 16:13:12 Image size of job updated: 514828
	496  -  MemoryUsage of job (MB)
	507084  -  ResidentSetSize of job (KB)
...
040 (323091.022.000) 05/11 16:14:57 Started transferring output files
...
040 (323091.022.000) 05/11 16:14:57 Finished transferring output files
...
005 (323091.022.000) 05/11 16:14:57 Job terminated.
	(1) Normal termination (return value 1)
		Usr 0 00:14:45, Sys 0 00:01:34  -  Run Remote Usage
		Usr 0 00:00:00, Sys 0 00:00:00  -  Run Local Usage
		Usr 0 00:14:45, Sys 0 00:01:34  -  Total Remote Usage
		Usr 0 00:00:00, Sys 0 00:00:00  -  Total Local Usage
	8612  -  Run Bytes Sent By Job
	10941  -  Run Bytes Received By Job
	8612  -  Total Bytes Sent By Job
	10941  -  Total Bytes Received By Job
	Partitionable Resources :    Usage  Request Allocated 
	   Cpus                 :     0.99        1         1 
	   Disk (KB)            :    78           1    211478 
	   Memory (MB)          :   496        2000      2000 
...
