000 (323102.004.000) 05/11 15:55:08 Job submitted from host: <188.184.95.166:9618?addrs=188.184.95.166-9618+[2001-1458-201-e4--100-7a0]-9618&alias=tbird02.cern.ch&noUDP&sock=schedd_2138722_faad_3>
...
040 (323102.004.000) 05/11 16:05:46 Started transferring input files
	Transferring to host: <128.142.240.12:9618?addrs=128.142.240.12-9618+[2001-1458-301-f9--100-10]-9618&noUDP&sock=4004_ee1c_127202>
...
040 (323102.004.000) 05/11 16:05:46 Finished transferring input files
...
001 (323102.004.000) 05/11 16:05:47 Job executing on host: <128.142.240.12:9618?addrs=128.142.240.12-9618+[2001-1458-301-f9--100-10]-9618&noUDP&sock=2389_3bd8_3>
...
006 (323102.004.000) 05/11 16:05:56 Image size of job updated: 336496
	249  -  MemoryUsage of job (MB)
	254088  -  ResidentSetSize of job (KB)
...
006 (323102.004.000) 05/11 16:10:57 Image size of job updated: 589920
	496  -  MemoryUsage of job (MB)
	507352  -  ResidentSetSize of job (KB)
...
040 (323102.004.000) 05/11 16:14:46 Started transferring output files
...
040 (323102.004.000) 05/11 16:14:46 Finished transferring output files
...
005 (323102.004.000) 05/11 16:14:46 Job terminated.
	(1) Normal termination (return value 1)
		Usr 0 00:07:51, Sys 0 00:01:02  -  Run Remote Usage
		Usr 0 00:00:00, Sys 0 00:00:00  -  Run Local Usage
		Usr 0 00:07:51, Sys 0 00:01:02  -  Total Remote Usage
		Usr 0 00:00:00, Sys 0 00:00:00  -  Total Local Usage
	8608  -  Run Bytes Sent By Job
	10941  -  Run Bytes Received By Job
	8608  -  Total Bytes Sent By Job
	10941  -  Total Bytes Received By Job
	Partitionable Resources :    Usage  Request Allocated 
	   Cpus                 :                 1           
	   Disk (KB)            :       71        1   2104879 
	   Memory (MB)          :      496     2000      2000 
...
