000 (323101.025.000) 05/11 15:55:08 Job submitted from host: <188.184.95.166:9618?addrs=188.184.95.166-9618+[2001-1458-201-e4--100-7a0]-9618&alias=tbird02.cern.ch&noUDP&sock=schedd_2138722_faad_3>
...
040 (323101.025.000) 05/11 16:05:35 Started transferring input files
	Transferring to host: <188.184.132.17:9618?addrs=188.184.132.17-9618+[2001-1458-301-a0--100-13]-9618&noUDP&sock=4106_cc60_126632>
...
040 (323101.025.000) 05/11 16:05:35 Finished transferring input files
...
001 (323101.025.000) 05/11 16:05:36 Job executing on host: <188.184.132.17:9618?addrs=188.184.132.17-9618+[2001-1458-301-a0--100-13]-9618&noUDP&sock=2434_199b_3>
...
006 (323101.025.000) 05/11 16:05:44 Image size of job updated: 315876
	225  -  MemoryUsage of job (MB)
	230328  -  ResidentSetSize of job (KB)
...
006 (323101.025.000) 05/11 16:10:44 Image size of job updated: 593032
	496  -  MemoryUsage of job (MB)
	507312  -  ResidentSetSize of job (KB)
...
040 (323101.025.000) 05/11 16:14:05 Started transferring output files
...
040 (323101.025.000) 05/11 16:14:05 Finished transferring output files
...
005 (323101.025.000) 05/11 16:14:05 Job terminated.
	(1) Normal termination (return value 1)
		Usr 0 00:07:25, Sys 0 00:00:56  -  Run Remote Usage
		Usr 0 00:00:00, Sys 0 00:00:00  -  Run Local Usage
		Usr 0 00:07:25, Sys 0 00:00:56  -  Total Remote Usage
		Usr 0 00:00:00, Sys 0 00:00:00  -  Total Local Usage
	8612  -  Run Bytes Sent By Job
	10941  -  Run Bytes Received By Job
	8612  -  Total Bytes Sent By Job
	10941  -  Total Bytes Received By Job
	Partitionable Resources :    Usage  Request Allocated 
	   Cpus                 :                 1           
	   Disk (KB)            :       71        1   2171095 
	   Memory (MB)          :      496     2000      2000 
...
