000 (323088.001.000) 05/11 15:54:59 Job submitted from host: <188.184.95.166:9618?addrs=188.184.95.166-9618+[2001-1458-201-e4--100-7a0]-9618&alias=tbird02.cern.ch&noUDP&sock=schedd_2138722_faad_3>
...
040 (323088.001.000) 05/11 15:56:45 Started transferring input files
	Transferring to host: <188.184.186.65:9618?addrs=188.184.186.65-9618+[2001-1458-301-f8--100-2a]-9618&noUDP&sock=25421_24e3_72>
...
040 (323088.001.000) 05/11 15:56:45 Finished transferring input files
...
001 (323088.001.000) 05/11 15:56:46 Job executing on host: <188.184.186.65:9618?addrs=188.184.186.65-9618+[2001-1458-301-f8--100-2a]-9618&noUDP&sock=2326_0560_3>
...
006 (323088.001.000) 05/11 15:56:54 Image size of job updated: 267112
	188  -  MemoryUsage of job (MB)
	192500  -  ResidentSetSize of job (KB)
...
006 (323088.001.000) 05/11 16:01:54 Image size of job updated: 566620
	476  -  MemoryUsage of job (MB)
	486664  -  ResidentSetSize of job (KB)
...
040 (323088.001.000) 05/11 16:08:13 Started transferring output files
...
040 (323088.001.000) 05/11 16:08:13 Finished transferring output files
...
005 (323088.001.000) 05/11 16:08:13 Job terminated.
	(1) Normal termination (return value 1)
		Usr 0 00:09:48, Sys 0 00:01:08  -  Run Remote Usage
		Usr 0 00:00:00, Sys 0 00:00:00  -  Run Local Usage
		Usr 0 00:09:48, Sys 0 00:01:08  -  Total Remote Usage
		Usr 0 00:00:00, Sys 0 00:00:00  -  Total Local Usage
	8550  -  Run Bytes Sent By Job
	10941  -  Run Bytes Received By Job
	8550  -  Total Bytes Sent By Job
	10941  -  Total Bytes Received By Job
	Partitionable Resources :    Usage  Request Allocated 
	   Cpus                 :     1.00        1         1 
	   Disk (KB)            :    78           1    212405 
	   Memory (MB)          :   476        2000      2000 
...
