000 (323088.003.000) 05/11 15:54:59 Job submitted from host: <188.184.95.166:9618?addrs=188.184.95.166-9618+[2001-1458-201-e4--100-7a0]-9618&alias=tbird02.cern.ch&noUDP&sock=schedd_2138722_faad_3>
...
040 (323088.003.000) 05/11 15:56:50 Started transferring input files
	Transferring to host: <188.184.132.35:9618?addrs=188.184.132.35-9618+[2001-1458-301-a0--100-11]-9618&noUDP&sock=20896_df4b_85>
...
040 (323088.003.000) 05/11 15:56:50 Finished transferring input files
...
001 (323088.003.000) 05/11 15:56:51 Job executing on host: <188.184.132.35:9618?addrs=188.184.132.35-9618+[2001-1458-301-a0--100-11]-9618&noUDP&sock=2441_e6c4_3>
...
006 (323088.003.000) 05/11 15:57:00 Image size of job updated: 281556
	214  -  MemoryUsage of job (MB)
	218652  -  ResidentSetSize of job (KB)
...
006 (323088.003.000) 05/11 16:02:01 Image size of job updated: 400660
	391  -  MemoryUsage of job (MB)
	400356  -  ResidentSetSize of job (KB)
...
006 (323088.003.000) 05/11 16:07:01 Image size of job updated: 485536
	474  -  MemoryUsage of job (MB)
	485232  -  ResidentSetSize of job (KB)
...
006 (323088.003.000) 05/11 16:12:01 Image size of job updated: 487640
	476  -  MemoryUsage of job (MB)
	487336  -  ResidentSetSize of job (KB)
...
040 (323088.003.000) 05/11 16:12:13 Started transferring output files
...
040 (323088.003.000) 05/11 16:12:13 Finished transferring output files
...
005 (323088.003.000) 05/11 16:12:13 Job terminated.
	(1) Normal termination (return value 1)
		Usr 0 00:13:16, Sys 0 00:01:25  -  Run Remote Usage
		Usr 0 00:00:00, Sys 0 00:00:00  -  Run Local Usage
		Usr 0 00:13:16, Sys 0 00:01:25  -  Total Remote Usage
		Usr 0 00:00:00, Sys 0 00:00:00  -  Total Local Usage
	8551  -  Run Bytes Sent By Job
	10941  -  Run Bytes Received By Job
	8551  -  Total Bytes Sent By Job
	10941  -  Total Bytes Received By Job
	Partitionable Resources :    Usage  Request Allocated 
	   Cpus                 :     0.99        1         1 
	   Disk (KB)            :    78           1    212293 
	   Memory (MB)          :   476        2000      2000 
...
