   TTToSemilepton_powheg_part7   MC  30 chunks


I have 1 taks to process
I'm using the following list of modules DEFAULT_MODULES
this is jobs [('TTToSemilepton_powheg_part7', 'MY_EOS_SPACE/heppyNtuples/TREES_TopDibosonsQCD_94X/TTToSemilepton_powheg_part7/treeProducerWMass/tree.root', 13367700.0, '_Friend_TTToSemilepton_powheg_part7.chunk10', False, xrange(2500000, 2750000), 10)]
Modules to run:  []   name =  puWeight
Loading puWeight from CMGTools.WMass.postprocessing.examples.puWeightProducer 
Running on dataset =  TTToSemilepton_powheg_part7
TFile: name=/afs/cern.ch/work/m/mciprian/w_mass_analysis/heppy/rel_slc7/CMSSW_9_4_12/src/CMGTools/WMass/python/postprocessing/data/pileup/mcPU_2016_W94XnoCutsWithGenWeights_nTrueInt.root, title=, option=READ
TFile: name=/afs/cern.ch/work/m/mciprian/w_mass_analysis/heppy/rel_slc7/CMSSW_9_4_12/src/CMGTools/WMass/python/postprocessing/data/pileup/PileupData_GoldenMuonJSON_Full2016.root, title=, option=READ
Load C++ Worker
Modules to run:  []   name =  muCalibratedWithStatVar
Loading muCalibratedWithStatVar from CMGTools.WMass.postprocessing.examples.lepVarProducer 
Running on dataset =  TTToSemilepton_powheg_part7
did not find EnergyScaleCorrection shared object, rebuilding
trying to load all the rochester correction libraries
did not find legacy data roccor. rebuilding...
done building legacy data roccor.
Modules to run:  []   name =  jetAllReCleaner
Loading jetAllReCleaner from CMGTools.WMass.postprocessing.examples.jetReCleaner 
Running on dataset =  TTToSemilepton_powheg_part7
Load C++ Worker
Modules to run:  []   name =  jetReCleaner
Loading jetReCleaner from CMGTools.WMass.postprocessing.examples.jetReCleaner 
Running on dataset =  TTToSemilepton_powheg_part7
Load C++ Worker
Modules to run:  []   name =  genQEDJets
Loading genQEDJets from CMGTools.WMass.postprocessing.examples.genFriendProducer 
Running on dataset =  TTToSemilepton_powheg_part7
Will write selected trees to MY_EOS_SPACE/heppyNtuples/TREES_TopDibosonsQCD_94X/friends/
Normalization of nTrueInt_Wnopt: 3.68902e+10
Normalization of pileup: 3.68902e+10
Weights for variable nTrueInt_Wnopt with a number of bins equal to 102:
1 0.3634 0.9215 1.196 0.96 1.118 1.157 0.9675 0.9293 0.9192 0.8823 0.9553 1.062 1.116 1.167 1.194 1.2 1.193 1.177 1.14 1.092 1.06 1.047 1.046 1.047 1.048 1.06 1.077 1.092 1.106 1.122 1.108 1.097 1.051 0.992 0.9144 0.8237 0.7175 0.6087 0.5019 0.4029 0.3076 0.2264 0.1622 0.1123 0.07656 0.05052 0.03159 0.01992 0.01212 0.007355 0.004361 0.002593 0.001553 0.0009624 0.0007219 0.0006632 0.0007233 0.0009289 0.001329 0.001772 0.003222 0.004042 0.00487 0.005064 0.005658 0.005309 0.004846 0.004101 0.003977 0.003686 0.003306 0.002672 0.002286 0.001878 0.00167 1 1 1 1 1 1 1 1 1 1 1 1 1 1 1 1 1 1 1 1 1 1 1 1 1 1 .
Final weights: 
1 0.3634 0.9215 1.196 0.96 1.118 1.157 0.9675 0.9293 0.9192 0.8823 0.9553 1.062 1.116 1.167 1.194 1.2 1.193 1.177 1.14 1.092 1.06 1.047 1.046 1.047 1.048 1.06 1.077 1.092 1.106 1.122 1.108 1.097 1.051 0.992 0.9144 0.8237 0.7175 0.6087 0.5019 0.4029 0.3076 0.2264 0.1622 0.1123 0.07656 0.05052 0.03159 0.01992 0.01212 0.007355 0.004361 0.002593 0.001553 0.0009624 0.0007219 0.0006632 0.0007233 0.0009289 0.001329 0.001772 0.003222 0.004042 0.00487 0.005064 0.005658 0.005309 0.004846 0.004101 0.003977 0.003686 0.003306 0.002672 0.002286 0.001878 0.00167 1 1 1 1 1 1 1 1 1 1 1 1 1 1 1 1 1 1 1 1 1 1 1 1 1 1 .
begin job of lepCalProducer
initializing all the rochester correction objects
initializing the egamma calibrator
Processed  2500000/ 7320514 entries (elapsed time     0.4s, curr speed   27.027 kHz, avg speed 6756.757 kHz), accepted        1/       1 events (100.00%)
Processed  2510000/ 7320514 entries (elapsed time    22.5s, curr speed    0.452 kHz, avg speed  111.704 kHz), accepted    10001/   10001 events (100.00%)
Processed  2520000/ 7320514 entries (elapsed time    44.6s, curr speed    0.452 kHz, avg speed   56.502 kHz), accepted    20001/   20001 events (100.00%)
Processed  2530000/ 7320514 entries (elapsed time    67.0s, curr speed    0.445 kHz, avg speed   37.733 kHz), accepted    30001/   30001 events (100.00%)
Processed  2540000/ 7320514 entries (elapsed time    89.6s, curr speed    0.443 kHz, avg speed   28.342 kHz), accepted    40001/   40001 events (100.00%)
Processed  2550000/ 7320514 entries (elapsed time   112.0s, curr speed    0.446 kHz, avg speed   22.760 kHz), accepted    50001/   50001 events (100.00%)
Processed  2560000/ 7320514 entries (elapsed time   135.0s, curr speed    0.436 kHz, avg speed   18.966 kHz), accepted    60001/   60001 events (100.00%)
Processed  2570000/ 7320514 entries (elapsed time   154.5s, curr speed    0.513 kHz, avg speed   16.638 kHz), accepted    70001/   70001 events (100.00%)
Processed  2580000/ 7320514 entries (elapsed time   174.0s, curr speed    0.512 kHz, avg speed   14.826 kHz), accepted    80001/   80001 events (100.00%)
Processed  2590000/ 7320514 entries (elapsed time   193.6s, curr speed    0.512 kHz, avg speed   13.380 kHz), accepted    90001/   90001 events (100.00%)
Processed  2600000/ 7320514 entries (elapsed time   213.0s, curr speed    0.515 kHz, avg speed   12.207 kHz), accepted   100001/  100001 events (100.00%)
Processed  2610000/ 7320514 entries (elapsed time   232.6s, curr speed    0.510 kHz, avg speed   11.221 kHz), accepted   110001/  110001 events (100.00%)
Processed  2620000/ 7320514 entries (elapsed time   275.4s, curr speed    0.234 kHz, avg speed    9.513 kHz), accepted   120001/  120001 events (100.00%)
Processed  2630000/ 7320514 entries (elapsed time   294.9s, curr speed    0.513 kHz, avg speed    8.918 kHz), accepted   130001/  130001 events (100.00%)
Processed  2640000/ 7320514 entries (elapsed time   314.8s, curr speed    0.502 kHz, avg speed    8.385 kHz), accepted   140001/  140001 events (100.00%)
Processed  2650000/ 7320514 entries (elapsed time   334.7s, curr speed    0.504 kHz, avg speed    7.918 kHz), accepted   150001/  150001 events (100.00%)
Processed  2660000/ 7320514 entries (elapsed time   354.2s, curr speed    0.512 kHz, avg speed    7.509 kHz), accepted   160001/  160001 events (100.00%)
Processed  2670000/ 7320514 entries (elapsed time   373.3s, curr speed    0.524 kHz, avg speed    7.153 kHz), accepted   170001/  170001 events (100.00%)
Processed  2680000/ 7320514 entries (elapsed time   414.4s, curr speed    0.243 kHz, avg speed    6.468 kHz), accepted   180001/  180001 events (100.00%)
Processed  2690000/ 7320514 entries (elapsed time   433.9s, curr speed    0.513 kHz, avg speed    6.200 kHz), accepted   190001/  190001 events (100.00%)
Processed  2700000/ 7320514 entries (elapsed time   453.1s, curr speed    0.520 kHz, avg speed    5.959 kHz), accepted   200001/  200001 events (100.00%)
Processed  2710000/ 7320514 entries (elapsed time   472.2s, curr speed    0.523 kHz, avg speed    5.739 kHz), accepted   210001/  210001 events (100.00%)
Processed  2720000/ 7320514 entries (elapsed time   491.4s, curr speed    0.522 kHz, avg speed    5.535 kHz), accepted   220001/  220001 events (100.00%)
Processed  2730000/ 7320514 entries (elapsed time   510.4s, curr speed    0.526 kHz, avg speed    5.349 kHz), accepted   230001/  230001 events (100.00%)
Processed  2740000/ 7320514 entries (elapsed time   551.7s, curr speed    0.242 kHz, avg speed    4.966 kHz), accepted   240001/  240001 events (100.00%)
Processed 250000 entries from MY_EOS_SPACE/heppyNtuples/TREES_TopDibosonsQCD_94X/TTToSemilepton_powheg_part7/treeProducerWMass/tree.root, selected 250000 entries
Done MY_EOS_SPACE/heppyNtuples/TREES_TopDibosonsQCD_94X/friends/tree_Friend_TTToSemilepton_powheg_part7.chunk10.root
