000 (323096.023.000) 05/11 15:55:04 Job submitted from host: <188.184.95.166:9618?addrs=188.184.95.166-9618+[2001-1458-201-e4--100-7a0]-9618&alias=tbird02.cern.ch&noUDP&sock=schedd_2138722_faad_3>
...
022 (323096.023.000) 05/11 16:02:48 Job disconnected, attempting to reconnect
    Socket between submit and execute hosts closed unexpectedly
    Trying to reconnect to slot1_1@b7g28n0428.cern.ch <188.184.132.6:9618?addrs=188.184.132.6-9618+[2001-1458-301-a0--100-2]-9618&noUDP&sock=2335_31ba_3>
...
024 (323096.023.000) 05/11 16:02:48 Job reconnection failed
    Job not found at execution machine
    Can not reconnect to slot1_1@b7g28n0428.cern.ch, rescheduling job
...
040 (323096.023.000) 05/11 16:02:53 Started transferring input files
	Transferring to host: <188.184.133.240:9618?addrs=188.184.133.240-9618+[2001-1458-301-a0--100-441]-9618&noUDP&sock=13072_280d_104956>
...
040 (323096.023.000) 05/11 16:02:53 Finished transferring input files
...
001 (323096.023.000) 05/11 16:02:54 Job executing on host: <188.184.133.240:9618?addrs=188.184.133.240-9618+[2001-1458-301-a0--100-441]-9618&noUDP&sock=12865_e5fe_3>
...
006 (323096.023.000) 05/11 16:03:03 Image size of job updated: 323828
	236  -  MemoryUsage of job (MB)
	241156  -  ResidentSetSize of job (KB)
...
006 (323096.023.000) 05/11 16:08:04 Image size of job updated: 413388
	403  -  MemoryUsage of job (MB)
	412052  -  ResidentSetSize of job (KB)
...
006 (323096.023.000) 05/11 16:13:04 Image size of job updated: 508924
	496  -  MemoryUsage of job (MB)
	507588  -  ResidentSetSize of job (KB)
...
040 (323096.023.000) 05/11 16:16:12 Started transferring output files
...
040 (323096.023.000) 05/11 16:16:12 Finished transferring output files
...
005 (323096.023.000) 05/11 16:16:12 Job terminated.
	(1) Normal termination (return value 1)
		Usr 0 00:11:35, Sys 0 00:01:25  -  Run Remote Usage
		Usr 0 00:00:00, Sys 0 00:00:00  -  Run Local Usage
		Usr 0 00:11:35, Sys 0 00:01:25  -  Total Remote Usage
		Usr 0 00:00:00, Sys 0 00:00:00  -  Total Local Usage
	8612  -  Run Bytes Sent By Job
	10941  -  Run Bytes Received By Job
	8612  -  Total Bytes Sent By Job
	10941  -  Total Bytes Received By Job
	Partitionable Resources :    Usage  Request Allocated 
	   Cpus                 :                 1           
	   Disk (KB)            :       72        1   2208725 
	   Memory (MB)          :      496     2000      2000 
...
