000 (323097.018.000) 05/11 15:55:04 Job submitted from host: <188.184.95.166:9618?addrs=188.184.95.166-9618+[2001-1458-201-e4--100-7a0]-9618&alias=tbird02.cern.ch&noUDP&sock=schedd_2138722_faad_3>
...
040 (323097.018.000) 05/11 16:03:28 Started transferring input files
	Transferring to host: <128.142.240.65:9618?addrs=128.142.240.65-9618+[2001-1458-301-f9--100-27]-9618&noUDP&sock=4260_4e26_127624>
...
040 (323097.018.000) 05/11 16:03:28 Finished transferring input files
...
001 (323097.018.000) 05/11 16:03:29 Job executing on host: <128.142.240.65:9618?addrs=128.142.240.65-9618+[2001-1458-301-f9--100-27]-9618&noUDP&sock=2437_2863_3>
...
006 (323097.018.000) 05/11 16:03:38 Image size of job updated: 339660
	249  -  MemoryUsage of job (MB)
	254104  -  ResidentSetSize of job (KB)
...
006 (323097.018.000) 05/11 16:08:39 Image size of job updated: 592716
	496  -  MemoryUsage of job (MB)
	506988  -  ResidentSetSize of job (KB)
...
040 (323097.018.000) 05/11 16:11:14 Started transferring output files
...
040 (323097.018.000) 05/11 16:11:14 Finished transferring output files
...
005 (323097.018.000) 05/11 16:11:14 Job terminated.
	(1) Normal termination (return value 1)
		Usr 0 00:06:46, Sys 0 00:00:50  -  Run Remote Usage
		Usr 0 00:00:00, Sys 0 00:00:00  -  Run Local Usage
		Usr 0 00:06:46, Sys 0 00:00:50  -  Total Remote Usage
		Usr 0 00:00:00, Sys 0 00:00:00  -  Total Local Usage
	8612  -  Run Bytes Sent By Job
	10941  -  Run Bytes Received By Job
	8612  -  Total Bytes Sent By Job
	10941  -  Total Bytes Received By Job
	Partitionable Resources :    Usage  Request Allocated 
	   Cpus                 :                 1           
	   Disk (KB)            :       72        1   2130406 
	   Memory (MB)          :      496     2000      2000 
...
