000 (323095.001.000) 05/11 15:55:03 Job submitted from host: <188.184.95.166:9618?addrs=188.184.95.166-9618+[2001-1458-201-e4--100-7a0]-9618&alias=tbird02.cern.ch&noUDP&sock=schedd_2138722_faad_3>
...
040 (323095.001.000) 05/11 16:02:06 Started transferring input files
	Transferring to host: <128.142.33.151:9618?addrs=128.142.33.151-9618+[2001-1458-301-117--100-1c5]-9618&noUDP&sock=13065_396c_103401>
...
040 (323095.001.000) 05/11 16:02:06 Finished transferring input files
...
001 (323095.001.000) 05/11 16:02:07 Job executing on host: <128.142.33.151:9618?addrs=128.142.33.151-9618+[2001-1458-301-117--100-1c5]-9618&noUDP&sock=12844_7e81_3>
...
006 (323095.001.000) 05/11 16:02:16 Image size of job updated: 334984
	244  -  MemoryUsage of job (MB)
	249736  -  ResidentSetSize of job (KB)
...
006 (323095.001.000) 05/11 16:07:16 Image size of job updated: 504944
	493  -  MemoryUsage of job (MB)
	504072  -  ResidentSetSize of job (KB)
...
040 (323095.001.000) 05/11 16:11:43 Started transferring output files
...
040 (323095.001.000) 05/11 16:11:43 Finished transferring output files
...
005 (323095.001.000) 05/11 16:11:43 Job terminated.
	(1) Normal termination (return value 1)
		Usr 0 00:08:23, Sys 0 00:01:04  -  Run Remote Usage
		Usr 0 00:00:00, Sys 0 00:00:00  -  Run Local Usage
		Usr 0 00:08:23, Sys 0 00:01:04  -  Total Remote Usage
		Usr 0 00:00:00, Sys 0 00:00:00  -  Total Local Usage
	8615  -  Run Bytes Sent By Job
	10941  -  Run Bytes Received By Job
	8615  -  Total Bytes Sent By Job
	10941  -  Total Bytes Received By Job
	Partitionable Resources :    Usage  Request Allocated 
	   Cpus                 :                 1           
	   Disk (KB)            :       71        1   2170402 
	   Memory (MB)          :      493     2000      2000 
...
