000 (323094.001.000) 05/11 15:55:02 Job submitted from host: <188.184.95.166:9618?addrs=188.184.95.166-9618+[2001-1458-201-e4--100-7a0]-9618&alias=tbird02.cern.ch&noUDP&sock=schedd_2138722_faad_3>
...
040 (323094.001.000) 05/11 15:59:45 Started transferring input files
	Transferring to host: <188.184.207.149:9618?addrs=188.184.207.149-9618+[2001-1458-301-7d--100-47c]-9618&noUDP&sock=24621_78c2_86>
...
040 (323094.001.000) 05/11 15:59:45 Finished transferring input files
...
001 (323094.001.000) 05/11 15:59:46 Job executing on host: <188.184.207.149:9618?addrs=188.184.207.149-9618+[2001-1458-301-7d--100-47c]-9618&noUDP&sock=2317_d906_3>
...
006 (323094.001.000) 05/11 15:59:55 Image size of job updated: 169756
	159  -  MemoryUsage of job (MB)
	162712  -  ResidentSetSize of job (KB)
...
006 (323094.001.000) 05/11 16:04:56 Image size of job updated: 419364
	403  -  MemoryUsage of job (MB)
	411824  -  ResidentSetSize of job (KB)
...
006 (323094.001.000) 05/11 16:09:56 Image size of job updated: 518768
	500  -  MemoryUsage of job (MB)
	511228  -  ResidentSetSize of job (KB)
...
040 (323094.001.000) 05/11 16:13:48 Started transferring output files
...
040 (323094.001.000) 05/11 16:13:48 Finished transferring output files
...
005 (323094.001.000) 05/11 16:13:48 Job terminated.
	(1) Normal termination (return value 1)
		Usr 0 00:12:05, Sys 0 00:01:23  -  Run Remote Usage
		Usr 0 00:00:00, Sys 0 00:00:00  -  Run Local Usage
		Usr 0 00:12:05, Sys 0 00:01:23  -  Total Remote Usage
		Usr 0 00:00:00, Sys 0 00:00:00  -  Total Local Usage
	8617  -  Run Bytes Sent By Job
	10941  -  Run Bytes Received By Job
	8617  -  Total Bytes Sent By Job
	10941  -  Total Bytes Received By Job
	Partitionable Resources :    Usage  Request Allocated 
	   Cpus                 :     1.00        1         1 
	   Disk (KB)            :    78           1    217237 
	   Memory (MB)          :   500        2000      2000 
...
