000 (323101.027.000) 05/11 15:55:08 Job submitted from host: <188.184.95.166:9618?addrs=188.184.95.166-9618+[2001-1458-201-e4--100-7a0]-9618&alias=tbird02.cern.ch&noUDP&sock=schedd_2138722_faad_3>
...
040 (323101.027.000) 05/11 16:05:38 Started transferring input files
	Transferring to host: <128.142.240.41:9618?addrs=128.142.240.41-9618+[2001-1458-301-f9--100-32]-9618&noUDP&sock=4154_9e62_126862>
...
040 (323101.027.000) 05/11 16:05:38 Finished transferring input files
...
001 (323101.027.000) 05/11 16:05:39 Job executing on host: <128.142.240.41:9618?addrs=128.142.240.41-9618+[2001-1458-301-f9--100-32]-9618&noUDP&sock=2334_8222_3>
...
006 (323101.027.000) 05/11 16:05:47 Image size of job updated: 306012
	219  -  MemoryUsage of job (MB)
	223780  -  ResidentSetSize of job (KB)
...
006 (323101.027.000) 05/11 16:10:47 Image size of job updated: 589248
	495  -  MemoryUsage of job (MB)
	506564  -  ResidentSetSize of job (KB)
...
040 (323101.027.000) 05/11 16:15:10 Started transferring output files
...
040 (323101.027.000) 05/11 16:15:10 Finished transferring output files
...
005 (323101.027.000) 05/11 16:15:10 Job terminated.
	(1) Normal termination (return value 1)
		Usr 0 00:08:14, Sys 0 00:01:02  -  Run Remote Usage
		Usr 0 00:00:00, Sys 0 00:00:00  -  Run Local Usage
		Usr 0 00:08:14, Sys 0 00:01:02  -  Total Remote Usage
		Usr 0 00:00:00, Sys 0 00:00:00  -  Total Local Usage
	8612  -  Run Bytes Sent By Job
	10941  -  Run Bytes Received By Job
	8612  -  Total Bytes Sent By Job
	10941  -  Total Bytes Received By Job
	Partitionable Resources :    Usage  Request Allocated 
	   Cpus                 :                 1           
	   Disk (KB)            :       71        1   2102613 
	   Memory (MB)          :      495     2000      2000 
...
