000 (323085.013.000) 05/11 15:54:57 Job submitted from host: <188.184.95.166:9618?addrs=188.184.95.166-9618+[2001-1458-201-e4--100-7a0]-9618&alias=tbird02.cern.ch&noUDP&sock=schedd_2138722_faad_3>
...
040 (323085.013.000) 05/11 15:56:22 Started transferring input files
	Transferring to host: <188.184.186.34:9618?addrs=188.184.186.34-9618+[2001-1458-301-f8--100-20]-9618&noUDP&sock=4089_d1ff_127813>
...
040 (323085.013.000) 05/11 15:56:22 Finished transferring input files
...
001 (323085.013.000) 05/11 15:56:23 Job executing on host: <188.184.186.34:9618?addrs=188.184.186.34-9618+[2001-1458-301-f8--100-20]-9618&noUDP&sock=2336_e153_3>
...
006 (323085.013.000) 05/11 15:56:31 Image size of job updated: 254864
	172  -  MemoryUsage of job (MB)
	175944  -  ResidentSetSize of job (KB)
...
006 (323085.013.000) 05/11 16:01:31 Image size of job updated: 572008
	475  -  MemoryUsage of job (MB)
	486248  -  ResidentSetSize of job (KB)
...
006 (323085.013.000) 05/11 16:04:26 Image size of job updated: 572964
	475  -  MemoryUsage of job (MB)
	486248  -  ResidentSetSize of job (KB)
...
040 (323085.013.000) 05/11 16:04:26 Started transferring output files
...
040 (323085.013.000) 05/11 16:04:26 Finished transferring output files
...
005 (323085.013.000) 05/11 16:04:26 Job terminated.
	(1) Normal termination (return value 1)
		Usr 0 00:07:01, Sys 0 00:00:52  -  Run Remote Usage
		Usr 0 00:00:00, Sys 0 00:00:00  -  Run Local Usage
		Usr 0 00:07:01, Sys 0 00:00:52  -  Total Remote Usage
		Usr 0 00:00:00, Sys 0 00:00:00  -  Total Local Usage
	8556  -  Run Bytes Sent By Job
	10941  -  Run Bytes Received By Job
	8556  -  Total Bytes Sent By Job
	10941  -  Total Bytes Received By Job
	Partitionable Resources :    Usage  Request Allocated 
	   Cpus                 :                 1           
	   Disk (KB)            :       71        1   2178723 
	   Memory (MB)          :      475     2000      2000 
...
