   TTTo2L2Nu_powheg_part8   MC  29 chunks


I have 1 taks to process
I'm using the following list of modules DEFAULT_MODULES
this is jobs [('TTTo2L2Nu_powheg_part8', 'MY_EOS_SPACE/heppyNtuples/TREES_TopDibosonsQCD_94X/TTTo2L2Nu_powheg_part8/treeProducerWMass/tree.root', 8960940.0, '_Friend_TTTo2L2Nu_powheg_part8.chunk3', False, xrange(750000, 1000000), 3)]
Modules to run:  []   name =  puWeight
Loading puWeight from CMGTools.WMass.postprocessing.examples.puWeightProducer 
Running on dataset =  TTTo2L2Nu_powheg_part8
TFile: name=/afs/cern.ch/work/m/mciprian/w_mass_analysis/heppy/rel_slc7/CMSSW_9_4_12/src/CMGTools/WMass/python/postprocessing/data/pileup/mcPU_2016_W94XnoCutsWithGenWeights_nTrueInt.root, title=, option=READ
TFile: name=/afs/cern.ch/work/m/mciprian/w_mass_analysis/heppy/rel_slc7/CMSSW_9_4_12/src/CMGTools/WMass/python/postprocessing/data/pileup/PileupData_GoldenMuonJSON_Full2016.root, title=, option=READ
Load C++ Worker
Modules to run:  []   name =  muCalibratedWithStatVar
Loading muCalibratedWithStatVar from CMGTools.WMass.postprocessing.examples.lepVarProducer 
Running on dataset =  TTTo2L2Nu_powheg_part8
did not find EnergyScaleCorrection shared object, rebuilding
trying to load all the rochester correction libraries
did not find legacy data roccor. rebuilding...
done building legacy data roccor.
Modules to run:  []   name =  jetAllReCleaner
Loading jetAllReCleaner from CMGTools.WMass.postprocessing.examples.jetReCleaner 
Running on dataset =  TTTo2L2Nu_powheg_part8
Load C++ Worker
Modules to run:  []   name =  jetReCleaner
Loading jetReCleaner from CMGTools.WMass.postprocessing.examples.jetReCleaner 
Running on dataset =  TTTo2L2Nu_powheg_part8
Load C++ Worker
Modules to run:  []   name =  genQEDJets
Loading genQEDJets from CMGTools.WMass.postprocessing.examples.genFriendProducer 
Running on dataset =  TTTo2L2Nu_powheg_part8
Will write selected trees to MY_EOS_SPACE/heppyNtuples/TREES_TopDibosonsQCD_94X/friends/
Normalization of nTrueInt_Wnopt: 3.68902e+10
Normalization of pileup: 3.68902e+10
Weights for variable nTrueInt_Wnopt with a number of bins equal to 102:
1 0.3634 0.9215 1.196 0.96 1.118 1.157 0.9675 0.9293 0.9192 0.8823 0.9553 1.062 1.116 1.167 1.194 1.2 1.193 1.177 1.14 1.092 1.06 1.047 1.046 1.047 1.048 1.06 1.077 1.092 1.106 1.122 1.108 1.097 1.051 0.992 0.9144 0.8237 0.7175 0.6087 0.5019 0.4029 0.3076 0.2264 0.1622 0.1123 0.07656 0.05052 0.03159 0.01992 0.01212 0.007355 0.004361 0.002593 0.001553 0.0009624 0.0007219 0.0006632 0.0007233 0.0009289 0.001329 0.001772 0.003222 0.004042 0.00487 0.005064 0.005658 0.005309 0.004846 0.004101 0.003977 0.003686 0.003306 0.002672 0.002286 0.001878 0.00167 1 1 1 1 1 1 1 1 1 1 1 1 1 1 1 1 1 1 1 1 1 1 1 1 1 1 .
Final weights: 
1 0.3634 0.9215 1.196 0.96 1.118 1.157 0.9675 0.9293 0.9192 0.8823 0.9553 1.062 1.116 1.167 1.194 1.2 1.193 1.177 1.14 1.092 1.06 1.047 1.046 1.047 1.048 1.06 1.077 1.092 1.106 1.122 1.108 1.097 1.051 0.992 0.9144 0.8237 0.7175 0.6087 0.5019 0.4029 0.3076 0.2264 0.1622 0.1123 0.07656 0.05052 0.03159 0.01992 0.01212 0.007355 0.004361 0.002593 0.001553 0.0009624 0.0007219 0.0006632 0.0007233 0.0009289 0.001329 0.001772 0.003222 0.004042 0.00487 0.005064 0.005658 0.005309 0.004846 0.004101 0.003977 0.003686 0.003306 0.002672 0.002286 0.001878 0.00167 1 1 1 1 1 1 1 1 1 1 1 1 1 1 1 1 1 1 1 1 1 1 1 1 1 1 .
begin job of lepCalProducer
initializing all the rochester correction objects
initializing the egamma calibrator
Processed   750000/ 7005203 entries (elapsed time     0.5s, curr speed   21.277 kHz, avg speed 1595.745 kHz), accepted        1/       1 events (100.00%)
Processed   760000/ 7005203 entries (elapsed time    32.8s, curr speed    0.309 kHz, avg speed   23.157 kHz), accepted    10001/   10001 events (100.00%)
Processed   770000/ 7005203 entries (elapsed time    67.7s, curr speed    0.287 kHz, avg speed   11.379 kHz), accepted    20001/   20001 events (100.00%)
Processed   780000/ 7005203 entries (elapsed time   104.2s, curr speed    0.273 kHz, avg speed    7.483 kHz), accepted    30001/   30001 events (100.00%)
Processed   790000/ 7005203 entries (elapsed time   141.4s, curr speed    0.269 kHz, avg speed    5.588 kHz), accepted    40001/   40001 events (100.00%)
Processed   800000/ 7005203 entries (elapsed time   178.7s, curr speed    0.268 kHz, avg speed    4.476 kHz), accepted    50001/   50001 events (100.00%)
Processed   810000/ 7005203 entries (elapsed time   210.4s, curr speed    0.316 kHz, avg speed    3.850 kHz), accepted    60001/   60001 events (100.00%)
Processed   820000/ 7005203 entries (elapsed time   240.9s, curr speed    0.328 kHz, avg speed    3.404 kHz), accepted    70001/   70001 events (100.00%)
Processed   830000/ 7005203 entries (elapsed time   269.9s, curr speed    0.345 kHz, avg speed    3.075 kHz), accepted    80001/   80001 events (100.00%)
Processed   840000/ 7005203 entries (elapsed time   298.2s, curr speed    0.354 kHz, avg speed    2.817 kHz), accepted    90001/   90001 events (100.00%)
Processed   850000/ 7005203 entries (elapsed time   328.4s, curr speed    0.331 kHz, avg speed    2.589 kHz), accepted   100001/  100001 events (100.00%)
Processed   860000/ 7005203 entries (elapsed time   398.0s, curr speed    0.144 kHz, avg speed    2.161 kHz), accepted   110001/  110001 events (100.00%)
Processed   870000/ 7005203 entries (elapsed time   428.0s, curr speed    0.334 kHz, avg speed    2.033 kHz), accepted   120001/  120001 events (100.00%)
Processed   880000/ 7005203 entries (elapsed time   457.2s, curr speed    0.342 kHz, avg speed    1.925 kHz), accepted   130001/  130001 events (100.00%)
Processed   890000/ 7005203 entries (elapsed time   485.7s, curr speed    0.351 kHz, avg speed    1.832 kHz), accepted   140001/  140001 events (100.00%)
Processed   900000/ 7005203 entries (elapsed time   516.1s, curr speed    0.329 kHz, avg speed    1.744 kHz), accepted   150001/  150001 events (100.00%)
Processed   910000/ 7005203 entries (elapsed time   583.4s, curr speed    0.149 kHz, avg speed    1.560 kHz), accepted   160001/  160001 events (100.00%)
Processed   920000/ 7005203 entries (elapsed time   614.9s, curr speed    0.318 kHz, avg speed    1.496 kHz), accepted   170001/  170001 events (100.00%)
Processed   930000/ 7005203 entries (elapsed time   644.9s, curr speed    0.333 kHz, avg speed    1.442 kHz), accepted   180001/  180001 events (100.00%)
Processed   940000/ 7005203 entries (elapsed time   674.9s, curr speed    0.334 kHz, avg speed    1.393 kHz), accepted   190001/  190001 events (100.00%)
Processed   950000/ 7005203 entries (elapsed time   705.3s, curr speed    0.329 kHz, avg speed    1.347 kHz), accepted   200001/  200001 events (100.00%)
Processed   960000/ 7005203 entries (elapsed time   774.6s, curr speed    0.144 kHz, avg speed    1.239 kHz), accepted   210001/  210001 events (100.00%)
Processed   970000/ 7005203 entries (elapsed time   806.2s, curr speed    0.316 kHz, avg speed    1.203 kHz), accepted   220001/  220001 events (100.00%)
Processed   980000/ 7005203 entries (elapsed time   834.9s, curr speed    0.348 kHz, avg speed    1.174 kHz), accepted   230001/  230001 events (100.00%)
Processed   990000/ 7005203 entries (elapsed time   855.6s, curr speed    0.482 kHz, avg speed    1.157 kHz), accepted   240001/  240001 events (100.00%)
Processed 250000 entries from MY_EOS_SPACE/heppyNtuples/TREES_TopDibosonsQCD_94X/TTTo2L2Nu_powheg_part8/treeProducerWMass/tree.root, selected 250000 entries
Done MY_EOS_SPACE/heppyNtuples/TREES_TopDibosonsQCD_94X/friends/tree_Friend_TTTo2L2Nu_powheg_part8.chunk3.root
