000 (323084.025.000) 05/11 15:54:56 Job submitted from host: <188.184.95.166:9618?addrs=188.184.95.166-9618+[2001-1458-201-e4--100-7a0]-9618&alias=tbird02.cern.ch&noUDP&sock=schedd_2138722_faad_3>
...
040 (323084.025.000) 05/11 15:56:18 Started transferring input files
	Transferring to host: <188.184.133.228:9618?addrs=188.184.133.228-9618+[2001-1458-301-a0--100-1f0]-9618&noUDP&sock=12952_9b08_103112>
...
040 (323084.025.000) 05/11 15:56:18 Finished transferring input files
...
001 (323084.025.000) 05/11 15:56:19 Job executing on host: <188.184.133.228:9618?addrs=188.184.133.228-9618+[2001-1458-301-a0--100-1f0]-9618&noUDP&sock=12734_0b16_3>
...
006 (323084.025.000) 05/11 15:56:27 Image size of job updated: 242596
	161  -  MemoryUsage of job (MB)
	163872  -  ResidentSetSize of job (KB)
...
006 (323084.025.000) 05/11 16:01:27 Image size of job updated: 487024
	473  -  MemoryUsage of job (MB)
	484188  -  ResidentSetSize of job (KB)
...
040 (323084.025.000) 05/11 16:05:11 Started transferring output files
...
040 (323084.025.000) 05/11 16:05:11 Finished transferring output files
...
005 (323084.025.000) 05/11 16:05:11 Job terminated.
	(1) Normal termination (return value 1)
		Usr 0 00:07:43, Sys 0 00:01:02  -  Run Remote Usage
		Usr 0 00:00:00, Sys 0 00:00:00  -  Run Local Usage
		Usr 0 00:07:43, Sys 0 00:01:02  -  Total Remote Usage
		Usr 0 00:00:00, Sys 0 00:00:00  -  Total Local Usage
	8556  -  Run Bytes Sent By Job
	10941  -  Run Bytes Received By Job
	8556  -  Total Bytes Sent By Job
	10941  -  Total Bytes Received By Job
	Partitionable Resources :    Usage  Request Allocated 
	   Cpus                 :                 1           
	   Disk (KB)            :       71        1   2190535 
	   Memory (MB)          :      473     2000      2000 
...
