   TTTo2L2Nu_powheg_part6   MC  21 chunks


I have 1 taks to process
I'm using the following list of modules DEFAULT_MODULES
this is jobs [('TTTo2L2Nu_powheg_part6', 'MY_EOS_SPACE/heppyNtuples/TREES_TopDibosonsQCD_94X/TTTo2L2Nu_powheg_part6/treeProducerWMass/tree.root', 6655140.0, '_Friend_TTTo2L2Nu_powheg_part6.chunk4', False, xrange(1000000, 1250000), 4)]
Modules to run:  []   name =  puWeight
Loading puWeight from CMGTools.WMass.postprocessing.examples.puWeightProducer 
Running on dataset =  TTTo2L2Nu_powheg_part6
TFile: name=/afs/cern.ch/work/m/mciprian/w_mass_analysis/heppy/rel_slc7/CMSSW_9_4_12/src/CMGTools/WMass/python/postprocessing/data/pileup/mcPU_2016_W94XnoCutsWithGenWeights_nTrueInt.root, title=, option=READ
TFile: name=/afs/cern.ch/work/m/mciprian/w_mass_analysis/heppy/rel_slc7/CMSSW_9_4_12/src/CMGTools/WMass/python/postprocessing/data/pileup/PileupData_GoldenMuonJSON_Full2016.root, title=, option=READ
Load C++ Worker
Modules to run:  []   name =  muCalibratedWithStatVar
Loading muCalibratedWithStatVar from CMGTools.WMass.postprocessing.examples.lepVarProducer 
Running on dataset =  TTTo2L2Nu_powheg_part6
did not find EnergyScaleCorrection shared object, rebuilding
trying to load all the rochester correction libraries
did not find legacy data roccor. rebuilding...
done building legacy data roccor.
Modules to run:  []   name =  jetAllReCleaner
Loading jetAllReCleaner from CMGTools.WMass.postprocessing.examples.jetReCleaner 
Running on dataset =  TTTo2L2Nu_powheg_part6
Load C++ Worker
Modules to run:  []   name =  jetReCleaner
Loading jetReCleaner from CMGTools.WMass.postprocessing.examples.jetReCleaner 
Running on dataset =  TTTo2L2Nu_powheg_part6
Load C++ Worker
Modules to run:  []   name =  genQEDJets
Loading genQEDJets from CMGTools.WMass.postprocessing.examples.genFriendProducer 
Running on dataset =  TTTo2L2Nu_powheg_part6
Will write selected trees to MY_EOS_SPACE/heppyNtuples/TREES_TopDibosonsQCD_94X/friends/
Normalization of nTrueInt_Wnopt: 3.68902e+10
Normalization of pileup: 3.68902e+10
Weights for variable nTrueInt_Wnopt with a number of bins equal to 102:
1 0.3634 0.9215 1.196 0.96 1.118 1.157 0.9675 0.9293 0.9192 0.8823 0.9553 1.062 1.116 1.167 1.194 1.2 1.193 1.177 1.14 1.092 1.06 1.047 1.046 1.047 1.048 1.06 1.077 1.092 1.106 1.122 1.108 1.097 1.051 0.992 0.9144 0.8237 0.7175 0.6087 0.5019 0.4029 0.3076 0.2264 0.1622 0.1123 0.07656 0.05052 0.03159 0.01992 0.01212 0.007355 0.004361 0.002593 0.001553 0.0009624 0.0007219 0.0006632 0.0007233 0.0009289 0.001329 0.001772 0.003222 0.004042 0.00487 0.005064 0.005658 0.005309 0.004846 0.004101 0.003977 0.003686 0.003306 0.002672 0.002286 0.001878 0.00167 1 1 1 1 1 1 1 1 1 1 1 1 1 1 1 1 1 1 1 1 1 1 1 1 1 1 .
Final weights: 
1 0.3634 0.9215 1.196 0.96 1.118 1.157 0.9675 0.9293 0.9192 0.8823 0.9553 1.062 1.116 1.167 1.194 1.2 1.193 1.177 1.14 1.092 1.06 1.047 1.046 1.047 1.048 1.06 1.077 1.092 1.106 1.122 1.108 1.097 1.051 0.992 0.9144 0.8237 0.7175 0.6087 0.5019 0.4029 0.3076 0.2264 0.1622 0.1123 0.07656 0.05052 0.03159 0.01992 0.01212 0.007355 0.004361 0.002593 0.001553 0.0009624 0.0007219 0.0006632 0.0007233 0.0009289 0.001329 0.001772 0.003222 0.004042 0.00487 0.005064 0.005658 0.005309 0.004846 0.004101 0.003977 0.003686 0.003306 0.002672 0.002286 0.001878 0.00167 1 1 1 1 1 1 1 1 1 1 1 1 1 1 1 1 1 1 1 1 1 1 1 1 1 1 .
begin job of lepCalProducer
initializing all the rochester correction objects
initializing the egamma calibrator
Processed  1000000/ 5204049 entries (elapsed time     0.4s, curr speed   27.027 kHz, avg speed 2702.703 kHz), accepted        1/       1 events (100.00%)
Processed  1010000/ 5204049 entries (elapsed time    21.8s, curr speed    0.468 kHz, avg speed   46.415 kHz), accepted    10001/   10001 events (100.00%)
Processed  1020000/ 5204049 entries (elapsed time    47.4s, curr speed    0.390 kHz, avg speed   21.528 kHz), accepted    20001/   20001 events (100.00%)
Processed  1030000/ 5204049 entries (elapsed time    72.8s, curr speed    0.393 kHz, avg speed   14.141 kHz), accepted    30001/   30001 events (100.00%)
Processed  1040000/ 5204049 entries (elapsed time    99.8s, curr speed    0.371 kHz, avg speed   10.424 kHz), accepted    40001/   40001 events (100.00%)
Processed  1050000/ 5204049 entries (elapsed time   126.8s, curr speed    0.369 kHz, avg speed    8.278 kHz), accepted    50001/   50001 events (100.00%)
Processed  1060000/ 5204049 entries (elapsed time   149.5s, curr speed    0.442 kHz, avg speed    7.092 kHz), accepted    60001/   60001 events (100.00%)
Processed  1070000/ 5204049 entries (elapsed time   172.2s, curr speed    0.440 kHz, avg speed    6.215 kHz), accepted    70001/   70001 events (100.00%)
Processed  1080000/ 5204049 entries (elapsed time   194.8s, curr speed    0.442 kHz, avg speed    5.544 kHz), accepted    80001/   80001 events (100.00%)
Processed  1090000/ 5204049 entries (elapsed time   217.8s, curr speed    0.436 kHz, avg speed    5.006 kHz), accepted    90001/   90001 events (100.00%)
Processed  1100000/ 5204049 entries (elapsed time   240.4s, curr speed    0.442 kHz, avg speed    4.576 kHz), accepted   100001/  100001 events (100.00%)
Processed  1110000/ 5204049 entries (elapsed time   289.4s, curr speed    0.204 kHz, avg speed    3.835 kHz), accepted   110001/  110001 events (100.00%)
Processed  1120000/ 5204049 entries (elapsed time   311.5s, curr speed    0.454 kHz, avg speed    3.596 kHz), accepted   120001/  120001 events (100.00%)
Processed  1130000/ 5204049 entries (elapsed time   334.2s, curr speed    0.440 kHz, avg speed    3.381 kHz), accepted   130001/  130001 events (100.00%)
Processed  1140000/ 5204049 entries (elapsed time   356.9s, curr speed    0.441 kHz, avg speed    3.195 kHz), accepted   140001/  140001 events (100.00%)
Processed  1150000/ 5204049 entries (elapsed time   379.8s, curr speed    0.436 kHz, avg speed    3.028 kHz), accepted   150001/  150001 events (100.00%)
Processed  1160000/ 5204049 entries (elapsed time   430.6s, curr speed    0.197 kHz, avg speed    2.694 kHz), accepted   160001/  160001 events (100.00%)
Processed  1170000/ 5204049 entries (elapsed time   460.9s, curr speed    0.330 kHz, avg speed    2.539 kHz), accepted   170001/  170001 events (100.00%)
Processed  1180000/ 5204049 entries (elapsed time   493.5s, curr speed    0.306 kHz, avg speed    2.391 kHz), accepted   180001/  180001 events (100.00%)
Processed  1190000/ 5204049 entries (elapsed time   523.1s, curr speed    0.338 kHz, avg speed    2.275 kHz), accepted   190001/  190001 events (100.00%)
Processed  1200000/ 5204049 entries (elapsed time   546.7s, curr speed    0.423 kHz, avg speed    2.195 kHz), accepted   200001/  200001 events (100.00%)
Processed  1210000/ 5204049 entries (elapsed time   596.2s, curr speed    0.202 kHz, avg speed    2.029 kHz), accepted   210001/  210001 events (100.00%)
Processed  1220000/ 5204049 entries (elapsed time   619.8s, curr speed    0.424 kHz, avg speed    1.968 kHz), accepted   220001/  220001 events (100.00%)
Processed  1230000/ 5204049 entries (elapsed time   644.3s, curr speed    0.408 kHz, avg speed    1.909 kHz), accepted   230001/  230001 events (100.00%)
Processed  1240000/ 5204049 entries (elapsed time   666.9s, curr speed    0.443 kHz, avg speed    1.859 kHz), accepted   240001/  240001 events (100.00%)
Processed 250000 entries from MY_EOS_SPACE/heppyNtuples/TREES_TopDibosonsQCD_94X/TTTo2L2Nu_powheg_part6/treeProducerWMass/tree.root, selected 250000 entries
Done MY_EOS_SPACE/heppyNtuples/TREES_TopDibosonsQCD_94X/friends/tree_Friend_TTTo2L2Nu_powheg_part6.chunk4.root
