000 (323100.020.000) 05/11 15:55:06 Job submitted from host: <188.184.95.166:9618?addrs=188.184.95.166-9618+[2001-1458-201-e4--100-7a0]-9618&alias=tbird02.cern.ch&noUDP&sock=schedd_2138722_faad_3>
...
040 (323100.020.000) 05/11 16:05:17 Started transferring input files
	Transferring to host: <188.184.132.32:9618?addrs=188.184.132.32-9618+[2001-1458-301-a0--100-24]-9618&noUDP&sock=4178_8763_126425>
...
040 (323100.020.000) 05/11 16:05:17 Finished transferring input files
...
001 (323100.020.000) 05/11 16:05:18 Job executing on host: <188.184.132.32:9618?addrs=188.184.132.32-9618+[2001-1458-301-a0--100-24]-9618&noUDP&sock=2322_46ff_3>
...
006 (323100.020.000) 05/11 16:05:26 Image size of job updated: 312284
	222  -  MemoryUsage of job (MB)
	226768  -  ResidentSetSize of job (KB)
...
006 (323100.020.000) 05/11 16:10:26 Image size of job updated: 593276
	496  -  MemoryUsage of job (MB)
	507552  -  ResidentSetSize of job (KB)
...
040 (323100.020.000) 05/11 16:13:59 Started transferring output files
...
040 (323100.020.000) 05/11 16:13:59 Finished transferring output files
...
005 (323100.020.000) 05/11 16:13:59 Job terminated.
	(1) Normal termination (return value 1)
		Usr 0 00:07:35, Sys 0 00:00:56  -  Run Remote Usage
		Usr 0 00:00:00, Sys 0 00:00:00  -  Run Local Usage
		Usr 0 00:07:35, Sys 0 00:00:56  -  Total Remote Usage
		Usr 0 00:00:00, Sys 0 00:00:00  -  Total Local Usage
	8612  -  Run Bytes Sent By Job
	10941  -  Run Bytes Received By Job
	8612  -  Total Bytes Sent By Job
	10941  -  Total Bytes Received By Job
	Partitionable Resources :    Usage  Request Allocated 
	   Cpus                 :                 1           
	   Disk (KB)            :       71        1   2105656 
	   Memory (MB)          :      496     2000      2000 
...
