000 (323082.012.000) 05/11 15:54:55 Job submitted from host: <188.184.95.166:9618?addrs=188.184.95.166-9618+[2001-1458-201-e4--100-7a0]-9618&alias=tbird02.cern.ch&noUDP&sock=schedd_2138722_faad_3>
...
040 (323082.012.000) 05/11 15:55:57 Started transferring input files
	Transferring to host: <128.142.240.46:9618?addrs=128.142.240.46-9618+[2001-1458-301-f9--100-20]-9618&noUDP&sock=4108_3520_127094>
...
040 (323082.012.000) 05/11 15:55:57 Finished transferring input files
...
001 (323082.012.000) 05/11 15:55:58 Job executing on host: <128.142.240.46:9618?addrs=128.142.240.46-9618+[2001-1458-301-f9--100-20]-9618&noUDP&sock=2383_1e46_3>
...
006 (323082.012.000) 05/11 15:56:06 Image size of job updated: 231940
	150  -  MemoryUsage of job (MB)
	153400  -  ResidentSetSize of job (KB)
...
006 (323082.012.000) 05/11 16:01:06 Image size of job updated: 486816
	473  -  MemoryUsage of job (MB)
	483948  -  ResidentSetSize of job (KB)
...
040 (323082.012.000) 05/11 16:04:49 Started transferring output files
...
040 (323082.012.000) 05/11 16:04:49 Finished transferring output files
...
005 (323082.012.000) 05/11 16:04:49 Job terminated.
	(1) Normal termination (return value 1)
		Usr 0 00:07:45, Sys 0 00:00:58  -  Run Remote Usage
		Usr 0 00:00:00, Sys 0 00:00:00  -  Run Local Usage
		Usr 0 00:07:45, Sys 0 00:00:58  -  Total Remote Usage
		Usr 0 00:00:00, Sys 0 00:00:00  -  Total Local Usage
	8566  -  Run Bytes Sent By Job
	10941  -  Run Bytes Received By Job
	8566  -  Total Bytes Sent By Job
	10941  -  Total Bytes Received By Job
	Partitionable Resources :    Usage  Request Allocated 
	   Cpus                 :                 1           
	   Disk (KB)            :       71        1   2112914 
	   Memory (MB)          :      473     2000      2000 
...
