000 (323086.010.000) 05/11 15:54:57 Job submitted from host: <188.184.95.166:9618?addrs=188.184.95.166-9618+[2001-1458-201-e4--100-7a0]-9618&alias=tbird02.cern.ch&noUDP&sock=schedd_2138722_faad_3>
...
040 (323086.010.000) 05/11 15:56:32 Started transferring input files
	Transferring to host: <128.142.224.182:9618?addrs=128.142.224.182-9618+[2001-1458-301-84--100-117]-9618&noUDP&sock=3806_6bd4_113958>
...
040 (323086.010.000) 05/11 15:56:32 Finished transferring input files
...
001 (323086.010.000) 05/11 15:56:33 Job executing on host: <128.142.224.182:9618?addrs=128.142.224.182-9618+[2001-1458-301-84--100-117]-9618&noUDP&sock=2333_d28a_3>
...
006 (323086.010.000) 05/11 15:56:41 Image size of job updated: 253280
	171  -  MemoryUsage of job (MB)
	174368  -  ResidentSetSize of job (KB)
...
006 (323086.010.000) 05/11 16:01:41 Image size of job updated: 573268
	477  -  MemoryUsage of job (MB)
	487504  -  ResidentSetSize of job (KB)
...
040 (323086.010.000) 05/11 16:05:04 Started transferring output files
...
040 (323086.010.000) 05/11 16:05:04 Finished transferring output files
...
005 (323086.010.000) 05/11 16:05:04 Job terminated.
	(1) Normal termination (return value 1)
		Usr 0 00:07:27, Sys 0 00:00:54  -  Run Remote Usage
		Usr 0 00:00:00, Sys 0 00:00:00  -  Run Local Usage
		Usr 0 00:07:27, Sys 0 00:00:54  -  Total Remote Usage
		Usr 0 00:00:00, Sys 0 00:00:00  -  Total Local Usage
	8556  -  Run Bytes Sent By Job
	10941  -  Run Bytes Received By Job
	8556  -  Total Bytes Sent By Job
	10941  -  Total Bytes Received By Job
	Partitionable Resources :    Usage  Request Allocated 
	   Cpus                 :                 1           
	   Disk (KB)            :       71        1   2161550 
	   Memory (MB)          :      477     2000      2000 
...
