000 (323097.012.000) 05/11 15:55:04 Job submitted from host: <188.184.95.166:9618?addrs=188.184.95.166-9618+[2001-1458-201-e4--100-7a0]-9618&alias=tbird02.cern.ch&noUDP&sock=schedd_2138722_faad_3>
...
040 (323097.012.000) 05/11 16:02:49 Started transferring input files
	Transferring to host: <128.142.240.10:9618?addrs=128.142.240.10-9618+[2001-1458-301-f9--100-15]-9618&noUDP&sock=4200_07a4_127743>
...
040 (323097.012.000) 05/11 16:02:49 Finished transferring input files
...
001 (323097.012.000) 05/11 16:02:50 Job executing on host: <128.142.240.10:9618?addrs=128.142.240.10-9618+[2001-1458-301-f9--100-15]-9618&noUDP&sock=2379_5fe5_3>
...
006 (323097.012.000) 05/11 16:02:58 Image size of job updated: 307608
	220  -  MemoryUsage of job (MB)
	225052  -  ResidentSetSize of job (KB)
...
006 (323097.012.000) 05/11 16:07:58 Image size of job updated: 508096
	496  -  MemoryUsage of job (MB)
	507788  -  ResidentSetSize of job (KB)
...
040 (323097.012.000) 05/11 16:11:57 Started transferring output files
...
040 (323097.012.000) 05/11 16:11:57 Finished transferring output files
...
005 (323097.012.000) 05/11 16:11:57 Job terminated.
	(1) Normal termination (return value 1)
		Usr 0 00:08:00, Sys 0 00:01:02  -  Run Remote Usage
		Usr 0 00:00:00, Sys 0 00:00:00  -  Run Local Usage
		Usr 0 00:08:00, Sys 0 00:01:02  -  Total Remote Usage
		Usr 0 00:00:00, Sys 0 00:00:00  -  Total Local Usage
	8611  -  Run Bytes Sent By Job
	10941  -  Run Bytes Received By Job
	8611  -  Total Bytes Sent By Job
	10941  -  Total Bytes Received By Job
	Partitionable Resources :    Usage  Request Allocated 
	   Cpus                 :                 1           
	   Disk (KB)            :       71        1   2136258 
	   Memory (MB)          :      496     2000      2000 
...
