000 (323092.025.000) 05/11 15:55:01 Job submitted from host: <188.184.95.166:9618?addrs=188.184.95.166-9618+[2001-1458-201-e4--100-7a0]-9618&alias=tbird02.cern.ch&noUDP&sock=schedd_2138722_faad_3>
...
040 (323092.025.000) 05/11 15:58:30 Started transferring input files
	Transferring to host: <128.142.240.47:9618?addrs=128.142.240.47-9618+[2001-1458-301-f9--100-9]-9618&noUDP&sock=3999_683c_126893>
...
040 (323092.025.000) 05/11 15:58:30 Finished transferring input files
...
001 (323092.025.000) 05/11 15:58:31 Job executing on host: <128.142.240.47:9618?addrs=128.142.240.47-9618+[2001-1458-301-f9--100-9]-9618&noUDP&sock=2327_b4f9_3>
...
006 (323092.025.000) 05/11 15:58:40 Image size of job updated: 327764
	240  -  MemoryUsage of job (MB)
	244812  -  ResidentSetSize of job (KB)
...
006 (323092.025.000) 05/11 16:03:40 Image size of job updated: 511356
	498  -  MemoryUsage of job (MB)
	509144  -  ResidentSetSize of job (KB)
...
040 (323092.025.000) 05/11 16:07:35 Started transferring output files
...
040 (323092.025.000) 05/11 16:07:35 Finished transferring output files
...
005 (323092.025.000) 05/11 16:07:35 Job terminated.
	(1) Normal termination (return value 1)
		Usr 0 00:07:52, Sys 0 00:01:05  -  Run Remote Usage
		Usr 0 00:00:00, Sys 0 00:00:00  -  Run Local Usage
		Usr 0 00:07:52, Sys 0 00:01:05  -  Total Remote Usage
		Usr 0 00:00:00, Sys 0 00:00:00  -  Total Local Usage
	8623  -  Run Bytes Sent By Job
	10941  -  Run Bytes Received By Job
	8623  -  Total Bytes Sent By Job
	10941  -  Total Bytes Received By Job
	Partitionable Resources :    Usage  Request Allocated 
	   Cpus                 :                 1           
	   Disk (KB)            :       71        1   2182116 
	   Memory (MB)          :      498     2000      2000 
...
