000 (323098.009.000) 05/11 15:55:05 Job submitted from host: <188.184.95.166:9618?addrs=188.184.95.166-9618+[2001-1458-201-e4--100-7a0]-9618&alias=tbird02.cern.ch&noUDP&sock=schedd_2138722_faad_3>
...
040 (323098.009.000) 05/11 16:04:01 Started transferring input files
	Transferring to host: <128.142.240.60:9618?addrs=128.142.240.60-9618+[2001-1458-301-f9--100-2a]-9618&noUDP&sock=4191_b044_126758>
...
040 (323098.009.000) 05/11 16:04:01 Finished transferring input files
...
001 (323098.009.000) 05/11 16:04:02 Job executing on host: <128.142.240.60:9618?addrs=128.142.240.60-9618+[2001-1458-301-f9--100-2a]-9618&noUDP&sock=2330_c3c1_3>
...
006 (323098.009.000) 05/11 16:04:11 Image size of job updated: 339420
	251  -  MemoryUsage of job (MB)
	256672  -  ResidentSetSize of job (KB)
...
006 (323098.009.000) 05/11 16:09:12 Image size of job updated: 590216
	496  -  MemoryUsage of job (MB)
	507416  -  ResidentSetSize of job (KB)
...
006 (323098.009.000) 05/11 16:12:42 Image size of job updated: 895412
	496  -  MemoryUsage of job (MB)
	507416  -  ResidentSetSize of job (KB)
...
040 (323098.009.000) 05/11 16:12:42 Started transferring output files
...
040 (323098.009.000) 05/11 16:12:42 Finished transferring output files
...
005 (323098.009.000) 05/11 16:12:42 Job terminated.
	(1) Normal termination (return value 1)
		Usr 0 00:07:39, Sys 0 00:00:58  -  Run Remote Usage
		Usr 0 00:00:00, Sys 0 00:00:00  -  Run Local Usage
		Usr 0 00:07:39, Sys 0 00:00:58  -  Total Remote Usage
		Usr 0 00:00:00, Sys 0 00:00:00  -  Total Local Usage
	8608  -  Run Bytes Sent By Job
	10941  -  Run Bytes Received By Job
	8608  -  Total Bytes Sent By Job
	10941  -  Total Bytes Received By Job
	Partitionable Resources :    Usage  Request Allocated 
	   Cpus                 :                 1           
	   Disk (KB)            :       71        1   2137645 
	   Memory (MB)          :      496     2000      2000 
...
