000 (323083.019.000) 05/11 15:54:56 Job submitted from host: <188.184.95.166:9618?addrs=188.184.95.166-9618+[2001-1458-201-e4--100-7a0]-9618&alias=tbird02.cern.ch&noUDP&sock=schedd_2138722_faad_3>
...
040 (323083.019.000) 05/11 15:56:03 Started transferring input files
	Transferring to host: <188.184.186.65:9618?addrs=188.184.186.65-9618+[2001-1458-301-f8--100-2a]-9618&noUDP&sock=25421_24e3_66>
...
040 (323083.019.000) 05/11 15:56:03 Finished transferring input files
...
001 (323083.019.000) 05/11 15:56:04 Job executing on host: <188.184.186.65:9618?addrs=188.184.186.65-9618+[2001-1458-301-f8--100-2a]-9618&noUDP&sock=2326_0560_3>
...
006 (323083.019.000) 05/11 15:56:13 Image size of job updated: 250940
	245  -  MemoryUsage of job (MB)
	250452  -  ResidentSetSize of job (KB)
...
006 (323083.019.000) 05/11 16:01:14 Image size of job updated: 484912
	474  -  MemoryUsage of job (MB)
	484612  -  ResidentSetSize of job (KB)
...
006 (323083.019.000) 05/11 16:06:14 Image size of job updated: 489216
	478  -  MemoryUsage of job (MB)
	488916  -  ResidentSetSize of job (KB)
...
006 (323083.019.000) 05/11 16:07:24 Image size of job updated: 489244
	478  -  MemoryUsage of job (MB)
	488916  -  ResidentSetSize of job (KB)
...
040 (323083.019.000) 05/11 16:07:24 Started transferring output files
...
040 (323083.019.000) 05/11 16:07:24 Finished transferring output files
...
005 (323083.019.000) 05/11 16:07:24 Job terminated.
	(1) Normal termination (return value 1)
		Usr 0 00:09:48, Sys 0 00:01:08  -  Run Remote Usage
		Usr 0 00:00:00, Sys 0 00:00:00  -  Run Local Usage
		Usr 0 00:09:48, Sys 0 00:01:08  -  Total Remote Usage
		Usr 0 00:00:00, Sys 0 00:00:00  -  Total Local Usage
	8556  -  Run Bytes Sent By Job
	10941  -  Run Bytes Received By Job
	8556  -  Total Bytes Sent By Job
	10941  -  Total Bytes Received By Job
	Partitionable Resources :    Usage  Request Allocated 
	   Cpus                 :     0.99        1         1 
	   Disk (KB)            :    78           1    212406 
	   Memory (MB)          :   478        2000      2000 
...
