000 (323103.014.000) 05/11 15:55:09 Job submitted from host: <188.184.95.166:9618?addrs=188.184.95.166-9618+[2001-1458-201-e4--100-7a0]-9618&alias=tbird02.cern.ch&noUDP&sock=schedd_2138722_faad_3>
...
040 (323103.014.000) 05/11 16:06:30 Started transferring input files
	Transferring to host: <188.184.132.4:9618?addrs=188.184.132.4-9618+[--1]-9618&noUDP&sock=3211_309c_9561>
...
040 (323103.014.000) 05/11 16:06:30 Finished transferring input files
...
001 (323103.014.000) 05/11 16:06:31 Job executing on host: <188.184.132.4:9618?addrs=188.184.132.4-9618+[--1]-9618&noUDP&sock=2272_fb43_3>
...
006 (323103.014.000) 05/11 16:06:40 Image size of job updated: 292700
	206  -  MemoryUsage of job (MB)
	210144  -  ResidentSetSize of job (KB)
...
006 (323103.014.000) 05/11 16:11:40 Image size of job updated: 595588
	498  -  MemoryUsage of job (MB)
	509868  -  ResidentSetSize of job (KB)
...
040 (323103.014.000) 05/11 16:16:41 Started transferring output files
...
040 (323103.014.000) 05/11 16:16:41 Finished transferring output files
...
005 (323103.014.000) 05/11 16:16:41 Job terminated.
	(1) Normal termination (return value 1)
		Usr 0 00:07:16, Sys 0 00:01:04  -  Run Remote Usage
		Usr 0 00:00:00, Sys 0 00:00:00  -  Run Local Usage
		Usr 0 00:07:16, Sys 0 00:01:04  -  Total Remote Usage
		Usr 0 00:00:00, Sys 0 00:00:00  -  Total Local Usage
	13939  -  Run Bytes Sent By Job
	10941  -  Run Bytes Received By Job
	13939  -  Total Bytes Sent By Job
	10941  -  Total Bytes Received By Job
	Partitionable Resources :    Usage  Request Allocated 
	   Cpus                 :                 1           
	   Disk (KB)            :       74        1   2170349 
	   Memory (MB)          :      498     2000      2000 
...
