   TTToSemilepton_powheg_part7   MC  30 chunks


I have 1 taks to process
I'm using the following list of modules DEFAULT_MODULES
this is jobs [('TTToSemilepton_powheg_part7', 'MY_EOS_SPACE/heppyNtuples/TREES_TopDibosonsQCD_94X/TTToSemilepton_powheg_part7/treeProducerWMass/tree.root', 13367700.0, '_Friend_TTToSemilepton_powheg_part7.chunk7', False, xrange(1750000, 2000000), 7)]
Modules to run:  []   name =  puWeight
Loading puWeight from CMGTools.WMass.postprocessing.examples.puWeightProducer 
Running on dataset =  TTToSemilepton_powheg_part7
TFile: name=/afs/cern.ch/work/m/mciprian/w_mass_analysis/heppy/rel_slc7/CMSSW_9_4_12/src/CMGTools/WMass/python/postprocessing/data/pileup/mcPU_2016_W94XnoCutsWithGenWeights_nTrueInt.root, title=, option=READ
TFile: name=/afs/cern.ch/work/m/mciprian/w_mass_analysis/heppy/rel_slc7/CMSSW_9_4_12/src/CMGTools/WMass/python/postprocessing/data/pileup/PileupData_GoldenMuonJSON_Full2016.root, title=, option=READ
Load C++ Worker
Modules to run:  []   name =  muCalibratedWithStatVar
Loading muCalibratedWithStatVar from CMGTools.WMass.postprocessing.examples.lepVarProducer 
Running on dataset =  TTToSemilepton_powheg_part7
did not find EnergyScaleCorrection shared object, rebuilding
trying to load all the rochester correction libraries
did not find legacy data roccor. rebuilding...
done building legacy data roccor.
Modules to run:  []   name =  jetAllReCleaner
Loading jetAllReCleaner from CMGTools.WMass.postprocessing.examples.jetReCleaner 
Running on dataset =  TTToSemilepton_powheg_part7
Load C++ Worker
Modules to run:  []   name =  jetReCleaner
Loading jetReCleaner from CMGTools.WMass.postprocessing.examples.jetReCleaner 
Running on dataset =  TTToSemilepton_powheg_part7
Load C++ Worker
Modules to run:  []   name =  genQEDJets
Loading genQEDJets from CMGTools.WMass.postprocessing.examples.genFriendProducer 
Running on dataset =  TTToSemilepton_powheg_part7
Will write selected trees to MY_EOS_SPACE/heppyNtuples/TREES_TopDibosonsQCD_94X/friends/
Normalization of nTrueInt_Wnopt: 3.68902e+10
Normalization of pileup: 3.68902e+10
Weights for variable nTrueInt_Wnopt with a number of bins equal to 102:
1 0.3634 0.9215 1.196 0.96 1.118 1.157 0.9675 0.9293 0.9192 0.8823 0.9553 1.062 1.116 1.167 1.194 1.2 1.193 1.177 1.14 1.092 1.06 1.047 1.046 1.047 1.048 1.06 1.077 1.092 1.106 1.122 1.108 1.097 1.051 0.992 0.9144 0.8237 0.7175 0.6087 0.5019 0.4029 0.3076 0.2264 0.1622 0.1123 0.07656 0.05052 0.03159 0.01992 0.01212 0.007355 0.004361 0.002593 0.001553 0.0009624 0.0007219 0.0006632 0.0007233 0.0009289 0.001329 0.001772 0.003222 0.004042 0.00487 0.005064 0.005658 0.005309 0.004846 0.004101 0.003977 0.003686 0.003306 0.002672 0.002286 0.001878 0.00167 1 1 1 1 1 1 1 1 1 1 1 1 1 1 1 1 1 1 1 1 1 1 1 1 1 1 .
Final weights: 
1 0.3634 0.9215 1.196 0.96 1.118 1.157 0.9675 0.9293 0.9192 0.8823 0.9553 1.062 1.116 1.167 1.194 1.2 1.193 1.177 1.14 1.092 1.06 1.047 1.046 1.047 1.048 1.06 1.077 1.092 1.106 1.122 1.108 1.097 1.051 0.992 0.9144 0.8237 0.7175 0.6087 0.5019 0.4029 0.3076 0.2264 0.1622 0.1123 0.07656 0.05052 0.03159 0.01992 0.01212 0.007355 0.004361 0.002593 0.001553 0.0009624 0.0007219 0.0006632 0.0007233 0.0009289 0.001329 0.001772 0.003222 0.004042 0.00487 0.005064 0.005658 0.005309 0.004846 0.004101 0.003977 0.003686 0.003306 0.002672 0.002286 0.001878 0.00167 1 1 1 1 1 1 1 1 1 1 1 1 1 1 1 1 1 1 1 1 1 1 1 1 1 1 .
begin job of lepCalProducer
initializing all the rochester correction objects
initializing the egamma calibrator
Processed  1750000/ 7320514 entries (elapsed time     0.4s, curr speed   28.571 kHz, avg speed 5000.000 kHz), accepted        1/       1 events (100.00%)
Processed  1760000/ 7320514 entries (elapsed time    20.8s, curr speed    0.489 kHz, avg speed   84.615 kHz), accepted    10001/   10001 events (100.00%)
Processed  1770000/ 7320514 entries (elapsed time    41.1s, curr speed    0.493 kHz, avg speed   43.066 kHz), accepted    20001/   20001 events (100.00%)
Processed  1780000/ 7320514 entries (elapsed time    61.0s, curr speed    0.502 kHz, avg speed   29.171 kHz), accepted    30001/   30001 events (100.00%)
Processed  1790000/ 7320514 entries (elapsed time    81.1s, curr speed    0.499 kHz, avg speed   22.082 kHz), accepted    40001/   40001 events (100.00%)
Processed  1800000/ 7320514 entries (elapsed time   101.0s, curr speed    0.502 kHz, avg speed   17.824 kHz), accepted    50001/   50001 events (100.00%)
Processed  1810000/ 7320514 entries (elapsed time   121.2s, curr speed    0.496 kHz, avg speed   14.940 kHz), accepted    60001/   60001 events (100.00%)
Processed  1820000/ 7320514 entries (elapsed time   138.6s, curr speed    0.572 kHz, avg speed   13.128 kHz), accepted    70001/   70001 events (100.00%)
Processed  1830000/ 7320514 entries (elapsed time   156.0s, curr speed    0.576 kHz, avg speed   11.731 kHz), accepted    80001/   80001 events (100.00%)
Processed  1840000/ 7320514 entries (elapsed time   173.5s, curr speed    0.570 kHz, avg speed   10.603 kHz), accepted    90001/   90001 events (100.00%)
Processed  1850000/ 7320514 entries (elapsed time   191.0s, curr speed    0.571 kHz, avg speed    9.684 kHz), accepted   100001/  100001 events (100.00%)
Processed  1860000/ 7320514 entries (elapsed time   208.8s, curr speed    0.561 kHz, avg speed    8.906 kHz), accepted   110001/  110001 events (100.00%)
Processed  1870000/ 7320514 entries (elapsed time   246.8s, curr speed    0.264 kHz, avg speed    7.578 kHz), accepted   120001/  120001 events (100.00%)
Processed  1880000/ 7320514 entries (elapsed time   264.2s, curr speed    0.573 kHz, avg speed    7.116 kHz), accepted   130001/  130001 events (100.00%)
Processed  1890000/ 7320514 entries (elapsed time   281.8s, curr speed    0.569 kHz, avg speed    6.707 kHz), accepted   140001/  140001 events (100.00%)
Processed  1900000/ 7320514 entries (elapsed time   299.2s, curr speed    0.573 kHz, avg speed    6.349 kHz), accepted   150001/  150001 events (100.00%)
Processed  1910000/ 7320514 entries (elapsed time   316.5s, curr speed    0.578 kHz, avg speed    6.034 kHz), accepted   160001/  160001 events (100.00%)
Processed  1920000/ 7320514 entries (elapsed time   334.1s, curr speed    0.568 kHz, avg speed    5.746 kHz), accepted   170001/  170001 events (100.00%)
Processed  1930000/ 7320514 entries (elapsed time   371.7s, curr speed    0.266 kHz, avg speed    5.192 kHz), accepted   180001/  180001 events (100.00%)
Processed  1940000/ 7320514 entries (elapsed time   389.4s, curr speed    0.566 kHz, avg speed    4.982 kHz), accepted   190001/  190001 events (100.00%)
Processed  1950000/ 7320514 entries (elapsed time   406.7s, curr speed    0.576 kHz, avg speed    4.794 kHz), accepted   200001/  200001 events (100.00%)
Processed  1960000/ 7320514 entries (elapsed time   424.4s, curr speed    0.566 kHz, avg speed    4.618 kHz), accepted   210001/  210001 events (100.00%)
Processed  1970000/ 7320514 entries (elapsed time   441.9s, curr speed    0.573 kHz, avg speed    4.458 kHz), accepted   220001/  220001 events (100.00%)
Processed  1980000/ 7320514 entries (elapsed time   459.2s, curr speed    0.576 kHz, avg speed    4.311 kHz), accepted   230001/  230001 events (100.00%)
Processed  1990000/ 7320514 entries (elapsed time   498.3s, curr speed    0.256 kHz, avg speed    3.994 kHz), accepted   240001/  240001 events (100.00%)
Processed 250000 entries from MY_EOS_SPACE/heppyNtuples/TREES_TopDibosonsQCD_94X/TTToSemilepton_powheg_part7/treeProducerWMass/tree.root, selected 250000 entries
Done MY_EOS_SPACE/heppyNtuples/TREES_TopDibosonsQCD_94X/friends/tree_Friend_TTToSemilepton_powheg_part7.chunk7.root
