000 (323089.026.000) 05/11 15:54:59 Job submitted from host: <188.184.95.166:9618?addrs=188.184.95.166-9618+[2001-1458-201-e4--100-7a0]-9618&alias=tbird02.cern.ch&noUDP&sock=schedd_2138722_faad_3>
...
040 (323089.026.000) 05/11 15:57:03 Started transferring input files
	Transferring to host: <188.184.132.8:9618?addrs=188.184.132.8-9618+[2001-1458-301-a0--100-9]-9618&noUDP&sock=8960_e165_81>
...
040 (323089.026.000) 05/11 15:57:03 Finished transferring input files
...
001 (323089.026.000) 05/11 15:57:04 Job executing on host: <188.184.132.8:9618?addrs=188.184.132.8-9618+[2001-1458-301-a0--100-9]-9618&noUDP&sock=2815_6f30_3>
...
006 (323089.026.000) 05/11 15:57:12 Image size of job updated: 225980
	213  -  MemoryUsage of job (MB)
	217124  -  ResidentSetSize of job (KB)
...
006 (323089.026.000) 05/11 16:02:12 Image size of job updated: 475328
	456  -  MemoryUsage of job (MB)
	466272  -  ResidentSetSize of job (KB)
...
006 (323089.026.000) 05/11 16:07:13 Image size of job updated: 493060
	482  -  MemoryUsage of job (MB)
	492636  -  ResidentSetSize of job (KB)
...
006 (323089.026.000) 05/11 16:08:34 Image size of job updated: 495240
	482  -  MemoryUsage of job (MB)
	492636  -  ResidentSetSize of job (KB)
...
040 (323089.026.000) 05/11 16:08:34 Started transferring output files
...
040 (323089.026.000) 05/11 16:08:34 Finished transferring output files
...
005 (323089.026.000) 05/11 16:08:34 Job terminated.
	(1) Normal termination (return value 1)
		Usr 0 00:09:31, Sys 0 00:01:10  -  Run Remote Usage
		Usr 0 00:00:00, Sys 0 00:00:00  -  Run Local Usage
		Usr 0 00:09:31, Sys 0 00:01:10  -  Total Remote Usage
		Usr 0 00:00:00, Sys 0 00:00:00  -  Total Local Usage
	13864  -  Run Bytes Sent By Job
	10941  -  Run Bytes Received By Job
	13864  -  Total Bytes Sent By Job
	10941  -  Total Bytes Received By Job
	Partitionable Resources :    Usage  Request Allocated 
	   Cpus                 :     1.00        1         1 
	   Disk (KB)            :    80           1    219556 
	   Memory (MB)          :   482        2000      2000 
...
