000 (323102.018.000) 05/11 15:55:08 Job submitted from host: <188.184.95.166:9618?addrs=188.184.95.166-9618+[2001-1458-201-e4--100-7a0]-9618&alias=tbird02.cern.ch&noUDP&sock=schedd_2138722_faad_3>
...
040 (323102.018.000) 05/11 16:05:55 Started transferring input files
	Transferring to host: <188.184.186.19:9618?addrs=188.184.186.19-9618+[2001-1458-301-f8--100-8]-9618&noUDP&sock=2896_3e6f_125728>
...
040 (323102.018.000) 05/11 16:05:55 Finished transferring input files
...
001 (323102.018.000) 05/11 16:05:56 Job executing on host: <188.184.186.19:9618?addrs=188.184.186.19-9618+[2001-1458-301-f8--100-8]-9618&noUDP&sock=2401_76fb_3>
...
006 (323102.018.000) 05/11 16:06:04 Image size of job updated: 305480
	219  -  MemoryUsage of job (MB)
	223360  -  ResidentSetSize of job (KB)
...
006 (323102.018.000) 05/11 16:11:04 Image size of job updated: 591720
	498  -  MemoryUsage of job (MB)
	509088  -  ResidentSetSize of job (KB)
...
040 (323102.018.000) 05/11 16:15:16 Started transferring output files
...
040 (323102.018.000) 05/11 16:15:16 Finished transferring output files
...
005 (323102.018.000) 05/11 16:15:16 Job terminated.
	(1) Normal termination (return value 1)
		Usr 0 00:08:12, Sys 0 00:00:59  -  Run Remote Usage
		Usr 0 00:00:00, Sys 0 00:00:00  -  Run Local Usage
		Usr 0 00:08:12, Sys 0 00:00:59  -  Total Remote Usage
		Usr 0 00:00:00, Sys 0 00:00:00  -  Total Local Usage
	8612  -  Run Bytes Sent By Job
	10941  -  Run Bytes Received By Job
	8612  -  Total Bytes Sent By Job
	10941  -  Total Bytes Received By Job
	Partitionable Resources :    Usage  Request Allocated 
	   Cpus                 :                 1           
	   Disk (KB)            :       71        1   2182348 
	   Memory (MB)          :      498     2000      2000 
...
