000 (323097.020.000) 05/11 15:55:04 Job submitted from host: <188.184.95.166:9618?addrs=188.184.95.166-9618+[2001-1458-201-e4--100-7a0]-9618&alias=tbird02.cern.ch&noUDP&sock=schedd_2138722_faad_3>
...
040 (323097.020.000) 05/11 16:03:25 Started transferring input files
	Transferring to host: <188.184.133.226:9618?addrs=188.184.133.226-9618+[2001-1458-301-a0--100-239]-9618&noUDP&sock=14884_dfd6_103621>
...
040 (323097.020.000) 05/11 16:03:25 Finished transferring input files
...
001 (323097.020.000) 05/11 16:03:26 Job executing on host: <188.184.133.226:9618?addrs=188.184.133.226-9618+[2001-1458-301-a0--100-239]-9618&noUDP&sock=14664_dcde_3>
...
006 (323097.020.000) 05/11 16:03:35 Image size of job updated: 315632
	225  -  MemoryUsage of job (MB)
	230300  -  ResidentSetSize of job (KB)
...
006 (323097.020.000) 05/11 16:08:36 Image size of job updated: 509204
	496  -  MemoryUsage of job (MB)
	507352  -  ResidentSetSize of job (KB)
...
040 (323097.020.000) 05/11 16:12:41 Started transferring output files
...
040 (323097.020.000) 05/11 16:12:41 Finished transferring output files
...
005 (323097.020.000) 05/11 16:12:41 Job terminated.
	(1) Normal termination (return value 1)
		Usr 0 00:08:05, Sys 0 00:01:03  -  Run Remote Usage
		Usr 0 00:00:00, Sys 0 00:00:00  -  Run Local Usage
		Usr 0 00:08:05, Sys 0 00:01:03  -  Total Remote Usage
		Usr 0 00:00:00, Sys 0 00:00:00  -  Total Local Usage
	8612  -  Run Bytes Sent By Job
	10941  -  Run Bytes Received By Job
	8612  -  Total Bytes Sent By Job
	10941  -  Total Bytes Received By Job
	Partitionable Resources :    Usage  Request Allocated 
	   Cpus                 :                 1           
	   Disk (KB)            :       71        1   2134288 
	   Memory (MB)          :      496     2000      2000 
...
