   TTToSemilepton_powheg_part8   MC  29 chunks


I have 1 taks to process
I'm using the following list of modules DEFAULT_MODULES
this is jobs [('TTToSemilepton_powheg_part8', 'MY_EOS_SPACE/heppyNtuples/TREES_TopDibosonsQCD_94X/TTToSemilepton_powheg_part8/treeProducerWMass/tree.root', 12820812.0, '_Friend_TTToSemilepton_powheg_part8.chunk10', False, xrange(2500000, 2750000), 10)]
Modules to run:  []   name =  puWeight
Loading puWeight from CMGTools.WMass.postprocessing.examples.puWeightProducer 
Running on dataset =  TTToSemilepton_powheg_part8
TFile: name=/afs/cern.ch/work/m/mciprian/w_mass_analysis/heppy/rel_slc7/CMSSW_9_4_12/src/CMGTools/WMass/python/postprocessing/data/pileup/mcPU_2016_W94XnoCutsWithGenWeights_nTrueInt.root, title=, option=READ
TFile: name=/afs/cern.ch/work/m/mciprian/w_mass_analysis/heppy/rel_slc7/CMSSW_9_4_12/src/CMGTools/WMass/python/postprocessing/data/pileup/PileupData_GoldenMuonJSON_Full2016.root, title=, option=READ
Load C++ Worker
Modules to run:  []   name =  muCalibratedWithStatVar
Loading muCalibratedWithStatVar from CMGTools.WMass.postprocessing.examples.lepVarProducer 
Running on dataset =  TTToSemilepton_powheg_part8
did not find EnergyScaleCorrection shared object, rebuilding
trying to load all the rochester correction libraries
did not find legacy data roccor. rebuilding...
done building legacy data roccor.
Modules to run:  []   name =  jetAllReCleaner
Loading jetAllReCleaner from CMGTools.WMass.postprocessing.examples.jetReCleaner 
Running on dataset =  TTToSemilepton_powheg_part8
Load C++ Worker
Modules to run:  []   name =  jetReCleaner
Loading jetReCleaner from CMGTools.WMass.postprocessing.examples.jetReCleaner 
Running on dataset =  TTToSemilepton_powheg_part8
Load C++ Worker
Modules to run:  []   name =  genQEDJets
Loading genQEDJets from CMGTools.WMass.postprocessing.examples.genFriendProducer 
Running on dataset =  TTToSemilepton_powheg_part8
Will write selected trees to MY_EOS_SPACE/heppyNtuples/TREES_TopDibosonsQCD_94X/friends/
Normalization of nTrueInt_Wnopt: 3.68902e+10
Normalization of pileup: 3.68902e+10
Weights for variable nTrueInt_Wnopt with a number of bins equal to 102:
1 0.3634 0.9215 1.196 0.96 1.118 1.157 0.9675 0.9293 0.9192 0.8823 0.9553 1.062 1.116 1.167 1.194 1.2 1.193 1.177 1.14 1.092 1.06 1.047 1.046 1.047 1.048 1.06 1.077 1.092 1.106 1.122 1.108 1.097 1.051 0.992 0.9144 0.8237 0.7175 0.6087 0.5019 0.4029 0.3076 0.2264 0.1622 0.1123 0.07656 0.05052 0.03159 0.01992 0.01212 0.007355 0.004361 0.002593 0.001553 0.0009624 0.0007219 0.0006632 0.0007233 0.0009289 0.001329 0.001772 0.003222 0.004042 0.00487 0.005064 0.005658 0.005309 0.004846 0.004101 0.003977 0.003686 0.003306 0.002672 0.002286 0.001878 0.00167 1 1 1 1 1 1 1 1 1 1 1 1 1 1 1 1 1 1 1 1 1 1 1 1 1 1 .
Final weights: 
1 0.3634 0.9215 1.196 0.96 1.118 1.157 0.9675 0.9293 0.9192 0.8823 0.9553 1.062 1.116 1.167 1.194 1.2 1.193 1.177 1.14 1.092 1.06 1.047 1.046 1.047 1.048 1.06 1.077 1.092 1.106 1.122 1.108 1.097 1.051 0.992 0.9144 0.8237 0.7175 0.6087 0.5019 0.4029 0.3076 0.2264 0.1622 0.1123 0.07656 0.05052 0.03159 0.01992 0.01212 0.007355 0.004361 0.002593 0.001553 0.0009624 0.0007219 0.0006632 0.0007233 0.0009289 0.001329 0.001772 0.003222 0.004042 0.00487 0.005064 0.005658 0.005309 0.004846 0.004101 0.003977 0.003686 0.003306 0.002672 0.002286 0.001878 0.00167 1 1 1 1 1 1 1 1 1 1 1 1 1 1 1 1 1 1 1 1 1 1 1 1 1 1 .
begin job of lepCalProducer
initializing all the rochester correction objects
initializing the egamma calibrator
Processed  2500000/ 7020940 entries (elapsed time     0.4s, curr speed   27.778 kHz, avg speed 6944.444 kHz), accepted        1/       1 events (100.00%)
Processed  2510000/ 7020940 entries (elapsed time    21.5s, curr speed    0.472 kHz, avg speed  116.582 kHz), accepted    10001/   10001 events (100.00%)
Processed  2520000/ 7020940 entries (elapsed time    42.8s, curr speed    0.470 kHz, avg speed   58.851 kHz), accepted    20001/   20001 events (100.00%)
Processed  2530000/ 7020940 entries (elapsed time    64.3s, curr speed    0.466 kHz, avg speed   39.365 kHz), accepted    30001/   30001 events (100.00%)
Processed  2540000/ 7020940 entries (elapsed time    85.8s, curr speed    0.464 kHz, avg speed   29.590 kHz), accepted    40001/   40001 events (100.00%)
Processed  2550000/ 7020940 entries (elapsed time   107.3s, curr speed    0.467 kHz, avg speed   23.774 kHz), accepted    50001/   50001 events (100.00%)
Processed  2560000/ 7020940 entries (elapsed time   128.9s, curr speed    0.463 kHz, avg speed   19.867 kHz), accepted    60001/   60001 events (100.00%)
Processed  2570000/ 7020940 entries (elapsed time   146.7s, curr speed    0.559 kHz, avg speed   17.514 kHz), accepted    70001/   70001 events (100.00%)
Processed  2580000/ 7020940 entries (elapsed time   165.0s, curr speed    0.547 kHz, avg speed   15.635 kHz), accepted    80001/   80001 events (100.00%)
Processed  2590000/ 7020940 entries (elapsed time   183.5s, curr speed    0.542 kHz, avg speed   14.118 kHz), accepted    90001/   90001 events (100.00%)
Processed  2600000/ 7020940 entries (elapsed time   201.6s, curr speed    0.551 kHz, avg speed   12.897 kHz), accepted   100001/  100001 events (100.00%)
Processed  2610000/ 7020940 entries (elapsed time   219.5s, curr speed    0.558 kHz, avg speed   11.891 kHz), accepted   110001/  110001 events (100.00%)
Processed  2620000/ 7020940 entries (elapsed time   259.9s, curr speed    0.248 kHz, avg speed   10.081 kHz), accepted   120001/  120001 events (100.00%)
Processed  2630000/ 7020940 entries (elapsed time   277.8s, curr speed    0.559 kHz, avg speed    9.468 kHz), accepted   130001/  130001 events (100.00%)
Processed  2640000/ 7020940 entries (elapsed time   295.9s, curr speed    0.552 kHz, avg speed    8.922 kHz), accepted   140001/  140001 events (100.00%)
Processed  2650000/ 7020940 entries (elapsed time   313.9s, curr speed    0.555 kHz, avg speed    8.442 kHz), accepted   150001/  150001 events (100.00%)
Processed  2660000/ 7020940 entries (elapsed time   332.3s, curr speed    0.545 kHz, avg speed    8.006 kHz), accepted   160001/  160001 events (100.00%)
Processed  2670000/ 7020940 entries (elapsed time   350.4s, curr speed    0.551 kHz, avg speed    7.620 kHz), accepted   170001/  170001 events (100.00%)
Processed  2680000/ 7020940 entries (elapsed time   390.4s, curr speed    0.250 kHz, avg speed    6.866 kHz), accepted   180001/  180001 events (100.00%)
Processed  2690000/ 7020940 entries (elapsed time   408.3s, curr speed    0.556 kHz, avg speed    6.588 kHz), accepted   190001/  190001 events (100.00%)
Processed  2700000/ 7020940 entries (elapsed time   426.6s, curr speed    0.548 kHz, avg speed    6.329 kHz), accepted   200001/  200001 events (100.00%)
Processed  2710000/ 7020940 entries (elapsed time   444.8s, curr speed    0.550 kHz, avg speed    6.093 kHz), accepted   210001/  210001 events (100.00%)
Processed  2720000/ 7020940 entries (elapsed time   462.8s, curr speed    0.554 kHz, avg speed    5.877 kHz), accepted   220001/  220001 events (100.00%)
Processed  2730000/ 7020940 entries (elapsed time   481.1s, curr speed    0.548 kHz, avg speed    5.674 kHz), accepted   230001/  230001 events (100.00%)
Processed  2740000/ 7020940 entries (elapsed time   520.8s, curr speed    0.252 kHz, avg speed    5.261 kHz), accepted   240001/  240001 events (100.00%)
Processed 250000 entries from MY_EOS_SPACE/heppyNtuples/TREES_TopDibosonsQCD_94X/TTToSemilepton_powheg_part8/treeProducerWMass/tree.root, selected 250000 entries
Done MY_EOS_SPACE/heppyNtuples/TREES_TopDibosonsQCD_94X/friends/tree_Friend_TTToSemilepton_powheg_part8.chunk10.root
