000 (323101.018.000) 05/11 15:55:08 Job submitted from host: <188.184.95.166:9618?addrs=188.184.95.166-9618+[2001-1458-201-e4--100-7a0]-9618&alias=tbird02.cern.ch&noUDP&sock=schedd_2138722_faad_3>
...
040 (323101.018.000) 05/11 16:05:33 Started transferring input files
	Transferring to host: <188.184.186.24:9618?addrs=188.184.186.24-9618+[2001-1458-301-f8--100-1f]-9618&noUDP&sock=3869_cf76_126482>
...
040 (323101.018.000) 05/11 16:05:33 Finished transferring input files
...
001 (323101.018.000) 05/11 16:05:34 Job executing on host: <188.184.186.24:9618?addrs=188.184.186.24-9618+[2001-1458-301-f8--100-1f]-9618&noUDP&sock=2337_90eb_3>
...
006 (323101.018.000) 05/11 16:05:43 Image size of job updated: 313004
	225  -  MemoryUsage of job (MB)
	230352  -  ResidentSetSize of job (KB)
...
006 (323101.018.000) 05/11 16:10:44 Image size of job updated: 511008
	497  -  MemoryUsage of job (MB)
	508144  -  ResidentSetSize of job (KB)
...
040 (323101.018.000) 05/11 16:14:36 Started transferring output files
...
040 (323101.018.000) 05/11 16:14:36 Finished transferring output files
...
005 (323101.018.000) 05/11 16:14:36 Job terminated.
	(1) Normal termination (return value 1)
		Usr 0 00:07:56, Sys 0 00:00:58  -  Run Remote Usage
		Usr 0 00:00:00, Sys 0 00:00:00  -  Run Local Usage
		Usr 0 00:07:56, Sys 0 00:00:58  -  Total Remote Usage
		Usr 0 00:00:00, Sys 0 00:00:00  -  Total Local Usage
	8612  -  Run Bytes Sent By Job
	10941  -  Run Bytes Received By Job
	8612  -  Total Bytes Sent By Job
	10941  -  Total Bytes Received By Job
	Partitionable Resources :    Usage  Request Allocated 
	   Cpus                 :                 1           
	   Disk (KB)            :       71        1   2106739 
	   Memory (MB)          :      497     2000      2000 
...
