000 (323098.005.000) 05/11 15:55:05 Job submitted from host: <188.184.95.166:9618?addrs=188.184.95.166-9618+[2001-1458-201-e4--100-7a0]-9618&alias=tbird02.cern.ch&noUDP&sock=schedd_2138722_faad_3>
...
040 (323098.005.000) 05/11 16:03:59 Started transferring input files
	Transferring to host: <188.184.133.228:9618?addrs=188.184.133.228-9618+[2001-1458-301-a0--100-1f0]-9618&noUDP&sock=12952_9b08_103117>
...
040 (323098.005.000) 05/11 16:03:59 Finished transferring input files
...
001 (323098.005.000) 05/11 16:04:00 Job executing on host: <188.184.133.228:9618?addrs=188.184.133.228-9618+[2001-1458-301-a0--100-1f0]-9618&noUDP&sock=12734_0b16_3>
...
006 (323098.005.000) 05/11 16:04:09 Image size of job updated: 336808
	249  -  MemoryUsage of job (MB)
	254280  -  ResidentSetSize of job (KB)
...
006 (323098.005.000) 05/11 16:09:10 Image size of job updated: 507824
	495  -  MemoryUsage of job (MB)
	506768  -  ResidentSetSize of job (KB)
...
040 (323098.005.000) 05/11 16:13:00 Started transferring output files
...
040 (323098.005.000) 05/11 16:13:00 Finished transferring output files
...
005 (323098.005.000) 05/11 16:13:00 Job terminated.
	(1) Normal termination (return value 1)
		Usr 0 00:07:51, Sys 0 00:01:05  -  Run Remote Usage
		Usr 0 00:00:00, Sys 0 00:00:00  -  Run Local Usage
		Usr 0 00:07:51, Sys 0 00:01:05  -  Total Remote Usage
		Usr 0 00:00:00, Sys 0 00:00:00  -  Total Local Usage
	8608  -  Run Bytes Sent By Job
	10941  -  Run Bytes Received By Job
	8608  -  Total Bytes Sent By Job
	10941  -  Total Bytes Received By Job
	Partitionable Resources :    Usage  Request Allocated 
	   Cpus                 :                 1           
	   Disk (KB)            :       71        1   2190533 
	   Memory (MB)          :      495     2000      2000 
...
