000 (323088.015.000) 05/11 15:54:59 Job submitted from host: <188.184.95.166:9618?addrs=188.184.95.166-9618+[2001-1458-201-e4--100-7a0]-9618&alias=tbird02.cern.ch&noUDP&sock=schedd_2138722_faad_3>
...
040 (323088.015.000) 05/11 15:56:53 Started transferring input files
	Transferring to host: <188.184.186.14:9618?addrs=188.184.186.14-9618+[2001-1458-301-f8--100-9]-9618&noUDP&sock=14648_974d_104>
...
040 (323088.015.000) 05/11 15:56:53 Finished transferring input files
...
001 (323088.015.000) 05/11 15:56:54 Job executing on host: <188.184.186.14:9618?addrs=188.184.186.14-9618+[2001-1458-301-f8--100-9]-9618&noUDP&sock=2355_e99f_3>
...
006 (323088.015.000) 05/11 15:57:03 Image size of job updated: 250664
	180  -  MemoryUsage of job (MB)
	183972  -  ResidentSetSize of job (KB)
...
006 (323088.015.000) 05/11 16:02:04 Image size of job updated: 453200
	378  -  MemoryUsage of job (MB)
	386148  -  ResidentSetSize of job (KB)
...
006 (323088.015.000) 05/11 16:07:04 Image size of job updated: 555024
	477  -  MemoryUsage of job (MB)
	487972  -  ResidentSetSize of job (KB)
...
006 (323088.015.000) 05/11 16:12:05 Image size of job updated: 555640
	478  -  MemoryUsage of job (MB)
	488588  -  ResidentSetSize of job (KB)
...
006 (323088.015.000) 05/11 16:12:58 Image size of job updated: 555700
	478  -  MemoryUsage of job (MB)
	488588  -  ResidentSetSize of job (KB)
...
040 (323088.015.000) 05/11 16:12:58 Started transferring output files
...
040 (323088.015.000) 05/11 16:12:58 Finished transferring output files
...
005 (323088.015.000) 05/11 16:12:58 Job terminated.
	(1) Normal termination (return value 1)
		Usr 0 00:13:53, Sys 0 00:01:27  -  Run Remote Usage
		Usr 0 00:00:00, Sys 0 00:00:00  -  Run Local Usage
		Usr 0 00:13:53, Sys 0 00:01:27  -  Total Remote Usage
		Usr 0 00:00:00, Sys 0 00:00:00  -  Total Local Usage
	8555  -  Run Bytes Sent By Job
	10941  -  Run Bytes Received By Job
	8555  -  Total Bytes Sent By Job
	10941  -  Total Bytes Received By Job
	Partitionable Resources :    Usage  Request Allocated 
	   Cpus                 :     1.00        1         1 
	   Disk (KB)            :    78           1    215693 
	   Memory (MB)          :   478        2000      2000 
...
