000 (323089.023.000) 05/11 15:54:59 Job submitted from host: <188.184.95.166:9618?addrs=188.184.95.166-9618+[2001-1458-201-e4--100-7a0]-9618&alias=tbird02.cern.ch&noUDP&sock=schedd_2138722_faad_3>
...
040 (323089.023.000) 05/11 15:57:01 Started transferring input files
	Transferring to host: <188.184.132.23:9618?addrs=188.184.132.23-9618+[2001-1458-301-a0--100-a]-9618&noUDP&sock=28342_40ba_81>
...
040 (323089.023.000) 05/11 15:57:01 Finished transferring input files
...
001 (323089.023.000) 05/11 15:57:02 Job executing on host: <188.184.132.23:9618?addrs=188.184.132.23-9618+[2001-1458-301-a0--100-a]-9618&noUDP&sock=2412_0285_3>
...
006 (323089.023.000) 05/11 15:57:11 Image size of job updated: 223920
	219  -  MemoryUsage of job (MB)
	223264  -  ResidentSetSize of job (KB)
...
006 (323089.023.000) 05/11 16:02:12 Image size of job updated: 494972
	476  -  MemoryUsage of job (MB)
	486480  -  ResidentSetSize of job (KB)
...
006 (323089.023.000) 05/11 16:07:12 Image size of job updated: 495140
	476  -  MemoryUsage of job (MB)
	486648  -  ResidentSetSize of job (KB)
...
006 (323089.023.000) 05/11 16:08:44 Image size of job updated: 496488
	476  -  MemoryUsage of job (MB)
	486648  -  ResidentSetSize of job (KB)
...
040 (323089.023.000) 05/11 16:08:44 Started transferring output files
...
040 (323089.023.000) 05/11 16:08:44 Finished transferring output files
...
005 (323089.023.000) 05/11 16:08:44 Job terminated.
	(1) Normal termination (return value 1)
		Usr 0 00:10:05, Sys 0 00:01:11  -  Run Remote Usage
		Usr 0 00:00:00, Sys 0 00:00:00  -  Run Local Usage
		Usr 0 00:10:05, Sys 0 00:01:11  -  Total Remote Usage
		Usr 0 00:00:00, Sys 0 00:00:00  -  Total Local Usage
	8556  -  Run Bytes Sent By Job
	10941  -  Run Bytes Received By Job
	8556  -  Total Bytes Sent By Job
	10941  -  Total Bytes Received By Job
	Partitionable Resources :    Usage  Request Allocated 
	   Cpus                 :     1.00        1         1 
	   Disk (KB)            :    78           1    213351 
	   Memory (MB)          :   476        2000      2000 
...
