000 (323090.021.000) 05/11 15:55:00 Job submitted from host: <188.184.95.166:9618?addrs=188.184.95.166-9618+[2001-1458-201-e4--100-7a0]-9618&alias=tbird02.cern.ch&noUDP&sock=schedd_2138722_faad_3>
...
022 (323090.021.000) 05/11 15:57:49 Job disconnected, attempting to reconnect
    Socket between submit and execute hosts closed unexpectedly
    Trying to reconnect to slot1_2@b7g28n0248.cern.ch <188.184.186.21:9618?addrs=188.184.186.21-9618+[2001-1458-301-f8--100-b]-9618&noUDP&sock=2352_dad7_3>
...
024 (323090.021.000) 05/11 15:57:49 Job reconnection failed
    Job not found at execution machine
    Can not reconnect to slot1_2@b7g28n0248.cern.ch, rescheduling job
...
040 (323090.021.000) 05/11 15:59:47 Started transferring input files
	Transferring to host: <188.184.132.43:9618?addrs=188.184.132.43-9618+[2001-1458-301-a0--100-28]-9618&noUDP&sock=5194_648c_77>
...
040 (323090.021.000) 05/11 15:59:47 Finished transferring input files
...
001 (323090.021.000) 05/11 15:59:48 Job executing on host: <188.184.132.43:9618?addrs=188.184.132.43-9618+[2001-1458-301-a0--100-28]-9618&noUDP&sock=2335_31ba_3>
...
006 (323090.021.000) 05/11 15:59:56 Image size of job updated: 201704
	124  -  MemoryUsage of job (MB)
	126388  -  ResidentSetSize of job (KB)
...
006 (323090.021.000) 05/11 16:04:56 Image size of job updated: 512544
	421  -  MemoryUsage of job (MB)
	430224  -  ResidentSetSize of job (KB)
...
006 (323090.021.000) 05/11 16:09:57 Image size of job updated: 569376
	476  -  MemoryUsage of job (MB)
	487056  -  ResidentSetSize of job (KB)
...
006 (323090.021.000) 05/11 16:12:08 Image size of job updated: 892328
	476  -  MemoryUsage of job (MB)
	487056  -  ResidentSetSize of job (KB)
...
040 (323090.021.000) 05/11 16:12:08 Started transferring output files
...
040 (323090.021.000) 05/11 16:12:08 Finished transferring output files
...
005 (323090.021.000) 05/11 16:12:08 Job terminated.
	(1) Normal termination (return value 1)
		Usr 0 00:10:39, Sys 0 00:01:12  -  Run Remote Usage
		Usr 0 00:00:00, Sys 0 00:00:00  -  Run Local Usage
		Usr 0 00:10:39, Sys 0 00:01:12  -  Total Remote Usage
		Usr 0 00:00:00, Sys 0 00:00:00  -  Total Local Usage
	8556  -  Run Bytes Sent By Job
	10941  -  Run Bytes Received By Job
	8556  -  Total Bytes Sent By Job
	10941  -  Total Bytes Received By Job
	Partitionable Resources :    Usage  Request Allocated 
	   Cpus                 :     1.00        1         1 
	   Disk (KB)            :    79           1    211208 
	   Memory (MB)          :   476        2000      2000 
...
