000 (323085.023.000) 05/11 15:54:57 Job submitted from host: <188.184.95.166:9618?addrs=188.184.95.166-9618+[2001-1458-201-e4--100-7a0]-9618&alias=tbird02.cern.ch&noUDP&sock=schedd_2138722_faad_3>
...
040 (323085.023.000) 05/11 15:56:26 Started transferring input files
	Transferring to host: <188.184.186.25:9618?addrs=188.184.186.25-9618+[2001-1458-301-f8--100-22]-9618&noUDP&sock=29456_2aa7_63>
...
040 (323085.023.000) 05/11 15:56:26 Finished transferring input files
...
001 (323085.023.000) 05/11 15:56:27 Job executing on host: <188.184.186.25:9618?addrs=188.184.186.25-9618+[2001-1458-301-f8--100-22]-9618&noUDP&sock=2442_965d_3>
...
006 (323085.023.000) 05/11 15:56:35 Image size of job updated: 247964
	166  -  MemoryUsage of job (MB)
	169052  -  ResidentSetSize of job (KB)
...
006 (323085.023.000) 05/11 16:01:35 Image size of job updated: 425072
	415  -  MemoryUsage of job (MB)
	424716  -  ResidentSetSize of job (KB)
...
006 (323085.023.000) 05/11 16:06:36 Image size of job updated: 491164
	480  -  MemoryUsage of job (MB)
	490808  -  ResidentSetSize of job (KB)
...
006 (323085.023.000) 05/11 16:09:46 Image size of job updated: 492820
	480  -  MemoryUsage of job (MB)
	490808  -  ResidentSetSize of job (KB)
...
040 (323085.023.000) 05/11 16:09:46 Started transferring output files
...
040 (323085.023.000) 05/11 16:09:46 Finished transferring output files
...
005 (323085.023.000) 05/11 16:09:46 Job terminated.
	(1) Normal termination (return value 1)
		Usr 0 00:11:29, Sys 0 00:01:17  -  Run Remote Usage
		Usr 0 00:00:00, Sys 0 00:00:00  -  Run Local Usage
		Usr 0 00:11:29, Sys 0 00:01:17  -  Total Remote Usage
		Usr 0 00:00:00, Sys 0 00:00:00  -  Total Local Usage
	8556  -  Run Bytes Sent By Job
	10941  -  Run Bytes Received By Job
	8556  -  Total Bytes Sent By Job
	10941  -  Total Bytes Received By Job
	Partitionable Resources :    Usage  Request Allocated 
	   Cpus                 :     0.99        1         1 
	   Disk (KB)            :    78           1    220778 
	   Memory (MB)          :   480        2000      2000 
...
