000 (323083.004.000) 05/11 15:54:56 Job submitted from host: <188.184.95.166:9618?addrs=188.184.95.166-9618+[2001-1458-201-e4--100-7a0]-9618&alias=tbird02.cern.ch&noUDP&sock=schedd_2138722_faad_3>
...
040 (323083.004.000) 05/11 15:55:59 Started transferring input files
	Transferring to host: <188.184.207.252:9618?addrs=188.184.207.252-9618+[2001-1458-301-7d--100-540]-9618&noUDP&sock=2922_9030_75854>
...
040 (323083.004.000) 05/11 15:55:59 Finished transferring input files
...
001 (323083.004.000) 05/11 15:56:00 Job executing on host: <188.184.207.252:9618?addrs=188.184.207.252-9618+[2001-1458-301-7d--100-540]-9618&noUDP&sock=2259_1088_3>
...
006 (323083.004.000) 05/11 15:56:09 Image size of job updated: 173584
	103  -  MemoryUsage of job (MB)
	104760  -  ResidentSetSize of job (KB)
...
006 (323083.004.000) 05/11 16:01:09 Image size of job updated: 571684
	475  -  MemoryUsage of job (MB)
	485924  -  ResidentSetSize of job (KB)
...
006 (323083.004.000) 05/11 16:05:33 Image size of job updated: 891140
	475  -  MemoryUsage of job (MB)
	485924  -  ResidentSetSize of job (KB)
...
040 (323083.004.000) 05/11 16:05:33 Started transferring output files
...
040 (323083.004.000) 05/11 16:05:33 Finished transferring output files
...
005 (323083.004.000) 05/11 16:05:33 Job terminated.
	(1) Normal termination (return value 1)
		Usr 0 00:08:17, Sys 0 00:01:04  -  Run Remote Usage
		Usr 0 00:00:00, Sys 0 00:00:00  -  Run Local Usage
		Usr 0 00:08:17, Sys 0 00:01:04  -  Total Remote Usage
		Usr 0 00:00:00, Sys 0 00:00:00  -  Total Local Usage
	8552  -  Run Bytes Sent By Job
	10941  -  Run Bytes Received By Job
	8552  -  Total Bytes Sent By Job
	10941  -  Total Bytes Received By Job
	Partitionable Resources :    Usage  Request Allocated 
	   Cpus                 :                 1           
	   Disk (KB)            :       71        1   2164726 
	   Memory (MB)          :      475     2000      2000 
...
