   TTToSemilepton_powheg_part9   MC  29 chunks


I have 1 taks to process
I'm using the following list of modules DEFAULT_MODULES
this is jobs [('TTToSemilepton_powheg_part9', 'MY_EOS_SPACE/heppyNtuples/TREES_TopDibosonsQCD_94X/TTToSemilepton_powheg_part9/treeProducerWMass/tree.root', 13182392.0, '_Friend_TTToSemilepton_powheg_part9.chunk4', False, xrange(1000000, 1250000), 4)]
Modules to run:  []   name =  puWeight
Loading puWeight from CMGTools.WMass.postprocessing.examples.puWeightProducer 
Running on dataset =  TTToSemilepton_powheg_part9
TFile: name=/afs/cern.ch/work/m/mciprian/w_mass_analysis/heppy/rel_slc7/CMSSW_9_4_12/src/CMGTools/WMass/python/postprocessing/data/pileup/mcPU_2016_W94XnoCutsWithGenWeights_nTrueInt.root, title=, option=READ
TFile: name=/afs/cern.ch/work/m/mciprian/w_mass_analysis/heppy/rel_slc7/CMSSW_9_4_12/src/CMGTools/WMass/python/postprocessing/data/pileup/PileupData_GoldenMuonJSON_Full2016.root, title=, option=READ
Load C++ Worker
Modules to run:  []   name =  muCalibratedWithStatVar
Loading muCalibratedWithStatVar from CMGTools.WMass.postprocessing.examples.lepVarProducer 
Running on dataset =  TTToSemilepton_powheg_part9
did not find EnergyScaleCorrection shared object, rebuilding
trying to load all the rochester correction libraries
did not find legacy data roccor. rebuilding...
done building legacy data roccor.
Modules to run:  []   name =  jetAllReCleaner
Loading jetAllReCleaner from CMGTools.WMass.postprocessing.examples.jetReCleaner 
Running on dataset =  TTToSemilepton_powheg_part9
Load C++ Worker
Modules to run:  []   name =  jetReCleaner
Loading jetReCleaner from CMGTools.WMass.postprocessing.examples.jetReCleaner 
Running on dataset =  TTToSemilepton_powheg_part9
Load C++ Worker
Modules to run:  []   name =  genQEDJets
Loading genQEDJets from CMGTools.WMass.postprocessing.examples.genFriendProducer 
Running on dataset =  TTToSemilepton_powheg_part9
Will write selected trees to MY_EOS_SPACE/heppyNtuples/TREES_TopDibosonsQCD_94X/friends/
Normalization of nTrueInt_Wnopt: 3.68902e+10
Normalization of pileup: 3.68902e+10
Weights for variable nTrueInt_Wnopt with a number of bins equal to 102:
1 0.3634 0.9215 1.196 0.96 1.118 1.157 0.9675 0.9293 0.9192 0.8823 0.9553 1.062 1.116 1.167 1.194 1.2 1.193 1.177 1.14 1.092 1.06 1.047 1.046 1.047 1.048 1.06 1.077 1.092 1.106 1.122 1.108 1.097 1.051 0.992 0.9144 0.8237 0.7175 0.6087 0.5019 0.4029 0.3076 0.2264 0.1622 0.1123 0.07656 0.05052 0.03159 0.01992 0.01212 0.007355 0.004361 0.002593 0.001553 0.0009624 0.0007219 0.0006632 0.0007233 0.0009289 0.001329 0.001772 0.003222 0.004042 0.00487 0.005064 0.005658 0.005309 0.004846 0.004101 0.003977 0.003686 0.003306 0.002672 0.002286 0.001878 0.00167 1 1 1 1 1 1 1 1 1 1 1 1 1 1 1 1 1 1 1 1 1 1 1 1 1 1 .
Final weights: 
1 0.3634 0.9215 1.196 0.96 1.118 1.157 0.9675 0.9293 0.9192 0.8823 0.9553 1.062 1.116 1.167 1.194 1.2 1.193 1.177 1.14 1.092 1.06 1.047 1.046 1.047 1.048 1.06 1.077 1.092 1.106 1.122 1.108 1.097 1.051 0.992 0.9144 0.8237 0.7175 0.6087 0.5019 0.4029 0.3076 0.2264 0.1622 0.1123 0.07656 0.05052 0.03159 0.01992 0.01212 0.007355 0.004361 0.002593 0.001553 0.0009624 0.0007219 0.0006632 0.0007233 0.0009289 0.001329 0.001772 0.003222 0.004042 0.00487 0.005064 0.005658 0.005309 0.004846 0.004101 0.003977 0.003686 0.003306 0.002672 0.002286 0.001878 0.00167 1 1 1 1 1 1 1 1 1 1 1 1 1 1 1 1 1 1 1 1 1 1 1 1 1 1 .
begin job of lepCalProducer
initializing all the rochester correction objects
initializing the egamma calibrator
Processed  1000000/ 7222803 entries (elapsed time     0.3s, curr speed   38.462 kHz, avg speed 3846.154 kHz), accepted        1/       1 events (100.00%)
Processed  1010000/ 7222803 entries (elapsed time    20.8s, curr speed    0.488 kHz, avg speed   48.628 kHz), accepted    10001/   10001 events (100.00%)
Processed  1020000/ 7222803 entries (elapsed time    41.3s, curr speed    0.486 kHz, avg speed   24.679 kHz), accepted    20001/   20001 events (100.00%)
Processed  1030000/ 7222803 entries (elapsed time    62.2s, curr speed    0.478 kHz, avg speed   16.552 kHz), accepted    30001/   30001 events (100.00%)
Processed  1040000/ 7222803 entries (elapsed time    82.7s, curr speed    0.489 kHz, avg speed   12.579 kHz), accepted    40001/   40001 events (100.00%)
Processed  1050000/ 7222803 entries (elapsed time   102.7s, curr speed    0.500 kHz, avg speed   10.224 kHz), accepted    50001/   50001 events (100.00%)
Processed  1060000/ 7222803 entries (elapsed time   123.0s, curr speed    0.492 kHz, avg speed    8.617 kHz), accepted    60001/   60001 events (100.00%)
Processed  1070000/ 7222803 entries (elapsed time   140.3s, curr speed    0.578 kHz, avg speed    7.625 kHz), accepted    70001/   70001 events (100.00%)
Processed  1080000/ 7222803 entries (elapsed time   157.5s, curr speed    0.581 kHz, avg speed    6.856 kHz), accepted    80001/   80001 events (100.00%)
Processed  1090000/ 7222803 entries (elapsed time   175.0s, curr speed    0.572 kHz, avg speed    6.229 kHz), accepted    90001/   90001 events (100.00%)
Processed  1100000/ 7222803 entries (elapsed time   192.6s, curr speed    0.569 kHz, avg speed    5.712 kHz), accepted   100001/  100001 events (100.00%)
Processed  1110000/ 7222803 entries (elapsed time   210.1s, curr speed    0.572 kHz, avg speed    5.284 kHz), accepted   110001/  110001 events (100.00%)
Processed  1120000/ 7222803 entries (elapsed time   247.1s, curr speed    0.270 kHz, avg speed    4.533 kHz), accepted   120001/  120001 events (100.00%)
Processed  1130000/ 7222803 entries (elapsed time   263.7s, curr speed    0.601 kHz, avg speed    4.285 kHz), accepted   130001/  130001 events (100.00%)
Processed  1140000/ 7222803 entries (elapsed time   280.3s, curr speed    0.602 kHz, avg speed    4.067 kHz), accepted   140001/  140001 events (100.00%)
Processed  1150000/ 7222803 entries (elapsed time   296.9s, curr speed    0.602 kHz, avg speed    3.873 kHz), accepted   150001/  150001 events (100.00%)
Processed  1160000/ 7222803 entries (elapsed time   313.2s, curr speed    0.613 kHz, avg speed    3.703 kHz), accepted   160001/  160001 events (100.00%)
Processed  1170000/ 7222803 entries (elapsed time   328.9s, curr speed    0.637 kHz, avg speed    3.557 kHz), accepted   170001/  170001 events (100.00%)
Processed  1180000/ 7222803 entries (elapsed time   364.0s, curr speed    0.285 kHz, avg speed    3.242 kHz), accepted   180001/  180001 events (100.00%)
Processed  1190000/ 7222803 entries (elapsed time   379.0s, curr speed    0.664 kHz, avg speed    3.140 kHz), accepted   190001/  190001 events (100.00%)
Processed  1200000/ 7222803 entries (elapsed time   394.1s, curr speed    0.664 kHz, avg speed    3.045 kHz), accepted   200001/  200001 events (100.00%)
Processed  1210000/ 7222803 entries (elapsed time   410.0s, curr speed    0.630 kHz, avg speed    2.951 kHz), accepted   210001/  210001 events (100.00%)
Processed  1220000/ 7222803 entries (elapsed time   425.7s, curr speed    0.637 kHz, avg speed    2.866 kHz), accepted   220001/  220001 events (100.00%)
Processed  1230000/ 7222803 entries (elapsed time   440.9s, curr speed    0.656 kHz, avg speed    2.790 kHz), accepted   230001/  230001 events (100.00%)
Processed  1240000/ 7222803 entries (elapsed time   474.3s, curr speed    0.299 kHz, avg speed    2.614 kHz), accepted   240001/  240001 events (100.00%)
Processed 250000 entries from MY_EOS_SPACE/heppyNtuples/TREES_TopDibosonsQCD_94X/TTToSemilepton_powheg_part9/treeProducerWMass/tree.root, selected 250000 entries
Done MY_EOS_SPACE/heppyNtuples/TREES_TopDibosonsQCD_94X/friends/tree_Friend_TTToSemilepton_powheg_part9.chunk4.root
