   TTToSemilepton_powheg_part12   MC  28 chunks


I have 1 taks to process
I'm using the following list of modules DEFAULT_MODULES
this is jobs [('TTToSemilepton_powheg_part12', 'MY_EOS_SPACE/heppyNtuples/TREES_TopDibosonsQCD_94X/TTToSemilepton_powheg_part12/treeProducerWMass/tree.root', 12768864.0, '_Friend_TTToSemilepton_powheg_part12.chunk0', False, xrange(250000), 0)]
Modules to run:  []   name =  puWeight
Loading puWeight from CMGTools.WMass.postprocessing.examples.puWeightProducer 
Running on dataset =  TTToSemilepton_powheg_part12
TFile: name=/afs/cern.ch/work/m/mciprian/w_mass_analysis/heppy/rel_slc7/CMSSW_9_4_12/src/CMGTools/WMass/python/postprocessing/data/pileup/mcPU_2016_W94XnoCutsWithGenWeights_nTrueInt.root, title=, option=READ
TFile: name=/afs/cern.ch/work/m/mciprian/w_mass_analysis/heppy/rel_slc7/CMSSW_9_4_12/src/CMGTools/WMass/python/postprocessing/data/pileup/PileupData_GoldenMuonJSON_Full2016.root, title=, option=READ
Load C++ Worker
Modules to run:  []   name =  muCalibratedWithStatVar
Loading muCalibratedWithStatVar from CMGTools.WMass.postprocessing.examples.lepVarProducer 
Running on dataset =  TTToSemilepton_powheg_part12
did not find EnergyScaleCorrection shared object, rebuilding
trying to load all the rochester correction libraries
did not find legacy data roccor. rebuilding...
done building legacy data roccor.
Modules to run:  []   name =  jetAllReCleaner
Loading jetAllReCleaner from CMGTools.WMass.postprocessing.examples.jetReCleaner 
Running on dataset =  TTToSemilepton_powheg_part12
Load C++ Worker
Modules to run:  []   name =  jetReCleaner
Loading jetReCleaner from CMGTools.WMass.postprocessing.examples.jetReCleaner 
Running on dataset =  TTToSemilepton_powheg_part12
Load C++ Worker
Modules to run:  []   name =  genQEDJets
Loading genQEDJets from CMGTools.WMass.postprocessing.examples.genFriendProducer 
Running on dataset =  TTToSemilepton_powheg_part12
Will write selected trees to MY_EOS_SPACE/heppyNtuples/TREES_TopDibosonsQCD_94X/friends/
Normalization of nTrueInt_Wnopt: 3.68902e+10
Normalization of pileup: 3.68902e+10
Weights for variable nTrueInt_Wnopt with a number of bins equal to 102:
1 0.3634 0.9215 1.196 0.96 1.118 1.157 0.9675 0.9293 0.9192 0.8823 0.9553 1.062 1.116 1.167 1.194 1.2 1.193 1.177 1.14 1.092 1.06 1.047 1.046 1.047 1.048 1.06 1.077 1.092 1.106 1.122 1.108 1.097 1.051 0.992 0.9144 0.8237 0.7175 0.6087 0.5019 0.4029 0.3076 0.2264 0.1622 0.1123 0.07656 0.05052 0.03159 0.01992 0.01212 0.007355 0.004361 0.002593 0.001553 0.0009624 0.0007219 0.0006632 0.0007233 0.0009289 0.001329 0.001772 0.003222 0.004042 0.00487 0.005064 0.005658 0.005309 0.004846 0.004101 0.003977 0.003686 0.003306 0.002672 0.002286 0.001878 0.00167 1 1 1 1 1 1 1 1 1 1 1 1 1 1 1 1 1 1 1 1 1 1 1 1 1 1 .
Final weights: 
1 0.3634 0.9215 1.196 0.96 1.118 1.157 0.9675 0.9293 0.9192 0.8823 0.9553 1.062 1.116 1.167 1.194 1.2 1.193 1.177 1.14 1.092 1.06 1.047 1.046 1.047 1.048 1.06 1.077 1.092 1.106 1.122 1.108 1.097 1.051 0.992 0.9144 0.8237 0.7175 0.6087 0.5019 0.4029 0.3076 0.2264 0.1622 0.1123 0.07656 0.05052 0.03159 0.01992 0.01212 0.007355 0.004361 0.002593 0.001553 0.0009624 0.0007219 0.0006632 0.0007233 0.0009289 0.001329 0.001772 0.003222 0.004042 0.00487 0.005064 0.005658 0.005309 0.004846 0.004101 0.003977 0.003686 0.003306 0.002672 0.002286 0.001878 0.00167 1 1 1 1 1 1 1 1 1 1 1 1 1 1 1 1 1 1 1 1 1 1 1 1 1 1 .
begin job of lepCalProducer
initializing all the rochester correction objects
initializing the egamma calibrator
Processed    10000/ 6990142 entries (elapsed time    32.8s, curr speed    0.305 kHz, avg speed    0.305 kHz), accepted    10001/   10001 events (100.00%)
Processed    20000/ 6990142 entries (elapsed time    65.4s, curr speed    0.307 kHz, avg speed    0.306 kHz), accepted    20001/   20001 events (100.00%)
Processed    30000/ 6990142 entries (elapsed time    98.0s, curr speed    0.307 kHz, avg speed    0.306 kHz), accepted    30001/   30001 events (100.00%)
Processed    40000/ 6990142 entries (elapsed time   131.7s, curr speed    0.296 kHz, avg speed    0.304 kHz), accepted    40001/   40001 events (100.00%)
Processed    50000/ 6990142 entries (elapsed time   163.2s, curr speed    0.318 kHz, avg speed    0.306 kHz), accepted    50001/   50001 events (100.00%)
Processed    60000/ 6990142 entries (elapsed time   196.7s, curr speed    0.299 kHz, avg speed    0.305 kHz), accepted    60001/   60001 events (100.00%)
Processed    70000/ 6990142 entries (elapsed time   225.1s, curr speed    0.351 kHz, avg speed    0.311 kHz), accepted    70001/   70001 events (100.00%)
Processed    80000/ 6990142 entries (elapsed time   253.4s, curr speed    0.353 kHz, avg speed    0.316 kHz), accepted    80001/   80001 events (100.00%)
Processed    90000/ 6990142 entries (elapsed time   281.1s, curr speed    0.361 kHz, avg speed    0.320 kHz), accepted    90001/   90001 events (100.00%)
Processed   100000/ 6990142 entries (elapsed time   309.2s, curr speed    0.355 kHz, avg speed    0.323 kHz), accepted   100001/  100001 events (100.00%)
Processed   110000/ 6990142 entries (elapsed time   338.1s, curr speed    0.347 kHz, avg speed    0.325 kHz), accepted   110001/  110001 events (100.00%)
Processed   120000/ 6990142 entries (elapsed time   398.3s, curr speed    0.166 kHz, avg speed    0.301 kHz), accepted   120001/  120001 events (100.00%)
Processed   130000/ 6990142 entries (elapsed time   426.8s, curr speed    0.351 kHz, avg speed    0.305 kHz), accepted   130001/  130001 events (100.00%)
Processed   140000/ 6990142 entries (elapsed time   454.6s, curr speed    0.360 kHz, avg speed    0.308 kHz), accepted   140001/  140001 events (100.00%)
Processed   150000/ 6990142 entries (elapsed time   482.4s, curr speed    0.359 kHz, avg speed    0.311 kHz), accepted   150001/  150001 events (100.00%)
Processed   160000/ 6990142 entries (elapsed time   511.1s, curr speed    0.349 kHz, avg speed    0.313 kHz), accepted   160001/  160001 events (100.00%)
Processed   170000/ 6990142 entries (elapsed time   538.7s, curr speed    0.362 kHz, avg speed    0.316 kHz), accepted   170001/  170001 events (100.00%)
Processed   180000/ 6990142 entries (elapsed time   598.4s, curr speed    0.167 kHz, avg speed    0.301 kHz), accepted   180001/  180001 events (100.00%)
Processed   190000/ 6990142 entries (elapsed time   626.2s, curr speed    0.359 kHz, avg speed    0.303 kHz), accepted   190001/  190001 events (100.00%)
Processed   200000/ 6990142 entries (elapsed time   655.2s, curr speed    0.346 kHz, avg speed    0.305 kHz), accepted   200001/  200001 events (100.00%)
Processed   210000/ 6990142 entries (elapsed time   684.1s, curr speed    0.346 kHz, avg speed    0.307 kHz), accepted   210001/  210001 events (100.00%)
Processed   220000/ 6990142 entries (elapsed time   710.2s, curr speed    0.383 kHz, avg speed    0.310 kHz), accepted   220001/  220001 events (100.00%)
Processed   230000/ 6990142 entries (elapsed time   734.6s, curr speed    0.409 kHz, avg speed    0.313 kHz), accepted   230001/  230001 events (100.00%)
Processed   240000/ 6990142 entries (elapsed time   785.1s, curr speed    0.198 kHz, avg speed    0.306 kHz), accepted   240001/  240001 events (100.00%)
Processed 250000 entries from MY_EOS_SPACE/heppyNtuples/TREES_TopDibosonsQCD_94X/TTToSemilepton_powheg_part12/treeProducerWMass/tree.root, selected 250000 entries
Done MY_EOS_SPACE/heppyNtuples/TREES_TopDibosonsQCD_94X/friends/tree_Friend_TTToSemilepton_powheg_part12.chunk0.root
