000 (323093.024.000) 05/11 15:55:02 Job submitted from host: <188.184.95.166:9618?addrs=188.184.95.166-9618+[2001-1458-201-e4--100-7a0]-9618&alias=tbird02.cern.ch&noUDP&sock=schedd_2138722_faad_3>
...
040 (323093.024.000) 05/11 15:59:44 Started transferring input files
	Transferring to host: <188.184.207.149:9618?addrs=188.184.207.149-9618+[2001-1458-301-7d--100-47c]-9618&noUDP&sock=24621_78c2_84>
...
040 (323093.024.000) 05/11 15:59:44 Finished transferring input files
...
001 (323093.024.000) 05/11 15:59:45 Job executing on host: <188.184.207.149:9618?addrs=188.184.207.149-9618+[2001-1458-301-7d--100-47c]-9618&noUDP&sock=2317_d906_3>
...
006 (323093.024.000) 05/11 15:59:54 Image size of job updated: 132432
	126  -  MemoryUsage of job (MB)
	129016  -  ResidentSetSize of job (KB)
...
006 (323093.024.000) 05/11 16:04:55 Image size of job updated: 419504
	406  -  MemoryUsage of job (MB)
	415340  -  ResidentSetSize of job (KB)
...
006 (323093.024.000) 05/11 16:09:55 Image size of job updated: 514200
	499  -  MemoryUsage of job (MB)
	510036  -  ResidentSetSize of job (KB)
...
040 (323093.024.000) 05/11 16:12:10 Started transferring output files
...
040 (323093.024.000) 05/11 16:12:10 Finished transferring output files
...
005 (323093.024.000) 05/11 16:12:10 Job terminated.
	(1) Normal termination (return value 1)
		Usr 0 00:10:33, Sys 0 00:01:13  -  Run Remote Usage
		Usr 0 00:00:00, Sys 0 00:00:00  -  Run Local Usage
		Usr 0 00:10:33, Sys 0 00:01:13  -  Total Remote Usage
		Usr 0 00:00:00, Sys 0 00:00:00  -  Total Local Usage
	8161  -  Run Bytes Sent By Job
	10941  -  Run Bytes Received By Job
	8161  -  Total Bytes Sent By Job
	10941  -  Total Bytes Received By Job
	Partitionable Resources :    Usage  Request Allocated 
	   Cpus                 :     0.94        1         1 
	   Disk (KB)            :    77           1    217238 
	   Memory (MB)          :   499        2000      2000 
...
