000 (323097.022.000) 05/11 15:55:04 Job submitted from host: <188.184.95.166:9618?addrs=188.184.95.166-9618+[2001-1458-201-e4--100-7a0]-9618&alias=tbird02.cern.ch&noUDP&sock=schedd_2138722_faad_3>
...
040 (323097.022.000) 05/11 16:03:26 Started transferring input files
	Transferring to host: <137.138.51.199:9618?addrs=137.138.51.199-9618+[--1]-9618&noUDP&sock=2524_22e0_1983>
...
040 (323097.022.000) 05/11 16:03:26 Finished transferring input files
...
001 (323097.022.000) 05/11 16:03:27 Job executing on host: <137.138.51.199:9618?addrs=137.138.51.199-9618+[--1]-9618&noUDP&sock=1480_bc41_3>
...
006 (323097.022.000) 05/11 16:03:36 Image size of job updated: 317860
	230  -  MemoryUsage of job (MB)
	235248  -  ResidentSetSize of job (KB)
...
006 (323097.022.000) 05/11 16:08:37 Image size of job updated: 509696
	496  -  MemoryUsage of job (MB)
	507828  -  ResidentSetSize of job (KB)
...
040 (323097.022.000) 05/11 16:12:28 Started transferring output files
...
040 (323097.022.000) 05/11 16:12:28 Finished transferring output files
...
005 (323097.022.000) 05/11 16:12:28 Job terminated.
	(1) Normal termination (return value 1)
		Usr 0 00:07:27, Sys 0 00:01:03  -  Run Remote Usage
		Usr 0 00:00:00, Sys 0 00:00:00  -  Run Local Usage
		Usr 0 00:07:27, Sys 0 00:01:03  -  Total Remote Usage
		Usr 0 00:00:00, Sys 0 00:00:00  -  Total Local Usage
	13920  -  Run Bytes Sent By Job
	10941  -  Run Bytes Received By Job
	13920  -  Total Bytes Sent By Job
	10941  -  Total Bytes Received By Job
	Partitionable Resources :    Usage  Request Allocated 
	   Cpus                 :                 1           
	   Disk (KB)            :       73        1   2177968 
	   Memory (MB)          :      496     2000      2000 
...
