000 (323086.020.000) 05/11 15:54:57 Job submitted from host: <188.184.95.166:9618?addrs=188.184.95.166-9618+[2001-1458-201-e4--100-7a0]-9618&alias=tbird02.cern.ch&noUDP&sock=schedd_2138722_faad_3>
...
040 (323086.020.000) 05/11 15:56:35 Started transferring input files
	Transferring to host: <188.184.132.30:9618?addrs=188.184.132.30-9618+[2001-1458-301-a0--100-16]-9618&noUDP&sock=3484_8b07_126378>
...
040 (323086.020.000) 05/11 15:56:35 Finished transferring input files
...
001 (323086.020.000) 05/11 15:56:36 Job executing on host: <188.184.132.30:9618?addrs=188.184.132.30-9618+[2001-1458-301-a0--100-16]-9618&noUDP&sock=2340_9fb4_3>
...
006 (323086.020.000) 05/11 15:56:44 Image size of job updated: 254308
	172  -  MemoryUsage of job (MB)
	175396  -  ResidentSetSize of job (KB)
...
006 (323086.020.000) 05/11 16:01:44 Image size of job updated: 488408
	477  -  MemoryUsage of job (MB)
	487952  -  ResidentSetSize of job (KB)
...
006 (323086.020.000) 05/11 16:05:02 Image size of job updated: 488668
	477  -  MemoryUsage of job (MB)
	487952  -  ResidentSetSize of job (KB)
...
040 (323086.020.000) 05/11 16:05:02 Started transferring output files
...
040 (323086.020.000) 05/11 16:05:02 Finished transferring output files
...
005 (323086.020.000) 05/11 16:05:02 Job terminated.
	(1) Normal termination (return value 1)
		Usr 0 00:07:24, Sys 0 00:00:55  -  Run Remote Usage
		Usr 0 00:00:00, Sys 0 00:00:00  -  Run Local Usage
		Usr 0 00:07:24, Sys 0 00:00:55  -  Total Remote Usage
		Usr 0 00:00:00, Sys 0 00:00:00  -  Total Local Usage
	8556  -  Run Bytes Sent By Job
	10941  -  Run Bytes Received By Job
	8556  -  Total Bytes Sent By Job
	10941  -  Total Bytes Received By Job
	Partitionable Resources :    Usage  Request Allocated 
	   Cpus                 :                 1           
	   Disk (KB)            :       71        1   2178979 
	   Memory (MB)          :      477     2000      2000 
...
