000 (323090.015.000) 05/11 15:55:00 Job submitted from host: <188.184.95.166:9618?addrs=188.184.95.166-9618+[2001-1458-201-e4--100-7a0]-9618&alias=tbird02.cern.ch&noUDP&sock=schedd_2138722_faad_3>
...
040 (323090.015.000) 05/11 15:57:10 Started transferring input files
	Transferring to host: <188.184.132.49:9618?addrs=188.184.132.49-9618+[2001-1458-301-a0--100-2b]-9618&noUDP&sock=18952_25fc_71>
...
040 (323090.015.000) 05/11 15:57:10 Finished transferring input files
...
001 (323090.015.000) 05/11 15:57:11 Job executing on host: <188.184.132.49:9618?addrs=188.184.132.49-9618+[2001-1458-301-a0--100-2b]-9618&noUDP&sock=2448_b3ee_3>
...
006 (323090.015.000) 05/11 15:57:20 Image size of job updated: 256580
	215  -  MemoryUsage of job (MB)
	220020  -  ResidentSetSize of job (KB)
...
006 (323090.015.000) 05/11 16:02:21 Image size of job updated: 521072
	474  -  MemoryUsage of job (MB)
	484396  -  ResidentSetSize of job (KB)
...
006 (323090.015.000) 05/11 16:07:22 Image size of job updated: 525692
	478  -  MemoryUsage of job (MB)
	489016  -  ResidentSetSize of job (KB)
...
040 (323090.015.000) 05/11 16:09:19 Started transferring output files
...
040 (323090.015.000) 05/11 16:09:19 Finished transferring output files
...
005 (323090.015.000) 05/11 16:09:19 Job terminated.
	(1) Normal termination (return value 1)
		Usr 0 00:10:25, Sys 0 00:01:12  -  Run Remote Usage
		Usr 0 00:00:00, Sys 0 00:00:00  -  Run Local Usage
		Usr 0 00:10:25, Sys 0 00:01:12  -  Total Remote Usage
		Usr 0 00:00:00, Sys 0 00:00:00  -  Total Local Usage
	8555  -  Run Bytes Sent By Job
	10941  -  Run Bytes Received By Job
	8555  -  Total Bytes Sent By Job
	10941  -  Total Bytes Received By Job
	Partitionable Resources :    Usage  Request Allocated 
	   Cpus                 :     0.99        1         1 
	   Disk (KB)            :    78           1    211229 
	   Memory (MB)          :   478        2000      2000 
...
