000 (323091.020.000) 05/11 15:55:01 Job submitted from host: <188.184.95.166:9618?addrs=188.184.95.166-9618+[2001-1458-201-e4--100-7a0]-9618&alias=tbird02.cern.ch&noUDP&sock=schedd_2138722_faad_3>
...
040 (323091.020.000) 05/11 15:57:59 Started transferring input files
	Transferring to host: <188.184.186.47:9618?addrs=188.184.186.47-9618+[2001-1458-301-f8--100-1c]-9618&noUDP&sock=3834_2655_126912>
...
040 (323091.020.000) 05/11 15:57:59 Finished transferring input files
...
001 (323091.020.000) 05/11 15:58:00 Job executing on host: <188.184.186.47:9618?addrs=188.184.186.47-9618+[2001-1458-301-f8--100-1c]-9618&noUDP&sock=2342_fee4_3>
...
006 (323091.020.000) 05/11 15:58:09 Image size of job updated: 314836
	227  -  MemoryUsage of job (MB)
	232044  -  ResidentSetSize of job (KB)
...
006 (323091.020.000) 05/11 16:03:10 Image size of job updated: 590684
	496  -  MemoryUsage of job (MB)
	507728  -  ResidentSetSize of job (KB)
...
040 (323091.020.000) 05/11 16:06:54 Started transferring output files
...
040 (323091.020.000) 05/11 16:06:54 Finished transferring output files
...
005 (323091.020.000) 05/11 16:06:54 Job terminated.
	(1) Normal termination (return value 1)
		Usr 0 00:07:47, Sys 0 00:00:59  -  Run Remote Usage
		Usr 0 00:00:00, Sys 0 00:00:00  -  Run Local Usage
		Usr 0 00:07:47, Sys 0 00:00:59  -  Total Remote Usage
		Usr 0 00:00:00, Sys 0 00:00:00  -  Total Local Usage
	8612  -  Run Bytes Sent By Job
	10941  -  Run Bytes Received By Job
	8612  -  Total Bytes Sent By Job
	10941  -  Total Bytes Received By Job
	Partitionable Resources :    Usage  Request Allocated 
	   Cpus                 :                 1           
	   Disk (KB)            :       71        1   2208398 
	   Memory (MB)          :      496     2000      2000 
...
