000 (323098.013.000) 05/11 15:55:05 Job submitted from host: <188.184.95.166:9618?addrs=188.184.95.166-9618+[2001-1458-201-e4--100-7a0]-9618&alias=tbird02.cern.ch&noUDP&sock=schedd_2138722_faad_3>
...
040 (323098.013.000) 05/11 16:04:09 Started transferring input files
	Transferring to host: <188.184.133.213:9618?addrs=188.184.133.213-9618+[--1]-9618&noUDP&sock=3403_78a3_9455>
...
040 (323098.013.000) 05/11 16:04:09 Finished transferring input files
...
001 (323098.013.000) 05/11 16:04:10 Job executing on host: <188.184.133.213:9618?addrs=188.184.133.213-9618+[--1]-9618&noUDP&sock=2278_18d5_3>
...
006 (323098.013.000) 05/11 16:04:18 Image size of job updated: 327812
	239  -  MemoryUsage of job (MB)
	244356  -  ResidentSetSize of job (KB)
...
006 (323098.013.000) 05/11 16:09:18 Image size of job updated: 592056
	497  -  MemoryUsage of job (MB)
	508548  -  ResidentSetSize of job (KB)
...
040 (323098.013.000) 05/11 16:12:32 Started transferring output files
...
040 (323098.013.000) 05/11 16:12:32 Finished transferring output files
...
005 (323098.013.000) 05/11 16:12:32 Job terminated.
	(1) Normal termination (return value 1)
		Usr 0 00:07:13, Sys 0 00:01:02  -  Run Remote Usage
		Usr 0 00:00:00, Sys 0 00:00:00  -  Run Local Usage
		Usr 0 00:07:13, Sys 0 00:01:02  -  Total Remote Usage
		Usr 0 00:00:00, Sys 0 00:00:00  -  Total Local Usage
	13920  -  Run Bytes Sent By Job
	10941  -  Run Bytes Received By Job
	13920  -  Total Bytes Sent By Job
	10941  -  Total Bytes Received By Job
	Partitionable Resources :    Usage  Request Allocated 
	   Cpus                 :                 1           
	   Disk (KB)            :       74        1   2165502 
	   Memory (MB)          :      497     2000      2000 
...
