   TTTo2L2Nu_powheg_part7   MC  23 chunks


I have 1 taks to process
I'm using the following list of modules DEFAULT_MODULES
this is jobs [('TTTo2L2Nu_powheg_part7', 'MY_EOS_SPACE/heppyNtuples/TREES_TopDibosonsQCD_94X/TTTo2L2Nu_powheg_part7/treeProducerWMass/tree.root', 7144600.0, '_Friend_TTTo2L2Nu_powheg_part7.chunk2', False, xrange(500000, 750000), 2)]
Modules to run:  []   name =  puWeight
Loading puWeight from CMGTools.WMass.postprocessing.examples.puWeightProducer 
Running on dataset =  TTTo2L2Nu_powheg_part7
TFile: name=/afs/cern.ch/work/m/mciprian/w_mass_analysis/heppy/rel_slc7/CMSSW_9_4_12/src/CMGTools/WMass/python/postprocessing/data/pileup/mcPU_2016_W94XnoCutsWithGenWeights_nTrueInt.root, title=, option=READ
TFile: name=/afs/cern.ch/work/m/mciprian/w_mass_analysis/heppy/rel_slc7/CMSSW_9_4_12/src/CMGTools/WMass/python/postprocessing/data/pileup/PileupData_GoldenMuonJSON_Full2016.root, title=, option=READ
Load C++ Worker
Modules to run:  []   name =  muCalibratedWithStatVar
Loading muCalibratedWithStatVar from CMGTools.WMass.postprocessing.examples.lepVarProducer 
Running on dataset =  TTTo2L2Nu_powheg_part7
did not find EnergyScaleCorrection shared object, rebuilding
trying to load all the rochester correction libraries
did not find legacy data roccor. rebuilding...
done building legacy data roccor.
Modules to run:  []   name =  jetAllReCleaner
Loading jetAllReCleaner from CMGTools.WMass.postprocessing.examples.jetReCleaner 
Running on dataset =  TTTo2L2Nu_powheg_part7
Load C++ Worker
Modules to run:  []   name =  jetReCleaner
Loading jetReCleaner from CMGTools.WMass.postprocessing.examples.jetReCleaner 
Running on dataset =  TTTo2L2Nu_powheg_part7
Load C++ Worker
Modules to run:  []   name =  genQEDJets
Loading genQEDJets from CMGTools.WMass.postprocessing.examples.genFriendProducer 
Running on dataset =  TTTo2L2Nu_powheg_part7
Will write selected trees to MY_EOS_SPACE/heppyNtuples/TREES_TopDibosonsQCD_94X/friends/
Normalization of nTrueInt_Wnopt: 3.68902e+10
Normalization of pileup: 3.68902e+10
Weights for variable nTrueInt_Wnopt with a number of bins equal to 102:
1 0.3634 0.9215 1.196 0.96 1.118 1.157 0.9675 0.9293 0.9192 0.8823 0.9553 1.062 1.116 1.167 1.194 1.2 1.193 1.177 1.14 1.092 1.06 1.047 1.046 1.047 1.048 1.06 1.077 1.092 1.106 1.122 1.108 1.097 1.051 0.992 0.9144 0.8237 0.7175 0.6087 0.5019 0.4029 0.3076 0.2264 0.1622 0.1123 0.07656 0.05052 0.03159 0.01992 0.01212 0.007355 0.004361 0.002593 0.001553 0.0009624 0.0007219 0.0006632 0.0007233 0.0009289 0.001329 0.001772 0.003222 0.004042 0.00487 0.005064 0.005658 0.005309 0.004846 0.004101 0.003977 0.003686 0.003306 0.002672 0.002286 0.001878 0.00167 1 1 1 1 1 1 1 1 1 1 1 1 1 1 1 1 1 1 1 1 1 1 1 1 1 1 .
Final weights: 
1 0.3634 0.9215 1.196 0.96 1.118 1.157 0.9675 0.9293 0.9192 0.8823 0.9553 1.062 1.116 1.167 1.194 1.2 1.193 1.177 1.14 1.092 1.06 1.047 1.046 1.047 1.048 1.06 1.077 1.092 1.106 1.122 1.108 1.097 1.051 0.992 0.9144 0.8237 0.7175 0.6087 0.5019 0.4029 0.3076 0.2264 0.1622 0.1123 0.07656 0.05052 0.03159 0.01992 0.01212 0.007355 0.004361 0.002593 0.001553 0.0009624 0.0007219 0.0006632 0.0007233 0.0009289 0.001329 0.001772 0.003222 0.004042 0.00487 0.005064 0.005658 0.005309 0.004846 0.004101 0.003977 0.003686 0.003306 0.002672 0.002286 0.001878 0.00167 1 1 1 1 1 1 1 1 1 1 1 1 1 1 1 1 1 1 1 1 1 1 1 1 1 1 .
begin job of lepCalProducer
initializing all the rochester correction objects
initializing the egamma calibrator
Processed   500000/ 5584888 entries (elapsed time     0.5s, curr speed   21.277 kHz, avg speed 1063.830 kHz), accepted        1/       1 events (100.00%)
Processed   510000/ 5584888 entries (elapsed time    37.4s, curr speed    0.271 kHz, avg speed   13.633 kHz), accepted    10001/   10001 events (100.00%)
Processed   520000/ 5584888 entries (elapsed time    75.0s, curr speed    0.266 kHz, avg speed    6.934 kHz), accepted    20001/   20001 events (100.00%)
Processed   530000/ 5584888 entries (elapsed time   110.0s, curr speed    0.286 kHz, avg speed    4.820 kHz), accepted    30001/   30001 events (100.00%)
Processed   540000/ 5584888 entries (elapsed time   147.3s, curr speed    0.268 kHz, avg speed    3.666 kHz), accepted    40001/   40001 events (100.00%)
Processed   550000/ 5584888 entries (elapsed time   184.2s, curr speed    0.271 kHz, avg speed    2.986 kHz), accepted    50001/   50001 events (100.00%)
Processed   560000/ 5584888 entries (elapsed time   216.9s, curr speed    0.305 kHz, avg speed    2.582 kHz), accepted    60001/   60001 events (100.00%)
Processed   570000/ 5584888 entries (elapsed time   247.9s, curr speed    0.323 kHz, avg speed    2.299 kHz), accepted    70001/   70001 events (100.00%)
Processed   580000/ 5584888 entries (elapsed time   280.0s, curr speed    0.311 kHz, avg speed    2.071 kHz), accepted    80001/   80001 events (100.00%)
Processed   590000/ 5584888 entries (elapsed time   310.6s, curr speed    0.328 kHz, avg speed    1.900 kHz), accepted    90001/   90001 events (100.00%)
Processed   600000/ 5584888 entries (elapsed time   340.7s, curr speed    0.332 kHz, avg speed    1.761 kHz), accepted   100001/  100001 events (100.00%)
Processed   610000/ 5584888 entries (elapsed time   408.6s, curr speed    0.147 kHz, avg speed    1.493 kHz), accepted   110001/  110001 events (100.00%)
Processed   620000/ 5584888 entries (elapsed time   439.9s, curr speed    0.319 kHz, avg speed    1.409 kHz), accepted   120001/  120001 events (100.00%)
Processed   630000/ 5584888 entries (elapsed time   470.7s, curr speed    0.324 kHz, avg speed    1.338 kHz), accepted   130001/  130001 events (100.00%)
Processed   640000/ 5584888 entries (elapsed time   502.8s, curr speed    0.312 kHz, avg speed    1.273 kHz), accepted   140001/  140001 events (100.00%)
Processed   650000/ 5584888 entries (elapsed time   533.1s, curr speed    0.330 kHz, avg speed    1.219 kHz), accepted   150001/  150001 events (100.00%)
Processed   660000/ 5584888 entries (elapsed time   602.8s, curr speed    0.143 kHz, avg speed    1.095 kHz), accepted   160001/  160001 events (100.00%)
Processed   670000/ 5584888 entries (elapsed time   634.4s, curr speed    0.317 kHz, avg speed    1.056 kHz), accepted   170001/  170001 events (100.00%)
Processed   680000/ 5584888 entries (elapsed time   668.0s, curr speed    0.298 kHz, avg speed    1.018 kHz), accepted   180001/  180001 events (100.00%)
Processed   690000/ 5584888 entries (elapsed time   698.7s, curr speed    0.326 kHz, avg speed    0.988 kHz), accepted   190001/  190001 events (100.00%)
Processed   700000/ 5584888 entries (elapsed time   728.9s, curr speed    0.331 kHz, avg speed    0.960 kHz), accepted   200001/  200001 events (100.00%)
Processed   710000/ 5584888 entries (elapsed time   799.0s, curr speed    0.143 kHz, avg speed    0.889 kHz), accepted   210001/  210001 events (100.00%)
Processed   720000/ 5584888 entries (elapsed time   829.1s, curr speed    0.332 kHz, avg speed    0.868 kHz), accepted   220001/  220001 events (100.00%)
Processed   730000/ 5584888 entries (elapsed time   861.5s, curr speed    0.309 kHz, avg speed    0.847 kHz), accepted   230001/  230001 events (100.00%)
Processed   740000/ 5584888 entries (elapsed time   890.0s, curr speed    0.350 kHz, avg speed    0.831 kHz), accepted   240001/  240001 events (100.00%)
Processed 250000 entries from MY_EOS_SPACE/heppyNtuples/TREES_TopDibosonsQCD_94X/TTTo2L2Nu_powheg_part7/treeProducerWMass/tree.root, selected 250000 entries
Done MY_EOS_SPACE/heppyNtuples/TREES_TopDibosonsQCD_94X/friends/tree_Friend_TTTo2L2Nu_powheg_part7.chunk2.root
