000 (323088.016.000) 05/11 15:54:59 Job submitted from host: <188.184.95.166:9618?addrs=188.184.95.166-9618+[2001-1458-201-e4--100-7a0]-9618&alias=tbird02.cern.ch&noUDP&sock=schedd_2138722_faad_3>
...
040 (323088.016.000) 05/11 15:56:50 Started transferring input files
	Transferring to host: <128.142.240.13:9618?addrs=128.142.240.13-9618+[2001-1458-301-f9--100-33]-9618&noUDP&sock=29772_d134_123>
...
040 (323088.016.000) 05/11 15:56:50 Finished transferring input files
...
001 (323088.016.000) 05/11 15:56:51 Job executing on host: <128.142.240.13:9618?addrs=128.142.240.13-9618+[2001-1458-301-f9--100-33]-9618&noUDP&sock=2675_67ee_3>
...
006 (323088.016.000) 05/11 15:57:00 Image size of job updated: 282512
	218  -  MemoryUsage of job (MB)
	223136  -  ResidentSetSize of job (KB)
...
006 (323088.016.000) 05/11 16:02:01 Image size of job updated: 431456
	364  -  MemoryUsage of job (MB)
	372032  -  ResidentSetSize of job (KB)
...
006 (323088.016.000) 05/11 16:07:01 Image size of job updated: 546656
	476  -  MemoryUsage of job (MB)
	487232  -  ResidentSetSize of job (KB)
...
006 (323088.016.000) 05/11 16:12:01 Image size of job updated: 546684
	476  -  MemoryUsage of job (MB)
	487260  -  ResidentSetSize of job (KB)
...
040 (323088.016.000) 05/11 16:15:44 Started transferring output files
...
040 (323088.016.000) 05/11 16:15:44 Finished transferring output files
...
005 (323088.016.000) 05/11 16:15:44 Job terminated.
	(1) Normal termination (return value 1)
		Usr 0 00:15:34, Sys 0 00:01:42  -  Run Remote Usage
		Usr 0 00:00:00, Sys 0 00:00:00  -  Run Local Usage
		Usr 0 00:15:34, Sys 0 00:01:42  -  Total Remote Usage
		Usr 0 00:00:00, Sys 0 00:00:00  -  Total Local Usage
	13863  -  Run Bytes Sent By Job
	10941  -  Run Bytes Received By Job
	13863  -  Total Bytes Sent By Job
	10941  -  Total Bytes Received By Job
	Partitionable Resources :    Usage  Request Allocated 
	   Cpus                 :     1.00        1         1 
	   Disk (KB)            :    80           1    219933 
	   Memory (MB)          :   476        2000      2000 
...
