000 (323088.007.000) 05/11 15:54:59 Job submitted from host: <188.184.95.166:9618?addrs=188.184.95.166-9618+[2001-1458-201-e4--100-7a0]-9618&alias=tbird02.cern.ch&noUDP&sock=schedd_2138722_faad_3>
...
040 (323088.007.000) 05/11 15:56:47 Started transferring input files
	Transferring to host: <188.184.132.23:9618?addrs=188.184.132.23-9618+[2001-1458-301-a0--100-a]-9618&noUDP&sock=28342_40ba_77>
...
040 (323088.007.000) 05/11 15:56:47 Finished transferring input files
...
001 (323088.007.000) 05/11 15:56:48 Job executing on host: <188.184.132.23:9618?addrs=188.184.132.23-9618+[2001-1458-301-a0--100-a]-9618&noUDP&sock=2412_0285_3>
...
006 (323088.007.000) 05/11 15:56:57 Image size of job updated: 231560
	226  -  MemoryUsage of job (MB)
	230508  -  ResidentSetSize of job (KB)
...
006 (323088.007.000) 05/11 16:01:58 Image size of job updated: 484200
	473  -  MemoryUsage of job (MB)
	483920  -  ResidentSetSize of job (KB)
...
006 (323088.007.000) 05/11 16:06:59 Image size of job updated: 487676
	476  -  MemoryUsage of job (MB)
	487396  -  ResidentSetSize of job (KB)
...
006 (323088.007.000) 05/11 16:08:25 Image size of job updated: 487732
	476  -  MemoryUsage of job (MB)
	487396  -  ResidentSetSize of job (KB)
...
040 (323088.007.000) 05/11 16:08:25 Started transferring output files
...
040 (323088.007.000) 05/11 16:08:25 Finished transferring output files
...
005 (323088.007.000) 05/11 16:08:25 Job terminated.
	(1) Normal termination (return value 1)
		Usr 0 00:10:03, Sys 0 00:01:09  -  Run Remote Usage
		Usr 0 00:00:00, Sys 0 00:00:00  -  Run Local Usage
		Usr 0 00:10:03, Sys 0 00:01:09  -  Total Remote Usage
		Usr 0 00:00:00, Sys 0 00:00:00  -  Total Local Usage
	8552  -  Run Bytes Sent By Job
	10941  -  Run Bytes Received By Job
	8552  -  Total Bytes Sent By Job
	10941  -  Total Bytes Received By Job
	Partitionable Resources :    Usage  Request Allocated 
	   Cpus                 :     0.99        1         1 
	   Disk (KB)            :    78           1    213351 
	   Memory (MB)          :   476        2000      2000 
...
