000 (323088.000.000) 05/11 15:54:59 Job submitted from host: <188.184.95.166:9618?addrs=188.184.95.166-9618+[2001-1458-201-e4--100-7a0]-9618&alias=tbird02.cern.ch&noUDP&sock=schedd_2138722_faad_3>
...
040 (323088.000.000) 05/11 15:56:45 Started transferring input files
	Transferring to host: <128.142.240.20:9618?addrs=128.142.240.20-9618+[2001-1458-301-f9--100-4]-9618&noUDP&sock=29066_6057_76>
...
040 (323088.000.000) 05/11 15:56:45 Finished transferring input files
...
001 (323088.000.000) 05/11 15:56:46 Job executing on host: <128.142.240.20:9618?addrs=128.142.240.20-9618+[2001-1458-301-f9--100-4]-9618&noUDP&sock=2375_a184_3>
...
006 (323088.000.000) 05/11 15:56:54 Image size of job updated: 256212
	226  -  MemoryUsage of job (MB)
	230936  -  ResidentSetSize of job (KB)
...
006 (323088.000.000) 05/11 16:01:54 Image size of job updated: 458912
	448  -  MemoryUsage of job (MB)
	458640  -  ResidentSetSize of job (KB)
...
006 (323088.000.000) 05/11 16:06:54 Image size of job updated: 486828
	476  -  MemoryUsage of job (MB)
	486556  -  ResidentSetSize of job (KB)
...
006 (323088.000.000) 05/11 16:10:38 Image size of job updated: 486884
	476  -  MemoryUsage of job (MB)
	486556  -  ResidentSetSize of job (KB)
...
040 (323088.000.000) 05/11 16:10:38 Started transferring output files
...
040 (323088.000.000) 05/11 16:10:38 Finished transferring output files
...
005 (323088.000.000) 05/11 16:10:38 Job terminated.
	(1) Normal termination (return value 1)
		Usr 0 00:12:05, Sys 0 00:01:18  -  Run Remote Usage
		Usr 0 00:00:00, Sys 0 00:00:00  -  Run Local Usage
		Usr 0 00:12:05, Sys 0 00:01:18  -  Total Remote Usage
		Usr 0 00:00:00, Sys 0 00:00:00  -  Total Local Usage
	8388  -  Run Bytes Sent By Job
	10941  -  Run Bytes Received By Job
	8388  -  Total Bytes Sent By Job
	10941  -  Total Bytes Received By Job
	Partitionable Resources :    Usage  Request Allocated 
	   Cpus                 :     0.99        1         1 
	   Disk (KB)            :    77           1    221891 
	   Memory (MB)          :   476        2000      2000 
...
