000 (323094.008.000) 05/11 15:55:02 Job submitted from host: <188.184.95.166:9618?addrs=188.184.95.166-9618+[2001-1458-201-e4--100-7a0]-9618&alias=tbird02.cern.ch&noUDP&sock=schedd_2138722_faad_3>
...
040 (323094.008.000) 05/11 16:00:15 Started transferring input files
	Transferring to host: <188.184.133.204:9618?addrs=188.184.133.204-9618+[2001-1458-301-a0--100-205]-9618&noUDP&sock=15802_b03c_103144>
...
040 (323094.008.000) 05/11 16:00:15 Finished transferring input files
...
001 (323094.008.000) 05/11 16:00:16 Job executing on host: <188.184.133.204:9618?addrs=188.184.133.204-9618+[2001-1458-301-a0--100-205]-9618&noUDP&sock=15593_145a_3>
...
006 (323094.008.000) 05/11 16:00:25 Image size of job updated: 309660
	222  -  MemoryUsage of job (MB)
	226720  -  ResidentSetSize of job (KB)
...
006 (323094.008.000) 05/11 16:05:25 Image size of job updated: 591124
	497  -  MemoryUsage of job (MB)
	508128  -  ResidentSetSize of job (KB)
...
006 (323094.008.000) 05/11 16:09:50 Image size of job updated: 901828
	497  -  MemoryUsage of job (MB)
	508128  -  ResidentSetSize of job (KB)
...
040 (323094.008.000) 05/11 16:09:50 Started transferring output files
...
040 (323094.008.000) 05/11 16:09:50 Finished transferring output files
...
005 (323094.008.000) 05/11 16:09:50 Job terminated.
	(1) Normal termination (return value 1)
		Usr 0 00:08:25, Sys 0 00:01:03  -  Run Remote Usage
		Usr 0 00:00:00, Sys 0 00:00:00  -  Run Local Usage
		Usr 0 00:08:25, Sys 0 00:01:03  -  Total Remote Usage
		Usr 0 00:00:00, Sys 0 00:00:00  -  Total Local Usage
	8619  -  Run Bytes Sent By Job
	10941  -  Run Bytes Received By Job
	8619  -  Total Bytes Sent By Job
	10941  -  Total Bytes Received By Job
	Partitionable Resources :    Usage  Request Allocated 
	   Cpus                 :                 1           
	   Disk (KB)            :       71        1   2115981 
	   Memory (MB)          :      497     2000      2000 
...
