000 (323089.016.000) 05/11 15:54:59 Job submitted from host: <188.184.95.166:9618?addrs=188.184.95.166-9618+[2001-1458-201-e4--100-7a0]-9618&alias=tbird02.cern.ch&noUDP&sock=schedd_2138722_faad_3>
...
040 (323089.016.000) 05/11 15:57:00 Started transferring input files
	Transferring to host: <188.184.186.25:9618?addrs=188.184.186.25-9618+[2001-1458-301-f8--100-22]-9618&noUDP&sock=29456_2aa7_69>
...
040 (323089.016.000) 05/11 15:57:00 Finished transferring input files
...
001 (323089.016.000) 05/11 15:57:01 Job executing on host: <188.184.186.25:9618?addrs=188.184.186.25-9618+[2001-1458-301-f8--100-22]-9618&noUDP&sock=2442_965d_3>
...
006 (323089.016.000) 05/11 15:57:10 Image size of job updated: 254488
	244  -  MemoryUsage of job (MB)
	249812  -  ResidentSetSize of job (KB)
...
006 (323089.016.000) 05/11 16:02:12 Image size of job updated: 438600
	429  -  MemoryUsage of job (MB)
	438336  -  ResidentSetSize of job (KB)
...
006 (323089.016.000) 05/11 16:07:12 Image size of job updated: 487932
	477  -  MemoryUsage of job (MB)
	487668  -  ResidentSetSize of job (KB)
...
006 (323089.016.000) 05/11 16:10:09 Image size of job updated: 489800
	477  -  MemoryUsage of job (MB)
	487668  -  ResidentSetSize of job (KB)
...
040 (323089.016.000) 05/11 16:10:09 Started transferring output files
...
040 (323089.016.000) 05/11 16:10:09 Finished transferring output files
...
005 (323089.016.000) 05/11 16:10:09 Job terminated.
	(1) Normal termination (return value 1)
		Usr 0 00:11:28, Sys 0 00:01:17  -  Run Remote Usage
		Usr 0 00:00:00, Sys 0 00:00:00  -  Run Local Usage
		Usr 0 00:11:28, Sys 0 00:01:17  -  Total Remote Usage
		Usr 0 00:00:00, Sys 0 00:00:00  -  Total Local Usage
	8556  -  Run Bytes Sent By Job
	10941  -  Run Bytes Received By Job
	8556  -  Total Bytes Sent By Job
	10941  -  Total Bytes Received By Job
	Partitionable Resources :    Usage  Request Allocated 
	   Cpus                 :     0.99        1         1 
	   Disk (KB)            :    78           1    220778 
	   Memory (MB)          :   477        2000      2000 
...
