000 (323089.008.000) 05/11 15:54:59 Job submitted from host: <188.184.95.166:9618?addrs=188.184.95.166-9618+[2001-1458-201-e4--100-7a0]-9618&alias=tbird02.cern.ch&noUDP&sock=schedd_2138722_faad_3>
...
040 (323089.008.000) 05/11 15:56:57 Started transferring input files
	Transferring to host: <188.184.132.49:9618?addrs=188.184.132.49-9618+[2001-1458-301-a0--100-2b]-9618&noUDP&sock=18952_25fc_68>
...
040 (323089.008.000) 05/11 15:56:57 Finished transferring input files
...
001 (323089.008.000) 05/11 15:56:58 Job executing on host: <188.184.132.49:9618?addrs=188.184.132.49-9618+[2001-1458-301-a0--100-2b]-9618&noUDP&sock=2448_b3ee_3>
...
006 (323089.008.000) 05/11 15:57:07 Image size of job updated: 251044
	245  -  MemoryUsage of job (MB)
	250356  -  ResidentSetSize of job (KB)
...
006 (323089.008.000) 05/11 16:02:08 Image size of job updated: 487388
	476  -  MemoryUsage of job (MB)
	486580  -  ResidentSetSize of job (KB)
...
006 (323089.008.000) 05/11 16:07:09 Image size of job updated: 488008
	476  -  MemoryUsage of job (MB)
	487200  -  ResidentSetSize of job (KB)
...
040 (323089.008.000) 05/11 16:09:10 Started transferring output files
...
040 (323089.008.000) 05/11 16:09:10 Finished transferring output files
...
005 (323089.008.000) 05/11 16:09:10 Job terminated.
	(1) Normal termination (return value 1)
		Usr 0 00:10:32, Sys 0 00:01:12  -  Run Remote Usage
		Usr 0 00:00:00, Sys 0 00:00:00  -  Run Local Usage
		Usr 0 00:10:32, Sys 0 00:01:12  -  Total Remote Usage
		Usr 0 00:00:00, Sys 0 00:00:00  -  Total Local Usage
	8552  -  Run Bytes Sent By Job
	10941  -  Run Bytes Received By Job
	8552  -  Total Bytes Sent By Job
	10941  -  Total Bytes Received By Job
	Partitionable Resources :    Usage  Request Allocated 
	   Cpus                 :     1.00        1         1 
	   Disk (KB)            :    78           1    211229 
	   Memory (MB)          :   476        2000      2000 
...
