000 (323096.019.000) 05/11 15:55:04 Job submitted from host: <188.184.95.166:9618?addrs=188.184.95.166-9618+[2001-1458-201-e4--100-7a0]-9618&alias=tbird02.cern.ch&noUDP&sock=schedd_2138722_faad_3>
...
040 (323096.019.000) 05/11 16:02:42 Started transferring input files
	Transferring to host: <128.142.240.19:9618?addrs=128.142.240.19-9618+[2001-1458-301-f9--100-1f]-9618&noUDP&sock=2527_4000_58986>
...
040 (323096.019.000) 05/11 16:02:42 Finished transferring input files
...
001 (323096.019.000) 05/11 16:02:43 Job executing on host: <128.142.240.19:9618?addrs=128.142.240.19-9618+[2001-1458-301-f9--100-1f]-9618&noUDP&sock=2278_18d5_3>
...
006 (323096.019.000) 05/11 16:02:51 Image size of job updated: 336480
	248  -  MemoryUsage of job (MB)
	253756  -  ResidentSetSize of job (KB)
...
006 (323096.019.000) 05/11 16:07:51 Image size of job updated: 591212
	497  -  MemoryUsage of job (MB)
	508324  -  ResidentSetSize of job (KB)
...
040 (323096.019.000) 05/11 16:11:52 Started transferring output files
...
040 (323096.019.000) 05/11 16:11:52 Finished transferring output files
...
005 (323096.019.000) 05/11 16:11:52 Job terminated.
	(1) Normal termination (return value 1)
		Usr 0 00:08:05, Sys 0 00:01:00  -  Run Remote Usage
		Usr 0 00:00:00, Sys 0 00:00:00  -  Run Local Usage
		Usr 0 00:08:05, Sys 0 00:01:00  -  Total Remote Usage
		Usr 0 00:00:00, Sys 0 00:00:00  -  Total Local Usage
	8612  -  Run Bytes Sent By Job
	10941  -  Run Bytes Received By Job
	8612  -  Total Bytes Sent By Job
	10941  -  Total Bytes Received By Job
	Partitionable Resources :    Usage  Request Allocated 
	   Cpus                 :                 1           
	   Disk (KB)            :       72        1   2204879 
	   Memory (MB)          :      497     2000      2000 
...
