000 (323081.014.000) 05/11 15:54:55 Job submitted from host: <188.184.95.166:9618?addrs=188.184.95.166-9618+[2001-1458-201-e4--100-7a0]-9618&alias=tbird02.cern.ch&noUDP&sock=schedd_2138722_faad_3>
...
040 (323081.014.000) 05/11 15:55:50 Started transferring input files
	Transferring to host: <188.184.133.252:9618?addrs=188.184.133.252-9618+[2001-1458-301-a0--100-22c]-9618&noUDP&sock=13605_b402_103075>
...
040 (323081.014.000) 05/11 15:55:50 Finished transferring input files
...
001 (323081.014.000) 05/11 15:55:51 Job executing on host: <188.184.133.252:9618?addrs=188.184.133.252-9618+[2001-1458-301-a0--100-22c]-9618&noUDP&sock=13418_35dd_3>
...
006 (323081.014.000) 05/11 15:55:59 Image size of job updated: 261736
	179  -  MemoryUsage of job (MB)
	182440  -  ResidentSetSize of job (KB)
...
006 (323081.014.000) 05/11 16:00:59 Image size of job updated: 573128
	476  -  MemoryUsage of job (MB)
	487372  -  ResidentSetSize of job (KB)
...
040 (323081.014.000) 05/11 16:03:43 Started transferring output files
...
040 (323081.014.000) 05/11 16:03:43 Finished transferring output files
...
005 (323081.014.000) 05/11 16:03:43 Job terminated.
	(1) Normal termination (return value 1)
		Usr 0 00:06:55, Sys 0 00:00:51  -  Run Remote Usage
		Usr 0 00:00:00, Sys 0 00:00:00  -  Run Local Usage
		Usr 0 00:06:55, Sys 0 00:00:51  -  Total Remote Usage
		Usr 0 00:00:00, Sys 0 00:00:00  -  Total Local Usage
	8556  -  Run Bytes Sent By Job
	10941  -  Run Bytes Received By Job
	8556  -  Total Bytes Sent By Job
	10941  -  Total Bytes Received By Job
	Partitionable Resources :    Usage  Request Allocated 
	   Cpus                 :                 1           
	   Disk (KB)            :       71        1   2180649 
	   Memory (MB)          :      476     2000      2000 
...
