000 (323093.002.000) 05/11 15:55:02 Job submitted from host: <188.184.95.166:9618?addrs=188.184.95.166-9618+[2001-1458-201-e4--100-7a0]-9618&alias=tbird02.cern.ch&noUDP&sock=schedd_2138722_faad_3>
...
040 (323093.002.000) 05/11 15:58:31 Started transferring input files
	Transferring to host: <188.184.132.40:9618?addrs=188.184.132.40-9618+[2001-1458-301-a0--100-10]-9618&noUDP&sock=4073_8bff_127463>
...
040 (323093.002.000) 05/11 15:58:31 Finished transferring input files
...
001 (323093.002.000) 05/11 15:58:32 Job executing on host: <188.184.132.40:9618?addrs=188.184.132.40-9618+[2001-1458-301-a0--100-10]-9618&noUDP&sock=2328_6491_3>
...
006 (323093.002.000) 05/11 15:58:41 Image size of job updated: 313924
	226  -  MemoryUsage of job (MB)
	231080  -  ResidentSetSize of job (KB)
...
006 (323093.002.000) 05/11 16:03:42 Image size of job updated: 590080
	496  -  MemoryUsage of job (MB)
	507184  -  ResidentSetSize of job (KB)
...
040 (323093.002.000) 05/11 16:07:27 Started transferring output files
...
040 (323093.002.000) 05/11 16:07:27 Finished transferring output files
...
005 (323093.002.000) 05/11 16:07:27 Job terminated.
	(1) Normal termination (return value 1)
		Usr 0 00:07:43, Sys 0 00:00:59  -  Run Remote Usage
		Usr 0 00:00:00, Sys 0 00:00:00  -  Run Local Usage
		Usr 0 00:07:43, Sys 0 00:00:59  -  Total Remote Usage
		Usr 0 00:00:00, Sys 0 00:00:00  -  Total Local Usage
	8617  -  Run Bytes Sent By Job
	10941  -  Run Bytes Received By Job
	8617  -  Total Bytes Sent By Job
	10941  -  Total Bytes Received By Job
	Partitionable Resources :    Usage  Request Allocated 
	   Cpus                 :                 1           
	   Disk (KB)            :       71        1   2151743 
	   Memory (MB)          :      496     2000      2000 
...
