000 (323095.004.000) 05/11 15:55:03 Job submitted from host: <188.184.95.166:9618?addrs=188.184.95.166-9618+[2001-1458-201-e4--100-7a0]-9618&alias=tbird02.cern.ch&noUDP&sock=schedd_2138722_faad_3>
...
040 (323095.004.000) 05/11 16:02:31 Started transferring input files
	Transferring to host: <188.184.186.32:9618?addrs=188.184.186.32-9618+[2001-1458-301-f8--100-d]-9618&noUDP&sock=4038_e2dd_127391>
...
040 (323095.004.000) 05/11 16:02:31 Finished transferring input files
...
001 (323095.004.000) 05/11 16:02:32 Job executing on host: <188.184.186.32:9618?addrs=188.184.186.32-9618+[2001-1458-301-f8--100-d]-9618&noUDP&sock=2352_dad7_3>
...
006 (323095.004.000) 05/11 16:02:40 Image size of job updated: 332680
	244  -  MemoryUsage of job (MB)
	249856  -  ResidentSetSize of job (KB)
...
006 (323095.004.000) 05/11 16:04:15 Image size of job updated: 332680
	245  -  MemoryUsage of job (MB)
	249860  -  ResidentSetSize of job (KB)
...
040 (323095.004.000) 05/11 16:04:15 Started transferring output files
...
040 (323095.004.000) 05/11 16:04:15 Finished transferring output files
...
005 (323095.004.000) 05/11 16:04:15 Job terminated.
	(1) Normal termination (return value 1)
		Usr 0 00:01:28, Sys 0 00:00:12  -  Run Remote Usage
		Usr 0 00:00:00, Sys 0 00:00:00  -  Run Local Usage
		Usr 0 00:01:28, Sys 0 00:00:12  -  Total Remote Usage
		Usr 0 00:00:00, Sys 0 00:00:00  -  Total Local Usage
	5535  -  Run Bytes Sent By Job
	10941  -  Run Bytes Received By Job
	5535  -  Total Bytes Sent By Job
	10941  -  Total Bytes Received By Job
	Partitionable Resources :    Usage  Request Allocated 
	   Cpus                 :                 1           
	   Disk (KB)            :       68        1   2137072 
	   Memory (MB)          :      245     2000      2000 
...
