   TTTo2L2Nu_powheg_part2   MC  25 chunks


I have 1 taks to process
I'm using the following list of modules DEFAULT_MODULES
this is jobs [('TTTo2L2Nu_powheg_part2', 'MY_EOS_SPACE/heppyNtuples/TREES_TopDibosonsQCD_94X/TTTo2L2Nu_powheg_part2/treeProducerWMass/tree.root', 7963840.0, '_Friend_TTTo2L2Nu_powheg_part2.chunk24', False, xrange(6000000, 6227054), 24)]
Modules to run:  []   name =  puWeight
Loading puWeight from CMGTools.WMass.postprocessing.examples.puWeightProducer 
Running on dataset =  TTTo2L2Nu_powheg_part2
TFile: name=/afs/cern.ch/work/m/mciprian/w_mass_analysis/heppy/rel_slc7/CMSSW_9_4_12/src/CMGTools/WMass/python/postprocessing/data/pileup/mcPU_2016_W94XnoCutsWithGenWeights_nTrueInt.root, title=, option=READ
TFile: name=/afs/cern.ch/work/m/mciprian/w_mass_analysis/heppy/rel_slc7/CMSSW_9_4_12/src/CMGTools/WMass/python/postprocessing/data/pileup/PileupData_GoldenMuonJSON_Full2016.root, title=, option=READ
Load C++ Worker
Modules to run:  []   name =  muCalibratedWithStatVar
Loading muCalibratedWithStatVar from CMGTools.WMass.postprocessing.examples.lepVarProducer 
Running on dataset =  TTTo2L2Nu_powheg_part2
did not find EnergyScaleCorrection shared object, rebuilding
trying to load all the rochester correction libraries
did not find legacy data roccor. rebuilding...
done building legacy data roccor.
Modules to run:  []   name =  jetAllReCleaner
Loading jetAllReCleaner from CMGTools.WMass.postprocessing.examples.jetReCleaner 
Running on dataset =  TTTo2L2Nu_powheg_part2
Load C++ Worker
Modules to run:  []   name =  jetReCleaner
Loading jetReCleaner from CMGTools.WMass.postprocessing.examples.jetReCleaner 
Running on dataset =  TTTo2L2Nu_powheg_part2
Load C++ Worker
Modules to run:  []   name =  genQEDJets
Loading genQEDJets from CMGTools.WMass.postprocessing.examples.genFriendProducer 
Running on dataset =  TTTo2L2Nu_powheg_part2
Will write selected trees to MY_EOS_SPACE/heppyNtuples/TREES_TopDibosonsQCD_94X/friends/
Normalization of nTrueInt_Wnopt: 3.68902e+10
Normalization of pileup: 3.68902e+10
Weights for variable nTrueInt_Wnopt with a number of bins equal to 102:
1 0.3634 0.9215 1.196 0.96 1.118 1.157 0.9675 0.9293 0.9192 0.8823 0.9553 1.062 1.116 1.167 1.194 1.2 1.193 1.177 1.14 1.092 1.06 1.047 1.046 1.047 1.048 1.06 1.077 1.092 1.106 1.122 1.108 1.097 1.051 0.992 0.9144 0.8237 0.7175 0.6087 0.5019 0.4029 0.3076 0.2264 0.1622 0.1123 0.07656 0.05052 0.03159 0.01992 0.01212 0.007355 0.004361 0.002593 0.001553 0.0009624 0.0007219 0.0006632 0.0007233 0.0009289 0.001329 0.001772 0.003222 0.004042 0.00487 0.005064 0.005658 0.005309 0.004846 0.004101 0.003977 0.003686 0.003306 0.002672 0.002286 0.001878 0.00167 1 1 1 1 1 1 1 1 1 1 1 1 1 1 1 1 1 1 1 1 1 1 1 1 1 1 .
Final weights: 
1 0.3634 0.9215 1.196 0.96 1.118 1.157 0.9675 0.9293 0.9192 0.8823 0.9553 1.062 1.116 1.167 1.194 1.2 1.193 1.177 1.14 1.092 1.06 1.047 1.046 1.047 1.048 1.06 1.077 1.092 1.106 1.122 1.108 1.097 1.051 0.992 0.9144 0.8237 0.7175 0.6087 0.5019 0.4029 0.3076 0.2264 0.1622 0.1123 0.07656 0.05052 0.03159 0.01992 0.01212 0.007355 0.004361 0.002593 0.001553 0.0009624 0.0007219 0.0006632 0.0007233 0.0009289 0.001329 0.001772 0.003222 0.004042 0.00487 0.005064 0.005658 0.005309 0.004846 0.004101 0.003977 0.003686 0.003306 0.002672 0.002286 0.001878 0.00167 1 1 1 1 1 1 1 1 1 1 1 1 1 1 1 1 1 1 1 1 1 1 1 1 1 1 .
begin job of lepCalProducer
initializing all the rochester correction objects
initializing the egamma calibrator
Processed  6000000/ 6227054 entries (elapsed time     0.3s, curr speed   28.571 kHz, avg speed 17142.857 kHz), accepted        1/       1 events (100.00%)
Processed  6010000/ 6227054 entries (elapsed time    21.3s, curr speed    0.478 kHz, avg speed  282.425 kHz), accepted    10001/   10001 events (100.00%)
Processed  6020000/ 6227054 entries (elapsed time    45.6s, curr speed    0.411 kHz, avg speed  131.989 kHz), accepted    20001/   20001 events (100.00%)
Processed  6030000/ 6227054 entries (elapsed time    71.3s, curr speed    0.389 kHz, avg speed   84.537 kHz), accepted    30001/   30001 events (100.00%)
Processed  6040000/ 6227054 entries (elapsed time    97.5s, curr speed    0.382 kHz, avg speed   61.930 kHz), accepted    40001/   40001 events (100.00%)
Processed  6050000/ 6227054 entries (elapsed time   124.4s, curr speed    0.372 kHz, avg speed   48.618 kHz), accepted    50001/   50001 events (100.00%)
Processed  6060000/ 6227054 entries (elapsed time   146.9s, curr speed    0.446 kHz, avg speed   41.264 kHz), accepted    60001/   60001 events (100.00%)
Processed  6070000/ 6227054 entries (elapsed time   168.8s, curr speed    0.457 kHz, avg speed   35.970 kHz), accepted    70001/   70001 events (100.00%)
Processed  6080000/ 6227054 entries (elapsed time   191.5s, curr speed    0.440 kHz, avg speed   31.749 kHz), accepted    80001/   80001 events (100.00%)
Processed  6090000/ 6227054 entries (elapsed time   212.8s, curr speed    0.468 kHz, avg speed   28.612 kHz), accepted    90001/   90001 events (100.00%)
Processed  6100000/ 6227054 entries (elapsed time   235.2s, curr speed    0.447 kHz, avg speed   25.935 kHz), accepted   100001/  100001 events (100.00%)
Processed  6110000/ 6227054 entries (elapsed time   284.4s, curr speed    0.203 kHz, avg speed   21.488 kHz), accepted   110001/  110001 events (100.00%)
Processed  6120000/ 6227054 entries (elapsed time   305.6s, curr speed    0.470 kHz, avg speed   20.024 kHz), accepted   120001/  120001 events (100.00%)
Processed  6130000/ 6227054 entries (elapsed time   327.5s, curr speed    0.458 kHz, avg speed   18.720 kHz), accepted   130001/  130001 events (100.00%)
Processed  6140000/ 6227054 entries (elapsed time   349.1s, curr speed    0.462 kHz, avg speed   17.587 kHz), accepted   140001/  140001 events (100.00%)
Processed  6150000/ 6227054 entries (elapsed time   371.3s, curr speed    0.451 kHz, avg speed   16.564 kHz), accepted   150001/  150001 events (100.00%)
Processed  6160000/ 6227054 entries (elapsed time   420.2s, curr speed    0.204 kHz, avg speed   14.658 kHz), accepted   160001/  160001 events (100.00%)
Processed  6170000/ 6227054 entries (elapsed time   442.1s, curr speed    0.457 kHz, avg speed   13.955 kHz), accepted   170001/  170001 events (100.00%)
Processed  6180000/ 6227054 entries (elapsed time   463.0s, curr speed    0.479 kHz, avg speed   13.348 kHz), accepted   180001/  180001 events (100.00%)
Processed  6190000/ 6227054 entries (elapsed time   485.3s, curr speed    0.449 kHz, avg speed   12.756 kHz), accepted   190001/  190001 events (100.00%)
Processed  6200000/ 6227054 entries (elapsed time   506.3s, curr speed    0.476 kHz, avg speed   12.247 kHz), accepted   200001/  200001 events (100.00%)
Processed  6210000/ 6227054 entries (elapsed time   553.0s, curr speed    0.214 kHz, avg speed   11.229 kHz), accepted   210001/  210001 events (100.00%)
Processed  6220000/ 6227054 entries (elapsed time   574.5s, curr speed    0.465 kHz, avg speed   10.826 kHz), accepted   220001/  220001 events (100.00%)
Processed 227054 entries from MY_EOS_SPACE/heppyNtuples/TREES_TopDibosonsQCD_94X/TTTo2L2Nu_powheg_part2/treeProducerWMass/tree.root, selected 227054 entries
Done MY_EOS_SPACE/heppyNtuples/TREES_TopDibosonsQCD_94X/friends/tree_Friend_TTTo2L2Nu_powheg_part2.chunk24.root
