   TTToSemilepton_powheg_part2   MC  28 chunks


I have 1 taks to process
I'm using the following list of modules DEFAULT_MODULES
this is jobs [('TTToSemilepton_powheg_part2', 'MY_EOS_SPACE/heppyNtuples/TREES_TopDibosonsQCD_94X/TTToSemilepton_powheg_part2/treeProducerWMass/tree.root', 12596384.0, '_Friend_TTToSemilepton_powheg_part2.chunk26', False, xrange(6500000, 6750000), 26)]
Modules to run:  []   name =  puWeight
Loading puWeight from CMGTools.WMass.postprocessing.examples.puWeightProducer 
Running on dataset =  TTToSemilepton_powheg_part2
TFile: name=/afs/cern.ch/work/m/mciprian/w_mass_analysis/heppy/rel_slc7/CMSSW_9_4_12/src/CMGTools/WMass/python/postprocessing/data/pileup/mcPU_2016_W94XnoCutsWithGenWeights_nTrueInt.root, title=, option=READ
TFile: name=/afs/cern.ch/work/m/mciprian/w_mass_analysis/heppy/rel_slc7/CMSSW_9_4_12/src/CMGTools/WMass/python/postprocessing/data/pileup/PileupData_GoldenMuonJSON_Full2016.root, title=, option=READ
Load C++ Worker
Modules to run:  []   name =  muCalibratedWithStatVar
Loading muCalibratedWithStatVar from CMGTools.WMass.postprocessing.examples.lepVarProducer 
Running on dataset =  TTToSemilepton_powheg_part2
did not find EnergyScaleCorrection shared object, rebuilding
trying to load all the rochester correction libraries
did not find legacy data roccor. rebuilding...
done building legacy data roccor.
Modules to run:  []   name =  jetAllReCleaner
Loading jetAllReCleaner from CMGTools.WMass.postprocessing.examples.jetReCleaner 
Running on dataset =  TTToSemilepton_powheg_part2
Load C++ Worker
Modules to run:  []   name =  jetReCleaner
Loading jetReCleaner from CMGTools.WMass.postprocessing.examples.jetReCleaner 
Running on dataset =  TTToSemilepton_powheg_part2
Load C++ Worker
Modules to run:  []   name =  genQEDJets
Loading genQEDJets from CMGTools.WMass.postprocessing.examples.genFriendProducer 
Running on dataset =  TTToSemilepton_powheg_part2
Will write selected trees to MY_EOS_SPACE/heppyNtuples/TREES_TopDibosonsQCD_94X/friends/
Normalization of nTrueInt_Wnopt: 3.68902e+10
Normalization of pileup: 3.68902e+10
Weights for variable nTrueInt_Wnopt with a number of bins equal to 102:
1 0.3634 0.9215 1.196 0.96 1.118 1.157 0.9675 0.9293 0.9192 0.8823 0.9553 1.062 1.116 1.167 1.194 1.2 1.193 1.177 1.14 1.092 1.06 1.047 1.046 1.047 1.048 1.06 1.077 1.092 1.106 1.122 1.108 1.097 1.051 0.992 0.9144 0.8237 0.7175 0.6087 0.5019 0.4029 0.3076 0.2264 0.1622 0.1123 0.07656 0.05052 0.03159 0.01992 0.01212 0.007355 0.004361 0.002593 0.001553 0.0009624 0.0007219 0.0006632 0.0007233 0.0009289 0.001329 0.001772 0.003222 0.004042 0.00487 0.005064 0.005658 0.005309 0.004846 0.004101 0.003977 0.003686 0.003306 0.002672 0.002286 0.001878 0.00167 1 1 1 1 1 1 1 1 1 1 1 1 1 1 1 1 1 1 1 1 1 1 1 1 1 1 .
Final weights: 
1 0.3634 0.9215 1.196 0.96 1.118 1.157 0.9675 0.9293 0.9192 0.8823 0.9553 1.062 1.116 1.167 1.194 1.2 1.193 1.177 1.14 1.092 1.06 1.047 1.046 1.047 1.048 1.06 1.077 1.092 1.106 1.122 1.108 1.097 1.051 0.992 0.9144 0.8237 0.7175 0.6087 0.5019 0.4029 0.3076 0.2264 0.1622 0.1123 0.07656 0.05052 0.03159 0.01992 0.01212 0.007355 0.004361 0.002593 0.001553 0.0009624 0.0007219 0.0006632 0.0007233 0.0009289 0.001329 0.001772 0.003222 0.004042 0.00487 0.005064 0.005658 0.005309 0.004846 0.004101 0.003977 0.003686 0.003306 0.002672 0.002286 0.001878 0.00167 1 1 1 1 1 1 1 1 1 1 1 1 1 1 1 1 1 1 1 1 1 1 1 1 1 1 .
begin job of lepCalProducer
initializing all the rochester correction objects
initializing the egamma calibrator
Processed  6500000/ 6901302 entries (elapsed time     0.2s, curr speed   41.667 kHz, avg speed 27083.333 kHz), accepted        1/       1 events (100.00%)
Processed  6510000/ 6901302 entries (elapsed time    19.8s, curr speed    0.511 kHz, avg speed  328.456 kHz), accepted    10001/   10001 events (100.00%)
Processed  6520000/ 6901302 entries (elapsed time    39.2s, curr speed    0.517 kHz, avg speed  166.411 kHz), accepted    20001/   20001 events (100.00%)
Processed  6530000/ 6901302 entries (elapsed time    58.9s, curr speed    0.508 kHz, avg speed  110.960 kHz), accepted    30001/   30001 events (100.00%)
Processed  6540000/ 6901302 entries (elapsed time    78.5s, curr speed    0.510 kHz, avg speed   83.355 kHz), accepted    40001/   40001 events (100.00%)
Processed  6550000/ 6901302 entries (elapsed time    98.4s, curr speed    0.501 kHz, avg speed   66.552 kHz), accepted    50001/   50001 events (100.00%)
Processed  6560000/ 6901302 entries (elapsed time   119.0s, curr speed    0.487 kHz, avg speed   55.145 kHz), accepted    60001/   60001 events (100.00%)
Processed  6570000/ 6901302 entries (elapsed time   135.8s, curr speed    0.594 kHz, avg speed   48.384 kHz), accepted    70001/   70001 events (100.00%)
Processed  6580000/ 6901302 entries (elapsed time   152.8s, curr speed    0.589 kHz, avg speed   43.068 kHz), accepted    80001/   80001 events (100.00%)
Processed  6590000/ 6901302 entries (elapsed time   169.8s, curr speed    0.589 kHz, avg speed   38.820 kHz), accepted    90001/   90001 events (100.00%)
Processed  6600000/ 6901302 entries (elapsed time   186.5s, curr speed    0.596 kHz, avg speed   35.383 kHz), accepted   100001/  100001 events (100.00%)
Processed  6610000/ 6901302 entries (elapsed time   203.3s, curr speed    0.598 kHz, avg speed   32.520 kHz), accepted   110001/  110001 events (100.00%)
Processed  6620000/ 6901302 entries (elapsed time   239.3s, curr speed    0.277 kHz, avg speed   27.661 kHz), accepted   120001/  120001 events (100.00%)
Processed  6630000/ 6901302 entries (elapsed time   256.0s, curr speed    0.600 kHz, avg speed   25.899 kHz), accepted   130001/  130001 events (100.00%)
Processed  6640000/ 6901302 entries (elapsed time   272.9s, curr speed    0.592 kHz, avg speed   24.332 kHz), accepted   140001/  140001 events (100.00%)
Processed  6650000/ 6901302 entries (elapsed time   289.6s, curr speed    0.600 kHz, avg speed   22.965 kHz), accepted   150001/  150001 events (100.00%)
Processed  6660000/ 6901302 entries (elapsed time   306.2s, curr speed    0.603 kHz, avg speed   21.754 kHz), accepted   160001/  160001 events (100.00%)
Processed  6670000/ 6901302 entries (elapsed time   323.0s, curr speed    0.593 kHz, avg speed   20.649 kHz), accepted   170001/  170001 events (100.00%)
Processed  6680000/ 6901302 entries (elapsed time   359.8s, curr speed    0.272 kHz, avg speed   18.567 kHz), accepted   180001/  180001 events (100.00%)
Processed  6690000/ 6901302 entries (elapsed time   376.4s, curr speed    0.601 kHz, avg speed   17.773 kHz), accepted   190001/  190001 events (100.00%)
Processed  6700000/ 6901302 entries (elapsed time   393.3s, curr speed    0.593 kHz, avg speed   17.037 kHz), accepted   200001/  200001 events (100.00%)
Processed  6710000/ 6901302 entries (elapsed time   409.8s, curr speed    0.605 kHz, avg speed   16.374 kHz), accepted   210001/  210001 events (100.00%)
Processed  6720000/ 6901302 entries (elapsed time   426.5s, curr speed    0.599 kHz, avg speed   15.757 kHz), accepted   220001/  220001 events (100.00%)
Processed  6730000/ 6901302 entries (elapsed time   443.4s, curr speed    0.593 kHz, avg speed   15.180 kHz), accepted   230001/  230001 events (100.00%)
Processed  6740000/ 6901302 entries (elapsed time   480.0s, curr speed    0.273 kHz, avg speed   14.041 kHz), accepted   240001/  240001 events (100.00%)
Processed 250000 entries from MY_EOS_SPACE/heppyNtuples/TREES_TopDibosonsQCD_94X/TTToSemilepton_powheg_part2/treeProducerWMass/tree.root, selected 250000 entries
Done MY_EOS_SPACE/heppyNtuples/TREES_TopDibosonsQCD_94X/friends/tree_Friend_TTToSemilepton_powheg_part2.chunk26.root
