000 (323090.020.000) 05/11 15:55:00 Job submitted from host: <188.184.95.166:9618?addrs=188.184.95.166-9618+[2001-1458-201-e4--100-7a0]-9618&alias=tbird02.cern.ch&noUDP&sock=schedd_2138722_faad_3>
...
040 (323090.020.000) 05/11 15:57:49 Started transferring input files
	Transferring to host: <188.184.132.124:9618?addrs=188.184.132.124-9618+[2001-1458-301-a0--100-374]-9618&noUDP&sock=3322_6640_102533>
...
040 (323090.020.000) 05/11 15:57:49 Finished transferring input files
...
001 (323090.020.000) 05/11 15:57:50 Job executing on host: <188.184.132.124:9618?addrs=188.184.132.124-9618+[2001-1458-301-a0--100-374]-9618&noUDP&sock=2277_693c_3>
...
006 (323090.020.000) 05/11 15:57:59 Image size of job updated: 313628
	226  -  MemoryUsage of job (MB)
	230920  -  ResidentSetSize of job (KB)
...
006 (323090.020.000) 05/11 16:03:00 Image size of job updated: 487776
	475  -  MemoryUsage of job (MB)
	486052  -  ResidentSetSize of job (KB)
...
040 (323090.020.000) 05/11 16:06:49 Started transferring output files
...
040 (323090.020.000) 05/11 16:06:49 Finished transferring output files
...
005 (323090.020.000) 05/11 16:06:50 Job terminated.
	(1) Normal termination (return value 1)
		Usr 0 00:07:57, Sys 0 00:00:58  -  Run Remote Usage
		Usr 0 00:00:00, Sys 0 00:00:00  -  Run Local Usage
		Usr 0 00:07:57, Sys 0 00:00:58  -  Total Remote Usage
		Usr 0 00:00:00, Sys 0 00:00:00  -  Total Local Usage
	8556  -  Run Bytes Sent By Job
	10941  -  Run Bytes Received By Job
	8556  -  Total Bytes Sent By Job
	10941  -  Total Bytes Received By Job
	Partitionable Resources :    Usage  Request Allocated 
	   Cpus                 :                 1           
	   Disk (KB)            :       71        1   2095735 
	   Memory (MB)          :      475     2000      2000 
...
