000 (323098.019.000) 05/11 15:55:05 Job submitted from host: <188.184.95.166:9618?addrs=188.184.95.166-9618+[2001-1458-201-e4--100-7a0]-9618&alias=tbird02.cern.ch&noUDP&sock=schedd_2138722_faad_3>
...
040 (323098.019.000) 05/11 16:04:15 Started transferring input files
	Transferring to host: <128.142.33.184:9618?addrs=128.142.33.184-9618+[2001-1458-301-117--100-2d8]-9618&noUDP&sock=13080_cb0d_102695>
...
040 (323098.019.000) 05/11 16:04:15 Finished transferring input files
...
001 (323098.019.000) 05/11 16:04:16 Job executing on host: <128.142.33.184:9618?addrs=128.142.33.184-9618+[2001-1458-301-117--100-2d8]-9618&noUDP&sock=12872_b328_3>
...
006 (323098.019.000) 05/11 16:04:25 Image size of job updated: 337124
	249  -  MemoryUsage of job (MB)
	254412  -  ResidentSetSize of job (KB)
...
006 (323098.019.000) 05/11 16:09:26 Image size of job updated: 589740
	495  -  MemoryUsage of job (MB)
	506864  -  ResidentSetSize of job (KB)
...
040 (323098.019.000) 05/11 16:13:34 Started transferring output files
...
040 (323098.019.000) 05/11 16:13:34 Finished transferring output files
...
005 (323098.019.000) 05/11 16:13:34 Job terminated.
	(1) Normal termination (return value 1)
		Usr 0 00:08:10, Sys 0 00:00:59  -  Run Remote Usage
		Usr 0 00:00:00, Sys 0 00:00:00  -  Run Local Usage
		Usr 0 00:08:10, Sys 0 00:00:59  -  Total Remote Usage
		Usr 0 00:00:00, Sys 0 00:00:00  -  Total Local Usage
	8612  -  Run Bytes Sent By Job
	10941  -  Run Bytes Received By Job
	8612  -  Total Bytes Sent By Job
	10941  -  Total Bytes Received By Job
	Partitionable Resources :    Usage  Request Allocated 
	   Cpus                 :                 1           
	   Disk (KB)            :       72        1   2103575 
	   Memory (MB)          :      495     2000      2000 
...
