000 (323085.009.000) 05/11 15:54:57 Job submitted from host: <188.184.95.166:9618?addrs=188.184.95.166-9618+[2001-1458-201-e4--100-7a0]-9618&alias=tbird02.cern.ch&noUDP&sock=schedd_2138722_faad_3>
...
040 (323085.009.000) 05/11 15:56:22 Started transferring input files
	Transferring to host: <188.184.132.34:9618?addrs=188.184.132.34-9618+[2001-1458-301-a0--100-30]-9618&noUDP&sock=4145_4702_126767>
...
040 (323085.009.000) 05/11 15:56:22 Finished transferring input files
...
001 (323085.009.000) 05/11 15:56:23 Job executing on host: <188.184.132.34:9618?addrs=188.184.132.34-9618+[2001-1458-301-a0--100-30]-9618&noUDP&sock=2343_ae7c_3>
...
006 (323085.009.000) 05/11 15:56:31 Image size of job updated: 228924
	147  -  MemoryUsage of job (MB)
	150384  -  ResidentSetSize of job (KB)
...
006 (323085.009.000) 05/11 16:01:31 Image size of job updated: 573540
	477  -  MemoryUsage of job (MB)
	487784  -  ResidentSetSize of job (KB)
...
006 (323085.009.000) 05/11 16:05:02 Image size of job updated: 573668
	477  -  MemoryUsage of job (MB)
	487784  -  ResidentSetSize of job (KB)
...
040 (323085.009.000) 05/11 16:05:02 Started transferring output files
...
040 (323085.009.000) 05/11 16:05:02 Finished transferring output files
...
005 (323085.009.000) 05/11 16:05:02 Job terminated.
	(1) Normal termination (return value 1)
		Usr 0 00:07:30, Sys 0 00:00:56  -  Run Remote Usage
		Usr 0 00:00:00, Sys 0 00:00:00  -  Run Local Usage
		Usr 0 00:07:30, Sys 0 00:00:56  -  Total Remote Usage
		Usr 0 00:00:00, Sys 0 00:00:00  -  Total Local Usage
	8552  -  Run Bytes Sent By Job
	10941  -  Run Bytes Received By Job
	8552  -  Total Bytes Sent By Job
	10941  -  Total Bytes Received By Job
	Partitionable Resources :    Usage  Request Allocated 
	   Cpus                 :                 1           
	   Disk (KB)            :       71        1   2106183 
	   Memory (MB)          :      477     2000      2000 
...
