000 (323082.011.000) 05/11 15:54:55 Job submitted from host: <188.184.95.166:9618?addrs=188.184.95.166-9618+[2001-1458-201-e4--100-7a0]-9618&alias=tbird02.cern.ch&noUDP&sock=schedd_2138722_faad_3>
...
040 (323082.011.000) 05/11 15:55:58 Started transferring input files
	Transferring to host: <128.142.240.13:9618?addrs=128.142.240.13-9618+[2001-1458-301-f9--100-33]-9618&noUDP&sock=29772_d134_114>
...
040 (323082.011.000) 05/11 15:55:58 Finished transferring input files
...
001 (323082.011.000) 05/11 15:55:59 Job executing on host: <128.142.240.13:9618?addrs=128.142.240.13-9618+[2001-1458-301-f9--100-33]-9618&noUDP&sock=2675_67ee_3>
...
006 (323082.011.000) 05/11 15:56:07 Image size of job updated: 114676
	100  -  MemoryUsage of job (MB)
	101540  -  ResidentSetSize of job (KB)
...
006 (323082.011.000) 05/11 16:01:07 Image size of job updated: 400036
	391  -  MemoryUsage of job (MB)
	399376  -  ResidentSetSize of job (KB)
...
006 (323082.011.000) 05/11 16:06:08 Image size of job updated: 486732
	475  -  MemoryUsage of job (MB)
	486072  -  ResidentSetSize of job (KB)
...
006 (323082.011.000) 05/11 16:11:09 Image size of job updated: 486872
	475  -  MemoryUsage of job (MB)
	486212  -  ResidentSetSize of job (KB)
...
040 (323082.011.000) 05/11 16:13:55 Started transferring output files
...
040 (323082.011.000) 05/11 16:13:55 Finished transferring output files
...
005 (323082.011.000) 05/11 16:13:55 Job terminated.
	(1) Normal termination (return value 1)
		Usr 0 00:15:29, Sys 0 00:01:40  -  Run Remote Usage
		Usr 0 00:00:00, Sys 0 00:00:00  -  Run Local Usage
		Usr 0 00:15:29, Sys 0 00:01:40  -  Total Remote Usage
		Usr 0 00:00:00, Sys 0 00:00:00  -  Total Local Usage
	13874  -  Run Bytes Sent By Job
	10941  -  Run Bytes Received By Job
	13874  -  Total Bytes Sent By Job
	10941  -  Total Bytes Received By Job
	Partitionable Resources :    Usage  Request Allocated 
	   Cpus                 :     0.95        1         1 
	   Disk (KB)            :    80           1    219934 
	   Memory (MB)          :   475        2000      2000 
...
