000 (323097.028.000) 05/11 15:55:04 Job submitted from host: <188.184.95.166:9618?addrs=188.184.95.166-9618+[2001-1458-201-e4--100-7a0]-9618&alias=tbird02.cern.ch&noUDP&sock=schedd_2138722_faad_3>
...
040 (323097.028.000) 05/11 16:03:46 Started transferring input files
	Transferring to host: <188.184.186.13:9618?addrs=188.184.186.13-9618+[2001-1458-301-f8--100-16]-9618&noUDP&sock=3975_7f3b_126788>
...
040 (323097.028.000) 05/11 16:03:46 Finished transferring input files
...
001 (323097.028.000) 05/11 16:03:47 Job executing on host: <188.184.186.13:9618?addrs=188.184.186.13-9618+[2001-1458-301-f8--100-16]-9618&noUDP&sock=2335_31ba_3>
...
006 (323097.028.000) 05/11 16:03:56 Image size of job updated: 316756
	226  -  MemoryUsage of job (MB)
	231208  -  ResidentSetSize of job (KB)
...
006 (323097.028.000) 05/11 16:08:39 Image size of job updated: 595712
	226  -  MemoryUsage of job (MB)
	231208  -  ResidentSetSize of job (KB)
...
040 (323097.028.000) 05/11 16:08:39 Started transferring output files
...
040 (323097.028.000) 05/11 16:08:39 Finished transferring output files
...
005 (323097.028.000) 05/11 16:08:39 Job terminated.
	(1) Normal termination (return value 1)
		Usr 0 00:04:09, Sys 0 00:00:32  -  Run Remote Usage
		Usr 0 00:00:00, Sys 0 00:00:00  -  Run Local Usage
		Usr 0 00:04:09, Sys 0 00:00:32  -  Total Remote Usage
		Usr 0 00:00:00, Sys 0 00:00:00  -  Total Local Usage
	7072  -  Run Bytes Sent By Job
	10941  -  Run Bytes Received By Job
	7072  -  Total Bytes Sent By Job
	10941  -  Total Bytes Received By Job
	Partitionable Resources :    Usage  Request Allocated 
	   Cpus                 :                 1           
	   Disk (KB)            :       70        1   2148435 
	   Memory (MB)          :      226     2000      2000 
...
