000 (323089.003.000) 05/11 15:54:59 Job submitted from host: <188.184.95.166:9618?addrs=188.184.95.166-9618+[2001-1458-201-e4--100-7a0]-9618&alias=tbird02.cern.ch&noUDP&sock=schedd_2138722_faad_3>
...
040 (323089.003.000) 05/11 15:56:57 Started transferring input files
	Transferring to host: <188.184.132.35:9618?addrs=188.184.132.35-9618+[2001-1458-301-a0--100-11]-9618&noUDP&sock=20896_df4b_86>
...
040 (323089.003.000) 05/11 15:56:57 Finished transferring input files
...
001 (323089.003.000) 05/11 15:56:58 Job executing on host: <188.184.132.35:9618?addrs=188.184.132.35-9618+[2001-1458-301-a0--100-11]-9618&noUDP&sock=2441_e6c4_3>
...
006 (323089.003.000) 05/11 15:57:07 Image size of job updated: 202472
	125  -  MemoryUsage of job (MB)
	127340  -  ResidentSetSize of job (KB)
...
006 (323089.003.000) 05/11 16:02:08 Image size of job updated: 483116
	392  -  MemoryUsage of job (MB)
	401200  -  ResidentSetSize of job (KB)
...
006 (323089.003.000) 05/11 16:07:09 Image size of job updated: 568212
	475  -  MemoryUsage of job (MB)
	486296  -  ResidentSetSize of job (KB)
...
006 (323089.003.000) 05/11 16:12:09 Image size of job updated: 570172
	477  -  MemoryUsage of job (MB)
	488256  -  ResidentSetSize of job (KB)
...
006 (323089.003.000) 05/11 16:12:24 Image size of job updated: 664900
	477  -  MemoryUsage of job (MB)
	488256  -  ResidentSetSize of job (KB)
...
040 (323089.003.000) 05/11 16:12:24 Started transferring output files
...
040 (323089.003.000) 05/11 16:12:24 Finished transferring output files
...
005 (323089.003.000) 05/11 16:12:24 Job terminated.
	(1) Normal termination (return value 1)
		Usr 0 00:13:23, Sys 0 00:01:24  -  Run Remote Usage
		Usr 0 00:00:00, Sys 0 00:00:00  -  Run Local Usage
		Usr 0 00:13:23, Sys 0 00:01:24  -  Total Remote Usage
		Usr 0 00:00:00, Sys 0 00:00:00  -  Total Local Usage
	8551  -  Run Bytes Sent By Job
	10941  -  Run Bytes Received By Job
	8551  -  Total Bytes Sent By Job
	10941  -  Total Bytes Received By Job
	Partitionable Resources :    Usage  Request Allocated 
	   Cpus                 :     1.00        1         1 
	   Disk (KB)            :    78           1    212293 
	   Memory (MB)          :   477        2000      2000 
...
