000 (323102.003.000) 05/11 15:55:08 Job submitted from host: <188.184.95.166:9618?addrs=188.184.95.166-9618+[2001-1458-201-e4--100-7a0]-9618&alias=tbird02.cern.ch&noUDP&sock=schedd_2138722_faad_3>
...
040 (323102.003.000) 05/11 16:05:45 Started transferring input files
	Transferring to host: <188.184.132.7:9618?addrs=188.184.132.7-9618+[2001-1458-301-a0--100-19]-9618&noUDP&sock=2852_3ded_126783>
...
040 (323102.003.000) 05/11 16:05:45 Finished transferring input files
...
001 (323102.003.000) 05/11 16:05:46 Job executing on host: <188.184.132.7:9618?addrs=188.184.132.7-9618+[2001-1458-301-a0--100-19]-9618&noUDP&sock=2359_a800_3>
...
006 (323102.003.000) 05/11 16:05:54 Image size of job updated: 336988
	249  -  MemoryUsage of job (MB)
	254128  -  ResidentSetSize of job (KB)
...
006 (323102.003.000) 05/11 16:10:54 Image size of job updated: 590756
	496  -  MemoryUsage of job (MB)
	507844  -  ResidentSetSize of job (KB)
...
040 (323102.003.000) 05/11 16:15:15 Started transferring output files
...
040 (323102.003.000) 05/11 16:15:15 Finished transferring output files
...
005 (323102.003.000) 05/11 16:15:15 Job terminated.
	(1) Normal termination (return value 1)
		Usr 0 00:08:17, Sys 0 00:01:00  -  Run Remote Usage
		Usr 0 00:00:00, Sys 0 00:00:00  -  Run Local Usage
		Usr 0 00:08:17, Sys 0 00:01:00  -  Total Remote Usage
		Usr 0 00:00:00, Sys 0 00:00:00  -  Total Local Usage
	8607  -  Run Bytes Sent By Job
	10941  -  Run Bytes Received By Job
	8607  -  Total Bytes Sent By Job
	10941  -  Total Bytes Received By Job
	Partitionable Resources :    Usage  Request Allocated 
	   Cpus                 :                 1           
	   Disk (KB)            :       72        1   2195683 
	   Memory (MB)          :      496     2000      2000 
...
