000 (323091.017.000) 05/11 15:55:01 Job submitted from host: <188.184.95.166:9618?addrs=188.184.95.166-9618+[2001-1458-201-e4--100-7a0]-9618&alias=tbird02.cern.ch&noUDP&sock=schedd_2138722_faad_3>
...
040 (323091.017.000) 05/11 15:59:00 Started transferring input files
	Transferring to host: <188.184.133.235:9618?addrs=188.184.133.235-9618+[2001-1458-301-a0--100-23a]-9618&noUDP&sock=12937_0967_103410>
...
040 (323091.017.000) 05/11 15:59:00 Finished transferring input files
...
001 (323091.017.000) 05/11 15:59:01 Job executing on host: <188.184.133.235:9618?addrs=188.184.133.235-9618+[2001-1458-301-a0--100-23a]-9618&noUDP&sock=12730_4cb5_3>
...
006 (323091.017.000) 05/11 15:59:10 Image size of job updated: 338668
	248  -  MemoryUsage of job (MB)
	253860  -  ResidentSetSize of job (KB)
...
006 (323091.017.000) 05/11 16:04:11 Image size of job updated: 592444
	496  -  MemoryUsage of job (MB)
	507576  -  ResidentSetSize of job (KB)
...
040 (323091.017.000) 05/11 16:07:42 Started transferring output files
...
040 (323091.017.000) 05/11 16:07:42 Finished transferring output files
...
005 (323091.017.000) 05/11 16:07:42 Job terminated.
	(1) Normal termination (return value 1)
		Usr 0 00:07:35, Sys 0 00:01:00  -  Run Remote Usage
		Usr 0 00:00:00, Sys 0 00:00:00  -  Run Local Usage
		Usr 0 00:07:35, Sys 0 00:01:00  -  Total Remote Usage
		Usr 0 00:00:00, Sys 0 00:00:00  -  Total Local Usage
	8612  -  Run Bytes Sent By Job
	10941  -  Run Bytes Received By Job
	8612  -  Total Bytes Sent By Job
	10941  -  Total Bytes Received By Job
	Partitionable Resources :    Usage  Request Allocated 
	   Cpus                 :                 1           
	   Disk (KB)            :       71        1   2117734 
	   Memory (MB)          :      496     2000      2000 
...
