000 (323085.019.000) 05/11 15:54:57 Job submitted from host: <188.184.95.166:9618?addrs=188.184.95.166-9618+[2001-1458-201-e4--100-7a0]-9618&alias=tbird02.cern.ch&noUDP&sock=schedd_2138722_faad_3>
...
040 (323085.019.000) 05/11 15:56:23 Started transferring input files
	Transferring to host: <188.184.207.229:9618?addrs=188.184.207.229-9618+[2001-1458-301-7d--100-312]-9618&noUDP&sock=4258_e566_126436>
...
040 (323085.019.000) 05/11 15:56:23 Finished transferring input files
...
001 (323085.019.000) 05/11 15:56:24 Job executing on host: <188.184.207.229:9618?addrs=188.184.207.229-9618+[2001-1458-301-7d--100-312]-9618&noUDP&sock=2319_3837_3>
...
006 (323085.019.000) 05/11 15:56:33 Image size of job updated: 231556
	150  -  MemoryUsage of job (MB)
	153016  -  ResidentSetSize of job (KB)
...
006 (323085.019.000) 05/11 16:01:33 Image size of job updated: 572928
	476  -  MemoryUsage of job (MB)
	487164  -  ResidentSetSize of job (KB)
...
040 (323085.019.000) 05/11 16:05:37 Started transferring output files
...
040 (323085.019.000) 05/11 16:05:37 Finished transferring output files
...
005 (323085.019.000) 05/11 16:05:37 Job terminated.
	(1) Normal termination (return value 1)
		Usr 0 00:08:01, Sys 0 00:00:57  -  Run Remote Usage
		Usr 0 00:00:00, Sys 0 00:00:00  -  Run Local Usage
		Usr 0 00:08:01, Sys 0 00:00:57  -  Total Remote Usage
		Usr 0 00:00:00, Sys 0 00:00:00  -  Total Local Usage
	8556  -  Run Bytes Sent By Job
	10941  -  Run Bytes Received By Job
	8556  -  Total Bytes Sent By Job
	10941  -  Total Bytes Received By Job
	Partitionable Resources :    Usage  Request Allocated 
	   Cpus                 :                 1           
	   Disk (KB)            :       71        1   2173890 
	   Memory (MB)          :      476     2000      2000 
...
