000 (323092.007.000) 05/11 15:55:01 Job submitted from host: <188.184.95.166:9618?addrs=188.184.95.166-9618+[2001-1458-201-e4--100-7a0]-9618&alias=tbird02.cern.ch&noUDP&sock=schedd_2138722_faad_3>
...
040 (323092.007.000) 05/11 15:58:04 Started transferring input files
	Transferring to host: <188.184.133.230:9618?addrs=188.184.133.230-9618+[2001-1458-301-a0--100-39e]-9618&noUDP&sock=14733_7b30_102713>
...
040 (323092.007.000) 05/11 15:58:04 Finished transferring input files
...
001 (323092.007.000) 05/11 15:58:05 Job executing on host: <188.184.133.230:9618?addrs=188.184.133.230-9618+[2001-1458-301-a0--100-39e]-9618&noUDP&sock=14404_863f_3>
...
006 (323092.007.000) 05/11 15:58:14 Image size of job updated: 315468
	228  -  MemoryUsage of job (MB)
	232596  -  ResidentSetSize of job (KB)
...
006 (323092.007.000) 05/11 16:03:15 Image size of job updated: 591556
	497  -  MemoryUsage of job (MB)
	508684  -  ResidentSetSize of job (KB)
...
040 (323092.007.000) 05/11 16:06:23 Started transferring output files
...
040 (323092.007.000) 05/11 16:06:23 Finished transferring output files
...
005 (323092.007.000) 05/11 16:06:23 Job terminated.
	(1) Normal termination (return value 1)
		Usr 0 00:07:14, Sys 0 00:00:59  -  Run Remote Usage
		Usr 0 00:00:00, Sys 0 00:00:00  -  Run Local Usage
		Usr 0 00:07:14, Sys 0 00:00:59  -  Total Remote Usage
		Usr 0 00:00:00, Sys 0 00:00:00  -  Total Local Usage
	8619  -  Run Bytes Sent By Job
	10941  -  Run Bytes Received By Job
	8619  -  Total Bytes Sent By Job
	10941  -  Total Bytes Received By Job
	Partitionable Resources :    Usage  Request Allocated 
	   Cpus                 :                 1           
	   Disk (KB)            :       71        1   2144291 
	   Memory (MB)          :      497     2000      2000 
...
