000 (323081.017.000) 05/11 15:54:55 Job submitted from host: <188.184.95.166:9618?addrs=188.184.95.166-9618+[2001-1458-201-e4--100-7a0]-9618&alias=tbird02.cern.ch&noUDP&sock=schedd_2138722_faad_3>
...
040 (323081.017.000) 05/11 15:55:51 Started transferring input files
	Transferring to host: <188.184.133.249:9618?addrs=188.184.133.249-9618+[2001-1458-301-a0--100-4d0]-9618&noUDP&sock=13055_2dac_103479>
...
040 (323081.017.000) 05/11 15:55:51 Finished transferring input files
...
001 (323081.017.000) 05/11 15:55:52 Job executing on host: <188.184.133.249:9618?addrs=188.184.133.249-9618+[2001-1458-301-a0--100-4d0]-9618&noUDP&sock=12848_3ce2_3>
...
006 (323081.017.000) 05/11 15:56:00 Image size of job updated: 255744
	173  -  MemoryUsage of job (MB)
	176488  -  ResidentSetSize of job (KB)
...
006 (323081.017.000) 05/11 16:01:00 Image size of job updated: 577236
	480  -  MemoryUsage of job (MB)
	491480  -  ResidentSetSize of job (KB)
...
006 (323081.017.000) 05/11 16:03:50 Image size of job updated: 578080
	480  -  MemoryUsage of job (MB)
	491480  -  ResidentSetSize of job (KB)
...
040 (323081.017.000) 05/11 16:03:50 Started transferring output files
...
040 (323081.017.000) 05/11 16:03:50 Finished transferring output files
...
005 (323081.017.000) 05/11 16:03:50 Job terminated.
	(1) Normal termination (return value 1)
		Usr 0 00:06:56, Sys 0 00:00:51  -  Run Remote Usage
		Usr 0 00:00:00, Sys 0 00:00:00  -  Run Local Usage
		Usr 0 00:06:56, Sys 0 00:00:51  -  Total Remote Usage
		Usr 0 00:00:00, Sys 0 00:00:00  -  Total Local Usage
	8556  -  Run Bytes Sent By Job
	10941  -  Run Bytes Received By Job
	8556  -  Total Bytes Sent By Job
	10941  -  Total Bytes Received By Job
	Partitionable Resources :    Usage  Request Allocated 
	   Cpus                 :                 1           
	   Disk (KB)            :       71        1   2165277 
	   Memory (MB)          :      480     2000      2000 
...
