000 (323088.020.000) 05/11 15:54:59 Job submitted from host: <188.184.95.166:9618?addrs=188.184.95.166-9618+[2001-1458-201-e4--100-7a0]-9618&alias=tbird02.cern.ch&noUDP&sock=schedd_2138722_faad_3>
...
040 (323088.020.000) 05/11 15:56:52 Started transferring input files
	Transferring to host: <188.184.186.25:9618?addrs=188.184.186.25-9618+[2001-1458-301-f8--100-22]-9618&noUDP&sock=29456_2aa7_67>
...
040 (323088.020.000) 05/11 15:56:52 Finished transferring input files
...
001 (323088.020.000) 05/11 15:56:53 Job executing on host: <188.184.186.25:9618?addrs=188.184.186.25-9618+[2001-1458-301-f8--100-22]-9618&noUDP&sock=2442_965d_3>
...
006 (323088.020.000) 05/11 15:57:02 Image size of job updated: 253504
	247  -  MemoryUsage of job (MB)
	252320  -  ResidentSetSize of job (KB)
...
006 (323088.020.000) 05/11 16:02:03 Image size of job updated: 458852
	448  -  MemoryUsage of job (MB)
	458688  -  ResidentSetSize of job (KB)
...
006 (323088.020.000) 05/11 16:07:04 Image size of job updated: 486448
	475  -  MemoryUsage of job (MB)
	486284  -  ResidentSetSize of job (KB)
...
006 (323088.020.000) 05/11 16:10:06 Image size of job updated: 486604
	475  -  MemoryUsage of job (MB)
	486284  -  ResidentSetSize of job (KB)
...
040 (323088.020.000) 05/11 16:10:06 Started transferring output files
...
040 (323088.020.000) 05/11 16:10:06 Finished transferring output files
...
005 (323088.020.000) 05/11 16:10:06 Job terminated.
	(1) Normal termination (return value 1)
		Usr 0 00:11:33, Sys 0 00:01:16  -  Run Remote Usage
		Usr 0 00:00:00, Sys 0 00:00:00  -  Run Local Usage
		Usr 0 00:11:33, Sys 0 00:01:16  -  Total Remote Usage
		Usr 0 00:00:00, Sys 0 00:00:00  -  Total Local Usage
	8556  -  Run Bytes Sent By Job
	10941  -  Run Bytes Received By Job
	8556  -  Total Bytes Sent By Job
	10941  -  Total Bytes Received By Job
	Partitionable Resources :    Usage  Request Allocated 
	   Cpus                 :     1.00        1         1 
	   Disk (KB)            :    78           1    220778 
	   Memory (MB)          :   475        2000      2000 
...
