   TTToSemilepton_powheg_part9   MC  29 chunks


I have 1 taks to process
I'm using the following list of modules DEFAULT_MODULES
this is jobs [('TTToSemilepton_powheg_part9', 'MY_EOS_SPACE/heppyNtuples/TREES_TopDibosonsQCD_94X/TTToSemilepton_powheg_part9/treeProducerWMass/tree.root', 13182392.0, '_Friend_TTToSemilepton_powheg_part9.chunk25', False, xrange(6250000, 6500000), 25)]
Modules to run:  []   name =  puWeight
Loading puWeight from CMGTools.WMass.postprocessing.examples.puWeightProducer 
Running on dataset =  TTToSemilepton_powheg_part9
TFile: name=/afs/cern.ch/work/m/mciprian/w_mass_analysis/heppy/rel_slc7/CMSSW_9_4_12/src/CMGTools/WMass/python/postprocessing/data/pileup/mcPU_2016_W94XnoCutsWithGenWeights_nTrueInt.root, title=, option=READ
TFile: name=/afs/cern.ch/work/m/mciprian/w_mass_analysis/heppy/rel_slc7/CMSSW_9_4_12/src/CMGTools/WMass/python/postprocessing/data/pileup/PileupData_GoldenMuonJSON_Full2016.root, title=, option=READ
Load C++ Worker
Modules to run:  []   name =  muCalibratedWithStatVar
Loading muCalibratedWithStatVar from CMGTools.WMass.postprocessing.examples.lepVarProducer 
Running on dataset =  TTToSemilepton_powheg_part9
did not find EnergyScaleCorrection shared object, rebuilding
trying to load all the rochester correction libraries
did not find legacy data roccor. rebuilding...
done building legacy data roccor.
Modules to run:  []   name =  jetAllReCleaner
Loading jetAllReCleaner from CMGTools.WMass.postprocessing.examples.jetReCleaner 
Running on dataset =  TTToSemilepton_powheg_part9
Load C++ Worker
Modules to run:  []   name =  jetReCleaner
Loading jetReCleaner from CMGTools.WMass.postprocessing.examples.jetReCleaner 
Running on dataset =  TTToSemilepton_powheg_part9
Load C++ Worker
Modules to run:  []   name =  genQEDJets
Loading genQEDJets from CMGTools.WMass.postprocessing.examples.genFriendProducer 
Running on dataset =  TTToSemilepton_powheg_part9
Will write selected trees to MY_EOS_SPACE/heppyNtuples/TREES_TopDibosonsQCD_94X/friends/
Normalization of nTrueInt_Wnopt: 3.68902e+10
Normalization of pileup: 3.68902e+10
Weights for variable nTrueInt_Wnopt with a number of bins equal to 102:
1 0.3634 0.9215 1.196 0.96 1.118 1.157 0.9675 0.9293 0.9192 0.8823 0.9553 1.062 1.116 1.167 1.194 1.2 1.193 1.177 1.14 1.092 1.06 1.047 1.046 1.047 1.048 1.06 1.077 1.092 1.106 1.122 1.108 1.097 1.051 0.992 0.9144 0.8237 0.7175 0.6087 0.5019 0.4029 0.3076 0.2264 0.1622 0.1123 0.07656 0.05052 0.03159 0.01992 0.01212 0.007355 0.004361 0.002593 0.001553 0.0009624 0.0007219 0.0006632 0.0007233 0.0009289 0.001329 0.001772 0.003222 0.004042 0.00487 0.005064 0.005658 0.005309 0.004846 0.004101 0.003977 0.003686 0.003306 0.002672 0.002286 0.001878 0.00167 1 1 1 1 1 1 1 1 1 1 1 1 1 1 1 1 1 1 1 1 1 1 1 1 1 1 .
Final weights: 
1 0.3634 0.9215 1.196 0.96 1.118 1.157 0.9675 0.9293 0.9192 0.8823 0.9553 1.062 1.116 1.167 1.194 1.2 1.193 1.177 1.14 1.092 1.06 1.047 1.046 1.047 1.048 1.06 1.077 1.092 1.106 1.122 1.108 1.097 1.051 0.992 0.9144 0.8237 0.7175 0.6087 0.5019 0.4029 0.3076 0.2264 0.1622 0.1123 0.07656 0.05052 0.03159 0.01992 0.01212 0.007355 0.004361 0.002593 0.001553 0.0009624 0.0007219 0.0006632 0.0007233 0.0009289 0.001329 0.001772 0.003222 0.004042 0.00487 0.005064 0.005658 0.005309 0.004846 0.004101 0.003977 0.003686 0.003306 0.002672 0.002286 0.001878 0.00167 1 1 1 1 1 1 1 1 1 1 1 1 1 1 1 1 1 1 1 1 1 1 1 1 1 1 .
begin job of lepCalProducer
initializing all the rochester correction objects
initializing the egamma calibrator
Processed  6250000/ 7222803 entries (elapsed time     0.4s, curr speed   26.316 kHz, avg speed 16447.368 kHz), accepted        1/       1 events (100.00%)
Processed  6260000/ 7222803 entries (elapsed time    22.9s, curr speed    0.445 kHz, avg speed  273.961 kHz), accepted    10001/   10001 events (100.00%)
Processed  6270000/ 7222803 entries (elapsed time    45.4s, curr speed    0.443 kHz, avg speed  138.045 kHz), accepted    20001/   20001 events (100.00%)
Processed  6280000/ 7222803 entries (elapsed time    68.4s, curr speed    0.436 kHz, avg speed   91.867 kHz), accepted    30001/   30001 events (100.00%)
Processed  6290000/ 7222803 entries (elapsed time    91.6s, curr speed    0.430 kHz, avg speed   68.668 kHz), accepted    40001/   40001 events (100.00%)
Processed  6300000/ 7222803 entries (elapsed time   114.4s, curr speed    0.439 kHz, avg speed   55.070 kHz), accepted    50001/   50001 events (100.00%)
Processed  6310000/ 7222803 entries (elapsed time   137.6s, curr speed    0.431 kHz, avg speed   45.861 kHz), accepted    60001/   60001 events (100.00%)
Processed  6320000/ 7222803 entries (elapsed time   156.7s, curr speed    0.523 kHz, avg speed   40.329 kHz), accepted    70001/   70001 events (100.00%)
Processed  6330000/ 7222803 entries (elapsed time   175.8s, curr speed    0.524 kHz, avg speed   36.009 kHz), accepted    80001/   80001 events (100.00%)
Processed  6340000/ 7222803 entries (elapsed time   194.9s, curr speed    0.522 kHz, avg speed   32.523 kHz), accepted    90001/   90001 events (100.00%)
Processed  6350000/ 7222803 entries (elapsed time   214.1s, curr speed    0.522 kHz, avg speed   29.658 kHz), accepted   100001/  100001 events (100.00%)
Processed  6360000/ 7222803 entries (elapsed time   233.5s, curr speed    0.516 kHz, avg speed   27.240 kHz), accepted   110001/  110001 events (100.00%)
Processed  6370000/ 7222803 entries (elapsed time   274.6s, curr speed    0.243 kHz, avg speed   23.201 kHz), accepted   120001/  120001 events (100.00%)
Processed  6380000/ 7222803 entries (elapsed time   295.0s, curr speed    0.490 kHz, avg speed   21.629 kHz), accepted   130001/  130001 events (100.00%)
Processed  6390000/ 7222803 entries (elapsed time   314.6s, curr speed    0.509 kHz, avg speed   20.311 kHz), accepted   140001/  140001 events (100.00%)
Processed  6400000/ 7222803 entries (elapsed time   333.9s, curr speed    0.517 kHz, avg speed   19.165 kHz), accepted   150001/  150001 events (100.00%)
Processed  6410000/ 7222803 entries (elapsed time   353.7s, curr speed    0.506 kHz, avg speed   18.123 kHz), accepted   160001/  160001 events (100.00%)
Processed  6420000/ 7222803 entries (elapsed time   373.2s, curr speed    0.513 kHz, avg speed   17.204 kHz), accepted   170001/  170001 events (100.00%)
Processed  6430000/ 7222803 entries (elapsed time   414.1s, curr speed    0.244 kHz, avg speed   15.528 kHz), accepted   180001/  180001 events (100.00%)
Processed  6440000/ 7222803 entries (elapsed time   434.0s, curr speed    0.502 kHz, avg speed   14.838 kHz), accepted   190001/  190001 events (100.00%)
Processed  6450000/ 7222803 entries (elapsed time   453.5s, curr speed    0.513 kHz, avg speed   14.222 kHz), accepted   200001/  200001 events (100.00%)
Processed  6460000/ 7222803 entries (elapsed time   473.2s, curr speed    0.508 kHz, avg speed   13.652 kHz), accepted   210001/  210001 events (100.00%)
Processed  6470000/ 7222803 entries (elapsed time   492.2s, curr speed    0.527 kHz, avg speed   13.146 kHz), accepted   220001/  220001 events (100.00%)
Processed  6480000/ 7222803 entries (elapsed time   511.0s, curr speed    0.531 kHz, avg speed   12.681 kHz), accepted   230001/  230001 events (100.00%)
Processed  6490000/ 7222803 entries (elapsed time   552.4s, curr speed    0.242 kHz, avg speed   11.750 kHz), accepted   240001/  240001 events (100.00%)
Processed 250000 entries from MY_EOS_SPACE/heppyNtuples/TREES_TopDibosonsQCD_94X/TTToSemilepton_powheg_part9/treeProducerWMass/tree.root, selected 250000 entries
Done MY_EOS_SPACE/heppyNtuples/TREES_TopDibosonsQCD_94X/friends/tree_Friend_TTToSemilepton_powheg_part9.chunk25.root
