000 (323098.008.000) 05/11 15:55:05 Job submitted from host: <188.184.95.166:9618?addrs=188.184.95.166-9618+[2001-1458-201-e4--100-7a0]-9618&alias=tbird02.cern.ch&noUDP&sock=schedd_2138722_faad_3>
...
040 (323098.008.000) 05/11 16:04:03 Started transferring input files
	Transferring to host: <188.184.207.229:9618?addrs=188.184.207.229-9618+[2001-1458-301-7d--100-312]-9618&noUDP&sock=4258_e566_126440>
...
040 (323098.008.000) 05/11 16:04:03 Finished transferring input files
...
001 (323098.008.000) 05/11 16:04:04 Job executing on host: <188.184.207.229:9618?addrs=188.184.207.229-9618+[2001-1458-301-7d--100-312]-9618&noUDP&sock=2319_3837_3>
...
006 (323098.008.000) 05/11 16:04:13 Image size of job updated: 313064
	225  -  MemoryUsage of job (MB)
	230228  -  ResidentSetSize of job (KB)
...
006 (323098.008.000) 05/11 16:09:14 Image size of job updated: 510648
	498  -  MemoryUsage of job (MB)
	509068  -  ResidentSetSize of job (KB)
...
040 (323098.008.000) 05/11 16:13:19 Started transferring output files
...
040 (323098.008.000) 05/11 16:13:19 Finished transferring output files
...
005 (323098.008.000) 05/11 16:13:19 Job terminated.
	(1) Normal termination (return value 1)
		Usr 0 00:08:06, Sys 0 00:01:02  -  Run Remote Usage
		Usr 0 00:00:00, Sys 0 00:00:00  -  Run Local Usage
		Usr 0 00:08:06, Sys 0 00:01:02  -  Total Remote Usage
		Usr 0 00:00:00, Sys 0 00:00:00  -  Total Local Usage
	8608  -  Run Bytes Sent By Job
	10941  -  Run Bytes Received By Job
	8608  -  Total Bytes Sent By Job
	10941  -  Total Bytes Received By Job
	Partitionable Resources :    Usage  Request Allocated 
	   Cpus                 :                 1           
	   Disk (KB)            :       71        1   2173888 
	   Memory (MB)          :      498     2000      2000 
...
