000 (323089.027.000) 05/11 15:54:59 Job submitted from host: <188.184.95.166:9618?addrs=188.184.95.166-9618+[2001-1458-201-e4--100-7a0]-9618&alias=tbird02.cern.ch&noUDP&sock=schedd_2138722_faad_3>
...
040 (323089.027.000) 05/11 15:57:03 Started transferring input files
	Transferring to host: <128.142.240.20:9618?addrs=128.142.240.20-9618+[2001-1458-301-f9--100-4]-9618&noUDP&sock=29066_6057_81>
...
040 (323089.027.000) 05/11 15:57:03 Finished transferring input files
...
001 (323089.027.000) 05/11 15:57:04 Job executing on host: <128.142.240.20:9618?addrs=128.142.240.20-9618+[2001-1458-301-f9--100-4]-9618&noUDP&sock=2375_a184_3>
...
006 (323089.027.000) 05/11 15:57:12 Image size of job updated: 255660
	233  -  MemoryUsage of job (MB)
	237960  -  ResidentSetSize of job (KB)
...
006 (323089.027.000) 05/11 16:02:12 Image size of job updated: 444588
	424  -  MemoryUsage of job (MB)
	433668  -  ResidentSetSize of job (KB)
...
006 (323089.027.000) 05/11 16:07:13 Image size of job updated: 497296
	475  -  MemoryUsage of job (MB)
	486376  -  ResidentSetSize of job (KB)
...
040 (323089.027.000) 05/11 16:11:07 Started transferring output files
...
040 (323089.027.000) 05/11 16:11:07 Finished transferring output files
...
005 (323089.027.000) 05/11 16:11:07 Job terminated.
	(1) Normal termination (return value 1)
		Usr 0 00:12:14, Sys 0 00:01:19  -  Run Remote Usage
		Usr 0 00:00:00, Sys 0 00:00:00  -  Run Local Usage
		Usr 0 00:12:14, Sys 0 00:01:19  -  Total Remote Usage
		Usr 0 00:00:00, Sys 0 00:00:00  -  Total Local Usage
	8556  -  Run Bytes Sent By Job
	10941  -  Run Bytes Received By Job
	8556  -  Total Bytes Sent By Job
	10941  -  Total Bytes Received By Job
	Partitionable Resources :    Usage  Request Allocated 
	   Cpus                 :     1.00        1         1 
	   Disk (KB)            :    78           1    221890 
	   Memory (MB)          :   475        2000      2000 
...
