000 (323094.023.000) 05/11 15:55:02 Job submitted from host: <188.184.95.166:9618?addrs=188.184.95.166-9618+[2001-1458-201-e4--100-7a0]-9618&alias=tbird02.cern.ch&noUDP&sock=schedd_2138722_faad_3>
...
022 (323094.023.000) 05/11 16:00:54 Job disconnected, attempting to reconnect
    Socket between submit and execute hosts closed unexpectedly
    Trying to reconnect to slot1_1@b7g28n0095.cern.ch <188.184.186.30:9618?addrs=188.184.186.30-9618+[2001-1458-301-f8--100-2b]-9618&noUDP&sock=2326_0560_3>
...
024 (323094.023.000) 05/11 16:00:54 Job reconnection failed
    Job not found at execution machine
    Can not reconnect to slot1_1@b7g28n0095.cern.ch, rescheduling job
...
040 (323094.023.000) 05/11 16:01:27 Started transferring input files
	Transferring to host: <137.138.51.190:9618?addrs=137.138.51.190-9618+[--1]-9618&noUDP&sock=2645_6445_1990>
...
040 (323094.023.000) 05/11 16:01:27 Finished transferring input files
...
001 (323094.023.000) 05/11 16:01:28 Job executing on host: <137.138.51.190:9618?addrs=137.138.51.190-9618+[--1]-9618&noUDP&sock=1466_21ee_3>
...
006 (323094.023.000) 05/11 16:01:37 Image size of job updated: 323360
	236  -  MemoryUsage of job (MB)
	240676  -  ResidentSetSize of job (KB)
...
006 (323094.023.000) 05/11 16:06:38 Image size of job updated: 589796
	496  -  MemoryUsage of job (MB)
	506944  -  ResidentSetSize of job (KB)
...
040 (323094.023.000) 05/11 16:10:21 Started transferring output files
...
040 (323094.023.000) 05/11 16:10:21 Finished transferring output files
...
005 (323094.023.000) 05/11 16:10:21 Job terminated.
	(1) Normal termination (return value 1)
		Usr 0 00:07:30, Sys 0 00:01:01  -  Run Remote Usage
		Usr 0 00:00:00, Sys 0 00:00:00  -  Run Local Usage
		Usr 0 00:07:30, Sys 0 00:01:01  -  Total Remote Usage
		Usr 0 00:00:00, Sys 0 00:00:00  -  Total Local Usage
	13931  -  Run Bytes Sent By Job
	10941  -  Run Bytes Received By Job
	13931  -  Total Bytes Sent By Job
	10941  -  Total Bytes Received By Job
	Partitionable Resources :    Usage  Request Allocated 
	   Cpus                 :                 1           
	   Disk (KB)            :       74        1   2141886 
	   Memory (MB)          :      496     2000      2000 
...
