000 (323101.015.000) 05/11 15:55:08 Job submitted from host: <188.184.95.166:9618?addrs=188.184.95.166-9618+[2001-1458-201-e4--100-7a0]-9618&alias=tbird02.cern.ch&noUDP&sock=schedd_2138722_faad_3>
...
040 (323101.015.000) 05/11 16:05:16 Started transferring input files
	Transferring to host: <188.184.132.29:9618?addrs=188.184.132.29-9618+[2001-1458-301-a0--100-21]-9618&noUDP&sock=4064_349e_126641>
...
040 (323101.015.000) 05/11 16:05:16 Finished transferring input files
...
001 (323101.015.000) 05/11 16:05:17 Job executing on host: <188.184.132.29:9618?addrs=188.184.132.29-9618+[2001-1458-301-a0--100-21]-9618&noUDP&sock=2341_4f4c_3>
...
006 (323101.015.000) 05/11 16:05:26 Image size of job updated: 339436
	249  -  MemoryUsage of job (MB)
	254056  -  ResidentSetSize of job (KB)
...
006 (323101.015.000) 05/11 16:10:26 Image size of job updated: 509480
	495  -  MemoryUsage of job (MB)
	506748  -  ResidentSetSize of job (KB)
...
040 (323101.015.000) 05/11 16:14:11 Started transferring output files
...
040 (323101.015.000) 05/11 16:14:11 Finished transferring output files
...
005 (323101.015.000) 05/11 16:14:11 Job terminated.
	(1) Normal termination (return value 1)
		Usr 0 00:07:48, Sys 0 00:01:00  -  Run Remote Usage
		Usr 0 00:00:00, Sys 0 00:00:00  -  Run Local Usage
		Usr 0 00:07:48, Sys 0 00:01:00  -  Total Remote Usage
		Usr 0 00:00:00, Sys 0 00:00:00  -  Total Local Usage
	8612  -  Run Bytes Sent By Job
	10941  -  Run Bytes Received By Job
	8612  -  Total Bytes Sent By Job
	10941  -  Total Bytes Received By Job
	Partitionable Resources :    Usage  Request Allocated 
	   Cpus                 :                 1           
	   Disk (KB)            :       71        1   2126454 
	   Memory (MB)          :      495     2000      2000 
...
