000 (323090.017.000) 05/11 15:55:00 Job submitted from host: <188.184.95.166:9618?addrs=188.184.95.166-9618+[2001-1458-201-e4--100-7a0]-9618&alias=tbird02.cern.ch&noUDP&sock=schedd_2138722_faad_3>
...
040 (323090.017.000) 05/11 15:57:10 Started transferring input files
	Transferring to host: <188.184.132.10:9618?addrs=188.184.132.10-9618+[2001-1458-301-a0--100-3]-9618&noUDP&sock=29090_4958_74>
...
040 (323090.017.000) 05/11 15:57:10 Finished transferring input files
...
001 (323090.017.000) 05/11 15:57:11 Job executing on host: <188.184.132.10:9618?addrs=188.184.132.10-9618+[2001-1458-301-a0--100-3]-9618&noUDP&sock=2362_b6c9_3>
...
006 (323090.017.000) 05/11 15:57:20 Image size of job updated: 230036
	219  -  MemoryUsage of job (MB)
	223328  -  ResidentSetSize of job (KB)
...
006 (323090.017.000) 05/11 16:02:21 Image size of job updated: 487048
	476  -  MemoryUsage of job (MB)
	486824  -  ResidentSetSize of job (KB)
...
006 (323090.017.000) 05/11 16:07:21 Image size of job updated: 487588
	476  -  MemoryUsage of job (MB)
	487364  -  ResidentSetSize of job (KB)
...
006 (323090.017.000) 05/11 16:09:16 Image size of job updated: 488296
	477  -  MemoryUsage of job (MB)
	487428  -  ResidentSetSize of job (KB)
...
040 (323090.017.000) 05/11 16:09:16 Started transferring output files
...
040 (323090.017.000) 05/11 16:09:16 Finished transferring output files
...
005 (323090.017.000) 05/11 16:09:16 Job terminated.
	(1) Normal termination (return value 1)
		Usr 0 00:10:22, Sys 0 00:01:09  -  Run Remote Usage
		Usr 0 00:00:00, Sys 0 00:00:00  -  Run Local Usage
		Usr 0 00:10:22, Sys 0 00:01:09  -  Total Remote Usage
		Usr 0 00:00:00, Sys 0 00:00:00  -  Total Local Usage
	8555  -  Run Bytes Sent By Job
	10941  -  Run Bytes Received By Job
	8555  -  Total Bytes Sent By Job
	10941  -  Total Bytes Received By Job
	Partitionable Resources :    Usage  Request Allocated 
	   Cpus                 :     1.00        1         1 
	   Disk (KB)            :    78           1    222445 
	   Memory (MB)          :   477        2000      2000 
...
