000 (323095.003.000) 05/11 15:55:03 Job submitted from host: <188.184.95.166:9618?addrs=188.184.95.166-9618+[2001-1458-201-e4--100-7a0]-9618&alias=tbird02.cern.ch&noUDP&sock=schedd_2138722_faad_3>
...
040 (323095.003.000) 05/11 16:02:26 Started transferring input files
	Transferring to host: <188.184.133.219:9618?addrs=188.184.133.219-9618+[2001-1458-301-a0--100-50f]-9618&noUDP&sock=13589_6e02_104048>
...
040 (323095.003.000) 05/11 16:02:26 Finished transferring input files
...
001 (323095.003.000) 05/11 16:02:27 Job executing on host: <188.184.133.219:9618?addrs=188.184.133.219-9618+[2001-1458-301-a0--100-50f]-9618&noUDP&sock=13364_2bc0_3>
...
006 (323095.003.000) 05/11 16:02:36 Image size of job updated: 334904
	247  -  MemoryUsage of job (MB)
	252240  -  ResidentSetSize of job (KB)
...
006 (323095.003.000) 05/11 16:07:37 Image size of job updated: 504596
	493  -  MemoryUsage of job (MB)
	503848  -  ResidentSetSize of job (KB)
...
040 (323095.003.000) 05/11 16:11:21 Started transferring output files
...
040 (323095.003.000) 05/11 16:11:21 Finished transferring output files
...
005 (323095.003.000) 05/11 16:11:21 Job terminated.
	(1) Normal termination (return value 1)
		Usr 0 00:07:47, Sys 0 00:01:04  -  Run Remote Usage
		Usr 0 00:00:00, Sys 0 00:00:00  -  Run Local Usage
		Usr 0 00:07:47, Sys 0 00:01:04  -  Total Remote Usage
		Usr 0 00:00:00, Sys 0 00:00:00  -  Total Local Usage
	8616  -  Run Bytes Sent By Job
	10941  -  Run Bytes Received By Job
	8616  -  Total Bytes Sent By Job
	10941  -  Total Bytes Received By Job
	Partitionable Resources :    Usage  Request Allocated 
	   Cpus                 :                 1           
	   Disk (KB)            :       72        1   2177286 
	   Memory (MB)          :      493     2000      2000 
...
