000 (323103.024.000) 05/11 15:55:09 Job submitted from host: <188.184.95.166:9618?addrs=188.184.95.166-9618+[2001-1458-201-e4--100-7a0]-9618&alias=tbird02.cern.ch&noUDP&sock=schedd_2138722_faad_3>
...
040 (323103.024.000) 05/11 16:06:47 Started transferring input files
	Transferring to host: <188.184.132.41:9618?addrs=188.184.132.41-9618+[2001-1458-301-a0--100-7]-9618&noUDP&sock=20430_8878_87>
...
040 (323103.024.000) 05/11 16:06:47 Finished transferring input files
...
001 (323103.024.000) 05/11 16:06:48 Job executing on host: <188.184.132.41:9618?addrs=188.184.132.41-9618+[2001-1458-301-a0--100-7]-9618&noUDP&sock=2345_0dad_3>
...
006 (323103.024.000) 05/11 16:06:57 Image size of job updated: 215392
	143  -  MemoryUsage of job (MB)
	146428  -  ResidentSetSize of job (KB)
...
006 (323103.024.000) 05/11 16:11:58 Image size of job updated: 506428
	495  -  MemoryUsage of job (MB)
	506020  -  ResidentSetSize of job (KB)
...
006 (323103.024.000) 05/11 16:15:51 Image size of job updated: 894864
	495  -  MemoryUsage of job (MB)
	506020  -  ResidentSetSize of job (KB)
...
040 (323103.024.000) 05/11 16:15:51 Started transferring output files
...
040 (323103.024.000) 05/11 16:15:51 Finished transferring output files
...
005 (323103.024.000) 05/11 16:15:51 Job terminated.
	(1) Normal termination (return value 1)
		Usr 0 00:07:47, Sys 0 00:01:03  -  Run Remote Usage
		Usr 0 00:00:00, Sys 0 00:00:00  -  Run Local Usage
		Usr 0 00:07:47, Sys 0 00:01:03  -  Total Remote Usage
		Usr 0 00:00:00, Sys 0 00:00:00  -  Total Local Usage
	8612  -  Run Bytes Sent By Job
	10941  -  Run Bytes Received By Job
	8612  -  Total Bytes Sent By Job
	10941  -  Total Bytes Received By Job
	Partitionable Resources :    Usage  Request Allocated 
	   Cpus                 :     0.92        1         1 
	   Disk (KB)            :    79           1    213282 
	   Memory (MB)          :   495        2000      2000 
...
