   TTToSemilepton_powheg_part6   MC  26 chunks


I have 1 taks to process
I'm using the following list of modules DEFAULT_MODULES
this is jobs [('TTToSemilepton_powheg_part6', 'MY_EOS_SPACE/heppyNtuples/TREES_TopDibosonsQCD_94X/TTToSemilepton_powheg_part6/treeProducerWMass/tree.root', 11792156.0, '_Friend_TTToSemilepton_powheg_part6.chunk25', False, xrange(6250000, 6454113), 25)]
Modules to run:  []   name =  puWeight
Loading puWeight from CMGTools.WMass.postprocessing.examples.puWeightProducer 
Running on dataset =  TTToSemilepton_powheg_part6
TFile: name=/afs/cern.ch/work/m/mciprian/w_mass_analysis/heppy/rel_slc7/CMSSW_9_4_12/src/CMGTools/WMass/python/postprocessing/data/pileup/mcPU_2016_W94XnoCutsWithGenWeights_nTrueInt.root, title=, option=READ
TFile: name=/afs/cern.ch/work/m/mciprian/w_mass_analysis/heppy/rel_slc7/CMSSW_9_4_12/src/CMGTools/WMass/python/postprocessing/data/pileup/PileupData_GoldenMuonJSON_Full2016.root, title=, option=READ
Load C++ Worker
Modules to run:  []   name =  muCalibratedWithStatVar
Loading muCalibratedWithStatVar from CMGTools.WMass.postprocessing.examples.lepVarProducer 
Running on dataset =  TTToSemilepton_powheg_part6
did not find EnergyScaleCorrection shared object, rebuilding
trying to load all the rochester correction libraries
did not find legacy data roccor. rebuilding...
done building legacy data roccor.
Modules to run:  []   name =  jetAllReCleaner
Loading jetAllReCleaner from CMGTools.WMass.postprocessing.examples.jetReCleaner 
Running on dataset =  TTToSemilepton_powheg_part6
Load C++ Worker
Modules to run:  []   name =  jetReCleaner
Loading jetReCleaner from CMGTools.WMass.postprocessing.examples.jetReCleaner 
Running on dataset =  TTToSemilepton_powheg_part6
Load C++ Worker
Modules to run:  []   name =  genQEDJets
Loading genQEDJets from CMGTools.WMass.postprocessing.examples.genFriendProducer 
Running on dataset =  TTToSemilepton_powheg_part6
Will write selected trees to MY_EOS_SPACE/heppyNtuples/TREES_TopDibosonsQCD_94X/friends/
Normalization of nTrueInt_Wnopt: 3.68902e+10
Normalization of pileup: 3.68902e+10
Weights for variable nTrueInt_Wnopt with a number of bins equal to 102:
1 0.3634 0.9215 1.196 0.96 1.118 1.157 0.9675 0.9293 0.9192 0.8823 0.9553 1.062 1.116 1.167 1.194 1.2 1.193 1.177 1.14 1.092 1.06 1.047 1.046 1.047 1.048 1.06 1.077 1.092 1.106 1.122 1.108 1.097 1.051 0.992 0.9144 0.8237 0.7175 0.6087 0.5019 0.4029 0.3076 0.2264 0.1622 0.1123 0.07656 0.05052 0.03159 0.01992 0.01212 0.007355 0.004361 0.002593 0.001553 0.0009624 0.0007219 0.0006632 0.0007233 0.0009289 0.001329 0.001772 0.003222 0.004042 0.00487 0.005064 0.005658 0.005309 0.004846 0.004101 0.003977 0.003686 0.003306 0.002672 0.002286 0.001878 0.00167 1 1 1 1 1 1 1 1 1 1 1 1 1 1 1 1 1 1 1 1 1 1 1 1 1 1 .
Final weights: 
1 0.3634 0.9215 1.196 0.96 1.118 1.157 0.9675 0.9293 0.9192 0.8823 0.9553 1.062 1.116 1.167 1.194 1.2 1.193 1.177 1.14 1.092 1.06 1.047 1.046 1.047 1.048 1.06 1.077 1.092 1.106 1.122 1.108 1.097 1.051 0.992 0.9144 0.8237 0.7175 0.6087 0.5019 0.4029 0.3076 0.2264 0.1622 0.1123 0.07656 0.05052 0.03159 0.01992 0.01212 0.007355 0.004361 0.002593 0.001553 0.0009624 0.0007219 0.0006632 0.0007233 0.0009289 0.001329 0.001772 0.003222 0.004042 0.00487 0.005064 0.005658 0.005309 0.004846 0.004101 0.003977 0.003686 0.003306 0.002672 0.002286 0.001878 0.00167 1 1 1 1 1 1 1 1 1 1 1 1 1 1 1 1 1 1 1 1 1 1 1 1 1 1 .
begin job of lepCalProducer
initializing all the rochester correction objects
initializing the egamma calibrator
Processed  6250000/ 6454113 entries (elapsed time     0.4s, curr speed   23.256 kHz, avg speed 14534.884 kHz), accepted        1/       1 events (100.00%)
Processed  6260000/ 6454113 entries (elapsed time    22.3s, curr speed    0.457 kHz, avg speed  280.340 kHz), accepted    10001/   10001 events (100.00%)
Processed  6270000/ 6454113 entries (elapsed time    44.0s, curr speed    0.462 kHz, avg speed  142.597 kHz), accepted    20001/   20001 events (100.00%)
Processed  6280000/ 6454113 entries (elapsed time    66.0s, curr speed    0.454 kHz, avg speed   95.123 kHz), accepted    30001/   30001 events (100.00%)
Processed  6290000/ 6454113 entries (elapsed time    88.3s, curr speed    0.449 kHz, avg speed   71.234 kHz), accepted    40001/   40001 events (100.00%)
Processed  6300000/ 6454113 entries (elapsed time   110.3s, curr speed    0.454 kHz, avg speed   57.101 kHz), accepted    50001/   50001 events (100.00%)
Processed  6310000/ 6454113 entries (elapsed time   133.0s, curr speed    0.441 kHz, avg speed   47.440 kHz), accepted    60001/   60001 events (100.00%)
Processed  6320000/ 6454113 entries (elapsed time   151.8s, curr speed    0.531 kHz, avg speed   41.620 kHz), accepted    70001/   70001 events (100.00%)
Processed  6330000/ 6454113 entries (elapsed time   171.2s, curr speed    0.517 kHz, avg speed   36.976 kHz), accepted    80001/   80001 events (100.00%)
Processed  6340000/ 6454113 entries (elapsed time   189.7s, curr speed    0.541 kHz, avg speed   33.426 kHz), accepted    90001/   90001 events (100.00%)
Processed  6350000/ 6454113 entries (elapsed time   208.2s, curr speed    0.540 kHz, avg speed   30.501 kHz), accepted   100001/  100001 events (100.00%)
Processed  6360000/ 6454113 entries (elapsed time   227.0s, curr speed    0.531 kHz, avg speed   28.016 kHz), accepted   110001/  110001 events (100.00%)
Processed  6370000/ 6454113 entries (elapsed time   268.6s, curr speed    0.240 kHz, avg speed   23.713 kHz), accepted   120001/  120001 events (100.00%)
Processed  6380000/ 6454113 entries (elapsed time   287.2s, curr speed    0.538 kHz, avg speed   22.213 kHz), accepted   130001/  130001 events (100.00%)
Processed  6390000/ 6454113 entries (elapsed time   305.9s, curr speed    0.536 kHz, avg speed   20.891 kHz), accepted   140001/  140001 events (100.00%)
Processed  6400000/ 6454113 entries (elapsed time   324.6s, curr speed    0.533 kHz, avg speed   19.714 kHz), accepted   150001/  150001 events (100.00%)
Processed  6410000/ 6454113 entries (elapsed time   343.1s, curr speed    0.541 kHz, avg speed   18.682 kHz), accepted   160001/  160001 events (100.00%)
Processed  6420000/ 6454113 entries (elapsed time   361.9s, curr speed    0.533 kHz, avg speed   17.741 kHz), accepted   170001/  170001 events (100.00%)
Processed  6430000/ 6454113 entries (elapsed time   402.8s, curr speed    0.245 kHz, avg speed   15.965 kHz), accepted   180001/  180001 events (100.00%)
Processed  6440000/ 6454113 entries (elapsed time   421.5s, curr speed    0.532 kHz, avg speed   15.277 kHz), accepted   190001/  190001 events (100.00%)
Processed  6450000/ 6454113 entries (elapsed time   440.1s, curr speed    0.539 kHz, avg speed   14.655 kHz), accepted   200001/  200001 events (100.00%)
Processed 204113 entries from MY_EOS_SPACE/heppyNtuples/TREES_TopDibosonsQCD_94X/TTToSemilepton_powheg_part6/treeProducerWMass/tree.root, selected 204113 entries
Done MY_EOS_SPACE/heppyNtuples/TREES_TopDibosonsQCD_94X/friends/tree_Friend_TTToSemilepton_powheg_part6.chunk25.root
