000 (323092.016.000) 05/11 15:55:01 Job submitted from host: <188.184.95.166:9618?addrs=188.184.95.166-9618+[2001-1458-201-e4--100-7a0]-9618&alias=tbird02.cern.ch&noUDP&sock=schedd_2138722_faad_3>
...
040 (323092.016.000) 05/11 15:58:07 Started transferring input files
	Transferring to host: <188.184.133.208:9618?addrs=188.184.133.208-9618+[2001-1458-301-a0--100-4df]-9618&noUDP&sock=23495_1a54_120>
...
040 (323092.016.000) 05/11 15:58:07 Finished transferring input files
...
001 (323092.016.000) 05/11 15:58:08 Job executing on host: <188.184.133.208:9618?addrs=188.184.133.208-9618+[2001-1458-301-a0--100-4df]-9618&noUDP&sock=12853_aadb_3>
...
006 (323092.016.000) 05/11 15:58:17 Image size of job updated: 218004
	207  -  MemoryUsage of job (MB)
	211344  -  ResidentSetSize of job (KB)
...
006 (323092.016.000) 05/11 16:03:18 Image size of job updated: 398540
	383  -  MemoryUsage of job (MB)
	391800  -  ResidentSetSize of job (KB)
...
006 (323092.016.000) 05/11 16:08:18 Image size of job updated: 514392
	496  -  MemoryUsage of job (MB)
	507664  -  ResidentSetSize of job (KB)
...
006 (323092.016.000) 05/11 16:13:18 Image size of job updated: 514396
	496  -  MemoryUsage of job (MB)
	507668  -  ResidentSetSize of job (KB)
...
006 (323092.016.000) 05/11 16:15:33 Image size of job updated: 891988
	496  -  MemoryUsage of job (MB)
	507668  -  ResidentSetSize of job (KB)
...
040 (323092.016.000) 05/11 16:15:33 Started transferring output files
...
040 (323092.016.000) 05/11 16:15:33 Finished transferring output files
...
005 (323092.016.000) 05/11 16:15:33 Job terminated.
	(1) Normal termination (return value 1)
		Usr 0 00:15:05, Sys 0 00:01:36  -  Run Remote Usage
		Usr 0 00:00:00, Sys 0 00:00:00  -  Run Local Usage
		Usr 0 00:15:05, Sys 0 00:01:36  -  Total Remote Usage
		Usr 0 00:00:00, Sys 0 00:00:00  -  Total Local Usage
	8622  -  Run Bytes Sent By Job
	10941  -  Run Bytes Received By Job
	8622  -  Total Bytes Sent By Job
	10941  -  Total Bytes Received By Job
	Partitionable Resources :    Usage  Request Allocated 
	   Cpus                 :     1.03        1         1 
	   Disk (KB)            :    78           1    211478 
	   Memory (MB)          :   496        2000      2000 
...
