000 (323091.012.000) 05/11 15:55:01 Job submitted from host: <188.184.95.166:9618?addrs=188.184.95.166-9618+[2001-1458-201-e4--100-7a0]-9618&alias=tbird02.cern.ch&noUDP&sock=schedd_2138722_faad_3>
...
022 (323091.012.000) 05/11 15:57:56 Job disconnected, attempting to reconnect
    Socket between submit and execute hosts closed unexpectedly
    Trying to reconnect to slot1_1@b7g28n0428.cern.ch <188.184.132.6:9618?addrs=188.184.132.6-9618+[2001-1458-301-a0--100-2]-9618&noUDP&sock=2335_31ba_3>
...
024 (323091.012.000) 05/11 15:57:56 Job reconnection failed
    Job not found at execution machine
    Can not reconnect to slot1_1@b7g28n0428.cern.ch, rescheduling job
...
022 (323091.012.000) 05/11 15:58:25 Job disconnected, attempting to reconnect
    Socket between submit and execute hosts closed unexpectedly
    Trying to reconnect to slot1_2@b7g28n0320.cern.ch <188.184.186.48:9618?addrs=188.184.186.48-9618+[2001-1458-301-f8--100-23]-9618&noUDP&sock=2277_693c_3>
...
024 (323091.012.000) 05/11 15:58:25 Job reconnection failed
    Job not found at execution machine
    Can not reconnect to slot1_2@b7g28n0320.cern.ch, rescheduling job
...
040 (323091.012.000) 05/11 15:59:37 Started transferring input files
	Transferring to host: <128.142.33.178:9618?addrs=128.142.33.178-9618+[2001-1458-301-117--100-65]-9618&noUDP&sock=12998_044a_104124>
...
040 (323091.012.000) 05/11 15:59:37 Finished transferring input files
...
001 (323091.012.000) 05/11 15:59:38 Job executing on host: <128.142.33.178:9618?addrs=128.142.33.178-9618+[2001-1458-301-117--100-65]-9618&noUDP&sock=12790_7463_3>
...
006 (323091.012.000) 05/11 15:59:47 Image size of job updated: 336772
	249  -  MemoryUsage of job (MB)
	254084  -  ResidentSetSize of job (KB)
...
006 (323091.012.000) 05/11 16:04:48 Image size of job updated: 514160
	496  -  MemoryUsage of job (MB)
	507212  -  ResidentSetSize of job (KB)
...
040 (323091.012.000) 05/11 16:08:38 Started transferring output files
...
040 (323091.012.000) 05/11 16:08:38 Finished transferring output files
...
005 (323091.012.000) 05/11 16:08:38 Job terminated.
	(1) Normal termination (return value 1)
		Usr 0 00:07:57, Sys 0 00:00:57  -  Run Remote Usage
		Usr 0 00:00:00, Sys 0 00:00:00  -  Run Local Usage
		Usr 0 00:07:57, Sys 0 00:00:57  -  Total Remote Usage
		Usr 0 00:00:00, Sys 0 00:00:00  -  Total Local Usage
	8611  -  Run Bytes Sent By Job
	10941  -  Run Bytes Received By Job
	8611  -  Total Bytes Sent By Job
	10941  -  Total Bytes Received By Job
	Partitionable Resources :    Usage  Request Allocated 
	   Cpus                 :                 1           
	   Disk (KB)            :       71        1   2206880 
	   Memory (MB)          :      496     2000      2000 
...
