000 (323085.001.000) 05/11 15:54:57 Job submitted from host: <188.184.95.166:9618?addrs=188.184.95.166-9618+[2001-1458-201-e4--100-7a0]-9618&alias=tbird02.cern.ch&noUDP&sock=schedd_2138722_faad_3>
...
040 (323085.001.000) 05/11 15:56:18 Started transferring input files
	Transferring to host: <188.184.132.11:9618?addrs=188.184.132.11-9618+[2001-1458-301-a0--100-8]-9618&noUDP&sock=4074_405f_126806>
...
040 (323085.001.000) 05/11 15:56:18 Finished transferring input files
...
001 (323085.001.000) 05/11 15:56:19 Job executing on host: <188.184.132.11:9618?addrs=188.184.132.11-9618+[2001-1458-301-a0--100-8]-9618&noUDP&sock=2324_a630_3>
...
006 (323085.001.000) 05/11 15:56:27 Image size of job updated: 208560
	128  -  MemoryUsage of job (MB)
	130376  -  ResidentSetSize of job (KB)
...
006 (323085.001.000) 05/11 16:01:27 Image size of job updated: 571952
	475  -  MemoryUsage of job (MB)
	486192  -  ResidentSetSize of job (KB)
...
040 (323085.001.000) 05/11 16:05:48 Started transferring output files
...
040 (323085.001.000) 05/11 16:05:48 Finished transferring output files
...
005 (323085.001.000) 05/11 16:05:48 Job terminated.
	(1) Normal termination (return value 1)
		Usr 0 00:08:12, Sys 0 00:00:58  -  Run Remote Usage
		Usr 0 00:00:00, Sys 0 00:00:00  -  Run Local Usage
		Usr 0 00:08:12, Sys 0 00:00:58  -  Total Remote Usage
		Usr 0 00:00:00, Sys 0 00:00:00  -  Total Local Usage
	8550  -  Run Bytes Sent By Job
	10941  -  Run Bytes Received By Job
	8550  -  Total Bytes Sent By Job
	10941  -  Total Bytes Received By Job
	Partitionable Resources :    Usage  Request Allocated 
	   Cpus                 :                 1           
	   Disk (KB)            :       71        1   2139697 
	   Memory (MB)          :      475     2000      2000 
...
