000 (323090.000.000) 05/11 15:55:00 Job submitted from host: <188.184.95.166:9618?addrs=188.184.95.166-9618+[2001-1458-201-e4--100-7a0]-9618&alias=tbird02.cern.ch&noUDP&sock=schedd_2138722_faad_3>
...
040 (323090.000.000) 05/11 15:57:03 Started transferring input files
	Transferring to host: <188.184.132.43:9618?addrs=188.184.132.43-9618+[2001-1458-301-a0--100-28]-9618&noUDP&sock=5194_648c_71>
...
040 (323090.000.000) 05/11 15:57:03 Finished transferring input files
...
001 (323090.000.000) 05/11 15:57:04 Job executing on host: <188.184.132.43:9618?addrs=188.184.132.43-9618+[2001-1458-301-a0--100-28]-9618&noUDP&sock=2335_31ba_3>
...
006 (323090.000.000) 05/11 15:57:13 Image size of job updated: 241768
	225  -  MemoryUsage of job (MB)
	229656  -  ResidentSetSize of job (KB)
...
006 (323090.000.000) 05/11 16:02:14 Image size of job updated: 481268
	470  -  MemoryUsage of job (MB)
	481044  -  ResidentSetSize of job (KB)
...
006 (323090.000.000) 05/11 16:07:14 Image size of job updated: 487480
	476  -  MemoryUsage of job (MB)
	487256  -  ResidentSetSize of job (KB)
...
040 (323090.000.000) 05/11 16:09:58 Started transferring output files
...
040 (323090.000.000) 05/11 16:09:58 Finished transferring output files
...
005 (323090.000.000) 05/11 16:09:58 Job terminated.
	(1) Normal termination (return value 1)
		Usr 0 00:11:14, Sys 0 00:01:14  -  Run Remote Usage
		Usr 0 00:00:00, Sys 0 00:00:00  -  Run Local Usage
		Usr 0 00:11:14, Sys 0 00:01:14  -  Total Remote Usage
		Usr 0 00:00:00, Sys 0 00:00:00  -  Total Local Usage
	8388  -  Run Bytes Sent By Job
	10941  -  Run Bytes Received By Job
	8388  -  Total Bytes Sent By Job
	10941  -  Total Bytes Received By Job
	Partitionable Resources :    Usage  Request Allocated 
	   Cpus                 :     0.96        1         1 
	   Disk (KB)            :    77           1    211208 
	   Memory (MB)          :   476        2000      2000 
...
