000 (323084.022.000) 05/11 15:54:56 Job submitted from host: <188.184.95.166:9618?addrs=188.184.95.166-9618+[2001-1458-201-e4--100-7a0]-9618&alias=tbird02.cern.ch&noUDP&sock=schedd_2138722_faad_3>
...
040 (323084.022.000) 05/11 15:56:17 Started transferring input files
	Transferring to host: <128.142.33.137:9618?addrs=128.142.33.137-9618+[2001-1458-301-117--100-23]-9618&noUDP&sock=13007_5baa_102816>
...
040 (323084.022.000) 05/11 15:56:17 Finished transferring input files
...
001 (323084.022.000) 05/11 15:56:18 Job executing on host: <128.142.33.137:9618?addrs=128.142.33.137-9618+[2001-1458-301-117--100-23]-9618&noUDP&sock=12800_5056_3>
...
006 (323084.022.000) 05/11 15:56:27 Image size of job updated: 294192
	207  -  MemoryUsage of job (MB)
	211428  -  ResidentSetSize of job (KB)
...
006 (323084.022.000) 05/11 16:01:28 Image size of job updated: 572080
	475  -  MemoryUsage of job (MB)
	486320  -  ResidentSetSize of job (KB)
...
040 (323084.022.000) 05/11 16:04:27 Started transferring output files
...
040 (323084.022.000) 05/11 16:04:27 Finished transferring output files
...
005 (323084.022.000) 05/11 16:04:27 Job terminated.
	(1) Normal termination (return value 1)
		Usr 0 00:07:04, Sys 0 00:00:53  -  Run Remote Usage
		Usr 0 00:00:00, Sys 0 00:00:00  -  Run Local Usage
		Usr 0 00:07:04, Sys 0 00:00:53  -  Total Remote Usage
		Usr 0 00:00:00, Sys 0 00:00:00  -  Total Local Usage
	8556  -  Run Bytes Sent By Job
	10941  -  Run Bytes Received By Job
	8556  -  Total Bytes Sent By Job
	10941  -  Total Bytes Received By Job
	Partitionable Resources :    Usage  Request Allocated 
	   Cpus                 :                 1           
	   Disk (KB)            :       71        1   2118134 
	   Memory (MB)          :      475     2000      2000 
...
