000 (323098.022.000) 05/11 15:55:05 Job submitted from host: <188.184.95.166:9618?addrs=188.184.95.166-9618+[2001-1458-201-e4--100-7a0]-9618&alias=tbird02.cern.ch&noUDP&sock=schedd_2138722_faad_3>
...
040 (323098.022.000) 05/11 16:04:18 Started transferring input files
	Transferring to host: <188.184.207.169:9618?addrs=188.184.207.169-9618+[2001-1458-301-7d--100-4f7]-9618&noUDP&sock=4201_bc04_126993>
...
040 (323098.022.000) 05/11 16:04:18 Finished transferring input files
...
001 (323098.022.000) 05/11 16:04:19 Job executing on host: <188.184.207.169:9618?addrs=188.184.207.169-9618+[2001-1458-301-7d--100-4f7]-9618&noUDP&sock=2350_7ba6_3>
...
006 (323098.022.000) 05/11 16:04:27 Image size of job updated: 310644
	220  -  MemoryUsage of job (MB)
	225256  -  ResidentSetSize of job (KB)
...
006 (323098.022.000) 05/11 16:09:27 Image size of job updated: 595136
	498  -  MemoryUsage of job (MB)
	509416  -  ResidentSetSize of job (KB)
...
040 (323098.022.000) 05/11 16:13:52 Started transferring output files
...
040 (323098.022.000) 05/11 16:13:52 Finished transferring output files
...
005 (323098.022.000) 05/11 16:13:52 Job terminated.
	(1) Normal termination (return value 1)
		Usr 0 00:08:18, Sys 0 00:01:01  -  Run Remote Usage
		Usr 0 00:00:00, Sys 0 00:00:00  -  Run Local Usage
		Usr 0 00:08:18, Sys 0 00:01:01  -  Total Remote Usage
		Usr 0 00:00:00, Sys 0 00:00:00  -  Total Local Usage
	8612  -  Run Bytes Sent By Job
	10941  -  Run Bytes Received By Job
	8612  -  Total Bytes Sent By Job
	10941  -  Total Bytes Received By Job
	Partitionable Resources :    Usage  Request Allocated 
	   Cpus                 :                 1           
	   Disk (KB)            :       72        1   2205175 
	   Memory (MB)          :      498     2000      2000 
...
