000 (323090.005.000) 05/11 15:55:00 Job submitted from host: <188.184.95.166:9618?addrs=188.184.95.166-9618+[2001-1458-201-e4--100-7a0]-9618&alias=tbird02.cern.ch&noUDP&sock=schedd_2138722_faad_3>
...
040 (323090.005.000) 05/11 15:57:05 Started transferring input files
	Transferring to host: <188.184.132.8:9618?addrs=188.184.132.8-9618+[2001-1458-301-a0--100-9]-9618&noUDP&sock=8960_e165_82>
...
040 (323090.005.000) 05/11 15:57:05 Finished transferring input files
...
001 (323090.005.000) 05/11 15:57:06 Job executing on host: <188.184.132.8:9618?addrs=188.184.132.8-9618+[2001-1458-301-a0--100-9]-9618&noUDP&sock=2815_6f30_3>
...
006 (323090.005.000) 05/11 15:57:15 Image size of job updated: 258140
	230  -  MemoryUsage of job (MB)
	235004  -  ResidentSetSize of job (KB)
...
006 (323090.005.000) 05/11 16:02:16 Image size of job updated: 508864
	475  -  MemoryUsage of job (MB)
	485856  -  ResidentSetSize of job (KB)
...
006 (323090.005.000) 05/11 16:07:16 Image size of job updated: 508864
	483  -  MemoryUsage of job (MB)
	494000  -  ResidentSetSize of job (KB)
...
040 (323090.005.000) 05/11 16:09:15 Started transferring output files
...
040 (323090.005.000) 05/11 16:09:15 Finished transferring output files
...
005 (323090.005.000) 05/11 16:09:15 Job terminated.
	(1) Normal termination (return value 1)
		Usr 0 00:09:27, Sys 0 00:01:08  -  Run Remote Usage
		Usr 0 00:00:00, Sys 0 00:00:00  -  Run Local Usage
		Usr 0 00:09:27, Sys 0 00:01:08  -  Total Remote Usage
		Usr 0 00:00:00, Sys 0 00:00:00  -  Total Local Usage
	13860  -  Run Bytes Sent By Job
	10941  -  Run Bytes Received By Job
	13860  -  Total Bytes Sent By Job
	10941  -  Total Bytes Received By Job
	Partitionable Resources :    Usage  Request Allocated 
	   Cpus                 :     1.00        1         1 
	   Disk (KB)            :    80           1    219556 
	   Memory (MB)          :   483        2000      2000 
...
