000 (323102.024.000) 05/11 15:55:08 Job submitted from host: <188.184.95.166:9618?addrs=188.184.95.166-9618+[2001-1458-201-e4--100-7a0]-9618&alias=tbird02.cern.ch&noUDP&sock=schedd_2138722_faad_3>
...
040 (323102.024.000) 05/11 16:05:50 Started transferring input files
	Transferring to host: <188.184.133.238:9618?addrs=188.184.133.238-9618+[2001-1458-301-a0--100-395]-9618&noUDP&sock=13636_8ba4_103297>
...
040 (323102.024.000) 05/11 16:05:50 Finished transferring input files
...
001 (323102.024.000) 05/11 16:05:52 Job executing on host: <188.184.133.238:9618?addrs=188.184.133.238-9618+[2001-1458-301-a0--100-395]-9618&noUDP&sock=13449_794d_3>
...
006 (323102.024.000) 05/11 16:06:00 Image size of job updated: 335784
	248  -  MemoryUsage of job (MB)
	253488  -  ResidentSetSize of job (KB)
...
006 (323102.024.000) 05/11 16:11:00 Image size of job updated: 508392
	496  -  MemoryUsage of job (MB)
	507560  -  ResidentSetSize of job (KB)
...
040 (323102.024.000) 05/11 16:15:23 Started transferring output files
...
040 (323102.024.000) 05/11 16:15:23 Finished transferring output files
...
005 (323102.024.000) 05/11 16:15:23 Job terminated.
	(1) Normal termination (return value 1)
		Usr 0 00:08:19, Sys 0 00:01:04  -  Run Remote Usage
		Usr 0 00:00:00, Sys 0 00:00:00  -  Run Local Usage
		Usr 0 00:08:19, Sys 0 00:01:04  -  Total Remote Usage
		Usr 0 00:00:00, Sys 0 00:00:00  -  Total Local Usage
	8612  -  Run Bytes Sent By Job
	10941  -  Run Bytes Received By Job
	8612  -  Total Bytes Sent By Job
	10941  -  Total Bytes Received By Job
	Partitionable Resources :    Usage  Request Allocated 
	   Cpus                 :                 1           
	   Disk (KB)            :       72        1   2209933 
	   Memory (MB)          :      496     2000      2000 
...
