000 (323103.020.000) 05/11 15:55:09 Job submitted from host: <188.184.95.166:9618?addrs=188.184.95.166-9618+[2001-1458-201-e4--100-7a0]-9618&alias=tbird02.cern.ch&noUDP&sock=schedd_2138722_faad_3>
...
040 (323103.020.000) 05/11 16:06:41 Started transferring input files
	Transferring to host: <128.142.240.30:9618?addrs=128.142.240.30-9618+[2001-1458-301-f9--100-1a]-9618&noUDP&sock=4004_ee1c_127543>
...
040 (323103.020.000) 05/11 16:06:41 Finished transferring input files
...
001 (323103.020.000) 05/11 16:06:42 Job executing on host: <128.142.240.30:9618?addrs=128.142.240.30-9618+[2001-1458-301-f9--100-1a]-9618&noUDP&sock=2350_7ba6_3>
...
006 (323103.020.000) 05/11 16:06:51 Image size of job updated: 314160
	226  -  MemoryUsage of job (MB)
	231332  -  ResidentSetSize of job (KB)
...
006 (323103.020.000) 05/11 16:11:52 Image size of job updated: 592052
	498  -  MemoryUsage of job (MB)
	509172  -  ResidentSetSize of job (KB)
...
040 (323103.020.000) 05/11 16:15:21 Started transferring output files
...
040 (323103.020.000) 05/11 16:15:21 Finished transferring output files
...
005 (323103.020.000) 05/11 16:15:21 Job terminated.
	(1) Normal termination (return value 1)
		Usr 0 00:07:35, Sys 0 00:00:59  -  Run Remote Usage
		Usr 0 00:00:00, Sys 0 00:00:00  -  Run Local Usage
		Usr 0 00:07:35, Sys 0 00:00:59  -  Total Remote Usage
		Usr 0 00:00:00, Sys 0 00:00:00  -  Total Local Usage
	8612  -  Run Bytes Sent By Job
	10941  -  Run Bytes Received By Job
	8612  -  Total Bytes Sent By Job
	10941  -  Total Bytes Received By Job
	Partitionable Resources :    Usage  Request Allocated 
	   Cpus                 :                 1           
	   Disk (KB)            :       72        1   2120257 
	   Memory (MB)          :      498     2000      2000 
...
