000 (323083.023.000) 05/11 15:54:56 Job submitted from host: <188.184.95.166:9618?addrs=188.184.95.166-9618+[2001-1458-201-e4--100-7a0]-9618&alias=tbird02.cern.ch&noUDP&sock=schedd_2138722_faad_3>
...
040 (323083.023.000) 05/11 15:56:07 Started transferring input files
	Transferring to host: <128.142.240.13:9618?addrs=128.142.240.13-9618+[2001-1458-301-f9--100-33]-9618&noUDP&sock=29772_d134_117>
...
040 (323083.023.000) 05/11 15:56:07 Finished transferring input files
...
001 (323083.023.000) 05/11 15:56:08 Job executing on host: <128.142.240.13:9618?addrs=128.142.240.13-9618+[2001-1458-301-f9--100-33]-9618&noUDP&sock=2675_67ee_3>
...
006 (323083.023.000) 05/11 15:56:16 Image size of job updated: 240576
	233  -  MemoryUsage of job (MB)
	238212  -  ResidentSetSize of job (KB)
...
006 (323083.023.000) 05/11 16:01:16 Image size of job updated: 386292
	377  -  MemoryUsage of job (MB)
	385876  -  ResidentSetSize of job (KB)
...
006 (323083.023.000) 05/11 16:06:17 Image size of job updated: 486160
	475  -  MemoryUsage of job (MB)
	485744  -  ResidentSetSize of job (KB)
...
006 (323083.023.000) 05/11 16:14:10 Image size of job updated: 486516
	475  -  MemoryUsage of job (MB)
	485744  -  ResidentSetSize of job (KB)
...
040 (323083.023.000) 05/11 16:14:10 Started transferring output files
...
040 (323083.023.000) 05/11 16:14:10 Finished transferring output files
...
005 (323083.023.000) 05/11 16:14:10 Job terminated.
	(1) Normal termination (return value 1)
		Usr 0 00:15:37, Sys 0 00:01:42  -  Run Remote Usage
		Usr 0 00:00:00, Sys 0 00:00:00  -  Run Local Usage
		Usr 0 00:15:37, Sys 0 00:01:42  -  Total Remote Usage
		Usr 0 00:00:00, Sys 0 00:00:00  -  Total Local Usage
	13864  -  Run Bytes Sent By Job
	10941  -  Run Bytes Received By Job
	13864  -  Total Bytes Sent By Job
	10941  -  Total Bytes Received By Job
	Partitionable Resources :    Usage  Request Allocated 
	   Cpus                 :     0.98        1         1 
	   Disk (KB)            :    80           1    219934 
	   Memory (MB)          :   475        2000      2000 
...
