000 (323102.012.000) 05/11 15:55:08 Job submitted from host: <188.184.95.166:9618?addrs=188.184.95.166-9618+[2001-1458-201-e4--100-7a0]-9618&alias=tbird02.cern.ch&noUDP&sock=schedd_2138722_faad_3>
...
040 (323102.012.000) 05/11 16:05:48 Started transferring input files
	Transferring to host: <188.184.133.246:9618?addrs=188.184.133.246-9618+[2001-1458-301-a0--100-425]-9618&noUDP&sock=13638_f464_102276>
...
040 (323102.012.000) 05/11 16:05:48 Finished transferring input files
...
001 (323102.012.000) 05/11 16:05:49 Job executing on host: <188.184.133.246:9618?addrs=188.184.133.246-9618+[2001-1458-301-a0--100-425]-9618&noUDP&sock=13415_2715_3>
...
006 (323102.012.000) 05/11 16:05:57 Image size of job updated: 313260
	226  -  MemoryUsage of job (MB)
	230608  -  ResidentSetSize of job (KB)
...
006 (323102.012.000) 05/11 16:10:57 Image size of job updated: 511400
	497  -  MemoryUsage of job (MB)
	508928  -  ResidentSetSize of job (KB)
...
040 (323102.012.000) 05/11 16:14:25 Started transferring output files
...
040 (323102.012.000) 05/11 16:14:25 Finished transferring output files
...
005 (323102.012.000) 05/11 16:14:25 Job terminated.
	(1) Normal termination (return value 1)
		Usr 0 00:07:28, Sys 0 00:01:01  -  Run Remote Usage
		Usr 0 00:00:00, Sys 0 00:00:00  -  Run Local Usage
		Usr 0 00:07:28, Sys 0 00:01:01  -  Total Remote Usage
		Usr 0 00:00:00, Sys 0 00:00:00  -  Total Local Usage
	8612  -  Run Bytes Sent By Job
	10941  -  Run Bytes Received By Job
	8612  -  Total Bytes Sent By Job
	10941  -  Total Bytes Received By Job
	Partitionable Resources :    Usage  Request Allocated 
	   Cpus                 :                 1           
	   Disk (KB)            :       71        1   2192742 
	   Memory (MB)          :      497     2000      2000 
...
