000 (323098.010.000) 05/11 15:55:05 Job submitted from host: <188.184.95.166:9618?addrs=188.184.95.166-9618+[2001-1458-201-e4--100-7a0]-9618&alias=tbird02.cern.ch&noUDP&sock=schedd_2138722_faad_3>
...
040 (323098.010.000) 05/11 16:04:01 Started transferring input files
	Transferring to host: <188.184.133.240:9618?addrs=188.184.133.240-9618+[2001-1458-301-a0--100-441]-9618&noUDP&sock=13072_280d_104959>
...
040 (323098.010.000) 05/11 16:04:01 Finished transferring input files
...
001 (323098.010.000) 05/11 16:04:02 Job executing on host: <188.184.133.240:9618?addrs=188.184.133.240-9618+[2001-1458-301-a0--100-441]-9618&noUDP&sock=12865_e5fe_3>
...
006 (323098.010.000) 05/11 16:04:11 Image size of job updated: 190384
	161  -  MemoryUsage of job (MB)
	164328  -  ResidentSetSize of job (KB)
...
006 (323098.010.000) 05/11 16:09:12 Image size of job updated: 427736
	390  -  MemoryUsage of job (MB)
	399336  -  ResidentSetSize of job (KB)
...
006 (323098.010.000) 05/11 16:14:12 Image size of job updated: 537908
	498  -  MemoryUsage of job (MB)
	509508  -  ResidentSetSize of job (KB)
...
040 (323098.010.000) 05/11 16:17:36 Started transferring output files
...
040 (323098.010.000) 05/11 16:17:36 Finished transferring output files
...
005 (323098.010.000) 05/11 16:17:36 Job terminated.
	(1) Normal termination (return value 1)
		Usr 0 00:11:43, Sys 0 00:01:27  -  Run Remote Usage
		Usr 0 00:00:00, Sys 0 00:00:00  -  Run Local Usage
		Usr 0 00:11:43, Sys 0 00:01:27  -  Total Remote Usage
		Usr 0 00:00:00, Sys 0 00:00:00  -  Total Local Usage
	8611  -  Run Bytes Sent By Job
	10941  -  Run Bytes Received By Job
	8611  -  Total Bytes Sent By Job
	10941  -  Total Bytes Received By Job
	Partitionable Resources :    Usage  Request Allocated 
	   Cpus                 :                 1           
	   Disk (KB)            :       71        1   2198648 
	   Memory (MB)          :      498     2000      2000 
...
