000 (323090.006.000) 05/11 15:55:00 Job submitted from host: <188.184.95.166:9618?addrs=188.184.95.166-9618+[2001-1458-201-e4--100-7a0]-9618&alias=tbird02.cern.ch&noUDP&sock=schedd_2138722_faad_3>
...
040 (323090.006.000) 05/11 15:57:05 Started transferring input files
	Transferring to host: <128.142.240.20:9618?addrs=128.142.240.20-9618+[2001-1458-301-f9--100-4]-9618&noUDP&sock=29066_6057_82>
...
040 (323090.006.000) 05/11 15:57:05 Finished transferring input files
...
001 (323090.006.000) 05/11 15:57:06 Job executing on host: <128.142.240.20:9618?addrs=128.142.240.20-9618+[2001-1458-301-f9--100-4]-9618&noUDP&sock=2375_a184_3>
...
006 (323090.006.000) 05/11 15:57:15 Image size of job updated: 253104
	223  -  MemoryUsage of job (MB)
	227632  -  ResidentSetSize of job (KB)
...
006 (323090.006.000) 05/11 16:02:16 Image size of job updated: 450724
	416  -  MemoryUsage of job (MB)
	425736  -  ResidentSetSize of job (KB)
...
006 (323090.006.000) 05/11 16:07:16 Image size of job updated: 511020
	475  -  MemoryUsage of job (MB)
	486032  -  ResidentSetSize of job (KB)
...
040 (323090.006.000) 05/11 16:11:12 Started transferring output files
...
040 (323090.006.000) 05/11 16:11:12 Finished transferring output files
...
005 (323090.006.000) 05/11 16:11:12 Job terminated.
	(1) Normal termination (return value 1)
		Usr 0 00:12:13, Sys 0 00:01:19  -  Run Remote Usage
		Usr 0 00:00:00, Sys 0 00:00:00  -  Run Local Usage
		Usr 0 00:12:13, Sys 0 00:01:19  -  Total Remote Usage
		Usr 0 00:00:00, Sys 0 00:00:00  -  Total Local Usage
	8552  -  Run Bytes Sent By Job
	10941  -  Run Bytes Received By Job
	8552  -  Total Bytes Sent By Job
	10941  -  Total Bytes Received By Job
	Partitionable Resources :    Usage  Request Allocated 
	   Cpus                 :     1.00        1         1 
	   Disk (KB)            :    78           1    221890 
	   Memory (MB)          :   475        2000      2000 
...
