000 (323081.013.000) 05/11 15:54:55 Job submitted from host: <188.184.95.166:9618?addrs=188.184.95.166-9618+[2001-1458-201-e4--100-7a0]-9618&alias=tbird02.cern.ch&noUDP&sock=schedd_2138722_faad_3>
...
040 (323081.013.000) 05/11 15:55:50 Started transferring input files
	Transferring to host: <188.184.132.35:9618?addrs=188.184.132.35-9618+[2001-1458-301-a0--100-11]-9618&noUDP&sock=20896_df4b_77>
...
040 (323081.013.000) 05/11 15:55:50 Finished transferring input files
...
001 (323081.013.000) 05/11 15:55:51 Job executing on host: <188.184.132.35:9618?addrs=188.184.132.35-9618+[2001-1458-301-a0--100-11]-9618&noUDP&sock=2441_e6c4_3>
...
006 (323081.013.000) 05/11 15:55:59 Image size of job updated: 195700
	116  -  MemoryUsage of job (MB)
	117920  -  ResidentSetSize of job (KB)
...
006 (323081.013.000) 05/11 16:00:59 Image size of job updated: 400608
	391  -  MemoryUsage of job (MB)
	400380  -  ResidentSetSize of job (KB)
...
006 (323081.013.000) 05/11 16:05:59 Image size of job updated: 485032
	474  -  MemoryUsage of job (MB)
	484804  -  ResidentSetSize of job (KB)
...
006 (323081.013.000) 05/11 16:11:00 Image size of job updated: 489176
	478  -  MemoryUsage of job (MB)
	488948  -  ResidentSetSize of job (KB)
...
040 (323081.013.000) 05/11 16:11:15 Started transferring output files
...
040 (323081.013.000) 05/11 16:11:15 Finished transferring output files
...
005 (323081.013.000) 05/11 16:11:15 Job terminated.
	(1) Normal termination (return value 1)
		Usr 0 00:13:22, Sys 0 00:01:24  -  Run Remote Usage
		Usr 0 00:00:00, Sys 0 00:00:00  -  Run Local Usage
		Usr 0 00:13:22, Sys 0 00:01:24  -  Total Remote Usage
		Usr 0 00:00:00, Sys 0 00:00:00  -  Total Local Usage
	8555  -  Run Bytes Sent By Job
	10941  -  Run Bytes Received By Job
	8555  -  Total Bytes Sent By Job
	10941  -  Total Bytes Received By Job
	Partitionable Resources :    Usage  Request Allocated 
	   Cpus                 :     0.99        1         1 
	   Disk (KB)            :    78           1    212294 
	   Memory (MB)          :   478        2000      2000 
...
