000 (323087.003.000) 05/11 15:54:58 Job submitted from host: <188.184.95.166:9618?addrs=188.184.95.166-9618+[2001-1458-201-e4--100-7a0]-9618&alias=tbird02.cern.ch&noUDP&sock=schedd_2138722_faad_3>
...
040 (323087.003.000) 05/11 15:56:37 Started transferring input files
	Transferring to host: <188.184.132.49:9618?addrs=188.184.132.49-9618+[2001-1458-301-a0--100-2b]-9618&noUDP&sock=18952_25fc_64>
...
040 (323087.003.000) 05/11 15:56:37 Finished transferring input files
...
001 (323087.003.000) 05/11 15:56:38 Job executing on host: <188.184.132.49:9618?addrs=188.184.132.49-9618+[2001-1458-301-a0--100-2b]-9618&noUDP&sock=2448_b3ee_3>
...
006 (323087.003.000) 05/11 15:56:47 Image size of job updated: 257564
	245  -  MemoryUsage of job (MB)
	250156  -  ResidentSetSize of job (KB)
...
006 (323087.003.000) 05/11 16:01:48 Image size of job updated: 486724
	475  -  MemoryUsage of job (MB)
	486064  -  ResidentSetSize of job (KB)
...
006 (323087.003.000) 05/11 16:06:48 Image size of job updated: 490176
	479  -  MemoryUsage of job (MB)
	489516  -  ResidentSetSize of job (KB)
...
040 (323087.003.000) 05/11 16:08:54 Started transferring output files
...
040 (323087.003.000) 05/11 16:08:54 Finished transferring output files
...
005 (323087.003.000) 05/11 16:08:54 Job terminated.
	(1) Normal termination (return value 1)
		Usr 0 00:10:35, Sys 0 00:01:12  -  Run Remote Usage
		Usr 0 00:00:00, Sys 0 00:00:00  -  Run Local Usage
		Usr 0 00:10:35, Sys 0 00:01:12  -  Total Remote Usage
		Usr 0 00:00:00, Sys 0 00:00:00  -  Total Local Usage
	8551  -  Run Bytes Sent By Job
	10941  -  Run Bytes Received By Job
	8551  -  Total Bytes Sent By Job
	10941  -  Total Bytes Received By Job
	Partitionable Resources :    Usage  Request Allocated 
	   Cpus                 :     1.00        1         1 
	   Disk (KB)            :    78           1    211230 
	   Memory (MB)          :   479        2000      2000 
...
