000 (323103.025.000) 05/11 15:55:09 Job submitted from host: <188.184.95.166:9618?addrs=188.184.95.166-9618+[2001-1458-201-e4--100-7a0]-9618&alias=tbird02.cern.ch&noUDP&sock=schedd_2138722_faad_3>
...
040 (323103.025.000) 05/11 16:06:49 Started transferring input files
	Transferring to host: <128.142.240.9:9618?addrs=128.142.240.9-9618+[2001-1458-301-f9--100-16]-9618&noUDP&sock=6480_7f01_79>
...
040 (323103.025.000) 05/11 16:06:49 Finished transferring input files
...
001 (323103.025.000) 05/11 16:06:50 Job executing on host: <128.142.240.9:9618?addrs=128.142.240.9-9618+[2001-1458-301-f9--100-16]-9618&noUDP&sock=2371_e323_3>
...
006 (323103.025.000) 05/11 16:06:59 Image size of job updated: 289000
	233  -  MemoryUsage of job (MB)
	237624  -  ResidentSetSize of job (KB)
...
006 (323103.025.000) 05/11 16:12:00 Image size of job updated: 509956
	498  -  MemoryUsage of job (MB)
	509576  -  ResidentSetSize of job (KB)
...
040 (323103.025.000) 05/11 16:16:50 Started transferring output files
...
040 (323103.025.000) 05/11 16:16:50 Finished transferring output files
...
005 (323103.025.000) 05/11 16:16:50 Job terminated.
	(1) Normal termination (return value 1)
		Usr 0 00:08:30, Sys 0 00:01:06  -  Run Remote Usage
		Usr 0 00:00:00, Sys 0 00:00:00  -  Run Local Usage
		Usr 0 00:08:30, Sys 0 00:01:06  -  Total Remote Usage
		Usr 0 00:00:00, Sys 0 00:00:00  -  Total Local Usage
	8612  -  Run Bytes Sent By Job
	10941  -  Run Bytes Received By Job
	8612  -  Total Bytes Sent By Job
	10941  -  Total Bytes Received By Job
	Partitionable Resources :    Usage  Request Allocated 
	   Cpus                 :     1.01        1         1 
	   Disk (KB)            :    79           1    219382 
	   Memory (MB)          :   498        2000      2000 
...
