   TTToSemilepton_powheg_part5   MC  24 chunks


I have 1 taks to process
I'm using the following list of modules DEFAULT_MODULES
this is jobs [('TTToSemilepton_powheg_part5', 'MY_EOS_SPACE/heppyNtuples/TREES_TopDibosonsQCD_94X/TTToSemilepton_powheg_part5/treeProducerWMass/tree.root', 10881792.0, '_Friend_TTToSemilepton_powheg_part5.chunk8', False, xrange(2000000, 2250000), 8)]
Modules to run:  []   name =  puWeight
Loading puWeight from CMGTools.WMass.postprocessing.examples.puWeightProducer 
Running on dataset =  TTToSemilepton_powheg_part5
TFile: name=/afs/cern.ch/work/m/mciprian/w_mass_analysis/heppy/rel_slc7/CMSSW_9_4_12/src/CMGTools/WMass/python/postprocessing/data/pileup/mcPU_2016_W94XnoCutsWithGenWeights_nTrueInt.root, title=, option=READ
TFile: name=/afs/cern.ch/work/m/mciprian/w_mass_analysis/heppy/rel_slc7/CMSSW_9_4_12/src/CMGTools/WMass/python/postprocessing/data/pileup/PileupData_GoldenMuonJSON_Full2016.root, title=, option=READ
Load C++ Worker
Modules to run:  []   name =  muCalibratedWithStatVar
Loading muCalibratedWithStatVar from CMGTools.WMass.postprocessing.examples.lepVarProducer 
Running on dataset =  TTToSemilepton_powheg_part5
did not find EnergyScaleCorrection shared object, rebuilding
trying to load all the rochester correction libraries
did not find legacy data roccor. rebuilding...
done building legacy data roccor.
Modules to run:  []   name =  jetAllReCleaner
Loading jetAllReCleaner from CMGTools.WMass.postprocessing.examples.jetReCleaner 
Running on dataset =  TTToSemilepton_powheg_part5
Load C++ Worker
Modules to run:  []   name =  jetReCleaner
Loading jetReCleaner from CMGTools.WMass.postprocessing.examples.jetReCleaner 
Running on dataset =  TTToSemilepton_powheg_part5
Load C++ Worker
Modules to run:  []   name =  genQEDJets
Loading genQEDJets from CMGTools.WMass.postprocessing.examples.genFriendProducer 
Running on dataset =  TTToSemilepton_powheg_part5
Will write selected trees to MY_EOS_SPACE/heppyNtuples/TREES_TopDibosonsQCD_94X/friends/
Normalization of nTrueInt_Wnopt: 3.68902e+10
Normalization of pileup: 3.68902e+10
Weights for variable nTrueInt_Wnopt with a number of bins equal to 102:
1 0.3634 0.9215 1.196 0.96 1.118 1.157 0.9675 0.9293 0.9192 0.8823 0.9553 1.062 1.116 1.167 1.194 1.2 1.193 1.177 1.14 1.092 1.06 1.047 1.046 1.047 1.048 1.06 1.077 1.092 1.106 1.122 1.108 1.097 1.051 0.992 0.9144 0.8237 0.7175 0.6087 0.5019 0.4029 0.3076 0.2264 0.1622 0.1123 0.07656 0.05052 0.03159 0.01992 0.01212 0.007355 0.004361 0.002593 0.001553 0.0009624 0.0007219 0.0006632 0.0007233 0.0009289 0.001329 0.001772 0.003222 0.004042 0.00487 0.005064 0.005658 0.005309 0.004846 0.004101 0.003977 0.003686 0.003306 0.002672 0.002286 0.001878 0.00167 1 1 1 1 1 1 1 1 1 1 1 1 1 1 1 1 1 1 1 1 1 1 1 1 1 1 .
Final weights: 
1 0.3634 0.9215 1.196 0.96 1.118 1.157 0.9675 0.9293 0.9192 0.8823 0.9553 1.062 1.116 1.167 1.194 1.2 1.193 1.177 1.14 1.092 1.06 1.047 1.046 1.047 1.048 1.06 1.077 1.092 1.106 1.122 1.108 1.097 1.051 0.992 0.9144 0.8237 0.7175 0.6087 0.5019 0.4029 0.3076 0.2264 0.1622 0.1123 0.07656 0.05052 0.03159 0.01992 0.01212 0.007355 0.004361 0.002593 0.001553 0.0009624 0.0007219 0.0006632 0.0007233 0.0009289 0.001329 0.001772 0.003222 0.004042 0.00487 0.005064 0.005658 0.005309 0.004846 0.004101 0.003977 0.003686 0.003306 0.002672 0.002286 0.001878 0.00167 1 1 1 1 1 1 1 1 1 1 1 1 1 1 1 1 1 1 1 1 1 1 1 1 1 1 .
begin job of lepCalProducer
initializing all the rochester correction objects
initializing the egamma calibrator
Processed  2000000/ 5959749 entries (elapsed time     0.4s, curr speed   26.316 kHz, avg speed 5263.158 kHz), accepted        1/       1 events (100.00%)
Processed  2010000/ 5959749 entries (elapsed time    21.8s, curr speed    0.468 kHz, avg speed   92.371 kHz), accepted    10001/   10001 events (100.00%)
Processed  2020000/ 5959749 entries (elapsed time    42.9s, curr speed    0.474 kHz, avg speed   47.119 kHz), accepted    20001/   20001 events (100.00%)
Processed  2030000/ 5959749 entries (elapsed time    64.1s, curr speed    0.471 kHz, avg speed   31.659 kHz), accepted    30001/   30001 events (100.00%)
Processed  2040000/ 5959749 entries (elapsed time    85.2s, curr speed    0.474 kHz, avg speed   23.941 kHz), accepted    40001/   40001 events (100.00%)
Processed  2050000/ 5959749 entries (elapsed time   106.5s, curr speed    0.469 kHz, avg speed   19.245 kHz), accepted    50001/   50001 events (100.00%)
Processed  2060000/ 5959749 entries (elapsed time   128.2s, curr speed    0.460 kHz, avg speed   16.062 kHz), accepted    60001/   60001 events (100.00%)
Processed  2070000/ 5959749 entries (elapsed time   146.5s, curr speed    0.548 kHz, avg speed   14.130 kHz), accepted    70001/   70001 events (100.00%)
Processed  2080000/ 5959749 entries (elapsed time   164.6s, curr speed    0.553 kHz, avg speed   12.637 kHz), accepted    80001/   80001 events (100.00%)
Processed  2090000/ 5959749 entries (elapsed time   183.0s, curr speed    0.542 kHz, avg speed   11.419 kHz), accepted    90001/   90001 events (100.00%)
Processed  2100000/ 5959749 entries (elapsed time   201.1s, curr speed    0.554 kHz, avg speed   10.443 kHz), accepted   100001/  100001 events (100.00%)
Processed  2110000/ 5959749 entries (elapsed time   219.5s, curr speed    0.543 kHz, avg speed    9.612 kHz), accepted   110001/  110001 events (100.00%)
Processed  2120000/ 5959749 entries (elapsed time   258.7s, curr speed    0.255 kHz, avg speed    8.194 kHz), accepted   120001/  120001 events (100.00%)
Processed  2130000/ 5959749 entries (elapsed time   276.8s, curr speed    0.554 kHz, avg speed    7.695 kHz), accepted   130001/  130001 events (100.00%)
Processed  2140000/ 5959749 entries (elapsed time   294.7s, curr speed    0.557 kHz, avg speed    7.261 kHz), accepted   140001/  140001 events (100.00%)
Processed  2150000/ 5959749 entries (elapsed time   312.6s, curr speed    0.560 kHz, avg speed    6.878 kHz), accepted   150001/  150001 events (100.00%)
Processed  2160000/ 5959749 entries (elapsed time   330.7s, curr speed    0.552 kHz, avg speed    6.531 kHz), accepted   160001/  160001 events (100.00%)
Processed  2170000/ 5959749 entries (elapsed time   348.9s, curr speed    0.548 kHz, avg speed    6.219 kHz), accepted   170001/  170001 events (100.00%)
Processed  2180000/ 5959749 entries (elapsed time   387.2s, curr speed    0.261 kHz, avg speed    5.630 kHz), accepted   180001/  180001 events (100.00%)
Processed  2190000/ 5959749 entries (elapsed time   405.0s, curr speed    0.563 kHz, avg speed    5.408 kHz), accepted   190001/  190001 events (100.00%)
Processed  2200000/ 5959749 entries (elapsed time   422.7s, curr speed    0.565 kHz, avg speed    5.205 kHz), accepted   200001/  200001 events (100.00%)
Processed  2210000/ 5959749 entries (elapsed time   440.1s, curr speed    0.573 kHz, avg speed    5.021 kHz), accepted   210001/  210001 events (100.00%)
Processed  2220000/ 5959749 entries (elapsed time   457.9s, curr speed    0.564 kHz, avg speed    4.849 kHz), accepted   220001/  220001 events (100.00%)
Processed  2230000/ 5959749 entries (elapsed time   474.9s, curr speed    0.585 kHz, avg speed    4.695 kHz), accepted   230001/  230001 events (100.00%)
Processed  2240000/ 5959749 entries (elapsed time   510.9s, curr speed    0.278 kHz, avg speed    4.385 kHz), accepted   240001/  240001 events (100.00%)
Processed 250000 entries from MY_EOS_SPACE/heppyNtuples/TREES_TopDibosonsQCD_94X/TTToSemilepton_powheg_part5/treeProducerWMass/tree.root, selected 250000 entries
Done MY_EOS_SPACE/heppyNtuples/TREES_TopDibosonsQCD_94X/friends/tree_Friend_TTToSemilepton_powheg_part5.chunk8.root
