000 (323081.007.000) 05/11 15:54:55 Job submitted from host: <188.184.95.166:9618?addrs=188.184.95.166-9618+[2001-1458-201-e4--100-7a0]-9618&alias=tbird02.cern.ch&noUDP&sock=schedd_2138722_faad_3>
...
022 (323081.007.000) 05/11 15:55:46 Job disconnected, attempting to reconnect
    Socket between submit and execute hosts closed unexpectedly
    Trying to reconnect to slot1_1@b7g28n0095.cern.ch <188.184.186.30:9618?addrs=188.184.186.30-9618+[2001-1458-301-f8--100-2b]-9618&noUDP&sock=2326_0560_3>
...
024 (323081.007.000) 05/11 15:55:47 Job reconnection failed
    Job not found at execution machine
    Can not reconnect to slot1_1@b7g28n0095.cern.ch, rescheduling job
...
040 (323081.007.000) 05/11 15:57:30 Started transferring input files
	Transferring to host: <188.184.132.43:9618?addrs=188.184.132.43-9618+[2001-1458-301-a0--100-28]-9618&noUDP&sock=5194_648c_76>
...
040 (323081.007.000) 05/11 15:57:30 Finished transferring input files
...
001 (323081.007.000) 05/11 15:57:31 Job executing on host: <188.184.132.43:9618?addrs=188.184.132.43-9618+[2001-1458-301-a0--100-28]-9618&noUDP&sock=2335_31ba_3>
...
006 (323081.007.000) 05/11 15:57:40 Image size of job updated: 254960
	175  -  MemoryUsage of job (MB)
	178788  -  ResidentSetSize of job (KB)
...
006 (323081.007.000) 05/11 16:02:41 Image size of job updated: 455788
	445  -  MemoryUsage of job (MB)
	455428  -  ResidentSetSize of job (KB)
...
006 (323081.007.000) 05/11 16:07:42 Image size of job updated: 486724
	475  -  MemoryUsage of job (MB)
	486364  -  ResidentSetSize of job (KB)
...
006 (323081.007.000) 05/11 16:10:23 Image size of job updated: 891500
	475  -  MemoryUsage of job (MB)
	486364  -  ResidentSetSize of job (KB)
...
040 (323081.007.000) 05/11 16:10:23 Started transferring output files
...
040 (323081.007.000) 05/11 16:10:23 Finished transferring output files
...
005 (323081.007.000) 05/11 16:10:23 Job terminated.
	(1) Normal termination (return value 1)
		Usr 0 00:11:10, Sys 0 00:01:14  -  Run Remote Usage
		Usr 0 00:00:00, Sys 0 00:00:00  -  Run Local Usage
		Usr 0 00:11:10, Sys 0 00:01:14  -  Total Remote Usage
		Usr 0 00:00:00, Sys 0 00:00:00  -  Total Local Usage
	8552  -  Run Bytes Sent By Job
	10941  -  Run Bytes Received By Job
	8552  -  Total Bytes Sent By Job
	10941  -  Total Bytes Received By Job
	Partitionable Resources :    Usage  Request Allocated 
	   Cpus                 :     1.00        1         1 
	   Disk (KB)            :    79           1    211208 
	   Memory (MB)          :   475        2000      2000 
...
