000 (323086.015.000) 05/11 15:54:57 Job submitted from host: <188.184.95.166:9618?addrs=188.184.95.166-9618+[2001-1458-201-e4--100-7a0]-9618&alias=tbird02.cern.ch&noUDP&sock=schedd_2138722_faad_3>
...
040 (323086.015.000) 05/11 15:56:31 Started transferring input files
	Transferring to host: <188.184.132.13:9618?addrs=188.184.132.13-9618+[2001-1458-301-a0--100-b]-9618&noUDP&sock=3732_4811_126441>
...
040 (323086.015.000) 05/11 15:56:31 Finished transferring input files
...
001 (323086.015.000) 05/11 15:56:32 Job executing on host: <188.184.132.13:9618?addrs=188.184.132.13-9618+[2001-1458-301-a0--100-b]-9618&noUDP&sock=2341_4f4c_3>
...
006 (323086.015.000) 05/11 15:56:41 Image size of job updated: 210792
	130  -  MemoryUsage of job (MB)
	132600  -  ResidentSetSize of job (KB)
...
006 (323086.015.000) 05/11 16:01:41 Image size of job updated: 488204
	474  -  MemoryUsage of job (MB)
	485252  -  ResidentSetSize of job (KB)
...
040 (323086.015.000) 05/11 16:05:36 Started transferring output files
...
040 (323086.015.000) 05/11 16:05:36 Finished transferring output files
...
005 (323086.015.000) 05/11 16:05:36 Job terminated.
	(1) Normal termination (return value 1)
		Usr 0 00:07:58, Sys 0 00:00:56  -  Run Remote Usage
		Usr 0 00:00:00, Sys 0 00:00:00  -  Run Local Usage
		Usr 0 00:07:58, Sys 0 00:00:56  -  Total Remote Usage
		Usr 0 00:00:00, Sys 0 00:00:00  -  Total Local Usage
	8556  -  Run Bytes Sent By Job
	10941  -  Run Bytes Received By Job
	8556  -  Total Bytes Sent By Job
	10941  -  Total Bytes Received By Job
	Partitionable Resources :    Usage  Request Allocated 
	   Cpus                 :                 1           
	   Disk (KB)            :       71        1   2173151 
	   Memory (MB)          :      474     2000      2000 
...
