000 (323086.000.000) 05/11 15:54:57 Job submitted from host: <188.184.95.166:9618?addrs=188.184.95.166-9618+[2001-1458-201-e4--100-7a0]-9618&alias=tbird02.cern.ch&noUDP&sock=schedd_2138722_faad_3>
...
040 (323086.000.000) 05/11 15:56:28 Started transferring input files
	Transferring to host: <188.184.132.17:9618?addrs=188.184.132.17-9618+[2001-1458-301-a0--100-13]-9618&noUDP&sock=4106_cc60_126628>
...
040 (323086.000.000) 05/11 15:56:28 Finished transferring input files
...
001 (323086.000.000) 05/11 15:56:29 Job executing on host: <188.184.132.17:9618?addrs=188.184.132.17-9618+[2001-1458-301-a0--100-13]-9618&noUDP&sock=2434_199b_3>
...
006 (323086.000.000) 05/11 15:56:37 Image size of job updated: 245272
	163  -  MemoryUsage of job (MB)
	166360  -  ResidentSetSize of job (KB)
...
006 (323086.000.000) 05/11 16:01:37 Image size of job updated: 572196
	476  -  MemoryUsage of job (MB)
	486432  -  ResidentSetSize of job (KB)
...
006 (323086.000.000) 05/11 16:05:33 Image size of job updated: 572380
	476  -  MemoryUsage of job (MB)
	486432  -  ResidentSetSize of job (KB)
...
040 (323086.000.000) 05/11 16:05:33 Started transferring output files
...
040 (323086.000.000) 05/11 16:05:33 Finished transferring output files
...
005 (323086.000.000) 05/11 16:05:33 Job terminated.
	(1) Normal termination (return value 1)
		Usr 0 00:08:00, Sys 0 00:00:55  -  Run Remote Usage
		Usr 0 00:00:00, Sys 0 00:00:00  -  Run Local Usage
		Usr 0 00:08:00, Sys 0 00:00:55  -  Total Remote Usage
		Usr 0 00:00:00, Sys 0 00:00:00  -  Total Local Usage
	8388  -  Run Bytes Sent By Job
	10941  -  Run Bytes Received By Job
	8388  -  Total Bytes Sent By Job
	10941  -  Total Bytes Received By Job
	Partitionable Resources :    Usage  Request Allocated 
	   Cpus                 :                 1           
	   Disk (KB)            :       70        1   2171095 
	   Memory (MB)          :      476     2000      2000 
...
