000 (323098.024.000) 05/11 15:55:05 Job submitted from host: <188.184.95.166:9618?addrs=188.184.95.166-9618+[2001-1458-201-e4--100-7a0]-9618&alias=tbird02.cern.ch&noUDP&sock=schedd_2138722_faad_3>
...
040 (323098.024.000) 05/11 16:04:21 Started transferring input files
	Transferring to host: <128.142.240.29:9618?addrs=128.142.240.29-9618+[2001-1458-301-f9--100-d]-9618&noUDP&sock=3763_1fb2_126660>
...
040 (323098.024.000) 05/11 16:04:21 Finished transferring input files
...
001 (323098.024.000) 05/11 16:04:22 Job executing on host: <128.142.240.29:9618?addrs=128.142.240.29-9618+[2001-1458-301-f9--100-d]-9618&noUDP&sock=2346_bd45_3>
...
006 (323098.024.000) 05/11 16:04:31 Image size of job updated: 313912
	226  -  MemoryUsage of job (MB)
	231152  -  ResidentSetSize of job (KB)
...
006 (323098.024.000) 05/11 16:09:32 Image size of job updated: 591776
	497  -  MemoryUsage of job (MB)
	508852  -  ResidentSetSize of job (KB)
...
040 (323098.024.000) 05/11 16:12:48 Started transferring output files
...
040 (323098.024.000) 05/11 16:12:48 Finished transferring output files
...
005 (323098.024.000) 05/11 16:12:48 Job terminated.
	(1) Normal termination (return value 1)
		Usr 0 00:07:24, Sys 0 00:00:58  -  Run Remote Usage
		Usr 0 00:00:00, Sys 0 00:00:00  -  Run Local Usage
		Usr 0 00:07:24, Sys 0 00:00:58  -  Total Remote Usage
		Usr 0 00:00:00, Sys 0 00:00:00  -  Total Local Usage
	8612  -  Run Bytes Sent By Job
	10941  -  Run Bytes Received By Job
	8612  -  Total Bytes Sent By Job
	10941  -  Total Bytes Received By Job
	Partitionable Resources :    Usage  Request Allocated 
	   Cpus                 :                 1           
	   Disk (KB)            :       72        1   2154966 
	   Memory (MB)          :      497     2000      2000 
...
