   TTTo2L2Nu_powheg_part5   MC  29 chunks


I have 1 taks to process
I'm using the following list of modules DEFAULT_MODULES
this is jobs [('TTTo2L2Nu_powheg_part5', 'MY_EOS_SPACE/heppyNtuples/TREES_TopDibosonsQCD_94X/TTTo2L2Nu_powheg_part5/treeProducerWMass/tree.root', 8979320.0, '_Friend_TTTo2L2Nu_powheg_part5.chunk21', False, xrange(5250000, 5500000), 21)]
Modules to run:  []   name =  puWeight
Loading puWeight from CMGTools.WMass.postprocessing.examples.puWeightProducer 
Running on dataset =  TTTo2L2Nu_powheg_part5
TFile: name=/afs/cern.ch/work/m/mciprian/w_mass_analysis/heppy/rel_slc7/CMSSW_9_4_12/src/CMGTools/WMass/python/postprocessing/data/pileup/mcPU_2016_W94XnoCutsWithGenWeights_nTrueInt.root, title=, option=READ
TFile: name=/afs/cern.ch/work/m/mciprian/w_mass_analysis/heppy/rel_slc7/CMSSW_9_4_12/src/CMGTools/WMass/python/postprocessing/data/pileup/PileupData_GoldenMuonJSON_Full2016.root, title=, option=READ
Load C++ Worker
Modules to run:  []   name =  muCalibratedWithStatVar
Loading muCalibratedWithStatVar from CMGTools.WMass.postprocessing.examples.lepVarProducer 
Running on dataset =  TTTo2L2Nu_powheg_part5
did not find EnergyScaleCorrection shared object, rebuilding
trying to load all the rochester correction libraries
did not find legacy data roccor. rebuilding...
done building legacy data roccor.
Modules to run:  []   name =  jetAllReCleaner
Loading jetAllReCleaner from CMGTools.WMass.postprocessing.examples.jetReCleaner 
Running on dataset =  TTTo2L2Nu_powheg_part5
Load C++ Worker
Modules to run:  []   name =  jetReCleaner
Loading jetReCleaner from CMGTools.WMass.postprocessing.examples.jetReCleaner 
Running on dataset =  TTTo2L2Nu_powheg_part5
Load C++ Worker
Modules to run:  []   name =  genQEDJets
Loading genQEDJets from CMGTools.WMass.postprocessing.examples.genFriendProducer 
Running on dataset =  TTTo2L2Nu_powheg_part5
Will write selected trees to MY_EOS_SPACE/heppyNtuples/TREES_TopDibosonsQCD_94X/friends/
Normalization of nTrueInt_Wnopt: 3.68902e+10
Normalization of pileup: 3.68902e+10
Weights for variable nTrueInt_Wnopt with a number of bins equal to 102:
1 0.3634 0.9215 1.196 0.96 1.118 1.157 0.9675 0.9293 0.9192 0.8823 0.9553 1.062 1.116 1.167 1.194 1.2 1.193 1.177 1.14 1.092 1.06 1.047 1.046 1.047 1.048 1.06 1.077 1.092 1.106 1.122 1.108 1.097 1.051 0.992 0.9144 0.8237 0.7175 0.6087 0.5019 0.4029 0.3076 0.2264 0.1622 0.1123 0.07656 0.05052 0.03159 0.01992 0.01212 0.007355 0.004361 0.002593 0.001553 0.0009624 0.0007219 0.0006632 0.0007233 0.0009289 0.001329 0.001772 0.003222 0.004042 0.00487 0.005064 0.005658 0.005309 0.004846 0.004101 0.003977 0.003686 0.003306 0.002672 0.002286 0.001878 0.00167 1 1 1 1 1 1 1 1 1 1 1 1 1 1 1 1 1 1 1 1 1 1 1 1 1 1 .
Final weights: 
1 0.3634 0.9215 1.196 0.96 1.118 1.157 0.9675 0.9293 0.9192 0.8823 0.9553 1.062 1.116 1.167 1.194 1.2 1.193 1.177 1.14 1.092 1.06 1.047 1.046 1.047 1.048 1.06 1.077 1.092 1.106 1.122 1.108 1.097 1.051 0.992 0.9144 0.8237 0.7175 0.6087 0.5019 0.4029 0.3076 0.2264 0.1622 0.1123 0.07656 0.05052 0.03159 0.01992 0.01212 0.007355 0.004361 0.002593 0.001553 0.0009624 0.0007219 0.0006632 0.0007233 0.0009289 0.001329 0.001772 0.003222 0.004042 0.00487 0.005064 0.005658 0.005309 0.004846 0.004101 0.003977 0.003686 0.003306 0.002672 0.002286 0.001878 0.00167 1 1 1 1 1 1 1 1 1 1 1 1 1 1 1 1 1 1 1 1 1 1 1 1 1 1 .
begin job of lepCalProducer
initializing all the rochester correction objects
initializing the egamma calibrator
Processed  5250000/ 7020017 entries (elapsed time     0.4s, curr speed   24.390 kHz, avg speed 12804.878 kHz), accepted        1/       1 events (100.00%)
Processed  5260000/ 7020017 entries (elapsed time    22.2s, curr speed    0.459 kHz, avg speed  236.830 kHz), accepted    10001/   10001 events (100.00%)
Processed  5270000/ 7020017 entries (elapsed time    43.9s, curr speed    0.461 kHz, avg speed  120.100 kHz), accepted    20001/   20001 events (100.00%)
Processed  5280000/ 7020017 entries (elapsed time    65.2s, curr speed    0.468 kHz, avg speed   80.932 kHz), accepted    30001/   30001 events (100.00%)
Processed  5290000/ 7020017 entries (elapsed time    87.5s, curr speed    0.448 kHz, avg speed   60.430 kHz), accepted    40001/   40001 events (100.00%)
Processed  5300000/ 7020017 entries (elapsed time   109.2s, curr speed    0.462 kHz, avg speed   48.535 kHz), accepted    50001/   50001 events (100.00%)
Processed  5310000/ 7020017 entries (elapsed time   127.7s, curr speed    0.540 kHz, avg speed   41.572 kHz), accepted    60001/   60001 events (100.00%)
Processed  5320000/ 7020017 entries (elapsed time   145.2s, curr speed    0.572 kHz, avg speed   36.634 kHz), accepted    70001/   70001 events (100.00%)
Processed  5330000/ 7020017 entries (elapsed time   162.9s, curr speed    0.566 kHz, avg speed   32.719 kHz), accepted    80001/   80001 events (100.00%)
Processed  5340000/ 7020017 entries (elapsed time   181.1s, curr speed    0.551 kHz, avg speed   29.493 kHz), accepted    90001/   90001 events (100.00%)
Processed  5350000/ 7020017 entries (elapsed time   198.8s, curr speed    0.562 kHz, avg speed   26.905 kHz), accepted   100001/  100001 events (100.00%)
Processed  5360000/ 7020017 entries (elapsed time   241.6s, curr speed    0.234 kHz, avg speed   22.185 kHz), accepted   110001/  110001 events (100.00%)
Processed  5370000/ 7020017 entries (elapsed time   259.4s, curr speed    0.561 kHz, avg speed   20.699 kHz), accepted   120001/  120001 events (100.00%)
Processed  5380000/ 7020017 entries (elapsed time   277.1s, curr speed    0.566 kHz, avg speed   19.415 kHz), accepted   130001/  130001 events (100.00%)
Processed  5390000/ 7020017 entries (elapsed time   295.0s, curr speed    0.560 kHz, avg speed   18.273 kHz), accepted   140001/  140001 events (100.00%)
Processed  5400000/ 7020017 entries (elapsed time   312.7s, curr speed    0.565 kHz, avg speed   17.271 kHz), accepted   150001/  150001 events (100.00%)
Processed  5410000/ 7020017 entries (elapsed time   354.9s, curr speed    0.237 kHz, avg speed   15.242 kHz), accepted   160001/  160001 events (100.00%)
Processed  5420000/ 7020017 entries (elapsed time   372.5s, curr speed    0.570 kHz, avg speed   14.552 kHz), accepted   170001/  170001 events (100.00%)
Processed  5430000/ 7020017 entries (elapsed time   389.9s, curr speed    0.573 kHz, avg speed   13.926 kHz), accepted   180001/  180001 events (100.00%)
Processed  5440000/ 7020017 entries (elapsed time   407.7s, curr speed    0.562 kHz, avg speed   13.343 kHz), accepted   190001/  190001 events (100.00%)
Processed  5450000/ 7020017 entries (elapsed time   425.5s, curr speed    0.563 kHz, avg speed   12.809 kHz), accepted   200001/  200001 events (100.00%)
Processed  5460000/ 7020017 entries (elapsed time   466.5s, curr speed    0.244 kHz, avg speed   11.705 kHz), accepted   210001/  210001 events (100.00%)
Processed  5470000/ 7020017 entries (elapsed time   484.5s, curr speed    0.556 kHz, avg speed   11.291 kHz), accepted   220001/  220001 events (100.00%)
Processed  5480000/ 7020017 entries (elapsed time   502.1s, curr speed    0.567 kHz, avg speed   10.914 kHz), accepted   230001/  230001 events (100.00%)
Processed  5490000/ 7020017 entries (elapsed time   519.7s, curr speed    0.568 kHz, avg speed   10.563 kHz), accepted   240001/  240001 events (100.00%)
Processed 250000 entries from MY_EOS_SPACE/heppyNtuples/TREES_TopDibosonsQCD_94X/TTTo2L2Nu_powheg_part5/treeProducerWMass/tree.root, selected 250000 entries
Done MY_EOS_SPACE/heppyNtuples/TREES_TopDibosonsQCD_94X/friends/tree_Friend_TTTo2L2Nu_powheg_part5.chunk21.root
