000 (323103.023.000) 05/11 15:55:09 Job submitted from host: <188.184.95.166:9618?addrs=188.184.95.166-9618+[2001-1458-201-e4--100-7a0]-9618&alias=tbird02.cern.ch&noUDP&sock=schedd_2138722_faad_3>
...
040 (323103.023.000) 05/11 16:06:45 Started transferring input files
	Transferring to host: <188.184.132.18:9618?addrs=188.184.132.18-9618+[--1]-9618&noUDP&sock=3156_6ff9_9460>
...
040 (323103.023.000) 05/11 16:06:45 Finished transferring input files
...
001 (323103.023.000) 05/11 16:06:46 Job executing on host: <188.184.132.18:9618?addrs=188.184.132.18-9618+[--1]-9618&noUDP&sock=2265_2e19_3>
...
006 (323103.023.000) 05/11 16:06:54 Image size of job updated: 336652
	249  -  MemoryUsage of job (MB)
	254220  -  ResidentSetSize of job (KB)
...
006 (323103.023.000) 05/11 16:11:54 Image size of job updated: 590256
	496  -  MemoryUsage of job (MB)
	507772  -  ResidentSetSize of job (KB)
...
040 (323103.023.000) 05/11 16:15:45 Started transferring output files
...
040 (323103.023.000) 05/11 16:15:45 Finished transferring output files
...
005 (323103.023.000) 05/11 16:15:45 Job terminated.
	(1) Normal termination (return value 1)
		Usr 0 00:07:48, Sys 0 00:01:05  -  Run Remote Usage
		Usr 0 00:00:00, Sys 0 00:00:00  -  Run Local Usage
		Usr 0 00:07:48, Sys 0 00:01:05  -  Total Remote Usage
		Usr 0 00:00:00, Sys 0 00:00:00  -  Total Local Usage
	13940  -  Run Bytes Sent By Job
	10941  -  Run Bytes Received By Job
	13940  -  Total Bytes Sent By Job
	10941  -  Total Bytes Received By Job
	Partitionable Resources :    Usage  Request Allocated 
	   Cpus                 :                 1           
	   Disk (KB)            :       74        1   2211968 
	   Memory (MB)          :      496     2000      2000 
...
