000 (323091.007.000) 05/11 15:55:01 Job submitted from host: <188.184.95.166:9618?addrs=188.184.95.166-9618+[2001-1458-201-e4--100-7a0]-9618&alias=tbird02.cern.ch&noUDP&sock=schedd_2138722_faad_3>
...
040 (323091.007.000) 05/11 15:57:55 Started transferring input files
	Transferring to host: <128.142.240.70:9618?addrs=128.142.240.70-9618+[2001-1458-301-f9--100-4a]-9618&noUDP&sock=4183_0d43_126381>
...
040 (323091.007.000) 05/11 15:57:55 Finished transferring input files
...
001 (323091.007.000) 05/11 15:57:56 Job executing on host: <128.142.240.70:9618?addrs=128.142.240.70-9618+[2001-1458-301-f9--100-4a]-9618&noUDP&sock=2395_5969_3>
...
006 (323091.007.000) 05/11 15:58:05 Image size of job updated: 313768
	226  -  MemoryUsage of job (MB)
	230928  -  ResidentSetSize of job (KB)
...
006 (323091.007.000) 05/11 16:03:06 Image size of job updated: 591848
	498  -  MemoryUsage of job (MB)
	508956  -  ResidentSetSize of job (KB)
...
040 (323091.007.000) 05/11 16:07:05 Started transferring output files
...
040 (323091.007.000) 05/11 16:07:05 Finished transferring output files
...
005 (323091.007.000) 05/11 16:07:05 Job terminated.
	(1) Normal termination (return value 1)
		Usr 0 00:08:04, Sys 0 00:00:58  -  Run Remote Usage
		Usr 0 00:00:00, Sys 0 00:00:00  -  Run Local Usage
		Usr 0 00:08:04, Sys 0 00:00:58  -  Total Remote Usage
		Usr 0 00:00:00, Sys 0 00:00:00  -  Total Local Usage
	8608  -  Run Bytes Sent By Job
	10941  -  Run Bytes Received By Job
	8608  -  Total Bytes Sent By Job
	10941  -  Total Bytes Received By Job
	Partitionable Resources :    Usage  Request Allocated 
	   Cpus                 :                 1           
	   Disk (KB)            :       71        1   2114052 
	   Memory (MB)          :      498     2000      2000 
...
