   TTToSemilepton_powheg_part5   MC  24 chunks


I have 1 taks to process
I'm using the following list of modules DEFAULT_MODULES
this is jobs [('TTToSemilepton_powheg_part5', 'MY_EOS_SPACE/heppyNtuples/TREES_TopDibosonsQCD_94X/TTToSemilepton_powheg_part5/treeProducerWMass/tree.root', 10881792.0, '_Friend_TTToSemilepton_powheg_part5.chunk22', False, xrange(5500000, 5750000), 22)]
Modules to run:  []   name =  puWeight
Loading puWeight from CMGTools.WMass.postprocessing.examples.puWeightProducer 
Running on dataset =  TTToSemilepton_powheg_part5
TFile: name=/afs/cern.ch/work/m/mciprian/w_mass_analysis/heppy/rel_slc7/CMSSW_9_4_12/src/CMGTools/WMass/python/postprocessing/data/pileup/mcPU_2016_W94XnoCutsWithGenWeights_nTrueInt.root, title=, option=READ
TFile: name=/afs/cern.ch/work/m/mciprian/w_mass_analysis/heppy/rel_slc7/CMSSW_9_4_12/src/CMGTools/WMass/python/postprocessing/data/pileup/PileupData_GoldenMuonJSON_Full2016.root, title=, option=READ
Load C++ Worker
Modules to run:  []   name =  muCalibratedWithStatVar
Loading muCalibratedWithStatVar from CMGTools.WMass.postprocessing.examples.lepVarProducer 
Running on dataset =  TTToSemilepton_powheg_part5
did not find EnergyScaleCorrection shared object, rebuilding
trying to load all the rochester correction libraries
did not find legacy data roccor. rebuilding...
done building legacy data roccor.
Modules to run:  []   name =  jetAllReCleaner
Loading jetAllReCleaner from CMGTools.WMass.postprocessing.examples.jetReCleaner 
Running on dataset =  TTToSemilepton_powheg_part5
Load C++ Worker
Modules to run:  []   name =  jetReCleaner
Loading jetReCleaner from CMGTools.WMass.postprocessing.examples.jetReCleaner 
Running on dataset =  TTToSemilepton_powheg_part5
Load C++ Worker
Modules to run:  []   name =  genQEDJets
Loading genQEDJets from CMGTools.WMass.postprocessing.examples.genFriendProducer 
Running on dataset =  TTToSemilepton_powheg_part5
Will write selected trees to MY_EOS_SPACE/heppyNtuples/TREES_TopDibosonsQCD_94X/friends/
Normalization of nTrueInt_Wnopt: 3.68902e+10
Normalization of pileup: 3.68902e+10
Weights for variable nTrueInt_Wnopt with a number of bins equal to 102:
1 0.3634 0.9215 1.196 0.96 1.118 1.157 0.9675 0.9293 0.9192 0.8823 0.9553 1.062 1.116 1.167 1.194 1.2 1.193 1.177 1.14 1.092 1.06 1.047 1.046 1.047 1.048 1.06 1.077 1.092 1.106 1.122 1.108 1.097 1.051 0.992 0.9144 0.8237 0.7175 0.6087 0.5019 0.4029 0.3076 0.2264 0.1622 0.1123 0.07656 0.05052 0.03159 0.01992 0.01212 0.007355 0.004361 0.002593 0.001553 0.0009624 0.0007219 0.0006632 0.0007233 0.0009289 0.001329 0.001772 0.003222 0.004042 0.00487 0.005064 0.005658 0.005309 0.004846 0.004101 0.003977 0.003686 0.003306 0.002672 0.002286 0.001878 0.00167 1 1 1 1 1 1 1 1 1 1 1 1 1 1 1 1 1 1 1 1 1 1 1 1 1 1 .
Final weights: 
1 0.3634 0.9215 1.196 0.96 1.118 1.157 0.9675 0.9293 0.9192 0.8823 0.9553 1.062 1.116 1.167 1.194 1.2 1.193 1.177 1.14 1.092 1.06 1.047 1.046 1.047 1.048 1.06 1.077 1.092 1.106 1.122 1.108 1.097 1.051 0.992 0.9144 0.8237 0.7175 0.6087 0.5019 0.4029 0.3076 0.2264 0.1622 0.1123 0.07656 0.05052 0.03159 0.01992 0.01212 0.007355 0.004361 0.002593 0.001553 0.0009624 0.0007219 0.0006632 0.0007233 0.0009289 0.001329 0.001772 0.003222 0.004042 0.00487 0.005064 0.005658 0.005309 0.004846 0.004101 0.003977 0.003686 0.003306 0.002672 0.002286 0.001878 0.00167 1 1 1 1 1 1 1 1 1 1 1 1 1 1 1 1 1 1 1 1 1 1 1 1 1 1 .
begin job of lepCalProducer
initializing all the rochester correction objects
initializing the egamma calibrator
Processed  5500000/ 5959749 entries (elapsed time     0.3s, curr speed   31.250 kHz, avg speed 17187.500 kHz), accepted        1/       1 events (100.00%)
Processed  5510000/ 5959749 entries (elapsed time    21.8s, curr speed    0.466 kHz, avg speed  252.984 kHz), accepted    10001/   10001 events (100.00%)
Processed  5520000/ 5959749 entries (elapsed time    43.4s, curr speed    0.463 kHz, avg speed  127.189 kHz), accepted    20001/   20001 events (100.00%)
Processed  5530000/ 5959749 entries (elapsed time    65.1s, curr speed    0.461 kHz, avg speed   84.933 kHz), accepted    30001/   30001 events (100.00%)
Processed  5540000/ 5959749 entries (elapsed time    86.4s, curr speed    0.470 kHz, avg speed   64.120 kHz), accepted    40001/   40001 events (100.00%)
Processed  5550000/ 5959749 entries (elapsed time   107.9s, curr speed    0.466 kHz, avg speed   51.451 kHz), accepted    50001/   50001 events (100.00%)
Processed  5560000/ 5959749 entries (elapsed time   129.7s, curr speed    0.457 kHz, avg speed   42.858 kHz), accepted    60001/   60001 events (100.00%)
Processed  5570000/ 5959749 entries (elapsed time   147.6s, curr speed    0.559 kHz, avg speed   37.729 kHz), accepted    70001/   70001 events (100.00%)
Processed  5580000/ 5959749 entries (elapsed time   166.0s, curr speed    0.546 kHz, avg speed   33.623 kHz), accepted    80001/   80001 events (100.00%)
Processed  5590000/ 5959749 entries (elapsed time   184.3s, curr speed    0.545 kHz, avg speed   30.328 kHz), accepted    90001/   90001 events (100.00%)
Processed  5600000/ 5959749 entries (elapsed time   202.2s, curr speed    0.558 kHz, avg speed   27.689 kHz), accepted   100001/  100001 events (100.00%)
Processed  5610000/ 5959749 entries (elapsed time   220.2s, curr speed    0.557 kHz, avg speed   25.476 kHz), accepted   110001/  110001 events (100.00%)
Processed  5620000/ 5959749 entries (elapsed time   261.7s, curr speed    0.241 kHz, avg speed   21.477 kHz), accepted   120001/  120001 events (100.00%)
Processed  5630000/ 5959749 entries (elapsed time   280.0s, curr speed    0.546 kHz, avg speed   20.106 kHz), accepted   130001/  130001 events (100.00%)
Processed  5640000/ 5959749 entries (elapsed time   298.2s, curr speed    0.549 kHz, avg speed   18.912 kHz), accepted   140001/  140001 events (100.00%)
Processed  5650000/ 5959749 entries (elapsed time   316.9s, curr speed    0.536 kHz, avg speed   17.830 kHz), accepted   150001/  150001 events (100.00%)
Processed  5660000/ 5959749 entries (elapsed time   335.2s, curr speed    0.547 kHz, avg speed   16.887 kHz), accepted   160001/  160001 events (100.00%)
Processed  5670000/ 5959749 entries (elapsed time   353.6s, curr speed    0.542 kHz, avg speed   16.035 kHz), accepted   170001/  170001 events (100.00%)
Processed  5680000/ 5959749 entries (elapsed time   395.7s, curr speed    0.238 kHz, avg speed   14.356 kHz), accepted   180001/  180001 events (100.00%)
Processed  5690000/ 5959749 entries (elapsed time   413.6s, curr speed    0.558 kHz, avg speed   13.758 kHz), accepted   190001/  190001 events (100.00%)
Processed  5700000/ 5959749 entries (elapsed time   431.7s, curr speed    0.551 kHz, avg speed   13.203 kHz), accepted   200001/  200001 events (100.00%)
Processed  5710000/ 5959749 entries (elapsed time   449.3s, curr speed    0.568 kHz, avg speed   12.708 kHz), accepted   210001/  210001 events (100.00%)
Processed  5720000/ 5959749 entries (elapsed time   467.3s, curr speed    0.557 kHz, avg speed   12.241 kHz), accepted   220001/  220001 events (100.00%)
Processed  5730000/ 5959749 entries (elapsed time   485.2s, curr speed    0.557 kHz, avg speed   11.808 kHz), accepted   230001/  230001 events (100.00%)
Processed  5740000/ 5959749 entries (elapsed time   524.6s, curr speed    0.254 kHz, avg speed   10.942 kHz), accepted   240001/  240001 events (100.00%)
Processed 250000 entries from MY_EOS_SPACE/heppyNtuples/TREES_TopDibosonsQCD_94X/TTToSemilepton_powheg_part5/treeProducerWMass/tree.root, selected 250000 entries
Done MY_EOS_SPACE/heppyNtuples/TREES_TopDibosonsQCD_94X/friends/tree_Friend_TTToSemilepton_powheg_part5.chunk22.root
