000 (323097.024.000) 05/11 15:55:04 Job submitted from host: <188.184.95.166:9618?addrs=188.184.95.166-9618+[2001-1458-201-e4--100-7a0]-9618&alias=tbird02.cern.ch&noUDP&sock=schedd_2138722_faad_3>
...
040 (323097.024.000) 05/11 16:03:40 Started transferring input files
	Transferring to host: <128.142.33.171:9618?addrs=128.142.33.171-9618+[2001-1458-301-117--100-113]-9618&noUDP&sock=12908_9a86_103523>
...
040 (323097.024.000) 05/11 16:03:40 Finished transferring input files
...
001 (323097.024.000) 05/11 16:03:41 Job executing on host: <128.142.33.171:9618?addrs=128.142.33.171-9618+[2001-1458-301-117--100-113]-9618&noUDP&sock=12740_28a7_3>
...
006 (323097.024.000) 05/11 16:03:50 Image size of job updated: 339760
	249  -  MemoryUsage of job (MB)
	254212  -  ResidentSetSize of job (KB)
...
006 (323097.024.000) 05/11 16:08:51 Image size of job updated: 592916
	496  -  MemoryUsage of job (MB)
	507196  -  ResidentSetSize of job (KB)
...
040 (323097.024.000) 05/11 16:12:18 Started transferring output files
...
040 (323097.024.000) 05/11 16:12:18 Finished transferring output files
...
005 (323097.024.000) 05/11 16:12:18 Job terminated.
	(1) Normal termination (return value 1)
		Usr 0 00:07:30, Sys 0 00:01:02  -  Run Remote Usage
		Usr 0 00:00:00, Sys 0 00:00:00  -  Run Local Usage
		Usr 0 00:07:30, Sys 0 00:01:02  -  Total Remote Usage
		Usr 0 00:00:00, Sys 0 00:00:00  -  Total Local Usage
	8612  -  Run Bytes Sent By Job
	10941  -  Run Bytes Received By Job
	8612  -  Total Bytes Sent By Job
	10941  -  Total Bytes Received By Job
	Partitionable Resources :    Usage  Request Allocated 
	   Cpus                 :                 1           
	   Disk (KB)            :       72        1   2139367 
	   Memory (MB)          :      496     2000      2000 
...
