000 (323100.010.000) 05/11 15:55:06 Job submitted from host: <188.184.95.166:9618?addrs=188.184.95.166-9618+[2001-1458-201-e4--100-7a0]-9618&alias=tbird02.cern.ch&noUDP&sock=schedd_2138722_faad_3>
...
040 (323100.010.000) 05/11 16:04:54 Started transferring input files
	Transferring to host: <188.184.132.27:9618?addrs=188.184.132.27-9618+[2001-1458-301-a0--100-29]-9618&noUDP&sock=4226_5965_126605>
...
040 (323100.010.000) 05/11 16:04:54 Finished transferring input files
...
001 (323100.010.000) 05/11 16:04:55 Job executing on host: <188.184.132.27:9618?addrs=188.184.132.27-9618+[2001-1458-301-a0--100-29]-9618&noUDP&sock=2324_a630_3>
...
006 (323100.010.000) 05/11 16:05:04 Image size of job updated: 330064
	239  -  MemoryUsage of job (MB)
	244516  -  ResidentSetSize of job (KB)
...
006 (323100.010.000) 05/11 16:10:04 Image size of job updated: 594148
	497  -  MemoryUsage of job (MB)
	508428  -  ResidentSetSize of job (KB)
...
040 (323100.010.000) 05/11 16:13:30 Started transferring output files
...
040 (323100.010.000) 05/11 16:13:30 Finished transferring output files
...
005 (323100.010.000) 05/11 16:13:30 Job terminated.
	(1) Normal termination (return value 1)
		Usr 0 00:07:32, Sys 0 00:00:58  -  Run Remote Usage
		Usr 0 00:00:00, Sys 0 00:00:00  -  Run Local Usage
		Usr 0 00:07:32, Sys 0 00:00:58  -  Total Remote Usage
		Usr 0 00:00:00, Sys 0 00:00:00  -  Total Local Usage
	8611  -  Run Bytes Sent By Job
	10941  -  Run Bytes Received By Job
	8611  -  Total Bytes Sent By Job
	10941  -  Total Bytes Received By Job
	Partitionable Resources :    Usage  Request Allocated 
	   Cpus                 :                 1           
	   Disk (KB)            :       71        1   2211823 
	   Memory (MB)          :      497     2000      2000 
...
