000 (323102.010.000) 05/11 15:55:08 Job submitted from host: <188.184.95.166:9618?addrs=188.184.95.166-9618+[2001-1458-201-e4--100-7a0]-9618&alias=tbird02.cern.ch&noUDP&sock=schedd_2138722_faad_3>
...
040 (323102.010.000) 05/11 16:05:52 Started transferring input files
	Transferring to host: <188.184.132.11:9618?addrs=188.184.132.11-9618+[2001-1458-301-a0--100-8]-9618&noUDP&sock=4074_405f_126811>
...
040 (323102.010.000) 05/11 16:05:52 Finished transferring input files
...
001 (323102.010.000) 05/11 16:05:53 Job executing on host: <188.184.132.11:9618?addrs=188.184.132.11-9618+[2001-1458-301-a0--100-8]-9618&noUDP&sock=2324_a630_3>
...
006 (323102.010.000) 05/11 16:06:02 Image size of job updated: 336868
	249  -  MemoryUsage of job (MB)
	254016  -  ResidentSetSize of job (KB)
...
006 (323102.010.000) 05/11 16:11:03 Image size of job updated: 509544
	497  -  MemoryUsage of job (MB)
	508036  -  ResidentSetSize of job (KB)
...
040 (323102.010.000) 05/11 16:15:03 Started transferring output files
...
040 (323102.010.000) 05/11 16:15:03 Finished transferring output files
...
005 (323102.010.000) 05/11 16:15:03 Job terminated.
	(1) Normal termination (return value 1)
		Usr 0 00:08:03, Sys 0 00:01:00  -  Run Remote Usage
		Usr 0 00:00:00, Sys 0 00:00:00  -  Run Local Usage
		Usr 0 00:08:03, Sys 0 00:01:00  -  Total Remote Usage
		Usr 0 00:00:00, Sys 0 00:00:00  -  Total Local Usage
	8611  -  Run Bytes Sent By Job
	10941  -  Run Bytes Received By Job
	8611  -  Total Bytes Sent By Job
	10941  -  Total Bytes Received By Job
	Partitionable Resources :    Usage  Request Allocated 
	   Cpus                 :                 1           
	   Disk (KB)            :       72        1   2139697 
	   Memory (MB)          :      497     2000      2000 
...
