000 (323101.007.000) 05/11 15:55:08 Job submitted from host: <188.184.95.166:9618?addrs=188.184.95.166-9618+[2001-1458-201-e4--100-7a0]-9618&alias=tbird02.cern.ch&noUDP&sock=schedd_2138722_faad_3>
...
040 (323101.007.000) 05/11 16:05:14 Started transferring input files
	Transferring to host: <128.142.33.150:9618?addrs=128.142.33.150-9618+[2001-1458-301-117--100-39d]-9618&noUDP&sock=13048_3f0c_102005>
...
040 (323101.007.000) 05/11 16:05:14 Finished transferring input files
...
001 (323101.007.000) 05/11 16:05:15 Job executing on host: <128.142.33.150:9618?addrs=128.142.33.150-9618+[2001-1458-301-117--100-39d]-9618&noUDP&sock=12882_8f1a_3>
...
006 (323101.007.000) 05/11 16:05:24 Image size of job updated: 274476
	249  -  MemoryUsage of job (MB)
	254184  -  ResidentSetSize of job (KB)
...
006 (323101.007.000) 05/11 16:10:25 Image size of job updated: 527428
	496  -  MemoryUsage of job (MB)
	507224  -  ResidentSetSize of job (KB)
...
040 (323101.007.000) 05/11 16:14:01 Started transferring output files
...
040 (323101.007.000) 05/11 16:14:01 Finished transferring output files
...
005 (323101.007.000) 05/11 16:14:01 Job terminated.
	(1) Normal termination (return value 1)
		Usr 0 00:07:40, Sys 0 00:01:00  -  Run Remote Usage
		Usr 0 00:00:00, Sys 0 00:00:00  -  Run Local Usage
		Usr 0 00:07:40, Sys 0 00:01:00  -  Total Remote Usage
		Usr 0 00:00:00, Sys 0 00:00:00  -  Total Local Usage
	8608  -  Run Bytes Sent By Job
	10941  -  Run Bytes Received By Job
	8608  -  Total Bytes Sent By Job
	10941  -  Total Bytes Received By Job
	Partitionable Resources :    Usage  Request Allocated 
	   Cpus                 :                 1           
	   Disk (KB)            :       71        1   2104866 
	   Memory (MB)          :      496     2000      2000 
...
