000 (323087.009.000) 05/11 15:54:58 Job submitted from host: <188.184.95.166:9618?addrs=188.184.95.166-9618+[2001-1458-201-e4--100-7a0]-9618&alias=tbird02.cern.ch&noUDP&sock=schedd_2138722_faad_3>
...
040 (323087.009.000) 05/11 15:56:40 Started transferring input files
	Transferring to host: <188.184.132.35:9618?addrs=188.184.132.35-9618+[2001-1458-301-a0--100-11]-9618&noUDP&sock=20896_df4b_84>
...
040 (323087.009.000) 05/11 15:56:40 Finished transferring input files
...
001 (323087.009.000) 05/11 15:56:41 Job executing on host: <188.184.132.35:9618?addrs=188.184.132.35-9618+[2001-1458-301-a0--100-11]-9618&noUDP&sock=2441_e6c4_3>
...
006 (323087.009.000) 05/11 15:56:50 Image size of job updated: 291664
	224  -  MemoryUsage of job (MB)
	228852  -  ResidentSetSize of job (KB)
...
006 (323087.009.000) 05/11 16:01:51 Image size of job updated: 401176
	392  -  MemoryUsage of job (MB)
	400468  -  ResidentSetSize of job (KB)
...
006 (323087.009.000) 05/11 16:06:51 Image size of job updated: 487220
	476  -  MemoryUsage of job (MB)
	486512  -  ResidentSetSize of job (KB)
...
006 (323087.009.000) 05/11 16:11:51 Image size of job updated: 488212
	477  -  MemoryUsage of job (MB)
	487504  -  ResidentSetSize of job (KB)
...
040 (323087.009.000) 05/11 16:12:06 Started transferring output files
...
040 (323087.009.000) 05/11 16:12:06 Finished transferring output files
...
005 (323087.009.000) 05/11 16:12:06 Job terminated.
	(1) Normal termination (return value 1)
		Usr 0 00:13:26, Sys 0 00:01:26  -  Run Remote Usage
		Usr 0 00:00:00, Sys 0 00:00:00  -  Run Local Usage
		Usr 0 00:13:26, Sys 0 00:01:26  -  Total Remote Usage
		Usr 0 00:00:00, Sys 0 00:00:00  -  Total Local Usage
	8552  -  Run Bytes Sent By Job
	10941  -  Run Bytes Received By Job
	8552  -  Total Bytes Sent By Job
	10941  -  Total Bytes Received By Job
	Partitionable Resources :    Usage  Request Allocated 
	   Cpus                 :     1.00        1         1 
	   Disk (KB)            :    78           1    212293 
	   Memory (MB)          :   477        2000      2000 
...
