000 (323092.003.000) 05/11 15:55:01 Job submitted from host: <188.184.95.166:9618?addrs=188.184.95.166-9618+[2001-1458-201-e4--100-7a0]-9618&alias=tbird02.cern.ch&noUDP&sock=schedd_2138722_faad_3>
...
040 (323092.003.000) 05/11 15:58:03 Started transferring input files
	Transferring to host: <128.142.240.36:9618?addrs=128.142.240.36-9618+[2001-1458-301-f9--100-11]-9618&noUDP&sock=3477_9c66_147>
...
040 (323092.003.000) 05/11 15:58:03 Finished transferring input files
...
001 (323092.003.000) 05/11 15:58:05 Job executing on host: <128.142.240.36:9618?addrs=128.142.240.36-9618+[2001-1458-301-f9--100-11]-9618&noUDP&sock=2260_c020_3>
...
006 (323092.003.000) 05/11 15:58:13 Image size of job updated: 307828
	218  -  MemoryUsage of job (MB)
	223060  -  ResidentSetSize of job (KB)
...
006 (323092.003.000) 05/11 16:03:13 Image size of job updated: 601888
	505  -  MemoryUsage of job (MB)
	516260  -  ResidentSetSize of job (KB)
...
006 (323092.003.000) 05/11 16:08:13 Image size of job updated: 601888
	505  -  MemoryUsage of job (MB)
	516284  -  ResidentSetSize of job (KB)
...
040 (323092.003.000) 05/11 16:09:01 Started transferring output files
...
040 (323092.003.000) 05/11 16:09:01 Finished transferring output files
...
005 (323092.003.000) 05/11 16:09:01 Job terminated.
	(1) Normal termination (return value 1)
		Usr 0 00:07:30, Sys 0 00:01:00  -  Run Remote Usage
		Usr 0 00:00:00, Sys 0 00:00:00  -  Run Local Usage
		Usr 0 00:07:30, Sys 0 00:01:00  -  Total Remote Usage
		Usr 0 00:00:00, Sys 0 00:00:00  -  Total Local Usage
	13926  -  Run Bytes Sent By Job
	10941  -  Run Bytes Received By Job
	13926  -  Total Bytes Sent By Job
	10941  -  Total Bytes Received By Job
	Partitionable Resources :    Usage  Request Allocated 
	   Cpus                 :                 1           
	   Disk (KB)            :       73        1   2163192 
	   Memory (MB)          :      505     2000      2000 
...
