   TTTo2L2Nu_powheg_part1   MC  26 chunks


I have 1 taks to process
I'm using the following list of modules DEFAULT_MODULES
this is jobs [('TTTo2L2Nu_powheg_part1', 'MY_EOS_SPACE/heppyNtuples/TREES_TopDibosonsQCD_94X/TTTo2L2Nu_powheg_part1/treeProducerWMass/tree.root', 8198340.0, '_Friend_TTTo2L2Nu_powheg_part1.chunk14', False, xrange(3500000, 3750000), 14)]
Modules to run:  []   name =  puWeight
Loading puWeight from CMGTools.WMass.postprocessing.examples.puWeightProducer 
Running on dataset =  TTTo2L2Nu_powheg_part1
TFile: name=/afs/cern.ch/work/m/mciprian/w_mass_analysis/heppy/rel_slc7/CMSSW_9_4_12/src/CMGTools/WMass/python/postprocessing/data/pileup/mcPU_2016_W94XnoCutsWithGenWeights_nTrueInt.root, title=, option=READ
TFile: name=/afs/cern.ch/work/m/mciprian/w_mass_analysis/heppy/rel_slc7/CMSSW_9_4_12/src/CMGTools/WMass/python/postprocessing/data/pileup/PileupData_GoldenMuonJSON_Full2016.root, title=, option=READ
Load C++ Worker
Modules to run:  []   name =  muCalibratedWithStatVar
Loading muCalibratedWithStatVar from CMGTools.WMass.postprocessing.examples.lepVarProducer 
Running on dataset =  TTTo2L2Nu_powheg_part1
did not find EnergyScaleCorrection shared object, rebuilding
trying to load all the rochester correction libraries
did not find legacy data roccor. rebuilding...
done building legacy data roccor.
Modules to run:  []   name =  jetAllReCleaner
Loading jetAllReCleaner from CMGTools.WMass.postprocessing.examples.jetReCleaner 
Running on dataset =  TTTo2L2Nu_powheg_part1
Load C++ Worker
Modules to run:  []   name =  jetReCleaner
Loading jetReCleaner from CMGTools.WMass.postprocessing.examples.jetReCleaner 
Running on dataset =  TTTo2L2Nu_powheg_part1
Load C++ Worker
Modules to run:  []   name =  genQEDJets
Loading genQEDJets from CMGTools.WMass.postprocessing.examples.genFriendProducer 
Running on dataset =  TTTo2L2Nu_powheg_part1
Will write selected trees to MY_EOS_SPACE/heppyNtuples/TREES_TopDibosonsQCD_94X/friends/
Normalization of nTrueInt_Wnopt: 3.68902e+10
Normalization of pileup: 3.68902e+10
Weights for variable nTrueInt_Wnopt with a number of bins equal to 102:
1 0.3634 0.9215 1.196 0.96 1.118 1.157 0.9675 0.9293 0.9192 0.8823 0.9553 1.062 1.116 1.167 1.194 1.2 1.193 1.177 1.14 1.092 1.06 1.047 1.046 1.047 1.048 1.06 1.077 1.092 1.106 1.122 1.108 1.097 1.051 0.992 0.9144 0.8237 0.7175 0.6087 0.5019 0.4029 0.3076 0.2264 0.1622 0.1123 0.07656 0.05052 0.03159 0.01992 0.01212 0.007355 0.004361 0.002593 0.001553 0.0009624 0.0007219 0.0006632 0.0007233 0.0009289 0.001329 0.001772 0.003222 0.004042 0.00487 0.005064 0.005658 0.005309 0.004846 0.004101 0.003977 0.003686 0.003306 0.002672 0.002286 0.001878 0.00167 1 1 1 1 1 1 1 1 1 1 1 1 1 1 1 1 1 1 1 1 1 1 1 1 1 1 .
Final weights: 
1 0.3634 0.9215 1.196 0.96 1.118 1.157 0.9675 0.9293 0.9192 0.8823 0.9553 1.062 1.116 1.167 1.194 1.2 1.193 1.177 1.14 1.092 1.06 1.047 1.046 1.047 1.048 1.06 1.077 1.092 1.106 1.122 1.108 1.097 1.051 0.992 0.9144 0.8237 0.7175 0.6087 0.5019 0.4029 0.3076 0.2264 0.1622 0.1123 0.07656 0.05052 0.03159 0.01992 0.01212 0.007355 0.004361 0.002593 0.001553 0.0009624 0.0007219 0.0006632 0.0007233 0.0009289 0.001329 0.001772 0.003222 0.004042 0.00487 0.005064 0.005658 0.005309 0.004846 0.004101 0.003977 0.003686 0.003306 0.002672 0.002286 0.001878 0.00167 1 1 1 1 1 1 1 1 1 1 1 1 1 1 1 1 1 1 1 1 1 1 1 1 1 1 .
begin job of lepCalProducer
initializing all the rochester correction objects
initializing the egamma calibrator
Processed  3500000/ 6409272 entries (elapsed time     0.3s, curr speed   32.258 kHz, avg speed 11290.323 kHz), accepted        1/       1 events (100.00%)
Processed  3510000/ 6409272 entries (elapsed time    17.9s, curr speed    0.569 kHz, avg speed  196.419 kHz), accepted    10001/   10001 events (100.00%)
Processed  3520000/ 6409272 entries (elapsed time    35.7s, curr speed    0.561 kHz, avg speed   98.599 kHz), accepted    20001/   20001 events (100.00%)
Processed  3530000/ 6409272 entries (elapsed time    53.2s, curr speed    0.573 kHz, avg speed   66.403 kHz), accepted    30001/   30001 events (100.00%)
Processed  3540000/ 6409272 entries (elapsed time    71.0s, curr speed    0.562 kHz, avg speed   49.894 kHz), accepted    40001/   40001 events (100.00%)
Processed  3550000/ 6409272 entries (elapsed time    89.0s, curr speed    0.553 kHz, avg speed   39.874 kHz), accepted    50001/   50001 events (100.00%)
Processed  3560000/ 6409272 entries (elapsed time   104.8s, curr speed    0.634 kHz, avg speed   33.969 kHz), accepted    60001/   60001 events (100.00%)
Processed  3570000/ 6409272 entries (elapsed time   119.5s, curr speed    0.679 kHz, avg speed   29.869 kHz), accepted    70001/   70001 events (100.00%)
Processed  3580000/ 6409272 entries (elapsed time   134.0s, curr speed    0.689 kHz, avg speed   26.710 kHz), accepted    80001/   80001 events (100.00%)
Processed  3590000/ 6409272 entries (elapsed time   148.6s, curr speed    0.686 kHz, avg speed   24.159 kHz), accepted    90001/   90001 events (100.00%)
Processed  3600000/ 6409272 entries (elapsed time   163.6s, curr speed    0.665 kHz, avg speed   22.001 kHz), accepted   100001/  100001 events (100.00%)
Processed  3610000/ 6409272 entries (elapsed time   197.1s, curr speed    0.299 kHz, avg speed   18.317 kHz), accepted   110001/  110001 events (100.00%)
Processed  3620000/ 6409272 entries (elapsed time   211.7s, curr speed    0.683 kHz, avg speed   17.096 kHz), accepted   120001/  120001 events (100.00%)
Processed  3630000/ 6409272 entries (elapsed time   226.6s, curr speed    0.673 kHz, avg speed   16.020 kHz), accepted   130001/  130001 events (100.00%)
Processed  3640000/ 6409272 entries (elapsed time   241.3s, curr speed    0.682 kHz, avg speed   15.087 kHz), accepted   140001/  140001 events (100.00%)
Processed  3650000/ 6409272 entries (elapsed time   259.4s, curr speed    0.552 kHz, avg speed   14.073 kHz), accepted   150001/  150001 events (100.00%)
Processed  3660000/ 6409272 entries (elapsed time   293.8s, curr speed    0.290 kHz, avg speed   12.457 kHz), accepted   160001/  160001 events (100.00%)
Processed  3670000/ 6409272 entries (elapsed time   308.6s, curr speed    0.675 kHz, avg speed   11.891 kHz), accepted   170001/  170001 events (100.00%)
Processed  3680000/ 6409272 entries (elapsed time   323.7s, curr speed    0.662 kHz, avg speed   11.367 kHz), accepted   180001/  180001 events (100.00%)
Processed  3690000/ 6409272 entries (elapsed time   338.7s, curr speed    0.667 kHz, avg speed   10.894 kHz), accepted   190001/  190001 events (100.00%)
Processed  3700000/ 6409272 entries (elapsed time   353.8s, curr speed    0.665 kHz, avg speed   10.459 kHz), accepted   200001/  200001 events (100.00%)
Processed  3710000/ 6409272 entries (elapsed time   387.1s, curr speed    0.300 kHz, avg speed    9.585 kHz), accepted   210001/  210001 events (100.00%)
Processed  3720000/ 6409272 entries (elapsed time   402.1s, curr speed    0.667 kHz, avg speed    9.253 kHz), accepted   220001/  220001 events (100.00%)
Processed  3730000/ 6409272 entries (elapsed time   418.1s, curr speed    0.625 kHz, avg speed    8.922 kHz), accepted   230001/  230001 events (100.00%)
Processed  3740000/ 6409272 entries (elapsed time   433.7s, curr speed    0.640 kHz, avg speed    8.624 kHz), accepted   240001/  240001 events (100.00%)
Processed 250000 entries from MY_EOS_SPACE/heppyNtuples/TREES_TopDibosonsQCD_94X/TTTo2L2Nu_powheg_part1/treeProducerWMass/tree.root, selected 250000 entries
Done MY_EOS_SPACE/heppyNtuples/TREES_TopDibosonsQCD_94X/friends/tree_Friend_TTTo2L2Nu_powheg_part1.chunk14.root
