000 (323097.009.000) 05/11 15:55:04 Job submitted from host: <188.184.95.166:9618?addrs=188.184.95.166-9618+[2001-1458-201-e4--100-7a0]-9618&alias=tbird02.cern.ch&noUDP&sock=schedd_2138722_faad_3>
...
022 (323097.009.000) 05/11 16:02:48 Job disconnected, attempting to reconnect
    Socket between submit and execute hosts closed unexpectedly
    Trying to reconnect to slot1_1@b7g28n0554.cern.ch <128.142.240.22:9618?addrs=128.142.240.22-9618+[2001-1458-301-f9--100-2e]-9618&noUDP&sock=2338_4083_3>
...
024 (323097.009.000) 05/11 16:02:49 Job reconnection failed
    Job not found at execution machine
    Can not reconnect to slot1_1@b7g28n0554.cern.ch, rescheduling job
...
040 (323097.009.000) 05/11 16:03:23 Started transferring input files
	Transferring to host: <128.142.33.167:9618?addrs=128.142.33.167-9618+[2001-1458-301-117--100-23e]-9618&noUDP&sock=13023_a1ab_103865>
...
040 (323097.009.000) 05/11 16:03:23 Finished transferring input files
...
001 (323097.009.000) 05/11 16:03:24 Job executing on host: <128.142.33.167:9618?addrs=128.142.33.167-9618+[2001-1458-301-117--100-23e]-9618&noUDP&sock=12815_9a42_3>
...
006 (323097.009.000) 05/11 16:03:33 Image size of job updated: 312068
	225  -  MemoryUsage of job (MB)
	229772  -  ResidentSetSize of job (KB)
...
006 (323097.009.000) 05/11 16:08:33 Image size of job updated: 509092
	497  -  MemoryUsage of job (MB)
	508136  -  ResidentSetSize of job (KB)
...
040 (323097.009.000) 05/11 16:13:02 Started transferring output files
...
040 (323097.009.000) 05/11 16:13:02 Finished transferring output files
...
005 (323097.009.000) 05/11 16:13:02 Job terminated.
	(1) Normal termination (return value 1)
		Usr 0 00:08:27, Sys 0 00:01:03  -  Run Remote Usage
		Usr 0 00:00:00, Sys 0 00:00:00  -  Run Local Usage
		Usr 0 00:08:27, Sys 0 00:01:03  -  Total Remote Usage
		Usr 0 00:00:00, Sys 0 00:00:00  -  Total Local Usage
	8608  -  Run Bytes Sent By Job
	10941  -  Run Bytes Received By Job
	8608  -  Total Bytes Sent By Job
	10941  -  Total Bytes Received By Job
	Partitionable Resources :    Usage  Request Allocated 
	   Cpus                 :                 1           
	   Disk (KB)            :       71        1   2134363 
	   Memory (MB)          :      497     2000      2000 
...
