   TTTo2L2Nu_powheg_part8   MC  29 chunks


I have 1 taks to process
I'm using the following list of modules DEFAULT_MODULES
this is jobs [('TTTo2L2Nu_powheg_part8', 'MY_EOS_SPACE/heppyNtuples/TREES_TopDibosonsQCD_94X/TTTo2L2Nu_powheg_part8/treeProducerWMass/tree.root', 8960940.0, '_Friend_TTTo2L2Nu_powheg_part8.chunk10', False, xrange(2500000, 2750000), 10)]
Modules to run:  []   name =  puWeight
Loading puWeight from CMGTools.WMass.postprocessing.examples.puWeightProducer 
Running on dataset =  TTTo2L2Nu_powheg_part8
TFile: name=/afs/cern.ch/work/m/mciprian/w_mass_analysis/heppy/rel_slc7/CMSSW_9_4_12/src/CMGTools/WMass/python/postprocessing/data/pileup/mcPU_2016_W94XnoCutsWithGenWeights_nTrueInt.root, title=, option=READ
TFile: name=/afs/cern.ch/work/m/mciprian/w_mass_analysis/heppy/rel_slc7/CMSSW_9_4_12/src/CMGTools/WMass/python/postprocessing/data/pileup/PileupData_GoldenMuonJSON_Full2016.root, title=, option=READ
Load C++ Worker
Modules to run:  []   name =  muCalibratedWithStatVar
Loading muCalibratedWithStatVar from CMGTools.WMass.postprocessing.examples.lepVarProducer 
Running on dataset =  TTTo2L2Nu_powheg_part8
did not find EnergyScaleCorrection shared object, rebuilding
trying to load all the rochester correction libraries
did not find legacy data roccor. rebuilding...
done building legacy data roccor.
Modules to run:  []   name =  jetAllReCleaner
Loading jetAllReCleaner from CMGTools.WMass.postprocessing.examples.jetReCleaner 
Running on dataset =  TTTo2L2Nu_powheg_part8
Load C++ Worker
Modules to run:  []   name =  jetReCleaner
Loading jetReCleaner from CMGTools.WMass.postprocessing.examples.jetReCleaner 
Running on dataset =  TTTo2L2Nu_powheg_part8
Load C++ Worker
Modules to run:  []   name =  genQEDJets
Loading genQEDJets from CMGTools.WMass.postprocessing.examples.genFriendProducer 
Running on dataset =  TTTo2L2Nu_powheg_part8
Will write selected trees to MY_EOS_SPACE/heppyNtuples/TREES_TopDibosonsQCD_94X/friends/
Normalization of nTrueInt_Wnopt: 3.68902e+10
Normalization of pileup: 3.68902e+10
Weights for variable nTrueInt_Wnopt with a number of bins equal to 102:
1 0.3634 0.9215 1.196 0.96 1.118 1.157 0.9675 0.9293 0.9192 0.8823 0.9553 1.062 1.116 1.167 1.194 1.2 1.193 1.177 1.14 1.092 1.06 1.047 1.046 1.047 1.048 1.06 1.077 1.092 1.106 1.122 1.108 1.097 1.051 0.992 0.9144 0.8237 0.7175 0.6087 0.5019 0.4029 0.3076 0.2264 0.1622 0.1123 0.07656 0.05052 0.03159 0.01992 0.01212 0.007355 0.004361 0.002593 0.001553 0.0009624 0.0007219 0.0006632 0.0007233 0.0009289 0.001329 0.001772 0.003222 0.004042 0.00487 0.005064 0.005658 0.005309 0.004846 0.004101 0.003977 0.003686 0.003306 0.002672 0.002286 0.001878 0.00167 1 1 1 1 1 1 1 1 1 1 1 1 1 1 1 1 1 1 1 1 1 1 1 1 1 1 .
Final weights: 
1 0.3634 0.9215 1.196 0.96 1.118 1.157 0.9675 0.9293 0.9192 0.8823 0.9553 1.062 1.116 1.167 1.194 1.2 1.193 1.177 1.14 1.092 1.06 1.047 1.046 1.047 1.048 1.06 1.077 1.092 1.106 1.122 1.108 1.097 1.051 0.992 0.9144 0.8237 0.7175 0.6087 0.5019 0.4029 0.3076 0.2264 0.1622 0.1123 0.07656 0.05052 0.03159 0.01992 0.01212 0.007355 0.004361 0.002593 0.001553 0.0009624 0.0007219 0.0006632 0.0007233 0.0009289 0.001329 0.001772 0.003222 0.004042 0.00487 0.005064 0.005658 0.005309 0.004846 0.004101 0.003977 0.003686 0.003306 0.002672 0.002286 0.001878 0.00167 1 1 1 1 1 1 1 1 1 1 1 1 1 1 1 1 1 1 1 1 1 1 1 1 1 1 .
begin job of lepCalProducer
initializing all the rochester correction objects
initializing the egamma calibrator
Processed  2500000/ 7005203 entries (elapsed time     0.4s, curr speed   26.316 kHz, avg speed 6578.947 kHz), accepted        1/       1 events (100.00%)
Processed  2510000/ 7005203 entries (elapsed time    25.6s, curr speed    0.396 kHz, avg speed   97.970 kHz), accepted    10001/   10001 events (100.00%)
Processed  2520000/ 7005203 entries (elapsed time    52.6s, curr speed    0.371 kHz, avg speed   47.936 kHz), accepted    20001/   20001 events (100.00%)
Processed  2530000/ 7005203 entries (elapsed time    77.7s, curr speed    0.399 kHz, avg speed   32.578 kHz), accepted    30001/   30001 events (100.00%)
Processed  2540000/ 7005203 entries (elapsed time   104.2s, curr speed    0.376 kHz, avg speed   24.369 kHz), accepted    40001/   40001 events (100.00%)
Processed  2550000/ 7005203 entries (elapsed time   130.1s, curr speed    0.386 kHz, avg speed   19.594 kHz), accepted    50001/   50001 events (100.00%)
Processed  2560000/ 7005203 entries (elapsed time   152.1s, curr speed    0.455 kHz, avg speed   16.830 kHz), accepted    60001/   60001 events (100.00%)
Processed  2570000/ 7005203 entries (elapsed time   174.1s, curr speed    0.455 kHz, avg speed   14.762 kHz), accepted    70001/   70001 events (100.00%)
Processed  2580000/ 7005203 entries (elapsed time   194.9s, curr speed    0.480 kHz, avg speed   13.236 kHz), accepted    80001/   80001 events (100.00%)
Processed  2590000/ 7005203 entries (elapsed time   215.9s, curr speed    0.478 kHz, avg speed   11.999 kHz), accepted    90001/   90001 events (100.00%)
Processed  2600000/ 7005203 entries (elapsed time   237.1s, curr speed    0.471 kHz, avg speed   10.966 kHz), accepted   100001/  100001 events (100.00%)
Processed  2610000/ 7005203 entries (elapsed time   283.6s, curr speed    0.215 kHz, avg speed    9.204 kHz), accepted   110001/  110001 events (100.00%)
Processed  2620000/ 7005203 entries (elapsed time   304.2s, curr speed    0.485 kHz, avg speed    8.613 kHz), accepted   120001/  120001 events (100.00%)
Processed  2630000/ 7005203 entries (elapsed time   324.0s, curr speed    0.506 kHz, avg speed    8.118 kHz), accepted   130001/  130001 events (100.00%)
Processed  2640000/ 7005203 entries (elapsed time   343.8s, curr speed    0.505 kHz, avg speed    7.680 kHz), accepted   140001/  140001 events (100.00%)
Processed  2650000/ 7005203 entries (elapsed time   364.2s, curr speed    0.489 kHz, avg speed    7.276 kHz), accepted   150001/  150001 events (100.00%)
Processed  2660000/ 7005203 entries (elapsed time   412.0s, curr speed    0.209 kHz, avg speed    6.456 kHz), accepted   160001/  160001 events (100.00%)
Processed  2670000/ 7005203 entries (elapsed time   433.0s, curr speed    0.476 kHz, avg speed    6.166 kHz), accepted   170001/  170001 events (100.00%)
Processed  2680000/ 7005203 entries (elapsed time   452.8s, curr speed    0.505 kHz, avg speed    5.918 kHz), accepted   180001/  180001 events (100.00%)
Processed  2690000/ 7005203 entries (elapsed time   473.1s, curr speed    0.494 kHz, avg speed    5.686 kHz), accepted   190001/  190001 events (100.00%)
Processed  2700000/ 7005203 entries (elapsed time   492.2s, curr speed    0.522 kHz, avg speed    5.485 kHz), accepted   200001/  200001 events (100.00%)
Processed  2710000/ 7005203 entries (elapsed time   538.8s, curr speed    0.215 kHz, avg speed    5.030 kHz), accepted   210001/  210001 events (100.00%)
Processed  2720000/ 7005203 entries (elapsed time   559.7s, curr speed    0.477 kHz, avg speed    4.860 kHz), accepted   220001/  220001 events (100.00%)
Processed  2730000/ 7005203 entries (elapsed time   580.1s, curr speed    0.491 kHz, avg speed    4.706 kHz), accepted   230001/  230001 events (100.00%)
Processed  2740000/ 7005203 entries (elapsed time   601.9s, curr speed    0.459 kHz, avg speed    4.552 kHz), accepted   240001/  240001 events (100.00%)
Processed 250000 entries from MY_EOS_SPACE/heppyNtuples/TREES_TopDibosonsQCD_94X/TTTo2L2Nu_powheg_part8/treeProducerWMass/tree.root, selected 250000 entries
Done MY_EOS_SPACE/heppyNtuples/TREES_TopDibosonsQCD_94X/friends/tree_Friend_TTTo2L2Nu_powheg_part8.chunk10.root
