000 (323102.027.000) 05/11 15:55:08 Job submitted from host: <188.184.95.166:9618?addrs=188.184.95.166-9618+[2001-1458-201-e4--100-7a0]-9618&alias=tbird02.cern.ch&noUDP&sock=schedd_2138722_faad_3>
...
040 (323102.027.000) 05/11 16:06:01 Started transferring input files
	Transferring to host: <188.184.132.8:9618?addrs=188.184.132.8-9618+[2001-1458-301-a0--100-9]-9618&noUDP&sock=8960_e165_87>
...
040 (323102.027.000) 05/11 16:06:01 Finished transferring input files
...
001 (323102.027.000) 05/11 16:06:02 Job executing on host: <188.184.132.8:9618?addrs=188.184.132.8-9618+[2001-1458-301-a0--100-9]-9618&noUDP&sock=2815_6f30_3>
...
006 (323102.027.000) 05/11 16:06:10 Image size of job updated: 180648
	107  -  MemoryUsage of job (MB)
	109332  -  ResidentSetSize of job (KB)
...
006 (323102.027.000) 05/11 16:11:10 Image size of job updated: 595096
	501  -  MemoryUsage of job (MB)
	512896  -  ResidentSetSize of job (KB)
...
006 (323102.027.000) 05/11 16:15:57 Image size of job updated: 889032
	501  -  MemoryUsage of job (MB)
	512896  -  ResidentSetSize of job (KB)
...
040 (323102.027.000) 05/11 16:15:57 Started transferring output files
...
040 (323102.027.000) 05/11 16:15:57 Finished transferring output files
...
005 (323102.027.000) 05/11 16:15:57 Job terminated.
	(1) Normal termination (return value 1)
		Usr 0 00:08:28, Sys 0 00:01:06  -  Run Remote Usage
		Usr 0 00:00:00, Sys 0 00:00:00  -  Run Local Usage
		Usr 0 00:08:28, Sys 0 00:01:06  -  Total Remote Usage
		Usr 0 00:00:00, Sys 0 00:00:00  -  Total Local Usage
	13920  -  Run Bytes Sent By Job
	10941  -  Run Bytes Received By Job
	13920  -  Total Bytes Sent By Job
	10941  -  Total Bytes Received By Job
	Partitionable Resources :    Usage  Request Allocated 
	   Cpus                 :     0.98        1         1 
	   Disk (KB)            :    81           1    219536 
	   Memory (MB)          :   501        2000      2000 
...
