000 (323096.025.000) 05/11 15:55:04 Job submitted from host: <188.184.95.166:9618?addrs=188.184.95.166-9618+[2001-1458-201-e4--100-7a0]-9618&alias=tbird02.cern.ch&noUDP&sock=schedd_2138722_faad_3>
...
022 (323096.025.000) 05/11 16:02:44 Job disconnected, attempting to reconnect
    Socket between submit and execute hosts closed unexpectedly
    Trying to reconnect to slot1_1@b7g27n6836.cern.ch <188.184.207.128:9618?addrs=188.184.207.128-9618+[2001-1458-301-7d--100-384]-9618&noUDP&sock=2323_f698_3>
...
024 (323096.025.000) 05/11 16:02:44 Job reconnection failed
    Job not found at execution machine
    Can not reconnect to slot1_1@b7g27n6836.cern.ch, rescheduling job
...
040 (323096.025.000) 05/11 16:03:02 Started transferring input files
	Transferring to host: <128.142.33.175:9618?addrs=128.142.33.175-9618+[2001-1458-301-117--100-191]-9618&noUDP&sock=12927_fda7_103980>
...
040 (323096.025.000) 05/11 16:03:02 Finished transferring input files
...
001 (323096.025.000) 05/11 16:03:03 Job executing on host: <128.142.33.175:9618?addrs=128.142.33.175-9618+[2001-1458-301-117--100-191]-9618&noUDP&sock=12707_8607_3>
...
006 (323096.025.000) 05/11 16:03:12 Image size of job updated: 340016
	249  -  MemoryUsage of job (MB)
	254468  -  ResidentSetSize of job (KB)
...
006 (323096.025.000) 05/11 16:08:13 Image size of job updated: 592476
	495  -  MemoryUsage of job (MB)
	506756  -  ResidentSetSize of job (KB)
...
040 (323096.025.000) 05/11 16:11:48 Started transferring output files
...
040 (323096.025.000) 05/11 16:11:48 Finished transferring output files
...
005 (323096.025.000) 05/11 16:11:48 Job terminated.
	(1) Normal termination (return value 1)
		Usr 0 00:07:41, Sys 0 00:00:59  -  Run Remote Usage
		Usr 0 00:00:00, Sys 0 00:00:00  -  Run Local Usage
		Usr 0 00:07:41, Sys 0 00:00:59  -  Total Remote Usage
		Usr 0 00:00:00, Sys 0 00:00:00  -  Total Local Usage
	8612  -  Run Bytes Sent By Job
	10941  -  Run Bytes Received By Job
	8612  -  Total Bytes Sent By Job
	10941  -  Total Bytes Received By Job
	Partitionable Resources :    Usage  Request Allocated 
	   Cpus                 :                 1           
	   Disk (KB)            :       72        1   2150926 
	   Memory (MB)          :      495     2000      2000 
...
