000 (323098.027.000) 05/11 15:55:05 Job submitted from host: <188.184.95.166:9618?addrs=188.184.95.166-9618+[2001-1458-201-e4--100-7a0]-9618&alias=tbird02.cern.ch&noUDP&sock=schedd_2138722_faad_3>
...
040 (323098.027.000) 05/11 16:04:25 Started transferring input files
	Transferring to host: <128.142.240.70:9618?addrs=128.142.240.70-9618+[2001-1458-301-f9--100-4a]-9618&noUDP&sock=4183_0d43_126382>
...
040 (323098.027.000) 05/11 16:04:25 Finished transferring input files
...
001 (323098.027.000) 05/11 16:04:26 Job executing on host: <128.142.240.70:9618?addrs=128.142.240.70-9618+[2001-1458-301-f9--100-4a]-9618&noUDP&sock=2395_5969_3>
...
006 (323098.027.000) 05/11 16:04:34 Image size of job updated: 302896
	216  -  MemoryUsage of job (MB)
	220796  -  ResidentSetSize of job (KB)
...
006 (323098.027.000) 05/11 16:09:34 Image size of job updated: 508464
	494  -  MemoryUsage of job (MB)
	505616  -  ResidentSetSize of job (KB)
...
040 (323098.027.000) 05/11 16:13:43 Started transferring output files
...
040 (323098.027.000) 05/11 16:13:43 Finished transferring output files
...
005 (323098.027.000) 05/11 16:13:43 Job terminated.
	(1) Normal termination (return value 1)
		Usr 0 00:08:08, Sys 0 00:01:00  -  Run Remote Usage
		Usr 0 00:00:00, Sys 0 00:00:00  -  Run Local Usage
		Usr 0 00:08:08, Sys 0 00:01:00  -  Total Remote Usage
		Usr 0 00:00:00, Sys 0 00:00:00  -  Total Local Usage
	8612  -  Run Bytes Sent By Job
	10941  -  Run Bytes Received By Job
	8612  -  Total Bytes Sent By Job
	10941  -  Total Bytes Received By Job
	Partitionable Resources :    Usage  Request Allocated 
	   Cpus                 :                 1           
	   Disk (KB)            :       72        1   2114052 
	   Memory (MB)          :      494     2000      2000 
...
