000 (323098.012.000) 05/11 15:55:05 Job submitted from host: <188.184.95.166:9618?addrs=188.184.95.166-9618+[2001-1458-201-e4--100-7a0]-9618&alias=tbird02.cern.ch&noUDP&sock=schedd_2138722_faad_3>
...
040 (323098.012.000) 05/11 16:04:04 Started transferring input files
	Transferring to host: <188.184.132.12:9618?addrs=188.184.132.12-9618+[2001-1458-301-a0--100-e]-9618&noUDP&sock=4087_693f_127067>
...
040 (323098.012.000) 05/11 16:04:04 Finished transferring input files
...
001 (323098.012.000) 05/11 16:04:05 Job executing on host: <188.184.132.12:9618?addrs=188.184.132.12-9618+[2001-1458-301-a0--100-e]-9618&noUDP&sock=2367_24c2_3>
...
006 (323098.012.000) 05/11 16:04:13 Image size of job updated: 339092
	248  -  MemoryUsage of job (MB)
	253552  -  ResidentSetSize of job (KB)
...
006 (323098.012.000) 05/11 16:09:13 Image size of job updated: 592148
	495  -  MemoryUsage of job (MB)
	506428  -  ResidentSetSize of job (KB)
...
040 (323098.012.000) 05/11 16:12:23 Started transferring output files
...
040 (323098.012.000) 05/11 16:12:23 Finished transferring output files
...
005 (323098.012.000) 05/11 16:12:23 Job terminated.
	(1) Normal termination (return value 1)
		Usr 0 00:07:16, Sys 0 00:00:56  -  Run Remote Usage
		Usr 0 00:00:00, Sys 0 00:00:00  -  Run Local Usage
		Usr 0 00:07:16, Sys 0 00:00:56  -  Total Remote Usage
		Usr 0 00:00:00, Sys 0 00:00:00  -  Total Local Usage
	8611  -  Run Bytes Sent By Job
	10941  -  Run Bytes Received By Job
	8611  -  Total Bytes Sent By Job
	10941  -  Total Bytes Received By Job
	Partitionable Resources :    Usage  Request Allocated 
	   Cpus                 :                 1           
	   Disk (KB)            :       72        1   2131657 
	   Memory (MB)          :      495     2000      2000 
...
