000 (323086.028.000) 05/11 15:54:57 Job submitted from host: <188.184.95.166:9618?addrs=188.184.95.166-9618+[2001-1458-201-e4--100-7a0]-9618&alias=tbird02.cern.ch&noUDP&sock=schedd_2138722_faad_3>
...
040 (323086.028.000) 05/11 15:56:35 Started transferring input files
	Transferring to host: <188.184.132.43:9618?addrs=188.184.132.43-9618+[2001-1458-301-a0--100-28]-9618&noUDP&sock=5194_648c_64>
...
040 (323086.028.000) 05/11 15:56:35 Finished transferring input files
...
001 (323086.028.000) 05/11 15:56:36 Job executing on host: <188.184.132.43:9618?addrs=188.184.132.43-9618+[2001-1458-301-a0--100-28]-9618&noUDP&sock=2335_31ba_3>
...
006 (323086.028.000) 05/11 15:56:45 Image size of job updated: 253000
	246  -  MemoryUsage of job (MB)
	251036  -  ResidentSetSize of job (KB)
...
040 (323086.028.000) 05/11 15:57:29 Started transferring output files
...
040 (323086.028.000) 05/11 15:57:29 Finished transferring output files
...
005 (323086.028.000) 05/11 15:57:29 Job terminated.
	(1) Normal termination (return value 1)
		Usr 0 00:00:44, Sys 0 00:00:05  -  Run Remote Usage
		Usr 0 00:00:00, Sys 0 00:00:00  -  Run Local Usage
		Usr 0 00:00:44, Sys 0 00:00:05  -  Total Remote Usage
		Usr 0 00:00:00, Sys 0 00:00:00  -  Total Local Usage
	5166  -  Run Bytes Sent By Job
	10941  -  Run Bytes Received By Job
	5166  -  Total Bytes Sent By Job
	10941  -  Total Bytes Received By Job
	Partitionable Resources :    Usage  Request Allocated 
	   Cpus                 :     1.01        1         1 
	   Disk (KB)            :    75           1    211209 
	   Memory (MB)          :   246        2000      2000 
...
