000 (323085.010.000) 05/11 15:54:57 Job submitted from host: <188.184.95.166:9618?addrs=188.184.95.166-9618+[2001-1458-201-e4--100-7a0]-9618&alias=tbird02.cern.ch&noUDP&sock=schedd_2138722_faad_3>
...
040 (323085.010.000) 05/11 15:56:21 Started transferring input files
	Transferring to host: <188.184.207.222:9618?addrs=188.184.207.222-9618+[2001-1458-301-7d--100-42c]-9618&noUDP&sock=4202_7064_125966>
...
040 (323085.010.000) 05/11 15:56:21 Finished transferring input files
...
001 (323085.010.000) 05/11 15:56:22 Job executing on host: <188.184.207.222:9618?addrs=188.184.207.222-9618+[2001-1458-301-7d--100-42c]-9618&noUDP&sock=2332_22f2_3>
...
006 (323085.010.000) 05/11 15:56:30 Image size of job updated: 168112
	101  -  MemoryUsage of job (MB)
	103076  -  ResidentSetSize of job (KB)
...
006 (323085.010.000) 05/11 16:01:30 Image size of job updated: 486512
	392  -  MemoryUsage of job (MB)
	400980  -  ResidentSetSize of job (KB)
...
006 (323085.010.000) 05/11 16:06:30 Image size of job updated: 488892
	475  -  MemoryUsage of job (MB)
	486008  -  ResidentSetSize of job (KB)
...
040 (323085.010.000) 05/11 16:10:59 Started transferring output files
...
040 (323085.010.000) 05/11 16:10:59 Finished transferring output files
...
005 (323085.010.000) 05/11 16:10:59 Job terminated.
	(1) Normal termination (return value 1)
		Usr 0 00:12:16, Sys 0 00:01:21  -  Run Remote Usage
		Usr 0 00:00:00, Sys 0 00:00:00  -  Run Local Usage
		Usr 0 00:12:16, Sys 0 00:01:21  -  Total Remote Usage
		Usr 0 00:00:00, Sys 0 00:00:00  -  Total Local Usage
	8555  -  Run Bytes Sent By Job
	10941  -  Run Bytes Received By Job
	8555  -  Total Bytes Sent By Job
	10941  -  Total Bytes Received By Job
	Partitionable Resources :    Usage  Request Allocated 
	   Cpus                 :                 1           
	   Disk (KB)            :       71        1   2145280 
	   Memory (MB)          :      475     2000      2000 
...
