000 (323098.020.000) 05/11 15:55:05 Job submitted from host: <188.184.95.166:9618?addrs=188.184.95.166-9618+[2001-1458-201-e4--100-7a0]-9618&alias=tbird02.cern.ch&noUDP&sock=schedd_2138722_faad_3>
...
040 (323098.020.000) 05/11 16:04:17 Started transferring input files
	Transferring to host: <188.184.186.32:9618?addrs=188.184.186.32-9618+[2001-1458-301-f8--100-d]-9618&noUDP&sock=4038_e2dd_127395>
...
040 (323098.020.000) 05/11 16:04:17 Finished transferring input files
...
001 (323098.020.000) 05/11 16:04:18 Job executing on host: <188.184.186.32:9618?addrs=188.184.186.32-9618+[2001-1458-301-f8--100-d]-9618&noUDP&sock=2352_dad7_3>
...
006 (323098.020.000) 05/11 16:04:27 Image size of job updated: 327992
	240  -  MemoryUsage of job (MB)
	245316  -  ResidentSetSize of job (KB)
...
006 (323098.020.000) 05/11 16:09:28 Image size of job updated: 511456
	497  -  MemoryUsage of job (MB)
	508540  -  ResidentSetSize of job (KB)
...
040 (323098.020.000) 05/11 16:12:52 Started transferring output files
...
040 (323098.020.000) 05/11 16:12:52 Finished transferring output files
...
005 (323098.020.000) 05/11 16:12:52 Job terminated.
	(1) Normal termination (return value 1)
		Usr 0 00:07:28, Sys 0 00:00:59  -  Run Remote Usage
		Usr 0 00:00:00, Sys 0 00:00:00  -  Run Local Usage
		Usr 0 00:07:28, Sys 0 00:00:59  -  Total Remote Usage
		Usr 0 00:00:00, Sys 0 00:00:00  -  Total Local Usage
	8612  -  Run Bytes Sent By Job
	10941  -  Run Bytes Received By Job
	8612  -  Total Bytes Sent By Job
	10941  -  Total Bytes Received By Job
	Partitionable Resources :    Usage  Request Allocated 
	   Cpus                 :                 1           
	   Disk (KB)            :       72        1   2137072 
	   Memory (MB)          :      497     2000      2000 
...
