000 (323089.005.000) 05/11 15:54:59 Job submitted from host: <188.184.95.166:9618?addrs=188.184.95.166-9618+[2001-1458-201-e4--100-7a0]-9618&alias=tbird02.cern.ch&noUDP&sock=schedd_2138722_faad_3>
...
040 (323089.005.000) 05/11 15:56:55 Started transferring input files
	Transferring to host: <188.184.186.9:9618?addrs=188.184.186.9-9618+[2001-1458-301-f8--100-11]-9618&noUDP&sock=17446_08ff_119>
...
040 (323089.005.000) 05/11 15:56:55 Finished transferring input files
...
001 (323089.005.000) 05/11 15:56:56 Job executing on host: <188.184.186.9:9618?addrs=188.184.186.9-9618+[2001-1458-301-f8--100-11]-9618&noUDP&sock=2355_e99f_3>
...
006 (323089.005.000) 05/11 15:57:05 Image size of job updated: 262780
	244  -  MemoryUsage of job (MB)
	249304  -  ResidentSetSize of job (KB)
...
006 (323089.005.000) 05/11 16:02:06 Image size of job updated: 401116
	392  -  MemoryUsage of job (MB)
	400564  -  ResidentSetSize of job (KB)
...
006 (323089.005.000) 05/11 16:07:07 Image size of job updated: 486756
	475  -  MemoryUsage of job (MB)
	486204  -  ResidentSetSize of job (KB)
...
006 (323089.005.000) 05/11 16:12:07 Image size of job updated: 486804
	475  -  MemoryUsage of job (MB)
	486252  -  ResidentSetSize of job (KB)
...
040 (323089.005.000) 05/11 16:12:45 Started transferring output files
...
040 (323089.005.000) 05/11 16:12:45 Finished transferring output files
...
005 (323089.005.000) 05/11 16:12:45 Job terminated.
	(1) Normal termination (return value 1)
		Usr 0 00:13:46, Sys 0 00:01:27  -  Run Remote Usage
		Usr 0 00:00:00, Sys 0 00:00:00  -  Run Local Usage
		Usr 0 00:13:46, Sys 0 00:01:27  -  Total Remote Usage
		Usr 0 00:00:00, Sys 0 00:00:00  -  Total Local Usage
	8552  -  Run Bytes Sent By Job
	10941  -  Run Bytes Received By Job
	8552  -  Total Bytes Sent By Job
	10941  -  Total Bytes Received By Job
	Partitionable Resources :    Usage  Request Allocated 
	   Cpus                 :     0.99        1         1 
	   Disk (KB)            :    78           1    211534 
	   Memory (MB)          :   475        2000      2000 
...
