000 (323096.015.000) 05/11 15:55:03 Job submitted from host: <188.184.95.166:9618?addrs=188.184.95.166-9618+[2001-1458-201-e4--100-7a0]-9618&alias=tbird02.cern.ch&noUDP&sock=schedd_2138722_faad_3>
...
040 (323096.015.000) 05/11 16:02:13 Started transferring input files
	Transferring to host: <128.142.240.72:9618?addrs=128.142.240.72-9618+[2001-1458-301-f9--100-18]-9618&noUDP&sock=4151_8142_126412>
...
040 (323096.015.000) 05/11 16:02:13 Finished transferring input files
...
001 (323096.015.000) 05/11 16:02:14 Job executing on host: <128.142.240.72:9618?addrs=128.142.240.72-9618+[2001-1458-301-f9--100-18]-9618&noUDP&sock=2334_8222_3>
...
006 (323096.015.000) 05/11 16:02:23 Image size of job updated: 323748
	236  -  MemoryUsage of job (MB)
	240964  -  ResidentSetSize of job (KB)
...
006 (323096.015.000) 05/11 16:07:23 Image size of job updated: 510388
	496  -  MemoryUsage of job (MB)
	507800  -  ResidentSetSize of job (KB)
...
040 (323096.015.000) 05/11 16:11:01 Started transferring output files
...
040 (323096.015.000) 05/11 16:11:01 Finished transferring output files
...
005 (323096.015.000) 05/11 16:11:01 Job terminated.
	(1) Normal termination (return value 1)
		Usr 0 00:07:37, Sys 0 00:01:02  -  Run Remote Usage
		Usr 0 00:00:00, Sys 0 00:00:00  -  Run Local Usage
		Usr 0 00:07:37, Sys 0 00:01:02  -  Total Remote Usage
		Usr 0 00:00:00, Sys 0 00:00:00  -  Total Local Usage
	8612  -  Run Bytes Sent By Job
	10941  -  Run Bytes Received By Job
	8612  -  Total Bytes Sent By Job
	10941  -  Total Bytes Received By Job
	Partitionable Resources :    Usage  Request Allocated 
	   Cpus                 :                 1           
	   Disk (KB)            :       71        1   2210616 
	   Memory (MB)          :      496     2000      2000 
...
