   TTTo2L2Nu_powheg_part2   MC  25 chunks


I have 1 taks to process
I'm using the following list of modules DEFAULT_MODULES
this is jobs [('TTTo2L2Nu_powheg_part2', 'MY_EOS_SPACE/heppyNtuples/TREES_TopDibosonsQCD_94X/TTTo2L2Nu_powheg_part2/treeProducerWMass/tree.root', 7963840.0, '_Friend_TTTo2L2Nu_powheg_part2.chunk14', False, xrange(3500000, 3750000), 14)]
Modules to run:  []   name =  puWeight
Loading puWeight from CMGTools.WMass.postprocessing.examples.puWeightProducer 
Running on dataset =  TTTo2L2Nu_powheg_part2
TFile: name=/afs/cern.ch/work/m/mciprian/w_mass_analysis/heppy/rel_slc7/CMSSW_9_4_12/src/CMGTools/WMass/python/postprocessing/data/pileup/mcPU_2016_W94XnoCutsWithGenWeights_nTrueInt.root, title=, option=READ
TFile: name=/afs/cern.ch/work/m/mciprian/w_mass_analysis/heppy/rel_slc7/CMSSW_9_4_12/src/CMGTools/WMass/python/postprocessing/data/pileup/PileupData_GoldenMuonJSON_Full2016.root, title=, option=READ
Load C++ Worker
Modules to run:  []   name =  muCalibratedWithStatVar
Loading muCalibratedWithStatVar from CMGTools.WMass.postprocessing.examples.lepVarProducer 
Running on dataset =  TTTo2L2Nu_powheg_part2
did not find EnergyScaleCorrection shared object, rebuilding
trying to load all the rochester correction libraries
did not find legacy data roccor. rebuilding...
done building legacy data roccor.
Modules to run:  []   name =  jetAllReCleaner
Loading jetAllReCleaner from CMGTools.WMass.postprocessing.examples.jetReCleaner 
Running on dataset =  TTTo2L2Nu_powheg_part2
Load C++ Worker
Modules to run:  []   name =  jetReCleaner
Loading jetReCleaner from CMGTools.WMass.postprocessing.examples.jetReCleaner 
Running on dataset =  TTTo2L2Nu_powheg_part2
Load C++ Worker
Modules to run:  []   name =  genQEDJets
Loading genQEDJets from CMGTools.WMass.postprocessing.examples.genFriendProducer 
Running on dataset =  TTTo2L2Nu_powheg_part2
Will write selected trees to MY_EOS_SPACE/heppyNtuples/TREES_TopDibosonsQCD_94X/friends/
Normalization of nTrueInt_Wnopt: 3.68902e+10
Normalization of pileup: 3.68902e+10
Weights for variable nTrueInt_Wnopt with a number of bins equal to 102:
1 0.3634 0.9215 1.196 0.96 1.118 1.157 0.9675 0.9293 0.9192 0.8823 0.9553 1.062 1.116 1.167 1.194 1.2 1.193 1.177 1.14 1.092 1.06 1.047 1.046 1.047 1.048 1.06 1.077 1.092 1.106 1.122 1.108 1.097 1.051 0.992 0.9144 0.8237 0.7175 0.6087 0.5019 0.4029 0.3076 0.2264 0.1622 0.1123 0.07656 0.05052 0.03159 0.01992 0.01212 0.007355 0.004361 0.002593 0.001553 0.0009624 0.0007219 0.0006632 0.0007233 0.0009289 0.001329 0.001772 0.003222 0.004042 0.00487 0.005064 0.005658 0.005309 0.004846 0.004101 0.003977 0.003686 0.003306 0.002672 0.002286 0.001878 0.00167 1 1 1 1 1 1 1 1 1 1 1 1 1 1 1 1 1 1 1 1 1 1 1 1 1 1 .
Final weights: 
1 0.3634 0.9215 1.196 0.96 1.118 1.157 0.9675 0.9293 0.9192 0.8823 0.9553 1.062 1.116 1.167 1.194 1.2 1.193 1.177 1.14 1.092 1.06 1.047 1.046 1.047 1.048 1.06 1.077 1.092 1.106 1.122 1.108 1.097 1.051 0.992 0.9144 0.8237 0.7175 0.6087 0.5019 0.4029 0.3076 0.2264 0.1622 0.1123 0.07656 0.05052 0.03159 0.01992 0.01212 0.007355 0.004361 0.002593 0.001553 0.0009624 0.0007219 0.0006632 0.0007233 0.0009289 0.001329 0.001772 0.003222 0.004042 0.00487 0.005064 0.005658 0.005309 0.004846 0.004101 0.003977 0.003686 0.003306 0.002672 0.002286 0.001878 0.00167 1 1 1 1 1 1 1 1 1 1 1 1 1 1 1 1 1 1 1 1 1 1 1 1 1 1 .
begin job of lepCalProducer
initializing all the rochester correction objects
initializing the egamma calibrator
Processed  3500000/ 6227054 entries (elapsed time     0.3s, curr speed   30.303 kHz, avg speed 10606.061 kHz), accepted        1/       1 events (100.00%)
Processed  3510000/ 6227054 entries (elapsed time    21.1s, curr speed    0.482 kHz, avg speed  166.667 kHz), accepted    10001/   10001 events (100.00%)
Processed  3520000/ 6227054 entries (elapsed time    44.8s, curr speed    0.422 kHz, avg speed   78.607 kHz), accepted    20001/   20001 events (100.00%)
Processed  3530000/ 6227054 entries (elapsed time    70.4s, curr speed    0.390 kHz, avg speed   50.106 kHz), accepted    30001/   30001 events (100.00%)
Processed  3540000/ 6227054 entries (elapsed time    96.4s, curr speed    0.385 kHz, avg speed   36.703 kHz), accepted    40001/   40001 events (100.00%)
Processed  3550000/ 6227054 entries (elapsed time   123.1s, curr speed    0.376 kHz, avg speed   28.845 kHz), accepted    50001/   50001 events (100.00%)
Processed  3560000/ 6227054 entries (elapsed time   145.8s, curr speed    0.439 kHz, avg speed   24.410 kHz), accepted    60001/   60001 events (100.00%)
Processed  3570000/ 6227054 entries (elapsed time   167.8s, curr speed    0.456 kHz, avg speed   21.279 kHz), accepted    70001/   70001 events (100.00%)
Processed  3580000/ 6227054 entries (elapsed time   189.7s, curr speed    0.455 kHz, avg speed   18.868 kHz), accepted    80001/   80001 events (100.00%)
Processed  3590000/ 6227054 entries (elapsed time   211.9s, curr speed    0.452 kHz, avg speed   16.944 kHz), accepted    90001/   90001 events (100.00%)
Processed  3600000/ 6227054 entries (elapsed time   233.5s, curr speed    0.463 kHz, avg speed   15.420 kHz), accepted   100001/  100001 events (100.00%)
Processed  3610000/ 6227054 entries (elapsed time   281.7s, curr speed    0.207 kHz, avg speed   12.816 kHz), accepted   110001/  110001 events (100.00%)
Processed  3620000/ 6227054 entries (elapsed time   304.2s, curr speed    0.445 kHz, avg speed   11.901 kHz), accepted   120001/  120001 events (100.00%)
Processed  3630000/ 6227054 entries (elapsed time   325.7s, curr speed    0.464 kHz, avg speed   11.145 kHz), accepted   130001/  130001 events (100.00%)
Processed  3640000/ 6227054 entries (elapsed time   347.6s, curr speed    0.457 kHz, avg speed   10.472 kHz), accepted   140001/  140001 events (100.00%)
Processed  3650000/ 6227054 entries (elapsed time   369.5s, curr speed    0.457 kHz, avg speed    9.879 kHz), accepted   150001/  150001 events (100.00%)
Processed  3660000/ 6227054 entries (elapsed time   418.9s, curr speed    0.202 kHz, avg speed    8.737 kHz), accepted   160001/  160001 events (100.00%)
Processed  3670000/ 6227054 entries (elapsed time   440.7s, curr speed    0.459 kHz, avg speed    8.327 kHz), accepted   170001/  170001 events (100.00%)
Processed  3680000/ 6227054 entries (elapsed time   462.0s, curr speed    0.470 kHz, avg speed    7.966 kHz), accepted   180001/  180001 events (100.00%)
Processed  3690000/ 6227054 entries (elapsed time   484.0s, curr speed    0.455 kHz, avg speed    7.625 kHz), accepted   190001/  190001 events (100.00%)
Processed  3700000/ 6227054 entries (elapsed time   506.0s, curr speed    0.454 kHz, avg speed    7.312 kHz), accepted   200001/  200001 events (100.00%)
Processed  3710000/ 6227054 entries (elapsed time   554.7s, curr speed    0.205 kHz, avg speed    6.688 kHz), accepted   210001/  210001 events (100.00%)
Processed  3720000/ 6227054 entries (elapsed time   576.3s, curr speed    0.465 kHz, avg speed    6.455 kHz), accepted   220001/  220001 events (100.00%)
Processed  3730000/ 6227054 entries (elapsed time   598.2s, curr speed    0.456 kHz, avg speed    6.235 kHz), accepted   230001/  230001 events (100.00%)
Processed  3740000/ 6227054 entries (elapsed time   619.8s, curr speed    0.462 kHz, avg speed    6.034 kHz), accepted   240001/  240001 events (100.00%)
Processed 250000 entries from MY_EOS_SPACE/heppyNtuples/TREES_TopDibosonsQCD_94X/TTTo2L2Nu_powheg_part2/treeProducerWMass/tree.root, selected 250000 entries
Done MY_EOS_SPACE/heppyNtuples/TREES_TopDibosonsQCD_94X/friends/tree_Friend_TTTo2L2Nu_powheg_part2.chunk14.root
