000 (323084.002.000) 05/11 15:54:56 Job submitted from host: <188.184.95.166:9618?addrs=188.184.95.166-9618+[2001-1458-201-e4--100-7a0]-9618&alias=tbird02.cern.ch&noUDP&sock=schedd_2138722_faad_3>
...
040 (323084.002.000) 05/11 15:56:07 Started transferring input files
	Transferring to host: <188.184.132.35:9618?addrs=188.184.132.35-9618+[2001-1458-301-a0--100-11]-9618&noUDP&sock=20896_df4b_81>
...
040 (323084.002.000) 05/11 15:56:07 Finished transferring input files
...
001 (323084.002.000) 05/11 15:56:08 Job executing on host: <188.184.132.35:9618?addrs=188.184.132.35-9618+[2001-1458-301-a0--100-11]-9618&noUDP&sock=2441_e6c4_3>
...
006 (323084.002.000) 05/11 15:56:17 Image size of job updated: 250736
	244  -  MemoryUsage of job (MB)
	249308  -  ResidentSetSize of job (KB)
...
006 (323084.002.000) 05/11 16:01:17 Image size of job updated: 401064
	392  -  MemoryUsage of job (MB)
	400500  -  ResidentSetSize of job (KB)
...
006 (323084.002.000) 05/11 16:06:17 Image size of job updated: 486232
	475  -  MemoryUsage of job (MB)
	485668  -  ResidentSetSize of job (KB)
...
006 (323084.002.000) 05/11 16:11:18 Image size of job updated: 487332
	476  -  MemoryUsage of job (MB)
	486768  -  ResidentSetSize of job (KB)
...
040 (323084.002.000) 05/11 16:11:36 Started transferring output files
...
040 (323084.002.000) 05/11 16:11:36 Finished transferring output files
...
005 (323084.002.000) 05/11 16:11:36 Job terminated.
	(1) Normal termination (return value 1)
		Usr 0 00:13:29, Sys 0 00:01:24  -  Run Remote Usage
		Usr 0 00:00:00, Sys 0 00:00:00  -  Run Local Usage
		Usr 0 00:13:29, Sys 0 00:01:24  -  Total Remote Usage
		Usr 0 00:00:00, Sys 0 00:00:00  -  Total Local Usage
	8550  -  Run Bytes Sent By Job
	10941  -  Run Bytes Received By Job
	8550  -  Total Bytes Sent By Job
	10941  -  Total Bytes Received By Job
	Partitionable Resources :    Usage  Request Allocated 
	   Cpus                 :     0.99        1         1 
	   Disk (KB)            :    78           1    212294 
	   Memory (MB)          :   476        2000      2000 
...
