000 (323084.007.000) 05/11 15:54:56 Job submitted from host: <188.184.95.166:9618?addrs=188.184.95.166-9618+[2001-1458-201-e4--100-7a0]-9618&alias=tbird02.cern.ch&noUDP&sock=schedd_2138722_faad_3>
...
040 (323084.007.000) 05/11 15:56:10 Started transferring input files
	Transferring to host: <188.184.186.14:9618?addrs=188.184.186.14-9618+[2001-1458-301-f8--100-9]-9618&noUDP&sock=14648_974d_100>
...
040 (323084.007.000) 05/11 15:56:10 Finished transferring input files
...
001 (323084.007.000) 05/11 15:56:11 Job executing on host: <188.184.186.14:9618?addrs=188.184.186.14-9618+[2001-1458-301-f8--100-9]-9618&noUDP&sock=2355_e99f_3>
...
006 (323084.007.000) 05/11 15:56:20 Image size of job updated: 239532
	222  -  MemoryUsage of job (MB)
	227248  -  ResidentSetSize of job (KB)
...
006 (323084.007.000) 05/11 16:01:21 Image size of job updated: 402256
	393  -  MemoryUsage of job (MB)
	401620  -  ResidentSetSize of job (KB)
...
006 (323084.007.000) 05/11 16:06:21 Image size of job updated: 489196
	478  -  MemoryUsage of job (MB)
	488560  -  ResidentSetSize of job (KB)
...
040 (323084.007.000) 05/11 16:12:29 Started transferring output files
...
040 (323084.007.000) 05/11 16:12:29 Finished transferring output files
...
005 (323084.007.000) 05/11 16:12:29 Job terminated.
	(1) Normal termination (return value 1)
		Usr 0 00:14:10, Sys 0 00:01:32  -  Run Remote Usage
		Usr 0 00:00:00, Sys 0 00:00:00  -  Run Local Usage
		Usr 0 00:14:10, Sys 0 00:01:32  -  Total Remote Usage
		Usr 0 00:00:00, Sys 0 00:00:00  -  Total Local Usage
	8552  -  Run Bytes Sent By Job
	10941  -  Run Bytes Received By Job
	8552  -  Total Bytes Sent By Job
	10941  -  Total Bytes Received By Job
	Partitionable Resources :    Usage  Request Allocated 
	   Cpus                 :     1.00        1         1 
	   Disk (KB)            :    78           1    215694 
	   Memory (MB)          :   478        2000      2000 
...
