000 (323100.017.000) 05/11 15:55:06 Job submitted from host: <188.184.95.166:9618?addrs=188.184.95.166-9618+[2001-1458-201-e4--100-7a0]-9618&alias=tbird02.cern.ch&noUDP&sock=schedd_2138722_faad_3>
...
040 (323100.017.000) 05/11 16:05:10 Started transferring input files
	Transferring to host: <188.184.132.19:9618?addrs=188.184.132.19-9618+[2001-1458-301-a0--100-15]-9618&noUDP&sock=4060_631e_126346>
...
040 (323100.017.000) 05/11 16:05:10 Finished transferring input files
...
001 (323100.017.000) 05/11 16:05:11 Job executing on host: <188.184.132.19:9618?addrs=188.184.132.19-9618+[2001-1458-301-a0--100-15]-9618&noUDP&sock=2343_ae7c_3>
...
006 (323100.017.000) 05/11 16:05:20 Image size of job updated: 315724
	225  -  MemoryUsage of job (MB)
	230168  -  ResidentSetSize of job (KB)
...
006 (323100.017.000) 05/11 16:10:21 Image size of job updated: 592180
	495  -  MemoryUsage of job (MB)
	506456  -  ResidentSetSize of job (KB)
...
040 (323100.017.000) 05/11 16:13:52 Started transferring output files
...
040 (323100.017.000) 05/11 16:13:52 Finished transferring output files
...
005 (323100.017.000) 05/11 16:13:52 Job terminated.
	(1) Normal termination (return value 1)
		Usr 0 00:07:39, Sys 0 00:00:56  -  Run Remote Usage
		Usr 0 00:00:00, Sys 0 00:00:00  -  Run Local Usage
		Usr 0 00:07:39, Sys 0 00:00:56  -  Total Remote Usage
		Usr 0 00:00:00, Sys 0 00:00:00  -  Total Local Usage
	8612  -  Run Bytes Sent By Job
	10941  -  Run Bytes Received By Job
	8612  -  Total Bytes Sent By Job
	10941  -  Total Bytes Received By Job
	Partitionable Resources :    Usage  Request Allocated 
	   Cpus                 :                 1           
	   Disk (KB)            :       71        1   2130562 
	   Memory (MB)          :      495     2000      2000 
...
