000 (323096.004.000) 05/11 15:55:03 Job submitted from host: <188.184.95.166:9618?addrs=188.184.95.166-9618+[2001-1458-201-e4--100-7a0]-9618&alias=tbird02.cern.ch&noUDP&sock=schedd_2138722_faad_3>
...
040 (323096.004.000) 05/11 16:02:08 Started transferring input files
	Transferring to host: <188.184.133.229:9618?addrs=188.184.133.229-9618+[2001-1458-301-a0--100-382]-9618&noUDP&sock=13010_78ca_102241>
...
040 (323096.004.000) 05/11 16:02:08 Finished transferring input files
...
001 (323096.004.000) 05/11 16:02:09 Job executing on host: <188.184.133.229:9618?addrs=188.184.133.229-9618+[2001-1458-301-a0--100-382]-9618&noUDP&sock=12791_23fc_3>
...
006 (323096.004.000) 05/11 16:02:18 Image size of job updated: 336036
	248  -  MemoryUsage of job (MB)
	253472  -  ResidentSetSize of job (KB)
...
006 (323096.004.000) 05/11 16:07:19 Image size of job updated: 506920
	494  -  MemoryUsage of job (MB)
	505412  -  ResidentSetSize of job (KB)
...
040 (323096.004.000) 05/11 16:11:46 Started transferring output files
...
040 (323096.004.000) 05/11 16:11:46 Finished transferring output files
...
005 (323096.004.000) 05/11 16:11:47 Job terminated.
	(1) Normal termination (return value 1)
		Usr 0 00:08:23, Sys 0 00:01:04  -  Run Remote Usage
		Usr 0 00:00:00, Sys 0 00:00:00  -  Run Local Usage
		Usr 0 00:08:23, Sys 0 00:01:04  -  Total Remote Usage
		Usr 0 00:00:00, Sys 0 00:00:00  -  Total Local Usage
	8608  -  Run Bytes Sent By Job
	10941  -  Run Bytes Received By Job
	8608  -  Total Bytes Sent By Job
	10941  -  Total Bytes Received By Job
	Partitionable Resources :    Usage  Request Allocated 
	   Cpus                 :                 1           
	   Disk (KB)            :       71        1   2157489 
	   Memory (MB)          :      494     2000      2000 
...
