000 (323093.009.000) 05/11 15:55:02 Job submitted from host: <188.184.95.166:9618?addrs=188.184.95.166-9618+[2001-1458-201-e4--100-7a0]-9618&alias=tbird02.cern.ch&noUDP&sock=schedd_2138722_faad_3>
...
022 (323093.009.000) 05/11 15:59:38 Job disconnected, attempting to reconnect
    Socket between submit and execute hosts closed unexpectedly
    Trying to reconnect to slot1_1@b7g28n0272.cern.ch <128.142.240.21:9618?addrs=128.142.240.21-9618+[2001-1458-301-f9--100-2]-9618&noUDP&sock=2335_31ba_3>
...
024 (323093.009.000) 05/11 15:59:38 Job reconnection failed
    Job not found at execution machine
    Can not reconnect to slot1_1@b7g28n0272.cern.ch, rescheduling job
...
040 (323093.009.000) 05/11 16:00:14 Started transferring input files
	Transferring to host: <128.142.240.14:9618?addrs=128.142.240.14-9618+[2001-1458-301-f9--100-7]-9618&noUDP&sock=4090_865f_126360>
...
040 (323093.009.000) 05/11 16:00:14 Finished transferring input files
...
001 (323093.009.000) 05/11 16:00:15 Job executing on host: <128.142.240.14:9618?addrs=128.142.240.14-9618+[2001-1458-301-f9--100-7]-9618&noUDP&sock=2355_e99f_3>
...
006 (323093.009.000) 05/11 16:00:24 Image size of job updated: 313156
	226  -  MemoryUsage of job (MB)
	230556  -  ResidentSetSize of job (KB)
...
006 (323093.009.000) 05/11 16:05:25 Image size of job updated: 510280
	497  -  MemoryUsage of job (MB)
	508484  -  ResidentSetSize of job (KB)
...
040 (323093.009.000) 05/11 16:09:28 Started transferring output files
...
040 (323093.009.000) 05/11 16:09:28 Finished transferring output files
...
005 (323093.009.000) 05/11 16:09:28 Job terminated.
	(1) Normal termination (return value 1)
		Usr 0 00:08:01, Sys 0 00:01:04  -  Run Remote Usage
		Usr 0 00:00:00, Sys 0 00:00:00  -  Run Local Usage
		Usr 0 00:08:01, Sys 0 00:01:04  -  Total Remote Usage
		Usr 0 00:00:00, Sys 0 00:00:00  -  Total Local Usage
	8619  -  Run Bytes Sent By Job
	10941  -  Run Bytes Received By Job
	8619  -  Total Bytes Sent By Job
	10941  -  Total Bytes Received By Job
	Partitionable Resources :    Usage  Request Allocated 
	   Cpus                 :                 1           
	   Disk (KB)            :       71        1   2188189 
	   Memory (MB)          :      497     2000      2000 
...
