000 (323090.001.000) 05/11 15:55:00 Job submitted from host: <188.184.95.166:9618?addrs=188.184.95.166-9618+[2001-1458-201-e4--100-7a0]-9618&alias=tbird02.cern.ch&noUDP&sock=schedd_2138722_faad_3>
...
040 (323090.001.000) 05/11 15:57:05 Started transferring input files
	Transferring to host: <188.184.186.9:9618?addrs=188.184.186.9-9618+[2001-1458-301-f8--100-11]-9618&noUDP&sock=17446_08ff_122>
...
040 (323090.001.000) 05/11 15:57:05 Finished transferring input files
...
001 (323090.001.000) 05/11 15:57:06 Job executing on host: <188.184.186.9:9618?addrs=188.184.186.9-9618+[2001-1458-301-f8--100-11]-9618&noUDP&sock=2355_e99f_3>
...
006 (323090.001.000) 05/11 15:57:15 Image size of job updated: 179296
	160  -  MemoryUsage of job (MB)
	163096  -  ResidentSetSize of job (KB)
...
006 (323090.001.000) 05/11 16:02:16 Image size of job updated: 417868
	392  -  MemoryUsage of job (MB)
	401024  -  ResidentSetSize of job (KB)
...
006 (323090.001.000) 05/11 16:07:16 Image size of job updated: 504412
	477  -  MemoryUsage of job (MB)
	487568  -  ResidentSetSize of job (KB)
...
040 (323090.001.000) 05/11 16:12:58 Started transferring output files
...
040 (323090.001.000) 05/11 16:12:58 Finished transferring output files
...
005 (323090.001.000) 05/11 16:12:58 Job terminated.
	(1) Normal termination (return value 1)
		Usr 0 00:13:42, Sys 0 00:01:26  -  Run Remote Usage
		Usr 0 00:00:00, Sys 0 00:00:00  -  Run Local Usage
		Usr 0 00:13:42, Sys 0 00:01:26  -  Total Remote Usage
		Usr 0 00:00:00, Sys 0 00:00:00  -  Total Local Usage
	8550  -  Run Bytes Sent By Job
	10941  -  Run Bytes Received By Job
	8550  -  Total Bytes Sent By Job
	10941  -  Total Bytes Received By Job
	Partitionable Resources :    Usage  Request Allocated 
	   Cpus                 :     1.00        1         1 
	   Disk (KB)            :    78           1    211534 
	   Memory (MB)          :   477        2000      2000 
...
