000 (323090.008.000) 05/11 15:55:00 Job submitted from host: <188.184.95.166:9618?addrs=188.184.95.166-9618+[2001-1458-201-e4--100-7a0]-9618&alias=tbird02.cern.ch&noUDP&sock=schedd_2138722_faad_3>
...
040 (323090.008.000) 05/11 15:57:07 Started transferring input files
	Transferring to host: <188.184.132.43:9618?addrs=188.184.132.43-9618+[2001-1458-301-a0--100-28]-9618&noUDP&sock=5194_648c_72>
...
040 (323090.008.000) 05/11 15:57:07 Finished transferring input files
...
001 (323090.008.000) 05/11 15:57:08 Job executing on host: <188.184.132.43:9618?addrs=188.184.132.43-9618+[2001-1458-301-a0--100-28]-9618&noUDP&sock=2335_31ba_3>
...
006 (323090.008.000) 05/11 15:57:17 Image size of job updated: 297744
	223  -  MemoryUsage of job (MB)
	227384  -  ResidentSetSize of job (KB)
...
006 (323090.008.000) 05/11 16:02:18 Image size of job updated: 465428
	454  -  MemoryUsage of job (MB)
	464844  -  ResidentSetSize of job (KB)
...
006 (323090.008.000) 05/11 16:07:19 Image size of job updated: 486544
	475  -  MemoryUsage of job (MB)
	485960  -  ResidentSetSize of job (KB)
...
006 (323090.008.000) 05/11 16:10:10 Image size of job updated: 888900
	475  -  MemoryUsage of job (MB)
	485960  -  ResidentSetSize of job (KB)
...
040 (323090.008.000) 05/11 16:10:10 Started transferring output files
...
040 (323090.008.000) 05/11 16:10:10 Finished transferring output files
...
005 (323090.008.000) 05/11 16:10:10 Job terminated.
	(1) Normal termination (return value 1)
		Usr 0 00:11:20, Sys 0 00:01:15  -  Run Remote Usage
		Usr 0 00:00:00, Sys 0 00:00:00  -  Run Local Usage
		Usr 0 00:11:20, Sys 0 00:01:15  -  Total Remote Usage
		Usr 0 00:00:00, Sys 0 00:00:00  -  Total Local Usage
	8552  -  Run Bytes Sent By Job
	10941  -  Run Bytes Received By Job
	8552  -  Total Bytes Sent By Job
	10941  -  Total Bytes Received By Job
	Partitionable Resources :    Usage  Request Allocated 
	   Cpus                 :     1.00        1         1 
	   Disk (KB)            :    78           1    211208 
	   Memory (MB)          :   475        2000      2000 
...
