   TTTo2L2Nu_powheg_part9   MC  29 chunks


I have 1 taks to process
I'm using the following list of modules DEFAULT_MODULES
this is jobs [('TTTo2L2Nu_powheg_part9', 'MY_EOS_SPACE/heppyNtuples/TREES_TopDibosonsQCD_94X/TTTo2L2Nu_powheg_part9/treeProducerWMass/tree.root', 8958000.0, '_Friend_TTTo2L2Nu_powheg_part9.chunk6', False, xrange(1500000, 1750000), 6)]
Modules to run:  []   name =  puWeight
Loading puWeight from CMGTools.WMass.postprocessing.examples.puWeightProducer 
Running on dataset =  TTTo2L2Nu_powheg_part9
TFile: name=/afs/cern.ch/work/m/mciprian/w_mass_analysis/heppy/rel_slc7/CMSSW_9_4_12/src/CMGTools/WMass/python/postprocessing/data/pileup/mcPU_2016_W94XnoCutsWithGenWeights_nTrueInt.root, title=, option=READ
TFile: name=/afs/cern.ch/work/m/mciprian/w_mass_analysis/heppy/rel_slc7/CMSSW_9_4_12/src/CMGTools/WMass/python/postprocessing/data/pileup/PileupData_GoldenMuonJSON_Full2016.root, title=, option=READ
Load C++ Worker
Modules to run:  []   name =  muCalibratedWithStatVar
Loading muCalibratedWithStatVar from CMGTools.WMass.postprocessing.examples.lepVarProducer 
Running on dataset =  TTTo2L2Nu_powheg_part9
did not find EnergyScaleCorrection shared object, rebuilding
trying to load all the rochester correction libraries
did not find legacy data roccor. rebuilding...
done building legacy data roccor.
Modules to run:  []   name =  jetAllReCleaner
Loading jetAllReCleaner from CMGTools.WMass.postprocessing.examples.jetReCleaner 
Running on dataset =  TTTo2L2Nu_powheg_part9
Load C++ Worker
Modules to run:  []   name =  jetReCleaner
Loading jetReCleaner from CMGTools.WMass.postprocessing.examples.jetReCleaner 
Running on dataset =  TTTo2L2Nu_powheg_part9
Load C++ Worker
Modules to run:  []   name =  genQEDJets
Loading genQEDJets from CMGTools.WMass.postprocessing.examples.genFriendProducer 
Running on dataset =  TTTo2L2Nu_powheg_part9
Will write selected trees to MY_EOS_SPACE/heppyNtuples/TREES_TopDibosonsQCD_94X/friends/
Normalization of nTrueInt_Wnopt: 3.68902e+10
Normalization of pileup: 3.68902e+10
Weights for variable nTrueInt_Wnopt with a number of bins equal to 102:
1 0.3634 0.9215 1.196 0.96 1.118 1.157 0.9675 0.9293 0.9192 0.8823 0.9553 1.062 1.116 1.167 1.194 1.2 1.193 1.177 1.14 1.092 1.06 1.047 1.046 1.047 1.048 1.06 1.077 1.092 1.106 1.122 1.108 1.097 1.051 0.992 0.9144 0.8237 0.7175 0.6087 0.5019 0.4029 0.3076 0.2264 0.1622 0.1123 0.07656 0.05052 0.03159 0.01992 0.01212 0.007355 0.004361 0.002593 0.001553 0.0009624 0.0007219 0.0006632 0.0007233 0.0009289 0.001329 0.001772 0.003222 0.004042 0.00487 0.005064 0.005658 0.005309 0.004846 0.004101 0.003977 0.003686 0.003306 0.002672 0.002286 0.001878 0.00167 1 1 1 1 1 1 1 1 1 1 1 1 1 1 1 1 1 1 1 1 1 1 1 1 1 1 .
Final weights: 
1 0.3634 0.9215 1.196 0.96 1.118 1.157 0.9675 0.9293 0.9192 0.8823 0.9553 1.062 1.116 1.167 1.194 1.2 1.193 1.177 1.14 1.092 1.06 1.047 1.046 1.047 1.048 1.06 1.077 1.092 1.106 1.122 1.108 1.097 1.051 0.992 0.9144 0.8237 0.7175 0.6087 0.5019 0.4029 0.3076 0.2264 0.1622 0.1123 0.07656 0.05052 0.03159 0.01992 0.01212 0.007355 0.004361 0.002593 0.001553 0.0009624 0.0007219 0.0006632 0.0007233 0.0009289 0.001329 0.001772 0.003222 0.004042 0.00487 0.005064 0.005658 0.005309 0.004846 0.004101 0.003977 0.003686 0.003306 0.002672 0.002286 0.001878 0.00167 1 1 1 1 1 1 1 1 1 1 1 1 1 1 1 1 1 1 1 1 1 1 1 1 1 1 .
begin job of lepCalProducer
initializing all the rochester correction objects
initializing the egamma calibrator
Processed  1500000/ 7005006 entries (elapsed time     0.4s, curr speed   25.000 kHz, avg speed 3750.000 kHz), accepted        1/       1 events (100.00%)
Processed  1510000/ 7005006 entries (elapsed time    27.9s, curr speed    0.364 kHz, avg speed   54.180 kHz), accepted    10001/   10001 events (100.00%)
Processed  1520000/ 7005006 entries (elapsed time    55.8s, curr speed    0.359 kHz, avg speed   27.265 kHz), accepted    20001/   20001 events (100.00%)
Processed  1530000/ 7005006 entries (elapsed time    84.0s, curr speed    0.354 kHz, avg speed   18.221 kHz), accepted    30001/   30001 events (100.00%)
Processed  1540000/ 7005006 entries (elapsed time   113.6s, curr speed    0.338 kHz, avg speed   13.561 kHz), accepted    40001/   40001 events (100.00%)
Processed  1550000/ 7005006 entries (elapsed time   145.3s, curr speed    0.315 kHz, avg speed   10.671 kHz), accepted    50001/   50001 events (100.00%)
Processed  1560000/ 7005006 entries (elapsed time   172.3s, curr speed    0.370 kHz, avg speed    9.053 kHz), accepted    60001/   60001 events (100.00%)
Processed  1570000/ 7005006 entries (elapsed time   198.6s, curr speed    0.380 kHz, avg speed    7.904 kHz), accepted    70001/   70001 events (100.00%)
Processed  1580000/ 7005006 entries (elapsed time   223.8s, curr speed    0.397 kHz, avg speed    7.059 kHz), accepted    80001/   80001 events (100.00%)
Processed  1590000/ 7005006 entries (elapsed time   248.9s, curr speed    0.399 kHz, avg speed    6.388 kHz), accepted    90001/   90001 events (100.00%)
Processed  1600000/ 7005006 entries (elapsed time   272.9s, curr speed    0.417 kHz, avg speed    5.863 kHz), accepted   100001/  100001 events (100.00%)
Processed  1610000/ 7005006 entries (elapsed time   334.1s, curr speed    0.163 kHz, avg speed    4.820 kHz), accepted   110001/  110001 events (100.00%)
Processed  1620000/ 7005006 entries (elapsed time   362.2s, curr speed    0.355 kHz, avg speed    4.473 kHz), accepted   120001/  120001 events (100.00%)
Processed  1630000/ 7005006 entries (elapsed time   390.6s, curr speed    0.353 kHz, avg speed    4.173 kHz), accepted   130001/  130001 events (100.00%)
Processed  1640000/ 7005006 entries (elapsed time   417.6s, curr speed    0.370 kHz, avg speed    3.927 kHz), accepted   140001/  140001 events (100.00%)
Processed  1650000/ 7005006 entries (elapsed time   445.9s, curr speed    0.354 kHz, avg speed    3.701 kHz), accepted   150001/  150001 events (100.00%)
Processed  1660000/ 7005006 entries (elapsed time   509.4s, curr speed    0.158 kHz, avg speed    3.259 kHz), accepted   160001/  160001 events (100.00%)
Processed  1670000/ 7005006 entries (elapsed time   539.0s, curr speed    0.337 kHz, avg speed    3.098 kHz), accepted   170001/  170001 events (100.00%)
Processed  1680000/ 7005006 entries (elapsed time   568.5s, curr speed    0.339 kHz, avg speed    2.955 kHz), accepted   180001/  180001 events (100.00%)
Processed  1690000/ 7005006 entries (elapsed time   596.9s, curr speed    0.353 kHz, avg speed    2.831 kHz), accepted   190001/  190001 events (100.00%)
Processed  1700000/ 7005006 entries (elapsed time   625.7s, curr speed    0.347 kHz, avg speed    2.717 kHz), accepted   200001/  200001 events (100.00%)
Processed  1710000/ 7005006 entries (elapsed time   689.5s, curr speed    0.157 kHz, avg speed    2.480 kHz), accepted   210001/  210001 events (100.00%)
Processed  1720000/ 7005006 entries (elapsed time   720.2s, curr speed    0.325 kHz, avg speed    2.388 kHz), accepted   220001/  220001 events (100.00%)
Processed  1730000/ 7005006 entries (elapsed time   750.2s, curr speed    0.334 kHz, avg speed    2.306 kHz), accepted   230001/  230001 events (100.00%)
Processed  1740000/ 7005006 entries (elapsed time   778.4s, curr speed    0.354 kHz, avg speed    2.235 kHz), accepted   240001/  240001 events (100.00%)
Processed 250000 entries from MY_EOS_SPACE/heppyNtuples/TREES_TopDibosonsQCD_94X/TTTo2L2Nu_powheg_part9/treeProducerWMass/tree.root, selected 250000 entries
Done MY_EOS_SPACE/heppyNtuples/TREES_TopDibosonsQCD_94X/friends/tree_Friend_TTTo2L2Nu_powheg_part9.chunk6.root
