000 (323097.025.000) 05/11 15:55:04 Job submitted from host: <188.184.95.166:9618?addrs=188.184.95.166-9618+[2001-1458-201-e4--100-7a0]-9618&alias=tbird02.cern.ch&noUDP&sock=schedd_2138722_faad_3>
...
022 (323097.025.000) 05/11 16:03:28 Job disconnected, attempting to reconnect
    Socket between submit and execute hosts closed unexpectedly
    Trying to reconnect to slot1_1@b7g28n0095.cern.ch <188.184.186.30:9618?addrs=188.184.186.30-9618+[2001-1458-301-f8--100-2b]-9618&noUDP&sock=2326_0560_3>
...
024 (323097.025.000) 05/11 16:03:28 Job reconnection failed
    Job not found at execution machine
    Can not reconnect to slot1_1@b7g28n0095.cern.ch, rescheduling job
...
040 (323097.025.000) 05/11 16:03:42 Started transferring input files
	Transferring to host: <128.142.240.53:9618?addrs=128.142.240.53-9618+[2001-1458-301-f9--100-24]-9618&noUDP&sock=3930_ca59_126839>
...
040 (323097.025.000) 05/11 16:03:42 Finished transferring input files
...
001 (323097.025.000) 05/11 16:03:43 Job executing on host: <128.142.240.53:9618?addrs=128.142.240.53-9618+[2001-1458-301-f9--100-24]-9618&noUDP&sock=2329_1429_3>
...
006 (323097.025.000) 05/11 16:03:51 Image size of job updated: 339308
	249  -  MemoryUsage of job (MB)
	254020  -  ResidentSetSize of job (KB)
...
006 (323097.025.000) 05/11 16:08:51 Image size of job updated: 593312
	497  -  MemoryUsage of job (MB)
	507968  -  ResidentSetSize of job (KB)
...
040 (323097.025.000) 05/11 16:12:18 Started transferring output files
...
040 (323097.025.000) 05/11 16:12:18 Finished transferring output files
...
005 (323097.025.000) 05/11 16:12:18 Job terminated.
	(1) Normal termination (return value 1)
		Usr 0 00:07:32, Sys 0 00:00:59  -  Run Remote Usage
		Usr 0 00:00:00, Sys 0 00:00:00  -  Run Local Usage
		Usr 0 00:07:32, Sys 0 00:00:59  -  Total Remote Usage
		Usr 0 00:00:00, Sys 0 00:00:00  -  Total Local Usage
	8612  -  Run Bytes Sent By Job
	10941  -  Run Bytes Received By Job
	8612  -  Total Bytes Sent By Job
	10941  -  Total Bytes Received By Job
	Partitionable Resources :    Usage  Request Allocated 
	   Cpus                 :                 1           
	   Disk (KB)            :       72        1   2145235 
	   Memory (MB)          :      497     2000      2000 
...
