000 (323096.008.000) 05/11 15:55:03 Job submitted from host: <188.184.95.166:9618?addrs=188.184.95.166-9618+[2001-1458-201-e4--100-7a0]-9618&alias=tbird02.cern.ch&noUDP&sock=schedd_2138722_faad_3>
...
022 (323096.008.000) 05/11 16:02:11 Job disconnected, attempting to reconnect
    Socket between submit and execute hosts closed unexpectedly
    Trying to reconnect to slot1_1@b7g28n0314.cern.ch <188.184.132.28:9618?addrs=188.184.132.28-9618+[2001-1458-301-a0--100-d]-9618&noUDP&sock=2282_d735_3>
...
024 (323096.008.000) 05/11 16:02:11 Job reconnection failed
    Job not found at execution machine
    Can not reconnect to slot1_1@b7g28n0314.cern.ch, rescheduling job
...
040 (323096.008.000) 05/11 16:02:33 Started transferring input files
	Transferring to host: <128.142.240.12:9618?addrs=128.142.240.12-9618+[2001-1458-301-f9--100-10]-9618&noUDP&sock=4004_ee1c_127200>
...
040 (323096.008.000) 05/11 16:02:33 Finished transferring input files
...
001 (323096.008.000) 05/11 16:02:34 Job executing on host: <128.142.240.12:9618?addrs=128.142.240.12-9618+[2001-1458-301-f9--100-10]-9618&noUDP&sock=2389_3bd8_3>
...
006 (323096.008.000) 05/11 16:02:42 Image size of job updated: 319988
	233  -  MemoryUsage of job (MB)
	237628  -  ResidentSetSize of job (KB)
...
006 (323096.008.000) 05/11 16:07:42 Image size of job updated: 507532
	495  -  MemoryUsage of job (MB)
	506700  -  ResidentSetSize of job (KB)
...
040 (323096.008.000) 05/11 16:11:42 Started transferring output files
...
040 (323096.008.000) 05/11 16:11:42 Finished transferring output files
...
005 (323096.008.000) 05/11 16:11:42 Job terminated.
	(1) Normal termination (return value 1)
		Usr 0 00:08:00, Sys 0 00:01:01  -  Run Remote Usage
		Usr 0 00:00:00, Sys 0 00:00:00  -  Run Local Usage
		Usr 0 00:08:00, Sys 0 00:01:01  -  Total Remote Usage
		Usr 0 00:00:00, Sys 0 00:00:00  -  Total Local Usage
	8608  -  Run Bytes Sent By Job
	10941  -  Run Bytes Received By Job
	8608  -  Total Bytes Sent By Job
	10941  -  Total Bytes Received By Job
	Partitionable Resources :    Usage  Request Allocated 
	   Cpus                 :                 1           
	   Disk (KB)            :       72        1   2104883 
	   Memory (MB)          :      495     2000      2000 
...
