000 (323099.023.000) 05/11 15:55:05 Job submitted from host: <188.184.95.166:9618?addrs=188.184.95.166-9618+[2001-1458-201-e4--100-7a0]-9618&alias=tbird02.cern.ch&noUDP&sock=schedd_2138722_faad_3>
...
040 (323099.023.000) 05/11 16:04:43 Started transferring input files
	Transferring to host: <128.142.33.178:9618?addrs=128.142.33.178-9618+[2001-1458-301-117--100-65]-9618&noUDP&sock=12998_044a_104125>
...
040 (323099.023.000) 05/11 16:04:43 Finished transferring input files
...
001 (323099.023.000) 05/11 16:04:44 Job executing on host: <128.142.33.178:9618?addrs=128.142.33.178-9618+[2001-1458-301-117--100-65]-9618&noUDP&sock=12790_7463_3>
...
006 (323099.023.000) 05/11 16:04:53 Image size of job updated: 336672
	249  -  MemoryUsage of job (MB)
	254004  -  ResidentSetSize of job (KB)
...
006 (323099.023.000) 05/11 16:09:54 Image size of job updated: 509552
	497  -  MemoryUsage of job (MB)
	507912  -  ResidentSetSize of job (KB)
...
040 (323099.023.000) 05/11 16:12:05 Started transferring output files
...
040 (323099.023.000) 05/11 16:12:05 Finished transferring output files
...
005 (323099.023.000) 05/11 16:12:05 Job terminated.
	(1) Normal termination (return value 1)
		Usr 0 00:06:27, Sys 0 00:00:48  -  Run Remote Usage
		Usr 0 00:00:00, Sys 0 00:00:00  -  Run Local Usage
		Usr 0 00:06:27, Sys 0 00:00:48  -  Total Remote Usage
		Usr 0 00:00:00, Sys 0 00:00:00  -  Total Local Usage
	7996  -  Run Bytes Sent By Job
	10941  -  Run Bytes Received By Job
	7996  -  Total Bytes Sent By Job
	10941  -  Total Bytes Received By Job
	Partitionable Resources :    Usage  Request Allocated 
	   Cpus                 :                 1           
	   Disk (KB)            :       71        1   2206910 
	   Memory (MB)          :      497     2000      2000 
...
