   TTTo2L2Nu_powheg_part5   MC  29 chunks


I have 1 taks to process
I'm using the following list of modules DEFAULT_MODULES
this is jobs [('TTTo2L2Nu_powheg_part5', 'MY_EOS_SPACE/heppyNtuples/TREES_TopDibosonsQCD_94X/TTTo2L2Nu_powheg_part5/treeProducerWMass/tree.root', 8979320.0, '_Friend_TTTo2L2Nu_powheg_part5.chunk9', False, xrange(2250000, 2500000), 9)]
Modules to run:  []   name =  puWeight
Loading puWeight from CMGTools.WMass.postprocessing.examples.puWeightProducer 
Running on dataset =  TTTo2L2Nu_powheg_part5
TFile: name=/afs/cern.ch/work/m/mciprian/w_mass_analysis/heppy/rel_slc7/CMSSW_9_4_12/src/CMGTools/WMass/python/postprocessing/data/pileup/mcPU_2016_W94XnoCutsWithGenWeights_nTrueInt.root, title=, option=READ
TFile: name=/afs/cern.ch/work/m/mciprian/w_mass_analysis/heppy/rel_slc7/CMSSW_9_4_12/src/CMGTools/WMass/python/postprocessing/data/pileup/PileupData_GoldenMuonJSON_Full2016.root, title=, option=READ
Load C++ Worker
Modules to run:  []   name =  muCalibratedWithStatVar
Loading muCalibratedWithStatVar from CMGTools.WMass.postprocessing.examples.lepVarProducer 
Running on dataset =  TTTo2L2Nu_powheg_part5
did not find EnergyScaleCorrection shared object, rebuilding
trying to load all the rochester correction libraries
did not find legacy data roccor. rebuilding...
done building legacy data roccor.
Modules to run:  []   name =  jetAllReCleaner
Loading jetAllReCleaner from CMGTools.WMass.postprocessing.examples.jetReCleaner 
Running on dataset =  TTTo2L2Nu_powheg_part5
Load C++ Worker
Modules to run:  []   name =  jetReCleaner
Loading jetReCleaner from CMGTools.WMass.postprocessing.examples.jetReCleaner 
Running on dataset =  TTTo2L2Nu_powheg_part5
Load C++ Worker
Modules to run:  []   name =  genQEDJets
Loading genQEDJets from CMGTools.WMass.postprocessing.examples.genFriendProducer 
Running on dataset =  TTTo2L2Nu_powheg_part5
Will write selected trees to MY_EOS_SPACE/heppyNtuples/TREES_TopDibosonsQCD_94X/friends/
Normalization of nTrueInt_Wnopt: 3.68902e+10
Normalization of pileup: 3.68902e+10
Weights for variable nTrueInt_Wnopt with a number of bins equal to 102:
1 0.3634 0.9215 1.196 0.96 1.118 1.157 0.9675 0.9293 0.9192 0.8823 0.9553 1.062 1.116 1.167 1.194 1.2 1.193 1.177 1.14 1.092 1.06 1.047 1.046 1.047 1.048 1.06 1.077 1.092 1.106 1.122 1.108 1.097 1.051 0.992 0.9144 0.8237 0.7175 0.6087 0.5019 0.4029 0.3076 0.2264 0.1622 0.1123 0.07656 0.05052 0.03159 0.01992 0.01212 0.007355 0.004361 0.002593 0.001553 0.0009624 0.0007219 0.0006632 0.0007233 0.0009289 0.001329 0.001772 0.003222 0.004042 0.00487 0.005064 0.005658 0.005309 0.004846 0.004101 0.003977 0.003686 0.003306 0.002672 0.002286 0.001878 0.00167 1 1 1 1 1 1 1 1 1 1 1 1 1 1 1 1 1 1 1 1 1 1 1 1 1 1 .
Final weights: 
1 0.3634 0.9215 1.196 0.96 1.118 1.157 0.9675 0.9293 0.9192 0.8823 0.9553 1.062 1.116 1.167 1.194 1.2 1.193 1.177 1.14 1.092 1.06 1.047 1.046 1.047 1.048 1.06 1.077 1.092 1.106 1.122 1.108 1.097 1.051 0.992 0.9144 0.8237 0.7175 0.6087 0.5019 0.4029 0.3076 0.2264 0.1622 0.1123 0.07656 0.05052 0.03159 0.01992 0.01212 0.007355 0.004361 0.002593 0.001553 0.0009624 0.0007219 0.0006632 0.0007233 0.0009289 0.001329 0.001772 0.003222 0.004042 0.00487 0.005064 0.005658 0.005309 0.004846 0.004101 0.003977 0.003686 0.003306 0.002672 0.002286 0.001878 0.00167 1 1 1 1 1 1 1 1 1 1 1 1 1 1 1 1 1 1 1 1 1 1 1 1 1 1 .
begin job of lepCalProducer
initializing all the rochester correction objects
initializing the egamma calibrator
Processed  2250000/ 7020017 entries (elapsed time     0.4s, curr speed   27.778 kHz, avg speed 6250.000 kHz), accepted        1/       1 events (100.00%)
Processed  2260000/ 7020017 entries (elapsed time    20.7s, curr speed    0.493 kHz, avg speed  109.390 kHz), accepted    10001/   10001 events (100.00%)
Processed  2270000/ 7020017 entries (elapsed time    41.8s, curr speed    0.474 kHz, avg speed   54.358 kHz), accepted    20001/   20001 events (100.00%)
Processed  2280000/ 7020017 entries (elapsed time    61.6s, curr speed    0.503 kHz, avg speed   36.983 kHz), accepted    30001/   30001 events (100.00%)
Processed  2290000/ 7020017 entries (elapsed time    82.4s, curr speed    0.483 kHz, avg speed   27.805 kHz), accepted    40001/   40001 events (100.00%)
Processed  2300000/ 7020017 entries (elapsed time   103.0s, curr speed    0.483 kHz, avg speed   22.319 kHz), accepted    50001/   50001 events (100.00%)
Processed  2310000/ 7020017 entries (elapsed time   120.2s, curr speed    0.581 kHz, avg speed   19.210 kHz), accepted    60001/   60001 events (100.00%)
Processed  2320000/ 7020017 entries (elapsed time   137.3s, curr speed    0.588 kHz, avg speed   16.901 kHz), accepted    70001/   70001 events (100.00%)
Processed  2330000/ 7020017 entries (elapsed time   154.1s, curr speed    0.596 kHz, avg speed   15.124 kHz), accepted    80001/   80001 events (100.00%)
Processed  2340000/ 7020017 entries (elapsed time   170.9s, curr speed    0.593 kHz, avg speed   13.691 kHz), accepted    90001/   90001 events (100.00%)
Processed  2350000/ 7020017 entries (elapsed time   188.0s, curr speed    0.584 kHz, avg speed   12.498 kHz), accepted   100001/  100001 events (100.00%)
Processed  2360000/ 7020017 entries (elapsed time   227.5s, curr speed    0.253 kHz, avg speed   10.374 kHz), accepted   110001/  110001 events (100.00%)
Processed  2370000/ 7020017 entries (elapsed time   244.2s, curr speed    0.598 kHz, avg speed    9.705 kHz), accepted   120001/  120001 events (100.00%)
Processed  2380000/ 7020017 entries (elapsed time   261.2s, curr speed    0.588 kHz, avg speed    9.111 kHz), accepted   130001/  130001 events (100.00%)
Processed  2390000/ 7020017 entries (elapsed time   278.3s, curr speed    0.587 kHz, avg speed    8.589 kHz), accepted   140001/  140001 events (100.00%)
Processed  2400000/ 7020017 entries (elapsed time   295.2s, curr speed    0.590 kHz, avg speed    8.130 kHz), accepted   150001/  150001 events (100.00%)
Processed  2410000/ 7020017 entries (elapsed time   332.9s, curr speed    0.265 kHz, avg speed    7.239 kHz), accepted   160001/  160001 events (100.00%)
Processed  2420000/ 7020017 entries (elapsed time   349.8s, curr speed    0.594 kHz, avg speed    6.919 kHz), accepted   170001/  170001 events (100.00%)
Processed  2430000/ 7020017 entries (elapsed time   367.0s, curr speed    0.579 kHz, avg speed    6.621 kHz), accepted   180001/  180001 events (100.00%)
Processed  2440000/ 7020017 entries (elapsed time   384.1s, curr speed    0.585 kHz, avg speed    6.352 kHz), accepted   190001/  190001 events (100.00%)
Processed  2450000/ 7020017 entries (elapsed time   400.9s, curr speed    0.596 kHz, avg speed    6.111 kHz), accepted   200001/  200001 events (100.00%)
Processed  2460000/ 7020017 entries (elapsed time   441.1s, curr speed    0.249 kHz, avg speed    5.577 kHz), accepted   210001/  210001 events (100.00%)
Processed  2470000/ 7020017 entries (elapsed time   458.3s, curr speed    0.579 kHz, avg speed    5.389 kHz), accepted   220001/  220001 events (100.00%)
Processed  2480000/ 7020017 entries (elapsed time   475.7s, curr speed    0.575 kHz, avg speed    5.213 kHz), accepted   230001/  230001 events (100.00%)
Processed  2490000/ 7020017 entries (elapsed time   493.1s, curr speed    0.576 kHz, avg speed    5.050 kHz), accepted   240001/  240001 events (100.00%)
Processed 250000 entries from MY_EOS_SPACE/heppyNtuples/TREES_TopDibosonsQCD_94X/TTTo2L2Nu_powheg_part5/treeProducerWMass/tree.root, selected 250000 entries
Done MY_EOS_SPACE/heppyNtuples/TREES_TopDibosonsQCD_94X/friends/tree_Friend_TTTo2L2Nu_powheg_part5.chunk9.root
