000 (323094.010.000) 05/11 15:55:02 Job submitted from host: <188.184.95.166:9618?addrs=188.184.95.166-9618+[2001-1458-201-e4--100-7a0]-9618&alias=tbird02.cern.ch&noUDP&sock=schedd_2138722_faad_3>
...
040 (323094.010.000) 05/11 16:00:51 Started transferring input files
	Transferring to host: <128.142.240.12:9618?addrs=128.142.240.12-9618+[2001-1458-301-f9--100-10]-9618&noUDP&sock=4004_ee1c_127199>
...
040 (323094.010.000) 05/11 16:00:51 Finished transferring input files
...
001 (323094.010.000) 05/11 16:00:52 Job executing on host: <128.142.240.12:9618?addrs=128.142.240.12-9618+[2001-1458-301-f9--100-10]-9618&noUDP&sock=2389_3bd8_3>
...
006 (323094.010.000) 05/11 16:01:00 Image size of job updated: 336804
	249  -  MemoryUsage of job (MB)
	254116  -  ResidentSetSize of job (KB)
...
006 (323094.010.000) 05/11 16:06:00 Image size of job updated: 507280
	495  -  MemoryUsage of job (MB)
	506460  -  ResidentSetSize of job (KB)
...
040 (323094.010.000) 05/11 16:10:01 Started transferring output files
...
040 (323094.010.000) 05/11 16:10:01 Finished transferring output files
...
005 (323094.010.000) 05/11 16:10:01 Job terminated.
	(1) Normal termination (return value 1)
		Usr 0 00:07:59, Sys 0 00:01:03  -  Run Remote Usage
		Usr 0 00:00:00, Sys 0 00:00:00  -  Run Local Usage
		Usr 0 00:07:59, Sys 0 00:01:03  -  Total Remote Usage
		Usr 0 00:00:00, Sys 0 00:00:00  -  Total Local Usage
	8622  -  Run Bytes Sent By Job
	10941  -  Run Bytes Received By Job
	8622  -  Total Bytes Sent By Job
	10941  -  Total Bytes Received By Job
	Partitionable Resources :    Usage  Request Allocated 
	   Cpus                 :                 1           
	   Disk (KB)            :       71        1   2104881 
	   Memory (MB)          :      495     2000      2000 
...
