000 (323089.014.000) 05/11 15:54:59 Job submitted from host: <188.184.95.166:9618?addrs=188.184.95.166-9618+[2001-1458-201-e4--100-7a0]-9618&alias=tbird02.cern.ch&noUDP&sock=schedd_2138722_faad_3>
...
040 (323089.014.000) 05/11 15:56:58 Started transferring input files
	Transferring to host: <188.184.186.9:9618?addrs=188.184.186.9-9618+[2001-1458-301-f8--100-11]-9618&noUDP&sock=17446_08ff_120>
...
040 (323089.014.000) 05/11 15:56:58 Finished transferring input files
...
001 (323089.014.000) 05/11 15:56:59 Job executing on host: <188.184.186.9:9618?addrs=188.184.186.9-9618+[2001-1458-301-f8--100-11]-9618&noUDP&sock=2355_e99f_3>
...
006 (323089.014.000) 05/11 15:57:07 Image size of job updated: 225040
	206  -  MemoryUsage of job (MB)
	210304  -  ResidentSetSize of job (KB)
...
006 (323089.014.000) 05/11 16:02:07 Image size of job updated: 391200
	382  -  MemoryUsage of job (MB)
	390316  -  ResidentSetSize of job (KB)
...
006 (323089.014.000) 05/11 16:07:08 Image size of job updated: 490460
	479  -  MemoryUsage of job (MB)
	489576  -  ResidentSetSize of job (KB)
...
006 (323089.014.000) 05/11 16:12:09 Image size of job updated: 490472
	479  -  MemoryUsage of job (MB)
	489588  -  ResidentSetSize of job (KB)
...
040 (323089.014.000) 05/11 16:12:54 Started transferring output files
...
040 (323089.014.000) 05/11 16:12:54 Finished transferring output files
...
005 (323089.014.000) 05/11 16:12:54 Job terminated.
	(1) Normal termination (return value 1)
		Usr 0 00:13:47, Sys 0 00:01:29  -  Run Remote Usage
		Usr 0 00:00:00, Sys 0 00:00:00  -  Run Local Usage
		Usr 0 00:13:47, Sys 0 00:01:29  -  Total Remote Usage
		Usr 0 00:00:00, Sys 0 00:00:00  -  Total Local Usage
	8555  -  Run Bytes Sent By Job
	10941  -  Run Bytes Received By Job
	8555  -  Total Bytes Sent By Job
	10941  -  Total Bytes Received By Job
	Partitionable Resources :    Usage  Request Allocated 
	   Cpus                 :     1.00        1         1 
	   Disk (KB)            :    78           1    211534 
	   Memory (MB)          :   479        2000      2000 
...
