   TTTo2L2Nu_powheg_part7   MC  23 chunks


I have 1 taks to process
I'm using the following list of modules DEFAULT_MODULES
this is jobs [('TTTo2L2Nu_powheg_part7', 'MY_EOS_SPACE/heppyNtuples/TREES_TopDibosonsQCD_94X/TTTo2L2Nu_powheg_part7/treeProducerWMass/tree.root', 7144600.0, '_Friend_TTTo2L2Nu_powheg_part7.chunk19', False, xrange(4750000, 5000000), 19)]
Modules to run:  []   name =  puWeight
Loading puWeight from CMGTools.WMass.postprocessing.examples.puWeightProducer 
Running on dataset =  TTTo2L2Nu_powheg_part7
TFile: name=/afs/cern.ch/work/m/mciprian/w_mass_analysis/heppy/rel_slc7/CMSSW_9_4_12/src/CMGTools/WMass/python/postprocessing/data/pileup/mcPU_2016_W94XnoCutsWithGenWeights_nTrueInt.root, title=, option=READ
TFile: name=/afs/cern.ch/work/m/mciprian/w_mass_analysis/heppy/rel_slc7/CMSSW_9_4_12/src/CMGTools/WMass/python/postprocessing/data/pileup/PileupData_GoldenMuonJSON_Full2016.root, title=, option=READ
Load C++ Worker
Modules to run:  []   name =  muCalibratedWithStatVar
Loading muCalibratedWithStatVar from CMGTools.WMass.postprocessing.examples.lepVarProducer 
Running on dataset =  TTTo2L2Nu_powheg_part7
did not find EnergyScaleCorrection shared object, rebuilding
trying to load all the rochester correction libraries
did not find legacy data roccor. rebuilding...
done building legacy data roccor.
Modules to run:  []   name =  jetAllReCleaner
Loading jetAllReCleaner from CMGTools.WMass.postprocessing.examples.jetReCleaner 
Running on dataset =  TTTo2L2Nu_powheg_part7
Load C++ Worker
Modules to run:  []   name =  jetReCleaner
Loading jetReCleaner from CMGTools.WMass.postprocessing.examples.jetReCleaner 
Running on dataset =  TTTo2L2Nu_powheg_part7
Load C++ Worker
Modules to run:  []   name =  genQEDJets
Loading genQEDJets from CMGTools.WMass.postprocessing.examples.genFriendProducer 
Running on dataset =  TTTo2L2Nu_powheg_part7
Will write selected trees to MY_EOS_SPACE/heppyNtuples/TREES_TopDibosonsQCD_94X/friends/
Normalization of nTrueInt_Wnopt: 3.68902e+10
Normalization of pileup: 3.68902e+10
Weights for variable nTrueInt_Wnopt with a number of bins equal to 102:
1 0.3634 0.9215 1.196 0.96 1.118 1.157 0.9675 0.9293 0.9192 0.8823 0.9553 1.062 1.116 1.167 1.194 1.2 1.193 1.177 1.14 1.092 1.06 1.047 1.046 1.047 1.048 1.06 1.077 1.092 1.106 1.122 1.108 1.097 1.051 0.992 0.9144 0.8237 0.7175 0.6087 0.5019 0.4029 0.3076 0.2264 0.1622 0.1123 0.07656 0.05052 0.03159 0.01992 0.01212 0.007355 0.004361 0.002593 0.001553 0.0009624 0.0007219 0.0006632 0.0007233 0.0009289 0.001329 0.001772 0.003222 0.004042 0.00487 0.005064 0.005658 0.005309 0.004846 0.004101 0.003977 0.003686 0.003306 0.002672 0.002286 0.001878 0.00167 1 1 1 1 1 1 1 1 1 1 1 1 1 1 1 1 1 1 1 1 1 1 1 1 1 1 .
Final weights: 
1 0.3634 0.9215 1.196 0.96 1.118 1.157 0.9675 0.9293 0.9192 0.8823 0.9553 1.062 1.116 1.167 1.194 1.2 1.193 1.177 1.14 1.092 1.06 1.047 1.046 1.047 1.048 1.06 1.077 1.092 1.106 1.122 1.108 1.097 1.051 0.992 0.9144 0.8237 0.7175 0.6087 0.5019 0.4029 0.3076 0.2264 0.1622 0.1123 0.07656 0.05052 0.03159 0.01992 0.01212 0.007355 0.004361 0.002593 0.001553 0.0009624 0.0007219 0.0006632 0.0007233 0.0009289 0.001329 0.001772 0.003222 0.004042 0.00487 0.005064 0.005658 0.005309 0.004846 0.004101 0.003977 0.003686 0.003306 0.002672 0.002286 0.001878 0.00167 1 1 1 1 1 1 1 1 1 1 1 1 1 1 1 1 1 1 1 1 1 1 1 1 1 1 .
begin job of lepCalProducer
initializing all the rochester correction objects
initializing the egamma calibrator
Processed  4750000/ 5584888 entries (elapsed time     0.3s, curr speed   37.037 kHz, avg speed 17592.593 kHz), accepted        1/       1 events (100.00%)
Processed  4760000/ 5584888 entries (elapsed time    23.5s, curr speed    0.430 kHz, avg speed  202.123 kHz), accepted    10001/   10001 events (100.00%)
Processed  4770000/ 5584888 entries (elapsed time    50.3s, curr speed    0.374 kHz, avg speed   94.850 kHz), accepted    20001/   20001 events (100.00%)
Processed  4780000/ 5584888 entries (elapsed time    75.4s, curr speed    0.398 kHz, avg speed   63.395 kHz), accepted    30001/   30001 events (100.00%)
Processed  4790000/ 5584888 entries (elapsed time   101.7s, curr speed    0.381 kHz, avg speed   47.122 kHz), accepted    40001/   40001 events (100.00%)
Processed  4800000/ 5584888 entries (elapsed time   128.1s, curr speed    0.377 kHz, avg speed   37.456 kHz), accepted    50001/   50001 events (100.00%)
Processed  4810000/ 5584888 entries (elapsed time   150.6s, curr speed    0.445 kHz, avg speed   31.935 kHz), accepted    60001/   60001 events (100.00%)
Processed  4820000/ 5584888 entries (elapsed time   172.4s, curr speed    0.458 kHz, avg speed   27.950 kHz), accepted    70001/   70001 events (100.00%)
Processed  4830000/ 5584888 entries (elapsed time   196.7s, curr speed    0.412 kHz, avg speed   24.555 kHz), accepted    80001/   80001 events (100.00%)
Processed  4840000/ 5584888 entries (elapsed time   218.6s, curr speed    0.457 kHz, avg speed   22.143 kHz), accepted    90001/   90001 events (100.00%)
Processed  4850000/ 5584888 entries (elapsed time   240.2s, curr speed    0.463 kHz, avg speed   20.192 kHz), accepted   100001/  100001 events (100.00%)
Processed  4860000/ 5584888 entries (elapsed time   288.7s, curr speed    0.206 kHz, avg speed   16.834 kHz), accepted   110001/  110001 events (100.00%)
Processed  4870000/ 5584888 entries (elapsed time   310.7s, curr speed    0.455 kHz, avg speed   15.675 kHz), accepted   120001/  120001 events (100.00%)
Processed  4880000/ 5584888 entries (elapsed time   332.1s, curr speed    0.467 kHz, avg speed   14.695 kHz), accepted   130001/  130001 events (100.00%)
Processed  4890000/ 5584888 entries (elapsed time   354.8s, curr speed    0.440 kHz, avg speed   13.781 kHz), accepted   140001/  140001 events (100.00%)
Processed  4900000/ 5584888 entries (elapsed time   377.3s, curr speed    0.444 kHz, avg speed   12.986 kHz), accepted   150001/  150001 events (100.00%)
Processed  4910000/ 5584888 entries (elapsed time   424.0s, curr speed    0.215 kHz, avg speed   11.581 kHz), accepted   160001/  160001 events (100.00%)
Processed  4920000/ 5584888 entries (elapsed time   446.0s, curr speed    0.454 kHz, avg speed   11.031 kHz), accepted   170001/  170001 events (100.00%)
Processed  4930000/ 5584888 entries (elapsed time   468.0s, curr speed    0.455 kHz, avg speed   10.535 kHz), accepted   180001/  180001 events (100.00%)
Processed  4940000/ 5584888 entries (elapsed time   489.8s, curr speed    0.457 kHz, avg speed   10.085 kHz), accepted   190001/  190001 events (100.00%)
Processed  4950000/ 5584888 entries (elapsed time   511.4s, curr speed    0.464 kHz, avg speed    9.680 kHz), accepted   200001/  200001 events (100.00%)
Processed  4960000/ 5584888 entries (elapsed time   560.0s, curr speed    0.206 kHz, avg speed    8.857 kHz), accepted   210001/  210001 events (100.00%)
Processed  4970000/ 5584888 entries (elapsed time   581.2s, curr speed    0.471 kHz, avg speed    8.551 kHz), accepted   220001/  220001 events (100.00%)
Processed  4980000/ 5584888 entries (elapsed time   604.1s, curr speed    0.438 kHz, avg speed    8.244 kHz), accepted   230001/  230001 events (100.00%)
Processed  4990000/ 5584888 entries (elapsed time   627.8s, curr speed    0.420 kHz, avg speed    7.948 kHz), accepted   240001/  240001 events (100.00%)
Processed 250000 entries from MY_EOS_SPACE/heppyNtuples/TREES_TopDibosonsQCD_94X/TTTo2L2Nu_powheg_part7/treeProducerWMass/tree.root, selected 250000 entries
Done MY_EOS_SPACE/heppyNtuples/TREES_TopDibosonsQCD_94X/friends/tree_Friend_TTTo2L2Nu_powheg_part7.chunk19.root
