000 (323086.011.000) 05/11 15:54:57 Job submitted from host: <188.184.95.166:9618?addrs=188.184.95.166-9618+[2001-1458-201-e4--100-7a0]-9618&alias=tbird02.cern.ch&noUDP&sock=schedd_2138722_faad_3>
...
040 (323086.011.000) 05/11 15:56:31 Started transferring input files
	Transferring to host: <128.142.240.28:9618?addrs=128.142.240.28-9618+[2001-1458-301-f9--100-21]-9618&noUDP&sock=4173_0183_126031>
...
040 (323086.011.000) 05/11 15:56:31 Finished transferring input files
...
001 (323086.011.000) 05/11 15:56:32 Job executing on host: <128.142.240.28:9618?addrs=128.142.240.28-9618+[2001-1458-301-f9--100-21]-9618&noUDP&sock=2343_ae7c_3>
...
006 (323086.011.000) 05/11 15:56:40 Image size of job updated: 210752
	130  -  MemoryUsage of job (MB)
	132560  -  ResidentSetSize of job (KB)
...
006 (323086.011.000) 05/11 16:01:40 Image size of job updated: 488436
	476  -  MemoryUsage of job (MB)
	487020  -  ResidentSetSize of job (KB)
...
040 (323086.011.000) 05/11 16:05:56 Started transferring output files
...
040 (323086.011.000) 05/11 16:05:56 Finished transferring output files
...
005 (323086.011.000) 05/11 16:05:56 Job terminated.
	(1) Normal termination (return value 1)
		Usr 0 00:08:16, Sys 0 00:00:57  -  Run Remote Usage
		Usr 0 00:00:00, Sys 0 00:00:00  -  Run Local Usage
		Usr 0 00:08:16, Sys 0 00:00:57  -  Total Remote Usage
		Usr 0 00:00:00, Sys 0 00:00:00  -  Total Local Usage
	8556  -  Run Bytes Sent By Job
	10941  -  Run Bytes Received By Job
	8556  -  Total Bytes Sent By Job
	10941  -  Total Bytes Received By Job
	Partitionable Resources :    Usage  Request Allocated 
	   Cpus                 :                 1           
	   Disk (KB)            :       71        1   2199526 
	   Memory (MB)          :      476     2000      2000 
...
