000 (323082.007.000) 05/11 15:54:55 Job submitted from host: <188.184.95.166:9618?addrs=188.184.95.166-9618+[2001-1458-201-e4--100-7a0]-9618&alias=tbird02.cern.ch&noUDP&sock=schedd_2138722_faad_3>
...
040 (323082.007.000) 05/11 15:55:56 Started transferring input files
	Transferring to host: <137.138.51.250:9618?addrs=137.138.51.250-9618+[--1]-9618&noUDP&sock=2579_e382_1975>
...
040 (323082.007.000) 05/11 15:55:56 Finished transferring input files
...
001 (323082.007.000) 05/11 15:55:57 Job executing on host: <137.138.51.250:9618?addrs=137.138.51.250-9618+[--1]-9618&noUDP&sock=1460_045c_3>
...
006 (323082.007.000) 05/11 15:56:05 Image size of job updated: 195212
	115  -  MemoryUsage of job (MB)
	117492  -  ResidentSetSize of job (KB)
...
006 (323082.007.000) 05/11 16:01:05 Image size of job updated: 488092
	474  -  MemoryUsage of job (MB)
	485268  -  ResidentSetSize of job (KB)
...
040 (323082.007.000) 05/11 16:05:37 Started transferring output files
...
040 (323082.007.000) 05/11 16:05:37 Finished transferring output files
...
005 (323082.007.000) 05/11 16:05:37 Job terminated.
	(1) Normal termination (return value 1)
		Usr 0 00:08:12, Sys 0 00:01:03  -  Run Remote Usage
		Usr 0 00:00:00, Sys 0 00:00:00  -  Run Local Usage
		Usr 0 00:08:12, Sys 0 00:01:03  -  Total Remote Usage
		Usr 0 00:00:00, Sys 0 00:00:00  -  Total Local Usage
	13871  -  Run Bytes Sent By Job
	10941  -  Run Bytes Received By Job
	13871  -  Total Bytes Sent By Job
	10941  -  Total Bytes Received By Job
	Partitionable Resources :    Usage  Request Allocated 
	   Cpus                 :                 1           
	   Disk (KB)            :       73        1   2136887 
	   Memory (MB)          :      474     2000      2000 
...
