   TTTo2L2Nu_powheg_part3   MC  27 chunks


I have 1 taks to process
I'm using the following list of modules DEFAULT_MODULES
this is jobs [('TTTo2L2Nu_powheg_part3', 'MY_EOS_SPACE/heppyNtuples/TREES_TopDibosonsQCD_94X/TTTo2L2Nu_powheg_part3/treeProducerWMass/tree.root', 8407820.0, '_Friend_TTTo2L2Nu_powheg_part3.chunk21', False, xrange(5250000, 5500000), 21)]
Modules to run:  []   name =  puWeight
Loading puWeight from CMGTools.WMass.postprocessing.examples.puWeightProducer 
Running on dataset =  TTTo2L2Nu_powheg_part3
TFile: name=/afs/cern.ch/work/m/mciprian/w_mass_analysis/heppy/rel_slc7/CMSSW_9_4_12/src/CMGTools/WMass/python/postprocessing/data/pileup/mcPU_2016_W94XnoCutsWithGenWeights_nTrueInt.root, title=, option=READ
TFile: name=/afs/cern.ch/work/m/mciprian/w_mass_analysis/heppy/rel_slc7/CMSSW_9_4_12/src/CMGTools/WMass/python/postprocessing/data/pileup/PileupData_GoldenMuonJSON_Full2016.root, title=, option=READ
Load C++ Worker
Modules to run:  []   name =  muCalibratedWithStatVar
Loading muCalibratedWithStatVar from CMGTools.WMass.postprocessing.examples.lepVarProducer 
Running on dataset =  TTTo2L2Nu_powheg_part3
did not find EnergyScaleCorrection shared object, rebuilding
trying to load all the rochester correction libraries
did not find legacy data roccor. rebuilding...
done building legacy data roccor.
Modules to run:  []   name =  jetAllReCleaner
Loading jetAllReCleaner from CMGTools.WMass.postprocessing.examples.jetReCleaner 
Running on dataset =  TTTo2L2Nu_powheg_part3
Load C++ Worker
Modules to run:  []   name =  jetReCleaner
Loading jetReCleaner from CMGTools.WMass.postprocessing.examples.jetReCleaner 
Running on dataset =  TTTo2L2Nu_powheg_part3
Load C++ Worker
Modules to run:  []   name =  genQEDJets
Loading genQEDJets from CMGTools.WMass.postprocessing.examples.genFriendProducer 
Running on dataset =  TTTo2L2Nu_powheg_part3
Will write selected trees to MY_EOS_SPACE/heppyNtuples/TREES_TopDibosonsQCD_94X/friends/
Normalization of nTrueInt_Wnopt: 3.68902e+10
Normalization of pileup: 3.68902e+10
Weights for variable nTrueInt_Wnopt with a number of bins equal to 102:
1 0.3634 0.9215 1.196 0.96 1.118 1.157 0.9675 0.9293 0.9192 0.8823 0.9553 1.062 1.116 1.167 1.194 1.2 1.193 1.177 1.14 1.092 1.06 1.047 1.046 1.047 1.048 1.06 1.077 1.092 1.106 1.122 1.108 1.097 1.051 0.992 0.9144 0.8237 0.7175 0.6087 0.5019 0.4029 0.3076 0.2264 0.1622 0.1123 0.07656 0.05052 0.03159 0.01992 0.01212 0.007355 0.004361 0.002593 0.001553 0.0009624 0.0007219 0.0006632 0.0007233 0.0009289 0.001329 0.001772 0.003222 0.004042 0.00487 0.005064 0.005658 0.005309 0.004846 0.004101 0.003977 0.003686 0.003306 0.002672 0.002286 0.001878 0.00167 1 1 1 1 1 1 1 1 1 1 1 1 1 1 1 1 1 1 1 1 1 1 1 1 1 1 .
Final weights: 
1 0.3634 0.9215 1.196 0.96 1.118 1.157 0.9675 0.9293 0.9192 0.8823 0.9553 1.062 1.116 1.167 1.194 1.2 1.193 1.177 1.14 1.092 1.06 1.047 1.046 1.047 1.048 1.06 1.077 1.092 1.106 1.122 1.108 1.097 1.051 0.992 0.9144 0.8237 0.7175 0.6087 0.5019 0.4029 0.3076 0.2264 0.1622 0.1123 0.07656 0.05052 0.03159 0.01992 0.01212 0.007355 0.004361 0.002593 0.001553 0.0009624 0.0007219 0.0006632 0.0007233 0.0009289 0.001329 0.001772 0.003222 0.004042 0.00487 0.005064 0.005658 0.005309 0.004846 0.004101 0.003977 0.003686 0.003306 0.002672 0.002286 0.001878 0.00167 1 1 1 1 1 1 1 1 1 1 1 1 1 1 1 1 1 1 1 1 1 1 1 1 1 1 .
begin job of lepCalProducer
initializing all the rochester correction objects
initializing the egamma calibrator
Processed  5250000/ 6570803 entries (elapsed time     0.4s, curr speed   26.316 kHz, avg speed 13815.789 kHz), accepted        1/       1 events (100.00%)
Processed  5260000/ 6570803 entries (elapsed time    21.1s, curr speed    0.483 kHz, avg speed  249.644 kHz), accepted    10001/   10001 events (100.00%)
Processed  5270000/ 6570803 entries (elapsed time    42.5s, curr speed    0.468 kHz, avg speed  124.117 kHz), accepted    20001/   20001 events (100.00%)
Processed  5280000/ 6570803 entries (elapsed time    63.0s, curr speed    0.486 kHz, avg speed   83.783 kHz), accepted    30001/   30001 events (100.00%)
Processed  5290000/ 6570803 entries (elapsed time    84.7s, curr speed    0.462 kHz, avg speed   62.478 kHz), accepted    40001/   40001 events (100.00%)
Processed  5300000/ 6570803 entries (elapsed time   105.8s, curr speed    0.474 kHz, avg speed   50.104 kHz), accepted    50001/   50001 events (100.00%)
Processed  5310000/ 6570803 entries (elapsed time   124.0s, curr speed    0.549 kHz, avg speed   42.819 kHz), accepted    60001/   60001 events (100.00%)
Processed  5320000/ 6570803 entries (elapsed time   141.0s, curr speed    0.588 kHz, avg speed   37.725 kHz), accepted    70001/   70001 events (100.00%)
Processed  5330000/ 6570803 entries (elapsed time   158.0s, curr speed    0.588 kHz, avg speed   33.726 kHz), accepted    80001/   80001 events (100.00%)
Processed  5340000/ 6570803 entries (elapsed time   175.2s, curr speed    0.583 kHz, avg speed   30.481 kHz), accepted    90001/   90001 events (100.00%)
Processed  5350000/ 6570803 entries (elapsed time   192.1s, curr speed    0.590 kHz, avg speed   27.844 kHz), accepted   100001/  100001 events (100.00%)
Processed  5360000/ 6570803 entries (elapsed time   231.8s, curr speed    0.252 kHz, avg speed   23.126 kHz), accepted   110001/  110001 events (100.00%)
Processed  5370000/ 6570803 entries (elapsed time   248.8s, curr speed    0.589 kHz, avg speed   21.588 kHz), accepted   120001/  120001 events (100.00%)
Processed  5380000/ 6570803 entries (elapsed time   265.7s, curr speed    0.591 kHz, avg speed   20.250 kHz), accepted   130001/  130001 events (100.00%)
Processed  5390000/ 6570803 entries (elapsed time   283.0s, curr speed    0.578 kHz, avg speed   19.048 kHz), accepted   140001/  140001 events (100.00%)
Processed  5400000/ 6570803 entries (elapsed time   299.8s, curr speed    0.593 kHz, avg speed   18.010 kHz), accepted   150001/  150001 events (100.00%)
Processed  5410000/ 6570803 entries (elapsed time   338.2s, curr speed    0.261 kHz, avg speed   15.996 kHz), accepted   160001/  160001 events (100.00%)
Processed  5420000/ 6570803 entries (elapsed time   355.0s, curr speed    0.595 kHz, avg speed   15.267 kHz), accepted   170001/  170001 events (100.00%)
Processed  5430000/ 6570803 entries (elapsed time   372.1s, curr speed    0.584 kHz, avg speed   14.591 kHz), accepted   180001/  180001 events (100.00%)
Processed  5440000/ 6570803 entries (elapsed time   389.3s, curr speed    0.584 kHz, avg speed   13.975 kHz), accepted   190001/  190001 events (100.00%)
Processed  5450000/ 6570803 entries (elapsed time   406.2s, curr speed    0.589 kHz, avg speed   13.416 kHz), accepted   200001/  200001 events (100.00%)
Processed  5460000/ 6570803 entries (elapsed time   445.5s, curr speed    0.255 kHz, avg speed   12.256 kHz), accepted   210001/  210001 events (100.00%)
Processed  5470000/ 6570803 entries (elapsed time   462.4s, curr speed    0.592 kHz, avg speed   11.830 kHz), accepted   220001/  220001 events (100.00%)
Processed  5480000/ 6570803 entries (elapsed time   479.7s, curr speed    0.578 kHz, avg speed   11.424 kHz), accepted   230001/  230001 events (100.00%)
Processed  5490000/ 6570803 entries (elapsed time   496.7s, curr speed    0.588 kHz, avg speed   11.053 kHz), accepted   240001/  240001 events (100.00%)
Processed 250000 entries from MY_EOS_SPACE/heppyNtuples/TREES_TopDibosonsQCD_94X/TTTo2L2Nu_powheg_part3/treeProducerWMass/tree.root, selected 250000 entries
Done MY_EOS_SPACE/heppyNtuples/TREES_TopDibosonsQCD_94X/friends/tree_Friend_TTTo2L2Nu_powheg_part3.chunk21.root
