000 (323092.008.000) 05/11 15:55:01 Job submitted from host: <188.184.95.166:9618?addrs=188.184.95.166-9618+[2001-1458-201-e4--100-7a0]-9618&alias=tbird02.cern.ch&noUDP&sock=schedd_2138722_faad_3>
...
022 (323092.008.000) 05/11 15:58:04 Job disconnected, attempting to reconnect
    Socket between submit and execute hosts closed unexpectedly
    Trying to reconnect to slot1_1@b7g28n0393.cern.ch <188.184.186.38:9618?addrs=188.184.186.38-9618+[2001-1458-301-f8--100-6]-9618&noUDP&sock=2268_3ce2_3>
...
024 (323092.008.000) 05/11 15:58:04 Job reconnection failed
    Job not found at execution machine
    Can not reconnect to slot1_1@b7g28n0393.cern.ch, rescheduling job
...
040 (323092.008.000) 05/11 15:58:27 Started transferring input files
	Transferring to host: <188.184.133.219:9618?addrs=188.184.133.219-9618+[2001-1458-301-a0--100-50f]-9618&noUDP&sock=13589_6e02_104044>
...
040 (323092.008.000) 05/11 15:58:27 Finished transferring input files
...
001 (323092.008.000) 05/11 15:58:28 Job executing on host: <188.184.133.219:9618?addrs=188.184.133.219-9618+[2001-1458-301-a0--100-50f]-9618&noUDP&sock=13364_2bc0_3>
...
006 (323092.008.000) 05/11 15:58:37 Image size of job updated: 337236
	249  -  MemoryUsage of job (MB)
	254480  -  ResidentSetSize of job (KB)
...
006 (323092.008.000) 05/11 16:03:38 Image size of job updated: 508380
	497  -  MemoryUsage of job (MB)
	508028  -  ResidentSetSize of job (KB)
...
040 (323092.008.000) 05/11 16:07:17 Started transferring output files
...
040 (323092.008.000) 05/11 16:07:17 Finished transferring output files
...
005 (323092.008.000) 05/11 16:07:17 Job terminated.
	(1) Normal termination (return value 1)
		Usr 0 00:07:41, Sys 0 00:01:02  -  Run Remote Usage
		Usr 0 00:00:00, Sys 0 00:00:00  -  Run Local Usage
		Usr 0 00:07:41, Sys 0 00:01:02  -  Total Remote Usage
		Usr 0 00:00:00, Sys 0 00:00:00  -  Total Local Usage
	8619  -  Run Bytes Sent By Job
	10941  -  Run Bytes Received By Job
	8619  -  Total Bytes Sent By Job
	10941  -  Total Bytes Received By Job
	Partitionable Resources :    Usage  Request Allocated 
	   Cpus                 :                 1           
	   Disk (KB)            :       71        1   2177286 
	   Memory (MB)          :      497     2000      2000 
...
