   TTToSemilepton_powheg_part5   MC  24 chunks


I have 1 taks to process
I'm using the following list of modules DEFAULT_MODULES
this is jobs [('TTToSemilepton_powheg_part5', 'MY_EOS_SPACE/heppyNtuples/TREES_TopDibosonsQCD_94X/TTToSemilepton_powheg_part5/treeProducerWMass/tree.root', 10881792.0, '_Friend_TTToSemilepton_powheg_part5.chunk23', False, xrange(5750000, 5959749), 23)]
Modules to run:  []   name =  puWeight
Loading puWeight from CMGTools.WMass.postprocessing.examples.puWeightProducer 
Running on dataset =  TTToSemilepton_powheg_part5
TFile: name=/afs/cern.ch/work/m/mciprian/w_mass_analysis/heppy/rel_slc7/CMSSW_9_4_12/src/CMGTools/WMass/python/postprocessing/data/pileup/mcPU_2016_W94XnoCutsWithGenWeights_nTrueInt.root, title=, option=READ
TFile: name=/afs/cern.ch/work/m/mciprian/w_mass_analysis/heppy/rel_slc7/CMSSW_9_4_12/src/CMGTools/WMass/python/postprocessing/data/pileup/PileupData_GoldenMuonJSON_Full2016.root, title=, option=READ
Load C++ Worker
Modules to run:  []   name =  muCalibratedWithStatVar
Loading muCalibratedWithStatVar from CMGTools.WMass.postprocessing.examples.lepVarProducer 
Running on dataset =  TTToSemilepton_powheg_part5
did not find EnergyScaleCorrection shared object, rebuilding
trying to load all the rochester correction libraries
did not find legacy data roccor. rebuilding...
done building legacy data roccor.
Modules to run:  []   name =  jetAllReCleaner
Loading jetAllReCleaner from CMGTools.WMass.postprocessing.examples.jetReCleaner 
Running on dataset =  TTToSemilepton_powheg_part5
Load C++ Worker
Modules to run:  []   name =  jetReCleaner
Loading jetReCleaner from CMGTools.WMass.postprocessing.examples.jetReCleaner 
Running on dataset =  TTToSemilepton_powheg_part5
Load C++ Worker
Modules to run:  []   name =  genQEDJets
Loading genQEDJets from CMGTools.WMass.postprocessing.examples.genFriendProducer 
Running on dataset =  TTToSemilepton_powheg_part5
Will write selected trees to MY_EOS_SPACE/heppyNtuples/TREES_TopDibosonsQCD_94X/friends/
Normalization of nTrueInt_Wnopt: 3.68902e+10
Normalization of pileup: 3.68902e+10
Weights for variable nTrueInt_Wnopt with a number of bins equal to 102:
1 0.3634 0.9215 1.196 0.96 1.118 1.157 0.9675 0.9293 0.9192 0.8823 0.9553 1.062 1.116 1.167 1.194 1.2 1.193 1.177 1.14 1.092 1.06 1.047 1.046 1.047 1.048 1.06 1.077 1.092 1.106 1.122 1.108 1.097 1.051 0.992 0.9144 0.8237 0.7175 0.6087 0.5019 0.4029 0.3076 0.2264 0.1622 0.1123 0.07656 0.05052 0.03159 0.01992 0.01212 0.007355 0.004361 0.002593 0.001553 0.0009624 0.0007219 0.0006632 0.0007233 0.0009289 0.001329 0.001772 0.003222 0.004042 0.00487 0.005064 0.005658 0.005309 0.004846 0.004101 0.003977 0.003686 0.003306 0.002672 0.002286 0.001878 0.00167 1 1 1 1 1 1 1 1 1 1 1 1 1 1 1 1 1 1 1 1 1 1 1 1 1 1 .
Final weights: 
1 0.3634 0.9215 1.196 0.96 1.118 1.157 0.9675 0.9293 0.9192 0.8823 0.9553 1.062 1.116 1.167 1.194 1.2 1.193 1.177 1.14 1.092 1.06 1.047 1.046 1.047 1.048 1.06 1.077 1.092 1.106 1.122 1.108 1.097 1.051 0.992 0.9144 0.8237 0.7175 0.6087 0.5019 0.4029 0.3076 0.2264 0.1622 0.1123 0.07656 0.05052 0.03159 0.01992 0.01212 0.007355 0.004361 0.002593 0.001553 0.0009624 0.0007219 0.0006632 0.0007233 0.0009289 0.001329 0.001772 0.003222 0.004042 0.00487 0.005064 0.005658 0.005309 0.004846 0.004101 0.003977 0.003686 0.003306 0.002672 0.002286 0.001878 0.00167 1 1 1 1 1 1 1 1 1 1 1 1 1 1 1 1 1 1 1 1 1 1 1 1 1 1 .
begin job of lepCalProducer
initializing all the rochester correction objects
initializing the egamma calibrator
Processed  5750000/ 5959749 entries (elapsed time     0.4s, curr speed   25.000 kHz, avg speed 14375.000 kHz), accepted        1/       1 events (100.00%)
Processed  5760000/ 5959749 entries (elapsed time    22.7s, curr speed    0.448 kHz, avg speed  253.744 kHz), accepted    10001/   10001 events (100.00%)
Processed  5770000/ 5959749 entries (elapsed time    43.4s, curr speed    0.483 kHz, avg speed  132.949 kHz), accepted    20001/   20001 events (100.00%)
Processed  5780000/ 5959749 entries (elapsed time    64.0s, curr speed    0.485 kHz, avg speed   90.270 kHz), accepted    30001/   30001 events (100.00%)
Processed  5790000/ 5959749 entries (elapsed time    84.6s, curr speed    0.485 kHz, avg speed   68.415 kHz), accepted    40001/   40001 events (100.00%)
Processed  5800000/ 5959749 entries (elapsed time   105.1s, curr speed    0.488 kHz, avg speed   55.165 kHz), accepted    50001/   50001 events (100.00%)
Processed  5810000/ 5959749 entries (elapsed time   126.6s, curr speed    0.466 kHz, avg speed   45.900 kHz), accepted    60001/   60001 events (100.00%)
Processed  5820000/ 5959749 entries (elapsed time   145.4s, curr speed    0.531 kHz, avg speed   40.022 kHz), accepted    70001/   70001 events (100.00%)
Processed  5830000/ 5959749 entries (elapsed time   164.3s, curr speed    0.531 kHz, avg speed   35.490 kHz), accepted    80001/   80001 events (100.00%)
Processed  5840000/ 5959749 entries (elapsed time   182.2s, curr speed    0.556 kHz, avg speed   32.044 kHz), accepted    90001/   90001 events (100.00%)
Processed  5850000/ 5959749 entries (elapsed time   199.9s, curr speed    0.567 kHz, avg speed   29.265 kHz), accepted   100001/  100001 events (100.00%)
Processed  5860000/ 5959749 entries (elapsed time   218.0s, curr speed    0.552 kHz, avg speed   26.877 kHz), accepted   110001/  110001 events (100.00%)
Processed  5870000/ 5959749 entries (elapsed time   256.6s, curr speed    0.259 kHz, avg speed   22.878 kHz), accepted   120001/  120001 events (100.00%)
Processed  5880000/ 5959749 entries (elapsed time   274.6s, curr speed    0.555 kHz, avg speed   21.412 kHz), accepted   130001/  130001 events (100.00%)
Processed  5890000/ 5959749 entries (elapsed time   292.2s, curr speed    0.567 kHz, avg speed   20.154 kHz), accepted   140001/  140001 events (100.00%)
Processed  5900000/ 5959749 entries (elapsed time   309.9s, curr speed    0.568 kHz, avg speed   19.040 kHz), accepted   150001/  150001 events (100.00%)
Processed  5910000/ 5959749 entries (elapsed time   327.4s, curr speed    0.571 kHz, avg speed   18.052 kHz), accepted   160001/  160001 events (100.00%)
Processed  5920000/ 5959749 entries (elapsed time   343.4s, curr speed    0.626 kHz, avg speed   17.241 kHz), accepted   170001/  170001 events (100.00%)
Processed  5930000/ 5959749 entries (elapsed time   378.2s, curr speed    0.287 kHz, avg speed   15.680 kHz), accepted   180001/  180001 events (100.00%)
Processed  5940000/ 5959749 entries (elapsed time   394.0s, curr speed    0.634 kHz, avg speed   15.077 kHz), accepted   190001/  190001 events (100.00%)
Processed  5950000/ 5959749 entries (elapsed time   409.8s, curr speed    0.633 kHz, avg speed   14.521 kHz), accepted   200001/  200001 events (100.00%)
Processed 209749 entries from MY_EOS_SPACE/heppyNtuples/TREES_TopDibosonsQCD_94X/TTToSemilepton_powheg_part5/treeProducerWMass/tree.root, selected 209749 entries
Done MY_EOS_SPACE/heppyNtuples/TREES_TopDibosonsQCD_94X/friends/tree_Friend_TTToSemilepton_powheg_part5.chunk23.root
