000 (323084.018.000) 05/11 15:54:56 Job submitted from host: <188.184.95.166:9618?addrs=188.184.95.166-9618+[2001-1458-201-e4--100-7a0]-9618&alias=tbird02.cern.ch&noUDP&sock=schedd_2138722_faad_3>
...
040 (323084.018.000) 05/11 15:56:16 Started transferring input files
	Transferring to host: <128.142.33.182:9618?addrs=128.142.33.182-9618+[2001-1458-301-117--100-304]-9618&noUDP&sock=13469_e0fd_102378>
...
040 (323084.018.000) 05/11 15:56:16 Finished transferring input files
...
001 (323084.018.000) 05/11 15:56:17 Job executing on host: <128.142.33.182:9618?addrs=128.142.33.182-9618+[2001-1458-301-117--100-304]-9618&noUDP&sock=13369_99b9_3>
...
006 (323084.018.000) 05/11 15:56:25 Image size of job updated: 226160
	145  -  MemoryUsage of job (MB)
	147620  -  ResidentSetSize of job (KB)
...
006 (323084.018.000) 05/11 16:01:25 Image size of job updated: 570192
	474  -  MemoryUsage of job (MB)
	484436  -  ResidentSetSize of job (KB)
...
040 (323084.018.000) 05/11 16:05:33 Started transferring output files
...
040 (323084.018.000) 05/11 16:05:33 Finished transferring output files
...
005 (323084.018.000) 05/11 16:05:33 Job terminated.
	(1) Normal termination (return value 1)
		Usr 0 00:08:09, Sys 0 00:00:55  -  Run Remote Usage
		Usr 0 00:00:00, Sys 0 00:00:00  -  Run Local Usage
		Usr 0 00:08:09, Sys 0 00:00:55  -  Total Remote Usage
		Usr 0 00:00:00, Sys 0 00:00:00  -  Total Local Usage
	8556  -  Run Bytes Sent By Job
	10941  -  Run Bytes Received By Job
	8556  -  Total Bytes Sent By Job
	10941  -  Total Bytes Received By Job
	Partitionable Resources :    Usage  Request Allocated 
	   Cpus                 :                 1           
	   Disk (KB)            :       71        1   2219277 
	   Memory (MB)          :      474     2000      2000 
...
