000 (323092.000.000) 05/11 15:55:01 Job submitted from host: <188.184.95.166:9618?addrs=188.184.95.166-9618+[2001-1458-201-e4--100-7a0]-9618&alias=tbird02.cern.ch&noUDP&sock=schedd_2138722_faad_3>
...
040 (323092.000.000) 05/11 15:58:03 Started transferring input files
	Transferring to host: <128.142.240.39:9618?addrs=128.142.240.39-9618+[2001-1458-301-f9--100-2f]-9618&noUDP&sock=4196_3624_126169>
...
040 (323092.000.000) 05/11 15:58:03 Finished transferring input files
...
001 (323092.000.000) 05/11 15:58:04 Job executing on host: <128.142.240.39:9618?addrs=128.142.240.39-9618+[2001-1458-301-f9--100-2f]-9618&noUDP&sock=2337_90eb_3>
...
006 (323092.000.000) 05/11 15:58:12 Image size of job updated: 314440
	226  -  MemoryUsage of job (MB)
	230596  -  ResidentSetSize of job (KB)
...
006 (323092.000.000) 05/11 16:03:12 Image size of job updated: 592564
	497  -  MemoryUsage of job (MB)
	508648  -  ResidentSetSize of job (KB)
...
040 (323092.000.000) 05/11 16:07:16 Started transferring output files
...
040 (323092.000.000) 05/11 16:07:16 Finished transferring output files
...
005 (323092.000.000) 05/11 16:07:16 Job terminated.
	(1) Normal termination (return value 1)
		Usr 0 00:08:06, Sys 0 00:00:59  -  Run Remote Usage
		Usr 0 00:00:00, Sys 0 00:00:00  -  Run Local Usage
		Usr 0 00:08:06, Sys 0 00:00:59  -  Total Remote Usage
		Usr 0 00:00:00, Sys 0 00:00:00  -  Total Local Usage
	8455  -  Run Bytes Sent By Job
	10941  -  Run Bytes Received By Job
	8455  -  Total Bytes Sent By Job
	10941  -  Total Bytes Received By Job
	Partitionable Resources :    Usage  Request Allocated 
	   Cpus                 :                 1           
	   Disk (KB)            :       70        1   2125427 
	   Memory (MB)          :      497     2000      2000 
...
