   TTTo2L2Nu_powheg_part7   MC  23 chunks


I have 1 taks to process
I'm using the following list of modules DEFAULT_MODULES
this is jobs [('TTTo2L2Nu_powheg_part7', 'MY_EOS_SPACE/heppyNtuples/TREES_TopDibosonsQCD_94X/TTTo2L2Nu_powheg_part7/treeProducerWMass/tree.root', 7144600.0, '_Friend_TTTo2L2Nu_powheg_part7.chunk17', False, xrange(4250000, 4500000), 17)]
Modules to run:  []   name =  puWeight
Loading puWeight from CMGTools.WMass.postprocessing.examples.puWeightProducer 
Running on dataset =  TTTo2L2Nu_powheg_part7
TFile: name=/afs/cern.ch/work/m/mciprian/w_mass_analysis/heppy/rel_slc7/CMSSW_9_4_12/src/CMGTools/WMass/python/postprocessing/data/pileup/mcPU_2016_W94XnoCutsWithGenWeights_nTrueInt.root, title=, option=READ
TFile: name=/afs/cern.ch/work/m/mciprian/w_mass_analysis/heppy/rel_slc7/CMSSW_9_4_12/src/CMGTools/WMass/python/postprocessing/data/pileup/PileupData_GoldenMuonJSON_Full2016.root, title=, option=READ
Load C++ Worker
Modules to run:  []   name =  muCalibratedWithStatVar
Loading muCalibratedWithStatVar from CMGTools.WMass.postprocessing.examples.lepVarProducer 
Running on dataset =  TTTo2L2Nu_powheg_part7
did not find EnergyScaleCorrection shared object, rebuilding
trying to load all the rochester correction libraries
did not find legacy data roccor. rebuilding...
done building legacy data roccor.
Modules to run:  []   name =  jetAllReCleaner
Loading jetAllReCleaner from CMGTools.WMass.postprocessing.examples.jetReCleaner 
Running on dataset =  TTTo2L2Nu_powheg_part7
Load C++ Worker
Modules to run:  []   name =  jetReCleaner
Loading jetReCleaner from CMGTools.WMass.postprocessing.examples.jetReCleaner 
Running on dataset =  TTTo2L2Nu_powheg_part7
Load C++ Worker
Modules to run:  []   name =  genQEDJets
Loading genQEDJets from CMGTools.WMass.postprocessing.examples.genFriendProducer 
Running on dataset =  TTTo2L2Nu_powheg_part7
Will write selected trees to MY_EOS_SPACE/heppyNtuples/TREES_TopDibosonsQCD_94X/friends/
Normalization of nTrueInt_Wnopt: 3.68902e+10
Normalization of pileup: 3.68902e+10
Weights for variable nTrueInt_Wnopt with a number of bins equal to 102:
1 0.3634 0.9215 1.196 0.96 1.118 1.157 0.9675 0.9293 0.9192 0.8823 0.9553 1.062 1.116 1.167 1.194 1.2 1.193 1.177 1.14 1.092 1.06 1.047 1.046 1.047 1.048 1.06 1.077 1.092 1.106 1.122 1.108 1.097 1.051 0.992 0.9144 0.8237 0.7175 0.6087 0.5019 0.4029 0.3076 0.2264 0.1622 0.1123 0.07656 0.05052 0.03159 0.01992 0.01212 0.007355 0.004361 0.002593 0.001553 0.0009624 0.0007219 0.0006632 0.0007233 0.0009289 0.001329 0.001772 0.003222 0.004042 0.00487 0.005064 0.005658 0.005309 0.004846 0.004101 0.003977 0.003686 0.003306 0.002672 0.002286 0.001878 0.00167 1 1 1 1 1 1 1 1 1 1 1 1 1 1 1 1 1 1 1 1 1 1 1 1 1 1 .
Final weights: 
1 0.3634 0.9215 1.196 0.96 1.118 1.157 0.9675 0.9293 0.9192 0.8823 0.9553 1.062 1.116 1.167 1.194 1.2 1.193 1.177 1.14 1.092 1.06 1.047 1.046 1.047 1.048 1.06 1.077 1.092 1.106 1.122 1.108 1.097 1.051 0.992 0.9144 0.8237 0.7175 0.6087 0.5019 0.4029 0.3076 0.2264 0.1622 0.1123 0.07656 0.05052 0.03159 0.01992 0.01212 0.007355 0.004361 0.002593 0.001553 0.0009624 0.0007219 0.0006632 0.0007233 0.0009289 0.001329 0.001772 0.003222 0.004042 0.00487 0.005064 0.005658 0.005309 0.004846 0.004101 0.003977 0.003686 0.003306 0.002672 0.002286 0.001878 0.00167 1 1 1 1 1 1 1 1 1 1 1 1 1 1 1 1 1 1 1 1 1 1 1 1 1 1 .
begin job of lepCalProducer
initializing all the rochester correction objects
initializing the egamma calibrator
Processed  4250000/ 5584888 entries (elapsed time     0.4s, curr speed   26.316 kHz, avg speed 11184.211 kHz), accepted        1/       1 events (100.00%)
Processed  4260000/ 5584888 entries (elapsed time    23.5s, curr speed    0.432 kHz, avg speed  181.045 kHz), accepted    10001/   10001 events (100.00%)
Processed  4270000/ 5584888 entries (elapsed time    48.4s, curr speed    0.402 kHz, avg speed   88.260 kHz), accepted    20001/   20001 events (100.00%)
Processed  4280000/ 5584888 entries (elapsed time    77.5s, curr speed    0.344 kHz, avg speed   55.247 kHz), accepted    30001/   30001 events (100.00%)
Processed  4290000/ 5584888 entries (elapsed time   107.0s, curr speed    0.339 kHz, avg speed   40.105 kHz), accepted    40001/   40001 events (100.00%)
Processed  4300000/ 5584888 entries (elapsed time   136.0s, curr speed    0.344 kHz, avg speed   31.611 kHz), accepted    50001/   50001 events (100.00%)
Processed  4310000/ 5584888 entries (elapsed time   161.2s, curr speed    0.397 kHz, avg speed   26.730 kHz), accepted    60001/   60001 events (100.00%)
Processed  4320000/ 5584888 entries (elapsed time   185.2s, curr speed    0.418 kHz, avg speed   23.331 kHz), accepted    70001/   70001 events (100.00%)
Processed  4330000/ 5584888 entries (elapsed time   210.4s, curr speed    0.396 kHz, avg speed   20.581 kHz), accepted    80001/   80001 events (100.00%)
Processed  4340000/ 5584888 entries (elapsed time   234.5s, curr speed    0.415 kHz, avg speed   18.507 kHz), accepted    90001/   90001 events (100.00%)
Processed  4350000/ 5584888 entries (elapsed time   259.5s, curr speed    0.400 kHz, avg speed   16.764 kHz), accepted   100001/  100001 events (100.00%)
Processed  4360000/ 5584888 entries (elapsed time   309.8s, curr speed    0.199 kHz, avg speed   14.073 kHz), accepted   110001/  110001 events (100.00%)
Processed  4370000/ 5584888 entries (elapsed time   333.3s, curr speed    0.426 kHz, avg speed   13.111 kHz), accepted   120001/  120001 events (100.00%)
Processed  4380000/ 5584888 entries (elapsed time   357.7s, curr speed    0.410 kHz, avg speed   12.245 kHz), accepted   130001/  130001 events (100.00%)
Processed  4390000/ 5584888 entries (elapsed time   382.0s, curr speed    0.412 kHz, avg speed   11.492 kHz), accepted   140001/  140001 events (100.00%)
Processed  4400000/ 5584888 entries (elapsed time   405.5s, curr speed    0.426 kHz, avg speed   10.852 kHz), accepted   150001/  150001 events (100.00%)
Processed  4410000/ 5584888 entries (elapsed time   458.3s, curr speed    0.189 kHz, avg speed    9.622 kHz), accepted   160001/  160001 events (100.00%)
Processed  4420000/ 5584888 entries (elapsed time   486.2s, curr speed    0.359 kHz, avg speed    9.091 kHz), accepted   170001/  170001 events (100.00%)
Processed  4430000/ 5584888 entries (elapsed time   513.7s, curr speed    0.364 kHz, avg speed    8.625 kHz), accepted   180001/  180001 events (100.00%)
Processed  4440000/ 5584888 entries (elapsed time   542.9s, curr speed    0.341 kHz, avg speed    8.178 kHz), accepted   190001/  190001 events (100.00%)
Processed  4450000/ 5584888 entries (elapsed time   570.0s, curr speed    0.369 kHz, avg speed    7.807 kHz), accepted   200001/  200001 events (100.00%)
Processed  4460000/ 5584888 entries (elapsed time   628.1s, curr speed    0.172 kHz, avg speed    7.101 kHz), accepted   210001/  210001 events (100.00%)
Processed  4470000/ 5584888 entries (elapsed time   654.9s, curr speed    0.372 kHz, avg speed    6.825 kHz), accepted   220001/  220001 events (100.00%)
Processed  4480000/ 5584888 entries (elapsed time   682.8s, curr speed    0.359 kHz, avg speed    6.562 kHz), accepted   230001/  230001 events (100.00%)
Processed  4490000/ 5584888 entries (elapsed time   710.5s, curr speed    0.360 kHz, avg speed    6.319 kHz), accepted   240001/  240001 events (100.00%)
Processed 250000 entries from MY_EOS_SPACE/heppyNtuples/TREES_TopDibosonsQCD_94X/TTTo2L2Nu_powheg_part7/treeProducerWMass/tree.root, selected 250000 entries
Done MY_EOS_SPACE/heppyNtuples/TREES_TopDibosonsQCD_94X/friends/tree_Friend_TTTo2L2Nu_powheg_part7.chunk17.root
