000 (323098.015.000) 05/11 15:55:05 Job submitted from host: <188.184.95.166:9618?addrs=188.184.95.166-9618+[2001-1458-201-e4--100-7a0]-9618&alias=tbird02.cern.ch&noUDP&sock=schedd_2138722_faad_3>
...
040 (323098.015.000) 05/11 16:04:11 Started transferring input files
	Transferring to host: <128.142.33.145:9618?addrs=128.142.33.145-9618+[2001-1458-301-117--100-4f]-9618&noUDP&sock=13007_5baa_103491>
...
040 (323098.015.000) 05/11 16:04:11 Finished transferring input files
...
001 (323098.015.000) 05/11 16:04:12 Job executing on host: <128.142.33.145:9618?addrs=128.142.33.145-9618+[2001-1458-301-117--100-4f]-9618&noUDP&sock=12799_a0be_3>
...
006 (323098.015.000) 05/11 16:04:20 Image size of job updated: 315560
	225  -  MemoryUsage of job (MB)
	230008  -  ResidentSetSize of job (KB)
...
006 (323098.015.000) 05/11 16:09:20 Image size of job updated: 594352
	497  -  MemoryUsage of job (MB)
	508632  -  ResidentSetSize of job (KB)
...
040 (323098.015.000) 05/11 16:12:44 Started transferring output files
...
040 (323098.015.000) 05/11 16:12:44 Finished transferring output files
...
005 (323098.015.000) 05/11 16:12:44 Job terminated.
	(1) Normal termination (return value 1)
		Usr 0 00:07:26, Sys 0 00:00:59  -  Run Remote Usage
		Usr 0 00:00:00, Sys 0 00:00:00  -  Run Local Usage
		Usr 0 00:07:26, Sys 0 00:00:59  -  Total Remote Usage
		Usr 0 00:00:00, Sys 0 00:00:00  -  Total Local Usage
	8612  -  Run Bytes Sent By Job
	10941  -  Run Bytes Received By Job
	8612  -  Total Bytes Sent By Job
	10941  -  Total Bytes Received By Job
	Partitionable Resources :    Usage  Request Allocated 
	   Cpus                 :                 1           
	   Disk (KB)            :       72        1   2153559 
	   Memory (MB)          :      497     2000      2000 
...
