000 (323085.025.000) 05/11 15:54:57 Job submitted from host: <188.184.95.166:9618?addrs=188.184.95.166-9618+[2001-1458-201-e4--100-7a0]-9618&alias=tbird02.cern.ch&noUDP&sock=schedd_2138722_faad_3>
...
040 (323085.025.000) 05/11 15:56:27 Started transferring input files
	Transferring to host: <188.184.132.10:9618?addrs=188.184.132.10-9618+[2001-1458-301-a0--100-3]-9618&noUDP&sock=29090_4958_66>
...
040 (323085.025.000) 05/11 15:56:27 Finished transferring input files
...
001 (323085.025.000) 05/11 15:56:28 Job executing on host: <188.184.132.10:9618?addrs=188.184.132.10-9618+[2001-1458-301-a0--100-3]-9618&noUDP&sock=2362_b6c9_3>
...
006 (323085.025.000) 05/11 15:56:36 Image size of job updated: 243428
	161  -  MemoryUsage of job (MB)
	164516  -  ResidentSetSize of job (KB)
...
006 (323085.025.000) 05/11 16:01:36 Image size of job updated: 485740
	475  -  MemoryUsage of job (MB)
	485684  -  ResidentSetSize of job (KB)
...
006 (323085.025.000) 05/11 16:06:36 Image size of job updated: 485852
	475  -  MemoryUsage of job (MB)
	485796  -  ResidentSetSize of job (KB)
...
006 (323085.025.000) 05/11 16:08:39 Image size of job updated: 488440
	475  -  MemoryUsage of job (MB)
	485796  -  ResidentSetSize of job (KB)
...
040 (323085.025.000) 05/11 16:08:39 Started transferring output files
...
040 (323085.025.000) 05/11 16:08:39 Finished transferring output files
...
005 (323085.025.000) 05/11 16:08:39 Job terminated.
	(1) Normal termination (return value 1)
		Usr 0 00:10:24, Sys 0 00:01:10  -  Run Remote Usage
		Usr 0 00:00:00, Sys 0 00:00:00  -  Run Local Usage
		Usr 0 00:10:24, Sys 0 00:01:10  -  Total Remote Usage
		Usr 0 00:00:00, Sys 0 00:00:00  -  Total Local Usage
	8556  -  Run Bytes Sent By Job
	10941  -  Run Bytes Received By Job
	8556  -  Total Bytes Sent By Job
	10941  -  Total Bytes Received By Job
	Partitionable Resources :    Usage  Request Allocated 
	   Cpus                 :     1.00        1         1 
	   Disk (KB)            :    78           1    222445 
	   Memory (MB)          :   475        2000      2000 
...
