   TTToSemilepton_powheg_part5   MC  24 chunks


I have 1 taks to process
I'm using the following list of modules DEFAULT_MODULES
this is jobs [('TTToSemilepton_powheg_part5', 'MY_EOS_SPACE/heppyNtuples/TREES_TopDibosonsQCD_94X/TTToSemilepton_powheg_part5/treeProducerWMass/tree.root', 10881792.0, '_Friend_TTToSemilepton_powheg_part5.chunk9', False, xrange(2250000, 2500000), 9)]
Modules to run:  []   name =  puWeight
Loading puWeight from CMGTools.WMass.postprocessing.examples.puWeightProducer 
Running on dataset =  TTToSemilepton_powheg_part5
TFile: name=/afs/cern.ch/work/m/mciprian/w_mass_analysis/heppy/rel_slc7/CMSSW_9_4_12/src/CMGTools/WMass/python/postprocessing/data/pileup/mcPU_2016_W94XnoCutsWithGenWeights_nTrueInt.root, title=, option=READ
TFile: name=/afs/cern.ch/work/m/mciprian/w_mass_analysis/heppy/rel_slc7/CMSSW_9_4_12/src/CMGTools/WMass/python/postprocessing/data/pileup/PileupData_GoldenMuonJSON_Full2016.root, title=, option=READ
Load C++ Worker
Modules to run:  []   name =  muCalibratedWithStatVar
Loading muCalibratedWithStatVar from CMGTools.WMass.postprocessing.examples.lepVarProducer 
Running on dataset =  TTToSemilepton_powheg_part5
did not find EnergyScaleCorrection shared object, rebuilding
trying to load all the rochester correction libraries
did not find legacy data roccor. rebuilding...
done building legacy data roccor.
Modules to run:  []   name =  jetAllReCleaner
Loading jetAllReCleaner from CMGTools.WMass.postprocessing.examples.jetReCleaner 
Running on dataset =  TTToSemilepton_powheg_part5
Load C++ Worker
Modules to run:  []   name =  jetReCleaner
Loading jetReCleaner from CMGTools.WMass.postprocessing.examples.jetReCleaner 
Running on dataset =  TTToSemilepton_powheg_part5
Load C++ Worker
Modules to run:  []   name =  genQEDJets
Loading genQEDJets from CMGTools.WMass.postprocessing.examples.genFriendProducer 
Running on dataset =  TTToSemilepton_powheg_part5
Will write selected trees to MY_EOS_SPACE/heppyNtuples/TREES_TopDibosonsQCD_94X/friends/
Normalization of nTrueInt_Wnopt: 3.68902e+10
Normalization of pileup: 3.68902e+10
Weights for variable nTrueInt_Wnopt with a number of bins equal to 102:
1 0.3634 0.9215 1.196 0.96 1.118 1.157 0.9675 0.9293 0.9192 0.8823 0.9553 1.062 1.116 1.167 1.194 1.2 1.193 1.177 1.14 1.092 1.06 1.047 1.046 1.047 1.048 1.06 1.077 1.092 1.106 1.122 1.108 1.097 1.051 0.992 0.9144 0.8237 0.7175 0.6087 0.5019 0.4029 0.3076 0.2264 0.1622 0.1123 0.07656 0.05052 0.03159 0.01992 0.01212 0.007355 0.004361 0.002593 0.001553 0.0009624 0.0007219 0.0006632 0.0007233 0.0009289 0.001329 0.001772 0.003222 0.004042 0.00487 0.005064 0.005658 0.005309 0.004846 0.004101 0.003977 0.003686 0.003306 0.002672 0.002286 0.001878 0.00167 1 1 1 1 1 1 1 1 1 1 1 1 1 1 1 1 1 1 1 1 1 1 1 1 1 1 .
Final weights: 
1 0.3634 0.9215 1.196 0.96 1.118 1.157 0.9675 0.9293 0.9192 0.8823 0.9553 1.062 1.116 1.167 1.194 1.2 1.193 1.177 1.14 1.092 1.06 1.047 1.046 1.047 1.048 1.06 1.077 1.092 1.106 1.122 1.108 1.097 1.051 0.992 0.9144 0.8237 0.7175 0.6087 0.5019 0.4029 0.3076 0.2264 0.1622 0.1123 0.07656 0.05052 0.03159 0.01992 0.01212 0.007355 0.004361 0.002593 0.001553 0.0009624 0.0007219 0.0006632 0.0007233 0.0009289 0.001329 0.001772 0.003222 0.004042 0.00487 0.005064 0.005658 0.005309 0.004846 0.004101 0.003977 0.003686 0.003306 0.002672 0.002286 0.001878 0.00167 1 1 1 1 1 1 1 1 1 1 1 1 1 1 1 1 1 1 1 1 1 1 1 1 1 1 .
begin job of lepCalProducer
initializing all the rochester correction objects
initializing the egamma calibrator
Processed  2250000/ 5959749 entries (elapsed time     0.4s, curr speed   27.778 kHz, avg speed 6250.000 kHz), accepted        1/       1 events (100.00%)
Processed  2260000/ 5959749 entries (elapsed time    22.3s, curr speed    0.456 kHz, avg speed  101.436 kHz), accepted    10001/   10001 events (100.00%)
Processed  2270000/ 5959749 entries (elapsed time    44.8s, curr speed    0.444 kHz, avg speed   50.658 kHz), accepted    20001/   20001 events (100.00%)
Processed  2280000/ 5959749 entries (elapsed time    67.1s, curr speed    0.449 kHz, avg speed   33.999 kHz), accepted    30001/   30001 events (100.00%)
Processed  2290000/ 5959749 entries (elapsed time    89.7s, curr speed    0.443 kHz, avg speed   25.544 kHz), accepted    40001/   40001 events (100.00%)
Processed  2300000/ 5959749 entries (elapsed time   112.0s, curr speed    0.447 kHz, avg speed   20.534 kHz), accepted    50001/   50001 events (100.00%)
Processed  2310000/ 5959749 entries (elapsed time   134.5s, curr speed    0.445 kHz, avg speed   17.177 kHz), accepted    60001/   60001 events (100.00%)
Processed  2320000/ 5959749 entries (elapsed time   153.1s, curr speed    0.536 kHz, avg speed   15.150 kHz), accepted    70001/   70001 events (100.00%)
Processed  2330000/ 5959749 entries (elapsed time   172.1s, curr speed    0.528 kHz, avg speed   13.539 kHz), accepted    80001/   80001 events (100.00%)
Processed  2340000/ 5959749 entries (elapsed time   190.7s, curr speed    0.537 kHz, avg speed   12.269 kHz), accepted    90001/   90001 events (100.00%)
Processed  2350000/ 5959749 entries (elapsed time   210.0s, curr speed    0.517 kHz, avg speed   11.188 kHz), accepted   100001/  100001 events (100.00%)
Processed  2360000/ 5959749 entries (elapsed time   228.6s, curr speed    0.539 kHz, avg speed   10.324 kHz), accepted   110001/  110001 events (100.00%)
Processed  2370000/ 5959749 entries (elapsed time   269.5s, curr speed    0.245 kHz, avg speed    8.795 kHz), accepted   120001/  120001 events (100.00%)
Processed  2380000/ 5959749 entries (elapsed time   287.9s, curr speed    0.542 kHz, avg speed    8.266 kHz), accepted   130001/  130001 events (100.00%)
Processed  2390000/ 5959749 entries (elapsed time   306.9s, curr speed    0.528 kHz, avg speed    7.789 kHz), accepted   140001/  140001 events (100.00%)
Processed  2400000/ 5959749 entries (elapsed time   325.3s, curr speed    0.543 kHz, avg speed    7.378 kHz), accepted   150001/  150001 events (100.00%)
Processed  2410000/ 5959749 entries (elapsed time   343.6s, curr speed    0.544 kHz, avg speed    7.013 kHz), accepted   160001/  160001 events (100.00%)
Processed  2420000/ 5959749 entries (elapsed time   362.4s, curr speed    0.533 kHz, avg speed    6.677 kHz), accepted   170001/  170001 events (100.00%)
Processed  2430000/ 5959749 entries (elapsed time   403.7s, curr speed    0.242 kHz, avg speed    6.019 kHz), accepted   180001/  180001 events (100.00%)
Processed  2440000/ 5959749 entries (elapsed time   422.3s, curr speed    0.536 kHz, avg speed    5.777 kHz), accepted   190001/  190001 events (100.00%)
Processed  2450000/ 5959749 entries (elapsed time   441.6s, curr speed    0.520 kHz, avg speed    5.549 kHz), accepted   200001/  200001 events (100.00%)
Processed  2460000/ 5959749 entries (elapsed time   460.5s, curr speed    0.528 kHz, avg speed    5.342 kHz), accepted   210001/  210001 events (100.00%)
Processed  2470000/ 5959749 entries (elapsed time   479.2s, curr speed    0.536 kHz, avg speed    5.155 kHz), accepted   220001/  220001 events (100.00%)
Processed  2480000/ 5959749 entries (elapsed time   498.0s, curr speed    0.530 kHz, avg speed    4.980 kHz), accepted   230001/  230001 events (100.00%)
Processed  2490000/ 5959749 entries (elapsed time   540.1s, curr speed    0.238 kHz, avg speed    4.610 kHz), accepted   240001/  240001 events (100.00%)
Processed 250000 entries from MY_EOS_SPACE/heppyNtuples/TREES_TopDibosonsQCD_94X/TTToSemilepton_powheg_part5/treeProducerWMass/tree.root, selected 250000 entries
Done MY_EOS_SPACE/heppyNtuples/TREES_TopDibosonsQCD_94X/friends/tree_Friend_TTToSemilepton_powheg_part5.chunk9.root
