000 (323100.018.000) 05/11 15:55:06 Job submitted from host: <188.184.95.166:9618?addrs=188.184.95.166-9618+[2001-1458-201-e4--100-7a0]-9618&alias=tbird02.cern.ch&noUDP&sock=schedd_2138722_faad_3>
...
040 (323100.018.000) 05/11 16:05:11 Started transferring input files
	Transferring to host: <128.142.240.47:9618?addrs=128.142.240.47-9618+[2001-1458-301-f9--100-9]-9618&noUDP&sock=3999_683c_126896>
...
040 (323100.018.000) 05/11 16:05:11 Finished transferring input files
...
001 (323100.018.000) 05/11 16:05:12 Job executing on host: <128.142.240.47:9618?addrs=128.142.240.47-9618+[2001-1458-301-f9--100-9]-9618&noUDP&sock=2327_b4f9_3>
...
006 (323100.018.000) 05/11 16:05:20 Image size of job updated: 336464
	248  -  MemoryUsage of job (MB)
	253888  -  ResidentSetSize of job (KB)
...
006 (323100.018.000) 05/11 16:10:20 Image size of job updated: 591800
	498  -  MemoryUsage of job (MB)
	509168  -  ResidentSetSize of job (KB)
...
040 (323100.018.000) 05/11 16:14:08 Started transferring output files
...
040 (323100.018.000) 05/11 16:14:08 Finished transferring output files
...
005 (323100.018.000) 05/11 16:14:08 Job terminated.
	(1) Normal termination (return value 1)
		Usr 0 00:07:49, Sys 0 00:01:01  -  Run Remote Usage
		Usr 0 00:00:00, Sys 0 00:00:00  -  Run Local Usage
		Usr 0 00:07:49, Sys 0 00:01:01  -  Total Remote Usage
		Usr 0 00:00:00, Sys 0 00:00:00  -  Total Local Usage
	8612  -  Run Bytes Sent By Job
	10941  -  Run Bytes Received By Job
	8612  -  Total Bytes Sent By Job
	10941  -  Total Bytes Received By Job
	Partitionable Resources :    Usage  Request Allocated 
	   Cpus                 :                 1           
	   Disk (KB)            :       71        1   2182113 
	   Memory (MB)          :      498     2000      2000 
...
