000 (323102.017.000) 05/11 15:55:08 Job submitted from host: <188.184.95.166:9618?addrs=188.184.95.166-9618+[2001-1458-201-e4--100-7a0]-9618&alias=tbird02.cern.ch&noUDP&sock=schedd_2138722_faad_3>
...
040 (323102.017.000) 05/11 16:05:55 Started transferring input files
	Transferring to host: <128.142.240.38:9618?addrs=128.142.240.38-9618+[2001-1458-301-f9--100-22]-9618&noUDP&sock=4049_a2fe_126400>
...
040 (323102.017.000) 05/11 16:05:55 Finished transferring input files
...
001 (323102.017.000) 05/11 16:05:56 Job executing on host: <128.142.240.38:9618?addrs=128.142.240.38-9618+[2001-1458-301-f9--100-22]-9618&noUDP&sock=2371_e323_3>
...
006 (323102.017.000) 05/11 16:06:04 Image size of job updated: 316524
	249  -  MemoryUsage of job (MB)
	254016  -  ResidentSetSize of job (KB)
...
006 (323102.017.000) 05/11 16:11:04 Image size of job updated: 569976
	496  -  MemoryUsage of job (MB)
	507416  -  ResidentSetSize of job (KB)
...
006 (323102.017.000) 05/11 16:15:25 Image size of job updated: 898104
	496  -  MemoryUsage of job (MB)
	507416  -  ResidentSetSize of job (KB)
...
040 (323102.017.000) 05/11 16:15:25 Started transferring output files
...
040 (323102.017.000) 05/11 16:15:25 Finished transferring output files
...
005 (323102.017.000) 05/11 16:15:25 Job terminated.
	(1) Normal termination (return value 1)
		Usr 0 00:08:24, Sys 0 00:01:00  -  Run Remote Usage
		Usr 0 00:00:00, Sys 0 00:00:00  -  Run Local Usage
		Usr 0 00:08:24, Sys 0 00:01:00  -  Total Remote Usage
		Usr 0 00:00:00, Sys 0 00:00:00  -  Total Local Usage
	8611  -  Run Bytes Sent By Job
	10941  -  Run Bytes Received By Job
	8611  -  Total Bytes Sent By Job
	10941  -  Total Bytes Received By Job
	Partitionable Resources :    Usage  Request Allocated 
	   Cpus                 :                 1           
	   Disk (KB)            :       71        1   2137272 
	   Memory (MB)          :      496     2000      2000 
...
