   TTToSemilepton_powheg_part2   MC  28 chunks


I have 1 taks to process
I'm using the following list of modules DEFAULT_MODULES
this is jobs [('TTToSemilepton_powheg_part2', 'MY_EOS_SPACE/heppyNtuples/TREES_TopDibosonsQCD_94X/TTToSemilepton_powheg_part2/treeProducerWMass/tree.root', 12596384.0, '_Friend_TTToSemilepton_powheg_part2.chunk23', False, xrange(5750000, 6000000), 23)]
Modules to run:  []   name =  puWeight
Loading puWeight from CMGTools.WMass.postprocessing.examples.puWeightProducer 
Running on dataset =  TTToSemilepton_powheg_part2
TFile: name=/afs/cern.ch/work/m/mciprian/w_mass_analysis/heppy/rel_slc7/CMSSW_9_4_12/src/CMGTools/WMass/python/postprocessing/data/pileup/mcPU_2016_W94XnoCutsWithGenWeights_nTrueInt.root, title=, option=READ
TFile: name=/afs/cern.ch/work/m/mciprian/w_mass_analysis/heppy/rel_slc7/CMSSW_9_4_12/src/CMGTools/WMass/python/postprocessing/data/pileup/PileupData_GoldenMuonJSON_Full2016.root, title=, option=READ
Load C++ Worker
Modules to run:  []   name =  muCalibratedWithStatVar
Loading muCalibratedWithStatVar from CMGTools.WMass.postprocessing.examples.lepVarProducer 
Running on dataset =  TTToSemilepton_powheg_part2
did not find EnergyScaleCorrection shared object, rebuilding
trying to load all the rochester correction libraries
did not find legacy data roccor. rebuilding...
done building legacy data roccor.
Modules to run:  []   name =  jetAllReCleaner
Loading jetAllReCleaner from CMGTools.WMass.postprocessing.examples.jetReCleaner 
Running on dataset =  TTToSemilepton_powheg_part2
Load C++ Worker
Modules to run:  []   name =  jetReCleaner
Loading jetReCleaner from CMGTools.WMass.postprocessing.examples.jetReCleaner 
Running on dataset =  TTToSemilepton_powheg_part2
Load C++ Worker
Modules to run:  []   name =  genQEDJets
Loading genQEDJets from CMGTools.WMass.postprocessing.examples.genFriendProducer 
Running on dataset =  TTToSemilepton_powheg_part2
Will write selected trees to MY_EOS_SPACE/heppyNtuples/TREES_TopDibosonsQCD_94X/friends/
Normalization of nTrueInt_Wnopt: 3.68902e+10
Normalization of pileup: 3.68902e+10
Weights for variable nTrueInt_Wnopt with a number of bins equal to 102:
1 0.3634 0.9215 1.196 0.96 1.118 1.157 0.9675 0.9293 0.9192 0.8823 0.9553 1.062 1.116 1.167 1.194 1.2 1.193 1.177 1.14 1.092 1.06 1.047 1.046 1.047 1.048 1.06 1.077 1.092 1.106 1.122 1.108 1.097 1.051 0.992 0.9144 0.8237 0.7175 0.6087 0.5019 0.4029 0.3076 0.2264 0.1622 0.1123 0.07656 0.05052 0.03159 0.01992 0.01212 0.007355 0.004361 0.002593 0.001553 0.0009624 0.0007219 0.0006632 0.0007233 0.0009289 0.001329 0.001772 0.003222 0.004042 0.00487 0.005064 0.005658 0.005309 0.004846 0.004101 0.003977 0.003686 0.003306 0.002672 0.002286 0.001878 0.00167 1 1 1 1 1 1 1 1 1 1 1 1 1 1 1 1 1 1 1 1 1 1 1 1 1 1 .
Final weights: 
1 0.3634 0.9215 1.196 0.96 1.118 1.157 0.9675 0.9293 0.9192 0.8823 0.9553 1.062 1.116 1.167 1.194 1.2 1.193 1.177 1.14 1.092 1.06 1.047 1.046 1.047 1.048 1.06 1.077 1.092 1.106 1.122 1.108 1.097 1.051 0.992 0.9144 0.8237 0.7175 0.6087 0.5019 0.4029 0.3076 0.2264 0.1622 0.1123 0.07656 0.05052 0.03159 0.01992 0.01212 0.007355 0.004361 0.002593 0.001553 0.0009624 0.0007219 0.0006632 0.0007233 0.0009289 0.001329 0.001772 0.003222 0.004042 0.00487 0.005064 0.005658 0.005309 0.004846 0.004101 0.003977 0.003686 0.003306 0.002672 0.002286 0.001878 0.00167 1 1 1 1 1 1 1 1 1 1 1 1 1 1 1 1 1 1 1 1 1 1 1 1 1 1 .
begin job of lepCalProducer
initializing all the rochester correction objects
initializing the egamma calibrator
Processed  5750000/ 6901302 entries (elapsed time     0.4s, curr speed   25.000 kHz, avg speed 14375.000 kHz), accepted        1/       1 events (100.00%)
Processed  5760000/ 6901302 entries (elapsed time    21.8s, curr speed    0.466 kHz, avg speed  263.736 kHz), accepted    10001/   10001 events (100.00%)
Processed  5770000/ 6901302 entries (elapsed time    45.1s, curr speed    0.430 kHz, avg speed  128.023 kHz), accepted    20001/   20001 events (100.00%)
Processed  5780000/ 6901302 entries (elapsed time    72.0s, curr speed    0.372 kHz, avg speed   80.322 kHz), accepted    30001/   30001 events (100.00%)
Processed  5790000/ 6901302 entries (elapsed time   107.7s, curr speed    0.280 kHz, avg speed   53.755 kHz), accepted    40001/   40001 events (100.00%)
Processed  5800000/ 6901302 entries (elapsed time   142.4s, curr speed    0.288 kHz, avg speed   40.716 kHz), accepted    50001/   50001 events (100.00%)
Processed  5810000/ 6901302 entries (elapsed time   178.0s, curr speed    0.281 kHz, avg speed   32.633 kHz), accepted    60001/   60001 events (100.00%)
Processed  5820000/ 6901302 entries (elapsed time   210.5s, curr speed    0.308 kHz, avg speed   27.652 kHz), accepted    70001/   70001 events (100.00%)
Processed  5830000/ 6901302 entries (elapsed time   242.7s, curr speed    0.310 kHz, avg speed   24.021 kHz), accepted    80001/   80001 events (100.00%)
Processed  5840000/ 6901302 entries (elapsed time   275.0s, curr speed    0.309 kHz, avg speed   21.235 kHz), accepted    90001/   90001 events (100.00%)
Processed  5850000/ 6901302 entries (elapsed time   307.9s, curr speed    0.304 kHz, avg speed   18.997 kHz), accepted   100001/  100001 events (100.00%)
Processed  5860000/ 6901302 entries (elapsed time   340.2s, curr speed    0.310 kHz, avg speed   17.226 kHz), accepted   110001/  110001 events (100.00%)
Processed  5870000/ 6901302 entries (elapsed time   404.1s, curr speed    0.156 kHz, avg speed   14.525 kHz), accepted   120001/  120001 events (100.00%)
Processed  5880000/ 6901302 entries (elapsed time   429.3s, curr speed    0.397 kHz, avg speed   13.696 kHz), accepted   130001/  130001 events (100.00%)
Processed  5890000/ 6901302 entries (elapsed time   455.4s, curr speed    0.383 kHz, avg speed   12.933 kHz), accepted   140001/  140001 events (100.00%)
Processed  5900000/ 6901302 entries (elapsed time   480.6s, curr speed    0.397 kHz, avg speed   12.275 kHz), accepted   150001/  150001 events (100.00%)
Processed  5910000/ 6901302 entries (elapsed time   506.9s, curr speed    0.382 kHz, avg speed   11.660 kHz), accepted   160001/  160001 events (100.00%)
Processed  5920000/ 6901302 entries (elapsed time   533.7s, curr speed    0.373 kHz, avg speed   11.093 kHz), accepted   170001/  170001 events (100.00%)
Processed  5930000/ 6901302 entries (elapsed time   588.9s, curr speed    0.181 kHz, avg speed   10.070 kHz), accepted   180001/  180001 events (100.00%)
Processed  5940000/ 6901302 entries (elapsed time   616.6s, curr speed    0.361 kHz, avg speed    9.633 kHz), accepted   190001/  190001 events (100.00%)
Processed  5950000/ 6901302 entries (elapsed time   644.5s, curr speed    0.359 kHz, avg speed    9.232 kHz), accepted   200001/  200001 events (100.00%)
Processed  5960000/ 6901302 entries (elapsed time   667.4s, curr speed    0.436 kHz, avg speed    8.930 kHz), accepted   210001/  210001 events (100.00%)
Processed  5970000/ 6901302 entries (elapsed time   691.4s, curr speed    0.417 kHz, avg speed    8.635 kHz), accepted   220001/  220001 events (100.00%)
Processed  5980000/ 6901302 entries (elapsed time   717.3s, curr speed    0.385 kHz, avg speed    8.336 kHz), accepted   230001/  230001 events (100.00%)
Processed  5990000/ 6901302 entries (elapsed time   766.7s, curr speed    0.203 kHz, avg speed    7.813 kHz), accepted   240001/  240001 events (100.00%)
Processed 250000 entries from MY_EOS_SPACE/heppyNtuples/TREES_TopDibosonsQCD_94X/TTToSemilepton_powheg_part2/treeProducerWMass/tree.root, selected 250000 entries
Done MY_EOS_SPACE/heppyNtuples/TREES_TopDibosonsQCD_94X/friends/tree_Friend_TTToSemilepton_powheg_part2.chunk23.root
