000 (323093.005.000) 05/11 15:55:02 Job submitted from host: <188.184.95.166:9618?addrs=188.184.95.166-9618+[2001-1458-201-e4--100-7a0]-9618&alias=tbird02.cern.ch&noUDP&sock=schedd_2138722_faad_3>
...
040 (323093.005.000) 05/11 15:59:04 Started transferring input files
	Transferring to host: <188.184.132.20:9618?addrs=188.184.132.20-9618+[2001-1458-301-a0--100-1d]-9618&noUDP&sock=4152_35a2_126858>
...
040 (323093.005.000) 05/11 15:59:04 Finished transferring input files
...
001 (323093.005.000) 05/11 15:59:05 Job executing on host: <188.184.132.20:9618?addrs=188.184.132.20-9618+[2001-1458-301-a0--100-1d]-9618&noUDP&sock=2383_1e46_3>
...
006 (323093.005.000) 05/11 15:59:13 Image size of job updated: 195000
	115  -  MemoryUsage of job (MB)
	117384  -  ResidentSetSize of job (KB)
...
006 (323093.005.000) 05/11 16:04:13 Image size of job updated: 593256
	496  -  MemoryUsage of job (MB)
	507500  -  ResidentSetSize of job (KB)
...
040 (323093.005.000) 05/11 16:08:48 Started transferring output files
...
040 (323093.005.000) 05/11 16:08:48 Finished transferring output files
...
005 (323093.005.000) 05/11 16:08:48 Job terminated.
	(1) Normal termination (return value 1)
		Usr 0 00:08:30, Sys 0 00:01:04  -  Run Remote Usage
		Usr 0 00:00:00, Sys 0 00:00:00  -  Run Local Usage
		Usr 0 00:08:30, Sys 0 00:01:04  -  Total Remote Usage
		Usr 0 00:00:00, Sys 0 00:00:00  -  Total Local Usage
	8619  -  Run Bytes Sent By Job
	10941  -  Run Bytes Received By Job
	8619  -  Total Bytes Sent By Job
	10941  -  Total Bytes Received By Job
	Partitionable Resources :    Usage  Request Allocated 
	   Cpus                 :                 1           
	   Disk (KB)            :       71        1   2166644 
	   Memory (MB)          :      496     2000      2000 
...
