000 (323086.004.000) 05/11 15:54:57 Job submitted from host: <188.184.95.166:9618?addrs=188.184.95.166-9618+[2001-1458-201-e4--100-7a0]-9618&alias=tbird02.cern.ch&noUDP&sock=schedd_2138722_faad_3>
...
040 (323086.004.000) 05/11 15:56:30 Started transferring input files
	Transferring to host: <188.184.132.29:9618?addrs=188.184.132.29-9618+[2001-1458-301-a0--100-21]-9618&noUDP&sock=4064_349e_126637>
...
040 (323086.004.000) 05/11 15:56:30 Finished transferring input files
...
001 (323086.004.000) 05/11 15:56:31 Job executing on host: <188.184.132.29:9618?addrs=188.184.132.29-9618+[2001-1458-301-a0--100-21]-9618&noUDP&sock=2341_4f4c_3>
...
006 (323086.004.000) 05/11 15:56:39 Image size of job updated: 252600
	170  -  MemoryUsage of job (MB)
	173688  -  ResidentSetSize of job (KB)
...
006 (323086.004.000) 05/11 16:01:39 Image size of job updated: 571504
	475  -  MemoryUsage of job (MB)
	485740  -  ResidentSetSize of job (KB)
...
040 (323086.004.000) 05/11 16:05:31 Started transferring output files
...
040 (323086.004.000) 05/11 16:05:31 Finished transferring output files
...
005 (323086.004.000) 05/11 16:05:31 Job terminated.
	(1) Normal termination (return value 1)
		Usr 0 00:07:52, Sys 0 00:00:59  -  Run Remote Usage
		Usr 0 00:00:00, Sys 0 00:00:00  -  Run Local Usage
		Usr 0 00:07:52, Sys 0 00:00:59  -  Total Remote Usage
		Usr 0 00:00:00, Sys 0 00:00:00  -  Total Local Usage
	8552  -  Run Bytes Sent By Job
	10941  -  Run Bytes Received By Job
	8552  -  Total Bytes Sent By Job
	10941  -  Total Bytes Received By Job
	Partitionable Resources :    Usage  Request Allocated 
	   Cpus                 :                 1           
	   Disk (KB)            :       71        1   2126454 
	   Memory (MB)          :      475     2000      2000 
...
