   TTToSemilepton_powheg_part9   MC  29 chunks


I have 1 taks to process
I'm using the following list of modules DEFAULT_MODULES
this is jobs [('TTToSemilepton_powheg_part9', 'MY_EOS_SPACE/heppyNtuples/TREES_TopDibosonsQCD_94X/TTToSemilepton_powheg_part9/treeProducerWMass/tree.root', 13182392.0, '_Friend_TTToSemilepton_powheg_part9.chunk12', False, xrange(3000000, 3250000), 12)]
Modules to run:  []   name =  puWeight
Loading puWeight from CMGTools.WMass.postprocessing.examples.puWeightProducer 
Running on dataset =  TTToSemilepton_powheg_part9
TFile: name=/afs/cern.ch/work/m/mciprian/w_mass_analysis/heppy/rel_slc7/CMSSW_9_4_12/src/CMGTools/WMass/python/postprocessing/data/pileup/mcPU_2016_W94XnoCutsWithGenWeights_nTrueInt.root, title=, option=READ
TFile: name=/afs/cern.ch/work/m/mciprian/w_mass_analysis/heppy/rel_slc7/CMSSW_9_4_12/src/CMGTools/WMass/python/postprocessing/data/pileup/PileupData_GoldenMuonJSON_Full2016.root, title=, option=READ
Load C++ Worker
Modules to run:  []   name =  muCalibratedWithStatVar
Loading muCalibratedWithStatVar from CMGTools.WMass.postprocessing.examples.lepVarProducer 
Running on dataset =  TTToSemilepton_powheg_part9
did not find EnergyScaleCorrection shared object, rebuilding
trying to load all the rochester correction libraries
did not find legacy data roccor. rebuilding...
done building legacy data roccor.
Modules to run:  []   name =  jetAllReCleaner
Loading jetAllReCleaner from CMGTools.WMass.postprocessing.examples.jetReCleaner 
Running on dataset =  TTToSemilepton_powheg_part9
Load C++ Worker
Modules to run:  []   name =  jetReCleaner
Loading jetReCleaner from CMGTools.WMass.postprocessing.examples.jetReCleaner 
Running on dataset =  TTToSemilepton_powheg_part9
Load C++ Worker
Modules to run:  []   name =  genQEDJets
Loading genQEDJets from CMGTools.WMass.postprocessing.examples.genFriendProducer 
Running on dataset =  TTToSemilepton_powheg_part9
Will write selected trees to MY_EOS_SPACE/heppyNtuples/TREES_TopDibosonsQCD_94X/friends/
Normalization of nTrueInt_Wnopt: 3.68902e+10
Normalization of pileup: 3.68902e+10
Weights for variable nTrueInt_Wnopt with a number of bins equal to 102:
1 0.3634 0.9215 1.196 0.96 1.118 1.157 0.9675 0.9293 0.9192 0.8823 0.9553 1.062 1.116 1.167 1.194 1.2 1.193 1.177 1.14 1.092 1.06 1.047 1.046 1.047 1.048 1.06 1.077 1.092 1.106 1.122 1.108 1.097 1.051 0.992 0.9144 0.8237 0.7175 0.6087 0.5019 0.4029 0.3076 0.2264 0.1622 0.1123 0.07656 0.05052 0.03159 0.01992 0.01212 0.007355 0.004361 0.002593 0.001553 0.0009624 0.0007219 0.0006632 0.0007233 0.0009289 0.001329 0.001772 0.003222 0.004042 0.00487 0.005064 0.005658 0.005309 0.004846 0.004101 0.003977 0.003686 0.003306 0.002672 0.002286 0.001878 0.00167 1 1 1 1 1 1 1 1 1 1 1 1 1 1 1 1 1 1 1 1 1 1 1 1 1 1 .
Final weights: 
1 0.3634 0.9215 1.196 0.96 1.118 1.157 0.9675 0.9293 0.9192 0.8823 0.9553 1.062 1.116 1.167 1.194 1.2 1.193 1.177 1.14 1.092 1.06 1.047 1.046 1.047 1.048 1.06 1.077 1.092 1.106 1.122 1.108 1.097 1.051 0.992 0.9144 0.8237 0.7175 0.6087 0.5019 0.4029 0.3076 0.2264 0.1622 0.1123 0.07656 0.05052 0.03159 0.01992 0.01212 0.007355 0.004361 0.002593 0.001553 0.0009624 0.0007219 0.0006632 0.0007233 0.0009289 0.001329 0.001772 0.003222 0.004042 0.00487 0.005064 0.005658 0.005309 0.004846 0.004101 0.003977 0.003686 0.003306 0.002672 0.002286 0.001878 0.00167 1 1 1 1 1 1 1 1 1 1 1 1 1 1 1 1 1 1 1 1 1 1 1 1 1 1 .
begin job of lepCalProducer
initializing all the rochester correction objects
initializing the egamma calibrator
Processed  3000000/ 7222803 entries (elapsed time     0.3s, curr speed   29.412 kHz, avg speed 8823.529 kHz), accepted        1/       1 events (100.00%)
Processed  3010000/ 7222803 entries (elapsed time    20.2s, curr speed    0.504 kHz, avg speed  149.084 kHz), accepted    10001/   10001 events (100.00%)
Processed  3020000/ 7222803 entries (elapsed time    39.6s, curr speed    0.515 kHz, avg speed   76.282 kHz), accepted    20001/   20001 events (100.00%)
Processed  3030000/ 7222803 entries (elapsed time    59.3s, curr speed    0.508 kHz, avg speed   51.122 kHz), accepted    30001/   30001 events (100.00%)
Processed  3040000/ 7222803 entries (elapsed time    79.1s, curr speed    0.505 kHz, avg speed   38.447 kHz), accepted    40001/   40001 events (100.00%)
Processed  3050000/ 7222803 entries (elapsed time    98.6s, curr speed    0.511 kHz, avg speed   30.921 kHz), accepted    50001/   50001 events (100.00%)
Processed  3060000/ 7222803 entries (elapsed time   118.6s, curr speed    0.500 kHz, avg speed   25.792 kHz), accepted    60001/   60001 events (100.00%)
Processed  3070000/ 7222803 entries (elapsed time   135.6s, curr speed    0.591 kHz, avg speed   22.648 kHz), accepted    70001/   70001 events (100.00%)
Processed  3080000/ 7222803 entries (elapsed time   152.4s, curr speed    0.593 kHz, avg speed   20.207 kHz), accepted    80001/   80001 events (100.00%)
Processed  3090000/ 7222803 entries (elapsed time   169.5s, curr speed    0.585 kHz, avg speed   18.230 kHz), accepted    90001/   90001 events (100.00%)
Processed  3100000/ 7222803 entries (elapsed time   186.6s, curr speed    0.586 kHz, avg speed   16.616 kHz), accepted   100001/  100001 events (100.00%)
Processed  3110000/ 7222803 entries (elapsed time   203.4s, curr speed    0.594 kHz, avg speed   15.289 kHz), accepted   110001/  110001 events (100.00%)
Processed  3120000/ 7222803 entries (elapsed time   240.7s, curr speed    0.268 kHz, avg speed   12.964 kHz), accepted   120001/  120001 events (100.00%)
Processed  3130000/ 7222803 entries (elapsed time   257.7s, curr speed    0.588 kHz, avg speed   12.147 kHz), accepted   130001/  130001 events (100.00%)
Processed  3140000/ 7222803 entries (elapsed time   274.8s, curr speed    0.585 kHz, avg speed   11.428 kHz), accepted   140001/  140001 events (100.00%)
Processed  3150000/ 7222803 entries (elapsed time   291.7s, curr speed    0.592 kHz, avg speed   10.800 kHz), accepted   150001/  150001 events (100.00%)
Processed  3160000/ 7222803 entries (elapsed time   308.5s, curr speed    0.595 kHz, avg speed   10.244 kHz), accepted   160001/  160001 events (100.00%)
Processed  3170000/ 7222803 entries (elapsed time   325.4s, curr speed    0.591 kHz, avg speed    9.743 kHz), accepted   170001/  170001 events (100.00%)
Processed  3180000/ 7222803 entries (elapsed time   362.4s, curr speed    0.270 kHz, avg speed    8.776 kHz), accepted   180001/  180001 events (100.00%)
Processed  3190000/ 7222803 entries (elapsed time   379.5s, curr speed    0.584 kHz, avg speed    8.406 kHz), accepted   190001/  190001 events (100.00%)
Processed  3200000/ 7222803 entries (elapsed time   396.8s, curr speed    0.576 kHz, avg speed    8.064 kHz), accepted   200001/  200001 events (100.00%)
Processed  3210000/ 7222803 entries (elapsed time   413.9s, curr speed    0.587 kHz, avg speed    7.756 kHz), accepted   210001/  210001 events (100.00%)
Processed  3220000/ 7222803 entries (elapsed time   431.1s, curr speed    0.582 kHz, avg speed    7.470 kHz), accepted   220001/  220001 events (100.00%)
Processed  3230000/ 7222803 entries (elapsed time   447.9s, curr speed    0.595 kHz, avg speed    7.212 kHz), accepted   230001/  230001 events (100.00%)
Processed  3240000/ 7222803 entries (elapsed time   484.6s, curr speed    0.272 kHz, avg speed    6.686 kHz), accepted   240001/  240001 events (100.00%)
Processed 250000 entries from MY_EOS_SPACE/heppyNtuples/TREES_TopDibosonsQCD_94X/TTToSemilepton_powheg_part9/treeProducerWMass/tree.root, selected 250000 entries
Done MY_EOS_SPACE/heppyNtuples/TREES_TopDibosonsQCD_94X/friends/tree_Friend_TTToSemilepton_powheg_part9.chunk12.root
