000 (323099.019.000) 05/11 15:55:05 Job submitted from host: <188.184.95.166:9618?addrs=188.184.95.166-9618+[2001-1458-201-e4--100-7a0]-9618&alias=tbird02.cern.ch&noUDP&sock=schedd_2138722_faad_3>
...
040 (323099.019.000) 05/11 16:04:39 Started transferring input files
	Transferring to host: <188.184.132.15:9618?addrs=188.184.132.15-9618+[2001-1458-301-a0--100-f]-9618&noUDP&sock=4202_7064_126824>
...
040 (323099.019.000) 05/11 16:04:39 Finished transferring input files
...
001 (323099.019.000) 05/11 16:04:40 Job executing on host: <188.184.132.15:9618?addrs=188.184.132.15-9618+[2001-1458-301-a0--100-f]-9618&noUDP&sock=2331_7359_3>
...
006 (323099.019.000) 05/11 16:04:49 Image size of job updated: 335964
	248  -  MemoryUsage of job (MB)
	253172  -  ResidentSetSize of job (KB)
...
006 (323099.019.000) 05/11 16:09:50 Image size of job updated: 590252
	496  -  MemoryUsage of job (MB)
	507408  -  ResidentSetSize of job (KB)
...
040 (323099.019.000) 05/11 16:14:07 Started transferring output files
...
040 (323099.019.000) 05/11 16:14:07 Finished transferring output files
...
005 (323099.019.000) 05/11 16:14:07 Job terminated.
	(1) Normal termination (return value 1)
		Usr 0 00:08:16, Sys 0 00:01:02  -  Run Remote Usage
		Usr 0 00:00:00, Sys 0 00:00:00  -  Run Local Usage
		Usr 0 00:08:16, Sys 0 00:01:02  -  Total Remote Usage
		Usr 0 00:00:00, Sys 0 00:00:00  -  Total Local Usage
	8612  -  Run Bytes Sent By Job
	10941  -  Run Bytes Received By Job
	8612  -  Total Bytes Sent By Job
	10941  -  Total Bytes Received By Job
	Partitionable Resources :    Usage  Request Allocated 
	   Cpus                 :                 1           
	   Disk (KB)            :       71        1   2186200 
	   Memory (MB)          :      496     2000      2000 
...
