000 (323094.015.000) 05/11 15:55:02 Job submitted from host: <188.184.95.166:9618?addrs=188.184.95.166-9618+[2001-1458-201-e4--100-7a0]-9618&alias=tbird02.cern.ch&noUDP&sock=schedd_2138722_faad_3>
...
022 (323094.015.000) 05/11 16:00:18 Job disconnected, attempting to reconnect
    Socket between submit and execute hosts closed unexpectedly
    Trying to reconnect to slot1_1@b7g28n0554.cern.ch <128.142.240.22:9618?addrs=128.142.240.22-9618+[2001-1458-301-f9--100-2e]-9618&noUDP&sock=2338_4083_3>
...
024 (323094.015.000) 05/11 16:00:18 Job reconnection failed
    Job not found at execution machine
    Can not reconnect to slot1_1@b7g28n0554.cern.ch, rescheduling job
...
040 (323094.015.000) 05/11 16:02:13 Started transferring input files
	Transferring to host: <188.184.192.242:9618?addrs=188.184.192.242-9618+[2001-1458-301-83--100-356]-9618&noUDP&sock=4157_bb82_115002>
...
040 (323094.015.000) 05/11 16:02:13 Finished transferring input files
...
001 (323094.015.000) 05/11 16:02:14 Job executing on host: <188.184.192.242:9618?addrs=188.184.192.242-9618+[2001-1458-301-83--100-356]-9618&noUDP&sock=2422_de78_3>
...
006 (323094.015.000) 05/11 16:02:23 Image size of job updated: 305980
	252  -  MemoryUsage of job (MB)
	257188  -  ResidentSetSize of job (KB)
...
006 (323094.015.000) 05/11 16:07:24 Image size of job updated: 507600
	495  -  MemoryUsage of job (MB)
	506744  -  ResidentSetSize of job (KB)
...
006 (323094.015.000) 05/11 16:10:54 Image size of job updated: 893240
	495  -  MemoryUsage of job (MB)
	506744  -  ResidentSetSize of job (KB)
...
040 (323094.015.000) 05/11 16:10:54 Started transferring output files
...
040 (323094.015.000) 05/11 16:10:54 Finished transferring output files
...
005 (323094.015.000) 05/11 16:10:54 Job terminated.
	(1) Normal termination (return value 1)
		Usr 0 00:07:37, Sys 0 00:01:01  -  Run Remote Usage
		Usr 0 00:00:00, Sys 0 00:00:00  -  Run Local Usage
		Usr 0 00:07:37, Sys 0 00:01:01  -  Total Remote Usage
		Usr 0 00:00:00, Sys 0 00:00:00  -  Total Local Usage
	8623  -  Run Bytes Sent By Job
	10941  -  Run Bytes Received By Job
	8623  -  Total Bytes Sent By Job
	10941  -  Total Bytes Received By Job
	Partitionable Resources :    Usage  Request Allocated 
	   Cpus                 :                 1           
	   Disk (KB)            :       72        1   2120837 
	   Memory (MB)          :      495     2000      2000 
...
