000 (323086.014.000) 05/11 15:54:57 Job submitted from host: <188.184.95.166:9618?addrs=188.184.95.166-9618+[2001-1458-201-e4--100-7a0]-9618&alias=tbird02.cern.ch&noUDP&sock=schedd_2138722_faad_3>
...
040 (323086.014.000) 05/11 15:56:33 Started transferring input files
	Transferring to host: <128.142.240.20:9618?addrs=128.142.240.20-9618+[2001-1458-301-f9--100-4]-9618&noUDP&sock=29066_6057_74>
...
040 (323086.014.000) 05/11 15:56:33 Finished transferring input files
...
001 (323086.014.000) 05/11 15:56:34 Job executing on host: <128.142.240.20:9618?addrs=128.142.240.20-9618+[2001-1458-301-f9--100-4]-9618&noUDP&sock=2375_a184_3>
...
006 (323086.014.000) 05/11 15:56:42 Image size of job updated: 162232
	126  -  MemoryUsage of job (MB)
	128604  -  ResidentSetSize of job (KB)
...
006 (323086.014.000) 05/11 16:01:42 Image size of job updated: 462924
	452  -  MemoryUsage of job (MB)
	462404  -  ResidentSetSize of job (KB)
...
006 (323086.014.000) 05/11 16:06:42 Image size of job updated: 488040
	477  -  MemoryUsage of job (MB)
	487520  -  ResidentSetSize of job (KB)
...
040 (323086.014.000) 05/11 16:10:31 Started transferring output files
...
040 (323086.014.000) 05/11 16:10:31 Finished transferring output files
...
005 (323086.014.000) 05/11 16:10:31 Job terminated.
	(1) Normal termination (return value 1)
		Usr 0 00:12:02, Sys 0 00:01:19  -  Run Remote Usage
		Usr 0 00:00:00, Sys 0 00:00:00  -  Run Local Usage
		Usr 0 00:12:02, Sys 0 00:01:19  -  Total Remote Usage
		Usr 0 00:00:00, Sys 0 00:00:00  -  Total Local Usage
	8556  -  Run Bytes Sent By Job
	10941  -  Run Bytes Received By Job
	8556  -  Total Bytes Sent By Job
	10941  -  Total Bytes Received By Job
	Partitionable Resources :    Usage  Request Allocated 
	   Cpus                 :     0.99        1         1 
	   Disk (KB)            :    78           1    221891 
	   Memory (MB)          :   477        2000      2000 
...
