000 (323088.017.000) 05/11 15:54:59 Job submitted from host: <188.184.95.166:9618?addrs=188.184.95.166-9618+[2001-1458-201-e4--100-7a0]-9618&alias=tbird02.cern.ch&noUDP&sock=schedd_2138722_faad_3>
...
040 (323088.017.000) 05/11 15:56:50 Started transferring input files
	Transferring to host: <188.184.132.43:9618?addrs=188.184.132.43-9618+[2001-1458-301-a0--100-28]-9618&noUDP&sock=5194_648c_67>
...
040 (323088.017.000) 05/11 15:56:50 Finished transferring input files
...
001 (323088.017.000) 05/11 15:56:51 Job executing on host: <188.184.132.43:9618?addrs=188.184.132.43-9618+[2001-1458-301-a0--100-28]-9618&noUDP&sock=2335_31ba_3>
...
006 (323088.017.000) 05/11 15:57:00 Image size of job updated: 249844
	243  -  MemoryUsage of job (MB)
	248532  -  ResidentSetSize of job (KB)
...
006 (323088.017.000) 05/11 16:02:02 Image size of job updated: 475116
	464  -  MemoryUsage of job (MB)
	474712  -  ResidentSetSize of job (KB)
...
006 (323088.017.000) 05/11 16:07:02 Image size of job updated: 487024
	476  -  MemoryUsage of job (MB)
	486620  -  ResidentSetSize of job (KB)
...
006 (323088.017.000) 05/11 16:09:58 Image size of job updated: 487032
	476  -  MemoryUsage of job (MB)
	486620  -  ResidentSetSize of job (KB)
...
040 (323088.017.000) 05/11 16:09:58 Started transferring output files
...
040 (323088.017.000) 05/11 16:09:58 Finished transferring output files
...
005 (323088.017.000) 05/11 16:09:58 Job terminated.
	(1) Normal termination (return value 1)
		Usr 0 00:11:19, Sys 0 00:01:16  -  Run Remote Usage
		Usr 0 00:00:00, Sys 0 00:00:00  -  Run Local Usage
		Usr 0 00:11:19, Sys 0 00:01:16  -  Total Remote Usage
		Usr 0 00:00:00, Sys 0 00:00:00  -  Total Local Usage
	8556  -  Run Bytes Sent By Job
	10941  -  Run Bytes Received By Job
	8556  -  Total Bytes Sent By Job
	10941  -  Total Bytes Received By Job
	Partitionable Resources :    Usage  Request Allocated 
	   Cpus                 :     0.99        1         1 
	   Disk (KB)            :    78           1    211209 
	   Memory (MB)          :   476        2000      2000 
...
