   TTTo2L2Nu_powheg_part5   MC  29 chunks


I have 1 taks to process
I'm using the following list of modules DEFAULT_MODULES
this is jobs [('TTTo2L2Nu_powheg_part5', 'MY_EOS_SPACE/heppyNtuples/TREES_TopDibosonsQCD_94X/TTTo2L2Nu_powheg_part5/treeProducerWMass/tree.root', 8979320.0, '_Friend_TTTo2L2Nu_powheg_part5.chunk22', False, xrange(5500000, 5750000), 22)]
Modules to run:  []   name =  puWeight
Loading puWeight from CMGTools.WMass.postprocessing.examples.puWeightProducer 
Running on dataset =  TTTo2L2Nu_powheg_part5
TFile: name=/afs/cern.ch/work/m/mciprian/w_mass_analysis/heppy/rel_slc7/CMSSW_9_4_12/src/CMGTools/WMass/python/postprocessing/data/pileup/mcPU_2016_W94XnoCutsWithGenWeights_nTrueInt.root, title=, option=READ
TFile: name=/afs/cern.ch/work/m/mciprian/w_mass_analysis/heppy/rel_slc7/CMSSW_9_4_12/src/CMGTools/WMass/python/postprocessing/data/pileup/PileupData_GoldenMuonJSON_Full2016.root, title=, option=READ
Load C++ Worker
Modules to run:  []   name =  muCalibratedWithStatVar
Loading muCalibratedWithStatVar from CMGTools.WMass.postprocessing.examples.lepVarProducer 
Running on dataset =  TTTo2L2Nu_powheg_part5
did not find EnergyScaleCorrection shared object, rebuilding
trying to load all the rochester correction libraries
did not find legacy data roccor. rebuilding...
done building legacy data roccor.
Modules to run:  []   name =  jetAllReCleaner
Loading jetAllReCleaner from CMGTools.WMass.postprocessing.examples.jetReCleaner 
Running on dataset =  TTTo2L2Nu_powheg_part5
Load C++ Worker
Modules to run:  []   name =  jetReCleaner
Loading jetReCleaner from CMGTools.WMass.postprocessing.examples.jetReCleaner 
Running on dataset =  TTTo2L2Nu_powheg_part5
Load C++ Worker
Modules to run:  []   name =  genQEDJets
Loading genQEDJets from CMGTools.WMass.postprocessing.examples.genFriendProducer 
Running on dataset =  TTTo2L2Nu_powheg_part5
Will write selected trees to MY_EOS_SPACE/heppyNtuples/TREES_TopDibosonsQCD_94X/friends/
Normalization of nTrueInt_Wnopt: 3.68902e+10
Normalization of pileup: 3.68902e+10
Weights for variable nTrueInt_Wnopt with a number of bins equal to 102:
1 0.3634 0.9215 1.196 0.96 1.118 1.157 0.9675 0.9293 0.9192 0.8823 0.9553 1.062 1.116 1.167 1.194 1.2 1.193 1.177 1.14 1.092 1.06 1.047 1.046 1.047 1.048 1.06 1.077 1.092 1.106 1.122 1.108 1.097 1.051 0.992 0.9144 0.8237 0.7175 0.6087 0.5019 0.4029 0.3076 0.2264 0.1622 0.1123 0.07656 0.05052 0.03159 0.01992 0.01212 0.007355 0.004361 0.002593 0.001553 0.0009624 0.0007219 0.0006632 0.0007233 0.0009289 0.001329 0.001772 0.003222 0.004042 0.00487 0.005064 0.005658 0.005309 0.004846 0.004101 0.003977 0.003686 0.003306 0.002672 0.002286 0.001878 0.00167 1 1 1 1 1 1 1 1 1 1 1 1 1 1 1 1 1 1 1 1 1 1 1 1 1 1 .
Final weights: 
1 0.3634 0.9215 1.196 0.96 1.118 1.157 0.9675 0.9293 0.9192 0.8823 0.9553 1.062 1.116 1.167 1.194 1.2 1.193 1.177 1.14 1.092 1.06 1.047 1.046 1.047 1.048 1.06 1.077 1.092 1.106 1.122 1.108 1.097 1.051 0.992 0.9144 0.8237 0.7175 0.6087 0.5019 0.4029 0.3076 0.2264 0.1622 0.1123 0.07656 0.05052 0.03159 0.01992 0.01212 0.007355 0.004361 0.002593 0.001553 0.0009624 0.0007219 0.0006632 0.0007233 0.0009289 0.001329 0.001772 0.003222 0.004042 0.00487 0.005064 0.005658 0.005309 0.004846 0.004101 0.003977 0.003686 0.003306 0.002672 0.002286 0.001878 0.00167 1 1 1 1 1 1 1 1 1 1 1 1 1 1 1 1 1 1 1 1 1 1 1 1 1 1 .
begin job of lepCalProducer
initializing all the rochester correction objects
initializing the egamma calibrator
Processed  5500000/ 7020017 entries (elapsed time     0.4s, curr speed   27.778 kHz, avg speed 15277.778 kHz), accepted        1/       1 events (100.00%)
Processed  5510000/ 7020017 entries (elapsed time    26.0s, curr speed    0.390 kHz, avg speed  211.679 kHz), accepted    10001/   10001 events (100.00%)
Processed  5520000/ 7020017 entries (elapsed time    52.6s, curr speed    0.377 kHz, avg speed  104.963 kHz), accepted    20001/   20001 events (100.00%)
Processed  5530000/ 7020017 entries (elapsed time    77.5s, curr speed    0.402 kHz, avg speed   71.373 kHz), accepted    30001/   30001 events (100.00%)
Processed  5540000/ 7020017 entries (elapsed time   104.5s, curr speed    0.370 kHz, avg speed   53.009 kHz), accepted    40001/   40001 events (100.00%)
Processed  5550000/ 7020017 entries (elapsed time   130.9s, curr speed    0.378 kHz, avg speed   42.386 kHz), accepted    50001/   50001 events (100.00%)
Processed  5560000/ 7020017 entries (elapsed time   154.8s, curr speed    0.419 kHz, avg speed   35.920 kHz), accepted    60001/   60001 events (100.00%)
Processed  5570000/ 7020017 entries (elapsed time   177.0s, curr speed    0.450 kHz, avg speed   31.465 kHz), accepted    70001/   70001 events (100.00%)
Processed  5580000/ 7020017 entries (elapsed time   199.1s, curr speed    0.452 kHz, avg speed   28.023 kHz), accepted    80001/   80001 events (100.00%)
Processed  5590000/ 7020017 entries (elapsed time   221.9s, curr speed    0.439 kHz, avg speed   25.194 kHz), accepted    90001/   90001 events (100.00%)
Processed  5600000/ 7020017 entries (elapsed time   243.8s, curr speed    0.456 kHz, avg speed   22.968 kHz), accepted   100001/  100001 events (100.00%)
Processed  5610000/ 7020017 entries (elapsed time   293.8s, curr speed    0.200 kHz, avg speed   19.095 kHz), accepted   110001/  110001 events (100.00%)
Processed  5620000/ 7020017 entries (elapsed time   315.1s, curr speed    0.468 kHz, avg speed   17.833 kHz), accepted   120001/  120001 events (100.00%)
Processed  5630000/ 7020017 entries (elapsed time   337.5s, curr speed    0.447 kHz, avg speed   16.680 kHz), accepted   130001/  130001 events (100.00%)
Processed  5640000/ 7020017 entries (elapsed time   359.7s, curr speed    0.451 kHz, avg speed   15.681 kHz), accepted   140001/  140001 events (100.00%)
Processed  5650000/ 7020017 entries (elapsed time   381.7s, curr speed    0.454 kHz, avg speed   14.803 kHz), accepted   150001/  150001 events (100.00%)
Processed  5660000/ 7020017 entries (elapsed time   429.8s, curr speed    0.208 kHz, avg speed   13.169 kHz), accepted   160001/  160001 events (100.00%)
Processed  5670000/ 7020017 entries (elapsed time   452.5s, curr speed    0.441 kHz, avg speed   12.531 kHz), accepted   170001/  170001 events (100.00%)
Processed  5680000/ 7020017 entries (elapsed time   474.2s, curr speed    0.461 kHz, avg speed   11.979 kHz), accepted   180001/  180001 events (100.00%)
Processed  5690000/ 7020017 entries (elapsed time   496.2s, curr speed    0.454 kHz, avg speed   11.467 kHz), accepted   190001/  190001 events (100.00%)
Processed  5700000/ 7020017 entries (elapsed time   517.7s, curr speed    0.466 kHz, avg speed   11.011 kHz), accepted   200001/  200001 events (100.00%)
Processed  5710000/ 7020017 entries (elapsed time   566.7s, curr speed    0.204 kHz, avg speed   10.076 kHz), accepted   210001/  210001 events (100.00%)
Processed  5720000/ 7020017 entries (elapsed time   587.7s, curr speed    0.476 kHz, avg speed    9.732 kHz), accepted   220001/  220001 events (100.00%)
Processed  5730000/ 7020017 entries (elapsed time   609.4s, curr speed    0.462 kHz, avg speed    9.403 kHz), accepted   230001/  230001 events (100.00%)
Processed  5740000/ 7020017 entries (elapsed time   629.2s, curr speed    0.505 kHz, avg speed    9.123 kHz), accepted   240001/  240001 events (100.00%)
Processed 250000 entries from MY_EOS_SPACE/heppyNtuples/TREES_TopDibosonsQCD_94X/TTTo2L2Nu_powheg_part5/treeProducerWMass/tree.root, selected 250000 entries
Done MY_EOS_SPACE/heppyNtuples/TREES_TopDibosonsQCD_94X/friends/tree_Friend_TTTo2L2Nu_powheg_part5.chunk22.root
