000 (323090.011.000) 05/11 15:55:00 Job submitted from host: <188.184.95.166:9618?addrs=188.184.95.166-9618+[2001-1458-201-e4--100-7a0]-9618&alias=tbird02.cern.ch&noUDP&sock=schedd_2138722_faad_3>
...
040 (323090.011.000) 05/11 15:57:08 Started transferring input files
	Transferring to host: <128.142.240.9:9618?addrs=128.142.240.9-9618+[2001-1458-301-f9--100-16]-9618&noUDP&sock=6480_7f01_69>
...
040 (323090.011.000) 05/11 15:57:08 Finished transferring input files
...
001 (323090.011.000) 05/11 15:57:09 Job executing on host: <128.142.240.9:9618?addrs=128.142.240.9-9618+[2001-1458-301-f9--100-16]-9618&noUDP&sock=2371_e323_3>
...
006 (323090.011.000) 05/11 15:57:17 Image size of job updated: 273800
	215  -  MemoryUsage of job (MB)
	220020  -  ResidentSetSize of job (KB)
...
006 (323090.011.000) 05/11 16:02:17 Image size of job updated: 540088
	475  -  MemoryUsage of job (MB)
	486256  -  ResidentSetSize of job (KB)
...
006 (323090.011.000) 05/11 16:06:58 Image size of job updated: 677332
	475  -  MemoryUsage of job (MB)
	486256  -  ResidentSetSize of job (KB)
...
040 (323090.011.000) 05/11 16:06:58 Started transferring output files
...
040 (323090.011.000) 05/11 16:06:58 Finished transferring output files
...
005 (323090.011.000) 05/11 16:06:58 Job terminated.
	(1) Normal termination (return value 1)
		Usr 0 00:08:29, Sys 0 00:01:02  -  Run Remote Usage
		Usr 0 00:00:00, Sys 0 00:00:00  -  Run Local Usage
		Usr 0 00:08:29, Sys 0 00:01:02  -  Total Remote Usage
		Usr 0 00:00:00, Sys 0 00:00:00  -  Total Local Usage
	8556  -  Run Bytes Sent By Job
	10941  -  Run Bytes Received By Job
	8556  -  Total Bytes Sent By Job
	10941  -  Total Bytes Received By Job
	Partitionable Resources :    Usage  Request Allocated 
	   Cpus                 :     0.97        1         1 
	   Disk (KB)            :    78           1    219382 
	   Memory (MB)          :   475        2000      2000 
...
