000 (323092.005.000) 05/11 15:55:01 Job submitted from host: <188.184.95.166:9618?addrs=188.184.95.166-9618+[2001-1458-201-e4--100-7a0]-9618&alias=tbird02.cern.ch&noUDP&sock=schedd_2138722_faad_3>
...
040 (323092.005.000) 05/11 15:58:04 Started transferring input files
	Transferring to host: <128.142.240.30:9618?addrs=128.142.240.30-9618+[2001-1458-301-f9--100-1a]-9618&noUDP&sock=4004_ee1c_127536>
...
040 (323092.005.000) 05/11 15:58:04 Finished transferring input files
...
001 (323092.005.000) 05/11 15:58:05 Job executing on host: <128.142.240.30:9618?addrs=128.142.240.30-9618+[2001-1458-301-f9--100-1a]-9618&noUDP&sock=2350_7ba6_3>
...
006 (323092.005.000) 05/11 15:58:13 Image size of job updated: 327572
	239  -  MemoryUsage of job (MB)
	244540  -  ResidentSetSize of job (KB)
...
006 (323092.005.000) 05/11 16:03:13 Image size of job updated: 590944
	497  -  MemoryUsage of job (MB)
	507912  -  ResidentSetSize of job (KB)
...
040 (323092.005.000) 05/11 16:06:41 Started transferring output files
...
040 (323092.005.000) 05/11 16:06:41 Finished transferring output files
...
005 (323092.005.000) 05/11 16:06:41 Job terminated.
	(1) Normal termination (return value 1)
		Usr 0 00:07:28, Sys 0 00:01:01  -  Run Remote Usage
		Usr 0 00:00:00, Sys 0 00:00:00  -  Run Local Usage
		Usr 0 00:07:28, Sys 0 00:01:01  -  Total Remote Usage
		Usr 0 00:00:00, Sys 0 00:00:00  -  Total Local Usage
	8619  -  Run Bytes Sent By Job
	10941  -  Run Bytes Received By Job
	8619  -  Total Bytes Sent By Job
	10941  -  Total Bytes Received By Job
	Partitionable Resources :    Usage  Request Allocated 
	   Cpus                 :                 1           
	   Disk (KB)            :       71        1   2120257 
	   Memory (MB)          :      497     2000      2000 
...
