000 (323087.008.000) 05/11 15:54:58 Job submitted from host: <188.184.95.166:9618?addrs=188.184.95.166-9618+[2001-1458-201-e4--100-7a0]-9618&alias=tbird02.cern.ch&noUDP&sock=schedd_2138722_faad_3>
...
040 (323087.008.000) 05/11 15:56:38 Started transferring input files
	Transferring to host: <188.184.186.65:9618?addrs=188.184.186.65-9618+[2001-1458-301-f8--100-2a]-9618&noUDP&sock=25421_24e3_71>
...
040 (323087.008.000) 05/11 15:56:38 Finished transferring input files
...
001 (323087.008.000) 05/11 15:56:39 Job executing on host: <188.184.186.65:9618?addrs=188.184.186.65-9618+[2001-1458-301-f8--100-2a]-9618&noUDP&sock=2326_0560_3>
...
006 (323087.008.000) 05/11 15:56:48 Image size of job updated: 247972
	225  -  MemoryUsage of job (MB)
	229552  -  ResidentSetSize of job (KB)
...
006 (323087.008.000) 05/11 16:01:49 Image size of job updated: 487724
	474  -  MemoryUsage of job (MB)
	484996  -  ResidentSetSize of job (KB)
...
006 (323087.008.000) 05/11 16:06:49 Image size of job updated: 487724
	474  -  MemoryUsage of job (MB)
	485116  -  ResidentSetSize of job (KB)
...
040 (323087.008.000) 05/11 16:08:03 Started transferring output files
...
040 (323087.008.000) 05/11 16:08:03 Finished transferring output files
...
005 (323087.008.000) 05/11 16:08:03 Job terminated.
	(1) Normal termination (return value 1)
		Usr 0 00:09:49, Sys 0 00:01:10  -  Run Remote Usage
		Usr 0 00:00:00, Sys 0 00:00:00  -  Run Local Usage
		Usr 0 00:09:49, Sys 0 00:01:10  -  Total Remote Usage
		Usr 0 00:00:00, Sys 0 00:00:00  -  Total Local Usage
	8552  -  Run Bytes Sent By Job
	10941  -  Run Bytes Received By Job
	8552  -  Total Bytes Sent By Job
	10941  -  Total Bytes Received By Job
	Partitionable Resources :    Usage  Request Allocated 
	   Cpus                 :     0.99        1         1 
	   Disk (KB)            :    78           1    212405 
	   Memory (MB)          :   474        2000      2000 
...
