   TTToSemilepton_powheg_part13   MC  5 chunks


I have 1 taks to process
I'm using the following list of modules DEFAULT_MODULES
this is jobs [('TTToSemilepton_powheg_part13', 'MY_EOS_SPACE/heppyNtuples/TREES_TopDibosonsQCD_94X/TTToSemilepton_powheg_part13/treeProducerWMass/tree.root', 1913944.0, '_Friend_TTToSemilepton_powheg_part13.chunk2', False, xrange(500000, 750000), 2)]
Modules to run:  []   name =  puWeight
Loading puWeight from CMGTools.WMass.postprocessing.examples.puWeightProducer 
Running on dataset =  TTToSemilepton_powheg_part13
TFile: name=/afs/cern.ch/work/m/mciprian/w_mass_analysis/heppy/rel_slc7/CMSSW_9_4_12/src/CMGTools/WMass/python/postprocessing/data/pileup/mcPU_2016_W94XnoCutsWithGenWeights_nTrueInt.root, title=, option=READ
TFile: name=/afs/cern.ch/work/m/mciprian/w_mass_analysis/heppy/rel_slc7/CMSSW_9_4_12/src/CMGTools/WMass/python/postprocessing/data/pileup/PileupData_GoldenMuonJSON_Full2016.root, title=, option=READ
Load C++ Worker
Modules to run:  []   name =  muCalibratedWithStatVar
Loading muCalibratedWithStatVar from CMGTools.WMass.postprocessing.examples.lepVarProducer 
Running on dataset =  TTToSemilepton_powheg_part13
did not find EnergyScaleCorrection shared object, rebuilding
trying to load all the rochester correction libraries
did not find legacy data roccor. rebuilding...
done building legacy data roccor.
Modules to run:  []   name =  jetAllReCleaner
Loading jetAllReCleaner from CMGTools.WMass.postprocessing.examples.jetReCleaner 
Running on dataset =  TTToSemilepton_powheg_part13
Load C++ Worker
Modules to run:  []   name =  jetReCleaner
Loading jetReCleaner from CMGTools.WMass.postprocessing.examples.jetReCleaner 
Running on dataset =  TTToSemilepton_powheg_part13
Load C++ Worker
Modules to run:  []   name =  genQEDJets
Loading genQEDJets from CMGTools.WMass.postprocessing.examples.genFriendProducer 
Running on dataset =  TTToSemilepton_powheg_part13
Will write selected trees to MY_EOS_SPACE/heppyNtuples/TREES_TopDibosonsQCD_94X/friends/
Normalization of nTrueInt_Wnopt: 3.68902e+10
Normalization of pileup: 3.68902e+10
Weights for variable nTrueInt_Wnopt with a number of bins equal to 102:
1 0.3634 0.9215 1.196 0.96 1.118 1.157 0.9675 0.9293 0.9192 0.8823 0.9553 1.062 1.116 1.167 1.194 1.2 1.193 1.177 1.14 1.092 1.06 1.047 1.046 1.047 1.048 1.06 1.077 1.092 1.106 1.122 1.108 1.097 1.051 0.992 0.9144 0.8237 0.7175 0.6087 0.5019 0.4029 0.3076 0.2264 0.1622 0.1123 0.07656 0.05052 0.03159 0.01992 0.01212 0.007355 0.004361 0.002593 0.001553 0.0009624 0.0007219 0.0006632 0.0007233 0.0009289 0.001329 0.001772 0.003222 0.004042 0.00487 0.005064 0.005658 0.005309 0.004846 0.004101 0.003977 0.003686 0.003306 0.002672 0.002286 0.001878 0.00167 1 1 1 1 1 1 1 1 1 1 1 1 1 1 1 1 1 1 1 1 1 1 1 1 1 1 .
Final weights: 
1 0.3634 0.9215 1.196 0.96 1.118 1.157 0.9675 0.9293 0.9192 0.8823 0.9553 1.062 1.116 1.167 1.194 1.2 1.193 1.177 1.14 1.092 1.06 1.047 1.046 1.047 1.048 1.06 1.077 1.092 1.106 1.122 1.108 1.097 1.051 0.992 0.9144 0.8237 0.7175 0.6087 0.5019 0.4029 0.3076 0.2264 0.1622 0.1123 0.07656 0.05052 0.03159 0.01992 0.01212 0.007355 0.004361 0.002593 0.001553 0.0009624 0.0007219 0.0006632 0.0007233 0.0009289 0.001329 0.001772 0.003222 0.004042 0.00487 0.005064 0.005658 0.005309 0.004846 0.004101 0.003977 0.003686 0.003306 0.002672 0.002286 0.001878 0.00167 1 1 1 1 1 1 1 1 1 1 1 1 1 1 1 1 1 1 1 1 1 1 1 1 1 1 .
begin job of lepCalProducer
initializing all the rochester correction objects
initializing the egamma calibrator
Processed   500000/ 1048237 entries (elapsed time     0.3s, curr speed   38.462 kHz, avg speed 1923.077 kHz), accepted        1/       1 events (100.00%)
Processed   510000/ 1048237 entries (elapsed time    20.0s, curr speed    0.506 kHz, avg speed   25.462 kHz), accepted    10001/   10001 events (100.00%)
Processed   520000/ 1048237 entries (elapsed time    39.7s, curr speed    0.508 kHz, avg speed   13.088 kHz), accepted    20001/   20001 events (100.00%)
Processed   530000/ 1048237 entries (elapsed time    59.4s, curr speed    0.508 kHz, avg speed    8.920 kHz), accepted    30001/   30001 events (100.00%)
Processed   540000/ 1048237 entries (elapsed time    79.0s, curr speed    0.511 kHz, avg speed    6.835 kHz), accepted    40001/   40001 events (100.00%)
Processed   550000/ 1048237 entries (elapsed time    98.5s, curr speed    0.512 kHz, avg speed    5.582 kHz), accepted    50001/   50001 events (100.00%)
Processed   560000/ 1048237 entries (elapsed time   118.3s, curr speed    0.505 kHz, avg speed    4.732 kHz), accepted    60001/   60001 events (100.00%)
Processed   570000/ 1048237 entries (elapsed time   135.2s, curr speed    0.593 kHz, avg speed    4.216 kHz), accepted    70001/   70001 events (100.00%)
Processed   580000/ 1048237 entries (elapsed time   152.2s, curr speed    0.588 kHz, avg speed    3.810 kHz), accepted    80001/   80001 events (100.00%)
Processed   590000/ 1048237 entries (elapsed time   169.2s, curr speed    0.588 kHz, avg speed    3.486 kHz), accepted    90001/   90001 events (100.00%)
Processed   600000/ 1048237 entries (elapsed time   186.3s, curr speed    0.585 kHz, avg speed    3.220 kHz), accepted   100001/  100001 events (100.00%)
Processed   610000/ 1048237 entries (elapsed time   203.2s, curr speed    0.594 kHz, avg speed    3.003 kHz), accepted   110001/  110001 events (100.00%)
Processed   620000/ 1048237 entries (elapsed time   240.1s, curr speed    0.271 kHz, avg speed    2.582 kHz), accepted   120001/  120001 events (100.00%)
Processed   630000/ 1048237 entries (elapsed time   256.9s, curr speed    0.596 kHz, avg speed    2.452 kHz), accepted   130001/  130001 events (100.00%)
Processed   640000/ 1048237 entries (elapsed time   273.7s, curr speed    0.597 kHz, avg speed    2.339 kHz), accepted   140001/  140001 events (100.00%)
Processed   650000/ 1048237 entries (elapsed time   290.0s, curr speed    0.611 kHz, avg speed    2.241 kHz), accepted   150001/  150001 events (100.00%)
Processed   660000/ 1048237 entries (elapsed time   307.4s, curr speed    0.576 kHz, avg speed    2.147 kHz), accepted   160001/  160001 events (100.00%)
Processed   670000/ 1048237 entries (elapsed time   324.3s, curr speed    0.590 kHz, avg speed    2.066 kHz), accepted   170001/  170001 events (100.00%)
Processed   680000/ 1048237 entries (elapsed time   361.1s, curr speed    0.272 kHz, avg speed    1.883 kHz), accepted   180001/  180001 events (100.00%)
Processed   690000/ 1048237 entries (elapsed time   377.8s, curr speed    0.600 kHz, avg speed    1.827 kHz), accepted   190001/  190001 events (100.00%)
Processed   700000/ 1048237 entries (elapsed time   394.5s, curr speed    0.599 kHz, avg speed    1.775 kHz), accepted   200001/  200001 events (100.00%)
Processed   710000/ 1048237 entries (elapsed time   411.2s, curr speed    0.599 kHz, avg speed    1.727 kHz), accepted   210001/  210001 events (100.00%)
Processed   720000/ 1048237 entries (elapsed time   427.8s, curr speed    0.601 kHz, avg speed    1.683 kHz), accepted   220001/  220001 events (100.00%)
Processed   730000/ 1048237 entries (elapsed time   444.7s, curr speed    0.591 kHz, avg speed    1.641 kHz), accepted   230001/  230001 events (100.00%)
Processed   740000/ 1048237 entries (elapsed time   481.1s, curr speed    0.275 kHz, avg speed    1.538 kHz), accepted   240001/  240001 events (100.00%)
Processed 250000 entries from MY_EOS_SPACE/heppyNtuples/TREES_TopDibosonsQCD_94X/TTToSemilepton_powheg_part13/treeProducerWMass/tree.root, selected 250000 entries
Done MY_EOS_SPACE/heppyNtuples/TREES_TopDibosonsQCD_94X/friends/tree_Friend_TTToSemilepton_powheg_part13.chunk2.root
