000 (323097.021.000) 05/11 15:55:04 Job submitted from host: <188.184.95.166:9618?addrs=188.184.95.166-9618+[2001-1458-201-e4--100-7a0]-9618&alias=tbird02.cern.ch&noUDP&sock=schedd_2138722_faad_3>
...
040 (323097.021.000) 05/11 16:03:26 Started transferring input files
	Transferring to host: <128.142.33.137:9618?addrs=128.142.33.137-9618+[2001-1458-301-117--100-23]-9618&noUDP&sock=13007_5baa_102820>
...
040 (323097.021.000) 05/11 16:03:26 Finished transferring input files
...
001 (323097.021.000) 05/11 16:03:27 Job executing on host: <128.142.33.137:9618?addrs=128.142.33.137-9618+[2001-1458-301-117--100-23]-9618&noUDP&sock=12800_5056_3>
...
006 (323097.021.000) 05/11 16:03:36 Image size of job updated: 313800
	226  -  MemoryUsage of job (MB)
	231096  -  ResidentSetSize of job (KB)
...
006 (323097.021.000) 05/11 16:08:37 Image size of job updated: 510940
	497  -  MemoryUsage of job (MB)
	508044  -  ResidentSetSize of job (KB)
...
040 (323097.021.000) 05/11 16:12:08 Started transferring output files
...
040 (323097.021.000) 05/11 16:12:08 Finished transferring output files
...
005 (323097.021.000) 05/11 16:12:08 Job terminated.
	(1) Normal termination (return value 1)
		Usr 0 00:07:35, Sys 0 00:01:02  -  Run Remote Usage
		Usr 0 00:00:00, Sys 0 00:00:00  -  Run Local Usage
		Usr 0 00:07:35, Sys 0 00:01:02  -  Total Remote Usage
		Usr 0 00:00:00, Sys 0 00:00:00  -  Total Local Usage
	8612  -  Run Bytes Sent By Job
	10941  -  Run Bytes Received By Job
	8612  -  Total Bytes Sent By Job
	10941  -  Total Bytes Received By Job
	Partitionable Resources :    Usage  Request Allocated 
	   Cpus                 :                 1           
	   Disk (KB)            :       71        1   2117939 
	   Memory (MB)          :      497     2000      2000 
...
