000 (323101.006.000) 05/11 15:55:08 Job submitted from host: <188.184.95.166:9618?addrs=188.184.95.166-9618+[2001-1458-201-e4--100-7a0]-9618&alias=tbird02.cern.ch&noUDP&sock=schedd_2138722_faad_3>
...
040 (323101.006.000) 05/11 16:05:20 Started transferring input files
	Transferring to host: <128.142.33.167:9618?addrs=128.142.33.167-9618+[2001-1458-301-117--100-23e]-9618&noUDP&sock=13023_a1ab_103866>
...
040 (323101.006.000) 05/11 16:05:20 Finished transferring input files
...
001 (323101.006.000) 05/11 16:05:21 Job executing on host: <128.142.33.167:9618?addrs=128.142.33.167-9618+[2001-1458-301-117--100-23e]-9618&noUDP&sock=12815_9a42_3>
...
006 (323101.006.000) 05/11 16:05:29 Image size of job updated: 302852
	216  -  MemoryUsage of job (MB)
	220780  -  ResidentSetSize of job (KB)
...
006 (323101.006.000) 05/11 16:10:29 Image size of job updated: 504672
	493  -  MemoryUsage of job (MB)
	504276  -  ResidentSetSize of job (KB)
...
040 (323101.006.000) 05/11 16:14:57 Started transferring output files
...
040 (323101.006.000) 05/11 16:14:57 Finished transferring output files
...
005 (323101.006.000) 05/11 16:14:57 Job terminated.
	(1) Normal termination (return value 1)
		Usr 0 00:08:26, Sys 0 00:01:04  -  Run Remote Usage
		Usr 0 00:00:00, Sys 0 00:00:00  -  Run Local Usage
		Usr 0 00:08:26, Sys 0 00:01:04  -  Total Remote Usage
		Usr 0 00:00:00, Sys 0 00:00:00  -  Total Local Usage
	8608  -  Run Bytes Sent By Job
	10941  -  Run Bytes Received By Job
	8608  -  Total Bytes Sent By Job
	10941  -  Total Bytes Received By Job
	Partitionable Resources :    Usage  Request Allocated 
	   Cpus                 :                 1           
	   Disk (KB)            :       72        1   2134560 
	   Memory (MB)          :      493     2000      2000 
...
