   TTToSemilepton_powheg_part3   MC  29 chunks


I have 1 taks to process
I'm using the following list of modules DEFAULT_MODULES
this is jobs [('TTToSemilepton_powheg_part3', 'MY_EOS_SPACE/heppyNtuples/TREES_TopDibosonsQCD_94X/TTToSemilepton_powheg_part3/treeProducerWMass/tree.root', 13051872.0, '_Friend_TTToSemilepton_powheg_part3.chunk23', False, xrange(5750000, 6000000), 23)]
Modules to run:  []   name =  puWeight
Loading puWeight from CMGTools.WMass.postprocessing.examples.puWeightProducer 
Running on dataset =  TTToSemilepton_powheg_part3
TFile: name=/afs/cern.ch/work/m/mciprian/w_mass_analysis/heppy/rel_slc7/CMSSW_9_4_12/src/CMGTools/WMass/python/postprocessing/data/pileup/mcPU_2016_W94XnoCutsWithGenWeights_nTrueInt.root, title=, option=READ
TFile: name=/afs/cern.ch/work/m/mciprian/w_mass_analysis/heppy/rel_slc7/CMSSW_9_4_12/src/CMGTools/WMass/python/postprocessing/data/pileup/PileupData_GoldenMuonJSON_Full2016.root, title=, option=READ
Load C++ Worker
Modules to run:  []   name =  muCalibratedWithStatVar
Loading muCalibratedWithStatVar from CMGTools.WMass.postprocessing.examples.lepVarProducer 
Running on dataset =  TTToSemilepton_powheg_part3
did not find EnergyScaleCorrection shared object, rebuilding
trying to load all the rochester correction libraries
did not find legacy data roccor. rebuilding...
done building legacy data roccor.
Modules to run:  []   name =  jetAllReCleaner
Loading jetAllReCleaner from CMGTools.WMass.postprocessing.examples.jetReCleaner 
Running on dataset =  TTToSemilepton_powheg_part3
Load C++ Worker
Modules to run:  []   name =  jetReCleaner
Loading jetReCleaner from CMGTools.WMass.postprocessing.examples.jetReCleaner 
Running on dataset =  TTToSemilepton_powheg_part3
Load C++ Worker
Modules to run:  []   name =  genQEDJets
Loading genQEDJets from CMGTools.WMass.postprocessing.examples.genFriendProducer 
Running on dataset =  TTToSemilepton_powheg_part3
Will write selected trees to MY_EOS_SPACE/heppyNtuples/TREES_TopDibosonsQCD_94X/friends/
Normalization of nTrueInt_Wnopt: 3.68902e+10
Normalization of pileup: 3.68902e+10
Weights for variable nTrueInt_Wnopt with a number of bins equal to 102:
1 0.3634 0.9215 1.196 0.96 1.118 1.157 0.9675 0.9293 0.9192 0.8823 0.9553 1.062 1.116 1.167 1.194 1.2 1.193 1.177 1.14 1.092 1.06 1.047 1.046 1.047 1.048 1.06 1.077 1.092 1.106 1.122 1.108 1.097 1.051 0.992 0.9144 0.8237 0.7175 0.6087 0.5019 0.4029 0.3076 0.2264 0.1622 0.1123 0.07656 0.05052 0.03159 0.01992 0.01212 0.007355 0.004361 0.002593 0.001553 0.0009624 0.0007219 0.0006632 0.0007233 0.0009289 0.001329 0.001772 0.003222 0.004042 0.00487 0.005064 0.005658 0.005309 0.004846 0.004101 0.003977 0.003686 0.003306 0.002672 0.002286 0.001878 0.00167 1 1 1 1 1 1 1 1 1 1 1 1 1 1 1 1 1 1 1 1 1 1 1 1 1 1 .
Final weights: 
1 0.3634 0.9215 1.196 0.96 1.118 1.157 0.9675 0.9293 0.9192 0.8823 0.9553 1.062 1.116 1.167 1.194 1.2 1.193 1.177 1.14 1.092 1.06 1.047 1.046 1.047 1.048 1.06 1.077 1.092 1.106 1.122 1.108 1.097 1.051 0.992 0.9144 0.8237 0.7175 0.6087 0.5019 0.4029 0.3076 0.2264 0.1622 0.1123 0.07656 0.05052 0.03159 0.01992 0.01212 0.007355 0.004361 0.002593 0.001553 0.0009624 0.0007219 0.0006632 0.0007233 0.0009289 0.001329 0.001772 0.003222 0.004042 0.00487 0.005064 0.005658 0.005309 0.004846 0.004101 0.003977 0.003686 0.003306 0.002672 0.002286 0.001878 0.00167 1 1 1 1 1 1 1 1 1 1 1 1 1 1 1 1 1 1 1 1 1 1 1 1 1 1 .
begin job of lepCalProducer
initializing all the rochester correction objects
initializing the egamma calibrator
Processed  5750000/ 7147949 entries (elapsed time     0.3s, curr speed   31.250 kHz, avg speed 17968.750 kHz), accepted        1/       1 events (100.00%)
Processed  5760000/ 7147949 entries (elapsed time    22.9s, curr speed    0.444 kHz, avg speed  251.969 kHz), accepted    10001/   10001 events (100.00%)
Processed  5770000/ 7147949 entries (elapsed time    45.1s, curr speed    0.450 kHz, avg speed  127.966 kHz), accepted    20001/   20001 events (100.00%)
Processed  5780000/ 7147949 entries (elapsed time    67.5s, curr speed    0.447 kHz, avg speed   85.668 kHz), accepted    30001/   30001 events (100.00%)
Processed  5790000/ 7147949 entries (elapsed time    90.2s, curr speed    0.440 kHz, avg speed   64.184 kHz), accepted    40001/   40001 events (100.00%)
Processed  5800000/ 7147949 entries (elapsed time   113.0s, curr speed    0.440 kHz, avg speed   51.350 kHz), accepted    50001/   50001 events (100.00%)
Processed  5810000/ 7147949 entries (elapsed time   135.4s, curr speed    0.446 kHz, avg speed   42.919 kHz), accepted    60001/   60001 events (100.00%)
Processed  5820000/ 7147949 entries (elapsed time   154.4s, curr speed    0.524 kHz, avg speed   37.682 kHz), accepted    70001/   70001 events (100.00%)
Processed  5830000/ 7147949 entries (elapsed time   173.8s, curr speed    0.516 kHz, avg speed   33.540 kHz), accepted    80001/   80001 events (100.00%)
Processed  5840000/ 7147949 entries (elapsed time   193.2s, curr speed    0.515 kHz, avg speed   30.221 kHz), accepted    90001/   90001 events (100.00%)
Processed  5850000/ 7147949 entries (elapsed time   212.8s, curr speed    0.512 kHz, avg speed   27.496 kHz), accepted   100001/  100001 events (100.00%)
Processed  5860000/ 7147949 entries (elapsed time   232.3s, curr speed    0.511 kHz, avg speed   25.223 kHz), accepted   110001/  110001 events (100.00%)
Processed  5870000/ 7147949 entries (elapsed time   273.4s, curr speed    0.243 kHz, avg speed   21.467 kHz), accepted   120001/  120001 events (100.00%)
Processed  5880000/ 7147949 entries (elapsed time   292.4s, curr speed    0.529 kHz, avg speed   20.113 kHz), accepted   130001/  130001 events (100.00%)
Processed  5890000/ 7147949 entries (elapsed time   311.5s, curr speed    0.523 kHz, avg speed   18.911 kHz), accepted   140001/  140001 events (100.00%)
Processed  5900000/ 7147949 entries (elapsed time   330.6s, curr speed    0.524 kHz, avg speed   17.848 kHz), accepted   150001/  150001 events (100.00%)
Processed  5910000/ 7147949 entries (elapsed time   350.0s, curr speed    0.515 kHz, avg speed   16.886 kHz), accepted   160001/  160001 events (100.00%)
Processed  5920000/ 7147949 entries (elapsed time   369.0s, curr speed    0.527 kHz, avg speed   16.046 kHz), accepted   170001/  170001 events (100.00%)
Processed  5930000/ 7147949 entries (elapsed time   410.3s, curr speed    0.242 kHz, avg speed   14.452 kHz), accepted   180001/  180001 events (100.00%)
Processed  5940000/ 7147949 entries (elapsed time   429.7s, curr speed    0.516 kHz, avg speed   13.824 kHz), accepted   190001/  190001 events (100.00%)
Processed  5950000/ 7147949 entries (elapsed time   449.1s, curr speed    0.516 kHz, avg speed   13.250 kHz), accepted   200001/  200001 events (100.00%)
Processed  5960000/ 7147949 entries (elapsed time   468.3s, curr speed    0.521 kHz, avg speed   12.728 kHz), accepted   210001/  210001 events (100.00%)
Processed  5970000/ 7147949 entries (elapsed time   487.2s, curr speed    0.529 kHz, avg speed   12.255 kHz), accepted   220001/  220001 events (100.00%)
Processed  5980000/ 7147949 entries (elapsed time   506.0s, curr speed    0.531 kHz, avg speed   11.818 kHz), accepted   230001/  230001 events (100.00%)
Processed  5990000/ 7147949 entries (elapsed time   547.3s, curr speed    0.242 kHz, avg speed   10.944 kHz), accepted   240001/  240001 events (100.00%)
Processed 250000 entries from MY_EOS_SPACE/heppyNtuples/TREES_TopDibosonsQCD_94X/TTToSemilepton_powheg_part3/treeProducerWMass/tree.root, selected 250000 entries
Done MY_EOS_SPACE/heppyNtuples/TREES_TopDibosonsQCD_94X/friends/tree_Friend_TTToSemilepton_powheg_part3.chunk23.root
