000 (323099.005.000) 05/11 15:55:05 Job submitted from host: <188.184.95.166:9618?addrs=188.184.95.166-9618+[2001-1458-201-e4--100-7a0]-9618&alias=tbird02.cern.ch&noUDP&sock=schedd_2138722_faad_3>
...
040 (323099.005.000) 05/11 16:04:34 Started transferring input files
	Transferring to host: <188.184.186.47:9618?addrs=188.184.186.47-9618+[2001-1458-301-f8--100-1c]-9618&noUDP&sock=3834_2655_126915>
...
040 (323099.005.000) 05/11 16:04:34 Finished transferring input files
...
001 (323099.005.000) 05/11 16:04:35 Job executing on host: <188.184.186.47:9618?addrs=188.184.186.47-9618+[2001-1458-301-f8--100-1c]-9618&noUDP&sock=2342_fee4_3>
...
006 (323099.005.000) 05/11 16:04:43 Image size of job updated: 336668
	248  -  MemoryUsage of job (MB)
	253768  -  ResidentSetSize of job (KB)
...
006 (323099.005.000) 05/11 16:09:43 Image size of job updated: 507072
	495  -  MemoryUsage of job (MB)
	506856  -  ResidentSetSize of job (KB)
...
006 (323099.005.000) 05/11 16:13:32 Image size of job updated: 816080
	495  -  MemoryUsage of job (MB)
	506856  -  ResidentSetSize of job (KB)
...
040 (323099.005.000) 05/11 16:13:32 Started transferring output files
...
040 (323099.005.000) 05/11 16:13:32 Finished transferring output files
...
005 (323099.005.000) 05/11 16:13:32 Job terminated.
	(1) Normal termination (return value 1)
		Usr 0 00:07:44, Sys 0 00:01:01  -  Run Remote Usage
		Usr 0 00:00:00, Sys 0 00:00:00  -  Run Local Usage
		Usr 0 00:07:44, Sys 0 00:01:01  -  Total Remote Usage
		Usr 0 00:00:00, Sys 0 00:00:00  -  Total Local Usage
	8608  -  Run Bytes Sent By Job
	10941  -  Run Bytes Received By Job
	8608  -  Total Bytes Sent By Job
	10941  -  Total Bytes Received By Job
	Partitionable Resources :    Usage  Request Allocated 
	   Cpus                 :                 1           
	   Disk (KB)            :       72        1   2208398 
	   Memory (MB)          :      495     2000      2000 
...
