000 (323101.005.000) 05/11 15:55:08 Job submitted from host: <188.184.95.166:9618?addrs=188.184.95.166-9618+[2001-1458-201-e4--100-7a0]-9618&alias=tbird02.cern.ch&noUDP&sock=schedd_2138722_faad_3>
...
040 (323101.005.000) 05/11 16:05:20 Started transferring input files
	Transferring to host: <128.142.240.37:9618?addrs=128.142.240.37-9618+[2001-1458-301-f9--100-13]-9618&noUDP&sock=3989_5c7b_126312>
...
040 (323101.005.000) 05/11 16:05:20 Finished transferring input files
...
001 (323101.005.000) 05/11 16:05:21 Job executing on host: <128.142.240.37:9618?addrs=128.142.240.37-9618+[2001-1458-301-f9--100-13]-9618&noUDP&sock=2329_1429_3>
...
006 (323101.005.000) 05/11 16:05:29 Image size of job updated: 335940
	248  -  MemoryUsage of job (MB)
	253508  -  ResidentSetSize of job (KB)
...
006 (323101.005.000) 05/11 16:10:29 Image size of job updated: 590584
	497  -  MemoryUsage of job (MB)
	508096  -  ResidentSetSize of job (KB)
...
040 (323101.005.000) 05/11 16:14:04 Started transferring output files
...
040 (323101.005.000) 05/11 16:14:04 Finished transferring output files
...
005 (323101.005.000) 05/11 16:14:04 Job terminated.
	(1) Normal termination (return value 1)
		Usr 0 00:07:33, Sys 0 00:00:59  -  Run Remote Usage
		Usr 0 00:00:00, Sys 0 00:00:00  -  Run Local Usage
		Usr 0 00:07:33, Sys 0 00:00:59  -  Total Remote Usage
		Usr 0 00:00:00, Sys 0 00:00:00  -  Total Local Usage
	8608  -  Run Bytes Sent By Job
	10941  -  Run Bytes Received By Job
	8608  -  Total Bytes Sent By Job
	10941  -  Total Bytes Received By Job
	Partitionable Resources :    Usage  Request Allocated 
	   Cpus                 :                 1           
	   Disk (KB)            :       72        1   2182949 
	   Memory (MB)          :      497     2000      2000 
...
