000 (323092.012.000) 05/11 15:55:01 Job submitted from host: <188.184.95.166:9618?addrs=188.184.95.166-9618+[2001-1458-201-e4--100-7a0]-9618&alias=tbird02.cern.ch&noUDP&sock=schedd_2138722_faad_3>
...
040 (323092.012.000) 05/11 15:58:06 Started transferring input files
	Transferring to host: <188.184.133.208:9618?addrs=188.184.133.208-9618+[2001-1458-301-a0--100-4df]-9618&noUDP&sock=23495_1a54_116>
...
040 (323092.012.000) 05/11 15:58:06 Finished transferring input files
...
001 (323092.012.000) 05/11 15:58:07 Job executing on host: <188.184.133.208:9618?addrs=188.184.133.208-9618+[2001-1458-301-a0--100-4df]-9618&noUDP&sock=12853_aadb_3>
...
006 (323092.012.000) 05/11 15:58:16 Image size of job updated: 208316
	199  -  MemoryUsage of job (MB)
	203268  -  ResidentSetSize of job (KB)
...
006 (323092.012.000) 05/11 16:03:16 Image size of job updated: 397184
	383  -  MemoryUsage of job (MB)
	391804  -  ResidentSetSize of job (KB)
...
006 (323092.012.000) 05/11 16:08:16 Image size of job updated: 513172
	496  -  MemoryUsage of job (MB)
	507792  -  ResidentSetSize of job (KB)
...
006 (323092.012.000) 05/11 16:13:18 Image size of job updated: 513208
	496  -  MemoryUsage of job (MB)
	507828  -  ResidentSetSize of job (KB)
...
040 (323092.012.000) 05/11 16:15:22 Started transferring output files
...
040 (323092.012.000) 05/11 16:15:22 Finished transferring output files
...
005 (323092.012.000) 05/11 16:15:22 Job terminated.
	(1) Normal termination (return value 1)
		Usr 0 00:15:03, Sys 0 00:01:36  -  Run Remote Usage
		Usr 0 00:00:00, Sys 0 00:00:00  -  Run Local Usage
		Usr 0 00:15:03, Sys 0 00:01:36  -  Total Remote Usage
		Usr 0 00:00:00, Sys 0 00:00:00  -  Total Local Usage
	8622  -  Run Bytes Sent By Job
	10941  -  Run Bytes Received By Job
	8622  -  Total Bytes Sent By Job
	10941  -  Total Bytes Received By Job
	Partitionable Resources :    Usage  Request Allocated 
	   Cpus                 :     0.99        1         1 
	   Disk (KB)            :    78           1    211478 
	   Memory (MB)          :   496        2000      2000 
...
