   TTToSemilepton_powheg_part5   MC  24 chunks


I have 1 taks to process
I'm using the following list of modules DEFAULT_MODULES
this is jobs [('TTToSemilepton_powheg_part5', 'MY_EOS_SPACE/heppyNtuples/TREES_TopDibosonsQCD_94X/TTToSemilepton_powheg_part5/treeProducerWMass/tree.root', 10881792.0, '_Friend_TTToSemilepton_powheg_part5.chunk4', False, xrange(1000000, 1250000), 4)]
Modules to run:  []   name =  puWeight
Loading puWeight from CMGTools.WMass.postprocessing.examples.puWeightProducer 
Running on dataset =  TTToSemilepton_powheg_part5
TFile: name=/afs/cern.ch/work/m/mciprian/w_mass_analysis/heppy/rel_slc7/CMSSW_9_4_12/src/CMGTools/WMass/python/postprocessing/data/pileup/mcPU_2016_W94XnoCutsWithGenWeights_nTrueInt.root, title=, option=READ
TFile: name=/afs/cern.ch/work/m/mciprian/w_mass_analysis/heppy/rel_slc7/CMSSW_9_4_12/src/CMGTools/WMass/python/postprocessing/data/pileup/PileupData_GoldenMuonJSON_Full2016.root, title=, option=READ
Load C++ Worker
Modules to run:  []   name =  muCalibratedWithStatVar
Loading muCalibratedWithStatVar from CMGTools.WMass.postprocessing.examples.lepVarProducer 
Running on dataset =  TTToSemilepton_powheg_part5
did not find EnergyScaleCorrection shared object, rebuilding
trying to load all the rochester correction libraries
did not find legacy data roccor. rebuilding...
done building legacy data roccor.
Modules to run:  []   name =  jetAllReCleaner
Loading jetAllReCleaner from CMGTools.WMass.postprocessing.examples.jetReCleaner 
Running on dataset =  TTToSemilepton_powheg_part5
Load C++ Worker
Modules to run:  []   name =  jetReCleaner
Loading jetReCleaner from CMGTools.WMass.postprocessing.examples.jetReCleaner 
Running on dataset =  TTToSemilepton_powheg_part5
Load C++ Worker
Modules to run:  []   name =  genQEDJets
Loading genQEDJets from CMGTools.WMass.postprocessing.examples.genFriendProducer 
Running on dataset =  TTToSemilepton_powheg_part5
Will write selected trees to MY_EOS_SPACE/heppyNtuples/TREES_TopDibosonsQCD_94X/friends/
Normalization of nTrueInt_Wnopt: 3.68902e+10
Normalization of pileup: 3.68902e+10
Weights for variable nTrueInt_Wnopt with a number of bins equal to 102:
1 0.3634 0.9215 1.196 0.96 1.118 1.157 0.9675 0.9293 0.9192 0.8823 0.9553 1.062 1.116 1.167 1.194 1.2 1.193 1.177 1.14 1.092 1.06 1.047 1.046 1.047 1.048 1.06 1.077 1.092 1.106 1.122 1.108 1.097 1.051 0.992 0.9144 0.8237 0.7175 0.6087 0.5019 0.4029 0.3076 0.2264 0.1622 0.1123 0.07656 0.05052 0.03159 0.01992 0.01212 0.007355 0.004361 0.002593 0.001553 0.0009624 0.0007219 0.0006632 0.0007233 0.0009289 0.001329 0.001772 0.003222 0.004042 0.00487 0.005064 0.005658 0.005309 0.004846 0.004101 0.003977 0.003686 0.003306 0.002672 0.002286 0.001878 0.00167 1 1 1 1 1 1 1 1 1 1 1 1 1 1 1 1 1 1 1 1 1 1 1 1 1 1 .
Final weights: 
1 0.3634 0.9215 1.196 0.96 1.118 1.157 0.9675 0.9293 0.9192 0.8823 0.9553 1.062 1.116 1.167 1.194 1.2 1.193 1.177 1.14 1.092 1.06 1.047 1.046 1.047 1.048 1.06 1.077 1.092 1.106 1.122 1.108 1.097 1.051 0.992 0.9144 0.8237 0.7175 0.6087 0.5019 0.4029 0.3076 0.2264 0.1622 0.1123 0.07656 0.05052 0.03159 0.01992 0.01212 0.007355 0.004361 0.002593 0.001553 0.0009624 0.0007219 0.0006632 0.0007233 0.0009289 0.001329 0.001772 0.003222 0.004042 0.00487 0.005064 0.005658 0.005309 0.004846 0.004101 0.003977 0.003686 0.003306 0.002672 0.002286 0.001878 0.00167 1 1 1 1 1 1 1 1 1 1 1 1 1 1 1 1 1 1 1 1 1 1 1 1 1 1 .
begin job of lepCalProducer
initializing all the rochester correction objects
initializing the egamma calibrator
Processed  1000000/ 5959749 entries (elapsed time     0.3s, curr speed   38.462 kHz, avg speed 3846.154 kHz), accepted        1/       1 events (100.00%)
Processed  1010000/ 5959749 entries (elapsed time    21.3s, curr speed    0.476 kHz, avg speed   47.462 kHz), accepted    10001/   10001 events (100.00%)
Processed  1020000/ 5959749 entries (elapsed time    42.5s, curr speed    0.471 kHz, avg speed   23.983 kHz), accepted    20001/   20001 events (100.00%)
Processed  1030000/ 5959749 entries (elapsed time    63.8s, curr speed    0.470 kHz, avg speed   16.142 kHz), accepted    30001/   30001 events (100.00%)
Processed  1040000/ 5959749 entries (elapsed time    85.0s, curr speed    0.473 kHz, avg speed   12.242 kHz), accepted    40001/   40001 events (100.00%)
Processed  1050000/ 5959749 entries (elapsed time   106.2s, curr speed    0.470 kHz, avg speed    9.884 kHz), accepted    50001/   50001 events (100.00%)
Processed  1060000/ 5959749 entries (elapsed time   126.9s, curr speed    0.484 kHz, avg speed    8.354 kHz), accepted    60001/   60001 events (100.00%)
Processed  1070000/ 5959749 entries (elapsed time   144.8s, curr speed    0.557 kHz, avg speed    7.388 kHz), accepted    70001/   70001 events (100.00%)
Processed  1080000/ 5959749 entries (elapsed time   162.6s, curr speed    0.561 kHz, avg speed    6.640 kHz), accepted    80001/   80001 events (100.00%)
Processed  1090000/ 5959749 entries (elapsed time   180.6s, curr speed    0.558 kHz, avg speed    6.037 kHz), accepted    90001/   90001 events (100.00%)
Processed  1100000/ 5959749 entries (elapsed time   198.0s, curr speed    0.573 kHz, avg speed    5.555 kHz), accepted   100001/  100001 events (100.00%)
Processed  1110000/ 5959749 entries (elapsed time   215.7s, curr speed    0.565 kHz, avg speed    5.146 kHz), accepted   110001/  110001 events (100.00%)
Processed  1120000/ 5959749 entries (elapsed time   253.9s, curr speed    0.262 kHz, avg speed    4.411 kHz), accepted   120001/  120001 events (100.00%)
Processed  1130000/ 5959749 entries (elapsed time   271.9s, curr speed    0.554 kHz, avg speed    4.155 kHz), accepted   130001/  130001 events (100.00%)
Processed  1140000/ 5959749 entries (elapsed time   289.8s, curr speed    0.560 kHz, avg speed    3.934 kHz), accepted   140001/  140001 events (100.00%)
Processed  1150000/ 5959749 entries (elapsed time   307.4s, curr speed    0.567 kHz, avg speed    3.741 kHz), accepted   150001/  150001 events (100.00%)
Processed  1160000/ 5959749 entries (elapsed time   325.4s, curr speed    0.558 kHz, avg speed    3.565 kHz), accepted   160001/  160001 events (100.00%)
Processed  1170000/ 5959749 entries (elapsed time   343.4s, curr speed    0.555 kHz, avg speed    3.408 kHz), accepted   170001/  170001 events (100.00%)
Processed  1180000/ 5959749 entries (elapsed time   382.6s, curr speed    0.255 kHz, avg speed    3.084 kHz), accepted   180001/  180001 events (100.00%)
Processed  1190000/ 5959749 entries (elapsed time   400.8s, curr speed    0.549 kHz, avg speed    2.969 kHz), accepted   190001/  190001 events (100.00%)
Processed  1200000/ 5959749 entries (elapsed time   419.0s, curr speed    0.549 kHz, avg speed    2.864 kHz), accepted   200001/  200001 events (100.00%)
Processed  1210000/ 5959749 entries (elapsed time   437.1s, curr speed    0.553 kHz, avg speed    2.768 kHz), accepted   210001/  210001 events (100.00%)
Processed  1220000/ 5959749 entries (elapsed time   454.5s, curr speed    0.575 kHz, avg speed    2.684 kHz), accepted   220001/  220001 events (100.00%)
Processed  1230000/ 5959749 entries (elapsed time   472.5s, curr speed    0.557 kHz, avg speed    2.603 kHz), accepted   230001/  230001 events (100.00%)
Processed  1240000/ 5959749 entries (elapsed time   509.9s, curr speed    0.267 kHz, avg speed    2.432 kHz), accepted   240001/  240001 events (100.00%)
Processed 250000 entries from MY_EOS_SPACE/heppyNtuples/TREES_TopDibosonsQCD_94X/TTToSemilepton_powheg_part5/treeProducerWMass/tree.root, selected 250000 entries
Done MY_EOS_SPACE/heppyNtuples/TREES_TopDibosonsQCD_94X/friends/tree_Friend_TTToSemilepton_powheg_part5.chunk4.root
