000 (323084.010.000) 05/11 15:54:56 Job submitted from host: <188.184.95.166:9618?addrs=188.184.95.166-9618+[2001-1458-201-e4--100-7a0]-9618&alias=tbird02.cern.ch&noUDP&sock=schedd_2138722_faad_3>
...
040 (323084.010.000) 05/11 15:56:10 Started transferring input files
	Transferring to host: <188.184.186.65:9618?addrs=188.184.186.65-9618+[2001-1458-301-f8--100-2a]-9618&noUDP&sock=25421_24e3_69>
...
040 (323084.010.000) 05/11 15:56:10 Finished transferring input files
...
001 (323084.010.000) 05/11 15:56:11 Job executing on host: <188.184.186.65:9618?addrs=188.184.186.65-9618+[2001-1458-301-f8--100-2a]-9618&noUDP&sock=2326_0560_3>
...
006 (323084.010.000) 05/11 15:56:20 Image size of job updated: 306820
	245  -  MemoryUsage of job (MB)
	250504  -  ResidentSetSize of job (KB)
...
006 (323084.010.000) 05/11 16:01:21 Image size of job updated: 487552
	476  -  MemoryUsage of job (MB)
	486824  -  ResidentSetSize of job (KB)
...
006 (323084.010.000) 05/11 16:06:21 Image size of job updated: 487788
	476  -  MemoryUsage of job (MB)
	487060  -  ResidentSetSize of job (KB)
...
006 (323084.010.000) 05/11 16:07:34 Image size of job updated: 488684
	476  -  MemoryUsage of job (MB)
	487060  -  ResidentSetSize of job (KB)
...
040 (323084.010.000) 05/11 16:07:34 Started transferring output files
...
040 (323084.010.000) 05/11 16:07:34 Finished transferring output files
...
005 (323084.010.000) 05/11 16:07:34 Job terminated.
	(1) Normal termination (return value 1)
		Usr 0 00:09:48, Sys 0 00:01:09  -  Run Remote Usage
		Usr 0 00:00:00, Sys 0 00:00:00  -  Run Local Usage
		Usr 0 00:09:48, Sys 0 00:01:09  -  Total Remote Usage
		Usr 0 00:00:00, Sys 0 00:00:00  -  Total Local Usage
	8555  -  Run Bytes Sent By Job
	10941  -  Run Bytes Received By Job
	8555  -  Total Bytes Sent By Job
	10941  -  Total Bytes Received By Job
	Partitionable Resources :    Usage  Request Allocated 
	   Cpus                 :     0.99        1         1 
	   Disk (KB)            :    78           1    212406 
	   Memory (MB)          :   476        2000      2000 
...
