000 (323089.011.000) 05/11 15:54:59 Job submitted from host: <188.184.95.166:9618?addrs=188.184.95.166-9618+[2001-1458-201-e4--100-7a0]-9618&alias=tbird02.cern.ch&noUDP&sock=schedd_2138722_faad_3>
...
040 (323089.011.000) 05/11 15:56:57 Started transferring input files
	Transferring to host: <128.142.240.20:9618?addrs=128.142.240.20-9618+[2001-1458-301-f9--100-4]-9618&noUDP&sock=29066_6057_79>
...
040 (323089.011.000) 05/11 15:56:57 Finished transferring input files
...
001 (323089.011.000) 05/11 15:56:58 Job executing on host: <128.142.240.20:9618?addrs=128.142.240.20-9618+[2001-1458-301-f9--100-4]-9618&noUDP&sock=2375_a184_3>
...
006 (323089.011.000) 05/11 15:57:07 Image size of job updated: 251372
	244  -  MemoryUsage of job (MB)
	249756  -  ResidentSetSize of job (KB)
...
006 (323089.011.000) 05/11 16:02:08 Image size of job updated: 461164
	450  -  MemoryUsage of job (MB)
	460680  -  ResidentSetSize of job (KB)
...
006 (323089.011.000) 05/11 16:07:09 Image size of job updated: 485552
	474  -  MemoryUsage of job (MB)
	485068  -  ResidentSetSize of job (KB)
...
040 (323089.011.000) 05/11 16:10:50 Started transferring output files
...
040 (323089.011.000) 05/11 16:10:50 Finished transferring output files
...
005 (323089.011.000) 05/11 16:10:50 Job terminated.
	(1) Normal termination (return value 1)
		Usr 0 00:12:06, Sys 0 00:01:18  -  Run Remote Usage
		Usr 0 00:00:00, Sys 0 00:00:00  -  Run Local Usage
		Usr 0 00:12:06, Sys 0 00:01:18  -  Total Remote Usage
		Usr 0 00:00:00, Sys 0 00:00:00  -  Total Local Usage
	8555  -  Run Bytes Sent By Job
	10941  -  Run Bytes Received By Job
	8555  -  Total Bytes Sent By Job
	10941  -  Total Bytes Received By Job
	Partitionable Resources :    Usage  Request Allocated 
	   Cpus                 :     0.99        1         1 
	   Disk (KB)            :    78           1    221890 
	   Memory (MB)          :   474        2000      2000 
...
