000 (323096.011.000) 05/11 15:55:03 Job submitted from host: <188.184.95.166:9618?addrs=188.184.95.166-9618+[2001-1458-201-e4--100-7a0]-9618&alias=tbird02.cern.ch&noUDP&sock=schedd_2138722_faad_3>
...
040 (323096.011.000) 05/11 16:02:12 Started transferring input files
	Transferring to host: <188.184.133.213:9618?addrs=188.184.133.213-9618+[--1]-9618&noUDP&sock=3403_78a3_9454>
...
040 (323096.011.000) 05/11 16:02:12 Finished transferring input files
...
001 (323096.011.000) 05/11 16:02:13 Job executing on host: <188.184.133.213:9618?addrs=188.184.133.213-9618+[--1]-9618&noUDP&sock=2278_18d5_3>
...
006 (323096.011.000) 05/11 16:02:22 Image size of job updated: 316032
	228  -  MemoryUsage of job (MB)
	233272  -  ResidentSetSize of job (KB)
...
006 (323096.011.000) 05/11 16:07:22 Image size of job updated: 509116
	496  -  MemoryUsage of job (MB)
	506896  -  ResidentSetSize of job (KB)
...
040 (323096.011.000) 05/11 16:10:57 Started transferring output files
...
040 (323096.011.000) 05/11 16:10:57 Finished transferring output files
...
005 (323096.011.000) 05/11 16:10:57 Job terminated.
	(1) Normal termination (return value 1)
		Usr 0 00:07:16, Sys 0 00:01:03  -  Run Remote Usage
		Usr 0 00:00:00, Sys 0 00:00:00  -  Run Local Usage
		Usr 0 00:07:16, Sys 0 00:01:03  -  Total Remote Usage
		Usr 0 00:00:00, Sys 0 00:00:00  -  Total Local Usage
	13919  -  Run Bytes Sent By Job
	10941  -  Run Bytes Received By Job
	13919  -  Total Bytes Sent By Job
	10941  -  Total Bytes Received By Job
	Partitionable Resources :    Usage  Request Allocated 
	   Cpus                 :                 1           
	   Disk (KB)            :       73        1   2165502 
	   Memory (MB)          :      496     2000      2000 
...
