000 (323103.004.000) 05/11 15:55:09 Job submitted from host: <188.184.95.166:9618?addrs=188.184.95.166-9618+[2001-1458-201-e4--100-7a0]-9618&alias=tbird02.cern.ch&noUDP&sock=schedd_2138722_faad_3>
...
040 (323103.004.000) 05/11 16:06:24 Started transferring input files
	Transferring to host: <188.184.207.185:9618?addrs=188.184.207.185-9618+[2001-1458-301-7d--100-3ef]-9618&noUDP&sock=4232_93a5_127173>
...
040 (323103.004.000) 05/11 16:06:24 Finished transferring input files
...
001 (323103.004.000) 05/11 16:06:25 Job executing on host: <188.184.207.185:9618?addrs=188.184.207.185-9618+[2001-1458-301-7d--100-3ef]-9618&noUDP&sock=2326_0560_3>
...
006 (323103.004.000) 05/11 16:06:33 Image size of job updated: 253256
	173  -  MemoryUsage of job (MB)
	176496  -  ResidentSetSize of job (KB)
...
006 (323103.004.000) 05/11 16:11:33 Image size of job updated: 589656
	495  -  MemoryUsage of job (MB)
	506864  -  ResidentSetSize of job (KB)
...
040 (323103.004.000) 05/11 16:14:49 Started transferring output files
...
040 (323103.004.000) 05/11 16:14:49 Finished transferring output files
...
005 (323103.004.000) 05/11 16:14:49 Job terminated.
	(1) Normal termination (return value 1)
		Usr 0 00:07:16, Sys 0 00:00:58  -  Run Remote Usage
		Usr 0 00:00:00, Sys 0 00:00:00  -  Run Local Usage
		Usr 0 00:07:16, Sys 0 00:00:58  -  Total Remote Usage
		Usr 0 00:00:00, Sys 0 00:00:00  -  Total Local Usage
	8608  -  Run Bytes Sent By Job
	10941  -  Run Bytes Received By Job
	8608  -  Total Bytes Sent By Job
	10941  -  Total Bytes Received By Job
	Partitionable Resources :    Usage  Request Allocated 
	   Cpus                 :                 1           
	   Disk (KB)            :       71        1   2165095 
	   Memory (MB)          :      495     2000      2000 
...
