000 (323102.028.000) 05/11 15:55:08 Job submitted from host: <188.184.95.166:9618?addrs=188.184.95.166-9618+[2001-1458-201-e4--100-7a0]-9618&alias=tbird02.cern.ch&noUDP&sock=schedd_2138722_faad_3>
...
040 (323102.028.000) 05/11 16:06:02 Started transferring input files
	Transferring to host: <188.184.132.51:9618?addrs=188.184.132.51-9618+[2001-1458-301-a0--100-1f]-9618&noUDP&sock=4125_2f81_126197>
...
040 (323102.028.000) 05/11 16:06:02 Finished transferring input files
...
001 (323102.028.000) 05/11 16:06:03 Job executing on host: <188.184.132.51:9618?addrs=188.184.132.51-9618+[2001-1458-301-a0--100-1f]-9618&noUDP&sock=2320_e7cf_3>
...
006 (323102.028.000) 05/11 16:06:11 Image size of job updated: 327992
	240  -  MemoryUsage of job (MB)
	245292  -  ResidentSetSize of job (KB)
...
006 (323102.028.000) 05/11 16:07:00 Image size of job updated: 335124
	240  -  MemoryUsage of job (MB)
	245292  -  ResidentSetSize of job (KB)
...
040 (323102.028.000) 05/11 16:07:00 Started transferring output files
...
040 (323102.028.000) 05/11 16:07:00 Finished transferring output files
...
005 (323102.028.000) 05/11 16:07:00 Job terminated.
	(1) Normal termination (return value 1)
		Usr 0 00:00:45, Sys 0 00:00:06  -  Run Remote Usage
		Usr 0 00:00:00, Sys 0 00:00:00  -  Run Local Usage
		Usr 0 00:00:45, Sys 0 00:00:06  -  Total Remote Usage
		Usr 0 00:00:00, Sys 0 00:00:00  -  Total Local Usage
	5222  -  Run Bytes Sent By Job
	10941  -  Run Bytes Received By Job
	5222  -  Total Bytes Sent By Job
	10941  -  Total Bytes Received By Job
	Partitionable Resources :    Usage  Request Allocated 
	   Cpus                 :                 1           
	   Disk (KB)            :       68        1   2163473 
	   Memory (MB)          :      240     2000      2000 
...
