000 (323097.011.000) 05/11 15:55:04 Job submitted from host: <188.184.95.166:9618?addrs=188.184.95.166-9618+[2001-1458-201-e4--100-7a0]-9618&alias=tbird02.cern.ch&noUDP&sock=schedd_2138722_faad_3>
...
040 (323097.011.000) 05/11 16:03:23 Started transferring input files
	Transferring to host: <128.142.240.52:9618?addrs=128.142.240.52-9618+[2001-1458-301-f9--100-5]-9618&noUDP&sock=4209_5f04_128080>
...
040 (323097.011.000) 05/11 16:03:23 Finished transferring input files
...
001 (323097.011.000) 05/11 16:03:24 Job executing on host: <128.142.240.52:9618?addrs=128.142.240.52-9618+[2001-1458-301-f9--100-5]-9618&noUDP&sock=2340_9fb4_3>
...
006 (323097.011.000) 05/11 16:03:33 Image size of job updated: 337944
	248  -  MemoryUsage of job (MB)
	253908  -  ResidentSetSize of job (KB)
...
006 (323097.011.000) 05/11 16:08:33 Image size of job updated: 591192
	496  -  MemoryUsage of job (MB)
	507100  -  ResidentSetSize of job (KB)
...
040 (323097.011.000) 05/11 16:12:14 Started transferring output files
...
040 (323097.011.000) 05/11 16:12:14 Finished transferring output files
...
005 (323097.011.000) 05/11 16:12:14 Job terminated.
	(1) Normal termination (return value 1)
		Usr 0 00:07:44, Sys 0 00:01:02  -  Run Remote Usage
		Usr 0 00:00:00, Sys 0 00:00:00  -  Run Local Usage
		Usr 0 00:07:44, Sys 0 00:01:02  -  Total Remote Usage
		Usr 0 00:00:00, Sys 0 00:00:00  -  Total Local Usage
	8611  -  Run Bytes Sent By Job
	10941  -  Run Bytes Received By Job
	8611  -  Total Bytes Sent By Job
	10941  -  Total Bytes Received By Job
	Partitionable Resources :    Usage  Request Allocated 
	   Cpus                 :                 1           
	   Disk (KB)            :       71        1   2108632 
	   Memory (MB)          :      496     2000      2000 
...
