000 (323093.018.000) 05/11 15:55:02 Job submitted from host: <188.184.95.166:9618?addrs=188.184.95.166-9618+[2001-1458-201-e4--100-7a0]-9618&alias=tbird02.cern.ch&noUDP&sock=schedd_2138722_faad_3>
...
022 (323093.018.000) 05/11 16:00:16 Job disconnected, attempting to reconnect
    Socket between submit and execute hosts closed unexpectedly
    Trying to reconnect to slot1_1@b7g28n0428.cern.ch <188.184.132.6:9618?addrs=188.184.132.6-9618+[2001-1458-301-a0--100-2]-9618&noUDP&sock=2335_31ba_3>
...
024 (323093.018.000) 05/11 16:00:16 Job reconnection failed
    Job not found at execution machine
    Can not reconnect to slot1_1@b7g28n0428.cern.ch, rescheduling job
...
040 (323093.018.000) 05/11 16:00:50 Started transferring input files
	Transferring to host: <188.184.133.240:9618?addrs=188.184.133.240-9618+[2001-1458-301-a0--100-441]-9618&noUDP&sock=13072_280d_104955>
...
040 (323093.018.000) 05/11 16:00:50 Finished transferring input files
...
001 (323093.018.000) 05/11 16:00:51 Job executing on host: <188.184.133.240:9618?addrs=188.184.133.240-9618+[2001-1458-301-a0--100-441]-9618&noUDP&sock=12865_e5fe_3>
...
006 (323093.018.000) 05/11 16:01:00 Image size of job updated: 335864
	248  -  MemoryUsage of job (MB)
	253412  -  ResidentSetSize of job (KB)
...
006 (323093.018.000) 05/11 16:06:01 Image size of job updated: 474464
	463  -  MemoryUsage of job (MB)
	473316  -  ResidentSetSize of job (KB)
...
006 (323093.018.000) 05/11 16:11:01 Image size of job updated: 508272
	496  -  MemoryUsage of job (MB)
	507124  -  ResidentSetSize of job (KB)
...
040 (323093.018.000) 05/11 16:13:49 Started transferring output files
...
040 (323093.018.000) 05/11 16:13:49 Finished transferring output files
...
005 (323093.018.000) 05/11 16:13:49 Job terminated.
	(1) Normal termination (return value 1)
		Usr 0 00:11:21, Sys 0 00:01:22  -  Run Remote Usage
		Usr 0 00:00:00, Sys 0 00:00:00  -  Run Local Usage
		Usr 0 00:11:21, Sys 0 00:01:22  -  Total Remote Usage
		Usr 0 00:00:00, Sys 0 00:00:00  -  Total Local Usage
	8623  -  Run Bytes Sent By Job
	10941  -  Run Bytes Received By Job
	8623  -  Total Bytes Sent By Job
	10941  -  Total Bytes Received By Job
	Partitionable Resources :    Usage  Request Allocated 
	   Cpus                 :                 1           
	   Disk (KB)            :       71        1   2208314 
	   Memory (MB)          :      496     2000      2000 
...
