000 (323093.022.000) 05/11 15:55:02 Job submitted from host: <188.184.95.166:9618?addrs=188.184.95.166-9618+[2001-1458-201-e4--100-7a0]-9618&alias=tbird02.cern.ch&noUDP&sock=schedd_2138722_faad_3>
...
040 (323093.022.000) 05/11 15:59:43 Started transferring input files
	Transferring to host: <188.184.207.149:9618?addrs=188.184.207.149-9618+[2001-1458-301-7d--100-47c]-9618&noUDP&sock=24621_78c2_82>
...
040 (323093.022.000) 05/11 15:59:43 Finished transferring input files
...
001 (323093.022.000) 05/11 15:59:44 Job executing on host: <188.184.207.149:9618?addrs=188.184.207.149-9618+[2001-1458-301-7d--100-47c]-9618&noUDP&sock=2317_d906_3>
...
006 (323093.022.000) 05/11 15:59:53 Image size of job updated: 113880
	106  -  MemoryUsage of job (MB)
	107808  -  ResidentSetSize of job (KB)
...
006 (323093.022.000) 05/11 16:04:54 Image size of job updated: 422088
	406  -  MemoryUsage of job (MB)
	414744  -  ResidentSetSize of job (KB)
...
006 (323093.022.000) 05/11 16:09:54 Image size of job updated: 516084
	497  -  MemoryUsage of job (MB)
	508740  -  ResidentSetSize of job (KB)
...
040 (323093.022.000) 05/11 16:13:46 Started transferring output files
...
040 (323093.022.000) 05/11 16:13:46 Finished transferring output files
...
005 (323093.022.000) 05/11 16:13:46 Job terminated.
	(1) Normal termination (return value 1)
		Usr 0 00:12:00, Sys 0 00:01:22  -  Run Remote Usage
		Usr 0 00:00:00, Sys 0 00:00:00  -  Run Local Usage
		Usr 0 00:12:00, Sys 0 00:01:22  -  Total Remote Usage
		Usr 0 00:00:00, Sys 0 00:00:00  -  Total Local Usage
	8623  -  Run Bytes Sent By Job
	10941  -  Run Bytes Received By Job
	8623  -  Total Bytes Sent By Job
	10941  -  Total Bytes Received By Job
	Partitionable Resources :    Usage  Request Allocated 
	   Cpus                 :     0.99        1         1 
	   Disk (KB)            :    78           1    217238 
	   Memory (MB)          :   497        2000      2000 
...
