000 (323088.022.000) 05/11 15:54:59 Job submitted from host: <188.184.95.166:9618?addrs=188.184.95.166-9618+[2001-1458-201-e4--100-7a0]-9618&alias=tbird02.cern.ch&noUDP&sock=schedd_2138722_faad_3>
...
040 (323088.022.000) 05/11 15:56:53 Started transferring input files
	Transferring to host: <188.184.132.10:9618?addrs=188.184.132.10-9618+[2001-1458-301-a0--100-3]-9618&noUDP&sock=29090_4958_70>
...
040 (323088.022.000) 05/11 15:56:53 Finished transferring input files
...
001 (323088.022.000) 05/11 15:56:54 Job executing on host: <188.184.132.10:9618?addrs=188.184.132.10-9618+[2001-1458-301-a0--100-3]-9618&noUDP&sock=2362_b6c9_3>
...
006 (323088.022.000) 05/11 15:57:03 Image size of job updated: 253120
	245  -  MemoryUsage of job (MB)
	250436  -  ResidentSetSize of job (KB)
...
006 (323088.022.000) 05/11 16:00:52 Image size of job updated: 440756
	245  -  MemoryUsage of job (MB)
	250440  -  ResidentSetSize of job (KB)
...
040 (323088.022.000) 05/11 16:00:52 Started transferring output files
...
040 (323088.022.000) 05/11 16:00:52 Finished transferring output files
...
005 (323088.022.000) 05/11 16:00:52 Job terminated.
	(1) Normal termination (return value 1)
		Usr 0 00:03:20, Sys 0 00:00:24  -  Run Remote Usage
		Usr 0 00:00:00, Sys 0 00:00:00  -  Run Local Usage
		Usr 0 00:03:20, Sys 0 00:00:24  -  Total Remote Usage
		Usr 0 00:00:00, Sys 0 00:00:00  -  Total Local Usage
	6090  -  Run Bytes Sent By Job
	10941  -  Run Bytes Received By Job
	6090  -  Total Bytes Sent By Job
	10941  -  Total Bytes Received By Job
	Partitionable Resources :    Usage  Request Allocated 
	   Cpus                 :     0.98        1         1 
	   Disk (KB)            :    75           1    222445 
	   Memory (MB)          :   245        2000      2000 
...
