000 (323085.000.000) 05/11 15:54:57 Job submitted from host: <188.184.95.166:9618?addrs=188.184.95.166-9618+[2001-1458-201-e4--100-7a0]-9618&alias=tbird02.cern.ch&noUDP&sock=schedd_2138722_faad_3>
...
040 (323085.000.000) 05/11 15:56:18 Started transferring input files
	Transferring to host: <188.184.132.51:9618?addrs=188.184.132.51-9618+[2001-1458-301-a0--100-1f]-9618&noUDP&sock=4125_2f81_126192>
...
040 (323085.000.000) 05/11 15:56:18 Finished transferring input files
...
001 (323085.000.000) 05/11 15:56:19 Job executing on host: <188.184.132.51:9618?addrs=188.184.132.51-9618+[2001-1458-301-a0--100-1f]-9618&noUDP&sock=2320_e7cf_3>
...
006 (323085.000.000) 05/11 15:56:27 Image size of job updated: 195244
	115  -  MemoryUsage of job (MB)
	117520  -  ResidentSetSize of job (KB)
...
006 (323085.000.000) 05/11 16:01:27 Image size of job updated: 571392
	475  -  MemoryUsage of job (MB)
	485636  -  ResidentSetSize of job (KB)
...
040 (323085.000.000) 05/11 16:06:01 Started transferring output files
...
040 (323085.000.000) 05/11 16:06:01 Finished transferring output files
...
005 (323085.000.000) 05/11 16:06:01 Job terminated.
	(1) Normal termination (return value 1)
		Usr 0 00:08:30, Sys 0 00:01:00  -  Run Remote Usage
		Usr 0 00:00:00, Sys 0 00:00:00  -  Run Local Usage
		Usr 0 00:08:30, Sys 0 00:01:00  -  Total Remote Usage
		Usr 0 00:00:00, Sys 0 00:00:00  -  Total Local Usage
	8388  -  Run Bytes Sent By Job
	10941  -  Run Bytes Received By Job
	8388  -  Total Bytes Sent By Job
	10941  -  Total Bytes Received By Job
	Partitionable Resources :    Usage  Request Allocated 
	   Cpus                 :                 1           
	   Disk (KB)            :       70        1   2163473 
	   Memory (MB)          :      475     2000      2000 
...
