000 (323085.026.000) 05/11 15:54:57 Job submitted from host: <188.184.95.166:9618?addrs=188.184.95.166-9618+[2001-1458-201-e4--100-7a0]-9618&alias=tbird02.cern.ch&noUDP&sock=schedd_2138722_faad_3>
...
040 (323085.026.000) 05/11 15:56:27 Started transferring input files
	Transferring to host: <188.184.133.223:9618?addrs=188.184.133.223-9618+[2001-1458-301-a0--100-243]-9618&noUDP&sock=12961_f268_103108>
...
040 (323085.026.000) 05/11 15:56:27 Finished transferring input files
...
001 (323085.026.000) 05/11 15:56:28 Job executing on host: <188.184.133.223:9618?addrs=188.184.133.223-9618+[2001-1458-301-a0--100-243]-9618&noUDP&sock=12753_1362_3>
...
006 (323085.026.000) 05/11 15:56:36 Image size of job updated: 252020
	170  -  MemoryUsage of job (MB)
	173108  -  ResidentSetSize of job (KB)
...
006 (323085.026.000) 05/11 16:01:36 Image size of job updated: 573684
	477  -  MemoryUsage of job (MB)
	487924  -  ResidentSetSize of job (KB)
...
040 (323085.026.000) 05/11 16:04:17 Started transferring output files
...
040 (323085.026.000) 05/11 16:04:17 Finished transferring output files
...
005 (323085.026.000) 05/11 16:04:17 Job terminated.
	(1) Normal termination (return value 1)
		Usr 0 00:06:47, Sys 0 00:00:49  -  Run Remote Usage
		Usr 0 00:00:00, Sys 0 00:00:00  -  Run Local Usage
		Usr 0 00:06:47, Sys 0 00:00:49  -  Total Remote Usage
		Usr 0 00:00:00, Sys 0 00:00:00  -  Total Local Usage
	8556  -  Run Bytes Sent By Job
	10941  -  Run Bytes Received By Job
	8556  -  Total Bytes Sent By Job
	10941  -  Total Bytes Received By Job
	Partitionable Resources :    Usage  Request Allocated 
	   Cpus                 :                 1           
	   Disk (KB)            :       71        1   2120706 
	   Memory (MB)          :      477     2000      2000 
...
