   TTToSemilepton_powheg_part2   MC  28 chunks


I have 1 taks to process
I'm using the following list of modules DEFAULT_MODULES
this is jobs [('TTToSemilepton_powheg_part2', 'MY_EOS_SPACE/heppyNtuples/TREES_TopDibosonsQCD_94X/TTToSemilepton_powheg_part2/treeProducerWMass/tree.root', 12596384.0, '_Friend_TTToSemilepton_powheg_part2.chunk6', False, xrange(1500000, 1750000), 6)]
Modules to run:  []   name =  puWeight
Loading puWeight from CMGTools.WMass.postprocessing.examples.puWeightProducer 
Running on dataset =  TTToSemilepton_powheg_part2
TFile: name=/afs/cern.ch/work/m/mciprian/w_mass_analysis/heppy/rel_slc7/CMSSW_9_4_12/src/CMGTools/WMass/python/postprocessing/data/pileup/mcPU_2016_W94XnoCutsWithGenWeights_nTrueInt.root, title=, option=READ
TFile: name=/afs/cern.ch/work/m/mciprian/w_mass_analysis/heppy/rel_slc7/CMSSW_9_4_12/src/CMGTools/WMass/python/postprocessing/data/pileup/PileupData_GoldenMuonJSON_Full2016.root, title=, option=READ
Load C++ Worker
Modules to run:  []   name =  muCalibratedWithStatVar
Loading muCalibratedWithStatVar from CMGTools.WMass.postprocessing.examples.lepVarProducer 
Running on dataset =  TTToSemilepton_powheg_part2
did not find EnergyScaleCorrection shared object, rebuilding
trying to load all the rochester correction libraries
did not find legacy data roccor. rebuilding...
done building legacy data roccor.
Modules to run:  []   name =  jetAllReCleaner
Loading jetAllReCleaner from CMGTools.WMass.postprocessing.examples.jetReCleaner 
Running on dataset =  TTToSemilepton_powheg_part2
Load C++ Worker
Modules to run:  []   name =  jetReCleaner
Loading jetReCleaner from CMGTools.WMass.postprocessing.examples.jetReCleaner 
Running on dataset =  TTToSemilepton_powheg_part2
Load C++ Worker
Modules to run:  []   name =  genQEDJets
Loading genQEDJets from CMGTools.WMass.postprocessing.examples.genFriendProducer 
Running on dataset =  TTToSemilepton_powheg_part2
Will write selected trees to MY_EOS_SPACE/heppyNtuples/TREES_TopDibosonsQCD_94X/friends/
Normalization of nTrueInt_Wnopt: 3.68902e+10
Normalization of pileup: 3.68902e+10
Weights for variable nTrueInt_Wnopt with a number of bins equal to 102:
1 0.3634 0.9215 1.196 0.96 1.118 1.157 0.9675 0.9293 0.9192 0.8823 0.9553 1.062 1.116 1.167 1.194 1.2 1.193 1.177 1.14 1.092 1.06 1.047 1.046 1.047 1.048 1.06 1.077 1.092 1.106 1.122 1.108 1.097 1.051 0.992 0.9144 0.8237 0.7175 0.6087 0.5019 0.4029 0.3076 0.2264 0.1622 0.1123 0.07656 0.05052 0.03159 0.01992 0.01212 0.007355 0.004361 0.002593 0.001553 0.0009624 0.0007219 0.0006632 0.0007233 0.0009289 0.001329 0.001772 0.003222 0.004042 0.00487 0.005064 0.005658 0.005309 0.004846 0.004101 0.003977 0.003686 0.003306 0.002672 0.002286 0.001878 0.00167 1 1 1 1 1 1 1 1 1 1 1 1 1 1 1 1 1 1 1 1 1 1 1 1 1 1 .
Final weights: 
1 0.3634 0.9215 1.196 0.96 1.118 1.157 0.9675 0.9293 0.9192 0.8823 0.9553 1.062 1.116 1.167 1.194 1.2 1.193 1.177 1.14 1.092 1.06 1.047 1.046 1.047 1.048 1.06 1.077 1.092 1.106 1.122 1.108 1.097 1.051 0.992 0.9144 0.8237 0.7175 0.6087 0.5019 0.4029 0.3076 0.2264 0.1622 0.1123 0.07656 0.05052 0.03159 0.01992 0.01212 0.007355 0.004361 0.002593 0.001553 0.0009624 0.0007219 0.0006632 0.0007233 0.0009289 0.001329 0.001772 0.003222 0.004042 0.00487 0.005064 0.005658 0.005309 0.004846 0.004101 0.003977 0.003686 0.003306 0.002672 0.002286 0.001878 0.00167 1 1 1 1 1 1 1 1 1 1 1 1 1 1 1 1 1 1 1 1 1 1 1 1 1 1 .
begin job of lepCalProducer
initializing all the rochester correction objects
initializing the egamma calibrator
Processed  1500000/ 6901302 entries (elapsed time     0.3s, curr speed   29.412 kHz, avg speed 4411.765 kHz), accepted        1/       1 events (100.00%)
Processed  1510000/ 6901302 entries (elapsed time    21.1s, curr speed    0.481 kHz, avg speed   71.462 kHz), accepted    10001/   10001 events (100.00%)
Processed  1520000/ 6901302 entries (elapsed time    41.6s, curr speed    0.487 kHz, avg speed   36.495 kHz), accepted    20001/   20001 events (100.00%)
Processed  1530000/ 6901302 entries (elapsed time    62.3s, curr speed    0.485 kHz, avg speed   24.570 kHz), accepted    30001/   30001 events (100.00%)
Processed  1540000/ 6901302 entries (elapsed time    83.1s, curr speed    0.479 kHz, avg speed   18.523 kHz), accepted    40001/   40001 events (100.00%)
Processed  1550000/ 6901302 entries (elapsed time   103.9s, curr speed    0.482 kHz, avg speed   14.922 kHz), accepted    50001/   50001 events (100.00%)
Processed  1560000/ 6901302 entries (elapsed time   124.7s, curr speed    0.481 kHz, avg speed   12.512 kHz), accepted    60001/   60001 events (100.00%)
Processed  1570000/ 6901302 entries (elapsed time   142.8s, curr speed    0.552 kHz, avg speed   10.994 kHz), accepted    70001/   70001 events (100.00%)
Processed  1580000/ 6901302 entries (elapsed time   161.2s, curr speed    0.544 kHz, avg speed    9.802 kHz), accepted    80001/   80001 events (100.00%)
Processed  1590000/ 6901302 entries (elapsed time   179.7s, curr speed    0.541 kHz, avg speed    8.849 kHz), accepted    90001/   90001 events (100.00%)
Processed  1600000/ 6901302 entries (elapsed time   198.1s, curr speed    0.542 kHz, avg speed    8.075 kHz), accepted   100001/  100001 events (100.00%)
Processed  1610000/ 6901302 entries (elapsed time   216.4s, curr speed    0.549 kHz, avg speed    7.442 kHz), accepted   110001/  110001 events (100.00%)
Processed  1620000/ 6901302 entries (elapsed time   255.4s, curr speed    0.256 kHz, avg speed    6.344 kHz), accepted   120001/  120001 events (100.00%)
Processed  1630000/ 6901302 entries (elapsed time   273.4s, curr speed    0.556 kHz, avg speed    5.963 kHz), accepted   130001/  130001 events (100.00%)
Processed  1640000/ 6901302 entries (elapsed time   291.6s, curr speed    0.549 kHz, avg speed    5.625 kHz), accepted   140001/  140001 events (100.00%)
Processed  1650000/ 6901302 entries (elapsed time   309.9s, curr speed    0.546 kHz, avg speed    5.324 kHz), accepted   150001/  150001 events (100.00%)
Processed  1660000/ 6901302 entries (elapsed time   328.2s, curr speed    0.547 kHz, avg speed    5.058 kHz), accepted   160001/  160001 events (100.00%)
Processed  1670000/ 6901302 entries (elapsed time   346.2s, curr speed    0.554 kHz, avg speed    4.824 kHz), accepted   170001/  170001 events (100.00%)
Processed  1680000/ 6901302 entries (elapsed time   385.1s, curr speed    0.257 kHz, avg speed    4.362 kHz), accepted   180001/  180001 events (100.00%)
Processed  1690000/ 6901302 entries (elapsed time   403.3s, curr speed    0.552 kHz, avg speed    4.191 kHz), accepted   190001/  190001 events (100.00%)
Processed  1700000/ 6901302 entries (elapsed time   421.8s, curr speed    0.540 kHz, avg speed    4.030 kHz), accepted   200001/  200001 events (100.00%)
Processed  1710000/ 6901302 entries (elapsed time   440.2s, curr speed    0.543 kHz, avg speed    3.885 kHz), accepted   210001/  210001 events (100.00%)
Processed  1720000/ 6901302 entries (elapsed time   458.5s, curr speed    0.546 kHz, avg speed    3.751 kHz), accepted   220001/  220001 events (100.00%)
Processed  1730000/ 6901302 entries (elapsed time   476.7s, curr speed    0.549 kHz, avg speed    3.629 kHz), accepted   230001/  230001 events (100.00%)
Processed  1740000/ 6901302 entries (elapsed time   515.3s, curr speed    0.259 kHz, avg speed    3.377 kHz), accepted   240001/  240001 events (100.00%)
Processed 250000 entries from MY_EOS_SPACE/heppyNtuples/TREES_TopDibosonsQCD_94X/TTToSemilepton_powheg_part2/treeProducerWMass/tree.root, selected 250000 entries
Done MY_EOS_SPACE/heppyNtuples/TREES_TopDibosonsQCD_94X/friends/tree_Friend_TTToSemilepton_powheg_part2.chunk6.root
