   TTTo2L2Nu_powheg_part8   MC  29 chunks


I have 1 taks to process
I'm using the following list of modules DEFAULT_MODULES
this is jobs [('TTTo2L2Nu_powheg_part8', 'MY_EOS_SPACE/heppyNtuples/TREES_TopDibosonsQCD_94X/TTTo2L2Nu_powheg_part8/treeProducerWMass/tree.root', 8960940.0, '_Friend_TTTo2L2Nu_powheg_part8.chunk14', False, xrange(3500000, 3750000), 14)]
Modules to run:  []   name =  puWeight
Loading puWeight from CMGTools.WMass.postprocessing.examples.puWeightProducer 
Running on dataset =  TTTo2L2Nu_powheg_part8
TFile: name=/afs/cern.ch/work/m/mciprian/w_mass_analysis/heppy/rel_slc7/CMSSW_9_4_12/src/CMGTools/WMass/python/postprocessing/data/pileup/mcPU_2016_W94XnoCutsWithGenWeights_nTrueInt.root, title=, option=READ
TFile: name=/afs/cern.ch/work/m/mciprian/w_mass_analysis/heppy/rel_slc7/CMSSW_9_4_12/src/CMGTools/WMass/python/postprocessing/data/pileup/PileupData_GoldenMuonJSON_Full2016.root, title=, option=READ
Load C++ Worker
Modules to run:  []   name =  muCalibratedWithStatVar
Loading muCalibratedWithStatVar from CMGTools.WMass.postprocessing.examples.lepVarProducer 
Running on dataset =  TTTo2L2Nu_powheg_part8
did not find EnergyScaleCorrection shared object, rebuilding
trying to load all the rochester correction libraries
did not find legacy data roccor. rebuilding...
done building legacy data roccor.
Modules to run:  []   name =  jetAllReCleaner
Loading jetAllReCleaner from CMGTools.WMass.postprocessing.examples.jetReCleaner 
Running on dataset =  TTTo2L2Nu_powheg_part8
Load C++ Worker
Modules to run:  []   name =  jetReCleaner
Loading jetReCleaner from CMGTools.WMass.postprocessing.examples.jetReCleaner 
Running on dataset =  TTTo2L2Nu_powheg_part8
Load C++ Worker
Modules to run:  []   name =  genQEDJets
Loading genQEDJets from CMGTools.WMass.postprocessing.examples.genFriendProducer 
Running on dataset =  TTTo2L2Nu_powheg_part8
Will write selected trees to MY_EOS_SPACE/heppyNtuples/TREES_TopDibosonsQCD_94X/friends/
Normalization of nTrueInt_Wnopt: 3.68902e+10
Normalization of pileup: 3.68902e+10
Weights for variable nTrueInt_Wnopt with a number of bins equal to 102:
1 0.3634 0.9215 1.196 0.96 1.118 1.157 0.9675 0.9293 0.9192 0.8823 0.9553 1.062 1.116 1.167 1.194 1.2 1.193 1.177 1.14 1.092 1.06 1.047 1.046 1.047 1.048 1.06 1.077 1.092 1.106 1.122 1.108 1.097 1.051 0.992 0.9144 0.8237 0.7175 0.6087 0.5019 0.4029 0.3076 0.2264 0.1622 0.1123 0.07656 0.05052 0.03159 0.01992 0.01212 0.007355 0.004361 0.002593 0.001553 0.0009624 0.0007219 0.0006632 0.0007233 0.0009289 0.001329 0.001772 0.003222 0.004042 0.00487 0.005064 0.005658 0.005309 0.004846 0.004101 0.003977 0.003686 0.003306 0.002672 0.002286 0.001878 0.00167 1 1 1 1 1 1 1 1 1 1 1 1 1 1 1 1 1 1 1 1 1 1 1 1 1 1 .
Final weights: 
1 0.3634 0.9215 1.196 0.96 1.118 1.157 0.9675 0.9293 0.9192 0.8823 0.9553 1.062 1.116 1.167 1.194 1.2 1.193 1.177 1.14 1.092 1.06 1.047 1.046 1.047 1.048 1.06 1.077 1.092 1.106 1.122 1.108 1.097 1.051 0.992 0.9144 0.8237 0.7175 0.6087 0.5019 0.4029 0.3076 0.2264 0.1622 0.1123 0.07656 0.05052 0.03159 0.01992 0.01212 0.007355 0.004361 0.002593 0.001553 0.0009624 0.0007219 0.0006632 0.0007233 0.0009289 0.001329 0.001772 0.003222 0.004042 0.00487 0.005064 0.005658 0.005309 0.004846 0.004101 0.003977 0.003686 0.003306 0.002672 0.002286 0.001878 0.00167 1 1 1 1 1 1 1 1 1 1 1 1 1 1 1 1 1 1 1 1 1 1 1 1 1 1 .
begin job of lepCalProducer
initializing all the rochester correction objects
initializing the egamma calibrator
Processed  3500000/ 7005203 entries (elapsed time     0.5s, curr speed   20.833 kHz, avg speed 7291.667 kHz), accepted        1/       1 events (100.00%)
Processed  3510000/ 7005203 entries (elapsed time    34.1s, curr speed    0.298 kHz, avg speed  103.023 kHz), accepted    10001/   10001 events (100.00%)
Processed  3520000/ 7005203 entries (elapsed time    69.1s, curr speed    0.285 kHz, avg speed   50.926 kHz), accepted    20001/   20001 events (100.00%)
Processed  3530000/ 7005203 entries (elapsed time   102.8s, curr speed    0.296 kHz, avg speed   34.322 kHz), accepted    30001/   30001 events (100.00%)
Processed  3540000/ 7005203 entries (elapsed time   140.1s, curr speed    0.269 kHz, avg speed   25.269 kHz), accepted    40001/   40001 events (100.00%)
Processed  3550000/ 7005203 entries (elapsed time   174.9s, curr speed    0.287 kHz, avg speed   20.294 kHz), accepted    50001/   50001 events (100.00%)
Processed  3560000/ 7005203 entries (elapsed time   205.1s, curr speed    0.331 kHz, avg speed   17.357 kHz), accepted    60001/   60001 events (100.00%)
Processed  3570000/ 7005203 entries (elapsed time   236.7s, curr speed    0.317 kHz, avg speed   15.086 kHz), accepted    70001/   70001 events (100.00%)
Processed  3580000/ 7005203 entries (elapsed time   269.9s, curr speed    0.301 kHz, avg speed   13.265 kHz), accepted    80001/   80001 events (100.00%)
Processed  3590000/ 7005203 entries (elapsed time   301.5s, curr speed    0.316 kHz, avg speed   11.907 kHz), accepted    90001/   90001 events (100.00%)
Processed  3600000/ 7005203 entries (elapsed time   332.8s, curr speed    0.320 kHz, avg speed   10.819 kHz), accepted   100001/  100001 events (100.00%)
Processed  3610000/ 7005203 entries (elapsed time   401.8s, curr speed    0.145 kHz, avg speed    8.986 kHz), accepted   110001/  110001 events (100.00%)
Processed  3620000/ 7005203 entries (elapsed time   433.1s, curr speed    0.319 kHz, avg speed    8.359 kHz), accepted   120001/  120001 events (100.00%)
Processed  3630000/ 7005203 entries (elapsed time   465.0s, curr speed    0.313 kHz, avg speed    7.806 kHz), accepted   130001/  130001 events (100.00%)
Processed  3640000/ 7005203 entries (elapsed time   496.0s, curr speed    0.322 kHz, avg speed    7.338 kHz), accepted   140001/  140001 events (100.00%)
Processed  3650000/ 7005203 entries (elapsed time   527.2s, curr speed    0.321 kHz, avg speed    6.923 kHz), accepted   150001/  150001 events (100.00%)
Processed  3660000/ 7005203 entries (elapsed time   595.9s, curr speed    0.146 kHz, avg speed    6.142 kHz), accepted   160001/  160001 events (100.00%)
Processed  3670000/ 7005203 entries (elapsed time   628.0s, curr speed    0.311 kHz, avg speed    5.844 kHz), accepted   170001/  170001 events (100.00%)
Processed  3680000/ 7005203 entries (elapsed time   660.5s, curr speed    0.307 kHz, avg speed    5.571 kHz), accepted   180001/  180001 events (100.00%)
Processed  3690000/ 7005203 entries (elapsed time   693.7s, curr speed    0.301 kHz, avg speed    5.319 kHz), accepted   190001/  190001 events (100.00%)
Processed  3700000/ 7005203 entries (elapsed time   723.4s, curr speed    0.337 kHz, avg speed    5.115 kHz), accepted   200001/  200001 events (100.00%)
Processed  3710000/ 7005203 entries (elapsed time   789.0s, curr speed    0.152 kHz, avg speed    4.702 kHz), accepted   210001/  210001 events (100.00%)
Processed  3720000/ 7005203 entries (elapsed time   820.1s, curr speed    0.322 kHz, avg speed    4.536 kHz), accepted   220001/  220001 events (100.00%)
Processed  3730000/ 7005203 entries (elapsed time   851.1s, curr speed    0.322 kHz, avg speed    4.382 kHz), accepted   230001/  230001 events (100.00%)
Processed  3740000/ 7005203 entries (elapsed time   878.9s, curr speed    0.360 kHz, avg speed    4.255 kHz), accepted   240001/  240001 events (100.00%)
Processed 250000 entries from MY_EOS_SPACE/heppyNtuples/TREES_TopDibosonsQCD_94X/TTTo2L2Nu_powheg_part8/treeProducerWMass/tree.root, selected 250000 entries
Done MY_EOS_SPACE/heppyNtuples/TREES_TopDibosonsQCD_94X/friends/tree_Friend_TTTo2L2Nu_powheg_part8.chunk14.root
