000 (323097.026.000) 05/11 15:55:04 Job submitted from host: <188.184.95.166:9618?addrs=188.184.95.166-9618+[2001-1458-201-e4--100-7a0]-9618&alias=tbird02.cern.ch&noUDP&sock=schedd_2138722_faad_3>
...
040 (323097.026.000) 05/11 16:03:43 Started transferring input files
	Transferring to host: <188.184.186.8:9618?addrs=188.184.186.8-9618+[2001-1458-301-f8--100-1e]-9618&noUDP&sock=4054_28de_126910>
...
040 (323097.026.000) 05/11 16:03:43 Finished transferring input files
...
001 (323097.026.000) 05/11 16:03:44 Job executing on host: <188.184.186.8:9618?addrs=188.184.186.8-9618+[2001-1458-301-f8--100-1e]-9618&noUDP&sock=2328_6491_3>
...
006 (323097.026.000) 05/11 16:03:52 Image size of job updated: 330116
	239  -  MemoryUsage of job (MB)
	244568  -  ResidentSetSize of job (KB)
...
006 (323097.026.000) 05/11 16:08:52 Image size of job updated: 511232
	497  -  MemoryUsage of job (MB)
	508400  -  ResidentSetSize of job (KB)
...
040 (323097.026.000) 05/11 16:12:27 Started transferring output files
...
040 (323097.026.000) 05/11 16:12:27 Finished transferring output files
...
005 (323097.026.000) 05/11 16:12:27 Job terminated.
	(1) Normal termination (return value 1)
		Usr 0 00:07:40, Sys 0 00:00:59  -  Run Remote Usage
		Usr 0 00:00:00, Sys 0 00:00:00  -  Run Local Usage
		Usr 0 00:07:40, Sys 0 00:00:59  -  Total Remote Usage
		Usr 0 00:00:00, Sys 0 00:00:00  -  Total Local Usage
	8612  -  Run Bytes Sent By Job
	10941  -  Run Bytes Received By Job
	8612  -  Total Bytes Sent By Job
	10941  -  Total Bytes Received By Job
	Partitionable Resources :    Usage  Request Allocated 
	   Cpus                 :                 1           
	   Disk (KB)            :       71        1   2114020 
	   Memory (MB)          :      497     2000      2000 
...
