000 (323086.005.000) 05/11 15:54:57 Job submitted from host: <188.184.95.166:9618?addrs=188.184.95.166-9618+[2001-1458-201-e4--100-7a0]-9618&alias=tbird02.cern.ch&noUDP&sock=schedd_2138722_faad_3>
...
040 (323086.005.000) 05/11 15:56:30 Started transferring input files
	Transferring to host: <188.184.133.230:9618?addrs=188.184.133.230-9618+[2001-1458-301-a0--100-39e]-9618&noUDP&sock=14733_7b30_102712>
...
040 (323086.005.000) 05/11 15:56:30 Finished transferring input files
...
001 (323086.005.000) 05/11 15:56:31 Job executing on host: <188.184.133.230:9618?addrs=188.184.133.230-9618+[2001-1458-301-a0--100-39e]-9618&noUDP&sock=14404_863f_3>
...
006 (323086.005.000) 05/11 15:56:39 Image size of job updated: 255696
	173  -  MemoryUsage of job (MB)
	176440  -  ResidentSetSize of job (KB)
...
006 (323086.005.000) 05/11 16:01:39 Image size of job updated: 489428
	476  -  MemoryUsage of job (MB)
	486536  -  ResidentSetSize of job (KB)
...
040 (323086.005.000) 05/11 16:04:47 Started transferring output files
...
040 (323086.005.000) 05/11 16:04:47 Finished transferring output files
...
005 (323086.005.000) 05/11 16:04:47 Job terminated.
	(1) Normal termination (return value 1)
		Usr 0 00:07:15, Sys 0 00:00:54  -  Run Remote Usage
		Usr 0 00:00:00, Sys 0 00:00:00  -  Run Local Usage
		Usr 0 00:07:15, Sys 0 00:00:54  -  Total Remote Usage
		Usr 0 00:00:00, Sys 0 00:00:00  -  Total Local Usage
	8552  -  Run Bytes Sent By Job
	10941  -  Run Bytes Received By Job
	8552  -  Total Bytes Sent By Job
	10941  -  Total Bytes Received By Job
	Partitionable Resources :    Usage  Request Allocated 
	   Cpus                 :                 1           
	   Disk (KB)            :       71        1   2144291 
	   Memory (MB)          :      476     2000      2000 
...
