   TTTo2L2Nu_powheg_part7   MC  23 chunks


I have 1 taks to process
I'm using the following list of modules DEFAULT_MODULES
this is jobs [('TTTo2L2Nu_powheg_part7', 'MY_EOS_SPACE/heppyNtuples/TREES_TopDibosonsQCD_94X/TTTo2L2Nu_powheg_part7/treeProducerWMass/tree.root', 7144600.0, '_Friend_TTTo2L2Nu_powheg_part7.chunk16', False, xrange(4000000, 4250000), 16)]
Modules to run:  []   name =  puWeight
Loading puWeight from CMGTools.WMass.postprocessing.examples.puWeightProducer 
Running on dataset =  TTTo2L2Nu_powheg_part7
TFile: name=/afs/cern.ch/work/m/mciprian/w_mass_analysis/heppy/rel_slc7/CMSSW_9_4_12/src/CMGTools/WMass/python/postprocessing/data/pileup/mcPU_2016_W94XnoCutsWithGenWeights_nTrueInt.root, title=, option=READ
TFile: name=/afs/cern.ch/work/m/mciprian/w_mass_analysis/heppy/rel_slc7/CMSSW_9_4_12/src/CMGTools/WMass/python/postprocessing/data/pileup/PileupData_GoldenMuonJSON_Full2016.root, title=, option=READ
Load C++ Worker
Modules to run:  []   name =  muCalibratedWithStatVar
Loading muCalibratedWithStatVar from CMGTools.WMass.postprocessing.examples.lepVarProducer 
Running on dataset =  TTTo2L2Nu_powheg_part7
did not find EnergyScaleCorrection shared object, rebuilding
trying to load all the rochester correction libraries
did not find legacy data roccor. rebuilding...
done building legacy data roccor.
Modules to run:  []   name =  jetAllReCleaner
Loading jetAllReCleaner from CMGTools.WMass.postprocessing.examples.jetReCleaner 
Running on dataset =  TTTo2L2Nu_powheg_part7
Load C++ Worker
Modules to run:  []   name =  jetReCleaner
Loading jetReCleaner from CMGTools.WMass.postprocessing.examples.jetReCleaner 
Running on dataset =  TTTo2L2Nu_powheg_part7
Load C++ Worker
Modules to run:  []   name =  genQEDJets
Loading genQEDJets from CMGTools.WMass.postprocessing.examples.genFriendProducer 
Running on dataset =  TTTo2L2Nu_powheg_part7
Will write selected trees to MY_EOS_SPACE/heppyNtuples/TREES_TopDibosonsQCD_94X/friends/
Normalization of nTrueInt_Wnopt: 3.68902e+10
Normalization of pileup: 3.68902e+10
Weights for variable nTrueInt_Wnopt with a number of bins equal to 102:
1 0.3634 0.9215 1.196 0.96 1.118 1.157 0.9675 0.9293 0.9192 0.8823 0.9553 1.062 1.116 1.167 1.194 1.2 1.193 1.177 1.14 1.092 1.06 1.047 1.046 1.047 1.048 1.06 1.077 1.092 1.106 1.122 1.108 1.097 1.051 0.992 0.9144 0.8237 0.7175 0.6087 0.5019 0.4029 0.3076 0.2264 0.1622 0.1123 0.07656 0.05052 0.03159 0.01992 0.01212 0.007355 0.004361 0.002593 0.001553 0.0009624 0.0007219 0.0006632 0.0007233 0.0009289 0.001329 0.001772 0.003222 0.004042 0.00487 0.005064 0.005658 0.005309 0.004846 0.004101 0.003977 0.003686 0.003306 0.002672 0.002286 0.001878 0.00167 1 1 1 1 1 1 1 1 1 1 1 1 1 1 1 1 1 1 1 1 1 1 1 1 1 1 .
Final weights: 
1 0.3634 0.9215 1.196 0.96 1.118 1.157 0.9675 0.9293 0.9192 0.8823 0.9553 1.062 1.116 1.167 1.194 1.2 1.193 1.177 1.14 1.092 1.06 1.047 1.046 1.047 1.048 1.06 1.077 1.092 1.106 1.122 1.108 1.097 1.051 0.992 0.9144 0.8237 0.7175 0.6087 0.5019 0.4029 0.3076 0.2264 0.1622 0.1123 0.07656 0.05052 0.03159 0.01992 0.01212 0.007355 0.004361 0.002593 0.001553 0.0009624 0.0007219 0.0006632 0.0007233 0.0009289 0.001329 0.001772 0.003222 0.004042 0.00487 0.005064 0.005658 0.005309 0.004846 0.004101 0.003977 0.003686 0.003306 0.002672 0.002286 0.001878 0.00167 1 1 1 1 1 1 1 1 1 1 1 1 1 1 1 1 1 1 1 1 1 1 1 1 1 1 .
begin job of lepCalProducer
initializing all the rochester correction objects
initializing the egamma calibrator
Processed  4000000/ 5584888 entries (elapsed time     0.5s, curr speed   20.000 kHz, avg speed 8000.000 kHz), accepted        1/       1 events (100.00%)
Processed  4010000/ 5584888 entries (elapsed time    41.5s, curr speed    0.244 kHz, avg speed   96.510 kHz), accepted    10001/   10001 events (100.00%)
Processed  4020000/ 5584888 entries (elapsed time    83.4s, curr speed    0.239 kHz, avg speed   48.230 kHz), accepted    20001/   20001 events (100.00%)
Processed  4030000/ 5584888 entries (elapsed time   125.2s, curr speed    0.239 kHz, avg speed   32.196 kHz), accepted    30001/   30001 events (100.00%)
Processed  4040000/ 5584888 entries (elapsed time   168.3s, curr speed    0.232 kHz, avg speed   24.009 kHz), accepted    40001/   40001 events (100.00%)
Processed  4050000/ 5584888 entries (elapsed time   211.7s, curr speed    0.230 kHz, avg speed   19.127 kHz), accepted    50001/   50001 events (100.00%)
Processed  4060000/ 5584888 entries (elapsed time   250.6s, curr speed    0.258 kHz, avg speed   16.203 kHz), accepted    60001/   60001 events (100.00%)
Processed  4070000/ 5584888 entries (elapsed time   287.2s, curr speed    0.273 kHz, avg speed   14.173 kHz), accepted    70001/   70001 events (100.00%)
Processed  4080000/ 5584888 entries (elapsed time   323.1s, curr speed    0.278 kHz, avg speed   12.628 kHz), accepted    80001/   80001 events (100.00%)
Processed  4090000/ 5584888 entries (elapsed time   359.3s, curr speed    0.276 kHz, avg speed   11.383 kHz), accepted    90001/   90001 events (100.00%)
Processed  4100000/ 5584888 entries (elapsed time   395.1s, curr speed    0.279 kHz, avg speed   10.377 kHz), accepted   100001/  100001 events (100.00%)
Processed  4110000/ 5584888 entries (elapsed time   472.1s, curr speed    0.130 kHz, avg speed    8.706 kHz), accepted   110001/  110001 events (100.00%)
Processed  4120000/ 5584888 entries (elapsed time   507.2s, curr speed    0.285 kHz, avg speed    8.123 kHz), accepted   120001/  120001 events (100.00%)
Processed  4130000/ 5584888 entries (elapsed time   542.7s, curr speed    0.282 kHz, avg speed    7.610 kHz), accepted   130001/  130001 events (100.00%)
Processed  4140000/ 5584888 entries (elapsed time   578.4s, curr speed    0.280 kHz, avg speed    7.158 kHz), accepted   140001/  140001 events (100.00%)
Processed  4150000/ 5584888 entries (elapsed time   614.2s, curr speed    0.279 kHz, avg speed    6.757 kHz), accepted   150001/  150001 events (100.00%)
Processed  4160000/ 5584888 entries (elapsed time   692.4s, curr speed    0.128 kHz, avg speed    6.008 kHz), accepted   160001/  160001 events (100.00%)
Processed  4170000/ 5584888 entries (elapsed time   728.6s, curr speed    0.276 kHz, avg speed    5.723 kHz), accepted   170001/  170001 events (100.00%)
Processed  4180000/ 5584888 entries (elapsed time   763.9s, curr speed    0.284 kHz, avg speed    5.472 kHz), accepted   180001/  180001 events (100.00%)
Processed  4190000/ 5584888 entries (elapsed time   800.3s, curr speed    0.274 kHz, avg speed    5.235 kHz), accepted   190001/  190001 events (100.00%)
Processed  4200000/ 5584888 entries (elapsed time   836.0s, curr speed    0.281 kHz, avg speed    5.024 kHz), accepted   200001/  200001 events (100.00%)
Processed  4210000/ 5584888 entries (elapsed time   915.2s, curr speed    0.126 kHz, avg speed    4.600 kHz), accepted   210001/  210001 events (100.00%)
Processed  4220000/ 5584888 entries (elapsed time   947.5s, curr speed    0.310 kHz, avg speed    4.454 kHz), accepted   220001/  220001 events (100.00%)
Processed  4230000/ 5584888 entries (elapsed time   974.6s, curr speed    0.370 kHz, avg speed    4.340 kHz), accepted   230001/  230001 events (100.00%)
Processed  4240000/ 5584888 entries (elapsed time   998.2s, curr speed    0.423 kHz, avg speed    4.247 kHz), accepted   240001/  240001 events (100.00%)
Processed 250000 entries from MY_EOS_SPACE/heppyNtuples/TREES_TopDibosonsQCD_94X/TTTo2L2Nu_powheg_part7/treeProducerWMass/tree.root, selected 250000 entries
Done MY_EOS_SPACE/heppyNtuples/TREES_TopDibosonsQCD_94X/friends/tree_Friend_TTTo2L2Nu_powheg_part7.chunk16.root
