000 (323097.013.000) 05/11 15:55:04 Job submitted from host: <188.184.95.166:9618?addrs=188.184.95.166-9618+[2001-1458-201-e4--100-7a0]-9618&alias=tbird02.cern.ch&noUDP&sock=schedd_2138722_faad_3>
...
040 (323097.013.000) 05/11 16:02:49 Started transferring input files
	Transferring to host: <188.184.132.124:9618?addrs=188.184.132.124-9618+[2001-1458-301-a0--100-374]-9618&noUDP&sock=3322_6640_102538>
...
040 (323097.013.000) 05/11 16:02:49 Finished transferring input files
...
001 (323097.013.000) 05/11 16:02:50 Job executing on host: <188.184.132.124:9618?addrs=188.184.132.124-9618+[2001-1458-301-a0--100-374]-9618&noUDP&sock=2277_693c_3>
...
006 (323097.013.000) 05/11 16:02:59 Image size of job updated: 336508
	249  -  MemoryUsage of job (MB)
	254028  -  ResidentSetSize of job (KB)
...
006 (323097.013.000) 05/11 16:08:00 Image size of job updated: 506920
	495  -  MemoryUsage of job (MB)
	506404  -  ResidentSetSize of job (KB)
...
040 (323097.013.000) 05/11 16:14:33 Started transferring output files
...
040 (323097.013.000) 05/11 16:14:33 Finished transferring output files
...
005 (323097.013.000) 05/11 16:14:33 Job terminated.
	(1) Normal termination (return value 1)
		Usr 0 00:10:18, Sys 0 00:01:17  -  Run Remote Usage
		Usr 0 00:00:00, Sys 0 00:00:00  -  Run Local Usage
		Usr 0 00:10:18, Sys 0 00:01:17  -  Total Remote Usage
		Usr 0 00:00:00, Sys 0 00:00:00  -  Total Local Usage
	8611  -  Run Bytes Sent By Job
	10941  -  Run Bytes Received By Job
	8611  -  Total Bytes Sent By Job
	10941  -  Total Bytes Received By Job
	Partitionable Resources :    Usage  Request Allocated 
	   Cpus                 :                 1           
	   Disk (KB)            :       72        1   2096013 
	   Memory (MB)          :      495     2000      2000 
...
