000 (323091.027.000) 05/11 15:55:01 Job submitted from host: <188.184.95.166:9618?addrs=188.184.95.166-9618+[2001-1458-201-e4--100-7a0]-9618&alias=tbird02.cern.ch&noUDP&sock=schedd_2138722_faad_3>
...
040 (323091.027.000) 05/11 15:58:01 Started transferring input files
	Transferring to host: <128.142.240.56:9618?addrs=128.142.240.56-9618+[2001-1458-301-f9--100-3e]-9618&noUDP&sock=4049_a2fe_126507>
...
040 (323091.027.000) 05/11 15:58:01 Finished transferring input files
...
001 (323091.027.000) 05/11 15:58:02 Job executing on host: <128.142.240.56:9618?addrs=128.142.240.56-9618+[2001-1458-301-f9--100-3e]-9618&noUDP&sock=2356_9938_3>
...
006 (323091.027.000) 05/11 15:58:11 Image size of job updated: 313284
	226  -  MemoryUsage of job (MB)
	230564  -  ResidentSetSize of job (KB)
...
006 (323091.027.000) 05/11 16:03:12 Image size of job updated: 590644
	496  -  MemoryUsage of job (MB)
	507872  -  ResidentSetSize of job (KB)
...
040 (323091.027.000) 05/11 16:07:13 Started transferring output files
...
040 (323091.027.000) 05/11 16:07:13 Finished transferring output files
...
005 (323091.027.000) 05/11 16:07:13 Job terminated.
	(1) Normal termination (return value 1)
		Usr 0 00:08:06, Sys 0 00:01:00  -  Run Remote Usage
		Usr 0 00:00:00, Sys 0 00:00:00  -  Run Local Usage
		Usr 0 00:08:06, Sys 0 00:01:00  -  Total Remote Usage
		Usr 0 00:00:00, Sys 0 00:00:00  -  Total Local Usage
	8612  -  Run Bytes Sent By Job
	10941  -  Run Bytes Received By Job
	8612  -  Total Bytes Sent By Job
	10941  -  Total Bytes Received By Job
	Partitionable Resources :    Usage  Request Allocated 
	   Cpus                 :                 1           
	   Disk (KB)            :       71        1   2148180 
	   Memory (MB)          :      496     2000      2000 
...
