000 (323094.011.000) 05/11 15:55:02 Job submitted from host: <188.184.95.166:9618?addrs=188.184.95.166-9618+[2001-1458-201-e4--100-7a0]-9618&alias=tbird02.cern.ch&noUDP&sock=schedd_2138722_faad_3>
...
040 (323094.011.000) 05/11 16:00:52 Started transferring input files
	Transferring to host: <188.184.186.18:9618?addrs=188.184.186.18-9618+[2001-1458-301-f8--100-17]-9618&noUDP&sock=4234_fc65_126657>
...
040 (323094.011.000) 05/11 16:00:52 Finished transferring input files
...
001 (323094.011.000) 05/11 16:00:53 Job executing on host: <188.184.186.18:9618?addrs=188.184.186.18-9618+[2001-1458-301-f8--100-17]-9618&noUDP&sock=2341_4f4c_3>
...
006 (323094.011.000) 05/11 16:01:01 Image size of job updated: 322056
	234  -  MemoryUsage of job (MB)
	239528  -  ResidentSetSize of job (KB)
...
006 (323094.011.000) 05/11 16:06:01 Image size of job updated: 509932
	498  -  MemoryUsage of job (MB)
	509016  -  ResidentSetSize of job (KB)
...
040 (323094.011.000) 05/11 16:10:25 Started transferring output files
...
040 (323094.011.000) 05/11 16:10:25 Finished transferring output files
...
005 (323094.011.000) 05/11 16:10:25 Job terminated.
	(1) Normal termination (return value 1)
		Usr 0 00:08:23, Sys 0 00:01:02  -  Run Remote Usage
		Usr 0 00:00:00, Sys 0 00:00:00  -  Run Local Usage
		Usr 0 00:08:23, Sys 0 00:01:02  -  Total Remote Usage
		Usr 0 00:00:00, Sys 0 00:00:00  -  Total Local Usage
	8622  -  Run Bytes Sent By Job
	10941  -  Run Bytes Received By Job
	8622  -  Total Bytes Sent By Job
	10941  -  Total Bytes Received By Job
	Partitionable Resources :    Usage  Request Allocated 
	   Cpus                 :                 1           
	   Disk (KB)            :       71        1   2126697 
	   Memory (MB)          :      498     2000      2000 
...
