   TTToSemilepton_powheg_part12   MC  28 chunks


I have 1 taks to process
I'm using the following list of modules DEFAULT_MODULES
this is jobs [('TTToSemilepton_powheg_part12', 'MY_EOS_SPACE/heppyNtuples/TREES_TopDibosonsQCD_94X/TTToSemilepton_powheg_part12/treeProducerWMass/tree.root', 12768864.0, '_Friend_TTToSemilepton_powheg_part12.chunk20', False, xrange(5000000, 5250000), 20)]
Modules to run:  []   name =  puWeight
Loading puWeight from CMGTools.WMass.postprocessing.examples.puWeightProducer 
Running on dataset =  TTToSemilepton_powheg_part12
TFile: name=/afs/cern.ch/work/m/mciprian/w_mass_analysis/heppy/rel_slc7/CMSSW_9_4_12/src/CMGTools/WMass/python/postprocessing/data/pileup/mcPU_2016_W94XnoCutsWithGenWeights_nTrueInt.root, title=, option=READ
TFile: name=/afs/cern.ch/work/m/mciprian/w_mass_analysis/heppy/rel_slc7/CMSSW_9_4_12/src/CMGTools/WMass/python/postprocessing/data/pileup/PileupData_GoldenMuonJSON_Full2016.root, title=, option=READ
Load C++ Worker
Modules to run:  []   name =  muCalibratedWithStatVar
Loading muCalibratedWithStatVar from CMGTools.WMass.postprocessing.examples.lepVarProducer 
Running on dataset =  TTToSemilepton_powheg_part12
did not find EnergyScaleCorrection shared object, rebuilding
trying to load all the rochester correction libraries
did not find legacy data roccor. rebuilding...
done building legacy data roccor.
Modules to run:  []   name =  jetAllReCleaner
Loading jetAllReCleaner from CMGTools.WMass.postprocessing.examples.jetReCleaner 
Running on dataset =  TTToSemilepton_powheg_part12
Load C++ Worker
Modules to run:  []   name =  jetReCleaner
Loading jetReCleaner from CMGTools.WMass.postprocessing.examples.jetReCleaner 
Running on dataset =  TTToSemilepton_powheg_part12
Load C++ Worker
Modules to run:  []   name =  genQEDJets
Loading genQEDJets from CMGTools.WMass.postprocessing.examples.genFriendProducer 
Running on dataset =  TTToSemilepton_powheg_part12
Will write selected trees to MY_EOS_SPACE/heppyNtuples/TREES_TopDibosonsQCD_94X/friends/
Normalization of nTrueInt_Wnopt: 3.68902e+10
Normalization of pileup: 3.68902e+10
Weights for variable nTrueInt_Wnopt with a number of bins equal to 102:
1 0.3634 0.9215 1.196 0.96 1.118 1.157 0.9675 0.9293 0.9192 0.8823 0.9553 1.062 1.116 1.167 1.194 1.2 1.193 1.177 1.14 1.092 1.06 1.047 1.046 1.047 1.048 1.06 1.077 1.092 1.106 1.122 1.108 1.097 1.051 0.992 0.9144 0.8237 0.7175 0.6087 0.5019 0.4029 0.3076 0.2264 0.1622 0.1123 0.07656 0.05052 0.03159 0.01992 0.01212 0.007355 0.004361 0.002593 0.001553 0.0009624 0.0007219 0.0006632 0.0007233 0.0009289 0.001329 0.001772 0.003222 0.004042 0.00487 0.005064 0.005658 0.005309 0.004846 0.004101 0.003977 0.003686 0.003306 0.002672 0.002286 0.001878 0.00167 1 1 1 1 1 1 1 1 1 1 1 1 1 1 1 1 1 1 1 1 1 1 1 1 1 1 .
Final weights: 
1 0.3634 0.9215 1.196 0.96 1.118 1.157 0.9675 0.9293 0.9192 0.8823 0.9553 1.062 1.116 1.167 1.194 1.2 1.193 1.177 1.14 1.092 1.06 1.047 1.046 1.047 1.048 1.06 1.077 1.092 1.106 1.122 1.108 1.097 1.051 0.992 0.9144 0.8237 0.7175 0.6087 0.5019 0.4029 0.3076 0.2264 0.1622 0.1123 0.07656 0.05052 0.03159 0.01992 0.01212 0.007355 0.004361 0.002593 0.001553 0.0009624 0.0007219 0.0006632 0.0007233 0.0009289 0.001329 0.001772 0.003222 0.004042 0.00487 0.005064 0.005658 0.005309 0.004846 0.004101 0.003977 0.003686 0.003306 0.002672 0.002286 0.001878 0.00167 1 1 1 1 1 1 1 1 1 1 1 1 1 1 1 1 1 1 1 1 1 1 1 1 1 1 .
begin job of lepCalProducer
initializing all the rochester correction objects
initializing the egamma calibrator
Processed  5000000/ 6990142 entries (elapsed time     0.3s, curr speed   30.303 kHz, avg speed 15151.515 kHz), accepted        1/       1 events (100.00%)
Processed  5010000/ 6990142 entries (elapsed time    22.2s, curr speed    0.457 kHz, avg speed  225.574 kHz), accepted    10001/   10001 events (100.00%)
Processed  5020000/ 6990142 entries (elapsed time    43.8s, curr speed    0.464 kHz, avg speed  114.664 kHz), accepted    20001/   20001 events (100.00%)
Processed  5030000/ 6990142 entries (elapsed time    65.4s, curr speed    0.463 kHz, avg speed   76.935 kHz), accepted    30001/   30001 events (100.00%)
Processed  5040000/ 6990142 entries (elapsed time    87.3s, curr speed    0.456 kHz, avg speed   57.725 kHz), accepted    40001/   40001 events (100.00%)
Processed  5050000/ 6990142 entries (elapsed time   109.2s, curr speed    0.457 kHz, avg speed   46.250 kHz), accepted    50001/   50001 events (100.00%)
Processed  5060000/ 6990142 entries (elapsed time   131.1s, curr speed    0.456 kHz, avg speed   38.591 kHz), accepted    60001/   60001 events (100.00%)
Processed  5070000/ 6990142 entries (elapsed time   149.9s, curr speed    0.531 kHz, avg speed   33.814 kHz), accepted    70001/   70001 events (100.00%)
Processed  5080000/ 6990142 entries (elapsed time   168.3s, curr speed    0.546 kHz, avg speed   30.191 kHz), accepted    80001/   80001 events (100.00%)
Processed  5090000/ 6990142 entries (elapsed time   186.7s, curr speed    0.541 kHz, avg speed   27.257 kHz), accepted    90001/   90001 events (100.00%)
Processed  5100000/ 6990142 entries (elapsed time   205.7s, curr speed    0.527 kHz, avg speed   24.792 kHz), accepted   100001/  100001 events (100.00%)
Processed  5110000/ 6990142 entries (elapsed time   224.2s, curr speed    0.540 kHz, avg speed   22.788 kHz), accepted   110001/  110001 events (100.00%)
Processed  5120000/ 6990142 entries (elapsed time   264.9s, curr speed    0.246 kHz, avg speed   19.326 kHz), accepted   120001/  120001 events (100.00%)
Processed  5130000/ 6990142 entries (elapsed time   283.4s, curr speed    0.542 kHz, avg speed   18.102 kHz), accepted   130001/  130001 events (100.00%)
Processed  5140000/ 6990142 entries (elapsed time   302.4s, curr speed    0.527 kHz, avg speed   17.000 kHz), accepted   140001/  140001 events (100.00%)
Processed  5150000/ 6990142 entries (elapsed time   321.4s, curr speed    0.526 kHz, avg speed   16.026 kHz), accepted   150001/  150001 events (100.00%)
Processed  5160000/ 6990142 entries (elapsed time   340.5s, curr speed    0.524 kHz, avg speed   15.156 kHz), accepted   160001/  160001 events (100.00%)
Processed  5170000/ 6990142 entries (elapsed time   359.2s, curr speed    0.532 kHz, avg speed   14.391 kHz), accepted   170001/  170001 events (100.00%)
Processed  5180000/ 6990142 entries (elapsed time   401.2s, curr speed    0.238 kHz, avg speed   12.911 kHz), accepted   180001/  180001 events (100.00%)
Processed  5190000/ 6990142 entries (elapsed time   420.0s, curr speed    0.532 kHz, avg speed   12.357 kHz), accepted   190001/  190001 events (100.00%)
Processed  5200000/ 6990142 entries (elapsed time   439.0s, curr speed    0.526 kHz, avg speed   11.845 kHz), accepted   200001/  200001 events (100.00%)
Processed  5210000/ 6990142 entries (elapsed time   458.2s, curr speed    0.520 kHz, avg speed   11.369 kHz), accepted   210001/  210001 events (100.00%)
Processed  5220000/ 6990142 entries (elapsed time   477.0s, curr speed    0.534 kHz, avg speed   10.944 kHz), accepted   220001/  220001 events (100.00%)
Processed  5230000/ 6990142 entries (elapsed time   496.0s, curr speed    0.525 kHz, avg speed   10.544 kHz), accepted   230001/  230001 events (100.00%)
Processed  5240000/ 6990142 entries (elapsed time   538.2s, curr speed    0.237 kHz, avg speed    9.737 kHz), accepted   240001/  240001 events (100.00%)
Processed 250000 entries from MY_EOS_SPACE/heppyNtuples/TREES_TopDibosonsQCD_94X/TTToSemilepton_powheg_part12/treeProducerWMass/tree.root, selected 250000 entries
Done MY_EOS_SPACE/heppyNtuples/TREES_TopDibosonsQCD_94X/friends/tree_Friend_TTToSemilepton_powheg_part12.chunk20.root
