000 (323087.006.000) 05/11 15:54:58 Job submitted from host: <188.184.95.166:9618?addrs=188.184.95.166-9618+[2001-1458-201-e4--100-7a0]-9618&alias=tbird02.cern.ch&noUDP&sock=schedd_2138722_faad_3>
...
040 (323087.006.000) 05/11 15:56:38 Started transferring input files
	Transferring to host: <188.184.132.8:9618?addrs=188.184.132.8-9618+[2001-1458-301-a0--100-9]-9618&noUDP&sock=8960_e165_75>
...
040 (323087.006.000) 05/11 15:56:38 Finished transferring input files
...
001 (323087.006.000) 05/11 15:56:39 Job executing on host: <188.184.132.8:9618?addrs=188.184.132.8-9618+[2001-1458-301-a0--100-9]-9618&noUDP&sock=2815_6f30_3>
...
006 (323087.006.000) 05/11 15:56:48 Image size of job updated: 223604
	211  -  MemoryUsage of job (MB)
	215964  -  ResidentSetSize of job (KB)
...
006 (323087.006.000) 05/11 16:01:49 Image size of job updated: 488828
	477  -  MemoryUsage of job (MB)
	487696  -  ResidentSetSize of job (KB)
...
006 (323087.006.000) 05/11 16:06:49 Image size of job updated: 492808
	481  -  MemoryUsage of job (MB)
	492280  -  ResidentSetSize of job (KB)
...
040 (323087.006.000) 05/11 16:07:59 Started transferring output files
...
040 (323087.006.000) 05/11 16:07:59 Finished transferring output files
...
005 (323087.006.000) 05/11 16:07:59 Job terminated.
	(1) Normal termination (return value 1)
		Usr 0 00:09:28, Sys 0 00:01:09  -  Run Remote Usage
		Usr 0 00:00:00, Sys 0 00:00:00  -  Run Local Usage
		Usr 0 00:09:28, Sys 0 00:01:09  -  Total Remote Usage
		Usr 0 00:00:00, Sys 0 00:00:00  -  Total Local Usage
	13860  -  Run Bytes Sent By Job
	10941  -  Run Bytes Received By Job
	13860  -  Total Bytes Sent By Job
	10941  -  Total Bytes Received By Job
	Partitionable Resources :    Usage  Request Allocated 
	   Cpus                 :     0.98        1         1 
	   Disk (KB)            :    80           1    219710 
	   Memory (MB)          :   481        2000      2000 
...
