000 (323087.020.000) 05/11 15:54:58 Job submitted from host: <188.184.95.166:9618?addrs=188.184.95.166-9618+[2001-1458-201-e4--100-7a0]-9618&alias=tbird02.cern.ch&noUDP&sock=schedd_2138722_faad_3>
...
040 (323087.020.000) 05/11 15:56:43 Started transferring input files
	Transferring to host: <188.184.132.8:9618?addrs=188.184.132.8-9618+[2001-1458-301-a0--100-9]-9618&noUDP&sock=8960_e165_76>
...
040 (323087.020.000) 05/11 15:56:43 Finished transferring input files
...
001 (323087.020.000) 05/11 15:56:44 Job executing on host: <188.184.132.8:9618?addrs=188.184.132.8-9618+[2001-1458-301-a0--100-9]-9618&noUDP&sock=2815_6f30_3>
...
006 (323087.020.000) 05/11 15:56:53 Image size of job updated: 231392
	225  -  MemoryUsage of job (MB)
	229752  -  ResidentSetSize of job (KB)
...
006 (323087.020.000) 05/11 16:01:54 Image size of job updated: 492456
	480  -  MemoryUsage of job (MB)
	491492  -  ResidentSetSize of job (KB)
...
040 (323087.020.000) 05/11 16:06:00 Started transferring output files
...
040 (323087.020.000) 05/11 16:06:00 Finished transferring output files
...
005 (323087.020.000) 05/11 16:06:00 Job terminated.
	(1) Normal termination (return value 1)
		Usr 0 00:07:44, Sys 0 00:00:56  -  Run Remote Usage
		Usr 0 00:00:00, Sys 0 00:00:00  -  Run Local Usage
		Usr 0 00:07:44, Sys 0 00:00:56  -  Total Remote Usage
		Usr 0 00:00:00, Sys 0 00:00:00  -  Total Local Usage
	13248  -  Run Bytes Sent By Job
	10941  -  Run Bytes Received By Job
	13248  -  Total Bytes Sent By Job
	10941  -  Total Bytes Received By Job
	Partitionable Resources :    Usage  Request Allocated 
	   Cpus                 :     0.91        1         1 
	   Disk (KB)            :    80           1    219587 
	   Memory (MB)          :   480        2000      2000 
...
