000 (323101.010.000) 05/11 15:55:08 Job submitted from host: <188.184.95.166:9618?addrs=188.184.95.166-9618+[2001-1458-201-e4--100-7a0]-9618&alias=tbird02.cern.ch&noUDP&sock=schedd_2138722_faad_3>
...
040 (323101.010.000) 05/11 16:05:27 Started transferring input files
	Transferring to host: <128.142.33.163:9618?addrs=128.142.33.163-9618+[2001-1458-301-117--100-1e5]-9618&noUDP&sock=12932_8387_103246>
...
040 (323101.010.000) 05/11 16:05:27 Finished transferring input files
...
001 (323101.010.000) 05/11 16:05:28 Job executing on host: <128.142.33.163:9618?addrs=128.142.33.163-9618+[2001-1458-301-117--100-1e5]-9618&noUDP&sock=12725_debb_3>
...
006 (323101.010.000) 05/11 16:05:36 Image size of job updated: 338188
	247  -  MemoryUsage of job (MB)
	252648  -  ResidentSetSize of job (KB)
...
006 (323101.010.000) 05/11 16:10:36 Image size of job updated: 595272
	498  -  MemoryUsage of job (MB)
	509552  -  ResidentSetSize of job (KB)
...
040 (323101.010.000) 05/11 16:15:04 Started transferring output files
...
040 (323101.010.000) 05/11 16:15:04 Finished transferring output files
...
005 (323101.010.000) 05/11 16:15:04 Job terminated.
	(1) Normal termination (return value 1)
		Usr 0 00:08:30, Sys 0 00:01:03  -  Run Remote Usage
		Usr 0 00:00:00, Sys 0 00:00:00  -  Run Local Usage
		Usr 0 00:08:30, Sys 0 00:01:03  -  Total Remote Usage
		Usr 0 00:00:00, Sys 0 00:00:00  -  Total Local Usage
	8611  -  Run Bytes Sent By Job
	10941  -  Run Bytes Received By Job
	8611  -  Total Bytes Sent By Job
	10941  -  Total Bytes Received By Job
	Partitionable Resources :    Usage  Request Allocated 
	   Cpus                 :                 1           
	   Disk (KB)            :       72        1   2147018 
	   Memory (MB)          :      498     2000      2000 
...
