000 (323094.025.000) 05/11 15:55:02 Job submitted from host: <188.184.95.166:9618?addrs=188.184.95.166-9618+[2001-1458-201-e4--100-7a0]-9618&alias=tbird02.cern.ch&noUDP&sock=schedd_2138722_faad_3>
...
040 (323094.025.000) 05/11 16:01:28 Started transferring input files
	Transferring to host: <128.142.33.149:9618?addrs=128.142.33.149-9618+[2001-1458-301-117--100-29c]-9618&noUDP&sock=13040_9c0b_103319>
...
040 (323094.025.000) 05/11 16:01:28 Finished transferring input files
...
001 (323094.025.000) 05/11 16:01:29 Job executing on host: <128.142.33.149:9618?addrs=128.142.33.149-9618+[2001-1458-301-117--100-29c]-9618&noUDP&sock=12833_f2f6_3>
...
006 (323094.025.000) 05/11 16:01:38 Image size of job updated: 337868
	250  -  MemoryUsage of job (MB)
	255004  -  ResidentSetSize of job (KB)
...
006 (323094.025.000) 05/11 16:06:39 Image size of job updated: 509648
	497  -  MemoryUsage of job (MB)
	508212  -  ResidentSetSize of job (KB)
...
040 (323094.025.000) 05/11 16:10:18 Started transferring output files
...
040 (323094.025.000) 05/11 16:10:18 Finished transferring output files
...
005 (323094.025.000) 05/11 16:10:18 Job terminated.
	(1) Normal termination (return value 1)
		Usr 0 00:07:45, Sys 0 00:01:01  -  Run Remote Usage
		Usr 0 00:00:00, Sys 0 00:00:00  -  Run Local Usage
		Usr 0 00:07:45, Sys 0 00:01:01  -  Total Remote Usage
		Usr 0 00:00:00, Sys 0 00:00:00  -  Total Local Usage
	8623  -  Run Bytes Sent By Job
	10941  -  Run Bytes Received By Job
	8623  -  Total Bytes Sent By Job
	10941  -  Total Bytes Received By Job
	Partitionable Resources :    Usage  Request Allocated 
	   Cpus                 :                 1           
	   Disk (KB)            :       71        1   2171072 
	   Memory (MB)          :      497     2000      2000 
...
