   TTTo2L2Nu_powheg_part1   MC  26 chunks


I have 1 taks to process
I'm using the following list of modules DEFAULT_MODULES
this is jobs [('TTTo2L2Nu_powheg_part1', 'MY_EOS_SPACE/heppyNtuples/TREES_TopDibosonsQCD_94X/TTTo2L2Nu_powheg_part1/treeProducerWMass/tree.root', 8198340.0, '_Friend_TTTo2L2Nu_powheg_part1.chunk17', False, xrange(4250000, 4500000), 17)]
Modules to run:  []   name =  puWeight
Loading puWeight from CMGTools.WMass.postprocessing.examples.puWeightProducer 
Running on dataset =  TTTo2L2Nu_powheg_part1
TFile: name=/afs/cern.ch/work/m/mciprian/w_mass_analysis/heppy/rel_slc7/CMSSW_9_4_12/src/CMGTools/WMass/python/postprocessing/data/pileup/mcPU_2016_W94XnoCutsWithGenWeights_nTrueInt.root, title=, option=READ
TFile: name=/afs/cern.ch/work/m/mciprian/w_mass_analysis/heppy/rel_slc7/CMSSW_9_4_12/src/CMGTools/WMass/python/postprocessing/data/pileup/PileupData_GoldenMuonJSON_Full2016.root, title=, option=READ
Load C++ Worker
Modules to run:  []   name =  muCalibratedWithStatVar
Loading muCalibratedWithStatVar from CMGTools.WMass.postprocessing.examples.lepVarProducer 
Running on dataset =  TTTo2L2Nu_powheg_part1
did not find EnergyScaleCorrection shared object, rebuilding
trying to load all the rochester correction libraries
did not find legacy data roccor. rebuilding...
done building legacy data roccor.
Modules to run:  []   name =  jetAllReCleaner
Loading jetAllReCleaner from CMGTools.WMass.postprocessing.examples.jetReCleaner 
Running on dataset =  TTTo2L2Nu_powheg_part1
Load C++ Worker
Modules to run:  []   name =  jetReCleaner
Loading jetReCleaner from CMGTools.WMass.postprocessing.examples.jetReCleaner 
Running on dataset =  TTTo2L2Nu_powheg_part1
Load C++ Worker
Modules to run:  []   name =  genQEDJets
Loading genQEDJets from CMGTools.WMass.postprocessing.examples.genFriendProducer 
Running on dataset =  TTTo2L2Nu_powheg_part1
Will write selected trees to MY_EOS_SPACE/heppyNtuples/TREES_TopDibosonsQCD_94X/friends/
Normalization of nTrueInt_Wnopt: 3.68902e+10
Normalization of pileup: 3.68902e+10
Weights for variable nTrueInt_Wnopt with a number of bins equal to 102:
1 0.3634 0.9215 1.196 0.96 1.118 1.157 0.9675 0.9293 0.9192 0.8823 0.9553 1.062 1.116 1.167 1.194 1.2 1.193 1.177 1.14 1.092 1.06 1.047 1.046 1.047 1.048 1.06 1.077 1.092 1.106 1.122 1.108 1.097 1.051 0.992 0.9144 0.8237 0.7175 0.6087 0.5019 0.4029 0.3076 0.2264 0.1622 0.1123 0.07656 0.05052 0.03159 0.01992 0.01212 0.007355 0.004361 0.002593 0.001553 0.0009624 0.0007219 0.0006632 0.0007233 0.0009289 0.001329 0.001772 0.003222 0.004042 0.00487 0.005064 0.005658 0.005309 0.004846 0.004101 0.003977 0.003686 0.003306 0.002672 0.002286 0.001878 0.00167 1 1 1 1 1 1 1 1 1 1 1 1 1 1 1 1 1 1 1 1 1 1 1 1 1 1 .
Final weights: 
1 0.3634 0.9215 1.196 0.96 1.118 1.157 0.9675 0.9293 0.9192 0.8823 0.9553 1.062 1.116 1.167 1.194 1.2 1.193 1.177 1.14 1.092 1.06 1.047 1.046 1.047 1.048 1.06 1.077 1.092 1.106 1.122 1.108 1.097 1.051 0.992 0.9144 0.8237 0.7175 0.6087 0.5019 0.4029 0.3076 0.2264 0.1622 0.1123 0.07656 0.05052 0.03159 0.01992 0.01212 0.007355 0.004361 0.002593 0.001553 0.0009624 0.0007219 0.0006632 0.0007233 0.0009289 0.001329 0.001772 0.003222 0.004042 0.00487 0.005064 0.005658 0.005309 0.004846 0.004101 0.003977 0.003686 0.003306 0.002672 0.002286 0.001878 0.00167 1 1 1 1 1 1 1 1 1 1 1 1 1 1 1 1 1 1 1 1 1 1 1 1 1 1 .
begin job of lepCalProducer
initializing all the rochester correction objects
initializing the egamma calibrator
Processed  4250000/ 6409272 entries (elapsed time     0.3s, curr speed   34.483 kHz, avg speed 14655.172 kHz), accepted        1/       1 events (100.00%)
Processed  4260000/ 6409272 entries (elapsed time    18.3s, curr speed    0.556 kHz, avg speed  233.297 kHz), accepted    10001/   10001 events (100.00%)
Processed  4270000/ 6409272 entries (elapsed time    36.8s, curr speed    0.540 kHz, avg speed  116.096 kHz), accepted    20001/   20001 events (100.00%)
Processed  4280000/ 6409272 entries (elapsed time    54.6s, curr speed    0.561 kHz, avg speed   78.403 kHz), accepted    30001/   30001 events (100.00%)
Processed  4290000/ 6409272 entries (elapsed time    73.1s, curr speed    0.539 kHz, avg speed   58.663 kHz), accepted    40001/   40001 events (100.00%)
Processed  4300000/ 6409272 entries (elapsed time    91.6s, curr speed    0.540 kHz, avg speed   46.918 kHz), accepted    50001/   50001 events (100.00%)
Processed  4310000/ 6409272 entries (elapsed time   108.0s, curr speed    0.611 kHz, avg speed   39.896 kHz), accepted    60001/   60001 events (100.00%)
Processed  4320000/ 6409272 entries (elapsed time   123.0s, curr speed    0.668 kHz, avg speed   35.122 kHz), accepted    70001/   70001 events (100.00%)
Processed  4330000/ 6409272 entries (elapsed time   138.1s, curr speed    0.663 kHz, avg speed   31.359 kHz), accepted    80001/   80001 events (100.00%)
Processed  4340000/ 6409272 entries (elapsed time   153.4s, curr speed    0.655 kHz, avg speed   28.301 kHz), accepted    90001/   90001 events (100.00%)
Processed  4350000/ 6409272 entries (elapsed time   168.2s, curr speed    0.672 kHz, avg speed   25.856 kHz), accepted   100001/  100001 events (100.00%)
Processed  4360000/ 6409272 entries (elapsed time   202.8s, curr speed    0.290 kHz, avg speed   21.503 kHz), accepted   110001/  110001 events (100.00%)
Processed  4370000/ 6409272 entries (elapsed time   218.3s, curr speed    0.645 kHz, avg speed   20.021 kHz), accepted   120001/  120001 events (100.00%)
Processed  4380000/ 6409272 entries (elapsed time   233.3s, curr speed    0.667 kHz, avg speed   18.777 kHz), accepted   130001/  130001 events (100.00%)
Processed  4390000/ 6409272 entries (elapsed time   249.7s, curr speed    0.609 kHz, avg speed   17.583 kHz), accepted   140001/  140001 events (100.00%)
Processed  4400000/ 6409272 entries (elapsed time   265.1s, curr speed    0.648 kHz, avg speed   16.597 kHz), accepted   150001/  150001 events (100.00%)
Processed  4410000/ 6409272 entries (elapsed time   298.8s, curr speed    0.297 kHz, avg speed   14.758 kHz), accepted   160001/  160001 events (100.00%)
Processed  4420000/ 6409272 entries (elapsed time   313.9s, curr speed    0.664 kHz, avg speed   14.082 kHz), accepted   170001/  170001 events (100.00%)
Processed  4430000/ 6409272 entries (elapsed time   328.8s, curr speed    0.672 kHz, avg speed   13.475 kHz), accepted   180001/  180001 events (100.00%)
Processed  4440000/ 6409272 entries (elapsed time   343.7s, curr speed    0.669 kHz, avg speed   12.918 kHz), accepted   190001/  190001 events (100.00%)
Processed  4450000/ 6409272 entries (elapsed time   358.7s, curr speed    0.665 kHz, avg speed   12.405 kHz), accepted   200001/  200001 events (100.00%)
Processed  4460000/ 6409272 entries (elapsed time   373.7s, curr speed    0.670 kHz, avg speed   11.936 kHz), accepted   210001/  210001 events (100.00%)
Processed  4470000/ 6409272 entries (elapsed time   408.0s, curr speed    0.292 kHz, avg speed   10.957 kHz), accepted   220001/  220001 events (100.00%)
Processed  4480000/ 6409272 entries (elapsed time   423.0s, curr speed    0.666 kHz, avg speed   10.592 kHz), accepted   230001/  230001 events (100.00%)
Processed  4490000/ 6409272 entries (elapsed time   438.1s, curr speed    0.663 kHz, avg speed   10.250 kHz), accepted   240001/  240001 events (100.00%)
Processed 250000 entries from MY_EOS_SPACE/heppyNtuples/TREES_TopDibosonsQCD_94X/TTTo2L2Nu_powheg_part1/treeProducerWMass/tree.root, selected 250000 entries
Done MY_EOS_SPACE/heppyNtuples/TREES_TopDibosonsQCD_94X/friends/tree_Friend_TTTo2L2Nu_powheg_part1.chunk17.root
