000 (323103.028.000) 05/11 15:55:09 Job submitted from host: <188.184.95.166:9618?addrs=188.184.95.166-9618+[2001-1458-201-e4--100-7a0]-9618&alias=tbird02.cern.ch&noUDP&sock=schedd_2138722_faad_3>
...
040 (323103.028.000) 05/11 16:06:52 Started transferring input files
	Transferring to host: <128.142.33.164:9618?addrs=128.142.33.164-9618+[--1]-9618&noUDP&sock=3144_fb79_9542>
...
040 (323103.028.000) 05/11 16:06:52 Finished transferring input files
...
001 (323103.028.000) 05/11 16:06:53 Job executing on host: <128.142.33.164:9618?addrs=128.142.33.164-9618+[--1]-9618&noUDP&sock=2278_18d5_3>
...
006 (323103.028.000) 05/11 16:07:01 Image size of job updated: 293224
	207  -  MemoryUsage of job (MB)
	211224  -  ResidentSetSize of job (KB)
...
006 (323103.028.000) 05/11 16:12:01 Image size of job updated: 592216
	496  -  MemoryUsage of job (MB)
	507496  -  ResidentSetSize of job (KB)
...
040 (323103.028.000) 05/11 16:14:27 Started transferring output files
...
040 (323103.028.000) 05/11 16:14:27 Finished transferring output files
...
005 (323103.028.000) 05/11 16:14:27 Job terminated.
	(1) Normal termination (return value 1)
		Usr 0 00:06:30, Sys 0 00:00:54  -  Run Remote Usage
		Usr 0 00:00:00, Sys 0 00:00:00  -  Run Local Usage
		Usr 0 00:06:30, Sys 0 00:00:54  -  Total Remote Usage
		Usr 0 00:00:00, Sys 0 00:00:00  -  Total Local Usage
	13612  -  Run Bytes Sent By Job
	10941  -  Run Bytes Received By Job
	13612  -  Total Bytes Sent By Job
	10941  -  Total Bytes Received By Job
	Partitionable Resources :    Usage  Request Allocated 
	   Cpus                 :                 1           
	   Disk (KB)            :       74        1   2107089 
	   Memory (MB)          :      496     2000      2000 
...
