000 (323083.000.000) 05/11 15:54:56 Job submitted from host: <188.184.95.166:9618?addrs=188.184.95.166-9618+[2001-1458-201-e4--100-7a0]-9618&alias=tbird02.cern.ch&noUDP&sock=schedd_2138722_faad_3>
...
040 (323083.000.000) 05/11 15:55:59 Started transferring input files
	Transferring to host: <128.142.240.29:9618?addrs=128.142.240.29-9618+[2001-1458-301-f9--100-d]-9618&noUDP&sock=3763_1fb2_126655>
...
040 (323083.000.000) 05/11 15:55:59 Finished transferring input files
...
001 (323083.000.000) 05/11 15:56:00 Job executing on host: <128.142.240.29:9618?addrs=128.142.240.29-9618+[2001-1458-301-f9--100-d]-9618&noUDP&sock=2346_bd45_3>
...
006 (323083.000.000) 05/11 15:56:08 Image size of job updated: 238224
	156  -  MemoryUsage of job (MB)
	159672  -  ResidentSetSize of job (KB)
...
006 (323083.000.000) 05/11 16:01:08 Image size of job updated: 573372
	477  -  MemoryUsage of job (MB)
	487616  -  ResidentSetSize of job (KB)
...
040 (323083.000.000) 05/11 16:04:20 Started transferring output files
...
040 (323083.000.000) 05/11 16:04:20 Finished transferring output files
...
005 (323083.000.000) 05/11 16:04:20 Job terminated.
	(1) Normal termination (return value 1)
		Usr 0 00:07:17, Sys 0 00:00:55  -  Run Remote Usage
		Usr 0 00:00:00, Sys 0 00:00:00  -  Run Local Usage
		Usr 0 00:07:17, Sys 0 00:00:55  -  Total Remote Usage
		Usr 0 00:00:00, Sys 0 00:00:00  -  Total Local Usage
	8388  -  Run Bytes Sent By Job
	10941  -  Run Bytes Received By Job
	8388  -  Total Bytes Sent By Job
	10941  -  Total Bytes Received By Job
	Partitionable Resources :    Usage  Request Allocated 
	   Cpus                 :                 1           
	   Disk (KB)            :       70        1   2154966 
	   Memory (MB)          :      477     2000      2000 
...
