000 (323103.011.000) 05/11 15:55:09 Job submitted from host: <188.184.95.166:9618?addrs=188.184.95.166-9618+[2001-1458-201-e4--100-7a0]-9618&alias=tbird02.cern.ch&noUDP&sock=schedd_2138722_faad_3>
...
040 (323103.011.000) 05/11 16:06:26 Started transferring input files
	Transferring to host: <188.184.186.32:9618?addrs=188.184.186.32-9618+[2001-1458-301-f8--100-d]-9618&noUDP&sock=4038_e2dd_127396>
...
040 (323103.011.000) 05/11 16:06:26 Finished transferring input files
...
001 (323103.011.000) 05/11 16:06:27 Job executing on host: <188.184.186.32:9618?addrs=188.184.186.32-9618+[2001-1458-301-f8--100-d]-9618&noUDP&sock=2352_dad7_3>
...
006 (323103.011.000) 05/11 16:06:36 Image size of job updated: 336848
	249  -  MemoryUsage of job (MB)
	254200  -  ResidentSetSize of job (KB)
...
006 (323103.011.000) 05/11 16:11:37 Image size of job updated: 590300
	496  -  MemoryUsage of job (MB)
	507488  -  ResidentSetSize of job (KB)
...
040 (323103.011.000) 05/11 16:14:44 Started transferring output files
...
040 (323103.011.000) 05/11 16:14:44 Finished transferring output files
...
005 (323103.011.000) 05/11 16:14:44 Job terminated.
	(1) Normal termination (return value 1)
		Usr 0 00:07:15, Sys 0 00:00:56  -  Run Remote Usage
		Usr 0 00:00:00, Sys 0 00:00:00  -  Run Local Usage
		Usr 0 00:07:15, Sys 0 00:00:56  -  Total Remote Usage
		Usr 0 00:00:00, Sys 0 00:00:00  -  Total Local Usage
	8611  -  Run Bytes Sent By Job
	10941  -  Run Bytes Received By Job
	8611  -  Total Bytes Sent By Job
	10941  -  Total Bytes Received By Job
	Partitionable Resources :    Usage  Request Allocated 
	   Cpus                 :                 1           
	   Disk (KB)            :       72        1   2137070 
	   Memory (MB)          :      496     2000      2000 
...
