000 (323088.008.000) 05/11 15:54:59 Job submitted from host: <188.184.95.166:9618?addrs=188.184.95.166-9618+[2001-1458-201-e4--100-7a0]-9618&alias=tbird02.cern.ch&noUDP&sock=schedd_2138722_faad_3>
...
040 (323088.008.000) 05/11 15:56:47 Started transferring input files
	Transferring to host: <188.184.186.25:9618?addrs=188.184.186.25-9618+[2001-1458-301-f8--100-22]-9618&noUDP&sock=29456_2aa7_66>
...
040 (323088.008.000) 05/11 15:56:47 Finished transferring input files
...
001 (323088.008.000) 05/11 15:56:48 Job executing on host: <188.184.186.25:9618?addrs=188.184.186.25-9618+[2001-1458-301-f8--100-22]-9618&noUDP&sock=2442_965d_3>
...
006 (323088.008.000) 05/11 15:56:57 Image size of job updated: 252076
	245  -  MemoryUsage of job (MB)
	250596  -  ResidentSetSize of job (KB)
...
006 (323088.008.000) 05/11 16:01:58 Image size of job updated: 473208
	462  -  MemoryUsage of job (MB)
	472856  -  ResidentSetSize of job (KB)
...
006 (323088.008.000) 05/11 16:06:59 Image size of job updated: 484852
	474  -  MemoryUsage of job (MB)
	484500  -  ResidentSetSize of job (KB)
...
006 (323088.008.000) 05/11 16:09:52 Image size of job updated: 486580
	474  -  MemoryUsage of job (MB)
	484500  -  ResidentSetSize of job (KB)
...
040 (323088.008.000) 05/11 16:09:52 Started transferring output files
...
040 (323088.008.000) 05/11 16:09:52 Finished transferring output files
...
005 (323088.008.000) 05/11 16:09:52 Job terminated.
	(1) Normal termination (return value 1)
		Usr 0 00:11:27, Sys 0 00:01:15  -  Run Remote Usage
		Usr 0 00:00:00, Sys 0 00:00:00  -  Run Local Usage
		Usr 0 00:11:27, Sys 0 00:01:15  -  Total Remote Usage
		Usr 0 00:00:00, Sys 0 00:00:00  -  Total Local Usage
	8552  -  Run Bytes Sent By Job
	10941  -  Run Bytes Received By Job
	8552  -  Total Bytes Sent By Job
	10941  -  Total Bytes Received By Job
	Partitionable Resources :    Usage  Request Allocated 
	   Cpus                 :     0.99        1         1 
	   Disk (KB)            :    78           1    220778 
	   Memory (MB)          :   474        2000      2000 
...
