   TTToSemilepton_powheg_part2   MC  28 chunks


I have 1 taks to process
I'm using the following list of modules DEFAULT_MODULES
this is jobs [('TTToSemilepton_powheg_part2', 'MY_EOS_SPACE/heppyNtuples/TREES_TopDibosonsQCD_94X/TTToSemilepton_powheg_part2/treeProducerWMass/tree.root', 12596384.0, '_Friend_TTToSemilepton_powheg_part2.chunk3', False, xrange(750000, 1000000), 3)]
Modules to run:  []   name =  puWeight
Loading puWeight from CMGTools.WMass.postprocessing.examples.puWeightProducer 
Running on dataset =  TTToSemilepton_powheg_part2
TFile: name=/afs/cern.ch/work/m/mciprian/w_mass_analysis/heppy/rel_slc7/CMSSW_9_4_12/src/CMGTools/WMass/python/postprocessing/data/pileup/mcPU_2016_W94XnoCutsWithGenWeights_nTrueInt.root, title=, option=READ
TFile: name=/afs/cern.ch/work/m/mciprian/w_mass_analysis/heppy/rel_slc7/CMSSW_9_4_12/src/CMGTools/WMass/python/postprocessing/data/pileup/PileupData_GoldenMuonJSON_Full2016.root, title=, option=READ
Load C++ Worker
Modules to run:  []   name =  muCalibratedWithStatVar
Loading muCalibratedWithStatVar from CMGTools.WMass.postprocessing.examples.lepVarProducer 
Running on dataset =  TTToSemilepton_powheg_part2
did not find EnergyScaleCorrection shared object, rebuilding
trying to load all the rochester correction libraries
did not find legacy data roccor. rebuilding...
done building legacy data roccor.
Modules to run:  []   name =  jetAllReCleaner
Loading jetAllReCleaner from CMGTools.WMass.postprocessing.examples.jetReCleaner 
Running on dataset =  TTToSemilepton_powheg_part2
Load C++ Worker
Modules to run:  []   name =  jetReCleaner
Loading jetReCleaner from CMGTools.WMass.postprocessing.examples.jetReCleaner 
Running on dataset =  TTToSemilepton_powheg_part2
Load C++ Worker
Modules to run:  []   name =  genQEDJets
Loading genQEDJets from CMGTools.WMass.postprocessing.examples.genFriendProducer 
Running on dataset =  TTToSemilepton_powheg_part2
Will write selected trees to MY_EOS_SPACE/heppyNtuples/TREES_TopDibosonsQCD_94X/friends/
Normalization of nTrueInt_Wnopt: 3.68902e+10
Normalization of pileup: 3.68902e+10
Weights for variable nTrueInt_Wnopt with a number of bins equal to 102:
1 0.3634 0.9215 1.196 0.96 1.118 1.157 0.9675 0.9293 0.9192 0.8823 0.9553 1.062 1.116 1.167 1.194 1.2 1.193 1.177 1.14 1.092 1.06 1.047 1.046 1.047 1.048 1.06 1.077 1.092 1.106 1.122 1.108 1.097 1.051 0.992 0.9144 0.8237 0.7175 0.6087 0.5019 0.4029 0.3076 0.2264 0.1622 0.1123 0.07656 0.05052 0.03159 0.01992 0.01212 0.007355 0.004361 0.002593 0.001553 0.0009624 0.0007219 0.0006632 0.0007233 0.0009289 0.001329 0.001772 0.003222 0.004042 0.00487 0.005064 0.005658 0.005309 0.004846 0.004101 0.003977 0.003686 0.003306 0.002672 0.002286 0.001878 0.00167 1 1 1 1 1 1 1 1 1 1 1 1 1 1 1 1 1 1 1 1 1 1 1 1 1 1 .
Final weights: 
1 0.3634 0.9215 1.196 0.96 1.118 1.157 0.9675 0.9293 0.9192 0.8823 0.9553 1.062 1.116 1.167 1.194 1.2 1.193 1.177 1.14 1.092 1.06 1.047 1.046 1.047 1.048 1.06 1.077 1.092 1.106 1.122 1.108 1.097 1.051 0.992 0.9144 0.8237 0.7175 0.6087 0.5019 0.4029 0.3076 0.2264 0.1622 0.1123 0.07656 0.05052 0.03159 0.01992 0.01212 0.007355 0.004361 0.002593 0.001553 0.0009624 0.0007219 0.0006632 0.0007233 0.0009289 0.001329 0.001772 0.003222 0.004042 0.00487 0.005064 0.005658 0.005309 0.004846 0.004101 0.003977 0.003686 0.003306 0.002672 0.002286 0.001878 0.00167 1 1 1 1 1 1 1 1 1 1 1 1 1 1 1 1 1 1 1 1 1 1 1 1 1 1 .
begin job of lepCalProducer
initializing all the rochester correction objects
initializing the egamma calibrator
Processed   750000/ 6901302 entries (elapsed time     0.4s, curr speed   26.316 kHz, avg speed 1973.684 kHz), accepted        1/       1 events (100.00%)
Processed   760000/ 6901302 entries (elapsed time    21.3s, curr speed    0.478 kHz, avg speed   35.681 kHz), accepted    10001/   10001 events (100.00%)
Processed   770000/ 6901302 entries (elapsed time    42.0s, curr speed    0.483 kHz, avg speed   18.338 kHz), accepted    20001/   20001 events (100.00%)
Processed   780000/ 6901302 entries (elapsed time    62.5s, curr speed    0.487 kHz, avg speed   12.474 kHz), accepted    30001/   30001 events (100.00%)
Processed   790000/ 6901302 entries (elapsed time    83.0s, curr speed    0.488 kHz, avg speed    9.516 kHz), accepted    40001/   40001 events (100.00%)
Processed   800000/ 6901302 entries (elapsed time   103.8s, curr speed    0.482 kHz, avg speed    7.710 kHz), accepted    50001/   50001 events (100.00%)
Processed   810000/ 6901302 entries (elapsed time   124.8s, curr speed    0.476 kHz, avg speed    6.492 kHz), accepted    60001/   60001 events (100.00%)
Processed   820000/ 6901302 entries (elapsed time   142.4s, curr speed    0.567 kHz, avg speed    5.758 kHz), accepted    70001/   70001 events (100.00%)
Processed   830000/ 6901302 entries (elapsed time   160.4s, curr speed    0.557 kHz, avg speed    5.176 kHz), accepted    80001/   80001 events (100.00%)
Processed   840000/ 6901302 entries (elapsed time   177.9s, curr speed    0.572 kHz, avg speed    4.723 kHz), accepted    90001/   90001 events (100.00%)
Processed   850000/ 6901302 entries (elapsed time   195.4s, curr speed    0.571 kHz, avg speed    4.351 kHz), accepted   100001/  100001 events (100.00%)
Processed   860000/ 6901302 entries (elapsed time   212.9s, curr speed    0.572 kHz, avg speed    4.040 kHz), accepted   110001/  110001 events (100.00%)
Processed   870000/ 6901302 entries (elapsed time   251.9s, curr speed    0.256 kHz, avg speed    3.454 kHz), accepted   120001/  120001 events (100.00%)
Processed   880000/ 6901302 entries (elapsed time   269.4s, curr speed    0.570 kHz, avg speed    3.266 kHz), accepted   130001/  130001 events (100.00%)
Processed   890000/ 6901302 entries (elapsed time   287.3s, curr speed    0.559 kHz, avg speed    3.098 kHz), accepted   140001/  140001 events (100.00%)
Processed   900000/ 6901302 entries (elapsed time   305.2s, curr speed    0.558 kHz, avg speed    2.949 kHz), accepted   150001/  150001 events (100.00%)
Processed   910000/ 6901302 entries (elapsed time   322.7s, curr speed    0.571 kHz, avg speed    2.820 kHz), accepted   160001/  160001 events (100.00%)
Processed   920000/ 6901302 entries (elapsed time   340.3s, curr speed    0.569 kHz, avg speed    2.704 kHz), accepted   170001/  170001 events (100.00%)
Processed   930000/ 6901302 entries (elapsed time   378.4s, curr speed    0.262 kHz, avg speed    2.458 kHz), accepted   180001/  180001 events (100.00%)
Processed   940000/ 6901302 entries (elapsed time   396.1s, curr speed    0.567 kHz, avg speed    2.373 kHz), accepted   190001/  190001 events (100.00%)
Processed   950000/ 6901302 entries (elapsed time   414.5s, curr speed    0.542 kHz, avg speed    2.292 kHz), accepted   200001/  200001 events (100.00%)
Processed   960000/ 6901302 entries (elapsed time   433.2s, curr speed    0.535 kHz, avg speed    2.216 kHz), accepted   210001/  210001 events (100.00%)
Processed   970000/ 6901302 entries (elapsed time   452.4s, curr speed    0.521 kHz, avg speed    2.144 kHz), accepted   220001/  220001 events (100.00%)
Processed   980000/ 6901302 entries (elapsed time   470.5s, curr speed    0.552 kHz, avg speed    2.083 kHz), accepted   230001/  230001 events (100.00%)
Processed   990000/ 6901302 entries (elapsed time   511.0s, curr speed    0.247 kHz, avg speed    1.938 kHz), accepted   240001/  240001 events (100.00%)
Processed 250000 entries from MY_EOS_SPACE/heppyNtuples/TREES_TopDibosonsQCD_94X/TTToSemilepton_powheg_part2/treeProducerWMass/tree.root, selected 250000 entries
Done MY_EOS_SPACE/heppyNtuples/TREES_TopDibosonsQCD_94X/friends/tree_Friend_TTToSemilepton_powheg_part2.chunk3.root
