000 (323088.013.000) 05/11 15:54:59 Job submitted from host: <188.184.95.166:9618?addrs=188.184.95.166-9618+[2001-1458-201-e4--100-7a0]-9618&alias=tbird02.cern.ch&noUDP&sock=schedd_2138722_faad_3>
...
040 (323088.013.000) 05/11 15:56:48 Started transferring input files
	Transferring to host: <128.142.240.20:9618?addrs=128.142.240.20-9618+[2001-1458-301-f9--100-4]-9618&noUDP&sock=29066_6057_77>
...
040 (323088.013.000) 05/11 15:56:48 Finished transferring input files
...
001 (323088.013.000) 05/11 15:56:49 Job executing on host: <128.142.240.20:9618?addrs=128.142.240.20-9618+[2001-1458-301-f9--100-4]-9618&noUDP&sock=2375_a184_3>
...
006 (323088.013.000) 05/11 15:56:58 Image size of job updated: 251400
	245  -  MemoryUsage of job (MB)
	250304  -  ResidentSetSize of job (KB)
...
006 (323088.013.000) 05/11 16:01:59 Image size of job updated: 453768
	443  -  MemoryUsage of job (MB)
	453284  -  ResidentSetSize of job (KB)
...
006 (323088.013.000) 05/11 16:06:59 Image size of job updated: 487608
	476  -  MemoryUsage of job (MB)
	487124  -  ResidentSetSize of job (KB)
...
040 (323088.013.000) 05/11 16:10:58 Started transferring output files
...
040 (323088.013.000) 05/11 16:10:58 Finished transferring output files
...
005 (323088.013.000) 05/11 16:10:58 Job terminated.
	(1) Normal termination (return value 1)
		Usr 0 00:12:18, Sys 0 00:01:20  -  Run Remote Usage
		Usr 0 00:00:00, Sys 0 00:00:00  -  Run Local Usage
		Usr 0 00:12:18, Sys 0 00:01:20  -  Total Remote Usage
		Usr 0 00:00:00, Sys 0 00:00:00  -  Total Local Usage
	8555  -  Run Bytes Sent By Job
	10941  -  Run Bytes Received By Job
	8555  -  Total Bytes Sent By Job
	10941  -  Total Bytes Received By Job
	Partitionable Resources :    Usage  Request Allocated 
	   Cpus                 :     1.00        1         1 
	   Disk (KB)            :    78           1    221891 
	   Memory (MB)          :   476        2000      2000 
...
