000 (323099.007.000) 05/11 15:55:05 Job submitted from host: <188.184.95.166:9618?addrs=188.184.95.166-9618+[2001-1458-201-e4--100-7a0]-9618&alias=tbird02.cern.ch&noUDP&sock=schedd_2138722_faad_3>
...
040 (323099.007.000) 05/11 16:04:35 Started transferring input files
	Transferring to host: <188.184.192.242:9618?addrs=188.184.192.242-9618+[2001-1458-301-83--100-356]-9618&noUDP&sock=4157_bb82_115006>
...
040 (323099.007.000) 05/11 16:04:35 Finished transferring input files
...
001 (323099.007.000) 05/11 16:04:36 Job executing on host: <188.184.192.242:9618?addrs=188.184.192.242-9618+[2001-1458-301-83--100-356]-9618&noUDP&sock=2422_de78_3>
...
006 (323099.007.000) 05/11 16:04:45 Image size of job updated: 337168
	249  -  MemoryUsage of job (MB)
	254712  -  ResidentSetSize of job (KB)
...
006 (323099.007.000) 05/11 16:09:46 Image size of job updated: 507712
	496  -  MemoryUsage of job (MB)
	506928  -  ResidentSetSize of job (KB)
...
040 (323099.007.000) 05/11 16:13:17 Started transferring output files
...
040 (323099.007.000) 05/11 16:13:17 Finished transferring output files
...
005 (323099.007.000) 05/11 16:13:17 Job terminated.
	(1) Normal termination (return value 1)
		Usr 0 00:07:34, Sys 0 00:01:03  -  Run Remote Usage
		Usr 0 00:00:00, Sys 0 00:00:00  -  Run Local Usage
		Usr 0 00:07:34, Sys 0 00:01:03  -  Total Remote Usage
		Usr 0 00:00:00, Sys 0 00:00:00  -  Total Local Usage
	8608  -  Run Bytes Sent By Job
	10941  -  Run Bytes Received By Job
	8608  -  Total Bytes Sent By Job
	10941  -  Total Bytes Received By Job
	Partitionable Resources :    Usage  Request Allocated 
	   Cpus                 :                 1           
	   Disk (KB)            :       71        1   2120641 
	   Memory (MB)          :      496     2000      2000 
...
