000 (323098.026.000) 05/11 15:55:05 Job submitted from host: <188.184.95.166:9618?addrs=188.184.95.166-9618+[2001-1458-201-e4--100-7a0]-9618&alias=tbird02.cern.ch&noUDP&sock=schedd_2138722_faad_3>
...
040 (323098.026.000) 05/11 16:04:24 Started transferring input files
	Transferring to host: <188.184.132.52:9618?addrs=188.184.132.52-9618+[2001-1458-301-a0--100-1b]-9618&noUDP&sock=4089_d1ff_126137>
...
040 (323098.026.000) 05/11 16:04:24 Finished transferring input files
...
001 (323098.026.000) 05/11 16:04:25 Job executing on host: <188.184.132.52:9618?addrs=188.184.132.52-9618+[2001-1458-301-a0--100-1b]-9618&noUDP&sock=2324_a630_3>
...
006 (323098.026.000) 05/11 16:04:33 Image size of job updated: 336904
	249  -  MemoryUsage of job (MB)
	254180  -  ResidentSetSize of job (KB)
...
006 (323098.026.000) 05/11 16:09:33 Image size of job updated: 591076
	497  -  MemoryUsage of job (MB)
	508188  -  ResidentSetSize of job (KB)
...
040 (323098.026.000) 05/11 16:12:49 Started transferring output files
...
040 (323098.026.000) 05/11 16:12:49 Finished transferring output files
...
005 (323098.026.000) 05/11 16:12:49 Job terminated.
	(1) Normal termination (return value 1)
		Usr 0 00:07:23, Sys 0 00:00:57  -  Run Remote Usage
		Usr 0 00:00:00, Sys 0 00:00:00  -  Run Local Usage
		Usr 0 00:07:23, Sys 0 00:00:57  -  Total Remote Usage
		Usr 0 00:00:00, Sys 0 00:00:00  -  Total Local Usage
	8612  -  Run Bytes Sent By Job
	10941  -  Run Bytes Received By Job
	8612  -  Total Bytes Sent By Job
	10941  -  Total Bytes Received By Job
	Partitionable Resources :    Usage  Request Allocated 
	   Cpus                 :                 1           
	   Disk (KB)            :       72        1   2178458 
	   Memory (MB)          :      497     2000      2000 
...
