   TTToSemilepton_powheg_part9   MC  29 chunks


I have 1 taks to process
I'm using the following list of modules DEFAULT_MODULES
this is jobs [('TTToSemilepton_powheg_part9', 'MY_EOS_SPACE/heppyNtuples/TREES_TopDibosonsQCD_94X/TTToSemilepton_powheg_part9/treeProducerWMass/tree.root', 13182392.0, '_Friend_TTToSemilepton_powheg_part9.chunk22', False, xrange(5500000, 5750000), 22)]
Modules to run:  []   name =  puWeight
Loading puWeight from CMGTools.WMass.postprocessing.examples.puWeightProducer 
Running on dataset =  TTToSemilepton_powheg_part9
TFile: name=/afs/cern.ch/work/m/mciprian/w_mass_analysis/heppy/rel_slc7/CMSSW_9_4_12/src/CMGTools/WMass/python/postprocessing/data/pileup/mcPU_2016_W94XnoCutsWithGenWeights_nTrueInt.root, title=, option=READ
TFile: name=/afs/cern.ch/work/m/mciprian/w_mass_analysis/heppy/rel_slc7/CMSSW_9_4_12/src/CMGTools/WMass/python/postprocessing/data/pileup/PileupData_GoldenMuonJSON_Full2016.root, title=, option=READ
Load C++ Worker
Modules to run:  []   name =  muCalibratedWithStatVar
Loading muCalibratedWithStatVar from CMGTools.WMass.postprocessing.examples.lepVarProducer 
Running on dataset =  TTToSemilepton_powheg_part9
did not find EnergyScaleCorrection shared object, rebuilding
trying to load all the rochester correction libraries
did not find legacy data roccor. rebuilding...
done building legacy data roccor.
Modules to run:  []   name =  jetAllReCleaner
Loading jetAllReCleaner from CMGTools.WMass.postprocessing.examples.jetReCleaner 
Running on dataset =  TTToSemilepton_powheg_part9
Load C++ Worker
Modules to run:  []   name =  jetReCleaner
Loading jetReCleaner from CMGTools.WMass.postprocessing.examples.jetReCleaner 
Running on dataset =  TTToSemilepton_powheg_part9
Load C++ Worker
Modules to run:  []   name =  genQEDJets
Loading genQEDJets from CMGTools.WMass.postprocessing.examples.genFriendProducer 
Running on dataset =  TTToSemilepton_powheg_part9
Will write selected trees to MY_EOS_SPACE/heppyNtuples/TREES_TopDibosonsQCD_94X/friends/
Normalization of nTrueInt_Wnopt: 3.68902e+10
Normalization of pileup: 3.68902e+10
Weights for variable nTrueInt_Wnopt with a number of bins equal to 102:
1 0.3634 0.9215 1.196 0.96 1.118 1.157 0.9675 0.9293 0.9192 0.8823 0.9553 1.062 1.116 1.167 1.194 1.2 1.193 1.177 1.14 1.092 1.06 1.047 1.046 1.047 1.048 1.06 1.077 1.092 1.106 1.122 1.108 1.097 1.051 0.992 0.9144 0.8237 0.7175 0.6087 0.5019 0.4029 0.3076 0.2264 0.1622 0.1123 0.07656 0.05052 0.03159 0.01992 0.01212 0.007355 0.004361 0.002593 0.001553 0.0009624 0.0007219 0.0006632 0.0007233 0.0009289 0.001329 0.001772 0.003222 0.004042 0.00487 0.005064 0.005658 0.005309 0.004846 0.004101 0.003977 0.003686 0.003306 0.002672 0.002286 0.001878 0.00167 1 1 1 1 1 1 1 1 1 1 1 1 1 1 1 1 1 1 1 1 1 1 1 1 1 1 .
Final weights: 
1 0.3634 0.9215 1.196 0.96 1.118 1.157 0.9675 0.9293 0.9192 0.8823 0.9553 1.062 1.116 1.167 1.194 1.2 1.193 1.177 1.14 1.092 1.06 1.047 1.046 1.047 1.048 1.06 1.077 1.092 1.106 1.122 1.108 1.097 1.051 0.992 0.9144 0.8237 0.7175 0.6087 0.5019 0.4029 0.3076 0.2264 0.1622 0.1123 0.07656 0.05052 0.03159 0.01992 0.01212 0.007355 0.004361 0.002593 0.001553 0.0009624 0.0007219 0.0006632 0.0007233 0.0009289 0.001329 0.001772 0.003222 0.004042 0.00487 0.005064 0.005658 0.005309 0.004846 0.004101 0.003977 0.003686 0.003306 0.002672 0.002286 0.001878 0.00167 1 1 1 1 1 1 1 1 1 1 1 1 1 1 1 1 1 1 1 1 1 1 1 1 1 1 .
begin job of lepCalProducer
initializing all the rochester correction objects
initializing the egamma calibrator
Processed  5500000/ 7222803 entries (elapsed time     0.3s, curr speed   31.250 kHz, avg speed 17187.500 kHz), accepted        1/       1 events (100.00%)
Processed  5510000/ 7222803 entries (elapsed time    22.8s, curr speed    0.445 kHz, avg speed  241.879 kHz), accepted    10001/   10001 events (100.00%)
Processed  5520000/ 7222803 entries (elapsed time    45.6s, curr speed    0.438 kHz, avg speed  121.079 kHz), accepted    20001/   20001 events (100.00%)
Processed  5530000/ 7222803 entries (elapsed time    68.3s, curr speed    0.441 kHz, avg speed   81.014 kHz), accepted    30001/   30001 events (100.00%)
Processed  5540000/ 7222803 entries (elapsed time    91.7s, curr speed    0.426 kHz, avg speed   60.408 kHz), accepted    40001/   40001 events (100.00%)
Processed  5550000/ 7222803 entries (elapsed time   115.1s, curr speed    0.428 kHz, avg speed   48.219 kHz), accepted    50001/   50001 events (100.00%)
Processed  5560000/ 7222803 entries (elapsed time   138.1s, curr speed    0.436 kHz, avg speed   40.275 kHz), accepted    60001/   60001 events (100.00%)
Processed  5570000/ 7222803 entries (elapsed time   157.2s, curr speed    0.522 kHz, avg speed   35.428 kHz), accepted    70001/   70001 events (100.00%)
Processed  5580000/ 7222803 entries (elapsed time   176.7s, curr speed    0.514 kHz, avg speed   31.581 kHz), accepted    80001/   80001 events (100.00%)
Processed  5590000/ 7222803 entries (elapsed time   195.7s, curr speed    0.525 kHz, avg speed   28.561 kHz), accepted    90001/   90001 events (100.00%)
Processed  5600000/ 7222803 entries (elapsed time   214.9s, curr speed    0.521 kHz, avg speed   26.057 kHz), accepted   100001/  100001 events (100.00%)
Processed  5610000/ 7222803 entries (elapsed time   234.7s, curr speed    0.506 kHz, avg speed   23.904 kHz), accepted   110001/  110001 events (100.00%)
Processed  5620000/ 7222803 entries (elapsed time   276.8s, curr speed    0.237 kHz, avg speed   20.302 kHz), accepted   120001/  120001 events (100.00%)
Processed  5630000/ 7222803 entries (elapsed time   295.8s, curr speed    0.527 kHz, avg speed   19.034 kHz), accepted   130001/  130001 events (100.00%)
Processed  5640000/ 7222803 entries (elapsed time   315.9s, curr speed    0.497 kHz, avg speed   17.852 kHz), accepted   140001/  140001 events (100.00%)
Processed  5650000/ 7222803 entries (elapsed time   335.2s, curr speed    0.518 kHz, avg speed   16.854 kHz), accepted   150001/  150001 events (100.00%)
Processed  5660000/ 7222803 entries (elapsed time   354.8s, curr speed    0.512 kHz, avg speed   15.954 kHz), accepted   160001/  160001 events (100.00%)
Processed  5670000/ 7222803 entries (elapsed time   375.1s, curr speed    0.491 kHz, avg speed   15.114 kHz), accepted   170001/  170001 events (100.00%)
Processed  5680000/ 7222803 entries (elapsed time   415.6s, curr speed    0.247 kHz, avg speed   13.668 kHz), accepted   180001/  180001 events (100.00%)
Processed  5690000/ 7222803 entries (elapsed time   434.7s, curr speed    0.522 kHz, avg speed   13.089 kHz), accepted   190001/  190001 events (100.00%)
Processed  5700000/ 7222803 entries (elapsed time   453.8s, curr speed    0.525 kHz, avg speed   12.562 kHz), accepted   200001/  200001 events (100.00%)
Processed  5710000/ 7222803 entries (elapsed time   473.8s, curr speed    0.498 kHz, avg speed   12.051 kHz), accepted   210001/  210001 events (100.00%)
Processed  5720000/ 7222803 entries (elapsed time   492.9s, curr speed    0.525 kHz, avg speed   11.605 kHz), accepted   220001/  220001 events (100.00%)
Processed  5730000/ 7222803 entries (elapsed time   511.5s, curr speed    0.536 kHz, avg speed   11.201 kHz), accepted   230001/  230001 events (100.00%)
Processed  5740000/ 7222803 entries (elapsed time   552.5s, curr speed    0.244 kHz, avg speed   10.389 kHz), accepted   240001/  240001 events (100.00%)
Processed 250000 entries from MY_EOS_SPACE/heppyNtuples/TREES_TopDibosonsQCD_94X/TTToSemilepton_powheg_part9/treeProducerWMass/tree.root, selected 250000 entries
Done MY_EOS_SPACE/heppyNtuples/TREES_TopDibosonsQCD_94X/friends/tree_Friend_TTToSemilepton_powheg_part9.chunk22.root
