000 (323093.019.000) 05/11 15:55:02 Job submitted from host: <188.184.95.166:9618?addrs=188.184.95.166-9618+[2001-1458-201-e4--100-7a0]-9618&alias=tbird02.cern.ch&noUDP&sock=schedd_2138722_faad_3>
...
040 (323093.019.000) 05/11 15:59:44 Started transferring input files
	Transferring to host: <188.184.186.22:9618?addrs=188.184.186.22-9618+[2001-1458-301-f8--100-13]-9618&noUDP&sock=4093_a380_126637>
...
040 (323093.019.000) 05/11 15:59:44 Finished transferring input files
...
001 (323093.019.000) 05/11 15:59:45 Job executing on host: <188.184.186.22:9618?addrs=188.184.186.22-9618+[2001-1458-301-f8--100-13]-9618&noUDP&sock=2329_1429_3>
...
006 (323093.019.000) 05/11 15:59:53 Image size of job updated: 208232
	127  -  MemoryUsage of job (MB)
	130048  -  ResidentSetSize of job (KB)
...
006 (323093.019.000) 05/11 16:04:53 Image size of job updated: 593512
	496  -  MemoryUsage of job (MB)
	507752  -  ResidentSetSize of job (KB)
...
040 (323093.019.000) 05/11 16:09:02 Started transferring output files
...
040 (323093.019.000) 05/11 16:09:02 Finished transferring output files
...
005 (323093.019.000) 05/11 16:09:02 Job terminated.
	(1) Normal termination (return value 1)
		Usr 0 00:08:05, Sys 0 00:00:58  -  Run Remote Usage
		Usr 0 00:00:00, Sys 0 00:00:00  -  Run Local Usage
		Usr 0 00:08:05, Sys 0 00:00:58  -  Total Remote Usage
		Usr 0 00:00:00, Sys 0 00:00:00  -  Total Local Usage
	8623  -  Run Bytes Sent By Job
	10941  -  Run Bytes Received By Job
	8623  -  Total Bytes Sent By Job
	10941  -  Total Bytes Received By Job
	Partitionable Resources :    Usage  Request Allocated 
	   Cpus                 :                 1           
	   Disk (KB)            :       71        1   2209331 
	   Memory (MB)          :      496     2000      2000 
...
