000 (323084.008.000) 05/11 15:54:56 Job submitted from host: <188.184.95.166:9618?addrs=188.184.95.166-9618+[2001-1458-201-e4--100-7a0]-9618&alias=tbird02.cern.ch&noUDP&sock=schedd_2138722_faad_3>
...
040 (323084.008.000) 05/11 15:56:12 Started transferring input files
	Transferring to host: <188.184.132.35:9618?addrs=188.184.132.35-9618+[2001-1458-301-a0--100-11]-9618&noUDP&sock=20896_df4b_82>
...
040 (323084.008.000) 05/11 15:56:12 Finished transferring input files
...
001 (323084.008.000) 05/11 15:56:13 Job executing on host: <188.184.132.35:9618?addrs=188.184.132.35-9618+[2001-1458-301-a0--100-11]-9618&noUDP&sock=2441_e6c4_3>
...
006 (323084.008.000) 05/11 15:56:22 Image size of job updated: 329220
	245  -  MemoryUsage of job (MB)
	250372  -  ResidentSetSize of job (KB)
...
006 (323084.008.000) 05/11 16:01:23 Image size of job updated: 400848
	391  -  MemoryUsage of job (MB)
	400336  -  ResidentSetSize of job (KB)
...
006 (323084.008.000) 05/11 16:06:24 Image size of job updated: 485588
	474  -  MemoryUsage of job (MB)
	485076  -  ResidentSetSize of job (KB)
...
006 (323084.008.000) 05/11 16:11:24 Image size of job updated: 487008
	476  -  MemoryUsage of job (MB)
	486496  -  ResidentSetSize of job (KB)
...
040 (323084.008.000) 05/11 16:11:42 Started transferring output files
...
040 (323084.008.000) 05/11 16:11:42 Finished transferring output files
...
005 (323084.008.000) 05/11 16:11:42 Job terminated.
	(1) Normal termination (return value 1)
		Usr 0 00:13:26, Sys 0 00:01:23  -  Run Remote Usage
		Usr 0 00:00:00, Sys 0 00:00:00  -  Run Local Usage
		Usr 0 00:13:26, Sys 0 00:01:23  -  Total Remote Usage
		Usr 0 00:00:00, Sys 0 00:00:00  -  Total Local Usage
	8552  -  Run Bytes Sent By Job
	10941  -  Run Bytes Received By Job
	8552  -  Total Bytes Sent By Job
	10941  -  Total Bytes Received By Job
	Partitionable Resources :    Usage  Request Allocated 
	   Cpus                 :     0.99        1         1 
	   Disk (KB)            :    78           1    212293 
	   Memory (MB)          :   476        2000      2000 
...
