000 (323096.016.000) 05/11 15:55:03 Job submitted from host: <188.184.95.166:9618?addrs=188.184.95.166-9618+[2001-1458-201-e4--100-7a0]-9618&alias=tbird02.cern.ch&noUDP&sock=schedd_2138722_faad_3>
...
040 (323096.016.000) 05/11 16:02:36 Started transferring input files
	Transferring to host: <188.184.132.252:9618?addrs=188.184.132.252-9618+[2001-1458-301-a0--100-27a]-9618&noUDP&sock=12926_4947_103782>
...
040 (323096.016.000) 05/11 16:02:36 Finished transferring input files
...
001 (323096.016.000) 05/11 16:02:37 Job executing on host: <188.184.132.252:9618?addrs=188.184.132.252-9618+[2001-1458-301-a0--100-27a]-9618&noUDP&sock=12718_1192_3>
...
006 (323096.016.000) 05/11 16:02:46 Image size of job updated: 315936
	225  -  MemoryUsage of job (MB)
	230384  -  ResidentSetSize of job (KB)
...
006 (323096.016.000) 05/11 16:07:46 Image size of job updated: 509932
	496  -  MemoryUsage of job (MB)
	507076  -  ResidentSetSize of job (KB)
...
040 (323096.016.000) 05/11 16:11:44 Started transferring output files
...
040 (323096.016.000) 05/11 16:11:44 Finished transferring output files
...
005 (323096.016.000) 05/11 16:11:44 Job terminated.
	(1) Normal termination (return value 1)
		Usr 0 00:08:03, Sys 0 00:01:00  -  Run Remote Usage
		Usr 0 00:00:00, Sys 0 00:00:00  -  Run Local Usage
		Usr 0 00:08:03, Sys 0 00:01:00  -  Total Remote Usage
		Usr 0 00:00:00, Sys 0 00:00:00  -  Total Local Usage
	8612  -  Run Bytes Sent By Job
	10941  -  Run Bytes Received By Job
	8612  -  Total Bytes Sent By Job
	10941  -  Total Bytes Received By Job
	Partitionable Resources :    Usage  Request Allocated 
	   Cpus                 :                 1           
	   Disk (KB)            :       72        1   2116356 
	   Memory (MB)          :      496     2000      2000 
...
