000 (323099.014.000) 05/11 15:55:05 Job submitted from host: <188.184.95.166:9618?addrs=188.184.95.166-9618+[2001-1458-201-e4--100-7a0]-9618&alias=tbird02.cern.ch&noUDP&sock=schedd_2138722_faad_3>
...
040 (323099.014.000) 05/11 16:04:39 Started transferring input files
	Transferring to host: <188.184.133.233:9618?addrs=188.184.133.233-9618+[2001-1458-301-a0--100-33f]-9618&noUDP&sock=13080_cb0d_103069>
...
040 (323099.014.000) 05/11 16:04:39 Finished transferring input files
...
001 (323099.014.000) 05/11 16:04:40 Job executing on host: <188.184.133.233:9618?addrs=188.184.133.233-9618+[2001-1458-301-a0--100-33f]-9618&noUDP&sock=12872_b328_3>
...
006 (323099.014.000) 05/11 16:04:48 Image size of job updated: 336564
	248  -  MemoryUsage of job (MB)
	253912  -  ResidentSetSize of job (KB)
...
006 (323099.014.000) 05/11 16:09:48 Image size of job updated: 508596
	496  -  MemoryUsage of job (MB)
	507328  -  ResidentSetSize of job (KB)
...
040 (323099.014.000) 05/11 16:13:25 Started transferring output files
...
040 (323099.014.000) 05/11 16:13:25 Finished transferring output files
...
005 (323099.014.000) 05/11 16:13:25 Job terminated.
	(1) Normal termination (return value 1)
		Usr 0 00:07:39, Sys 0 00:01:03  -  Run Remote Usage
		Usr 0 00:00:00, Sys 0 00:00:00  -  Run Local Usage
		Usr 0 00:07:39, Sys 0 00:01:03  -  Total Remote Usage
		Usr 0 00:00:00, Sys 0 00:00:00  -  Total Local Usage
	8612  -  Run Bytes Sent By Job
	10941  -  Run Bytes Received By Job
	8612  -  Total Bytes Sent By Job
	10941  -  Total Bytes Received By Job
	Partitionable Resources :    Usage  Request Allocated 
	   Cpus                 :                 1           
	   Disk (KB)            :       71        1   2152138 
	   Memory (MB)          :      496     2000      2000 
...
