000 (323107.000.000) 05/11 15:55:11 Job submitted from host: <188.184.95.166:9618?addrs=188.184.95.166-9618+[2001-1458-201-e4--100-7a0]-9618&alias=tbird02.cern.ch&noUDP&sock=schedd_2138722_faad_3>
...
040 (323107.000.000) 05/11 16:07:09 Started transferring input files
	Transferring to host: <188.184.132.124:9618?addrs=188.184.132.124-9618+[2001-1458-301-a0--100-374]-9618&noUDP&sock=3322_6640_102543>
...
040 (323107.000.000) 05/11 16:07:09 Finished transferring input files
...
001 (323107.000.000) 05/11 16:07:10 Job executing on host: <188.184.132.124:9618?addrs=188.184.132.124-9618+[2001-1458-301-a0--100-374]-9618&noUDP&sock=2277_693c_3>
...
006 (323107.000.000) 05/11 16:07:19 Image size of job updated: 297292
	223  -  MemoryUsage of job (MB)
	227756  -  ResidentSetSize of job (KB)
...
006 (323107.000.000) 05/11 16:12:20 Image size of job updated: 504424
	425  -  MemoryUsage of job (MB)
	434848  -  ResidentSetSize of job (KB)
...
040 (323107.000.000) 05/11 16:17:01 Started transferring output files
...
040 (323107.000.000) 05/11 16:17:01 Finished transferring output files
...
005 (323107.000.000) 05/11 16:17:01 Job terminated.
	(1) Normal termination (return value 1)
		Usr 0 00:08:45, Sys 0 00:00:54  -  Run Remote Usage
		Usr 0 00:00:00, Sys 0 00:00:00  -  Run Local Usage
		Usr 0 00:08:45, Sys 0 00:00:54  -  Total Remote Usage
		Usr 0 00:00:00, Sys 0 00:00:00  -  Total Local Usage
	8285  -  Run Bytes Sent By Job
	10941  -  Run Bytes Received By Job
	8285  -  Total Bytes Sent By Job
	10941  -  Total Bytes Received By Job
	Partitionable Resources :    Usage  Request Allocated 
	   Cpus                 :                 1           
	   Disk (KB)            :       70        1   2085494 
	   Memory (MB)          :      425     2000      2000 
...
