   WW_ext_part1   MC  7 chunks


I have 1 taks to process
I'm using the following list of modules DEFAULT_MODULES
this is jobs [('WW_ext_part1', 'MY_EOS_SPACE/heppyNtuples/TREES_TopDibosonsQCD_94X/WW_ext_part1/treeProducerWMass/tree.root', 6988278.142671827, '_Friend_WW_ext_part1.chunk5', False, xrange(1250000, 1500000), 5)]
Modules to run:  []   name =  puWeight
Loading puWeight from CMGTools.WMass.postprocessing.examples.puWeightProducer 
Running on dataset =  WW_ext_part1
TFile: name=/afs/cern.ch/work/m/mciprian/w_mass_analysis/heppy/rel_slc7/CMSSW_9_4_12/src/CMGTools/WMass/python/postprocessing/data/pileup/mcPU_2016_W94XnoCutsWithGenWeights_nTrueInt.root, title=, option=READ
TFile: name=/afs/cern.ch/work/m/mciprian/w_mass_analysis/heppy/rel_slc7/CMSSW_9_4_12/src/CMGTools/WMass/python/postprocessing/data/pileup/PileupData_GoldenMuonJSON_Full2016.root, title=, option=READ
Load C++ Worker
Modules to run:  []   name =  muCalibratedWithStatVar
Loading muCalibratedWithStatVar from CMGTools.WMass.postprocessing.examples.lepVarProducer 
Running on dataset =  WW_ext_part1
did not find EnergyScaleCorrection shared object, rebuilding
trying to load all the rochester correction libraries
did not find legacy data roccor. rebuilding...
done building legacy data roccor.
Modules to run:  []   name =  jetAllReCleaner
Loading jetAllReCleaner from CMGTools.WMass.postprocessing.examples.jetReCleaner 
Running on dataset =  WW_ext_part1
Load C++ Worker
Modules to run:  []   name =  jetReCleaner
Loading jetReCleaner from CMGTools.WMass.postprocessing.examples.jetReCleaner 
Running on dataset =  WW_ext_part1
Load C++ Worker
Modules to run:  []   name =  genQEDJets
Loading genQEDJets from CMGTools.WMass.postprocessing.examples.genFriendProducer 
Running on dataset =  WW_ext_part1
Will write selected trees to MY_EOS_SPACE/heppyNtuples/TREES_TopDibosonsQCD_94X/friends/
Normalization of nTrueInt_Wnopt: 3.68902e+10
Normalization of pileup: 3.68902e+10
Weights for variable nTrueInt_Wnopt with a number of bins equal to 102:
1 0.3634 0.9215 1.196 0.96 1.118 1.157 0.9675 0.9293 0.9192 0.8823 0.9553 1.062 1.116 1.167 1.194 1.2 1.193 1.177 1.14 1.092 1.06 1.047 1.046 1.047 1.048 1.06 1.077 1.092 1.106 1.122 1.108 1.097 1.051 0.992 0.9144 0.8237 0.7175 0.6087 0.5019 0.4029 0.3076 0.2264 0.1622 0.1123 0.07656 0.05052 0.03159 0.01992 0.01212 0.007355 0.004361 0.002593 0.001553 0.0009624 0.0007219 0.0006632 0.0007233 0.0009289 0.001329 0.001772 0.003222 0.004042 0.00487 0.005064 0.005658 0.005309 0.004846 0.004101 0.003977 0.003686 0.003306 0.002672 0.002286 0.001878 0.00167 1 1 1 1 1 1 1 1 1 1 1 1 1 1 1 1 1 1 1 1 1 1 1 1 1 1 .
Final weights: 
1 0.3634 0.9215 1.196 0.96 1.118 1.157 0.9675 0.9293 0.9192 0.8823 0.9553 1.062 1.116 1.167 1.194 1.2 1.193 1.177 1.14 1.092 1.06 1.047 1.046 1.047 1.048 1.06 1.077 1.092 1.106 1.122 1.108 1.097 1.051 0.992 0.9144 0.8237 0.7175 0.6087 0.5019 0.4029 0.3076 0.2264 0.1622 0.1123 0.07656 0.05052 0.03159 0.01992 0.01212 0.007355 0.004361 0.002593 0.001553 0.0009624 0.0007219 0.0006632 0.0007233 0.0009289 0.001329 0.001772 0.003222 0.004042 0.00487 0.005064 0.005658 0.005309 0.004846 0.004101 0.003977 0.003686 0.003306 0.002672 0.002286 0.001878 0.00167 1 1 1 1 1 1 1 1 1 1 1 1 1 1 1 1 1 1 1 1 1 1 1 1 1 1 .
begin job of lepCalProducer
initializing all the rochester correction objects
initializing the egamma calibrator
Processed  1250000/ 1735457 entries (elapsed time     0.3s, curr speed   34.483 kHz, avg speed 4310.345 kHz), accepted        1/       1 events (100.00%)
Processed  1260000/ 1735457 entries (elapsed time    15.1s, curr speed    0.674 kHz, avg speed   83.333 kHz), accepted    10001/   10001 events (100.00%)
Processed  1270000/ 1735457 entries (elapsed time    30.5s, curr speed    0.651 kHz, avg speed   41.680 kHz), accepted    20001/   20001 events (100.00%)
Processed  1280000/ 1735457 entries (elapsed time    45.6s, curr speed    0.663 kHz, avg speed   28.095 kHz), accepted    30001/   30001 events (100.00%)
Processed  1290000/ 1735457 entries (elapsed time    60.8s, curr speed    0.655 kHz, avg speed   21.210 kHz), accepted    40001/   40001 events (100.00%)
Processed  1300000/ 1735457 entries (elapsed time    76.0s, curr speed    0.660 kHz, avg speed   17.112 kHz), accepted    50001/   50001 events (100.00%)
Processed  1310000/ 1735457 entries (elapsed time    91.1s, curr speed    0.662 kHz, avg speed   14.383 kHz), accepted    60001/   60001 events (100.00%)
Processed  1320000/ 1735457 entries (elapsed time   106.1s, curr speed    0.668 kHz, avg speed   12.446 kHz), accepted    70001/   70001 events (100.00%)
Processed  1330000/ 1735457 entries (elapsed time   122.0s, curr speed    0.629 kHz, avg speed   10.904 kHz), accepted    80001/   80001 events (100.00%)
Processed  1340000/ 1735457 entries (elapsed time   134.5s, curr speed    0.798 kHz, avg speed    9.963 kHz), accepted    90001/   90001 events (100.00%)
Processed  1350000/ 1735457 entries (elapsed time   147.0s, curr speed    0.799 kHz, avg speed    9.183 kHz), accepted   100001/  100001 events (100.00%)
Processed  1360000/ 1735457 entries (elapsed time   159.4s, curr speed    0.804 kHz, avg speed    8.529 kHz), accepted   110001/  110001 events (100.00%)
Processed  1370000/ 1735457 entries (elapsed time   171.9s, curr speed    0.803 kHz, avg speed    7.970 kHz), accepted   120001/  120001 events (100.00%)
Processed  1380000/ 1735457 entries (elapsed time   184.3s, curr speed    0.808 kHz, avg speed    7.489 kHz), accepted   130001/  130001 events (100.00%)
Processed  1390000/ 1735457 entries (elapsed time   196.4s, curr speed    0.821 kHz, avg speed    7.076 kHz), accepted   140001/  140001 events (100.00%)
Processed  1400000/ 1735457 entries (elapsed time   208.3s, curr speed    0.841 kHz, avg speed    6.720 kHz), accepted   150001/  150001 events (100.00%)
Processed  1410000/ 1735457 entries (elapsed time   242.2s, curr speed    0.295 kHz, avg speed    5.821 kHz), accepted   160001/  160001 events (100.00%)
Processed  1420000/ 1735457 entries (elapsed time   253.8s, curr speed    0.864 kHz, avg speed    5.595 kHz), accepted   170001/  170001 events (100.00%)
Processed  1430000/ 1735457 entries (elapsed time   265.3s, curr speed    0.867 kHz, avg speed    5.390 kHz), accepted   180001/  180001 events (100.00%)
Processed  1440000/ 1735457 entries (elapsed time   276.8s, curr speed    0.867 kHz, avg speed    5.201 kHz), accepted   190001/  190001 events (100.00%)
Processed  1450000/ 1735457 entries (elapsed time   288.4s, curr speed    0.864 kHz, avg speed    5.027 kHz), accepted   200001/  200001 events (100.00%)
Processed  1460000/ 1735457 entries (elapsed time   299.9s, curr speed    0.867 kHz, avg speed    4.867 kHz), accepted   210001/  210001 events (100.00%)
Processed  1470000/ 1735457 entries (elapsed time   311.7s, curr speed    0.853 kHz, avg speed    4.716 kHz), accepted   220001/  220001 events (100.00%)
Processed  1480000/ 1735457 entries (elapsed time   323.1s, curr speed    0.872 kHz, avg speed    4.580 kHz), accepted   230001/  230001 events (100.00%)
Processed  1490000/ 1735457 entries (elapsed time   356.4s, curr speed    0.301 kHz, avg speed    4.181 kHz), accepted   240001/  240001 events (100.00%)
Processed 250000 entries from MY_EOS_SPACE/heppyNtuples/TREES_TopDibosonsQCD_94X/WW_ext_part1/treeProducerWMass/tree.root, selected 250000 entries
Done MY_EOS_SPACE/heppyNtuples/TREES_TopDibosonsQCD_94X/friends/tree_Friend_WW_ext_part1.chunk5.root
