000 (323107.006.000) 05/11 15:55:11 Job submitted from host: <188.184.95.166:9618?addrs=188.184.95.166-9618+[2001-1458-201-e4--100-7a0]-9618&alias=tbird02.cern.ch&noUDP&sock=schedd_2138722_faad_3>
...
040 (323107.006.000) 05/11 16:07:11 Started transferring input files
	Transferring to host: <128.142.240.14:9618?addrs=128.142.240.14-9618+[2001-1458-301-f9--100-7]-9618&noUDP&sock=4090_865f_126362>
...
040 (323107.006.000) 05/11 16:07:11 Finished transferring input files
...
001 (323107.006.000) 05/11 16:07:12 Job executing on host: <128.142.240.14:9618?addrs=128.142.240.14-9618+[2001-1458-301-f9--100-7]-9618&noUDP&sock=2355_e99f_3>
...
006 (323107.006.000) 05/11 16:07:21 Image size of job updated: 329512
	241  -  MemoryUsage of job (MB)
	246672  -  ResidentSetSize of job (KB)
...
006 (323107.006.000) 05/11 16:12:22 Image size of job updated: 641296
	546  -  MemoryUsage of job (MB)
	558404  -  ResidentSetSize of job (KB)
...
040 (323107.006.000) 05/11 16:13:43 Started transferring output files
...
040 (323107.006.000) 05/11 16:13:43 Finished transferring output files
...
005 (323107.006.000) 05/11 16:13:43 Job terminated.
	(1) Normal termination (return value 1)
		Usr 0 00:05:42, Sys 0 00:00:40  -  Run Remote Usage
		Usr 0 00:00:00, Sys 0 00:00:00  -  Run Local Usage
		Usr 0 00:05:42, Sys 0 00:00:40  -  Total Remote Usage
		Usr 0 00:00:00, Sys 0 00:00:00  -  Total Local Usage
	8295  -  Run Bytes Sent By Job
	10941  -  Run Bytes Received By Job
	8295  -  Total Bytes Sent By Job
	10941  -  Total Bytes Received By Job
	Partitionable Resources :    Usage  Request Allocated 
	   Cpus                 :                 1           
	   Disk (KB)            :       71        1   2188191 
	   Memory (MB)          :      546     2000      2000 
...
