000 (323107.005.000) 05/11 15:55:11 Job submitted from host: <188.184.95.166:9618?addrs=188.184.95.166-9618+[2001-1458-201-e4--100-7a0]-9618&alias=tbird02.cern.ch&noUDP&sock=schedd_2138722_faad_3>
...
040 (323107.005.000) 05/11 16:07:10 Started transferring input files
	Transferring to host: <188.184.133.227:9618?addrs=188.184.133.227-9618+[2001-1458-301-a0--100-306]-9618&noUDP&sock=13602_96e2_105259>
...
040 (323107.005.000) 05/11 16:07:10 Finished transferring input files
...
001 (323107.005.000) 05/11 16:07:11 Job executing on host: <188.184.133.227:9618?addrs=188.184.133.227-9618+[2001-1458-301-a0--100-306]-9618&noUDP&sock=13378_c613_3>
...
006 (323107.005.000) 05/11 16:07:20 Image size of job updated: 308076
	220  -  MemoryUsage of job (MB)
	225088  -  ResidentSetSize of job (KB)
...
006 (323107.005.000) 05/11 16:12:20 Image size of job updated: 641344
	545  -  MemoryUsage of job (MB)
	558060  -  ResidentSetSize of job (KB)
...
040 (323107.005.000) 05/11 16:13:34 Started transferring output files
...
040 (323107.005.000) 05/11 16:13:34 Finished transferring output files
...
005 (323107.005.000) 05/11 16:13:34 Job terminated.
	(1) Normal termination (return value 1)
		Usr 0 00:05:33, Sys 0 00:00:40  -  Run Remote Usage
		Usr 0 00:00:00, Sys 0 00:00:00  -  Run Local Usage
		Usr 0 00:05:33, Sys 0 00:00:40  -  Total Remote Usage
		Usr 0 00:00:00, Sys 0 00:00:00  -  Total Local Usage
	8449  -  Run Bytes Sent By Job
	10941  -  Run Bytes Received By Job
	8449  -  Total Bytes Sent By Job
	10941  -  Total Bytes Received By Job
	Partitionable Resources :    Usage  Request Allocated 
	   Cpus                 :                 1           
	   Disk (KB)            :       71        1   2136720 
	   Memory (MB)          :      545     2000      2000 
...
