000 (323107.004.000) 05/11 15:55:11 Job submitted from host: <188.184.95.166:9618?addrs=188.184.95.166-9618+[2001-1458-201-e4--100-7a0]-9618&alias=tbird02.cern.ch&noUDP&sock=schedd_2138722_faad_3>
...
040 (323107.004.000) 05/11 16:07:09 Started transferring input files
	Transferring to host: <128.142.33.178:9618?addrs=128.142.33.178-9618+[2001-1458-301-117--100-65]-9618&noUDP&sock=12998_044a_104129>
...
040 (323107.004.000) 05/11 16:07:09 Finished transferring input files
...
001 (323107.004.000) 05/11 16:07:10 Job executing on host: <128.142.33.178:9618?addrs=128.142.33.178-9618+[2001-1458-301-117--100-65]-9618&noUDP&sock=12790_7463_3>
...
006 (323107.004.000) 05/11 16:07:19 Image size of job updated: 310228
	223  -  MemoryUsage of job (MB)
	227684  -  ResidentSetSize of job (KB)
...
006 (323107.004.000) 05/11 16:12:20 Image size of job updated: 637888
	543  -  MemoryUsage of job (MB)
	555184  -  ResidentSetSize of job (KB)
...
040 (323107.004.000) 05/11 16:13:36 Started transferring output files
...
040 (323107.004.000) 05/11 16:13:36 Finished transferring output files
...
005 (323107.004.000) 05/11 16:13:36 Job terminated.
	(1) Normal termination (return value 1)
		Usr 0 00:05:43, Sys 0 00:00:37  -  Run Remote Usage
		Usr 0 00:00:00, Sys 0 00:00:00  -  Run Local Usage
		Usr 0 00:05:43, Sys 0 00:00:37  -  Total Remote Usage
		Usr 0 00:00:00, Sys 0 00:00:00  -  Total Local Usage
	8449  -  Run Bytes Sent By Job
	10941  -  Run Bytes Received By Job
	8449  -  Total Bytes Sent By Job
	10941  -  Total Bytes Received By Job
	Partitionable Resources :    Usage  Request Allocated 
	   Cpus                 :                 1           
	   Disk (KB)            :       71        1   2206910 
	   Memory (MB)          :      543     2000      2000 
...
