000 (323109.002.000) 05/11 15:55:11 Job submitted from host: <188.184.95.166:9618?addrs=188.184.95.166-9618+[2001-1458-201-e4--100-7a0]-9618&alias=tbird02.cern.ch&noUDP&sock=schedd_2138722_faad_3>
...
040 (323109.002.000) 05/11 16:07:15 Started transferring input files
	Transferring to host: <128.142.33.151:9618?addrs=128.142.33.151-9618+[2001-1458-301-117--100-1c5]-9618&noUDP&sock=13065_396c_103405>
...
040 (323109.002.000) 05/11 16:07:15 Finished transferring input files
...
001 (323109.002.000) 05/11 16:07:16 Job executing on host: <128.142.33.151:9618?addrs=128.142.33.151-9618+[2001-1458-301-117--100-1c5]-9618&noUDP&sock=12844_7e81_3>
...
006 (323109.002.000) 05/11 16:07:24 Image size of job updated: 326596
	239  -  MemoryUsage of job (MB)
	244280  -  ResidentSetSize of job (KB)
...
006 (323109.002.000) 05/11 16:09:51 Image size of job updated: 326596
	239  -  MemoryUsage of job (MB)
	244284  -  ResidentSetSize of job (KB)
...
040 (323109.002.000) 05/11 16:09:51 Started transferring output files
...
040 (323109.002.000) 05/11 16:09:51 Finished transferring output files
...
005 (323109.002.000) 05/11 16:09:51 Job terminated.
	(1) Normal termination (return value 1)
		Usr 0 00:02:15, Sys 0 00:00:15  -  Run Remote Usage
		Usr 0 00:00:00, Sys 0 00:00:00  -  Run Local Usage
		Usr 0 00:02:15, Sys 0 00:00:15  -  Total Remote Usage
		Usr 0 00:00:00, Sys 0 00:00:00  -  Total Local Usage
	5819  -  Run Bytes Sent By Job
	10941  -  Run Bytes Received By Job
	5819  -  Total Bytes Sent By Job
	10941  -  Total Bytes Received By Job
	Partitionable Resources :    Usage  Request Allocated 
	   Cpus                 :                 1           
	   Disk (KB)            :       69        1   2170405 
	   Memory (MB)          :      239     2000      2000 
...
