000 (323109.001.000) 05/11 15:55:11 Job submitted from host: <188.184.95.166:9618?addrs=188.184.95.166-9618+[2001-1458-201-e4--100-7a0]-9618&alias=tbird02.cern.ch&noUDP&sock=schedd_2138722_faad_3>
...
040 (323109.001.000) 05/11 16:07:13 Started transferring input files
	Transferring to host: <188.184.133.245:9618?addrs=188.184.133.245-9618+[2001-1458-301-a0--100-455]-9618&noUDP&sock=15372_b6ea_102721>
...
040 (323109.001.000) 05/11 16:07:13 Finished transferring input files
...
001 (323109.001.000) 05/11 16:07:14 Job executing on host: <188.184.133.245:9618?addrs=188.184.133.245-9618+[2001-1458-301-a0--100-455]-9618&noUDP&sock=15162_7308_3>
...
006 (323109.001.000) 05/11 16:07:23 Image size of job updated: 321668
	234  -  MemoryUsage of job (MB)
	239004  -  ResidentSetSize of job (KB)
...
006 (323109.001.000) 05/11 16:12:23 Image size of job updated: 610548
	516  -  MemoryUsage of job (MB)
	527724  -  ResidentSetSize of job (KB)
...
040 (323109.001.000) 05/11 16:14:48 Started transferring output files
...
040 (323109.001.000) 05/11 16:14:48 Finished transferring output files
...
005 (323109.001.000) 05/11 16:14:48 Job terminated.
	(1) Normal termination (return value 1)
		Usr 0 00:06:43, Sys 0 00:00:44  -  Run Remote Usage
		Usr 0 00:00:00, Sys 0 00:00:00  -  Run Local Usage
		Usr 0 00:06:43, Sys 0 00:00:44  -  Total Remote Usage
		Usr 0 00:00:00, Sys 0 00:00:00  -  Total Local Usage
	8439  -  Run Bytes Sent By Job
	10941  -  Run Bytes Received By Job
	8439  -  Total Bytes Sent By Job
	10941  -  Total Bytes Received By Job
	Partitionable Resources :    Usage  Request Allocated 
	   Cpus                 :                 1           
	   Disk (KB)            :       71        1   2122005 
	   Memory (MB)          :      516     2000      2000 
...
