000 (323110.000.000) 05/11 15:55:12 Job submitted from host: <188.184.95.166:9618?addrs=188.184.95.166-9618+[2001-1458-201-e4--100-7a0]-9618&alias=tbird02.cern.ch&noUDP&sock=schedd_2138722_faad_3>
...
040 (323110.000.000) 05/11 16:07:15 Started transferring input files
	Transferring to host: <128.142.240.56:9618?addrs=128.142.240.56-9618+[2001-1458-301-f9--100-3e]-9618&noUDP&sock=4049_a2fe_126512>
...
040 (323110.000.000) 05/11 16:07:15 Finished transferring input files
...
001 (323110.000.000) 05/11 16:07:16 Job executing on host: <128.142.240.56:9618?addrs=128.142.240.56-9618+[2001-1458-301-f9--100-3e]-9618&noUDP&sock=2356_9938_3>
...
006 (323110.000.000) 05/11 16:07:24 Image size of job updated: 308124
	221  -  MemoryUsage of job (MB)
	225284  -  ResidentSetSize of job (KB)
...
006 (323110.000.000) 05/11 16:12:24 Image size of job updated: 604844
	510  -  MemoryUsage of job (MB)
	521948  -  ResidentSetSize of job (KB)
...
040 (323110.000.000) 05/11 16:12:54 Started transferring output files
...
040 (323110.000.000) 05/11 16:12:54 Finished transferring output files
...
005 (323110.000.000) 05/11 16:12:54 Job terminated.
	(1) Normal termination (return value 1)
		Usr 0 00:05:02, Sys 0 00:00:33  -  Run Remote Usage
		Usr 0 00:00:00, Sys 0 00:00:00  -  Run Local Usage
		Usr 0 00:05:02, Sys 0 00:00:33  -  Total Remote Usage
		Usr 0 00:00:00, Sys 0 00:00:00  -  Total Local Usage
	7454  -  Run Bytes Sent By Job
	10941  -  Run Bytes Received By Job
	7454  -  Total Bytes Sent By Job
	10941  -  Total Bytes Received By Job
	Partitionable Resources :    Usage  Request Allocated 
	   Cpus                 :                 1           
	   Disk (KB)            :       70        1   2148180 
	   Memory (MB)          :      510     2000      2000 
...
