   WZ_part1   MC  single chunk


I have 1 taks to process
I'm using the following list of modules DEFAULT_MODULES
this is jobs [('WZ_part1', 'MY_EOS_SPACE/heppyNtuples/TREES_TopDibosonsQCD_94X/WZ_part1/treeProducerWMass/tree.root', 1000000.0, '_Friend_WZ_part1', False, xrange(192514), -1)]
Modules to run:  []   name =  puWeight
Loading puWeight from CMGTools.WMass.postprocessing.examples.puWeightProducer 
Running on dataset =  WZ_part1
TFile: name=/afs/cern.ch/work/m/mciprian/w_mass_analysis/heppy/rel_slc7/CMSSW_9_4_12/src/CMGTools/WMass/python/postprocessing/data/pileup/mcPU_2016_W94XnoCutsWithGenWeights_nTrueInt.root, title=, option=READ
TFile: name=/afs/cern.ch/work/m/mciprian/w_mass_analysis/heppy/rel_slc7/CMSSW_9_4_12/src/CMGTools/WMass/python/postprocessing/data/pileup/PileupData_GoldenMuonJSON_Full2016.root, title=, option=READ
Load C++ Worker
Modules to run:  []   name =  muCalibratedWithStatVar
Loading muCalibratedWithStatVar from CMGTools.WMass.postprocessing.examples.lepVarProducer 
Running on dataset =  WZ_part1
did not find EnergyScaleCorrection shared object, rebuilding
trying to load all the rochester correction libraries
did not find legacy data roccor. rebuilding...
done building legacy data roccor.
Modules to run:  []   name =  jetAllReCleaner
Loading jetAllReCleaner from CMGTools.WMass.postprocessing.examples.jetReCleaner 
Running on dataset =  WZ_part1
Load C++ Worker
Modules to run:  []   name =  jetReCleaner
Loading jetReCleaner from CMGTools.WMass.postprocessing.examples.jetReCleaner 
Running on dataset =  WZ_part1
Load C++ Worker
Modules to run:  []   name =  genQEDJets
Loading genQEDJets from CMGTools.WMass.postprocessing.examples.genFriendProducer 
Running on dataset =  WZ_part1
Will write selected trees to MY_EOS_SPACE/heppyNtuples/TREES_TopDibosonsQCD_94X/friends/
Normalization of nTrueInt_Wnopt: 3.68902e+10
Normalization of pileup: 3.68902e+10
Weights for variable nTrueInt_Wnopt with a number of bins equal to 102:
1 0.3634 0.9215 1.196 0.96 1.118 1.157 0.9675 0.9293 0.9192 0.8823 0.9553 1.062 1.116 1.167 1.194 1.2 1.193 1.177 1.14 1.092 1.06 1.047 1.046 1.047 1.048 1.06 1.077 1.092 1.106 1.122 1.108 1.097 1.051 0.992 0.9144 0.8237 0.7175 0.6087 0.5019 0.4029 0.3076 0.2264 0.1622 0.1123 0.07656 0.05052 0.03159 0.01992 0.01212 0.007355 0.004361 0.002593 0.001553 0.0009624 0.0007219 0.0006632 0.0007233 0.0009289 0.001329 0.001772 0.003222 0.004042 0.00487 0.005064 0.005658 0.005309 0.004846 0.004101 0.003977 0.003686 0.003306 0.002672 0.002286 0.001878 0.00167 1 1 1 1 1 1 1 1 1 1 1 1 1 1 1 1 1 1 1 1 1 1 1 1 1 1 .
Final weights: 
1 0.3634 0.9215 1.196 0.96 1.118 1.157 0.9675 0.9293 0.9192 0.8823 0.9553 1.062 1.116 1.167 1.194 1.2 1.193 1.177 1.14 1.092 1.06 1.047 1.046 1.047 1.048 1.06 1.077 1.092 1.106 1.122 1.108 1.097 1.051 0.992 0.9144 0.8237 0.7175 0.6087 0.5019 0.4029 0.3076 0.2264 0.1622 0.1123 0.07656 0.05052 0.03159 0.01992 0.01212 0.007355 0.004361 0.002593 0.001553 0.0009624 0.0007219 0.0006632 0.0007233 0.0009289 0.001329 0.001772 0.003222 0.004042 0.00487 0.005064 0.005658 0.005309 0.004846 0.004101 0.003977 0.003686 0.003306 0.002672 0.002286 0.001878 0.00167 1 1 1 1 1 1 1 1 1 1 1 1 1 1 1 1 1 1 1 1 1 1 1 1 1 1 .
begin job of lepCalProducer
initializing all the rochester correction objects
initializing the egamma calibrator
Processed    10000/  192514 entries (elapsed time    17.4s, curr speed    0.574 kHz, avg speed    0.574 kHz), accepted    10001/   10001 events (100.00%)
Processed    20000/  192514 entries (elapsed time    34.6s, curr speed    0.582 kHz, avg speed    0.578 kHz), accepted    20001/   20001 events (100.00%)
Processed    30000/  192514 entries (elapsed time    51.5s, curr speed    0.590 kHz, avg speed    0.582 kHz), accepted    30001/   30001 events (100.00%)
Processed    40000/  192514 entries (elapsed time    68.7s, curr speed    0.582 kHz, avg speed    0.582 kHz), accepted    40001/   40001 events (100.00%)
Processed    50000/  192514 entries (elapsed time    85.5s, curr speed    0.597 kHz, avg speed    0.585 kHz), accepted    50001/   50001 events (100.00%)
Processed    60000/  192514 entries (elapsed time   102.5s, curr speed    0.590 kHz, avg speed    0.586 kHz), accepted    60001/   60001 events (100.00%)
Processed    70000/  192514 entries (elapsed time   119.0s, curr speed    0.606 kHz, avg speed    0.588 kHz), accepted    70001/   70001 events (100.00%)
Processed    80000/  192514 entries (elapsed time   133.6s, curr speed    0.682 kHz, avg speed    0.599 kHz), accepted    80001/   80001 events (100.00%)
Processed    90000/  192514 entries (elapsed time   147.5s, curr speed    0.719 kHz, avg speed    0.610 kHz), accepted    90001/   90001 events (100.00%)
Processed   100000/  192514 entries (elapsed time   161.1s, curr speed    0.735 kHz, avg speed    0.621 kHz), accepted   100001/  100001 events (100.00%)
Processed   110000/  192514 entries (elapsed time   174.9s, curr speed    0.726 kHz, avg speed    0.629 kHz), accepted   110001/  110001 events (100.00%)
Processed   120000/  192514 entries (elapsed time   188.8s, curr speed    0.719 kHz, avg speed    0.636 kHz), accepted   120001/  120001 events (100.00%)
Processed   130000/  192514 entries (elapsed time   202.9s, curr speed    0.707 kHz, avg speed    0.641 kHz), accepted   130001/  130001 events (100.00%)
Processed   140000/  192514 entries (elapsed time   216.6s, curr speed    0.731 kHz, avg speed    0.646 kHz), accepted   140001/  140001 events (100.00%)
Processed   150000/  192514 entries (elapsed time   256.0s, curr speed    0.254 kHz, avg speed    0.586 kHz), accepted   150001/  150001 events (100.00%)
Processed   160000/  192514 entries (elapsed time   269.5s, curr speed    0.739 kHz, avg speed    0.594 kHz), accepted   160001/  160001 events (100.00%)
Processed   170000/  192514 entries (elapsed time   283.1s, curr speed    0.737 kHz, avg speed    0.601 kHz), accepted   170001/  170001 events (100.00%)
Processed   180000/  192514 entries (elapsed time   297.1s, curr speed    0.715 kHz, avg speed    0.606 kHz), accepted   180001/  180001 events (100.00%)
Processed   190000/  192514 entries (elapsed time   310.8s, curr speed    0.726 kHz, avg speed    0.611 kHz), accepted   190001/  190001 events (100.00%)
Processed 192514 entries from MY_EOS_SPACE/heppyNtuples/TREES_TopDibosonsQCD_94X/WZ_part1/treeProducerWMass/tree.root, selected 192514 entries
Done MY_EOS_SPACE/heppyNtuples/TREES_TopDibosonsQCD_94X/friends/tree_Friend_WZ_part1.root
