000 (323111.000.000) 05/11 15:55:12 Job submitted from host: <188.184.95.166:9618?addrs=188.184.95.166-9618+[2001-1458-201-e4--100-7a0]-9618&alias=tbird02.cern.ch&noUDP&sock=schedd_2138722_faad_3>
...
040 (323111.000.000) 05/11 16:07:16 Started transferring input files
	Transferring to host: <188.184.132.41:9618?addrs=188.184.132.41-9618+[2001-1458-301-a0--100-7]-9618&noUDP&sock=20430_8878_91>
...
040 (323111.000.000) 05/11 16:07:16 Finished transferring input files
...
001 (323111.000.000) 05/11 16:07:17 Job executing on host: <188.184.132.41:9618?addrs=188.184.132.41-9618+[2001-1458-301-a0--100-7]-9618&noUDP&sock=2345_0dad_3>
...
006 (323111.000.000) 05/11 16:07:26 Image size of job updated: 253124
	212  -  MemoryUsage of job (MB)
	216648  -  ResidentSetSize of job (KB)
...
006 (323111.000.000) 05/11 16:11:56 Image size of job updated: 253124
	212  -  MemoryUsage of job (MB)
	216808  -  ResidentSetSize of job (KB)
...
040 (323111.000.000) 05/11 16:11:56 Started transferring output files
...
040 (323111.000.000) 05/11 16:11:56 Finished transferring output files
...
005 (323111.000.000) 05/11 16:11:56 Job terminated.
	(1) Normal termination (return value 1)
		Usr 0 00:04:04, Sys 0 00:00:28  -  Run Remote Usage
		Usr 0 00:00:00, Sys 0 00:00:00  -  Run Local Usage
		Usr 0 00:04:04, Sys 0 00:00:28  -  Total Remote Usage
		Usr 0 00:00:00, Sys 0 00:00:00  -  Total Local Usage
	6573  -  Run Bytes Sent By Job
	10941  -  Run Bytes Received By Job
	6573  -  Total Bytes Sent By Job
	10941  -  Total Bytes Received By Job
	Partitionable Resources :    Usage  Request Allocated 
	   Cpus                 :     0.99        1         1 
	   Disk (KB)            :    76           1    213282 
	   Memory (MB)          :   212        2000      2000 
...
