000 (334259.004.000) 05/14 16:10:39 Job submitted from host: <188.184.95.166:9618?addrs=188.184.95.166-9618+[2001-1458-201-e4--100-7a0]-9618&alias=tbird02.cern.ch&noUDP&sock=schedd_2138722_faad_3>
...
040 (334259.004.000) 05/14 16:12:12 Started transferring input files
	Transferring to host: <128.142.240.60:9618?addrs=128.142.240.60-9618+[2001-1458-301-f9--100-2a]-9618&noUDP&sock=4191_b044_128383>
...
040 (334259.004.000) 05/14 16:12:12 Finished transferring input files
...
001 (334259.004.000) 05/14 16:12:13 Job executing on host: <128.142.240.60:9618?addrs=128.142.240.60-9618+[2001-1458-301-f9--100-2a]-9618&noUDP&sock=2330_c3c1_3>
...
006 (334259.004.000) 05/14 16:12:21 Image size of job updated: 180664
	106  -  MemoryUsage of job (MB)
	108004  -  ResidentSetSize of job (KB)
...
006 (334259.004.000) 05/14 16:17:21 Image size of job updated: 423136
	410  -  MemoryUsage of job (MB)
	419772  -  ResidentSetSize of job (KB)
...
006 (334259.004.000) 05/14 16:22:22 Image size of job updated: 572908
	557  -  MemoryUsage of job (MB)
	569540  -  ResidentSetSize of job (KB)
...
040 (334259.004.000) 05/14 16:25:42 Started transferring output files
...
040 (334259.004.000) 05/14 16:25:42 Finished transferring output files
...
005 (334259.004.000) 05/14 16:25:42 Job terminated.
	(1) Normal termination (return value 1)
		Usr 0 00:12:00, Sys 0 00:01:04  -  Run Remote Usage
		Usr 0 00:00:00, Sys 0 00:00:00  -  Run Local Usage
		Usr 0 00:12:00, Sys 0 00:01:04  -  Total Remote Usage
		Usr 0 00:00:00, Sys 0 00:00:00  -  Total Local Usage
	8535  -  Run Bytes Sent By Job
	10917  -  Run Bytes Received By Job
	8535  -  Total Bytes Sent By Job
	10917  -  Total Bytes Received By Job
	Partitionable Resources :    Usage  Request Allocated 
	   Cpus                 :                 1           
	   Disk (KB)            :       71        1   2114808 
	   Memory (MB)          :      557     2000      2000 
...
