000 (334259.008.000) 05/14 16:10:39 Job submitted from host: <188.184.95.166:9618?addrs=188.184.95.166-9618+[2001-1458-201-e4--100-7a0]-9618&alias=tbird02.cern.ch&noUDP&sock=schedd_2138722_faad_3>
...
040 (334259.008.000) 05/14 16:12:14 Started transferring input files
	Transferring to host: <188.184.186.8:9618?addrs=188.184.186.8-9618+[2001-1458-301-f8--100-1e]-9618&noUDP&sock=4054_28de_128513>
...
040 (334259.008.000) 05/14 16:12:14 Finished transferring input files
...
001 (334259.008.000) 05/14 16:12:15 Job executing on host: <188.184.186.8:9618?addrs=188.184.186.8-9618+[2001-1458-301-f8--100-1e]-9618&noUDP&sock=2328_6491_3>
...
006 (334259.008.000) 05/14 16:12:24 Image size of job updated: 105896
	49  -  MemoryUsage of job (MB)
	49180  -  ResidentSetSize of job (KB)
...
006 (334259.008.000) 05/14 16:17:25 Image size of job updated: 258000
	249  -  MemoryUsage of job (MB)
	254564  -  ResidentSetSize of job (KB)
...
006 (334259.008.000) 05/14 16:22:26 Image size of job updated: 495100
	481  -  MemoryUsage of job (MB)
	491664  -  ResidentSetSize of job (KB)
...
006 (334259.008.000) 05/14 16:27:26 Image size of job updated: 574920
	559  -  MemoryUsage of job (MB)
	571484  -  ResidentSetSize of job (KB)
...
040 (334259.008.000) 05/14 16:28:33 Started transferring output files
...
040 (334259.008.000) 05/14 16:28:33 Finished transferring output files
...
005 (334259.008.000) 05/14 16:28:33 Job terminated.
	(1) Normal termination (return value 1)
		Usr 0 00:11:54, Sys 0 00:01:05  -  Run Remote Usage
		Usr 0 00:00:00, Sys 0 00:00:00  -  Run Local Usage
		Usr 0 00:11:54, Sys 0 00:01:05  -  Total Remote Usage
		Usr 0 00:00:00, Sys 0 00:00:00  -  Total Local Usage
	8535  -  Run Bytes Sent By Job
	10917  -  Run Bytes Received By Job
	8535  -  Total Bytes Sent By Job
	10917  -  Total Bytes Received By Job
	Partitionable Resources :    Usage  Request Allocated 
	   Cpus                 :                 1           
	   Disk (KB)            :       71        1   2207906 
	   Memory (MB)          :      559     2000      2000 
...
