000 (334259.001.000) 05/14 16:10:39 Job submitted from host: <188.184.95.166:9618?addrs=188.184.95.166-9618+[2001-1458-201-e4--100-7a0]-9618&alias=tbird02.cern.ch&noUDP&sock=schedd_2138722_faad_3>
...
040 (334259.001.000) 05/14 16:12:12 Started transferring input files
	Transferring to host: <128.142.240.18:9618?addrs=128.142.240.18-9618+[2001-1458-301-f9--100-23]-9618&noUDP&sock=4085_007f_130576>
...
040 (334259.001.000) 05/14 16:12:12 Finished transferring input files
...
001 (334259.001.000) 05/14 16:12:13 Job executing on host: <128.142.240.18:9618?addrs=128.142.240.18-9618+[2001-1458-301-f9--100-23]-9618&noUDP&sock=2329_1429_3>
...
006 (334259.001.000) 05/14 16:12:21 Image size of job updated: 167352
	100  -  MemoryUsage of job (MB)
	102316  -  ResidentSetSize of job (KB)
...
006 (334259.001.000) 05/14 16:17:21 Image size of job updated: 429268
	418  -  MemoryUsage of job (MB)
	427452  -  ResidentSetSize of job (KB)
...
006 (334259.001.000) 05/14 16:22:22 Image size of job updated: 570616
	556  -  MemoryUsage of job (MB)
	568800  -  ResidentSetSize of job (KB)
...
040 (334259.001.000) 05/14 16:25:19 Started transferring output files
...
040 (334259.001.000) 05/14 16:25:19 Finished transferring output files
...
005 (334259.001.000) 05/14 16:25:19 Job terminated.
	(1) Normal termination (return value 1)
		Usr 0 00:11:32, Sys 0 00:01:03  -  Run Remote Usage
		Usr 0 00:00:00, Sys 0 00:00:00  -  Run Local Usage
		Usr 0 00:11:32, Sys 0 00:01:03  -  Total Remote Usage
		Usr 0 00:00:00, Sys 0 00:00:00  -  Total Local Usage
	8533  -  Run Bytes Sent By Job
	10917  -  Run Bytes Received By Job
	8533  -  Total Bytes Sent By Job
	10917  -  Total Bytes Received By Job
	Partitionable Resources :    Usage  Request Allocated 
	   Cpus                 :                 1           
	   Disk (KB)            :       71        1   2130682 
	   Memory (MB)          :      556     2000      2000 
...
