   WWToLNuQQ_part1   MC  4 chunks


I have 1 taks to process
I'm using the following list of modules DEFAULT_MODULES
this is jobs [('WWToLNuQQ_part1', 'MY_EOS_SPACE/heppyNtuples/TREES_DiBosons_exclusive_94X/WWToLNuQQ_part1/treeProducerWMass/tree.root', 1999200.0, '_Friend_WWToLNuQQ_part1.chunk2', False, xrange(500000, 750000), 2)]
Modules to run:  []   name =  puWeight
Loading puWeight from CMGTools.WMass.postprocessing.examples.puWeightProducer 
Running on dataset =  WWToLNuQQ_part1
TFile: name=/afs/cern.ch/work/m/mciprian/w_mass_analysis/heppy/rel_slc7/CMSSW_9_4_12/src/CMGTools/WMass/python/postprocessing/data/pileup/mcPU_2016_W94XnoCutsWithGenWeights_nTrueInt.root, title=, option=READ
TFile: name=/afs/cern.ch/work/m/mciprian/w_mass_analysis/heppy/rel_slc7/CMSSW_9_4_12/src/CMGTools/WMass/python/postprocessing/data/pileup/PileupData_GoldenMuonJSON_Full2016.root, title=, option=READ
Load C++ Worker
Modules to run:  []   name =  muCalibratedWithStatVar
Loading muCalibratedWithStatVar from CMGTools.WMass.postprocessing.examples.lepVarProducer 
Running on dataset =  WWToLNuQQ_part1
did not find EnergyScaleCorrection shared object, rebuilding
trying to load all the rochester correction libraries
did not find legacy data roccor. rebuilding...
done building legacy data roccor.
Modules to run:  []   name =  jetAllReCleaner
Loading jetAllReCleaner from CMGTools.WMass.postprocessing.examples.jetReCleaner 
Running on dataset =  WWToLNuQQ_part1
Load C++ Worker
Modules to run:  []   name =  jetReCleaner
Loading jetReCleaner from CMGTools.WMass.postprocessing.examples.jetReCleaner 
Running on dataset =  WWToLNuQQ_part1
Load C++ Worker
Modules to run:  []   name =  genQEDJets
Loading genQEDJets from CMGTools.WMass.postprocessing.examples.genFriendProducer 
Running on dataset =  WWToLNuQQ_part1
Will write selected trees to MY_EOS_SPACE/heppyNtuples/TREES_DiBosons_exclusive_94X/friends/
Normalization of nTrueInt_Wnopt: 3.68902e+10
Normalization of pileup: 3.68902e+10
Weights for variable nTrueInt_Wnopt with a number of bins equal to 102:
1 0.3634 0.9215 1.196 0.96 1.118 1.157 0.9675 0.9293 0.9192 0.8823 0.9553 1.062 1.116 1.167 1.194 1.2 1.193 1.177 1.14 1.092 1.06 1.047 1.046 1.047 1.048 1.06 1.077 1.092 1.106 1.122 1.108 1.097 1.051 0.992 0.9144 0.8237 0.7175 0.6087 0.5019 0.4029 0.3076 0.2264 0.1622 0.1123 0.07656 0.05052 0.03159 0.01992 0.01212 0.007355 0.004361 0.002593 0.001553 0.0009624 0.0007219 0.0006632 0.0007233 0.0009289 0.001329 0.001772 0.003222 0.004042 0.00487 0.005064 0.005658 0.005309 0.004846 0.004101 0.003977 0.003686 0.003306 0.002672 0.002286 0.001878 0.00167 1 1 1 1 1 1 1 1 1 1 1 1 1 1 1 1 1 1 1 1 1 1 1 1 1 1 .
Final weights: 
1 0.3634 0.9215 1.196 0.96 1.118 1.157 0.9675 0.9293 0.9192 0.8823 0.9553 1.062 1.116 1.167 1.194 1.2 1.193 1.177 1.14 1.092 1.06 1.047 1.046 1.047 1.048 1.06 1.077 1.092 1.106 1.122 1.108 1.097 1.051 0.992 0.9144 0.8237 0.7175 0.6087 0.5019 0.4029 0.3076 0.2264 0.1622 0.1123 0.07656 0.05052 0.03159 0.01992 0.01212 0.007355 0.004361 0.002593 0.001553 0.0009624 0.0007219 0.0006632 0.0007233 0.0009289 0.001329 0.001772 0.003222 0.004042 0.00487 0.005064 0.005658 0.005309 0.004846 0.004101 0.003977 0.003686 0.003306 0.002672 0.002286 0.001878 0.00167 1 1 1 1 1 1 1 1 1 1 1 1 1 1 1 1 1 1 1 1 1 1 1 1 1 1 .
begin job of lepCalProducer
initializing all the rochester correction objects
initializing the egamma calibrator
Processed   500000/  819936 entries (elapsed time     0.3s, curr speed   35.714 kHz, avg speed 1785.714 kHz), accepted        1/       1 events (100.00%)
Processed   510000/  819936 entries (elapsed time    14.1s, curr speed    0.724 kHz, avg speed   36.196 kHz), accepted    10001/   10001 events (100.00%)
Processed   520000/  819936 entries (elapsed time    28.4s, curr speed    0.701 kHz, avg speed   18.336 kHz), accepted    20001/   20001 events (100.00%)
Processed   530000/  819936 entries (elapsed time    43.0s, curr speed    0.683 kHz, avg speed   12.323 kHz), accepted    30001/   30001 events (100.00%)
Processed   540000/  819936 entries (elapsed time    57.3s, curr speed    0.701 kHz, avg speed    9.429 kHz), accepted    40001/   40001 events (100.00%)
Processed   550000/  819936 entries (elapsed time    71.9s, curr speed    0.684 kHz, avg speed    7.652 kHz), accepted    50001/   50001 events (100.00%)
Processed   560000/  819936 entries (elapsed time    85.9s, curr speed    0.711 kHz, avg speed    6.515 kHz), accepted    60001/   60001 events (100.00%)
Processed   570000/  819936 entries (elapsed time   100.2s, curr speed    0.703 kHz, avg speed    5.690 kHz), accepted    70001/   70001 events (100.00%)
Processed   580000/  819936 entries (elapsed time   115.8s, curr speed    0.640 kHz, avg speed    5.009 kHz), accepted    80001/   80001 events (100.00%)
Processed   590000/  819936 entries (elapsed time   129.7s, curr speed    0.718 kHz, avg speed    4.548 kHz), accepted    90001/   90001 events (100.00%)
Processed   600000/  819936 entries (elapsed time   143.0s, curr speed    0.751 kHz, avg speed    4.195 kHz), accepted   100001/  100001 events (100.00%)
Processed   610000/  819936 entries (elapsed time   155.7s, curr speed    0.792 kHz, avg speed    3.919 kHz), accepted   110001/  110001 events (100.00%)
Processed   620000/  819936 entries (elapsed time   168.8s, curr speed    0.765 kHz, avg speed    3.674 kHz), accepted   120001/  120001 events (100.00%)
Processed   630000/  819936 entries (elapsed time   181.5s, curr speed    0.782 kHz, avg speed    3.471 kHz), accepted   130001/  130001 events (100.00%)
Processed   640000/  819936 entries (elapsed time   194.8s, curr speed    0.756 kHz, avg speed    3.286 kHz), accepted   140001/  140001 events (100.00%)
Processed   650000/  819936 entries (elapsed time   209.3s, curr speed    0.689 kHz, avg speed    3.106 kHz), accepted   150001/  150001 events (100.00%)
Processed   660000/  819936 entries (elapsed time   223.7s, curr speed    0.694 kHz, avg speed    2.951 kHz), accepted   160001/  160001 events (100.00%)
Processed   670000/  819936 entries (elapsed time   261.3s, curr speed    0.265 kHz, avg speed    2.564 kHz), accepted   170001/  170001 events (100.00%)
Processed   680000/  819936 entries (elapsed time   274.9s, curr speed    0.736 kHz, avg speed    2.473 kHz), accepted   180001/  180001 events (100.00%)
Processed   690000/  819936 entries (elapsed time   288.7s, curr speed    0.725 kHz, avg speed    2.390 kHz), accepted   190001/  190001 events (100.00%)
Processed   700000/  819936 entries (elapsed time   302.0s, curr speed    0.753 kHz, avg speed    2.318 kHz), accepted   200001/  200001 events (100.00%)
Processed   710000/  819936 entries (elapsed time   315.5s, curr speed    0.739 kHz, avg speed    2.250 kHz), accepted   210001/  210001 events (100.00%)
Processed   720000/  819936 entries (elapsed time   329.2s, curr speed    0.730 kHz, avg speed    2.187 kHz), accepted   220001/  220001 events (100.00%)
Processed   730000/  819936 entries (elapsed time   342.8s, curr speed    0.736 kHz, avg speed    2.129 kHz), accepted   230001/  230001 events (100.00%)
Processed   740000/  819936 entries (elapsed time   356.3s, curr speed    0.745 kHz, avg speed    2.077 kHz), accepted   240001/  240001 events (100.00%)
Processed 250000 entries from MY_EOS_SPACE/heppyNtuples/TREES_DiBosons_exclusive_94X/WWToLNuQQ_part1/treeProducerWMass/tree.root, selected 250000 entries
Done MY_EOS_SPACE/heppyNtuples/TREES_DiBosons_exclusive_94X/friends/tree_Friend_WWToLNuQQ_part1.chunk2.root
