000 (334258.003.000) 05/14 16:10:38 Job submitted from host: <188.184.95.166:9618?addrs=188.184.95.166-9618+[2001-1458-201-e4--100-7a0]-9618&alias=tbird02.cern.ch&noUDP&sock=schedd_2138722_faad_3>
...
040 (334258.003.000) 05/14 16:12:10 Started transferring input files
	Transferring to host: <188.184.133.254:9618?addrs=188.184.133.254-9618+[--1]-9618&noUDP&sock=3291_8e9f_11098>
...
040 (334258.003.000) 05/14 16:12:10 Finished transferring input files
...
001 (334258.003.000) 05/14 16:12:11 Job executing on host: <188.184.133.254:9618?addrs=188.184.133.254-9618+[--1]-9618&noUDP&sock=2271_4bab_3>
...
006 (334258.003.000) 05/14 16:12:20 Image size of job updated: 180424
	106  -  MemoryUsage of job (MB)
	107812  -  ResidentSetSize of job (KB)
...
006 (334258.003.000) 05/14 16:17:21 Image size of job updated: 408632
	396  -  MemoryUsage of job (MB)
	405424  -  ResidentSetSize of job (KB)
...
006 (334258.003.000) 05/14 16:22:21 Image size of job updated: 533152
	518  -  MemoryUsage of job (MB)
	529944  -  ResidentSetSize of job (KB)
...
040 (334258.003.000) 05/14 16:26:02 Started transferring output files
...
040 (334258.003.000) 05/14 16:26:02 Finished transferring output files
...
005 (334258.003.000) 05/14 16:26:02 Job terminated.
	(1) Normal termination (return value 1)
		Usr 0 00:11:58, Sys 0 00:01:08  -  Run Remote Usage
		Usr 0 00:00:00, Sys 0 00:00:00  -  Run Local Usage
		Usr 0 00:11:58, Sys 0 00:01:08  -  Total Remote Usage
		Usr 0 00:00:00, Sys 0 00:00:00  -  Total Local Usage
	13833  -  Run Bytes Sent By Job
	10917  -  Run Bytes Received By Job
	13833  -  Total Bytes Sent By Job
	10917  -  Total Bytes Received By Job
	Partitionable Resources :    Usage  Request Allocated 
	   Cpus                 :                 1           
	   Disk (KB)            :       73        1   2193623 
	   Memory (MB)          :      518     2000      2000 
...
