000 (334258.002.000) 05/14 16:10:38 Job submitted from host: <188.184.95.166:9618?addrs=188.184.95.166-9618+[2001-1458-201-e4--100-7a0]-9618&alias=tbird02.cern.ch&noUDP&sock=schedd_2138722_faad_3>
...
040 (334258.002.000) 05/14 16:12:10 Started transferring input files
	Transferring to host: <128.142.33.184:9618?addrs=128.142.33.184-9618+[2001-1458-301-117--100-2d8]-9618&noUDP&sock=13080_cb0d_104274>
...
040 (334258.002.000) 05/14 16:12:10 Finished transferring input files
...
001 (334258.002.000) 05/14 16:12:11 Job executing on host: <128.142.33.184:9618?addrs=128.142.33.184-9618+[2001-1458-301-117--100-2d8]-9618&noUDP&sock=12872_b328_3>
...
006 (334258.002.000) 05/14 16:12:19 Image size of job updated: 168352
	100  -  MemoryUsage of job (MB)
	101836  -  ResidentSetSize of job (KB)
...
006 (334258.002.000) 05/14 16:17:19 Image size of job updated: 425076
	412  -  MemoryUsage of job (MB)
	421600  -  ResidentSetSize of job (KB)
...
006 (334258.002.000) 05/14 16:22:20 Image size of job updated: 533740
	518  -  MemoryUsage of job (MB)
	530264  -  ResidentSetSize of job (KB)
...
040 (334258.002.000) 05/14 16:23:28 Started transferring output files
...
040 (334258.002.000) 05/14 16:23:28 Finished transferring output files
...
005 (334258.002.000) 05/14 16:23:28 Job terminated.
	(1) Normal termination (return value 1)
		Usr 0 00:09:55, Sys 0 00:00:51  -  Run Remote Usage
		Usr 0 00:00:00, Sys 0 00:00:00  -  Run Local Usage
		Usr 0 00:09:55, Sys 0 00:00:51  -  Total Remote Usage
		Usr 0 00:00:00, Sys 0 00:00:00  -  Total Local Usage
	8488  -  Run Bytes Sent By Job
	10917  -  Run Bytes Received By Job
	8488  -  Total Bytes Sent By Job
	10917  -  Total Bytes Received By Job
	Partitionable Resources :    Usage  Request Allocated 
	   Cpus                 :                 1           
	   Disk (KB)            :       71        1   2041190 
	   Memory (MB)          :      518     2000      2000 
...
