   WWToLNuQQ_ext_part1   MC  11 chunks


I have 1 taks to process
I'm using the following list of modules DEFAULT_MODULES
this is jobs [('WWToLNuQQ_ext_part1', 'MY_EOS_SPACE/heppyNtuples/TREES_DiBosons_exclusive_94X/WWToLNuQQ_ext_part1/treeProducerWMass/tree.root', 6655400.0, '_Friend_WWToLNuQQ_ext_part1.chunk4', False, xrange(1000000, 1250000), 4)]
Modules to run:  []   name =  puWeight
Loading puWeight from CMGTools.WMass.postprocessing.examples.puWeightProducer 
Running on dataset =  WWToLNuQQ_ext_part1
TFile: name=/afs/cern.ch/work/m/mciprian/w_mass_analysis/heppy/rel_slc7/CMSSW_9_4_12/src/CMGTools/WMass/python/postprocessing/data/pileup/mcPU_2016_W94XnoCutsWithGenWeights_nTrueInt.root, title=, option=READ
TFile: name=/afs/cern.ch/work/m/mciprian/w_mass_analysis/heppy/rel_slc7/CMSSW_9_4_12/src/CMGTools/WMass/python/postprocessing/data/pileup/PileupData_GoldenMuonJSON_Full2016.root, title=, option=READ
Load C++ Worker
Modules to run:  []   name =  muCalibratedWithStatVar
Loading muCalibratedWithStatVar from CMGTools.WMass.postprocessing.examples.lepVarProducer 
Running on dataset =  WWToLNuQQ_ext_part1
did not find EnergyScaleCorrection shared object, rebuilding
trying to load all the rochester correction libraries
did not find legacy data roccor. rebuilding...
done building legacy data roccor.
Modules to run:  []   name =  jetAllReCleaner
Loading jetAllReCleaner from CMGTools.WMass.postprocessing.examples.jetReCleaner 
Running on dataset =  WWToLNuQQ_ext_part1
Load C++ Worker
Modules to run:  []   name =  jetReCleaner
Loading jetReCleaner from CMGTools.WMass.postprocessing.examples.jetReCleaner 
Running on dataset =  WWToLNuQQ_ext_part1
Load C++ Worker
Modules to run:  []   name =  genQEDJets
Loading genQEDJets from CMGTools.WMass.postprocessing.examples.genFriendProducer 
Running on dataset =  WWToLNuQQ_ext_part1
Will write selected trees to MY_EOS_SPACE/heppyNtuples/TREES_DiBosons_exclusive_94X/friends/
Normalization of nTrueInt_Wnopt: 3.68902e+10
Normalization of pileup: 3.68902e+10
Weights for variable nTrueInt_Wnopt with a number of bins equal to 102:
1 0.3634 0.9215 1.196 0.96 1.118 1.157 0.9675 0.9293 0.9192 0.8823 0.9553 1.062 1.116 1.167 1.194 1.2 1.193 1.177 1.14 1.092 1.06 1.047 1.046 1.047 1.048 1.06 1.077 1.092 1.106 1.122 1.108 1.097 1.051 0.992 0.9144 0.8237 0.7175 0.6087 0.5019 0.4029 0.3076 0.2264 0.1622 0.1123 0.07656 0.05052 0.03159 0.01992 0.01212 0.007355 0.004361 0.002593 0.001553 0.0009624 0.0007219 0.0006632 0.0007233 0.0009289 0.001329 0.001772 0.003222 0.004042 0.00487 0.005064 0.005658 0.005309 0.004846 0.004101 0.003977 0.003686 0.003306 0.002672 0.002286 0.001878 0.00167 1 1 1 1 1 1 1 1 1 1 1 1 1 1 1 1 1 1 1 1 1 1 1 1 1 1 .
Final weights: 
1 0.3634 0.9215 1.196 0.96 1.118 1.157 0.9675 0.9293 0.9192 0.8823 0.9553 1.062 1.116 1.167 1.194 1.2 1.193 1.177 1.14 1.092 1.06 1.047 1.046 1.047 1.048 1.06 1.077 1.092 1.106 1.122 1.108 1.097 1.051 0.992 0.9144 0.8237 0.7175 0.6087 0.5019 0.4029 0.3076 0.2264 0.1622 0.1123 0.07656 0.05052 0.03159 0.01992 0.01212 0.007355 0.004361 0.002593 0.001553 0.0009624 0.0007219 0.0006632 0.0007233 0.0009289 0.001329 0.001772 0.003222 0.004042 0.00487 0.005064 0.005658 0.005309 0.004846 0.004101 0.003977 0.003686 0.003306 0.002672 0.002286 0.001878 0.00167 1 1 1 1 1 1 1 1 1 1 1 1 1 1 1 1 1 1 1 1 1 1 1 1 1 1 .
begin job of lepCalProducer
initializing all the rochester correction objects
initializing the egamma calibrator
Processed  1000000/ 2732875 entries (elapsed time     0.5s, curr speed   18.519 kHz, avg speed 1851.852 kHz), accepted        1/       1 events (100.00%)
Processed  1010000/ 2732875 entries (elapsed time    28.0s, curr speed    0.364 kHz, avg speed   36.097 kHz), accepted    10001/   10001 events (100.00%)
Processed  1020000/ 2732875 entries (elapsed time    58.9s, curr speed    0.324 kHz, avg speed   17.320 kHz), accepted    20001/   20001 events (100.00%)
Processed  1030000/ 2732875 entries (elapsed time    89.9s, curr speed    0.322 kHz, avg speed   11.452 kHz), accepted    30001/   30001 events (100.00%)
Processed  1040000/ 2732875 entries (elapsed time   120.6s, curr speed    0.326 kHz, avg speed    8.624 kHz), accepted    40001/   40001 events (100.00%)
Processed  1050000/ 2732875 entries (elapsed time   151.3s, curr speed    0.325 kHz, avg speed    6.939 kHz), accepted    50001/   50001 events (100.00%)
Processed  1060000/ 2732875 entries (elapsed time   180.6s, curr speed    0.341 kHz, avg speed    5.868 kHz), accepted    60001/   60001 events (100.00%)
Processed  1070000/ 2732875 entries (elapsed time   211.2s, curr speed    0.327 kHz, avg speed    5.066 kHz), accepted    70001/   70001 events (100.00%)
Processed  1080000/ 2732875 entries (elapsed time   242.0s, curr speed    0.325 kHz, avg speed    4.462 kHz), accepted    80001/   80001 events (100.00%)
Processed  1090000/ 2732875 entries (elapsed time   270.8s, curr speed    0.347 kHz, avg speed    4.025 kHz), accepted    90001/   90001 events (100.00%)
Processed  1100000/ 2732875 entries (elapsed time   296.7s, curr speed    0.387 kHz, avg speed    3.708 kHz), accepted   100001/  100001 events (100.00%)
Processed  1110000/ 2732875 entries (elapsed time   322.6s, curr speed    0.386 kHz, avg speed    3.441 kHz), accepted   110001/  110001 events (100.00%)
Processed  1120000/ 2732875 entries (elapsed time   349.8s, curr speed    0.367 kHz, avg speed    3.202 kHz), accepted   120001/  120001 events (100.00%)
Processed  1130000/ 2732875 entries (elapsed time   376.7s, curr speed    0.372 kHz, avg speed    3.000 kHz), accepted   130001/  130001 events (100.00%)
Processed  1140000/ 2732875 entries (elapsed time   403.1s, curr speed    0.380 kHz, avg speed    2.828 kHz), accepted   140001/  140001 events (100.00%)
Processed  1150000/ 2732875 entries (elapsed time   430.3s, curr speed    0.367 kHz, avg speed    2.672 kHz), accepted   150001/  150001 events (100.00%)
Processed  1160000/ 2732875 entries (elapsed time   457.0s, curr speed    0.374 kHz, avg speed    2.538 kHz), accepted   160001/  160001 events (100.00%)
Processed  1170000/ 2732875 entries (elapsed time   528.2s, curr speed    0.141 kHz, avg speed    2.215 kHz), accepted   170001/  170001 events (100.00%)
Processed  1180000/ 2732875 entries (elapsed time   553.4s, curr speed    0.397 kHz, avg speed    2.132 kHz), accepted   180001/  180001 events (100.00%)
Processed  1190000/ 2732875 entries (elapsed time   579.6s, curr speed    0.382 kHz, avg speed    2.053 kHz), accepted   190001/  190001 events (100.00%)
Processed  1200000/ 2732875 entries (elapsed time   605.0s, curr speed    0.393 kHz, avg speed    1.983 kHz), accepted   200001/  200001 events (100.00%)
Processed  1210000/ 2732875 entries (elapsed time   630.3s, curr speed    0.396 kHz, avg speed    1.920 kHz), accepted   210001/  210001 events (100.00%)
Processed  1220000/ 2732875 entries (elapsed time   654.9s, curr speed    0.406 kHz, avg speed    1.863 kHz), accepted   220001/  220001 events (100.00%)
Processed  1230000/ 2732875 entries (elapsed time   680.2s, curr speed    0.395 kHz, avg speed    1.808 kHz), accepted   230001/  230001 events (100.00%)
Processed  1240000/ 2732875 entries (elapsed time   706.7s, curr speed    0.378 kHz, avg speed    1.755 kHz), accepted   240001/  240001 events (100.00%)
Processed 250000 entries from MY_EOS_SPACE/heppyNtuples/TREES_DiBosons_exclusive_94X/WWToLNuQQ_ext_part1/treeProducerWMass/tree.root, selected 250000 entries
Done MY_EOS_SPACE/heppyNtuples/TREES_DiBosons_exclusive_94X/friends/tree_Friend_WWToLNuQQ_ext_part1.chunk4.root
