000 (334259.003.000) 05/14 16:10:39 Job submitted from host: <188.184.95.166:9618?addrs=188.184.95.166-9618+[2001-1458-201-e4--100-7a0]-9618&alias=tbird02.cern.ch&noUDP&sock=schedd_2138722_faad_3>
...
040 (334259.003.000) 05/14 16:12:13 Started transferring input files
	Transferring to host: <188.184.133.232:9618?addrs=188.184.133.232-9618+[2001-1458-301-a0--100-1ef]-9618&noUDP&sock=12999_b8aa_104914>
...
040 (334259.003.000) 05/14 16:12:13 Finished transferring input files
...
001 (334259.003.000) 05/14 16:12:14 Job executing on host: <188.184.133.232:9618?addrs=188.184.133.232-9618+[2001-1458-301-a0--100-1ef]-9618&noUDP&sock=12792_d394_3>
...
006 (334259.003.000) 05/14 16:12:22 Image size of job updated: 169148
	101  -  MemoryUsage of job (MB)
	102768  -  ResidentSetSize of job (KB)
...
006 (334259.003.000) 05/14 16:17:22 Image size of job updated: 430520
	417  -  MemoryUsage of job (MB)
	426992  -  ResidentSetSize of job (KB)
...
006 (334259.003.000) 05/14 16:22:23 Image size of job updated: 574296
	558  -  MemoryUsage of job (MB)
	570768  -  ResidentSetSize of job (KB)
...
040 (334259.003.000) 05/14 16:25:22 Started transferring output files
...
040 (334259.003.000) 05/14 16:25:22 Finished transferring output files
...
005 (334259.003.000) 05/14 16:25:22 Job terminated.
	(1) Normal termination (return value 1)
		Usr 0 00:11:31, Sys 0 00:01:05  -  Run Remote Usage
		Usr 0 00:00:00, Sys 0 00:00:00  -  Run Local Usage
		Usr 0 00:11:31, Sys 0 00:01:05  -  Total Remote Usage
		Usr 0 00:00:00, Sys 0 00:00:00  -  Total Local Usage
	8534  -  Run Bytes Sent By Job
	10917  -  Run Bytes Received By Job
	8534  -  Total Bytes Sent By Job
	10917  -  Total Bytes Received By Job
	Partitionable Resources :    Usage  Request Allocated 
	   Cpus                 :                 1           
	   Disk (KB)            :       71        1   2187871 
	   Memory (MB)          :      558     2000      2000 
...
