000 (334260.000.000) 05/14 16:10:39 Job submitted from host: <188.184.95.166:9618?addrs=188.184.95.166-9618+[2001-1458-201-e4--100-7a0]-9618&alias=tbird02.cern.ch&noUDP&sock=schedd_2138722_faad_3>
...
040 (334260.000.000) 05/14 16:12:13 Started transferring input files
	Transferring to host: <188.184.133.216:9618?addrs=188.184.133.216-9618+[2001-1458-301-a0--100-2ed]-9618&noUDP&sock=13090_d6cd_104971>
...
040 (334260.000.000) 05/14 16:12:13 Finished transferring input files
...
001 (334260.000.000) 05/14 16:12:14 Job executing on host: <188.184.133.216:9618?addrs=188.184.133.216-9618+[2001-1458-301-a0--100-2ed]-9618&noUDP&sock=12881_df82_3>
...
006 (334260.000.000) 05/14 16:12:23 Image size of job updated: 213576
	132  -  MemoryUsage of job (MB)
	134904  -  ResidentSetSize of job (KB)
...
006 (334260.000.000) 05/14 16:17:24 Image size of job updated: 410448
	398  -  MemoryUsage of job (MB)
	406756  -  ResidentSetSize of job (KB)
...
006 (334260.000.000) 05/14 16:22:24 Image size of job updated: 565492
	549  -  MemoryUsage of job (MB)
	561796  -  ResidentSetSize of job (KB)
...
040 (334260.000.000) 05/14 16:26:51 Started transferring output files
...
040 (334260.000.000) 05/14 16:26:51 Finished transferring output files
...
005 (334260.000.000) 05/14 16:26:51 Job terminated.
	(1) Normal termination (return value 1)
		Usr 0 00:12:51, Sys 0 00:01:09  -  Run Remote Usage
		Usr 0 00:00:00, Sys 0 00:00:00  -  Run Local Usage
		Usr 0 00:12:51, Sys 0 00:01:09  -  Total Remote Usage
		Usr 0 00:00:00, Sys 0 00:00:00  -  Total Local Usage
	8326  -  Run Bytes Sent By Job
	10917  -  Run Bytes Received By Job
	8326  -  Total Bytes Sent By Job
	10917  -  Total Bytes Received By Job
	Partitionable Resources :    Usage  Request Allocated 
	   Cpus                 :                 1           
	   Disk (KB)            :       70        1   2102597 
	   Memory (MB)          :      549     2000      2000 
...
