000 (334260.003.000) 05/14 16:10:39 Job submitted from host: <188.184.95.166:9618?addrs=188.184.95.166-9618+[2001-1458-201-e4--100-7a0]-9618&alias=tbird02.cern.ch&noUDP&sock=schedd_2138722_faad_3>
...
040 (334260.003.000) 05/14 16:12:16 Started transferring input files
	Transferring to host: <188.184.132.9:9618?addrs=188.184.132.9-9618+[2001-1458-301-a0--100-2a]-9618&noUDP&sock=3928_6199_128270>
...
040 (334260.003.000) 05/14 16:12:16 Finished transferring input files
...
001 (334260.003.000) 05/14 16:12:17 Job executing on host: <188.184.132.9:9618?addrs=188.184.132.9-9618+[2001-1458-301-a0--100-2a]-9618&noUDP&sock=2365_c592_3>
...
006 (334260.003.000) 05/14 16:12:25 Image size of job updated: 97316
	60  -  MemoryUsage of job (MB)
	61064  -  ResidentSetSize of job (KB)
...
040 (334260.003.000) 05/14 16:16:02 Started transferring output files
...
040 (334260.003.000) 05/14 16:16:02 Finished transferring output files
...
005 (334260.003.000) 05/14 16:16:02 Job terminated.
	(1) Normal termination (return value 1)
		Usr 0 00:03:07, Sys 0 00:00:18  -  Run Remote Usage
		Usr 0 00:00:00, Sys 0 00:00:00  -  Run Local Usage
		Usr 0 00:03:07, Sys 0 00:00:18  -  Total Remote Usage
		Usr 0 00:00:00, Sys 0 00:00:00  -  Total Local Usage
	5714  -  Run Bytes Sent By Job
	10917  -  Run Bytes Received By Job
	5714  -  Total Bytes Sent By Job
	10917  -  Total Bytes Received By Job
	Partitionable Resources :    Usage  Request Allocated 
	   Cpus                 :                 1           
	   Disk (KB)            :       68        1   2137397 
	   Memory (MB)          :       60     2000      2000 
...
