000 (334261.004.000) 05/14 16:10:40 Job submitted from host: <188.184.95.166:9618?addrs=188.184.95.166-9618+[2001-1458-201-e4--100-7a0]-9618&alias=tbird02.cern.ch&noUDP&sock=schedd_2138722_faad_3>
...
040 (334261.004.000) 05/14 16:12:18 Started transferring input files
	Transferring to host: <188.184.133.231:9618?addrs=188.184.133.231-9618+[2001-1458-301-a0--100-396]-9618&noUDP&sock=12972_b289_104235>
...
040 (334261.004.000) 05/14 16:12:18 Finished transferring input files
...
001 (334261.004.000) 05/14 16:12:19 Job executing on host: <188.184.133.231:9618?addrs=188.184.133.231-9618+[2001-1458-301-a0--100-396]-9618&noUDP&sock=12765_4e85_3>
...
006 (334261.004.000) 05/14 16:12:27 Image size of job updated: 121776
	68  -  MemoryUsage of job (MB)
	69460  -  ResidentSetSize of job (KB)
...
006 (334261.004.000) 05/14 16:17:27 Image size of job updated: 437840
	425  -  MemoryUsage of job (MB)
	434380  -  ResidentSetSize of job (KB)
...
006 (334261.004.000) 05/14 16:22:28 Image size of job updated: 559172
	543  -  MemoryUsage of job (MB)
	555712  -  ResidentSetSize of job (KB)
...
040 (334261.004.000) 05/14 16:24:12 Started transferring output files
...
040 (334261.004.000) 05/14 16:24:12 Finished transferring output files
...
005 (334261.004.000) 05/14 16:24:12 Job terminated.
	(1) Normal termination (return value 1)
		Usr 0 00:10:19, Sys 0 00:01:02  -  Run Remote Usage
		Usr 0 00:00:00, Sys 0 00:00:00  -  Run Local Usage
		Usr 0 00:10:19, Sys 0 00:01:02  -  Total Remote Usage
		Usr 0 00:00:00, Sys 0 00:00:00  -  Total Local Usage
	8522  -  Run Bytes Sent By Job
	10917  -  Run Bytes Received By Job
	8522  -  Total Bytes Sent By Job
	10917  -  Total Bytes Received By Job
	Partitionable Resources :    Usage  Request Allocated 
	   Cpus                 :                 1           
	   Disk (KB)            :       71        1   2135431 
	   Memory (MB)          :      543     2000      2000 
...
