000 (334267.001.000) 05/14 16:10:43 Job submitted from host: <188.184.95.166:9618?addrs=188.184.95.166-9618+[2001-1458-201-e4--100-7a0]-9618&alias=tbird02.cern.ch&noUDP&sock=schedd_2138722_faad_3>
...
040 (334267.001.000) 05/14 16:12:55 Started transferring input files
	Transferring to host: <188.184.133.235:9618?addrs=188.184.133.235-9618+[2001-1458-301-a0--100-23a]-9618&noUDP&sock=12937_0967_104963>
...
040 (334267.001.000) 05/14 16:12:55 Finished transferring input files
...
001 (334267.001.000) 05/14 16:12:56 Job executing on host: <188.184.133.235:9618?addrs=188.184.133.235-9618+[2001-1458-301-a0--100-23a]-9618&noUDP&sock=12730_4cb5_3>
...
006 (334267.001.000) 05/14 16:13:05 Image size of job updated: 288932
	205  -  MemoryUsage of job (MB)
	209568  -  ResidentSetSize of job (KB)
...
006 (334267.001.000) 05/14 16:18:05 Image size of job updated: 490588
	399  -  MemoryUsage of job (MB)
	407968  -  ResidentSetSize of job (KB)
...
006 (334267.001.000) 05/14 16:23:05 Image size of job updated: 590156
	496  -  MemoryUsage of job (MB)
	507536  -  ResidentSetSize of job (KB)
...
040 (334267.001.000) 05/14 16:27:39 Started transferring output files
...
040 (334267.001.000) 05/14 16:27:39 Finished transferring output files
...
005 (334267.001.000) 05/14 16:27:39 Job terminated.
	(1) Normal termination (return value 1)
		Usr 0 00:12:44, Sys 0 00:01:08  -  Run Remote Usage
		Usr 0 00:00:00, Sys 0 00:00:00  -  Run Local Usage
		Usr 0 00:12:44, Sys 0 00:01:08  -  Total Remote Usage
		Usr 0 00:00:00, Sys 0 00:00:00  -  Total Local Usage
	8521  -  Run Bytes Sent By Job
	10917  -  Run Bytes Received By Job
	8521  -  Total Bytes Sent By Job
	10917  -  Total Bytes Received By Job
	Partitionable Resources :    Usage  Request Allocated 
	   Cpus                 :                 1           
	   Disk (KB)            :       71        1   2187529 
	   Memory (MB)          :      496     2000      2000 
...
