000 (334267.000.000) 05/14 16:10:43 Job submitted from host: <188.184.95.166:9618?addrs=188.184.95.166-9618+[2001-1458-201-e4--100-7a0]-9618&alias=tbird02.cern.ch&noUDP&sock=schedd_2138722_faad_3>
...
040 (334267.000.000) 05/14 16:12:55 Started transferring input files
	Transferring to host: <188.184.133.233:9618?addrs=188.184.133.233-9618+[2001-1458-301-a0--100-33f]-9618&noUDP&sock=13080_cb0d_104682>
...
040 (334267.000.000) 05/14 16:12:55 Finished transferring input files
...
001 (334267.000.000) 05/14 16:12:56 Job executing on host: <188.184.133.233:9618?addrs=188.184.133.233-9618+[2001-1458-301-a0--100-33f]-9618&noUDP&sock=12872_b328_3>
...
006 (334267.000.000) 05/14 16:13:05 Image size of job updated: 310004
	222  -  MemoryUsage of job (MB)
	227044  -  ResidentSetSize of job (KB)
...
006 (334267.000.000) 05/14 16:18:06 Image size of job updated: 571828
	478  -  MemoryUsage of job (MB)
	488808  -  ResidentSetSize of job (KB)
...
006 (334267.000.000) 05/14 16:23:06 Image size of job updated: 590596
	496  -  MemoryUsage of job (MB)
	507576  -  ResidentSetSize of job (KB)
...
006 (334267.000.000) 05/14 16:23:46 Image size of job updated: 590596
	496  -  MemoryUsage of job (MB)
	507644  -  ResidentSetSize of job (KB)
...
040 (334267.000.000) 05/14 16:23:46 Started transferring output files
...
040 (334267.000.000) 05/14 16:23:46 Finished transferring output files
...
005 (334267.000.000) 05/14 16:23:46 Job terminated.
	(1) Normal termination (return value 1)
		Usr 0 00:09:30, Sys 0 00:00:57  -  Run Remote Usage
		Usr 0 00:00:00, Sys 0 00:00:00  -  Run Local Usage
		Usr 0 00:09:30, Sys 0 00:00:57  -  Total Remote Usage
		Usr 0 00:00:00, Sys 0 00:00:00  -  Total Local Usage
	8359  -  Run Bytes Sent By Job
	10917  -  Run Bytes Received By Job
	8359  -  Total Bytes Sent By Job
	10917  -  Total Bytes Received By Job
	Partitionable Resources :    Usage  Request Allocated 
	   Cpus                 :                 1           
	   Disk (KB)            :       70        1   2200140 
	   Memory (MB)          :      496     2000      2000 
...
