   WZTo3LNu_ext_part1   MC  31 chunks


I have 1 taks to process
I'm using the following list of modules DEFAULT_MODULES
this is jobs [('WZTo3LNu_ext_part1', 'MY_EOS_SPACE/heppyNtuples/TREES_DiBosons_exclusive_94X/WZTo3LNu_ext_part1/treeProducerWMass/tree.root', 16518370.0, '_Friend_WZTo3LNu_ext_part1.chunk16', False, xrange(4000000, 4250000), 16)]
Modules to run:  []   name =  puWeight
Loading puWeight from CMGTools.WMass.postprocessing.examples.puWeightProducer 
Running on dataset =  WZTo3LNu_ext_part1
TFile: name=/afs/cern.ch/work/m/mciprian/w_mass_analysis/heppy/rel_slc7/CMSSW_9_4_12/src/CMGTools/WMass/python/postprocessing/data/pileup/mcPU_2016_W94XnoCutsWithGenWeights_nTrueInt.root, title=, option=READ
TFile: name=/afs/cern.ch/work/m/mciprian/w_mass_analysis/heppy/rel_slc7/CMSSW_9_4_12/src/CMGTools/WMass/python/postprocessing/data/pileup/PileupData_GoldenMuonJSON_Full2016.root, title=, option=READ
Load C++ Worker
Modules to run:  []   name =  muCalibratedWithStatVar
Loading muCalibratedWithStatVar from CMGTools.WMass.postprocessing.examples.lepVarProducer 
Running on dataset =  WZTo3LNu_ext_part1
did not find EnergyScaleCorrection shared object, rebuilding
trying to load all the rochester correction libraries
did not find legacy data roccor. rebuilding...
done building legacy data roccor.
Modules to run:  []   name =  jetAllReCleaner
Loading jetAllReCleaner from CMGTools.WMass.postprocessing.examples.jetReCleaner 
Running on dataset =  WZTo3LNu_ext_part1
Load C++ Worker
Modules to run:  []   name =  jetReCleaner
Loading jetReCleaner from CMGTools.WMass.postprocessing.examples.jetReCleaner 
Running on dataset =  WZTo3LNu_ext_part1
Load C++ Worker
Modules to run:  []   name =  genQEDJets
Loading genQEDJets from CMGTools.WMass.postprocessing.examples.genFriendProducer 
Running on dataset =  WZTo3LNu_ext_part1
Will write selected trees to MY_EOS_SPACE/heppyNtuples/TREES_DiBosons_exclusive_94X/friends/
Normalization of nTrueInt_Wnopt: 3.68902e+10
Normalization of pileup: 3.68902e+10
Weights for variable nTrueInt_Wnopt with a number of bins equal to 102:
1 0.3634 0.9215 1.196 0.96 1.118 1.157 0.9675 0.9293 0.9192 0.8823 0.9553 1.062 1.116 1.167 1.194 1.2 1.193 1.177 1.14 1.092 1.06 1.047 1.046 1.047 1.048 1.06 1.077 1.092 1.106 1.122 1.108 1.097 1.051 0.992 0.9144 0.8237 0.7175 0.6087 0.5019 0.4029 0.3076 0.2264 0.1622 0.1123 0.07656 0.05052 0.03159 0.01992 0.01212 0.007355 0.004361 0.002593 0.001553 0.0009624 0.0007219 0.0006632 0.0007233 0.0009289 0.001329 0.001772 0.003222 0.004042 0.00487 0.005064 0.005658 0.005309 0.004846 0.004101 0.003977 0.003686 0.003306 0.002672 0.002286 0.001878 0.00167 1 1 1 1 1 1 1 1 1 1 1 1 1 1 1 1 1 1 1 1 1 1 1 1 1 1 .
Final weights: 
1 0.3634 0.9215 1.196 0.96 1.118 1.157 0.9675 0.9293 0.9192 0.8823 0.9553 1.062 1.116 1.167 1.194 1.2 1.193 1.177 1.14 1.092 1.06 1.047 1.046 1.047 1.048 1.06 1.077 1.092 1.106 1.122 1.108 1.097 1.051 0.992 0.9144 0.8237 0.7175 0.6087 0.5019 0.4029 0.3076 0.2264 0.1622 0.1123 0.07656 0.05052 0.03159 0.01992 0.01212 0.007355 0.004361 0.002593 0.001553 0.0009624 0.0007219 0.0006632 0.0007233 0.0009289 0.001329 0.001772 0.003222 0.004042 0.00487 0.005064 0.005658 0.005309 0.004846 0.004101 0.003977 0.003686 0.003306 0.002672 0.002286 0.001878 0.00167 1 1 1 1 1 1 1 1 1 1 1 1 1 1 1 1 1 1 1 1 1 1 1 1 1 1 .
begin job of lepCalProducer
initializing all the rochester correction objects
initializing the egamma calibrator
Processed  4000000/ 7543603 entries (elapsed time     0.4s, curr speed   23.256 kHz, avg speed 9302.326 kHz), accepted        1/       1 events (100.00%)
Processed  4010000/ 7543603 entries (elapsed time    30.3s, curr speed    0.335 kHz, avg speed  132.300 kHz), accepted    10001/   10001 events (100.00%)
Processed  4020000/ 7543603 entries (elapsed time    59.3s, curr speed    0.345 kHz, avg speed   67.814 kHz), accepted    20001/   20001 events (100.00%)
Processed  4030000/ 7543603 entries (elapsed time    89.8s, curr speed    0.328 kHz, avg speed   44.888 kHz), accepted    30001/   30001 events (100.00%)
Processed  4040000/ 7543603 entries (elapsed time   118.6s, curr speed    0.347 kHz, avg speed   34.073 kHz), accepted    40001/   40001 events (100.00%)
Processed  4050000/ 7543603 entries (elapsed time   148.1s, curr speed    0.339 kHz, avg speed   27.345 kHz), accepted    50001/   50001 events (100.00%)
Processed  4060000/ 7543603 entries (elapsed time   178.5s, curr speed    0.329 kHz, avg speed   22.743 kHz), accepted    60001/   60001 events (100.00%)
Processed  4070000/ 7543603 entries (elapsed time   201.7s, curr speed    0.432 kHz, avg speed   20.180 kHz), accepted    70001/   70001 events (100.00%)
Processed  4080000/ 7543603 entries (elapsed time   226.0s, curr speed    0.412 kHz, avg speed   18.055 kHz), accepted    80001/   80001 events (100.00%)
Processed  4090000/ 7543603 entries (elapsed time   251.8s, curr speed    0.388 kHz, avg speed   16.244 kHz), accepted    90001/   90001 events (100.00%)
Processed  4100000/ 7543603 entries (elapsed time   275.1s, curr speed    0.429 kHz, avg speed   14.904 kHz), accepted   100001/  100001 events (100.00%)
Processed  4110000/ 7543603 entries (elapsed time   299.8s, curr speed    0.405 kHz, avg speed   13.711 kHz), accepted   110001/  110001 events (100.00%)
Processed  4120000/ 7543603 entries (elapsed time   363.6s, curr speed    0.157 kHz, avg speed   11.332 kHz), accepted   120001/  120001 events (100.00%)
Processed  4130000/ 7543603 entries (elapsed time   388.5s, curr speed    0.401 kHz, avg speed   10.631 kHz), accepted   130001/  130001 events (100.00%)
Processed  4140000/ 7543603 entries (elapsed time   413.2s, curr speed    0.405 kHz, avg speed   10.020 kHz), accepted   140001/  140001 events (100.00%)
Processed  4150000/ 7543603 entries (elapsed time   436.2s, curr speed    0.434 kHz, avg speed    9.514 kHz), accepted   150001/  150001 events (100.00%)
Processed  4160000/ 7543603 entries (elapsed time   459.3s, curr speed    0.432 kHz, avg speed    9.057 kHz), accepted   160001/  160001 events (100.00%)
Processed  4170000/ 7543603 entries (elapsed time   483.2s, curr speed    0.419 kHz, avg speed    8.631 kHz), accepted   170001/  170001 events (100.00%)
Processed  4180000/ 7543603 entries (elapsed time   549.3s, curr speed    0.151 kHz, avg speed    7.610 kHz), accepted   180001/  180001 events (100.00%)
Processed  4190000/ 7543603 entries (elapsed time   572.6s, curr speed    0.429 kHz, avg speed    7.318 kHz), accepted   190001/  190001 events (100.00%)
Processed  4200000/ 7543603 entries (elapsed time   594.8s, curr speed    0.451 kHz, avg speed    7.062 kHz), accepted   200001/  200001 events (100.00%)
Processed  4210000/ 7543603 entries (elapsed time   619.4s, curr speed    0.406 kHz, avg speed    6.797 kHz), accepted   210001/  210001 events (100.00%)
Processed  4220000/ 7543603 entries (elapsed time   644.9s, curr speed    0.391 kHz, avg speed    6.543 kHz), accepted   220001/  220001 events (100.00%)
Processed  4230000/ 7543603 entries (elapsed time   670.6s, curr speed    0.390 kHz, avg speed    6.308 kHz), accepted   230001/  230001 events (100.00%)
Processed  4240000/ 7543603 entries (elapsed time   737.8s, curr speed    0.149 kHz, avg speed    5.747 kHz), accepted   240001/  240001 events (100.00%)
Processed 250000 entries from MY_EOS_SPACE/heppyNtuples/TREES_DiBosons_exclusive_94X/WZTo3LNu_ext_part1/treeProducerWMass/tree.root, selected 250000 entries
Done MY_EOS_SPACE/heppyNtuples/TREES_DiBosons_exclusive_94X/friends/tree_Friend_WZTo3LNu_ext_part1.chunk16.root
