000 (334267.002.000) 05/14 16:10:43 Job submitted from host: <188.184.95.166:9618?addrs=188.184.95.166-9618+[2001-1458-201-e4--100-7a0]-9618&alias=tbird02.cern.ch&noUDP&sock=schedd_2138722_faad_3>
...
040 (334267.002.000) 05/14 16:12:55 Started transferring input files
	Transferring to host: <128.142.240.8:9618?addrs=128.142.240.8-9618+[2001-1458-301-f9--100-3]-9618&noUDP&sock=4187_dec3_128336>
...
040 (334267.002.000) 05/14 16:12:55 Finished transferring input files
...
001 (334267.002.000) 05/14 16:12:56 Job executing on host: <128.142.240.8:9618?addrs=128.142.240.8-9618+[2001-1458-301-f9--100-3]-9618&noUDP&sock=2337_90eb_3>
...
006 (334267.002.000) 05/14 16:13:05 Image size of job updated: 327312
	239  -  MemoryUsage of job (MB)
	244484  -  ResidentSetSize of job (KB)
...
006 (334267.002.000) 05/14 16:18:05 Image size of job updated: 589576
	495  -  MemoryUsage of job (MB)
	506692  -  ResidentSetSize of job (KB)
...
040 (334267.002.000) 05/14 16:19:24 Started transferring output files
...
040 (334267.002.000) 05/14 16:19:24 Finished transferring output files
...
005 (334267.002.000) 05/14 16:19:24 Job terminated.
	(1) Normal termination (return value 1)
		Usr 0 00:05:39, Sys 0 00:00:34  -  Run Remote Usage
		Usr 0 00:00:00, Sys 0 00:00:00  -  Run Local Usage
		Usr 0 00:05:39, Sys 0 00:00:34  -  Total Remote Usage
		Usr 0 00:00:00, Sys 0 00:00:00  -  Total Local Usage
	7443  -  Run Bytes Sent By Job
	10917  -  Run Bytes Received By Job
	7443  -  Total Bytes Sent By Job
	10917  -  Total Bytes Received By Job
	Partitionable Resources :    Usage  Request Allocated 
	   Cpus                 :                 1           
	   Disk (KB)            :       70        1   2188599 
	   Memory (MB)          :      495     2000      2000 
...
