   WZTo3LNu_ext_part1   MC  31 chunks


I have 1 taks to process
I'm using the following list of modules DEFAULT_MODULES
this is jobs [('WZTo3LNu_ext_part1', 'MY_EOS_SPACE/heppyNtuples/TREES_DiBosons_exclusive_94X/WZTo3LNu_ext_part1/treeProducerWMass/tree.root', 16518370.0, '_Friend_WZTo3LNu_ext_part1.chunk1', False, xrange(250000, 500000), 1)]
Modules to run:  []   name =  puWeight
Loading puWeight from CMGTools.WMass.postprocessing.examples.puWeightProducer 
Running on dataset =  WZTo3LNu_ext_part1
TFile: name=/afs/cern.ch/work/m/mciprian/w_mass_analysis/heppy/rel_slc7/CMSSW_9_4_12/src/CMGTools/WMass/python/postprocessing/data/pileup/mcPU_2016_W94XnoCutsWithGenWeights_nTrueInt.root, title=, option=READ
TFile: name=/afs/cern.ch/work/m/mciprian/w_mass_analysis/heppy/rel_slc7/CMSSW_9_4_12/src/CMGTools/WMass/python/postprocessing/data/pileup/PileupData_GoldenMuonJSON_Full2016.root, title=, option=READ
Load C++ Worker
Modules to run:  []   name =  muCalibratedWithStatVar
Loading muCalibratedWithStatVar from CMGTools.WMass.postprocessing.examples.lepVarProducer 
Running on dataset =  WZTo3LNu_ext_part1
did not find EnergyScaleCorrection shared object, rebuilding
trying to load all the rochester correction libraries
did not find legacy data roccor. rebuilding...
done building legacy data roccor.
Modules to run:  []   name =  jetAllReCleaner
Loading jetAllReCleaner from CMGTools.WMass.postprocessing.examples.jetReCleaner 
Running on dataset =  WZTo3LNu_ext_part1
Load C++ Worker
Modules to run:  []   name =  jetReCleaner
Loading jetReCleaner from CMGTools.WMass.postprocessing.examples.jetReCleaner 
Running on dataset =  WZTo3LNu_ext_part1
Load C++ Worker
Modules to run:  []   name =  genQEDJets
Loading genQEDJets from CMGTools.WMass.postprocessing.examples.genFriendProducer 
Running on dataset =  WZTo3LNu_ext_part1
Will write selected trees to MY_EOS_SPACE/heppyNtuples/TREES_DiBosons_exclusive_94X/friends/
Normalization of nTrueInt_Wnopt: 3.68902e+10
Normalization of pileup: 3.68902e+10
Weights for variable nTrueInt_Wnopt with a number of bins equal to 102:
1 0.3634 0.9215 1.196 0.96 1.118 1.157 0.9675 0.9293 0.9192 0.8823 0.9553 1.062 1.116 1.167 1.194 1.2 1.193 1.177 1.14 1.092 1.06 1.047 1.046 1.047 1.048 1.06 1.077 1.092 1.106 1.122 1.108 1.097 1.051 0.992 0.9144 0.8237 0.7175 0.6087 0.5019 0.4029 0.3076 0.2264 0.1622 0.1123 0.07656 0.05052 0.03159 0.01992 0.01212 0.007355 0.004361 0.002593 0.001553 0.0009624 0.0007219 0.0006632 0.0007233 0.0009289 0.001329 0.001772 0.003222 0.004042 0.00487 0.005064 0.005658 0.005309 0.004846 0.004101 0.003977 0.003686 0.003306 0.002672 0.002286 0.001878 0.00167 1 1 1 1 1 1 1 1 1 1 1 1 1 1 1 1 1 1 1 1 1 1 1 1 1 1 .
Final weights: 
1 0.3634 0.9215 1.196 0.96 1.118 1.157 0.9675 0.9293 0.9192 0.8823 0.9553 1.062 1.116 1.167 1.194 1.2 1.193 1.177 1.14 1.092 1.06 1.047 1.046 1.047 1.048 1.06 1.077 1.092 1.106 1.122 1.108 1.097 1.051 0.992 0.9144 0.8237 0.7175 0.6087 0.5019 0.4029 0.3076 0.2264 0.1622 0.1123 0.07656 0.05052 0.03159 0.01992 0.01212 0.007355 0.004361 0.002593 0.001553 0.0009624 0.0007219 0.0006632 0.0007233 0.0009289 0.001329 0.001772 0.003222 0.004042 0.00487 0.005064 0.005658 0.005309 0.004846 0.004101 0.003977 0.003686 0.003306 0.002672 0.002286 0.001878 0.00167 1 1 1 1 1 1 1 1 1 1 1 1 1 1 1 1 1 1 1 1 1 1 1 1 1 1 .
begin job of lepCalProducer
initializing all the rochester correction objects
initializing the egamma calibrator
Processed   250000/ 7543603 entries (elapsed time     0.3s, curr speed   37.037 kHz, avg speed  925.926 kHz), accepted        1/       1 events (100.00%)
Processed   260000/ 7543603 entries (elapsed time    16.4s, curr speed    0.620 kHz, avg speed   15.844 kHz), accepted    10001/   10001 events (100.00%)
Processed   270000/ 7543603 entries (elapsed time    36.2s, curr speed    0.505 kHz, avg speed    7.452 kHz), accepted    20001/   20001 events (100.00%)
Processed   280000/ 7543603 entries (elapsed time    61.6s, curr speed    0.394 kHz, avg speed    4.543 kHz), accepted    30001/   30001 events (100.00%)
Processed   290000/ 7543603 entries (elapsed time    88.0s, curr speed    0.379 kHz, avg speed    3.294 kHz), accepted    40001/   40001 events (100.00%)
Processed   300000/ 7543603 entries (elapsed time   115.4s, curr speed    0.365 kHz, avg speed    2.599 kHz), accepted    50001/   50001 events (100.00%)
Processed   310000/ 7543603 entries (elapsed time   143.2s, curr speed    0.360 kHz, avg speed    2.165 kHz), accepted    60001/   60001 events (100.00%)
Processed   320000/ 7543603 entries (elapsed time   166.4s, curr speed    0.431 kHz, avg speed    1.923 kHz), accepted    70001/   70001 events (100.00%)
Processed   330000/ 7543603 entries (elapsed time   187.8s, curr speed    0.467 kHz, avg speed    1.757 kHz), accepted    80001/   80001 events (100.00%)
Processed   340000/ 7543603 entries (elapsed time   209.9s, curr speed    0.452 kHz, avg speed    1.620 kHz), accepted    90001/   90001 events (100.00%)
Processed   350000/ 7543603 entries (elapsed time   231.0s, curr speed    0.475 kHz, avg speed    1.515 kHz), accepted   100001/  100001 events (100.00%)
Processed   360000/ 7543603 entries (elapsed time   253.0s, curr speed    0.454 kHz, avg speed    1.423 kHz), accepted   110001/  110001 events (100.00%)
Processed   370000/ 7543603 entries (elapsed time   313.4s, curr speed    0.166 kHz, avg speed    1.181 kHz), accepted   120001/  120001 events (100.00%)
Processed   380000/ 7543603 entries (elapsed time   334.4s, curr speed    0.476 kHz, avg speed    1.136 kHz), accepted   130001/  130001 events (100.00%)
Processed   390000/ 7543603 entries (elapsed time   355.4s, curr speed    0.475 kHz, avg speed    1.097 kHz), accepted   140001/  140001 events (100.00%)
Processed   400000/ 7543603 entries (elapsed time   376.2s, curr speed    0.481 kHz, avg speed    1.063 kHz), accepted   150001/  150001 events (100.00%)
Processed   410000/ 7543603 entries (elapsed time   398.3s, curr speed    0.452 kHz, avg speed    1.029 kHz), accepted   160001/  160001 events (100.00%)
Processed   420000/ 7543603 entries (elapsed time   421.1s, curr speed    0.438 kHz, avg speed    0.997 kHz), accepted   170001/  170001 events (100.00%)
Processed   430000/ 7543603 entries (elapsed time   481.4s, curr speed    0.166 kHz, avg speed    0.893 kHz), accepted   180001/  180001 events (100.00%)
Processed   440000/ 7543603 entries (elapsed time   503.3s, curr speed    0.457 kHz, avg speed    0.874 kHz), accepted   190001/  190001 events (100.00%)
Processed   450000/ 7543603 entries (elapsed time   525.6s, curr speed    0.448 kHz, avg speed    0.856 kHz), accepted   200001/  200001 events (100.00%)
Processed   460000/ 7543603 entries (elapsed time   546.6s, curr speed    0.475 kHz, avg speed    0.842 kHz), accepted   210001/  210001 events (100.00%)
Processed   470000/ 7543603 entries (elapsed time   568.9s, curr speed    0.450 kHz, avg speed    0.826 kHz), accepted   220001/  220001 events (100.00%)
Processed   480000/ 7543603 entries (elapsed time   591.0s, curr speed    0.453 kHz, avg speed    0.812 kHz), accepted   230001/  230001 events (100.00%)
Processed   490000/ 7543603 entries (elapsed time   649.7s, curr speed    0.170 kHz, avg speed    0.754 kHz), accepted   240001/  240001 events (100.00%)
Processed 250000 entries from MY_EOS_SPACE/heppyNtuples/TREES_DiBosons_exclusive_94X/WZTo3LNu_ext_part1/treeProducerWMass/tree.root, selected 250000 entries
Done MY_EOS_SPACE/heppyNtuples/TREES_DiBosons_exclusive_94X/friends/tree_Friend_WZTo3LNu_ext_part1.chunk1.root
