   WZTo1L1Nu2Q_part1   MC  32 chunks


I have 1 taks to process
I'm using the following list of modules DEFAULT_MODULES
this is jobs [('WZTo1L1Nu2Q_part1', 'MY_EOS_SPACE/heppyNtuples/TREES_DiBosons_exclusive_94X/WZTo1L1Nu2Q_part1/treeProducerWMass/tree.root', 317904973.86988693, '_Friend_WZTo1L1Nu2Q_part1.chunk28', False, xrange(7000000, 7250000), 28)]
Modules to run:  []   name =  puWeight
Loading puWeight from CMGTools.WMass.postprocessing.examples.puWeightProducer 
Running on dataset =  WZTo1L1Nu2Q_part1
TFile: name=/afs/cern.ch/work/m/mciprian/w_mass_analysis/heppy/rel_slc7/CMSSW_9_4_12/src/CMGTools/WMass/python/postprocessing/data/pileup/mcPU_2016_W94XnoCutsWithGenWeights_nTrueInt.root, title=, option=READ
TFile: name=/afs/cern.ch/work/m/mciprian/w_mass_analysis/heppy/rel_slc7/CMSSW_9_4_12/src/CMGTools/WMass/python/postprocessing/data/pileup/PileupData_GoldenMuonJSON_Full2016.root, title=, option=READ
Load C++ Worker
Modules to run:  []   name =  muCalibratedWithStatVar
Loading muCalibratedWithStatVar from CMGTools.WMass.postprocessing.examples.lepVarProducer 
Running on dataset =  WZTo1L1Nu2Q_part1
did not find EnergyScaleCorrection shared object, rebuilding
trying to load all the rochester correction libraries
did not find legacy data roccor. rebuilding...
done building legacy data roccor.
Modules to run:  []   name =  jetAllReCleaner
Loading jetAllReCleaner from CMGTools.WMass.postprocessing.examples.jetReCleaner 
Running on dataset =  WZTo1L1Nu2Q_part1
Load C++ Worker
Modules to run:  []   name =  jetReCleaner
Loading jetReCleaner from CMGTools.WMass.postprocessing.examples.jetReCleaner 
Running on dataset =  WZTo1L1Nu2Q_part1
Load C++ Worker
Modules to run:  []   name =  genQEDJets
Loading genQEDJets from CMGTools.WMass.postprocessing.examples.genFriendProducer 
Running on dataset =  WZTo1L1Nu2Q_part1
Will write selected trees to MY_EOS_SPACE/heppyNtuples/TREES_DiBosons_exclusive_94X/friends/
Normalization of nTrueInt_Wnopt: 3.68902e+10
Normalization of pileup: 3.68902e+10
Weights for variable nTrueInt_Wnopt with a number of bins equal to 102:
1 0.3634 0.9215 1.196 0.96 1.118 1.157 0.9675 0.9293 0.9192 0.8823 0.9553 1.062 1.116 1.167 1.194 1.2 1.193 1.177 1.14 1.092 1.06 1.047 1.046 1.047 1.048 1.06 1.077 1.092 1.106 1.122 1.108 1.097 1.051 0.992 0.9144 0.8237 0.7175 0.6087 0.5019 0.4029 0.3076 0.2264 0.1622 0.1123 0.07656 0.05052 0.03159 0.01992 0.01212 0.007355 0.004361 0.002593 0.001553 0.0009624 0.0007219 0.0006632 0.0007233 0.0009289 0.001329 0.001772 0.003222 0.004042 0.00487 0.005064 0.005658 0.005309 0.004846 0.004101 0.003977 0.003686 0.003306 0.002672 0.002286 0.001878 0.00167 1 1 1 1 1 1 1 1 1 1 1 1 1 1 1 1 1 1 1 1 1 1 1 1 1 1 .
Final weights: 
1 0.3634 0.9215 1.196 0.96 1.118 1.157 0.9675 0.9293 0.9192 0.8823 0.9553 1.062 1.116 1.167 1.194 1.2 1.193 1.177 1.14 1.092 1.06 1.047 1.046 1.047 1.048 1.06 1.077 1.092 1.106 1.122 1.108 1.097 1.051 0.992 0.9144 0.8237 0.7175 0.6087 0.5019 0.4029 0.3076 0.2264 0.1622 0.1123 0.07656 0.05052 0.03159 0.01992 0.01212 0.007355 0.004361 0.002593 0.001553 0.0009624 0.0007219 0.0006632 0.0007233 0.0009289 0.001329 0.001772 0.003222 0.004042 0.00487 0.005064 0.005658 0.005309 0.004846 0.004101 0.003977 0.003686 0.003306 0.002672 0.002286 0.001878 0.00167 1 1 1 1 1 1 1 1 1 1 1 1 1 1 1 1 1 1 1 1 1 1 1 1 1 1 .
begin job of lepCalProducer
initializing all the rochester correction objects
initializing the egamma calibrator
Processed  7000000/ 7909105 entries (elapsed time     0.5s, curr speed   18.519 kHz, avg speed 12962.963 kHz), accepted        1/       1 events (100.00%)
Processed  7010000/ 7909105 entries (elapsed time    28.2s, curr speed    0.361 kHz, avg speed  248.142 kHz), accepted    10001/   10001 events (100.00%)
Processed  7020000/ 7909105 entries (elapsed time    57.5s, curr speed    0.342 kHz, avg speed  122.193 kHz), accepted    20001/   20001 events (100.00%)
Processed  7030000/ 7909105 entries (elapsed time    88.1s, curr speed    0.326 kHz, avg speed   79.759 kHz), accepted    30001/   30001 events (100.00%)
Processed  7040000/ 7909105 entries (elapsed time   117.2s, curr speed    0.344 kHz, avg speed   60.084 kHz), accepted    40001/   40001 events (100.00%)
Processed  7050000/ 7909105 entries (elapsed time   149.3s, curr speed    0.311 kHz, avg speed   47.214 kHz), accepted    50001/   50001 events (100.00%)
Processed  7060000/ 7909105 entries (elapsed time   181.9s, curr speed    0.307 kHz, avg speed   38.806 kHz), accepted    60001/   60001 events (100.00%)
Processed  7070000/ 7909105 entries (elapsed time   213.3s, curr speed    0.318 kHz, avg speed   33.140 kHz), accepted    70001/   70001 events (100.00%)
Processed  7080000/ 7909105 entries (elapsed time   243.0s, curr speed    0.337 kHz, avg speed   29.139 kHz), accepted    80001/   80001 events (100.00%)
Processed  7090000/ 7909105 entries (elapsed time   270.1s, curr speed    0.369 kHz, avg speed   26.251 kHz), accepted    90001/   90001 events (100.00%)
Processed  7100000/ 7909105 entries (elapsed time   297.0s, curr speed    0.372 kHz, avg speed   23.908 kHz), accepted   100001/  100001 events (100.00%)
Processed  7110000/ 7909105 entries (elapsed time   322.3s, curr speed    0.394 kHz, avg speed   22.057 kHz), accepted   110001/  110001 events (100.00%)
Processed  7120000/ 7909105 entries (elapsed time   348.4s, curr speed    0.384 kHz, avg speed   20.437 kHz), accepted   120001/  120001 events (100.00%)
Processed  7130000/ 7909105 entries (elapsed time   376.2s, curr speed    0.359 kHz, avg speed   18.950 kHz), accepted   130001/  130001 events (100.00%)
Processed  7140000/ 7909105 entries (elapsed time   402.5s, curr speed    0.380 kHz, avg speed   17.737 kHz), accepted   140001/  140001 events (100.00%)
Processed  7150000/ 7909105 entries (elapsed time   429.5s, curr speed    0.371 kHz, avg speed   16.649 kHz), accepted   150001/  150001 events (100.00%)
Processed  7160000/ 7909105 entries (elapsed time   495.8s, curr speed    0.151 kHz, avg speed   14.442 kHz), accepted   160001/  160001 events (100.00%)
Processed  7170000/ 7909105 entries (elapsed time   522.0s, curr speed    0.382 kHz, avg speed   13.737 kHz), accepted   170001/  170001 events (100.00%)
Processed  7180000/ 7909105 entries (elapsed time   547.7s, curr speed    0.388 kHz, avg speed   13.109 kHz), accepted   180001/  180001 events (100.00%)
Processed  7190000/ 7909105 entries (elapsed time   575.4s, curr speed    0.362 kHz, avg speed   12.497 kHz), accepted   190001/  190001 events (100.00%)
Processed  7200000/ 7909105 entries (elapsed time   601.7s, curr speed    0.379 kHz, avg speed   11.965 kHz), accepted   200001/  200001 events (100.00%)
Processed  7210000/ 7909105 entries (elapsed time   628.0s, curr speed    0.381 kHz, avg speed   11.481 kHz), accepted   210001/  210001 events (100.00%)
Processed  7220000/ 7909105 entries (elapsed time   656.3s, curr speed    0.353 kHz, avg speed   11.001 kHz), accepted   220001/  220001 events (100.00%)
Processed  7230000/ 7909105 entries (elapsed time   725.5s, curr speed    0.144 kHz, avg speed    9.965 kHz), accepted   230001/  230001 events (100.00%)
Processed  7240000/ 7909105 entries (elapsed time   753.0s, curr speed    0.364 kHz, avg speed    9.615 kHz), accepted   240001/  240001 events (100.00%)
Processed 250000 entries from MY_EOS_SPACE/heppyNtuples/TREES_DiBosons_exclusive_94X/WZTo1L1Nu2Q_part1/treeProducerWMass/tree.root, selected 250000 entries
Done MY_EOS_SPACE/heppyNtuples/TREES_DiBosons_exclusive_94X/friends/tree_Friend_WZTo1L1Nu2Q_part1.chunk28.root
