000 (334265.000.000) 05/14 16:10:42 Job submitted from host: <188.184.95.166:9618?addrs=188.184.95.166-9618+[2001-1458-201-e4--100-7a0]-9618&alias=tbird02.cern.ch&noUDP&sock=schedd_2138722_faad_3>
...
040 (334265.000.000) 05/14 16:12:41 Started transferring input files
	Transferring to host: <188.184.132.29:9618?addrs=188.184.132.29-9618+[2001-1458-301-a0--100-21]-9618&noUDP&sock=4064_349e_128184>
...
040 (334265.000.000) 05/14 16:12:41 Finished transferring input files
...
001 (334265.000.000) 05/14 16:12:42 Job executing on host: <188.184.132.29:9618?addrs=188.184.132.29-9618+[2001-1458-301-a0--100-21]-9618&noUDP&sock=2341_4f4c_3>
...
006 (334265.000.000) 05/14 16:12:50 Image size of job updated: 115576
	56  -  MemoryUsage of job (MB)
	56492  -  ResidentSetSize of job (KB)
...
006 (334265.000.000) 05/14 16:17:50 Image size of job updated: 397680
	387  -  MemoryUsage of job (MB)
	395628  -  ResidentSetSize of job (KB)
...
006 (334265.000.000) 05/14 16:22:51 Image size of job updated: 506472
	493  -  MemoryUsage of job (MB)
	504420  -  ResidentSetSize of job (KB)
...
006 (334265.000.000) 05/14 16:27:51 Image size of job updated: 506472
	493  -  MemoryUsage of job (MB)
	504436  -  ResidentSetSize of job (KB)
...
040 (334265.000.000) 05/14 16:28:29 Started transferring output files
...
040 (334265.000.000) 05/14 16:28:29 Finished transferring output files
...
005 (334265.000.000) 05/14 16:28:29 Job terminated.
	(1) Normal termination (return value 1)
		Usr 0 00:13:45, Sys 0 00:01:22  -  Run Remote Usage
		Usr 0 00:00:00, Sys 0 00:00:00  -  Run Local Usage
		Usr 0 00:13:45, Sys 0 00:01:22  -  Total Remote Usage
		Usr 0 00:00:00, Sys 0 00:00:00  -  Total Local Usage
	8324  -  Run Bytes Sent By Job
	10917  -  Run Bytes Received By Job
	8324  -  Total Bytes Sent By Job
	10917  -  Total Bytes Received By Job
	Partitionable Resources :    Usage  Request Allocated 
	   Cpus                 :                 1           
	   Disk (KB)            :       70        1   2188105 
	   Memory (MB)          :      493     2000      2000 
...
