000 (334265.005.000) 05/14 16:10:42 Job submitted from host: <188.184.95.166:9618?addrs=188.184.95.166-9618+[2001-1458-201-e4--100-7a0]-9618&alias=tbird02.cern.ch&noUDP&sock=schedd_2138722_faad_3>
...
040 (334265.005.000) 05/14 16:13:37 Started transferring input files
	Transferring to host: <188.184.132.14:9618?addrs=188.184.132.14-9618+[2001-1458-301-a0--100-4]-9618&noUDP&sock=4204_d924_128800>
...
040 (334265.005.000) 05/14 16:13:37 Finished transferring input files
...
001 (334265.005.000) 05/14 16:13:38 Job executing on host: <188.184.132.14:9618?addrs=188.184.132.14-9618+[2001-1458-301-a0--100-4]-9618&noUDP&sock=2333_d28a_3>
...
006 (334265.005.000) 05/14 16:13:47 Image size of job updated: 55340
	52  -  MemoryUsage of job (MB)
	52856  -  ResidentSetSize of job (KB)
...
006 (334265.005.000) 05/14 16:18:48 Image size of job updated: 416616
	384  -  MemoryUsage of job (MB)
	393168  -  ResidentSetSize of job (KB)
...
006 (334265.005.000) 05/14 16:23:48 Image size of job updated: 530004
	495  -  MemoryUsage of job (MB)
	506556  -  ResidentSetSize of job (KB)
...
006 (334265.005.000) 05/14 16:28:49 Image size of job updated: 531592
	497  -  MemoryUsage of job (MB)
	508228  -  ResidentSetSize of job (KB)
...
040 (334265.005.000) 05/14 16:30:17 Started transferring output files
...
040 (334265.005.000) 05/14 16:30:17 Finished transferring output files
...
005 (334265.005.000) 05/14 16:30:17 Job terminated.
	(1) Normal termination (return value 1)
		Usr 0 00:14:42, Sys 0 00:01:24  -  Run Remote Usage
		Usr 0 00:00:00, Sys 0 00:00:00  -  Run Local Usage
		Usr 0 00:14:42, Sys 0 00:01:24  -  Total Remote Usage
		Usr 0 00:00:00, Sys 0 00:00:00  -  Total Local Usage
	8488  -  Run Bytes Sent By Job
	10917  -  Run Bytes Received By Job
	8488  -  Total Bytes Sent By Job
	10917  -  Total Bytes Received By Job
	Partitionable Resources :    Usage  Request Allocated 
	   Cpus                 :                 1           
	   Disk (KB)            :       71        1   2117506 
	   Memory (MB)          :      497     2000      2000 
...
