000 (334261.011.000) 05/14 16:10:40 Job submitted from host: <188.184.95.166:9618?addrs=188.184.95.166-9618+[2001-1458-201-e4--100-7a0]-9618&alias=tbird02.cern.ch&noUDP&sock=schedd_2138722_faad_3>
...
040 (334261.011.000) 05/14 16:12:19 Started transferring input files
	Transferring to host: <188.184.132.5:9618?addrs=188.184.132.5-9618+[2001-1458-301-a0--100-5]-9618&noUDP&sock=4293_8e88_128493>
...
040 (334261.011.000) 05/14 16:12:19 Finished transferring input files
...
001 (334261.011.000) 05/14 16:12:20 Job executing on host: <188.184.132.5:9618?addrs=188.184.132.5-9618+[2001-1458-301-a0--100-5]-9618&noUDP&sock=2325_55c8_3>
...
006 (334261.011.000) 05/14 16:12:28 Image size of job updated: 172616
	105  -  MemoryUsage of job (MB)
	106808  -  ResidentSetSize of job (KB)
...
006 (334261.011.000) 05/14 16:17:28 Image size of job updated: 415792
	403  -  MemoryUsage of job (MB)
	412452  -  ResidentSetSize of job (KB)
...
006 (334261.011.000) 05/14 16:22:29 Image size of job updated: 558640
	543  -  MemoryUsage of job (MB)
	555300  -  ResidentSetSize of job (KB)
...
040 (334261.011.000) 05/14 16:26:51 Started transferring output files
...
040 (334261.011.000) 05/14 16:26:51 Finished transferring output files
...
005 (334261.011.000) 05/14 16:26:51 Job terminated.
	(1) Normal termination (return value 1)
		Usr 0 00:12:28, Sys 0 00:01:12  -  Run Remote Usage
		Usr 0 00:00:00, Sys 0 00:00:00  -  Run Local Usage
		Usr 0 00:12:28, Sys 0 00:01:12  -  Total Remote Usage
		Usr 0 00:00:00, Sys 0 00:00:00  -  Total Local Usage
	8525  -  Run Bytes Sent By Job
	10917  -  Run Bytes Received By Job
	8525  -  Total Bytes Sent By Job
	10917  -  Total Bytes Received By Job
	Partitionable Resources :    Usage  Request Allocated 
	   Cpus                 :                 1           
	   Disk (KB)            :       71        1   2142592 
	   Memory (MB)          :      543     2000      2000 
...
