000 (334261.023.000) 05/14 16:10:40 Job submitted from host: <188.184.95.166:9618?addrs=188.184.95.166-9618+[2001-1458-201-e4--100-7a0]-9618&alias=tbird02.cern.ch&noUDP&sock=schedd_2138722_faad_3>
...
040 (334261.023.000) 05/14 16:12:24 Started transferring input files
	Transferring to host: <188.184.133.236:9618?addrs=188.184.133.236-9618+[2001-1458-301-a0--100-5cd]-9618&noUDP&sock=13610_39e3_105417>
...
040 (334261.023.000) 05/14 16:12:24 Finished transferring input files
...
001 (334261.023.000) 05/14 16:12:25 Job executing on host: <188.184.133.236:9618?addrs=188.184.133.236-9618+[2001-1458-301-a0--100-5cd]-9618&noUDP&sock=13437_3e2a_3>
...
006 (334261.023.000) 05/14 16:12:34 Image size of job updated: 114932
	65  -  MemoryUsage of job (MB)
	66016  -  ResidentSetSize of job (KB)
...
006 (334261.023.000) 05/14 16:17:35 Image size of job updated: 418208
	406  -  MemoryUsage of job (MB)
	415248  -  ResidentSetSize of job (KB)
...
006 (334261.023.000) 05/14 16:22:36 Image size of job updated: 560976
	545  -  MemoryUsage of job (MB)
	558016  -  ResidentSetSize of job (KB)
...
040 (334261.023.000) 05/14 16:26:58 Started transferring output files
...
040 (334261.023.000) 05/14 16:26:58 Finished transferring output files
...
005 (334261.023.000) 05/14 16:26:58 Job terminated.
	(1) Normal termination (return value 1)
		Usr 0 00:12:50, Sys 0 00:01:12  -  Run Remote Usage
		Usr 0 00:00:00, Sys 0 00:00:00  -  Run Local Usage
		Usr 0 00:12:50, Sys 0 00:01:12  -  Total Remote Usage
		Usr 0 00:00:00, Sys 0 00:00:00  -  Total Local Usage
	8526  -  Run Bytes Sent By Job
	10917  -  Run Bytes Received By Job
	8526  -  Total Bytes Sent By Job
	10917  -  Total Bytes Received By Job
	Partitionable Resources :    Usage  Request Allocated 
	   Cpus                 :                 1           
	   Disk (KB)            :       71        1   2125249 
	   Memory (MB)          :      545     2000      2000 
...
