000 (334264.018.000) 05/14 16:10:41 Job submitted from host: <188.184.95.166:9618?addrs=188.184.95.166-9618+[2001-1458-201-e4--100-7a0]-9618&alias=tbird02.cern.ch&noUDP&sock=schedd_2138722_faad_3>
...
040 (334264.018.000) 05/14 16:12:38 Started transferring input files
	Transferring to host: <128.142.33.144:9618?addrs=128.142.33.144-9618+[2001-1458-301-117--100-280]-9618&noUDP&sock=15979_66a3_104492>
...
040 (334264.018.000) 05/14 16:12:38 Finished transferring input files
...
001 (334264.018.000) 05/14 16:12:39 Job executing on host: <128.142.33.144:9618?addrs=128.142.33.144-9618+[2001-1458-301-117--100-280]-9618&noUDP&sock=15761_5043_3>
...
006 (334264.018.000) 05/14 16:12:48 Image size of job updated: 222120
	140  -  MemoryUsage of job (MB)
	143152  -  ResidentSetSize of job (KB)
...
006 (334264.018.000) 05/14 16:17:49 Image size of job updated: 509932
	495  -  MemoryUsage of job (MB)
	506288  -  ResidentSetSize of job (KB)
...
040 (334264.018.000) 05/14 16:22:04 Started transferring output files
...
040 (334264.018.000) 05/14 16:22:04 Finished transferring output files
...
005 (334264.018.000) 05/14 16:22:04 Job terminated.
	(1) Normal termination (return value 1)
		Usr 0 00:08:08, Sys 0 00:00:55  -  Run Remote Usage
		Usr 0 00:00:00, Sys 0 00:00:00  -  Run Local Usage
		Usr 0 00:08:08, Sys 0 00:00:55  -  Total Remote Usage
		Usr 0 00:00:00, Sys 0 00:00:00  -  Total Local Usage
	8493  -  Run Bytes Sent By Job
	10917  -  Run Bytes Received By Job
	8493  -  Total Bytes Sent By Job
	10917  -  Total Bytes Received By Job
	Partitionable Resources :    Usage  Request Allocated 
	   Cpus                 :                 1           
	   Disk (KB)            :       71        1   2180387 
	   Memory (MB)          :      495     2000      2000 
...
