000 (334266.025.000) 05/14 16:10:42 Job submitted from host: <188.184.95.166:9618?addrs=188.184.95.166-9618+[2001-1458-201-e4--100-7a0]-9618&alias=tbird02.cern.ch&noUDP&sock=schedd_2138722_faad_3>
...
022 (334266.025.000) 05/14 16:12:52 Job disconnected, attempting to reconnect
    Socket between submit and execute hosts closed unexpectedly
    Trying to reconnect to slot1_3@b7g28n0095.cern.ch <188.184.186.30:9618?addrs=188.184.186.30-9618+[2001-1458-301-f8--100-2b]-9618&noUDP&sock=2326_0560_3>
...
024 (334266.025.000) 05/14 16:12:52 Job reconnection failed
    Job not found at execution machine
    Can not reconnect to slot1_3@b7g28n0095.cern.ch, rescheduling job
...
022 (334266.025.000) 05/14 16:14:11 Job disconnected, attempting to reconnect
    Socket between submit and execute hosts closed unexpectedly
    Trying to reconnect to slot1_2@b7g28n0272.cern.ch <128.142.240.21:9618?addrs=128.142.240.21-9618+[2001-1458-301-f9--100-2]-9618&noUDP&sock=2335_31ba_3>
...
024 (334266.025.000) 05/14 16:14:11 Job reconnection failed
    Job not found at execution machine
    Can not reconnect to slot1_2@b7g28n0272.cern.ch, rescheduling job
...
022 (334266.025.000) 05/14 16:16:47 Job disconnected, attempting to reconnect
    Socket between submit and execute hosts closed unexpectedly
    Trying to reconnect to slot1_2@b7g28n0272.cern.ch <128.142.240.21:9618?addrs=128.142.240.21-9618+[2001-1458-301-f9--100-2]-9618&noUDP&sock=2335_31ba_3>
...
024 (334266.025.000) 05/14 16:16:47 Job reconnection failed
    Job not found at execution machine
    Can not reconnect to slot1_2@b7g28n0272.cern.ch, rescheduling job
...
040 (334266.025.000) 05/14 16:17:20 Started transferring input files
	Transferring to host: <188.184.132.8:9618?addrs=188.184.132.8-9618+[2001-1458-301-a0--100-9]-9618&noUDP&sock=8960_e165_1675>
...
040 (334266.025.000) 05/14 16:17:20 Finished transferring input files
...
001 (334266.025.000) 05/14 16:17:21 Job executing on host: <188.184.132.8:9618?addrs=188.184.132.8-9618+[2001-1458-301-a0--100-9]-9618&noUDP&sock=2815_6f30_3>
...
006 (334266.025.000) 05/14 16:17:30 Image size of job updated: 131172
	77  -  MemoryUsage of job (MB)
	78836  -  ResidentSetSize of job (KB)
...
006 (334266.025.000) 05/14 16:22:31 Image size of job updated: 481220
	390  -  MemoryUsage of job (MB)
	398988  -  ResidentSetSize of job (KB)
...
006 (334266.025.000) 05/14 16:27:32 Image size of job updated: 592052
	498  -  MemoryUsage of job (MB)
	509816  -  ResidentSetSize of job (KB)
...
040 (334266.025.000) 05/14 16:31:27 Started transferring output files
...
040 (334266.025.000) 05/14 16:31:27 Finished transferring output files
...
005 (334266.025.000) 05/14 16:31:27 Job terminated.
	(1) Normal termination (return value 1)
		Usr 0 00:11:49, Sys 0 00:01:03  -  Run Remote Usage
		Usr 0 00:00:00, Sys 0 00:00:00  -  Run Local Usage
		Usr 0 00:11:49, Sys 0 00:01:03  -  Total Remote Usage
		Usr 0 00:00:00, Sys 0 00:00:00  -  Total Local Usage
	13873  -  Run Bytes Sent By Job
	10917  -  Run Bytes Received By Job
	13873  -  Total Bytes Sent By Job
	10917  -  Total Bytes Received By Job
	Partitionable Resources :    Usage  Request Allocated 
	   Cpus                 :        0        1         1 
	   Disk (KB)            :       81        1    213900 
	   Memory (MB)          :      498     2000      2000 
...
