   WZTo3LNu_ext_part1   MC  31 chunks


I have 1 taks to process
I'm using the following list of modules DEFAULT_MODULES
this is jobs [('WZTo3LNu_ext_part1', 'MY_EOS_SPACE/heppyNtuples/TREES_DiBosons_exclusive_94X/WZTo3LNu_ext_part1/treeProducerWMass/tree.root', 16518370.0, '_Friend_WZTo3LNu_ext_part1.chunk25', False, xrange(6250000, 6500000), 25)]
Modules to run:  []   name =  puWeight
Loading puWeight from CMGTools.WMass.postprocessing.examples.puWeightProducer 
Running on dataset =  WZTo3LNu_ext_part1
TFile: name=/afs/cern.ch/work/m/mciprian/w_mass_analysis/heppy/rel_slc7/CMSSW_9_4_12/src/CMGTools/WMass/python/postprocessing/data/pileup/mcPU_2016_W94XnoCutsWithGenWeights_nTrueInt.root, title=, option=READ
TFile: name=/afs/cern.ch/work/m/mciprian/w_mass_analysis/heppy/rel_slc7/CMSSW_9_4_12/src/CMGTools/WMass/python/postprocessing/data/pileup/PileupData_GoldenMuonJSON_Full2016.root, title=, option=READ
Load C++ Worker
Modules to run:  []   name =  muCalibratedWithStatVar
Loading muCalibratedWithStatVar from CMGTools.WMass.postprocessing.examples.lepVarProducer 
Running on dataset =  WZTo3LNu_ext_part1
did not find EnergyScaleCorrection shared object, rebuilding
trying to load all the rochester correction libraries
did not find legacy data roccor. rebuilding...
done building legacy data roccor.
Modules to run:  []   name =  jetAllReCleaner
Loading jetAllReCleaner from CMGTools.WMass.postprocessing.examples.jetReCleaner 
Running on dataset =  WZTo3LNu_ext_part1
Load C++ Worker
Modules to run:  []   name =  jetReCleaner
Loading jetReCleaner from CMGTools.WMass.postprocessing.examples.jetReCleaner 
Running on dataset =  WZTo3LNu_ext_part1
Load C++ Worker
Modules to run:  []   name =  genQEDJets
Loading genQEDJets from CMGTools.WMass.postprocessing.examples.genFriendProducer 
Running on dataset =  WZTo3LNu_ext_part1
Will write selected trees to MY_EOS_SPACE/heppyNtuples/TREES_DiBosons_exclusive_94X/friends/
Normalization of nTrueInt_Wnopt: 3.68902e+10
Normalization of pileup: 3.68902e+10
Weights for variable nTrueInt_Wnopt with a number of bins equal to 102:
1 0.3634 0.9215 1.196 0.96 1.118 1.157 0.9675 0.9293 0.9192 0.8823 0.9553 1.062 1.116 1.167 1.194 1.2 1.193 1.177 1.14 1.092 1.06 1.047 1.046 1.047 1.048 1.06 1.077 1.092 1.106 1.122 1.108 1.097 1.051 0.992 0.9144 0.8237 0.7175 0.6087 0.5019 0.4029 0.3076 0.2264 0.1622 0.1123 0.07656 0.05052 0.03159 0.01992 0.01212 0.007355 0.004361 0.002593 0.001553 0.0009624 0.0007219 0.0006632 0.0007233 0.0009289 0.001329 0.001772 0.003222 0.004042 0.00487 0.005064 0.005658 0.005309 0.004846 0.004101 0.003977 0.003686 0.003306 0.002672 0.002286 0.001878 0.00167 1 1 1 1 1 1 1 1 1 1 1 1 1 1 1 1 1 1 1 1 1 1 1 1 1 1 .
Final weights: 
1 0.3634 0.9215 1.196 0.96 1.118 1.157 0.9675 0.9293 0.9192 0.8823 0.9553 1.062 1.116 1.167 1.194 1.2 1.193 1.177 1.14 1.092 1.06 1.047 1.046 1.047 1.048 1.06 1.077 1.092 1.106 1.122 1.108 1.097 1.051 0.992 0.9144 0.8237 0.7175 0.6087 0.5019 0.4029 0.3076 0.2264 0.1622 0.1123 0.07656 0.05052 0.03159 0.01992 0.01212 0.007355 0.004361 0.002593 0.001553 0.0009624 0.0007219 0.0006632 0.0007233 0.0009289 0.001329 0.001772 0.003222 0.004042 0.00487 0.005064 0.005658 0.005309 0.004846 0.004101 0.003977 0.003686 0.003306 0.002672 0.002286 0.001878 0.00167 1 1 1 1 1 1 1 1 1 1 1 1 1 1 1 1 1 1 1 1 1 1 1 1 1 1 .
begin job of lepCalProducer
initializing all the rochester correction objects
initializing the egamma calibrator
Processed  6250000/ 7543603 entries (elapsed time     0.5s, curr speed   20.833 kHz, avg speed 13020.833 kHz), accepted        1/       1 events (100.00%)
Processed  6260000/ 7543603 entries (elapsed time    34.5s, curr speed    0.294 kHz, avg speed  181.187 kHz), accepted    10001/   10001 events (100.00%)
Processed  6270000/ 7543603 entries (elapsed time    68.5s, curr speed    0.295 kHz, avg speed   91.586 kHz), accepted    20001/   20001 events (100.00%)
Processed  6280000/ 7543603 entries (elapsed time   101.8s, curr speed    0.300 kHz, avg speed   61.720 kHz), accepted    30001/   30001 events (100.00%)
Processed  6290000/ 7543603 entries (elapsed time   135.8s, curr speed    0.294 kHz, avg speed   46.332 kHz), accepted    40001/   40001 events (100.00%)
Processed  6300000/ 7543603 entries (elapsed time   171.2s, curr speed    0.282 kHz, avg speed   36.793 kHz), accepted    50001/   50001 events (100.00%)
Processed  6310000/ 7543603 entries (elapsed time   204.7s, curr speed    0.298 kHz, avg speed   30.820 kHz), accepted    60001/   60001 events (100.00%)
Processed  6320000/ 7543603 entries (elapsed time   236.2s, curr speed    0.318 kHz, avg speed   26.760 kHz), accepted    70001/   70001 events (100.00%)
Processed  6330000/ 7543603 entries (elapsed time   263.6s, curr speed    0.365 kHz, avg speed   24.017 kHz), accepted    80001/   80001 events (100.00%)
Processed  6340000/ 7543603 entries (elapsed time   291.3s, curr speed    0.361 kHz, avg speed   21.766 kHz), accepted    90001/   90001 events (100.00%)
Processed  6350000/ 7543603 entries (elapsed time   318.8s, curr speed    0.364 kHz, avg speed   19.920 kHz), accepted   100001/  100001 events (100.00%)
Processed  6360000/ 7543603 entries (elapsed time   348.0s, curr speed    0.342 kHz, avg speed   18.277 kHz), accepted   110001/  110001 events (100.00%)
Processed  6370000/ 7543603 entries (elapsed time   425.4s, curr speed    0.129 kHz, avg speed   14.973 kHz), accepted   120001/  120001 events (100.00%)
Processed  6380000/ 7543603 entries (elapsed time   453.5s, curr speed    0.356 kHz, avg speed   14.068 kHz), accepted   130001/  130001 events (100.00%)
Processed  6390000/ 7543603 entries (elapsed time   481.5s, curr speed    0.357 kHz, avg speed   13.271 kHz), accepted   140001/  140001 events (100.00%)
Processed  6400000/ 7543603 entries (elapsed time   510.5s, curr speed    0.345 kHz, avg speed   12.536 kHz), accepted   150001/  150001 events (100.00%)
Processed  6410000/ 7543603 entries (elapsed time   537.2s, curr speed    0.375 kHz, avg speed   11.933 kHz), accepted   160001/  160001 events (100.00%)
Processed  6420000/ 7543603 entries (elapsed time   565.5s, curr speed    0.352 kHz, avg speed   11.352 kHz), accepted   170001/  170001 events (100.00%)
Processed  6430000/ 7543603 entries (elapsed time   633.3s, curr speed    0.147 kHz, avg speed   10.152 kHz), accepted   180001/  180001 events (100.00%)
Processed  6440000/ 7543603 entries (elapsed time   648.0s, curr speed    0.681 kHz, avg speed    9.938 kHz), accepted   190001/  190001 events (100.00%)
Processed  6450000/ 7543603 entries (elapsed time   662.5s, curr speed    0.690 kHz, avg speed    9.736 kHz), accepted   200001/  200001 events (100.00%)
Processed  6460000/ 7543603 entries (elapsed time   677.0s, curr speed    0.692 kHz, avg speed    9.543 kHz), accepted   210001/  210001 events (100.00%)
Processed  6470000/ 7543603 entries (elapsed time   692.0s, curr speed    0.666 kHz, avg speed    9.350 kHz), accepted   220001/  220001 events (100.00%)
Processed  6480000/ 7543603 entries (elapsed time   707.8s, curr speed    0.633 kHz, avg speed    9.155 kHz), accepted   230001/  230001 events (100.00%)
Processed  6490000/ 7543603 entries (elapsed time   754.7s, curr speed    0.213 kHz, avg speed    8.600 kHz), accepted   240001/  240001 events (100.00%)
Processed 250000 entries from MY_EOS_SPACE/heppyNtuples/TREES_DiBosons_exclusive_94X/WZTo3LNu_ext_part1/treeProducerWMass/tree.root, selected 250000 entries
Done MY_EOS_SPACE/heppyNtuples/TREES_DiBosons_exclusive_94X/friends/tree_Friend_WZTo3LNu_ext_part1.chunk25.root
