000 (334262.010.000) 05/14 16:10:40 Job submitted from host: <188.184.95.166:9618?addrs=188.184.95.166-9618+[2001-1458-201-e4--100-7a0]-9618&alias=tbird02.cern.ch&noUDP&sock=schedd_2138722_faad_3>
...
040 (334262.010.000) 05/14 16:12:31 Started transferring input files
	Transferring to host: <188.184.186.29:9618?addrs=188.184.186.29-9618+[2001-1458-301-f8--100-7]-9618&noUDP&sock=4104_63a0_128008>
...
040 (334262.010.000) 05/14 16:12:31 Finished transferring input files
...
001 (334262.010.000) 05/14 16:12:32 Job executing on host: <188.184.186.29:9618?addrs=188.184.186.29-9618+[2001-1458-301-f8--100-7]-9618&noUDP&sock=2333_d28a_3>
...
006 (334262.010.000) 05/14 16:12:41 Image size of job updated: 118916
	58  -  MemoryUsage of job (MB)
	59312  -  ResidentSetSize of job (KB)
...
006 (334262.010.000) 05/14 16:17:42 Image size of job updated: 408496
	396  -  MemoryUsage of job (MB)
	405040  -  ResidentSetSize of job (KB)
...
040 (334262.010.000) 05/14 16:18:12 Started transferring output files
...
040 (334262.010.000) 05/14 16:18:12 Finished transferring output files
...
005 (334262.010.000) 05/14 16:18:12 Job terminated.
	(1) Normal termination (return value 1)
		Usr 0 00:04:43, Sys 0 00:00:28  -  Run Remote Usage
		Usr 0 00:00:00, Sys 0 00:00:00  -  Run Local Usage
		Usr 0 00:04:43, Sys 0 00:00:28  -  Total Remote Usage
		Usr 0 00:00:00, Sys 0 00:00:00  -  Total Local Usage
	6212  -  Run Bytes Sent By Job
	10917  -  Run Bytes Received By Job
	6212  -  Total Bytes Sent By Job
	10917  -  Total Bytes Received By Job
	Partitionable Resources :    Usage  Request Allocated 
	   Cpus                 :                 1           
	   Disk (KB)            :       68        1   2106808 
	   Memory (MB)          :      396     2000      2000 
...
