000 (334261.021.000) 05/14 16:10:40 Job submitted from host: <188.184.95.166:9618?addrs=188.184.95.166-9618+[2001-1458-201-e4--100-7a0]-9618&alias=tbird02.cern.ch&noUDP&sock=schedd_2138722_faad_3>
...
040 (334261.021.000) 05/14 16:12:24 Started transferring input files
	Transferring to host: <128.142.33.155:9618?addrs=128.142.33.155-9618+[2001-1458-301-117--100-30f]-9618&noUDP&sock=3037_9755_103583>
...
040 (334261.021.000) 05/14 16:12:24 Finished transferring input files
...
001 (334261.021.000) 05/14 16:12:25 Job executing on host: <128.142.33.155:9618?addrs=128.142.33.155-9618+[2001-1458-301-117--100-30f]-9618&noUDP&sock=2273_aadb_3>
...
006 (334261.021.000) 05/14 16:12:34 Image size of job updated: 124064
	71  -  MemoryUsage of job (MB)
	71712  -  ResidentSetSize of job (KB)
...
006 (334261.021.000) 05/14 16:17:35 Image size of job updated: 418652
	406  -  MemoryUsage of job (MB)
	415328  -  ResidentSetSize of job (KB)
...
006 (334261.021.000) 05/14 16:22:36 Image size of job updated: 559732
	544  -  MemoryUsage of job (MB)
	556408  -  ResidentSetSize of job (KB)
...
040 (334261.021.000) 05/14 16:27:15 Started transferring output files
...
040 (334261.021.000) 05/14 16:27:15 Finished transferring output files
...
005 (334261.021.000) 05/14 16:27:15 Job terminated.
	(1) Normal termination (return value 1)
		Usr 0 00:12:59, Sys 0 00:01:13  -  Run Remote Usage
		Usr 0 00:00:00, Sys 0 00:00:00  -  Run Local Usage
		Usr 0 00:12:59, Sys 0 00:01:13  -  Total Remote Usage
		Usr 0 00:00:00, Sys 0 00:00:00  -  Total Local Usage
	8526  -  Run Bytes Sent By Job
	10917  -  Run Bytes Received By Job
	8526  -  Total Bytes Sent By Job
	10917  -  Total Bytes Received By Job
	Partitionable Resources :    Usage  Request Allocated 
	   Cpus                 :                 1           
	   Disk (KB)            :       71        1   2175358 
	   Memory (MB)          :      544     2000      2000 
...
