000 (334264.012.000) 05/14 16:10:41 Job submitted from host: <188.184.95.166:9618?addrs=188.184.95.166-9618+[2001-1458-201-e4--100-7a0]-9618&alias=tbird02.cern.ch&noUDP&sock=schedd_2138722_faad_3>
...
040 (334264.012.000) 05/14 16:12:36 Started transferring input files
	Transferring to host: <188.184.133.238:9618?addrs=188.184.133.238-9618+[2001-1458-301-a0--100-395]-9618&noUDP&sock=13636_8ba4_104911>
...
040 (334264.012.000) 05/14 16:12:36 Finished transferring input files
...
001 (334264.012.000) 05/14 16:12:37 Job executing on host: <188.184.133.238:9618?addrs=188.184.133.238-9618+[2001-1458-301-a0--100-395]-9618&noUDP&sock=13449_794d_3>
...
006 (334264.012.000) 05/14 16:12:45 Image size of job updated: 140140
	81  -  MemoryUsage of job (MB)
	82512  -  ResidentSetSize of job (KB)
...
006 (334264.012.000) 05/14 16:17:45 Image size of job updated: 415132
	403  -  MemoryUsage of job (MB)
	411712  -  ResidentSetSize of job (KB)
...
006 (334264.012.000) 05/14 16:22:46 Image size of job updated: 508036
	493  -  MemoryUsage of job (MB)
	504616  -  ResidentSetSize of job (KB)
...
040 (334264.012.000) 05/14 16:25:52 Started transferring output files
...
040 (334264.012.000) 05/14 16:25:52 Finished transferring output files
...
005 (334264.012.000) 05/14 16:25:52 Job terminated.
	(1) Normal termination (return value 1)
		Usr 0 00:11:31, Sys 0 00:01:11  -  Run Remote Usage
		Usr 0 00:00:00, Sys 0 00:00:00  -  Run Local Usage
		Usr 0 00:11:31, Sys 0 00:01:11  -  Total Remote Usage
		Usr 0 00:00:00, Sys 0 00:00:00  -  Total Local Usage
	8492  -  Run Bytes Sent By Job
	10917  -  Run Bytes Received By Job
	8492  -  Total Bytes Sent By Job
	10917  -  Total Bytes Received By Job
	Partitionable Resources :    Usage  Request Allocated 
	   Cpus                 :                 1           
	   Disk (KB)            :       71        1   2159438 
	   Memory (MB)          :      493     2000      2000 
...
