000 (334261.026.000) 05/14 16:10:40 Job submitted from host: <188.184.95.166:9618?addrs=188.184.95.166-9618+[2001-1458-201-e4--100-7a0]-9618&alias=tbird02.cern.ch&noUDP&sock=schedd_2138722_faad_3>
...
040 (334261.026.000) 05/14 16:12:24 Started transferring input files
	Transferring to host: <188.184.186.13:9618?addrs=188.184.186.13-9618+[2001-1458-301-f8--100-16]-9618&noUDP&sock=3975_7f3b_128840>
...
040 (334261.026.000) 05/14 16:12:24 Finished transferring input files
...
001 (334261.026.000) 05/14 16:12:25 Job executing on host: <188.184.186.13:9618?addrs=188.184.186.13-9618+[2001-1458-301-f8--100-16]-9618&noUDP&sock=2335_31ba_3>
...
006 (334261.026.000) 05/14 16:12:33 Image size of job updated: 175716
	105  -  MemoryUsage of job (MB)
	106888  -  ResidentSetSize of job (KB)
...
006 (334261.026.000) 05/14 16:17:33 Image size of job updated: 416132
	403  -  MemoryUsage of job (MB)
	412340  -  ResidentSetSize of job (KB)
...
006 (334261.026.000) 05/14 16:22:34 Image size of job updated: 557528
	541  -  MemoryUsage of job (MB)
	553736  -  ResidentSetSize of job (KB)
...
040 (334261.026.000) 05/14 16:26:53 Started transferring output files
...
040 (334261.026.000) 05/14 16:26:53 Finished transferring output files
...
005 (334261.026.000) 05/14 16:26:53 Job terminated.
	(1) Normal termination (return value 1)
		Usr 0 00:12:37, Sys 0 00:01:13  -  Run Remote Usage
		Usr 0 00:00:00, Sys 0 00:00:00  -  Run Local Usage
		Usr 0 00:12:37, Sys 0 00:01:13  -  Total Remote Usage
		Usr 0 00:00:00, Sys 0 00:00:00  -  Total Local Usage
	8526  -  Run Bytes Sent By Job
	10917  -  Run Bytes Received By Job
	8526  -  Total Bytes Sent By Job
	10917  -  Total Bytes Received By Job
	Partitionable Resources :    Usage  Request Allocated 
	   Cpus                 :                 1           
	   Disk (KB)            :       71        1   2093659 
	   Memory (MB)          :      541     2000      2000 
...
