000 (334261.014.000) 05/14 16:10:40 Job submitted from host: <188.184.95.166:9618?addrs=188.184.95.166-9618+[2001-1458-201-e4--100-7a0]-9618&alias=tbird02.cern.ch&noUDP&sock=schedd_2138722_faad_3>
...
040 (334261.014.000) 05/14 16:12:21 Started transferring input files
	Transferring to host: <128.142.240.33:9618?addrs=128.142.240.33-9618+[2001-1458-301-f9--100-3a]-9618&noUDP&sock=4044_1d1e_128230>
...
040 (334261.014.000) 05/14 16:12:21 Finished transferring input files
...
001 (334261.014.000) 05/14 16:12:22 Job executing on host: <128.142.240.33:9618?addrs=128.142.240.33-9618+[2001-1458-301-f9--100-3a]-9618&noUDP&sock=2332_22f2_3>
...
006 (334261.014.000) 05/14 16:12:31 Image size of job updated: 93516
	59  -  MemoryUsage of job (MB)
	60156  -  ResidentSetSize of job (KB)
...
006 (334261.014.000) 05/14 16:17:32 Image size of job updated: 415676
	403  -  MemoryUsage of job (MB)
	412248  -  ResidentSetSize of job (KB)
...
006 (334261.014.000) 05/14 16:22:33 Image size of job updated: 558308
	542  -  MemoryUsage of job (MB)
	554844  -  ResidentSetSize of job (KB)
...
040 (334261.014.000) 05/14 16:27:11 Started transferring output files
...
040 (334261.014.000) 05/14 16:27:11 Finished transferring output files
...
005 (334261.014.000) 05/14 16:27:11 Job terminated.
	(1) Normal termination (return value 1)
		Usr 0 00:13:01, Sys 0 00:01:12  -  Run Remote Usage
		Usr 0 00:00:00, Sys 0 00:00:00  -  Run Local Usage
		Usr 0 00:13:01, Sys 0 00:01:12  -  Total Remote Usage
		Usr 0 00:00:00, Sys 0 00:00:00  -  Total Local Usage
	8525  -  Run Bytes Sent By Job
	10917  -  Run Bytes Received By Job
	8525  -  Total Bytes Sent By Job
	10917  -  Total Bytes Received By Job
	Partitionable Resources :    Usage  Request Allocated 
	   Cpus                 :                 1           
	   Disk (KB)            :       71        1   2193646 
	   Memory (MB)          :      542     2000      2000 
...
