   WZTo2L2Q_part2   MC  19 chunks


I have 1 taks to process
I'm using the following list of modules DEFAULT_MODULES
this is jobs [('WZTo2L2Q_part2', 'MY_EOS_SPACE/heppyNtuples/TREES_DiBosons_exclusive_94X/WZTo2L2Q_part2/treeProducerWMass/tree.root', 94247566.94696009, '_Friend_WZTo2L2Q_part2.chunk9', False, xrange(2250000, 2500000), 9)]
Modules to run:  []   name =  puWeight
Loading puWeight from CMGTools.WMass.postprocessing.examples.puWeightProducer 
Running on dataset =  WZTo2L2Q_part2
TFile: name=/afs/cern.ch/work/m/mciprian/w_mass_analysis/heppy/rel_slc7/CMSSW_9_4_12/src/CMGTools/WMass/python/postprocessing/data/pileup/mcPU_2016_W94XnoCutsWithGenWeights_nTrueInt.root, title=, option=READ
TFile: name=/afs/cern.ch/work/m/mciprian/w_mass_analysis/heppy/rel_slc7/CMSSW_9_4_12/src/CMGTools/WMass/python/postprocessing/data/pileup/PileupData_GoldenMuonJSON_Full2016.root, title=, option=READ
Load C++ Worker
Modules to run:  []   name =  muCalibratedWithStatVar
Loading muCalibratedWithStatVar from CMGTools.WMass.postprocessing.examples.lepVarProducer 
Running on dataset =  WZTo2L2Q_part2
did not find EnergyScaleCorrection shared object, rebuilding
trying to load all the rochester correction libraries
did not find legacy data roccor. rebuilding...
done building legacy data roccor.
Modules to run:  []   name =  jetAllReCleaner
Loading jetAllReCleaner from CMGTools.WMass.postprocessing.examples.jetReCleaner 
Running on dataset =  WZTo2L2Q_part2
Load C++ Worker
Modules to run:  []   name =  jetReCleaner
Loading jetReCleaner from CMGTools.WMass.postprocessing.examples.jetReCleaner 
Running on dataset =  WZTo2L2Q_part2
Load C++ Worker
Modules to run:  []   name =  genQEDJets
Loading genQEDJets from CMGTools.WMass.postprocessing.examples.genFriendProducer 
Running on dataset =  WZTo2L2Q_part2
Will write selected trees to MY_EOS_SPACE/heppyNtuples/TREES_DiBosons_exclusive_94X/friends/
Normalization of nTrueInt_Wnopt: 3.68902e+10
Normalization of pileup: 3.68902e+10
Weights for variable nTrueInt_Wnopt with a number of bins equal to 102:
1 0.3634 0.9215 1.196 0.96 1.118 1.157 0.9675 0.9293 0.9192 0.8823 0.9553 1.062 1.116 1.167 1.194 1.2 1.193 1.177 1.14 1.092 1.06 1.047 1.046 1.047 1.048 1.06 1.077 1.092 1.106 1.122 1.108 1.097 1.051 0.992 0.9144 0.8237 0.7175 0.6087 0.5019 0.4029 0.3076 0.2264 0.1622 0.1123 0.07656 0.05052 0.03159 0.01992 0.01212 0.007355 0.004361 0.002593 0.001553 0.0009624 0.0007219 0.0006632 0.0007233 0.0009289 0.001329 0.001772 0.003222 0.004042 0.00487 0.005064 0.005658 0.005309 0.004846 0.004101 0.003977 0.003686 0.003306 0.002672 0.002286 0.001878 0.00167 1 1 1 1 1 1 1 1 1 1 1 1 1 1 1 1 1 1 1 1 1 1 1 1 1 1 .
Final weights: 
1 0.3634 0.9215 1.196 0.96 1.118 1.157 0.9675 0.9293 0.9192 0.8823 0.9553 1.062 1.116 1.167 1.194 1.2 1.193 1.177 1.14 1.092 1.06 1.047 1.046 1.047 1.048 1.06 1.077 1.092 1.106 1.122 1.108 1.097 1.051 0.992 0.9144 0.8237 0.7175 0.6087 0.5019 0.4029 0.3076 0.2264 0.1622 0.1123 0.07656 0.05052 0.03159 0.01992 0.01212 0.007355 0.004361 0.002593 0.001553 0.0009624 0.0007219 0.0006632 0.0007233 0.0009289 0.001329 0.001772 0.003222 0.004042 0.00487 0.005064 0.005658 0.005309 0.004846 0.004101 0.003977 0.003686 0.003306 0.002672 0.002286 0.001878 0.00167 1 1 1 1 1 1 1 1 1 1 1 1 1 1 1 1 1 1 1 1 1 1 1 1 1 1 .
begin job of lepCalProducer
initializing all the rochester correction objects
initializing the egamma calibrator
Processed  2250000/ 4589795 entries (elapsed time     0.3s, curr speed   35.714 kHz, avg speed 8035.714 kHz), accepted        1/       1 events (100.00%)
Processed  2260000/ 4589795 entries (elapsed time    20.9s, curr speed    0.485 kHz, avg speed  108.082 kHz), accepted    10001/   10001 events (100.00%)
Processed  2270000/ 4589795 entries (elapsed time    42.5s, curr speed    0.463 kHz, avg speed   53.387 kHz), accepted    20001/   20001 events (100.00%)
Processed  2280000/ 4589795 entries (elapsed time    62.9s, curr speed    0.491 kHz, avg speed   36.260 kHz), accepted    30001/   30001 events (100.00%)
Processed  2290000/ 4589795 entries (elapsed time    84.6s, curr speed    0.460 kHz, avg speed   27.062 kHz), accepted    40001/   40001 events (100.00%)
Processed  2300000/ 4589795 entries (elapsed time   105.3s, curr speed    0.484 kHz, avg speed   21.849 kHz), accepted    50001/   50001 events (100.00%)
Processed  2310000/ 4589795 entries (elapsed time   125.8s, curr speed    0.488 kHz, avg speed   18.365 kHz), accepted    60001/   60001 events (100.00%)
Processed  2320000/ 4589795 entries (elapsed time   143.2s, curr speed    0.573 kHz, avg speed   16.198 kHz), accepted    70001/   70001 events (100.00%)
Processed  2330000/ 4589795 entries (elapsed time   160.8s, curr speed    0.570 kHz, avg speed   14.494 kHz), accepted    80001/   80001 events (100.00%)
Processed  2340000/ 4589795 entries (elapsed time   178.2s, curr speed    0.572 kHz, avg speed   13.129 kHz), accepted    90001/   90001 events (100.00%)
Processed  2350000/ 4589795 entries (elapsed time   195.5s, curr speed    0.580 kHz, avg speed   12.022 kHz), accepted   100001/  100001 events (100.00%)
Processed  2360000/ 4589795 entries (elapsed time   213.0s, curr speed    0.570 kHz, avg speed   11.079 kHz), accepted   110001/  110001 events (100.00%)
Processed  2370000/ 4589795 entries (elapsed time   253.9s, curr speed    0.245 kHz, avg speed    9.335 kHz), accepted   120001/  120001 events (100.00%)
Processed  2380000/ 4589795 entries (elapsed time   271.4s, curr speed    0.569 kHz, avg speed    8.768 kHz), accepted   130001/  130001 events (100.00%)
Processed  2390000/ 4589795 entries (elapsed time   289.0s, curr speed    0.568 kHz, avg speed    8.269 kHz), accepted   140001/  140001 events (100.00%)
Processed  2400000/ 4589795 entries (elapsed time   306.4s, curr speed    0.576 kHz, avg speed    7.833 kHz), accepted   150001/  150001 events (100.00%)
Processed  2410000/ 4589795 entries (elapsed time   323.8s, curr speed    0.574 kHz, avg speed    7.442 kHz), accepted   160001/  160001 events (100.00%)
Processed  2420000/ 4589795 entries (elapsed time   341.3s, curr speed    0.571 kHz, avg speed    7.090 kHz), accepted   170001/  170001 events (100.00%)
Processed  2430000/ 4589795 entries (elapsed time   381.5s, curr speed    0.249 kHz, avg speed    6.370 kHz), accepted   180001/  180001 events (100.00%)
Processed  2440000/ 4589795 entries (elapsed time   399.2s, curr speed    0.563 kHz, avg speed    6.112 kHz), accepted   190001/  190001 events (100.00%)
Processed  2450000/ 4589795 entries (elapsed time   416.9s, curr speed    0.564 kHz, avg speed    5.876 kHz), accepted   200001/  200001 events (100.00%)
Processed  2460000/ 4589795 entries (elapsed time   434.5s, curr speed    0.570 kHz, avg speed    5.662 kHz), accepted   210001/  210001 events (100.00%)
Processed  2470000/ 4589795 entries (elapsed time   451.0s, curr speed    0.607 kHz, avg speed    5.477 kHz), accepted   220001/  220001 events (100.00%)
Processed  2480000/ 4589795 entries (elapsed time   490.9s, curr speed    0.251 kHz, avg speed    5.052 kHz), accepted   230001/  230001 events (100.00%)
Processed  2490000/ 4589795 entries (elapsed time   507.4s, curr speed    0.604 kHz, avg speed    4.907 kHz), accepted   240001/  240001 events (100.00%)
Processed 250000 entries from MY_EOS_SPACE/heppyNtuples/TREES_DiBosons_exclusive_94X/WZTo2L2Q_part2/treeProducerWMass/tree.root, selected 250000 entries
Done MY_EOS_SPACE/heppyNtuples/TREES_DiBosons_exclusive_94X/friends/tree_Friend_WZTo2L2Q_part2.chunk9.root
