000 (334264.019.000) 05/14 16:10:41 Job submitted from host: <188.184.95.166:9618?addrs=188.184.95.166-9618+[2001-1458-201-e4--100-7a0]-9618&alias=tbird02.cern.ch&noUDP&sock=schedd_2138722_faad_3>
...
040 (334264.019.000) 05/14 16:12:37 Started transferring input files
	Transferring to host: <188.184.207.229:9618?addrs=188.184.207.229-9618+[2001-1458-301-7d--100-312]-9618&noUDP&sock=4258_e566_128021>
...
040 (334264.019.000) 05/14 16:12:37 Finished transferring input files
...
001 (334264.019.000) 05/14 16:12:38 Job executing on host: <188.184.207.229:9618?addrs=188.184.207.229-9618+[2001-1458-301-7d--100-312]-9618&noUDP&sock=2319_3837_3>
...
006 (334264.019.000) 05/14 16:12:47 Image size of job updated: 121904
	68  -  MemoryUsage of job (MB)
	69584  -  ResidentSetSize of job (KB)
...
006 (334264.019.000) 05/14 16:17:48 Image size of job updated: 398500
	388  -  MemoryUsage of job (MB)
	397072  -  ResidentSetSize of job (KB)
...
006 (334264.019.000) 05/14 16:22:49 Image size of job updated: 507852
	495  -  MemoryUsage of job (MB)
	506424  -  ResidentSetSize of job (KB)
...
006 (334264.019.000) 05/14 16:27:49 Image size of job updated: 509504
	497  -  MemoryUsage of job (MB)
	508588  -  ResidentSetSize of job (KB)
...
040 (334264.019.000) 05/14 16:29:18 Started transferring output files
...
040 (334264.019.000) 05/14 16:29:18 Finished transferring output files
...
005 (334264.019.000) 05/14 16:29:19 Job terminated.
	(1) Normal termination (return value 1)
		Usr 0 00:14:23, Sys 0 00:01:26  -  Run Remote Usage
		Usr 0 00:00:00, Sys 0 00:00:00  -  Run Local Usage
		Usr 0 00:14:23, Sys 0 00:01:26  -  Total Remote Usage
		Usr 0 00:00:00, Sys 0 00:00:00  -  Total Local Usage
	8492  -  Run Bytes Sent By Job
	10917  -  Run Bytes Received By Job
	8492  -  Total Bytes Sent By Job
	10917  -  Total Bytes Received By Job
	Partitionable Resources :    Usage  Request Allocated 
	   Cpus                 :                 1           
	   Disk (KB)            :       71        1   2150281 
	   Memory (MB)          :      497     2000      2000 
...
