000 (334261.007.000) 05/14 16:10:40 Job submitted from host: <188.184.95.166:9618?addrs=188.184.95.166-9618+[2001-1458-201-e4--100-7a0]-9618&alias=tbird02.cern.ch&noUDP&sock=schedd_2138722_faad_3>
...
040 (334261.007.000) 05/14 16:12:19 Started transferring input files
	Transferring to host: <188.184.133.252:9618?addrs=188.184.133.252-9618+[2001-1458-301-a0--100-22c]-9618&noUDP&sock=13605_b402_104649>
...
040 (334261.007.000) 05/14 16:12:19 Finished transferring input files
...
001 (334261.007.000) 05/14 16:12:20 Job executing on host: <188.184.133.252:9618?addrs=188.184.133.252-9618+[2001-1458-301-a0--100-22c]-9618&noUDP&sock=13418_35dd_3>
...
006 (334261.007.000) 05/14 16:12:28 Image size of job updated: 189972
	109  -  MemoryUsage of job (MB)
	111128  -  ResidentSetSize of job (KB)
...
006 (334261.007.000) 05/14 16:17:28 Image size of job updated: 472036
	458  -  MemoryUsage of job (MB)
	468512  -  ResidentSetSize of job (KB)
...
040 (334261.007.000) 05/14 16:21:42 Started transferring output files
...
040 (334261.007.000) 05/14 16:21:42 Finished transferring output files
...
005 (334261.007.000) 05/14 16:21:42 Job terminated.
	(1) Normal termination (return value 1)
		Usr 0 00:08:07, Sys 0 00:00:51  -  Run Remote Usage
		Usr 0 00:00:00, Sys 0 00:00:00  -  Run Local Usage
		Usr 0 00:08:07, Sys 0 00:00:51  -  Total Remote Usage
		Usr 0 00:00:00, Sys 0 00:00:00  -  Total Local Usage
	8522  -  Run Bytes Sent By Job
	10917  -  Run Bytes Received By Job
	8522  -  Total Bytes Sent By Job
	10917  -  Total Bytes Received By Job
	Partitionable Resources :    Usage  Request Allocated 
	   Cpus                 :                 1           
	   Disk (KB)            :       71        1   2124730 
	   Memory (MB)          :      458     2000      2000 
...
