000 (334261.008.000) 05/14 16:10:40 Job submitted from host: <188.184.95.166:9618?addrs=188.184.95.166-9618+[2001-1458-201-e4--100-7a0]-9618&alias=tbird02.cern.ch&noUDP&sock=schedd_2138722_faad_3>
...
040 (334261.008.000) 05/14 16:12:19 Started transferring input files
	Transferring to host: <188.184.133.233:9618?addrs=188.184.133.233-9618+[2001-1458-301-a0--100-33f]-9618&noUDP&sock=13080_cb0d_104681>
...
040 (334261.008.000) 05/14 16:12:19 Finished transferring input files
...
001 (334261.008.000) 05/14 16:12:20 Job executing on host: <188.184.133.233:9618?addrs=188.184.133.233-9618+[2001-1458-301-a0--100-33f]-9618&noUDP&sock=12872_b328_3>
...
006 (334261.008.000) 05/14 16:12:29 Image size of job updated: 198004
	117  -  MemoryUsage of job (MB)
	119428  -  ResidentSetSize of job (KB)
...
006 (334261.008.000) 05/14 16:17:30 Image size of job updated: 441388
	428  -  MemoryUsage of job (MB)
	438096  -  ResidentSetSize of job (KB)
...
006 (334261.008.000) 05/14 16:22:31 Image size of job updated: 559708
	544  -  MemoryUsage of job (MB)
	556416  -  ResidentSetSize of job (KB)
...
040 (334261.008.000) 05/14 16:23:11 Started transferring output files
...
040 (334261.008.000) 05/14 16:23:11 Finished transferring output files
...
005 (334261.008.000) 05/14 16:23:11 Job terminated.
	(1) Normal termination (return value 1)
		Usr 0 00:09:26, Sys 0 00:00:59  -  Run Remote Usage
		Usr 0 00:00:00, Sys 0 00:00:00  -  Run Local Usage
		Usr 0 00:09:26, Sys 0 00:00:59  -  Total Remote Usage
		Usr 0 00:00:00, Sys 0 00:00:00  -  Total Local Usage
	8522  -  Run Bytes Sent By Job
	10917  -  Run Bytes Received By Job
	8522  -  Total Bytes Sent By Job
	10917  -  Total Bytes Received By Job
	Partitionable Resources :    Usage  Request Allocated 
	   Cpus                 :                 1           
	   Disk (KB)            :       71        1   2201003 
	   Memory (MB)          :      544     2000      2000 
...
