   WZTo3LNu_part1   MC  4 chunks


I have 1 taks to process
I'm using the following list of modules DEFAULT_MODULES
this is jobs [('WZTo3LNu_part1', 'MY_EOS_SPACE/heppyNtuples/TREES_DiBosons_exclusive_94X/WZTo3LNu_part1/treeProducerWMass/tree.root', 1993200.0, '_Friend_WZTo3LNu_part1.chunk3', False, xrange(750000, 910337), 3)]
Modules to run:  []   name =  puWeight
Loading puWeight from CMGTools.WMass.postprocessing.examples.puWeightProducer 
Running on dataset =  WZTo3LNu_part1
TFile: name=/afs/cern.ch/work/m/mciprian/w_mass_analysis/heppy/rel_slc7/CMSSW_9_4_12/src/CMGTools/WMass/python/postprocessing/data/pileup/mcPU_2016_W94XnoCutsWithGenWeights_nTrueInt.root, title=, option=READ
TFile: name=/afs/cern.ch/work/m/mciprian/w_mass_analysis/heppy/rel_slc7/CMSSW_9_4_12/src/CMGTools/WMass/python/postprocessing/data/pileup/PileupData_GoldenMuonJSON_Full2016.root, title=, option=READ
Load C++ Worker
Modules to run:  []   name =  muCalibratedWithStatVar
Loading muCalibratedWithStatVar from CMGTools.WMass.postprocessing.examples.lepVarProducer 
Running on dataset =  WZTo3LNu_part1
did not find EnergyScaleCorrection shared object, rebuilding
trying to load all the rochester correction libraries
did not find legacy data roccor. rebuilding...
done building legacy data roccor.
Modules to run:  []   name =  jetAllReCleaner
Loading jetAllReCleaner from CMGTools.WMass.postprocessing.examples.jetReCleaner 
Running on dataset =  WZTo3LNu_part1
Load C++ Worker
Modules to run:  []   name =  jetReCleaner
Loading jetReCleaner from CMGTools.WMass.postprocessing.examples.jetReCleaner 
Running on dataset =  WZTo3LNu_part1
Load C++ Worker
Modules to run:  []   name =  genQEDJets
Loading genQEDJets from CMGTools.WMass.postprocessing.examples.genFriendProducer 
Running on dataset =  WZTo3LNu_part1
Will write selected trees to MY_EOS_SPACE/heppyNtuples/TREES_DiBosons_exclusive_94X/friends/
Normalization of nTrueInt_Wnopt: 3.68902e+10
Normalization of pileup: 3.68902e+10
Weights for variable nTrueInt_Wnopt with a number of bins equal to 102:
1 0.3634 0.9215 1.196 0.96 1.118 1.157 0.9675 0.9293 0.9192 0.8823 0.9553 1.062 1.116 1.167 1.194 1.2 1.193 1.177 1.14 1.092 1.06 1.047 1.046 1.047 1.048 1.06 1.077 1.092 1.106 1.122 1.108 1.097 1.051 0.992 0.9144 0.8237 0.7175 0.6087 0.5019 0.4029 0.3076 0.2264 0.1622 0.1123 0.07656 0.05052 0.03159 0.01992 0.01212 0.007355 0.004361 0.002593 0.001553 0.0009624 0.0007219 0.0006632 0.0007233 0.0009289 0.001329 0.001772 0.003222 0.004042 0.00487 0.005064 0.005658 0.005309 0.004846 0.004101 0.003977 0.003686 0.003306 0.002672 0.002286 0.001878 0.00167 1 1 1 1 1 1 1 1 1 1 1 1 1 1 1 1 1 1 1 1 1 1 1 1 1 1 .
Final weights: 
1 0.3634 0.9215 1.196 0.96 1.118 1.157 0.9675 0.9293 0.9192 0.8823 0.9553 1.062 1.116 1.167 1.194 1.2 1.193 1.177 1.14 1.092 1.06 1.047 1.046 1.047 1.048 1.06 1.077 1.092 1.106 1.122 1.108 1.097 1.051 0.992 0.9144 0.8237 0.7175 0.6087 0.5019 0.4029 0.3076 0.2264 0.1622 0.1123 0.07656 0.05052 0.03159 0.01992 0.01212 0.007355 0.004361 0.002593 0.001553 0.0009624 0.0007219 0.0006632 0.0007233 0.0009289 0.001329 0.001772 0.003222 0.004042 0.00487 0.005064 0.005658 0.005309 0.004846 0.004101 0.003977 0.003686 0.003306 0.002672 0.002286 0.001878 0.00167 1 1 1 1 1 1 1 1 1 1 1 1 1 1 1 1 1 1 1 1 1 1 1 1 1 1 .
begin job of lepCalProducer
initializing all the rochester correction objects
initializing the egamma calibrator
Processed   750000/  910337 entries (elapsed time     0.5s, curr speed   20.000 kHz, avg speed 1500.000 kHz), accepted        1/       1 events (100.00%)
Processed   760000/  910337 entries (elapsed time    31.8s, curr speed    0.320 kHz, avg speed   23.914 kHz), accepted    10001/   10001 events (100.00%)
Processed   770000/  910337 entries (elapsed time    65.3s, curr speed    0.298 kHz, avg speed   11.786 kHz), accepted    20001/   20001 events (100.00%)
Processed   780000/  910337 entries (elapsed time    98.5s, curr speed    0.301 kHz, avg speed    7.918 kHz), accepted    30001/   30001 events (100.00%)
Processed   790000/  910337 entries (elapsed time   130.3s, curr speed    0.315 kHz, avg speed    6.064 kHz), accepted    40001/   40001 events (100.00%)
Processed   800000/  910337 entries (elapsed time   163.4s, curr speed    0.302 kHz, avg speed    4.897 kHz), accepted    50001/   50001 events (100.00%)
Processed   810000/  910337 entries (elapsed time   196.5s, curr speed    0.302 kHz, avg speed    4.123 kHz), accepted    60001/   60001 events (100.00%)
Processed   820000/  910337 entries (elapsed time   222.6s, curr speed    0.382 kHz, avg speed    3.683 kHz), accepted    70001/   70001 events (100.00%)
Processed   830000/  910337 entries (elapsed time   248.6s, curr speed    0.385 kHz, avg speed    3.338 kHz), accepted    80001/   80001 events (100.00%)
Processed   840000/  910337 entries (elapsed time   276.1s, curr speed    0.364 kHz, avg speed    3.042 kHz), accepted    90001/   90001 events (100.00%)
Processed   850000/  910337 entries (elapsed time   302.6s, curr speed    0.378 kHz, avg speed    2.809 kHz), accepted   100001/  100001 events (100.00%)
Processed   860000/  910337 entries (elapsed time   328.6s, curr speed    0.385 kHz, avg speed    2.617 kHz), accepted   110001/  110001 events (100.00%)
Processed   870000/  910337 entries (elapsed time   399.2s, curr speed    0.142 kHz, avg speed    2.180 kHz), accepted   120001/  120001 events (100.00%)
Processed   880000/  910337 entries (elapsed time   425.8s, curr speed    0.376 kHz, avg speed    2.067 kHz), accepted   130001/  130001 events (100.00%)
Processed   890000/  910337 entries (elapsed time   451.4s, curr speed    0.390 kHz, avg speed    1.971 kHz), accepted   140001/  140001 events (100.00%)
Processed   900000/  910337 entries (elapsed time   480.3s, curr speed    0.346 kHz, avg speed    1.874 kHz), accepted   150001/  150001 events (100.00%)
Processed   910000/  910337 entries (elapsed time   508.5s, curr speed    0.355 kHz, avg speed    1.790 kHz), accepted   160001/  160001 events (100.00%)
Processed 160337 entries from MY_EOS_SPACE/heppyNtuples/TREES_DiBosons_exclusive_94X/WZTo3LNu_part1/treeProducerWMass/tree.root, selected 160337 entries
Done MY_EOS_SPACE/heppyNtuples/TREES_DiBosons_exclusive_94X/friends/tree_Friend_WZTo3LNu_part1.chunk3.root
