   WZTo1L1Nu2Q_part1   MC  32 chunks


I have 1 taks to process
I'm using the following list of modules DEFAULT_MODULES
this is jobs [('WZTo1L1Nu2Q_part1', 'MY_EOS_SPACE/heppyNtuples/TREES_DiBosons_exclusive_94X/WZTo1L1Nu2Q_part1/treeProducerWMass/tree.root', 317904973.86988693, '_Friend_WZTo1L1Nu2Q_part1.chunk7', False, xrange(1750000, 2000000), 7)]
Modules to run:  []   name =  puWeight
Loading puWeight from CMGTools.WMass.postprocessing.examples.puWeightProducer 
Running on dataset =  WZTo1L1Nu2Q_part1
TFile: name=/afs/cern.ch/work/m/mciprian/w_mass_analysis/heppy/rel_slc7/CMSSW_9_4_12/src/CMGTools/WMass/python/postprocessing/data/pileup/mcPU_2016_W94XnoCutsWithGenWeights_nTrueInt.root, title=, option=READ
TFile: name=/afs/cern.ch/work/m/mciprian/w_mass_analysis/heppy/rel_slc7/CMSSW_9_4_12/src/CMGTools/WMass/python/postprocessing/data/pileup/PileupData_GoldenMuonJSON_Full2016.root, title=, option=READ
Load C++ Worker
Modules to run:  []   name =  muCalibratedWithStatVar
Loading muCalibratedWithStatVar from CMGTools.WMass.postprocessing.examples.lepVarProducer 
Running on dataset =  WZTo1L1Nu2Q_part1
did not find EnergyScaleCorrection shared object, rebuilding
trying to load all the rochester correction libraries
did not find legacy data roccor. rebuilding...
done building legacy data roccor.
Modules to run:  []   name =  jetAllReCleaner
Loading jetAllReCleaner from CMGTools.WMass.postprocessing.examples.jetReCleaner 
Running on dataset =  WZTo1L1Nu2Q_part1
Load C++ Worker
Modules to run:  []   name =  jetReCleaner
Loading jetReCleaner from CMGTools.WMass.postprocessing.examples.jetReCleaner 
Running on dataset =  WZTo1L1Nu2Q_part1
Load C++ Worker
Modules to run:  []   name =  genQEDJets
Loading genQEDJets from CMGTools.WMass.postprocessing.examples.genFriendProducer 
Running on dataset =  WZTo1L1Nu2Q_part1
Will write selected trees to MY_EOS_SPACE/heppyNtuples/TREES_DiBosons_exclusive_94X/friends/
Normalization of nTrueInt_Wnopt: 3.68902e+10
Normalization of pileup: 3.68902e+10
Weights for variable nTrueInt_Wnopt with a number of bins equal to 102:
1 0.3634 0.9215 1.196 0.96 1.118 1.157 0.9675 0.9293 0.9192 0.8823 0.9553 1.062 1.116 1.167 1.194 1.2 1.193 1.177 1.14 1.092 1.06 1.047 1.046 1.047 1.048 1.06 1.077 1.092 1.106 1.122 1.108 1.097 1.051 0.992 0.9144 0.8237 0.7175 0.6087 0.5019 0.4029 0.3076 0.2264 0.1622 0.1123 0.07656 0.05052 0.03159 0.01992 0.01212 0.007355 0.004361 0.002593 0.001553 0.0009624 0.0007219 0.0006632 0.0007233 0.0009289 0.001329 0.001772 0.003222 0.004042 0.00487 0.005064 0.005658 0.005309 0.004846 0.004101 0.003977 0.003686 0.003306 0.002672 0.002286 0.001878 0.00167 1 1 1 1 1 1 1 1 1 1 1 1 1 1 1 1 1 1 1 1 1 1 1 1 1 1 .
Final weights: 
1 0.3634 0.9215 1.196 0.96 1.118 1.157 0.9675 0.9293 0.9192 0.8823 0.9553 1.062 1.116 1.167 1.194 1.2 1.193 1.177 1.14 1.092 1.06 1.047 1.046 1.047 1.048 1.06 1.077 1.092 1.106 1.122 1.108 1.097 1.051 0.992 0.9144 0.8237 0.7175 0.6087 0.5019 0.4029 0.3076 0.2264 0.1622 0.1123 0.07656 0.05052 0.03159 0.01992 0.01212 0.007355 0.004361 0.002593 0.001553 0.0009624 0.0007219 0.0006632 0.0007233 0.0009289 0.001329 0.001772 0.003222 0.004042 0.00487 0.005064 0.005658 0.005309 0.004846 0.004101 0.003977 0.003686 0.003306 0.002672 0.002286 0.001878 0.00167 1 1 1 1 1 1 1 1 1 1 1 1 1 1 1 1 1 1 1 1 1 1 1 1 1 1 .
begin job of lepCalProducer
initializing all the rochester correction objects
initializing the egamma calibrator
Processed  1750000/ 7909105 entries (elapsed time     0.3s, curr speed   33.333 kHz, avg speed 5833.333 kHz), accepted        1/       1 events (100.00%)
Processed  1760000/ 7909105 entries (elapsed time    20.4s, curr speed    0.498 kHz, avg speed   86.317 kHz), accepted    10001/   10001 events (100.00%)
Processed  1770000/ 7909105 entries (elapsed time    42.4s, curr speed    0.454 kHz, avg speed   41.726 kHz), accepted    20001/   20001 events (100.00%)
Processed  1780000/ 7909105 entries (elapsed time    62.8s, curr speed    0.490 kHz, avg speed   28.339 kHz), accepted    30001/   30001 events (100.00%)
Processed  1790000/ 7909105 entries (elapsed time    85.0s, curr speed    0.451 kHz, avg speed   21.064 kHz), accepted    40001/   40001 events (100.00%)
Processed  1800000/ 7909105 entries (elapsed time   105.9s, curr speed    0.478 kHz, avg speed   16.996 kHz), accepted    50001/   50001 events (100.00%)
Processed  1810000/ 7909105 entries (elapsed time   128.3s, curr speed    0.446 kHz, avg speed   14.104 kHz), accepted    60001/   60001 events (100.00%)
Processed  1820000/ 7909105 entries (elapsed time   151.3s, curr speed    0.436 kHz, avg speed   12.030 kHz), accepted    70001/   70001 events (100.00%)
Processed  1830000/ 7909105 entries (elapsed time   173.6s, curr speed    0.448 kHz, avg speed   10.541 kHz), accepted    80001/   80001 events (100.00%)
Processed  1840000/ 7909105 entries (elapsed time   192.2s, curr speed    0.537 kHz, avg speed    9.572 kHz), accepted    90001/   90001 events (100.00%)
Processed  1850000/ 7909105 entries (elapsed time   210.2s, curr speed    0.555 kHz, avg speed    8.799 kHz), accepted   100001/  100001 events (100.00%)
Processed  1860000/ 7909105 entries (elapsed time   228.3s, curr speed    0.555 kHz, avg speed    8.148 kHz), accepted   110001/  110001 events (100.00%)
Processed  1870000/ 7909105 entries (elapsed time   245.7s, curr speed    0.573 kHz, avg speed    7.610 kHz), accepted   120001/  120001 events (100.00%)
Processed  1880000/ 7909105 entries (elapsed time   263.4s, curr speed    0.567 kHz, avg speed    7.138 kHz), accepted   130001/  130001 events (100.00%)
Processed  1890000/ 7909105 entries (elapsed time   280.8s, curr speed    0.575 kHz, avg speed    6.731 kHz), accepted   140001/  140001 events (100.00%)
Processed  1900000/ 7909105 entries (elapsed time   299.1s, curr speed    0.546 kHz, avg speed    6.353 kHz), accepted   150001/  150001 events (100.00%)
Processed  1910000/ 7909105 entries (elapsed time   344.1s, curr speed    0.222 kHz, avg speed    5.551 kHz), accepted   160001/  160001 events (100.00%)
Processed  1920000/ 7909105 entries (elapsed time   361.9s, curr speed    0.562 kHz, avg speed    5.306 kHz), accepted   170001/  170001 events (100.00%)
Processed  1930000/ 7909105 entries (elapsed time   379.2s, curr speed    0.576 kHz, avg speed    5.089 kHz), accepted   180001/  180001 events (100.00%)
Processed  1940000/ 7909105 entries (elapsed time   397.1s, curr speed    0.559 kHz, avg speed    4.885 kHz), accepted   190001/  190001 events (100.00%)
Processed  1950000/ 7909105 entries (elapsed time   414.5s, curr speed    0.574 kHz, avg speed    4.704 kHz), accepted   200001/  200001 events (100.00%)
Processed  1960000/ 7909105 entries (elapsed time   433.2s, curr speed    0.537 kHz, avg speed    4.525 kHz), accepted   210001/  210001 events (100.00%)
Processed  1970000/ 7909105 entries (elapsed time   451.6s, curr speed    0.544 kHz, avg speed    4.363 kHz), accepted   220001/  220001 events (100.00%)
Processed  1980000/ 7909105 entries (elapsed time   496.2s, curr speed    0.224 kHz, avg speed    3.990 kHz), accepted   230001/  230001 events (100.00%)
Processed  1990000/ 7909105 entries (elapsed time   515.0s, curr speed    0.532 kHz, avg speed    3.864 kHz), accepted   240001/  240001 events (100.00%)
Processed 250000 entries from MY_EOS_SPACE/heppyNtuples/TREES_DiBosons_exclusive_94X/WZTo1L1Nu2Q_part1/treeProducerWMass/tree.root, selected 250000 entries
Done MY_EOS_SPACE/heppyNtuples/TREES_DiBosons_exclusive_94X/friends/tree_Friend_WZTo1L1Nu2Q_part1.chunk7.root
