   WZTo3LNu_ext_part1   MC  31 chunks


I have 1 taks to process
I'm using the following list of modules DEFAULT_MODULES
this is jobs [('WZTo3LNu_ext_part1', 'MY_EOS_SPACE/heppyNtuples/TREES_DiBosons_exclusive_94X/WZTo3LNu_ext_part1/treeProducerWMass/tree.root', 16518370.0, '_Friend_WZTo3LNu_ext_part1.chunk17', False, xrange(4250000, 4500000), 17)]
Modules to run:  []   name =  puWeight
Loading puWeight from CMGTools.WMass.postprocessing.examples.puWeightProducer 
Running on dataset =  WZTo3LNu_ext_part1
TFile: name=/afs/cern.ch/work/m/mciprian/w_mass_analysis/heppy/rel_slc7/CMSSW_9_4_12/src/CMGTools/WMass/python/postprocessing/data/pileup/mcPU_2016_W94XnoCutsWithGenWeights_nTrueInt.root, title=, option=READ
TFile: name=/afs/cern.ch/work/m/mciprian/w_mass_analysis/heppy/rel_slc7/CMSSW_9_4_12/src/CMGTools/WMass/python/postprocessing/data/pileup/PileupData_GoldenMuonJSON_Full2016.root, title=, option=READ
Load C++ Worker
Modules to run:  []   name =  muCalibratedWithStatVar
Loading muCalibratedWithStatVar from CMGTools.WMass.postprocessing.examples.lepVarProducer 
Running on dataset =  WZTo3LNu_ext_part1
did not find EnergyScaleCorrection shared object, rebuilding
trying to load all the rochester correction libraries
did not find legacy data roccor. rebuilding...
done building legacy data roccor.
Modules to run:  []   name =  jetAllReCleaner
Loading jetAllReCleaner from CMGTools.WMass.postprocessing.examples.jetReCleaner 
Running on dataset =  WZTo3LNu_ext_part1
Load C++ Worker
Modules to run:  []   name =  jetReCleaner
Loading jetReCleaner from CMGTools.WMass.postprocessing.examples.jetReCleaner 
Running on dataset =  WZTo3LNu_ext_part1
Load C++ Worker
Modules to run:  []   name =  genQEDJets
Loading genQEDJets from CMGTools.WMass.postprocessing.examples.genFriendProducer 
Running on dataset =  WZTo3LNu_ext_part1
Will write selected trees to MY_EOS_SPACE/heppyNtuples/TREES_DiBosons_exclusive_94X/friends/
Normalization of nTrueInt_Wnopt: 3.68902e+10
Normalization of pileup: 3.68902e+10
Weights for variable nTrueInt_Wnopt with a number of bins equal to 102:
1 0.3634 0.9215 1.196 0.96 1.118 1.157 0.9675 0.9293 0.9192 0.8823 0.9553 1.062 1.116 1.167 1.194 1.2 1.193 1.177 1.14 1.092 1.06 1.047 1.046 1.047 1.048 1.06 1.077 1.092 1.106 1.122 1.108 1.097 1.051 0.992 0.9144 0.8237 0.7175 0.6087 0.5019 0.4029 0.3076 0.2264 0.1622 0.1123 0.07656 0.05052 0.03159 0.01992 0.01212 0.007355 0.004361 0.002593 0.001553 0.0009624 0.0007219 0.0006632 0.0007233 0.0009289 0.001329 0.001772 0.003222 0.004042 0.00487 0.005064 0.005658 0.005309 0.004846 0.004101 0.003977 0.003686 0.003306 0.002672 0.002286 0.001878 0.00167 1 1 1 1 1 1 1 1 1 1 1 1 1 1 1 1 1 1 1 1 1 1 1 1 1 1 .
Final weights: 
1 0.3634 0.9215 1.196 0.96 1.118 1.157 0.9675 0.9293 0.9192 0.8823 0.9553 1.062 1.116 1.167 1.194 1.2 1.193 1.177 1.14 1.092 1.06 1.047 1.046 1.047 1.048 1.06 1.077 1.092 1.106 1.122 1.108 1.097 1.051 0.992 0.9144 0.8237 0.7175 0.6087 0.5019 0.4029 0.3076 0.2264 0.1622 0.1123 0.07656 0.05052 0.03159 0.01992 0.01212 0.007355 0.004361 0.002593 0.001553 0.0009624 0.0007219 0.0006632 0.0007233 0.0009289 0.001329 0.001772 0.003222 0.004042 0.00487 0.005064 0.005658 0.005309 0.004846 0.004101 0.003977 0.003686 0.003306 0.002672 0.002286 0.001878 0.00167 1 1 1 1 1 1 1 1 1 1 1 1 1 1 1 1 1 1 1 1 1 1 1 1 1 1 .
begin job of lepCalProducer
initializing all the rochester correction objects
initializing the egamma calibrator
Processed  4250000/ 7543603 entries (elapsed time     0.5s, curr speed   18.868 kHz, avg speed 8018.868 kHz), accepted        1/       1 events (100.00%)
Processed  4260000/ 7543603 entries (elapsed time    33.6s, curr speed    0.303 kHz, avg speed  126.861 kHz), accepted    10001/   10001 events (100.00%)
Processed  4270000/ 7543603 entries (elapsed time    67.3s, curr speed    0.296 kHz, avg speed   63.419 kHz), accepted    20001/   20001 events (100.00%)
Processed  4280000/ 7543603 entries (elapsed time    99.9s, curr speed    0.307 kHz, avg speed   42.826 kHz), accepted    30001/   30001 events (100.00%)
Processed  4290000/ 7543603 entries (elapsed time   132.7s, curr speed    0.305 kHz, avg speed   32.324 kHz), accepted    40001/   40001 events (100.00%)
Processed  4300000/ 7543603 entries (elapsed time   167.4s, curr speed    0.289 kHz, avg speed   25.692 kHz), accepted    50001/   50001 events (100.00%)
Processed  4310000/ 7543603 entries (elapsed time   202.4s, curr speed    0.285 kHz, avg speed   21.293 kHz), accepted    60001/   60001 events (100.00%)
Processed  4320000/ 7543603 entries (elapsed time   229.8s, curr speed    0.365 kHz, avg speed   18.798 kHz), accepted    70001/   70001 events (100.00%)
Processed  4330000/ 7543603 entries (elapsed time   257.4s, curr speed    0.362 kHz, avg speed   16.821 kHz), accepted    80001/   80001 events (100.00%)
Processed  4340000/ 7543603 entries (elapsed time   284.3s, curr speed    0.372 kHz, avg speed   15.266 kHz), accepted    90001/   90001 events (100.00%)
Processed  4350000/ 7543603 entries (elapsed time   310.8s, curr speed    0.377 kHz, avg speed   13.994 kHz), accepted   100001/  100001 events (100.00%)
Processed  4360000/ 7543603 entries (elapsed time   336.6s, curr speed    0.389 kHz, avg speed   12.955 kHz), accepted   110001/  110001 events (100.00%)
Processed  4370000/ 7543603 entries (elapsed time   408.7s, curr speed    0.139 kHz, avg speed   10.692 kHz), accepted   120001/  120001 events (100.00%)
Processed  4380000/ 7543603 entries (elapsed time   435.8s, curr speed    0.370 kHz, avg speed   10.051 kHz), accepted   130001/  130001 events (100.00%)
Processed  4390000/ 7543603 entries (elapsed time   460.9s, curr speed    0.398 kHz, avg speed    9.525 kHz), accepted   140001/  140001 events (100.00%)
Processed  4400000/ 7543603 entries (elapsed time   486.8s, curr speed    0.385 kHz, avg speed    9.038 kHz), accepted   150001/  150001 events (100.00%)
Processed  4410000/ 7543603 entries (elapsed time   513.7s, curr speed    0.372 kHz, avg speed    8.585 kHz), accepted   160001/  160001 events (100.00%)
Processed  4420000/ 7543603 entries (elapsed time   541.0s, curr speed    0.367 kHz, avg speed    8.170 kHz), accepted   170001/  170001 events (100.00%)
Processed  4430000/ 7543603 entries (elapsed time   613.8s, curr speed    0.137 kHz, avg speed    7.217 kHz), accepted   180001/  180001 events (100.00%)
Processed  4440000/ 7543603 entries (elapsed time   640.4s, curr speed    0.377 kHz, avg speed    6.933 kHz), accepted   190001/  190001 events (100.00%)
Processed  4450000/ 7543603 entries (elapsed time   668.7s, curr speed    0.353 kHz, avg speed    6.655 kHz), accepted   200001/  200001 events (100.00%)
Processed  4460000/ 7543603 entries (elapsed time   696.0s, curr speed    0.366 kHz, avg speed    6.408 kHz), accepted   210001/  210001 events (100.00%)
Processed  4470000/ 7543603 entries (elapsed time   723.9s, curr speed    0.358 kHz, avg speed    6.175 kHz), accepted   220001/  220001 events (100.00%)
Processed  4480000/ 7543603 entries (elapsed time   751.6s, curr speed    0.361 kHz, avg speed    5.961 kHz), accepted   230001/  230001 events (100.00%)
Processed  4490000/ 7543603 entries (elapsed time   822.6s, curr speed    0.141 kHz, avg speed    5.458 kHz), accepted   240001/  240001 events (100.00%)
Processed 250000 entries from MY_EOS_SPACE/heppyNtuples/TREES_DiBosons_exclusive_94X/WZTo3LNu_ext_part1/treeProducerWMass/tree.root, selected 250000 entries
Done MY_EOS_SPACE/heppyNtuples/TREES_DiBosons_exclusive_94X/friends/tree_Friend_WZTo3LNu_ext_part1.chunk17.root
