000 (334262.003.000) 05/14 16:10:40 Job submitted from host: <188.184.95.166:9618?addrs=188.184.95.166-9618+[2001-1458-201-e4--100-7a0]-9618&alias=tbird02.cern.ch&noUDP&sock=schedd_2138722_faad_3>
...
040 (334262.003.000) 05/14 16:12:28 Started transferring input files
	Transferring to host: <128.142.240.14:9618?addrs=128.142.240.14-9618+[2001-1458-301-f9--100-7]-9618&noUDP&sock=4090_865f_127908>
...
040 (334262.003.000) 05/14 16:12:28 Finished transferring input files
...
001 (334262.003.000) 05/14 16:12:29 Job executing on host: <128.142.240.14:9618?addrs=128.142.240.14-9618+[2001-1458-301-f9--100-7]-9618&noUDP&sock=2355_e99f_3>
...
006 (334262.003.000) 05/14 16:12:38 Image size of job updated: 180212
	105  -  MemoryUsage of job (MB)
	106708  -  ResidentSetSize of job (KB)
...
006 (334262.003.000) 05/14 16:17:39 Image size of job updated: 436640
	424  -  MemoryUsage of job (MB)
	433244  -  ResidentSetSize of job (KB)
...
006 (334262.003.000) 05/14 16:22:39 Image size of job updated: 553708
	538  -  MemoryUsage of job (MB)
	550312  -  ResidentSetSize of job (KB)
...
040 (334262.003.000) 05/14 16:23:52 Started transferring output files
...
040 (334262.003.000) 05/14 16:23:52 Finished transferring output files
...
005 (334262.003.000) 05/14 16:23:52 Job terminated.
	(1) Normal termination (return value 1)
		Usr 0 00:09:51, Sys 0 00:01:00  -  Run Remote Usage
		Usr 0 00:00:00, Sys 0 00:00:00  -  Run Local Usage
		Usr 0 00:09:51, Sys 0 00:01:00  -  Total Remote Usage
		Usr 0 00:00:00, Sys 0 00:00:00  -  Total Local Usage
	8520  -  Run Bytes Sent By Job
	10917  -  Run Bytes Received By Job
	8520  -  Total Bytes Sent By Job
	10917  -  Total Bytes Received By Job
	Partitionable Resources :    Usage  Request Allocated 
	   Cpus                 :                 1           
	   Disk (KB)            :       71        1   2157595 
	   Memory (MB)          :      538     2000      2000 
...
