000 (334266.018.000) 05/14 16:10:42 Job submitted from host: <188.184.95.166:9618?addrs=188.184.95.166-9618+[2001-1458-201-e4--100-7a0]-9618&alias=tbird02.cern.ch&noUDP&sock=schedd_2138722_faad_3>
...
040 (334266.018.000) 05/14 16:12:50 Started transferring input files
	Transferring to host: <188.184.186.8:9618?addrs=188.184.186.8-9618+[2001-1458-301-f8--100-1e]-9618&noUDP&sock=4054_28de_128514>
...
040 (334266.018.000) 05/14 16:12:50 Finished transferring input files
...
001 (334266.018.000) 05/14 16:12:51 Job executing on host: <188.184.186.8:9618?addrs=188.184.186.8-9618+[2001-1458-301-f8--100-1e]-9618&noUDP&sock=2328_6491_3>
...
006 (334266.018.000) 05/14 16:13:01 Image size of job updated: 236800
	157  -  MemoryUsage of job (MB)
	160552  -  ResidentSetSize of job (KB)
...
006 (334266.018.000) 05/14 16:18:01 Image size of job updated: 474456
	383  -  MemoryUsage of job (MB)
	391580  -  ResidentSetSize of job (KB)
...
006 (334266.018.000) 05/14 16:23:01 Image size of job updated: 594768
	500  -  MemoryUsage of job (MB)
	511892  -  ResidentSetSize of job (KB)
...
006 (334266.018.000) 05/14 16:28:03 Image size of job updated: 596968
	503  -  MemoryUsage of job (MB)
	514092  -  ResidentSetSize of job (KB)
...
040 (334266.018.000) 05/14 16:29:22 Started transferring output files
...
040 (334266.018.000) 05/14 16:29:22 Finished transferring output files
...
005 (334266.018.000) 05/14 16:29:22 Job terminated.
	(1) Normal termination (return value 1)
		Usr 0 00:12:27, Sys 0 00:01:07  -  Run Remote Usage
		Usr 0 00:00:00, Sys 0 00:00:00  -  Run Local Usage
		Usr 0 00:12:27, Sys 0 00:01:07  -  Total Remote Usage
		Usr 0 00:00:00, Sys 0 00:00:00  -  Total Local Usage
	8529  -  Run Bytes Sent By Job
	10917  -  Run Bytes Received By Job
	8529  -  Total Bytes Sent By Job
	10917  -  Total Bytes Received By Job
	Partitionable Resources :    Usage  Request Allocated 
	   Cpus                 :                 1           
	   Disk (KB)            :       71        1   2207685 
	   Memory (MB)          :      503     2000      2000 
...
