   WZTo1L1Nu2Q_part2   MC  11 chunks


I have 1 taks to process
I'm using the following list of modules DEFAULT_MODULES
this is jobs [('WZTo1L1Nu2Q_part2', 'MY_EOS_SPACE/heppyNtuples/TREES_DiBosons_exclusive_94X/WZTo1L1Nu2Q_part2/treeProducerWMass/tree.root', 104140338.6777557, '_Friend_WZTo1L1Nu2Q_part2.chunk5', False, xrange(1250000, 1500000), 5)]
Modules to run:  []   name =  puWeight
Loading puWeight from CMGTools.WMass.postprocessing.examples.puWeightProducer 
Running on dataset =  WZTo1L1Nu2Q_part2
TFile: name=/afs/cern.ch/work/m/mciprian/w_mass_analysis/heppy/rel_slc7/CMSSW_9_4_12/src/CMGTools/WMass/python/postprocessing/data/pileup/mcPU_2016_W94XnoCutsWithGenWeights_nTrueInt.root, title=, option=READ
TFile: name=/afs/cern.ch/work/m/mciprian/w_mass_analysis/heppy/rel_slc7/CMSSW_9_4_12/src/CMGTools/WMass/python/postprocessing/data/pileup/PileupData_GoldenMuonJSON_Full2016.root, title=, option=READ
Load C++ Worker
Modules to run:  []   name =  muCalibratedWithStatVar
Loading muCalibratedWithStatVar from CMGTools.WMass.postprocessing.examples.lepVarProducer 
Running on dataset =  WZTo1L1Nu2Q_part2
did not find EnergyScaleCorrection shared object, rebuilding
trying to load all the rochester correction libraries
did not find legacy data roccor. rebuilding...
done building legacy data roccor.
Modules to run:  []   name =  jetAllReCleaner
Loading jetAllReCleaner from CMGTools.WMass.postprocessing.examples.jetReCleaner 
Running on dataset =  WZTo1L1Nu2Q_part2
Load C++ Worker
Modules to run:  []   name =  jetReCleaner
Loading jetReCleaner from CMGTools.WMass.postprocessing.examples.jetReCleaner 
Running on dataset =  WZTo1L1Nu2Q_part2
Load C++ Worker
Modules to run:  []   name =  genQEDJets
Loading genQEDJets from CMGTools.WMass.postprocessing.examples.genFriendProducer 
Running on dataset =  WZTo1L1Nu2Q_part2
Will write selected trees to MY_EOS_SPACE/heppyNtuples/TREES_DiBosons_exclusive_94X/friends/
Normalization of nTrueInt_Wnopt: 3.68902e+10
Normalization of pileup: 3.68902e+10
Weights for variable nTrueInt_Wnopt with a number of bins equal to 102:
1 0.3634 0.9215 1.196 0.96 1.118 1.157 0.9675 0.9293 0.9192 0.8823 0.9553 1.062 1.116 1.167 1.194 1.2 1.193 1.177 1.14 1.092 1.06 1.047 1.046 1.047 1.048 1.06 1.077 1.092 1.106 1.122 1.108 1.097 1.051 0.992 0.9144 0.8237 0.7175 0.6087 0.5019 0.4029 0.3076 0.2264 0.1622 0.1123 0.07656 0.05052 0.03159 0.01992 0.01212 0.007355 0.004361 0.002593 0.001553 0.0009624 0.0007219 0.0006632 0.0007233 0.0009289 0.001329 0.001772 0.003222 0.004042 0.00487 0.005064 0.005658 0.005309 0.004846 0.004101 0.003977 0.003686 0.003306 0.002672 0.002286 0.001878 0.00167 1 1 1 1 1 1 1 1 1 1 1 1 1 1 1 1 1 1 1 1 1 1 1 1 1 1 .
Final weights: 
1 0.3634 0.9215 1.196 0.96 1.118 1.157 0.9675 0.9293 0.9192 0.8823 0.9553 1.062 1.116 1.167 1.194 1.2 1.193 1.177 1.14 1.092 1.06 1.047 1.046 1.047 1.048 1.06 1.077 1.092 1.106 1.122 1.108 1.097 1.051 0.992 0.9144 0.8237 0.7175 0.6087 0.5019 0.4029 0.3076 0.2264 0.1622 0.1123 0.07656 0.05052 0.03159 0.01992 0.01212 0.007355 0.004361 0.002593 0.001553 0.0009624 0.0007219 0.0006632 0.0007233 0.0009289 0.001329 0.001772 0.003222 0.004042 0.00487 0.005064 0.005658 0.005309 0.004846 0.004101 0.003977 0.003686 0.003306 0.002672 0.002286 0.001878 0.00167 1 1 1 1 1 1 1 1 1 1 1 1 1 1 1 1 1 1 1 1 1 1 1 1 1 1 .
begin job of lepCalProducer
initializing all the rochester correction objects
initializing the egamma calibrator
Processed  1250000/ 2595106 entries (elapsed time     0.4s, curr speed   22.727 kHz, avg speed 2840.909 kHz), accepted        1/       1 events (100.00%)
Processed  1260000/ 2595106 entries (elapsed time    32.1s, curr speed    0.316 kHz, avg speed   39.265 kHz), accepted    10001/   10001 events (100.00%)
Processed  1270000/ 2595106 entries (elapsed time    63.6s, curr speed    0.318 kHz, avg speed   19.981 kHz), accepted    20001/   20001 events (100.00%)
Processed  1280000/ 2595106 entries (elapsed time    95.8s, curr speed    0.311 kHz, avg speed   13.367 kHz), accepted    30001/   30001 events (100.00%)
Processed  1290000/ 2595106 entries (elapsed time   128.5s, curr speed    0.305 kHz, avg speed   10.037 kHz), accepted    40001/   40001 events (100.00%)
Processed  1300000/ 2595106 entries (elapsed time   161.4s, curr speed    0.304 kHz, avg speed    8.054 kHz), accepted    50001/   50001 events (100.00%)
Processed  1310000/ 2595106 entries (elapsed time   193.6s, curr speed    0.310 kHz, avg speed    6.765 kHz), accepted    60001/   60001 events (100.00%)
Processed  1320000/ 2595106 entries (elapsed time   226.5s, curr speed    0.305 kHz, avg speed    5.829 kHz), accepted    70001/   70001 events (100.00%)
Processed  1330000/ 2595106 entries (elapsed time   257.0s, curr speed    0.327 kHz, avg speed    5.175 kHz), accepted    80001/   80001 events (100.00%)
Processed  1340000/ 2595106 entries (elapsed time   285.3s, curr speed    0.354 kHz, avg speed    4.697 kHz), accepted    90001/   90001 events (100.00%)
Processed  1350000/ 2595106 entries (elapsed time   313.4s, curr speed    0.355 kHz, avg speed    4.307 kHz), accepted   100001/  100001 events (100.00%)
Processed  1360000/ 2595106 entries (elapsed time   342.4s, curr speed    0.345 kHz, avg speed    3.972 kHz), accepted   110001/  110001 events (100.00%)
Processed  1370000/ 2595106 entries (elapsed time   370.9s, curr speed    0.352 kHz, avg speed    3.694 kHz), accepted   120001/  120001 events (100.00%)
Processed  1380000/ 2595106 entries (elapsed time   396.5s, curr speed    0.390 kHz, avg speed    3.480 kHz), accepted   130001/  130001 events (100.00%)
Processed  1390000/ 2595106 entries (elapsed time   424.7s, curr speed    0.354 kHz, avg speed    3.273 kHz), accepted   140001/  140001 events (100.00%)
Processed  1400000/ 2595106 entries (elapsed time   452.3s, curr speed    0.362 kHz, avg speed    3.095 kHz), accepted   150001/  150001 events (100.00%)
Processed  1410000/ 2595106 entries (elapsed time   520.3s, curr speed    0.147 kHz, avg speed    2.710 kHz), accepted   160001/  160001 events (100.00%)
Processed  1420000/ 2595106 entries (elapsed time   547.0s, curr speed    0.374 kHz, avg speed    2.596 kHz), accepted   170001/  170001 events (100.00%)
Processed  1430000/ 2595106 entries (elapsed time   573.8s, curr speed    0.374 kHz, avg speed    2.492 kHz), accepted   180001/  180001 events (100.00%)
Processed  1440000/ 2595106 entries (elapsed time   601.1s, curr speed    0.366 kHz, avg speed    2.395 kHz), accepted   190001/  190001 events (100.00%)
Processed  1450000/ 2595106 entries (elapsed time   628.1s, curr speed    0.371 kHz, avg speed    2.309 kHz), accepted   200001/  200001 events (100.00%)
Processed  1460000/ 2595106 entries (elapsed time   654.7s, curr speed    0.376 kHz, avg speed    2.230 kHz), accepted   210001/  210001 events (100.00%)
Processed  1470000/ 2595106 entries (elapsed time   683.1s, curr speed    0.353 kHz, avg speed    2.152 kHz), accepted   220001/  220001 events (100.00%)
Processed  1480000/ 2595106 entries (elapsed time   754.9s, curr speed    0.139 kHz, avg speed    1.961 kHz), accepted   230001/  230001 events (100.00%)
Processed  1490000/ 2595106 entries (elapsed time   783.9s, curr speed    0.345 kHz, avg speed    1.901 kHz), accepted   240001/  240001 events (100.00%)
Processed 250000 entries from MY_EOS_SPACE/heppyNtuples/TREES_DiBosons_exclusive_94X/WZTo1L1Nu2Q_part2/treeProducerWMass/tree.root, selected 250000 entries
Done MY_EOS_SPACE/heppyNtuples/TREES_DiBosons_exclusive_94X/friends/tree_Friend_WZTo1L1Nu2Q_part2.chunk5.root
