000 (334261.019.000) 05/14 16:10:40 Job submitted from host: <188.184.95.166:9618?addrs=188.184.95.166-9618+[2001-1458-201-e4--100-7a0]-9618&alias=tbird02.cern.ch&noUDP&sock=schedd_2138722_faad_3>
...
040 (334261.019.000) 05/14 16:12:22 Started transferring input files
	Transferring to host: <188.184.186.18:9618?addrs=188.184.186.18-9618+[2001-1458-301-f8--100-17]-9618&noUDP&sock=4234_fc65_128287>
...
040 (334261.019.000) 05/14 16:12:22 Finished transferring input files
...
001 (334261.019.000) 05/14 16:12:23 Job executing on host: <188.184.186.18:9618?addrs=188.184.186.18-9618+[2001-1458-301-f8--100-17]-9618&noUDP&sock=2341_4f4c_3>
...
006 (334261.019.000) 05/14 16:12:31 Image size of job updated: 118812
	66  -  MemoryUsage of job (MB)
	66916  -  ResidentSetSize of job (KB)
...
006 (334261.019.000) 05/14 16:17:31 Image size of job updated: 423540
	411  -  MemoryUsage of job (MB)
	420864  -  ResidentSetSize of job (KB)
...
006 (334261.019.000) 05/14 16:22:32 Image size of job updated: 560200
	545  -  MemoryUsage of job (MB)
	557524  -  ResidentSetSize of job (KB)
...
040 (334261.019.000) 05/14 16:26:30 Started transferring output files
...
040 (334261.019.000) 05/14 16:26:30 Finished transferring output files
...
005 (334261.019.000) 05/14 16:26:30 Job terminated.
	(1) Normal termination (return value 1)
		Usr 0 00:12:21, Sys 0 00:01:09  -  Run Remote Usage
		Usr 0 00:00:00, Sys 0 00:00:00  -  Run Local Usage
		Usr 0 00:12:21, Sys 0 00:01:09  -  Total Remote Usage
		Usr 0 00:00:00, Sys 0 00:00:00  -  Total Local Usage
	8526  -  Run Bytes Sent By Job
	10917  -  Run Bytes Received By Job
	8526  -  Total Bytes Sent By Job
	10917  -  Total Bytes Received By Job
	Partitionable Resources :    Usage  Request Allocated 
	   Cpus                 :                 1           
	   Disk (KB)            :       71        1   2106608 
	   Memory (MB)          :      545     2000      2000 
...
