000 (334265.004.000) 05/14 16:10:42 Job submitted from host: <188.184.95.166:9618?addrs=188.184.95.166-9618+[2001-1458-201-e4--100-7a0]-9618&alias=tbird02.cern.ch&noUDP&sock=schedd_2138722_faad_3>
...
022 (334265.004.000) 05/14 16:12:41 Job disconnected, attempting to reconnect
    Socket between submit and execute hosts closed unexpectedly
    Trying to reconnect to slot1_1@b7g28n0612.cern.ch <188.184.186.53:9618?addrs=188.184.186.53-9618+[2001-1458-301-f8--100-12]-9618&noUDP&sock=2358_f868_3>
...
024 (334265.004.000) 05/14 16:12:41 Job reconnection failed
    Job not found at execution machine
    Can not reconnect to slot1_1@b7g28n0612.cern.ch, rescheduling job
...
040 (334265.004.000) 05/14 16:13:38 Started transferring input files
	Transferring to host: <188.184.186.20:9618?addrs=188.184.186.20-9618+[2001-1458-301-f8--100-1a]-9618&noUDP&sock=4145_4702_128535>
...
040 (334265.004.000) 05/14 16:13:38 Finished transferring input files
...
001 (334265.004.000) 05/14 16:13:39 Job executing on host: <188.184.186.20:9618?addrs=188.184.186.20-9618+[2001-1458-301-f8--100-1a]-9618&noUDP&sock=2344_5e15_3>
...
006 (334265.004.000) 05/14 16:13:48 Image size of job updated: 73112
	51  -  MemoryUsage of job (MB)
	51300  -  ResidentSetSize of job (KB)
...
006 (334265.004.000) 05/14 16:18:49 Image size of job updated: 430860
	387  -  MemoryUsage of job (MB)
	395504  -  ResidentSetSize of job (KB)
...
006 (334265.004.000) 05/14 16:23:49 Image size of job updated: 538752
	492  -  MemoryUsage of job (MB)
	503396  -  ResidentSetSize of job (KB)
...
006 (334265.004.000) 05/14 16:28:50 Image size of job updated: 538752
	495  -  MemoryUsage of job (MB)
	506056  -  ResidentSetSize of job (KB)
...
040 (334265.004.000) 05/14 16:30:31 Started transferring output files
...
040 (334265.004.000) 05/14 16:30:31 Finished transferring output files
...
005 (334265.004.000) 05/14 16:30:31 Job terminated.
	(1) Normal termination (return value 1)
		Usr 0 00:14:17, Sys 0 00:01:23  -  Run Remote Usage
		Usr 0 00:00:00, Sys 0 00:00:00  -  Run Local Usage
		Usr 0 00:14:17, Sys 0 00:01:23  -  Total Remote Usage
		Usr 0 00:00:00, Sys 0 00:00:00  -  Total Local Usage
	8488  -  Run Bytes Sent By Job
	10917  -  Run Bytes Received By Job
	8488  -  Total Bytes Sent By Job
	10917  -  Total Bytes Received By Job
	Partitionable Resources :    Usage  Request Allocated 
	   Cpus                 :                 1           
	   Disk (KB)            :       71        1   2138094 
	   Memory (MB)          :      495     2000      2000 
...
