000 (334264.000.000) 05/14 16:10:41 Job submitted from host: <188.184.95.166:9618?addrs=188.184.95.166-9618+[2001-1458-201-e4--100-7a0]-9618&alias=tbird02.cern.ch&noUDP&sock=schedd_2138722_faad_3>
...
040 (334264.000.000) 05/14 16:12:31 Started transferring input files
	Transferring to host: <188.184.132.11:9618?addrs=188.184.132.11-9618+[2001-1458-301-a0--100-8]-9618&noUDP&sock=4074_405f_128470>
...
040 (334264.000.000) 05/14 16:12:31 Finished transferring input files
...
001 (334264.000.000) 05/14 16:12:32 Job executing on host: <188.184.132.11:9618?addrs=188.184.132.11-9618+[2001-1458-301-a0--100-8]-9618&noUDP&sock=2324_a630_3>
...
006 (334264.000.000) 05/14 16:12:41 Image size of job updated: 93688
	60  -  MemoryUsage of job (MB)
	60524  -  ResidentSetSize of job (KB)
...
006 (334264.000.000) 05/14 16:17:42 Image size of job updated: 399288
	389  -  MemoryUsage of job (MB)
	397468  -  ResidentSetSize of job (KB)
...
006 (334264.000.000) 05/14 16:22:42 Image size of job updated: 507064
	494  -  MemoryUsage of job (MB)
	505244  -  ResidentSetSize of job (KB)
...
006 (334264.000.000) 05/14 16:27:42 Image size of job updated: 507064
	494  -  MemoryUsage of job (MB)
	505432  -  ResidentSetSize of job (KB)
...
040 (334264.000.000) 05/14 16:28:27 Started transferring output files
...
040 (334264.000.000) 05/14 16:28:27 Finished transferring output files
...
005 (334264.000.000) 05/14 16:28:27 Job terminated.
	(1) Normal termination (return value 1)
		Usr 0 00:13:56, Sys 0 00:01:21  -  Run Remote Usage
		Usr 0 00:00:00, Sys 0 00:00:00  -  Run Local Usage
		Usr 0 00:13:56, Sys 0 00:01:21  -  Total Remote Usage
		Usr 0 00:00:00, Sys 0 00:00:00  -  Total Local Usage
	8325  -  Run Bytes Sent By Job
	10917  -  Run Bytes Received By Job
	8325  -  Total Bytes Sent By Job
	10917  -  Total Bytes Received By Job
	Partitionable Resources :    Usage  Request Allocated 
	   Cpus                 :                 1           
	   Disk (KB)            :       70        1   2119195 
	   Memory (MB)          :      494     2000      2000 
...
