000 (334266.022.000) 05/14 16:10:42 Job submitted from host: <188.184.95.166:9618?addrs=188.184.95.166-9618+[2001-1458-201-e4--100-7a0]-9618&alias=tbird02.cern.ch&noUDP&sock=schedd_2138722_faad_3>
...
040 (334266.022.000) 05/14 16:12:51 Started transferring input files
	Transferring to host: <188.184.132.9:9618?addrs=188.184.132.9-9618+[2001-1458-301-a0--100-2a]-9618&noUDP&sock=3928_6199_128271>
...
040 (334266.022.000) 05/14 16:12:51 Finished transferring input files
...
001 (334266.022.000) 05/14 16:12:52 Job executing on host: <188.184.132.9:9618?addrs=188.184.132.9-9618+[2001-1458-301-a0--100-2a]-9618&noUDP&sock=2365_c592_3>
...
006 (334266.022.000) 05/14 16:13:01 Image size of job updated: 290396
	206  -  MemoryUsage of job (MB)
	210084  -  ResidentSetSize of job (KB)
...
006 (334266.022.000) 05/14 16:18:01 Image size of job updated: 412448
	402  -  MemoryUsage of job (MB)
	411420  -  ResidentSetSize of job (KB)
...
006 (334266.022.000) 05/14 16:23:01 Image size of job updated: 510936
	498  -  MemoryUsage of job (MB)
	509908  -  ResidentSetSize of job (KB)
...
040 (334266.022.000) 05/14 16:26:09 Started transferring output files
...
040 (334266.022.000) 05/14 16:26:09 Finished transferring output files
...
005 (334266.022.000) 05/14 16:26:09 Job terminated.
	(1) Normal termination (return value 1)
		Usr 0 00:11:43, Sys 0 00:01:04  -  Run Remote Usage
		Usr 0 00:00:00, Sys 0 00:00:00  -  Run Local Usage
		Usr 0 00:11:43, Sys 0 00:01:04  -  Total Remote Usage
		Usr 0 00:00:00, Sys 0 00:00:00  -  Total Local Usage
	8529  -  Run Bytes Sent By Job
	10917  -  Run Bytes Received By Job
	8529  -  Total Bytes Sent By Job
	10917  -  Total Bytes Received By Job
	Partitionable Resources :    Usage  Request Allocated 
	   Cpus                 :                 1           
	   Disk (KB)            :       71        1   2136088 
	   Memory (MB)          :      498     2000      2000 
...
