000 (334266.020.000) 05/14 16:10:42 Job submitted from host: <188.184.95.166:9618?addrs=188.184.95.166-9618+[2001-1458-201-e4--100-7a0]-9618&alias=tbird02.cern.ch&noUDP&sock=schedd_2138722_faad_3>
...
040 (334266.020.000) 05/14 16:12:51 Started transferring input files
	Transferring to host: <188.184.133.216:9618?addrs=188.184.133.216-9618+[2001-1458-301-a0--100-2ed]-9618&noUDP&sock=13090_d6cd_104972>
...
040 (334266.020.000) 05/14 16:12:51 Finished transferring input files
...
001 (334266.020.000) 05/14 16:12:52 Job executing on host: <188.184.133.216:9618?addrs=188.184.133.216-9618+[2001-1458-301-a0--100-2ed]-9618&noUDP&sock=12881_df82_3>
...
006 (334266.020.000) 05/14 16:13:00 Image size of job updated: 267192
	186  -  MemoryUsage of job (MB)
	190408  -  ResidentSetSize of job (KB)
...
006 (334266.020.000) 05/14 16:18:00 Image size of job updated: 482900
	391  -  MemoryUsage of job (MB)
	400292  -  ResidentSetSize of job (KB)
...
006 (334266.020.000) 05/14 16:23:01 Image size of job updated: 596500
	502  -  MemoryUsage of job (MB)
	513892  -  ResidentSetSize of job (KB)
...
040 (334266.020.000) 05/14 16:27:57 Started transferring output files
...
040 (334266.020.000) 05/14 16:27:57 Finished transferring output files
...
005 (334266.020.000) 05/14 16:27:57 Job terminated.
	(1) Normal termination (return value 1)
		Usr 0 00:13:33, Sys 0 00:01:07  -  Run Remote Usage
		Usr 0 00:00:00, Sys 0 00:00:00  -  Run Local Usage
		Usr 0 00:13:33, Sys 0 00:01:07  -  Total Remote Usage
		Usr 0 00:00:00, Sys 0 00:00:00  -  Total Local Usage
	8528  -  Run Bytes Sent By Job
	10917  -  Run Bytes Received By Job
	8528  -  Total Bytes Sent By Job
	10917  -  Total Bytes Received By Job
	Partitionable Resources :    Usage  Request Allocated 
	   Cpus                 :                 1           
	   Disk (KB)            :       71        1   2101891 
	   Memory (MB)          :      502     2000      2000 
...
