   WZTo1L1Nu2Q_part1   MC  32 chunks


I have 1 taks to process
I'm using the following list of modules DEFAULT_MODULES
this is jobs [('WZTo1L1Nu2Q_part1', 'MY_EOS_SPACE/heppyNtuples/TREES_DiBosons_exclusive_94X/WZTo1L1Nu2Q_part1/treeProducerWMass/tree.root', 317904973.86988693, '_Friend_WZTo1L1Nu2Q_part1.chunk29', False, xrange(7250000, 7500000), 29)]
Modules to run:  []   name =  puWeight
Loading puWeight from CMGTools.WMass.postprocessing.examples.puWeightProducer 
Running on dataset =  WZTo1L1Nu2Q_part1
TFile: name=/afs/cern.ch/work/m/mciprian/w_mass_analysis/heppy/rel_slc7/CMSSW_9_4_12/src/CMGTools/WMass/python/postprocessing/data/pileup/mcPU_2016_W94XnoCutsWithGenWeights_nTrueInt.root, title=, option=READ
TFile: name=/afs/cern.ch/work/m/mciprian/w_mass_analysis/heppy/rel_slc7/CMSSW_9_4_12/src/CMGTools/WMass/python/postprocessing/data/pileup/PileupData_GoldenMuonJSON_Full2016.root, title=, option=READ
Load C++ Worker
Modules to run:  []   name =  muCalibratedWithStatVar
Loading muCalibratedWithStatVar from CMGTools.WMass.postprocessing.examples.lepVarProducer 
Running on dataset =  WZTo1L1Nu2Q_part1
did not find EnergyScaleCorrection shared object, rebuilding
trying to load all the rochester correction libraries
did not find legacy data roccor. rebuilding...
done building legacy data roccor.
Modules to run:  []   name =  jetAllReCleaner
Loading jetAllReCleaner from CMGTools.WMass.postprocessing.examples.jetReCleaner 
Running on dataset =  WZTo1L1Nu2Q_part1
Load C++ Worker
Modules to run:  []   name =  jetReCleaner
Loading jetReCleaner from CMGTools.WMass.postprocessing.examples.jetReCleaner 
Running on dataset =  WZTo1L1Nu2Q_part1
Load C++ Worker
Modules to run:  []   name =  genQEDJets
Loading genQEDJets from CMGTools.WMass.postprocessing.examples.genFriendProducer 
Running on dataset =  WZTo1L1Nu2Q_part1
Will write selected trees to MY_EOS_SPACE/heppyNtuples/TREES_DiBosons_exclusive_94X/friends/
Normalization of nTrueInt_Wnopt: 3.68902e+10
Normalization of pileup: 3.68902e+10
Weights for variable nTrueInt_Wnopt with a number of bins equal to 102:
1 0.3634 0.9215 1.196 0.96 1.118 1.157 0.9675 0.9293 0.9192 0.8823 0.9553 1.062 1.116 1.167 1.194 1.2 1.193 1.177 1.14 1.092 1.06 1.047 1.046 1.047 1.048 1.06 1.077 1.092 1.106 1.122 1.108 1.097 1.051 0.992 0.9144 0.8237 0.7175 0.6087 0.5019 0.4029 0.3076 0.2264 0.1622 0.1123 0.07656 0.05052 0.03159 0.01992 0.01212 0.007355 0.004361 0.002593 0.001553 0.0009624 0.0007219 0.0006632 0.0007233 0.0009289 0.001329 0.001772 0.003222 0.004042 0.00487 0.005064 0.005658 0.005309 0.004846 0.004101 0.003977 0.003686 0.003306 0.002672 0.002286 0.001878 0.00167 1 1 1 1 1 1 1 1 1 1 1 1 1 1 1 1 1 1 1 1 1 1 1 1 1 1 .
Final weights: 
1 0.3634 0.9215 1.196 0.96 1.118 1.157 0.9675 0.9293 0.9192 0.8823 0.9553 1.062 1.116 1.167 1.194 1.2 1.193 1.177 1.14 1.092 1.06 1.047 1.046 1.047 1.048 1.06 1.077 1.092 1.106 1.122 1.108 1.097 1.051 0.992 0.9144 0.8237 0.7175 0.6087 0.5019 0.4029 0.3076 0.2264 0.1622 0.1123 0.07656 0.05052 0.03159 0.01992 0.01212 0.007355 0.004361 0.002593 0.001553 0.0009624 0.0007219 0.0006632 0.0007233 0.0009289 0.001329 0.001772 0.003222 0.004042 0.00487 0.005064 0.005658 0.005309 0.004846 0.004101 0.003977 0.003686 0.003306 0.002672 0.002286 0.001878 0.00167 1 1 1 1 1 1 1 1 1 1 1 1 1 1 1 1 1 1 1 1 1 1 1 1 1 1 .
begin job of lepCalProducer
initializing all the rochester correction objects
initializing the egamma calibrator
Processed  7250000/ 7909105 entries (elapsed time     0.5s, curr speed   20.408 kHz, avg speed 14795.918 kHz), accepted        1/       1 events (100.00%)
Processed  7260000/ 7909105 entries (elapsed time    30.4s, curr speed    0.334 kHz, avg speed  238.580 kHz), accepted    10001/   10001 events (100.00%)
Processed  7270000/ 7909105 entries (elapsed time    62.2s, curr speed    0.315 kHz, avg speed  116.881 kHz), accepted    20001/   20001 events (100.00%)
Processed  7280000/ 7909105 entries (elapsed time    94.2s, curr speed    0.312 kHz, avg speed   77.258 kHz), accepted    30001/   30001 events (100.00%)
Processed  7290000/ 7909105 entries (elapsed time   125.4s, curr speed    0.321 kHz, avg speed   58.120 kHz), accepted    40001/   40001 events (100.00%)
Processed  7300000/ 7909105 entries (elapsed time   156.8s, curr speed    0.318 kHz, avg speed   46.544 kHz), accepted    50001/   50001 events (100.00%)
Processed  7310000/ 7909105 entries (elapsed time   188.5s, curr speed    0.316 kHz, avg speed   38.784 kHz), accepted    60001/   60001 events (100.00%)
Processed  7320000/ 7909105 entries (elapsed time   217.8s, curr speed    0.341 kHz, avg speed   33.607 kHz), accepted    70001/   70001 events (100.00%)
Processed  7330000/ 7909105 entries (elapsed time   247.0s, curr speed    0.342 kHz, avg speed   29.673 kHz), accepted    80001/   80001 events (100.00%)
Processed  7340000/ 7909105 entries (elapsed time   273.2s, curr speed    0.382 kHz, avg speed   26.868 kHz), accepted    90001/   90001 events (100.00%)
Processed  7350000/ 7909105 entries (elapsed time   297.9s, curr speed    0.405 kHz, avg speed   24.673 kHz), accepted   100001/  100001 events (100.00%)
Processed  7360000/ 7909105 entries (elapsed time   323.1s, curr speed    0.397 kHz, avg speed   22.781 kHz), accepted   110001/  110001 events (100.00%)
Processed  7370000/ 7909105 entries (elapsed time   349.8s, curr speed    0.375 kHz, avg speed   21.071 kHz), accepted   120001/  120001 events (100.00%)
Processed  7380000/ 7909105 entries (elapsed time   375.8s, curr speed    0.385 kHz, avg speed   19.640 kHz), accepted   130001/  130001 events (100.00%)
Processed  7390000/ 7909105 entries (elapsed time   400.7s, curr speed    0.401 kHz, avg speed   18.443 kHz), accepted   140001/  140001 events (100.00%)
Processed  7400000/ 7909105 entries (elapsed time   427.0s, curr speed    0.381 kHz, avg speed   17.332 kHz), accepted   150001/  150001 events (100.00%)
Processed  7410000/ 7909105 entries (elapsed time   494.5s, curr speed    0.148 kHz, avg speed   14.984 kHz), accepted   160001/  160001 events (100.00%)
Processed  7420000/ 7909105 entries (elapsed time   519.3s, curr speed    0.404 kHz, avg speed   14.288 kHz), accepted   170001/  170001 events (100.00%)
Processed  7430000/ 7909105 entries (elapsed time   546.1s, curr speed    0.374 kHz, avg speed   13.607 kHz), accepted   180001/  180001 events (100.00%)
Processed  7440000/ 7909105 entries (elapsed time   572.9s, curr speed    0.373 kHz, avg speed   12.987 kHz), accepted   190001/  190001 events (100.00%)
Processed  7450000/ 7909105 entries (elapsed time   598.6s, curr speed    0.389 kHz, avg speed   12.447 kHz), accepted   200001/  200001 events (100.00%)
Processed  7460000/ 7909105 entries (elapsed time   624.4s, curr speed    0.387 kHz, avg speed   11.947 kHz), accepted   210001/  210001 events (100.00%)
Processed  7470000/ 7909105 entries (elapsed time   649.3s, curr speed    0.402 kHz, avg speed   11.505 kHz), accepted   220001/  220001 events (100.00%)
Processed  7480000/ 7909105 entries (elapsed time   716.3s, curr speed    0.149 kHz, avg speed   10.442 kHz), accepted   230001/  230001 events (100.00%)
Processed  7490000/ 7909105 entries (elapsed time   743.0s, curr speed    0.375 kHz, avg speed   10.080 kHz), accepted   240001/  240001 events (100.00%)
Processed 250000 entries from MY_EOS_SPACE/heppyNtuples/TREES_DiBosons_exclusive_94X/WZTo1L1Nu2Q_part1/treeProducerWMass/tree.root, selected 250000 entries
Done MY_EOS_SPACE/heppyNtuples/TREES_DiBosons_exclusive_94X/friends/tree_Friend_WZTo1L1Nu2Q_part1.chunk29.root
