000 (334264.017.000) 05/14 16:10:41 Job submitted from host: <188.184.95.166:9618?addrs=188.184.95.166-9618+[2001-1458-201-e4--100-7a0]-9618&alias=tbird02.cern.ch&noUDP&sock=schedd_2138722_faad_3>
...
040 (334264.017.000) 05/14 16:12:37 Started transferring input files
	Transferring to host: <188.184.132.21:9618?addrs=188.184.132.21-9618+[2001-1458-301-a0--100-6]-9618&noUDP&sock=3030_a8b4_57514>
...
040 (334264.017.000) 05/14 16:12:37 Finished transferring input files
...
001 (334264.017.000) 05/14 16:12:38 Job executing on host: <188.184.132.21:9618?addrs=188.184.132.21-9618+[2001-1458-301-a0--100-6]-9618&noUDP&sock=2274_5a74_3>
...
006 (334264.017.000) 05/14 16:12:46 Image size of job updated: 108668
	62  -  MemoryUsage of job (MB)
	62552  -  ResidentSetSize of job (KB)
...
006 (334264.017.000) 05/14 16:17:46 Image size of job updated: 397088
	386  -  MemoryUsage of job (MB)
	394736  -  ResidentSetSize of job (KB)
...
006 (334264.017.000) 05/14 16:22:47 Image size of job updated: 508576
	495  -  MemoryUsage of job (MB)
	506224  -  ResidentSetSize of job (KB)
...
006 (334264.017.000) 05/14 16:27:47 Image size of job updated: 508576
	495  -  MemoryUsage of job (MB)
	506316  -  ResidentSetSize of job (KB)
...
040 (334264.017.000) 05/14 16:29:08 Started transferring output files
...
040 (334264.017.000) 05/14 16:29:08 Finished transferring output files
...
005 (334264.017.000) 05/14 16:29:08 Job terminated.
	(1) Normal termination (return value 1)
		Usr 0 00:14:14, Sys 0 00:01:24  -  Run Remote Usage
		Usr 0 00:00:00, Sys 0 00:00:00  -  Run Local Usage
		Usr 0 00:14:14, Sys 0 00:01:24  -  Total Remote Usage
		Usr 0 00:00:00, Sys 0 00:00:00  -  Total Local Usage
	8492  -  Run Bytes Sent By Job
	10917  -  Run Bytes Received By Job
	8492  -  Total Bytes Sent By Job
	10917  -  Total Bytes Received By Job
	Partitionable Resources :    Usage  Request Allocated 
	   Cpus                 :                 1           
	   Disk (KB)            :       71        1   2174442 
	   Memory (MB)          :      495     2000      2000 
...
