000 (334266.029.000) 05/14 16:10:42 Job submitted from host: <188.184.95.166:9618?addrs=188.184.95.166-9618+[2001-1458-201-e4--100-7a0]-9618&alias=tbird02.cern.ch&noUDP&sock=schedd_2138722_faad_3>
...
040 (334266.029.000) 05/14 16:12:54 Started transferring input files
	Transferring to host: <188.184.132.61:9618?addrs=188.184.132.61-9618+[2001-1458-301-a0--100-2e]-9618&noUDP&sock=4175_6a43_128557>
...
040 (334266.029.000) 05/14 16:12:54 Finished transferring input files
...
001 (334266.029.000) 05/14 16:12:55 Job executing on host: <188.184.132.61:9618?addrs=188.184.132.61-9618+[2001-1458-301-a0--100-2e]-9618&noUDP&sock=2427_4c71_3>
...
006 (334266.029.000) 05/14 16:13:05 Image size of job updated: 292700
	208  -  MemoryUsage of job (MB)
	212180  -  ResidentSetSize of job (KB)
...
006 (334266.029.000) 05/14 16:18:05 Image size of job updated: 498764
	407  -  MemoryUsage of job (MB)
	415836  -  ResidentSetSize of job (KB)
...
006 (334266.029.000) 05/14 16:23:05 Image size of job updated: 594980
	501  -  MemoryUsage of job (MB)
	512052  -  ResidentSetSize of job (KB)
...
040 (334266.029.000) 05/14 16:26:35 Started transferring output files
...
040 (334266.029.000) 05/14 16:26:35 Finished transferring output files
...
005 (334266.029.000) 05/14 16:26:35 Job terminated.
	(1) Normal termination (return value 1)
		Usr 0 00:12:03, Sys 0 00:01:05  -  Run Remote Usage
		Usr 0 00:00:00, Sys 0 00:00:00  -  Run Local Usage
		Usr 0 00:12:03, Sys 0 00:01:05  -  Total Remote Usage
		Usr 0 00:00:00, Sys 0 00:00:00  -  Total Local Usage
	8529  -  Run Bytes Sent By Job
	10917  -  Run Bytes Received By Job
	8529  -  Total Bytes Sent By Job
	10917  -  Total Bytes Received By Job
	Partitionable Resources :    Usage  Request Allocated 
	   Cpus                 :                 1           
	   Disk (KB)            :       71        1   2109940 
	   Memory (MB)          :      501     2000      2000 
...
