000 (334266.026.000) 05/14 16:10:42 Job submitted from host: <188.184.95.166:9618?addrs=188.184.95.166-9618+[2001-1458-201-e4--100-7a0]-9618&alias=tbird02.cern.ch&noUDP&sock=schedd_2138722_faad_3>
...
022 (334266.026.000) 05/14 16:12:52 Job disconnected, attempting to reconnect
    Socket between submit and execute hosts closed unexpectedly
    Trying to reconnect to slot1_3@b7g28n0498.cern.ch <188.184.132.38:9618?addrs=188.184.132.38-9618+[2001-1458-301-a0--100-1c]-9618&noUDP&sock=2361_0731_3>
...
024 (334266.026.000) 05/14 16:12:52 Job reconnection failed
    Job not found at execution machine
    Can not reconnect to slot1_3@b7g28n0498.cern.ch, rescheduling job
...
022 (334266.026.000) 05/14 16:14:12 Job disconnected, attempting to reconnect
    Socket between submit and execute hosts closed unexpectedly
    Trying to reconnect to slot1_2@b7g28n0095.cern.ch <188.184.186.30:9618?addrs=188.184.186.30-9618+[2001-1458-301-f8--100-2b]-9618&noUDP&sock=2326_0560_3>
...
024 (334266.026.000) 05/14 16:14:12 Job reconnection failed
    Job not found at execution machine
    Can not reconnect to slot1_2@b7g28n0095.cern.ch, rescheduling job
...
022 (334266.026.000) 05/14 16:15:28 Job disconnected, attempting to reconnect
    Socket between submit and execute hosts closed unexpectedly
    Trying to reconnect to slot1_2@b7g28n0272.cern.ch <128.142.240.21:9618?addrs=128.142.240.21-9618+[2001-1458-301-f9--100-2]-9618&noUDP&sock=2335_31ba_3>
...
024 (334266.026.000) 05/14 16:15:28 Job reconnection failed
    Job not found at execution machine
    Can not reconnect to slot1_2@b7g28n0272.cern.ch, rescheduling job
...
022 (334266.026.000) 05/14 16:16:07 Job disconnected, attempting to reconnect
    Socket between submit and execute hosts closed unexpectedly
    Trying to reconnect to slot1_2@b7g28n0314.cern.ch <188.184.132.28:9618?addrs=188.184.132.28-9618+[2001-1458-301-a0--100-d]-9618&noUDP&sock=2282_d735_3>
...
024 (334266.026.000) 05/14 16:16:07 Job reconnection failed
    Job not found at execution machine
    Can not reconnect to slot1_2@b7g28n0314.cern.ch, rescheduling job
...
022 (334266.026.000) 05/14 16:16:47 Job disconnected, attempting to reconnect
    Socket between submit and execute hosts closed unexpectedly
    Trying to reconnect to slot1_2@b7g28n0498.cern.ch <188.184.132.38:9618?addrs=188.184.132.38-9618+[2001-1458-301-a0--100-1c]-9618&noUDP&sock=2361_0731_3>
...
024 (334266.026.000) 05/14 16:16:47 Job reconnection failed
    Job not found at execution machine
    Can not reconnect to slot1_2@b7g28n0498.cern.ch, rescheduling job
...
040 (334266.026.000) 05/14 16:17:24 Started transferring input files
	Transferring to host: <188.184.186.19:9618?addrs=188.184.186.19-9618+[2001-1458-301-f8--100-8]-9618&noUDP&sock=2896_3e6f_127272>
...
040 (334266.026.000) 05/14 16:17:24 Finished transferring input files
...
001 (334266.026.000) 05/14 16:17:25 Job executing on host: <188.184.186.19:9618?addrs=188.184.186.19-9618+[2001-1458-301-f8--100-8]-9618&noUDP&sock=2401_76fb_3>
...
006 (334266.026.000) 05/14 16:17:34 Image size of job updated: 247736
	167  -  MemoryUsage of job (MB)
	170484  -  ResidentSetSize of job (KB)
...
006 (334266.026.000) 05/14 16:22:35 Image size of job updated: 496796
	404  -  MemoryUsage of job (MB)
	413272  -  ResidentSetSize of job (KB)
...
006 (334266.026.000) 05/14 16:27:35 Image size of job updated: 597520
	502  -  MemoryUsage of job (MB)
	513996  -  ResidentSetSize of job (KB)
...
006 (334266.026.000) 05/14 16:31:45 Image size of job updated: 597520
	503  -  MemoryUsage of job (MB)
	514260  -  ResidentSetSize of job (KB)
...
040 (334266.026.000) 05/14 16:31:45 Started transferring output files
...
040 (334266.026.000) 05/14 16:31:45 Finished transferring output files
...
005 (334266.026.000) 05/14 16:31:45 Job terminated.
	(1) Normal termination (return value 1)
		Usr 0 00:12:32, Sys 0 00:01:07  -  Run Remote Usage
		Usr 0 00:00:00, Sys 0 00:00:00  -  Run Local Usage
		Usr 0 00:12:32, Sys 0 00:01:07  -  Total Remote Usage
		Usr 0 00:00:00, Sys 0 00:00:00  -  Total Local Usage
	8529  -  Run Bytes Sent By Job
	10917  -  Run Bytes Received By Job
	8529  -  Total Bytes Sent By Job
	10917  -  Total Bytes Received By Job
	Partitionable Resources :    Usage  Request Allocated 
	   Cpus                 :                 1           
	   Disk (KB)            :       71        1   2120791 
	   Memory (MB)          :      503     2000      2000 
...
