   WZTo1L1Nu2Q_part1   MC  32 chunks


I have 1 taks to process
I'm using the following list of modules DEFAULT_MODULES
this is jobs [('WZTo1L1Nu2Q_part1', 'MY_EOS_SPACE/heppyNtuples/TREES_DiBosons_exclusive_94X/WZTo1L1Nu2Q_part1/treeProducerWMass/tree.root', 317904973.86988693, '_Friend_WZTo1L1Nu2Q_part1.chunk13', False, xrange(3250000, 3500000), 13)]
Modules to run:  []   name =  puWeight
Loading puWeight from CMGTools.WMass.postprocessing.examples.puWeightProducer 
Running on dataset =  WZTo1L1Nu2Q_part1
TFile: name=/afs/cern.ch/work/m/mciprian/w_mass_analysis/heppy/rel_slc7/CMSSW_9_4_12/src/CMGTools/WMass/python/postprocessing/data/pileup/mcPU_2016_W94XnoCutsWithGenWeights_nTrueInt.root, title=, option=READ
TFile: name=/afs/cern.ch/work/m/mciprian/w_mass_analysis/heppy/rel_slc7/CMSSW_9_4_12/src/CMGTools/WMass/python/postprocessing/data/pileup/PileupData_GoldenMuonJSON_Full2016.root, title=, option=READ
Load C++ Worker
Modules to run:  []   name =  muCalibratedWithStatVar
Loading muCalibratedWithStatVar from CMGTools.WMass.postprocessing.examples.lepVarProducer 
Running on dataset =  WZTo1L1Nu2Q_part1
did not find EnergyScaleCorrection shared object, rebuilding
trying to load all the rochester correction libraries
did not find legacy data roccor. rebuilding...
done building legacy data roccor.
Modules to run:  []   name =  jetAllReCleaner
Loading jetAllReCleaner from CMGTools.WMass.postprocessing.examples.jetReCleaner 
Running on dataset =  WZTo1L1Nu2Q_part1
Load C++ Worker
Modules to run:  []   name =  jetReCleaner
Loading jetReCleaner from CMGTools.WMass.postprocessing.examples.jetReCleaner 
Running on dataset =  WZTo1L1Nu2Q_part1
Load C++ Worker
Modules to run:  []   name =  genQEDJets
Loading genQEDJets from CMGTools.WMass.postprocessing.examples.genFriendProducer 
Running on dataset =  WZTo1L1Nu2Q_part1
Will write selected trees to MY_EOS_SPACE/heppyNtuples/TREES_DiBosons_exclusive_94X/friends/
Normalization of nTrueInt_Wnopt: 3.68902e+10
Normalization of pileup: 3.68902e+10
Weights for variable nTrueInt_Wnopt with a number of bins equal to 102:
1 0.3634 0.9215 1.196 0.96 1.118 1.157 0.9675 0.9293 0.9192 0.8823 0.9553 1.062 1.116 1.167 1.194 1.2 1.193 1.177 1.14 1.092 1.06 1.047 1.046 1.047 1.048 1.06 1.077 1.092 1.106 1.122 1.108 1.097 1.051 0.992 0.9144 0.8237 0.7175 0.6087 0.5019 0.4029 0.3076 0.2264 0.1622 0.1123 0.07656 0.05052 0.03159 0.01992 0.01212 0.007355 0.004361 0.002593 0.001553 0.0009624 0.0007219 0.0006632 0.0007233 0.0009289 0.001329 0.001772 0.003222 0.004042 0.00487 0.005064 0.005658 0.005309 0.004846 0.004101 0.003977 0.003686 0.003306 0.002672 0.002286 0.001878 0.00167 1 1 1 1 1 1 1 1 1 1 1 1 1 1 1 1 1 1 1 1 1 1 1 1 1 1 .
Final weights: 
1 0.3634 0.9215 1.196 0.96 1.118 1.157 0.9675 0.9293 0.9192 0.8823 0.9553 1.062 1.116 1.167 1.194 1.2 1.193 1.177 1.14 1.092 1.06 1.047 1.046 1.047 1.048 1.06 1.077 1.092 1.106 1.122 1.108 1.097 1.051 0.992 0.9144 0.8237 0.7175 0.6087 0.5019 0.4029 0.3076 0.2264 0.1622 0.1123 0.07656 0.05052 0.03159 0.01992 0.01212 0.007355 0.004361 0.002593 0.001553 0.0009624 0.0007219 0.0006632 0.0007233 0.0009289 0.001329 0.001772 0.003222 0.004042 0.00487 0.005064 0.005658 0.005309 0.004846 0.004101 0.003977 0.003686 0.003306 0.002672 0.002286 0.001878 0.00167 1 1 1 1 1 1 1 1 1 1 1 1 1 1 1 1 1 1 1 1 1 1 1 1 1 1 .
begin job of lepCalProducer
initializing all the rochester correction objects
initializing the egamma calibrator
Processed  3250000/ 7909105 entries (elapsed time     0.5s, curr speed   20.000 kHz, avg speed 6500.000 kHz), accepted        1/       1 events (100.00%)
Processed  3260000/ 7909105 entries (elapsed time    29.1s, curr speed    0.350 kHz, avg speed  112.066 kHz), accepted    10001/   10001 events (100.00%)
Processed  3270000/ 7909105 entries (elapsed time    60.2s, curr speed    0.322 kHz, avg speed   54.355 kHz), accepted    20001/   20001 events (100.00%)
Processed  3280000/ 7909105 entries (elapsed time    89.8s, curr speed    0.337 kHz, avg speed   36.526 kHz), accepted    30001/   30001 events (100.00%)
Processed  3290000/ 7909105 entries (elapsed time   120.2s, curr speed    0.329 kHz, avg speed   27.371 kHz), accepted    40001/   40001 events (100.00%)
Processed  3300000/ 7909105 entries (elapsed time   150.2s, curr speed    0.333 kHz, avg speed   21.972 kHz), accepted    50001/   50001 events (100.00%)
Processed  3310000/ 7909105 entries (elapsed time   180.5s, curr speed    0.330 kHz, avg speed   18.335 kHz), accepted    60001/   60001 events (100.00%)
Processed  3320000/ 7909105 entries (elapsed time   211.8s, curr speed    0.319 kHz, avg speed   15.671 kHz), accepted    70001/   70001 events (100.00%)
Processed  3330000/ 7909105 entries (elapsed time   239.8s, curr speed    0.358 kHz, avg speed   13.888 kHz), accepted    80001/   80001 events (100.00%)
Processed  3340000/ 7909105 entries (elapsed time   265.0s, curr speed    0.396 kHz, avg speed   12.603 kHz), accepted    90001/   90001 events (100.00%)
Processed  3350000/ 7909105 entries (elapsed time   292.1s, curr speed    0.369 kHz, avg speed   11.469 kHz), accepted   100001/  100001 events (100.00%)
Processed  3360000/ 7909105 entries (elapsed time   318.0s, curr speed    0.386 kHz, avg speed   10.566 kHz), accepted   110001/  110001 events (100.00%)
Processed  3370000/ 7909105 entries (elapsed time   344.4s, curr speed    0.380 kHz, avg speed    9.786 kHz), accepted   120001/  120001 events (100.00%)
Processed  3380000/ 7909105 entries (elapsed time   370.2s, curr speed    0.387 kHz, avg speed    9.131 kHz), accepted   130001/  130001 events (100.00%)
Processed  3390000/ 7909105 entries (elapsed time   396.6s, curr speed    0.378 kHz, avg speed    8.547 kHz), accepted   140001/  140001 events (100.00%)
Processed  3400000/ 7909105 entries (elapsed time   422.4s, curr speed    0.388 kHz, avg speed    8.049 kHz), accepted   150001/  150001 events (100.00%)
Processed  3410000/ 7909105 entries (elapsed time   490.3s, curr speed    0.147 kHz, avg speed    6.955 kHz), accepted   160001/  160001 events (100.00%)
Processed  3420000/ 7909105 entries (elapsed time   516.6s, curr speed    0.381 kHz, avg speed    6.620 kHz), accepted   170001/  170001 events (100.00%)
Processed  3430000/ 7909105 entries (elapsed time   541.9s, curr speed    0.394 kHz, avg speed    6.329 kHz), accepted   180001/  180001 events (100.00%)
Processed  3440000/ 7909105 entries (elapsed time   566.4s, curr speed    0.409 kHz, avg speed    6.074 kHz), accepted   190001/  190001 events (100.00%)
Processed  3450000/ 7909105 entries (elapsed time   591.0s, curr speed    0.407 kHz, avg speed    5.838 kHz), accepted   200001/  200001 events (100.00%)
Processed  3460000/ 7909105 entries (elapsed time   617.0s, curr speed    0.385 kHz, avg speed    5.608 kHz), accepted   210001/  210001 events (100.00%)
Processed  3470000/ 7909105 entries (elapsed time   642.0s, curr speed    0.399 kHz, avg speed    5.405 kHz), accepted   220001/  220001 events (100.00%)
Processed  3480000/ 7909105 entries (elapsed time   707.8s, curr speed    0.152 kHz, avg speed    4.917 kHz), accepted   230001/  230001 events (100.00%)
Processed  3490000/ 7909105 entries (elapsed time   733.9s, curr speed    0.383 kHz, avg speed    4.755 kHz), accepted   240001/  240001 events (100.00%)
Processed 250000 entries from MY_EOS_SPACE/heppyNtuples/TREES_DiBosons_exclusive_94X/WZTo1L1Nu2Q_part1/treeProducerWMass/tree.root, selected 250000 entries
Done MY_EOS_SPACE/heppyNtuples/TREES_DiBosons_exclusive_94X/friends/tree_Friend_WZTo1L1Nu2Q_part1.chunk13.root
