000 (334264.001.000) 05/14 16:10:41 Job submitted from host: <188.184.95.166:9618?addrs=188.184.95.166-9618+[2001-1458-201-e4--100-7a0]-9618&alias=tbird02.cern.ch&noUDP&sock=schedd_2138722_faad_3>
...
040 (334264.001.000) 05/14 16:12:32 Started transferring input files
	Transferring to host: <188.184.132.27:9618?addrs=188.184.132.27-9618+[2001-1458-301-a0--100-29]-9618&noUDP&sock=4226_5965_128139>
...
040 (334264.001.000) 05/14 16:12:32 Finished transferring input files
...
001 (334264.001.000) 05/14 16:12:33 Job executing on host: <188.184.132.27:9618?addrs=188.184.132.27-9618+[2001-1458-301-a0--100-29]-9618&noUDP&sock=2324_a630_3>
...
006 (334264.001.000) 05/14 16:12:42 Image size of job updated: 233396
	151  -  MemoryUsage of job (MB)
	154392  -  ResidentSetSize of job (KB)
...
006 (334264.001.000) 05/14 16:17:43 Image size of job updated: 510580
	496  -  MemoryUsage of job (MB)
	506884  -  ResidentSetSize of job (KB)
...
006 (334264.001.000) 05/14 16:22:43 Image size of job updated: 512736
	498  -  MemoryUsage of job (MB)
	509040  -  ResidentSetSize of job (KB)
...
040 (334264.001.000) 05/14 16:24:15 Started transferring output files
...
040 (334264.001.000) 05/14 16:24:15 Finished transferring output files
...
005 (334264.001.000) 05/14 16:24:15 Job terminated.
	(1) Normal termination (return value 1)
		Usr 0 00:10:09, Sys 0 00:01:04  -  Run Remote Usage
		Usr 0 00:00:00, Sys 0 00:00:00  -  Run Local Usage
		Usr 0 00:10:09, Sys 0 00:01:04  -  Total Remote Usage
		Usr 0 00:00:00, Sys 0 00:00:00  -  Total Local Usage
	8487  -  Run Bytes Sent By Job
	10917  -  Run Bytes Received By Job
	8487  -  Total Bytes Sent By Job
	10917  -  Total Bytes Received By Job
	Partitionable Resources :    Usage  Request Allocated 
	   Cpus                 :                 1           
	   Disk (KB)            :       71        1   2174319 
	   Memory (MB)          :      498     2000      2000 
...
