   WZTo1L1Nu2Q_part1   MC  32 chunks


I have 1 taks to process
I'm using the following list of modules DEFAULT_MODULES
this is jobs [('WZTo1L1Nu2Q_part1', 'MY_EOS_SPACE/heppyNtuples/TREES_DiBosons_exclusive_94X/WZTo1L1Nu2Q_part1/treeProducerWMass/tree.root', 317904973.86988693, '_Friend_WZTo1L1Nu2Q_part1.chunk25', False, xrange(6250000, 6500000), 25)]
Modules to run:  []   name =  puWeight
Loading puWeight from CMGTools.WMass.postprocessing.examples.puWeightProducer 
Running on dataset =  WZTo1L1Nu2Q_part1
TFile: name=/afs/cern.ch/work/m/mciprian/w_mass_analysis/heppy/rel_slc7/CMSSW_9_4_12/src/CMGTools/WMass/python/postprocessing/data/pileup/mcPU_2016_W94XnoCutsWithGenWeights_nTrueInt.root, title=, option=READ
TFile: name=/afs/cern.ch/work/m/mciprian/w_mass_analysis/heppy/rel_slc7/CMSSW_9_4_12/src/CMGTools/WMass/python/postprocessing/data/pileup/PileupData_GoldenMuonJSON_Full2016.root, title=, option=READ
Load C++ Worker
Modules to run:  []   name =  muCalibratedWithStatVar
Loading muCalibratedWithStatVar from CMGTools.WMass.postprocessing.examples.lepVarProducer 
Running on dataset =  WZTo1L1Nu2Q_part1
did not find EnergyScaleCorrection shared object, rebuilding
trying to load all the rochester correction libraries
did not find legacy data roccor. rebuilding...
done building legacy data roccor.
Modules to run:  []   name =  jetAllReCleaner
Loading jetAllReCleaner from CMGTools.WMass.postprocessing.examples.jetReCleaner 
Running on dataset =  WZTo1L1Nu2Q_part1
Load C++ Worker
Modules to run:  []   name =  jetReCleaner
Loading jetReCleaner from CMGTools.WMass.postprocessing.examples.jetReCleaner 
Running on dataset =  WZTo1L1Nu2Q_part1
Load C++ Worker
Modules to run:  []   name =  genQEDJets
Loading genQEDJets from CMGTools.WMass.postprocessing.examples.genFriendProducer 
Running on dataset =  WZTo1L1Nu2Q_part1
Will write selected trees to MY_EOS_SPACE/heppyNtuples/TREES_DiBosons_exclusive_94X/friends/
Normalization of nTrueInt_Wnopt: 3.68902e+10
Normalization of pileup: 3.68902e+10
Weights for variable nTrueInt_Wnopt with a number of bins equal to 102:
1 0.3634 0.9215 1.196 0.96 1.118 1.157 0.9675 0.9293 0.9192 0.8823 0.9553 1.062 1.116 1.167 1.194 1.2 1.193 1.177 1.14 1.092 1.06 1.047 1.046 1.047 1.048 1.06 1.077 1.092 1.106 1.122 1.108 1.097 1.051 0.992 0.9144 0.8237 0.7175 0.6087 0.5019 0.4029 0.3076 0.2264 0.1622 0.1123 0.07656 0.05052 0.03159 0.01992 0.01212 0.007355 0.004361 0.002593 0.001553 0.0009624 0.0007219 0.0006632 0.0007233 0.0009289 0.001329 0.001772 0.003222 0.004042 0.00487 0.005064 0.005658 0.005309 0.004846 0.004101 0.003977 0.003686 0.003306 0.002672 0.002286 0.001878 0.00167 1 1 1 1 1 1 1 1 1 1 1 1 1 1 1 1 1 1 1 1 1 1 1 1 1 1 .
Final weights: 
1 0.3634 0.9215 1.196 0.96 1.118 1.157 0.9675 0.9293 0.9192 0.8823 0.9553 1.062 1.116 1.167 1.194 1.2 1.193 1.177 1.14 1.092 1.06 1.047 1.046 1.047 1.048 1.06 1.077 1.092 1.106 1.122 1.108 1.097 1.051 0.992 0.9144 0.8237 0.7175 0.6087 0.5019 0.4029 0.3076 0.2264 0.1622 0.1123 0.07656 0.05052 0.03159 0.01992 0.01212 0.007355 0.004361 0.002593 0.001553 0.0009624 0.0007219 0.0006632 0.0007233 0.0009289 0.001329 0.001772 0.003222 0.004042 0.00487 0.005064 0.005658 0.005309 0.004846 0.004101 0.003977 0.003686 0.003306 0.002672 0.002286 0.001878 0.00167 1 1 1 1 1 1 1 1 1 1 1 1 1 1 1 1 1 1 1 1 1 1 1 1 1 1 .
begin job of lepCalProducer
initializing all the rochester correction objects
initializing the egamma calibrator
Processed  6250000/ 7909105 entries (elapsed time     0.4s, curr speed   22.727 kHz, avg speed 14204.545 kHz), accepted        1/       1 events (100.00%)
Processed  6260000/ 7909105 entries (elapsed time    32.6s, curr speed    0.311 kHz, avg speed  191.966 kHz), accepted    10001/   10001 events (100.00%)
Processed  6270000/ 7909105 entries (elapsed time    65.3s, curr speed    0.306 kHz, avg speed   96.077 kHz), accepted    20001/   20001 events (100.00%)
Processed  6280000/ 7909105 entries (elapsed time    98.3s, curr speed    0.303 kHz, avg speed   63.893 kHz), accepted    30001/   30001 events (100.00%)
Processed  6290000/ 7909105 entries (elapsed time   131.7s, curr speed    0.299 kHz, avg speed   47.749 kHz), accepted    40001/   40001 events (100.00%)
Processed  6300000/ 7909105 entries (elapsed time   164.0s, curr speed    0.310 kHz, avg speed   38.412 kHz), accepted    50001/   50001 events (100.00%)
Processed  6310000/ 7909105 entries (elapsed time   196.1s, curr speed    0.312 kHz, avg speed   32.176 kHz), accepted    60001/   60001 events (100.00%)
Processed  6320000/ 7909105 entries (elapsed time   228.9s, curr speed    0.305 kHz, avg speed   27.616 kHz), accepted    70001/   70001 events (100.00%)
Processed  6330000/ 7909105 entries (elapsed time   259.8s, curr speed    0.323 kHz, avg speed   24.366 kHz), accepted    80001/   80001 events (100.00%)
Processed  6340000/ 7909105 entries (elapsed time   287.5s, curr speed    0.361 kHz, avg speed   22.054 kHz), accepted    90001/   90001 events (100.00%)
Processed  6350000/ 7909105 entries (elapsed time   315.7s, curr speed    0.354 kHz, avg speed   20.113 kHz), accepted   100001/  100001 events (100.00%)
Processed  6360000/ 7909105 entries (elapsed time   343.4s, curr speed    0.361 kHz, avg speed   18.520 kHz), accepted   110001/  110001 events (100.00%)
Processed  6370000/ 7909105 entries (elapsed time   370.9s, curr speed    0.364 kHz, avg speed   17.176 kHz), accepted   120001/  120001 events (100.00%)
Processed  6380000/ 7909105 entries (elapsed time   399.1s, curr speed    0.354 kHz, avg speed   15.987 kHz), accepted   130001/  130001 events (100.00%)
Processed  6390000/ 7909105 entries (elapsed time   426.0s, curr speed    0.372 kHz, avg speed   15.001 kHz), accepted   140001/  140001 events (100.00%)
Processed  6400000/ 7909105 entries (elapsed time   453.3s, curr speed    0.366 kHz, avg speed   14.119 kHz), accepted   150001/  150001 events (100.00%)
Processed  6410000/ 7909105 entries (elapsed time   524.0s, curr speed    0.141 kHz, avg speed   12.232 kHz), accepted   160001/  160001 events (100.00%)
Processed  6420000/ 7909105 entries (elapsed time   552.4s, curr speed    0.353 kHz, avg speed   11.623 kHz), accepted   170001/  170001 events (100.00%)
Processed  6430000/ 7909105 entries (elapsed time   580.4s, curr speed    0.356 kHz, avg speed   11.078 kHz), accepted   180001/  180001 events (100.00%)
Processed  6440000/ 7909105 entries (elapsed time   607.6s, curr speed    0.368 kHz, avg speed   10.599 kHz), accepted   190001/  190001 events (100.00%)
Processed  6450000/ 7909105 entries (elapsed time   636.0s, curr speed    0.352 kHz, avg speed   10.141 kHz), accepted   200001/  200001 events (100.00%)
Processed  6460000/ 7909105 entries (elapsed time   665.2s, curr speed    0.343 kHz, avg speed    9.711 kHz), accepted   210001/  210001 events (100.00%)
Processed  6470000/ 7909105 entries (elapsed time   693.6s, curr speed    0.352 kHz, avg speed    9.328 kHz), accepted   220001/  220001 events (100.00%)
Processed  6480000/ 7909105 entries (elapsed time   765.3s, curr speed    0.139 kHz, avg speed    8.467 kHz), accepted   230001/  230001 events (100.00%)
Processed  6490000/ 7909105 entries (elapsed time   793.0s, curr speed    0.362 kHz, avg speed    8.184 kHz), accepted   240001/  240001 events (100.00%)
Processed 250000 entries from MY_EOS_SPACE/heppyNtuples/TREES_DiBosons_exclusive_94X/WZTo1L1Nu2Q_part1/treeProducerWMass/tree.root, selected 250000 entries
Done MY_EOS_SPACE/heppyNtuples/TREES_DiBosons_exclusive_94X/friends/tree_Friend_WZTo1L1Nu2Q_part1.chunk25.root
