000 (334262.006.000) 05/14 16:10:40 Job submitted from host: <188.184.95.166:9618?addrs=188.184.95.166-9618+[2001-1458-201-e4--100-7a0]-9618&alias=tbird02.cern.ch&noUDP&sock=schedd_2138722_faad_3>
...
040 (334262.006.000) 05/14 16:12:29 Started transferring input files
	Transferring to host: <128.142.33.182:9618?addrs=128.142.33.182-9618+[2001-1458-301-117--100-304]-9618&noUDP&sock=13469_e0fd_103958>
...
040 (334262.006.000) 05/14 16:12:29 Finished transferring input files
...
001 (334262.006.000) 05/14 16:12:30 Job executing on host: <128.142.33.182:9618?addrs=128.142.33.182-9618+[2001-1458-301-117--100-304]-9618&noUDP&sock=13369_99b9_3>
...
006 (334262.006.000) 05/14 16:12:39 Image size of job updated: 170644
	101  -  MemoryUsage of job (MB)
	102644  -  ResidentSetSize of job (KB)
...
006 (334262.006.000) 05/14 16:17:40 Image size of job updated: 420204
	409  -  MemoryUsage of job (MB)
	418388  -  ResidentSetSize of job (KB)
...
006 (334262.006.000) 05/14 16:22:40 Image size of job updated: 551668
	537  -  MemoryUsage of job (MB)
	549852  -  ResidentSetSize of job (KB)
...
040 (334262.006.000) 05/14 16:26:27 Started transferring output files
...
040 (334262.006.000) 05/14 16:26:27 Finished transferring output files
...
005 (334262.006.000) 05/14 16:26:27 Job terminated.
	(1) Normal termination (return value 1)
		Usr 0 00:12:15, Sys 0 00:01:13  -  Run Remote Usage
		Usr 0 00:00:00, Sys 0 00:00:00  -  Run Local Usage
		Usr 0 00:12:15, Sys 0 00:01:13  -  Total Remote Usage
		Usr 0 00:00:00, Sys 0 00:00:00  -  Total Local Usage
	8521  -  Run Bytes Sent By Job
	10917  -  Run Bytes Received By Job
	8521  -  Total Bytes Sent By Job
	10917  -  Total Bytes Received By Job
	Partitionable Resources :    Usage  Request Allocated 
	   Cpus                 :                 1           
	   Disk (KB)            :       71        1   2184977 
	   Memory (MB)          :      537     2000      2000 
...
