000 (334266.004.000) 05/14 16:10:42 Job submitted from host: <188.184.95.166:9618?addrs=188.184.95.166-9618+[2001-1458-201-e4--100-7a0]-9618&alias=tbird02.cern.ch&noUDP&sock=schedd_2138722_faad_3>
...
040 (334266.004.000) 05/14 16:12:46 Started transferring input files
	Transferring to host: <128.142.240.37:9618?addrs=128.142.240.37-9618+[2001-1458-301-f9--100-13]-9618&noUDP&sock=3989_5c7b_127970>
...
040 (334266.004.000) 05/14 16:12:46 Finished transferring input files
...
001 (334266.004.000) 05/14 16:12:47 Job executing on host: <128.142.240.37:9618?addrs=128.142.240.37-9618+[2001-1458-301-f9--100-13]-9618&noUDP&sock=2329_1429_3>
...
006 (334266.004.000) 05/14 16:12:55 Image size of job updated: 118732
	58  -  MemoryUsage of job (MB)
	59184  -  ResidentSetSize of job (KB)
...
006 (334266.004.000) 05/14 16:17:55 Image size of job updated: 597900
	500  -  MemoryUsage of job (MB)
	511600  -  ResidentSetSize of job (KB)
...
040 (334266.004.000) 05/14 16:20:47 Started transferring output files
...
040 (334266.004.000) 05/14 16:20:47 Finished transferring output files
...
005 (334266.004.000) 05/14 16:20:47 Job terminated.
	(1) Normal termination (return value 1)
		Usr 0 00:07:05, Sys 0 00:00:42  -  Run Remote Usage
		Usr 0 00:00:00, Sys 0 00:00:00  -  Run Local Usage
		Usr 0 00:07:05, Sys 0 00:00:42  -  Total Remote Usage
		Usr 0 00:00:00, Sys 0 00:00:00  -  Total Local Usage
	8525  -  Run Bytes Sent By Job
	10917  -  Run Bytes Received By Job
	8525  -  Total Bytes Sent By Job
	10917  -  Total Bytes Received By Job
	Partitionable Resources :    Usage  Request Allocated 
	   Cpus                 :                 1           
	   Disk (KB)            :       71        1   2172543 
	   Memory (MB)          :      500     2000      2000 
...
