   WZTo3LNu_ext_part2   MC  3 chunks


I have 1 taks to process
I'm using the following list of modules DEFAULT_MODULES
this is jobs [('WZTo3LNu_ext_part2', 'MY_EOS_SPACE/heppyNtuples/TREES_DiBosons_exclusive_94X/WZTo3LNu_ext_part2/treeProducerWMass/tree.root', 1481630.0, '_Friend_WZTo3LNu_ext_part2.chunk1', False, xrange(250000, 500000), 1)]
Modules to run:  []   name =  puWeight
Loading puWeight from CMGTools.WMass.postprocessing.examples.puWeightProducer 
Running on dataset =  WZTo3LNu_ext_part2
TFile: name=/afs/cern.ch/work/m/mciprian/w_mass_analysis/heppy/rel_slc7/CMSSW_9_4_12/src/CMGTools/WMass/python/postprocessing/data/pileup/mcPU_2016_W94XnoCutsWithGenWeights_nTrueInt.root, title=, option=READ
TFile: name=/afs/cern.ch/work/m/mciprian/w_mass_analysis/heppy/rel_slc7/CMSSW_9_4_12/src/CMGTools/WMass/python/postprocessing/data/pileup/PileupData_GoldenMuonJSON_Full2016.root, title=, option=READ
Load C++ Worker
Modules to run:  []   name =  muCalibratedWithStatVar
Loading muCalibratedWithStatVar from CMGTools.WMass.postprocessing.examples.lepVarProducer 
Running on dataset =  WZTo3LNu_ext_part2
did not find EnergyScaleCorrection shared object, rebuilding
trying to load all the rochester correction libraries
did not find legacy data roccor. rebuilding...
done building legacy data roccor.
Modules to run:  []   name =  jetAllReCleaner
Loading jetAllReCleaner from CMGTools.WMass.postprocessing.examples.jetReCleaner 
Running on dataset =  WZTo3LNu_ext_part2
Load C++ Worker
Modules to run:  []   name =  jetReCleaner
Loading jetReCleaner from CMGTools.WMass.postprocessing.examples.jetReCleaner 
Running on dataset =  WZTo3LNu_ext_part2
Load C++ Worker
Modules to run:  []   name =  genQEDJets
Loading genQEDJets from CMGTools.WMass.postprocessing.examples.genFriendProducer 
Running on dataset =  WZTo3LNu_ext_part2
Will write selected trees to MY_EOS_SPACE/heppyNtuples/TREES_DiBosons_exclusive_94X/friends/
Normalization of nTrueInt_Wnopt: 3.68902e+10
Normalization of pileup: 3.68902e+10
Weights for variable nTrueInt_Wnopt with a number of bins equal to 102:
1 0.3634 0.9215 1.196 0.96 1.118 1.157 0.9675 0.9293 0.9192 0.8823 0.9553 1.062 1.116 1.167 1.194 1.2 1.193 1.177 1.14 1.092 1.06 1.047 1.046 1.047 1.048 1.06 1.077 1.092 1.106 1.122 1.108 1.097 1.051 0.992 0.9144 0.8237 0.7175 0.6087 0.5019 0.4029 0.3076 0.2264 0.1622 0.1123 0.07656 0.05052 0.03159 0.01992 0.01212 0.007355 0.004361 0.002593 0.001553 0.0009624 0.0007219 0.0006632 0.0007233 0.0009289 0.001329 0.001772 0.003222 0.004042 0.00487 0.005064 0.005658 0.005309 0.004846 0.004101 0.003977 0.003686 0.003306 0.002672 0.002286 0.001878 0.00167 1 1 1 1 1 1 1 1 1 1 1 1 1 1 1 1 1 1 1 1 1 1 1 1 1 1 .
Final weights: 
1 0.3634 0.9215 1.196 0.96 1.118 1.157 0.9675 0.9293 0.9192 0.8823 0.9553 1.062 1.116 1.167 1.194 1.2 1.193 1.177 1.14 1.092 1.06 1.047 1.046 1.047 1.048 1.06 1.077 1.092 1.106 1.122 1.108 1.097 1.051 0.992 0.9144 0.8237 0.7175 0.6087 0.5019 0.4029 0.3076 0.2264 0.1622 0.1123 0.07656 0.05052 0.03159 0.01992 0.01212 0.007355 0.004361 0.002593 0.001553 0.0009624 0.0007219 0.0006632 0.0007233 0.0009289 0.001329 0.001772 0.003222 0.004042 0.00487 0.005064 0.005658 0.005309 0.004846 0.004101 0.003977 0.003686 0.003306 0.002672 0.002286 0.001878 0.00167 1 1 1 1 1 1 1 1 1 1 1 1 1 1 1 1 1 1 1 1 1 1 1 1 1 1 .
begin job of lepCalProducer
initializing all the rochester correction objects
initializing the egamma calibrator
Processed   250000/  676690 entries (elapsed time     0.5s, curr speed   20.833 kHz, avg speed  520.833 kHz), accepted        1/       1 events (100.00%)
Processed   260000/  676690 entries (elapsed time    32.6s, curr speed    0.312 kHz, avg speed    7.985 kHz), accepted    10001/   10001 events (100.00%)
Processed   270000/  676690 entries (elapsed time    65.2s, curr speed    0.307 kHz, avg speed    4.144 kHz), accepted    20001/   20001 events (100.00%)
Processed   280000/  676690 entries (elapsed time    98.4s, curr speed    0.300 kHz, avg speed    2.844 kHz), accepted    30001/   30001 events (100.00%)
Processed   290000/  676690 entries (elapsed time   130.7s, curr speed    0.310 kHz, avg speed    2.219 kHz), accepted    40001/   40001 events (100.00%)
Processed   300000/  676690 entries (elapsed time   164.0s, curr speed    0.300 kHz, avg speed    1.829 kHz), accepted    50001/   50001 events (100.00%)
Processed   310000/  676690 entries (elapsed time   197.9s, curr speed    0.295 kHz, avg speed    1.567 kHz), accepted    60001/   60001 events (100.00%)
Processed   320000/  676690 entries (elapsed time   224.6s, curr speed    0.375 kHz, avg speed    1.425 kHz), accepted    70001/   70001 events (100.00%)
Processed   330000/  676690 entries (elapsed time   251.1s, curr speed    0.377 kHz, avg speed    1.314 kHz), accepted    80001/   80001 events (100.00%)
Processed   340000/  676690 entries (elapsed time   277.9s, curr speed    0.374 kHz, avg speed    1.224 kHz), accepted    90001/   90001 events (100.00%)
Processed   350000/  676690 entries (elapsed time   304.2s, curr speed    0.380 kHz, avg speed    1.151 kHz), accepted   100001/  100001 events (100.00%)
Processed   360000/  676690 entries (elapsed time   330.9s, curr speed    0.375 kHz, avg speed    1.088 kHz), accepted   110001/  110001 events (100.00%)
Processed   370000/  676690 entries (elapsed time   400.5s, curr speed    0.144 kHz, avg speed    0.924 kHz), accepted   120001/  120001 events (100.00%)
Processed   380000/  676690 entries (elapsed time   426.7s, curr speed    0.381 kHz, avg speed    0.891 kHz), accepted   130001/  130001 events (100.00%)
Processed   390000/  676690 entries (elapsed time   453.7s, curr speed    0.370 kHz, avg speed    0.860 kHz), accepted   140001/  140001 events (100.00%)
Processed   400000/  676690 entries (elapsed time   480.5s, curr speed    0.374 kHz, avg speed    0.833 kHz), accepted   150001/  150001 events (100.00%)
Processed   410000/  676690 entries (elapsed time   507.6s, curr speed    0.369 kHz, avg speed    0.808 kHz), accepted   160001/  160001 events (100.00%)
Processed   420000/  676690 entries (elapsed time   534.5s, curr speed    0.372 kHz, avg speed    0.786 kHz), accepted   170001/  170001 events (100.00%)
Processed   430000/  676690 entries (elapsed time   604.2s, curr speed    0.143 kHz, avg speed    0.712 kHz), accepted   180001/  180001 events (100.00%)
Processed   440000/  676690 entries (elapsed time   631.0s, curr speed    0.373 kHz, avg speed    0.697 kHz), accepted   190001/  190001 events (100.00%)
Processed   450000/  676690 entries (elapsed time   657.7s, curr speed    0.375 kHz, avg speed    0.684 kHz), accepted   200001/  200001 events (100.00%)
Processed   460000/  676690 entries (elapsed time   684.4s, curr speed    0.374 kHz, avg speed    0.672 kHz), accepted   210001/  210001 events (100.00%)
Processed   470000/  676690 entries (elapsed time   710.7s, curr speed    0.381 kHz, avg speed    0.661 kHz), accepted   220001/  220001 events (100.00%)
Processed   480000/  676690 entries (elapsed time   737.3s, curr speed    0.375 kHz, avg speed    0.651 kHz), accepted   230001/  230001 events (100.00%)
Processed   490000/  676690 entries (elapsed time   807.1s, curr speed    0.143 kHz, avg speed    0.607 kHz), accepted   240001/  240001 events (100.00%)
Processed 250000 entries from MY_EOS_SPACE/heppyNtuples/TREES_DiBosons_exclusive_94X/WZTo3LNu_ext_part2/treeProducerWMass/tree.root, selected 250000 entries
Done MY_EOS_SPACE/heppyNtuples/TREES_DiBosons_exclusive_94X/friends/tree_Friend_WZTo3LNu_ext_part2.chunk1.root
