000 (334266.013.000) 05/14 16:10:42 Job submitted from host: <188.184.95.166:9618?addrs=188.184.95.166-9618+[2001-1458-201-e4--100-7a0]-9618&alias=tbird02.cern.ch&noUDP&sock=schedd_2138722_faad_3>
...
040 (334266.013.000) 05/14 16:12:48 Started transferring input files
	Transferring to host: <188.184.133.232:9618?addrs=188.184.133.232-9618+[2001-1458-301-a0--100-1ef]-9618&noUDP&sock=12999_b8aa_104915>
...
040 (334266.013.000) 05/14 16:12:48 Finished transferring input files
...
001 (334266.013.000) 05/14 16:12:49 Job executing on host: <188.184.133.232:9618?addrs=188.184.133.232-9618+[2001-1458-301-a0--100-1ef]-9618&noUDP&sock=12792_d394_3>
...
006 (334266.013.000) 05/14 16:12:58 Image size of job updated: 265960
	185  -  MemoryUsage of job (MB)
	189004  -  ResidentSetSize of job (KB)
...
006 (334266.013.000) 05/14 16:17:58 Image size of job updated: 497636
	406  -  MemoryUsage of job (MB)
	414864  -  ResidentSetSize of job (KB)
...
006 (334266.013.000) 05/14 16:22:58 Image size of job updated: 594684
	500  -  MemoryUsage of job (MB)
	511912  -  ResidentSetSize of job (KB)
...
040 (334266.013.000) 05/14 16:26:31 Started transferring output files
...
040 (334266.013.000) 05/14 16:26:31 Finished transferring output files
...
005 (334266.013.000) 05/14 16:26:31 Job terminated.
	(1) Normal termination (return value 1)
		Usr 0 00:12:05, Sys 0 00:01:06  -  Run Remote Usage
		Usr 0 00:00:00, Sys 0 00:00:00  -  Run Local Usage
		Usr 0 00:12:05, Sys 0 00:01:06  -  Total Remote Usage
		Usr 0 00:00:00, Sys 0 00:00:00  -  Total Local Usage
	8528  -  Run Bytes Sent By Job
	10917  -  Run Bytes Received By Job
	8528  -  Total Bytes Sent By Job
	10917  -  Total Bytes Received By Job
	Partitionable Resources :    Usage  Request Allocated 
	   Cpus                 :                 1           
	   Disk (KB)            :       71        1   2186948 
	   Memory (MB)          :      500     2000      2000 
...
