000 (334261.013.000) 05/14 16:10:40 Job submitted from host: <188.184.95.166:9618?addrs=188.184.95.166-9618+[2001-1458-201-e4--100-7a0]-9618&alias=tbird02.cern.ch&noUDP&sock=schedd_2138722_faad_3>
...
040 (334261.013.000) 05/14 16:12:21 Started transferring input files
	Transferring to host: <128.142.240.40:9618?addrs=128.142.240.40-9618+[2001-1458-301-f9--100-6]-9618&noUDP&sock=4031_f43d_128320>
...
040 (334261.013.000) 05/14 16:12:21 Finished transferring input files
...
001 (334261.013.000) 05/14 16:12:22 Job executing on host: <128.142.240.40:9618?addrs=128.142.240.40-9618+[2001-1458-301-f9--100-6]-9618&noUDP&sock=2328_6491_3>
...
006 (334261.013.000) 05/14 16:12:31 Image size of job updated: 203468
	122  -  MemoryUsage of job (MB)
	124852  -  ResidentSetSize of job (KB)
...
006 (334261.013.000) 05/14 16:17:32 Image size of job updated: 423224
	410  -  MemoryUsage of job (MB)
	419744  -  ResidentSetSize of job (KB)
...
006 (334261.013.000) 05/14 16:22:33 Image size of job updated: 558112
	542  -  MemoryUsage of job (MB)
	554632  -  ResidentSetSize of job (KB)
...
040 (334261.013.000) 05/14 16:25:43 Started transferring output files
...
040 (334261.013.000) 05/14 16:25:43 Finished transferring output files
...
005 (334261.013.000) 05/14 16:25:43 Job terminated.
	(1) Normal termination (return value 1)
		Usr 0 00:11:37, Sys 0 00:01:08  -  Run Remote Usage
		Usr 0 00:00:00, Sys 0 00:00:00  -  Run Local Usage
		Usr 0 00:11:37, Sys 0 00:01:08  -  Total Remote Usage
		Usr 0 00:00:00, Sys 0 00:00:00  -  Total Local Usage
	8525  -  Run Bytes Sent By Job
	10917  -  Run Bytes Received By Job
	8525  -  Total Bytes Sent By Job
	10917  -  Total Bytes Received By Job
	Partitionable Resources :    Usage  Request Allocated 
	   Cpus                 :                 1           
	   Disk (KB)            :       71        1   2172341 
	   Memory (MB)          :      542     2000      2000 
...
