000 (334266.012.000) 05/14 16:10:42 Job submitted from host: <188.184.95.166:9618?addrs=188.184.95.166-9618+[2001-1458-201-e4--100-7a0]-9618&alias=tbird02.cern.ch&noUDP&sock=schedd_2138722_faad_3>
...
040 (334266.012.000) 05/14 16:12:47 Started transferring input files
	Transferring to host: <128.142.240.18:9618?addrs=128.142.240.18-9618+[2001-1458-301-f9--100-23]-9618&noUDP&sock=4085_007f_130577>
...
040 (334266.012.000) 05/14 16:12:47 Finished transferring input files
...
001 (334266.012.000) 05/14 16:12:48 Job executing on host: <128.142.240.18:9618?addrs=128.142.240.18-9618+[2001-1458-301-f9--100-23]-9618&noUDP&sock=2329_1429_3>
...
006 (334266.012.000) 05/14 16:12:57 Image size of job updated: 305120
	217  -  MemoryUsage of job (MB)
	221328  -  ResidentSetSize of job (KB)
...
006 (334266.012.000) 05/14 16:17:58 Image size of job updated: 499100
	405  -  MemoryUsage of job (MB)
	414600  -  ResidentSetSize of job (KB)
...
006 (334266.012.000) 05/14 16:22:58 Image size of job updated: 594732
	499  -  MemoryUsage of job (MB)
	510232  -  ResidentSetSize of job (KB)
...
040 (334266.012.000) 05/14 16:26:41 Started transferring output files
...
040 (334266.012.000) 05/14 16:26:41 Finished transferring output files
...
005 (334266.012.000) 05/14 16:26:41 Job terminated.
	(1) Normal termination (return value 1)
		Usr 0 00:12:19, Sys 0 00:01:04  -  Run Remote Usage
		Usr 0 00:00:00, Sys 0 00:00:00  -  Run Local Usage
		Usr 0 00:12:19, Sys 0 00:01:04  -  Total Remote Usage
		Usr 0 00:00:00, Sys 0 00:00:00  -  Total Local Usage
	8528  -  Run Bytes Sent By Job
	10917  -  Run Bytes Received By Job
	8528  -  Total Bytes Sent By Job
	10917  -  Total Bytes Received By Job
	Partitionable Resources :    Usage  Request Allocated 
	   Cpus                 :                 1           
	   Disk (KB)            :       71        1   2130389 
	   Memory (MB)          :      499     2000      2000 
...
