000 (334265.012.000) 05/14 16:10:42 Job submitted from host: <188.184.95.166:9618?addrs=188.184.95.166-9618+[2001-1458-201-e4--100-7a0]-9618&alias=tbird02.cern.ch&noUDP&sock=schedd_2138722_faad_3>
...
040 (334265.012.000) 05/14 16:12:42 Started transferring input files
	Transferring to host: <188.184.132.18:9618?addrs=188.184.132.18-9618+[--1]-9618&noUDP&sock=3156_6ff9_11137>
...
040 (334265.012.000) 05/14 16:12:42 Finished transferring input files
...
001 (334265.012.000) 05/14 16:12:43 Job executing on host: <188.184.132.18:9618?addrs=188.184.132.18-9618+[--1]-9618&noUDP&sock=2265_2e19_3>
...
006 (334265.012.000) 05/14 16:12:51 Image size of job updated: 112792
	53  -  MemoryUsage of job (MB)
	54092  -  ResidentSetSize of job (KB)
...
006 (334265.012.000) 05/14 16:17:51 Image size of job updated: 508228
	495  -  MemoryUsage of job (MB)
	506464  -  ResidentSetSize of job (KB)
...
040 (334265.012.000) 05/14 16:22:55 Started transferring output files
...
040 (334265.012.000) 05/14 16:22:55 Finished transferring output files
...
005 (334265.012.000) 05/14 16:22:55 Job terminated.
	(1) Normal termination (return value 1)
		Usr 0 00:08:50, Sys 0 00:01:03  -  Run Remote Usage
		Usr 0 00:00:00, Sys 0 00:00:00  -  Run Local Usage
		Usr 0 00:08:50, Sys 0 00:01:03  -  Total Remote Usage
		Usr 0 00:00:00, Sys 0 00:00:00  -  Total Local Usage
	14167  -  Run Bytes Sent By Job
	10917  -  Run Bytes Received By Job
	14167  -  Total Bytes Sent By Job
	10917  -  Total Bytes Received By Job
	Partitionable Resources :    Usage  Request Allocated 
	   Cpus                 :                 1           
	   Disk (KB)            :       73        1   2200482 
	   Memory (MB)          :      495     2000      2000 
...
