000 (334266.010.000) 05/14 16:10:42 Job submitted from host: <188.184.95.166:9618?addrs=188.184.95.166-9618+[2001-1458-201-e4--100-7a0]-9618&alias=tbird02.cern.ch&noUDP&sock=schedd_2138722_faad_3>
...
040 (334266.010.000) 05/14 16:12:47 Started transferring input files
	Transferring to host: <188.184.133.254:9618?addrs=188.184.133.254-9618+[--1]-9618&noUDP&sock=3291_8e9f_11099>
...
040 (334266.010.000) 05/14 16:12:47 Finished transferring input files
...
001 (334266.010.000) 05/14 16:12:48 Job executing on host: <188.184.133.254:9618?addrs=188.184.133.254-9618+[--1]-9618&noUDP&sock=2271_4bab_3>
...
006 (334266.010.000) 05/14 16:12:57 Image size of job updated: 268784
	187  -  MemoryUsage of job (MB)
	191408  -  ResidentSetSize of job (KB)
...
006 (334266.010.000) 05/14 16:17:58 Image size of job updated: 478304
	386  -  MemoryUsage of job (MB)
	395208  -  ResidentSetSize of job (KB)
...
006 (334266.010.000) 05/14 16:22:58 Image size of job updated: 594460
	500  -  MemoryUsage of job (MB)
	511364  -  ResidentSetSize of job (KB)
...
006 (334266.010.000) 05/14 16:27:59 Image size of job updated: 594460
	500  -  MemoryUsage of job (MB)
	511600  -  ResidentSetSize of job (KB)
...
040 (334266.010.000) 05/14 16:28:14 Started transferring output files
...
040 (334266.010.000) 05/14 16:28:14 Finished transferring output files
...
005 (334266.010.000) 05/14 16:28:14 Job terminated.
	(1) Normal termination (return value 1)
		Usr 0 00:12:59, Sys 0 00:01:16  -  Run Remote Usage
		Usr 0 00:00:00, Sys 0 00:00:00  -  Run Local Usage
		Usr 0 00:12:59, Sys 0 00:01:16  -  Total Remote Usage
		Usr 0 00:00:00, Sys 0 00:00:00  -  Total Local Usage
	13872  -  Run Bytes Sent By Job
	10917  -  Run Bytes Received By Job
	13872  -  Total Bytes Sent By Job
	10917  -  Total Bytes Received By Job
	Partitionable Resources :    Usage  Request Allocated 
	   Cpus                 :                 1           
	   Disk (KB)            :       73        1   2192982 
	   Memory (MB)          :      500     2000      2000 
...
