000 (334266.016.000) 05/14 16:10:42 Job submitted from host: <188.184.95.166:9618?addrs=188.184.95.166-9618+[2001-1458-201-e4--100-7a0]-9618&alias=tbird02.cern.ch&noUDP&sock=schedd_2138722_faad_3>
...
022 (334266.016.000) 05/14 16:12:50 Job disconnected, attempting to reconnect
    Socket between submit and execute hosts closed unexpectedly
    Trying to reconnect to slot1_3@b7g28n0314.cern.ch <188.184.132.28:9618?addrs=188.184.132.28-9618+[2001-1458-301-a0--100-d]-9618&noUDP&sock=2282_d735_3>
...
024 (334266.016.000) 05/14 16:12:50 Job reconnection failed
    Job not found at execution machine
    Can not reconnect to slot1_3@b7g28n0314.cern.ch, rescheduling job
...
040 (334266.016.000) 05/14 16:16:03 Started transferring input files
	Transferring to host: <188.184.132.9:9618?addrs=188.184.132.9-9618+[2001-1458-301-a0--100-2a]-9618&noUDP&sock=3928_6199_128272>
...
040 (334266.016.000) 05/14 16:16:03 Finished transferring input files
...
001 (334266.016.000) 05/14 16:16:04 Job executing on host: <188.184.132.9:9618?addrs=188.184.132.9-9618+[2001-1458-301-a0--100-2a]-9618&noUDP&sock=2365_c592_3>
...
006 (334266.016.000) 05/14 16:16:12 Image size of job updated: 111152
	52  -  MemoryUsage of job (MB)
	53228  -  ResidentSetSize of job (KB)
...
006 (334266.016.000) 05/14 16:21:12 Image size of job updated: 498816
	405  -  MemoryUsage of job (MB)
	414124  -  ResidentSetSize of job (KB)
...
006 (334266.016.000) 05/14 16:26:13 Image size of job updated: 519972
	499  -  MemoryUsage of job (MB)
	510924  -  ResidentSetSize of job (KB)
...
040 (334266.016.000) 05/14 16:29:25 Started transferring output files
...
040 (334266.016.000) 05/14 16:29:26 Finished transferring output files
...
005 (334266.016.000) 05/14 16:29:26 Job terminated.
	(1) Normal termination (return value 1)
		Usr 0 00:11:43, Sys 0 00:01:04  -  Run Remote Usage
		Usr 0 00:00:00, Sys 0 00:00:00  -  Run Local Usage
		Usr 0 00:11:43, Sys 0 00:01:04  -  Total Remote Usage
		Usr 0 00:00:00, Sys 0 00:00:00  -  Total Local Usage
	8528  -  Run Bytes Sent By Job
	10917  -  Run Bytes Received By Job
	8528  -  Total Bytes Sent By Job
	10917  -  Total Bytes Received By Job
	Partitionable Resources :    Usage  Request Allocated 
	   Cpus                 :                 1           
	   Disk (KB)            :       71        1   2137397 
	   Memory (MB)          :      499     2000      2000 
...
