000 (334265.010.000) 05/14 16:10:42 Job submitted from host: <188.184.95.166:9618?addrs=188.184.95.166-9618+[2001-1458-201-e4--100-7a0]-9618&alias=tbird02.cern.ch&noUDP&sock=schedd_2138722_faad_3>
...
040 (334265.010.000) 05/14 16:12:42 Started transferring input files
	Transferring to host: <128.142.240.65:9618?addrs=128.142.240.65-9618+[2001-1458-301-f9--100-27]-9618&noUDP&sock=4260_4e26_129439>
...
040 (334265.010.000) 05/14 16:12:42 Finished transferring input files
...
001 (334265.010.000) 05/14 16:12:43 Job executing on host: <128.142.240.65:9618?addrs=128.142.240.65-9618+[2001-1458-301-f9--100-27]-9618&noUDP&sock=2437_2863_3>
...
006 (334265.010.000) 05/14 16:12:51 Image size of job updated: 167608
	101  -  MemoryUsage of job (MB)
	102512  -  ResidentSetSize of job (KB)
...
006 (334265.010.000) 05/14 16:17:51 Image size of job updated: 507500
	493  -  MemoryUsage of job (MB)
	504056  -  ResidentSetSize of job (KB)
...
006 (334265.010.000) 05/14 16:20:20 Image size of job updated: 507500
	493  -  MemoryUsage of job (MB)
	504080  -  ResidentSetSize of job (KB)
...
040 (334265.010.000) 05/14 16:20:20 Started transferring output files
...
040 (334265.010.000) 05/14 16:20:20 Finished transferring output files
...
005 (334265.010.000) 05/14 16:20:20 Job terminated.
	(1) Normal termination (return value 1)
		Usr 0 00:06:37, Sys 0 00:00:49  -  Run Remote Usage
		Usr 0 00:00:00, Sys 0 00:00:00  -  Run Local Usage
		Usr 0 00:06:37, Sys 0 00:00:49  -  Total Remote Usage
		Usr 0 00:00:00, Sys 0 00:00:00  -  Total Local Usage
	8491  -  Run Bytes Sent By Job
	10917  -  Run Bytes Received By Job
	8491  -  Total Bytes Sent By Job
	10917  -  Total Bytes Received By Job
	Partitionable Resources :    Usage  Request Allocated 
	   Cpus                 :                 1           
	   Disk (KB)            :       71        1   2122194 
	   Memory (MB)          :      493     2000      2000 
...
