000 (334268.001.000) 05/14 16:10:43 Job submitted from host: <188.184.95.166:9618?addrs=188.184.95.166-9618+[2001-1458-201-e4--100-7a0]-9618&alias=tbird02.cern.ch&noUDP&sock=schedd_2138722_faad_3>
...
040 (334268.001.000) 05/14 16:12:57 Started transferring input files
	Transferring to host: <188.184.133.221:9618?addrs=188.184.133.221-9618+[2001-1458-301-a0--100-2a1]-9618&noUDP&sock=13129_516f_104118>
...
040 (334268.001.000) 05/14 16:12:57 Finished transferring input files
...
001 (334268.001.000) 05/14 16:12:58 Job executing on host: <188.184.133.221:9618?addrs=188.184.133.221-9618+[2001-1458-301-a0--100-2a1]-9618&noUDP&sock=12920_9fb3_3>
...
006 (334268.001.000) 05/14 16:13:07 Image size of job updated: 244908
	165  -  MemoryUsage of job (MB)
	168120  -  ResidentSetSize of job (KB)
...
006 (334268.001.000) 05/14 16:18:08 Image size of job updated: 490440
	398  -  MemoryUsage of job (MB)
	407376  -  ResidentSetSize of job (KB)
...
006 (334268.001.000) 05/14 16:23:08 Image size of job updated: 592092
	498  -  MemoryUsage of job (MB)
	509028  -  ResidentSetSize of job (KB)
...
040 (334268.001.000) 05/14 16:27:30 Started transferring output files
...
040 (334268.001.000) 05/14 16:27:30 Finished transferring output files
...
005 (334268.001.000) 05/14 16:27:30 Job terminated.
	(1) Normal termination (return value 1)
		Usr 0 00:12:42, Sys 0 00:01:09  -  Run Remote Usage
		Usr 0 00:00:00, Sys 0 00:00:00  -  Run Local Usage
		Usr 0 00:12:42, Sys 0 00:01:09  -  Total Remote Usage
		Usr 0 00:00:00, Sys 0 00:00:00  -  Total Local Usage
	8477  -  Run Bytes Sent By Job
	10917  -  Run Bytes Received By Job
	8477  -  Total Bytes Sent By Job
	10917  -  Total Bytes Received By Job
	Partitionable Resources :    Usage  Request Allocated 
	   Cpus                 :                 1           
	   Disk (KB)            :       71        1   2099046 
	   Memory (MB)          :      498     2000      2000 
...
