   ZZTo4L_ext_part2   MC  28 chunks


I have 1 taks to process
I'm using the following list of modules DEFAULT_MODULES
this is jobs [('ZZTo4L_ext_part2', 'MY_EOS_SPACE/heppyNtuples/TREES_DiBosons_exclusive_94X/ZZTo4L_ext_part2/treeProducerWMass/tree.root', 16833884.0, '_Friend_ZZTo4L_ext_part2.chunk18', False, xrange(4500000, 4750000), 18)]
Modules to run:  []   name =  puWeight
Loading puWeight from CMGTools.WMass.postprocessing.examples.puWeightProducer 
Running on dataset =  ZZTo4L_ext_part2
TFile: name=/afs/cern.ch/work/m/mciprian/w_mass_analysis/heppy/rel_slc7/CMSSW_9_4_12/src/CMGTools/WMass/python/postprocessing/data/pileup/mcPU_2016_W94XnoCutsWithGenWeights_nTrueInt.root, title=, option=READ
TFile: name=/afs/cern.ch/work/m/mciprian/w_mass_analysis/heppy/rel_slc7/CMSSW_9_4_12/src/CMGTools/WMass/python/postprocessing/data/pileup/PileupData_GoldenMuonJSON_Full2016.root, title=, option=READ
Load C++ Worker
Modules to run:  []   name =  muCalibratedWithStatVar
Loading muCalibratedWithStatVar from CMGTools.WMass.postprocessing.examples.lepVarProducer 
Running on dataset =  ZZTo4L_ext_part2
did not find EnergyScaleCorrection shared object, rebuilding
trying to load all the rochester correction libraries
did not find legacy data roccor. rebuilding...
done building legacy data roccor.
Modules to run:  []   name =  jetAllReCleaner
Loading jetAllReCleaner from CMGTools.WMass.postprocessing.examples.jetReCleaner 
Running on dataset =  ZZTo4L_ext_part2
Load C++ Worker
Modules to run:  []   name =  jetReCleaner
Loading jetReCleaner from CMGTools.WMass.postprocessing.examples.jetReCleaner 
Running on dataset =  ZZTo4L_ext_part2
Load C++ Worker
Modules to run:  []   name =  genQEDJets
Loading genQEDJets from CMGTools.WMass.postprocessing.examples.genFriendProducer 
Running on dataset =  ZZTo4L_ext_part2
Will write selected trees to MY_EOS_SPACE/heppyNtuples/TREES_DiBosons_exclusive_94X/friends/
Normalization of nTrueInt_Wnopt: 3.68902e+10
Normalization of pileup: 3.68902e+10
Weights for variable nTrueInt_Wnopt with a number of bins equal to 102:
1 0.3634 0.9215 1.196 0.96 1.118 1.157 0.9675 0.9293 0.9192 0.8823 0.9553 1.062 1.116 1.167 1.194 1.2 1.193 1.177 1.14 1.092 1.06 1.047 1.046 1.047 1.048 1.06 1.077 1.092 1.106 1.122 1.108 1.097 1.051 0.992 0.9144 0.8237 0.7175 0.6087 0.5019 0.4029 0.3076 0.2264 0.1622 0.1123 0.07656 0.05052 0.03159 0.01992 0.01212 0.007355 0.004361 0.002593 0.001553 0.0009624 0.0007219 0.0006632 0.0007233 0.0009289 0.001329 0.001772 0.003222 0.004042 0.00487 0.005064 0.005658 0.005309 0.004846 0.004101 0.003977 0.003686 0.003306 0.002672 0.002286 0.001878 0.00167 1 1 1 1 1 1 1 1 1 1 1 1 1 1 1 1 1 1 1 1 1 1 1 1 1 1 .
Final weights: 
1 0.3634 0.9215 1.196 0.96 1.118 1.157 0.9675 0.9293 0.9192 0.8823 0.9553 1.062 1.116 1.167 1.194 1.2 1.193 1.177 1.14 1.092 1.06 1.047 1.046 1.047 1.048 1.06 1.077 1.092 1.106 1.122 1.108 1.097 1.051 0.992 0.9144 0.8237 0.7175 0.6087 0.5019 0.4029 0.3076 0.2264 0.1622 0.1123 0.07656 0.05052 0.03159 0.01992 0.01212 0.007355 0.004361 0.002593 0.001553 0.0009624 0.0007219 0.0006632 0.0007233 0.0009289 0.001329 0.001772 0.003222 0.004042 0.00487 0.005064 0.005658 0.005309 0.004846 0.004101 0.003977 0.003686 0.003306 0.002672 0.002286 0.001878 0.00167 1 1 1 1 1 1 1 1 1 1 1 1 1 1 1 1 1 1 1 1 1 1 1 1 1 1 .
begin job of lepCalProducer
initializing all the rochester correction objects
initializing the egamma calibrator
Processed  4500000/ 6823641 entries (elapsed time     0.3s, curr speed   33.333 kHz, avg speed 15000.000 kHz), accepted        1/       1 events (100.00%)
Processed  4510000/ 6823641 entries (elapsed time    21.4s, curr speed    0.473 kHz, avg speed  210.354 kHz), accepted    10001/   10001 events (100.00%)
Processed  4520000/ 6823641 entries (elapsed time    42.6s, curr speed    0.473 kHz, avg speed  106.178 kHz), accepted    20001/   20001 events (100.00%)
Processed  4530000/ 6823641 entries (elapsed time    64.0s, curr speed    0.467 kHz, avg speed   70.792 kHz), accepted    30001/   30001 events (100.00%)
Processed  4540000/ 6823641 entries (elapsed time    84.8s, curr speed    0.482 kHz, avg speed   53.569 kHz), accepted    40001/   40001 events (100.00%)
Processed  4550000/ 6823641 entries (elapsed time   106.5s, curr speed    0.459 kHz, avg speed   42.707 kHz), accepted    50001/   50001 events (100.00%)
Processed  4560000/ 6823641 entries (elapsed time   125.1s, curr speed    0.539 kHz, avg speed   36.457 kHz), accepted    60001/   60001 events (100.00%)
Processed  4570000/ 6823641 entries (elapsed time   141.6s, curr speed    0.604 kHz, avg speed   32.265 kHz), accepted    70001/   70001 events (100.00%)
Processed  4580000/ 6823641 entries (elapsed time   159.0s, curr speed    0.577 kHz, avg speed   28.809 kHz), accepted    80001/   80001 events (100.00%)
Processed  4590000/ 6823641 entries (elapsed time   175.7s, curr speed    0.597 kHz, avg speed   26.121 kHz), accepted    90001/   90001 events (100.00%)
Processed  4600000/ 6823641 entries (elapsed time   192.5s, curr speed    0.595 kHz, avg speed   23.894 kHz), accepted   100001/  100001 events (100.00%)
Processed  4610000/ 6823641 entries (elapsed time   237.9s, curr speed    0.221 kHz, avg speed   19.380 kHz), accepted   110001/  110001 events (100.00%)
Processed  4620000/ 6823641 entries (elapsed time   254.3s, curr speed    0.608 kHz, avg speed   18.165 kHz), accepted   120001/  120001 events (100.00%)
Processed  4630000/ 6823641 entries (elapsed time   271.9s, curr speed    0.569 kHz, avg speed   17.028 kHz), accepted   130001/  130001 events (100.00%)
Processed  4640000/ 6823641 entries (elapsed time   288.3s, curr speed    0.609 kHz, avg speed   16.093 kHz), accepted   140001/  140001 events (100.00%)
Processed  4650000/ 6823641 entries (elapsed time   306.9s, curr speed    0.539 kHz, avg speed   15.152 kHz), accepted   150001/  150001 events (100.00%)
Processed  4660000/ 6823641 entries (elapsed time   351.7s, curr speed    0.223 kHz, avg speed   13.249 kHz), accepted   160001/  160001 events (100.00%)
Processed  4670000/ 6823641 entries (elapsed time   368.4s, curr speed    0.599 kHz, avg speed   12.675 kHz), accepted   170001/  170001 events (100.00%)
Processed  4680000/ 6823641 entries (elapsed time   385.6s, curr speed    0.581 kHz, avg speed   12.136 kHz), accepted   180001/  180001 events (100.00%)
Processed  4690000/ 6823641 entries (elapsed time   403.0s, curr speed    0.575 kHz, avg speed   11.637 kHz), accepted   190001/  190001 events (100.00%)
Processed  4700000/ 6823641 entries (elapsed time   419.9s, curr speed    0.593 kHz, avg speed   11.194 kHz), accepted   200001/  200001 events (100.00%)
Processed  4710000/ 6823641 entries (elapsed time   436.4s, curr speed    0.605 kHz, avg speed   10.793 kHz), accepted   210001/  210001 events (100.00%)
Processed  4720000/ 6823641 entries (elapsed time   481.4s, curr speed    0.222 kHz, avg speed    9.805 kHz), accepted   220001/  220001 events (100.00%)
Processed  4730000/ 6823641 entries (elapsed time   499.5s, curr speed    0.551 kHz, avg speed    9.469 kHz), accepted   230001/  230001 events (100.00%)
Processed  4740000/ 6823641 entries (elapsed time   518.2s, curr speed    0.536 kHz, avg speed    9.148 kHz), accepted   240001/  240001 events (100.00%)
Processed 250000 entries from MY_EOS_SPACE/heppyNtuples/TREES_DiBosons_exclusive_94X/ZZTo4L_ext_part2/treeProducerWMass/tree.root, selected 250000 entries
Done MY_EOS_SPACE/heppyNtuples/TREES_DiBosons_exclusive_94X/friends/tree_Friend_ZZTo4L_ext_part2.chunk18.root
