000 (334269.009.000) 05/14 16:10:44 Job submitted from host: <188.184.95.166:9618?addrs=188.184.95.166-9618+[2001-1458-201-e4--100-7a0]-9618&alias=tbird02.cern.ch&noUDP&sock=schedd_2138722_faad_3>
...
040 (334269.009.000) 05/14 16:13:01 Started transferring input files
	Transferring to host: <188.184.133.208:9618?addrs=188.184.133.208-9618+[2001-1458-301-a0--100-4df]-9618&noUDP&sock=23495_1a54_1712>
...
040 (334269.009.000) 05/14 16:13:01 Finished transferring input files
...
001 (334269.009.000) 05/14 16:13:02 Job executing on host: <188.184.133.208:9618?addrs=188.184.133.208-9618+[2001-1458-301-a0--100-4df]-9618&noUDP&sock=12853_aadb_3>
...
006 (334269.009.000) 05/14 16:13:11 Image size of job updated: 313868
	226  -  MemoryUsage of job (MB)
	231240  -  ResidentSetSize of job (KB)
...
006 (334269.009.000) 05/14 16:18:11 Image size of job updated: 599252
	505  -  MemoryUsage of job (MB)
	516568  -  ResidentSetSize of job (KB)
...
006 (334269.009.000) 05/14 16:23:02 Image size of job updated: 923804
	505  -  MemoryUsage of job (MB)
	516568  -  ResidentSetSize of job (KB)
...
040 (334269.009.000) 05/14 16:23:02 Started transferring output files
...
040 (334269.009.000) 05/14 16:23:02 Finished transferring output files
...
005 (334269.009.000) 05/14 16:23:02 Job terminated.
	(1) Normal termination (return value 1)
		Usr 0 00:08:49, Sys 0 00:00:51  -  Run Remote Usage
		Usr 0 00:00:00, Sys 0 00:00:00  -  Run Local Usage
		Usr 0 00:08:49, Sys 0 00:00:51  -  Total Remote Usage
		Usr 0 00:00:00, Sys 0 00:00:00  -  Total Local Usage
	8536  -  Run Bytes Sent By Job
	10917  -  Run Bytes Received By Job
	8536  -  Total Bytes Sent By Job
	10917  -  Total Bytes Received By Job
	Partitionable Resources :    Usage  Request Allocated 
	   Cpus                 :     0.99        1         1 
	   Disk (KB)            :    78           1    219125 
	   Memory (MB)          :   505        2000      2000 
...
