000 (334275.028.000) 05/14 16:10:47 Job submitted from host: <188.184.95.166:9618?addrs=188.184.95.166-9618+[2001-1458-201-e4--100-7a0]-9618&alias=tbird02.cern.ch&noUDP&sock=schedd_2138722_faad_3>
...
040 (334275.028.000) 05/14 16:20:07 Started transferring input files
	Transferring to host: <128.142.240.53:9618?addrs=128.142.240.53-9618+[2001-1458-301-f9--100-24]-9618&noUDP&sock=3930_ca59_128672>
...
040 (334275.028.000) 05/14 16:20:07 Finished transferring input files
...
001 (334275.028.000) 05/14 16:20:08 Job executing on host: <128.142.240.53:9618?addrs=128.142.240.53-9618+[2001-1458-301-f9--100-24]-9618&noUDP&sock=2329_1429_3>
...
006 (334275.028.000) 05/14 16:20:17 Image size of job updated: 332152
	244  -  MemoryUsage of job (MB)
	249348  -  ResidentSetSize of job (KB)
...
006 (334275.028.000) 05/14 16:25:18 Image size of job updated: 491924
	480  -  MemoryUsage of job (MB)
	491468  -  ResidentSetSize of job (KB)
...
006 (334275.028.000) 05/14 16:27:28 Image size of job updated: 492312
	480  -  MemoryUsage of job (MB)
	491468  -  ResidentSetSize of job (KB)
...
040 (334275.028.000) 05/14 16:27:28 Started transferring output files
...
040 (334275.028.000) 05/14 16:27:28 Finished transferring output files
...
005 (334275.028.000) 05/14 16:27:28 Job terminated.
	(1) Normal termination (return value 1)
		Usr 0 00:06:33, Sys 0 00:00:42  -  Run Remote Usage
		Usr 0 00:00:00, Sys 0 00:00:00  -  Run Local Usage
		Usr 0 00:06:33, Sys 0 00:00:42  -  Total Remote Usage
		Usr 0 00:00:00, Sys 0 00:00:00  -  Total Local Usage
	8507  -  Run Bytes Sent By Job
	10917  -  Run Bytes Received By Job
	8507  -  Total Bytes Sent By Job
	10917  -  Total Bytes Received By Job
	Partitionable Resources :    Usage  Request Allocated 
	   Cpus                 :                 1           
	   Disk (KB)            :       71        1   2136857 
	   Memory (MB)          :      480     2000      2000 
...
