000 (334278.009.000) 05/14 16:10:50 Job submitted from host: <188.184.95.166:9618?addrs=188.184.95.166-9618+[2001-1458-201-e4--100-7a0]-9618&alias=tbird02.cern.ch&noUDP&sock=schedd_2138722_faad_3>
...
040 (334278.009.000) 05/14 16:23:37 Started transferring input files
	Transferring to host: <188.184.186.15:9618?addrs=188.184.186.15-9618+[2001-1458-301-f8--100-3]-9618&noUDP&sock=4105_1800_128266>
...
040 (334278.009.000) 05/14 16:23:37 Finished transferring input files
...
001 (334278.009.000) 05/14 16:23:38 Job executing on host: <188.184.186.15:9618?addrs=188.184.186.15-9618+[2001-1458-301-f8--100-3]-9618&noUDP&sock=2328_6491_3>
...
006 (334278.009.000) 05/14 16:23:46 Image size of job updated: 257656
	175  -  MemoryUsage of job (MB)
	178476  -  ResidentSetSize of job (KB)
...
006 (334278.009.000) 05/14 16:28:46 Image size of job updated: 492232
	478  -  MemoryUsage of job (MB)
	489448  -  ResidentSetSize of job (KB)
...
040 (334278.009.000) 05/14 16:33:33 Started transferring output files
...
040 (334278.009.000) 05/14 16:33:33 Finished transferring output files
...
005 (334278.009.000) 05/14 16:33:33 Job terminated.
	(1) Normal termination (return value 1)
		Usr 0 00:08:43, Sys 0 00:00:51  -  Run Remote Usage
		Usr 0 00:00:00, Sys 0 00:00:00  -  Run Local Usage
		Usr 0 00:08:43, Sys 0 00:00:51  -  Total Remote Usage
		Usr 0 00:00:00, Sys 0 00:00:00  -  Total Local Usage
	8503  -  Run Bytes Sent By Job
	10917  -  Run Bytes Received By Job
	8503  -  Total Bytes Sent By Job
	10917  -  Total Bytes Received By Job
	Partitionable Resources :    Usage  Request Allocated 
	   Cpus                 :                 1           
	   Disk (KB)            :       71        1   2185318 
	   Memory (MB)          :      478     2000      2000 
...
