   ZZTo2L2Nu_ext_part3   MC  31 chunks


I have 1 taks to process
I'm using the following list of modules DEFAULT_MODULES
this is jobs [('ZZTo2L2Nu_ext_part3', 'MY_EOS_SPACE/heppyNtuples/TREES_DiBosons_exclusive_94X/ZZTo2L2Nu_ext_part3/treeProducerWMass/tree.root', 12876388.0, '_Friend_ZZTo2L2Nu_ext_part3.chunk7', False, xrange(1750000, 2000000), 7)]
Modules to run:  []   name =  puWeight
Loading puWeight from CMGTools.WMass.postprocessing.examples.puWeightProducer 
Running on dataset =  ZZTo2L2Nu_ext_part3
TFile: name=/afs/cern.ch/work/m/mciprian/w_mass_analysis/heppy/rel_slc7/CMSSW_9_4_12/src/CMGTools/WMass/python/postprocessing/data/pileup/mcPU_2016_W94XnoCutsWithGenWeights_nTrueInt.root, title=, option=READ
TFile: name=/afs/cern.ch/work/m/mciprian/w_mass_analysis/heppy/rel_slc7/CMSSW_9_4_12/src/CMGTools/WMass/python/postprocessing/data/pileup/PileupData_GoldenMuonJSON_Full2016.root, title=, option=READ
Load C++ Worker
Modules to run:  []   name =  muCalibratedWithStatVar
Loading muCalibratedWithStatVar from CMGTools.WMass.postprocessing.examples.lepVarProducer 
Running on dataset =  ZZTo2L2Nu_ext_part3
did not find EnergyScaleCorrection shared object, rebuilding
trying to load all the rochester correction libraries
did not find legacy data roccor. rebuilding...
done building legacy data roccor.
Modules to run:  []   name =  jetAllReCleaner
Loading jetAllReCleaner from CMGTools.WMass.postprocessing.examples.jetReCleaner 
Running on dataset =  ZZTo2L2Nu_ext_part3
Load C++ Worker
Modules to run:  []   name =  jetReCleaner
Loading jetReCleaner from CMGTools.WMass.postprocessing.examples.jetReCleaner 
Running on dataset =  ZZTo2L2Nu_ext_part3
Load C++ Worker
Modules to run:  []   name =  genQEDJets
Loading genQEDJets from CMGTools.WMass.postprocessing.examples.genFriendProducer 
Running on dataset =  ZZTo2L2Nu_ext_part3
Will write selected trees to MY_EOS_SPACE/heppyNtuples/TREES_DiBosons_exclusive_94X/friends/
Normalization of nTrueInt_Wnopt: 3.68902e+10
Normalization of pileup: 3.68902e+10
Weights for variable nTrueInt_Wnopt with a number of bins equal to 102:
1 0.3634 0.9215 1.196 0.96 1.118 1.157 0.9675 0.9293 0.9192 0.8823 0.9553 1.062 1.116 1.167 1.194 1.2 1.193 1.177 1.14 1.092 1.06 1.047 1.046 1.047 1.048 1.06 1.077 1.092 1.106 1.122 1.108 1.097 1.051 0.992 0.9144 0.8237 0.7175 0.6087 0.5019 0.4029 0.3076 0.2264 0.1622 0.1123 0.07656 0.05052 0.03159 0.01992 0.01212 0.007355 0.004361 0.002593 0.001553 0.0009624 0.0007219 0.0006632 0.0007233 0.0009289 0.001329 0.001772 0.003222 0.004042 0.00487 0.005064 0.005658 0.005309 0.004846 0.004101 0.003977 0.003686 0.003306 0.002672 0.002286 0.001878 0.00167 1 1 1 1 1 1 1 1 1 1 1 1 1 1 1 1 1 1 1 1 1 1 1 1 1 1 .
Final weights: 
1 0.3634 0.9215 1.196 0.96 1.118 1.157 0.9675 0.9293 0.9192 0.8823 0.9553 1.062 1.116 1.167 1.194 1.2 1.193 1.177 1.14 1.092 1.06 1.047 1.046 1.047 1.048 1.06 1.077 1.092 1.106 1.122 1.108 1.097 1.051 0.992 0.9144 0.8237 0.7175 0.6087 0.5019 0.4029 0.3076 0.2264 0.1622 0.1123 0.07656 0.05052 0.03159 0.01992 0.01212 0.007355 0.004361 0.002593 0.001553 0.0009624 0.0007219 0.0006632 0.0007233 0.0009289 0.001329 0.001772 0.003222 0.004042 0.00487 0.005064 0.005658 0.005309 0.004846 0.004101 0.003977 0.003686 0.003306 0.002672 0.002286 0.001878 0.00167 1 1 1 1 1 1 1 1 1 1 1 1 1 1 1 1 1 1 1 1 1 1 1 1 1 1 .
begin job of lepCalProducer
initializing all the rochester correction objects
initializing the egamma calibrator
Processed  1750000/ 7639238 entries (elapsed time     0.4s, curr speed   25.641 kHz, avg speed 4487.179 kHz), accepted        1/       1 events (100.00%)
Processed  1760000/ 7639238 entries (elapsed time    25.2s, curr speed    0.403 kHz, avg speed   69.869 kHz), accepted    10001/   10001 events (100.00%)
Processed  1770000/ 7639238 entries (elapsed time    52.0s, curr speed    0.374 kHz, avg speed   34.071 kHz), accepted    20001/   20001 events (100.00%)
Processed  1780000/ 7639238 entries (elapsed time    76.8s, curr speed    0.402 kHz, avg speed   23.168 kHz), accepted    30001/   30001 events (100.00%)
Processed  1790000/ 7639238 entries (elapsed time   104.1s, curr speed    0.367 kHz, avg speed   17.200 kHz), accepted    40001/   40001 events (100.00%)
Processed  1800000/ 7639238 entries (elapsed time   129.7s, curr speed    0.390 kHz, avg speed   13.874 kHz), accepted    50001/   50001 events (100.00%)
Processed  1810000/ 7639238 entries (elapsed time   156.5s, curr speed    0.373 kHz, avg speed   11.562 kHz), accepted    60001/   60001 events (100.00%)
Processed  1820000/ 7639238 entries (elapsed time   179.4s, curr speed    0.438 kHz, avg speed   10.146 kHz), accepted    70001/   70001 events (100.00%)
Processed  1830000/ 7639238 entries (elapsed time   200.9s, curr speed    0.464 kHz, avg speed    9.109 kHz), accepted    80001/   80001 events (100.00%)
Processed  1840000/ 7639238 entries (elapsed time   223.8s, curr speed    0.437 kHz, avg speed    8.223 kHz), accepted    90001/   90001 events (100.00%)
Processed  1850000/ 7639238 entries (elapsed time   244.6s, curr speed    0.479 kHz, avg speed    7.562 kHz), accepted   100001/  100001 events (100.00%)
Processed  1860000/ 7639238 entries (elapsed time   266.3s, curr speed    0.461 kHz, avg speed    6.984 kHz), accepted   110001/  110001 events (100.00%)
Processed  1870000/ 7639238 entries (elapsed time   288.2s, curr speed    0.458 kHz, avg speed    6.489 kHz), accepted   120001/  120001 events (100.00%)
Processed  1880000/ 7639238 entries (elapsed time   347.7s, curr speed    0.168 kHz, avg speed    5.407 kHz), accepted   130001/  130001 events (100.00%)
Processed  1890000/ 7639238 entries (elapsed time   369.7s, curr speed    0.453 kHz, avg speed    5.112 kHz), accepted   140001/  140001 events (100.00%)
Processed  1900000/ 7639238 entries (elapsed time   391.8s, curr speed    0.453 kHz, avg speed    4.849 kHz), accepted   150001/  150001 events (100.00%)
Processed  1910000/ 7639238 entries (elapsed time   412.7s, curr speed    0.479 kHz, avg speed    4.628 kHz), accepted   160001/  160001 events (100.00%)
Processed  1920000/ 7639238 entries (elapsed time   434.4s, curr speed    0.461 kHz, avg speed    4.420 kHz), accepted   170001/  170001 events (100.00%)
Processed  1930000/ 7639238 entries (elapsed time   455.2s, curr speed    0.480 kHz, avg speed    4.240 kHz), accepted   180001/  180001 events (100.00%)
Processed  1940000/ 7639238 entries (elapsed time   514.6s, curr speed    0.168 kHz, avg speed    3.770 kHz), accepted   190001/  190001 events (100.00%)
Processed  1950000/ 7639238 entries (elapsed time   535.9s, curr speed    0.469 kHz, avg speed    3.639 kHz), accepted   200001/  200001 events (100.00%)
Processed  1960000/ 7639238 entries (elapsed time   558.1s, curr speed    0.450 kHz, avg speed    3.512 kHz), accepted   210001/  210001 events (100.00%)
Processed  1970000/ 7639238 entries (elapsed time   579.8s, curr speed    0.462 kHz, avg speed    3.398 kHz), accepted   220001/  220001 events (100.00%)
Processed  1980000/ 7639238 entries (elapsed time   601.7s, curr speed    0.455 kHz, avg speed    3.291 kHz), accepted   230001/  230001 events (100.00%)
Processed  1990000/ 7639238 entries (elapsed time   622.7s, curr speed    0.478 kHz, avg speed    3.196 kHz), accepted   240001/  240001 events (100.00%)
Processed 250000 entries from MY_EOS_SPACE/heppyNtuples/TREES_DiBosons_exclusive_94X/ZZTo2L2Nu_ext_part3/treeProducerWMass/tree.root, selected 250000 entries
Done MY_EOS_SPACE/heppyNtuples/TREES_DiBosons_exclusive_94X/friends/tree_Friend_ZZTo2L2Nu_ext_part3.chunk7.root
