000 (334278.025.000) 05/14 16:10:50 Job submitted from host: <188.184.95.166:9618?addrs=188.184.95.166-9618+[2001-1458-201-e4--100-7a0]-9618&alias=tbird02.cern.ch&noUDP&sock=schedd_2138722_faad_3>
...
040 (334278.025.000) 05/14 16:24:21 Started transferring input files
	Transferring to host: <188.184.207.169:9618?addrs=188.184.207.169-9618+[2001-1458-301-7d--100-4f7]-9618&noUDP&sock=4201_bc04_128678>
...
040 (334278.025.000) 05/14 16:24:21 Finished transferring input files
...
001 (334278.025.000) 05/14 16:24:22 Job executing on host: <188.184.207.169:9618?addrs=188.184.207.169-9618+[2001-1458-301-7d--100-4f7]-9618&noUDP&sock=2350_7ba6_3>
...
006 (334278.025.000) 05/14 16:24:31 Image size of job updated: 331180
	243  -  MemoryUsage of job (MB)
	248536  -  ResidentSetSize of job (KB)
...
006 (334278.025.000) 05/14 16:29:32 Image size of job updated: 575452
	482  -  MemoryUsage of job (MB)
	492644  -  ResidentSetSize of job (KB)
...
006 (334278.025.000) 05/14 16:32:20 Image size of job updated: 576924
	482  -  MemoryUsage of job (MB)
	492644  -  ResidentSetSize of job (KB)
...
040 (334278.025.000) 05/14 16:32:20 Started transferring output files
...
040 (334278.025.000) 05/14 16:32:20 Finished transferring output files
...
005 (334278.025.000) 05/14 16:32:20 Job terminated.
	(1) Normal termination (return value 1)
		Usr 0 00:07:09, Sys 0 00:00:43  -  Run Remote Usage
		Usr 0 00:00:00, Sys 0 00:00:00  -  Run Local Usage
		Usr 0 00:07:09, Sys 0 00:00:43  -  Total Remote Usage
		Usr 0 00:00:00, Sys 0 00:00:00  -  Total Local Usage
	8507  -  Run Bytes Sent By Job
	10917  -  Run Bytes Received By Job
	8507  -  Total Bytes Sent By Job
	10917  -  Total Bytes Received By Job
	Partitionable Resources :    Usage  Request Allocated 
	   Cpus                 :                 1           
	   Disk (KB)            :       72        1   2196789 
	   Memory (MB)          :      482     2000      2000 
...
