000 (334272.002.000) 05/14 16:10:46 Job submitted from host: <188.184.95.166:9618?addrs=188.184.95.166-9618+[2001-1458-201-e4--100-7a0]-9618&alias=tbird02.cern.ch&noUDP&sock=schedd_2138722_faad_3>
...
022 (334272.002.000) 05/14 16:16:08 Job disconnected, attempting to reconnect
    Socket between submit and execute hosts closed unexpectedly
    Trying to reconnect to slot1_2@b7g28n0095.cern.ch <188.184.186.30:9618?addrs=188.184.186.30-9618+[2001-1458-301-f8--100-2b]-9618&noUDP&sock=2326_0560_3>
...
024 (334272.002.000) 05/14 16:16:08 Job reconnection failed
    Job not found at execution machine
    Can not reconnect to slot1_2@b7g28n0095.cern.ch, rescheduling job
...
040 (334272.002.000) 05/14 16:18:58 Started transferring input files
	Transferring to host: <128.142.240.25:9618?addrs=128.142.240.25-9618+[2001-1458-301-f9--100-b]-9618&noUDP&sock=4151_8142_128427>
...
040 (334272.002.000) 05/14 16:18:58 Finished transferring input files
...
001 (334272.002.000) 05/14 16:18:59 Job executing on host: <128.142.240.25:9618?addrs=128.142.240.25-9618+[2001-1458-301-f9--100-b]-9618&noUDP&sock=2416_c0e6_3>
...
006 (334272.002.000) 05/14 16:19:08 Image size of job updated: 332732
	242  -  MemoryUsage of job (MB)
	247180  -  ResidentSetSize of job (KB)
...
006 (334272.002.000) 05/14 16:24:09 Image size of job updated: 522024
	509  -  MemoryUsage of job (MB)
	520320  -  ResidentSetSize of job (KB)
...
040 (334272.002.000) 05/14 16:26:21 Started transferring output files
...
040 (334272.002.000) 05/14 16:26:21 Finished transferring output files
...
005 (334272.002.000) 05/14 16:26:21 Job terminated.
	(1) Normal termination (return value 1)
		Usr 0 00:06:37, Sys 0 00:00:39  -  Run Remote Usage
		Usr 0 00:00:00, Sys 0 00:00:00  -  Run Local Usage
		Usr 0 00:06:37, Sys 0 00:00:39  -  Total Remote Usage
		Usr 0 00:00:00, Sys 0 00:00:00  -  Total Local Usage
	8533  -  Run Bytes Sent By Job
	10917  -  Run Bytes Received By Job
	8533  -  Total Bytes Sent By Job
	10917  -  Total Bytes Received By Job
	Partitionable Resources :    Usage  Request Allocated 
	   Cpus                 :                 1           
	   Disk (KB)            :       72        1   2219904 
	   Memory (MB)          :      509     2000      2000 
...
