000 (334270.002.000) 05/14 16:10:44 Job submitted from host: <188.184.95.166:9618?addrs=188.184.95.166-9618+[2001-1458-201-e4--100-7a0]-9618&alias=tbird02.cern.ch&noUDP&sock=schedd_2138722_faad_3>
...
040 (334270.002.000) 05/14 16:13:12 Started transferring input files
	Transferring to host: <128.142.240.11:9618?addrs=128.142.240.11-9618+[2001-1458-301-f9--100-c]-9618&noUDP&sock=4005_a27c_127794>
...
040 (334270.002.000) 05/14 16:13:12 Finished transferring input files
...
001 (334270.002.000) 05/14 16:13:13 Job executing on host: <128.142.240.11:9618?addrs=128.142.240.11-9618+[2001-1458-301-f9--100-c]-9618&noUDP&sock=2341_4f4c_3>
...
006 (334270.002.000) 05/14 16:13:22 Image size of job updated: 290304
	206  -  MemoryUsage of job (MB)
	210164  -  ResidentSetSize of job (KB)
...
006 (334270.002.000) 05/14 16:18:23 Image size of job updated: 485564
	394  -  MemoryUsage of job (MB)
	402652  -  ResidentSetSize of job (KB)
...
006 (334270.002.000) 05/14 16:23:23 Image size of job updated: 603088
	508  -  MemoryUsage of job (MB)
	520176  -  ResidentSetSize of job (KB)
...
006 (334270.002.000) 05/14 16:27:25 Image size of job updated: 603088
	509  -  MemoryUsage of job (MB)
	520212  -  ResidentSetSize of job (KB)
...
040 (334270.002.000) 05/14 16:27:26 Started transferring output files
...
040 (334270.002.000) 05/14 16:27:26 Finished transferring output files
...
005 (334270.002.000) 05/14 16:27:26 Job terminated.
	(1) Normal termination (return value 1)
		Usr 0 00:12:27, Sys 0 00:01:06  -  Run Remote Usage
		Usr 0 00:00:00, Sys 0 00:00:00  -  Run Local Usage
		Usr 0 00:12:27, Sys 0 00:01:06  -  Total Remote Usage
		Usr 0 00:00:00, Sys 0 00:00:00  -  Total Local Usage
	8534  -  Run Bytes Sent By Job
	10917  -  Run Bytes Received By Job
	8534  -  Total Bytes Sent By Job
	10917  -  Total Bytes Received By Job
	Partitionable Resources :    Usage  Request Allocated 
	   Cpus                 :                 1           
	   Disk (KB)            :       71        1   2164741 
	   Memory (MB)          :      509     2000      2000 
...
