000 (334278.023.000) 05/14 16:10:50 Job submitted from host: <188.184.95.166:9618?addrs=188.184.95.166-9618+[2001-1458-201-e4--100-7a0]-9618&alias=tbird02.cern.ch&noUDP&sock=schedd_2138722_faad_3>
...
040 (334278.023.000) 05/14 16:24:14 Started transferring input files
	Transferring to host: <188.184.133.238:9618?addrs=188.184.133.238-9618+[2001-1458-301-a0--100-395]-9618&noUDP&sock=13636_8ba4_104916>
...
040 (334278.023.000) 05/14 16:24:14 Finished transferring input files
...
001 (334278.023.000) 05/14 16:24:15 Job executing on host: <188.184.133.238:9618?addrs=188.184.133.238-9618+[2001-1458-301-a0--100-395]-9618&noUDP&sock=13449_794d_3>
...
006 (334278.023.000) 05/14 16:24:24 Image size of job updated: 272868
	189  -  MemoryUsage of job (MB)
	193524  -  ResidentSetSize of job (KB)
...
006 (334278.023.000) 05/14 16:29:25 Image size of job updated: 481204
	469  -  MemoryUsage of job (MB)
	479612  -  ResidentSetSize of job (KB)
...
006 (334278.023.000) 05/14 16:34:25 Image size of job updated: 493200
	481  -  MemoryUsage of job (MB)
	491608  -  ResidentSetSize of job (KB)
...
040 (334278.023.000) 05/14 16:37:33 Started transferring output files
...
040 (334278.023.000) 05/14 16:37:33 Finished transferring output files
...
005 (334278.023.000) 05/14 16:37:33 Job terminated.
	(1) Normal termination (return value 1)
		Usr 0 00:11:41, Sys 0 00:01:03  -  Run Remote Usage
		Usr 0 00:00:00, Sys 0 00:00:00  -  Run Local Usage
		Usr 0 00:11:41, Sys 0 00:01:03  -  Total Remote Usage
		Usr 0 00:00:00, Sys 0 00:00:00  -  Total Local Usage
	8507  -  Run Bytes Sent By Job
	10917  -  Run Bytes Received By Job
	8507  -  Total Bytes Sent By Job
	10917  -  Total Bytes Received By Job
	Partitionable Resources :    Usage  Request Allocated 
	   Cpus                 :                 1           
	   Disk (KB)            :       71        1   2158942 
	   Memory (MB)          :      481     2000      2000 
...
