   ZZTo4L_ext_part4   MC  27 chunks


I have 1 taks to process
I'm using the following list of modules DEFAULT_MODULES
this is jobs [('ZZTo4L_ext_part4', 'MY_EOS_SPACE/heppyNtuples/TREES_DiBosons_exclusive_94X/ZZTo4L_ext_part4/treeProducerWMass/tree.root', 16473689.0, '_Friend_ZZTo4L_ext_part4.chunk24', False, xrange(6000000, 6250000), 24)]
Modules to run:  []   name =  puWeight
Loading puWeight from CMGTools.WMass.postprocessing.examples.puWeightProducer 
Running on dataset =  ZZTo4L_ext_part4
TFile: name=/afs/cern.ch/work/m/mciprian/w_mass_analysis/heppy/rel_slc7/CMSSW_9_4_12/src/CMGTools/WMass/python/postprocessing/data/pileup/mcPU_2016_W94XnoCutsWithGenWeights_nTrueInt.root, title=, option=READ
TFile: name=/afs/cern.ch/work/m/mciprian/w_mass_analysis/heppy/rel_slc7/CMSSW_9_4_12/src/CMGTools/WMass/python/postprocessing/data/pileup/PileupData_GoldenMuonJSON_Full2016.root, title=, option=READ
Load C++ Worker
Modules to run:  []   name =  muCalibratedWithStatVar
Loading muCalibratedWithStatVar from CMGTools.WMass.postprocessing.examples.lepVarProducer 
Running on dataset =  ZZTo4L_ext_part4
did not find EnergyScaleCorrection shared object, rebuilding
trying to load all the rochester correction libraries
did not find legacy data roccor. rebuilding...
done building legacy data roccor.
Modules to run:  []   name =  jetAllReCleaner
Loading jetAllReCleaner from CMGTools.WMass.postprocessing.examples.jetReCleaner 
Running on dataset =  ZZTo4L_ext_part4
Load C++ Worker
Modules to run:  []   name =  jetReCleaner
Loading jetReCleaner from CMGTools.WMass.postprocessing.examples.jetReCleaner 
Running on dataset =  ZZTo4L_ext_part4
Load C++ Worker
Modules to run:  []   name =  genQEDJets
Loading genQEDJets from CMGTools.WMass.postprocessing.examples.genFriendProducer 
Running on dataset =  ZZTo4L_ext_part4
Will write selected trees to MY_EOS_SPACE/heppyNtuples/TREES_DiBosons_exclusive_94X/friends/
Normalization of nTrueInt_Wnopt: 3.68902e+10
Normalization of pileup: 3.68902e+10
Weights for variable nTrueInt_Wnopt with a number of bins equal to 102:
1 0.3634 0.9215 1.196 0.96 1.118 1.157 0.9675 0.9293 0.9192 0.8823 0.9553 1.062 1.116 1.167 1.194 1.2 1.193 1.177 1.14 1.092 1.06 1.047 1.046 1.047 1.048 1.06 1.077 1.092 1.106 1.122 1.108 1.097 1.051 0.992 0.9144 0.8237 0.7175 0.6087 0.5019 0.4029 0.3076 0.2264 0.1622 0.1123 0.07656 0.05052 0.03159 0.01992 0.01212 0.007355 0.004361 0.002593 0.001553 0.0009624 0.0007219 0.0006632 0.0007233 0.0009289 0.001329 0.001772 0.003222 0.004042 0.00487 0.005064 0.005658 0.005309 0.004846 0.004101 0.003977 0.003686 0.003306 0.002672 0.002286 0.001878 0.00167 1 1 1 1 1 1 1 1 1 1 1 1 1 1 1 1 1 1 1 1 1 1 1 1 1 1 .
Final weights: 
1 0.3634 0.9215 1.196 0.96 1.118 1.157 0.9675 0.9293 0.9192 0.8823 0.9553 1.062 1.116 1.167 1.194 1.2 1.193 1.177 1.14 1.092 1.06 1.047 1.046 1.047 1.048 1.06 1.077 1.092 1.106 1.122 1.108 1.097 1.051 0.992 0.9144 0.8237 0.7175 0.6087 0.5019 0.4029 0.3076 0.2264 0.1622 0.1123 0.07656 0.05052 0.03159 0.01992 0.01212 0.007355 0.004361 0.002593 0.001553 0.0009624 0.0007219 0.0006632 0.0007233 0.0009289 0.001329 0.001772 0.003222 0.004042 0.00487 0.005064 0.005658 0.005309 0.004846 0.004101 0.003977 0.003686 0.003306 0.002672 0.002286 0.001878 0.00167 1 1 1 1 1 1 1 1 1 1 1 1 1 1 1 1 1 1 1 1 1 1 1 1 1 1 .
begin job of lepCalProducer
initializing all the rochester correction objects
initializing the egamma calibrator
Processed  6000000/ 6674251 entries (elapsed time     0.4s, curr speed   28.571 kHz, avg speed 17142.857 kHz), accepted        1/       1 events (100.00%)
Processed  6010000/ 6674251 entries (elapsed time    18.5s, curr speed    0.550 kHz, avg speed  324.514 kHz), accepted    10001/   10001 events (100.00%)
Processed  6020000/ 6674251 entries (elapsed time    36.9s, curr speed    0.544 kHz, avg speed  163.099 kHz), accepted    20001/   20001 events (100.00%)
Processed  6030000/ 6674251 entries (elapsed time    55.9s, curr speed    0.526 kHz, avg speed  107.852 kHz), accepted    30001/   30001 events (100.00%)
Processed  6040000/ 6674251 entries (elapsed time    75.1s, curr speed    0.521 kHz, avg speed   80.415 kHz), accepted    40001/   40001 events (100.00%)
Processed  6050000/ 6674251 entries (elapsed time    93.8s, curr speed    0.534 kHz, avg speed   64.465 kHz), accepted    50001/   50001 events (100.00%)
Processed  6060000/ 6674251 entries (elapsed time   111.0s, curr speed    0.582 kHz, avg speed   54.580 kHz), accepted    60001/   60001 events (100.00%)
Processed  6070000/ 6674251 entries (elapsed time   125.6s, curr speed    0.688 kHz, avg speed   48.340 kHz), accepted    70001/   70001 events (100.00%)
Processed  6080000/ 6674251 entries (elapsed time   140.2s, curr speed    0.683 kHz, avg speed   43.360 kHz), accepted    80001/   80001 events (100.00%)
Processed  6090000/ 6674251 entries (elapsed time   154.8s, curr speed    0.688 kHz, avg speed   39.351 kHz), accepted    90001/   90001 events (100.00%)
Processed  6100000/ 6674251 entries (elapsed time   169.7s, curr speed    0.668 kHz, avg speed   35.939 kHz), accepted   100001/  100001 events (100.00%)
Processed  6110000/ 6674251 entries (elapsed time   209.4s, curr speed    0.252 kHz, avg speed   29.179 kHz), accepted   110001/  110001 events (100.00%)
Processed  6120000/ 6674251 entries (elapsed time   223.8s, curr speed    0.694 kHz, avg speed   27.345 kHz), accepted   120001/  120001 events (100.00%)
Processed  6130000/ 6674251 entries (elapsed time   238.9s, curr speed    0.663 kHz, avg speed   25.659 kHz), accepted   130001/  130001 events (100.00%)
Processed  6140000/ 6674251 entries (elapsed time   253.6s, curr speed    0.683 kHz, avg speed   24.216 kHz), accepted   140001/  140001 events (100.00%)
Processed  6150000/ 6674251 entries (elapsed time   268.2s, curr speed    0.682 kHz, avg speed   22.929 kHz), accepted   150001/  150001 events (100.00%)
Processed  6160000/ 6674251 entries (elapsed time   308.2s, curr speed    0.250 kHz, avg speed   19.989 kHz), accepted   160001/  160001 events (100.00%)
Processed  6170000/ 6674251 entries (elapsed time   323.4s, curr speed    0.658 kHz, avg speed   19.081 kHz), accepted   170001/  170001 events (100.00%)
Processed  6180000/ 6674251 entries (elapsed time   338.7s, curr speed    0.651 kHz, avg speed   18.246 kHz), accepted   180001/  180001 events (100.00%)
Processed  6190000/ 6674251 entries (elapsed time   353.4s, curr speed    0.682 kHz, avg speed   17.517 kHz), accepted   190001/  190001 events (100.00%)
Processed  6200000/ 6674251 entries (elapsed time   368.4s, curr speed    0.664 kHz, avg speed   16.827 kHz), accepted   200001/  200001 events (100.00%)
Processed  6210000/ 6674251 entries (elapsed time   383.0s, curr speed    0.688 kHz, avg speed   16.215 kHz), accepted   210001/  210001 events (100.00%)
Processed  6220000/ 6674251 entries (elapsed time   422.8s, curr speed    0.251 kHz, avg speed   14.711 kHz), accepted   220001/  220001 events (100.00%)
Processed  6230000/ 6674251 entries (elapsed time   437.6s, curr speed    0.678 kHz, avg speed   14.238 kHz), accepted   230001/  230001 events (100.00%)
Processed  6240000/ 6674251 entries (elapsed time   452.1s, curr speed    0.687 kHz, avg speed   13.801 kHz), accepted   240001/  240001 events (100.00%)
Processed 250000 entries from MY_EOS_SPACE/heppyNtuples/TREES_DiBosons_exclusive_94X/ZZTo4L_ext_part4/treeProducerWMass/tree.root, selected 250000 entries
Done MY_EOS_SPACE/heppyNtuples/TREES_DiBosons_exclusive_94X/friends/tree_Friend_ZZTo4L_ext_part4.chunk24.root
