   ZZTo4L_ext_part3   MC  30 chunks


I have 1 taks to process
I'm using the following list of modules DEFAULT_MODULES
this is jobs [('ZZTo4L_ext_part3', 'MY_EOS_SPACE/heppyNtuples/TREES_DiBosons_exclusive_94X/ZZTo4L_ext_part3/treeProducerWMass/tree.root', 18368986.0, '_Friend_ZZTo4L_ext_part3.chunk26', False, xrange(6500000, 6750000), 26)]
Modules to run:  []   name =  puWeight
Loading puWeight from CMGTools.WMass.postprocessing.examples.puWeightProducer 
Running on dataset =  ZZTo4L_ext_part3
TFile: name=/afs/cern.ch/work/m/mciprian/w_mass_analysis/heppy/rel_slc7/CMSSW_9_4_12/src/CMGTools/WMass/python/postprocessing/data/pileup/mcPU_2016_W94XnoCutsWithGenWeights_nTrueInt.root, title=, option=READ
TFile: name=/afs/cern.ch/work/m/mciprian/w_mass_analysis/heppy/rel_slc7/CMSSW_9_4_12/src/CMGTools/WMass/python/postprocessing/data/pileup/PileupData_GoldenMuonJSON_Full2016.root, title=, option=READ
Load C++ Worker
Modules to run:  []   name =  muCalibratedWithStatVar
Loading muCalibratedWithStatVar from CMGTools.WMass.postprocessing.examples.lepVarProducer 
Running on dataset =  ZZTo4L_ext_part3
did not find EnergyScaleCorrection shared object, rebuilding
trying to load all the rochester correction libraries
did not find legacy data roccor. rebuilding...
done building legacy data roccor.
Modules to run:  []   name =  jetAllReCleaner
Loading jetAllReCleaner from CMGTools.WMass.postprocessing.examples.jetReCleaner 
Running on dataset =  ZZTo4L_ext_part3
Load C++ Worker
Modules to run:  []   name =  jetReCleaner
Loading jetReCleaner from CMGTools.WMass.postprocessing.examples.jetReCleaner 
Running on dataset =  ZZTo4L_ext_part3
Load C++ Worker
Modules to run:  []   name =  genQEDJets
Loading genQEDJets from CMGTools.WMass.postprocessing.examples.genFriendProducer 
Running on dataset =  ZZTo4L_ext_part3
Will write selected trees to MY_EOS_SPACE/heppyNtuples/TREES_DiBosons_exclusive_94X/friends/
Normalization of nTrueInt_Wnopt: 3.68902e+10
Normalization of pileup: 3.68902e+10
Weights for variable nTrueInt_Wnopt with a number of bins equal to 102:
1 0.3634 0.9215 1.196 0.96 1.118 1.157 0.9675 0.9293 0.9192 0.8823 0.9553 1.062 1.116 1.167 1.194 1.2 1.193 1.177 1.14 1.092 1.06 1.047 1.046 1.047 1.048 1.06 1.077 1.092 1.106 1.122 1.108 1.097 1.051 0.992 0.9144 0.8237 0.7175 0.6087 0.5019 0.4029 0.3076 0.2264 0.1622 0.1123 0.07656 0.05052 0.03159 0.01992 0.01212 0.007355 0.004361 0.002593 0.001553 0.0009624 0.0007219 0.0006632 0.0007233 0.0009289 0.001329 0.001772 0.003222 0.004042 0.00487 0.005064 0.005658 0.005309 0.004846 0.004101 0.003977 0.003686 0.003306 0.002672 0.002286 0.001878 0.00167 1 1 1 1 1 1 1 1 1 1 1 1 1 1 1 1 1 1 1 1 1 1 1 1 1 1 .
Final weights: 
1 0.3634 0.9215 1.196 0.96 1.118 1.157 0.9675 0.9293 0.9192 0.8823 0.9553 1.062 1.116 1.167 1.194 1.2 1.193 1.177 1.14 1.092 1.06 1.047 1.046 1.047 1.048 1.06 1.077 1.092 1.106 1.122 1.108 1.097 1.051 0.992 0.9144 0.8237 0.7175 0.6087 0.5019 0.4029 0.3076 0.2264 0.1622 0.1123 0.07656 0.05052 0.03159 0.01992 0.01212 0.007355 0.004361 0.002593 0.001553 0.0009624 0.0007219 0.0006632 0.0007233 0.0009289 0.001329 0.001772 0.003222 0.004042 0.00487 0.005064 0.005658 0.005309 0.004846 0.004101 0.003977 0.003686 0.003306 0.002672 0.002286 0.001878 0.00167 1 1 1 1 1 1 1 1 1 1 1 1 1 1 1 1 1 1 1 1 1 1 1 1 1 1 .
begin job of lepCalProducer
initializing all the rochester correction objects
initializing the egamma calibrator
Processed  6500000/ 7446423 entries (elapsed time     0.4s, curr speed   23.810 kHz, avg speed 15476.190 kHz), accepted        1/       1 events (100.00%)
Processed  6510000/ 7446423 entries (elapsed time    28.0s, curr speed    0.363 kHz, avg speed  232.666 kHz), accepted    10001/   10001 events (100.00%)
Processed  6520000/ 7446423 entries (elapsed time    53.0s, curr speed    0.399 kHz, avg speed  122.949 kHz), accepted    20001/   20001 events (100.00%)
Processed  6530000/ 7446423 entries (elapsed time    75.8s, curr speed    0.439 kHz, avg speed   86.125 kHz), accepted    30001/   30001 events (100.00%)
Processed  6540000/ 7446423 entries (elapsed time    99.1s, curr speed    0.430 kHz, avg speed   66.001 kHz), accepted    40001/   40001 events (100.00%)
Processed  6550000/ 7446423 entries (elapsed time   122.9s, curr speed    0.419 kHz, avg speed   53.274 kHz), accepted    50001/   50001 events (100.00%)
Processed  6560000/ 7446423 entries (elapsed time   144.1s, curr speed    0.472 kHz, avg speed   45.511 kHz), accepted    60001/   60001 events (100.00%)
Processed  6570000/ 7446423 entries (elapsed time   163.2s, curr speed    0.523 kHz, avg speed   40.245 kHz), accepted    70001/   70001 events (100.00%)
Processed  6580000/ 7446423 entries (elapsed time   181.8s, curr speed    0.541 kHz, avg speed   36.204 kHz), accepted    80001/   80001 events (100.00%)
Processed  6590000/ 7446423 entries (elapsed time   201.2s, curr speed    0.514 kHz, avg speed   32.752 kHz), accepted    90001/   90001 events (100.00%)
Processed  6600000/ 7446423 entries (elapsed time   221.0s, curr speed    0.506 kHz, avg speed   29.867 kHz), accepted   100001/  100001 events (100.00%)
Processed  6610000/ 7446423 entries (elapsed time   272.1s, curr speed    0.195 kHz, avg speed   24.288 kHz), accepted   110001/  110001 events (100.00%)
Processed  6620000/ 7446423 entries (elapsed time   291.2s, curr speed    0.524 kHz, avg speed   22.730 kHz), accepted   120001/  120001 events (100.00%)
Processed  6630000/ 7446423 entries (elapsed time   309.7s, curr speed    0.542 kHz, avg speed   21.407 kHz), accepted   130001/  130001 events (100.00%)
Processed  6640000/ 7446423 entries (elapsed time   328.8s, curr speed    0.524 kHz, avg speed   20.196 kHz), accepted   140001/  140001 events (100.00%)
Processed  6650000/ 7446423 entries (elapsed time   347.5s, curr speed    0.533 kHz, avg speed   19.135 kHz), accepted   150001/  150001 events (100.00%)
Processed  6660000/ 7446423 entries (elapsed time   397.8s, curr speed    0.199 kHz, avg speed   16.743 kHz), accepted   160001/  160001 events (100.00%)
Processed  6670000/ 7446423 entries (elapsed time   417.2s, curr speed    0.514 kHz, avg speed   15.986 kHz), accepted   170001/  170001 events (100.00%)
Processed  6680000/ 7446423 entries (elapsed time   438.1s, curr speed    0.479 kHz, avg speed   15.247 kHz), accepted   180001/  180001 events (100.00%)
Processed  6690000/ 7446423 entries (elapsed time   458.9s, curr speed    0.480 kHz, avg speed   14.577 kHz), accepted   190001/  190001 events (100.00%)
Processed  6700000/ 7446423 entries (elapsed time   478.6s, curr speed    0.509 kHz, avg speed   13.999 kHz), accepted   200001/  200001 events (100.00%)
Processed  6710000/ 7446423 entries (elapsed time   496.9s, curr speed    0.546 kHz, avg speed   13.504 kHz), accepted   210001/  210001 events (100.00%)
Processed  6720000/ 7446423 entries (elapsed time   548.6s, curr speed    0.193 kHz, avg speed   12.248 kHz), accepted   220001/  220001 events (100.00%)
Processed  6730000/ 7446423 entries (elapsed time   569.4s, curr speed    0.482 kHz, avg speed   11.819 kHz), accepted   230001/  230001 events (100.00%)
Processed  6740000/ 7446423 entries (elapsed time   588.3s, curr speed    0.529 kHz, avg speed   11.457 kHz), accepted   240001/  240001 events (100.00%)
Processed 250000 entries from MY_EOS_SPACE/heppyNtuples/TREES_DiBosons_exclusive_94X/ZZTo4L_ext_part3/treeProducerWMass/tree.root, selected 250000 entries
Done MY_EOS_SPACE/heppyNtuples/TREES_DiBosons_exclusive_94X/friends/tree_Friend_ZZTo4L_ext_part3.chunk26.root
