000 (334273.004.000) 05/14 16:10:46 Job submitted from host: <188.184.95.166:9618?addrs=188.184.95.166-9618+[2001-1458-201-e4--100-7a0]-9618&alias=tbird02.cern.ch&noUDP&sock=schedd_2138722_faad_3>
...
040 (334273.004.000) 05/14 16:14:49 Started transferring input files
	Transferring to host: <188.184.186.35:9618?addrs=188.184.186.35-9618+[2001-1458-301-f8--100-21]-9618&noUDP&sock=4126_e3e1_128106>
...
040 (334273.004.000) 05/14 16:14:49 Finished transferring input files
...
001 (334273.004.000) 05/14 16:14:50 Job executing on host: <188.184.186.35:9618?addrs=188.184.186.35-9618+[2001-1458-301-f8--100-21]-9618&noUDP&sock=2421_2ee0_3>
...
006 (334273.004.000) 05/14 16:15:00 Image size of job updated: 330132
	242  -  MemoryUsage of job (MB)
	247312  -  ResidentSetSize of job (KB)
...
006 (334273.004.000) 05/14 16:20:00 Image size of job updated: 518892
	506  -  MemoryUsage of job (MB)
	517652  -  ResidentSetSize of job (KB)
...
040 (334273.004.000) 05/14 16:22:14 Started transferring output files
...
040 (334273.004.000) 05/14 16:22:15 Finished transferring output files
...
005 (334273.004.000) 05/14 16:22:15 Job terminated.
	(1) Normal termination (return value 1)
		Usr 0 00:06:38, Sys 0 00:00:40  -  Run Remote Usage
		Usr 0 00:00:00, Sys 0 00:00:00  -  Run Local Usage
		Usr 0 00:06:38, Sys 0 00:00:40  -  Total Remote Usage
		Usr 0 00:00:00, Sys 0 00:00:00  -  Total Local Usage
	8491  -  Run Bytes Sent By Job
	10917  -  Run Bytes Received By Job
	8491  -  Total Bytes Sent By Job
	10917  -  Total Bytes Received By Job
	Partitionable Resources :    Usage  Request Allocated 
	   Cpus                 :                 1           
	   Disk (KB)            :       71        1   2111762 
	   Memory (MB)          :      506     2000      2000 
...
