000 (334280.009.000) 05/14 16:10:51 Job submitted from host: <188.184.95.166:9618?addrs=188.184.95.166-9618+[2001-1458-201-e4--100-7a0]-9618&alias=tbird02.cern.ch&noUDP&sock=schedd_2138722_faad_3>
...
022 (334280.009.000) 05/14 16:25:31 Job disconnected, attempting to reconnect
    Socket between submit and execute hosts closed unexpectedly
    Trying to reconnect to slot1_3@b7g28n0095.cern.ch <188.184.186.30:9618?addrs=188.184.186.30-9618+[2001-1458-301-f8--100-2b]-9618&noUDP&sock=2326_0560_3>
...
024 (334280.009.000) 05/14 16:25:39 Job reconnection failed
    Job not found at execution machine
    Can not reconnect to slot1_3@b7g28n0095.cern.ch, rescheduling job
...
040 (334280.009.000) 05/14 16:26:00 Started transferring input files
	Transferring to host: <188.184.186.14:9618?addrs=188.184.186.14-9618+[2001-1458-301-f8--100-9]-9618&noUDP&sock=14648_974d_1714>
...
040 (334280.009.000) 05/14 16:26:00 Finished transferring input files
...
001 (334280.009.000) 05/14 16:26:01 Job executing on host: <188.184.186.14:9618?addrs=188.184.186.14-9618+[2001-1458-301-f8--100-9]-9618&noUDP&sock=2355_e99f_3>
...
006 (334280.009.000) 05/14 16:26:09 Image size of job updated: 201000
	123  -  MemoryUsage of job (MB)
	125120  -  ResidentSetSize of job (KB)
...
006 (334280.009.000) 05/14 16:31:09 Image size of job updated: 483476
	392  -  MemoryUsage of job (MB)
	400560  -  ResidentSetSize of job (KB)
...
006 (334280.009.000) 05/14 16:36:10 Image size of job updated: 573336
	479  -  MemoryUsage of job (MB)
	490420  -  ResidentSetSize of job (KB)
...
006 (334280.009.000) 05/14 16:40:42 Image size of job updated: 574628
	479  -  MemoryUsage of job (MB)
	490420  -  ResidentSetSize of job (KB)
...
040 (334280.009.000) 05/14 16:40:42 Started transferring output files
...
040 (334280.009.000) 05/14 16:40:42 Finished transferring output files
...
005 (334280.009.000) 05/14 16:40:42 Job terminated.
	(1) Normal termination (return value 1)
		Usr 0 00:12:57, Sys 0 00:01:12  -  Run Remote Usage
		Usr 0 00:00:00, Sys 0 00:00:00  -  Run Local Usage
		Usr 0 00:12:57, Sys 0 00:01:12  -  Total Remote Usage
		Usr 0 00:00:00, Sys 0 00:00:00  -  Total Local Usage
	8502  -  Run Bytes Sent By Job
	10917  -  Run Bytes Received By Job
	8502  -  Total Bytes Sent By Job
	10917  -  Total Bytes Received By Job
	Partitionable Resources :    Usage  Request Allocated 
	   Cpus                 :     1.00        1         1 
	   Disk (KB)            :    79           1    221252 
	   Memory (MB)          :   479        2000      2000 
...
