   ZZTo4L_ext_part3   MC  30 chunks


I have 1 taks to process
I'm using the following list of modules DEFAULT_MODULES
this is jobs [('ZZTo4L_ext_part3', 'MY_EOS_SPACE/heppyNtuples/TREES_DiBosons_exclusive_94X/ZZTo4L_ext_part3/treeProducerWMass/tree.root', 18368986.0, '_Friend_ZZTo4L_ext_part3.chunk3', False, xrange(750000, 1000000), 3)]
Modules to run:  []   name =  puWeight
Loading puWeight from CMGTools.WMass.postprocessing.examples.puWeightProducer 
Running on dataset =  ZZTo4L_ext_part3
TFile: name=/afs/cern.ch/work/m/mciprian/w_mass_analysis/heppy/rel_slc7/CMSSW_9_4_12/src/CMGTools/WMass/python/postprocessing/data/pileup/mcPU_2016_W94XnoCutsWithGenWeights_nTrueInt.root, title=, option=READ
TFile: name=/afs/cern.ch/work/m/mciprian/w_mass_analysis/heppy/rel_slc7/CMSSW_9_4_12/src/CMGTools/WMass/python/postprocessing/data/pileup/PileupData_GoldenMuonJSON_Full2016.root, title=, option=READ
Load C++ Worker
Modules to run:  []   name =  muCalibratedWithStatVar
Loading muCalibratedWithStatVar from CMGTools.WMass.postprocessing.examples.lepVarProducer 
Running on dataset =  ZZTo4L_ext_part3
did not find EnergyScaleCorrection shared object, rebuilding
trying to load all the rochester correction libraries
did not find legacy data roccor. rebuilding...
done building legacy data roccor.
Modules to run:  []   name =  jetAllReCleaner
Loading jetAllReCleaner from CMGTools.WMass.postprocessing.examples.jetReCleaner 
Running on dataset =  ZZTo4L_ext_part3
Load C++ Worker
Modules to run:  []   name =  jetReCleaner
Loading jetReCleaner from CMGTools.WMass.postprocessing.examples.jetReCleaner 
Running on dataset =  ZZTo4L_ext_part3
Load C++ Worker
Modules to run:  []   name =  genQEDJets
Loading genQEDJets from CMGTools.WMass.postprocessing.examples.genFriendProducer 
Running on dataset =  ZZTo4L_ext_part3
Will write selected trees to MY_EOS_SPACE/heppyNtuples/TREES_DiBosons_exclusive_94X/friends/
Normalization of nTrueInt_Wnopt: 3.68902e+10
Normalization of pileup: 3.68902e+10
Weights for variable nTrueInt_Wnopt with a number of bins equal to 102:
1 0.3634 0.9215 1.196 0.96 1.118 1.157 0.9675 0.9293 0.9192 0.8823 0.9553 1.062 1.116 1.167 1.194 1.2 1.193 1.177 1.14 1.092 1.06 1.047 1.046 1.047 1.048 1.06 1.077 1.092 1.106 1.122 1.108 1.097 1.051 0.992 0.9144 0.8237 0.7175 0.6087 0.5019 0.4029 0.3076 0.2264 0.1622 0.1123 0.07656 0.05052 0.03159 0.01992 0.01212 0.007355 0.004361 0.002593 0.001553 0.0009624 0.0007219 0.0006632 0.0007233 0.0009289 0.001329 0.001772 0.003222 0.004042 0.00487 0.005064 0.005658 0.005309 0.004846 0.004101 0.003977 0.003686 0.003306 0.002672 0.002286 0.001878 0.00167 1 1 1 1 1 1 1 1 1 1 1 1 1 1 1 1 1 1 1 1 1 1 1 1 1 1 .
Final weights: 
1 0.3634 0.9215 1.196 0.96 1.118 1.157 0.9675 0.9293 0.9192 0.8823 0.9553 1.062 1.116 1.167 1.194 1.2 1.193 1.177 1.14 1.092 1.06 1.047 1.046 1.047 1.048 1.06 1.077 1.092 1.106 1.122 1.108 1.097 1.051 0.992 0.9144 0.8237 0.7175 0.6087 0.5019 0.4029 0.3076 0.2264 0.1622 0.1123 0.07656 0.05052 0.03159 0.01992 0.01212 0.007355 0.004361 0.002593 0.001553 0.0009624 0.0007219 0.0006632 0.0007233 0.0009289 0.001329 0.001772 0.003222 0.004042 0.00487 0.005064 0.005658 0.005309 0.004846 0.004101 0.003977 0.003686 0.003306 0.002672 0.002286 0.001878 0.00167 1 1 1 1 1 1 1 1 1 1 1 1 1 1 1 1 1 1 1 1 1 1 1 1 1 1 .
begin job of lepCalProducer
initializing all the rochester correction objects
initializing the egamma calibrator
Processed   750000/ 7446423 entries (elapsed time     0.3s, curr speed   33.333 kHz, avg speed 2500.000 kHz), accepted        1/       1 events (100.00%)
Processed   760000/ 7446423 entries (elapsed time    15.6s, curr speed    0.652 kHz, avg speed   48.624 kHz), accepted    10001/   10001 events (100.00%)
Processed   770000/ 7446423 entries (elapsed time    31.3s, curr speed    0.639 kHz, avg speed   24.624 kHz), accepted    20001/   20001 events (100.00%)
Processed   780000/ 7446423 entries (elapsed time    47.1s, curr speed    0.633 kHz, avg speed   16.575 kHz), accepted    30001/   30001 events (100.00%)
Processed   790000/ 7446423 entries (elapsed time    62.7s, curr speed    0.638 kHz, avg speed   12.594 kHz), accepted    40001/   40001 events (100.00%)
Processed   800000/ 7446423 entries (elapsed time    78.4s, curr speed    0.638 kHz, avg speed   10.203 kHz), accepted    50001/   50001 events (100.00%)
Processed   810000/ 7446423 entries (elapsed time    92.3s, curr speed    0.718 kHz, avg speed    8.772 kHz), accepted    60001/   60001 events (100.00%)
Processed   820000/ 7446423 entries (elapsed time   104.7s, curr speed    0.812 kHz, avg speed    7.836 kHz), accepted    70001/   70001 events (100.00%)
Processed   830000/ 7446423 entries (elapsed time   117.2s, curr speed    0.799 kHz, avg speed    7.084 kHz), accepted    80001/   80001 events (100.00%)
Processed   840000/ 7446423 entries (elapsed time   129.6s, curr speed    0.808 kHz, avg speed    6.484 kHz), accepted    90001/   90001 events (100.00%)
Processed   850000/ 7446423 entries (elapsed time   141.8s, curr speed    0.818 kHz, avg speed    5.996 kHz), accepted   100001/  100001 events (100.00%)
Processed   860000/ 7446423 entries (elapsed time   176.0s, curr speed    0.292 kHz, avg speed    4.886 kHz), accepted   110001/  110001 events (100.00%)
Processed   870000/ 7446423 entries (elapsed time   188.3s, curr speed    0.816 kHz, avg speed    4.621 kHz), accepted   120001/  120001 events (100.00%)
Processed   880000/ 7446423 entries (elapsed time   200.7s, curr speed    0.808 kHz, avg speed    4.385 kHz), accepted   130001/  130001 events (100.00%)
Processed   890000/ 7446423 entries (elapsed time   213.2s, curr speed    0.798 kHz, avg speed    4.174 kHz), accepted   140001/  140001 events (100.00%)
Processed   900000/ 7446423 entries (elapsed time   225.7s, curr speed    0.798 kHz, avg speed    3.987 kHz), accepted   150001/  150001 events (100.00%)
Processed   910000/ 7446423 entries (elapsed time   259.2s, curr speed    0.299 kHz, avg speed    3.510 kHz), accepted   160001/  160001 events (100.00%)
Processed   920000/ 7446423 entries (elapsed time   271.8s, curr speed    0.794 kHz, avg speed    3.385 kHz), accepted   170001/  170001 events (100.00%)
Processed   930000/ 7446423 entries (elapsed time   284.0s, curr speed    0.820 kHz, avg speed    3.274 kHz), accepted   180001/  180001 events (100.00%)
Processed   940000/ 7446423 entries (elapsed time   296.2s, curr speed    0.818 kHz, avg speed    3.173 kHz), accepted   190001/  190001 events (100.00%)
Processed   950000/ 7446423 entries (elapsed time   308.4s, curr speed    0.823 kHz, avg speed    3.081 kHz), accepted   200001/  200001 events (100.00%)
Processed   960000/ 7446423 entries (elapsed time   320.1s, curr speed    0.850 kHz, avg speed    2.999 kHz), accepted   210001/  210001 events (100.00%)
Processed   970000/ 7446423 entries (elapsed time   352.4s, curr speed    0.310 kHz, avg speed    2.752 kHz), accepted   220001/  220001 events (100.00%)
Processed   980000/ 7446423 entries (elapsed time   364.7s, curr speed    0.812 kHz, avg speed    2.687 kHz), accepted   230001/  230001 events (100.00%)
Processed   990000/ 7446423 entries (elapsed time   377.2s, curr speed    0.800 kHz, avg speed    2.624 kHz), accepted   240001/  240001 events (100.00%)
Processed 250000 entries from MY_EOS_SPACE/heppyNtuples/TREES_DiBosons_exclusive_94X/ZZTo4L_ext_part3/treeProducerWMass/tree.root, selected 250000 entries
Done MY_EOS_SPACE/heppyNtuples/TREES_DiBosons_exclusive_94X/friends/tree_Friend_ZZTo4L_ext_part3.chunk3.root
