000 (334276.003.000) 05/14 16:10:48 Job submitted from host: <188.184.95.166:9618?addrs=188.184.95.166-9618+[2001-1458-201-e4--100-7a0]-9618&alias=tbird02.cern.ch&noUDP&sock=schedd_2138722_faad_3>
...
040 (334276.003.000) 05/14 16:21:08 Started transferring input files
	Transferring to host: <188.184.133.246:9618?addrs=188.184.133.246-9618+[2001-1458-301-a0--100-425]-9618&noUDP&sock=13638_f464_103887>
...
040 (334276.003.000) 05/14 16:21:08 Finished transferring input files
...
001 (334276.003.000) 05/14 16:21:09 Job executing on host: <188.184.133.246:9618?addrs=188.184.133.246-9618+[2001-1458-301-a0--100-425]-9618&noUDP&sock=13415_2715_3>
...
006 (334276.003.000) 05/14 16:21:18 Image size of job updated: 331060
	243  -  MemoryUsage of job (MB)
	248092  -  ResidentSetSize of job (KB)
...
006 (334276.003.000) 05/14 16:26:19 Image size of job updated: 576892
	483  -  MemoryUsage of job (MB)
	493872  -  ResidentSetSize of job (KB)
...
006 (334276.003.000) 05/14 16:29:34 Image size of job updated: 576892
	483  -  MemoryUsage of job (MB)
	493944  -  ResidentSetSize of job (KB)
...
040 (334276.003.000) 05/14 16:29:34 Started transferring output files
...
040 (334276.003.000) 05/14 16:29:34 Finished transferring output files
...
005 (334276.003.000) 05/14 16:29:34 Job terminated.
	(1) Normal termination (return value 1)
		Usr 0 00:07:28, Sys 0 00:00:46  -  Run Remote Usage
		Usr 0 00:00:00, Sys 0 00:00:00  -  Run Local Usage
		Usr 0 00:07:28, Sys 0 00:00:46  -  Total Remote Usage
		Usr 0 00:00:00, Sys 0 00:00:00  -  Total Local Usage
	8502  -  Run Bytes Sent By Job
	10917  -  Run Bytes Received By Job
	8502  -  Total Bytes Sent By Job
	10917  -  Total Bytes Received By Job
	Partitionable Resources :    Usage  Request Allocated 
	   Cpus                 :                 1           
	   Disk (KB)            :       71        1   2144430 
	   Memory (MB)          :      483     2000      2000 
...
