000 (334275.007.000) 05/14 16:10:47 Job submitted from host: <188.184.95.166:9618?addrs=188.184.95.166-9618+[2001-1458-201-e4--100-7a0]-9618&alias=tbird02.cern.ch&noUDP&sock=schedd_2138722_faad_3>
...
040 (334275.007.000) 05/14 16:17:31 Started transferring input files
	Transferring to host: <128.142.224.182:9618?addrs=128.142.224.182-9618+[2001-1458-301-84--100-117]-9618&noUDP&sock=3806_6bd4_115500>
...
040 (334275.007.000) 05/14 16:17:31 Finished transferring input files
...
001 (334275.007.000) 05/14 16:17:32 Job executing on host: <128.142.224.182:9618?addrs=128.142.224.182-9618+[2001-1458-301-84--100-117]-9618&noUDP&sock=2333_d28a_3>
...
006 (334275.007.000) 05/14 16:17:41 Image size of job updated: 270876
	187  -  MemoryUsage of job (MB)
	191052  -  ResidentSetSize of job (KB)
...
006 (334275.007.000) 05/14 16:22:42 Image size of job updated: 495464
	481  -  MemoryUsage of job (MB)
	492084  -  ResidentSetSize of job (KB)
...
040 (334275.007.000) 05/14 16:25:33 Started transferring output files
...
040 (334275.007.000) 05/14 16:25:33 Finished transferring output files
...
005 (334275.007.000) 05/14 16:25:33 Job terminated.
	(1) Normal termination (return value 1)
		Usr 0 00:07:04, Sys 0 00:00:43  -  Run Remote Usage
		Usr 0 00:00:00, Sys 0 00:00:00  -  Run Local Usage
		Usr 0 00:07:04, Sys 0 00:00:43  -  Total Remote Usage
		Usr 0 00:00:00, Sys 0 00:00:00  -  Total Local Usage
	8503  -  Run Bytes Sent By Job
	10917  -  Run Bytes Received By Job
	8503  -  Total Bytes Sent By Job
	10917  -  Total Bytes Received By Job
	Partitionable Resources :    Usage  Request Allocated 
	   Cpus                 :                 1           
	   Disk (KB)            :       71        1   2128007 
	   Memory (MB)          :      481     2000      2000 
...
