000 (334270.001.000) 05/14 16:10:44 Job submitted from host: <188.184.95.166:9618?addrs=188.184.95.166-9618+[2001-1458-201-e4--100-7a0]-9618&alias=tbird02.cern.ch&noUDP&sock=schedd_2138722_faad_3>
...
040 (334270.001.000) 05/14 16:13:10 Started transferring input files
	Transferring to host: <188.184.207.250:9618?addrs=188.184.207.250-9618+[2001-1458-301-7d--100-3b6]-9618&noUDP&sock=3750_f6d2_128585>
...
040 (334270.001.000) 05/14 16:13:10 Finished transferring input files
...
001 (334270.001.000) 05/14 16:13:11 Job executing on host: <188.184.207.250:9618?addrs=188.184.207.250-9618+[2001-1458-301-7d--100-3b6]-9618&noUDP&sock=2324_a630_3>
...
006 (334270.001.000) 05/14 16:13:20 Image size of job updated: 331764
	244  -  MemoryUsage of job (MB)
	249212  -  ResidentSetSize of job (KB)
...
006 (334270.001.000) 05/14 16:18:21 Image size of job updated: 601040
	507  -  MemoryUsage of job (MB)
	518436  -  ResidentSetSize of job (KB)
...
040 (334270.001.000) 05/14 16:21:01 Started transferring output files
...
040 (334270.001.000) 05/14 16:21:01 Finished transferring output files
...
005 (334270.001.000) 05/14 16:21:01 Job terminated.
	(1) Normal termination (return value 1)
		Usr 0 00:06:52, Sys 0 00:00:42  -  Run Remote Usage
		Usr 0 00:00:00, Sys 0 00:00:00  -  Run Local Usage
		Usr 0 00:06:52, Sys 0 00:00:42  -  Total Remote Usage
		Usr 0 00:00:00, Sys 0 00:00:00  -  Total Local Usage
	8534  -  Run Bytes Sent By Job
	10917  -  Run Bytes Received By Job
	8534  -  Total Bytes Sent By Job
	10917  -  Total Bytes Received By Job
	Partitionable Resources :    Usage  Request Allocated 
	   Cpus                 :                 1           
	   Disk (KB)            :       71        1   2094335 
	   Memory (MB)          :      507     2000      2000 
...
