000 (334278.002.000) 05/14 16:10:50 Job submitted from host: <188.184.95.166:9618?addrs=188.184.95.166-9618+[2001-1458-201-e4--100-7a0]-9618&alias=tbird02.cern.ch&noUDP&sock=schedd_2138722_faad_3>
...
040 (334278.002.000) 05/14 16:22:09 Started transferring input files
	Transferring to host: <128.142.240.9:9618?addrs=128.142.240.9-9618+[2001-1458-301-f9--100-16]-9618&noUDP&sock=6480_7f01_1778>
...
040 (334278.002.000) 05/14 16:22:09 Finished transferring input files
...
001 (334278.002.000) 05/14 16:22:10 Job executing on host: <128.142.240.9:9618?addrs=128.142.240.9-9618+[2001-1458-301-f9--100-16]-9618&noUDP&sock=2371_e323_3>
...
006 (334278.002.000) 05/14 16:22:18 Image size of job updated: 242452
	210  -  MemoryUsage of job (MB)
	215012  -  ResidentSetSize of job (KB)
...
006 (334278.002.000) 05/14 16:27:18 Image size of job updated: 523164
	483  -  MemoryUsage of job (MB)
	493692  -  ResidentSetSize of job (KB)
...
040 (334278.002.000) 05/14 16:31:02 Started transferring output files
...
040 (334278.002.000) 05/14 16:31:02 Finished transferring output files
...
005 (334278.002.000) 05/14 16:31:02 Job terminated.
	(1) Normal termination (return value 1)
		Usr 0 00:07:47, Sys 0 00:00:48  -  Run Remote Usage
		Usr 0 00:00:00, Sys 0 00:00:00  -  Run Local Usage
		Usr 0 00:07:47, Sys 0 00:00:48  -  Total Remote Usage
		Usr 0 00:00:00, Sys 0 00:00:00  -  Total Local Usage
	8501  -  Run Bytes Sent By Job
	10917  -  Run Bytes Received By Job
	8501  -  Total Bytes Sent By Job
	10917  -  Total Bytes Received By Job
	Partitionable Resources :    Usage  Request Allocated 
	   Cpus                 :     0.99        1         1 
	   Disk (KB)            :    78           1    210574 
	   Memory (MB)          :   483        2000      2000 
...
