000 (334269.013.000) 05/14 16:10:44 Job submitted from host: <188.184.95.166:9618?addrs=188.184.95.166-9618+[2001-1458-201-e4--100-7a0]-9618&alias=tbird02.cern.ch&noUDP&sock=schedd_2138722_faad_3>
...
040 (334269.013.000) 05/14 16:13:02 Started transferring input files
	Transferring to host: <128.142.240.13:9618?addrs=128.142.240.13-9618+[2001-1458-301-f9--100-33]-9618&noUDP&sock=29772_d134_1751>
...
040 (334269.013.000) 05/14 16:13:02 Finished transferring input files
...
001 (334269.013.000) 05/14 16:13:03 Job executing on host: <128.142.240.13:9618?addrs=128.142.240.13-9618+[2001-1458-301-f9--100-33]-9618&noUDP&sock=2675_67ee_3>
...
006 (334269.013.000) 05/14 16:13:12 Image size of job updated: 261444
	179  -  MemoryUsage of job (MB)
	182984  -  ResidentSetSize of job (KB)
...
006 (334269.013.000) 05/14 16:18:12 Image size of job updated: 484524
	391  -  MemoryUsage of job (MB)
	400032  -  ResidentSetSize of job (KB)
...
006 (334269.013.000) 05/14 16:23:12 Image size of job updated: 606880
	511  -  MemoryUsage of job (MB)
	522388  -  ResidentSetSize of job (KB)
...
040 (334269.013.000) 05/14 16:26:59 Started transferring output files
...
040 (334269.013.000) 05/14 16:26:59 Finished transferring output files
...
005 (334269.013.000) 05/14 16:26:59 Job terminated.
	(1) Normal termination (return value 1)
		Usr 0 00:11:29, Sys 0 00:01:07  -  Run Remote Usage
		Usr 0 00:00:00, Sys 0 00:00:00  -  Run Local Usage
		Usr 0 00:11:29, Sys 0 00:01:07  -  Total Remote Usage
		Usr 0 00:00:00, Sys 0 00:00:00  -  Total Local Usage
	13883  -  Run Bytes Sent By Job
	10917  -  Run Bytes Received By Job
	13883  -  Total Bytes Sent By Job
	10917  -  Total Bytes Received By Job
	Partitionable Resources :    Usage  Request Allocated 
	   Cpus                 :     0.97        1         1 
	   Disk (KB)            :    80           1    214674 
	   Memory (MB)          :   511        2000      2000 
...
