000 (334270.006.000) 05/14 16:10:44 Job submitted from host: <188.184.95.166:9618?addrs=188.184.95.166-9618+[2001-1458-201-e4--100-7a0]-9618&alias=tbird02.cern.ch&noUDP&sock=schedd_2138722_faad_3>
...
040 (334270.006.000) 05/14 16:13:13 Started transferring input files
	Transferring to host: <188.184.207.222:9618?addrs=188.184.207.222-9618+[2001-1458-301-7d--100-42c]-9618&noUDP&sock=4202_7064_127562>
...
040 (334270.006.000) 05/14 16:13:13 Finished transferring input files
...
001 (334270.006.000) 05/14 16:13:14 Job executing on host: <188.184.207.222:9618?addrs=188.184.207.222-9618+[2001-1458-301-7d--100-42c]-9618&noUDP&sock=2332_22f2_3>
...
006 (334270.006.000) 05/14 16:13:22 Image size of job updated: 286656
	203  -  MemoryUsage of job (MB)
	207236  -  ResidentSetSize of job (KB)
...
006 (334270.006.000) 05/14 16:18:22 Image size of job updated: 501140
	409  -  MemoryUsage of job (MB)
	418448  -  ResidentSetSize of job (KB)
...
006 (334270.006.000) 05/14 16:23:23 Image size of job updated: 603888
	509  -  MemoryUsage of job (MB)
	521196  -  ResidentSetSize of job (KB)
...
040 (334270.006.000) 05/14 16:26:35 Started transferring output files
...
040 (334270.006.000) 05/14 16:26:35 Finished transferring output files
...
005 (334270.006.000) 05/14 16:26:35 Job terminated.
	(1) Normal termination (return value 1)
		Usr 0 00:11:58, Sys 0 00:01:02  -  Run Remote Usage
		Usr 0 00:00:00, Sys 0 00:00:00  -  Run Local Usage
		Usr 0 00:11:58, Sys 0 00:01:02  -  Total Remote Usage
		Usr 0 00:00:00, Sys 0 00:00:00  -  Total Local Usage
	8536  -  Run Bytes Sent By Job
	10917  -  Run Bytes Received By Job
	8536  -  Total Bytes Sent By Job
	10917  -  Total Bytes Received By Job
	Partitionable Resources :    Usage  Request Allocated 
	   Cpus                 :                 1           
	   Disk (KB)            :       71        1   2115136 
	   Memory (MB)          :      509     2000      2000 
...
