000 (334270.018.000) 05/14 16:10:44 Job submitted from host: <188.184.95.166:9618?addrs=188.184.95.166-9618+[2001-1458-201-e4--100-7a0]-9618&alias=tbird02.cern.ch&noUDP&sock=schedd_2138722_faad_3>
...
040 (334270.018.000) 05/14 16:13:16 Started transferring input files
	Transferring to host: <188.184.133.248:9618?addrs=188.184.133.248-9618+[2001-1458-301-a0--100-400]-9618&noUDP&sock=13068_568c_103852>
...
040 (334270.018.000) 05/14 16:13:16 Finished transferring input files
...
001 (334270.018.000) 05/14 16:13:17 Job executing on host: <188.184.133.248:9618?addrs=188.184.133.248-9618+[2001-1458-301-a0--100-400]-9618&noUDP&sock=12851_4baa_3>
...
006 (334270.018.000) 05/14 16:13:26 Image size of job updated: 332492
	244  -  MemoryUsage of job (MB)
	249548  -  ResidentSetSize of job (KB)
...
006 (334270.018.000) 05/14 16:18:27 Image size of job updated: 601640
	507  -  MemoryUsage of job (MB)
	518644  -  ResidentSetSize of job (KB)
...
040 (334270.018.000) 05/14 16:20:54 Started transferring output files
...
040 (334270.018.000) 05/14 16:20:54 Finished transferring output files
...
005 (334270.018.000) 05/14 16:20:55 Job terminated.
	(1) Normal termination (return value 1)
		Usr 0 00:06:42, Sys 0 00:00:40  -  Run Remote Usage
		Usr 0 00:00:00, Sys 0 00:00:00  -  Run Local Usage
		Usr 0 00:06:42, Sys 0 00:00:40  -  Total Remote Usage
		Usr 0 00:00:00, Sys 0 00:00:00  -  Total Local Usage
	8540  -  Run Bytes Sent By Job
	10917  -  Run Bytes Received By Job
	8540  -  Total Bytes Sent By Job
	10917  -  Total Bytes Received By Job
	Partitionable Resources :    Usage  Request Allocated 
	   Cpus                 :                 1           
	   Disk (KB)            :       71        1   2171274 
	   Memory (MB)          :      507     2000      2000 
...
