   ZZTo4L_ext_part4   MC  27 chunks


I have 1 taks to process
I'm using the following list of modules DEFAULT_MODULES
this is jobs [('ZZTo4L_ext_part4', 'MY_EOS_SPACE/heppyNtuples/TREES_DiBosons_exclusive_94X/ZZTo4L_ext_part4/treeProducerWMass/tree.root', 16473689.0, '_Friend_ZZTo4L_ext_part4.chunk22', False, xrange(5500000, 5750000), 22)]
Modules to run:  []   name =  puWeight
Loading puWeight from CMGTools.WMass.postprocessing.examples.puWeightProducer 
Running on dataset =  ZZTo4L_ext_part4
TFile: name=/afs/cern.ch/work/m/mciprian/w_mass_analysis/heppy/rel_slc7/CMSSW_9_4_12/src/CMGTools/WMass/python/postprocessing/data/pileup/mcPU_2016_W94XnoCutsWithGenWeights_nTrueInt.root, title=, option=READ
TFile: name=/afs/cern.ch/work/m/mciprian/w_mass_analysis/heppy/rel_slc7/CMSSW_9_4_12/src/CMGTools/WMass/python/postprocessing/data/pileup/PileupData_GoldenMuonJSON_Full2016.root, title=, option=READ
Load C++ Worker
Modules to run:  []   name =  muCalibratedWithStatVar
Loading muCalibratedWithStatVar from CMGTools.WMass.postprocessing.examples.lepVarProducer 
Running on dataset =  ZZTo4L_ext_part4
did not find EnergyScaleCorrection shared object, rebuilding
trying to load all the rochester correction libraries
did not find legacy data roccor. rebuilding...
done building legacy data roccor.
Modules to run:  []   name =  jetAllReCleaner
Loading jetAllReCleaner from CMGTools.WMass.postprocessing.examples.jetReCleaner 
Running on dataset =  ZZTo4L_ext_part4
Load C++ Worker
Modules to run:  []   name =  jetReCleaner
Loading jetReCleaner from CMGTools.WMass.postprocessing.examples.jetReCleaner 
Running on dataset =  ZZTo4L_ext_part4
Load C++ Worker
Modules to run:  []   name =  genQEDJets
Loading genQEDJets from CMGTools.WMass.postprocessing.examples.genFriendProducer 
Running on dataset =  ZZTo4L_ext_part4
Will write selected trees to MY_EOS_SPACE/heppyNtuples/TREES_DiBosons_exclusive_94X/friends/
Normalization of nTrueInt_Wnopt: 3.68902e+10
Normalization of pileup: 3.68902e+10
Weights for variable nTrueInt_Wnopt with a number of bins equal to 102:
1 0.3634 0.9215 1.196 0.96 1.118 1.157 0.9675 0.9293 0.9192 0.8823 0.9553 1.062 1.116 1.167 1.194 1.2 1.193 1.177 1.14 1.092 1.06 1.047 1.046 1.047 1.048 1.06 1.077 1.092 1.106 1.122 1.108 1.097 1.051 0.992 0.9144 0.8237 0.7175 0.6087 0.5019 0.4029 0.3076 0.2264 0.1622 0.1123 0.07656 0.05052 0.03159 0.01992 0.01212 0.007355 0.004361 0.002593 0.001553 0.0009624 0.0007219 0.0006632 0.0007233 0.0009289 0.001329 0.001772 0.003222 0.004042 0.00487 0.005064 0.005658 0.005309 0.004846 0.004101 0.003977 0.003686 0.003306 0.002672 0.002286 0.001878 0.00167 1 1 1 1 1 1 1 1 1 1 1 1 1 1 1 1 1 1 1 1 1 1 1 1 1 1 .
Final weights: 
1 0.3634 0.9215 1.196 0.96 1.118 1.157 0.9675 0.9293 0.9192 0.8823 0.9553 1.062 1.116 1.167 1.194 1.2 1.193 1.177 1.14 1.092 1.06 1.047 1.046 1.047 1.048 1.06 1.077 1.092 1.106 1.122 1.108 1.097 1.051 0.992 0.9144 0.8237 0.7175 0.6087 0.5019 0.4029 0.3076 0.2264 0.1622 0.1123 0.07656 0.05052 0.03159 0.01992 0.01212 0.007355 0.004361 0.002593 0.001553 0.0009624 0.0007219 0.0006632 0.0007233 0.0009289 0.001329 0.001772 0.003222 0.004042 0.00487 0.005064 0.005658 0.005309 0.004846 0.004101 0.003977 0.003686 0.003306 0.002672 0.002286 0.001878 0.00167 1 1 1 1 1 1 1 1 1 1 1 1 1 1 1 1 1 1 1 1 1 1 1 1 1 1 .
begin job of lepCalProducer
initializing all the rochester correction objects
initializing the egamma calibrator
Processed  5500000/ 6674251 entries (elapsed time     0.3s, curr speed   38.462 kHz, avg speed 21153.846 kHz), accepted        1/       1 events (100.00%)
Processed  5510000/ 6674251 entries (elapsed time    18.5s, curr speed    0.549 kHz, avg speed  298.483 kHz), accepted    10001/   10001 events (100.00%)
Processed  5520000/ 6674251 entries (elapsed time    36.6s, curr speed    0.551 kHz, avg speed  150.737 kHz), accepted    20001/   20001 events (100.00%)
Processed  5530000/ 6674251 entries (elapsed time    54.5s, curr speed    0.558 kHz, avg speed  101.375 kHz), accepted    30001/   30001 events (100.00%)
Processed  5540000/ 6674251 entries (elapsed time    73.5s, curr speed    0.529 kHz, avg speed   75.405 kHz), accepted    40001/   40001 events (100.00%)
Processed  5550000/ 6674251 entries (elapsed time    92.2s, curr speed    0.535 kHz, avg speed   60.221 kHz), accepted    50001/   50001 events (100.00%)
Processed  5560000/ 6674251 entries (elapsed time   108.4s, curr speed    0.615 kHz, avg speed   51.282 kHz), accepted    60001/   60001 events (100.00%)
Processed  5570000/ 6674251 entries (elapsed time   122.9s, curr speed    0.691 kHz, avg speed   45.325 kHz), accepted    70001/   70001 events (100.00%)
Processed  5580000/ 6674251 entries (elapsed time   137.2s, curr speed    0.697 kHz, avg speed   40.662 kHz), accepted    80001/   80001 events (100.00%)
Processed  5590000/ 6674251 entries (elapsed time   151.7s, curr speed    0.692 kHz, avg speed   36.851 kHz), accepted    90001/   90001 events (100.00%)
Processed  5600000/ 6674251 entries (elapsed time   165.8s, curr speed    0.709 kHz, avg speed   33.778 kHz), accepted   100001/  100001 events (100.00%)
Processed  5610000/ 6674251 entries (elapsed time   206.9s, curr speed    0.243 kHz, avg speed   27.111 kHz), accepted   110001/  110001 events (100.00%)
Processed  5620000/ 6674251 entries (elapsed time   221.3s, curr speed    0.697 kHz, avg speed   25.398 kHz), accepted   120001/  120001 events (100.00%)
Processed  5630000/ 6674251 entries (elapsed time   235.8s, curr speed    0.689 kHz, avg speed   23.876 kHz), accepted   130001/  130001 events (100.00%)
Processed  5640000/ 6674251 entries (elapsed time   250.2s, curr speed    0.696 kHz, avg speed   22.545 kHz), accepted   140001/  140001 events (100.00%)
Processed  5650000/ 6674251 entries (elapsed time   264.6s, curr speed    0.692 kHz, avg speed   21.351 kHz), accepted   150001/  150001 events (100.00%)
Processed  5660000/ 6674251 entries (elapsed time   306.0s, curr speed    0.242 kHz, avg speed   18.499 kHz), accepted   160001/  160001 events (100.00%)
Processed  5670000/ 6674251 entries (elapsed time   321.1s, curr speed    0.662 kHz, avg speed   17.660 kHz), accepted   170001/  170001 events (100.00%)
Processed  5680000/ 6674251 entries (elapsed time   336.0s, curr speed    0.670 kHz, avg speed   16.905 kHz), accepted   180001/  180001 events (100.00%)
Processed  5690000/ 6674251 entries (elapsed time   351.1s, curr speed    0.662 kHz, avg speed   16.206 kHz), accepted   190001/  190001 events (100.00%)
Processed  5700000/ 6674251 entries (elapsed time   365.9s, curr speed    0.674 kHz, avg speed   15.577 kHz), accepted   200001/  200001 events (100.00%)
Processed  5710000/ 6674251 entries (elapsed time   381.1s, curr speed    0.660 kHz, avg speed   14.983 kHz), accepted   210001/  210001 events (100.00%)
Processed  5720000/ 6674251 entries (elapsed time   422.3s, curr speed    0.243 kHz, avg speed   13.546 kHz), accepted   220001/  220001 events (100.00%)
Processed  5730000/ 6674251 entries (elapsed time   437.3s, curr speed    0.663 kHz, avg speed   13.102 kHz), accepted   230001/  230001 events (100.00%)
Processed  5740000/ 6674251 entries (elapsed time   452.6s, curr speed    0.657 kHz, avg speed   12.683 kHz), accepted   240001/  240001 events (100.00%)
Processed 250000 entries from MY_EOS_SPACE/heppyNtuples/TREES_DiBosons_exclusive_94X/ZZTo4L_ext_part4/treeProducerWMass/tree.root, selected 250000 entries
Done MY_EOS_SPACE/heppyNtuples/TREES_DiBosons_exclusive_94X/friends/tree_Friend_ZZTo4L_ext_part4.chunk22.root
