000 (334269.002.000) 05/14 16:10:44 Job submitted from host: <188.184.95.166:9618?addrs=188.184.95.166-9618+[2001-1458-201-e4--100-7a0]-9618&alias=tbird02.cern.ch&noUDP&sock=schedd_2138722_faad_3>
...
040 (334269.002.000) 05/14 16:13:00 Started transferring input files
	Transferring to host: <188.184.132.20:9618?addrs=188.184.132.20-9618+[2001-1458-301-a0--100-1d]-9618&noUDP&sock=4152_35a2_128402>
...
040 (334269.002.000) 05/14 16:13:00 Finished transferring input files
...
001 (334269.002.000) 05/14 16:13:01 Job executing on host: <188.184.132.20:9618?addrs=188.184.132.20-9618+[2001-1458-301-a0--100-1d]-9618&noUDP&sock=2383_1e46_3>
...
006 (334269.002.000) 05/14 16:13:09 Image size of job updated: 262964
	182  -  MemoryUsage of job (MB)
	185896  -  ResidentSetSize of job (KB)
...
006 (334269.002.000) 05/14 16:18:09 Image size of job updated: 500424
	408  -  MemoryUsage of job (MB)
	417532  -  ResidentSetSize of job (KB)
...
006 (334269.002.000) 05/14 16:23:10 Image size of job updated: 603100
	509  -  MemoryUsage of job (MB)
	520208  -  ResidentSetSize of job (KB)
...
040 (334269.002.000) 05/14 16:26:48 Started transferring output files
...
040 (334269.002.000) 05/14 16:26:48 Finished transferring output files
...
005 (334269.002.000) 05/14 16:26:48 Job terminated.
	(1) Normal termination (return value 1)
		Usr 0 00:12:06, Sys 0 00:01:04  -  Run Remote Usage
		Usr 0 00:00:00, Sys 0 00:00:00  -  Run Local Usage
		Usr 0 00:12:06, Sys 0 00:01:04  -  Total Remote Usage
		Usr 0 00:00:00, Sys 0 00:00:00  -  Total Local Usage
	8534  -  Run Bytes Sent By Job
	10917  -  Run Bytes Received By Job
	8534  -  Total Bytes Sent By Job
	10917  -  Total Bytes Received By Job
	Partitionable Resources :    Usage  Request Allocated 
	   Cpus                 :                 1           
	   Disk (KB)            :       71        1   2110552 
	   Memory (MB)          :      509     2000      2000 
...
