000 (334279.029.000) 05/14 16:10:50 Job submitted from host: <188.184.95.166:9618?addrs=188.184.95.166-9618+[2001-1458-201-e4--100-7a0]-9618&alias=tbird02.cern.ch&noUDP&sock=schedd_2138722_faad_3>
...
022 (334279.029.000) 05/14 16:25:31 Job disconnected, attempting to reconnect
    Socket between submit and execute hosts closed unexpectedly
    Trying to reconnect to slot1_2@b7g28n0095.cern.ch <188.184.186.30:9618?addrs=188.184.186.30-9618+[2001-1458-301-f8--100-2b]-9618&noUDP&sock=2326_0560_3>
...
024 (334279.029.000) 05/14 16:25:39 Job reconnection failed
    Job not found at execution machine
    Can not reconnect to slot1_2@b7g28n0095.cern.ch, rescheduling job
...
040 (334279.029.000) 05/14 16:25:41 Started transferring input files
	Transferring to host: <188.184.132.27:9618?addrs=188.184.132.27-9618+[2001-1458-301-a0--100-29]-9618&noUDP&sock=4226_5965_128147>
...
040 (334279.029.000) 05/14 16:25:41 Finished transferring input files
...
001 (334279.029.000) 05/14 16:25:42 Job executing on host: <188.184.132.27:9618?addrs=188.184.132.27-9618+[2001-1458-301-a0--100-29]-9618&noUDP&sock=2324_a630_3>
...
006 (334279.029.000) 05/14 16:25:50 Image size of job updated: 307684
	220  -  MemoryUsage of job (MB)
	224876  -  ResidentSetSize of job (KB)
...
006 (334279.029.000) 05/14 16:30:50 Image size of job updated: 575912
	482  -  MemoryUsage of job (MB)
	492928  -  ResidentSetSize of job (KB)
...
040 (334279.029.000) 05/14 16:33:29 Started transferring output files
...
040 (334279.029.000) 05/14 16:33:29 Finished transferring output files
...
005 (334279.029.000) 05/14 16:33:29 Job terminated.
	(1) Normal termination (return value 1)
		Usr 0 00:06:45, Sys 0 00:00:40  -  Run Remote Usage
		Usr 0 00:00:00, Sys 0 00:00:00  -  Run Local Usage
		Usr 0 00:06:45, Sys 0 00:00:40  -  Total Remote Usage
		Usr 0 00:00:00, Sys 0 00:00:00  -  Total Local Usage
	7737  -  Run Bytes Sent By Job
	10917  -  Run Bytes Received By Job
	7737  -  Total Bytes Sent By Job
	10917  -  Total Bytes Received By Job
	Partitionable Resources :    Usage  Request Allocated 
	   Cpus                 :                 1           
	   Disk (KB)            :       71        1   2172731 
	   Memory (MB)          :      482     2000      2000 
...
