000 (334277.028.000) 05/14 16:10:48 Job submitted from host: <188.184.95.166:9618?addrs=188.184.95.166-9618+[2001-1458-201-e4--100-7a0]-9618&alias=tbird02.cern.ch&noUDP&sock=schedd_2138722_faad_3>
...
022 (334277.028.000) 05/14 16:22:49 Job disconnected, attempting to reconnect
    Socket between submit and execute hosts closed unexpectedly
    Trying to reconnect to slot1_2@b7g28n0498.cern.ch <188.184.132.38:9618?addrs=188.184.132.38-9618+[2001-1458-301-a0--100-1c]-9618&noUDP&sock=2361_0731_3>
...
024 (334277.028.000) 05/14 16:22:49 Job reconnection failed
    Job not found at execution machine
    Can not reconnect to slot1_2@b7g28n0498.cern.ch, rescheduling job
...
040 (334277.028.000) 05/14 16:23:07 Started transferring input files
	Transferring to host: <188.184.207.149:9618?addrs=188.184.207.149-9618+[2001-1458-301-7d--100-47c]-9618&noUDP&sock=24621_78c2_1703>
...
040 (334277.028.000) 05/14 16:23:07 Finished transferring input files
...
001 (334277.028.000) 05/14 16:23:08 Job executing on host: <188.184.207.149:9618?addrs=188.184.207.149-9618+[2001-1458-301-7d--100-47c]-9618&noUDP&sock=2317_d906_3>
...
006 (334277.028.000) 05/14 16:23:16 Image size of job updated: 111344
	64  -  MemoryUsage of job (MB)
	65152  -  ResidentSetSize of job (KB)
...
006 (334277.028.000) 05/14 16:28:16 Image size of job updated: 405128
	394  -  MemoryUsage of job (MB)
	402724  -  ResidentSetSize of job (KB)
...
006 (334277.028.000) 05/14 16:33:17 Image size of job updated: 494284
	481  -  MemoryUsage of job (MB)
	491880  -  ResidentSetSize of job (KB)
...
006 (334277.028.000) 05/14 16:38:18 Image size of job updated: 496272
	483  -  MemoryUsage of job (MB)
	493868  -  ResidentSetSize of job (KB)
...
040 (334277.028.000) 05/14 16:38:23 Started transferring output files
...
040 (334277.028.000) 05/14 16:38:23 Finished transferring output files
...
005 (334277.028.000) 05/14 16:38:23 Job terminated.
	(1) Normal termination (return value 1)
		Usr 0 00:12:43, Sys 0 00:01:10  -  Run Remote Usage
		Usr 0 00:00:00, Sys 0 00:00:00  -  Run Local Usage
		Usr 0 00:12:43, Sys 0 00:01:10  -  Total Remote Usage
		Usr 0 00:00:00, Sys 0 00:00:00  -  Total Local Usage
	8507  -  Run Bytes Sent By Job
	10917  -  Run Bytes Received By Job
	8507  -  Total Bytes Sent By Job
	10917  -  Total Bytes Received By Job
	Partitionable Resources :    Usage  Request Allocated 
	   Cpus                 :     0.97        1         1 
	   Disk (KB)            :    79           1    211988 
	   Memory (MB)          :   483        2000      2000 
...
