000 (334271.001.000) 05/14 16:10:45 Job submitted from host: <188.184.95.166:9618?addrs=188.184.95.166-9618+[2001-1458-201-e4--100-7a0]-9618&alias=tbird02.cern.ch&noUDP&sock=schedd_2138722_faad_3>
...
040 (334271.001.000) 05/14 16:13:29 Started transferring input files
	Transferring to host: <188.184.132.8:9618?addrs=188.184.132.8-9618+[2001-1458-301-a0--100-9]-9618&noUDP&sock=8960_e165_1669>
...
040 (334271.001.000) 05/14 16:13:29 Finished transferring input files
...
001 (334271.001.000) 05/14 16:13:30 Job executing on host: <188.184.132.8:9618?addrs=188.184.132.8-9618+[2001-1458-301-a0--100-9]-9618&noUDP&sock=2815_6f30_3>
...
006 (334271.001.000) 05/14 16:13:39 Image size of job updated: 216432
	205  -  MemoryUsage of job (MB)
	209572  -  ResidentSetSize of job (KB)
...
006 (334271.001.000) 05/14 16:18:40 Image size of job updated: 402692
	393  -  MemoryUsage of job (MB)
	402404  -  ResidentSetSize of job (KB)
...
006 (334271.001.000) 05/14 16:23:40 Image size of job updated: 518924
	507  -  MemoryUsage of job (MB)
	518636  -  ResidentSetSize of job (KB)
...
006 (334271.001.000) 05/14 16:28:40 Image size of job updated: 521688
	510  -  MemoryUsage of job (MB)
	521400  -  ResidentSetSize of job (KB)
...
040 (334271.001.000) 05/14 16:28:47 Started transferring output files
...
040 (334271.001.000) 05/14 16:28:47 Finished transferring output files
...
005 (334271.001.000) 05/14 16:28:47 Job terminated.
	(1) Normal termination (return value 1)
		Usr 0 00:12:55, Sys 0 00:01:06  -  Run Remote Usage
		Usr 0 00:00:00, Sys 0 00:00:00  -  Run Local Usage
		Usr 0 00:12:55, Sys 0 00:01:06  -  Total Remote Usage
		Usr 0 00:00:00, Sys 0 00:00:00  -  Total Local Usage
	13878  -  Run Bytes Sent By Job
	10917  -  Run Bytes Received By Job
	13878  -  Total Bytes Sent By Job
	10917  -  Total Bytes Received By Job
	Partitionable Resources :    Usage  Request Allocated 
	   Cpus                 :     0.99        1         1 
	   Disk (KB)            :    80           1    213959 
	   Memory (MB)          :   510        2000      2000 
...
