000 (334271.006.000) 05/14 16:10:45 Job submitted from host: <188.184.95.166:9618?addrs=188.184.95.166-9618+[2001-1458-201-e4--100-7a0]-9618&alias=tbird02.cern.ch&noUDP&sock=schedd_2138722_faad_3>
...
040 (334271.006.000) 05/14 16:13:30 Started transferring input files
	Transferring to host: <188.184.132.8:9618?addrs=188.184.132.8-9618+[2001-1458-301-a0--100-9]-9618&noUDP&sock=8960_e165_1671>
...
040 (334271.006.000) 05/14 16:13:30 Finished transferring input files
...
001 (334271.006.000) 05/14 16:13:31 Job executing on host: <188.184.132.8:9618?addrs=188.184.132.8-9618+[2001-1458-301-a0--100-9]-9618&noUDP&sock=2815_6f30_3>
...
006 (334271.006.000) 05/14 16:13:40 Image size of job updated: 218336
	205  -  MemoryUsage of job (MB)
	209592  -  ResidentSetSize of job (KB)
...
006 (334271.006.000) 05/14 16:18:41 Image size of job updated: 403556
	394  -  MemoryUsage of job (MB)
	403016  -  ResidentSetSize of job (KB)
...
006 (334271.006.000) 05/14 16:23:41 Image size of job updated: 520520
	508  -  MemoryUsage of job (MB)
	519980  -  ResidentSetSize of job (KB)
...
006 (334271.006.000) 05/14 16:28:42 Image size of job updated: 523460
	511  -  MemoryUsage of job (MB)
	522920  -  ResidentSetSize of job (KB)
...
040 (334271.006.000) 05/14 16:28:55 Started transferring output files
...
040 (334271.006.000) 05/14 16:28:55 Finished transferring output files
...
005 (334271.006.000) 05/14 16:28:55 Job terminated.
	(1) Normal termination (return value 1)
		Usr 0 00:13:00, Sys 0 00:01:06  -  Run Remote Usage
		Usr 0 00:00:00, Sys 0 00:00:00  -  Run Local Usage
		Usr 0 00:13:00, Sys 0 00:01:06  -  Total Remote Usage
		Usr 0 00:00:00, Sys 0 00:00:00  -  Total Local Usage
	13880  -  Run Bytes Sent By Job
	10917  -  Run Bytes Received By Job
	13880  -  Total Bytes Sent By Job
	10917  -  Total Bytes Received By Job
	Partitionable Resources :    Usage  Request Allocated 
	   Cpus                 :     0.99        1         1 
	   Disk (KB)            :    80           1    213959 
	   Memory (MB)          :   511        2000      2000 
...
