000 (334277.011.000) 05/14 16:10:48 Job submitted from host: <188.184.95.166:9618?addrs=188.184.95.166-9618+[2001-1458-201-e4--100-7a0]-9618&alias=tbird02.cern.ch&noUDP&sock=schedd_2138722_faad_3>
...
022 (334277.011.000) 05/14 16:22:07 Job disconnected, attempting to reconnect
    Socket between submit and execute hosts closed unexpectedly
    Trying to reconnect to slot1_2@b7g28n0498.cern.ch <188.184.132.38:9618?addrs=188.184.132.38-9618+[2001-1458-301-a0--100-1c]-9618&noUDP&sock=2361_0731_3>
...
024 (334277.011.000) 05/14 16:22:07 Job reconnection failed
    Job not found at execution machine
    Can not reconnect to slot1_2@b7g28n0498.cern.ch, rescheduling job
...
040 (334277.011.000) 05/14 16:22:16 Started transferring input files
	Transferring to host: <188.184.186.35:9618?addrs=188.184.186.35-9618+[2001-1458-301-f8--100-21]-9618&noUDP&sock=4126_e3e1_128111>
...
040 (334277.011.000) 05/14 16:22:16 Finished transferring input files
...
001 (334277.011.000) 05/14 16:22:17 Job executing on host: <188.184.186.35:9618?addrs=188.184.186.35-9618+[2001-1458-301-f8--100-21]-9618&noUDP&sock=2421_2ee0_3>
...
006 (334277.011.000) 05/14 16:22:25 Image size of job updated: 290212
	206  -  MemoryUsage of job (MB)
	210128  -  ResidentSetSize of job (KB)
...
006 (334277.011.000) 05/14 16:27:25 Image size of job updated: 496316
	482  -  MemoryUsage of job (MB)
	493532  -  ResidentSetSize of job (KB)
...
040 (334277.011.000) 05/14 16:30:15 Started transferring output files
...
040 (334277.011.000) 05/14 16:30:15 Finished transferring output files
...
005 (334277.011.000) 05/14 16:30:15 Job terminated.
	(1) Normal termination (return value 1)
		Usr 0 00:07:09, Sys 0 00:00:44  -  Run Remote Usage
		Usr 0 00:00:00, Sys 0 00:00:00  -  Run Local Usage
		Usr 0 00:07:09, Sys 0 00:00:44  -  Total Remote Usage
		Usr 0 00:00:00, Sys 0 00:00:00  -  Total Local Usage
	8506  -  Run Bytes Sent By Job
	10917  -  Run Bytes Received By Job
	8506  -  Total Bytes Sent By Job
	10917  -  Total Bytes Received By Job
	Partitionable Resources :    Usage  Request Allocated 
	   Cpus                 :                 1           
	   Disk (KB)            :       72        1   2111762 
	   Memory (MB)          :      482     2000      2000 
...
