   ZZTo4L_ext_part4   MC  27 chunks


I have 1 taks to process
I'm using the following list of modules DEFAULT_MODULES
this is jobs [('ZZTo4L_ext_part4', 'MY_EOS_SPACE/heppyNtuples/TREES_DiBosons_exclusive_94X/ZZTo4L_ext_part4/treeProducerWMass/tree.root', 16473689.0, '_Friend_ZZTo4L_ext_part4.chunk3', False, xrange(750000, 1000000), 3)]
Modules to run:  []   name =  puWeight
Loading puWeight from CMGTools.WMass.postprocessing.examples.puWeightProducer 
Running on dataset =  ZZTo4L_ext_part4
TFile: name=/afs/cern.ch/work/m/mciprian/w_mass_analysis/heppy/rel_slc7/CMSSW_9_4_12/src/CMGTools/WMass/python/postprocessing/data/pileup/mcPU_2016_W94XnoCutsWithGenWeights_nTrueInt.root, title=, option=READ
TFile: name=/afs/cern.ch/work/m/mciprian/w_mass_analysis/heppy/rel_slc7/CMSSW_9_4_12/src/CMGTools/WMass/python/postprocessing/data/pileup/PileupData_GoldenMuonJSON_Full2016.root, title=, option=READ
Load C++ Worker
Modules to run:  []   name =  muCalibratedWithStatVar
Loading muCalibratedWithStatVar from CMGTools.WMass.postprocessing.examples.lepVarProducer 
Running on dataset =  ZZTo4L_ext_part4
did not find EnergyScaleCorrection shared object, rebuilding
trying to load all the rochester correction libraries
did not find legacy data roccor. rebuilding...
done building legacy data roccor.
Modules to run:  []   name =  jetAllReCleaner
Loading jetAllReCleaner from CMGTools.WMass.postprocessing.examples.jetReCleaner 
Running on dataset =  ZZTo4L_ext_part4
Load C++ Worker
Modules to run:  []   name =  jetReCleaner
Loading jetReCleaner from CMGTools.WMass.postprocessing.examples.jetReCleaner 
Running on dataset =  ZZTo4L_ext_part4
Load C++ Worker
Modules to run:  []   name =  genQEDJets
Loading genQEDJets from CMGTools.WMass.postprocessing.examples.genFriendProducer 
Running on dataset =  ZZTo4L_ext_part4
Will write selected trees to MY_EOS_SPACE/heppyNtuples/TREES_DiBosons_exclusive_94X/friends/
Normalization of nTrueInt_Wnopt: 3.68902e+10
Normalization of pileup: 3.68902e+10
Weights for variable nTrueInt_Wnopt with a number of bins equal to 102:
1 0.3634 0.9215 1.196 0.96 1.118 1.157 0.9675 0.9293 0.9192 0.8823 0.9553 1.062 1.116 1.167 1.194 1.2 1.193 1.177 1.14 1.092 1.06 1.047 1.046 1.047 1.048 1.06 1.077 1.092 1.106 1.122 1.108 1.097 1.051 0.992 0.9144 0.8237 0.7175 0.6087 0.5019 0.4029 0.3076 0.2264 0.1622 0.1123 0.07656 0.05052 0.03159 0.01992 0.01212 0.007355 0.004361 0.002593 0.001553 0.0009624 0.0007219 0.0006632 0.0007233 0.0009289 0.001329 0.001772 0.003222 0.004042 0.00487 0.005064 0.005658 0.005309 0.004846 0.004101 0.003977 0.003686 0.003306 0.002672 0.002286 0.001878 0.00167 1 1 1 1 1 1 1 1 1 1 1 1 1 1 1 1 1 1 1 1 1 1 1 1 1 1 .
Final weights: 
1 0.3634 0.9215 1.196 0.96 1.118 1.157 0.9675 0.9293 0.9192 0.8823 0.9553 1.062 1.116 1.167 1.194 1.2 1.193 1.177 1.14 1.092 1.06 1.047 1.046 1.047 1.048 1.06 1.077 1.092 1.106 1.122 1.108 1.097 1.051 0.992 0.9144 0.8237 0.7175 0.6087 0.5019 0.4029 0.3076 0.2264 0.1622 0.1123 0.07656 0.05052 0.03159 0.01992 0.01212 0.007355 0.004361 0.002593 0.001553 0.0009624 0.0007219 0.0006632 0.0007233 0.0009289 0.001329 0.001772 0.003222 0.004042 0.00487 0.005064 0.005658 0.005309 0.004846 0.004101 0.003977 0.003686 0.003306 0.002672 0.002286 0.001878 0.00167 1 1 1 1 1 1 1 1 1 1 1 1 1 1 1 1 1 1 1 1 1 1 1 1 1 1 .
begin job of lepCalProducer
initializing all the rochester correction objects
initializing the egamma calibrator
Processed   750000/ 6674251 entries (elapsed time     0.3s, curr speed   29.412 kHz, avg speed 2205.882 kHz), accepted        1/       1 events (100.00%)
Processed   760000/ 6674251 entries (elapsed time    21.5s, curr speed    0.473 kHz, avg speed   35.415 kHz), accepted    10001/   10001 events (100.00%)
Processed   770000/ 6674251 entries (elapsed time    42.7s, curr speed    0.471 kHz, avg speed   18.045 kHz), accepted    20001/   20001 events (100.00%)
Processed   780000/ 6674251 entries (elapsed time    64.0s, curr speed    0.468 kHz, avg speed   12.184 kHz), accepted    30001/   30001 events (100.00%)
Processed   790000/ 6674251 entries (elapsed time    85.9s, curr speed    0.457 kHz, avg speed    9.195 kHz), accepted    40001/   40001 events (100.00%)
Processed   800000/ 6674251 entries (elapsed time   107.3s, curr speed    0.468 kHz, avg speed    7.456 kHz), accepted    50001/   50001 events (100.00%)
Processed   810000/ 6674251 entries (elapsed time   126.6s, curr speed    0.518 kHz, avg speed    6.399 kHz), accepted    60001/   60001 events (100.00%)
Processed   820000/ 6674251 entries (elapsed time   143.5s, curr speed    0.590 kHz, avg speed    5.713 kHz), accepted    70001/   70001 events (100.00%)
Processed   830000/ 6674251 entries (elapsed time   160.4s, curr speed    0.595 kHz, avg speed    5.176 kHz), accepted    80001/   80001 events (100.00%)
Processed   840000/ 6674251 entries (elapsed time   177.7s, curr speed    0.576 kHz, avg speed    4.726 kHz), accepted    90001/   90001 events (100.00%)
Processed   850000/ 6674251 entries (elapsed time   194.7s, curr speed    0.591 kHz, avg speed    4.367 kHz), accepted   100001/  100001 events (100.00%)
Processed   860000/ 6674251 entries (elapsed time   241.0s, curr speed    0.216 kHz, avg speed    3.568 kHz), accepted   110001/  110001 events (100.00%)
Processed   870000/ 6674251 entries (elapsed time   257.9s, curr speed    0.591 kHz, avg speed    3.373 kHz), accepted   120001/  120001 events (100.00%)
Processed   880000/ 6674251 entries (elapsed time   274.3s, curr speed    0.609 kHz, avg speed    3.208 kHz), accepted   130001/  130001 events (100.00%)
Processed   890000/ 6674251 entries (elapsed time   291.2s, curr speed    0.592 kHz, avg speed    3.056 kHz), accepted   140001/  140001 events (100.00%)
Processed   900000/ 6674251 entries (elapsed time   310.0s, curr speed    0.534 kHz, avg speed    2.904 kHz), accepted   150001/  150001 events (100.00%)
Processed   910000/ 6674251 entries (elapsed time   355.8s, curr speed    0.218 kHz, avg speed    2.558 kHz), accepted   160001/  160001 events (100.00%)
Processed   920000/ 6674251 entries (elapsed time   372.4s, curr speed    0.601 kHz, avg speed    2.470 kHz), accepted   170001/  170001 events (100.00%)
Processed   930000/ 6674251 entries (elapsed time   388.9s, curr speed    0.606 kHz, avg speed    2.391 kHz), accepted   180001/  180001 events (100.00%)
Processed   940000/ 6674251 entries (elapsed time   407.3s, curr speed    0.543 kHz, avg speed    2.308 kHz), accepted   190001/  190001 events (100.00%)
Processed   950000/ 6674251 entries (elapsed time   425.4s, curr speed    0.552 kHz, avg speed    2.233 kHz), accepted   200001/  200001 events (100.00%)
Processed   960000/ 6674251 entries (elapsed time   442.6s, curr speed    0.583 kHz, avg speed    2.169 kHz), accepted   210001/  210001 events (100.00%)
Processed   970000/ 6674251 entries (elapsed time   486.2s, curr speed    0.229 kHz, avg speed    1.995 kHz), accepted   220001/  220001 events (100.00%)
Processed   980000/ 6674251 entries (elapsed time   501.6s, curr speed    0.649 kHz, avg speed    1.954 kHz), accepted   230001/  230001 events (100.00%)
Processed   990000/ 6674251 entries (elapsed time   516.9s, curr speed    0.656 kHz, avg speed    1.915 kHz), accepted   240001/  240001 events (100.00%)
Processed 250000 entries from MY_EOS_SPACE/heppyNtuples/TREES_DiBosons_exclusive_94X/ZZTo4L_ext_part4/treeProducerWMass/tree.root, selected 250000 entries
Done MY_EOS_SPACE/heppyNtuples/TREES_DiBosons_exclusive_94X/friends/tree_Friend_ZZTo4L_ext_part4.chunk3.root
