000 (334280.006.000) 05/14 16:10:51 Job submitted from host: <188.184.95.166:9618?addrs=188.184.95.166-9618+[2001-1458-201-e4--100-7a0]-9618&alias=tbird02.cern.ch&noUDP&sock=schedd_2138722_faad_3>
...
040 (334280.006.000) 05/14 16:25:47 Started transferring input files
	Transferring to host: <188.184.132.18:9618?addrs=188.184.132.18-9618+[--1]-9618&noUDP&sock=3156_6ff9_11145>
...
040 (334280.006.000) 05/14 16:25:47 Finished transferring input files
...
001 (334280.006.000) 05/14 16:25:48 Job executing on host: <188.184.132.18:9618?addrs=188.184.132.18-9618+[--1]-9618&noUDP&sock=2265_2e19_3>
...
006 (334280.006.000) 05/14 16:25:57 Image size of job updated: 309024
	222  -  MemoryUsage of job (MB)
	226396  -  ResidentSetSize of job (KB)
...
006 (334280.006.000) 05/14 16:30:59 Image size of job updated: 572228
	478  -  MemoryUsage of job (MB)
	489312  -  ResidentSetSize of job (KB)
...
006 (334280.006.000) 05/14 16:35:38 Image size of job updated: 573900
	478  -  MemoryUsage of job (MB)
	489312  -  ResidentSetSize of job (KB)
...
040 (334280.006.000) 05/14 16:35:38 Started transferring output files
...
040 (334280.006.000) 05/14 16:35:38 Finished transferring output files
...
005 (334280.006.000) 05/14 16:35:38 Job terminated.
	(1) Normal termination (return value 1)
		Usr 0 00:08:05, Sys 0 00:00:49  -  Run Remote Usage
		Usr 0 00:00:00, Sys 0 00:00:00  -  Run Local Usage
		Usr 0 00:08:05, Sys 0 00:00:49  -  Total Remote Usage
		Usr 0 00:00:00, Sys 0 00:00:00  -  Total Local Usage
	14178  -  Run Bytes Sent By Job
	10917  -  Run Bytes Received By Job
	14178  -  Total Bytes Sent By Job
	10917  -  Total Bytes Received By Job
	Partitionable Resources :    Usage  Request Allocated 
	   Cpus                 :                 1           
	   Disk (KB)            :       74        1   2200482 
	   Memory (MB)          :      478     2000      2000 
...
