000 (334269.024.000) 05/14 16:10:44 Job submitted from host: <188.184.95.166:9618?addrs=188.184.95.166-9618+[2001-1458-201-e4--100-7a0]-9618&alias=tbird02.cern.ch&noUDP&sock=schedd_2138722_faad_3>
...
040 (334269.024.000) 05/14 16:13:07 Started transferring input files
	Transferring to host: <188.184.132.40:9618?addrs=188.184.132.40-9618+[2001-1458-301-a0--100-10]-9618&noUDP&sock=4073_8bff_129096>
...
040 (334269.024.000) 05/14 16:13:07 Finished transferring input files
...
001 (334269.024.000) 05/14 16:13:08 Job executing on host: <188.184.132.40:9618?addrs=188.184.132.40-9618+[2001-1458-301-a0--100-10]-9618&noUDP&sock=2328_6491_3>
...
006 (334269.024.000) 05/14 16:13:17 Image size of job updated: 320280
	231  -  MemoryUsage of job (MB)
	236128  -  ResidentSetSize of job (KB)
...
006 (334269.024.000) 05/14 16:18:18 Image size of job updated: 604436
	509  -  MemoryUsage of job (MB)
	520224  -  ResidentSetSize of job (KB)
...
040 (334269.024.000) 05/14 16:21:02 Started transferring output files
...
040 (334269.024.000) 05/14 16:21:02 Finished transferring output files
...
005 (334269.024.000) 05/14 16:21:02 Job terminated.
	(1) Normal termination (return value 1)
		Usr 0 00:06:59, Sys 0 00:00:43  -  Run Remote Usage
		Usr 0 00:00:00, Sys 0 00:00:00  -  Run Local Usage
		Usr 0 00:06:59, Sys 0 00:00:43  -  Total Remote Usage
		Usr 0 00:00:00, Sys 0 00:00:00  -  Total Local Usage
	8540  -  Run Bytes Sent By Job
	10917  -  Run Bytes Received By Job
	8540  -  Total Bytes Sent By Job
	10917  -  Total Bytes Received By Job
	Partitionable Resources :    Usage  Request Allocated 
	   Cpus                 :                 1           
	   Disk (KB)            :       71        1   2124753 
	   Memory (MB)          :      509     2000      2000 
...
