000 (334271.027.000) 05/14 16:10:45 Job submitted from host: <188.184.95.166:9618?addrs=188.184.95.166-9618+[2001-1458-201-e4--100-7a0]-9618&alias=tbird02.cern.ch&noUDP&sock=schedd_2138722_faad_3>
...
022 (334271.027.000) 05/14 16:13:42 Job disconnected, attempting to reconnect
    Socket between submit and execute hosts closed unexpectedly
    Trying to reconnect to slot1_1@b7g27n6836.cern.ch <188.184.207.128:9618?addrs=188.184.207.128-9618+[2001-1458-301-7d--100-384]-9618&noUDP&sock=2323_f698_3>
...
024 (334271.027.000) 05/14 16:13:42 Job reconnection failed
    Job not found at execution machine
    Can not reconnect to slot1_1@b7g27n6836.cern.ch, rescheduling job
...
022 (334271.027.000) 05/14 16:16:51 Job disconnected, attempting to reconnect
    Socket between submit and execute hosts closed unexpectedly
    Trying to reconnect to slot1_3@b7g28n0095.cern.ch <188.184.186.30:9618?addrs=188.184.186.30-9618+[2001-1458-301-f8--100-2b]-9618&noUDP&sock=2326_0560_3>
...
024 (334271.027.000) 05/14 16:16:51 Job reconnection failed
    Job not found at execution machine
    Can not reconnect to slot1_3@b7g28n0095.cern.ch, rescheduling job
...
022 (334271.027.000) 05/14 16:17:26 Job disconnected, attempting to reconnect
    Socket between submit and execute hosts closed unexpectedly
    Trying to reconnect to slot1_2@b7g28n0314.cern.ch <188.184.132.28:9618?addrs=188.184.132.28-9618+[2001-1458-301-a0--100-d]-9618&noUDP&sock=2282_d735_3>
...
024 (334271.027.000) 05/14 16:17:26 Job reconnection failed
    Job not found at execution machine
    Can not reconnect to slot1_2@b7g28n0314.cern.ch, rescheduling job
...
040 (334271.027.000) 05/14 16:18:13 Started transferring input files
	Transferring to host: <188.184.186.29:9618?addrs=188.184.186.29-9618+[2001-1458-301-f8--100-7]-9618&noUDP&sock=4104_63a0_128010>
...
040 (334271.027.000) 05/14 16:18:13 Finished transferring input files
...
001 (334271.027.000) 05/14 16:18:14 Job executing on host: <188.184.186.29:9618?addrs=188.184.186.29-9618+[2001-1458-301-f8--100-7]-9618&noUDP&sock=2333_d28a_3>
...
006 (334271.027.000) 05/14 16:18:23 Image size of job updated: 223044
	144  -  MemoryUsage of job (MB)
	146872  -  ResidentSetSize of job (KB)
...
006 (334271.027.000) 05/14 16:23:23 Image size of job updated: 497408
	405  -  MemoryUsage of job (MB)
	414460  -  ResidentSetSize of job (KB)
...
006 (334271.027.000) 05/14 16:28:23 Image size of job updated: 605064
	510  -  MemoryUsage of job (MB)
	522116  -  ResidentSetSize of job (KB)
...
040 (334271.027.000) 05/14 16:31:48 Started transferring output files
...
040 (334271.027.000) 05/14 16:31:48 Finished transferring output files
...
005 (334271.027.000) 05/14 16:31:48 Job terminated.
	(1) Normal termination (return value 1)
		Usr 0 00:11:58, Sys 0 00:01:02  -  Run Remote Usage
		Usr 0 00:00:00, Sys 0 00:00:00  -  Run Local Usage
		Usr 0 00:11:58, Sys 0 00:01:02  -  Total Remote Usage
		Usr 0 00:00:00, Sys 0 00:00:00  -  Total Local Usage
	8540  -  Run Bytes Sent By Job
	10917  -  Run Bytes Received By Job
	8540  -  Total Bytes Sent By Job
	10917  -  Total Bytes Received By Job
	Partitionable Resources :    Usage  Request Allocated 
	   Cpus                 :                 1           
	   Disk (KB)            :       72        1   2106808 
	   Memory (MB)          :      510     2000      2000 
...
