000 (334271.000.000) 05/14 16:10:45 Job submitted from host: <188.184.95.166:9618?addrs=188.184.95.166-9618+[2001-1458-201-e4--100-7a0]-9618&alias=tbird02.cern.ch&noUDP&sock=schedd_2138722_faad_3>
...
040 (334271.000.000) 05/14 16:13:29 Started transferring input files
	Transferring to host: <128.142.240.20:9618?addrs=128.142.240.20-9618+[2001-1458-301-f9--100-4]-9618&noUDP&sock=29066_6057_1700>
...
040 (334271.000.000) 05/14 16:13:29 Finished transferring input files
...
001 (334271.000.000) 05/14 16:13:30 Job executing on host: <128.142.240.20:9618?addrs=128.142.240.20-9618+[2001-1458-301-f9--100-4]-9618&noUDP&sock=2375_a184_3>
...
006 (334271.000.000) 05/14 16:13:38 Image size of job updated: 214888
	208  -  MemoryUsage of job (MB)
	212064  -  ResidentSetSize of job (KB)
...
006 (334271.000.000) 05/14 16:18:38 Image size of job updated: 420432
	408  -  MemoryUsage of job (MB)
	417604  -  ResidentSetSize of job (KB)
...
006 (334271.000.000) 05/14 16:23:39 Image size of job updated: 523140
	509  -  MemoryUsage of job (MB)
	520312  -  ResidentSetSize of job (KB)
...
040 (334271.000.000) 05/14 16:25:32 Started transferring output files
...
040 (334271.000.000) 05/14 16:25:32 Finished transferring output files
...
005 (334271.000.000) 05/14 16:25:32 Job terminated.
	(1) Normal termination (return value 1)
		Usr 0 00:10:31, Sys 0 00:01:02  -  Run Remote Usage
		Usr 0 00:00:00, Sys 0 00:00:00  -  Run Local Usage
		Usr 0 00:10:31, Sys 0 00:01:02  -  Total Remote Usage
		Usr 0 00:00:00, Sys 0 00:00:00  -  Total Local Usage
	8372  -  Run Bytes Sent By Job
	10917  -  Run Bytes Received By Job
	8372  -  Total Bytes Sent By Job
	10917  -  Total Bytes Received By Job
	Partitionable Resources :    Usage  Request Allocated 
	   Cpus                 :     0.99        1         1 
	   Disk (KB)            :    78           1    218026 
	   Memory (MB)          :   509        2000      2000 
...
