000 (334275.019.000) 05/14 16:10:47 Job submitted from host: <188.184.95.166:9618?addrs=188.184.95.166-9618+[2001-1458-201-e4--100-7a0]-9618&alias=tbird02.cern.ch&noUDP&sock=schedd_2138722_faad_3>
...
040 (334275.019.000) 05/14 16:20:51 Started transferring input files
	Transferring to host: <128.142.240.37:9618?addrs=128.142.240.37-9618+[2001-1458-301-f9--100-13]-9618&noUDP&sock=3989_5c7b_127973>
...
040 (334275.019.000) 05/14 16:20:51 Finished transferring input files
...
001 (334275.019.000) 05/14 16:20:52 Job executing on host: <128.142.240.37:9618?addrs=128.142.240.37-9618+[2001-1458-301-f9--100-13]-9618&noUDP&sock=2329_1429_3>
...
006 (334275.019.000) 05/14 16:21:01 Image size of job updated: 316064
	244  -  MemoryUsage of job (MB)
	249240  -  ResidentSetSize of job (KB)
...
006 (334275.019.000) 05/14 16:26:02 Image size of job updated: 496472
	484  -  MemoryUsage of job (MB)
	495284  -  ResidentSetSize of job (KB)
...
040 (334275.019.000) 05/14 16:29:07 Started transferring output files
...
040 (334275.019.000) 05/14 16:29:07 Finished transferring output files
...
005 (334275.019.000) 05/14 16:29:07 Job terminated.
	(1) Normal termination (return value 1)
		Usr 0 00:07:23, Sys 0 00:00:44  -  Run Remote Usage
		Usr 0 00:00:00, Sys 0 00:00:00  -  Run Local Usage
		Usr 0 00:07:23, Sys 0 00:00:44  -  Total Remote Usage
		Usr 0 00:00:00, Sys 0 00:00:00  -  Total Local Usage
	8507  -  Run Bytes Sent By Job
	10917  -  Run Bytes Received By Job
	8507  -  Total Bytes Sent By Job
	10917  -  Total Bytes Received By Job
	Partitionable Resources :    Usage  Request Allocated 
	   Cpus                 :                 1           
	   Disk (KB)            :       72        1   2172543 
	   Memory (MB)          :      484     2000      2000 
...
