000 (334269.018.000) 05/14 16:10:44 Job submitted from host: <188.184.95.166:9618?addrs=188.184.95.166-9618+[2001-1458-201-e4--100-7a0]-9618&alias=tbird02.cern.ch&noUDP&sock=schedd_2138722_faad_3>
...
040 (334269.018.000) 05/14 16:13:06 Started transferring input files
	Transferring to host: <128.142.33.156:9618?addrs=128.142.33.156-9618+[--1]-9618&noUDP&sock=3227_769c_11273>
...
040 (334269.018.000) 05/14 16:13:06 Finished transferring input files
...
001 (334269.018.000) 05/14 16:13:07 Job executing on host: <128.142.33.156:9618?addrs=128.142.33.156-9618+[--1]-9618&noUDP&sock=2275_0a0c_3>
...
006 (334269.018.000) 05/14 16:13:16 Image size of job updated: 315508
	228  -  MemoryUsage of job (MB)
	232472  -  ResidentSetSize of job (KB)
...
006 (334269.018.000) 05/14 16:18:17 Image size of job updated: 603820
	509  -  MemoryUsage of job (MB)
	520728  -  ResidentSetSize of job (KB)
...
040 (334269.018.000) 05/14 16:21:47 Started transferring output files
...
040 (334269.018.000) 05/14 16:21:47 Finished transferring output files
...
005 (334269.018.000) 05/14 16:21:47 Job terminated.
	(1) Normal termination (return value 1)
		Usr 0 00:06:59, Sys 0 00:00:46  -  Run Remote Usage
		Usr 0 00:00:00, Sys 0 00:00:00  -  Run Local Usage
		Usr 0 00:06:59, Sys 0 00:00:46  -  Total Remote Usage
		Usr 0 00:00:00, Sys 0 00:00:00  -  Total Local Usage
	13884  -  Run Bytes Sent By Job
	10917  -  Run Bytes Received By Job
	13884  -  Total Bytes Sent By Job
	10917  -  Total Bytes Received By Job
	Partitionable Resources :    Usage  Request Allocated 
	   Cpus                 :                 1           
	   Disk (KB)            :       73        1   2194810 
	   Memory (MB)          :      509     2000      2000 
...
