000 (334276.027.000) 05/14 16:10:48 Job submitted from host: <188.184.95.166:9618?addrs=188.184.95.166-9618+[2001-1458-201-e4--100-7a0]-9618&alias=tbird02.cern.ch&noUDP&sock=schedd_2138722_faad_3>
...
040 (334276.027.000) 05/14 16:21:50 Started transferring input files
	Transferring to host: <188.184.207.250:9618?addrs=188.184.207.250-9618+[2001-1458-301-7d--100-3b6]-9618&noUDP&sock=3750_f6d2_128590>
...
040 (334276.027.000) 05/14 16:21:50 Finished transferring input files
...
001 (334276.027.000) 05/14 16:21:51 Job executing on host: <188.184.207.250:9618?addrs=188.184.207.250-9618+[2001-1458-301-7d--100-3b6]-9618&noUDP&sock=2324_a630_3>
...
006 (334276.027.000) 05/14 16:21:59 Image size of job updated: 330656
	243  -  MemoryUsage of job (MB)
	247816  -  ResidentSetSize of job (KB)
...
040 (334276.027.000) 05/14 16:24:18 Started transferring output files
...
040 (334276.027.000) 05/14 16:24:18 Finished transferring output files
...
005 (334276.027.000) 05/14 16:24:18 Job terminated.
	(1) Normal termination (return value 1)
		Usr 0 00:02:09, Sys 0 00:00:13  -  Run Remote Usage
		Usr 0 00:00:00, Sys 0 00:00:00  -  Run Local Usage
		Usr 0 00:02:09, Sys 0 00:00:13  -  Total Remote Usage
		Usr 0 00:00:00, Sys 0 00:00:00  -  Total Local Usage
	5887  -  Run Bytes Sent By Job
	10917  -  Run Bytes Received By Job
	5887  -  Total Bytes Sent By Job
	10917  -  Total Bytes Received By Job
	Partitionable Resources :    Usage  Request Allocated 
	   Cpus                 :                 1           
	   Disk (KB)            :       69        1   2095147 
	   Memory (MB)          :      243     2000      2000 
...
