000 (334280.004.000) 05/14 16:10:51 Job submitted from host: <188.184.95.166:9618?addrs=188.184.95.166-9618+[2001-1458-201-e4--100-7a0]-9618&alias=tbird02.cern.ch&noUDP&sock=schedd_2138722_faad_3>
...
040 (334280.004.000) 05/14 16:25:46 Started transferring input files
	Transferring to host: <128.142.33.171:9618?addrs=128.142.33.171-9618+[2001-1458-301-117--100-113]-9618&noUDP&sock=12908_9a86_105172>
...
040 (334280.004.000) 05/14 16:25:46 Finished transferring input files
...
001 (334280.004.000) 05/14 16:25:47 Job executing on host: <128.142.33.171:9618?addrs=128.142.33.171-9618+[2001-1458-301-117--100-113]-9618&noUDP&sock=12740_28a7_3>
...
006 (334280.004.000) 05/14 16:25:56 Image size of job updated: 204176
	126  -  MemoryUsage of job (MB)
	128456  -  ResidentSetSize of job (KB)
...
006 (334280.004.000) 05/14 16:30:57 Image size of job updated: 484680
	393  -  MemoryUsage of job (MB)
	401832  -  ResidentSetSize of job (KB)
...
006 (334280.004.000) 05/14 16:35:58 Image size of job updated: 572024
	478  -  MemoryUsage of job (MB)
	489176  -  ResidentSetSize of job (KB)
...
006 (334280.004.000) 05/14 16:40:30 Image size of job updated: 572912
	478  -  MemoryUsage of job (MB)
	489176  -  ResidentSetSize of job (KB)
...
040 (334280.004.000) 05/14 16:40:30 Started transferring output files
...
040 (334280.004.000) 05/14 16:40:30 Finished transferring output files
...
005 (334280.004.000) 05/14 16:40:30 Job terminated.
	(1) Normal termination (return value 1)
		Usr 0 00:12:41, Sys 0 00:01:11  -  Run Remote Usage
		Usr 0 00:00:00, Sys 0 00:00:00  -  Run Local Usage
		Usr 0 00:12:41, Sys 0 00:01:11  -  Total Remote Usage
		Usr 0 00:00:00, Sys 0 00:00:00  -  Total Local Usage
	8502  -  Run Bytes Sent By Job
	10917  -  Run Bytes Received By Job
	8502  -  Total Bytes Sent By Job
	10917  -  Total Bytes Received By Job
	Partitionable Resources :    Usage  Request Allocated 
	   Cpus                 :                 1           
	   Disk (KB)            :       71        1   2053194 
	   Memory (MB)          :      478     2000      2000 
...
