000 (334281.004.000) 05/14 16:10:51 Job submitted from host: <188.184.95.166:9618?addrs=188.184.95.166-9618+[2001-1458-201-e4--100-7a0]-9618&alias=tbird02.cern.ch&noUDP&sock=schedd_2138722_faad_3>
...
040 (334281.004.000) 05/14 16:26:12 Started transferring input files
	Transferring to host: <188.184.207.185:9618?addrs=188.184.207.185-9618+[2001-1458-301-7d--100-3ef]-9618&noUDP&sock=4232_93a5_128732>
...
040 (334281.004.000) 05/14 16:26:12 Finished transferring input files
...
001 (334281.004.000) 05/14 16:26:13 Job executing on host: <188.184.207.185:9618?addrs=188.184.207.185-9618+[2001-1458-301-7d--100-3ef]-9618&noUDP&sock=2326_0560_3>
...
006 (334281.004.000) 05/14 16:26:21 Image size of job updated: 267388
	186  -  MemoryUsage of job (MB)
	190352  -  ResidentSetSize of job (KB)
...
006 (334281.004.000) 05/14 16:31:21 Image size of job updated: 571320
	478  -  MemoryUsage of job (MB)
	488476  -  ResidentSetSize of job (KB)
...
006 (334281.004.000) 05/14 16:34:59 Image size of job updated: 575484
	478  -  MemoryUsage of job (MB)
	488476  -  ResidentSetSize of job (KB)
...
040 (334281.004.000) 05/14 16:34:59 Started transferring output files
...
040 (334281.004.000) 05/14 16:34:59 Finished transferring output files
...
005 (334281.004.000) 05/14 16:34:59 Job terminated.
	(1) Normal termination (return value 1)
		Usr 0 00:07:45, Sys 0 00:00:46  -  Run Remote Usage
		Usr 0 00:00:00, Sys 0 00:00:00  -  Run Local Usage
		Usr 0 00:07:45, Sys 0 00:00:46  -  Total Remote Usage
		Usr 0 00:00:00, Sys 0 00:00:00  -  Total Local Usage
	8458  -  Run Bytes Sent By Job
	10917  -  Run Bytes Received By Job
	8458  -  Total Bytes Sent By Job
	10917  -  Total Bytes Received By Job
	Partitionable Resources :    Usage  Request Allocated 
	   Cpus                 :                 1           
	   Disk (KB)            :       71        1   2126704 
	   Memory (MB)          :      478     2000      2000 
...
