000 (334279.007.000) 05/14 16:10:50 Job submitted from host: <188.184.95.166:9618?addrs=188.184.95.166-9618+[2001-1458-201-e4--100-7a0]-9618&alias=tbird02.cern.ch&noUDP&sock=schedd_2138722_faad_3>
...
040 (334279.007.000) 05/14 16:23:30 Started transferring input files
	Transferring to host: <128.142.33.184:9618?addrs=128.142.33.184-9618+[2001-1458-301-117--100-2d8]-9618&noUDP&sock=13080_cb0d_104279>
...
040 (334279.007.000) 05/14 16:23:30 Finished transferring input files
...
001 (334279.007.000) 05/14 16:23:31 Job executing on host: <128.142.33.184:9618?addrs=128.142.33.184-9618+[2001-1458-301-117--100-2d8]-9618&noUDP&sock=12872_b328_3>
...
006 (334279.007.000) 05/14 16:23:40 Image size of job updated: 250952
	171  -  MemoryUsage of job (MB)
	174388  -  ResidentSetSize of job (KB)
...
006 (334279.007.000) 05/14 16:28:41 Image size of job updated: 453808
	441  -  MemoryUsage of job (MB)
	451232  -  ResidentSetSize of job (KB)
...
006 (334279.007.000) 05/14 16:33:41 Image size of job updated: 497516
	484  -  MemoryUsage of job (MB)
	494940  -  ResidentSetSize of job (KB)
...
040 (334279.007.000) 05/14 16:36:12 Started transferring output files
...
040 (334279.007.000) 05/14 16:36:12 Finished transferring output files
...
005 (334279.007.000) 05/14 16:36:12 Job terminated.
	(1) Normal termination (return value 1)
		Usr 0 00:11:14, Sys 0 00:00:59  -  Run Remote Usage
		Usr 0 00:00:00, Sys 0 00:00:00  -  Run Local Usage
		Usr 0 00:11:14, Sys 0 00:00:59  -  Total Remote Usage
		Usr 0 00:00:00, Sys 0 00:00:00  -  Total Local Usage
	8503  -  Run Bytes Sent By Job
	10917  -  Run Bytes Received By Job
	8503  -  Total Bytes Sent By Job
	10917  -  Total Bytes Received By Job
	Partitionable Resources :    Usage  Request Allocated 
	   Cpus                 :                 1           
	   Disk (KB)            :       71        1   2041190 
	   Memory (MB)          :      484     2000      2000 
...
