000 (334273.018.000) 05/14 16:10:46 Job submitted from host: <188.184.95.166:9618?addrs=188.184.95.166-9618+[2001-1458-201-e4--100-7a0]-9618&alias=tbird02.cern.ch&noUDP&sock=schedd_2138722_faad_3>
...
040 (334273.018.000) 05/14 16:16:10 Started transferring input files
	Transferring to host: <128.142.240.42:9618?addrs=128.142.240.42-9618+[2001-1458-301-f9--100-12]-9618&noUDP&sock=4165_5e82_128789>
...
040 (334273.018.000) 05/14 16:16:10 Finished transferring input files
...
001 (334273.018.000) 05/14 16:16:11 Job executing on host: <128.142.240.42:9618?addrs=128.142.240.42-9618+[2001-1458-301-f9--100-12]-9618&noUDP&sock=2326_0560_3>
...
006 (334273.018.000) 05/14 16:16:20 Image size of job updated: 329984
	242  -  MemoryUsage of job (MB)
	247276  -  ResidentSetSize of job (KB)
...
006 (334273.018.000) 05/14 16:21:21 Image size of job updated: 602848
	508  -  MemoryUsage of job (MB)
	519976  -  ResidentSetSize of job (KB)
...
040 (334273.018.000) 05/14 16:23:13 Started transferring output files
...
040 (334273.018.000) 05/14 16:23:13 Finished transferring output files
...
005 (334273.018.000) 05/14 16:23:13 Job terminated.
	(1) Normal termination (return value 1)
		Usr 0 00:06:20, Sys 0 00:00:37  -  Run Remote Usage
		Usr 0 00:00:00, Sys 0 00:00:00  -  Run Local Usage
		Usr 0 00:06:20, Sys 0 00:00:37  -  Total Remote Usage
		Usr 0 00:00:00, Sys 0 00:00:00  -  Total Local Usage
	8495  -  Run Bytes Sent By Job
	10917  -  Run Bytes Received By Job
	8495  -  Total Bytes Sent By Job
	10917  -  Total Bytes Received By Job
	Partitionable Resources :    Usage  Request Allocated 
	   Cpus                 :                 1           
	   Disk (KB)            :       71        1   2170445 
	   Memory (MB)          :      508     2000      2000 
...
