   ZZTo4L_part1   MC  11 chunks


I have 1 taks to process
I'm using the following list of modules DEFAULT_MODULES
this is jobs [('ZZTo4L_part1', 'MY_EOS_SPACE/heppyNtuples/TREES_DiBosons_exclusive_94X/ZZTo4L_part1/treeProducerWMass/tree.root', 6669988.0, '_Friend_ZZTo4L_part1.chunk10', False, xrange(2500000, 2704139), 10)]
Modules to run:  []   name =  puWeight
Loading puWeight from CMGTools.WMass.postprocessing.examples.puWeightProducer 
Running on dataset =  ZZTo4L_part1
TFile: name=/afs/cern.ch/work/m/mciprian/w_mass_analysis/heppy/rel_slc7/CMSSW_9_4_12/src/CMGTools/WMass/python/postprocessing/data/pileup/mcPU_2016_W94XnoCutsWithGenWeights_nTrueInt.root, title=, option=READ
TFile: name=/afs/cern.ch/work/m/mciprian/w_mass_analysis/heppy/rel_slc7/CMSSW_9_4_12/src/CMGTools/WMass/python/postprocessing/data/pileup/PileupData_GoldenMuonJSON_Full2016.root, title=, option=READ
Load C++ Worker
Modules to run:  []   name =  muCalibratedWithStatVar
Loading muCalibratedWithStatVar from CMGTools.WMass.postprocessing.examples.lepVarProducer 
Running on dataset =  ZZTo4L_part1
did not find EnergyScaleCorrection shared object, rebuilding
trying to load all the rochester correction libraries
did not find legacy data roccor. rebuilding...
done building legacy data roccor.
Modules to run:  []   name =  jetAllReCleaner
Loading jetAllReCleaner from CMGTools.WMass.postprocessing.examples.jetReCleaner 
Running on dataset =  ZZTo4L_part1
Load C++ Worker
Modules to run:  []   name =  jetReCleaner
Loading jetReCleaner from CMGTools.WMass.postprocessing.examples.jetReCleaner 
Running on dataset =  ZZTo4L_part1
Load C++ Worker
Modules to run:  []   name =  genQEDJets
Loading genQEDJets from CMGTools.WMass.postprocessing.examples.genFriendProducer 
Running on dataset =  ZZTo4L_part1
Will write selected trees to MY_EOS_SPACE/heppyNtuples/TREES_DiBosons_exclusive_94X/friends/
Normalization of nTrueInt_Wnopt: 3.68902e+10
Normalization of pileup: 3.68902e+10
Weights for variable nTrueInt_Wnopt with a number of bins equal to 102:
1 0.3634 0.9215 1.196 0.96 1.118 1.157 0.9675 0.9293 0.9192 0.8823 0.9553 1.062 1.116 1.167 1.194 1.2 1.193 1.177 1.14 1.092 1.06 1.047 1.046 1.047 1.048 1.06 1.077 1.092 1.106 1.122 1.108 1.097 1.051 0.992 0.9144 0.8237 0.7175 0.6087 0.5019 0.4029 0.3076 0.2264 0.1622 0.1123 0.07656 0.05052 0.03159 0.01992 0.01212 0.007355 0.004361 0.002593 0.001553 0.0009624 0.0007219 0.0006632 0.0007233 0.0009289 0.001329 0.001772 0.003222 0.004042 0.00487 0.005064 0.005658 0.005309 0.004846 0.004101 0.003977 0.003686 0.003306 0.002672 0.002286 0.001878 0.00167 1 1 1 1 1 1 1 1 1 1 1 1 1 1 1 1 1 1 1 1 1 1 1 1 1 1 .
Final weights: 
1 0.3634 0.9215 1.196 0.96 1.118 1.157 0.9675 0.9293 0.9192 0.8823 0.9553 1.062 1.116 1.167 1.194 1.2 1.193 1.177 1.14 1.092 1.06 1.047 1.046 1.047 1.048 1.06 1.077 1.092 1.106 1.122 1.108 1.097 1.051 0.992 0.9144 0.8237 0.7175 0.6087 0.5019 0.4029 0.3076 0.2264 0.1622 0.1123 0.07656 0.05052 0.03159 0.01992 0.01212 0.007355 0.004361 0.002593 0.001553 0.0009624 0.0007219 0.0006632 0.0007233 0.0009289 0.001329 0.001772 0.003222 0.004042 0.00487 0.005064 0.005658 0.005309 0.004846 0.004101 0.003977 0.003686 0.003306 0.002672 0.002286 0.001878 0.00167 1 1 1 1 1 1 1 1 1 1 1 1 1 1 1 1 1 1 1 1 1 1 1 1 1 1 .
begin job of lepCalProducer
initializing all the rochester correction objects
initializing the egamma calibrator
Processed  2500000/ 2704139 entries (elapsed time     0.5s, curr speed   21.277 kHz, avg speed 5319.149 kHz), accepted        1/       1 events (100.00%)
Processed  2510000/ 2704139 entries (elapsed time    31.8s, curr speed    0.319 kHz, avg speed   78.832 kHz), accepted    10001/   10001 events (100.00%)
Processed  2520000/ 2704139 entries (elapsed time    61.2s, curr speed    0.340 kHz, avg speed   41.156 kHz), accepted    20001/   20001 events (100.00%)
Processed  2530000/ 2704139 entries (elapsed time    91.7s, curr speed    0.329 kHz, avg speed   27.602 kHz), accepted    30001/   30001 events (100.00%)
Processed  2540000/ 2704139 entries (elapsed time   123.2s, curr speed    0.318 kHz, avg speed   20.625 kHz), accepted    40001/   40001 events (100.00%)
Processed  2550000/ 2704139 entries (elapsed time   154.4s, curr speed    0.320 kHz, avg speed   16.516 kHz), accepted    50001/   50001 events (100.00%)
Processed  2560000/ 2704139 entries (elapsed time   182.5s, curr speed    0.355 kHz, avg speed   14.025 kHz), accepted    60001/   60001 events (100.00%)
Processed  2570000/ 2704139 entries (elapsed time   206.8s, curr speed    0.412 kHz, avg speed   12.426 kHz), accepted    70001/   70001 events (100.00%)
Processed  2580000/ 2704139 entries (elapsed time   232.3s, curr speed    0.392 kHz, avg speed   11.106 kHz), accepted    80001/   80001 events (100.00%)
Processed  2590000/ 2704139 entries (elapsed time   257.8s, curr speed    0.392 kHz, avg speed   10.045 kHz), accepted    90001/   90001 events (100.00%)
Processed  2600000/ 2704139 entries (elapsed time   283.4s, curr speed    0.391 kHz, avg speed    9.174 kHz), accepted   100001/  100001 events (100.00%)
Processed  2610000/ 2704139 entries (elapsed time   349.8s, curr speed    0.151 kHz, avg speed    7.462 kHz), accepted   110001/  110001 events (100.00%)
Processed  2620000/ 2704139 entries (elapsed time   373.1s, curr speed    0.429 kHz, avg speed    7.023 kHz), accepted   120001/  120001 events (100.00%)
Processed  2630000/ 2704139 entries (elapsed time   397.4s, curr speed    0.412 kHz, avg speed    6.619 kHz), accepted   130001/  130001 events (100.00%)
Processed  2640000/ 2704139 entries (elapsed time   421.4s, curr speed    0.416 kHz, avg speed    6.265 kHz), accepted   140001/  140001 events (100.00%)
Processed  2650000/ 2704139 entries (elapsed time   446.0s, curr speed    0.406 kHz, avg speed    5.942 kHz), accepted   150001/  150001 events (100.00%)
Processed  2660000/ 2704139 entries (elapsed time   511.1s, curr speed    0.154 kHz, avg speed    5.204 kHz), accepted   160001/  160001 events (100.00%)
Processed  2670000/ 2704139 entries (elapsed time   537.1s, curr speed    0.384 kHz, avg speed    4.971 kHz), accepted   170001/  170001 events (100.00%)
Processed  2680000/ 2704139 entries (elapsed time   562.9s, curr speed    0.389 kHz, avg speed    4.761 kHz), accepted   180001/  180001 events (100.00%)
Processed  2690000/ 2704139 entries (elapsed time   589.3s, curr speed    0.378 kHz, avg speed    4.565 kHz), accepted   190001/  190001 events (100.00%)
Processed  2700000/ 2704139 entries (elapsed time   614.4s, curr speed    0.398 kHz, avg speed    4.394 kHz), accepted   200001/  200001 events (100.00%)
Processed 204139 entries from MY_EOS_SPACE/heppyNtuples/TREES_DiBosons_exclusive_94X/ZZTo4L_part1/treeProducerWMass/tree.root, selected 204139 entries
Done MY_EOS_SPACE/heppyNtuples/TREES_DiBosons_exclusive_94X/friends/tree_Friend_ZZTo4L_part1.chunk10.root
