000 (334275.001.000) 05/14 16:10:47 Job submitted from host: <188.184.95.166:9618?addrs=188.184.95.166-9618+[2001-1458-201-e4--100-7a0]-9618&alias=tbird02.cern.ch&noUDP&sock=schedd_2138722_faad_3>
...
022 (334275.001.000) 05/14 16:16:12 Job disconnected, attempting to reconnect
    Socket between submit and execute hosts closed unexpectedly
    Trying to reconnect to slot1_3@b7g28n0095.cern.ch <188.184.186.30:9618?addrs=188.184.186.30-9618+[2001-1458-301-f8--100-2b]-9618&noUDP&sock=2326_0560_3>
...
024 (334275.001.000) 05/14 16:16:12 Job reconnection failed
    Job not found at execution machine
    Can not reconnect to slot1_3@b7g28n0095.cern.ch, rescheduling job
...
022 (334275.001.000) 05/14 16:16:50 Job disconnected, attempting to reconnect
    Socket between submit and execute hosts closed unexpectedly
    Trying to reconnect to slot1_3@b7g28n0498.cern.ch <188.184.132.38:9618?addrs=188.184.132.38-9618+[2001-1458-301-a0--100-1c]-9618&noUDP&sock=2361_0731_3>
...
024 (334275.001.000) 05/14 16:16:50 Job reconnection failed
    Job not found at execution machine
    Can not reconnect to slot1_3@b7g28n0498.cern.ch, rescheduling job
...
040 (334275.001.000) 05/14 16:17:30 Started transferring input files
	Transferring to host: <128.142.33.150:9618?addrs=128.142.33.150-9618+[2001-1458-301-117--100-39d]-9618&noUDP&sock=13048_3f0c_103589>
...
040 (334275.001.000) 05/14 16:17:30 Finished transferring input files
...
001 (334275.001.000) 05/14 16:17:31 Job executing on host: <128.142.33.150:9618?addrs=128.142.33.150-9618+[2001-1458-301-117--100-39d]-9618&noUDP&sock=12882_8f1a_3>
...
006 (334275.001.000) 05/14 16:17:39 Image size of job updated: 316180
	226  -  MemoryUsage of job (MB)
	231052  -  ResidentSetSize of job (KB)
...
006 (334275.001.000) 05/14 16:22:39 Image size of job updated: 497668
	484  -  MemoryUsage of job (MB)
	494844  -  ResidentSetSize of job (KB)
...
040 (334275.001.000) 05/14 16:25:36 Started transferring output files
...
040 (334275.001.000) 05/14 16:25:36 Finished transferring output files
...
005 (334275.001.000) 05/14 16:25:36 Job terminated.
	(1) Normal termination (return value 1)
		Usr 0 00:07:14, Sys 0 00:00:44  -  Run Remote Usage
		Usr 0 00:00:00, Sys 0 00:00:00  -  Run Local Usage
		Usr 0 00:07:14, Sys 0 00:00:44  -  Total Remote Usage
		Usr 0 00:00:00, Sys 0 00:00:00  -  Total Local Usage
	8501  -  Run Bytes Sent By Job
	10917  -  Run Bytes Received By Job
	8501  -  Total Bytes Sent By Job
	10917  -  Total Bytes Received By Job
	Partitionable Resources :    Usage  Request Allocated 
	   Cpus                 :                 1           
	   Disk (KB)            :       71        1   2192140 
	   Memory (MB)          :      484     2000      2000 
...
