000 (334271.014.000) 05/14 16:10:45 Job submitted from host: <188.184.95.166:9618?addrs=188.184.95.166-9618+[2001-1458-201-e4--100-7a0]-9618&alias=tbird02.cern.ch&noUDP&sock=schedd_2138722_faad_3>
...
022 (334271.014.000) 05/14 16:13:39 Job disconnected, attempting to reconnect
    Socket between submit and execute hosts closed unexpectedly
    Trying to reconnect to slot1_2@b7g28n0801.cern.ch <188.184.132.48:9618?addrs=188.184.132.48-9618+[--1]-9618&noUDP&sock=2265_2e19_3>
...
024 (334271.014.000) 05/14 16:13:39 Job reconnection failed
    Job not found at execution machine
    Can not reconnect to slot1_2@b7g28n0801.cern.ch, rescheduling job
...
022 (334271.014.000) 05/14 16:14:12 Job disconnected, attempting to reconnect
    Socket between submit and execute hosts closed unexpectedly
    Trying to reconnect to slot1_2@b7g28n0498.cern.ch <188.184.132.38:9618?addrs=188.184.132.38-9618+[2001-1458-301-a0--100-1c]-9618&noUDP&sock=2361_0731_3>
...
024 (334271.014.000) 05/14 16:14:12 Job reconnection failed
    Job not found at execution machine
    Can not reconnect to slot1_2@b7g28n0498.cern.ch, rescheduling job
...
040 (334271.014.000) 05/14 16:16:08 Started transferring input files
	Transferring to host: <128.142.240.53:9618?addrs=128.142.240.53-9618+[2001-1458-301-f9--100-24]-9618&noUDP&sock=3930_ca59_128667>
...
040 (334271.014.000) 05/14 16:16:08 Finished transferring input files
...
001 (334271.014.000) 05/14 16:16:09 Job executing on host: <128.142.240.53:9618?addrs=128.142.240.53-9618+[2001-1458-301-f9--100-24]-9618&noUDP&sock=2329_1429_3>
...
006 (334271.014.000) 05/14 16:16:18 Image size of job updated: 222396
	141  -  MemoryUsage of job (MB)
	143708  -  ResidentSetSize of job (KB)
...
006 (334271.014.000) 05/14 16:21:18 Image size of job updated: 523320
	509  -  MemoryUsage of job (MB)
	520288  -  ResidentSetSize of job (KB)
...
040 (334271.014.000) 05/14 16:22:42 Started transferring output files
...
040 (334271.014.000) 05/14 16:22:42 Finished transferring output files
...
005 (334271.014.000) 05/14 16:22:42 Job terminated.
	(1) Normal termination (return value 1)
		Usr 0 00:05:48, Sys 0 00:00:38  -  Run Remote Usage
		Usr 0 00:00:00, Sys 0 00:00:00  -  Run Local Usage
		Usr 0 00:05:48, Sys 0 00:00:38  -  Total Remote Usage
		Usr 0 00:00:00, Sys 0 00:00:00  -  Total Local Usage
	8540  -  Run Bytes Sent By Job
	10917  -  Run Bytes Received By Job
	8540  -  Total Bytes Sent By Job
	10917  -  Total Bytes Received By Job
	Partitionable Resources :    Usage  Request Allocated 
	   Cpus                 :                 1           
	   Disk (KB)            :       71        1   2136860 
	   Memory (MB)          :      509     2000      2000 
...
