000 (334273.017.000) 05/14 16:10:46 Job submitted from host: <188.184.95.166:9618?addrs=188.184.95.166-9618+[2001-1458-201-e4--100-7a0]-9618&alias=tbird02.cern.ch&noUDP&sock=schedd_2138722_faad_3>
...
040 (334273.017.000) 05/14 16:16:49 Started transferring input files
	Transferring to host: <128.142.240.24:9618?addrs=128.142.240.24-9618+[2001-1458-301-f9--100-19]-9618&noUDP&sock=4034_115d_129212>
...
040 (334273.017.000) 05/14 16:16:49 Finished transferring input files
...
001 (334273.017.000) 05/14 16:16:50 Job executing on host: <128.142.240.24:9618?addrs=128.142.240.24-9618+[2001-1458-301-f9--100-19]-9618&noUDP&sock=2333_d28a_3>
...
006 (334273.017.000) 05/14 16:16:59 Image size of job updated: 313556
	226  -  MemoryUsage of job (MB)
	230712  -  ResidentSetSize of job (KB)
...
006 (334273.017.000) 05/14 16:22:00 Image size of job updated: 521708
	507  -  MemoryUsage of job (MB)
	518900  -  ResidentSetSize of job (KB)
...
040 (334273.017.000) 05/14 16:23:46 Started transferring output files
...
040 (334273.017.000) 05/14 16:23:46 Finished transferring output files
...
005 (334273.017.000) 05/14 16:23:46 Job terminated.
	(1) Normal termination (return value 1)
		Usr 0 00:06:12, Sys 0 00:00:40  -  Run Remote Usage
		Usr 0 00:00:00, Sys 0 00:00:00  -  Run Local Usage
		Usr 0 00:06:12, Sys 0 00:00:40  -  Total Remote Usage
		Usr 0 00:00:00, Sys 0 00:00:00  -  Total Local Usage
	8495  -  Run Bytes Sent By Job
	10917  -  Run Bytes Received By Job
	8495  -  Total Bytes Sent By Job
	10917  -  Total Bytes Received By Job
	Partitionable Resources :    Usage  Request Allocated 
	   Cpus                 :                 1           
	   Disk (KB)            :       71        1   2125976 
	   Memory (MB)          :      507     2000      2000 
...
