000 (334279.026.000) 05/14 16:10:50 Job submitted from host: <188.184.95.166:9618?addrs=188.184.95.166-9618+[2001-1458-201-e4--100-7a0]-9618&alias=tbird02.cern.ch&noUDP&sock=schedd_2138722_faad_3>
...
040 (334279.026.000) 05/14 16:25:38 Started transferring input files
	Transferring to host: <128.142.224.182:9618?addrs=128.142.224.182-9618+[2001-1458-301-84--100-117]-9618&noUDP&sock=3806_6bd4_115505>
...
040 (334279.026.000) 05/14 16:25:38 Finished transferring input files
...
001 (334279.026.000) 05/14 16:25:39 Job executing on host: <128.142.224.182:9618?addrs=128.142.224.182-9618+[2001-1458-301-84--100-117]-9618&noUDP&sock=2333_d28a_3>
...
006 (334279.026.000) 05/14 16:25:47 Image size of job updated: 327636
	240  -  MemoryUsage of job (MB)
	244816  -  ResidentSetSize of job (KB)
...
006 (334279.026.000) 05/14 16:30:47 Image size of job updated: 575532
	481  -  MemoryUsage of job (MB)
	492544  -  ResidentSetSize of job (KB)
...
006 (334279.026.000) 05/14 16:33:33 Image size of job updated: 576784
	481  -  MemoryUsage of job (MB)
	492544  -  ResidentSetSize of job (KB)
...
040 (334279.026.000) 05/14 16:33:33 Started transferring output files
...
040 (334279.026.000) 05/14 16:33:33 Finished transferring output files
...
005 (334279.026.000) 05/14 16:33:33 Job terminated.
	(1) Normal termination (return value 1)
		Usr 0 00:07:03, Sys 0 00:00:43  -  Run Remote Usage
		Usr 0 00:00:00, Sys 0 00:00:00  -  Run Local Usage
		Usr 0 00:07:03, Sys 0 00:00:43  -  Total Remote Usage
		Usr 0 00:00:00, Sys 0 00:00:00  -  Total Local Usage
	8507  -  Run Bytes Sent By Job
	10917  -  Run Bytes Received By Job
	8507  -  Total Bytes Sent By Job
	10917  -  Total Bytes Received By Job
	Partitionable Resources :    Usage  Request Allocated 
	   Cpus                 :                 1           
	   Disk (KB)            :       71        1   2128007 
	   Memory (MB)          :      481     2000      2000 
...
