000 (334271.015.000) 05/14 16:10:45 Job submitted from host: <188.184.95.166:9618?addrs=188.184.95.166-9618+[2001-1458-201-e4--100-7a0]-9618&alias=tbird02.cern.ch&noUDP&sock=schedd_2138722_faad_3>
...
040 (334271.015.000) 05/14 16:13:40 Started transferring input files
	Transferring to host: <128.142.33.137:9618?addrs=128.142.33.137-9618+[2001-1458-301-117--100-23]-9618&noUDP&sock=13007_5baa_104370>
...
040 (334271.015.000) 05/14 16:13:40 Finished transferring input files
...
001 (334271.015.000) 05/14 16:13:41 Job executing on host: <128.142.33.137:9618?addrs=128.142.33.137-9618+[2001-1458-301-117--100-23]-9618&noUDP&sock=12800_5056_3>
...
006 (334271.015.000) 05/14 16:13:49 Image size of job updated: 55944
	53  -  MemoryUsage of job (MB)
	53280  -  ResidentSetSize of job (KB)
...
006 (334271.015.000) 05/14 16:18:49 Image size of job updated: 429584
	394  -  MemoryUsage of job (MB)
	402552  -  ResidentSetSize of job (KB)
...
006 (334271.015.000) 05/14 16:23:50 Image size of job updated: 547072
	508  -  MemoryUsage of job (MB)
	520040  -  ResidentSetSize of job (KB)
...
040 (334271.015.000) 05/14 16:27:54 Started transferring output files
...
040 (334271.015.000) 05/14 16:27:54 Finished transferring output files
...
005 (334271.015.000) 05/14 16:27:54 Job terminated.
	(1) Normal termination (return value 1)
		Usr 0 00:12:15, Sys 0 00:01:05  -  Run Remote Usage
		Usr 0 00:00:00, Sys 0 00:00:00  -  Run Local Usage
		Usr 0 00:12:15, Sys 0 00:01:05  -  Total Remote Usage
		Usr 0 00:00:00, Sys 0 00:00:00  -  Total Local Usage
	8539  -  Run Bytes Sent By Job
	10917  -  Run Bytes Received By Job
	8539  -  Total Bytes Sent By Job
	10917  -  Total Bytes Received By Job
	Partitionable Resources :    Usage  Request Allocated 
	   Cpus                 :                 1           
	   Disk (KB)            :       71        1   2192027 
	   Memory (MB)          :      508     2000      2000 
...
