000 (334276.021.000) 05/14 16:10:48 Job submitted from host: <188.184.95.166:9618?addrs=188.184.95.166-9618+[2001-1458-201-e4--100-7a0]-9618&alias=tbird02.cern.ch&noUDP&sock=schedd_2138722_faad_3>
...
040 (334276.021.000) 05/14 16:21:44 Started transferring input files
	Transferring to host: <188.184.207.169:9618?addrs=188.184.207.169-9618+[2001-1458-301-7d--100-4f7]-9618&noUDP&sock=4201_bc04_128677>
...
040 (334276.021.000) 05/14 16:21:44 Finished transferring input files
...
001 (334276.021.000) 05/14 16:21:45 Job executing on host: <188.184.207.169:9618?addrs=188.184.207.169-9618+[2001-1458-301-7d--100-4f7]-9618&noUDP&sock=2350_7ba6_3>
...
006 (334276.021.000) 05/14 16:21:54 Image size of job updated: 314400
	226  -  MemoryUsage of job (MB)
	231384  -  ResidentSetSize of job (KB)
...
006 (334276.021.000) 05/14 16:26:55 Image size of job updated: 494764
	481  -  MemoryUsage of job (MB)
	491848  -  ResidentSetSize of job (KB)
...
040 (334276.021.000) 05/14 16:29:33 Started transferring output files
...
040 (334276.021.000) 05/14 16:29:33 Finished transferring output files
...
005 (334276.021.000) 05/14 16:29:33 Job terminated.
	(1) Normal termination (return value 1)
		Usr 0 00:07:00, Sys 0 00:00:43  -  Run Remote Usage
		Usr 0 00:00:00, Sys 0 00:00:00  -  Run Local Usage
		Usr 0 00:07:00, Sys 0 00:00:43  -  Total Remote Usage
		Usr 0 00:00:00, Sys 0 00:00:00  -  Total Local Usage
	8507  -  Run Bytes Sent By Job
	10917  -  Run Bytes Received By Job
	8507  -  Total Bytes Sent By Job
	10917  -  Total Bytes Received By Job
	Partitionable Resources :    Usage  Request Allocated 
	   Cpus                 :                 1           
	   Disk (KB)            :       72        1   2196791 
	   Memory (MB)          :      481     2000      2000 
...
