000 (334278.016.000) 05/14 16:10:50 Job submitted from host: <188.184.95.166:9618?addrs=188.184.95.166-9618+[2001-1458-201-e4--100-7a0]-9618&alias=tbird02.cern.ch&noUDP&sock=schedd_2138722_faad_3>
...
040 (334278.016.000) 05/14 16:24:01 Started transferring input files
	Transferring to host: <128.142.240.52:9618?addrs=128.142.240.52-9618+[2001-1458-301-f9--100-5]-9618&noUDP&sock=4209_5f04_129870>
...
040 (334278.016.000) 05/14 16:24:01 Finished transferring input files
...
001 (334278.016.000) 05/14 16:24:02 Job executing on host: <128.142.240.52:9618?addrs=128.142.240.52-9618+[2001-1458-301-f9--100-5]-9618&noUDP&sock=2340_9fb4_3>
...
006 (334278.016.000) 05/14 16:24:11 Image size of job updated: 334164
	244  -  MemoryUsage of job (MB)
	248876  -  ResidentSetSize of job (KB)
...
006 (334278.016.000) 05/14 16:29:12 Image size of job updated: 577344
	481  -  MemoryUsage of job (MB)
	491992  -  ResidentSetSize of job (KB)
...
006 (334278.016.000) 05/14 16:31:08 Image size of job updated: 578400
	481  -  MemoryUsage of job (MB)
	491992  -  ResidentSetSize of job (KB)
...
040 (334278.016.000) 05/14 16:31:08 Started transferring output files
...
040 (334278.016.000) 05/14 16:31:08 Finished transferring output files
...
005 (334278.016.000) 05/14 16:31:08 Job terminated.
	(1) Normal termination (return value 1)
		Usr 0 00:06:19, Sys 0 00:00:43  -  Run Remote Usage
		Usr 0 00:00:00, Sys 0 00:00:00  -  Run Local Usage
		Usr 0 00:06:19, Sys 0 00:00:43  -  Total Remote Usage
		Usr 0 00:00:00, Sys 0 00:00:00  -  Total Local Usage
	8507  -  Run Bytes Sent By Job
	10917  -  Run Bytes Received By Job
	8507  -  Total Bytes Sent By Job
	10917  -  Total Bytes Received By Job
	Partitionable Resources :    Usage  Request Allocated 
	   Cpus                 :                 1           
	   Disk (KB)            :       72        1   2105106 
	   Memory (MB)          :      481     2000      2000 
...
