000 (334275.026.000) 05/14 16:10:47 Job submitted from host: <188.184.95.166:9618?addrs=188.184.95.166-9618+[2001-1458-201-e4--100-7a0]-9618&alias=tbird02.cern.ch&noUDP&sock=schedd_2138722_faad_3>
...
040 (334275.026.000) 05/14 16:21:03 Started transferring input files
	Transferring to host: <188.184.207.250:9618?addrs=188.184.207.250-9618+[2001-1458-301-7d--100-3b6]-9618&noUDP&sock=3750_f6d2_128589>
...
040 (334275.026.000) 05/14 16:21:03 Finished transferring input files
...
001 (334275.026.000) 05/14 16:21:04 Job executing on host: <188.184.207.250:9618?addrs=188.184.207.250-9618+[2001-1458-301-7d--100-3b6]-9618&noUDP&sock=2324_a630_3>
...
006 (334275.026.000) 05/14 16:21:12 Image size of job updated: 289116
	205  -  MemoryUsage of job (MB)
	209584  -  ResidentSetSize of job (KB)
...
006 (334275.026.000) 05/14 16:26:12 Image size of job updated: 495580
	484  -  MemoryUsage of job (MB)
	495076  -  ResidentSetSize of job (KB)
...
040 (334275.026.000) 05/14 16:29:51 Started transferring output files
...
040 (334275.026.000) 05/14 16:29:51 Finished transferring output files
...
005 (334275.026.000) 05/14 16:29:51 Job terminated.
	(1) Normal termination (return value 1)
		Usr 0 00:07:31, Sys 0 00:00:46  -  Run Remote Usage
		Usr 0 00:00:00, Sys 0 00:00:00  -  Run Local Usage
		Usr 0 00:07:31, Sys 0 00:00:46  -  Total Remote Usage
		Usr 0 00:00:00, Sys 0 00:00:00  -  Total Local Usage
	8507  -  Run Bytes Sent By Job
	10917  -  Run Bytes Received By Job
	8507  -  Total Bytes Sent By Job
	10917  -  Total Bytes Received By Job
	Partitionable Resources :    Usage  Request Allocated 
	   Cpus                 :                 1           
	   Disk (KB)            :       71        1   2094335 
	   Memory (MB)          :      484     2000      2000 
...
