   ZZTo4L_ext_part5   MC  30 chunks


I have 1 taks to process
I'm using the following list of modules DEFAULT_MODULES
this is jobs [('ZZTo4L_ext_part5', 'MY_EOS_SPACE/heppyNtuples/TREES_DiBosons_exclusive_94X/ZZTo4L_ext_part5/treeProducerWMass/tree.root', 18367656.0, '_Friend_ZZTo4L_ext_part5.chunk20', False, xrange(5000000, 5250000), 20)]
Modules to run:  []   name =  puWeight
Loading puWeight from CMGTools.WMass.postprocessing.examples.puWeightProducer 
Running on dataset =  ZZTo4L_ext_part5
TFile: name=/afs/cern.ch/work/m/mciprian/w_mass_analysis/heppy/rel_slc7/CMSSW_9_4_12/src/CMGTools/WMass/python/postprocessing/data/pileup/mcPU_2016_W94XnoCutsWithGenWeights_nTrueInt.root, title=, option=READ
TFile: name=/afs/cern.ch/work/m/mciprian/w_mass_analysis/heppy/rel_slc7/CMSSW_9_4_12/src/CMGTools/WMass/python/postprocessing/data/pileup/PileupData_GoldenMuonJSON_Full2016.root, title=, option=READ
Load C++ Worker
Modules to run:  []   name =  muCalibratedWithStatVar
Loading muCalibratedWithStatVar from CMGTools.WMass.postprocessing.examples.lepVarProducer 
Running on dataset =  ZZTo4L_ext_part5
did not find EnergyScaleCorrection shared object, rebuilding
trying to load all the rochester correction libraries
did not find legacy data roccor. rebuilding...
done building legacy data roccor.
Modules to run:  []   name =  jetAllReCleaner
Loading jetAllReCleaner from CMGTools.WMass.postprocessing.examples.jetReCleaner 
Running on dataset =  ZZTo4L_ext_part5
Load C++ Worker
Modules to run:  []   name =  jetReCleaner
Loading jetReCleaner from CMGTools.WMass.postprocessing.examples.jetReCleaner 
Running on dataset =  ZZTo4L_ext_part5
Load C++ Worker
Modules to run:  []   name =  genQEDJets
Loading genQEDJets from CMGTools.WMass.postprocessing.examples.genFriendProducer 
Running on dataset =  ZZTo4L_ext_part5
Will write selected trees to MY_EOS_SPACE/heppyNtuples/TREES_DiBosons_exclusive_94X/friends/
Normalization of nTrueInt_Wnopt: 3.68902e+10
Normalization of pileup: 3.68902e+10
Weights for variable nTrueInt_Wnopt with a number of bins equal to 102:
1 0.3634 0.9215 1.196 0.96 1.118 1.157 0.9675 0.9293 0.9192 0.8823 0.9553 1.062 1.116 1.167 1.194 1.2 1.193 1.177 1.14 1.092 1.06 1.047 1.046 1.047 1.048 1.06 1.077 1.092 1.106 1.122 1.108 1.097 1.051 0.992 0.9144 0.8237 0.7175 0.6087 0.5019 0.4029 0.3076 0.2264 0.1622 0.1123 0.07656 0.05052 0.03159 0.01992 0.01212 0.007355 0.004361 0.002593 0.001553 0.0009624 0.0007219 0.0006632 0.0007233 0.0009289 0.001329 0.001772 0.003222 0.004042 0.00487 0.005064 0.005658 0.005309 0.004846 0.004101 0.003977 0.003686 0.003306 0.002672 0.002286 0.001878 0.00167 1 1 1 1 1 1 1 1 1 1 1 1 1 1 1 1 1 1 1 1 1 1 1 1 1 1 .
Final weights: 
1 0.3634 0.9215 1.196 0.96 1.118 1.157 0.9675 0.9293 0.9192 0.8823 0.9553 1.062 1.116 1.167 1.194 1.2 1.193 1.177 1.14 1.092 1.06 1.047 1.046 1.047 1.048 1.06 1.077 1.092 1.106 1.122 1.108 1.097 1.051 0.992 0.9144 0.8237 0.7175 0.6087 0.5019 0.4029 0.3076 0.2264 0.1622 0.1123 0.07656 0.05052 0.03159 0.01992 0.01212 0.007355 0.004361 0.002593 0.001553 0.0009624 0.0007219 0.0006632 0.0007233 0.0009289 0.001329 0.001772 0.003222 0.004042 0.00487 0.005064 0.005658 0.005309 0.004846 0.004101 0.003977 0.003686 0.003306 0.002672 0.002286 0.001878 0.00167 1 1 1 1 1 1 1 1 1 1 1 1 1 1 1 1 1 1 1 1 1 1 1 1 1 1 .
begin job of lepCalProducer
initializing all the rochester correction objects
initializing the egamma calibrator
Processed  5000000/ 7446070 entries (elapsed time     0.5s, curr speed   20.408 kHz, avg speed 10204.082 kHz), accepted        1/       1 events (100.00%)
Processed  5010000/ 7446070 entries (elapsed time    27.5s, curr speed    0.370 kHz, avg speed  182.182 kHz), accepted    10001/   10001 events (100.00%)
Processed  5020000/ 7446070 entries (elapsed time    55.1s, curr speed    0.362 kHz, avg speed   91.107 kHz), accepted    20001/   20001 events (100.00%)
Processed  5030000/ 7446070 entries (elapsed time    83.1s, curr speed    0.357 kHz, avg speed   60.522 kHz), accepted    30001/   30001 events (100.00%)
Processed  5040000/ 7446070 entries (elapsed time   110.6s, curr speed    0.364 kHz, avg speed   45.578 kHz), accepted    40001/   40001 events (100.00%)
Processed  5050000/ 7446070 entries (elapsed time   138.7s, curr speed    0.355 kHz, avg speed   36.402 kHz), accepted    50001/   50001 events (100.00%)
Processed  5060000/ 7446070 entries (elapsed time   163.3s, curr speed    0.407 kHz, avg speed   30.980 kHz), accepted    60001/   60001 events (100.00%)
Processed  5070000/ 7446070 entries (elapsed time   185.8s, curr speed    0.446 kHz, avg speed   27.292 kHz), accepted    70001/   70001 events (100.00%)
Processed  5080000/ 7446070 entries (elapsed time   207.8s, curr speed    0.454 kHz, avg speed   24.445 kHz), accepted    80001/   80001 events (100.00%)
Processed  5090000/ 7446070 entries (elapsed time   228.2s, curr speed    0.490 kHz, avg speed   22.303 kHz), accepted    90001/   90001 events (100.00%)
Processed  5100000/ 7446070 entries (elapsed time   249.8s, curr speed    0.464 kHz, avg speed   20.419 kHz), accepted   100001/  100001 events (100.00%)
Processed  5110000/ 7446070 entries (elapsed time   304.0s, curr speed    0.184 kHz, avg speed   16.808 kHz), accepted   110001/  110001 events (100.00%)
Processed  5120000/ 7446070 entries (elapsed time   322.9s, curr speed    0.530 kHz, avg speed   15.857 kHz), accepted   120001/  120001 events (100.00%)
Processed  5130000/ 7446070 entries (elapsed time   342.3s, curr speed    0.516 kHz, avg speed   14.989 kHz), accepted   130001/  130001 events (100.00%)
Processed  5140000/ 7446070 entries (elapsed time   360.3s, curr speed    0.553 kHz, avg speed   14.265 kHz), accepted   140001/  140001 events (100.00%)
Processed  5150000/ 7446070 entries (elapsed time   378.6s, curr speed    0.549 kHz, avg speed   13.604 kHz), accepted   150001/  150001 events (100.00%)
Processed  5160000/ 7446070 entries (elapsed time   429.0s, curr speed    0.198 kHz, avg speed   12.028 kHz), accepted   160001/  160001 events (100.00%)
Processed  5170000/ 7446070 entries (elapsed time   447.5s, curr speed    0.541 kHz, avg speed   11.554 kHz), accepted   170001/  170001 events (100.00%)
Processed  5180000/ 7446070 entries (elapsed time   467.2s, curr speed    0.507 kHz, avg speed   11.088 kHz), accepted   180001/  180001 events (100.00%)
Processed  5190000/ 7446070 entries (elapsed time   485.5s, curr speed    0.546 kHz, avg speed   10.690 kHz), accepted   190001/  190001 events (100.00%)
Processed  5200000/ 7446070 entries (elapsed time   504.4s, curr speed    0.528 kHz, avg speed   10.308 kHz), accepted   200001/  200001 events (100.00%)
Processed  5210000/ 7446070 entries (elapsed time   523.2s, curr speed    0.533 kHz, avg speed    9.958 kHz), accepted   210001/  210001 events (100.00%)
Processed  5220000/ 7446070 entries (elapsed time   574.9s, curr speed    0.193 kHz, avg speed    9.080 kHz), accepted   220001/  220001 events (100.00%)
Processed  5230000/ 7446070 entries (elapsed time   592.5s, curr speed    0.566 kHz, avg speed    8.826 kHz), accepted   230001/  230001 events (100.00%)
Processed  5240000/ 7446070 entries (elapsed time   611.8s, curr speed    0.521 kHz, avg speed    8.566 kHz), accepted   240001/  240001 events (100.00%)
Processed 250000 entries from MY_EOS_SPACE/heppyNtuples/TREES_DiBosons_exclusive_94X/ZZTo4L_ext_part5/treeProducerWMass/tree.root, selected 250000 entries
Done MY_EOS_SPACE/heppyNtuples/TREES_DiBosons_exclusive_94X/friends/tree_Friend_ZZTo4L_ext_part5.chunk20.root
