   ZZTo4L_ext_part4   MC  27 chunks


I have 1 taks to process
I'm using the following list of modules DEFAULT_MODULES
this is jobs [('ZZTo4L_ext_part4', 'MY_EOS_SPACE/heppyNtuples/TREES_DiBosons_exclusive_94X/ZZTo4L_ext_part4/treeProducerWMass/tree.root', 16473689.0, '_Friend_ZZTo4L_ext_part4.chunk26', False, xrange(6500000, 6674251), 26)]
Modules to run:  []   name =  puWeight
Loading puWeight from CMGTools.WMass.postprocessing.examples.puWeightProducer 
Running on dataset =  ZZTo4L_ext_part4
TFile: name=/afs/cern.ch/work/m/mciprian/w_mass_analysis/heppy/rel_slc7/CMSSW_9_4_12/src/CMGTools/WMass/python/postprocessing/data/pileup/mcPU_2016_W94XnoCutsWithGenWeights_nTrueInt.root, title=, option=READ
TFile: name=/afs/cern.ch/work/m/mciprian/w_mass_analysis/heppy/rel_slc7/CMSSW_9_4_12/src/CMGTools/WMass/python/postprocessing/data/pileup/PileupData_GoldenMuonJSON_Full2016.root, title=, option=READ
Load C++ Worker
Modules to run:  []   name =  muCalibratedWithStatVar
Loading muCalibratedWithStatVar from CMGTools.WMass.postprocessing.examples.lepVarProducer 
Running on dataset =  ZZTo4L_ext_part4
did not find EnergyScaleCorrection shared object, rebuilding
trying to load all the rochester correction libraries
did not find legacy data roccor. rebuilding...
done building legacy data roccor.
Modules to run:  []   name =  jetAllReCleaner
Loading jetAllReCleaner from CMGTools.WMass.postprocessing.examples.jetReCleaner 
Running on dataset =  ZZTo4L_ext_part4
Load C++ Worker
Modules to run:  []   name =  jetReCleaner
Loading jetReCleaner from CMGTools.WMass.postprocessing.examples.jetReCleaner 
Running on dataset =  ZZTo4L_ext_part4
Load C++ Worker
Modules to run:  []   name =  genQEDJets
Loading genQEDJets from CMGTools.WMass.postprocessing.examples.genFriendProducer 
Running on dataset =  ZZTo4L_ext_part4
Will write selected trees to MY_EOS_SPACE/heppyNtuples/TREES_DiBosons_exclusive_94X/friends/
Normalization of nTrueInt_Wnopt: 3.68902e+10
Normalization of pileup: 3.68902e+10
Weights for variable nTrueInt_Wnopt with a number of bins equal to 102:
1 0.3634 0.9215 1.196 0.96 1.118 1.157 0.9675 0.9293 0.9192 0.8823 0.9553 1.062 1.116 1.167 1.194 1.2 1.193 1.177 1.14 1.092 1.06 1.047 1.046 1.047 1.048 1.06 1.077 1.092 1.106 1.122 1.108 1.097 1.051 0.992 0.9144 0.8237 0.7175 0.6087 0.5019 0.4029 0.3076 0.2264 0.1622 0.1123 0.07656 0.05052 0.03159 0.01992 0.01212 0.007355 0.004361 0.002593 0.001553 0.0009624 0.0007219 0.0006632 0.0007233 0.0009289 0.001329 0.001772 0.003222 0.004042 0.00487 0.005064 0.005658 0.005309 0.004846 0.004101 0.003977 0.003686 0.003306 0.002672 0.002286 0.001878 0.00167 1 1 1 1 1 1 1 1 1 1 1 1 1 1 1 1 1 1 1 1 1 1 1 1 1 1 .
Final weights: 
1 0.3634 0.9215 1.196 0.96 1.118 1.157 0.9675 0.9293 0.9192 0.8823 0.9553 1.062 1.116 1.167 1.194 1.2 1.193 1.177 1.14 1.092 1.06 1.047 1.046 1.047 1.048 1.06 1.077 1.092 1.106 1.122 1.108 1.097 1.051 0.992 0.9144 0.8237 0.7175 0.6087 0.5019 0.4029 0.3076 0.2264 0.1622 0.1123 0.07656 0.05052 0.03159 0.01992 0.01212 0.007355 0.004361 0.002593 0.001553 0.0009624 0.0007219 0.0006632 0.0007233 0.0009289 0.001329 0.001772 0.003222 0.004042 0.00487 0.005064 0.005658 0.005309 0.004846 0.004101 0.003977 0.003686 0.003306 0.002672 0.002286 0.001878 0.00167 1 1 1 1 1 1 1 1 1 1 1 1 1 1 1 1 1 1 1 1 1 1 1 1 1 1 .
begin job of lepCalProducer
initializing all the rochester correction objects
initializing the egamma calibrator
Processed  6500000/ 6674251 entries (elapsed time     0.4s, curr speed   25.000 kHz, avg speed 16250.000 kHz), accepted        1/       1 events (100.00%)
Processed  6510000/ 6674251 entries (elapsed time    26.6s, curr speed    0.381 kHz, avg speed  244.461 kHz), accepted    10001/   10001 events (100.00%)
Processed  6520000/ 6674251 entries (elapsed time    54.4s, curr speed    0.360 kHz, avg speed  119.853 kHz), accepted    20001/   20001 events (100.00%)
Processed  6530000/ 6674251 entries (elapsed time    81.9s, curr speed    0.364 kHz, avg speed   79.741 kHz), accepted    30001/   30001 events (100.00%)
Processed  6540000/ 6674251 entries (elapsed time   109.5s, curr speed    0.363 kHz, avg speed   59.753 kHz), accepted    40001/   40001 events (100.00%)
Processed  6550000/ 6674251 entries (elapsed time   136.5s, curr speed    0.370 kHz, avg speed   47.992 kHz), accepted    50001/   50001 events (100.00%)
Processed  6560000/ 6674251 entries (elapsed time   160.7s, curr speed    0.414 kHz, avg speed   40.832 kHz), accepted    60001/   60001 events (100.00%)
Processed  6570000/ 6674251 entries (elapsed time   181.9s, curr speed    0.471 kHz, avg speed   36.125 kHz), accepted    70001/   70001 events (100.00%)
Processed  6580000/ 6674251 entries (elapsed time   203.3s, curr speed    0.466 kHz, avg speed   32.364 kHz), accepted    80001/   80001 events (100.00%)
Processed  6590000/ 6674251 entries (elapsed time   224.2s, curr speed    0.479 kHz, avg speed   29.395 kHz), accepted    90001/   90001 events (100.00%)
Processed  6600000/ 6674251 entries (elapsed time   245.9s, curr speed    0.461 kHz, avg speed   26.843 kHz), accepted   100001/  100001 events (100.00%)
Processed  6610000/ 6674251 entries (elapsed time   302.3s, curr speed    0.177 kHz, avg speed   21.866 kHz), accepted   110001/  110001 events (100.00%)
Processed  6620000/ 6674251 entries (elapsed time   324.9s, curr speed    0.441 kHz, avg speed   20.372 kHz), accepted   120001/  120001 events (100.00%)
Processed  6630000/ 6674251 entries (elapsed time   348.4s, curr speed    0.426 kHz, avg speed   19.030 kHz), accepted   130001/  130001 events (100.00%)
Processed  6640000/ 6674251 entries (elapsed time   369.6s, curr speed    0.473 kHz, avg speed   17.967 kHz), accepted   140001/  140001 events (100.00%)
Processed  6650000/ 6674251 entries (elapsed time   390.3s, curr speed    0.482 kHz, avg speed   17.038 kHz), accepted   150001/  150001 events (100.00%)
Processed  6660000/ 6674251 entries (elapsed time   448.2s, curr speed    0.173 kHz, avg speed   14.860 kHz), accepted   160001/  160001 events (100.00%)
Processed  6670000/ 6674251 entries (elapsed time   469.4s, curr speed    0.472 kHz, avg speed   14.211 kHz), accepted   170001/  170001 events (100.00%)
Processed 174251 entries from MY_EOS_SPACE/heppyNtuples/TREES_DiBosons_exclusive_94X/ZZTo4L_ext_part4/treeProducerWMass/tree.root, selected 174251 entries
Done MY_EOS_SPACE/heppyNtuples/TREES_DiBosons_exclusive_94X/friends/tree_Friend_ZZTo4L_ext_part4.chunk26.root
