   ZZTo4L_ext_part1   MC  30 chunks


I have 1 taks to process
I'm using the following list of modules DEFAULT_MODULES
this is jobs [('ZZTo4L_ext_part1', 'MY_EOS_SPACE/heppyNtuples/TREES_DiBosons_exclusive_94X/ZZTo4L_ext_part1/treeProducerWMass/tree.root', 18226593.0, '_Friend_ZZTo4L_ext_part1.chunk5', False, xrange(1250000, 1500000), 5)]
Modules to run:  []   name =  puWeight
Loading puWeight from CMGTools.WMass.postprocessing.examples.puWeightProducer 
Running on dataset =  ZZTo4L_ext_part1
TFile: name=/afs/cern.ch/work/m/mciprian/w_mass_analysis/heppy/rel_slc7/CMSSW_9_4_12/src/CMGTools/WMass/python/postprocessing/data/pileup/mcPU_2016_W94XnoCutsWithGenWeights_nTrueInt.root, title=, option=READ
TFile: name=/afs/cern.ch/work/m/mciprian/w_mass_analysis/heppy/rel_slc7/CMSSW_9_4_12/src/CMGTools/WMass/python/postprocessing/data/pileup/PileupData_GoldenMuonJSON_Full2016.root, title=, option=READ
Load C++ Worker
Modules to run:  []   name =  muCalibratedWithStatVar
Loading muCalibratedWithStatVar from CMGTools.WMass.postprocessing.examples.lepVarProducer 
Running on dataset =  ZZTo4L_ext_part1
did not find EnergyScaleCorrection shared object, rebuilding
trying to load all the rochester correction libraries
did not find legacy data roccor. rebuilding...
done building legacy data roccor.
Modules to run:  []   name =  jetAllReCleaner
Loading jetAllReCleaner from CMGTools.WMass.postprocessing.examples.jetReCleaner 
Running on dataset =  ZZTo4L_ext_part1
Load C++ Worker
Modules to run:  []   name =  jetReCleaner
Loading jetReCleaner from CMGTools.WMass.postprocessing.examples.jetReCleaner 
Running on dataset =  ZZTo4L_ext_part1
Load C++ Worker
Modules to run:  []   name =  genQEDJets
Loading genQEDJets from CMGTools.WMass.postprocessing.examples.genFriendProducer 
Running on dataset =  ZZTo4L_ext_part1
Will write selected trees to MY_EOS_SPACE/heppyNtuples/TREES_DiBosons_exclusive_94X/friends/
Normalization of nTrueInt_Wnopt: 3.68902e+10
Normalization of pileup: 3.68902e+10
Weights for variable nTrueInt_Wnopt with a number of bins equal to 102:
1 0.3634 0.9215 1.196 0.96 1.118 1.157 0.9675 0.9293 0.9192 0.8823 0.9553 1.062 1.116 1.167 1.194 1.2 1.193 1.177 1.14 1.092 1.06 1.047 1.046 1.047 1.048 1.06 1.077 1.092 1.106 1.122 1.108 1.097 1.051 0.992 0.9144 0.8237 0.7175 0.6087 0.5019 0.4029 0.3076 0.2264 0.1622 0.1123 0.07656 0.05052 0.03159 0.01992 0.01212 0.007355 0.004361 0.002593 0.001553 0.0009624 0.0007219 0.0006632 0.0007233 0.0009289 0.001329 0.001772 0.003222 0.004042 0.00487 0.005064 0.005658 0.005309 0.004846 0.004101 0.003977 0.003686 0.003306 0.002672 0.002286 0.001878 0.00167 1 1 1 1 1 1 1 1 1 1 1 1 1 1 1 1 1 1 1 1 1 1 1 1 1 1 .
Final weights: 
1 0.3634 0.9215 1.196 0.96 1.118 1.157 0.9675 0.9293 0.9192 0.8823 0.9553 1.062 1.116 1.167 1.194 1.2 1.193 1.177 1.14 1.092 1.06 1.047 1.046 1.047 1.048 1.06 1.077 1.092 1.106 1.122 1.108 1.097 1.051 0.992 0.9144 0.8237 0.7175 0.6087 0.5019 0.4029 0.3076 0.2264 0.1622 0.1123 0.07656 0.05052 0.03159 0.01992 0.01212 0.007355 0.004361 0.002593 0.001553 0.0009624 0.0007219 0.0006632 0.0007233 0.0009289 0.001329 0.001772 0.003222 0.004042 0.00487 0.005064 0.005658 0.005309 0.004846 0.004101 0.003977 0.003686 0.003306 0.002672 0.002286 0.001878 0.00167 1 1 1 1 1 1 1 1 1 1 1 1 1 1 1 1 1 1 1 1 1 1 1 1 1 1 .
begin job of lepCalProducer
initializing all the rochester correction objects
initializing the egamma calibrator
Processed  1250000/ 7383721 entries (elapsed time     0.3s, curr speed   29.412 kHz, avg speed 3676.471 kHz), accepted        1/       1 events (100.00%)
Processed  1260000/ 7383721 entries (elapsed time    18.3s, curr speed    0.556 kHz, avg speed   68.815 kHz), accepted    10001/   10001 events (100.00%)
Processed  1270000/ 7383721 entries (elapsed time    36.4s, curr speed    0.554 kHz, avg speed   34.919 kHz), accepted    20001/   20001 events (100.00%)
Processed  1280000/ 7383721 entries (elapsed time    54.4s, curr speed    0.555 kHz, avg speed   23.529 kHz), accepted    30001/   30001 events (100.00%)
Processed  1290000/ 7383721 entries (elapsed time    72.5s, curr speed    0.553 kHz, avg speed   17.800 kHz), accepted    40001/   40001 events (100.00%)
Processed  1300000/ 7383721 entries (elapsed time    90.2s, curr speed    0.564 kHz, avg speed   14.412 kHz), accepted    50001/   50001 events (100.00%)
Processed  1310000/ 7383721 entries (elapsed time   106.0s, curr speed    0.633 kHz, avg speed   12.358 kHz), accepted    60001/   60001 events (100.00%)
Processed  1320000/ 7383721 entries (elapsed time   120.0s, curr speed    0.713 kHz, avg speed   10.997 kHz), accepted    70001/   70001 events (100.00%)
Processed  1330000/ 7383721 entries (elapsed time   134.2s, curr speed    0.703 kHz, avg speed    9.907 kHz), accepted    80001/   80001 events (100.00%)
Processed  1340000/ 7383721 entries (elapsed time   148.1s, curr speed    0.722 kHz, avg speed    9.047 kHz), accepted    90001/   90001 events (100.00%)
Processed  1350000/ 7383721 entries (elapsed time   162.2s, curr speed    0.709 kHz, avg speed    8.322 kHz), accepted   100001/  100001 events (100.00%)
Processed  1360000/ 7383721 entries (elapsed time   200.9s, curr speed    0.258 kHz, avg speed    6.769 kHz), accepted   110001/  110001 events (100.00%)
Processed  1370000/ 7383721 entries (elapsed time   215.0s, curr speed    0.711 kHz, avg speed    6.372 kHz), accepted   120001/  120001 events (100.00%)
Processed  1380000/ 7383721 entries (elapsed time   229.0s, curr speed    0.712 kHz, avg speed    6.025 kHz), accepted   130001/  130001 events (100.00%)
Processed  1390000/ 7383721 entries (elapsed time   243.2s, curr speed    0.703 kHz, avg speed    5.714 kHz), accepted   140001/  140001 events (100.00%)
Processed  1400000/ 7383721 entries (elapsed time   257.5s, curr speed    0.704 kHz, avg speed    5.438 kHz), accepted   150001/  150001 events (100.00%)
Processed  1410000/ 7383721 entries (elapsed time   295.7s, curr speed    0.262 kHz, avg speed    4.769 kHz), accepted   160001/  160001 events (100.00%)
Processed  1420000/ 7383721 entries (elapsed time   309.8s, curr speed    0.709 kHz, avg speed    4.584 kHz), accepted   170001/  170001 events (100.00%)
Processed  1430000/ 7383721 entries (elapsed time   323.7s, curr speed    0.716 kHz, avg speed    4.417 kHz), accepted   180001/  180001 events (100.00%)
Processed  1440000/ 7383721 entries (elapsed time   337.7s, curr speed    0.716 kHz, avg speed    4.264 kHz), accepted   190001/  190001 events (100.00%)
Processed  1450000/ 7383721 entries (elapsed time   351.8s, curr speed    0.711 kHz, avg speed    4.122 kHz), accepted   200001/  200001 events (100.00%)
Processed  1460000/ 7383721 entries (elapsed time   366.1s, curr speed    0.699 kHz, avg speed    3.988 kHz), accepted   210001/  210001 events (100.00%)
Processed  1470000/ 7383721 entries (elapsed time   404.9s, curr speed    0.257 kHz, avg speed    3.630 kHz), accepted   220001/  220001 events (100.00%)
Processed  1480000/ 7383721 entries (elapsed time   419.1s, curr speed    0.709 kHz, avg speed    3.532 kHz), accepted   230001/  230001 events (100.00%)
Processed  1490000/ 7383721 entries (elapsed time   433.4s, curr speed    0.698 kHz, avg speed    3.438 kHz), accepted   240001/  240001 events (100.00%)
Processed 250000 entries from MY_EOS_SPACE/heppyNtuples/TREES_DiBosons_exclusive_94X/ZZTo4L_ext_part1/treeProducerWMass/tree.root, selected 250000 entries
Done MY_EOS_SPACE/heppyNtuples/TREES_DiBosons_exclusive_94X/friends/tree_Friend_ZZTo4L_ext_part1.chunk5.root
