000 (334277.014.000) 05/14 16:10:48 Job submitted from host: <188.184.95.166:9618?addrs=188.184.95.166-9618+[2001-1458-201-e4--100-7a0]-9618&alias=tbird02.cern.ch&noUDP&sock=schedd_2138722_faad_3>
...
040 (334277.014.000) 05/14 16:22:17 Started transferring input files
	Transferring to host: <128.142.240.30:9618?addrs=128.142.240.30-9618+[2001-1458-301-f9--100-1a]-9618&noUDP&sock=4004_ee1c_129189>
...
040 (334277.014.000) 05/14 16:22:17 Finished transferring input files
...
001 (334277.014.000) 05/14 16:22:18 Job executing on host: <128.142.240.30:9618?addrs=128.142.240.30-9618+[2001-1458-301-f9--100-1a]-9618&noUDP&sock=2350_7ba6_3>
...
006 (334277.014.000) 05/14 16:22:27 Image size of job updated: 320700
	233  -  MemoryUsage of job (MB)
	238012  -  ResidentSetSize of job (KB)
...
006 (334277.014.000) 05/14 16:27:28 Image size of job updated: 575492
	482  -  MemoryUsage of job (MB)
	492636  -  ResidentSetSize of job (KB)
...
006 (334277.014.000) 05/14 16:31:11 Image size of job updated: 577464
	482  -  MemoryUsage of job (MB)
	492636  -  ResidentSetSize of job (KB)
...
040 (334277.014.000) 05/14 16:31:11 Started transferring output files
...
040 (334277.014.000) 05/14 16:31:11 Finished transferring output files
...
005 (334277.014.000) 05/14 16:31:11 Job terminated.
	(1) Normal termination (return value 1)
		Usr 0 00:07:42, Sys 0 00:00:49  -  Run Remote Usage
		Usr 0 00:00:00, Sys 0 00:00:00  -  Run Local Usage
		Usr 0 00:07:42, Sys 0 00:00:49  -  Total Remote Usage
		Usr 0 00:00:00, Sys 0 00:00:00  -  Total Local Usage
	8506  -  Run Bytes Sent By Job
	10917  -  Run Bytes Received By Job
	8506  -  Total Bytes Sent By Job
	10917  -  Total Bytes Received By Job
	Partitionable Resources :    Usage  Request Allocated 
	   Cpus                 :                 1           
	   Disk (KB)            :       71        1   2209308 
	   Memory (MB)          :      482     2000      2000 
...
