000 (334278.019.000) 05/14 16:10:50 Job submitted from host: <188.184.95.166:9618?addrs=188.184.95.166-9618+[2001-1458-201-e4--100-7a0]-9618&alias=tbird02.cern.ch&noUDP&sock=schedd_2138722_faad_3>
...
040 (334278.019.000) 05/14 16:24:03 Started transferring input files
	Transferring to host: <137.138.51.190:9618?addrs=137.138.51.190-9618+[--1]-9618&noUDP&sock=2645_6445_3591>
...
040 (334278.019.000) 05/14 16:24:03 Finished transferring input files
...
001 (334278.019.000) 05/14 16:24:04 Job executing on host: <137.138.51.190:9618?addrs=137.138.51.190-9618+[--1]-9618&noUDP&sock=1466_21ee_3>
...
006 (334278.019.000) 05/14 16:24:13 Image size of job updated: 286416
	202  -  MemoryUsage of job (MB)
	206768  -  ResidentSetSize of job (KB)
...
006 (334278.019.000) 05/14 16:29:14 Image size of job updated: 540780
	447  -  MemoryUsage of job (MB)
	457608  -  ResidentSetSize of job (KB)
...
006 (334278.019.000) 05/14 16:34:14 Image size of job updated: 577048
	483  -  MemoryUsage of job (MB)
	493876  -  ResidentSetSize of job (KB)
...
006 (334278.019.000) 05/14 16:35:33 Image size of job updated: 675532
	483  -  MemoryUsage of job (MB)
	493876  -  ResidentSetSize of job (KB)
...
040 (334278.019.000) 05/14 16:35:33 Started transferring output files
...
040 (334278.019.000) 05/14 16:35:33 Finished transferring output files
...
005 (334278.019.000) 05/14 16:35:33 Job terminated.
	(1) Normal termination (return value 1)
		Usr 0 00:09:20, Sys 0 00:01:00  -  Run Remote Usage
		Usr 0 00:00:00, Sys 0 00:00:00  -  Run Local Usage
		Usr 0 00:09:20, Sys 0 00:01:00  -  Total Remote Usage
		Usr 0 00:00:00, Sys 0 00:00:00  -  Total Local Usage
	13851  -  Run Bytes Sent By Job
	10917  -  Run Bytes Received By Job
	13851  -  Total Bytes Sent By Job
	10917  -  Total Bytes Received By Job
	Partitionable Resources :    Usage  Request Allocated 
	   Cpus                 :                 1           
	   Disk (KB)            :       74        1   2207436 
	   Memory (MB)          :      483     2000      2000 
...
