   ZZTo2L2Nu_ext_part2   MC  33 chunks


I have 1 taks to process
I'm using the following list of modules DEFAULT_MODULES
this is jobs [('ZZTo2L2Nu_ext_part2', 'MY_EOS_SPACE/heppyNtuples/TREES_DiBosons_exclusive_94X/ZZTo2L2Nu_ext_part2/treeProducerWMass/tree.root', 13591928.0, '_Friend_ZZTo2L2Nu_ext_part2.chunk1', False, xrange(250000, 500000), 1)]
Modules to run:  []   name =  puWeight
Loading puWeight from CMGTools.WMass.postprocessing.examples.puWeightProducer 
Running on dataset =  ZZTo2L2Nu_ext_part2
TFile: name=/afs/cern.ch/work/m/mciprian/w_mass_analysis/heppy/rel_slc7/CMSSW_9_4_12/src/CMGTools/WMass/python/postprocessing/data/pileup/mcPU_2016_W94XnoCutsWithGenWeights_nTrueInt.root, title=, option=READ
TFile: name=/afs/cern.ch/work/m/mciprian/w_mass_analysis/heppy/rel_slc7/CMSSW_9_4_12/src/CMGTools/WMass/python/postprocessing/data/pileup/PileupData_GoldenMuonJSON_Full2016.root, title=, option=READ
Load C++ Worker
Modules to run:  []   name =  muCalibratedWithStatVar
Loading muCalibratedWithStatVar from CMGTools.WMass.postprocessing.examples.lepVarProducer 
Running on dataset =  ZZTo2L2Nu_ext_part2
did not find EnergyScaleCorrection shared object, rebuilding
trying to load all the rochester correction libraries
did not find legacy data roccor. rebuilding...
done building legacy data roccor.
Modules to run:  []   name =  jetAllReCleaner
Loading jetAllReCleaner from CMGTools.WMass.postprocessing.examples.jetReCleaner 
Running on dataset =  ZZTo2L2Nu_ext_part2
Load C++ Worker
Modules to run:  []   name =  jetReCleaner
Loading jetReCleaner from CMGTools.WMass.postprocessing.examples.jetReCleaner 
Running on dataset =  ZZTo2L2Nu_ext_part2
Load C++ Worker
Modules to run:  []   name =  genQEDJets
Loading genQEDJets from CMGTools.WMass.postprocessing.examples.genFriendProducer 
Running on dataset =  ZZTo2L2Nu_ext_part2
Will write selected trees to MY_EOS_SPACE/heppyNtuples/TREES_DiBosons_exclusive_94X/friends/
Normalization of nTrueInt_Wnopt: 3.68902e+10
Normalization of pileup: 3.68902e+10
Weights for variable nTrueInt_Wnopt with a number of bins equal to 102:
1 0.3634 0.9215 1.196 0.96 1.118 1.157 0.9675 0.9293 0.9192 0.8823 0.9553 1.062 1.116 1.167 1.194 1.2 1.193 1.177 1.14 1.092 1.06 1.047 1.046 1.047 1.048 1.06 1.077 1.092 1.106 1.122 1.108 1.097 1.051 0.992 0.9144 0.8237 0.7175 0.6087 0.5019 0.4029 0.3076 0.2264 0.1622 0.1123 0.07656 0.05052 0.03159 0.01992 0.01212 0.007355 0.004361 0.002593 0.001553 0.0009624 0.0007219 0.0006632 0.0007233 0.0009289 0.001329 0.001772 0.003222 0.004042 0.00487 0.005064 0.005658 0.005309 0.004846 0.004101 0.003977 0.003686 0.003306 0.002672 0.002286 0.001878 0.00167 1 1 1 1 1 1 1 1 1 1 1 1 1 1 1 1 1 1 1 1 1 1 1 1 1 1 .
Final weights: 
1 0.3634 0.9215 1.196 0.96 1.118 1.157 0.9675 0.9293 0.9192 0.8823 0.9553 1.062 1.116 1.167 1.194 1.2 1.193 1.177 1.14 1.092 1.06 1.047 1.046 1.047 1.048 1.06 1.077 1.092 1.106 1.122 1.108 1.097 1.051 0.992 0.9144 0.8237 0.7175 0.6087 0.5019 0.4029 0.3076 0.2264 0.1622 0.1123 0.07656 0.05052 0.03159 0.01992 0.01212 0.007355 0.004361 0.002593 0.001553 0.0009624 0.0007219 0.0006632 0.0007233 0.0009289 0.001329 0.001772 0.003222 0.004042 0.00487 0.005064 0.005658 0.005309 0.004846 0.004101 0.003977 0.003686 0.003306 0.002672 0.002286 0.001878 0.00167 1 1 1 1 1 1 1 1 1 1 1 1 1 1 1 1 1 1 1 1 1 1 1 1 1 1 .
begin job of lepCalProducer
initializing all the rochester correction objects
initializing the egamma calibrator
Processed   250000/ 8061945 entries (elapsed time     0.3s, curr speed   29.412 kHz, avg speed  735.294 kHz), accepted        1/       1 events (100.00%)
Processed   260000/ 8061945 entries (elapsed time    17.4s, curr speed    0.588 kHz, avg speed   14.977 kHz), accepted    10001/   10001 events (100.00%)
Processed   270000/ 8061945 entries (elapsed time    35.3s, curr speed    0.558 kHz, avg speed    7.655 kHz), accepted    20001/   20001 events (100.00%)
Processed   280000/ 8061945 entries (elapsed time    52.9s, curr speed    0.568 kHz, avg speed    5.294 kHz), accepted    30001/   30001 events (100.00%)
Processed   290000/ 8061945 entries (elapsed time    70.9s, curr speed    0.555 kHz, avg speed    4.090 kHz), accepted    40001/   40001 events (100.00%)
Processed   300000/ 8061945 entries (elapsed time    88.0s, curr speed    0.585 kHz, avg speed    3.409 kHz), accepted    50001/   50001 events (100.00%)
Processed   310000/ 8061945 entries (elapsed time   106.3s, curr speed    0.547 kHz, avg speed    2.917 kHz), accepted    60001/   60001 events (100.00%)
Processed   320000/ 8061945 entries (elapsed time   122.8s, curr speed    0.605 kHz, avg speed    2.606 kHz), accepted    70001/   70001 events (100.00%)
Processed   330000/ 8061945 entries (elapsed time   136.9s, curr speed    0.708 kHz, avg speed    2.410 kHz), accepted    80001/   80001 events (100.00%)
Processed   340000/ 8061945 entries (elapsed time   151.4s, curr speed    0.693 kHz, avg speed    2.246 kHz), accepted    90001/   90001 events (100.00%)
Processed   350000/ 8061945 entries (elapsed time   165.7s, curr speed    0.699 kHz, avg speed    2.113 kHz), accepted   100001/  100001 events (100.00%)
Processed   360000/ 8061945 entries (elapsed time   180.0s, curr speed    0.696 kHz, avg speed    2.000 kHz), accepted   110001/  110001 events (100.00%)
Processed   370000/ 8061945 entries (elapsed time   194.5s, curr speed    0.693 kHz, avg speed    1.903 kHz), accepted   120001/  120001 events (100.00%)
Processed   380000/ 8061945 entries (elapsed time   234.8s, curr speed    0.248 kHz, avg speed    1.618 kHz), accepted   130001/  130001 events (100.00%)
Processed   390000/ 8061945 entries (elapsed time   249.1s, curr speed    0.700 kHz, avg speed    1.565 kHz), accepted   140001/  140001 events (100.00%)
Processed   400000/ 8061945 entries (elapsed time   263.5s, curr speed    0.696 kHz, avg speed    1.518 kHz), accepted   150001/  150001 events (100.00%)
Processed   410000/ 8061945 entries (elapsed time   278.2s, curr speed    0.680 kHz, avg speed    1.474 kHz), accepted   160001/  160001 events (100.00%)
Processed   420000/ 8061945 entries (elapsed time   292.8s, curr speed    0.684 kHz, avg speed    1.434 kHz), accepted   170001/  170001 events (100.00%)
Processed   430000/ 8061945 entries (elapsed time   307.6s, curr speed    0.677 kHz, avg speed    1.398 kHz), accepted   180001/  180001 events (100.00%)
Processed   440000/ 8061945 entries (elapsed time   346.8s, curr speed    0.255 kHz, avg speed    1.269 kHz), accepted   190001/  190001 events (100.00%)
Processed   450000/ 8061945 entries (elapsed time   361.0s, curr speed    0.703 kHz, avg speed    1.247 kHz), accepted   200001/  200001 events (100.00%)
Processed   460000/ 8061945 entries (elapsed time   374.8s, curr speed    0.724 kHz, avg speed    1.227 kHz), accepted   210001/  210001 events (100.00%)
Processed   470000/ 8061945 entries (elapsed time   388.9s, curr speed    0.711 kHz, avg speed    1.209 kHz), accepted   220001/  220001 events (100.00%)
Processed   480000/ 8061945 entries (elapsed time   402.6s, curr speed    0.726 kHz, avg speed    1.192 kHz), accepted   230001/  230001 events (100.00%)
Processed   490000/ 8061945 entries (elapsed time   417.6s, curr speed    0.667 kHz, avg speed    1.173 kHz), accepted   240001/  240001 events (100.00%)
Processed 250000 entries from MY_EOS_SPACE/heppyNtuples/TREES_DiBosons_exclusive_94X/ZZTo2L2Nu_ext_part2/treeProducerWMass/tree.root, selected 250000 entries
Done MY_EOS_SPACE/heppyNtuples/TREES_DiBosons_exclusive_94X/friends/tree_Friend_ZZTo2L2Nu_ext_part2.chunk1.root
