   ZZTo2L2Nu_ext_part2   MC  33 chunks


I have 1 taks to process
I'm using the following list of modules DEFAULT_MODULES
this is jobs [('ZZTo2L2Nu_ext_part2', 'MY_EOS_SPACE/heppyNtuples/TREES_DiBosons_exclusive_94X/ZZTo2L2Nu_ext_part2/treeProducerWMass/tree.root', 13591928.0, '_Friend_ZZTo2L2Nu_ext_part2.chunk8', False, xrange(2000000, 2250000), 8)]
Modules to run:  []   name =  puWeight
Loading puWeight from CMGTools.WMass.postprocessing.examples.puWeightProducer 
Running on dataset =  ZZTo2L2Nu_ext_part2
TFile: name=/afs/cern.ch/work/m/mciprian/w_mass_analysis/heppy/rel_slc7/CMSSW_9_4_12/src/CMGTools/WMass/python/postprocessing/data/pileup/mcPU_2016_W94XnoCutsWithGenWeights_nTrueInt.root, title=, option=READ
TFile: name=/afs/cern.ch/work/m/mciprian/w_mass_analysis/heppy/rel_slc7/CMSSW_9_4_12/src/CMGTools/WMass/python/postprocessing/data/pileup/PileupData_GoldenMuonJSON_Full2016.root, title=, option=READ
Load C++ Worker
Modules to run:  []   name =  muCalibratedWithStatVar
Loading muCalibratedWithStatVar from CMGTools.WMass.postprocessing.examples.lepVarProducer 
Running on dataset =  ZZTo2L2Nu_ext_part2
did not find EnergyScaleCorrection shared object, rebuilding
trying to load all the rochester correction libraries
did not find legacy data roccor. rebuilding...
done building legacy data roccor.
Modules to run:  []   name =  jetAllReCleaner
Loading jetAllReCleaner from CMGTools.WMass.postprocessing.examples.jetReCleaner 
Running on dataset =  ZZTo2L2Nu_ext_part2
Load C++ Worker
Modules to run:  []   name =  jetReCleaner
Loading jetReCleaner from CMGTools.WMass.postprocessing.examples.jetReCleaner 
Running on dataset =  ZZTo2L2Nu_ext_part2
Load C++ Worker
Modules to run:  []   name =  genQEDJets
Loading genQEDJets from CMGTools.WMass.postprocessing.examples.genFriendProducer 
Running on dataset =  ZZTo2L2Nu_ext_part2
Will write selected trees to MY_EOS_SPACE/heppyNtuples/TREES_DiBosons_exclusive_94X/friends/
Normalization of nTrueInt_Wnopt: 3.68902e+10
Normalization of pileup: 3.68902e+10
Weights for variable nTrueInt_Wnopt with a number of bins equal to 102:
1 0.3634 0.9215 1.196 0.96 1.118 1.157 0.9675 0.9293 0.9192 0.8823 0.9553 1.062 1.116 1.167 1.194 1.2 1.193 1.177 1.14 1.092 1.06 1.047 1.046 1.047 1.048 1.06 1.077 1.092 1.106 1.122 1.108 1.097 1.051 0.992 0.9144 0.8237 0.7175 0.6087 0.5019 0.4029 0.3076 0.2264 0.1622 0.1123 0.07656 0.05052 0.03159 0.01992 0.01212 0.007355 0.004361 0.002593 0.001553 0.0009624 0.0007219 0.0006632 0.0007233 0.0009289 0.001329 0.001772 0.003222 0.004042 0.00487 0.005064 0.005658 0.005309 0.004846 0.004101 0.003977 0.003686 0.003306 0.002672 0.002286 0.001878 0.00167 1 1 1 1 1 1 1 1 1 1 1 1 1 1 1 1 1 1 1 1 1 1 1 1 1 1 .
Final weights: 
1 0.3634 0.9215 1.196 0.96 1.118 1.157 0.9675 0.9293 0.9192 0.8823 0.9553 1.062 1.116 1.167 1.194 1.2 1.193 1.177 1.14 1.092 1.06 1.047 1.046 1.047 1.048 1.06 1.077 1.092 1.106 1.122 1.108 1.097 1.051 0.992 0.9144 0.8237 0.7175 0.6087 0.5019 0.4029 0.3076 0.2264 0.1622 0.1123 0.07656 0.05052 0.03159 0.01992 0.01212 0.007355 0.004361 0.002593 0.001553 0.0009624 0.0007219 0.0006632 0.0007233 0.0009289 0.001329 0.001772 0.003222 0.004042 0.00487 0.005064 0.005658 0.005309 0.004846 0.004101 0.003977 0.003686 0.003306 0.002672 0.002286 0.001878 0.00167 1 1 1 1 1 1 1 1 1 1 1 1 1 1 1 1 1 1 1 1 1 1 1 1 1 1 .
begin job of lepCalProducer
initializing all the rochester correction objects
initializing the egamma calibrator
Processed  2000000/ 8061945 entries (elapsed time     0.6s, curr speed   18.182 kHz, avg speed 3636.364 kHz), accepted        1/       1 events (100.00%)
Processed  2010000/ 8061945 entries (elapsed time    31.1s, curr speed    0.327 kHz, avg speed   64.630 kHz), accepted    10001/   10001 events (100.00%)
Processed  2020000/ 8061945 entries (elapsed time    63.2s, curr speed    0.311 kHz, avg speed   31.957 kHz), accepted    20001/   20001 events (100.00%)
Processed  2030000/ 8061945 entries (elapsed time    93.9s, curr speed    0.326 kHz, avg speed   21.619 kHz), accepted    30001/   30001 events (100.00%)
Processed  2040000/ 8061945 entries (elapsed time   126.4s, curr speed    0.308 kHz, avg speed   16.141 kHz), accepted    40001/   40001 events (100.00%)
Processed  2050000/ 8061945 entries (elapsed time   157.0s, curr speed    0.326 kHz, avg speed   13.054 kHz), accepted    50001/   50001 events (100.00%)
Processed  2060000/ 8061945 entries (elapsed time   188.3s, curr speed    0.320 kHz, avg speed   10.938 kHz), accepted    60001/   60001 events (100.00%)
Processed  2070000/ 8061945 entries (elapsed time   216.4s, curr speed    0.357 kHz, avg speed    9.567 kHz), accepted    70001/   70001 events (100.00%)
Processed  2080000/ 8061945 entries (elapsed time   242.2s, curr speed    0.388 kHz, avg speed    8.589 kHz), accepted    80001/   80001 events (100.00%)
Processed  2090000/ 8061945 entries (elapsed time   268.0s, curr speed    0.387 kHz, avg speed    7.799 kHz), accepted    90001/   90001 events (100.00%)
Processed  2100000/ 8061945 entries (elapsed time   293.3s, curr speed    0.394 kHz, avg speed    7.159 kHz), accepted   100001/  100001 events (100.00%)
Processed  2110000/ 8061945 entries (elapsed time   318.3s, curr speed    0.400 kHz, avg speed    6.628 kHz), accepted   110001/  110001 events (100.00%)
Processed  2120000/ 8061945 entries (elapsed time   344.1s, curr speed    0.389 kHz, avg speed    6.162 kHz), accepted   120001/  120001 events (100.00%)
Processed  2130000/ 8061945 entries (elapsed time   413.8s, curr speed    0.143 kHz, avg speed    5.148 kHz), accepted   130001/  130001 events (100.00%)
Processed  2140000/ 8061945 entries (elapsed time   439.5s, curr speed    0.389 kHz, avg speed    4.869 kHz), accepted   140001/  140001 events (100.00%)
Processed  2150000/ 8061945 entries (elapsed time   464.8s, curr speed    0.396 kHz, avg speed    4.626 kHz), accepted   150001/  150001 events (100.00%)
Processed  2160000/ 8061945 entries (elapsed time   490.5s, curr speed    0.389 kHz, avg speed    4.404 kHz), accepted   160001/  160001 events (100.00%)
Processed  2170000/ 8061945 entries (elapsed time   516.8s, curr speed    0.380 kHz, avg speed    4.199 kHz), accepted   170001/  170001 events (100.00%)
Processed  2180000/ 8061945 entries (elapsed time   543.0s, curr speed    0.382 kHz, avg speed    4.015 kHz), accepted   180001/  180001 events (100.00%)
Processed  2190000/ 8061945 entries (elapsed time   612.4s, curr speed    0.144 kHz, avg speed    3.576 kHz), accepted   190001/  190001 events (100.00%)
Processed  2200000/ 8061945 entries (elapsed time   638.2s, curr speed    0.389 kHz, avg speed    3.447 kHz), accepted   200001/  200001 events (100.00%)
Processed  2210000/ 8061945 entries (elapsed time   663.9s, curr speed    0.389 kHz, avg speed    3.329 kHz), accepted   210001/  210001 events (100.00%)
Processed  2220000/ 8061945 entries (elapsed time   689.7s, curr speed    0.387 kHz, avg speed    3.219 kHz), accepted   220001/  220001 events (100.00%)
Processed  2230000/ 8061945 entries (elapsed time   715.4s, curr speed    0.389 kHz, avg speed    3.117 kHz), accepted   230001/  230001 events (100.00%)
Processed  2240000/ 8061945 entries (elapsed time   742.5s, curr speed    0.369 kHz, avg speed    3.017 kHz), accepted   240001/  240001 events (100.00%)
Processed 250000 entries from MY_EOS_SPACE/heppyNtuples/TREES_DiBosons_exclusive_94X/ZZTo2L2Nu_ext_part2/treeProducerWMass/tree.root, selected 250000 entries
Done MY_EOS_SPACE/heppyNtuples/TREES_DiBosons_exclusive_94X/friends/tree_Friend_ZZTo2L2Nu_ext_part2.chunk8.root
