   ZZTo4L_ext_part5   MC  30 chunks


I have 1 taks to process
I'm using the following list of modules DEFAULT_MODULES
this is jobs [('ZZTo4L_ext_part5', 'MY_EOS_SPACE/heppyNtuples/TREES_DiBosons_exclusive_94X/ZZTo4L_ext_part5/treeProducerWMass/tree.root', 18367656.0, '_Friend_ZZTo4L_ext_part5.chunk19', False, xrange(4750000, 5000000), 19)]
Modules to run:  []   name =  puWeight
Loading puWeight from CMGTools.WMass.postprocessing.examples.puWeightProducer 
Running on dataset =  ZZTo4L_ext_part5
TFile: name=/afs/cern.ch/work/m/mciprian/w_mass_analysis/heppy/rel_slc7/CMSSW_9_4_12/src/CMGTools/WMass/python/postprocessing/data/pileup/mcPU_2016_W94XnoCutsWithGenWeights_nTrueInt.root, title=, option=READ
TFile: name=/afs/cern.ch/work/m/mciprian/w_mass_analysis/heppy/rel_slc7/CMSSW_9_4_12/src/CMGTools/WMass/python/postprocessing/data/pileup/PileupData_GoldenMuonJSON_Full2016.root, title=, option=READ
Load C++ Worker
Modules to run:  []   name =  muCalibratedWithStatVar
Loading muCalibratedWithStatVar from CMGTools.WMass.postprocessing.examples.lepVarProducer 
Running on dataset =  ZZTo4L_ext_part5
did not find EnergyScaleCorrection shared object, rebuilding
trying to load all the rochester correction libraries
did not find legacy data roccor. rebuilding...
done building legacy data roccor.
Modules to run:  []   name =  jetAllReCleaner
Loading jetAllReCleaner from CMGTools.WMass.postprocessing.examples.jetReCleaner 
Running on dataset =  ZZTo4L_ext_part5
Load C++ Worker
Modules to run:  []   name =  jetReCleaner
Loading jetReCleaner from CMGTools.WMass.postprocessing.examples.jetReCleaner 
Running on dataset =  ZZTo4L_ext_part5
Load C++ Worker
Modules to run:  []   name =  genQEDJets
Loading genQEDJets from CMGTools.WMass.postprocessing.examples.genFriendProducer 
Running on dataset =  ZZTo4L_ext_part5
Will write selected trees to MY_EOS_SPACE/heppyNtuples/TREES_DiBosons_exclusive_94X/friends/
Normalization of nTrueInt_Wnopt: 3.68902e+10
Normalization of pileup: 3.68902e+10
Weights for variable nTrueInt_Wnopt with a number of bins equal to 102:
1 0.3634 0.9215 1.196 0.96 1.118 1.157 0.9675 0.9293 0.9192 0.8823 0.9553 1.062 1.116 1.167 1.194 1.2 1.193 1.177 1.14 1.092 1.06 1.047 1.046 1.047 1.048 1.06 1.077 1.092 1.106 1.122 1.108 1.097 1.051 0.992 0.9144 0.8237 0.7175 0.6087 0.5019 0.4029 0.3076 0.2264 0.1622 0.1123 0.07656 0.05052 0.03159 0.01992 0.01212 0.007355 0.004361 0.002593 0.001553 0.0009624 0.0007219 0.0006632 0.0007233 0.0009289 0.001329 0.001772 0.003222 0.004042 0.00487 0.005064 0.005658 0.005309 0.004846 0.004101 0.003977 0.003686 0.003306 0.002672 0.002286 0.001878 0.00167 1 1 1 1 1 1 1 1 1 1 1 1 1 1 1 1 1 1 1 1 1 1 1 1 1 1 .
Final weights: 
1 0.3634 0.9215 1.196 0.96 1.118 1.157 0.9675 0.9293 0.9192 0.8823 0.9553 1.062 1.116 1.167 1.194 1.2 1.193 1.177 1.14 1.092 1.06 1.047 1.046 1.047 1.048 1.06 1.077 1.092 1.106 1.122 1.108 1.097 1.051 0.992 0.9144 0.8237 0.7175 0.6087 0.5019 0.4029 0.3076 0.2264 0.1622 0.1123 0.07656 0.05052 0.03159 0.01992 0.01212 0.007355 0.004361 0.002593 0.001553 0.0009624 0.0007219 0.0006632 0.0007233 0.0009289 0.001329 0.001772 0.003222 0.004042 0.00487 0.005064 0.005658 0.005309 0.004846 0.004101 0.003977 0.003686 0.003306 0.002672 0.002286 0.001878 0.00167 1 1 1 1 1 1 1 1 1 1 1 1 1 1 1 1 1 1 1 1 1 1 1 1 1 1 .
begin job of lepCalProducer
initializing all the rochester correction objects
initializing the egamma calibrator
Processed  4750000/ 7446070 entries (elapsed time     0.5s, curr speed   20.000 kHz, avg speed 9500.000 kHz), accepted        1/       1 events (100.00%)
Processed  4760000/ 7446070 entries (elapsed time    31.8s, curr speed    0.320 kHz, avg speed  149.827 kHz), accepted    10001/   10001 events (100.00%)
Processed  4770000/ 7446070 entries (elapsed time    63.9s, curr speed    0.312 kHz, avg speed   74.706 kHz), accepted    20001/   20001 events (100.00%)
Processed  4780000/ 7446070 entries (elapsed time    94.9s, curr speed    0.322 kHz, avg speed   50.342 kHz), accepted    30001/   30001 events (100.00%)
Processed  4790000/ 7446070 entries (elapsed time   127.3s, curr speed    0.309 kHz, avg speed   37.622 kHz), accepted    40001/   40001 events (100.00%)
Processed  4800000/ 7446070 entries (elapsed time   159.9s, curr speed    0.307 kHz, avg speed   30.015 kHz), accepted    50001/   50001 events (100.00%)
Processed  4810000/ 7446070 entries (elapsed time   187.2s, curr speed    0.367 kHz, avg speed   25.697 kHz), accepted    60001/   60001 events (100.00%)
Processed  4820000/ 7446070 entries (elapsed time   211.9s, curr speed    0.404 kHz, avg speed   22.744 kHz), accepted    70001/   70001 events (100.00%)
Processed  4830000/ 7446070 entries (elapsed time   237.7s, curr speed    0.389 kHz, avg speed   20.323 kHz), accepted    80001/   80001 events (100.00%)
Processed  4840000/ 7446070 entries (elapsed time   262.5s, curr speed    0.403 kHz, avg speed   18.439 kHz), accepted    90001/   90001 events (100.00%)
Processed  4850000/ 7446070 entries (elapsed time   287.8s, curr speed    0.395 kHz, avg speed   16.851 kHz), accepted   100001/  100001 events (100.00%)
Processed  4860000/ 7446070 entries (elapsed time   353.4s, curr speed    0.152 kHz, avg speed   13.750 kHz), accepted   110001/  110001 events (100.00%)
Processed  4870000/ 7446070 entries (elapsed time   378.0s, curr speed    0.408 kHz, avg speed   12.885 kHz), accepted   120001/  120001 events (100.00%)
Processed  4880000/ 7446070 entries (elapsed time   400.0s, curr speed    0.454 kHz, avg speed   12.201 kHz), accepted   130001/  130001 events (100.00%)
Processed  4890000/ 7446070 entries (elapsed time   426.0s, curr speed    0.384 kHz, avg speed   11.479 kHz), accepted   140001/  140001 events (100.00%)
Processed  4900000/ 7446070 entries (elapsed time   451.1s, curr speed    0.399 kHz, avg speed   10.864 kHz), accepted   150001/  150001 events (100.00%)
Processed  4910000/ 7446070 entries (elapsed time   519.7s, curr speed    0.146 kHz, avg speed    9.448 kHz), accepted   160001/  160001 events (100.00%)
Processed  4920000/ 7446070 entries (elapsed time   545.0s, curr speed    0.395 kHz, avg speed    9.028 kHz), accepted   170001/  170001 events (100.00%)
Processed  4930000/ 7446070 entries (elapsed time   570.8s, curr speed    0.387 kHz, avg speed    8.637 kHz), accepted   180001/  180001 events (100.00%)
Processed  4940000/ 7446070 entries (elapsed time   595.8s, curr speed    0.400 kHz, avg speed    8.291 kHz), accepted   190001/  190001 events (100.00%)
Processed  4950000/ 7446070 entries (elapsed time   621.4s, curr speed    0.391 kHz, avg speed    7.966 kHz), accepted   200001/  200001 events (100.00%)
Processed  4960000/ 7446070 entries (elapsed time   645.6s, curr speed    0.414 kHz, avg speed    7.683 kHz), accepted   210001/  210001 events (100.00%)
Processed  4970000/ 7446070 entries (elapsed time   711.0s, curr speed    0.153 kHz, avg speed    6.990 kHz), accepted   220001/  220001 events (100.00%)
Processed  4980000/ 7446070 entries (elapsed time   736.4s, curr speed    0.394 kHz, avg speed    6.763 kHz), accepted   230001/  230001 events (100.00%)
Processed  4990000/ 7446070 entries (elapsed time   761.9s, curr speed    0.392 kHz, avg speed    6.549 kHz), accepted   240001/  240001 events (100.00%)
Processed 250000 entries from MY_EOS_SPACE/heppyNtuples/TREES_DiBosons_exclusive_94X/ZZTo4L_ext_part5/treeProducerWMass/tree.root, selected 250000 entries
Done MY_EOS_SPACE/heppyNtuples/TREES_DiBosons_exclusive_94X/friends/tree_Friend_ZZTo4L_ext_part5.chunk19.root
