000 (334276.004.000) 05/14 16:10:48 Job submitted from host: <188.184.95.166:9618?addrs=188.184.95.166-9618+[2001-1458-201-e4--100-7a0]-9618&alias=tbird02.cern.ch&noUDP&sock=schedd_2138722_faad_3>
...
022 (334276.004.000) 05/14 16:20:09 Job disconnected, attempting to reconnect
    Socket between submit and execute hosts closed unexpectedly
    Trying to reconnect to slot1_1@b7g28n0554.cern.ch <128.142.240.22:9618?addrs=128.142.240.22-9618+[2001-1458-301-f9--100-2e]-9618&noUDP&sock=2338_4083_3>
...
024 (334276.004.000) 05/14 16:20:09 Job reconnection failed
    Job not found at execution machine
    Can not reconnect to slot1_1@b7g28n0554.cern.ch, rescheduling job
...
040 (334276.004.000) 05/14 16:20:48 Started transferring input files
	Transferring to host: <128.142.240.37:9618?addrs=128.142.240.37-9618+[2001-1458-301-f9--100-13]-9618&noUDP&sock=3989_5c7b_127972>
...
040 (334276.004.000) 05/14 16:20:48 Finished transferring input files
...
001 (334276.004.000) 05/14 16:20:49 Job executing on host: <128.142.240.37:9618?addrs=128.142.240.37-9618+[2001-1458-301-f9--100-13]-9618&noUDP&sock=2329_1429_3>
...
006 (334276.004.000) 05/14 16:20:58 Image size of job updated: 263720
	242  -  MemoryUsage of job (MB)
	247784  -  ResidentSetSize of job (KB)
...
006 (334276.004.000) 05/14 16:25:59 Image size of job updated: 494220
	482  -  MemoryUsage of job (MB)
	493488  -  ResidentSetSize of job (KB)
...
006 (334276.004.000) 05/14 16:29:04 Image size of job updated: 494220
	482  -  MemoryUsage of job (MB)
	493544  -  ResidentSetSize of job (KB)
...
040 (334276.004.000) 05/14 16:29:04 Started transferring output files
...
040 (334276.004.000) 05/14 16:29:04 Finished transferring output files
...
005 (334276.004.000) 05/14 16:29:04 Job terminated.
	(1) Normal termination (return value 1)
		Usr 0 00:07:21, Sys 0 00:00:44  -  Run Remote Usage
		Usr 0 00:00:00, Sys 0 00:00:00  -  Run Local Usage
		Usr 0 00:07:21, Sys 0 00:00:44  -  Total Remote Usage
		Usr 0 00:00:00, Sys 0 00:00:00  -  Total Local Usage
	8503  -  Run Bytes Sent By Job
	10917  -  Run Bytes Received By Job
	8503  -  Total Bytes Sent By Job
	10917  -  Total Bytes Received By Job
	Partitionable Resources :    Usage  Request Allocated 
	   Cpus                 :                 1           
	   Disk (KB)            :       71        1   2172542 
	   Memory (MB)          :      482     2000      2000 
...
