000 (334278.004.000) 05/14 16:10:50 Job submitted from host: <188.184.95.166:9618?addrs=188.184.95.166-9618+[2001-1458-201-e4--100-7a0]-9618&alias=tbird02.cern.ch&noUDP&sock=schedd_2138722_faad_3>
...
040 (334278.004.000) 05/14 16:23:15 Started transferring input files
	Transferring to host: <128.142.240.42:9618?addrs=128.142.240.42-9618+[2001-1458-301-f9--100-12]-9618&noUDP&sock=4165_5e82_128794>
...
040 (334278.004.000) 05/14 16:23:15 Finished transferring input files
...
001 (334278.004.000) 05/14 16:23:16 Job executing on host: <128.142.240.42:9618?addrs=128.142.240.42-9618+[2001-1458-301-f9--100-12]-9618&noUDP&sock=2326_0560_3>
...
006 (334278.004.000) 05/14 16:23:24 Image size of job updated: 331676
	242  -  MemoryUsage of job (MB)
	247240  -  ResidentSetSize of job (KB)
...
006 (334278.004.000) 05/14 16:28:24 Image size of job updated: 493288
	481  -  MemoryUsage of job (MB)
	492040  -  ResidentSetSize of job (KB)
...
040 (334278.004.000) 05/14 16:31:04 Started transferring output files
...
040 (334278.004.000) 05/14 16:31:04 Finished transferring output files
...
005 (334278.004.000) 05/14 16:31:04 Job terminated.
	(1) Normal termination (return value 1)
		Usr 0 00:07:00, Sys 0 00:00:42  -  Run Remote Usage
		Usr 0 00:00:00, Sys 0 00:00:00  -  Run Local Usage
		Usr 0 00:07:00, Sys 0 00:00:42  -  Total Remote Usage
		Usr 0 00:00:00, Sys 0 00:00:00  -  Total Local Usage
	8503  -  Run Bytes Sent By Job
	10917  -  Run Bytes Received By Job
	8503  -  Total Bytes Sent By Job
	10917  -  Total Bytes Received By Job
	Partitionable Resources :    Usage  Request Allocated 
	   Cpus                 :                 1           
	   Disk (KB)            :       72        1   2170445 
	   Memory (MB)          :      481     2000      2000 
...
