000 (334280.007.000) 05/14 16:10:51 Job submitted from host: <188.184.95.166:9618?addrs=188.184.95.166-9618+[2001-1458-201-e4--100-7a0]-9618&alias=tbird02.cern.ch&noUDP&sock=schedd_2138722_faad_3>
...
040 (334280.007.000) 05/14 16:25:54 Started transferring input files
	Transferring to host: <188.184.207.239:9618?addrs=188.184.207.239-9618+[2001-1458-301-7d--100-578]-9618&noUDP&sock=4193_1904_128357>
...
040 (334280.007.000) 05/14 16:25:54 Finished transferring input files
...
001 (334280.007.000) 05/14 16:25:55 Job executing on host: <188.184.207.239:9618?addrs=188.184.207.239-9618+[2001-1458-301-7d--100-578]-9618&noUDP&sock=2329_1429_3>
...
006 (334280.007.000) 05/14 16:26:04 Image size of job updated: 294976
	224  -  MemoryUsage of job (MB)
	228460  -  ResidentSetSize of job (KB)
...
006 (334280.007.000) 05/14 16:31:05 Image size of job updated: 514720
	438  -  MemoryUsage of job (MB)
	448156  -  ResidentSetSize of job (KB)
...
006 (334280.007.000) 05/14 16:36:06 Image size of job updated: 555792
	478  -  MemoryUsage of job (MB)
	489228  -  ResidentSetSize of job (KB)
...
006 (334280.007.000) 05/14 16:38:42 Image size of job updated: 557192
	478  -  MemoryUsage of job (MB)
	489228  -  ResidentSetSize of job (KB)
...
040 (334280.007.000) 05/14 16:38:42 Started transferring output files
...
040 (334280.007.000) 05/14 16:38:42 Finished transferring output files
...
005 (334280.007.000) 05/14 16:38:42 Job terminated.
	(1) Normal termination (return value 1)
		Usr 0 00:11:21, Sys 0 00:01:02  -  Run Remote Usage
		Usr 0 00:00:00, Sys 0 00:00:00  -  Run Local Usage
		Usr 0 00:11:21, Sys 0 00:01:02  -  Total Remote Usage
		Usr 0 00:00:00, Sys 0 00:00:00  -  Total Local Usage
	8502  -  Run Bytes Sent By Job
	10917  -  Run Bytes Received By Job
	8502  -  Total Bytes Sent By Job
	10917  -  Total Bytes Received By Job
	Partitionable Resources :    Usage  Request Allocated 
	   Cpus                 :                 1           
	   Disk (KB)            :       71        1   2191540 
	   Memory (MB)          :      478     2000      2000 
...
