   ZZTo4L_ext_part4   MC  27 chunks


I have 1 taks to process
I'm using the following list of modules DEFAULT_MODULES
this is jobs [('ZZTo4L_ext_part4', 'MY_EOS_SPACE/heppyNtuples/TREES_DiBosons_exclusive_94X/ZZTo4L_ext_part4/treeProducerWMass/tree.root', 16473689.0, '_Friend_ZZTo4L_ext_part4.chunk10', False, xrange(2500000, 2750000), 10)]
Modules to run:  []   name =  puWeight
Loading puWeight from CMGTools.WMass.postprocessing.examples.puWeightProducer 
Running on dataset =  ZZTo4L_ext_part4
TFile: name=/afs/cern.ch/work/m/mciprian/w_mass_analysis/heppy/rel_slc7/CMSSW_9_4_12/src/CMGTools/WMass/python/postprocessing/data/pileup/mcPU_2016_W94XnoCutsWithGenWeights_nTrueInt.root, title=, option=READ
TFile: name=/afs/cern.ch/work/m/mciprian/w_mass_analysis/heppy/rel_slc7/CMSSW_9_4_12/src/CMGTools/WMass/python/postprocessing/data/pileup/PileupData_GoldenMuonJSON_Full2016.root, title=, option=READ
Load C++ Worker
Modules to run:  []   name =  muCalibratedWithStatVar
Loading muCalibratedWithStatVar from CMGTools.WMass.postprocessing.examples.lepVarProducer 
Running on dataset =  ZZTo4L_ext_part4
did not find EnergyScaleCorrection shared object, rebuilding
trying to load all the rochester correction libraries
did not find legacy data roccor. rebuilding...
done building legacy data roccor.
Modules to run:  []   name =  jetAllReCleaner
Loading jetAllReCleaner from CMGTools.WMass.postprocessing.examples.jetReCleaner 
Running on dataset =  ZZTo4L_ext_part4
Load C++ Worker
Modules to run:  []   name =  jetReCleaner
Loading jetReCleaner from CMGTools.WMass.postprocessing.examples.jetReCleaner 
Running on dataset =  ZZTo4L_ext_part4
Load C++ Worker
Modules to run:  []   name =  genQEDJets
Loading genQEDJets from CMGTools.WMass.postprocessing.examples.genFriendProducer 
Running on dataset =  ZZTo4L_ext_part4
Will write selected trees to MY_EOS_SPACE/heppyNtuples/TREES_DiBosons_exclusive_94X/friends/
Normalization of nTrueInt_Wnopt: 3.68902e+10
Normalization of pileup: 3.68902e+10
Weights for variable nTrueInt_Wnopt with a number of bins equal to 102:
1 0.3634 0.9215 1.196 0.96 1.118 1.157 0.9675 0.9293 0.9192 0.8823 0.9553 1.062 1.116 1.167 1.194 1.2 1.193 1.177 1.14 1.092 1.06 1.047 1.046 1.047 1.048 1.06 1.077 1.092 1.106 1.122 1.108 1.097 1.051 0.992 0.9144 0.8237 0.7175 0.6087 0.5019 0.4029 0.3076 0.2264 0.1622 0.1123 0.07656 0.05052 0.03159 0.01992 0.01212 0.007355 0.004361 0.002593 0.001553 0.0009624 0.0007219 0.0006632 0.0007233 0.0009289 0.001329 0.001772 0.003222 0.004042 0.00487 0.005064 0.005658 0.005309 0.004846 0.004101 0.003977 0.003686 0.003306 0.002672 0.002286 0.001878 0.00167 1 1 1 1 1 1 1 1 1 1 1 1 1 1 1 1 1 1 1 1 1 1 1 1 1 1 .
Final weights: 
1 0.3634 0.9215 1.196 0.96 1.118 1.157 0.9675 0.9293 0.9192 0.8823 0.9553 1.062 1.116 1.167 1.194 1.2 1.193 1.177 1.14 1.092 1.06 1.047 1.046 1.047 1.048 1.06 1.077 1.092 1.106 1.122 1.108 1.097 1.051 0.992 0.9144 0.8237 0.7175 0.6087 0.5019 0.4029 0.3076 0.2264 0.1622 0.1123 0.07656 0.05052 0.03159 0.01992 0.01212 0.007355 0.004361 0.002593 0.001553 0.0009624 0.0007219 0.0006632 0.0007233 0.0009289 0.001329 0.001772 0.003222 0.004042 0.00487 0.005064 0.005658 0.005309 0.004846 0.004101 0.003977 0.003686 0.003306 0.002672 0.002286 0.001878 0.00167 1 1 1 1 1 1 1 1 1 1 1 1 1 1 1 1 1 1 1 1 1 1 1 1 1 1 .
begin job of lepCalProducer
initializing all the rochester correction objects
initializing the egamma calibrator
Processed  2500000/ 6674251 entries (elapsed time     0.4s, curr speed   26.316 kHz, avg speed 6578.947 kHz), accepted        1/       1 events (100.00%)
Processed  2510000/ 6674251 entries (elapsed time    24.6s, curr speed    0.413 kHz, avg speed  102.157 kHz), accepted    10001/   10001 events (100.00%)
Processed  2520000/ 6674251 entries (elapsed time    49.4s, curr speed    0.404 kHz, avg speed   51.064 kHz), accepted    20001/   20001 events (100.00%)
Processed  2530000/ 6674251 entries (elapsed time    74.1s, curr speed    0.404 kHz, avg speed   34.138 kHz), accepted    30001/   30001 events (100.00%)
Processed  2540000/ 6674251 entries (elapsed time    99.0s, curr speed    0.401 kHz, avg speed   25.651 kHz), accepted    40001/   40001 events (100.00%)
Processed  2550000/ 6674251 entries (elapsed time   123.6s, curr speed    0.406 kHz, avg speed   20.626 kHz), accepted    50001/   50001 events (100.00%)
Processed  2560000/ 6674251 entries (elapsed time   147.2s, curr speed    0.424 kHz, avg speed   17.390 kHz), accepted    60001/   60001 events (100.00%)
Processed  2570000/ 6674251 entries (elapsed time   169.8s, curr speed    0.443 kHz, avg speed   15.135 kHz), accepted    70001/   70001 events (100.00%)
Processed  2580000/ 6674251 entries (elapsed time   191.2s, curr speed    0.468 kHz, avg speed   13.494 kHz), accepted    80001/   80001 events (100.00%)
Processed  2590000/ 6674251 entries (elapsed time   213.0s, curr speed    0.459 kHz, avg speed   12.161 kHz), accepted    90001/   90001 events (100.00%)
Processed  2600000/ 6674251 entries (elapsed time   234.5s, curr speed    0.464 kHz, avg speed   11.086 kHz), accepted   100001/  100001 events (100.00%)
Processed  2610000/ 6674251 entries (elapsed time   288.0s, curr speed    0.187 kHz, avg speed    9.063 kHz), accepted   110001/  110001 events (100.00%)
Processed  2620000/ 6674251 entries (elapsed time   307.9s, curr speed    0.503 kHz, avg speed    8.510 kHz), accepted   120001/  120001 events (100.00%)
Processed  2630000/ 6674251 entries (elapsed time   327.6s, curr speed    0.507 kHz, avg speed    8.028 kHz), accepted   130001/  130001 events (100.00%)
Processed  2640000/ 6674251 entries (elapsed time   350.2s, curr speed    0.442 kHz, avg speed    7.538 kHz), accepted   140001/  140001 events (100.00%)
Processed  2650000/ 6674251 entries (elapsed time   370.7s, curr speed    0.488 kHz, avg speed    7.148 kHz), accepted   150001/  150001 events (100.00%)
Processed  2660000/ 6674251 entries (elapsed time   428.1s, curr speed    0.174 kHz, avg speed    6.213 kHz), accepted   160001/  160001 events (100.00%)
Processed  2670000/ 6674251 entries (elapsed time   448.6s, curr speed    0.489 kHz, avg speed    5.952 kHz), accepted   170001/  170001 events (100.00%)
Processed  2680000/ 6674251 entries (elapsed time   469.1s, curr speed    0.487 kHz, avg speed    5.713 kHz), accepted   180001/  180001 events (100.00%)
Processed  2690000/ 6674251 entries (elapsed time   489.4s, curr speed    0.494 kHz, avg speed    5.497 kHz), accepted   190001/  190001 events (100.00%)
Processed  2700000/ 6674251 entries (elapsed time   509.6s, curr speed    0.495 kHz, avg speed    5.298 kHz), accepted   200001/  200001 events (100.00%)
Processed  2710000/ 6674251 entries (elapsed time   530.6s, curr speed    0.475 kHz, avg speed    5.107 kHz), accepted   210001/  210001 events (100.00%)
Processed  2720000/ 6674251 entries (elapsed time   587.2s, curr speed    0.177 kHz, avg speed    4.632 kHz), accepted   220001/  220001 events (100.00%)
Processed  2730000/ 6674251 entries (elapsed time   608.0s, curr speed    0.482 kHz, avg speed    4.490 kHz), accepted   230001/  230001 events (100.00%)
Processed  2740000/ 6674251 entries (elapsed time   629.5s, curr speed    0.465 kHz, avg speed    4.353 kHz), accepted   240001/  240001 events (100.00%)
Processed 250000 entries from MY_EOS_SPACE/heppyNtuples/TREES_DiBosons_exclusive_94X/ZZTo4L_ext_part4/treeProducerWMass/tree.root, selected 250000 entries
Done MY_EOS_SPACE/heppyNtuples/TREES_DiBosons_exclusive_94X/friends/tree_Friend_ZZTo4L_ext_part4.chunk10.root
