000 (334276.017.000) 05/14 16:10:48 Job submitted from host: <188.184.95.166:9618?addrs=188.184.95.166-9618+[2001-1458-201-e4--100-7a0]-9618&alias=tbird02.cern.ch&noUDP&sock=schedd_2138722_faad_3>
...
022 (334276.017.000) 05/14 16:21:27 Job disconnected, attempting to reconnect
    Socket between submit and execute hosts closed unexpectedly
    Trying to reconnect to slot1_2@b7g28n0498.cern.ch <188.184.132.38:9618?addrs=188.184.132.38-9618+[2001-1458-301-a0--100-1c]-9618&noUDP&sock=2361_0731_3>
...
024 (334276.017.000) 05/14 16:21:27 Job reconnection failed
    Job not found at execution machine
    Can not reconnect to slot1_2@b7g28n0498.cern.ch, rescheduling job
...
040 (334276.017.000) 05/14 16:21:42 Started transferring input files
	Transferring to host: <128.142.33.141:9618?addrs=128.142.33.141-9618+[2001-1458-301-117--100-36b]-9618&noUDP&sock=13069_0aed_105042>
...
040 (334276.017.000) 05/14 16:21:42 Finished transferring input files
...
001 (334276.017.000) 05/14 16:21:43 Job executing on host: <128.142.33.141:9618?addrs=128.142.33.141-9618+[2001-1458-301-117--100-36b]-9618&noUDP&sock=12861_279d_3>
...
006 (334276.017.000) 05/14 16:21:52 Image size of job updated: 275172
	194  -  MemoryUsage of job (MB)
	197716  -  ResidentSetSize of job (KB)
...
006 (334276.017.000) 05/14 16:26:52 Image size of job updated: 485216
	394  -  MemoryUsage of job (MB)
	402532  -  ResidentSetSize of job (KB)
...
006 (334276.017.000) 05/14 16:31:52 Image size of job updated: 574448
	481  -  MemoryUsage of job (MB)
	491764  -  ResidentSetSize of job (KB)
...
040 (334276.017.000) 05/14 16:35:58 Started transferring output files
...
040 (334276.017.000) 05/14 16:35:58 Finished transferring output files
...
005 (334276.017.000) 05/14 16:35:58 Job terminated.
	(1) Normal termination (return value 1)
		Usr 0 00:12:36, Sys 0 00:01:07  -  Run Remote Usage
		Usr 0 00:00:00, Sys 0 00:00:00  -  Run Local Usage
		Usr 0 00:12:36, Sys 0 00:01:07  -  Total Remote Usage
		Usr 0 00:00:00, Sys 0 00:00:00  -  Total Local Usage
	8506  -  Run Bytes Sent By Job
	10917  -  Run Bytes Received By Job
	8506  -  Total Bytes Sent By Job
	10917  -  Total Bytes Received By Job
	Partitionable Resources :    Usage  Request Allocated 
	   Cpus                 :                 1           
	   Disk (KB)            :       71        1   2190154 
	   Memory (MB)          :      481     2000      2000 
...
