000 (334278.005.000) 05/14 16:10:50 Job submitted from host: <188.184.95.166:9618?addrs=188.184.95.166-9618+[2001-1458-201-e4--100-7a0]-9618&alias=tbird02.cern.ch&noUDP&sock=schedd_2138722_faad_3>
...
040 (334278.005.000) 05/14 16:22:51 Started transferring input files
	Transferring to host: <188.184.133.215:9618?addrs=188.184.133.215-9618+[2001-1458-301-a0--100-4d8]-9618&noUDP&sock=13043_b92b_104796>
...
040 (334278.005.000) 05/14 16:22:51 Finished transferring input files
...
001 (334278.005.000) 05/14 16:22:52 Job executing on host: <188.184.133.215:9618?addrs=188.184.133.215-9618+[2001-1458-301-a0--100-4d8]-9618&noUDP&sock=12836_01bf_3>
...
006 (334278.005.000) 05/14 16:23:01 Image size of job updated: 171536
	133  -  MemoryUsage of job (MB)
	135236  -  ResidentSetSize of job (KB)
...
006 (334278.005.000) 05/14 16:28:02 Image size of job updated: 527140
	476  -  MemoryUsage of job (MB)
	487200  -  ResidentSetSize of job (KB)
...
006 (334278.005.000) 05/14 16:33:02 Image size of job updated: 532452
	481  -  MemoryUsage of job (MB)
	492512  -  ResidentSetSize of job (KB)
...
040 (334278.005.000) 05/14 16:36:15 Started transferring output files
...
040 (334278.005.000) 05/14 16:36:15 Finished transferring output files
...
005 (334278.005.000) 05/14 16:36:15 Job terminated.
	(1) Normal termination (return value 1)
		Usr 0 00:11:46, Sys 0 00:01:03  -  Run Remote Usage
		Usr 0 00:00:00, Sys 0 00:00:00  -  Run Local Usage
		Usr 0 00:11:46, Sys 0 00:01:03  -  Total Remote Usage
		Usr 0 00:00:00, Sys 0 00:00:00  -  Total Local Usage
	8503  -  Run Bytes Sent By Job
	10917  -  Run Bytes Received By Job
	8503  -  Total Bytes Sent By Job
	10917  -  Total Bytes Received By Job
	Partitionable Resources :    Usage  Request Allocated 
	   Cpus                 :                 1           
	   Disk (KB)            :       71        1   2183606 
	   Memory (MB)          :      481     2000      2000 
...
