000 (334272.019.000) 05/14 16:10:46 Job submitted from host: <188.184.95.166:9618?addrs=188.184.95.166-9618+[2001-1458-201-e4--100-7a0]-9618&alias=tbird02.cern.ch&noUDP&sock=schedd_2138722_faad_3>
...
040 (334272.019.000) 05/14 16:13:48 Started transferring input files
	Transferring to host: <188.184.207.239:9618?addrs=188.184.207.239-9618+[2001-1458-301-7d--100-578]-9618&noUDP&sock=4193_1904_128352>
...
040 (334272.019.000) 05/14 16:13:48 Finished transferring input files
...
001 (334272.019.000) 05/14 16:13:49 Job executing on host: <188.184.207.239:9618?addrs=188.184.207.239-9618+[2001-1458-301-7d--100-578]-9618&noUDP&sock=2329_1429_3>
...
006 (334272.019.000) 05/14 16:13:58 Image size of job updated: 267940
	206  -  MemoryUsage of job (MB)
	210240  -  ResidentSetSize of job (KB)
...
006 (334272.019.000) 05/14 16:18:59 Image size of job updated: 476388
	407  -  MemoryUsage of job (MB)
	415780  -  ResidentSetSize of job (KB)
...
006 (334272.019.000) 05/14 16:23:59 Image size of job updated: 577772
	506  -  MemoryUsage of job (MB)
	517164  -  ResidentSetSize of job (KB)
...
040 (334272.019.000) 05/14 16:25:44 Started transferring output files
...
040 (334272.019.000) 05/14 16:25:44 Finished transferring output files
...
005 (334272.019.000) 05/14 16:25:44 Job terminated.
	(1) Normal termination (return value 1)
		Usr 0 00:10:31, Sys 0 00:00:57  -  Run Remote Usage
		Usr 0 00:00:00, Sys 0 00:00:00  -  Run Local Usage
		Usr 0 00:10:31, Sys 0 00:00:57  -  Total Remote Usage
		Usr 0 00:00:00, Sys 0 00:00:00  -  Total Local Usage
	8538  -  Run Bytes Sent By Job
	10917  -  Run Bytes Received By Job
	8538  -  Total Bytes Sent By Job
	10917  -  Total Bytes Received By Job
	Partitionable Resources :    Usage  Request Allocated 
	   Cpus                 :                 1           
	   Disk (KB)            :       71        1   2189201 
	   Memory (MB)          :      506     2000      2000 
...
