   ZZTo2L2Nu_ext_part2   MC  33 chunks


I have 1 taks to process
I'm using the following list of modules DEFAULT_MODULES
this is jobs [('ZZTo2L2Nu_ext_part2', 'MY_EOS_SPACE/heppyNtuples/TREES_DiBosons_exclusive_94X/ZZTo2L2Nu_ext_part2/treeProducerWMass/tree.root', 13591928.0, '_Friend_ZZTo2L2Nu_ext_part2.chunk26', False, xrange(6500000, 6750000), 26)]
Modules to run:  []   name =  puWeight
Loading puWeight from CMGTools.WMass.postprocessing.examples.puWeightProducer 
Running on dataset =  ZZTo2L2Nu_ext_part2
TFile: name=/afs/cern.ch/work/m/mciprian/w_mass_analysis/heppy/rel_slc7/CMSSW_9_4_12/src/CMGTools/WMass/python/postprocessing/data/pileup/mcPU_2016_W94XnoCutsWithGenWeights_nTrueInt.root, title=, option=READ
TFile: name=/afs/cern.ch/work/m/mciprian/w_mass_analysis/heppy/rel_slc7/CMSSW_9_4_12/src/CMGTools/WMass/python/postprocessing/data/pileup/PileupData_GoldenMuonJSON_Full2016.root, title=, option=READ
Load C++ Worker
Modules to run:  []   name =  muCalibratedWithStatVar
Loading muCalibratedWithStatVar from CMGTools.WMass.postprocessing.examples.lepVarProducer 
Running on dataset =  ZZTo2L2Nu_ext_part2
did not find EnergyScaleCorrection shared object, rebuilding
trying to load all the rochester correction libraries
did not find legacy data roccor. rebuilding...
done building legacy data roccor.
Modules to run:  []   name =  jetAllReCleaner
Loading jetAllReCleaner from CMGTools.WMass.postprocessing.examples.jetReCleaner 
Running on dataset =  ZZTo2L2Nu_ext_part2
Load C++ Worker
Modules to run:  []   name =  jetReCleaner
Loading jetReCleaner from CMGTools.WMass.postprocessing.examples.jetReCleaner 
Running on dataset =  ZZTo2L2Nu_ext_part2
Load C++ Worker
Modules to run:  []   name =  genQEDJets
Loading genQEDJets from CMGTools.WMass.postprocessing.examples.genFriendProducer 
Running on dataset =  ZZTo2L2Nu_ext_part2
Will write selected trees to MY_EOS_SPACE/heppyNtuples/TREES_DiBosons_exclusive_94X/friends/
Normalization of nTrueInt_Wnopt: 3.68902e+10
Normalization of pileup: 3.68902e+10
Weights for variable nTrueInt_Wnopt with a number of bins equal to 102:
1 0.3634 0.9215 1.196 0.96 1.118 1.157 0.9675 0.9293 0.9192 0.8823 0.9553 1.062 1.116 1.167 1.194 1.2 1.193 1.177 1.14 1.092 1.06 1.047 1.046 1.047 1.048 1.06 1.077 1.092 1.106 1.122 1.108 1.097 1.051 0.992 0.9144 0.8237 0.7175 0.6087 0.5019 0.4029 0.3076 0.2264 0.1622 0.1123 0.07656 0.05052 0.03159 0.01992 0.01212 0.007355 0.004361 0.002593 0.001553 0.0009624 0.0007219 0.0006632 0.0007233 0.0009289 0.001329 0.001772 0.003222 0.004042 0.00487 0.005064 0.005658 0.005309 0.004846 0.004101 0.003977 0.003686 0.003306 0.002672 0.002286 0.001878 0.00167 1 1 1 1 1 1 1 1 1 1 1 1 1 1 1 1 1 1 1 1 1 1 1 1 1 1 .
Final weights: 
1 0.3634 0.9215 1.196 0.96 1.118 1.157 0.9675 0.9293 0.9192 0.8823 0.9553 1.062 1.116 1.167 1.194 1.2 1.193 1.177 1.14 1.092 1.06 1.047 1.046 1.047 1.048 1.06 1.077 1.092 1.106 1.122 1.108 1.097 1.051 0.992 0.9144 0.8237 0.7175 0.6087 0.5019 0.4029 0.3076 0.2264 0.1622 0.1123 0.07656 0.05052 0.03159 0.01992 0.01212 0.007355 0.004361 0.002593 0.001553 0.0009624 0.0007219 0.0006632 0.0007233 0.0009289 0.001329 0.001772 0.003222 0.004042 0.00487 0.005064 0.005658 0.005309 0.004846 0.004101 0.003977 0.003686 0.003306 0.002672 0.002286 0.001878 0.00167 1 1 1 1 1 1 1 1 1 1 1 1 1 1 1 1 1 1 1 1 1 1 1 1 1 1 .
begin job of lepCalProducer
initializing all the rochester correction objects
initializing the egamma calibrator
Processed  6500000/ 8061945 entries (elapsed time     0.5s, curr speed   20.408 kHz, avg speed 13265.306 kHz), accepted        1/       1 events (100.00%)
Processed  6510000/ 8061945 entries (elapsed time    29.8s, curr speed    0.341 kHz, avg speed  218.530 kHz), accepted    10001/   10001 events (100.00%)
Processed  6520000/ 8061945 entries (elapsed time    60.4s, curr speed    0.327 kHz, avg speed  108.036 kHz), accepted    20001/   20001 events (100.00%)
Processed  6530000/ 8061945 entries (elapsed time    89.3s, curr speed    0.345 kHz, avg speed   73.092 kHz), accepted    30001/   30001 events (100.00%)
Processed  6540000/ 8061945 entries (elapsed time   120.4s, curr speed    0.322 kHz, avg speed   54.310 kHz), accepted    40001/   40001 events (100.00%)
Processed  6550000/ 8061945 entries (elapsed time   149.5s, curr speed    0.344 kHz, avg speed   43.822 kHz), accepted    50001/   50001 events (100.00%)
Processed  6560000/ 8061945 entries (elapsed time   179.7s, curr speed    0.331 kHz, avg speed   36.513 kHz), accepted    60001/   60001 events (100.00%)
Processed  6570000/ 8061945 entries (elapsed time   206.2s, curr speed    0.376 kHz, avg speed   31.858 kHz), accepted    70001/   70001 events (100.00%)
Processed  6580000/ 8061945 entries (elapsed time   229.7s, curr speed    0.426 kHz, avg speed   28.645 kHz), accepted    80001/   80001 events (100.00%)
Processed  6590000/ 8061945 entries (elapsed time   254.8s, curr speed    0.398 kHz, avg speed   25.858 kHz), accepted    90001/   90001 events (100.00%)
Processed  6600000/ 8061945 entries (elapsed time   278.6s, curr speed    0.422 kHz, avg speed   23.694 kHz), accepted   100001/  100001 events (100.00%)
Processed  6610000/ 8061945 entries (elapsed time   302.5s, curr speed    0.418 kHz, avg speed   21.851 kHz), accepted   110001/  110001 events (100.00%)
Processed  6620000/ 8061945 entries (elapsed time   326.0s, curr speed    0.425 kHz, avg speed   20.306 kHz), accepted   120001/  120001 events (100.00%)
Processed  6630000/ 8061945 entries (elapsed time   392.1s, curr speed    0.151 kHz, avg speed   16.909 kHz), accepted   130001/  130001 events (100.00%)
Processed  6640000/ 8061945 entries (elapsed time   415.7s, curr speed    0.424 kHz, avg speed   15.973 kHz), accepted   140001/  140001 events (100.00%)
Processed  6650000/ 8061945 entries (elapsed time   438.2s, curr speed    0.443 kHz, avg speed   15.174 kHz), accepted   150001/  150001 events (100.00%)
Processed  6660000/ 8061945 entries (elapsed time   460.3s, curr speed    0.454 kHz, avg speed   14.470 kHz), accepted   160001/  160001 events (100.00%)
Processed  6670000/ 8061945 entries (elapsed time   485.1s, curr speed    0.403 kHz, avg speed   13.750 kHz), accepted   170001/  170001 events (100.00%)
Processed  6680000/ 8061945 entries (elapsed time   508.2s, curr speed    0.433 kHz, avg speed   13.145 kHz), accepted   180001/  180001 events (100.00%)
Processed  6690000/ 8061945 entries (elapsed time   573.1s, curr speed    0.154 kHz, avg speed   11.674 kHz), accepted   190001/  190001 events (100.00%)
Processed  6700000/ 8061945 entries (elapsed time   596.3s, curr speed    0.431 kHz, avg speed   11.237 kHz), accepted   200001/  200001 events (100.00%)
Processed  6710000/ 8061945 entries (elapsed time   620.9s, curr speed    0.406 kHz, avg speed   10.807 kHz), accepted   210001/  210001 events (100.00%)
Processed  6720000/ 8061945 entries (elapsed time   644.1s, curr speed    0.431 kHz, avg speed   10.433 kHz), accepted   220001/  220001 events (100.00%)
Processed  6730000/ 8061945 entries (elapsed time   668.7s, curr speed    0.406 kHz, avg speed   10.064 kHz), accepted   230001/  230001 events (100.00%)
Processed  6740000/ 8061945 entries (elapsed time   694.0s, curr speed    0.396 kHz, avg speed    9.713 kHz), accepted   240001/  240001 events (100.00%)
Processed 250000 entries from MY_EOS_SPACE/heppyNtuples/TREES_DiBosons_exclusive_94X/ZZTo2L2Nu_ext_part2/treeProducerWMass/tree.root, selected 250000 entries
Done MY_EOS_SPACE/heppyNtuples/TREES_DiBosons_exclusive_94X/friends/tree_Friend_ZZTo2L2Nu_ext_part2.chunk26.root
