000 (334278.010.000) 05/14 16:10:50 Job submitted from host: <188.184.95.166:9618?addrs=188.184.95.166-9618+[2001-1458-201-e4--100-7a0]-9618&alias=tbird02.cern.ch&noUDP&sock=schedd_2138722_faad_3>
...
040 (334278.010.000) 05/14 16:23:47 Started transferring input files
	Transferring to host: <188.184.133.233:9618?addrs=188.184.133.233-9618+[2001-1458-301-a0--100-33f]-9618&noUDP&sock=13080_cb0d_104687>
...
040 (334278.010.000) 05/14 16:23:47 Finished transferring input files
...
001 (334278.010.000) 05/14 16:23:48 Job executing on host: <188.184.133.233:9618?addrs=188.184.133.233-9618+[2001-1458-301-a0--100-33f]-9618&noUDP&sock=12872_b328_3>
...
006 (334278.010.000) 05/14 16:23:56 Image size of job updated: 313980
	226  -  MemoryUsage of job (MB)
	231216  -  ResidentSetSize of job (KB)
...
006 (334278.010.000) 05/14 16:28:56 Image size of job updated: 573672
	480  -  MemoryUsage of job (MB)
	490728  -  ResidentSetSize of job (KB)
...
006 (334278.010.000) 05/14 16:33:56 Image size of job updated: 573924
	480  -  MemoryUsage of job (MB)
	490980  -  ResidentSetSize of job (KB)
...
040 (334278.010.000) 05/14 16:35:19 Started transferring output files
...
040 (334278.010.000) 05/14 16:35:19 Finished transferring output files
...
005 (334278.010.000) 05/14 16:35:19 Job terminated.
	(1) Normal termination (return value 1)
		Usr 0 00:10:12, Sys 0 00:00:58  -  Run Remote Usage
		Usr 0 00:00:00, Sys 0 00:00:00  -  Run Local Usage
		Usr 0 00:10:12, Sys 0 00:00:58  -  Total Remote Usage
		Usr 0 00:00:00, Sys 0 00:00:00  -  Total Local Usage
	8506  -  Run Bytes Sent By Job
	10917  -  Run Bytes Received By Job
	8506  -  Total Bytes Sent By Job
	10917  -  Total Bytes Received By Job
	Partitionable Resources :    Usage  Request Allocated 
	   Cpus                 :                 1           
	   Disk (KB)            :       71        1   2200140 
	   Memory (MB)          :      480     2000      2000 
...
