000 (334279.000.000) 05/14 16:10:50 Job submitted from host: <188.184.95.166:9618?addrs=188.184.95.166-9618+[2001-1458-201-e4--100-7a0]-9618&alias=tbird02.cern.ch&noUDP&sock=schedd_2138722_faad_3>
...
040 (334279.000.000) 05/14 16:24:34 Started transferring input files
	Transferring to host: <128.142.240.20:9618?addrs=128.142.240.20-9618+[2001-1458-301-f9--100-4]-9618&noUDP&sock=29066_6057_1710>
...
040 (334279.000.000) 05/14 16:24:34 Finished transferring input files
...
001 (334279.000.000) 05/14 16:24:35 Job executing on host: <128.142.240.20:9618?addrs=128.142.240.20-9618+[2001-1458-301-f9--100-4]-9618&noUDP&sock=2375_a184_3>
...
006 (334279.000.000) 05/14 16:24:43 Image size of job updated: 161356
	102  -  MemoryUsage of job (MB)
	104044  -  ResidentSetSize of job (KB)
...
006 (334279.000.000) 05/14 16:29:43 Image size of job updated: 466180
	455  -  MemoryUsage of job (MB)
	465716  -  ResidentSetSize of job (KB)
...
006 (334279.000.000) 05/14 16:34:44 Image size of job updated: 492748
	481  -  MemoryUsage of job (MB)
	492284  -  ResidentSetSize of job (KB)
...
006 (334279.000.000) 05/14 16:36:11 Image size of job updated: 494692
	481  -  MemoryUsage of job (MB)
	492284  -  ResidentSetSize of job (KB)
...
040 (334279.000.000) 05/14 16:36:11 Started transferring output files
...
040 (334279.000.000) 05/14 16:36:11 Finished transferring output files
...
005 (334279.000.000) 05/14 16:36:11 Job terminated.
	(1) Normal termination (return value 1)
		Usr 0 00:09:51, Sys 0 00:00:59  -  Run Remote Usage
		Usr 0 00:00:00, Sys 0 00:00:00  -  Run Local Usage
		Usr 0 00:09:51, Sys 0 00:00:59  -  Total Remote Usage
		Usr 0 00:00:00, Sys 0 00:00:00  -  Total Local Usage
	8339  -  Run Bytes Sent By Job
	10917  -  Run Bytes Received By Job
	8339  -  Total Bytes Sent By Job
	10917  -  Total Bytes Received By Job
	Partitionable Resources :    Usage  Request Allocated 
	   Cpus                 :     1.00        1         1 
	   Disk (KB)            :    78           1    217967 
	   Memory (MB)          :   481        2000      2000 
...
