000 (334275.023.000) 05/14 16:10:47 Job submitted from host: <188.184.95.166:9618?addrs=188.184.95.166-9618+[2001-1458-201-e4--100-7a0]-9618&alias=tbird02.cern.ch&noUDP&sock=schedd_2138722_faad_3>
...
022 (334275.023.000) 05/14 16:20:48 Job disconnected, attempting to reconnect
    Socket between submit and execute hosts closed unexpectedly
    Trying to reconnect to slot1_2@b7g28n0498.cern.ch <188.184.132.38:9618?addrs=188.184.132.38-9618+[2001-1458-301-a0--100-1c]-9618&noUDP&sock=2361_0731_3>
...
024 (334275.023.000) 05/14 16:20:48 Job reconnection failed
    Job not found at execution machine
    Can not reconnect to slot1_2@b7g28n0498.cern.ch, rescheduling job
...
040 (334275.023.000) 05/14 16:20:56 Started transferring input files
	Transferring to host: <188.184.133.248:9618?addrs=188.184.133.248-9618+[2001-1458-301-a0--100-400]-9618&noUDP&sock=13068_568c_103853>
...
040 (334275.023.000) 05/14 16:20:56 Finished transferring input files
...
001 (334275.023.000) 05/14 16:20:57 Job executing on host: <188.184.133.248:9618?addrs=188.184.133.248-9618+[2001-1458-301-a0--100-400]-9618&noUDP&sock=12851_4baa_3>
...
006 (334275.023.000) 05/14 16:21:06 Image size of job updated: 310932
	222  -  MemoryUsage of job (MB)
	226432  -  ResidentSetSize of job (KB)
...
006 (334275.023.000) 05/14 16:26:07 Image size of job updated: 497296
	483  -  MemoryUsage of job (MB)
	494344  -  ResidentSetSize of job (KB)
...
006 (334275.023.000) 05/14 16:29:27 Image size of job updated: 497296
	483  -  MemoryUsage of job (MB)
	494364  -  ResidentSetSize of job (KB)
...
040 (334275.023.000) 05/14 16:29:27 Started transferring output files
...
040 (334275.023.000) 05/14 16:29:27 Finished transferring output files
...
005 (334275.023.000) 05/14 16:29:27 Job terminated.
	(1) Normal termination (return value 1)
		Usr 0 00:07:30, Sys 0 00:00:46  -  Run Remote Usage
		Usr 0 00:00:00, Sys 0 00:00:00  -  Run Local Usage
		Usr 0 00:07:30, Sys 0 00:00:46  -  Total Remote Usage
		Usr 0 00:00:00, Sys 0 00:00:00  -  Total Local Usage
	8507  -  Run Bytes Sent By Job
	10917  -  Run Bytes Received By Job
	8507  -  Total Bytes Sent By Job
	10917  -  Total Bytes Received By Job
	Partitionable Resources :    Usage  Request Allocated 
	   Cpus                 :                 1           
	   Disk (KB)            :       71        1   2171274 
	   Memory (MB)          :      483     2000      2000 
...
