000 (334273.019.000) 05/14 16:10:46 Job submitted from host: <188.184.95.166:9618?addrs=188.184.95.166-9618+[2001-1458-201-e4--100-7a0]-9618&alias=tbird02.cern.ch&noUDP&sock=schedd_2138722_faad_3>
...
022 (334273.019.000) 05/14 16:16:11 Job disconnected, attempting to reconnect
    Socket between submit and execute hosts closed unexpectedly
    Trying to reconnect to slot1_1@b7g28n0414.cern.ch <188.184.186.27:9618?addrs=188.184.186.27-9618+[2001-1458-301-f8--100-25]-9618&noUDP&sock=2363_6661_3>
...
024 (334273.019.000) 05/14 16:16:11 Job reconnection failed
    Job not found at execution machine
    Can not reconnect to slot1_1@b7g28n0414.cern.ch, rescheduling job
...
040 (334273.019.000) 05/14 16:16:49 Started transferring input files
	Transferring to host: <188.184.133.241:9618?addrs=188.184.133.241-9618+[2001-1458-301-a0--100-1c7]-9618&noUDP&sock=13202_c0d2_104744>
...
040 (334273.019.000) 05/14 16:16:49 Finished transferring input files
...
001 (334273.019.000) 05/14 16:16:50 Job executing on host: <188.184.133.241:9618?addrs=188.184.133.241-9618+[2001-1458-301-a0--100-1c7]-9618&noUDP&sock=12995_114e_3>
...
006 (334273.019.000) 05/14 16:16:59 Image size of job updated: 330616
	243  -  MemoryUsage of job (MB)
	247876  -  ResidentSetSize of job (KB)
...
006 (334273.019.000) 05/14 16:22:00 Image size of job updated: 523656
	509  -  MemoryUsage of job (MB)
	520824  -  ResidentSetSize of job (KB)
...
040 (334273.019.000) 05/14 16:24:10 Started transferring output files
...
040 (334273.019.000) 05/14 16:24:10 Finished transferring output files
...
005 (334273.019.000) 05/14 16:24:10 Job terminated.
	(1) Normal termination (return value 1)
		Usr 0 00:06:37, Sys 0 00:00:38  -  Run Remote Usage
		Usr 0 00:00:00, Sys 0 00:00:00  -  Run Local Usage
		Usr 0 00:06:37, Sys 0 00:00:38  -  Total Remote Usage
		Usr 0 00:00:00, Sys 0 00:00:00  -  Total Local Usage
	8495  -  Run Bytes Sent By Job
	10917  -  Run Bytes Received By Job
	8495  -  Total Bytes Sent By Job
	10917  -  Total Bytes Received By Job
	Partitionable Resources :    Usage  Request Allocated 
	   Cpus                 :                 1           
	   Disk (KB)            :       71        1   2190268 
	   Memory (MB)          :      509     2000      2000 
...
