000 (334269.028.000) 05/14 16:10:44 Job submitted from host: <188.184.95.166:9618?addrs=188.184.95.166-9618+[2001-1458-201-e4--100-7a0]-9618&alias=tbird02.cern.ch&noUDP&sock=schedd_2138722_faad_3>
...
040 (334269.028.000) 05/14 16:13:09 Started transferring input files
	Transferring to host: <188.184.186.24:9618?addrs=188.184.186.24-9618+[2001-1458-301-f8--100-1f]-9618&noUDP&sock=3869_cf76_128076>
...
040 (334269.028.000) 05/14 16:13:09 Finished transferring input files
...
001 (334269.028.000) 05/14 16:13:10 Job executing on host: <188.184.186.24:9618?addrs=188.184.186.24-9618+[2001-1458-301-f8--100-1f]-9618&noUDP&sock=2337_90eb_3>
...
006 (334269.028.000) 05/14 16:13:19 Image size of job updated: 289972
	205  -  MemoryUsage of job (MB)
	209888  -  ResidentSetSize of job (KB)
...
006 (334269.028.000) 05/14 16:18:20 Image size of job updated: 500800
	408  -  MemoryUsage of job (MB)
	417756  -  ResidentSetSize of job (KB)
...
006 (334269.028.000) 05/14 16:23:20 Image size of job updated: 603600
	509  -  MemoryUsage of job (MB)
	520556  -  ResidentSetSize of job (KB)
...
040 (334269.028.000) 05/14 16:25:45 Started transferring output files
...
040 (334269.028.000) 05/14 16:25:45 Finished transferring output files
...
005 (334269.028.000) 05/14 16:25:45 Job terminated.
	(1) Normal termination (return value 1)
		Usr 0 00:10:55, Sys 0 00:00:57  -  Run Remote Usage
		Usr 0 00:00:00, Sys 0 00:00:00  -  Run Local Usage
		Usr 0 00:10:55, Sys 0 00:00:57  -  Total Remote Usage
		Usr 0 00:00:00, Sys 0 00:00:00  -  Total Local Usage
	8540  -  Run Bytes Sent By Job
	10917  -  Run Bytes Received By Job
	8540  -  Total Bytes Sent By Job
	10917  -  Total Bytes Received By Job
	Partitionable Resources :    Usage  Request Allocated 
	   Cpus                 :                 1           
	   Disk (KB)            :       71        1   2178234 
	   Memory (MB)          :      509     2000      2000 
...
