000 (334273.000.000) 05/14 16:10:46 Job submitted from host: <188.184.95.166:9618?addrs=188.184.95.166-9618+[2001-1458-201-e4--100-7a0]-9618&alias=tbird02.cern.ch&noUDP&sock=schedd_2138722_faad_3>
...
040 (334273.000.000) 05/14 16:13:48 Started transferring input files
	Transferring to host: <128.142.240.9:9618?addrs=128.142.240.9-9618+[2001-1458-301-f9--100-16]-9618&noUDP&sock=6480_7f01_1777>
...
040 (334273.000.000) 05/14 16:13:48 Finished transferring input files
...
001 (334273.000.000) 05/14 16:13:49 Job executing on host: <128.142.240.9:9618?addrs=128.142.240.9-9618+[2001-1458-301-f9--100-16]-9618&noUDP&sock=2371_e323_3>
...
006 (334273.000.000) 05/14 16:13:58 Image size of job updated: 296416
	224  -  MemoryUsage of job (MB)
	229152  -  ResidentSetSize of job (KB)
...
006 (334273.000.000) 05/14 16:18:59 Image size of job updated: 584600
	506  -  MemoryUsage of job (MB)
	517176  -  ResidentSetSize of job (KB)
...
040 (334273.000.000) 05/14 16:22:06 Started transferring output files
...
040 (334273.000.000) 05/14 16:22:06 Finished transferring output files
...
005 (334273.000.000) 05/14 16:22:06 Job terminated.
	(1) Normal termination (return value 1)
		Usr 0 00:07:08, Sys 0 00:00:44  -  Run Remote Usage
		Usr 0 00:00:00, Sys 0 00:00:00  -  Run Local Usage
		Usr 0 00:07:08, Sys 0 00:00:44  -  Total Remote Usage
		Usr 0 00:00:00, Sys 0 00:00:00  -  Total Local Usage
	8327  -  Run Bytes Sent By Job
	10917  -  Run Bytes Received By Job
	8327  -  Total Bytes Sent By Job
	10917  -  Total Bytes Received By Job
	Partitionable Resources :    Usage  Request Allocated 
	   Cpus                 :     0.99        1         1 
	   Disk (KB)            :    77           1    210724 
	   Memory (MB)          :   506        2000      2000 
...
