000 (334270.007.000) 05/14 16:10:44 Job submitted from host: <188.184.95.166:9618?addrs=188.184.95.166-9618+[2001-1458-201-e4--100-7a0]-9618&alias=tbird02.cern.ch&noUDP&sock=schedd_2138722_faad_3>
...
040 (334270.007.000) 05/14 16:13:13 Started transferring input files
	Transferring to host: <188.184.132.7:9618?addrs=188.184.132.7-9618+[2001-1458-301-a0--100-19]-9618&noUDP&sock=2852_3ded_128400>
...
040 (334270.007.000) 05/14 16:13:13 Finished transferring input files
...
001 (334270.007.000) 05/14 16:13:14 Job executing on host: <188.184.132.7:9618?addrs=188.184.132.7-9618+[2001-1458-301-a0--100-19]-9618&noUDP&sock=2359_a800_3>
...
006 (334270.007.000) 05/14 16:13:22 Image size of job updated: 304988
	217  -  MemoryUsage of job (MB)
	221604  -  ResidentSetSize of job (KB)
...
006 (334270.007.000) 05/14 16:18:22 Image size of job updated: 589184
	494  -  MemoryUsage of job (MB)
	505048  -  ResidentSetSize of job (KB)
...
006 (334270.007.000) 05/14 16:23:23 Image size of job updated: 605576
	510  -  MemoryUsage of job (MB)
	521440  -  ResidentSetSize of job (KB)
...
040 (334270.007.000) 05/14 16:23:51 Started transferring output files
...
040 (334270.007.000) 05/14 16:23:51 Finished transferring output files
...
005 (334270.007.000) 05/14 16:23:51 Job terminated.
	(1) Normal termination (return value 1)
		Usr 0 00:09:27, Sys 0 00:00:52  -  Run Remote Usage
		Usr 0 00:00:00, Sys 0 00:00:00  -  Run Local Usage
		Usr 0 00:09:27, Sys 0 00:00:52  -  Total Remote Usage
		Usr 0 00:00:00, Sys 0 00:00:00  -  Total Local Usage
	8536  -  Run Bytes Sent By Job
	10917  -  Run Bytes Received By Job
	8536  -  Total Bytes Sent By Job
	10917  -  Total Bytes Received By Job
	Partitionable Resources :    Usage  Request Allocated 
	   Cpus                 :                 1           
	   Disk (KB)            :       71        1   2168528 
	   Memory (MB)          :      510     2000      2000 
...
