   ZZTo2L2Nu_ext_part4   MC  21 chunks


I have 1 taks to process
I'm using the following list of modules DEFAULT_MODULES
this is jobs [('ZZTo2L2Nu_ext_part4', 'MY_EOS_SPACE/heppyNtuples/TREES_DiBosons_exclusive_94X/ZZTo2L2Nu_ext_part4/treeProducerWMass/tree.root', 8687780.0, '_Friend_ZZTo2L2Nu_ext_part4.chunk12', False, xrange(3000000, 3250000), 12)]
Modules to run:  []   name =  puWeight
Loading puWeight from CMGTools.WMass.postprocessing.examples.puWeightProducer 
Running on dataset =  ZZTo2L2Nu_ext_part4
TFile: name=/afs/cern.ch/work/m/mciprian/w_mass_analysis/heppy/rel_slc7/CMSSW_9_4_12/src/CMGTools/WMass/python/postprocessing/data/pileup/mcPU_2016_W94XnoCutsWithGenWeights_nTrueInt.root, title=, option=READ
TFile: name=/afs/cern.ch/work/m/mciprian/w_mass_analysis/heppy/rel_slc7/CMSSW_9_4_12/src/CMGTools/WMass/python/postprocessing/data/pileup/PileupData_GoldenMuonJSON_Full2016.root, title=, option=READ
Load C++ Worker
Modules to run:  []   name =  muCalibratedWithStatVar
Loading muCalibratedWithStatVar from CMGTools.WMass.postprocessing.examples.lepVarProducer 
Running on dataset =  ZZTo2L2Nu_ext_part4
did not find EnergyScaleCorrection shared object, rebuilding
trying to load all the rochester correction libraries
did not find legacy data roccor. rebuilding...
done building legacy data roccor.
Modules to run:  []   name =  jetAllReCleaner
Loading jetAllReCleaner from CMGTools.WMass.postprocessing.examples.jetReCleaner 
Running on dataset =  ZZTo2L2Nu_ext_part4
Load C++ Worker
Modules to run:  []   name =  jetReCleaner
Loading jetReCleaner from CMGTools.WMass.postprocessing.examples.jetReCleaner 
Running on dataset =  ZZTo2L2Nu_ext_part4
Load C++ Worker
Modules to run:  []   name =  genQEDJets
Loading genQEDJets from CMGTools.WMass.postprocessing.examples.genFriendProducer 
Running on dataset =  ZZTo2L2Nu_ext_part4
Will write selected trees to MY_EOS_SPACE/heppyNtuples/TREES_DiBosons_exclusive_94X/friends/
Normalization of nTrueInt_Wnopt: 3.68902e+10
Normalization of pileup: 3.68902e+10
Weights for variable nTrueInt_Wnopt with a number of bins equal to 102:
1 0.3634 0.9215 1.196 0.96 1.118 1.157 0.9675 0.9293 0.9192 0.8823 0.9553 1.062 1.116 1.167 1.194 1.2 1.193 1.177 1.14 1.092 1.06 1.047 1.046 1.047 1.048 1.06 1.077 1.092 1.106 1.122 1.108 1.097 1.051 0.992 0.9144 0.8237 0.7175 0.6087 0.5019 0.4029 0.3076 0.2264 0.1622 0.1123 0.07656 0.05052 0.03159 0.01992 0.01212 0.007355 0.004361 0.002593 0.001553 0.0009624 0.0007219 0.0006632 0.0007233 0.0009289 0.001329 0.001772 0.003222 0.004042 0.00487 0.005064 0.005658 0.005309 0.004846 0.004101 0.003977 0.003686 0.003306 0.002672 0.002286 0.001878 0.00167 1 1 1 1 1 1 1 1 1 1 1 1 1 1 1 1 1 1 1 1 1 1 1 1 1 1 .
Final weights: 
1 0.3634 0.9215 1.196 0.96 1.118 1.157 0.9675 0.9293 0.9192 0.8823 0.9553 1.062 1.116 1.167 1.194 1.2 1.193 1.177 1.14 1.092 1.06 1.047 1.046 1.047 1.048 1.06 1.077 1.092 1.106 1.122 1.108 1.097 1.051 0.992 0.9144 0.8237 0.7175 0.6087 0.5019 0.4029 0.3076 0.2264 0.1622 0.1123 0.07656 0.05052 0.03159 0.01992 0.01212 0.007355 0.004361 0.002593 0.001553 0.0009624 0.0007219 0.0006632 0.0007233 0.0009289 0.001329 0.001772 0.003222 0.004042 0.00487 0.005064 0.005658 0.005309 0.004846 0.004101 0.003977 0.003686 0.003306 0.002672 0.002286 0.001878 0.00167 1 1 1 1 1 1 1 1 1 1 1 1 1 1 1 1 1 1 1 1 1 1 1 1 1 1 .
begin job of lepCalProducer
initializing all the rochester correction objects
initializing the egamma calibrator
Processed  3000000/ 5154157 entries (elapsed time     0.3s, curr speed   38.462 kHz, avg speed 11538.462 kHz), accepted        1/       1 events (100.00%)
Processed  3010000/ 5154157 entries (elapsed time    17.7s, curr speed    0.574 kHz, avg speed  170.345 kHz), accepted    10001/   10001 events (100.00%)
Processed  3020000/ 5154157 entries (elapsed time    36.2s, curr speed    0.538 kHz, avg speed   83.310 kHz), accepted    20001/   20001 events (100.00%)
Processed  3030000/ 5154157 entries (elapsed time    53.8s, curr speed    0.569 kHz, avg speed   56.309 kHz), accepted    30001/   30001 events (100.00%)
Processed  3040000/ 5154157 entries (elapsed time    71.9s, curr speed    0.552 kHz, avg speed   42.269 kHz), accepted    40001/   40001 events (100.00%)
Processed  3050000/ 5154157 entries (elapsed time    89.8s, curr speed    0.560 kHz, avg speed   33.972 kHz), accepted    50001/   50001 events (100.00%)
Processed  3060000/ 5154157 entries (elapsed time   108.1s, curr speed    0.546 kHz, avg speed   28.310 kHz), accepted    60001/   60001 events (100.00%)
Processed  3070000/ 5154157 entries (elapsed time   124.5s, curr speed    0.610 kHz, avg speed   24.661 kHz), accepted    70001/   70001 events (100.00%)
Processed  3080000/ 5154157 entries (elapsed time   138.8s, curr speed    0.701 kHz, avg speed   22.197 kHz), accepted    80001/   80001 events (100.00%)
Processed  3090000/ 5154157 entries (elapsed time   152.8s, curr speed    0.710 kHz, avg speed   20.217 kHz), accepted    90001/   90001 events (100.00%)
Processed  3100000/ 5154157 entries (elapsed time   166.8s, curr speed    0.715 kHz, avg speed   18.583 kHz), accepted   100001/  100001 events (100.00%)
Processed  3110000/ 5154157 entries (elapsed time   180.5s, curr speed    0.732 kHz, avg speed   17.231 kHz), accepted   110001/  110001 events (100.00%)
Processed  3120000/ 5154157 entries (elapsed time   195.2s, curr speed    0.681 kHz, avg speed   15.986 kHz), accepted   120001/  120001 events (100.00%)
Processed  3130000/ 5154157 entries (elapsed time   238.7s, curr speed    0.230 kHz, avg speed   13.113 kHz), accepted   130001/  130001 events (100.00%)
Processed  3140000/ 5154157 entries (elapsed time   255.4s, curr speed    0.601 kHz, avg speed   12.297 kHz), accepted   140001/  140001 events (100.00%)
Processed  3150000/ 5154157 entries (elapsed time   271.0s, curr speed    0.638 kHz, avg speed   11.622 kHz), accepted   150001/  150001 events (100.00%)
Processed  3160000/ 5154157 entries (elapsed time   286.0s, curr speed    0.670 kHz, avg speed   11.050 kHz), accepted   160001/  160001 events (100.00%)
Processed  3170000/ 5154157 entries (elapsed time   300.2s, curr speed    0.703 kHz, avg speed   10.560 kHz), accepted   170001/  170001 events (100.00%)
Processed  3180000/ 5154157 entries (elapsed time   314.5s, curr speed    0.698 kHz, avg speed   10.111 kHz), accepted   180001/  180001 events (100.00%)
Processed  3190000/ 5154157 entries (elapsed time   329.8s, curr speed    0.653 kHz, avg speed    9.672 kHz), accepted   190001/  190001 events (100.00%)
Processed  3200000/ 5154157 entries (elapsed time   370.5s, curr speed    0.246 kHz, avg speed    8.636 kHz), accepted   200001/  200001 events (100.00%)
Processed  3210000/ 5154157 entries (elapsed time   384.6s, curr speed    0.714 kHz, avg speed    8.347 kHz), accepted   210001/  210001 events (100.00%)
Processed  3220000/ 5154157 entries (elapsed time   398.8s, curr speed    0.704 kHz, avg speed    8.075 kHz), accepted   220001/  220001 events (100.00%)
Processed  3230000/ 5154157 entries (elapsed time   413.0s, curr speed    0.701 kHz, avg speed    7.820 kHz), accepted   230001/  230001 events (100.00%)
Processed  3240000/ 5154157 entries (elapsed time   426.9s, curr speed    0.718 kHz, avg speed    7.589 kHz), accepted   240001/  240001 events (100.00%)
Processed 250000 entries from MY_EOS_SPACE/heppyNtuples/TREES_DiBosons_exclusive_94X/ZZTo2L2Nu_ext_part4/treeProducerWMass/tree.root, selected 250000 entries
Done MY_EOS_SPACE/heppyNtuples/TREES_DiBosons_exclusive_94X/friends/tree_Friend_ZZTo2L2Nu_ext_part4.chunk12.root
