000 (334270.008.000) 05/14 16:10:44 Job submitted from host: <188.184.95.166:9618?addrs=188.184.95.166-9618+[2001-1458-201-e4--100-7a0]-9618&alias=tbird02.cern.ch&noUDP&sock=schedd_2138722_faad_3>
...
040 (334270.008.000) 05/14 16:13:20 Started transferring input files
	Transferring to host: <188.184.132.22:9618?addrs=188.184.132.22-9618+[2001-1458-301-a0--100-18]-9618&noUDP&sock=3907_95b8_128272>
...
040 (334270.008.000) 05/14 16:13:20 Finished transferring input files
...
001 (334270.008.000) 05/14 16:13:21 Job executing on host: <188.184.132.22:9618?addrs=188.184.132.22-9618+[2001-1458-301-a0--100-18]-9618&noUDP&sock=2334_8222_3>
...
006 (334270.008.000) 05/14 16:13:29 Image size of job updated: 267780
	187  -  MemoryUsage of job (MB)
	190828  -  ResidentSetSize of job (KB)
...
006 (334270.008.000) 05/14 16:18:29 Image size of job updated: 485184
	393  -  MemoryUsage of job (MB)
	402424  -  ResidentSetSize of job (KB)
...
006 (334270.008.000) 05/14 16:23:30 Image size of job updated: 604920
	510  -  MemoryUsage of job (MB)
	522160  -  ResidentSetSize of job (KB)
...
040 (334270.008.000) 05/14 16:27:36 Started transferring output files
...
040 (334270.008.000) 05/14 16:27:36 Finished transferring output files
...
005 (334270.008.000) 05/14 16:27:36 Job terminated.
	(1) Normal termination (return value 1)
		Usr 0 00:12:21, Sys 0 00:01:05  -  Run Remote Usage
		Usr 0 00:00:00, Sys 0 00:00:00  -  Run Local Usage
		Usr 0 00:12:21, Sys 0 00:01:05  -  Total Remote Usage
		Usr 0 00:00:00, Sys 0 00:00:00  -  Total Local Usage
	8536  -  Run Bytes Sent By Job
	10917  -  Run Bytes Received By Job
	8536  -  Total Bytes Sent By Job
	10917  -  Total Bytes Received By Job
	Partitionable Resources :    Usage  Request Allocated 
	   Cpus                 :                 1           
	   Disk (KB)            :       71        1   2192229 
	   Memory (MB)          :      510     2000      2000 
...
