   ZZTo4L_ext_part4   MC  27 chunks


I have 1 taks to process
I'm using the following list of modules DEFAULT_MODULES
this is jobs [('ZZTo4L_ext_part4', 'MY_EOS_SPACE/heppyNtuples/TREES_DiBosons_exclusive_94X/ZZTo4L_ext_part4/treeProducerWMass/tree.root', 16473689.0, '_Friend_ZZTo4L_ext_part4.chunk17', False, xrange(4250000, 4500000), 17)]
Modules to run:  []   name =  puWeight
Loading puWeight from CMGTools.WMass.postprocessing.examples.puWeightProducer 
Running on dataset =  ZZTo4L_ext_part4
TFile: name=/afs/cern.ch/work/m/mciprian/w_mass_analysis/heppy/rel_slc7/CMSSW_9_4_12/src/CMGTools/WMass/python/postprocessing/data/pileup/mcPU_2016_W94XnoCutsWithGenWeights_nTrueInt.root, title=, option=READ
TFile: name=/afs/cern.ch/work/m/mciprian/w_mass_analysis/heppy/rel_slc7/CMSSW_9_4_12/src/CMGTools/WMass/python/postprocessing/data/pileup/PileupData_GoldenMuonJSON_Full2016.root, title=, option=READ
Load C++ Worker
Modules to run:  []   name =  muCalibratedWithStatVar
Loading muCalibratedWithStatVar from CMGTools.WMass.postprocessing.examples.lepVarProducer 
Running on dataset =  ZZTo4L_ext_part4
did not find EnergyScaleCorrection shared object, rebuilding
trying to load all the rochester correction libraries
did not find legacy data roccor. rebuilding...
done building legacy data roccor.
Modules to run:  []   name =  jetAllReCleaner
Loading jetAllReCleaner from CMGTools.WMass.postprocessing.examples.jetReCleaner 
Running on dataset =  ZZTo4L_ext_part4
Load C++ Worker
Modules to run:  []   name =  jetReCleaner
Loading jetReCleaner from CMGTools.WMass.postprocessing.examples.jetReCleaner 
Running on dataset =  ZZTo4L_ext_part4
Load C++ Worker
Modules to run:  []   name =  genQEDJets
Loading genQEDJets from CMGTools.WMass.postprocessing.examples.genFriendProducer 
Running on dataset =  ZZTo4L_ext_part4
Will write selected trees to MY_EOS_SPACE/heppyNtuples/TREES_DiBosons_exclusive_94X/friends/
Normalization of nTrueInt_Wnopt: 3.68902e+10
Normalization of pileup: 3.68902e+10
Weights for variable nTrueInt_Wnopt with a number of bins equal to 102:
1 0.3634 0.9215 1.196 0.96 1.118 1.157 0.9675 0.9293 0.9192 0.8823 0.9553 1.062 1.116 1.167 1.194 1.2 1.193 1.177 1.14 1.092 1.06 1.047 1.046 1.047 1.048 1.06 1.077 1.092 1.106 1.122 1.108 1.097 1.051 0.992 0.9144 0.8237 0.7175 0.6087 0.5019 0.4029 0.3076 0.2264 0.1622 0.1123 0.07656 0.05052 0.03159 0.01992 0.01212 0.007355 0.004361 0.002593 0.001553 0.0009624 0.0007219 0.0006632 0.0007233 0.0009289 0.001329 0.001772 0.003222 0.004042 0.00487 0.005064 0.005658 0.005309 0.004846 0.004101 0.003977 0.003686 0.003306 0.002672 0.002286 0.001878 0.00167 1 1 1 1 1 1 1 1 1 1 1 1 1 1 1 1 1 1 1 1 1 1 1 1 1 1 .
Final weights: 
1 0.3634 0.9215 1.196 0.96 1.118 1.157 0.9675 0.9293 0.9192 0.8823 0.9553 1.062 1.116 1.167 1.194 1.2 1.193 1.177 1.14 1.092 1.06 1.047 1.046 1.047 1.048 1.06 1.077 1.092 1.106 1.122 1.108 1.097 1.051 0.992 0.9144 0.8237 0.7175 0.6087 0.5019 0.4029 0.3076 0.2264 0.1622 0.1123 0.07656 0.05052 0.03159 0.01992 0.01212 0.007355 0.004361 0.002593 0.001553 0.0009624 0.0007219 0.0006632 0.0007233 0.0009289 0.001329 0.001772 0.003222 0.004042 0.00487 0.005064 0.005658 0.005309 0.004846 0.004101 0.003977 0.003686 0.003306 0.002672 0.002286 0.001878 0.00167 1 1 1 1 1 1 1 1 1 1 1 1 1 1 1 1 1 1 1 1 1 1 1 1 1 1 .
begin job of lepCalProducer
initializing all the rochester correction objects
initializing the egamma calibrator
Processed  4250000/ 6674251 entries (elapsed time     0.4s, curr speed   24.390 kHz, avg speed 10365.854 kHz), accepted        1/       1 events (100.00%)
Processed  4260000/ 6674251 entries (elapsed time    30.1s, curr speed    0.337 kHz, avg speed  141.669 kHz), accepted    10001/   10001 events (100.00%)
Processed  4270000/ 6674251 entries (elapsed time    62.2s, curr speed    0.311 kHz, avg speed   68.605 kHz), accepted    20001/   20001 events (100.00%)
Processed  4280000/ 6674251 entries (elapsed time    95.0s, curr speed    0.306 kHz, avg speed   45.072 kHz), accepted    30001/   30001 events (100.00%)
Processed  4290000/ 6674251 entries (elapsed time   125.9s, curr speed    0.323 kHz, avg speed   34.072 kHz), accepted    40001/   40001 events (100.00%)
Processed  4300000/ 6674251 entries (elapsed time   158.8s, curr speed    0.304 kHz, avg speed   27.085 kHz), accepted    50001/   50001 events (100.00%)
Processed  4310000/ 6674251 entries (elapsed time   186.5s, curr speed    0.360 kHz, avg speed   23.106 kHz), accepted    60001/   60001 events (100.00%)
Processed  4320000/ 6674251 entries (elapsed time   209.6s, curr speed    0.434 kHz, avg speed   20.614 kHz), accepted    70001/   70001 events (100.00%)
Processed  4330000/ 6674251 entries (elapsed time   232.7s, curr speed    0.433 kHz, avg speed   18.610 kHz), accepted    80001/   80001 events (100.00%)
Processed  4340000/ 6674251 entries (elapsed time   257.4s, curr speed    0.404 kHz, avg speed   16.860 kHz), accepted    90001/   90001 events (100.00%)
Processed  4350000/ 6674251 entries (elapsed time   282.0s, curr speed    0.407 kHz, avg speed   15.428 kHz), accepted   100001/  100001 events (100.00%)
Processed  4360000/ 6674251 entries (elapsed time   343.3s, curr speed    0.163 kHz, avg speed   12.700 kHz), accepted   110001/  110001 events (100.00%)
Processed  4370000/ 6674251 entries (elapsed time   368.0s, curr speed    0.406 kHz, avg speed   11.876 kHz), accepted   120001/  120001 events (100.00%)
Processed  4380000/ 6674251 entries (elapsed time   393.8s, curr speed    0.388 kHz, avg speed   11.124 kHz), accepted   130001/  130001 events (100.00%)
Processed  4390000/ 6674251 entries (elapsed time   417.5s, curr speed    0.421 kHz, avg speed   10.515 kHz), accepted   140001/  140001 events (100.00%)
Processed  4400000/ 6674251 entries (elapsed time   441.3s, curr speed    0.420 kHz, avg speed    9.970 kHz), accepted   150001/  150001 events (100.00%)
Processed  4410000/ 6674251 entries (elapsed time   504.4s, curr speed    0.159 kHz, avg speed    8.743 kHz), accepted   160001/  160001 events (100.00%)
Processed  4420000/ 6674251 entries (elapsed time   529.4s, curr speed    0.399 kHz, avg speed    8.349 kHz), accepted   170001/  170001 events (100.00%)
Processed  4430000/ 6674251 entries (elapsed time   555.0s, curr speed    0.390 kHz, avg speed    7.981 kHz), accepted   180001/  180001 events (100.00%)
Processed  4440000/ 6674251 entries (elapsed time   579.1s, curr speed    0.416 kHz, avg speed    7.668 kHz), accepted   190001/  190001 events (100.00%)
Processed  4450000/ 6674251 entries (elapsed time   603.9s, curr speed    0.402 kHz, avg speed    7.369 kHz), accepted   200001/  200001 events (100.00%)
Processed  4460000/ 6674251 entries (elapsed time   628.1s, curr speed    0.414 kHz, avg speed    7.101 kHz), accepted   210001/  210001 events (100.00%)
Processed  4470000/ 6674251 entries (elapsed time   693.1s, curr speed    0.154 kHz, avg speed    6.449 kHz), accepted   220001/  220001 events (100.00%)
Processed  4480000/ 6674251 entries (elapsed time   719.5s, curr speed    0.379 kHz, avg speed    6.226 kHz), accepted   230001/  230001 events (100.00%)
Processed  4490000/ 6674251 entries (elapsed time   744.3s, curr speed    0.403 kHz, avg speed    6.032 kHz), accepted   240001/  240001 events (100.00%)
Processed 250000 entries from MY_EOS_SPACE/heppyNtuples/TREES_DiBosons_exclusive_94X/ZZTo4L_ext_part4/treeProducerWMass/tree.root, selected 250000 entries
Done MY_EOS_SPACE/heppyNtuples/TREES_DiBosons_exclusive_94X/friends/tree_Friend_ZZTo4L_ext_part4.chunk17.root
