000 (334277.013.000) 05/14 16:10:48 Job submitted from host: <188.184.95.166:9618?addrs=188.184.95.166-9618+[2001-1458-201-e4--100-7a0]-9618&alias=tbird02.cern.ch&noUDP&sock=schedd_2138722_faad_3>
...
040 (334277.013.000) 05/14 16:22:08 Started transferring input files
	Transferring to host: <128.142.240.43:9618?addrs=128.142.240.43-9618+[--1]-9618&noUDP&sock=3285_545f_11217>
...
040 (334277.013.000) 05/14 16:22:08 Finished transferring input files
...
001 (334277.013.000) 05/14 16:22:09 Job executing on host: <128.142.240.43:9618?addrs=128.142.240.43-9618+[--1]-9618&noUDP&sock=2275_0a0c_3>
...
006 (334277.013.000) 05/14 16:22:17 Image size of job updated: 113020
	53  -  MemoryUsage of job (MB)
	54268  -  ResidentSetSize of job (KB)
...
006 (334277.013.000) 05/14 16:27:17 Image size of job updated: 475856
	381  -  MemoryUsage of job (MB)
	389532  -  ResidentSetSize of job (KB)
...
006 (334277.013.000) 05/14 16:32:18 Image size of job updated: 581948
	485  -  MemoryUsage of job (MB)
	495624  -  ResidentSetSize of job (KB)
...
006 (334277.013.000) 05/14 16:37:19 Image size of job updated: 581948
	485  -  MemoryUsage of job (MB)
	495704  -  ResidentSetSize of job (KB)
...
006 (334277.013.000) 05/14 16:38:37 Image size of job updated: 898196
	485  -  MemoryUsage of job (MB)
	495704  -  ResidentSetSize of job (KB)
...
040 (334277.013.000) 05/14 16:38:37 Started transferring output files
...
040 (334277.013.000) 05/14 16:38:37 Finished transferring output files
...
005 (334277.013.000) 05/14 16:38:37 Job terminated.
	(1) Normal termination (return value 1)
		Usr 0 00:13:44, Sys 0 00:01:19  -  Run Remote Usage
		Usr 0 00:00:00, Sys 0 00:00:00  -  Run Local Usage
		Usr 0 00:13:44, Sys 0 00:01:19  -  Total Remote Usage
		Usr 0 00:00:00, Sys 0 00:00:00  -  Total Local Usage
	13850  -  Run Bytes Sent By Job
	10917  -  Run Bytes Received By Job
	13850  -  Total Bytes Sent By Job
	10917  -  Total Bytes Received By Job
	Partitionable Resources :    Usage  Request Allocated 
	   Cpus                 :                 1           
	   Disk (KB)            :       73        1   2193274 
	   Memory (MB)          :      485     2000      2000 
...
