000 (334279.028.000) 05/14 16:10:50 Job submitted from host: <188.184.95.166:9618?addrs=188.184.95.166-9618+[2001-1458-201-e4--100-7a0]-9618&alias=tbird02.cern.ch&noUDP&sock=schedd_2138722_faad_3>
...
040 (334279.028.000) 05/14 16:25:38 Started transferring input files
	Transferring to host: <128.142.33.150:9618?addrs=128.142.33.150-9618+[2001-1458-301-117--100-39d]-9618&noUDP&sock=13048_3f0c_103594>
...
040 (334279.028.000) 05/14 16:25:38 Finished transferring input files
...
001 (334279.028.000) 05/14 16:25:39 Job executing on host: <128.142.33.150:9618?addrs=128.142.33.150-9618+[2001-1458-301-117--100-39d]-9618&noUDP&sock=12882_8f1a_3>
...
006 (334279.028.000) 05/14 16:25:47 Image size of job updated: 315880
	228  -  MemoryUsage of job (MB)
	233248  -  ResidentSetSize of job (KB)
...
006 (334279.028.000) 05/14 16:30:47 Image size of job updated: 574248
	480  -  MemoryUsage of job (MB)
	491328  -  ResidentSetSize of job (KB)
...
006 (334279.028.000) 05/14 16:33:46 Image size of job updated: 575812
	480  -  MemoryUsage of job (MB)
	491328  -  ResidentSetSize of job (KB)
...
040 (334279.028.000) 05/14 16:33:46 Started transferring output files
...
040 (334279.028.000) 05/14 16:33:46 Finished transferring output files
...
005 (334279.028.000) 05/14 16:33:46 Job terminated.
	(1) Normal termination (return value 1)
		Usr 0 00:07:15, Sys 0 00:00:44  -  Run Remote Usage
		Usr 0 00:00:00, Sys 0 00:00:00  -  Run Local Usage
		Usr 0 00:07:15, Sys 0 00:00:44  -  Total Remote Usage
		Usr 0 00:00:00, Sys 0 00:00:00  -  Total Local Usage
	8507  -  Run Bytes Sent By Job
	10917  -  Run Bytes Received By Job
	8507  -  Total Bytes Sent By Job
	10917  -  Total Bytes Received By Job
	Partitionable Resources :    Usage  Request Allocated 
	   Cpus                 :                 1           
	   Disk (KB)            :       71        1   2192140 
	   Memory (MB)          :      480     2000      2000 
...
