000 (334270.016.000) 05/14 16:10:44 Job submitted from host: <188.184.95.166:9618?addrs=188.184.95.166-9618+[2001-1458-201-e4--100-7a0]-9618&alias=tbird02.cern.ch&noUDP&sock=schedd_2138722_faad_3>
...
040 (334270.016.000) 05/14 16:13:16 Started transferring input files
	Transferring to host: <128.142.33.144:9618?addrs=128.142.33.144-9618+[2001-1458-301-117--100-280]-9618&noUDP&sock=15979_66a3_104493>
...
040 (334270.016.000) 05/14 16:13:16 Finished transferring input files
...
001 (334270.016.000) 05/14 16:13:17 Job executing on host: <128.142.33.144:9618?addrs=128.142.33.144-9618+[2001-1458-301-117--100-280]-9618&noUDP&sock=15761_5043_3>
...
006 (334270.016.000) 05/14 16:13:25 Image size of job updated: 332120
	244  -  MemoryUsage of job (MB)
	249512  -  ResidentSetSize of job (KB)
...
006 (334270.016.000) 05/14 16:18:25 Image size of job updated: 602680
	508  -  MemoryUsage of job (MB)
	520020  -  ResidentSetSize of job (KB)
...
040 (334270.016.000) 05/14 16:21:08 Started transferring output files
...
040 (334270.016.000) 05/14 16:21:08 Finished transferring output files
...
005 (334270.016.000) 05/14 16:21:08 Job terminated.
	(1) Normal termination (return value 1)
		Usr 0 00:06:57, Sys 0 00:00:43  -  Run Remote Usage
		Usr 0 00:00:00, Sys 0 00:00:00  -  Run Local Usage
		Usr 0 00:06:57, Sys 0 00:00:43  -  Total Remote Usage
		Usr 0 00:00:00, Sys 0 00:00:00  -  Total Local Usage
	8540  -  Run Bytes Sent By Job
	10917  -  Run Bytes Received By Job
	8540  -  Total Bytes Sent By Job
	10917  -  Total Bytes Received By Job
	Partitionable Resources :    Usage  Request Allocated 
	   Cpus                 :                 1           
	   Disk (KB)            :       71        1   2179323 
	   Memory (MB)          :      508     2000      2000 
...
