000 (334271.007.000) 05/14 16:10:45 Job submitted from host: <188.184.95.166:9618?addrs=188.184.95.166-9618+[2001-1458-201-e4--100-7a0]-9618&alias=tbird02.cern.ch&noUDP&sock=schedd_2138722_faad_3>
...
040 (334271.007.000) 05/14 16:13:30 Started transferring input files
	Transferring to host: <128.142.240.20:9618?addrs=128.142.240.20-9618+[2001-1458-301-f9--100-4]-9618&noUDP&sock=29066_6057_1704>
...
040 (334271.007.000) 05/14 16:13:30 Finished transferring input files
...
001 (334271.007.000) 05/14 16:13:31 Job executing on host: <128.142.240.20:9618?addrs=128.142.240.20-9618+[2001-1458-301-f9--100-4]-9618&noUDP&sock=2375_a184_3>
...
006 (334271.007.000) 05/14 16:13:40 Image size of job updated: 235364
	225  -  MemoryUsage of job (MB)
	229964  -  ResidentSetSize of job (KB)
...
006 (334271.007.000) 05/14 16:18:41 Image size of job updated: 423020
	408  -  MemoryUsage of job (MB)
	417612  -  ResidentSetSize of job (KB)
...
006 (334271.007.000) 05/14 16:23:41 Image size of job updated: 524484
	507  -  MemoryUsage of job (MB)
	519076  -  ResidentSetSize of job (KB)
...
006 (334271.007.000) 05/14 16:25:14 Image size of job updated: 926664
	507  -  MemoryUsage of job (MB)
	519076  -  ResidentSetSize of job (KB)
...
040 (334271.007.000) 05/14 16:25:14 Started transferring output files
...
040 (334271.007.000) 05/14 16:25:14 Finished transferring output files
...
005 (334271.007.000) 05/14 16:25:14 Job terminated.
	(1) Normal termination (return value 1)
		Usr 0 00:10:18, Sys 0 00:00:57  -  Run Remote Usage
		Usr 0 00:00:00, Sys 0 00:00:00  -  Run Local Usage
		Usr 0 00:10:18, Sys 0 00:00:57  -  Total Remote Usage
		Usr 0 00:00:00, Sys 0 00:00:00  -  Total Local Usage
	8536  -  Run Bytes Sent By Job
	10917  -  Run Bytes Received By Job
	8536  -  Total Bytes Sent By Job
	10917  -  Total Bytes Received By Job
	Partitionable Resources :    Usage  Request Allocated 
	   Cpus                 :     0.99        1         1 
	   Disk (KB)            :    78           1    218026 
	   Memory (MB)          :   507        2000      2000 
...
