000 (334269.023.000) 05/14 16:10:44 Job submitted from host: <188.184.95.166:9618?addrs=188.184.95.166-9618+[2001-1458-201-e4--100-7a0]-9618&alias=tbird02.cern.ch&noUDP&sock=schedd_2138722_faad_3>
...
040 (334269.023.000) 05/14 16:13:07 Started transferring input files
	Transferring to host: <128.142.33.182:9618?addrs=128.142.33.182-9618+[2001-1458-301-117--100-304]-9618&noUDP&sock=13469_e0fd_103959>
...
040 (334269.023.000) 05/14 16:13:07 Finished transferring input files
...
001 (334269.023.000) 05/14 16:13:08 Job executing on host: <128.142.33.182:9618?addrs=128.142.33.182-9618+[2001-1458-301-117--100-304]-9618&noUDP&sock=13369_99b9_3>
...
006 (334269.023.000) 05/14 16:13:17 Image size of job updated: 298768
	211  -  MemoryUsage of job (MB)
	215044  -  ResidentSetSize of job (KB)
...
006 (334269.023.000) 05/14 16:18:18 Image size of job updated: 499324
	406  -  MemoryUsage of job (MB)
	414832  -  ResidentSetSize of job (KB)
...
006 (334269.023.000) 05/14 16:23:18 Image size of job updated: 603472
	507  -  MemoryUsage of job (MB)
	518980  -  ResidentSetSize of job (KB)
...
040 (334269.023.000) 05/14 16:26:13 Started transferring output files
...
040 (334269.023.000) 05/14 16:26:13 Finished transferring output files
...
005 (334269.023.000) 05/14 16:26:13 Job terminated.
	(1) Normal termination (return value 1)
		Usr 0 00:11:44, Sys 0 00:01:01  -  Run Remote Usage
		Usr 0 00:00:00, Sys 0 00:00:00  -  Run Local Usage
		Usr 0 00:11:44, Sys 0 00:01:01  -  Total Remote Usage
		Usr 0 00:00:00, Sys 0 00:00:00  -  Total Local Usage
	8540  -  Run Bytes Sent By Job
	10917  -  Run Bytes Received By Job
	8540  -  Total Bytes Sent By Job
	10917  -  Total Bytes Received By Job
	Partitionable Resources :    Usage  Request Allocated 
	   Cpus                 :                 1           
	   Disk (KB)            :       71        1   2184757 
	   Memory (MB)          :      507     2000      2000 
...
