000 (334272.011.000) 05/14 16:10:46 Job submitted from host: <188.184.95.166:9618?addrs=188.184.95.166-9618+[2001-1458-201-e4--100-7a0]-9618&alias=tbird02.cern.ch&noUDP&sock=schedd_2138722_faad_3>
...
040 (334272.011.000) 05/14 16:13:46 Started transferring input files
	Transferring to host: <128.142.240.46:9618?addrs=128.142.240.46-9618+[2001-1458-301-f9--100-20]-9618&noUDP&sock=4108_3520_129333>
...
040 (334272.011.000) 05/14 16:13:46 Finished transferring input files
...
001 (334272.011.000) 05/14 16:13:47 Job executing on host: <128.142.240.46:9618?addrs=128.142.240.46-9618+[2001-1458-301-f9--100-20]-9618&noUDP&sock=2383_1e46_3>
...
006 (334272.011.000) 05/14 16:13:55 Image size of job updated: 216740
	162  -  MemoryUsage of job (MB)
	165148  -  ResidentSetSize of job (KB)
...
006 (334272.011.000) 05/14 16:18:55 Image size of job updated: 471952
	406  -  MemoryUsage of job (MB)
	415676  -  ResidentSetSize of job (KB)
...
006 (334272.011.000) 05/14 16:23:56 Image size of job updated: 576460
	508  -  MemoryUsage of job (MB)
	520184  -  ResidentSetSize of job (KB)
...
040 (334272.011.000) 05/14 16:27:41 Started transferring output files
...
040 (334272.011.000) 05/14 16:27:41 Finished transferring output files
...
005 (334272.011.000) 05/14 16:27:41 Job terminated.
	(1) Normal termination (return value 1)
		Usr 0 00:12:15, Sys 0 00:01:04  -  Run Remote Usage
		Usr 0 00:00:00, Sys 0 00:00:00  -  Run Local Usage
		Usr 0 00:12:15, Sys 0 00:01:04  -  Total Remote Usage
		Usr 0 00:00:00, Sys 0 00:00:00  -  Total Local Usage
	8538  -  Run Bytes Sent By Job
	10917  -  Run Bytes Received By Job
	8538  -  Total Bytes Sent By Job
	10917  -  Total Bytes Received By Job
	Partitionable Resources :    Usage  Request Allocated 
	   Cpus                 :                 1           
	   Disk (KB)            :       71        1   2210327 
	   Memory (MB)          :      508     2000      2000 
...
