000 (334279.008.000) 05/14 16:10:50 Job submitted from host: <188.184.95.166:9618?addrs=188.184.95.166-9618+[2001-1458-201-e4--100-7a0]-9618&alias=tbird02.cern.ch&noUDP&sock=schedd_2138722_faad_3>
...
022 (334279.008.000) 05/14 16:24:49 Job disconnected, attempting to reconnect
    Socket between submit and execute hosts closed unexpectedly
    Trying to reconnect to slot1_2@b7g28n0272.cern.ch <128.142.240.21:9618?addrs=128.142.240.21-9618+[2001-1458-301-f9--100-2]-9618&noUDP&sock=2335_31ba_3>
...
024 (334279.008.000) 05/14 16:24:49 Job reconnection failed
    Job not found at execution machine
    Can not reconnect to slot1_2@b7g28n0272.cern.ch, rescheduling job
...
040 (334279.008.000) 05/14 16:24:54 Started transferring input files
	Transferring to host: <128.142.240.20:9618?addrs=128.142.240.20-9618+[2001-1458-301-f9--100-4]-9618&noUDP&sock=29066_6057_1711>
...
040 (334279.008.000) 05/14 16:24:55 Finished transferring input files
...
001 (334279.008.000) 05/14 16:24:56 Job executing on host: <128.142.240.20:9618?addrs=128.142.240.20-9618+[2001-1458-301-f9--100-4]-9618&noUDP&sock=2375_a184_3>
...
006 (334279.008.000) 05/14 16:25:04 Image size of job updated: 285632
	202  -  MemoryUsage of job (MB)
	206768  -  ResidentSetSize of job (KB)
...
006 (334279.008.000) 05/14 16:30:04 Image size of job updated: 459232
	449  -  MemoryUsage of job (MB)
	458800  -  ResidentSetSize of job (KB)
...
006 (334279.008.000) 05/14 16:35:04 Image size of job updated: 493176
	482  -  MemoryUsage of job (MB)
	492744  -  ResidentSetSize of job (KB)
...
006 (334279.008.000) 05/14 16:36:34 Image size of job updated: 493228
	482  -  MemoryUsage of job (MB)
	492744  -  ResidentSetSize of job (KB)
...
040 (334279.008.000) 05/14 16:36:34 Started transferring output files
...
040 (334279.008.000) 05/14 16:36:34 Finished transferring output files
...
005 (334279.008.000) 05/14 16:36:34 Job terminated.
	(1) Normal termination (return value 1)
		Usr 0 00:10:00, Sys 0 00:01:00  -  Run Remote Usage
		Usr 0 00:00:00, Sys 0 00:00:00  -  Run Local Usage
		Usr 0 00:10:00, Sys 0 00:01:00  -  Total Remote Usage
		Usr 0 00:00:00, Sys 0 00:00:00  -  Total Local Usage
	8503  -  Run Bytes Sent By Job
	10917  -  Run Bytes Received By Job
	8503  -  Total Bytes Sent By Job
	10917  -  Total Bytes Received By Job
	Partitionable Resources :    Usage  Request Allocated 
	   Cpus                 :     0.99        1         1 
	   Disk (KB)            :    78           1    217967 
	   Memory (MB)          :   482        2000      2000 
...
