   ZZTo4L_ext_part1   MC  30 chunks


I have 1 taks to process
I'm using the following list of modules DEFAULT_MODULES
this is jobs [('ZZTo4L_ext_part1', 'MY_EOS_SPACE/heppyNtuples/TREES_DiBosons_exclusive_94X/ZZTo4L_ext_part1/treeProducerWMass/tree.root', 18226593.0, '_Friend_ZZTo4L_ext_part1.chunk3', False, xrange(750000, 1000000), 3)]
Modules to run:  []   name =  puWeight
Loading puWeight from CMGTools.WMass.postprocessing.examples.puWeightProducer 
Running on dataset =  ZZTo4L_ext_part1
TFile: name=/afs/cern.ch/work/m/mciprian/w_mass_analysis/heppy/rel_slc7/CMSSW_9_4_12/src/CMGTools/WMass/python/postprocessing/data/pileup/mcPU_2016_W94XnoCutsWithGenWeights_nTrueInt.root, title=, option=READ
TFile: name=/afs/cern.ch/work/m/mciprian/w_mass_analysis/heppy/rel_slc7/CMSSW_9_4_12/src/CMGTools/WMass/python/postprocessing/data/pileup/PileupData_GoldenMuonJSON_Full2016.root, title=, option=READ
Load C++ Worker
Modules to run:  []   name =  muCalibratedWithStatVar
Loading muCalibratedWithStatVar from CMGTools.WMass.postprocessing.examples.lepVarProducer 
Running on dataset =  ZZTo4L_ext_part1
did not find EnergyScaleCorrection shared object, rebuilding
trying to load all the rochester correction libraries
did not find legacy data roccor. rebuilding...
done building legacy data roccor.
Modules to run:  []   name =  jetAllReCleaner
Loading jetAllReCleaner from CMGTools.WMass.postprocessing.examples.jetReCleaner 
Running on dataset =  ZZTo4L_ext_part1
Load C++ Worker
Modules to run:  []   name =  jetReCleaner
Loading jetReCleaner from CMGTools.WMass.postprocessing.examples.jetReCleaner 
Running on dataset =  ZZTo4L_ext_part1
Load C++ Worker
Modules to run:  []   name =  genQEDJets
Loading genQEDJets from CMGTools.WMass.postprocessing.examples.genFriendProducer 
Running on dataset =  ZZTo4L_ext_part1
Will write selected trees to MY_EOS_SPACE/heppyNtuples/TREES_DiBosons_exclusive_94X/friends/
Normalization of nTrueInt_Wnopt: 3.68902e+10
Normalization of pileup: 3.68902e+10
Weights for variable nTrueInt_Wnopt with a number of bins equal to 102:
1 0.3634 0.9215 1.196 0.96 1.118 1.157 0.9675 0.9293 0.9192 0.8823 0.9553 1.062 1.116 1.167 1.194 1.2 1.193 1.177 1.14 1.092 1.06 1.047 1.046 1.047 1.048 1.06 1.077 1.092 1.106 1.122 1.108 1.097 1.051 0.992 0.9144 0.8237 0.7175 0.6087 0.5019 0.4029 0.3076 0.2264 0.1622 0.1123 0.07656 0.05052 0.03159 0.01992 0.01212 0.007355 0.004361 0.002593 0.001553 0.0009624 0.0007219 0.0006632 0.0007233 0.0009289 0.001329 0.001772 0.003222 0.004042 0.00487 0.005064 0.005658 0.005309 0.004846 0.004101 0.003977 0.003686 0.003306 0.002672 0.002286 0.001878 0.00167 1 1 1 1 1 1 1 1 1 1 1 1 1 1 1 1 1 1 1 1 1 1 1 1 1 1 .
Final weights: 
1 0.3634 0.9215 1.196 0.96 1.118 1.157 0.9675 0.9293 0.9192 0.8823 0.9553 1.062 1.116 1.167 1.194 1.2 1.193 1.177 1.14 1.092 1.06 1.047 1.046 1.047 1.048 1.06 1.077 1.092 1.106 1.122 1.108 1.097 1.051 0.992 0.9144 0.8237 0.7175 0.6087 0.5019 0.4029 0.3076 0.2264 0.1622 0.1123 0.07656 0.05052 0.03159 0.01992 0.01212 0.007355 0.004361 0.002593 0.001553 0.0009624 0.0007219 0.0006632 0.0007233 0.0009289 0.001329 0.001772 0.003222 0.004042 0.00487 0.005064 0.005658 0.005309 0.004846 0.004101 0.003977 0.003686 0.003306 0.002672 0.002286 0.001878 0.00167 1 1 1 1 1 1 1 1 1 1 1 1 1 1 1 1 1 1 1 1 1 1 1 1 1 1 .
begin job of lepCalProducer
initializing all the rochester correction objects
initializing the egamma calibrator
Processed   750000/ 7383721 entries (elapsed time     0.3s, curr speed   29.412 kHz, avg speed 2205.882 kHz), accepted        1/       1 events (100.00%)
Processed   760000/ 7383721 entries (elapsed time    18.8s, curr speed    0.541 kHz, avg speed   40.383 kHz), accepted    10001/   10001 events (100.00%)
Processed   770000/ 7383721 entries (elapsed time    37.5s, curr speed    0.534 kHz, avg speed   20.517 kHz), accepted    20001/   20001 events (100.00%)
Processed   780000/ 7383721 entries (elapsed time    55.8s, curr speed    0.549 kHz, avg speed   13.991 kHz), accepted    30001/   30001 events (100.00%)
Processed   790000/ 7383721 entries (elapsed time    74.0s, curr speed    0.548 kHz, avg speed   10.676 kHz), accepted    40001/   40001 events (100.00%)
Processed   800000/ 7383721 entries (elapsed time    92.3s, curr speed    0.545 kHz, avg speed    8.663 kHz), accepted    50001/   50001 events (100.00%)
Processed   810000/ 7383721 entries (elapsed time   108.6s, curr speed    0.615 kHz, avg speed    7.457 kHz), accepted    60001/   60001 events (100.00%)
Processed   820000/ 7383721 entries (elapsed time   123.1s, curr speed    0.691 kHz, avg speed    6.662 kHz), accepted    70001/   70001 events (100.00%)
Processed   830000/ 7383721 entries (elapsed time   137.5s, curr speed    0.696 kHz, avg speed    6.038 kHz), accepted    80001/   80001 events (100.00%)
Processed   840000/ 7383721 entries (elapsed time   151.8s, curr speed    0.700 kHz, avg speed    5.535 kHz), accepted    90001/   90001 events (100.00%)
Processed   850000/ 7383721 entries (elapsed time   166.1s, curr speed    0.696 kHz, avg speed    5.117 kHz), accepted   100001/  100001 events (100.00%)
Processed   860000/ 7383721 entries (elapsed time   207.3s, curr speed    0.243 kHz, avg speed    4.148 kHz), accepted   110001/  110001 events (100.00%)
Processed   870000/ 7383721 entries (elapsed time   221.8s, curr speed    0.692 kHz, avg speed    3.923 kHz), accepted   120001/  120001 events (100.00%)
Processed   880000/ 7383721 entries (elapsed time   236.4s, curr speed    0.684 kHz, avg speed    3.723 kHz), accepted   130001/  130001 events (100.00%)
Processed   890000/ 7383721 entries (elapsed time   250.9s, curr speed    0.690 kHz, avg speed    3.547 kHz), accepted   140001/  140001 events (100.00%)
Processed   900000/ 7383721 entries (elapsed time   265.7s, curr speed    0.675 kHz, avg speed    3.387 kHz), accepted   150001/  150001 events (100.00%)
Processed   910000/ 7383721 entries (elapsed time   308.3s, curr speed    0.235 kHz, avg speed    2.951 kHz), accepted   160001/  160001 events (100.00%)
Processed   920000/ 7383721 entries (elapsed time   323.4s, curr speed    0.663 kHz, avg speed    2.845 kHz), accepted   170001/  170001 events (100.00%)
Processed   930000/ 7383721 entries (elapsed time   338.7s, curr speed    0.653 kHz, avg speed    2.746 kHz), accepted   180001/  180001 events (100.00%)
Processed   940000/ 7383721 entries (elapsed time   353.5s, curr speed    0.678 kHz, avg speed    2.659 kHz), accepted   190001/  190001 events (100.00%)
Processed   950000/ 7383721 entries (elapsed time   368.5s, curr speed    0.667 kHz, avg speed    2.578 kHz), accepted   200001/  200001 events (100.00%)
Processed   960000/ 7383721 entries (elapsed time   383.2s, curr speed    0.680 kHz, avg speed    2.505 kHz), accepted   210001/  210001 events (100.00%)
Processed   970000/ 7383721 entries (elapsed time   425.7s, curr speed    0.235 kHz, avg speed    2.278 kHz), accepted   220001/  220001 events (100.00%)
Processed   980000/ 7383721 entries (elapsed time   440.6s, curr speed    0.674 kHz, avg speed    2.224 kHz), accepted   230001/  230001 events (100.00%)
Processed   990000/ 7383721 entries (elapsed time   455.4s, curr speed    0.676 kHz, avg speed    2.174 kHz), accepted   240001/  240001 events (100.00%)
Processed 250000 entries from MY_EOS_SPACE/heppyNtuples/TREES_DiBosons_exclusive_94X/ZZTo4L_ext_part1/treeProducerWMass/tree.root, selected 250000 entries
Done MY_EOS_SPACE/heppyNtuples/TREES_DiBosons_exclusive_94X/friends/tree_Friend_ZZTo4L_ext_part1.chunk3.root
