   ZZTo2L2Nu_part1   MC  22 chunks


I have 1 taks to process
I'm using the following list of modules DEFAULT_MODULES
this is jobs [('ZZTo2L2Nu_part1', 'MY_EOS_SPACE/heppyNtuples/TREES_DiBosons_exclusive_94X/ZZTo2L2Nu_part1/treeProducerWMass/tree.root', 8931750.0, '_Friend_ZZTo2L2Nu_part1.chunk8', False, xrange(2000000, 2250000), 8)]
Modules to run:  []   name =  puWeight
Loading puWeight from CMGTools.WMass.postprocessing.examples.puWeightProducer 
Running on dataset =  ZZTo2L2Nu_part1
TFile: name=/afs/cern.ch/work/m/mciprian/w_mass_analysis/heppy/rel_slc7/CMSSW_9_4_12/src/CMGTools/WMass/python/postprocessing/data/pileup/mcPU_2016_W94XnoCutsWithGenWeights_nTrueInt.root, title=, option=READ
TFile: name=/afs/cern.ch/work/m/mciprian/w_mass_analysis/heppy/rel_slc7/CMSSW_9_4_12/src/CMGTools/WMass/python/postprocessing/data/pileup/PileupData_GoldenMuonJSON_Full2016.root, title=, option=READ
Load C++ Worker
Modules to run:  []   name =  muCalibratedWithStatVar
Loading muCalibratedWithStatVar from CMGTools.WMass.postprocessing.examples.lepVarProducer 
Running on dataset =  ZZTo2L2Nu_part1
did not find EnergyScaleCorrection shared object, rebuilding
trying to load all the rochester correction libraries
did not find legacy data roccor. rebuilding...
done building legacy data roccor.
Modules to run:  []   name =  jetAllReCleaner
Loading jetAllReCleaner from CMGTools.WMass.postprocessing.examples.jetReCleaner 
Running on dataset =  ZZTo2L2Nu_part1
Load C++ Worker
Modules to run:  []   name =  jetReCleaner
Loading jetReCleaner from CMGTools.WMass.postprocessing.examples.jetReCleaner 
Running on dataset =  ZZTo2L2Nu_part1
Load C++ Worker
Modules to run:  []   name =  genQEDJets
Loading genQEDJets from CMGTools.WMass.postprocessing.examples.genFriendProducer 
Running on dataset =  ZZTo2L2Nu_part1
Will write selected trees to MY_EOS_SPACE/heppyNtuples/TREES_DiBosons_exclusive_94X/friends/
Normalization of nTrueInt_Wnopt: 3.68902e+10
Normalization of pileup: 3.68902e+10
Weights for variable nTrueInt_Wnopt with a number of bins equal to 102:
1 0.3634 0.9215 1.196 0.96 1.118 1.157 0.9675 0.9293 0.9192 0.8823 0.9553 1.062 1.116 1.167 1.194 1.2 1.193 1.177 1.14 1.092 1.06 1.047 1.046 1.047 1.048 1.06 1.077 1.092 1.106 1.122 1.108 1.097 1.051 0.992 0.9144 0.8237 0.7175 0.6087 0.5019 0.4029 0.3076 0.2264 0.1622 0.1123 0.07656 0.05052 0.03159 0.01992 0.01212 0.007355 0.004361 0.002593 0.001553 0.0009624 0.0007219 0.0006632 0.0007233 0.0009289 0.001329 0.001772 0.003222 0.004042 0.00487 0.005064 0.005658 0.005309 0.004846 0.004101 0.003977 0.003686 0.003306 0.002672 0.002286 0.001878 0.00167 1 1 1 1 1 1 1 1 1 1 1 1 1 1 1 1 1 1 1 1 1 1 1 1 1 1 .
Final weights: 
1 0.3634 0.9215 1.196 0.96 1.118 1.157 0.9675 0.9293 0.9192 0.8823 0.9553 1.062 1.116 1.167 1.194 1.2 1.193 1.177 1.14 1.092 1.06 1.047 1.046 1.047 1.048 1.06 1.077 1.092 1.106 1.122 1.108 1.097 1.051 0.992 0.9144 0.8237 0.7175 0.6087 0.5019 0.4029 0.3076 0.2264 0.1622 0.1123 0.07656 0.05052 0.03159 0.01992 0.01212 0.007355 0.004361 0.002593 0.001553 0.0009624 0.0007219 0.0006632 0.0007233 0.0009289 0.001329 0.001772 0.003222 0.004042 0.00487 0.005064 0.005658 0.005309 0.004846 0.004101 0.003977 0.003686 0.003306 0.002672 0.002286 0.001878 0.00167 1 1 1 1 1 1 1 1 1 1 1 1 1 1 1 1 1 1 1 1 1 1 1 1 1 1 .
begin job of lepCalProducer
initializing all the rochester correction objects
initializing the egamma calibrator
Processed  2000000/ 5299103 entries (elapsed time     0.3s, curr speed   30.303 kHz, avg speed 6060.606 kHz), accepted        1/       1 events (100.00%)
Processed  2010000/ 5299103 entries (elapsed time    16.8s, curr speed    0.607 kHz, avg speed  119.643 kHz), accepted    10001/   10001 events (100.00%)
Processed  2020000/ 5299103 entries (elapsed time    34.2s, curr speed    0.576 kHz, avg speed   59.133 kHz), accepted    20001/   20001 events (100.00%)
Processed  2030000/ 5299103 entries (elapsed time    50.9s, curr speed    0.598 kHz, avg speed   39.890 kHz), accepted    30001/   30001 events (100.00%)
Processed  2040000/ 5299103 entries (elapsed time    68.7s, curr speed    0.561 kHz, avg speed   29.686 kHz), accepted    40001/   40001 events (100.00%)
Processed  2050000/ 5299103 entries (elapsed time    85.8s, curr speed    0.587 kHz, avg speed   23.907 kHz), accepted    50001/   50001 events (100.00%)
Processed  2060000/ 5299103 entries (elapsed time   103.6s, curr speed    0.559 kHz, avg speed   19.876 kHz), accepted    60001/   60001 events (100.00%)
Processed  2070000/ 5299103 entries (elapsed time   119.0s, curr speed    0.651 kHz, avg speed   17.395 kHz), accepted    70001/   70001 events (100.00%)
Processed  2080000/ 5299103 entries (elapsed time   132.7s, curr speed    0.730 kHz, avg speed   15.676 kHz), accepted    80001/   80001 events (100.00%)
Processed  2090000/ 5299103 entries (elapsed time   146.4s, curr speed    0.728 kHz, avg speed   14.273 kHz), accepted    90001/   90001 events (100.00%)
Processed  2100000/ 5299103 entries (elapsed time   159.8s, curr speed    0.749 kHz, avg speed   13.142 kHz), accepted   100001/  100001 events (100.00%)
Processed  2110000/ 5299103 entries (elapsed time   173.3s, curr speed    0.737 kHz, avg speed   12.172 kHz), accepted   110001/  110001 events (100.00%)
Processed  2120000/ 5299103 entries (elapsed time   186.8s, curr speed    0.741 kHz, avg speed   11.346 kHz), accepted   120001/  120001 events (100.00%)
Processed  2130000/ 5299103 entries (elapsed time   228.2s, curr speed    0.242 kHz, avg speed    9.332 kHz), accepted   130001/  130001 events (100.00%)
Processed  2140000/ 5299103 entries (elapsed time   242.1s, curr speed    0.720 kHz, avg speed    8.838 kHz), accepted   140001/  140001 events (100.00%)
Processed  2150000/ 5299103 entries (elapsed time   255.9s, curr speed    0.727 kHz, avg speed    8.402 kHz), accepted   150001/  150001 events (100.00%)
Processed  2160000/ 5299103 entries (elapsed time   269.5s, curr speed    0.733 kHz, avg speed    8.014 kHz), accepted   160001/  160001 events (100.00%)
Processed  2170000/ 5299103 entries (elapsed time   283.3s, curr speed    0.728 kHz, avg speed    7.661 kHz), accepted   170001/  170001 events (100.00%)
Processed  2180000/ 5299103 entries (elapsed time   296.9s, curr speed    0.736 kHz, avg speed    7.344 kHz), accepted   180001/  180001 events (100.00%)
Processed  2190000/ 5299103 entries (elapsed time   337.6s, curr speed    0.245 kHz, avg speed    6.487 kHz), accepted   190001/  190001 events (100.00%)
Processed  2200000/ 5299103 entries (elapsed time   351.2s, curr speed    0.739 kHz, avg speed    6.265 kHz), accepted   200001/  200001 events (100.00%)
Processed  2210000/ 5299103 entries (elapsed time   364.6s, curr speed    0.745 kHz, avg speed    6.062 kHz), accepted   210001/  210001 events (100.00%)
Processed  2220000/ 5299103 entries (elapsed time   378.2s, curr speed    0.736 kHz, avg speed    5.871 kHz), accepted   220001/  220001 events (100.00%)
Processed  2230000/ 5299103 entries (elapsed time   391.9s, curr speed    0.729 kHz, avg speed    5.691 kHz), accepted   230001/  230001 events (100.00%)
Processed  2240000/ 5299103 entries (elapsed time   405.8s, curr speed    0.717 kHz, avg speed    5.520 kHz), accepted   240001/  240001 events (100.00%)
Processed 250000 entries from MY_EOS_SPACE/heppyNtuples/TREES_DiBosons_exclusive_94X/ZZTo2L2Nu_part1/treeProducerWMass/tree.root, selected 250000 entries
Done MY_EOS_SPACE/heppyNtuples/TREES_DiBosons_exclusive_94X/friends/tree_Friend_ZZTo2L2Nu_part1.chunk8.root
