   ZZTo4L_ext_part2   MC  28 chunks


I have 1 taks to process
I'm using the following list of modules DEFAULT_MODULES
this is jobs [('ZZTo4L_ext_part2', 'MY_EOS_SPACE/heppyNtuples/TREES_DiBosons_exclusive_94X/ZZTo4L_ext_part2/treeProducerWMass/tree.root', 16833884.0, '_Friend_ZZTo4L_ext_part2.chunk21', False, xrange(5250000, 5500000), 21)]
Modules to run:  []   name =  puWeight
Loading puWeight from CMGTools.WMass.postprocessing.examples.puWeightProducer 
Running on dataset =  ZZTo4L_ext_part2
TFile: name=/afs/cern.ch/work/m/mciprian/w_mass_analysis/heppy/rel_slc7/CMSSW_9_4_12/src/CMGTools/WMass/python/postprocessing/data/pileup/mcPU_2016_W94XnoCutsWithGenWeights_nTrueInt.root, title=, option=READ
TFile: name=/afs/cern.ch/work/m/mciprian/w_mass_analysis/heppy/rel_slc7/CMSSW_9_4_12/src/CMGTools/WMass/python/postprocessing/data/pileup/PileupData_GoldenMuonJSON_Full2016.root, title=, option=READ
Load C++ Worker
Modules to run:  []   name =  muCalibratedWithStatVar
Loading muCalibratedWithStatVar from CMGTools.WMass.postprocessing.examples.lepVarProducer 
Running on dataset =  ZZTo4L_ext_part2
did not find EnergyScaleCorrection shared object, rebuilding
trying to load all the rochester correction libraries
did not find legacy data roccor. rebuilding...
done building legacy data roccor.
Modules to run:  []   name =  jetAllReCleaner
Loading jetAllReCleaner from CMGTools.WMass.postprocessing.examples.jetReCleaner 
Running on dataset =  ZZTo4L_ext_part2
Load C++ Worker
Modules to run:  []   name =  jetReCleaner
Loading jetReCleaner from CMGTools.WMass.postprocessing.examples.jetReCleaner 
Running on dataset =  ZZTo4L_ext_part2
Load C++ Worker
Modules to run:  []   name =  genQEDJets
Loading genQEDJets from CMGTools.WMass.postprocessing.examples.genFriendProducer 
Running on dataset =  ZZTo4L_ext_part2
Will write selected trees to MY_EOS_SPACE/heppyNtuples/TREES_DiBosons_exclusive_94X/friends/
Normalization of nTrueInt_Wnopt: 3.68902e+10
Normalization of pileup: 3.68902e+10
Weights for variable nTrueInt_Wnopt with a number of bins equal to 102:
1 0.3634 0.9215 1.196 0.96 1.118 1.157 0.9675 0.9293 0.9192 0.8823 0.9553 1.062 1.116 1.167 1.194 1.2 1.193 1.177 1.14 1.092 1.06 1.047 1.046 1.047 1.048 1.06 1.077 1.092 1.106 1.122 1.108 1.097 1.051 0.992 0.9144 0.8237 0.7175 0.6087 0.5019 0.4029 0.3076 0.2264 0.1622 0.1123 0.07656 0.05052 0.03159 0.01992 0.01212 0.007355 0.004361 0.002593 0.001553 0.0009624 0.0007219 0.0006632 0.0007233 0.0009289 0.001329 0.001772 0.003222 0.004042 0.00487 0.005064 0.005658 0.005309 0.004846 0.004101 0.003977 0.003686 0.003306 0.002672 0.002286 0.001878 0.00167 1 1 1 1 1 1 1 1 1 1 1 1 1 1 1 1 1 1 1 1 1 1 1 1 1 1 .
Final weights: 
1 0.3634 0.9215 1.196 0.96 1.118 1.157 0.9675 0.9293 0.9192 0.8823 0.9553 1.062 1.116 1.167 1.194 1.2 1.193 1.177 1.14 1.092 1.06 1.047 1.046 1.047 1.048 1.06 1.077 1.092 1.106 1.122 1.108 1.097 1.051 0.992 0.9144 0.8237 0.7175 0.6087 0.5019 0.4029 0.3076 0.2264 0.1622 0.1123 0.07656 0.05052 0.03159 0.01992 0.01212 0.007355 0.004361 0.002593 0.001553 0.0009624 0.0007219 0.0006632 0.0007233 0.0009289 0.001329 0.001772 0.003222 0.004042 0.00487 0.005064 0.005658 0.005309 0.004846 0.004101 0.003977 0.003686 0.003306 0.002672 0.002286 0.001878 0.00167 1 1 1 1 1 1 1 1 1 1 1 1 1 1 1 1 1 1 1 1 1 1 1 1 1 1 .
begin job of lepCalProducer
initializing all the rochester correction objects
initializing the egamma calibrator
Processed  5250000/ 6823641 entries (elapsed time     0.3s, curr speed   38.462 kHz, avg speed 20192.308 kHz), accepted        1/       1 events (100.00%)
Processed  5260000/ 6823641 entries (elapsed time    18.6s, curr speed    0.546 kHz, avg speed  283.405 kHz), accepted    10001/   10001 events (100.00%)
Processed  5270000/ 6823641 entries (elapsed time    36.6s, curr speed    0.554 kHz, avg speed  143.989 kHz), accepted    20001/   20001 events (100.00%)
Processed  5280000/ 6823641 entries (elapsed time    54.2s, curr speed    0.568 kHz, avg speed   97.381 kHz), accepted    30001/   30001 events (100.00%)
Processed  5290000/ 6823641 entries (elapsed time    72.0s, curr speed    0.562 kHz, avg speed   73.452 kHz), accepted    40001/   40001 events (100.00%)
Processed  5300000/ 6823641 entries (elapsed time    90.2s, curr speed    0.552 kHz, avg speed   58.791 kHz), accepted    50001/   50001 events (100.00%)
Processed  5310000/ 6823641 entries (elapsed time   105.9s, curr speed    0.636 kHz, avg speed   50.151 kHz), accepted    60001/   60001 events (100.00%)
Processed  5320000/ 6823641 entries (elapsed time   120.1s, curr speed    0.705 kHz, avg speed   44.307 kHz), accepted    70001/   70001 events (100.00%)
Processed  5330000/ 6823641 entries (elapsed time   134.4s, curr speed    0.700 kHz, avg speed   39.670 kHz), accepted    80001/   80001 events (100.00%)
Processed  5340000/ 6823641 entries (elapsed time   148.7s, curr speed    0.698 kHz, avg speed   35.914 kHz), accepted    90001/   90001 events (100.00%)
Processed  5350000/ 6823641 entries (elapsed time   162.9s, curr speed    0.701 kHz, avg speed   32.832 kHz), accepted   100001/  100001 events (100.00%)
Processed  5360000/ 6823641 entries (elapsed time   201.5s, curr speed    0.260 kHz, avg speed   26.604 kHz), accepted   110001/  110001 events (100.00%)
Processed  5370000/ 6823641 entries (elapsed time   215.7s, curr speed    0.705 kHz, avg speed   24.900 kHz), accepted   120001/  120001 events (100.00%)
Processed  5380000/ 6823641 entries (elapsed time   229.6s, curr speed    0.715 kHz, avg speed   23.428 kHz), accepted   130001/  130001 events (100.00%)
Processed  5390000/ 6823641 entries (elapsed time   243.6s, curr speed    0.715 kHz, avg speed   22.125 kHz), accepted   140001/  140001 events (100.00%)
Processed  5400000/ 6823641 entries (elapsed time   257.6s, curr speed    0.716 kHz, avg speed   20.964 kHz), accepted   150001/  150001 events (100.00%)
Processed  5410000/ 6823641 entries (elapsed time   295.7s, curr speed    0.262 kHz, avg speed   18.295 kHz), accepted   160001/  160001 events (100.00%)
Processed  5420000/ 6823641 entries (elapsed time   310.0s, curr speed    0.699 kHz, avg speed   17.483 kHz), accepted   170001/  170001 events (100.00%)
Processed  5430000/ 6823641 entries (elapsed time   324.3s, curr speed    0.700 kHz, avg speed   16.744 kHz), accepted   180001/  180001 events (100.00%)
Processed  5440000/ 6823641 entries (elapsed time   338.5s, curr speed    0.703 kHz, avg speed   16.069 kHz), accepted   190001/  190001 events (100.00%)
Processed  5450000/ 6823641 entries (elapsed time   352.7s, curr speed    0.705 kHz, avg speed   15.452 kHz), accepted   200001/  200001 events (100.00%)
Processed  5460000/ 6823641 entries (elapsed time   366.9s, curr speed    0.703 kHz, avg speed   14.880 kHz), accepted   210001/  210001 events (100.00%)
Processed  5470000/ 6823641 entries (elapsed time   405.1s, curr speed    0.262 kHz, avg speed   13.503 kHz), accepted   220001/  220001 events (100.00%)
Processed  5480000/ 6823641 entries (elapsed time   419.3s, curr speed    0.701 kHz, avg speed   13.068 kHz), accepted   230001/  230001 events (100.00%)
Processed  5490000/ 6823641 entries (elapsed time   433.5s, curr speed    0.707 kHz, avg speed   12.664 kHz), accepted   240001/  240001 events (100.00%)
Processed 250000 entries from MY_EOS_SPACE/heppyNtuples/TREES_DiBosons_exclusive_94X/ZZTo4L_ext_part2/treeProducerWMass/tree.root, selected 250000 entries
Done MY_EOS_SPACE/heppyNtuples/TREES_DiBosons_exclusive_94X/friends/tree_Friend_ZZTo4L_ext_part2.chunk21.root
