000 (334281.003.000) 05/14 16:10:51 Job submitted from host: <188.184.95.166:9618?addrs=188.184.95.166-9618+[2001-1458-201-e4--100-7a0]-9618&alias=tbird02.cern.ch&noUDP&sock=schedd_2138722_faad_3>
...
040 (334281.003.000) 05/14 16:26:11 Started transferring input files
	Transferring to host: <128.142.33.139:9618?addrs=128.142.33.139-9618+[2001-1458-301-117--100-1d]-9618&noUDP&sock=13100_e28e_104944>
...
040 (334281.003.000) 05/14 16:26:11 Finished transferring input files
...
001 (334281.003.000) 05/14 16:26:12 Job executing on host: <128.142.33.139:9618?addrs=128.142.33.139-9618+[2001-1458-301-117--100-1d]-9618&noUDP&sock=12881_df82_3>
...
006 (334281.003.000) 05/14 16:26:21 Image size of job updated: 226376
	147  -  MemoryUsage of job (MB)
	150316  -  ResidentSetSize of job (KB)
...
006 (334281.003.000) 05/14 16:31:21 Image size of job updated: 500896
	409  -  MemoryUsage of job (MB)
	418112  -  ResidentSetSize of job (KB)
...
006 (334281.003.000) 05/14 16:36:21 Image size of job updated: 571756
	478  -  MemoryUsage of job (MB)
	488972  -  ResidentSetSize of job (KB)
...
006 (334281.003.000) 05/14 16:39:45 Image size of job updated: 574160
	478  -  MemoryUsage of job (MB)
	488972  -  ResidentSetSize of job (KB)
...
040 (334281.003.000) 05/14 16:39:45 Started transferring output files
...
040 (334281.003.000) 05/14 16:39:45 Finished transferring output files
...
005 (334281.003.000) 05/14 16:39:45 Job terminated.
	(1) Normal termination (return value 1)
		Usr 0 00:11:51, Sys 0 00:01:04  -  Run Remote Usage
		Usr 0 00:00:00, Sys 0 00:00:00  -  Run Local Usage
		Usr 0 00:11:51, Sys 0 00:01:04  -  Total Remote Usage
		Usr 0 00:00:00, Sys 0 00:00:00  -  Total Local Usage
	8457  -  Run Bytes Sent By Job
	10917  -  Run Bytes Received By Job
	8457  -  Total Bytes Sent By Job
	10917  -  Total Bytes Received By Job
	Partitionable Resources :    Usage  Request Allocated 
	   Cpus                 :                 1           
	   Disk (KB)            :       71        1   2113729 
	   Memory (MB)          :      478     2000      2000 
...
