   ZZTo4L_ext_part3   MC  30 chunks


I have 1 taks to process
I'm using the following list of modules DEFAULT_MODULES
this is jobs [('ZZTo4L_ext_part3', 'MY_EOS_SPACE/heppyNtuples/TREES_DiBosons_exclusive_94X/ZZTo4L_ext_part3/treeProducerWMass/tree.root', 18368986.0, '_Friend_ZZTo4L_ext_part3.chunk6', False, xrange(1500000, 1750000), 6)]
Modules to run:  []   name =  puWeight
Loading puWeight from CMGTools.WMass.postprocessing.examples.puWeightProducer 
Running on dataset =  ZZTo4L_ext_part3
TFile: name=/afs/cern.ch/work/m/mciprian/w_mass_analysis/heppy/rel_slc7/CMSSW_9_4_12/src/CMGTools/WMass/python/postprocessing/data/pileup/mcPU_2016_W94XnoCutsWithGenWeights_nTrueInt.root, title=, option=READ
TFile: name=/afs/cern.ch/work/m/mciprian/w_mass_analysis/heppy/rel_slc7/CMSSW_9_4_12/src/CMGTools/WMass/python/postprocessing/data/pileup/PileupData_GoldenMuonJSON_Full2016.root, title=, option=READ
Load C++ Worker
Modules to run:  []   name =  muCalibratedWithStatVar
Loading muCalibratedWithStatVar from CMGTools.WMass.postprocessing.examples.lepVarProducer 
Running on dataset =  ZZTo4L_ext_part3
did not find EnergyScaleCorrection shared object, rebuilding
trying to load all the rochester correction libraries
did not find legacy data roccor. rebuilding...
done building legacy data roccor.
Modules to run:  []   name =  jetAllReCleaner
Loading jetAllReCleaner from CMGTools.WMass.postprocessing.examples.jetReCleaner 
Running on dataset =  ZZTo4L_ext_part3
Load C++ Worker
Modules to run:  []   name =  jetReCleaner
Loading jetReCleaner from CMGTools.WMass.postprocessing.examples.jetReCleaner 
Running on dataset =  ZZTo4L_ext_part3
Load C++ Worker
Modules to run:  []   name =  genQEDJets
Loading genQEDJets from CMGTools.WMass.postprocessing.examples.genFriendProducer 
Running on dataset =  ZZTo4L_ext_part3
Will write selected trees to MY_EOS_SPACE/heppyNtuples/TREES_DiBosons_exclusive_94X/friends/
Normalization of nTrueInt_Wnopt: 3.68902e+10
Normalization of pileup: 3.68902e+10
Weights for variable nTrueInt_Wnopt with a number of bins equal to 102:
1 0.3634 0.9215 1.196 0.96 1.118 1.157 0.9675 0.9293 0.9192 0.8823 0.9553 1.062 1.116 1.167 1.194 1.2 1.193 1.177 1.14 1.092 1.06 1.047 1.046 1.047 1.048 1.06 1.077 1.092 1.106 1.122 1.108 1.097 1.051 0.992 0.9144 0.8237 0.7175 0.6087 0.5019 0.4029 0.3076 0.2264 0.1622 0.1123 0.07656 0.05052 0.03159 0.01992 0.01212 0.007355 0.004361 0.002593 0.001553 0.0009624 0.0007219 0.0006632 0.0007233 0.0009289 0.001329 0.001772 0.003222 0.004042 0.00487 0.005064 0.005658 0.005309 0.004846 0.004101 0.003977 0.003686 0.003306 0.002672 0.002286 0.001878 0.00167 1 1 1 1 1 1 1 1 1 1 1 1 1 1 1 1 1 1 1 1 1 1 1 1 1 1 .
Final weights: 
1 0.3634 0.9215 1.196 0.96 1.118 1.157 0.9675 0.9293 0.9192 0.8823 0.9553 1.062 1.116 1.167 1.194 1.2 1.193 1.177 1.14 1.092 1.06 1.047 1.046 1.047 1.048 1.06 1.077 1.092 1.106 1.122 1.108 1.097 1.051 0.992 0.9144 0.8237 0.7175 0.6087 0.5019 0.4029 0.3076 0.2264 0.1622 0.1123 0.07656 0.05052 0.03159 0.01992 0.01212 0.007355 0.004361 0.002593 0.001553 0.0009624 0.0007219 0.0006632 0.0007233 0.0009289 0.001329 0.001772 0.003222 0.004042 0.00487 0.005064 0.005658 0.005309 0.004846 0.004101 0.003977 0.003686 0.003306 0.002672 0.002286 0.001878 0.00167 1 1 1 1 1 1 1 1 1 1 1 1 1 1 1 1 1 1 1 1 1 1 1 1 1 1 .
begin job of lepCalProducer
initializing all the rochester correction objects
initializing the egamma calibrator
Processed  1500000/ 7446423 entries (elapsed time     0.3s, curr speed   32.258 kHz, avg speed 4838.710 kHz), accepted        1/       1 events (100.00%)
Processed  1510000/ 7446423 entries (elapsed time    19.2s, curr speed    0.529 kHz, avg speed   78.564 kHz), accepted    10001/   10001 events (100.00%)
Processed  1520000/ 7446423 entries (elapsed time    38.3s, curr speed    0.524 kHz, avg speed   39.666 kHz), accepted    20001/   20001 events (100.00%)
Processed  1530000/ 7446423 entries (elapsed time    57.2s, curr speed    0.529 kHz, avg speed   26.734 kHz), accepted    30001/   30001 events (100.00%)
Processed  1540000/ 7446423 entries (elapsed time    75.8s, curr speed    0.539 kHz, avg speed   20.317 kHz), accepted    40001/   40001 events (100.00%)
Processed  1550000/ 7446423 entries (elapsed time    94.7s, curr speed    0.531 kHz, avg speed   16.376 kHz), accepted    50001/   50001 events (100.00%)
Processed  1560000/ 7446423 entries (elapsed time   111.8s, curr speed    0.582 kHz, avg speed   13.950 kHz), accepted    60001/   60001 events (100.00%)
Processed  1570000/ 7446423 entries (elapsed time   126.4s, curr speed    0.685 kHz, avg speed   12.419 kHz), accepted    70001/   70001 events (100.00%)
Processed  1580000/ 7446423 entries (elapsed time   141.2s, curr speed    0.678 kHz, avg speed   11.192 kHz), accepted    80001/   80001 events (100.00%)
Processed  1590000/ 7446423 entries (elapsed time   156.3s, curr speed    0.659 kHz, avg speed   10.170 kHz), accepted    90001/   90001 events (100.00%)
Processed  1600000/ 7446423 entries (elapsed time   171.0s, curr speed    0.680 kHz, avg speed    9.355 kHz), accepted   100001/  100001 events (100.00%)
Processed  1610000/ 7446423 entries (elapsed time   211.1s, curr speed    0.250 kHz, avg speed    7.627 kHz), accepted   110001/  110001 events (100.00%)
Processed  1620000/ 7446423 entries (elapsed time   226.2s, curr speed    0.662 kHz, avg speed    7.162 kHz), accepted   120001/  120001 events (100.00%)
Processed  1630000/ 7446423 entries (elapsed time   240.6s, curr speed    0.693 kHz, avg speed    6.774 kHz), accepted   130001/  130001 events (100.00%)
Processed  1640000/ 7446423 entries (elapsed time   255.0s, curr speed    0.694 kHz, avg speed    6.431 kHz), accepted   140001/  140001 events (100.00%)
Processed  1650000/ 7446423 entries (elapsed time   269.5s, curr speed    0.690 kHz, avg speed    6.122 kHz), accepted   150001/  150001 events (100.00%)
Processed  1660000/ 7446423 entries (elapsed time   309.5s, curr speed    0.250 kHz, avg speed    5.364 kHz), accepted   160001/  160001 events (100.00%)
Processed  1670000/ 7446423 entries (elapsed time   323.9s, curr speed    0.693 kHz, avg speed    5.156 kHz), accepted   170001/  170001 events (100.00%)
Processed  1680000/ 7446423 entries (elapsed time   338.2s, curr speed    0.698 kHz, avg speed    4.967 kHz), accepted   180001/  180001 events (100.00%)
Processed  1690000/ 7446423 entries (elapsed time   353.6s, curr speed    0.651 kHz, avg speed    4.780 kHz), accepted   190001/  190001 events (100.00%)
Processed  1700000/ 7446423 entries (elapsed time   368.5s, curr speed    0.670 kHz, avg speed    4.613 kHz), accepted   200001/  200001 events (100.00%)
Processed  1710000/ 7446423 entries (elapsed time   383.9s, curr speed    0.649 kHz, avg speed    4.454 kHz), accepted   210001/  210001 events (100.00%)
Processed  1720000/ 7446423 entries (elapsed time   424.5s, curr speed    0.247 kHz, avg speed    4.052 kHz), accepted   220001/  220001 events (100.00%)
Processed  1730000/ 7446423 entries (elapsed time   438.9s, curr speed    0.693 kHz, avg speed    3.942 kHz), accepted   230001/  230001 events (100.00%)
Processed  1740000/ 7446423 entries (elapsed time   453.3s, curr speed    0.696 kHz, avg speed    3.839 kHz), accepted   240001/  240001 events (100.00%)
Processed 250000 entries from MY_EOS_SPACE/heppyNtuples/TREES_DiBosons_exclusive_94X/ZZTo4L_ext_part3/treeProducerWMass/tree.root, selected 250000 entries
Done MY_EOS_SPACE/heppyNtuples/TREES_DiBosons_exclusive_94X/friends/tree_Friend_ZZTo4L_ext_part3.chunk6.root
