000 (334278.006.000) 05/14 16:10:50 Job submitted from host: <188.184.95.166:9618?addrs=188.184.95.166-9618+[2001-1458-201-e4--100-7a0]-9618&alias=tbird02.cern.ch&noUDP&sock=schedd_2138722_faad_3>
...
022 (334278.006.000) 05/14 16:22:51 Job disconnected, attempting to reconnect
    Socket between submit and execute hosts closed unexpectedly
    Trying to reconnect to slot1_3@b7g28n0272.cern.ch <128.142.240.21:9618?addrs=128.142.240.21-9618+[2001-1458-301-f9--100-2]-9618&noUDP&sock=2335_31ba_3>
...
024 (334278.006.000) 05/14 16:22:51 Job reconnection failed
    Job not found at execution machine
    Can not reconnect to slot1_3@b7g28n0272.cern.ch, rescheduling job
...
040 (334278.006.000) 05/14 16:23:15 Started transferring input files
	Transferring to host: <188.184.207.148:9618?addrs=188.184.207.148-9618+[2001-1458-301-7d--100-594]-9618&noUDP&sock=4203_24c4_128574>
...
040 (334278.006.000) 05/14 16:23:15 Finished transferring input files
...
001 (334278.006.000) 05/14 16:23:16 Job executing on host: <188.184.207.148:9618?addrs=188.184.207.148-9618+[2001-1458-301-7d--100-594]-9618&noUDP&sock=2320_e7cf_3>
...
006 (334278.006.000) 05/14 16:23:24 Image size of job updated: 297484
	211  -  MemoryUsage of job (MB)
	215248  -  ResidentSetSize of job (KB)
...
006 (334278.006.000) 05/14 16:28:24 Image size of job updated: 577560
	484  -  MemoryUsage of job (MB)
	494616  -  ResidentSetSize of job (KB)
...
040 (334278.006.000) 05/14 16:31:40 Started transferring output files
...
040 (334278.006.000) 05/14 16:31:40 Finished transferring output files
...
005 (334278.006.000) 05/14 16:31:40 Job terminated.
	(1) Normal termination (return value 1)
		Usr 0 00:07:29, Sys 0 00:00:46  -  Run Remote Usage
		Usr 0 00:00:00, Sys 0 00:00:00  -  Run Local Usage
		Usr 0 00:07:29, Sys 0 00:00:46  -  Total Remote Usage
		Usr 0 00:00:00, Sys 0 00:00:00  -  Total Local Usage
	8503  -  Run Bytes Sent By Job
	10917  -  Run Bytes Received By Job
	8503  -  Total Bytes Sent By Job
	10917  -  Total Bytes Received By Job
	Partitionable Resources :    Usage  Request Allocated 
	   Cpus                 :                 1           
	   Disk (KB)            :       72        1   2149607 
	   Memory (MB)          :      484     2000      2000 
...
