000 (334271.003.000) 05/14 16:10:45 Job submitted from host: <188.184.95.166:9618?addrs=188.184.95.166-9618+[2001-1458-201-e4--100-7a0]-9618&alias=tbird02.cern.ch&noUDP&sock=schedd_2138722_faad_3>
...
040 (334271.003.000) 05/14 16:13:29 Started transferring input files
	Transferring to host: <128.142.240.20:9618?addrs=128.142.240.20-9618+[2001-1458-301-f9--100-4]-9618&noUDP&sock=29066_6057_1702>
...
040 (334271.003.000) 05/14 16:13:29 Finished transferring input files
...
001 (334271.003.000) 05/14 16:13:30 Job executing on host: <128.142.240.20:9618?addrs=128.142.240.20-9618+[2001-1458-301-f9--100-4]-9618&noUDP&sock=2375_a184_3>
...
006 (334271.003.000) 05/14 16:13:39 Image size of job updated: 237972
	217  -  MemoryUsage of job (MB)
	221220  -  ResidentSetSize of job (KB)
...
006 (334271.003.000) 05/14 16:18:40 Image size of job updated: 434736
	409  -  MemoryUsage of job (MB)
	418116  -  ResidentSetSize of job (KB)
...
006 (334271.003.000) 05/14 16:23:40 Image size of job updated: 535552
	507  -  MemoryUsage of job (MB)
	518932  -  ResidentSetSize of job (KB)
...
006 (334271.003.000) 05/14 16:25:19 Image size of job updated: 678796
	507  -  MemoryUsage of job (MB)
	518932  -  ResidentSetSize of job (KB)
...
040 (334271.003.000) 05/14 16:25:19 Started transferring output files
...
040 (334271.003.000) 05/14 16:25:19 Finished transferring output files
...
005 (334271.003.000) 05/14 16:25:19 Job terminated.
	(1) Normal termination (return value 1)
		Usr 0 00:10:17, Sys 0 00:00:58  -  Run Remote Usage
		Usr 0 00:00:00, Sys 0 00:00:00  -  Run Local Usage
		Usr 0 00:10:17, Sys 0 00:00:58  -  Total Remote Usage
		Usr 0 00:00:00, Sys 0 00:00:00  -  Total Local Usage
	8535  -  Run Bytes Sent By Job
	10917  -  Run Bytes Received By Job
	8535  -  Total Bytes Sent By Job
	10917  -  Total Bytes Received By Job
	Partitionable Resources :    Usage  Request Allocated 
	   Cpus                 :     0.98        1         1 
	   Disk (KB)            :    78           1    218026 
	   Memory (MB)          :   507        2000      2000 
...
