000 (334281.010.000) 05/14 16:10:51 Job submitted from host: <188.184.95.166:9618?addrs=188.184.95.166-9618+[2001-1458-201-e4--100-7a0]-9618&alias=tbird02.cern.ch&noUDP&sock=schedd_2138722_faad_3>
...
040 (334281.010.000) 05/14 16:26:21 Started transferring input files
	Transferring to host: <188.184.133.226:9618?addrs=188.184.133.226-9618+[2001-1458-301-a0--100-239]-9618&noUDP&sock=14884_dfd6_105183>
...
040 (334281.010.000) 05/14 16:26:21 Finished transferring input files
...
001 (334281.010.000) 05/14 16:26:22 Job executing on host: <188.184.133.226:9618?addrs=188.184.133.226-9618+[2001-1458-301-a0--100-239]-9618&noUDP&sock=14664_dcde_3>
...
006 (334281.010.000) 05/14 16:26:31 Image size of job updated: 242788
	161  -  MemoryUsage of job (MB)
	164632  -  ResidentSetSize of job (KB)
...
006 (334281.010.000) 05/14 16:31:32 Image size of job updated: 483404
	390  -  MemoryUsage of job (MB)
	398968  -  ResidentSetSize of job (KB)
...
006 (334281.010.000) 05/14 16:36:32 Image size of job updated: 573436
	478  -  MemoryUsage of job (MB)
	489000  -  ResidentSetSize of job (KB)
...
006 (334281.010.000) 05/14 16:37:39 Image size of job updated: 574064
	478  -  MemoryUsage of job (MB)
	489000  -  ResidentSetSize of job (KB)
...
040 (334281.010.000) 05/14 16:37:39 Started transferring output files
...
040 (334281.010.000) 05/14 16:37:39 Finished transferring output files
...
005 (334281.010.000) 05/14 16:37:39 Job terminated.
	(1) Normal termination (return value 1)
		Usr 0 00:09:58, Sys 0 00:00:56  -  Run Remote Usage
		Usr 0 00:00:00, Sys 0 00:00:00  -  Run Local Usage
		Usr 0 00:09:58, Sys 0 00:00:56  -  Total Remote Usage
		Usr 0 00:00:00, Sys 0 00:00:00  -  Total Local Usage
	7845  -  Run Bytes Sent By Job
	10917  -  Run Bytes Received By Job
	7845  -  Total Bytes Sent By Job
	10917  -  Total Bytes Received By Job
	Partitionable Resources :    Usage  Request Allocated 
	   Cpus                 :                 1           
	   Disk (KB)            :       71        1   2203747 
	   Memory (MB)          :      478     2000      2000 
...
