000 (334275.005.000) 05/14 16:10:47 Job submitted from host: <188.184.95.166:9618?addrs=188.184.95.166-9618+[2001-1458-201-e4--100-7a0]-9618&alias=tbird02.cern.ch&noUDP&sock=schedd_2138722_faad_3>
...
040 (334275.005.000) 05/14 16:18:47 Started transferring input files
	Transferring to host: <188.184.186.22:9618?addrs=188.184.186.22-9618+[2001-1458-301-f8--100-13]-9618&noUDP&sock=4093_a380_128275>
...
040 (334275.005.000) 05/14 16:18:47 Finished transferring input files
...
001 (334275.005.000) 05/14 16:18:48 Job executing on host: <188.184.186.22:9618?addrs=188.184.186.22-9618+[2001-1458-301-f8--100-13]-9618&noUDP&sock=2329_1429_3>
...
006 (334275.005.000) 05/14 16:18:56 Image size of job updated: 330244
	242  -  MemoryUsage of job (MB)
	247404  -  ResidentSetSize of job (KB)
...
006 (334275.005.000) 05/14 16:23:56 Image size of job updated: 576764
	483  -  MemoryUsage of job (MB)
	493760  -  ResidentSetSize of job (KB)
...
040 (334275.005.000) 05/14 16:26:39 Started transferring output files
...
040 (334275.005.000) 05/14 16:26:39 Finished transferring output files
...
005 (334275.005.000) 05/14 16:26:39 Job terminated.
	(1) Normal termination (return value 1)
		Usr 0 00:07:00, Sys 0 00:00:43  -  Run Remote Usage
		Usr 0 00:00:00, Sys 0 00:00:00  -  Run Local Usage
		Usr 0 00:07:00, Sys 0 00:00:43  -  Total Remote Usage
		Usr 0 00:00:00, Sys 0 00:00:00  -  Total Local Usage
	8503  -  Run Bytes Sent By Job
	10917  -  Run Bytes Received By Job
	8503  -  Total Bytes Sent By Job
	10917  -  Total Bytes Received By Job
	Partitionable Resources :    Usage  Request Allocated 
	   Cpus                 :                 1           
	   Disk (KB)            :       71        1   2192944 
	   Memory (MB)          :      483     2000      2000 
...
