000 (334276.015.000) 05/14 16:10:48 Job submitted from host: <188.184.95.166:9618?addrs=188.184.95.166-9618+[2001-1458-201-e4--100-7a0]-9618&alias=tbird02.cern.ch&noUDP&sock=schedd_2138722_faad_3>
...
022 (334276.015.000) 05/14 16:21:27 Job disconnected, attempting to reconnect
    Socket between submit and execute hosts closed unexpectedly
    Trying to reconnect to slot1_2@b7g28n0272.cern.ch <128.142.240.21:9618?addrs=128.142.240.21-9618+[2001-1458-301-f9--100-2]-9618&noUDP&sock=2335_31ba_3>
...
024 (334276.015.000) 05/14 16:21:27 Job reconnection failed
    Job not found at execution machine
    Can not reconnect to slot1_2@b7g28n0272.cern.ch, rescheduling job
...
040 (334276.015.000) 05/14 16:21:38 Started transferring input files
	Transferring to host: <128.142.240.42:9618?addrs=128.142.240.42-9618+[2001-1458-301-f9--100-12]-9618&noUDP&sock=4165_5e82_128793>
...
040 (334276.015.000) 05/14 16:21:38 Finished transferring input files
...
001 (334276.015.000) 05/14 16:21:39 Job executing on host: <128.142.240.42:9618?addrs=128.142.240.42-9618+[2001-1458-301-f9--100-12]-9618&noUDP&sock=2326_0560_3>
...
006 (334276.015.000) 05/14 16:21:47 Image size of job updated: 313996
	226  -  MemoryUsage of job (MB)
	231320  -  ResidentSetSize of job (KB)
...
006 (334276.015.000) 05/14 16:26:47 Image size of job updated: 492048
	481  -  MemoryUsage of job (MB)
	491932  -  ResidentSetSize of job (KB)
...
006 (334276.015.000) 05/14 16:29:19 Image size of job updated: 492144
	481  -  MemoryUsage of job (MB)
	491932  -  ResidentSetSize of job (KB)
...
040 (334276.015.000) 05/14 16:29:19 Started transferring output files
...
040 (334276.015.000) 05/14 16:29:19 Finished transferring output files
...
005 (334276.015.000) 05/14 16:29:19 Job terminated.
	(1) Normal termination (return value 1)
		Usr 0 00:06:55, Sys 0 00:00:41  -  Run Remote Usage
		Usr 0 00:00:00, Sys 0 00:00:00  -  Run Local Usage
		Usr 0 00:06:55, Sys 0 00:00:41  -  Total Remote Usage
		Usr 0 00:00:00, Sys 0 00:00:00  -  Total Local Usage
	8507  -  Run Bytes Sent By Job
	10917  -  Run Bytes Received By Job
	8507  -  Total Bytes Sent By Job
	10917  -  Total Bytes Received By Job
	Partitionable Resources :    Usage  Request Allocated 
	   Cpus                 :                 1           
	   Disk (KB)            :       72        1   2170445 
	   Memory (MB)          :      481     2000      2000 
...
