000 (334280.005.000) 05/14 16:10:51 Job submitted from host: <188.184.95.166:9618?addrs=188.184.95.166-9618+[2001-1458-201-e4--100-7a0]-9618&alias=tbird02.cern.ch&noUDP&sock=schedd_2138722_faad_3>
...
040 (334280.005.000) 05/14 16:25:47 Started transferring input files
	Transferring to host: <188.184.186.24:9618?addrs=188.184.186.24-9618+[2001-1458-301-f8--100-1f]-9618&noUDP&sock=3869_cf76_128081>
...
040 (334280.005.000) 05/14 16:25:47 Finished transferring input files
...
001 (334280.005.000) 05/14 16:25:48 Job executing on host: <188.184.186.24:9618?addrs=188.184.186.24-9618+[2001-1458-301-f8--100-1f]-9618&noUDP&sock=2337_90eb_3>
...
006 (334280.005.000) 05/14 16:25:56 Image size of job updated: 242576
	163  -  MemoryUsage of job (MB)
	165996  -  ResidentSetSize of job (KB)
...
006 (334280.005.000) 05/14 16:30:56 Image size of job updated: 483300
	392  -  MemoryUsage of job (MB)
	400424  -  ResidentSetSize of job (KB)
...
006 (334280.005.000) 05/14 16:35:57 Image size of job updated: 571928
	478  -  MemoryUsage of job (MB)
	489052  -  ResidentSetSize of job (KB)
...
006 (334280.005.000) 05/14 16:39:38 Image size of job updated: 573380
	478  -  MemoryUsage of job (MB)
	489052  -  ResidentSetSize of job (KB)
...
040 (334280.005.000) 05/14 16:39:38 Started transferring output files
...
040 (334280.005.000) 05/14 16:39:38 Finished transferring output files
...
005 (334280.005.000) 05/14 16:39:38 Job terminated.
	(1) Normal termination (return value 1)
		Usr 0 00:12:03, Sys 0 00:01:04  -  Run Remote Usage
		Usr 0 00:00:00, Sys 0 00:00:00  -  Run Local Usage
		Usr 0 00:12:03, Sys 0 00:01:04  -  Total Remote Usage
		Usr 0 00:00:00, Sys 0 00:00:00  -  Total Local Usage
	8502  -  Run Bytes Sent By Job
	10917  -  Run Bytes Received By Job
	8502  -  Total Bytes Sent By Job
	10917  -  Total Bytes Received By Job
	Partitionable Resources :    Usage  Request Allocated 
	   Cpus                 :                 1           
	   Disk (KB)            :       71        1   2178234 
	   Memory (MB)          :      478     2000      2000 
...
