000 (334273.016.000) 05/14 16:10:46 Job submitted from host: <188.184.95.166:9618?addrs=188.184.95.166-9618+[2001-1458-201-e4--100-7a0]-9618&alias=tbird02.cern.ch&noUDP&sock=schedd_2138722_faad_3>
...
022 (334273.016.000) 05/14 16:14:50 Job disconnected, attempting to reconnect
    Socket between submit and execute hosts closed unexpectedly
    Trying to reconnect to slot1_3@b7g28n0801.cern.ch <188.184.132.48:9618?addrs=188.184.132.48-9618+[--1]-9618&noUDP&sock=2265_2e19_3>
...
024 (334273.016.000) 05/14 16:14:50 Job reconnection failed
    Job not found at execution machine
    Can not reconnect to slot1_3@b7g28n0801.cern.ch, rescheduling job
...
040 (334273.016.000) 05/14 16:16:10 Started transferring input files
	Transferring to host: <188.184.186.32:9618?addrs=188.184.186.32-9618+[2001-1458-301-f8--100-d]-9618&noUDP&sock=4038_e2dd_129168>
...
040 (334273.016.000) 05/14 16:16:10 Finished transferring input files
...
001 (334273.016.000) 05/14 16:16:11 Job executing on host: <188.184.186.32:9618?addrs=188.184.186.32-9618+[2001-1458-301-f8--100-d]-9618&noUDP&sock=2352_dad7_3>
...
006 (334273.016.000) 05/14 16:16:19 Image size of job updated: 134588
	77  -  MemoryUsage of job (MB)
	78572  -  ResidentSetSize of job (KB)
...
006 (334273.016.000) 05/14 16:21:19 Image size of job updated: 611324
	513  -  MemoryUsage of job (MB)
	525024  -  ResidentSetSize of job (KB)
...
040 (334273.016.000) 05/14 16:22:56 Started transferring output files
...
040 (334273.016.000) 05/14 16:22:56 Finished transferring output files
...
005 (334273.016.000) 05/14 16:22:56 Job terminated.
	(1) Normal termination (return value 1)
		Usr 0 00:05:57, Sys 0 00:00:39  -  Run Remote Usage
		Usr 0 00:00:00, Sys 0 00:00:00  -  Run Local Usage
		Usr 0 00:05:57, Sys 0 00:00:39  -  Total Remote Usage
		Usr 0 00:00:00, Sys 0 00:00:00  -  Total Local Usage
	8495  -  Run Bytes Sent By Job
	10917  -  Run Bytes Received By Job
	8495  -  Total Bytes Sent By Job
	10917  -  Total Bytes Received By Job
	Partitionable Resources :    Usage  Request Allocated 
	   Cpus                 :                 1           
	   Disk (KB)            :       71        1   2130697 
	   Memory (MB)          :      513     2000      2000 
...
