000 (334269.016.000) 05/14 16:10:44 Job submitted from host: <188.184.95.166:9618?addrs=188.184.95.166-9618+[2001-1458-201-e4--100-7a0]-9618&alias=tbird02.cern.ch&noUDP&sock=schedd_2138722_faad_3>
...
040 (334269.016.000) 05/14 16:13:04 Started transferring input files
	Transferring to host: <128.142.240.29:9618?addrs=128.142.240.29-9618+[2001-1458-301-f9--100-d]-9618&noUDP&sock=3763_1fb2_128220>
...
040 (334269.016.000) 05/14 16:13:04 Finished transferring input files
...
001 (334269.016.000) 05/14 16:13:05 Job executing on host: <128.142.240.29:9618?addrs=128.142.240.29-9618+[2001-1458-301-f9--100-d]-9618&noUDP&sock=2346_bd45_3>
...
006 (334269.016.000) 05/14 16:13:14 Image size of job updated: 292124
	207  -  MemoryUsage of job (MB)
	211796  -  ResidentSetSize of job (KB)
...
006 (334269.016.000) 05/14 16:18:15 Image size of job updated: 485484
	394  -  MemoryUsage of job (MB)
	402752  -  ResidentSetSize of job (KB)
...
006 (334269.016.000) 05/14 16:23:15 Image size of job updated: 522772
	508  -  MemoryUsage of job (MB)
	519904  -  ResidentSetSize of job (KB)
...
040 (334269.016.000) 05/14 16:27:21 Started transferring output files
...
040 (334269.016.000) 05/14 16:27:21 Finished transferring output files
...
005 (334269.016.000) 05/14 16:27:21 Job terminated.
	(1) Normal termination (return value 1)
		Usr 0 00:12:22, Sys 0 00:01:04  -  Run Remote Usage
		Usr 0 00:00:00, Sys 0 00:00:00  -  Run Local Usage
		Usr 0 00:12:22, Sys 0 00:01:04  -  Total Remote Usage
		Usr 0 00:00:00, Sys 0 00:00:00  -  Total Local Usage
	8539  -  Run Bytes Sent By Job
	10917  -  Run Bytes Received By Job
	8539  -  Total Bytes Sent By Job
	10917  -  Total Bytes Received By Job
	Partitionable Resources :    Usage  Request Allocated 
	   Cpus                 :                 1           
	   Disk (KB)            :       71        1   2092930 
	   Memory (MB)          :      508     2000      2000 
...
