000 (334280.002.000) 05/14 16:10:51 Job submitted from host: <188.184.95.166:9618?addrs=188.184.95.166-9618+[2001-1458-201-e4--100-7a0]-9618&alias=tbird02.cern.ch&noUDP&sock=schedd_2138722_faad_3>
...
040 (334280.002.000) 05/14 16:25:45 Started transferring input files
	Transferring to host: <128.142.240.40:9618?addrs=128.142.240.40-9618+[2001-1458-301-f9--100-6]-9618&noUDP&sock=4031_f43d_128326>
...
040 (334280.002.000) 05/14 16:25:45 Finished transferring input files
...
001 (334280.002.000) 05/14 16:25:46 Job executing on host: <128.142.240.40:9618?addrs=128.142.240.40-9618+[2001-1458-301-f9--100-6]-9618&noUDP&sock=2328_6491_3>
...
006 (334280.002.000) 05/14 16:25:54 Image size of job updated: 230548
	151  -  MemoryUsage of job (MB)
	154588  -  ResidentSetSize of job (KB)
...
006 (334280.002.000) 05/14 16:30:54 Image size of job updated: 404076
	392  -  MemoryUsage of job (MB)
	401184  -  ResidentSetSize of job (KB)
...
006 (334280.002.000) 05/14 16:35:56 Image size of job updated: 493192
	479  -  MemoryUsage of job (MB)
	490300  -  ResidentSetSize of job (KB)
...
040 (334280.002.000) 05/14 16:39:44 Started transferring output files
...
040 (334280.002.000) 05/14 16:39:44 Finished transferring output files
...
005 (334280.002.000) 05/14 16:39:44 Job terminated.
	(1) Normal termination (return value 1)
		Usr 0 00:12:13, Sys 0 00:01:08  -  Run Remote Usage
		Usr 0 00:00:00, Sys 0 00:00:00  -  Run Local Usage
		Usr 0 00:12:13, Sys 0 00:01:08  -  Total Remote Usage
		Usr 0 00:00:00, Sys 0 00:00:00  -  Total Local Usage
	8500  -  Run Bytes Sent By Job
	10917  -  Run Bytes Received By Job
	8500  -  Total Bytes Sent By Job
	10917  -  Total Bytes Received By Job
	Partitionable Resources :    Usage  Request Allocated 
	   Cpus                 :                 1           
	   Disk (KB)            :       71        1   2172341 
	   Memory (MB)          :      479     2000      2000 
...
