000 (334278.007.000) 05/14 16:10:50 Job submitted from host: <188.184.95.166:9618?addrs=188.184.95.166-9618+[2001-1458-201-e4--100-7a0]-9618&alias=tbird02.cern.ch&noUDP&sock=schedd_2138722_faad_3>
...
022 (334278.007.000) 05/14 16:22:52 Job disconnected, attempting to reconnect
    Socket between submit and execute hosts closed unexpectedly
    Trying to reconnect to slot1_3@b7g28n0095.cern.ch <188.184.186.30:9618?addrs=188.184.186.30-9618+[2001-1458-301-f8--100-2b]-9618&noUDP&sock=2326_0560_3>
...
024 (334278.007.000) 05/14 16:22:52 Job reconnection failed
    Job not found at execution machine
    Can not reconnect to slot1_3@b7g28n0095.cern.ch, rescheduling job
...
040 (334278.007.000) 05/14 16:23:21 Started transferring input files
	Transferring to host: <128.142.240.72:9618?addrs=128.142.240.72-9618+[2001-1458-301-f9--100-18]-9618&noUDP&sock=4151_8142_128074>
...
040 (334278.007.000) 05/14 16:23:21 Finished transferring input files
...
001 (334278.007.000) 05/14 16:23:22 Job executing on host: <128.142.240.72:9618?addrs=128.142.240.72-9618+[2001-1458-301-f9--100-18]-9618&noUDP&sock=2334_8222_3>
...
006 (334278.007.000) 05/14 16:23:30 Image size of job updated: 324584
	237  -  MemoryUsage of job (MB)
	241912  -  ResidentSetSize of job (KB)
...
006 (334278.007.000) 05/14 16:28:30 Image size of job updated: 574884
	481  -  MemoryUsage of job (MB)
	492048  -  ResidentSetSize of job (KB)
...
006 (334278.007.000) 05/14 16:31:14 Image size of job updated: 575556
	481  -  MemoryUsage of job (MB)
	492048  -  ResidentSetSize of job (KB)
...
040 (334278.007.000) 05/14 16:31:14 Started transferring output files
...
040 (334278.007.000) 05/14 16:31:14 Finished transferring output files
...
005 (334278.007.000) 05/14 16:31:14 Job terminated.
	(1) Normal termination (return value 1)
		Usr 0 00:07:04, Sys 0 00:00:42  -  Run Remote Usage
		Usr 0 00:00:00, Sys 0 00:00:00  -  Run Local Usage
		Usr 0 00:07:04, Sys 0 00:00:42  -  Total Remote Usage
		Usr 0 00:00:00, Sys 0 00:00:00  -  Total Local Usage
	8503  -  Run Bytes Sent By Job
	10917  -  Run Bytes Received By Job
	8503  -  Total Bytes Sent By Job
	10917  -  Total Bytes Received By Job
	Partitionable Resources :    Usage  Request Allocated 
	   Cpus                 :                 1           
	   Disk (KB)            :       72        1   2200305 
	   Memory (MB)          :      481     2000      2000 
...
