   ZZTo2L2Nu_part1   MC  22 chunks


I have 1 taks to process
I'm using the following list of modules DEFAULT_MODULES
this is jobs [('ZZTo2L2Nu_part1', 'MY_EOS_SPACE/heppyNtuples/TREES_DiBosons_exclusive_94X/ZZTo2L2Nu_part1/treeProducerWMass/tree.root', 8931750.0, '_Friend_ZZTo2L2Nu_part1.chunk16', False, xrange(4000000, 4250000), 16)]
Modules to run:  []   name =  puWeight
Loading puWeight from CMGTools.WMass.postprocessing.examples.puWeightProducer 
Running on dataset =  ZZTo2L2Nu_part1
TFile: name=/afs/cern.ch/work/m/mciprian/w_mass_analysis/heppy/rel_slc7/CMSSW_9_4_12/src/CMGTools/WMass/python/postprocessing/data/pileup/mcPU_2016_W94XnoCutsWithGenWeights_nTrueInt.root, title=, option=READ
TFile: name=/afs/cern.ch/work/m/mciprian/w_mass_analysis/heppy/rel_slc7/CMSSW_9_4_12/src/CMGTools/WMass/python/postprocessing/data/pileup/PileupData_GoldenMuonJSON_Full2016.root, title=, option=READ
Load C++ Worker
Modules to run:  []   name =  muCalibratedWithStatVar
Loading muCalibratedWithStatVar from CMGTools.WMass.postprocessing.examples.lepVarProducer 
Running on dataset =  ZZTo2L2Nu_part1
did not find EnergyScaleCorrection shared object, rebuilding
trying to load all the rochester correction libraries
did not find legacy data roccor. rebuilding...
done building legacy data roccor.
Modules to run:  []   name =  jetAllReCleaner
Loading jetAllReCleaner from CMGTools.WMass.postprocessing.examples.jetReCleaner 
Running on dataset =  ZZTo2L2Nu_part1
Load C++ Worker
Modules to run:  []   name =  jetReCleaner
Loading jetReCleaner from CMGTools.WMass.postprocessing.examples.jetReCleaner 
Running on dataset =  ZZTo2L2Nu_part1
Load C++ Worker
Modules to run:  []   name =  genQEDJets
Loading genQEDJets from CMGTools.WMass.postprocessing.examples.genFriendProducer 
Running on dataset =  ZZTo2L2Nu_part1
Will write selected trees to MY_EOS_SPACE/heppyNtuples/TREES_DiBosons_exclusive_94X/friends/
Normalization of nTrueInt_Wnopt: 3.68902e+10
Normalization of pileup: 3.68902e+10
Weights for variable nTrueInt_Wnopt with a number of bins equal to 102:
1 0.3634 0.9215 1.196 0.96 1.118 1.157 0.9675 0.9293 0.9192 0.8823 0.9553 1.062 1.116 1.167 1.194 1.2 1.193 1.177 1.14 1.092 1.06 1.047 1.046 1.047 1.048 1.06 1.077 1.092 1.106 1.122 1.108 1.097 1.051 0.992 0.9144 0.8237 0.7175 0.6087 0.5019 0.4029 0.3076 0.2264 0.1622 0.1123 0.07656 0.05052 0.03159 0.01992 0.01212 0.007355 0.004361 0.002593 0.001553 0.0009624 0.0007219 0.0006632 0.0007233 0.0009289 0.001329 0.001772 0.003222 0.004042 0.00487 0.005064 0.005658 0.005309 0.004846 0.004101 0.003977 0.003686 0.003306 0.002672 0.002286 0.001878 0.00167 1 1 1 1 1 1 1 1 1 1 1 1 1 1 1 1 1 1 1 1 1 1 1 1 1 1 .
Final weights: 
1 0.3634 0.9215 1.196 0.96 1.118 1.157 0.9675 0.9293 0.9192 0.8823 0.9553 1.062 1.116 1.167 1.194 1.2 1.193 1.177 1.14 1.092 1.06 1.047 1.046 1.047 1.048 1.06 1.077 1.092 1.106 1.122 1.108 1.097 1.051 0.992 0.9144 0.8237 0.7175 0.6087 0.5019 0.4029 0.3076 0.2264 0.1622 0.1123 0.07656 0.05052 0.03159 0.01992 0.01212 0.007355 0.004361 0.002593 0.001553 0.0009624 0.0007219 0.0006632 0.0007233 0.0009289 0.001329 0.001772 0.003222 0.004042 0.00487 0.005064 0.005658 0.005309 0.004846 0.004101 0.003977 0.003686 0.003306 0.002672 0.002286 0.001878 0.00167 1 1 1 1 1 1 1 1 1 1 1 1 1 1 1 1 1 1 1 1 1 1 1 1 1 1 .
begin job of lepCalProducer
initializing all the rochester correction objects
initializing the egamma calibrator
Processed  4000000/ 5299103 entries (elapsed time     0.3s, curr speed   34.483 kHz, avg speed 13793.103 kHz), accepted        1/       1 events (100.00%)
Processed  4010000/ 5299103 entries (elapsed time    14.8s, curr speed    0.688 kHz, avg speed  270.398 kHz), accepted    10001/   10001 events (100.00%)
Processed  4020000/ 5299103 entries (elapsed time    30.3s, curr speed    0.647 kHz, avg speed  132.717 kHz), accepted    20001/   20001 events (100.00%)
Processed  4030000/ 5299103 entries (elapsed time    45.0s, curr speed    0.681 kHz, avg speed   89.595 kHz), accepted    30001/   30001 events (100.00%)
Processed  4040000/ 5299103 entries (elapsed time    60.5s, curr speed    0.644 kHz, avg speed   66.755 kHz), accepted    40001/   40001 events (100.00%)
Processed  4050000/ 5299103 entries (elapsed time    75.5s, curr speed    0.668 kHz, avg speed   53.642 kHz), accepted    50001/   50001 events (100.00%)
Processed  4060000/ 5299103 entries (elapsed time    91.0s, curr speed    0.645 kHz, avg speed   44.610 kHz), accepted    60001/   60001 events (100.00%)
Processed  4070000/ 5299103 entries (elapsed time   104.8s, curr speed    0.724 kHz, avg speed   38.825 kHz), accepted    70001/   70001 events (100.00%)
Processed  4080000/ 5299103 entries (elapsed time   117.0s, curr speed    0.823 kHz, avg speed   34.878 kHz), accepted    80001/   80001 events (100.00%)
Processed  4090000/ 5299103 entries (elapsed time   129.2s, curr speed    0.816 kHz, avg speed   31.647 kHz), accepted    90001/   90001 events (100.00%)
Processed  4100000/ 5299103 entries (elapsed time   141.4s, curr speed    0.824 kHz, avg speed   29.000 kHz), accepted   100001/  100001 events (100.00%)
Processed  4110000/ 5299103 entries (elapsed time   153.4s, curr speed    0.829 kHz, avg speed   26.786 kHz), accepted   110001/  110001 events (100.00%)
Processed  4120000/ 5299103 entries (elapsed time   165.4s, curr speed    0.837 kHz, avg speed   24.911 kHz), accepted   120001/  120001 events (100.00%)
Processed  4130000/ 5299103 entries (elapsed time   200.0s, curr speed    0.289 kHz, avg speed   20.653 kHz), accepted   130001/  130001 events (100.00%)
Processed  4140000/ 5299103 entries (elapsed time   212.1s, curr speed    0.826 kHz, avg speed   19.521 kHz), accepted   140001/  140001 events (100.00%)
Processed  4150000/ 5299103 entries (elapsed time   224.2s, curr speed    0.822 kHz, avg speed   18.506 kHz), accepted   150001/  150001 events (100.00%)
Processed  4160000/ 5299103 entries (elapsed time   237.0s, curr speed    0.786 kHz, avg speed   17.555 kHz), accepted   160001/  160001 events (100.00%)
Processed  4170000/ 5299103 entries (elapsed time   249.5s, curr speed    0.796 kHz, avg speed   16.711 kHz), accepted   170001/  170001 events (100.00%)
Processed  4180000/ 5299103 entries (elapsed time   262.2s, curr speed    0.789 kHz, avg speed   15.941 kHz), accepted   180001/  180001 events (100.00%)
Processed  4190000/ 5299103 entries (elapsed time   275.0s, curr speed    0.784 kHz, avg speed   15.239 kHz), accepted   190001/  190001 events (100.00%)
Processed  4200000/ 5299103 entries (elapsed time   311.0s, curr speed    0.277 kHz, avg speed   13.504 kHz), accepted   200001/  200001 events (100.00%)
Processed  4210000/ 5299103 entries (elapsed time   323.8s, curr speed    0.781 kHz, avg speed   13.001 kHz), accepted   210001/  210001 events (100.00%)
Processed  4220000/ 5299103 entries (elapsed time   336.6s, curr speed    0.782 kHz, avg speed   12.536 kHz), accepted   220001/  220001 events (100.00%)
Processed  4230000/ 5299103 entries (elapsed time   349.4s, curr speed    0.783 kHz, avg speed   12.107 kHz), accepted   230001/  230001 events (100.00%)
Processed  4240000/ 5299103 entries (elapsed time   362.1s, curr speed    0.787 kHz, avg speed   11.710 kHz), accepted   240001/  240001 events (100.00%)
Processed 250000 entries from MY_EOS_SPACE/heppyNtuples/TREES_DiBosons_exclusive_94X/ZZTo2L2Nu_part1/treeProducerWMass/tree.root, selected 250000 entries
Done MY_EOS_SPACE/heppyNtuples/TREES_DiBosons_exclusive_94X/friends/tree_Friend_ZZTo2L2Nu_part1.chunk16.root
