000 (334272.018.000) 05/14 16:10:46 Job submitted from host: <188.184.95.166:9618?addrs=188.184.95.166-9618+[2001-1458-201-e4--100-7a0]-9618&alias=tbird02.cern.ch&noUDP&sock=schedd_2138722_faad_3>
...
040 (334272.018.000) 05/14 16:13:48 Started transferring input files
	Transferring to host: <188.184.132.51:9618?addrs=188.184.132.51-9618+[2001-1458-301-a0--100-1f]-9618&noUDP&sock=4125_2f81_127773>
...
040 (334272.018.000) 05/14 16:13:48 Finished transferring input files
...
001 (334272.018.000) 05/14 16:13:49 Job executing on host: <188.184.132.51:9618?addrs=188.184.132.51-9618+[2001-1458-301-a0--100-1f]-9618&noUDP&sock=2320_e7cf_3>
...
006 (334272.018.000) 05/14 16:13:57 Image size of job updated: 240904
	171  -  MemoryUsage of job (MB)
	174248  -  ResidentSetSize of job (KB)
...
006 (334272.018.000) 05/14 16:18:57 Image size of job updated: 488208
	406  -  MemoryUsage of job (MB)
	415656  -  ResidentSetSize of job (KB)
...
006 (334272.018.000) 05/14 16:23:58 Image size of job updated: 591660
	507  -  MemoryUsage of job (MB)
	519108  -  ResidentSetSize of job (KB)
...
006 (334272.018.000) 05/14 16:27:44 Image size of job updated: 924512
	507  -  MemoryUsage of job (MB)
	519108  -  ResidentSetSize of job (KB)
...
040 (334272.018.000) 05/14 16:27:44 Started transferring output files
...
040 (334272.018.000) 05/14 16:27:44 Finished transferring output files
...
005 (334272.018.000) 05/14 16:27:44 Job terminated.
	(1) Normal termination (return value 1)
		Usr 0 00:12:25, Sys 0 00:01:03  -  Run Remote Usage
		Usr 0 00:00:00, Sys 0 00:00:00  -  Run Local Usage
		Usr 0 00:12:25, Sys 0 00:01:03  -  Total Remote Usage
		Usr 0 00:00:00, Sys 0 00:00:00  -  Total Local Usage
	8539  -  Run Bytes Sent By Job
	10917  -  Run Bytes Received By Job
	8539  -  Total Bytes Sent By Job
	10917  -  Total Bytes Received By Job
	Partitionable Resources :    Usage  Request Allocated 
	   Cpus                 :                 1           
	   Disk (KB)            :       71        1   2141686 
	   Memory (MB)          :      507     2000      2000 
...
