   ZZTo2L2Nu_ext_part3   MC  31 chunks


I have 1 taks to process
I'm using the following list of modules DEFAULT_MODULES
this is jobs [('ZZTo2L2Nu_ext_part3', 'MY_EOS_SPACE/heppyNtuples/TREES_DiBosons_exclusive_94X/ZZTo2L2Nu_ext_part3/treeProducerWMass/tree.root', 12876388.0, '_Friend_ZZTo2L2Nu_ext_part3.chunk16', False, xrange(4000000, 4250000), 16)]
Modules to run:  []   name =  puWeight
Loading puWeight from CMGTools.WMass.postprocessing.examples.puWeightProducer 
Running on dataset =  ZZTo2L2Nu_ext_part3
TFile: name=/afs/cern.ch/work/m/mciprian/w_mass_analysis/heppy/rel_slc7/CMSSW_9_4_12/src/CMGTools/WMass/python/postprocessing/data/pileup/mcPU_2016_W94XnoCutsWithGenWeights_nTrueInt.root, title=, option=READ
TFile: name=/afs/cern.ch/work/m/mciprian/w_mass_analysis/heppy/rel_slc7/CMSSW_9_4_12/src/CMGTools/WMass/python/postprocessing/data/pileup/PileupData_GoldenMuonJSON_Full2016.root, title=, option=READ
Load C++ Worker
Modules to run:  []   name =  muCalibratedWithStatVar
Loading muCalibratedWithStatVar from CMGTools.WMass.postprocessing.examples.lepVarProducer 
Running on dataset =  ZZTo2L2Nu_ext_part3
did not find EnergyScaleCorrection shared object, rebuilding
trying to load all the rochester correction libraries
did not find legacy data roccor. rebuilding...
done building legacy data roccor.
Modules to run:  []   name =  jetAllReCleaner
Loading jetAllReCleaner from CMGTools.WMass.postprocessing.examples.jetReCleaner 
Running on dataset =  ZZTo2L2Nu_ext_part3
Load C++ Worker
Modules to run:  []   name =  jetReCleaner
Loading jetReCleaner from CMGTools.WMass.postprocessing.examples.jetReCleaner 
Running on dataset =  ZZTo2L2Nu_ext_part3
Load C++ Worker
Modules to run:  []   name =  genQEDJets
Loading genQEDJets from CMGTools.WMass.postprocessing.examples.genFriendProducer 
Running on dataset =  ZZTo2L2Nu_ext_part3
Will write selected trees to MY_EOS_SPACE/heppyNtuples/TREES_DiBosons_exclusive_94X/friends/
Normalization of nTrueInt_Wnopt: 3.68902e+10
Normalization of pileup: 3.68902e+10
Weights for variable nTrueInt_Wnopt with a number of bins equal to 102:
1 0.3634 0.9215 1.196 0.96 1.118 1.157 0.9675 0.9293 0.9192 0.8823 0.9553 1.062 1.116 1.167 1.194 1.2 1.193 1.177 1.14 1.092 1.06 1.047 1.046 1.047 1.048 1.06 1.077 1.092 1.106 1.122 1.108 1.097 1.051 0.992 0.9144 0.8237 0.7175 0.6087 0.5019 0.4029 0.3076 0.2264 0.1622 0.1123 0.07656 0.05052 0.03159 0.01992 0.01212 0.007355 0.004361 0.002593 0.001553 0.0009624 0.0007219 0.0006632 0.0007233 0.0009289 0.001329 0.001772 0.003222 0.004042 0.00487 0.005064 0.005658 0.005309 0.004846 0.004101 0.003977 0.003686 0.003306 0.002672 0.002286 0.001878 0.00167 1 1 1 1 1 1 1 1 1 1 1 1 1 1 1 1 1 1 1 1 1 1 1 1 1 1 .
Final weights: 
1 0.3634 0.9215 1.196 0.96 1.118 1.157 0.9675 0.9293 0.9192 0.8823 0.9553 1.062 1.116 1.167 1.194 1.2 1.193 1.177 1.14 1.092 1.06 1.047 1.046 1.047 1.048 1.06 1.077 1.092 1.106 1.122 1.108 1.097 1.051 0.992 0.9144 0.8237 0.7175 0.6087 0.5019 0.4029 0.3076 0.2264 0.1622 0.1123 0.07656 0.05052 0.03159 0.01992 0.01212 0.007355 0.004361 0.002593 0.001553 0.0009624 0.0007219 0.0006632 0.0007233 0.0009289 0.001329 0.001772 0.003222 0.004042 0.00487 0.005064 0.005658 0.005309 0.004846 0.004101 0.003977 0.003686 0.003306 0.002672 0.002286 0.001878 0.00167 1 1 1 1 1 1 1 1 1 1 1 1 1 1 1 1 1 1 1 1 1 1 1 1 1 1 .
begin job of lepCalProducer
initializing all the rochester correction objects
initializing the egamma calibrator
Processed  4000000/ 7639238 entries (elapsed time     0.5s, curr speed   21.739 kHz, avg speed 8695.652 kHz), accepted        1/       1 events (100.00%)
Processed  4010000/ 7639238 entries (elapsed time    31.0s, curr speed    0.328 kHz, avg speed  129.397 kHz), accepted    10001/   10001 events (100.00%)
Processed  4020000/ 7639238 entries (elapsed time    62.0s, curr speed    0.322 kHz, avg speed   64.839 kHz), accepted    20001/   20001 events (100.00%)
Processed  4030000/ 7639238 entries (elapsed time    92.7s, curr speed    0.326 kHz, avg speed   43.492 kHz), accepted    30001/   30001 events (100.00%)
Processed  4040000/ 7639238 entries (elapsed time   124.9s, curr speed    0.310 kHz, avg speed   32.351 kHz), accepted    40001/   40001 events (100.00%)
Processed  4050000/ 7639238 entries (elapsed time   154.5s, curr speed    0.337 kHz, avg speed   26.212 kHz), accepted    50001/   50001 events (100.00%)
Processed  4060000/ 7639238 entries (elapsed time   187.1s, curr speed    0.307 kHz, avg speed   21.704 kHz), accepted    60001/   60001 events (100.00%)
Processed  4070000/ 7639238 entries (elapsed time   216.5s, curr speed    0.339 kHz, avg speed   18.797 kHz), accepted    70001/   70001 events (100.00%)
Processed  4080000/ 7639238 entries (elapsed time   242.1s, curr speed    0.391 kHz, avg speed   16.851 kHz), accepted    80001/   80001 events (100.00%)
Processed  4090000/ 7639238 entries (elapsed time   268.6s, curr speed    0.377 kHz, avg speed   15.225 kHz), accepted    90001/   90001 events (100.00%)
Processed  4100000/ 7639238 entries (elapsed time   293.9s, curr speed    0.395 kHz, avg speed   13.948 kHz), accepted   100001/  100001 events (100.00%)
Processed  4110000/ 7639238 entries (elapsed time   319.0s, curr speed    0.399 kHz, avg speed   12.884 kHz), accepted   110001/  110001 events (100.00%)
Processed  4120000/ 7639238 entries (elapsed time   344.3s, curr speed    0.395 kHz, avg speed   11.966 kHz), accepted   120001/  120001 events (100.00%)
Processed  4130000/ 7639238 entries (elapsed time   415.6s, curr speed    0.140 kHz, avg speed    9.937 kHz), accepted   130001/  130001 events (100.00%)
Processed  4140000/ 7639238 entries (elapsed time   441.7s, curr speed    0.384 kHz, avg speed    9.374 kHz), accepted   140001/  140001 events (100.00%)
Processed  4150000/ 7639238 entries (elapsed time   466.6s, curr speed    0.400 kHz, avg speed    8.893 kHz), accepted   150001/  150001 events (100.00%)
Processed  4160000/ 7639238 entries (elapsed time   492.7s, curr speed    0.384 kHz, avg speed    8.443 kHz), accepted   160001/  160001 events (100.00%)
Processed  4170000/ 7639238 entries (elapsed time   517.8s, curr speed    0.399 kHz, avg speed    8.054 kHz), accepted   170001/  170001 events (100.00%)
Processed  4180000/ 7639238 entries (elapsed time   542.8s, curr speed    0.399 kHz, avg speed    7.700 kHz), accepted   180001/  180001 events (100.00%)
Processed  4190000/ 7639238 entries (elapsed time   613.9s, curr speed    0.141 kHz, avg speed    6.825 kHz), accepted   190001/  190001 events (100.00%)
Processed  4200000/ 7639238 entries (elapsed time   639.3s, curr speed    0.394 kHz, avg speed    6.570 kHz), accepted   200001/  200001 events (100.00%)
Processed  4210000/ 7639238 entries (elapsed time   664.3s, curr speed    0.400 kHz, avg speed    6.338 kHz), accepted   210001/  210001 events (100.00%)
Processed  4220000/ 7639238 entries (elapsed time   689.4s, curr speed    0.398 kHz, avg speed    6.121 kHz), accepted   220001/  220001 events (100.00%)
Processed  4230000/ 7639238 entries (elapsed time   714.0s, curr speed    0.406 kHz, avg speed    5.924 kHz), accepted   230001/  230001 events (100.00%)
Processed  4240000/ 7639238 entries (elapsed time   740.3s, curr speed    0.381 kHz, avg speed    5.727 kHz), accepted   240001/  240001 events (100.00%)
Processed 250000 entries from MY_EOS_SPACE/heppyNtuples/TREES_DiBosons_exclusive_94X/ZZTo2L2Nu_ext_part3/treeProducerWMass/tree.root, selected 250000 entries
Done MY_EOS_SPACE/heppyNtuples/TREES_DiBosons_exclusive_94X/friends/tree_Friend_ZZTo2L2Nu_ext_part3.chunk16.root
