000 (334273.015.000) 05/14 16:10:46 Job submitted from host: <188.184.95.166:9618?addrs=188.184.95.166-9618+[2001-1458-201-e4--100-7a0]-9618&alias=tbird02.cern.ch&noUDP&sock=schedd_2138722_faad_3>
...
040 (334273.015.000) 05/14 16:17:28 Started transferring input files
	Transferring to host: <188.184.132.52:9618?addrs=188.184.132.52-9618+[2001-1458-301-a0--100-1b]-9618&noUDP&sock=4089_d1ff_127698>
...
040 (334273.015.000) 05/14 16:17:28 Finished transferring input files
...
001 (334273.015.000) 05/14 16:17:29 Job executing on host: <188.184.132.52:9618?addrs=188.184.132.52-9618+[2001-1458-301-a0--100-1b]-9618&noUDP&sock=2324_a630_3>
...
006 (334273.015.000) 05/14 16:17:38 Image size of job updated: 312632
	225  -  MemoryUsage of job (MB)
	229900  -  ResidentSetSize of job (KB)
...
006 (334273.015.000) 05/14 16:22:39 Image size of job updated: 528692
	514  -  MemoryUsage of job (MB)
	525944  -  ResidentSetSize of job (KB)
...
040 (334273.015.000) 05/14 16:24:41 Started transferring output files
...
040 (334273.015.000) 05/14 16:24:41 Finished transferring output files
...
005 (334273.015.000) 05/14 16:24:41 Job terminated.
	(1) Normal termination (return value 1)
		Usr 0 00:06:29, Sys 0 00:00:37  -  Run Remote Usage
		Usr 0 00:00:00, Sys 0 00:00:00  -  Run Local Usage
		Usr 0 00:06:29, Sys 0 00:00:37  -  Total Remote Usage
		Usr 0 00:00:00, Sys 0 00:00:00  -  Total Local Usage
	8495  -  Run Bytes Sent By Job
	10917  -  Run Bytes Received By Job
	8495  -  Total Bytes Sent By Job
	10917  -  Total Bytes Received By Job
	Partitionable Resources :    Usage  Request Allocated 
	   Cpus                 :                 1           
	   Disk (KB)            :       71        1   2167492 
	   Memory (MB)          :      514     2000      2000 
...
