   ZZTo4L_ext_part2   MC  28 chunks


I have 1 taks to process
I'm using the following list of modules DEFAULT_MODULES
this is jobs [('ZZTo4L_ext_part2', 'MY_EOS_SPACE/heppyNtuples/TREES_DiBosons_exclusive_94X/ZZTo4L_ext_part2/treeProducerWMass/tree.root', 16833884.0, '_Friend_ZZTo4L_ext_part2.chunk11', False, xrange(2750000, 3000000), 11)]
Modules to run:  []   name =  puWeight
Loading puWeight from CMGTools.WMass.postprocessing.examples.puWeightProducer 
Running on dataset =  ZZTo4L_ext_part2
TFile: name=/afs/cern.ch/work/m/mciprian/w_mass_analysis/heppy/rel_slc7/CMSSW_9_4_12/src/CMGTools/WMass/python/postprocessing/data/pileup/mcPU_2016_W94XnoCutsWithGenWeights_nTrueInt.root, title=, option=READ
TFile: name=/afs/cern.ch/work/m/mciprian/w_mass_analysis/heppy/rel_slc7/CMSSW_9_4_12/src/CMGTools/WMass/python/postprocessing/data/pileup/PileupData_GoldenMuonJSON_Full2016.root, title=, option=READ
Load C++ Worker
Modules to run:  []   name =  muCalibratedWithStatVar
Loading muCalibratedWithStatVar from CMGTools.WMass.postprocessing.examples.lepVarProducer 
Running on dataset =  ZZTo4L_ext_part2
did not find EnergyScaleCorrection shared object, rebuilding
trying to load all the rochester correction libraries
did not find legacy data roccor. rebuilding...
done building legacy data roccor.
Modules to run:  []   name =  jetAllReCleaner
Loading jetAllReCleaner from CMGTools.WMass.postprocessing.examples.jetReCleaner 
Running on dataset =  ZZTo4L_ext_part2
Load C++ Worker
Modules to run:  []   name =  jetReCleaner
Loading jetReCleaner from CMGTools.WMass.postprocessing.examples.jetReCleaner 
Running on dataset =  ZZTo4L_ext_part2
Load C++ Worker
Modules to run:  []   name =  genQEDJets
Loading genQEDJets from CMGTools.WMass.postprocessing.examples.genFriendProducer 
Running on dataset =  ZZTo4L_ext_part2
Will write selected trees to MY_EOS_SPACE/heppyNtuples/TREES_DiBosons_exclusive_94X/friends/
Normalization of nTrueInt_Wnopt: 3.68902e+10
Normalization of pileup: 3.68902e+10
Weights for variable nTrueInt_Wnopt with a number of bins equal to 102:
1 0.3634 0.9215 1.196 0.96 1.118 1.157 0.9675 0.9293 0.9192 0.8823 0.9553 1.062 1.116 1.167 1.194 1.2 1.193 1.177 1.14 1.092 1.06 1.047 1.046 1.047 1.048 1.06 1.077 1.092 1.106 1.122 1.108 1.097 1.051 0.992 0.9144 0.8237 0.7175 0.6087 0.5019 0.4029 0.3076 0.2264 0.1622 0.1123 0.07656 0.05052 0.03159 0.01992 0.01212 0.007355 0.004361 0.002593 0.001553 0.0009624 0.0007219 0.0006632 0.0007233 0.0009289 0.001329 0.001772 0.003222 0.004042 0.00487 0.005064 0.005658 0.005309 0.004846 0.004101 0.003977 0.003686 0.003306 0.002672 0.002286 0.001878 0.00167 1 1 1 1 1 1 1 1 1 1 1 1 1 1 1 1 1 1 1 1 1 1 1 1 1 1 .
Final weights: 
1 0.3634 0.9215 1.196 0.96 1.118 1.157 0.9675 0.9293 0.9192 0.8823 0.9553 1.062 1.116 1.167 1.194 1.2 1.193 1.177 1.14 1.092 1.06 1.047 1.046 1.047 1.048 1.06 1.077 1.092 1.106 1.122 1.108 1.097 1.051 0.992 0.9144 0.8237 0.7175 0.6087 0.5019 0.4029 0.3076 0.2264 0.1622 0.1123 0.07656 0.05052 0.03159 0.01992 0.01212 0.007355 0.004361 0.002593 0.001553 0.0009624 0.0007219 0.0006632 0.0007233 0.0009289 0.001329 0.001772 0.003222 0.004042 0.00487 0.005064 0.005658 0.005309 0.004846 0.004101 0.003977 0.003686 0.003306 0.002672 0.002286 0.001878 0.00167 1 1 1 1 1 1 1 1 1 1 1 1 1 1 1 1 1 1 1 1 1 1 1 1 1 1 .
begin job of lepCalProducer
initializing all the rochester correction objects
initializing the egamma calibrator
Processed  2750000/ 6823641 entries (elapsed time     0.3s, curr speed   34.483 kHz, avg speed 9482.759 kHz), accepted        1/       1 events (100.00%)
Processed  2760000/ 6823641 entries (elapsed time    18.5s, curr speed    0.549 kHz, avg speed  149.189 kHz), accepted    10001/   10001 events (100.00%)
Processed  2770000/ 6823641 entries (elapsed time    36.3s, curr speed    0.561 kHz, avg speed   76.288 kHz), accepted    20001/   20001 events (100.00%)
Processed  2780000/ 6823641 entries (elapsed time    54.3s, curr speed    0.556 kHz, avg speed   51.188 kHz), accepted    30001/   30001 events (100.00%)
Processed  2790000/ 6823641 entries (elapsed time    72.7s, curr speed    0.543 kHz, avg speed   38.361 kHz), accepted    40001/   40001 events (100.00%)
Processed  2800000/ 6823641 entries (elapsed time    91.1s, curr speed    0.545 kHz, avg speed   30.739 kHz), accepted    50001/   50001 events (100.00%)
Processed  2810000/ 6823641 entries (elapsed time   106.9s, curr speed    0.631 kHz, avg speed   26.279 kHz), accepted    60001/   60001 events (100.00%)
Processed  2820000/ 6823641 entries (elapsed time   120.9s, curr speed    0.714 kHz, avg speed   23.319 kHz), accepted    70001/   70001 events (100.00%)
Processed  2830000/ 6823641 entries (elapsed time   134.9s, curr speed    0.716 kHz, avg speed   20.979 kHz), accepted    80001/   80001 events (100.00%)
Processed  2840000/ 6823641 entries (elapsed time   148.8s, curr speed    0.718 kHz, avg speed   19.083 kHz), accepted    90001/   90001 events (100.00%)
Processed  2850000/ 6823641 entries (elapsed time   162.7s, curr speed    0.720 kHz, avg speed   17.517 kHz), accepted   100001/  100001 events (100.00%)
Processed  2860000/ 6823641 entries (elapsed time   201.6s, curr speed    0.257 kHz, avg speed   14.189 kHz), accepted   110001/  110001 events (100.00%)
Processed  2870000/ 6823641 entries (elapsed time   216.2s, curr speed    0.683 kHz, avg speed   13.274 kHz), accepted   120001/  120001 events (100.00%)
Processed  2880000/ 6823641 entries (elapsed time   230.8s, curr speed    0.687 kHz, avg speed   12.480 kHz), accepted   130001/  130001 events (100.00%)
Processed  2890000/ 6823641 entries (elapsed time   245.2s, curr speed    0.695 kHz, avg speed   11.789 kHz), accepted   140001/  140001 events (100.00%)
Processed  2900000/ 6823641 entries (elapsed time   259.7s, curr speed    0.686 kHz, avg speed   11.165 kHz), accepted   150001/  150001 events (100.00%)
Processed  2910000/ 6823641 entries (elapsed time   299.3s, curr speed    0.253 kHz, avg speed    9.722 kHz), accepted   160001/  160001 events (100.00%)
Processed  2920000/ 6823641 entries (elapsed time   313.1s, curr speed    0.724 kHz, avg speed    9.325 kHz), accepted   170001/  170001 events (100.00%)
Processed  2930000/ 6823641 entries (elapsed time   327.0s, curr speed    0.719 kHz, avg speed    8.959 kHz), accepted   180001/  180001 events (100.00%)
Processed  2940000/ 6823641 entries (elapsed time   341.2s, curr speed    0.704 kHz, avg speed    8.615 kHz), accepted   190001/  190001 events (100.00%)
Processed  2950000/ 6823641 entries (elapsed time   355.6s, curr speed    0.696 kHz, avg speed    8.296 kHz), accepted   200001/  200001 events (100.00%)
Processed  2960000/ 6823641 entries (elapsed time   369.9s, curr speed    0.699 kHz, avg speed    8.002 kHz), accepted   210001/  210001 events (100.00%)
Processed  2970000/ 6823641 entries (elapsed time   410.3s, curr speed    0.248 kHz, avg speed    7.239 kHz), accepted   220001/  220001 events (100.00%)
Processed  2980000/ 6823641 entries (elapsed time   424.7s, curr speed    0.693 kHz, avg speed    7.016 kHz), accepted   230001/  230001 events (100.00%)
Processed  2990000/ 6823641 entries (elapsed time   439.1s, curr speed    0.697 kHz, avg speed    6.810 kHz), accepted   240001/  240001 events (100.00%)
Processed 250000 entries from MY_EOS_SPACE/heppyNtuples/TREES_DiBosons_exclusive_94X/ZZTo4L_ext_part2/treeProducerWMass/tree.root, selected 250000 entries
Done MY_EOS_SPACE/heppyNtuples/TREES_DiBosons_exclusive_94X/friends/tree_Friend_ZZTo4L_ext_part2.chunk11.root
