   ZZTo4L_ext_part1   MC  30 chunks


I have 1 taks to process
I'm using the following list of modules DEFAULT_MODULES
this is jobs [('ZZTo4L_ext_part1', 'MY_EOS_SPACE/heppyNtuples/TREES_DiBosons_exclusive_94X/ZZTo4L_ext_part1/treeProducerWMass/tree.root', 18226593.0, '_Friend_ZZTo4L_ext_part1.chunk11', False, xrange(2750000, 3000000), 11)]
Modules to run:  []   name =  puWeight
Loading puWeight from CMGTools.WMass.postprocessing.examples.puWeightProducer 
Running on dataset =  ZZTo4L_ext_part1
TFile: name=/afs/cern.ch/work/m/mciprian/w_mass_analysis/heppy/rel_slc7/CMSSW_9_4_12/src/CMGTools/WMass/python/postprocessing/data/pileup/mcPU_2016_W94XnoCutsWithGenWeights_nTrueInt.root, title=, option=READ
TFile: name=/afs/cern.ch/work/m/mciprian/w_mass_analysis/heppy/rel_slc7/CMSSW_9_4_12/src/CMGTools/WMass/python/postprocessing/data/pileup/PileupData_GoldenMuonJSON_Full2016.root, title=, option=READ
Load C++ Worker
Modules to run:  []   name =  muCalibratedWithStatVar
Loading muCalibratedWithStatVar from CMGTools.WMass.postprocessing.examples.lepVarProducer 
Running on dataset =  ZZTo4L_ext_part1
did not find EnergyScaleCorrection shared object, rebuilding
trying to load all the rochester correction libraries
did not find legacy data roccor. rebuilding...
done building legacy data roccor.
Modules to run:  []   name =  jetAllReCleaner
Loading jetAllReCleaner from CMGTools.WMass.postprocessing.examples.jetReCleaner 
Running on dataset =  ZZTo4L_ext_part1
Load C++ Worker
Modules to run:  []   name =  jetReCleaner
Loading jetReCleaner from CMGTools.WMass.postprocessing.examples.jetReCleaner 
Running on dataset =  ZZTo4L_ext_part1
Load C++ Worker
Modules to run:  []   name =  genQEDJets
Loading genQEDJets from CMGTools.WMass.postprocessing.examples.genFriendProducer 
Running on dataset =  ZZTo4L_ext_part1
Will write selected trees to MY_EOS_SPACE/heppyNtuples/TREES_DiBosons_exclusive_94X/friends/
Normalization of nTrueInt_Wnopt: 3.68902e+10
Normalization of pileup: 3.68902e+10
Weights for variable nTrueInt_Wnopt with a number of bins equal to 102:
1 0.3634 0.9215 1.196 0.96 1.118 1.157 0.9675 0.9293 0.9192 0.8823 0.9553 1.062 1.116 1.167 1.194 1.2 1.193 1.177 1.14 1.092 1.06 1.047 1.046 1.047 1.048 1.06 1.077 1.092 1.106 1.122 1.108 1.097 1.051 0.992 0.9144 0.8237 0.7175 0.6087 0.5019 0.4029 0.3076 0.2264 0.1622 0.1123 0.07656 0.05052 0.03159 0.01992 0.01212 0.007355 0.004361 0.002593 0.001553 0.0009624 0.0007219 0.0006632 0.0007233 0.0009289 0.001329 0.001772 0.003222 0.004042 0.00487 0.005064 0.005658 0.005309 0.004846 0.004101 0.003977 0.003686 0.003306 0.002672 0.002286 0.001878 0.00167 1 1 1 1 1 1 1 1 1 1 1 1 1 1 1 1 1 1 1 1 1 1 1 1 1 1 .
Final weights: 
1 0.3634 0.9215 1.196 0.96 1.118 1.157 0.9675 0.9293 0.9192 0.8823 0.9553 1.062 1.116 1.167 1.194 1.2 1.193 1.177 1.14 1.092 1.06 1.047 1.046 1.047 1.048 1.06 1.077 1.092 1.106 1.122 1.108 1.097 1.051 0.992 0.9144 0.8237 0.7175 0.6087 0.5019 0.4029 0.3076 0.2264 0.1622 0.1123 0.07656 0.05052 0.03159 0.01992 0.01212 0.007355 0.004361 0.002593 0.001553 0.0009624 0.0007219 0.0006632 0.0007233 0.0009289 0.001329 0.001772 0.003222 0.004042 0.00487 0.005064 0.005658 0.005309 0.004846 0.004101 0.003977 0.003686 0.003306 0.002672 0.002286 0.001878 0.00167 1 1 1 1 1 1 1 1 1 1 1 1 1 1 1 1 1 1 1 1 1 1 1 1 1 1 .
begin job of lepCalProducer
initializing all the rochester correction objects
initializing the egamma calibrator
Processed  2750000/ 7383721 entries (elapsed time     0.4s, curr speed   28.571 kHz, avg speed 7857.143 kHz), accepted        1/       1 events (100.00%)
Processed  2760000/ 7383721 entries (elapsed time    18.5s, curr speed    0.552 kHz, avg speed  149.432 kHz), accepted    10001/   10001 events (100.00%)
Processed  2770000/ 7383721 entries (elapsed time    36.4s, curr speed    0.558 kHz, avg speed   76.141 kHz), accepted    20001/   20001 events (100.00%)
Processed  2780000/ 7383721 entries (elapsed time    54.5s, curr speed    0.552 kHz, avg speed   51.028 kHz), accepted    30001/   30001 events (100.00%)
Processed  2790000/ 7383721 entries (elapsed time    72.9s, curr speed    0.544 kHz, avg speed   38.287 kHz), accepted    40001/   40001 events (100.00%)
Processed  2800000/ 7383721 entries (elapsed time    91.2s, curr speed    0.546 kHz, avg speed   30.702 kHz), accepted    50001/   50001 events (100.00%)
Processed  2810000/ 7383721 entries (elapsed time   107.4s, curr speed    0.616 kHz, avg speed   26.157 kHz), accepted    60001/   60001 events (100.00%)
Processed  2820000/ 7383721 entries (elapsed time   121.7s, curr speed    0.699 kHz, avg speed   23.166 kHz), accepted    70001/   70001 events (100.00%)
Processed  2830000/ 7383721 entries (elapsed time   136.2s, curr speed    0.689 kHz, avg speed   20.771 kHz), accepted    80001/   80001 events (100.00%)
Processed  2840000/ 7383721 entries (elapsed time   150.8s, curr speed    0.689 kHz, avg speed   18.838 kHz), accepted    90001/   90001 events (100.00%)
Processed  2850000/ 7383721 entries (elapsed time   165.3s, curr speed    0.686 kHz, avg speed   17.238 kHz), accepted   100001/  100001 events (100.00%)
Processed  2860000/ 7383721 entries (elapsed time   205.1s, curr speed    0.252 kHz, avg speed   13.948 kHz), accepted   110001/  110001 events (100.00%)
Processed  2870000/ 7383721 entries (elapsed time   219.2s, curr speed    0.709 kHz, avg speed   13.096 kHz), accepted   120001/  120001 events (100.00%)
Processed  2880000/ 7383721 entries (elapsed time   233.6s, curr speed    0.693 kHz, avg speed   12.329 kHz), accepted   130001/  130001 events (100.00%)
Processed  2890000/ 7383721 entries (elapsed time   248.5s, curr speed    0.672 kHz, avg speed   11.632 kHz), accepted   140001/  140001 events (100.00%)
Processed  2900000/ 7383721 entries (elapsed time   262.8s, curr speed    0.698 kHz, avg speed   11.035 kHz), accepted   150001/  150001 events (100.00%)
Processed  2910000/ 7383721 entries (elapsed time   302.5s, curr speed    0.252 kHz, avg speed    9.620 kHz), accepted   160001/  160001 events (100.00%)
Processed  2920000/ 7383721 entries (elapsed time   316.8s, curr speed    0.698 kHz, avg speed    9.217 kHz), accepted   170001/  170001 events (100.00%)
Processed  2930000/ 7383721 entries (elapsed time   331.2s, curr speed    0.697 kHz, avg speed    8.848 kHz), accepted   180001/  180001 events (100.00%)
Processed  2940000/ 7383721 entries (elapsed time   345.5s, curr speed    0.696 kHz, avg speed    8.509 kHz), accepted   190001/  190001 events (100.00%)
Processed  2950000/ 7383721 entries (elapsed time   359.9s, curr speed    0.698 kHz, avg speed    8.198 kHz), accepted   200001/  200001 events (100.00%)
Processed  2960000/ 7383721 entries (elapsed time   374.3s, curr speed    0.694 kHz, avg speed    7.909 kHz), accepted   210001/  210001 events (100.00%)
Processed  2970000/ 7383721 entries (elapsed time   413.2s, curr speed    0.257 kHz, avg speed    7.187 kHz), accepted   220001/  220001 events (100.00%)
Processed  2980000/ 7383721 entries (elapsed time   427.3s, curr speed    0.710 kHz, avg speed    6.974 kHz), accepted   230001/  230001 events (100.00%)
Processed  2990000/ 7383721 entries (elapsed time   441.4s, curr speed    0.708 kHz, avg speed    6.773 kHz), accepted   240001/  240001 events (100.00%)
Processed 250000 entries from MY_EOS_SPACE/heppyNtuples/TREES_DiBosons_exclusive_94X/ZZTo4L_ext_part1/treeProducerWMass/tree.root, selected 250000 entries
Done MY_EOS_SPACE/heppyNtuples/TREES_DiBosons_exclusive_94X/friends/tree_Friend_ZZTo4L_ext_part1.chunk11.root
