000 (334277.018.000) 05/14 16:10:48 Job submitted from host: <188.184.95.166:9618?addrs=188.184.95.166-9618+[2001-1458-201-e4--100-7a0]-9618&alias=tbird02.cern.ch&noUDP&sock=schedd_2138722_faad_3>
...
040 (334277.018.000) 05/14 16:22:44 Started transferring input files
	Transferring to host: <128.142.240.53:9618?addrs=128.142.240.53-9618+[2001-1458-301-f9--100-24]-9618&noUDP&sock=3930_ca59_128673>
...
040 (334277.018.000) 05/14 16:22:44 Finished transferring input files
...
001 (334277.018.000) 05/14 16:22:45 Job executing on host: <128.142.240.53:9618?addrs=128.142.240.53-9618+[2001-1458-301-f9--100-24]-9618&noUDP&sock=2329_1429_3>
...
006 (334277.018.000) 05/14 16:22:53 Image size of job updated: 255252
	243  -  MemoryUsage of job (MB)
	247852  -  ResidentSetSize of job (KB)
...
006 (334277.018.000) 05/14 16:27:53 Image size of job updated: 498024
	480  -  MemoryUsage of job (MB)
	491020  -  ResidentSetSize of job (KB)
...
040 (334277.018.000) 05/14 16:30:02 Started transferring output files
...
040 (334277.018.000) 05/14 16:30:02 Finished transferring output files
...
005 (334277.018.000) 05/14 16:30:02 Job terminated.
	(1) Normal termination (return value 1)
		Usr 0 00:06:30, Sys 0 00:00:43  -  Run Remote Usage
		Usr 0 00:00:00, Sys 0 00:00:00  -  Run Local Usage
		Usr 0 00:06:30, Sys 0 00:00:43  -  Total Remote Usage
		Usr 0 00:00:00, Sys 0 00:00:00  -  Total Local Usage
	8507  -  Run Bytes Sent By Job
	10917  -  Run Bytes Received By Job
	8507  -  Total Bytes Sent By Job
	10917  -  Total Bytes Received By Job
	Partitionable Resources :    Usage  Request Allocated 
	   Cpus                 :                 1           
	   Disk (KB)            :       72        1   2136860 
	   Memory (MB)          :      480     2000      2000 
...
