   ZZTo2L2Nu_ext_part2   MC  33 chunks


I have 1 taks to process
I'm using the following list of modules DEFAULT_MODULES
this is jobs [('ZZTo2L2Nu_ext_part2', 'MY_EOS_SPACE/heppyNtuples/TREES_DiBosons_exclusive_94X/ZZTo2L2Nu_ext_part2/treeProducerWMass/tree.root', 13591928.0, '_Friend_ZZTo2L2Nu_ext_part2.chunk14', False, xrange(3500000, 3750000), 14)]
Modules to run:  []   name =  puWeight
Loading puWeight from CMGTools.WMass.postprocessing.examples.puWeightProducer 
Running on dataset =  ZZTo2L2Nu_ext_part2
TFile: name=/afs/cern.ch/work/m/mciprian/w_mass_analysis/heppy/rel_slc7/CMSSW_9_4_12/src/CMGTools/WMass/python/postprocessing/data/pileup/mcPU_2016_W94XnoCutsWithGenWeights_nTrueInt.root, title=, option=READ
TFile: name=/afs/cern.ch/work/m/mciprian/w_mass_analysis/heppy/rel_slc7/CMSSW_9_4_12/src/CMGTools/WMass/python/postprocessing/data/pileup/PileupData_GoldenMuonJSON_Full2016.root, title=, option=READ
Load C++ Worker
Modules to run:  []   name =  muCalibratedWithStatVar
Loading muCalibratedWithStatVar from CMGTools.WMass.postprocessing.examples.lepVarProducer 
Running on dataset =  ZZTo2L2Nu_ext_part2
did not find EnergyScaleCorrection shared object, rebuilding
trying to load all the rochester correction libraries
did not find legacy data roccor. rebuilding...
done building legacy data roccor.
Modules to run:  []   name =  jetAllReCleaner
Loading jetAllReCleaner from CMGTools.WMass.postprocessing.examples.jetReCleaner 
Running on dataset =  ZZTo2L2Nu_ext_part2
Load C++ Worker
Modules to run:  []   name =  jetReCleaner
Loading jetReCleaner from CMGTools.WMass.postprocessing.examples.jetReCleaner 
Running on dataset =  ZZTo2L2Nu_ext_part2
Load C++ Worker
Modules to run:  []   name =  genQEDJets
Loading genQEDJets from CMGTools.WMass.postprocessing.examples.genFriendProducer 
Running on dataset =  ZZTo2L2Nu_ext_part2
Will write selected trees to MY_EOS_SPACE/heppyNtuples/TREES_DiBosons_exclusive_94X/friends/
Normalization of nTrueInt_Wnopt: 3.68902e+10
Normalization of pileup: 3.68902e+10
Weights for variable nTrueInt_Wnopt with a number of bins equal to 102:
1 0.3634 0.9215 1.196 0.96 1.118 1.157 0.9675 0.9293 0.9192 0.8823 0.9553 1.062 1.116 1.167 1.194 1.2 1.193 1.177 1.14 1.092 1.06 1.047 1.046 1.047 1.048 1.06 1.077 1.092 1.106 1.122 1.108 1.097 1.051 0.992 0.9144 0.8237 0.7175 0.6087 0.5019 0.4029 0.3076 0.2264 0.1622 0.1123 0.07656 0.05052 0.03159 0.01992 0.01212 0.007355 0.004361 0.002593 0.001553 0.0009624 0.0007219 0.0006632 0.0007233 0.0009289 0.001329 0.001772 0.003222 0.004042 0.00487 0.005064 0.005658 0.005309 0.004846 0.004101 0.003977 0.003686 0.003306 0.002672 0.002286 0.001878 0.00167 1 1 1 1 1 1 1 1 1 1 1 1 1 1 1 1 1 1 1 1 1 1 1 1 1 1 .
Final weights: 
1 0.3634 0.9215 1.196 0.96 1.118 1.157 0.9675 0.9293 0.9192 0.8823 0.9553 1.062 1.116 1.167 1.194 1.2 1.193 1.177 1.14 1.092 1.06 1.047 1.046 1.047 1.048 1.06 1.077 1.092 1.106 1.122 1.108 1.097 1.051 0.992 0.9144 0.8237 0.7175 0.6087 0.5019 0.4029 0.3076 0.2264 0.1622 0.1123 0.07656 0.05052 0.03159 0.01992 0.01212 0.007355 0.004361 0.002593 0.001553 0.0009624 0.0007219 0.0006632 0.0007233 0.0009289 0.001329 0.001772 0.003222 0.004042 0.00487 0.005064 0.005658 0.005309 0.004846 0.004101 0.003977 0.003686 0.003306 0.002672 0.002286 0.001878 0.00167 1 1 1 1 1 1 1 1 1 1 1 1 1 1 1 1 1 1 1 1 1 1 1 1 1 1 .
begin job of lepCalProducer
initializing all the rochester correction objects
initializing the egamma calibrator
Processed  3500000/ 8061945 entries (elapsed time     0.4s, curr speed   22.222 kHz, avg speed 7777.778 kHz), accepted        1/       1 events (100.00%)
Processed  3510000/ 8061945 entries (elapsed time    22.6s, curr speed    0.452 kHz, avg speed  155.447 kHz), accepted    10001/   10001 events (100.00%)
Processed  3520000/ 8061945 entries (elapsed time    43.5s, curr speed    0.477 kHz, avg speed   80.864 kHz), accepted    20001/   20001 events (100.00%)
Processed  3530000/ 8061945 entries (elapsed time    65.1s, curr speed    0.464 kHz, avg speed   54.241 kHz), accepted    30001/   30001 events (100.00%)
Processed  3540000/ 8061945 entries (elapsed time    87.9s, curr speed    0.438 kHz, avg speed   40.264 kHz), accepted    40001/   40001 events (100.00%)
Processed  3550000/ 8061945 entries (elapsed time   110.0s, curr speed    0.452 kHz, avg speed   32.267 kHz), accepted    50001/   50001 events (100.00%)
Processed  3560000/ 8061945 entries (elapsed time   134.4s, curr speed    0.410 kHz, avg speed   26.486 kHz), accepted    60001/   60001 events (100.00%)
Processed  3570000/ 8061945 entries (elapsed time   155.0s, curr speed    0.486 kHz, avg speed   23.037 kHz), accepted    70001/   70001 events (100.00%)
Processed  3580000/ 8061945 entries (elapsed time   172.3s, curr speed    0.575 kHz, avg speed   20.772 kHz), accepted    80001/   80001 events (100.00%)
Processed  3590000/ 8061945 entries (elapsed time   189.8s, curr speed    0.573 kHz, avg speed   18.914 kHz), accepted    90001/   90001 events (100.00%)
Processed  3600000/ 8061945 entries (elapsed time   207.6s, curr speed    0.563 kHz, avg speed   17.344 kHz), accepted   100001/  100001 events (100.00%)
Processed  3610000/ 8061945 entries (elapsed time   225.5s, curr speed    0.558 kHz, avg speed   16.010 kHz), accepted   110001/  110001 events (100.00%)
Processed  3620000/ 8061945 entries (elapsed time   243.2s, curr speed    0.564 kHz, avg speed   14.884 kHz), accepted   120001/  120001 events (100.00%)
Processed  3630000/ 8061945 entries (elapsed time   290.8s, curr speed    0.210 kHz, avg speed   12.484 kHz), accepted   130001/  130001 events (100.00%)
Processed  3640000/ 8061945 entries (elapsed time   308.5s, curr speed    0.565 kHz, avg speed   11.800 kHz), accepted   140001/  140001 events (100.00%)
Processed  3650000/ 8061945 entries (elapsed time   327.6s, curr speed    0.524 kHz, avg speed   11.143 kHz), accepted   150001/  150001 events (100.00%)
Processed  3660000/ 8061945 entries (elapsed time   345.9s, curr speed    0.544 kHz, avg speed   10.580 kHz), accepted   160001/  160001 events (100.00%)
Processed  3670000/ 8061945 entries (elapsed time   364.8s, curr speed    0.530 kHz, avg speed   10.060 kHz), accepted   170001/  170001 events (100.00%)
Processed  3680000/ 8061945 entries (elapsed time   384.7s, curr speed    0.503 kHz, avg speed    9.567 kHz), accepted   180001/  180001 events (100.00%)
Processed  3690000/ 8061945 entries (elapsed time   437.7s, curr speed    0.189 kHz, avg speed    8.431 kHz), accepted   190001/  190001 events (100.00%)
Processed  3700000/ 8061945 entries (elapsed time   458.9s, curr speed    0.472 kHz, avg speed    8.064 kHz), accepted   200001/  200001 events (100.00%)
Processed  3710000/ 8061945 entries (elapsed time   479.6s, curr speed    0.483 kHz, avg speed    7.736 kHz), accepted   210001/  210001 events (100.00%)
Processed  3720000/ 8061945 entries (elapsed time   501.2s, curr speed    0.461 kHz, avg speed    7.421 kHz), accepted   220001/  220001 events (100.00%)
Processed  3730000/ 8061945 entries (elapsed time   522.5s, curr speed    0.471 kHz, avg speed    7.139 kHz), accepted   230001/  230001 events (100.00%)
Processed  3740000/ 8061945 entries (elapsed time   543.4s, curr speed    0.478 kHz, avg speed    6.883 kHz), accepted   240001/  240001 events (100.00%)
Processed 250000 entries from MY_EOS_SPACE/heppyNtuples/TREES_DiBosons_exclusive_94X/ZZTo2L2Nu_ext_part2/treeProducerWMass/tree.root, selected 250000 entries
Done MY_EOS_SPACE/heppyNtuples/TREES_DiBosons_exclusive_94X/friends/tree_Friend_ZZTo2L2Nu_ext_part2.chunk14.root
