000 (334276.008.000) 05/14 16:10:48 Job submitted from host: <188.184.95.166:9618?addrs=188.184.95.166-9618+[2001-1458-201-e4--100-7a0]-9618&alias=tbird02.cern.ch&noUDP&sock=schedd_2138722_faad_3>
...
022 (334276.008.000) 05/14 16:20:09 Job disconnected, attempting to reconnect
    Socket between submit and execute hosts closed unexpectedly
    Trying to reconnect to slot1_3@b7g28n0095.cern.ch <188.184.186.30:9618?addrs=188.184.186.30-9618+[2001-1458-301-f8--100-2b]-9618&noUDP&sock=2326_0560_3>
...
024 (334276.008.000) 05/14 16:20:09 Job reconnection failed
    Job not found at execution machine
    Can not reconnect to slot1_3@b7g28n0095.cern.ch, rescheduling job
...
040 (334276.008.000) 05/14 16:20:48 Started transferring input files
	Transferring to host: <188.184.132.30:9618?addrs=188.184.132.30-9618+[2001-1458-301-a0--100-16]-9618&noUDP&sock=3484_8b07_127921>
...
040 (334276.008.000) 05/14 16:20:48 Finished transferring input files
...
001 (334276.008.000) 05/14 16:20:49 Job executing on host: <188.184.132.30:9618?addrs=188.184.132.30-9618+[2001-1458-301-a0--100-16]-9618&noUDP&sock=2340_9fb4_3>
...
006 (334276.008.000) 05/14 16:20:58 Image size of job updated: 331384
	244  -  MemoryUsage of job (MB)
	248892  -  ResidentSetSize of job (KB)
...
006 (334276.008.000) 05/14 16:25:59 Image size of job updated: 573904
	480  -  MemoryUsage of job (MB)
	491360  -  ResidentSetSize of job (KB)
...
040 (334276.008.000) 05/14 16:28:43 Started transferring output files
...
040 (334276.008.000) 05/14 16:28:43 Finished transferring output files
...
005 (334276.008.000) 05/14 16:28:43 Job terminated.
	(1) Normal termination (return value 1)
		Usr 0 00:07:05, Sys 0 00:00:43  -  Run Remote Usage
		Usr 0 00:00:00, Sys 0 00:00:00  -  Run Local Usage
		Usr 0 00:07:05, Sys 0 00:00:43  -  Total Remote Usage
		Usr 0 00:00:00, Sys 0 00:00:00  -  Total Local Usage
	8503  -  Run Bytes Sent By Job
	10917  -  Run Bytes Received By Job
	8503  -  Total Bytes Sent By Job
	10917  -  Total Bytes Received By Job
	Partitionable Resources :    Usage  Request Allocated 
	   Cpus                 :                 1           
	   Disk (KB)            :       71        1   2132769 
	   Memory (MB)          :      480     2000      2000 
...
