000 (334270.009.000) 05/14 16:10:44 Job submitted from host: <188.184.95.166:9618?addrs=188.184.95.166-9618+[2001-1458-201-e4--100-7a0]-9618&alias=tbird02.cern.ch&noUDP&sock=schedd_2138722_faad_3>
...
040 (334270.009.000) 05/14 16:13:20 Started transferring input files
	Transferring to host: <188.184.132.16:9618?addrs=188.184.132.16-9618+[2001-1458-301-a0--100-32]-9618&noUDP&sock=4013_457c_128117>
...
040 (334270.009.000) 05/14 16:13:20 Finished transferring input files
...
001 (334270.009.000) 05/14 16:13:21 Job executing on host: <188.184.132.16:9618?addrs=188.184.132.16-9618+[2001-1458-301-a0--100-32]-9618&noUDP&sock=2409_f3bd_3>
...
006 (334270.009.000) 05/14 16:13:29 Image size of job updated: 285664
	202  -  MemoryUsage of job (MB)
	206328  -  ResidentSetSize of job (KB)
...
006 (334270.009.000) 05/14 16:18:29 Image size of job updated: 500516
	408  -  MemoryUsage of job (MB)
	417600  -  ResidentSetSize of job (KB)
...
006 (334270.009.000) 05/14 16:23:30 Image size of job updated: 605272
	511  -  MemoryUsage of job (MB)
	522356  -  ResidentSetSize of job (KB)
...
040 (334270.009.000) 05/14 16:26:55 Started transferring output files
...
040 (334270.009.000) 05/14 16:26:55 Finished transferring output files
...
005 (334270.009.000) 05/14 16:26:55 Job terminated.
	(1) Normal termination (return value 1)
		Usr 0 00:11:57, Sys 0 00:01:01  -  Run Remote Usage
		Usr 0 00:00:00, Sys 0 00:00:00  -  Run Local Usage
		Usr 0 00:11:57, Sys 0 00:01:01  -  Total Remote Usage
		Usr 0 00:00:00, Sys 0 00:00:00  -  Total Local Usage
	8536  -  Run Bytes Sent By Job
	10917  -  Run Bytes Received By Job
	8536  -  Total Bytes Sent By Job
	10917  -  Total Bytes Received By Job
	Partitionable Resources :    Usage  Request Allocated 
	   Cpus                 :                 1           
	   Disk (KB)            :       71        1   2120811 
	   Memory (MB)          :      511     2000      2000 
...
