000 (334280.000.000) 05/14 16:10:51 Job submitted from host: <188.184.95.166:9618?addrs=188.184.95.166-9618+[2001-1458-201-e4--100-7a0]-9618&alias=tbird02.cern.ch&noUDP&sock=schedd_2138722_faad_3>
...
040 (334280.000.000) 05/14 16:25:37 Started transferring input files
	Transferring to host: <188.184.133.249:9618?addrs=188.184.133.249-9618+[2001-1458-301-a0--100-4d0]-9618&noUDP&sock=13055_2dac_105067>
...
040 (334280.000.000) 05/14 16:25:37 Finished transferring input files
...
001 (334280.000.000) 05/14 16:25:38 Job executing on host: <188.184.133.249:9618?addrs=188.184.133.249-9618+[2001-1458-301-a0--100-4d0]-9618&noUDP&sock=12848_3ce2_3>
...
006 (334280.000.000) 05/14 16:25:47 Image size of job updated: 290476
	206  -  MemoryUsage of job (MB)
	210200  -  ResidentSetSize of job (KB)
...
006 (334280.000.000) 05/14 16:30:48 Image size of job updated: 572432
	478  -  MemoryUsage of job (MB)
	489456  -  ResidentSetSize of job (KB)
...
006 (334280.000.000) 05/14 16:35:39 Image size of job updated: 573896
	478  -  MemoryUsage of job (MB)
	489456  -  ResidentSetSize of job (KB)
...
040 (334280.000.000) 05/14 16:35:39 Started transferring output files
...
040 (334280.000.000) 05/14 16:35:39 Finished transferring output files
...
005 (334280.000.000) 05/14 16:35:39 Job terminated.
	(1) Normal termination (return value 1)
		Usr 0 00:08:52, Sys 0 00:00:54  -  Run Remote Usage
		Usr 0 00:00:00, Sys 0 00:00:00  -  Run Local Usage
		Usr 0 00:08:52, Sys 0 00:00:54  -  Total Remote Usage
		Usr 0 00:00:00, Sys 0 00:00:00  -  Total Local Usage
	8338  -  Run Bytes Sent By Job
	10917  -  Run Bytes Received By Job
	8338  -  Total Bytes Sent By Job
	10917  -  Total Bytes Received By Job
	Partitionable Resources :    Usage  Request Allocated 
	   Cpus                 :                 1           
	   Disk (KB)            :       71        1   2121734 
	   Memory (MB)          :      478     2000      2000 
...
