000 (334277.016.000) 05/14 16:10:48 Job submitted from host: <188.184.95.166:9618?addrs=188.184.95.166-9618+[2001-1458-201-e4--100-7a0]-9618&alias=tbird02.cern.ch&noUDP&sock=schedd_2138722_faad_3>
...
040 (334277.016.000) 05/14 16:22:20 Started transferring input files
	Transferring to host: <188.184.186.9:9618?addrs=188.184.186.9-9618+[2001-1458-301-f8--100-11]-9618&noUDP&sock=17446_08ff_1696>
...
040 (334277.016.000) 05/14 16:22:20 Finished transferring input files
...
001 (334277.016.000) 05/14 16:22:21 Job executing on host: <188.184.186.9:9618?addrs=188.184.186.9-9618+[2001-1458-301-f8--100-11]-9618&noUDP&sock=2355_e99f_3>
...
006 (334277.016.000) 05/14 16:22:29 Image size of job updated: 191676
	114  -  MemoryUsage of job (MB)
	116656  -  ResidentSetSize of job (KB)
...
006 (334277.016.000) 05/14 16:27:29 Image size of job updated: 486372
	394  -  MemoryUsage of job (MB)
	403424  -  ResidentSetSize of job (KB)
...
006 (334277.016.000) 05/14 16:32:29 Image size of job updated: 574312
	480  -  MemoryUsage of job (MB)
	491364  -  ResidentSetSize of job (KB)
...
040 (334277.016.000) 05/14 16:36:39 Started transferring output files
...
040 (334277.016.000) 05/14 16:36:39 Finished transferring output files
...
005 (334277.016.000) 05/14 16:36:39 Job terminated.
	(1) Normal termination (return value 1)
		Usr 0 00:12:41, Sys 0 00:01:09  -  Run Remote Usage
		Usr 0 00:00:00, Sys 0 00:00:00  -  Run Local Usage
		Usr 0 00:12:41, Sys 0 00:01:09  -  Total Remote Usage
		Usr 0 00:00:00, Sys 0 00:00:00  -  Total Local Usage
	8506  -  Run Bytes Sent By Job
	10917  -  Run Bytes Received By Job
	8506  -  Total Bytes Sent By Job
	10917  -  Total Bytes Received By Job
	Partitionable Resources :    Usage  Request Allocated 
	   Cpus                 :     0.98        1         1 
	   Disk (KB)            :    79           1    218288 
	   Memory (MB)          :   480        2000      2000 
...
