000 (334279.016.000) 05/14 16:10:50 Job submitted from host: <188.184.95.166:9618?addrs=188.184.95.166-9618+[2001-1458-201-e4--100-7a0]-9618&alias=tbird02.cern.ch&noUDP&sock=schedd_2138722_faad_3>
...
022 (334279.016.000) 05/14 16:24:10 Job disconnected, attempting to reconnect
    Socket between submit and execute hosts closed unexpectedly
    Trying to reconnect to slot1_3@b7g28n0801.cern.ch <188.184.132.48:9618?addrs=188.184.132.48-9618+[--1]-9618&noUDP&sock=2265_2e19_3>
...
024 (334279.016.000) 05/14 16:24:10 Job reconnection failed
    Job not found at execution machine
    Can not reconnect to slot1_3@b7g28n0801.cern.ch, rescheduling job
...
040 (334279.016.000) 05/14 16:25:13 Started transferring input files
	Transferring to host: <188.184.132.7:9618?addrs=188.184.132.7-9618+[2001-1458-301-a0--100-19]-9618&noUDP&sock=2852_3ded_128405>
...
040 (334279.016.000) 05/14 16:25:13 Finished transferring input files
...
001 (334279.016.000) 05/14 16:25:14 Job executing on host: <188.184.132.7:9618?addrs=188.184.132.7-9618+[2001-1458-301-a0--100-19]-9618&noUDP&sock=2359_a800_3>
...
006 (334279.016.000) 05/14 16:25:23 Image size of job updated: 290216
	206  -  MemoryUsage of job (MB)
	210280  -  ResidentSetSize of job (KB)
...
006 (334279.016.000) 05/14 16:30:24 Image size of job updated: 566944
	473  -  MemoryUsage of job (MB)
	484312  -  ResidentSetSize of job (KB)
...
006 (334279.016.000) 05/14 16:35:25 Image size of job updated: 577012
	483  -  MemoryUsage of job (MB)
	494380  -  ResidentSetSize of job (KB)
...
006 (334279.016.000) 05/14 16:37:00 Image size of job updated: 577072
	483  -  MemoryUsage of job (MB)
	494380  -  ResidentSetSize of job (KB)
...
040 (334279.016.000) 05/14 16:37:00 Started transferring output files
...
040 (334279.016.000) 05/14 16:37:00 Finished transferring output files
...
005 (334279.016.000) 05/14 16:37:00 Job terminated.
	(1) Normal termination (return value 1)
		Usr 0 00:10:24, Sys 0 00:00:59  -  Run Remote Usage
		Usr 0 00:00:00, Sys 0 00:00:00  -  Run Local Usage
		Usr 0 00:10:24, Sys 0 00:00:59  -  Total Remote Usage
		Usr 0 00:00:00, Sys 0 00:00:00  -  Total Local Usage
	8506  -  Run Bytes Sent By Job
	10917  -  Run Bytes Received By Job
	8506  -  Total Bytes Sent By Job
	10917  -  Total Bytes Received By Job
	Partitionable Resources :    Usage  Request Allocated 
	   Cpus                 :                 1           
	   Disk (KB)            :       72        1   2170161 
	   Memory (MB)          :      483     2000      2000 
...
