000 (334270.013.000) 05/14 16:10:44 Job submitted from host: <188.184.95.166:9618?addrs=188.184.95.166-9618+[2001-1458-201-e4--100-7a0]-9618&alias=tbird02.cern.ch&noUDP&sock=schedd_2138722_faad_3>
...
040 (334270.013.000) 05/14 16:13:14 Started transferring input files
	Transferring to host: <128.142.240.30:9618?addrs=128.142.240.30-9618+[2001-1458-301-f9--100-1a]-9618&noUDP&sock=4004_ee1c_129184>
...
040 (334270.013.000) 05/14 16:13:14 Finished transferring input files
...
001 (334270.013.000) 05/14 16:13:15 Job executing on host: <128.142.240.30:9618?addrs=128.142.240.30-9618+[2001-1458-301-f9--100-1a]-9618&noUDP&sock=2350_7ba6_3>
...
006 (334270.013.000) 05/14 16:13:24 Image size of job updated: 319064
	231  -  MemoryUsage of job (MB)
	236160  -  ResidentSetSize of job (KB)
...
006 (334270.013.000) 05/14 16:18:25 Image size of job updated: 604740
	510  -  MemoryUsage of job (MB)
	521784  -  ResidentSetSize of job (KB)
...
040 (334270.013.000) 05/14 16:21:07 Started transferring output files
...
040 (334270.013.000) 05/14 16:21:07 Finished transferring output files
...
005 (334270.013.000) 05/14 16:21:07 Job terminated.
	(1) Normal termination (return value 1)
		Usr 0 00:06:56, Sys 0 00:00:42  -  Run Remote Usage
		Usr 0 00:00:00, Sys 0 00:00:00  -  Run Local Usage
		Usr 0 00:06:56, Sys 0 00:00:42  -  Total Remote Usage
		Usr 0 00:00:00, Sys 0 00:00:00  -  Total Local Usage
	8539  -  Run Bytes Sent By Job
	10917  -  Run Bytes Received By Job
	8539  -  Total Bytes Sent By Job
	10917  -  Total Bytes Received By Job
	Partitionable Resources :    Usage  Request Allocated 
	   Cpus                 :                 1           
	   Disk (KB)            :       71        1   2209175 
	   Memory (MB)          :      510     2000      2000 
...
