   ZZTo2L2Nu_ext_part1   MC  33 chunks


I have 1 taks to process
I'm using the following list of modules DEFAULT_MODULES
this is jobs [('ZZTo2L2Nu_ext_part1', 'MY_EOS_SPACE/heppyNtuples/TREES_DiBosons_exclusive_94X/ZZTo2L2Nu_ext_part1/treeProducerWMass/tree.root', 13499004.0, '_Friend_ZZTo2L2Nu_ext_part1.chunk3', False, xrange(750000, 1000000), 3)]
Modules to run:  []   name =  puWeight
Loading puWeight from CMGTools.WMass.postprocessing.examples.puWeightProducer 
Running on dataset =  ZZTo2L2Nu_ext_part1
TFile: name=/afs/cern.ch/work/m/mciprian/w_mass_analysis/heppy/rel_slc7/CMSSW_9_4_12/src/CMGTools/WMass/python/postprocessing/data/pileup/mcPU_2016_W94XnoCutsWithGenWeights_nTrueInt.root, title=, option=READ
TFile: name=/afs/cern.ch/work/m/mciprian/w_mass_analysis/heppy/rel_slc7/CMSSW_9_4_12/src/CMGTools/WMass/python/postprocessing/data/pileup/PileupData_GoldenMuonJSON_Full2016.root, title=, option=READ
Load C++ Worker
Modules to run:  []   name =  muCalibratedWithStatVar
Loading muCalibratedWithStatVar from CMGTools.WMass.postprocessing.examples.lepVarProducer 
Running on dataset =  ZZTo2L2Nu_ext_part1
did not find EnergyScaleCorrection shared object, rebuilding
trying to load all the rochester correction libraries
did not find legacy data roccor. rebuilding...
done building legacy data roccor.
Modules to run:  []   name =  jetAllReCleaner
Loading jetAllReCleaner from CMGTools.WMass.postprocessing.examples.jetReCleaner 
Running on dataset =  ZZTo2L2Nu_ext_part1
Load C++ Worker
Modules to run:  []   name =  jetReCleaner
Loading jetReCleaner from CMGTools.WMass.postprocessing.examples.jetReCleaner 
Running on dataset =  ZZTo2L2Nu_ext_part1
Load C++ Worker
Modules to run:  []   name =  genQEDJets
Loading genQEDJets from CMGTools.WMass.postprocessing.examples.genFriendProducer 
Running on dataset =  ZZTo2L2Nu_ext_part1
Will write selected trees to MY_EOS_SPACE/heppyNtuples/TREES_DiBosons_exclusive_94X/friends/
Normalization of nTrueInt_Wnopt: 3.68902e+10
Normalization of pileup: 3.68902e+10
Weights for variable nTrueInt_Wnopt with a number of bins equal to 102:
1 0.3634 0.9215 1.196 0.96 1.118 1.157 0.9675 0.9293 0.9192 0.8823 0.9553 1.062 1.116 1.167 1.194 1.2 1.193 1.177 1.14 1.092 1.06 1.047 1.046 1.047 1.048 1.06 1.077 1.092 1.106 1.122 1.108 1.097 1.051 0.992 0.9144 0.8237 0.7175 0.6087 0.5019 0.4029 0.3076 0.2264 0.1622 0.1123 0.07656 0.05052 0.03159 0.01992 0.01212 0.007355 0.004361 0.002593 0.001553 0.0009624 0.0007219 0.0006632 0.0007233 0.0009289 0.001329 0.001772 0.003222 0.004042 0.00487 0.005064 0.005658 0.005309 0.004846 0.004101 0.003977 0.003686 0.003306 0.002672 0.002286 0.001878 0.00167 1 1 1 1 1 1 1 1 1 1 1 1 1 1 1 1 1 1 1 1 1 1 1 1 1 1 .
Final weights: 
1 0.3634 0.9215 1.196 0.96 1.118 1.157 0.9675 0.9293 0.9192 0.8823 0.9553 1.062 1.116 1.167 1.194 1.2 1.193 1.177 1.14 1.092 1.06 1.047 1.046 1.047 1.048 1.06 1.077 1.092 1.106 1.122 1.108 1.097 1.051 0.992 0.9144 0.8237 0.7175 0.6087 0.5019 0.4029 0.3076 0.2264 0.1622 0.1123 0.07656 0.05052 0.03159 0.01992 0.01212 0.007355 0.004361 0.002593 0.001553 0.0009624 0.0007219 0.0006632 0.0007233 0.0009289 0.001329 0.001772 0.003222 0.004042 0.00487 0.005064 0.005658 0.005309 0.004846 0.004101 0.003977 0.003686 0.003306 0.002672 0.002286 0.001878 0.00167 1 1 1 1 1 1 1 1 1 1 1 1 1 1 1 1 1 1 1 1 1 1 1 1 1 1 .
begin job of lepCalProducer
initializing all the rochester correction objects
initializing the egamma calibrator
Processed   750000/ 8009835 entries (elapsed time     0.6s, curr speed   17.544 kHz, avg speed 1315.789 kHz), accepted        1/       1 events (100.00%)
Processed   760000/ 8009835 entries (elapsed time    33.8s, curr speed    0.301 kHz, avg speed   22.465 kHz), accepted    10001/   10001 events (100.00%)
Processed   770000/ 8009835 entries (elapsed time    66.9s, curr speed    0.303 kHz, avg speed   11.517 kHz), accepted    20001/   20001 events (100.00%)
Processed   780000/ 8009835 entries (elapsed time    99.3s, curr speed    0.308 kHz, avg speed    7.856 kHz), accepted    30001/   30001 events (100.00%)
Processed   790000/ 8009835 entries (elapsed time   135.2s, curr speed    0.279 kHz, avg speed    5.844 kHz), accepted    40001/   40001 events (100.00%)
Processed   800000/ 8009835 entries (elapsed time   168.5s, curr speed    0.300 kHz, avg speed    4.746 kHz), accepted    50001/   50001 events (100.00%)
Processed   810000/ 8009835 entries (elapsed time   203.5s, curr speed    0.286 kHz, avg speed    3.979 kHz), accepted    60001/   60001 events (100.00%)
Processed   820000/ 8009835 entries (elapsed time   233.8s, curr speed    0.331 kHz, avg speed    3.508 kHz), accepted    70001/   70001 events (100.00%)
Processed   830000/ 8009835 entries (elapsed time   261.2s, curr speed    0.365 kHz, avg speed    3.178 kHz), accepted    80001/   80001 events (100.00%)
Processed   840000/ 8009835 entries (elapsed time   286.9s, curr speed    0.388 kHz, avg speed    2.927 kHz), accepted    90001/   90001 events (100.00%)
Processed   850000/ 8009835 entries (elapsed time   313.4s, curr speed    0.378 kHz, avg speed    2.712 kHz), accepted   100001/  100001 events (100.00%)
Processed   860000/ 8009835 entries (elapsed time   340.8s, curr speed    0.365 kHz, avg speed    2.523 kHz), accepted   110001/  110001 events (100.00%)
Processed   870000/ 8009835 entries (elapsed time   368.3s, curr speed    0.363 kHz, avg speed    2.362 kHz), accepted   120001/  120001 events (100.00%)
Processed   880000/ 8009835 entries (elapsed time   443.2s, curr speed    0.133 kHz, avg speed    1.985 kHz), accepted   130001/  130001 events (100.00%)
Processed   890000/ 8009835 entries (elapsed time   471.9s, curr speed    0.348 kHz, avg speed    1.886 kHz), accepted   140001/  140001 events (100.00%)
Processed   900000/ 8009835 entries (elapsed time   499.2s, curr speed    0.367 kHz, avg speed    1.803 kHz), accepted   150001/  150001 events (100.00%)
Processed   910000/ 8009835 entries (elapsed time   526.2s, curr speed    0.370 kHz, avg speed    1.729 kHz), accepted   160001/  160001 events (100.00%)
Processed   920000/ 8009835 entries (elapsed time   553.7s, curr speed    0.364 kHz, avg speed    1.661 kHz), accepted   170001/  170001 events (100.00%)
Processed   930000/ 8009835 entries (elapsed time   581.1s, curr speed    0.365 kHz, avg speed    1.600 kHz), accepted   180001/  180001 events (100.00%)
Processed   940000/ 8009835 entries (elapsed time   656.0s, curr speed    0.134 kHz, avg speed    1.433 kHz), accepted   190001/  190001 events (100.00%)
Processed   950000/ 8009835 entries (elapsed time   684.3s, curr speed    0.353 kHz, avg speed    1.388 kHz), accepted   200001/  200001 events (100.00%)
Processed   960000/ 8009835 entries (elapsed time   712.1s, curr speed    0.359 kHz, avg speed    1.348 kHz), accepted   210001/  210001 events (100.00%)
Processed   970000/ 8009835 entries (elapsed time   738.7s, curr speed    0.377 kHz, avg speed    1.313 kHz), accepted   220001/  220001 events (100.00%)
Processed   980000/ 8009835 entries (elapsed time   765.9s, curr speed    0.367 kHz, avg speed    1.280 kHz), accepted   230001/  230001 events (100.00%)
Processed   990000/ 8009835 entries (elapsed time   793.2s, curr speed    0.366 kHz, avg speed    1.248 kHz), accepted   240001/  240001 events (100.00%)
Processed 250000 entries from MY_EOS_SPACE/heppyNtuples/TREES_DiBosons_exclusive_94X/ZZTo2L2Nu_ext_part1/treeProducerWMass/tree.root, selected 250000 entries
Done MY_EOS_SPACE/heppyNtuples/TREES_DiBosons_exclusive_94X/friends/tree_Friend_ZZTo2L2Nu_ext_part1.chunk3.root
