000 (335100.031.000) 05/14 18:00:10 Job submitted from host: <188.184.95.166:9618?addrs=188.184.95.166-9618+[2001-1458-201-e4--100-7a0]-9618&alias=tbird02.cern.ch&noUDP&sock=schedd_2138722_faad_3>
...
040 (335100.031.000) 05/14 18:01:07 Started transferring input files
	Transferring to host: <188.184.133.233:9618?addrs=188.184.133.233-9618+[2001-1458-301-a0--100-33f]-9618&noUDP&sock=13080_cb0d_104730>
...
040 (335100.031.000) 05/14 18:01:07 Finished transferring input files
...
001 (335100.031.000) 05/14 18:01:08 Job executing on host: <188.184.133.233:9618?addrs=188.184.133.233-9618+[2001-1458-301-a0--100-33f]-9618&noUDP&sock=12872_b328_3>
...
006 (335100.031.000) 05/14 18:01:16 Image size of job updated: 250840
	168  -  MemoryUsage of job (MB)
	171960  -  ResidentSetSize of job (KB)
...
006 (335100.031.000) 05/14 18:06:16 Image size of job updated: 622136
	604  -  MemoryUsage of job (MB)
	618304  -  ResidentSetSize of job (KB)
...
006 (335100.031.000) 05/14 18:11:17 Image size of job updated: 784288
	763  -  MemoryUsage of job (MB)
	780456  -  ResidentSetSize of job (KB)
...
040 (335100.031.000) 05/14 18:16:31 Started transferring output files
...
040 (335100.031.000) 05/14 18:16:31 Finished transferring output files
...
005 (335100.031.000) 05/14 18:16:31 Job terminated.
	(1) Normal termination (return value 1)
		Usr 0 00:13:39, Sys 0 00:01:19  -  Run Remote Usage
		Usr 0 00:00:00, Sys 0 00:00:00  -  Run Local Usage
		Usr 0 00:13:39, Sys 0 00:01:19  -  Total Remote Usage
		Usr 0 00:00:00, Sys 0 00:00:00  -  Total Local Usage
	8534  -  Run Bytes Sent By Job
	10917  -  Run Bytes Received By Job
	8534  -  Total Bytes Sent By Job
	10917  -  Total Bytes Received By Job
	Partitionable Resources :    Usage  Request Allocated 
	   Cpus                 :                 1           
	   Disk (KB)            :       71        1   2185309 
	   Memory (MB)          :      763     2000      2000 
...
