000 (335107.007.000) 05/14 18:00:15 Job submitted from host: <188.184.95.166:9618?addrs=188.184.95.166-9618+[2001-1458-201-e4--100-7a0]-9618&alias=tbird02.cern.ch&noUDP&sock=schedd_2138722_faad_3>
...
040 (335107.007.000) 05/14 18:02:37 Started transferring input files
	Transferring to host: <128.142.33.139:9618?addrs=128.142.33.139-9618+[2001-1458-301-117--100-1d]-9618&noUDP&sock=13100_e28e_104986>
...
040 (335107.007.000) 05/14 18:02:37 Finished transferring input files
...
001 (335107.007.000) 05/14 18:02:38 Job executing on host: <128.142.33.139:9618?addrs=128.142.33.139-9618+[2001-1458-301-117--100-1d]-9618&noUDP&sock=12881_df82_3>
...
006 (335107.007.000) 05/14 18:02:47 Image size of job updated: 253440
	183  -  MemoryUsage of job (MB)
	186648  -  ResidentSetSize of job (KB)
...
006 (335107.007.000) 05/14 18:07:48 Image size of job updated: 415528
	336  -  MemoryUsage of job (MB)
	343216  -  ResidentSetSize of job (KB)
...
006 (335107.007.000) 05/14 18:12:49 Image size of job updated: 716900
	630  -  MemoryUsage of job (MB)
	644552  -  ResidentSetSize of job (KB)
...
006 (335107.007.000) 05/14 18:17:49 Image size of job updated: 846380
	756  -  MemoryUsage of job (MB)
	774032  -  ResidentSetSize of job (KB)
...
006 (335107.007.000) 05/14 18:22:50 Image size of job updated: 850176
	760  -  MemoryUsage of job (MB)
	777828  -  ResidentSetSize of job (KB)
...
040 (335107.007.000) 05/14 18:27:01 Started transferring output files
...
040 (335107.007.000) 05/14 18:27:01 Finished transferring output files
...
005 (335107.007.000) 05/14 18:27:01 Job terminated.
	(1) Normal termination (return value 1)
		Usr 0 00:21:50, Sys 0 00:01:48  -  Run Remote Usage
		Usr 0 00:00:00, Sys 0 00:00:00  -  Run Local Usage
		Usr 0 00:21:50, Sys 0 00:01:48  -  Total Remote Usage
		Usr 0 00:00:00, Sys 0 00:00:00  -  Total Local Usage
	8529  -  Run Bytes Sent By Job
	10917  -  Run Bytes Received By Job
	8529  -  Total Bytes Sent By Job
	10917  -  Total Bytes Received By Job
	Partitionable Resources :    Usage  Request Allocated 
	   Cpus                 :                 1           
	   Disk (KB)            :       71        1   2103271 
	   Memory (MB)          :      760     2000      2000 
...
