000 (335102.006.000) 05/14 18:00:11 Job submitted from host: <188.184.95.166:9618?addrs=188.184.95.166-9618+[2001-1458-201-e4--100-7a0]-9618&alias=tbird02.cern.ch&noUDP&sock=schedd_2138722_faad_3>
...
040 (335102.006.000) 05/14 18:01:22 Started transferring input files
	Transferring to host: <188.184.133.223:9618?addrs=188.184.133.223-9618+[2001-1458-301-a0--100-243]-9618&noUDP&sock=12961_f268_104795>
...
040 (335102.006.000) 05/14 18:01:22 Finished transferring input files
...
001 (335102.006.000) 05/14 18:01:23 Job executing on host: <188.184.133.223:9618?addrs=188.184.133.223-9618+[2001-1458-301-a0--100-243]-9618&noUDP&sock=12753_1362_3>
...
006 (335102.006.000) 05/14 18:01:31 Image size of job updated: 291576
	205  -  MemoryUsage of job (MB)
	209596  -  ResidentSetSize of job (KB)
...
006 (335102.006.000) 05/14 18:06:31 Image size of job updated: 652008
	633  -  MemoryUsage of job (MB)
	647840  -  ResidentSetSize of job (KB)
...
006 (335102.006.000) 05/14 18:11:31 Image size of job updated: 787444
	765  -  MemoryUsage of job (MB)
	783276  -  ResidentSetSize of job (KB)
...
040 (335102.006.000) 05/14 18:15:18 Started transferring output files
...
040 (335102.006.000) 05/14 18:15:18 Finished transferring output files
...
005 (335102.006.000) 05/14 18:15:18 Job terminated.
	(1) Normal termination (return value 1)
		Usr 0 00:12:29, Sys 0 00:01:11  -  Run Remote Usage
		Usr 0 00:00:00, Sys 0 00:00:00  -  Run Local Usage
		Usr 0 00:12:29, Sys 0 00:01:11  -  Total Remote Usage
		Usr 0 00:00:00, Sys 0 00:00:00  -  Total Local Usage
	8531  -  Run Bytes Sent By Job
	10917  -  Run Bytes Received By Job
	8531  -  Total Bytes Sent By Job
	10917  -  Total Bytes Received By Job
	Partitionable Resources :    Usage  Request Allocated 
	   Cpus                 :                 1           
	   Disk (KB)            :       71        1   2178419 
	   Memory (MB)          :      765     2000      2000 
...
