000 (335100.001.000) 05/14 18:00:10 Job submitted from host: <188.184.95.166:9618?addrs=188.184.95.166-9618+[2001-1458-201-e4--100-7a0]-9618&alias=tbird02.cern.ch&noUDP&sock=schedd_2138722_faad_3>
...
040 (335100.001.000) 05/14 18:00:57 Started transferring input files
	Transferring to host: <188.184.133.235:9618?addrs=188.184.133.235-9618+[2001-1458-301-a0--100-23a]-9618&noUDP&sock=12937_0967_105005>
...
040 (335100.001.000) 05/14 18:00:57 Finished transferring input files
...
001 (335100.001.000) 05/14 18:00:58 Job executing on host: <188.184.133.235:9618?addrs=188.184.133.235-9618+[2001-1458-301-a0--100-23a]-9618&noUDP&sock=12730_4cb5_3>
...
006 (335100.001.000) 05/14 18:01:06 Image size of job updated: 183632
	109  -  MemoryUsage of job (MB)
	111372  -  ResidentSetSize of job (KB)
...
006 (335100.001.000) 05/14 18:06:06 Image size of job updated: 430904
	337  -  MemoryUsage of job (MB)
	344264  -  ResidentSetSize of job (KB)
...
006 (335100.001.000) 05/14 18:11:07 Image size of job updated: 731560
	630  -  MemoryUsage of job (MB)
	644860  -  ResidentSetSize of job (KB)
...
006 (335100.001.000) 05/14 18:16:07 Image size of job updated: 783676
	765  -  MemoryUsage of job (MB)
	782916  -  ResidentSetSize of job (KB)
...
006 (335100.001.000) 05/14 18:26:08 Image size of job updated: 783732
	765  -  MemoryUsage of job (MB)
	782972  -  ResidentSetSize of job (KB)
...
040 (335100.001.000) 05/14 18:26:22 Started transferring output files
...
040 (335100.001.000) 05/14 18:26:22 Finished transferring output files
...
005 (335100.001.000) 05/14 18:26:22 Job terminated.
	(1) Normal termination (return value 1)
		Usr 0 00:22:17, Sys 0 00:01:53  -  Run Remote Usage
		Usr 0 00:00:00, Sys 0 00:00:00  -  Run Local Usage
		Usr 0 00:22:17, Sys 0 00:01:53  -  Total Remote Usage
		Usr 0 00:00:00, Sys 0 00:00:00  -  Total Local Usage
	8528  -  Run Bytes Sent By Job
	10917  -  Run Bytes Received By Job
	8528  -  Total Bytes Sent By Job
	10917  -  Total Bytes Received By Job
	Partitionable Resources :    Usage  Request Allocated 
	   Cpus                 :                 1           
	   Disk (KB)            :       71        1   2178106 
	   Memory (MB)          :      765     2000      2000 
...
