000 (335106.003.000) 05/14 18:00:14 Job submitted from host: <188.184.95.166:9618?addrs=188.184.95.166-9618+[2001-1458-201-e4--100-7a0]-9618&alias=tbird02.cern.ch&noUDP&sock=schedd_2138722_faad_3>
...
040 (335106.003.000) 05/14 18:02:13 Started transferring input files
	Transferring to host: <188.184.132.41:9618?addrs=188.184.132.41-9618+[2001-1458-301-a0--100-7]-9618&noUDP&sock=20430_8878_1730>
...
040 (335106.003.000) 05/14 18:02:13 Finished transferring input files
...
001 (335106.003.000) 05/14 18:02:14 Job executing on host: <188.184.132.41:9618?addrs=188.184.132.41-9618+[2001-1458-301-a0--100-7]-9618&noUDP&sock=2345_0dad_3>
...
006 (335106.003.000) 05/14 18:02:23 Image size of job updated: 337884
	319  -  MemoryUsage of job (MB)
	326272  -  ResidentSetSize of job (KB)
...
006 (335106.003.000) 05/14 18:07:24 Image size of job updated: 621116
	607  -  MemoryUsage of job (MB)
	620916  -  ResidentSetSize of job (KB)
...
006 (335106.003.000) 05/14 18:12:24 Image size of job updated: 779716
	762  -  MemoryUsage of job (MB)
	779516  -  ResidentSetSize of job (KB)
...
006 (335106.003.000) 05/14 18:17:24 Image size of job updated: 779888
	762  -  MemoryUsage of job (MB)
	779688  -  ResidentSetSize of job (KB)
...
040 (335106.003.000) 05/14 18:20:07 Started transferring output files
...
040 (335106.003.000) 05/14 18:20:07 Finished transferring output files
...
005 (335106.003.000) 05/14 18:20:07 Job terminated.
	(1) Normal termination (return value 1)
		Usr 0 00:15:54, Sys 0 00:01:26  -  Run Remote Usage
		Usr 0 00:00:00, Sys 0 00:00:00  -  Run Local Usage
		Usr 0 00:15:54, Sys 0 00:01:26  -  Total Remote Usage
		Usr 0 00:00:00, Sys 0 00:00:00  -  Total Local Usage
	8529  -  Run Bytes Sent By Job
	10917  -  Run Bytes Received By Job
	8529  -  Total Bytes Sent By Job
	10917  -  Total Bytes Received By Job
	Partitionable Resources :    Usage  Request Allocated 
	   Cpus                 :     0.99        1         1 
	   Disk (KB)            :    78           1    219409 
	   Memory (MB)          :   762        2000      2000 
...
