000 (335106.012.000) 05/14 18:00:14 Job submitted from host: <188.184.95.166:9618?addrs=188.184.95.166-9618+[2001-1458-201-e4--100-7a0]-9618&alias=tbird02.cern.ch&noUDP&sock=schedd_2138722_faad_3>
...
040 (335106.012.000) 05/14 18:02:24 Started transferring input files
	Transferring to host: <188.184.132.41:9618?addrs=188.184.132.41-9618+[2001-1458-301-a0--100-7]-9618&noUDP&sock=20430_8878_1733>
...
040 (335106.012.000) 05/14 18:02:24 Finished transferring input files
...
001 (335106.012.000) 05/14 18:02:25 Job executing on host: <188.184.132.41:9618?addrs=188.184.132.41-9618+[2001-1458-301-a0--100-7]-9618&noUDP&sock=2345_0dad_3>
...
006 (335106.012.000) 05/14 18:02:33 Image size of job updated: 249880
	237  -  MemoryUsage of job (MB)
	241732  -  ResidentSetSize of job (KB)
...
006 (335106.012.000) 05/14 18:07:33 Image size of job updated: 621824
	599  -  MemoryUsage of job (MB)
	613288  -  ResidentSetSize of job (KB)
...
006 (335106.012.000) 05/14 18:12:33 Image size of job updated: 787544
	761  -  MemoryUsage of job (MB)
	779008  -  ResidentSetSize of job (KB)
...
006 (335106.012.000) 05/14 18:17:34 Image size of job updated: 787788
	761  -  MemoryUsage of job (MB)
	779252  -  ResidentSetSize of job (KB)
...
040 (335106.012.000) 05/14 18:20:26 Started transferring output files
...
040 (335106.012.000) 05/14 18:20:26 Finished transferring output files
...
005 (335106.012.000) 05/14 18:20:26 Job terminated.
	(1) Normal termination (return value 1)
		Usr 0 00:15:59, Sys 0 00:01:29  -  Run Remote Usage
		Usr 0 00:00:00, Sys 0 00:00:00  -  Run Local Usage
		Usr 0 00:15:59, Sys 0 00:01:29  -  Total Remote Usage
		Usr 0 00:00:00, Sys 0 00:00:00  -  Total Local Usage
	8533  -  Run Bytes Sent By Job
	10917  -  Run Bytes Received By Job
	8533  -  Total Bytes Sent By Job
	10917  -  Total Bytes Received By Job
	Partitionable Resources :    Usage  Request Allocated 
	   Cpus                 :     1.00        1         1 
	   Disk (KB)            :    78           1    219409 
	   Memory (MB)          :   761        2000      2000 
...
