000 (335102.022.000) 05/14 18:00:11 Job submitted from host: <188.184.95.166:9618?addrs=188.184.95.166-9618+[2001-1458-201-e4--100-7a0]-9618&alias=tbird02.cern.ch&noUDP&sock=schedd_2138722_faad_3>
...
040 (335102.022.000) 05/14 18:01:27 Started transferring input files
	Transferring to host: <188.184.186.70:9618?addrs=188.184.186.70-9618+[2001-1458-301-f8--100-37]-9618&noUDP&sock=3929_15f9_129313>
...
040 (335102.022.000) 05/14 18:01:27 Finished transferring input files
...
001 (335102.022.000) 05/14 18:01:28 Job executing on host: <188.184.186.70:9618?addrs=188.184.186.70-9618+[2001-1458-301-f8--100-37]-9618&noUDP&sock=2339_f01b_3>
...
006 (335102.022.000) 05/14 18:01:36 Image size of job updated: 208604
	128  -  MemoryUsage of job (MB)
	130452  -  ResidentSetSize of job (KB)
...
006 (335102.022.000) 05/14 18:06:36 Image size of job updated: 709308
	609  -  MemoryUsage of job (MB)
	622604  -  ResidentSetSize of job (KB)
...
006 (335102.022.000) 05/14 18:11:36 Image size of job updated: 848420
	744  -  MemoryUsage of job (MB)
	761716  -  ResidentSetSize of job (KB)
...
040 (335102.022.000) 05/14 18:14:56 Started transferring output files
...
040 (335102.022.000) 05/14 18:14:56 Finished transferring output files
...
005 (335102.022.000) 05/14 18:14:56 Job terminated.
	(1) Normal termination (return value 1)
		Usr 0 00:12:09, Sys 0 00:01:06  -  Run Remote Usage
		Usr 0 00:00:00, Sys 0 00:00:00  -  Run Local Usage
		Usr 0 00:12:09, Sys 0 00:01:06  -  Total Remote Usage
		Usr 0 00:00:00, Sys 0 00:00:00  -  Total Local Usage
	11582  -  Run Bytes Sent By Job
	10917  -  Run Bytes Received By Job
	11582  -  Total Bytes Sent By Job
	10917  -  Total Bytes Received By Job
	Partitionable Resources :    Usage  Request Allocated 
	   Cpus                 :                 1           
	   Disk (KB)            :       71        1   2136920 
	   Memory (MB)          :      744     2000      2000 
...
