000 (335104.018.000) 05/14 18:00:12 Job submitted from host: <188.184.95.166:9618?addrs=188.184.95.166-9618+[2001-1458-201-e4--100-7a0]-9618&alias=tbird02.cern.ch&noUDP&sock=schedd_2138722_faad_3>
...
040 (335104.018.000) 05/14 18:01:50 Started transferring input files
	Transferring to host: <128.142.240.31:9618?addrs=128.142.240.31-9618+[2001-1458-301-f9--100-1e]-9618&noUDP&sock=4183_0d43_128674>
...
040 (335104.018.000) 05/14 18:01:50 Finished transferring input files
...
001 (335104.018.000) 05/14 18:01:51 Job executing on host: <128.142.240.31:9618?addrs=128.142.240.31-9618+[2001-1458-301-f9--100-1e]-9618&noUDP&sock=2371_e323_3>
...
006 (335104.018.000) 05/14 18:01:59 Image size of job updated: 285828
	201  -  MemoryUsage of job (MB)
	205700  -  ResidentSetSize of job (KB)
...
006 (335104.018.000) 05/14 18:06:59 Image size of job updated: 429756
	337  -  MemoryUsage of job (MB)
	344796  -  ResidentSetSize of job (KB)
...
006 (335104.018.000) 05/14 18:12:00 Image size of job updated: 733192
	633  -  MemoryUsage of job (MB)
	648180  -  ResidentSetSize of job (KB)
...
006 (335104.018.000) 05/14 18:17:01 Image size of job updated: 863628
	761  -  MemoryUsage of job (MB)
	778616  -  ResidentSetSize of job (KB)
...
006 (335104.018.000) 05/14 18:22:01 Image size of job updated: 867888
	765  -  MemoryUsage of job (MB)
	782876  -  ResidentSetSize of job (KB)
...
040 (335104.018.000) 05/14 18:23:49 Started transferring output files
...
040 (335104.018.000) 05/14 18:23:49 Finished transferring output files
...
005 (335104.018.000) 05/14 18:23:49 Job terminated.
	(1) Normal termination (return value 1)
		Usr 0 00:19:32, Sys 0 00:01:38  -  Run Remote Usage
		Usr 0 00:00:00, Sys 0 00:00:00  -  Run Local Usage
		Usr 0 00:19:32, Sys 0 00:01:38  -  Total Remote Usage
		Usr 0 00:00:00, Sys 0 00:00:00  -  Total Local Usage
	8533  -  Run Bytes Sent By Job
	10917  -  Run Bytes Received By Job
	8533  -  Total Bytes Sent By Job
	10917  -  Total Bytes Received By Job
	Partitionable Resources :    Usage  Request Allocated 
	   Cpus                 :                 1           
	   Disk (KB)            :       71        1   2115497 
	   Memory (MB)          :      765     2000      2000 
...
