000 (335100.023.000) 05/14 18:00:10 Job submitted from host: <188.184.95.166:9618?addrs=188.184.95.166-9618+[2001-1458-201-e4--100-7a0]-9618&alias=tbird02.cern.ch&noUDP&sock=schedd_2138722_faad_3>
...
040 (335100.023.000) 05/14 18:01:06 Started transferring input files
	Transferring to host: <188.184.192.242:9618?addrs=188.184.192.242-9618+[2001-1458-301-83--100-356]-9618&noUDP&sock=4157_bb82_116628>
...
040 (335100.023.000) 05/14 18:01:06 Finished transferring input files
...
001 (335100.023.000) 05/14 18:01:07 Job executing on host: <188.184.192.242:9618?addrs=188.184.192.242-9618+[2001-1458-301-83--100-356]-9618&noUDP&sock=2422_de78_3>
...
006 (335100.023.000) 05/14 18:01:15 Image size of job updated: 245760
	163  -  MemoryUsage of job (MB)
	166384  -  ResidentSetSize of job (KB)
...
006 (335100.023.000) 05/14 18:06:15 Image size of job updated: 619180
	603  -  MemoryUsage of job (MB)
	616960  -  ResidentSetSize of job (KB)
...
006 (335100.023.000) 05/14 18:11:16 Image size of job updated: 786196
	766  -  MemoryUsage of job (MB)
	783976  -  ResidentSetSize of job (KB)
...
040 (335100.023.000) 05/14 18:16:05 Started transferring output files
...
040 (335100.023.000) 05/14 18:16:05 Finished transferring output files
...
005 (335100.023.000) 05/14 18:16:05 Job terminated.
	(1) Normal termination (return value 1)
		Usr 0 00:13:22, Sys 0 00:01:18  -  Run Remote Usage
		Usr 0 00:00:00, Sys 0 00:00:00  -  Run Local Usage
		Usr 0 00:13:22, Sys 0 00:01:18  -  Total Remote Usage
		Usr 0 00:00:00, Sys 0 00:00:00  -  Total Local Usage
	8533  -  Run Bytes Sent By Job
	10917  -  Run Bytes Received By Job
	8533  -  Total Bytes Sent By Job
	10917  -  Total Bytes Received By Job
	Partitionable Resources :    Usage  Request Allocated 
	   Cpus                 :                 1           
	   Disk (KB)            :       71        1   2139801 
	   Memory (MB)          :      766     2000      2000 
...
