000 (335101.017.000) 05/14 18:00:10 Job submitted from host: <188.184.95.166:9618?addrs=188.184.95.166-9618+[2001-1458-201-e4--100-7a0]-9618&alias=tbird02.cern.ch&noUDP&sock=schedd_2138722_faad_3>
...
022 (335101.017.000) 05/14 18:01:14 Job disconnected, attempting to reconnect
    Socket between submit and execute hosts closed unexpectedly
    Trying to reconnect to slot1_2@b7g28n0801.cern.ch <188.184.132.48:9618?addrs=188.184.132.48-9618+[--1]-9618&noUDP&sock=2265_2e19_3>
...
024 (335101.017.000) 05/14 18:01:14 Job reconnection failed
    Job not found at execution machine
    Can not reconnect to slot1_2@b7g28n0801.cern.ch, rescheduling job
...
040 (335101.017.000) 05/14 18:02:45 Started transferring input files
	Transferring to host: <188.184.133.238:9618?addrs=188.184.133.238-9618+[2001-1458-301-a0--100-395]-9618&noUDP&sock=13636_8ba4_104957>
...
040 (335101.017.000) 05/14 18:02:45 Finished transferring input files
...
001 (335101.017.000) 05/14 18:02:46 Job executing on host: <188.184.133.238:9618?addrs=188.184.133.238-9618+[2001-1458-301-a0--100-395]-9618&noUDP&sock=13449_794d_3>
...
006 (335101.017.000) 05/14 18:02:54 Image size of job updated: 86896
	62  -  MemoryUsage of job (MB)
	63048  -  ResidentSetSize of job (KB)
...
006 (335101.017.000) 05/14 18:07:54 Image size of job updated: 389820
	336  -  MemoryUsage of job (MB)
	343492  -  ResidentSetSize of job (KB)
...
006 (335101.017.000) 05/14 18:12:55 Image size of job updated: 688888
	628  -  MemoryUsage of job (MB)
	642540  -  ResidentSetSize of job (KB)
...
006 (335101.017.000) 05/14 18:17:55 Image size of job updated: 824236
	760  -  MemoryUsage of job (MB)
	777888  -  ResidentSetSize of job (KB)
...
006 (335101.017.000) 05/14 18:22:55 Image size of job updated: 828320
	764  -  MemoryUsage of job (MB)
	781972  -  ResidentSetSize of job (KB)
...
040 (335101.017.000) 05/14 18:28:08 Started transferring output files
...
040 (335101.017.000) 05/14 18:28:08 Finished transferring output files
...
005 (335101.017.000) 05/14 18:28:08 Job terminated.
	(1) Normal termination (return value 1)
		Usr 0 00:21:56, Sys 0 00:01:48  -  Run Remote Usage
		Usr 0 00:00:00, Sys 0 00:00:00  -  Run Local Usage
		Usr 0 00:21:56, Sys 0 00:01:48  -  Total Remote Usage
		Usr 0 00:00:00, Sys 0 00:00:00  -  Total Local Usage
	8533  -  Run Bytes Sent By Job
	10917  -  Run Bytes Received By Job
	8533  -  Total Bytes Sent By Job
	10917  -  Total Bytes Received By Job
	Partitionable Resources :    Usage  Request Allocated 
	   Cpus                 :                 1           
	   Disk (KB)            :       71        1   2145438 
	   Memory (MB)          :      764     2000      2000 
...
