000 (335107.006.000) 05/14 18:00:15 Job submitted from host: <188.184.95.166:9618?addrs=188.184.95.166-9618+[2001-1458-201-e4--100-7a0]-9618&alias=tbird02.cern.ch&noUDP&sock=schedd_2138722_faad_3>
...
040 (335107.006.000) 05/14 18:02:37 Started transferring input files
	Transferring to host: <128.142.240.16:9618?addrs=128.142.240.16-9618+[2001-1458-301-f9--100-a]-9618&noUDP&sock=4100_9220_128261>
...
040 (335107.006.000) 05/14 18:02:37 Finished transferring input files
...
001 (335107.006.000) 05/14 18:02:38 Job executing on host: <128.142.240.16:9618?addrs=128.142.240.16-9618+[2001-1458-301-f9--100-a]-9618&noUDP&sock=2420_7f47_3>
...
006 (335107.006.000) 05/14 18:02:47 Image size of job updated: 268248
	214  -  MemoryUsage of job (MB)
	219032  -  ResidentSetSize of job (KB)
...
006 (335107.006.000) 05/14 18:07:48 Image size of job updated: 394584
	335  -  MemoryUsage of job (MB)
	342180  -  ResidentSetSize of job (KB)
...
006 (335107.006.000) 05/14 18:12:49 Image size of job updated: 701876
	635  -  MemoryUsage of job (MB)
	649432  -  ResidentSetSize of job (KB)
...
006 (335107.006.000) 05/14 18:17:49 Image size of job updated: 830104
	760  -  MemoryUsage of job (MB)
	777660  -  ResidentSetSize of job (KB)
...
006 (335107.006.000) 05/14 18:22:50 Image size of job updated: 834276
	764  -  MemoryUsage of job (MB)
	781832  -  ResidentSetSize of job (KB)
...
040 (335107.006.000) 05/14 18:26:01 Started transferring output files
...
040 (335107.006.000) 05/14 18:26:01 Finished transferring output files
...
005 (335107.006.000) 05/14 18:26:01 Job terminated.
	(1) Normal termination (return value 1)
		Usr 0 00:20:35, Sys 0 00:01:46  -  Run Remote Usage
		Usr 0 00:00:00, Sys 0 00:00:00  -  Run Local Usage
		Usr 0 00:20:35, Sys 0 00:01:46  -  Total Remote Usage
		Usr 0 00:00:00, Sys 0 00:00:00  -  Total Local Usage
	8529  -  Run Bytes Sent By Job
	10917  -  Run Bytes Received By Job
	8529  -  Total Bytes Sent By Job
	10917  -  Total Bytes Received By Job
	Partitionable Resources :    Usage  Request Allocated 
	   Cpus                 :                 1           
	   Disk (KB)            :       71        1   2096101 
	   Memory (MB)          :      764     2000      2000 
...
