000 (335105.006.000) 05/14 18:00:13 Job submitted from host: <188.184.95.166:9618?addrs=188.184.95.166-9618+[2001-1458-201-e4--100-7a0]-9618&alias=tbird02.cern.ch&noUDP&sock=schedd_2138722_faad_3>
...
040 (335105.006.000) 05/14 18:01:58 Started transferring input files
	Transferring to host: <188.184.132.51:9618?addrs=188.184.132.51-9618+[2001-1458-301-a0--100-1f]-9618&noUDP&sock=4125_2f81_127860>
...
040 (335105.006.000) 05/14 18:01:58 Finished transferring input files
...
001 (335105.006.000) 05/14 18:01:59 Job executing on host: <188.184.132.51:9618?addrs=188.184.132.51-9618+[2001-1458-301-a0--100-1f]-9618&noUDP&sock=2320_e7cf_3>
...
006 (335105.006.000) 05/14 18:02:07 Image size of job updated: 259164
	179  -  MemoryUsage of job (MB)
	183276  -  ResidentSetSize of job (KB)
...
006 (335105.006.000) 05/14 18:07:07 Image size of job updated: 427480
	337  -  MemoryUsage of job (MB)
	345036  -  ResidentSetSize of job (KB)
...
006 (335105.006.000) 05/14 18:12:08 Image size of job updated: 731956
	635  -  MemoryUsage of job (MB)
	649456  -  ResidentSetSize of job (KB)
...
006 (335105.006.000) 05/14 18:17:08 Image size of job updated: 863476
	763  -  MemoryUsage of job (MB)
	780976  -  ResidentSetSize of job (KB)
...
006 (335105.006.000) 05/14 18:22:08 Image size of job updated: 864636
	764  -  MemoryUsage of job (MB)
	782136  -  ResidentSetSize of job (KB)
...
040 (335105.006.000) 05/14 18:28:03 Started transferring output files
...
040 (335105.006.000) 05/14 18:28:03 Finished transferring output files
...
005 (335105.006.000) 05/14 18:28:03 Job terminated.
	(1) Normal termination (return value 1)
		Usr 0 00:23:20, Sys 0 00:01:49  -  Run Remote Usage
		Usr 0 00:00:00, Sys 0 00:00:00  -  Run Local Usage
		Usr 0 00:23:20, Sys 0 00:01:49  -  Total Remote Usage
		Usr 0 00:00:00, Sys 0 00:00:00  -  Total Local Usage
	11579  -  Run Bytes Sent By Job
	10917  -  Run Bytes Received By Job
	11579  -  Total Bytes Sent By Job
	10917  -  Total Bytes Received By Job
	Partitionable Resources :    Usage  Request Allocated 
	   Cpus                 :                 1           
	   Disk (KB)            :       71        1   2129981 
	   Memory (MB)          :      764     2000      2000 
...
