000 (335102.001.000) 05/14 18:00:11 Job submitted from host: <188.184.95.166:9618?addrs=188.184.95.166-9618+[2001-1458-201-e4--100-7a0]-9618&alias=tbird02.cern.ch&noUDP&sock=schedd_2138722_faad_3>
...
040 (335102.001.000) 05/14 18:01:20 Started transferring input files
	Transferring to host: <128.142.240.30:9618?addrs=128.142.240.30-9618+[2001-1458-301-f9--100-1a]-9618&noUDP&sock=4004_ee1c_129233>
...
040 (335102.001.000) 05/14 18:01:20 Finished transferring input files
...
001 (335102.001.000) 05/14 18:01:21 Job executing on host: <128.142.240.30:9618?addrs=128.142.240.30-9618+[2001-1458-301-f9--100-1a]-9618&noUDP&sock=2350_7ba6_3>
...
006 (335102.001.000) 05/14 18:01:29 Image size of job updated: 288644
	202  -  MemoryUsage of job (MB)
	206800  -  ResidentSetSize of job (KB)
...
006 (335102.001.000) 05/14 18:06:29 Image size of job updated: 649552
	631  -  MemoryUsage of job (MB)
	645604  -  ResidentSetSize of job (KB)
...
006 (335102.001.000) 05/14 18:11:30 Image size of job updated: 783412
	762  -  MemoryUsage of job (MB)
	779464  -  ResidentSetSize of job (KB)
...
040 (335102.001.000) 05/14 18:15:18 Started transferring output files
...
040 (335102.001.000) 05/14 18:15:18 Finished transferring output files
...
005 (335102.001.000) 05/14 18:15:18 Job terminated.
	(1) Normal termination (return value 1)
		Usr 0 00:12:29, Sys 0 00:01:10  -  Run Remote Usage
		Usr 0 00:00:00, Sys 0 00:00:00  -  Run Local Usage
		Usr 0 00:12:29, Sys 0 00:01:10  -  Total Remote Usage
		Usr 0 00:00:00, Sys 0 00:00:00  -  Total Local Usage
	8529  -  Run Bytes Sent By Job
	10917  -  Run Bytes Received By Job
	8529  -  Total Bytes Sent By Job
	10917  -  Total Bytes Received By Job
	Partitionable Resources :    Usage  Request Allocated 
	   Cpus                 :                 1           
	   Disk (KB)            :       71        1   2190312 
	   Memory (MB)          :      762     2000      2000 
...
