000 (335106.025.000) 05/14 18:00:14 Job submitted from host: <188.184.95.166:9618?addrs=188.184.95.166-9618+[2001-1458-201-e4--100-7a0]-9618&alias=tbird02.cern.ch&noUDP&sock=schedd_2138722_faad_3>
...
040 (335106.025.000) 05/14 18:02:27 Started transferring input files
	Transferring to host: <188.184.132.41:9618?addrs=188.184.132.41-9618+[2001-1458-301-a0--100-7]-9618&noUDP&sock=20430_8878_1739>
...
040 (335106.025.000) 05/14 18:02:27 Finished transferring input files
...
001 (335106.025.000) 05/14 18:02:28 Job executing on host: <188.184.132.41:9618?addrs=188.184.132.41-9618+[2001-1458-301-a0--100-7]-9618&noUDP&sock=2345_0dad_3>
...
006 (335106.025.000) 05/14 18:02:37 Image size of job updated: 274488
	241  -  MemoryUsage of job (MB)
	245780  -  ResidentSetSize of job (KB)
...
006 (335106.025.000) 05/14 18:07:38 Image size of job updated: 644700
	602  -  MemoryUsage of job (MB)
	615812  -  ResidentSetSize of job (KB)
...
006 (335106.025.000) 05/14 18:12:38 Image size of job updated: 814956
	768  -  MemoryUsage of job (MB)
	786068  -  ResidentSetSize of job (KB)
...
006 (335106.025.000) 05/14 18:17:39 Image size of job updated: 815464
	769  -  MemoryUsage of job (MB)
	786576  -  ResidentSetSize of job (KB)
...
040 (335106.025.000) 05/14 18:20:15 Started transferring output files
...
040 (335106.025.000) 05/14 18:20:15 Finished transferring output files
...
005 (335106.025.000) 05/14 18:20:15 Job terminated.
	(1) Normal termination (return value 1)
		Usr 0 00:15:47, Sys 0 00:01:25  -  Run Remote Usage
		Usr 0 00:00:00, Sys 0 00:00:00  -  Run Local Usage
		Usr 0 00:15:47, Sys 0 00:01:25  -  Total Remote Usage
		Usr 0 00:00:00, Sys 0 00:00:00  -  Total Local Usage
	8533  -  Run Bytes Sent By Job
	10917  -  Run Bytes Received By Job
	8533  -  Total Bytes Sent By Job
	10917  -  Total Bytes Received By Job
	Partitionable Resources :    Usage  Request Allocated 
	   Cpus                 :     0.99        1         1 
	   Disk (KB)            :    78           1    219408 
	   Memory (MB)          :   769        2000      2000 
...
