000 (335101.022.000) 05/14 18:00:10 Job submitted from host: <188.184.95.166:9618?addrs=188.184.95.166-9618+[2001-1458-201-e4--100-7a0]-9618&alias=tbird02.cern.ch&noUDP&sock=schedd_2138722_faad_3>
...
040 (335101.022.000) 05/14 18:01:16 Started transferring input files
	Transferring to host: <128.142.240.39:9618?addrs=128.142.240.39-9618+[2001-1458-301-f9--100-2f]-9618&noUDP&sock=4196_3624_127769>
...
040 (335101.022.000) 05/14 18:01:16 Finished transferring input files
...
001 (335101.022.000) 05/14 18:01:17 Job executing on host: <128.142.240.39:9618?addrs=128.142.240.39-9618+[2001-1458-301-f9--100-2f]-9618&noUDP&sock=2337_90eb_3>
...
006 (335101.022.000) 05/14 18:01:25 Image size of job updated: 194932
	115  -  MemoryUsage of job (MB)
	117352  -  ResidentSetSize of job (KB)
...
006 (335101.022.000) 05/14 18:06:25 Image size of job updated: 351240
	340  -  MemoryUsage of job (MB)
	347164  -  ResidentSetSize of job (KB)
...
006 (335101.022.000) 05/14 18:11:26 Image size of job updated: 651992
	633  -  MemoryUsage of job (MB)
	647908  -  ResidentSetSize of job (KB)
...
006 (335101.022.000) 05/14 18:16:27 Image size of job updated: 786964
	765  -  MemoryUsage of job (MB)
	782880  -  ResidentSetSize of job (KB)
...
006 (335101.022.000) 05/14 18:26:28 Image size of job updated: 787028
	765  -  MemoryUsage of job (MB)
	782944  -  ResidentSetSize of job (KB)
...
040 (335101.022.000) 05/14 18:27:15 Started transferring output files
...
040 (335101.022.000) 05/14 18:27:15 Finished transferring output files
...
005 (335101.022.000) 05/14 18:27:15 Job terminated.
	(1) Normal termination (return value 1)
		Usr 0 00:23:08, Sys 0 00:01:57  -  Run Remote Usage
		Usr 0 00:00:00, Sys 0 00:00:00  -  Run Local Usage
		Usr 0 00:23:08, Sys 0 00:01:57  -  Total Remote Usage
		Usr 0 00:00:00, Sys 0 00:00:00  -  Total Local Usage
	8533  -  Run Bytes Sent By Job
	10917  -  Run Bytes Received By Job
	8533  -  Total Bytes Sent By Job
	10917  -  Total Bytes Received By Job
	Partitionable Resources :    Usage  Request Allocated 
	   Cpus                 :                 1           
	   Disk (KB)            :       71        1   2174245 
	   Memory (MB)          :      765     2000      2000 
...
