000 (335104.019.000) 05/14 18:00:12 Job submitted from host: <188.184.95.166:9618?addrs=188.184.95.166-9618+[2001-1458-201-e4--100-7a0]-9618&alias=tbird02.cern.ch&noUDP&sock=schedd_2138722_faad_3>
...
040 (335104.019.000) 05/14 18:01:50 Started transferring input files
	Transferring to host: <188.184.132.20:9618?addrs=188.184.132.20-9618+[2001-1458-301-a0--100-1d]-9618&noUDP&sock=4152_35a2_128445>
...
040 (335104.019.000) 05/14 18:01:50 Finished transferring input files
...
001 (335104.019.000) 05/14 18:01:51 Job executing on host: <188.184.132.20:9618?addrs=188.184.132.20-9618+[2001-1458-301-a0--100-1d]-9618&noUDP&sock=2383_1e46_3>
...
006 (335104.019.000) 05/14 18:01:59 Image size of job updated: 224016
	146  -  MemoryUsage of job (MB)
	148632  -  ResidentSetSize of job (KB)
...
006 (335104.019.000) 05/14 18:06:59 Image size of job updated: 429636
	339  -  MemoryUsage of job (MB)
	347000  -  ResidentSetSize of job (KB)
...
006 (335104.019.000) 05/14 18:12:00 Image size of job updated: 724368
	627  -  MemoryUsage of job (MB)
	641680  -  ResidentSetSize of job (KB)
...
006 (335104.019.000) 05/14 18:17:00 Image size of job updated: 865424
	765  -  MemoryUsage of job (MB)
	782736  -  ResidentSetSize of job (KB)
...
006 (335104.019.000) 05/14 18:27:20 Image size of job updated: 1194304
	765  -  MemoryUsage of job (MB)
	782736  -  ResidentSetSize of job (KB)
...
040 (335104.019.000) 05/14 18:27:20 Started transferring output files
...
040 (335104.019.000) 05/14 18:27:20 Finished transferring output files
...
005 (335104.019.000) 05/14 18:27:20 Job terminated.
	(1) Normal termination (return value 1)
		Usr 0 00:22:45, Sys 0 00:01:49  -  Run Remote Usage
		Usr 0 00:00:00, Sys 0 00:00:00  -  Run Local Usage
		Usr 0 00:22:45, Sys 0 00:01:49  -  Total Remote Usage
		Usr 0 00:00:00, Sys 0 00:00:00  -  Total Local Usage
	8533  -  Run Bytes Sent By Job
	10917  -  Run Bytes Received By Job
	8533  -  Total Bytes Sent By Job
	10917  -  Total Bytes Received By Job
	Partitionable Resources :    Usage  Request Allocated 
	   Cpus                 :                 1           
	   Disk (KB)            :       71        1   2100747 
	   Memory (MB)          :      765     2000      2000 
...
