   WJetsToLNu_94X_part1   MC  29 chunks


I have 1 taks to process
I'm using the following list of modules DEFAULT_MODULES
this is jobs [('WJetsToLNu_94X_part1', 'MY_EOS_SPACE/heppyNtuples/TREES_W_94X/WJetsToLNu_94X_part1/treeProducerWMass/tree.root', 3681722264630.7085, '_Friend_WJetsToLNu_94X_part1.chunk11', False, xrange(2750000, 3000000), 11)]
Modules to run:  []   name =  puWeight
Loading puWeight from CMGTools.WMass.postprocessing.examples.puWeightProducer 
Running on dataset =  WJetsToLNu_94X_part1
TFile: name=/afs/cern.ch/work/m/mciprian/w_mass_analysis/heppy/rel_slc7/CMSSW_9_4_12/src/CMGTools/WMass/python/postprocessing/data/pileup/mcPU_2016_W94XnoCutsWithGenWeights_nTrueInt.root, title=, option=READ
TFile: name=/afs/cern.ch/work/m/mciprian/w_mass_analysis/heppy/rel_slc7/CMSSW_9_4_12/src/CMGTools/WMass/python/postprocessing/data/pileup/PileupData_GoldenMuonJSON_Full2016.root, title=, option=READ
Load C++ Worker
Modules to run:  []   name =  muCalibratedWithStatVar
Loading muCalibratedWithStatVar from CMGTools.WMass.postprocessing.examples.lepVarProducer 
Running on dataset =  WJetsToLNu_94X_part1
did not find EnergyScaleCorrection shared object, rebuilding
trying to load all the rochester correction libraries
did not find legacy data roccor. rebuilding...
done building legacy data roccor.
Modules to run:  []   name =  jetAllReCleaner
Loading jetAllReCleaner from CMGTools.WMass.postprocessing.examples.jetReCleaner 
Running on dataset =  WJetsToLNu_94X_part1
Load C++ Worker
Modules to run:  []   name =  jetReCleaner
Loading jetReCleaner from CMGTools.WMass.postprocessing.examples.jetReCleaner 
Running on dataset =  WJetsToLNu_94X_part1
Load C++ Worker
Modules to run:  []   name =  genQEDJets
Loading genQEDJets from CMGTools.WMass.postprocessing.examples.genFriendProducer 
Running on dataset =  WJetsToLNu_94X_part1
Will write selected trees to MY_EOS_SPACE/heppyNtuples/TREES_W_94X/friends/
Normalization of nTrueInt_Wnopt: 3.68902e+10
Normalization of pileup: 3.68902e+10
Weights for variable nTrueInt_Wnopt with a number of bins equal to 102:
1 0.3634 0.9215 1.196 0.96 1.118 1.157 0.9675 0.9293 0.9192 0.8823 0.9553 1.062 1.116 1.167 1.194 1.2 1.193 1.177 1.14 1.092 1.06 1.047 1.046 1.047 1.048 1.06 1.077 1.092 1.106 1.122 1.108 1.097 1.051 0.992 0.9144 0.8237 0.7175 0.6087 0.5019 0.4029 0.3076 0.2264 0.1622 0.1123 0.07656 0.05052 0.03159 0.01992 0.01212 0.007355 0.004361 0.002593 0.001553 0.0009624 0.0007219 0.0006632 0.0007233 0.0009289 0.001329 0.001772 0.003222 0.004042 0.00487 0.005064 0.005658 0.005309 0.004846 0.004101 0.003977 0.003686 0.003306 0.002672 0.002286 0.001878 0.00167 1 1 1 1 1 1 1 1 1 1 1 1 1 1 1 1 1 1 1 1 1 1 1 1 1 1 .
Final weights: 
1 0.3634 0.9215 1.196 0.96 1.118 1.157 0.9675 0.9293 0.9192 0.8823 0.9553 1.062 1.116 1.167 1.194 1.2 1.193 1.177 1.14 1.092 1.06 1.047 1.046 1.047 1.048 1.06 1.077 1.092 1.106 1.122 1.108 1.097 1.051 0.992 0.9144 0.8237 0.7175 0.6087 0.5019 0.4029 0.3076 0.2264 0.1622 0.1123 0.07656 0.05052 0.03159 0.01992 0.01212 0.007355 0.004361 0.002593 0.001553 0.0009624 0.0007219 0.0006632 0.0007233 0.0009289 0.001329 0.001772 0.003222 0.004042 0.00487 0.005064 0.005658 0.005309 0.004846 0.004101 0.003977 0.003686 0.003306 0.002672 0.002286 0.001878 0.00167 1 1 1 1 1 1 1 1 1 1 1 1 1 1 1 1 1 1 1 1 1 1 1 1 1 1 .
begin job of lepCalProducer
initializing all the rochester correction objects
initializing the egamma calibrator
Processed  2750000/ 7087886 entries (elapsed time     0.6s, curr speed   17.544 kHz, avg speed 4824.561 kHz), accepted        1/       1 events (100.00%)
Processed  2760000/ 7087886 entries (elapsed time    27.4s, curr speed    0.373 kHz, avg speed  100.840 kHz), accepted    10001/   10001 events (100.00%)
Processed  2770000/ 7087886 entries (elapsed time    54.7s, curr speed    0.366 kHz, avg speed   50.658 kHz), accepted    20001/   20001 events (100.00%)
Processed  2780000/ 7087886 entries (elapsed time    82.0s, curr speed    0.366 kHz, avg speed   33.898 kHz), accepted    30001/   30001 events (100.00%)
Processed  2790000/ 7087886 entries (elapsed time   110.1s, curr speed    0.356 kHz, avg speed   25.334 kHz), accepted    40001/   40001 events (100.00%)
Processed  2800000/ 7087886 entries (elapsed time   138.7s, curr speed    0.350 kHz, avg speed   20.182 kHz), accepted    50001/   50001 events (100.00%)
Processed  2810000/ 7087886 entries (elapsed time   166.8s, curr speed    0.357 kHz, avg speed   16.849 kHz), accepted    60001/   60001 events (100.00%)
Processed  2820000/ 7087886 entries (elapsed time   190.1s, curr speed    0.428 kHz, avg speed   14.832 kHz), accepted    70001/   70001 events (100.00%)
Processed  2830000/ 7087886 entries (elapsed time   213.0s, curr speed    0.437 kHz, avg speed   13.286 kHz), accepted    80001/   80001 events (100.00%)
Processed  2840000/ 7087886 entries (elapsed time   235.6s, curr speed    0.442 kHz, avg speed   12.053 kHz), accepted    90001/   90001 events (100.00%)
Processed  2850000/ 7087886 entries (elapsed time   259.5s, curr speed    0.420 kHz, avg speed   10.985 kHz), accepted   100001/  100001 events (100.00%)
Processed  2860000/ 7087886 entries (elapsed time   282.6s, curr speed    0.432 kHz, avg speed   10.120 kHz), accepted   110001/  110001 events (100.00%)
Processed  2870000/ 7087886 entries (elapsed time   328.3s, curr speed    0.219 kHz, avg speed    8.743 kHz), accepted   120001/  120001 events (100.00%)
Processed  2880000/ 7087886 entries (elapsed time   351.5s, curr speed    0.431 kHz, avg speed    8.194 kHz), accepted   130001/  130001 events (100.00%)
Processed  2890000/ 7087886 entries (elapsed time   374.8s, curr speed    0.429 kHz, avg speed    7.711 kHz), accepted   140001/  140001 events (100.00%)
Processed  2900000/ 7087886 entries (elapsed time   397.9s, curr speed    0.432 kHz, avg speed    7.288 kHz), accepted   150001/  150001 events (100.00%)
Processed  2910000/ 7087886 entries (elapsed time   421.4s, curr speed    0.427 kHz, avg speed    6.906 kHz), accepted   160001/  160001 events (100.00%)
Processed  2920000/ 7087886 entries (elapsed time   444.7s, curr speed    0.428 kHz, avg speed    6.566 kHz), accepted   170001/  170001 events (100.00%)
Processed  2930000/ 7087886 entries (elapsed time   490.1s, curr speed    0.220 kHz, avg speed    5.978 kHz), accepted   180001/  180001 events (100.00%)
Processed  2940000/ 7087886 entries (elapsed time   513.4s, curr speed    0.429 kHz, avg speed    5.726 kHz), accepted   190001/  190001 events (100.00%)
Processed  2950000/ 7087886 entries (elapsed time   536.2s, curr speed    0.439 kHz, avg speed    5.502 kHz), accepted   200001/  200001 events (100.00%)
Processed  2960000/ 7087886 entries (elapsed time   559.5s, curr speed    0.430 kHz, avg speed    5.291 kHz), accepted   210001/  210001 events (100.00%)
Processed  2970000/ 7087886 entries (elapsed time   582.5s, curr speed    0.435 kHz, avg speed    5.099 kHz), accepted   220001/  220001 events (100.00%)
Processed  2980000/ 7087886 entries (elapsed time   605.4s, curr speed    0.437 kHz, avg speed    4.923 kHz), accepted   230001/  230001 events (100.00%)
Processed  2990000/ 7087886 entries (elapsed time   651.0s, curr speed    0.219 kHz, avg speed    4.593 kHz), accepted   240001/  240001 events (100.00%)
Processed 250000 entries from MY_EOS_SPACE/heppyNtuples/TREES_W_94X/WJetsToLNu_94X_part1/treeProducerWMass/tree.root, selected 250000 entries
Done MY_EOS_SPACE/heppyNtuples/TREES_W_94X/friends/tree_Friend_WJetsToLNu_94X_part1.chunk11.root
