000 (335109.000.000) 05/14 18:00:17 Job submitted from host: <188.184.95.166:9618?addrs=188.184.95.166-9618+[2001-1458-201-e4--100-7a0]-9618&alias=tbird02.cern.ch&noUDP&sock=schedd_2138722_faad_3>
...
040 (335109.000.000) 05/14 18:05:53 Started transferring input files
	Transferring to host: <188.184.133.245:9618?addrs=188.184.133.245-9618+[2001-1458-301-a0--100-455]-9618&noUDP&sock=15372_b6ea_104379>
...
040 (335109.000.000) 05/14 18:05:53 Finished transferring input files
...
001 (335109.000.000) 05/14 18:05:54 Job executing on host: <188.184.133.245:9618?addrs=188.184.133.245-9618+[2001-1458-301-a0--100-455]-9618&noUDP&sock=15162_7308_3>
...
006 (335109.000.000) 05/14 18:06:03 Image size of job updated: 154124
	115  -  MemoryUsage of job (MB)
	117340  -  ResidentSetSize of job (KB)
...
006 (335109.000.000) 05/14 18:11:04 Image size of job updated: 387500
	339  -  MemoryUsage of job (MB)
	346608  -  ResidentSetSize of job (KB)
...
006 (335109.000.000) 05/14 18:16:04 Image size of job updated: 682284
	627  -  MemoryUsage of job (MB)
	641376  -  ResidentSetSize of job (KB)
...
006 (335109.000.000) 05/14 18:21:04 Image size of job updated: 821032
	762  -  MemoryUsage of job (MB)
	780124  -  ResidentSetSize of job (KB)
...
006 (335109.000.000) 05/14 18:32:23 Image size of job updated: 1190692
	762  -  MemoryUsage of job (MB)
	780124  -  ResidentSetSize of job (KB)
...
040 (335109.000.000) 05/14 18:32:23 Started transferring output files
...
040 (335109.000.000) 05/14 18:32:23 Finished transferring output files
...
005 (335109.000.000) 05/14 18:32:23 Job terminated.
	(1) Normal termination (return value 1)
		Usr 0 00:23:27, Sys 0 00:01:51  -  Run Remote Usage
		Usr 0 00:00:00, Sys 0 00:00:00  -  Run Local Usage
		Usr 0 00:23:27, Sys 0 00:01:51  -  Total Remote Usage
		Usr 0 00:00:00, Sys 0 00:00:00  -  Total Local Usage
	8323  -  Run Bytes Sent By Job
	10917  -  Run Bytes Received By Job
	8323  -  Total Bytes Sent By Job
	10917  -  Total Bytes Received By Job
	Partitionable Resources :    Usage  Request Allocated 
	   Cpus                 :                 1           
	   Disk (KB)            :       70        1   2171591 
	   Memory (MB)          :      762     2000      2000 
...
