000 (335100.029.000) 05/14 18:00:10 Job submitted from host: <188.184.95.166:9618?addrs=188.184.95.166-9618+[2001-1458-201-e4--100-7a0]-9618&alias=tbird02.cern.ch&noUDP&sock=schedd_2138722_faad_3>
...
040 (335100.029.000) 05/14 18:01:08 Started transferring input files
	Transferring to host: <188.184.132.35:9618?addrs=188.184.132.35-9618+[2001-1458-301-a0--100-11]-9618&noUDP&sock=20896_df4b_1679>
...
040 (335100.029.000) 05/14 18:01:08 Finished transferring input files
...
001 (335100.029.000) 05/14 18:01:09 Job executing on host: <188.184.132.35:9618?addrs=188.184.132.35-9618+[2001-1458-301-a0--100-11]-9618&noUDP&sock=2441_e6c4_3>
...
006 (335100.029.000) 05/14 18:01:17 Image size of job updated: 195328
	115  -  MemoryUsage of job (MB)
	117628  -  ResidentSetSize of job (KB)
...
006 (335100.029.000) 05/14 18:06:17 Image size of job updated: 347044
	335  -  MemoryUsage of job (MB)
	342692  -  ResidentSetSize of job (KB)
...
006 (335100.029.000) 05/14 18:11:18 Image size of job updated: 643836
	625  -  MemoryUsage of job (MB)
	639476  -  ResidentSetSize of job (KB)
...
006 (335100.029.000) 05/14 18:16:19 Image size of job updated: 781144
	759  -  MemoryUsage of job (MB)
	776784  -  ResidentSetSize of job (KB)
...
040 (335100.029.000) 05/14 18:25:49 Started transferring output files
...
040 (335100.029.000) 05/14 18:25:49 Finished transferring output files
...
005 (335100.029.000) 05/14 18:25:49 Job terminated.
	(1) Normal termination (return value 1)
		Usr 0 00:22:00, Sys 0 00:01:50  -  Run Remote Usage
		Usr 0 00:00:00, Sys 0 00:00:00  -  Run Local Usage
		Usr 0 00:22:00, Sys 0 00:01:50  -  Total Remote Usage
		Usr 0 00:00:00, Sys 0 00:00:00  -  Total Local Usage
	8533  -  Run Bytes Sent By Job
	10917  -  Run Bytes Received By Job
	8533  -  Total Bytes Sent By Job
	10917  -  Total Bytes Received By Job
	Partitionable Resources :    Usage  Request Allocated 
	   Cpus                 :     0.98        1         1 
	   Disk (KB)            :    78           1    217428 
	   Memory (MB)          :   759        2000      2000 
...
