000 (335109.028.000) 05/14 18:00:17 Job submitted from host: <188.184.95.166:9618?addrs=188.184.95.166-9618+[2001-1458-201-e4--100-7a0]-9618&alias=tbird02.cern.ch&noUDP&sock=schedd_2138722_faad_3>
...
040 (335109.028.000) 05/14 18:15:01 Started transferring input files
	Transferring to host: <128.142.240.24:9618?addrs=128.142.240.24-9618+[2001-1458-301-f9--100-19]-9618&noUDP&sock=4034_115d_129274>
...
040 (335109.028.000) 05/14 18:15:01 Finished transferring input files
...
001 (335109.028.000) 05/14 18:15:02 Job executing on host: <128.142.240.24:9618?addrs=128.142.240.24-9618+[2001-1458-301-f9--100-19]-9618&noUDP&sock=2333_d28a_3>
...
006 (335109.028.000) 05/14 18:15:11 Image size of job updated: 333600
	243  -  MemoryUsage of job (MB)
	248732  -  ResidentSetSize of job (KB)
...
006 (335109.028.000) 05/14 18:19:55 Image size of job updated: 777036
	243  -  MemoryUsage of job (MB)
	248744  -  ResidentSetSize of job (KB)
...
040 (335109.028.000) 05/14 18:19:55 Started transferring output files
...
040 (335109.028.000) 05/14 18:19:55 Finished transferring output files
...
005 (335109.028.000) 05/14 18:19:55 Job terminated.
	(1) Normal termination (return value 1)
		Usr 0 00:04:21, Sys 0 00:00:25  -  Run Remote Usage
		Usr 0 00:00:00, Sys 0 00:00:00  -  Run Local Usage
		Usr 0 00:04:21, Sys 0 00:00:25  -  Total Remote Usage
		Usr 0 00:00:00, Sys 0 00:00:00  -  Total Local Usage
	6024  -  Run Bytes Sent By Job
	10917  -  Run Bytes Received By Job
	6024  -  Total Bytes Sent By Job
	10917  -  Total Bytes Received By Job
	Partitionable Resources :    Usage  Request Allocated 
	   Cpus                 :                 1           
	   Disk (KB)            :       69        1   2125977 
	   Memory (MB)          :      243     2000      2000 
...
