000 (335103.032.000) 05/14 18:00:12 Job submitted from host: <188.184.95.166:9618?addrs=188.184.95.166-9618+[2001-1458-201-e4--100-7a0]-9618&alias=tbird02.cern.ch&noUDP&sock=schedd_2138722_faad_3>
...
040 (335103.032.000) 05/14 18:01:43 Started transferring input files
	Transferring to host: <188.184.186.12:9618?addrs=188.184.186.12-9618+[2001-1458-301-f8--100-2]-9618&noUDP&sock=4120_a9a1_128271>
...
040 (335103.032.000) 05/14 18:01:43 Finished transferring input files
...
001 (335103.032.000) 05/14 18:01:44 Job executing on host: <188.184.186.12:9618?addrs=188.184.186.12-9618+[2001-1458-301-f8--100-2]-9618&noUDP&sock=2349_cc0e_3>
...
006 (335103.032.000) 05/14 18:01:53 Image size of job updated: 291200
	208  -  MemoryUsage of job (MB)
	212124  -  ResidentSetSize of job (KB)
...
006 (335103.032.000) 05/14 18:06:54 Image size of job updated: 429516
	340  -  MemoryUsage of job (MB)
	347264  -  ResidentSetSize of job (KB)
...
006 (335103.032.000) 05/14 18:11:55 Image size of job updated: 733688
	637  -  MemoryUsage of job (MB)
	651384  -  ResidentSetSize of job (KB)
...
006 (335103.032.000) 05/14 18:16:55 Image size of job updated: 866460
	766  -  MemoryUsage of job (MB)
	784156  -  ResidentSetSize of job (KB)
...
006 (335103.032.000) 05/14 18:27:03 Image size of job updated: 1202940
	766  -  MemoryUsage of job (MB)
	784156  -  ResidentSetSize of job (KB)
...
040 (335103.032.000) 05/14 18:27:03 Started transferring output files
...
040 (335103.032.000) 05/14 18:27:03 Finished transferring output files
...
005 (335103.032.000) 05/14 18:27:03 Job terminated.
	(1) Normal termination (return value 1)
		Usr 0 00:22:27, Sys 0 00:01:51  -  Run Remote Usage
		Usr 0 00:00:00, Sys 0 00:00:00  -  Run Local Usage
		Usr 0 00:22:27, Sys 0 00:01:51  -  Total Remote Usage
		Usr 0 00:00:00, Sys 0 00:00:00  -  Total Local Usage
	8533  -  Run Bytes Sent By Job
	10917  -  Run Bytes Received By Job
	8533  -  Total Bytes Sent By Job
	10917  -  Total Bytes Received By Job
	Partitionable Resources :    Usage  Request Allocated 
	   Cpus                 :                 1           
	   Disk (KB)            :       71        1   2145123 
	   Memory (MB)          :      766     2000      2000 
...
