000 (335107.030.000) 05/14 18:00:15 Job submitted from host: <188.184.95.166:9618?addrs=188.184.95.166-9618+[2001-1458-201-e4--100-7a0]-9618&alias=tbird02.cern.ch&noUDP&sock=schedd_2138722_faad_3>
...
022 (335107.030.000) 05/14 18:03:16 Job disconnected, attempting to reconnect
    Socket between submit and execute hosts closed unexpectedly
    Trying to reconnect to slot1_1@b7g28n0393.cern.ch <188.184.186.38:9618?addrs=188.184.186.38-9618+[2001-1458-301-f8--100-6]-9618&noUDP&sock=2268_3ce2_3>
...
024 (335107.030.000) 05/14 18:03:16 Job reconnection failed
    Job not found at execution machine
    Can not reconnect to slot1_1@b7g28n0393.cern.ch, rescheduling job
...
040 (335107.030.000) 05/14 18:03:59 Started transferring input files
	Transferring to host: <128.142.240.37:9618?addrs=128.142.240.37-9618+[2001-1458-301-f9--100-13]-9618&noUDP&sock=3989_5c7b_128028>
...
040 (335107.030.000) 05/14 18:03:59 Finished transferring input files
...
001 (335107.030.000) 05/14 18:04:00 Job executing on host: <128.142.240.37:9618?addrs=128.142.240.37-9618+[2001-1458-301-f9--100-13]-9618&noUDP&sock=2329_1429_3>
...
006 (335107.030.000) 05/14 18:04:09 Image size of job updated: 399296
	310  -  MemoryUsage of job (MB)
	316796  -  ResidentSetSize of job (KB)
...
006 (335107.030.000) 05/14 18:09:10 Image size of job updated: 732208
	635  -  MemoryUsage of job (MB)
	649656  -  ResidentSetSize of job (KB)
...
006 (335107.030.000) 05/14 18:14:10 Image size of job updated: 867200
	767  -  MemoryUsage of job (MB)
	784648  -  ResidentSetSize of job (KB)
...
040 (335107.030.000) 05/14 18:17:23 Started transferring output files
...
040 (335107.030.000) 05/14 18:17:23 Finished transferring output files
...
005 (335107.030.000) 05/14 18:17:23 Job terminated.
	(1) Normal termination (return value 1)
		Usr 0 00:12:09, Sys 0 00:01:08  -  Run Remote Usage
		Usr 0 00:00:00, Sys 0 00:00:00  -  Run Local Usage
		Usr 0 00:12:09, Sys 0 00:01:08  -  Total Remote Usage
		Usr 0 00:00:00, Sys 0 00:00:00  -  Total Local Usage
	11581  -  Run Bytes Sent By Job
	10917  -  Run Bytes Received By Job
	11581  -  Total Bytes Sent By Job
	10917  -  Total Bytes Received By Job
	Partitionable Resources :    Usage  Request Allocated 
	   Cpus                 :                 1           
	   Disk (KB)            :       71        1   2172543 
	   Memory (MB)          :      767     2000      2000 
...
