   WJetsToLNu_94X_ext_part4   MC  34 chunks


I have 1 taks to process
I'm using the following list of modules DEFAULT_MODULES
this is jobs [('WJetsToLNu_94X_ext_part4', 'MY_EOS_SPACE/heppyNtuples/TREES_W_94X/WJetsToLNu_94X_ext_part4/treeProducerWMass/tree.root', 4302507273222.937, '_Friend_WJetsToLNu_94X_ext_part4.chunk28', False, xrange(7000000, 7250000), 28)]
Modules to run:  []   name =  puWeight
Loading puWeight from CMGTools.WMass.postprocessing.examples.puWeightProducer 
Running on dataset =  WJetsToLNu_94X_ext_part4
TFile: name=/afs/cern.ch/work/m/mciprian/w_mass_analysis/heppy/rel_slc7/CMSSW_9_4_12/src/CMGTools/WMass/python/postprocessing/data/pileup/mcPU_2016_W94XnoCutsWithGenWeights_nTrueInt.root, title=, option=READ
TFile: name=/afs/cern.ch/work/m/mciprian/w_mass_analysis/heppy/rel_slc7/CMSSW_9_4_12/src/CMGTools/WMass/python/postprocessing/data/pileup/PileupData_GoldenMuonJSON_Full2016.root, title=, option=READ
Load C++ Worker
Modules to run:  []   name =  muCalibratedWithStatVar
Loading muCalibratedWithStatVar from CMGTools.WMass.postprocessing.examples.lepVarProducer 
Running on dataset =  WJetsToLNu_94X_ext_part4
did not find EnergyScaleCorrection shared object, rebuilding
trying to load all the rochester correction libraries
did not find legacy data roccor. rebuilding...
done building legacy data roccor.
Modules to run:  []   name =  jetAllReCleaner
Loading jetAllReCleaner from CMGTools.WMass.postprocessing.examples.jetReCleaner 
Running on dataset =  WJetsToLNu_94X_ext_part4
Load C++ Worker
Modules to run:  []   name =  jetReCleaner
Loading jetReCleaner from CMGTools.WMass.postprocessing.examples.jetReCleaner 
Running on dataset =  WJetsToLNu_94X_ext_part4
Load C++ Worker
Modules to run:  []   name =  genQEDJets
Loading genQEDJets from CMGTools.WMass.postprocessing.examples.genFriendProducer 
Running on dataset =  WJetsToLNu_94X_ext_part4
Will write selected trees to MY_EOS_SPACE/heppyNtuples/TREES_W_94X/friends/
Normalization of nTrueInt_Wnopt: 3.68902e+10
Normalization of pileup: 3.68902e+10
Weights for variable nTrueInt_Wnopt with a number of bins equal to 102:
1 0.3634 0.9215 1.196 0.96 1.118 1.157 0.9675 0.9293 0.9192 0.8823 0.9553 1.062 1.116 1.167 1.194 1.2 1.193 1.177 1.14 1.092 1.06 1.047 1.046 1.047 1.048 1.06 1.077 1.092 1.106 1.122 1.108 1.097 1.051 0.992 0.9144 0.8237 0.7175 0.6087 0.5019 0.4029 0.3076 0.2264 0.1622 0.1123 0.07656 0.05052 0.03159 0.01992 0.01212 0.007355 0.004361 0.002593 0.001553 0.0009624 0.0007219 0.0006632 0.0007233 0.0009289 0.001329 0.001772 0.003222 0.004042 0.00487 0.005064 0.005658 0.005309 0.004846 0.004101 0.003977 0.003686 0.003306 0.002672 0.002286 0.001878 0.00167 1 1 1 1 1 1 1 1 1 1 1 1 1 1 1 1 1 1 1 1 1 1 1 1 1 1 .
Final weights: 
1 0.3634 0.9215 1.196 0.96 1.118 1.157 0.9675 0.9293 0.9192 0.8823 0.9553 1.062 1.116 1.167 1.194 1.2 1.193 1.177 1.14 1.092 1.06 1.047 1.046 1.047 1.048 1.06 1.077 1.092 1.106 1.122 1.108 1.097 1.051 0.992 0.9144 0.8237 0.7175 0.6087 0.5019 0.4029 0.3076 0.2264 0.1622 0.1123 0.07656 0.05052 0.03159 0.01992 0.01212 0.007355 0.004361 0.002593 0.001553 0.0009624 0.0007219 0.0006632 0.0007233 0.0009289 0.001329 0.001772 0.003222 0.004042 0.00487 0.005064 0.005658 0.005309 0.004846 0.004101 0.003977 0.003686 0.003306 0.002672 0.002286 0.001878 0.00167 1 1 1 1 1 1 1 1 1 1 1 1 1 1 1 1 1 1 1 1 1 1 1 1 1 1 .
begin job of lepCalProducer
initializing all the rochester correction objects
initializing the egamma calibrator
Processed  7000000/ 8283725 entries (elapsed time     1.0s, curr speed    9.615 kHz, avg speed 6730.769 kHz), accepted        1/       1 events (100.00%)
Processed  7010000/ 8283725 entries (elapsed time    57.9s, curr speed    0.176 kHz, avg speed  121.071 kHz), accepted    10001/   10001 events (100.00%)
Processed  7020000/ 8283725 entries (elapsed time   116.0s, curr speed    0.172 kHz, avg speed   60.512 kHz), accepted    20001/   20001 events (100.00%)
Processed  7030000/ 8283725 entries (elapsed time   173.0s, curr speed    0.175 kHz, avg speed   40.636 kHz), accepted    30001/   30001 events (100.00%)
Processed  7040000/ 8283725 entries (elapsed time   232.3s, curr speed    0.169 kHz, avg speed   30.306 kHz), accepted    40001/   40001 events (100.00%)
Processed  7050000/ 8283725 entries (elapsed time   289.1s, curr speed    0.176 kHz, avg speed   24.387 kHz), accepted    50001/   50001 events (100.00%)
Processed  7060000/ 8283725 entries (elapsed time   348.3s, curr speed    0.169 kHz, avg speed   20.269 kHz), accepted    60001/   60001 events (100.00%)
Processed  7070000/ 8283725 entries (elapsed time   399.8s, curr speed    0.194 kHz, avg speed   17.686 kHz), accepted    70001/   70001 events (100.00%)
Processed  7080000/ 8283725 entries (elapsed time   450.9s, curr speed    0.196 kHz, avg speed   15.703 kHz), accepted    80001/   80001 events (100.00%)
Processed  7090000/ 8283725 entries (elapsed time   500.5s, curr speed    0.201 kHz, avg speed   14.165 kHz), accepted    90001/   90001 events (100.00%)
Processed  7100000/ 8283725 entries (elapsed time   551.7s, curr speed    0.195 kHz, avg speed   12.869 kHz), accepted   100001/  100001 events (100.00%)
Processed  7110000/ 8283725 entries (elapsed time   602.6s, curr speed    0.197 kHz, avg speed   11.799 kHz), accepted   110001/  110001 events (100.00%)
Processed  7120000/ 8283725 entries (elapsed time   700.1s, curr speed    0.103 kHz, avg speed   10.170 kHz), accepted   120001/  120001 events (100.00%)
Processed  7130000/ 8283725 entries (elapsed time   751.2s, curr speed    0.196 kHz, avg speed    9.491 kHz), accepted   130001/  130001 events (100.00%)
Processed  7140000/ 8283725 entries (elapsed time   803.0s, curr speed    0.193 kHz, avg speed    8.892 kHz), accepted   140001/  140001 events (100.00%)
Processed  7150000/ 8283725 entries (elapsed time   855.1s, curr speed    0.192 kHz, avg speed    8.361 kHz), accepted   150001/  150001 events (100.00%)
Processed  7160000/ 8283725 entries (elapsed time   907.6s, curr speed    0.190 kHz, avg speed    7.889 kHz), accepted   160001/  160001 events (100.00%)
Processed  7170000/ 8283725 entries (elapsed time   958.9s, curr speed    0.195 kHz, avg speed    7.477 kHz), accepted   170001/  170001 events (100.00%)
Processed  7180000/ 8283725 entries (elapsed time  1056.8s, curr speed    0.102 kHz, avg speed    6.794 kHz), accepted   180001/  180001 events (100.00%)
Processed  7190000/ 8283725 entries (elapsed time  1109.0s, curr speed    0.192 kHz, avg speed    6.483 kHz), accepted   190001/  190001 events (100.00%)
Processed  7200000/ 8283725 entries (elapsed time  1162.1s, curr speed    0.188 kHz, avg speed    6.196 kHz), accepted   200001/  200001 events (100.00%)
Processed  7210000/ 8283725 entries (elapsed time  1214.4s, curr speed    0.191 kHz, avg speed    5.937 kHz), accepted   210001/  210001 events (100.00%)
Processed  7220000/ 8283725 entries (elapsed time  1266.2s, curr speed    0.193 kHz, avg speed    5.702 kHz), accepted   220001/  220001 events (100.00%)
Processed  7230000/ 8283725 entries (elapsed time  1317.4s, curr speed    0.195 kHz, avg speed    5.488 kHz), accepted   230001/  230001 events (100.00%)
Processed  7240000/ 8283725 entries (elapsed time  1416.6s, curr speed    0.101 kHz, avg speed    5.111 kHz), accepted   240001/  240001 events (100.00%)
Processed 250000 entries from MY_EOS_SPACE/heppyNtuples/TREES_W_94X/WJetsToLNu_94X_ext_part4/treeProducerWMass/tree.root, selected 250000 entries
Done MY_EOS_SPACE/heppyNtuples/TREES_W_94X/friends/tree_Friend_WJetsToLNu_94X_ext_part4.chunk28.root
