000 (335104.009.000) 05/14 18:00:12 Job submitted from host: <188.184.95.166:9618?addrs=188.184.95.166-9618+[2001-1458-201-e4--100-7a0]-9618&alias=tbird02.cern.ch&noUDP&sock=schedd_2138722_faad_3>
...
040 (335104.009.000) 05/14 18:01:47 Started transferring input files
	Transferring to host: <128.142.240.54:9618?addrs=128.142.240.54-9618+[--1]-9618&noUDP&sock=3141_de59_10991>
...
040 (335104.009.000) 05/14 18:01:47 Finished transferring input files
...
001 (335104.009.000) 05/14 18:01:48 Job executing on host: <128.142.240.54:9618?addrs=128.142.240.54-9618+[--1]-9618&noUDP&sock=2277_693c_3>
...
006 (335104.009.000) 05/14 18:01:56 Image size of job updated: 242508
	163  -  MemoryUsage of job (MB)
	166756  -  ResidentSetSize of job (KB)
...
006 (335104.009.000) 05/14 18:06:56 Image size of job updated: 432176
	342  -  MemoryUsage of job (MB)
	349452  -  ResidentSetSize of job (KB)
...
006 (335104.009.000) 05/14 18:11:57 Image size of job updated: 724744
	627  -  MemoryUsage of job (MB)
	641968  -  ResidentSetSize of job (KB)
...
006 (335104.009.000) 05/14 18:16:58 Image size of job updated: 865812
	765  -  MemoryUsage of job (MB)
	783036  -  ResidentSetSize of job (KB)
...
040 (335104.009.000) 05/14 18:30:22 Started transferring output files
...
040 (335104.009.000) 05/14 18:30:22 Finished transferring output files
...
005 (335104.009.000) 05/14 18:30:22 Job terminated.
	(1) Normal termination (return value 1)
		Usr 0 00:24:15, Sys 0 00:02:04  -  Run Remote Usage
		Usr 0 00:00:00, Sys 0 00:00:00  -  Run Local Usage
		Usr 0 00:24:15, Sys 0 00:02:04  -  Total Remote Usage
		Usr 0 00:00:00, Sys 0 00:00:00  -  Total Local Usage
	13874  -  Run Bytes Sent By Job
	10917  -  Run Bytes Received By Job
	13874  -  Total Bytes Sent By Job
	10917  -  Total Bytes Received By Job
	Partitionable Resources :    Usage  Request Allocated 
	   Cpus                 :                 1           
	   Disk (KB)            :       73        1   2102865 
	   Memory (MB)          :      765     2000      2000 
...
