   WJetsToLNu_94X_ext_part7   MC  35 chunks


I have 1 taks to process
I'm using the following list of modules DEFAULT_MODULES
this is jobs [('WJetsToLNu_94X_ext_part7', 'MY_EOS_SPACE/heppyNtuples/TREES_W_94X/WJetsToLNu_94X_ext_part7/treeProducerWMass/tree.root', 4481871307881.251, '_Friend_WJetsToLNu_94X_ext_part7.chunk6', False, xrange(1500000, 1750000), 6)]
Modules to run:  []   name =  puWeight
Loading puWeight from CMGTools.WMass.postprocessing.examples.puWeightProducer 
Running on dataset =  WJetsToLNu_94X_ext_part7
TFile: name=/afs/cern.ch/work/m/mciprian/w_mass_analysis/heppy/rel_slc7/CMSSW_9_4_12/src/CMGTools/WMass/python/postprocessing/data/pileup/mcPU_2016_W94XnoCutsWithGenWeights_nTrueInt.root, title=, option=READ
TFile: name=/afs/cern.ch/work/m/mciprian/w_mass_analysis/heppy/rel_slc7/CMSSW_9_4_12/src/CMGTools/WMass/python/postprocessing/data/pileup/PileupData_GoldenMuonJSON_Full2016.root, title=, option=READ
Load C++ Worker
Modules to run:  []   name =  muCalibratedWithStatVar
Loading muCalibratedWithStatVar from CMGTools.WMass.postprocessing.examples.lepVarProducer 
Running on dataset =  WJetsToLNu_94X_ext_part7
did not find EnergyScaleCorrection shared object, rebuilding
trying to load all the rochester correction libraries
did not find legacy data roccor. rebuilding...
done building legacy data roccor.
Modules to run:  []   name =  jetAllReCleaner
Loading jetAllReCleaner from CMGTools.WMass.postprocessing.examples.jetReCleaner 
Running on dataset =  WJetsToLNu_94X_ext_part7
Load C++ Worker
Modules to run:  []   name =  jetReCleaner
Loading jetReCleaner from CMGTools.WMass.postprocessing.examples.jetReCleaner 
Running on dataset =  WJetsToLNu_94X_ext_part7
Load C++ Worker
Modules to run:  []   name =  genQEDJets
Loading genQEDJets from CMGTools.WMass.postprocessing.examples.genFriendProducer 
Running on dataset =  WJetsToLNu_94X_ext_part7
Will write selected trees to MY_EOS_SPACE/heppyNtuples/TREES_W_94X/friends/
Normalization of nTrueInt_Wnopt: 3.68902e+10
Normalization of pileup: 3.68902e+10
Weights for variable nTrueInt_Wnopt with a number of bins equal to 102:
1 0.3634 0.9215 1.196 0.96 1.118 1.157 0.9675 0.9293 0.9192 0.8823 0.9553 1.062 1.116 1.167 1.194 1.2 1.193 1.177 1.14 1.092 1.06 1.047 1.046 1.047 1.048 1.06 1.077 1.092 1.106 1.122 1.108 1.097 1.051 0.992 0.9144 0.8237 0.7175 0.6087 0.5019 0.4029 0.3076 0.2264 0.1622 0.1123 0.07656 0.05052 0.03159 0.01992 0.01212 0.007355 0.004361 0.002593 0.001553 0.0009624 0.0007219 0.0006632 0.0007233 0.0009289 0.001329 0.001772 0.003222 0.004042 0.00487 0.005064 0.005658 0.005309 0.004846 0.004101 0.003977 0.003686 0.003306 0.002672 0.002286 0.001878 0.00167 1 1 1 1 1 1 1 1 1 1 1 1 1 1 1 1 1 1 1 1 1 1 1 1 1 1 .
Final weights: 
1 0.3634 0.9215 1.196 0.96 1.118 1.157 0.9675 0.9293 0.9192 0.8823 0.9553 1.062 1.116 1.167 1.194 1.2 1.193 1.177 1.14 1.092 1.06 1.047 1.046 1.047 1.048 1.06 1.077 1.092 1.106 1.122 1.108 1.097 1.051 0.992 0.9144 0.8237 0.7175 0.6087 0.5019 0.4029 0.3076 0.2264 0.1622 0.1123 0.07656 0.05052 0.03159 0.01992 0.01212 0.007355 0.004361 0.002593 0.001553 0.0009624 0.0007219 0.0006632 0.0007233 0.0009289 0.001329 0.001772 0.003222 0.004042 0.00487 0.005064 0.005658 0.005309 0.004846 0.004101 0.003977 0.003686 0.003306 0.002672 0.002286 0.001878 0.00167 1 1 1 1 1 1 1 1 1 1 1 1 1 1 1 1 1 1 1 1 1 1 1 1 1 1 .
begin job of lepCalProducer
initializing all the rochester correction objects
initializing the egamma calibrator
Processed  1500000/ 8620133 entries (elapsed time     0.5s, curr speed   19.231 kHz, avg speed 2884.615 kHz), accepted        1/       1 events (100.00%)
Processed  1510000/ 8620133 entries (elapsed time    39.6s, curr speed    0.256 kHz, avg speed   38.160 kHz), accepted    10001/   10001 events (100.00%)
Processed  1520000/ 8620133 entries (elapsed time    80.6s, curr speed    0.244 kHz, avg speed   18.868 kHz), accepted    20001/   20001 events (100.00%)
Processed  1530000/ 8620133 entries (elapsed time   123.2s, curr speed    0.234 kHz, avg speed   12.416 kHz), accepted    30001/   30001 events (100.00%)
Processed  1540000/ 8620133 entries (elapsed time   168.9s, curr speed    0.219 kHz, avg speed    9.118 kHz), accepted    40001/   40001 events (100.00%)
Processed  1550000/ 8620133 entries (elapsed time   211.4s, curr speed    0.235 kHz, avg speed    7.331 kHz), accepted    50001/   50001 events (100.00%)
Processed  1560000/ 8620133 entries (elapsed time   257.5s, curr speed    0.217 kHz, avg speed    6.058 kHz), accepted    60001/   60001 events (100.00%)
Processed  1570000/ 8620133 entries (elapsed time   301.0s, curr speed    0.230 kHz, avg speed    5.216 kHz), accepted    70001/   70001 events (100.00%)
Processed  1580000/ 8620133 entries (elapsed time   341.4s, curr speed    0.248 kHz, avg speed    4.628 kHz), accepted    80001/   80001 events (100.00%)
Processed  1590000/ 8620133 entries (elapsed time   380.0s, curr speed    0.259 kHz, avg speed    4.184 kHz), accepted    90001/   90001 events (100.00%)
Processed  1600000/ 8620133 entries (elapsed time   419.5s, curr speed    0.253 kHz, avg speed    3.814 kHz), accepted   100001/  100001 events (100.00%)
Processed  1610000/ 8620133 entries (elapsed time   458.4s, curr speed    0.257 kHz, avg speed    3.512 kHz), accepted   110001/  110001 events (100.00%)
Processed  1620000/ 8620133 entries (elapsed time   532.1s, curr speed    0.136 kHz, avg speed    3.045 kHz), accepted   120001/  120001 events (100.00%)
Processed  1630000/ 8620133 entries (elapsed time   570.2s, curr speed    0.262 kHz, avg speed    2.859 kHz), accepted   130001/  130001 events (100.00%)
Processed  1640000/ 8620133 entries (elapsed time   609.4s, curr speed    0.255 kHz, avg speed    2.691 kHz), accepted   140001/  140001 events (100.00%)
Processed  1650000/ 8620133 entries (elapsed time   648.3s, curr speed    0.257 kHz, avg speed    2.545 kHz), accepted   150001/  150001 events (100.00%)
Processed  1660000/ 8620133 entries (elapsed time   688.2s, curr speed    0.250 kHz, avg speed    2.412 kHz), accepted   160001/  160001 events (100.00%)
Processed  1670000/ 8620133 entries (elapsed time   725.9s, curr speed    0.266 kHz, avg speed    2.301 kHz), accepted   170001/  170001 events (100.00%)
Processed  1680000/ 8620133 entries (elapsed time   797.9s, curr speed    0.139 kHz, avg speed    2.105 kHz), accepted   180001/  180001 events (100.00%)
Processed  1690000/ 8620133 entries (elapsed time   833.1s, curr speed    0.285 kHz, avg speed    2.029 kHz), accepted   190001/  190001 events (100.00%)
Processed  1700000/ 8620133 entries (elapsed time   867.8s, curr speed    0.288 kHz, avg speed    1.959 kHz), accepted   200001/  200001 events (100.00%)
Processed  1710000/ 8620133 entries (elapsed time   897.8s, curr speed    0.334 kHz, avg speed    1.905 kHz), accepted   210001/  210001 events (100.00%)
Processed  1720000/ 8620133 entries (elapsed time   926.5s, curr speed    0.348 kHz, avg speed    1.856 kHz), accepted   220001/  220001 events (100.00%)
Processed  1730000/ 8620133 entries (elapsed time   954.6s, curr speed    0.356 kHz, avg speed    1.812 kHz), accepted   230001/  230001 events (100.00%)
Processed  1740000/ 8620133 entries (elapsed time  1010.7s, curr speed    0.178 kHz, avg speed    1.722 kHz), accepted   240001/  240001 events (100.00%)
Processed 250000 entries from MY_EOS_SPACE/heppyNtuples/TREES_W_94X/WJetsToLNu_94X_ext_part7/treeProducerWMass/tree.root, selected 250000 entries
Done MY_EOS_SPACE/heppyNtuples/TREES_W_94X/friends/tree_Friend_WJetsToLNu_94X_ext_part7.chunk6.root
