000 (335103.010.000) 05/14 18:00:12 Job submitted from host: <188.184.95.166:9618?addrs=188.184.95.166-9618+[2001-1458-201-e4--100-7a0]-9618&alias=tbird02.cern.ch&noUDP&sock=schedd_2138722_faad_3>
...
040 (335103.010.000) 05/14 18:01:35 Started transferring input files
	Transferring to host: <188.184.132.4:9618?addrs=188.184.132.4-9618+[--1]-9618&noUDP&sock=3211_309c_11218>
...
040 (335103.010.000) 05/14 18:01:35 Finished transferring input files
...
001 (335103.010.000) 05/14 18:01:36 Job executing on host: <188.184.132.4:9618?addrs=188.184.132.4-9618+[--1]-9618&noUDP&sock=2272_fb43_3>
...
006 (335103.010.000) 05/14 18:01:44 Image size of job updated: 195660
	116  -  MemoryUsage of job (MB)
	117912  -  ResidentSetSize of job (KB)
...
006 (335103.010.000) 05/14 18:06:44 Image size of job updated: 730216
	629  -  MemoryUsage of job (MB)
	643512  -  ResidentSetSize of job (KB)
...
006 (335103.010.000) 05/14 18:11:44 Image size of job updated: 864412
	760  -  MemoryUsage of job (MB)
	777708  -  ResidentSetSize of job (KB)
...
040 (335103.010.000) 05/14 18:14:50 Started transferring output files
...
040 (335103.010.000) 05/14 18:14:50 Finished transferring output files
...
005 (335103.010.000) 05/14 18:14:50 Job terminated.
	(1) Normal termination (return value 1)
		Usr 0 00:10:42, Sys 0 00:01:10  -  Run Remote Usage
		Usr 0 00:00:00, Sys 0 00:00:00  -  Run Local Usage
		Usr 0 00:10:42, Sys 0 00:01:10  -  Total Remote Usage
		Usr 0 00:00:00, Sys 0 00:00:00  -  Total Local Usage
	14209  -  Run Bytes Sent By Job
	10917  -  Run Bytes Received By Job
	14209  -  Total Bytes Sent By Job
	10917  -  Total Bytes Received By Job
	Partitionable Resources :    Usage  Request Allocated 
	   Cpus                 :                 1           
	   Disk (KB)            :       73        1   2156447 
	   Memory (MB)          :      760     2000      2000 
...
