   WJetsToLNu_94X_ext_part7   MC  35 chunks


I have 1 taks to process
I'm using the following list of modules DEFAULT_MODULES
this is jobs [('WJetsToLNu_94X_ext_part7', 'MY_EOS_SPACE/heppyNtuples/TREES_W_94X/WJetsToLNu_94X_ext_part7/treeProducerWMass/tree.root', 4481871307881.251, '_Friend_WJetsToLNu_94X_ext_part7.chunk27', False, xrange(6750000, 7000000), 27)]
Modules to run:  []   name =  puWeight
Loading puWeight from CMGTools.WMass.postprocessing.examples.puWeightProducer 
Running on dataset =  WJetsToLNu_94X_ext_part7
TFile: name=/afs/cern.ch/work/m/mciprian/w_mass_analysis/heppy/rel_slc7/CMSSW_9_4_12/src/CMGTools/WMass/python/postprocessing/data/pileup/mcPU_2016_W94XnoCutsWithGenWeights_nTrueInt.root, title=, option=READ
TFile: name=/afs/cern.ch/work/m/mciprian/w_mass_analysis/heppy/rel_slc7/CMSSW_9_4_12/src/CMGTools/WMass/python/postprocessing/data/pileup/PileupData_GoldenMuonJSON_Full2016.root, title=, option=READ
Load C++ Worker
Modules to run:  []   name =  muCalibratedWithStatVar
Loading muCalibratedWithStatVar from CMGTools.WMass.postprocessing.examples.lepVarProducer 
Running on dataset =  WJetsToLNu_94X_ext_part7
did not find EnergyScaleCorrection shared object, rebuilding
trying to load all the rochester correction libraries
did not find legacy data roccor. rebuilding...
done building legacy data roccor.
Modules to run:  []   name =  jetAllReCleaner
Loading jetAllReCleaner from CMGTools.WMass.postprocessing.examples.jetReCleaner 
Running on dataset =  WJetsToLNu_94X_ext_part7
Load C++ Worker
Modules to run:  []   name =  jetReCleaner
Loading jetReCleaner from CMGTools.WMass.postprocessing.examples.jetReCleaner 
Running on dataset =  WJetsToLNu_94X_ext_part7
Load C++ Worker
Modules to run:  []   name =  genQEDJets
Loading genQEDJets from CMGTools.WMass.postprocessing.examples.genFriendProducer 
Running on dataset =  WJetsToLNu_94X_ext_part7
Will write selected trees to MY_EOS_SPACE/heppyNtuples/TREES_W_94X/friends/
Normalization of nTrueInt_Wnopt: 3.68902e+10
Normalization of pileup: 3.68902e+10
Weights for variable nTrueInt_Wnopt with a number of bins equal to 102:
1 0.3634 0.9215 1.196 0.96 1.118 1.157 0.9675 0.9293 0.9192 0.8823 0.9553 1.062 1.116 1.167 1.194 1.2 1.193 1.177 1.14 1.092 1.06 1.047 1.046 1.047 1.048 1.06 1.077 1.092 1.106 1.122 1.108 1.097 1.051 0.992 0.9144 0.8237 0.7175 0.6087 0.5019 0.4029 0.3076 0.2264 0.1622 0.1123 0.07656 0.05052 0.03159 0.01992 0.01212 0.007355 0.004361 0.002593 0.001553 0.0009624 0.0007219 0.0006632 0.0007233 0.0009289 0.001329 0.001772 0.003222 0.004042 0.00487 0.005064 0.005658 0.005309 0.004846 0.004101 0.003977 0.003686 0.003306 0.002672 0.002286 0.001878 0.00167 1 1 1 1 1 1 1 1 1 1 1 1 1 1 1 1 1 1 1 1 1 1 1 1 1 1 .
Final weights: 
1 0.3634 0.9215 1.196 0.96 1.118 1.157 0.9675 0.9293 0.9192 0.8823 0.9553 1.062 1.116 1.167 1.194 1.2 1.193 1.177 1.14 1.092 1.06 1.047 1.046 1.047 1.048 1.06 1.077 1.092 1.106 1.122 1.108 1.097 1.051 0.992 0.9144 0.8237 0.7175 0.6087 0.5019 0.4029 0.3076 0.2264 0.1622 0.1123 0.07656 0.05052 0.03159 0.01992 0.01212 0.007355 0.004361 0.002593 0.001553 0.0009624 0.0007219 0.0006632 0.0007233 0.0009289 0.001329 0.001772 0.003222 0.004042 0.00487 0.005064 0.005658 0.005309 0.004846 0.004101 0.003977 0.003686 0.003306 0.002672 0.002286 0.001878 0.00167 1 1 1 1 1 1 1 1 1 1 1 1 1 1 1 1 1 1 1 1 1 1 1 1 1 1 .
begin job of lepCalProducer
initializing all the rochester correction objects
initializing the egamma calibrator
Processed  6750000/ 8620133 entries (elapsed time     0.8s, curr speed   13.333 kHz, avg speed 9000.000 kHz), accepted        1/       1 events (100.00%)
Processed  6760000/ 8620133 entries (elapsed time    54.3s, curr speed    0.187 kHz, avg speed  124.471 kHz), accepted    10001/   10001 events (100.00%)
Processed  6770000/ 8620133 entries (elapsed time   108.7s, curr speed    0.184 kHz, avg speed   62.270 kHz), accepted    20001/   20001 events (100.00%)
Processed  6780000/ 8620133 entries (elapsed time   165.6s, curr speed    0.176 kHz, avg speed   40.954 kHz), accepted    30001/   30001 events (100.00%)
Processed  6790000/ 8620133 entries (elapsed time   223.7s, curr speed    0.172 kHz, avg speed   30.353 kHz), accepted    40001/   40001 events (100.00%)
Processed  6800000/ 8620133 entries (elapsed time   277.8s, curr speed    0.185 kHz, avg speed   24.480 kHz), accepted    50001/   50001 events (100.00%)
Processed  6810000/ 8620133 entries (elapsed time   331.8s, curr speed    0.185 kHz, avg speed   20.523 kHz), accepted    60001/   60001 events (100.00%)
Processed  6820000/ 8620133 entries (elapsed time   380.7s, curr speed    0.205 kHz, avg speed   17.914 kHz), accepted    70001/   70001 events (100.00%)
Processed  6830000/ 8620133 entries (elapsed time   428.2s, curr speed    0.210 kHz, avg speed   15.949 kHz), accepted    80001/   80001 events (100.00%)
Processed  6840000/ 8620133 entries (elapsed time   476.6s, curr speed    0.207 kHz, avg speed   14.351 kHz), accepted    90001/   90001 events (100.00%)
Processed  6850000/ 8620133 entries (elapsed time   526.7s, curr speed    0.200 kHz, avg speed   13.005 kHz), accepted   100001/  100001 events (100.00%)
Processed  6860000/ 8620133 entries (elapsed time   574.5s, curr speed    0.209 kHz, avg speed   11.940 kHz), accepted   110001/  110001 events (100.00%)
Processed  6870000/ 8620133 entries (elapsed time   670.0s, curr speed    0.105 kHz, avg speed   10.254 kHz), accepted   120001/  120001 events (100.00%)
Processed  6880000/ 8620133 entries (elapsed time   720.4s, curr speed    0.198 kHz, avg speed    9.550 kHz), accepted   130001/  130001 events (100.00%)
Processed  6890000/ 8620133 entries (elapsed time   769.0s, curr speed    0.206 kHz, avg speed    8.960 kHz), accepted   140001/  140001 events (100.00%)
Processed  6900000/ 8620133 entries (elapsed time   817.7s, curr speed    0.205 kHz, avg speed    8.438 kHz), accepted   150001/  150001 events (100.00%)
Processed  6910000/ 8620133 entries (elapsed time   867.6s, curr speed    0.200 kHz, avg speed    7.964 kHz), accepted   160001/  160001 events (100.00%)
Processed  6920000/ 8620133 entries (elapsed time   917.7s, curr speed    0.200 kHz, avg speed    7.540 kHz), accepted   170001/  170001 events (100.00%)
Processed  6930000/ 8620133 entries (elapsed time  1013.0s, curr speed    0.105 kHz, avg speed    6.841 kHz), accepted   180001/  180001 events (100.00%)
Processed  6940000/ 8620133 entries (elapsed time  1063.3s, curr speed    0.199 kHz, avg speed    6.527 kHz), accepted   190001/  190001 events (100.00%)
Processed  6950000/ 8620133 entries (elapsed time  1112.9s, curr speed    0.202 kHz, avg speed    6.245 kHz), accepted   200001/  200001 events (100.00%)
Processed  6960000/ 8620133 entries (elapsed time  1160.8s, curr speed    0.209 kHz, avg speed    5.996 kHz), accepted   210001/  210001 events (100.00%)
Processed  6970000/ 8620133 entries (elapsed time  1210.1s, curr speed    0.203 kHz, avg speed    5.760 kHz), accepted   220001/  220001 events (100.00%)
Processed  6980000/ 8620133 entries (elapsed time  1259.9s, curr speed    0.201 kHz, avg speed    5.540 kHz), accepted   230001/  230001 events (100.00%)
Processed  6990000/ 8620133 entries (elapsed time  1356.6s, curr speed    0.103 kHz, avg speed    5.153 kHz), accepted   240001/  240001 events (100.00%)
Processed 250000 entries from MY_EOS_SPACE/heppyNtuples/TREES_W_94X/WJetsToLNu_94X_ext_part7/treeProducerWMass/tree.root, selected 250000 entries
Done MY_EOS_SPACE/heppyNtuples/TREES_W_94X/friends/tree_Friend_WJetsToLNu_94X_ext_part7.chunk27.root
