000 (335101.016.000) 05/14 18:00:10 Job submitted from host: <188.184.95.166:9618?addrs=188.184.95.166-9618+[2001-1458-201-e4--100-7a0]-9618&alias=tbird02.cern.ch&noUDP&sock=schedd_2138722_faad_3>
...
022 (335101.016.000) 05/14 18:01:14 Job disconnected, attempting to reconnect
    Socket between submit and execute hosts closed unexpectedly
    Trying to reconnect to slot1_2@b7g28n0823.cern.ch <128.142.240.56:9618?addrs=128.142.240.56-9618+[2001-1458-301-f9--100-3e]-9618&noUDP&sock=2356_9938_3>
...
024 (335101.016.000) 05/14 18:01:14 Job reconnection failed
    Job not found at execution machine
    Can not reconnect to slot1_2@b7g28n0823.cern.ch, rescheduling job
...
040 (335101.016.000) 05/14 18:02:31 Started transferring input files
	Transferring to host: <188.184.186.65:9618?addrs=188.184.186.65-9618+[2001-1458-301-f8--100-2a]-9618&noUDP&sock=25421_24e3_1766>
...
040 (335101.016.000) 05/14 18:02:31 Finished transferring input files
...
001 (335101.016.000) 05/14 18:02:32 Job executing on host: <188.184.186.65:9618?addrs=188.184.186.65-9618+[2001-1458-301-f8--100-2a]-9618&noUDP&sock=2326_0560_3>
...
006 (335101.016.000) 05/14 18:02:40 Image size of job updated: 59280
	54  -  MemoryUsage of job (MB)
	54276  -  ResidentSetSize of job (KB)
...
006 (335101.016.000) 05/14 18:07:40 Image size of job updated: 373348
	338  -  MemoryUsage of job (MB)
	345888  -  ResidentSetSize of job (KB)
...
006 (335101.016.000) 05/14 18:12:41 Image size of job updated: 676048
	634  -  MemoryUsage of job (MB)
	648576  -  ResidentSetSize of job (KB)
...
006 (335101.016.000) 05/14 18:17:42 Image size of job updated: 806664
	761  -  MemoryUsage of job (MB)
	779192  -  ResidentSetSize of job (KB)
...
006 (335101.016.000) 05/14 18:22:42 Image size of job updated: 810868
	766  -  MemoryUsage of job (MB)
	783396  -  ResidentSetSize of job (KB)
...
040 (335101.016.000) 05/14 18:28:18 Started transferring output files
...
040 (335101.016.000) 05/14 18:28:18 Finished transferring output files
...
005 (335101.016.000) 05/14 18:28:18 Job terminated.
	(1) Normal termination (return value 1)
		Usr 0 00:22:15, Sys 0 00:01:52  -  Run Remote Usage
		Usr 0 00:00:00, Sys 0 00:00:00  -  Run Local Usage
		Usr 0 00:22:15, Sys 0 00:01:52  -  Total Remote Usage
		Usr 0 00:00:00, Sys 0 00:00:00  -  Total Local Usage
	8533  -  Run Bytes Sent By Job
	10917  -  Run Bytes Received By Job
	8533  -  Total Bytes Sent By Job
	10917  -  Total Bytes Received By Job
	Partitionable Resources :    Usage  Request Allocated 
	   Cpus                 :     0.97        1         1 
	   Disk (KB)            :    79           1    215641 
	   Memory (MB)          :   766        2000      2000 
...
