000 (335107.026.000) 05/14 18:00:15 Job submitted from host: <188.184.95.166:9618?addrs=188.184.95.166-9618+[2001-1458-201-e4--100-7a0]-9618&alias=tbird02.cern.ch&noUDP&sock=schedd_2138722_faad_3>
...
022 (335107.026.000) 05/14 18:03:14 Job disconnected, attempting to reconnect
    Socket between submit and execute hosts closed unexpectedly
    Trying to reconnect to slot1_1@b7g28n0498.cern.ch <188.184.132.38:9618?addrs=188.184.132.38-9618+[2001-1458-301-a0--100-1c]-9618&noUDP&sock=2361_0731_3>
...
024 (335107.026.000) 05/14 18:03:14 Job reconnection failed
    Job not found at execution machine
    Can not reconnect to slot1_1@b7g28n0498.cern.ch, rescheduling job
...
022 (335107.026.000) 05/14 18:03:49 Job disconnected, attempting to reconnect
    Socket between submit and execute hosts closed unexpectedly
    Trying to reconnect to slot1_3@b7g28n0801.cern.ch <188.184.132.48:9618?addrs=188.184.132.48-9618+[--1]-9618&noUDP&sock=2265_2e19_3>
...
024 (335107.026.000) 05/14 18:03:49 Job reconnection failed
    Job not found at execution machine
    Can not reconnect to slot1_3@b7g28n0801.cern.ch, rescheduling job
...
022 (335107.026.000) 05/14 18:04:29 Job disconnected, attempting to reconnect
    Socket between submit and execute hosts closed unexpectedly
    Trying to reconnect to slot1_2@b7g28n0095.cern.ch <188.184.186.30:9618?addrs=188.184.186.30-9618+[2001-1458-301-f8--100-2b]-9618&noUDP&sock=2326_0560_3>
...
024 (335107.026.000) 05/14 18:04:29 Job reconnection failed
    Job not found at execution machine
    Can not reconnect to slot1_2@b7g28n0095.cern.ch, rescheduling job
...
040 (335107.026.000) 05/14 18:04:44 Started transferring input files
	Transferring to host: <128.142.240.42:9618?addrs=128.142.240.42-9618+[2001-1458-301-f9--100-12]-9618&noUDP&sock=4165_5e82_128852>
...
040 (335107.026.000) 05/14 18:04:44 Finished transferring input files
...
001 (335107.026.000) 05/14 18:04:45 Job executing on host: <128.142.240.42:9618?addrs=128.142.240.42-9618+[2001-1458-301-f9--100-12]-9618&noUDP&sock=2326_0560_3>
...
006 (335107.026.000) 05/14 18:04:54 Image size of job updated: 357252
	269  -  MemoryUsage of job (MB)
	274768  -  ResidentSetSize of job (KB)
...
006 (335107.026.000) 05/14 18:09:55 Image size of job updated: 724676
	628  -  MemoryUsage of job (MB)
	642140  -  ResidentSetSize of job (KB)
...
006 (335107.026.000) 05/14 18:14:56 Image size of job updated: 863632
	763  -  MemoryUsage of job (MB)
	781096  -  ResidentSetSize of job (KB)
...
040 (335107.026.000) 05/14 18:16:33 Started transferring output files
...
040 (335107.026.000) 05/14 18:16:33 Finished transferring output files
...
005 (335107.026.000) 05/14 18:16:33 Job terminated.
	(1) Normal termination (return value 1)
		Usr 0 00:10:41, Sys 0 00:01:04  -  Run Remote Usage
		Usr 0 00:00:00, Sys 0 00:00:00  -  Run Local Usage
		Usr 0 00:10:41, Sys 0 00:01:04  -  Total Remote Usage
		Usr 0 00:00:00, Sys 0 00:00:00  -  Total Local Usage
	11581  -  Run Bytes Sent By Job
	10917  -  Run Bytes Received By Job
	11581  -  Total Bytes Sent By Job
	10917  -  Total Bytes Received By Job
	Partitionable Resources :    Usage  Request Allocated 
	   Cpus                 :                 1           
	   Disk (KB)            :       72        1   2170444 
	   Memory (MB)          :      763     2000      2000 
...
