000 (335103.011.000) 05/14 18:00:12 Job submitted from host: <188.184.95.166:9618?addrs=188.184.95.166-9618+[2001-1458-201-e4--100-7a0]-9618&alias=tbird02.cern.ch&noUDP&sock=schedd_2138722_faad_3>
...
040 (335103.011.000) 05/14 18:01:37 Started transferring input files
	Transferring to host: <188.184.132.8:9618?addrs=188.184.132.8-9618+[2001-1458-301-a0--100-9]-9618&noUDP&sock=8960_e165_1726>
...
040 (335103.011.000) 05/14 18:01:37 Finished transferring input files
...
001 (335103.011.000) 05/14 18:01:38 Job executing on host: <188.184.132.8:9618?addrs=188.184.132.8-9618+[2001-1458-301-a0--100-9]-9618&noUDP&sock=2815_6f30_3>
...
006 (335103.011.000) 05/14 18:01:46 Image size of job updated: 217444
	136  -  MemoryUsage of job (MB)
	139140  -  ResidentSetSize of job (KB)
...
006 (335103.011.000) 05/14 18:06:46 Image size of job updated: 347564
	339  -  MemoryUsage of job (MB)
	346848  -  ResidentSetSize of job (KB)
...
006 (335103.011.000) 05/14 18:11:47 Image size of job updated: 649356
	634  -  MemoryUsage of job (MB)
	648640  -  ResidentSetSize of job (KB)
...
006 (335103.011.000) 05/14 18:16:47 Image size of job updated: 782908
	764  -  MemoryUsage of job (MB)
	782192  -  ResidentSetSize of job (KB)
...
006 (335103.011.000) 05/14 18:26:48 Image size of job updated: 784636
	766  -  MemoryUsage of job (MB)
	783920  -  ResidentSetSize of job (KB)
...
040 (335103.011.000) 05/14 18:28:51 Started transferring output files
...
040 (335103.011.000) 05/14 18:28:51 Finished transferring output files
...
005 (335103.011.000) 05/14 18:28:51 Job terminated.
	(1) Normal termination (return value 1)
		Usr 0 00:23:24, Sys 0 00:01:49  -  Run Remote Usage
		Usr 0 00:00:00, Sys 0 00:00:00  -  Run Local Usage
		Usr 0 00:23:24, Sys 0 00:01:49  -  Total Remote Usage
		Usr 0 00:00:00, Sys 0 00:00:00  -  Total Local Usage
	13857  -  Run Bytes Sent By Job
	10917  -  Run Bytes Received By Job
	13857  -  Total Bytes Sent By Job
	10917  -  Total Bytes Received By Job
	Partitionable Resources :    Usage  Request Allocated 
	   Cpus                 :     1.00        1         1 
	   Disk (KB)            :    80           1    213746 
	   Memory (MB)          :   766        2000      2000 
...
