   WJetsToLNu_94X_ext_part7   MC  35 chunks


I have 1 taks to process
I'm using the following list of modules DEFAULT_MODULES
this is jobs [('WJetsToLNu_94X_ext_part7', 'MY_EOS_SPACE/heppyNtuples/TREES_W_94X/WJetsToLNu_94X_ext_part7/treeProducerWMass/tree.root', 4481871307881.251, '_Friend_WJetsToLNu_94X_ext_part7.chunk29', False, xrange(7250000, 7500000), 29)]
Modules to run:  []   name =  puWeight
Loading puWeight from CMGTools.WMass.postprocessing.examples.puWeightProducer 
Running on dataset =  WJetsToLNu_94X_ext_part7
TFile: name=/afs/cern.ch/work/m/mciprian/w_mass_analysis/heppy/rel_slc7/CMSSW_9_4_12/src/CMGTools/WMass/python/postprocessing/data/pileup/mcPU_2016_W94XnoCutsWithGenWeights_nTrueInt.root, title=, option=READ
TFile: name=/afs/cern.ch/work/m/mciprian/w_mass_analysis/heppy/rel_slc7/CMSSW_9_4_12/src/CMGTools/WMass/python/postprocessing/data/pileup/PileupData_GoldenMuonJSON_Full2016.root, title=, option=READ
Load C++ Worker
Modules to run:  []   name =  muCalibratedWithStatVar
Loading muCalibratedWithStatVar from CMGTools.WMass.postprocessing.examples.lepVarProducer 
Running on dataset =  WJetsToLNu_94X_ext_part7
did not find EnergyScaleCorrection shared object, rebuilding
trying to load all the rochester correction libraries
did not find legacy data roccor. rebuilding...
done building legacy data roccor.
Modules to run:  []   name =  jetAllReCleaner
Loading jetAllReCleaner from CMGTools.WMass.postprocessing.examples.jetReCleaner 
Running on dataset =  WJetsToLNu_94X_ext_part7
Load C++ Worker
Modules to run:  []   name =  jetReCleaner
Loading jetReCleaner from CMGTools.WMass.postprocessing.examples.jetReCleaner 
Running on dataset =  WJetsToLNu_94X_ext_part7
Load C++ Worker
Modules to run:  []   name =  genQEDJets
Loading genQEDJets from CMGTools.WMass.postprocessing.examples.genFriendProducer 
Running on dataset =  WJetsToLNu_94X_ext_part7
Will write selected trees to MY_EOS_SPACE/heppyNtuples/TREES_W_94X/friends/
Normalization of nTrueInt_Wnopt: 3.68902e+10
Normalization of pileup: 3.68902e+10
Weights for variable nTrueInt_Wnopt with a number of bins equal to 102:
1 0.3634 0.9215 1.196 0.96 1.118 1.157 0.9675 0.9293 0.9192 0.8823 0.9553 1.062 1.116 1.167 1.194 1.2 1.193 1.177 1.14 1.092 1.06 1.047 1.046 1.047 1.048 1.06 1.077 1.092 1.106 1.122 1.108 1.097 1.051 0.992 0.9144 0.8237 0.7175 0.6087 0.5019 0.4029 0.3076 0.2264 0.1622 0.1123 0.07656 0.05052 0.03159 0.01992 0.01212 0.007355 0.004361 0.002593 0.001553 0.0009624 0.0007219 0.0006632 0.0007233 0.0009289 0.001329 0.001772 0.003222 0.004042 0.00487 0.005064 0.005658 0.005309 0.004846 0.004101 0.003977 0.003686 0.003306 0.002672 0.002286 0.001878 0.00167 1 1 1 1 1 1 1 1 1 1 1 1 1 1 1 1 1 1 1 1 1 1 1 1 1 1 .
Final weights: 
1 0.3634 0.9215 1.196 0.96 1.118 1.157 0.9675 0.9293 0.9192 0.8823 0.9553 1.062 1.116 1.167 1.194 1.2 1.193 1.177 1.14 1.092 1.06 1.047 1.046 1.047 1.048 1.06 1.077 1.092 1.106 1.122 1.108 1.097 1.051 0.992 0.9144 0.8237 0.7175 0.6087 0.5019 0.4029 0.3076 0.2264 0.1622 0.1123 0.07656 0.05052 0.03159 0.01992 0.01212 0.007355 0.004361 0.002593 0.001553 0.0009624 0.0007219 0.0006632 0.0007233 0.0009289 0.001329 0.001772 0.003222 0.004042 0.00487 0.005064 0.005658 0.005309 0.004846 0.004101 0.003977 0.003686 0.003306 0.002672 0.002286 0.001878 0.00167 1 1 1 1 1 1 1 1 1 1 1 1 1 1 1 1 1 1 1 1 1 1 1 1 1 1 .
begin job of lepCalProducer
initializing all the rochester correction objects
initializing the egamma calibrator
Processed  7250000/ 8620133 entries (elapsed time     0.8s, curr speed   12.346 kHz, avg speed 8950.617 kHz), accepted        1/       1 events (100.00%)
Processed  7260000/ 8620133 entries (elapsed time    50.3s, curr speed    0.202 kHz, avg speed  144.277 kHz), accepted    10001/   10001 events (100.00%)
Processed  7270000/ 8620133 entries (elapsed time   102.0s, curr speed    0.194 kHz, avg speed   71.288 kHz), accepted    20001/   20001 events (100.00%)
Processed  7280000/ 8620133 entries (elapsed time   152.8s, curr speed    0.197 kHz, avg speed   47.647 kHz), accepted    30001/   30001 events (100.00%)
Processed  7290000/ 8620133 entries (elapsed time   204.1s, curr speed    0.195 kHz, avg speed   35.723 kHz), accepted    40001/   40001 events (100.00%)
Processed  7300000/ 8620133 entries (elapsed time   254.8s, curr speed    0.197 kHz, avg speed   28.652 kHz), accepted    50001/   50001 events (100.00%)
Processed  7310000/ 8620133 entries (elapsed time   307.4s, curr speed    0.190 kHz, avg speed   23.777 kHz), accepted    60001/   60001 events (100.00%)
Processed  7320000/ 8620133 entries (elapsed time   352.8s, curr speed    0.221 kHz, avg speed   20.749 kHz), accepted    70001/   70001 events (100.00%)
Processed  7330000/ 8620133 entries (elapsed time   397.5s, curr speed    0.224 kHz, avg speed   18.442 kHz), accepted    80001/   80001 events (100.00%)
Processed  7340000/ 8620133 entries (elapsed time   443.4s, curr speed    0.218 kHz, avg speed   16.554 kHz), accepted    90001/   90001 events (100.00%)
Processed  7350000/ 8620133 entries (elapsed time   492.0s, curr speed    0.206 kHz, avg speed   14.940 kHz), accepted   100001/  100001 events (100.00%)
Processed  7360000/ 8620133 entries (elapsed time   540.3s, curr speed    0.207 kHz, avg speed   13.622 kHz), accepted   110001/  110001 events (100.00%)
Processed  7370000/ 8620133 entries (elapsed time   629.9s, curr speed    0.112 kHz, avg speed   11.701 kHz), accepted   120001/  120001 events (100.00%)
Processed  7380000/ 8620133 entries (elapsed time   674.3s, curr speed    0.225 kHz, avg speed   10.945 kHz), accepted   130001/  130001 events (100.00%)
Processed  7390000/ 8620133 entries (elapsed time   719.3s, curr speed    0.222 kHz, avg speed   10.274 kHz), accepted   140001/  140001 events (100.00%)
Processed  7400000/ 8620133 entries (elapsed time   762.7s, curr speed    0.230 kHz, avg speed    9.702 kHz), accepted   150001/  150001 events (100.00%)
Processed  7410000/ 8620133 entries (elapsed time   807.2s, curr speed    0.225 kHz, avg speed    9.180 kHz), accepted   160001/  160001 events (100.00%)
Processed  7420000/ 8620133 entries (elapsed time   855.5s, curr speed    0.207 kHz, avg speed    8.674 kHz), accepted   170001/  170001 events (100.00%)
Processed  7430000/ 8620133 entries (elapsed time   946.0s, curr speed    0.110 kHz, avg speed    7.854 kHz), accepted   180001/  180001 events (100.00%)
Processed  7440000/ 8620133 entries (elapsed time   991.5s, curr speed    0.220 kHz, avg speed    7.504 kHz), accepted   190001/  190001 events (100.00%)
Processed  7450000/ 8620133 entries (elapsed time  1037.4s, curr speed    0.218 kHz, avg speed    7.182 kHz), accepted   200001/  200001 events (100.00%)
Processed  7460000/ 8620133 entries (elapsed time  1081.7s, curr speed    0.226 kHz, avg speed    6.897 kHz), accepted   210001/  210001 events (100.00%)
Processed  7470000/ 8620133 entries (elapsed time  1124.0s, curr speed    0.237 kHz, avg speed    6.646 kHz), accepted   220001/  220001 events (100.00%)
Processed  7480000/ 8620133 entries (elapsed time  1170.1s, curr speed    0.217 kHz, avg speed    6.393 kHz), accepted   230001/  230001 events (100.00%)
Processed  7490000/ 8620133 entries (elapsed time  1259.5s, curr speed    0.112 kHz, avg speed    5.947 kHz), accepted   240001/  240001 events (100.00%)
Processed 250000 entries from MY_EOS_SPACE/heppyNtuples/TREES_W_94X/WJetsToLNu_94X_ext_part7/treeProducerWMass/tree.root, selected 250000 entries
Done MY_EOS_SPACE/heppyNtuples/TREES_W_94X/friends/tree_Friend_WJetsToLNu_94X_ext_part7.chunk29.root
