000 (335101.013.000) 05/14 18:00:10 Job submitted from host: <188.184.95.166:9618?addrs=188.184.95.166-9618+[2001-1458-201-e4--100-7a0]-9618&alias=tbird02.cern.ch&noUDP&sock=schedd_2138722_faad_3>
...
040 (335101.013.000) 05/14 18:01:13 Started transferring input files
	Transferring to host: <188.184.133.251:9618?addrs=188.184.133.251-9618+[2001-1458-301-a0--100-571]-9618&noUDP&sock=13620_45a3_104778>
...
040 (335101.013.000) 05/14 18:01:13 Finished transferring input files
...
001 (335101.013.000) 05/14 18:01:14 Job executing on host: <188.184.133.251:9618?addrs=188.184.133.251-9618+[2001-1458-301-a0--100-571]-9618&noUDP&sock=13403_ebf2_3>
...
006 (335101.013.000) 05/14 18:01:22 Image size of job updated: 194624
	115  -  MemoryUsage of job (MB)
	117328  -  ResidentSetSize of job (KB)
...
006 (335101.013.000) 05/14 18:06:22 Image size of job updated: 351312
	340  -  MemoryUsage of job (MB)
	347184  -  ResidentSetSize of job (KB)
...
006 (335101.013.000) 05/14 18:11:23 Image size of job updated: 650132
	631  -  MemoryUsage of job (MB)
	645996  -  ResidentSetSize of job (KB)
...
006 (335101.013.000) 05/14 18:16:24 Image size of job updated: 787732
	766  -  MemoryUsage of job (MB)
	783596  -  ResidentSetSize of job (KB)
...
040 (335101.013.000) 05/14 18:26:01 Started transferring output files
...
040 (335101.013.000) 05/14 18:26:01 Finished transferring output files
...
005 (335101.013.000) 05/14 18:26:01 Job terminated.
	(1) Normal termination (return value 1)
		Usr 0 00:22:10, Sys 0 00:01:47  -  Run Remote Usage
		Usr 0 00:00:00, Sys 0 00:00:00  -  Run Local Usage
		Usr 0 00:22:10, Sys 0 00:01:47  -  Total Remote Usage
		Usr 0 00:00:00, Sys 0 00:00:00  -  Total Local Usage
	8533  -  Run Bytes Sent By Job
	10917  -  Run Bytes Received By Job
	8533  -  Total Bytes Sent By Job
	10917  -  Total Bytes Received By Job
	Partitionable Resources :    Usage  Request Allocated 
	   Cpus                 :                 1           
	   Disk (KB)            :       71        1   2185772 
	   Memory (MB)          :      766     2000      2000 
...
