000 (335105.031.000) 05/14 18:00:13 Job submitted from host: <188.184.95.166:9618?addrs=188.184.95.166-9618+[2001-1458-201-e4--100-7a0]-9618&alias=tbird02.cern.ch&noUDP&sock=schedd_2138722_faad_3>
...
040 (335105.031.000) 05/14 18:02:06 Started transferring input files
	Transferring to host: <128.142.240.20:9618?addrs=128.142.240.20-9618+[2001-1458-301-f9--100-4]-9618&noUDP&sock=29066_6057_1777>
...
040 (335105.031.000) 05/14 18:02:06 Finished transferring input files
...
001 (335105.031.000) 05/14 18:02:07 Job executing on host: <128.142.240.20:9618?addrs=128.142.240.20-9618+[2001-1458-301-f9--100-4]-9618&noUDP&sock=2375_a184_3>
...
006 (335105.031.000) 05/14 18:02:16 Image size of job updated: 288452
	206  -  MemoryUsage of job (MB)
	210028  -  ResidentSetSize of job (KB)
...
006 (335105.031.000) 05/14 18:07:17 Image size of job updated: 348896
	340  -  MemoryUsage of job (MB)
	347968  -  ResidentSetSize of job (KB)
...
006 (335105.031.000) 05/14 18:12:17 Image size of job updated: 651684
	636  -  MemoryUsage of job (MB)
	651032  -  ResidentSetSize of job (KB)
...
006 (335105.031.000) 05/14 18:17:18 Image size of job updated: 781872
	763  -  MemoryUsage of job (MB)
	780948  -  ResidentSetSize of job (KB)
...
006 (335105.031.000) 05/14 18:22:19 Image size of job updated: 781960
	763  -  MemoryUsage of job (MB)
	781036  -  ResidentSetSize of job (KB)
...
040 (335105.031.000) 05/14 18:26:22 Started transferring output files
...
040 (335105.031.000) 05/14 18:26:22 Finished transferring output files
...
005 (335105.031.000) 05/14 18:26:22 Job terminated.
	(1) Normal termination (return value 1)
		Usr 0 00:21:08, Sys 0 00:01:56  -  Run Remote Usage
		Usr 0 00:00:00, Sys 0 00:00:00  -  Run Local Usage
		Usr 0 00:21:08, Sys 0 00:01:56  -  Total Remote Usage
		Usr 0 00:00:00, Sys 0 00:00:00  -  Total Local Usage
	8534  -  Run Bytes Sent By Job
	10917  -  Run Bytes Received By Job
	8534  -  Total Bytes Sent By Job
	10917  -  Total Bytes Received By Job
	Partitionable Resources :    Usage  Request Allocated 
	   Cpus                 :     0.98        1         1 
	   Disk (KB)            :    78           1    217810 
	   Memory (MB)          :   763        2000      2000 
...
