   WJetsToLNu_94X_ext_part3   MC  33 chunks


I have 1 taks to process
I'm using the following list of modules DEFAULT_MODULES
this is jobs [('WJetsToLNu_94X_ext_part3', 'MY_EOS_SPACE/heppyNtuples/TREES_W_94X/WJetsToLNu_94X_ext_part3/treeProducerWMass/tree.root', 4187124115364.9253, '_Friend_WJetsToLNu_94X_ext_part3.chunk24', False, xrange(6000000, 6250000), 24)]
Modules to run:  []   name =  puWeight
Loading puWeight from CMGTools.WMass.postprocessing.examples.puWeightProducer 
Running on dataset =  WJetsToLNu_94X_ext_part3
TFile: name=/afs/cern.ch/work/m/mciprian/w_mass_analysis/heppy/rel_slc7/CMSSW_9_4_12/src/CMGTools/WMass/python/postprocessing/data/pileup/mcPU_2016_W94XnoCutsWithGenWeights_nTrueInt.root, title=, option=READ
TFile: name=/afs/cern.ch/work/m/mciprian/w_mass_analysis/heppy/rel_slc7/CMSSW_9_4_12/src/CMGTools/WMass/python/postprocessing/data/pileup/PileupData_GoldenMuonJSON_Full2016.root, title=, option=READ
Load C++ Worker
Modules to run:  []   name =  muCalibratedWithStatVar
Loading muCalibratedWithStatVar from CMGTools.WMass.postprocessing.examples.lepVarProducer 
Running on dataset =  WJetsToLNu_94X_ext_part3
did not find EnergyScaleCorrection shared object, rebuilding
trying to load all the rochester correction libraries
did not find legacy data roccor. rebuilding...
done building legacy data roccor.
Modules to run:  []   name =  jetAllReCleaner
Loading jetAllReCleaner from CMGTools.WMass.postprocessing.examples.jetReCleaner 
Running on dataset =  WJetsToLNu_94X_ext_part3
Load C++ Worker
Modules to run:  []   name =  jetReCleaner
Loading jetReCleaner from CMGTools.WMass.postprocessing.examples.jetReCleaner 
Running on dataset =  WJetsToLNu_94X_ext_part3
Load C++ Worker
Modules to run:  []   name =  genQEDJets
Loading genQEDJets from CMGTools.WMass.postprocessing.examples.genFriendProducer 
Running on dataset =  WJetsToLNu_94X_ext_part3
Will write selected trees to MY_EOS_SPACE/heppyNtuples/TREES_W_94X/friends/
Normalization of nTrueInt_Wnopt: 3.68902e+10
Normalization of pileup: 3.68902e+10
Weights for variable nTrueInt_Wnopt with a number of bins equal to 102:
1 0.3634 0.9215 1.196 0.96 1.118 1.157 0.9675 0.9293 0.9192 0.8823 0.9553 1.062 1.116 1.167 1.194 1.2 1.193 1.177 1.14 1.092 1.06 1.047 1.046 1.047 1.048 1.06 1.077 1.092 1.106 1.122 1.108 1.097 1.051 0.992 0.9144 0.8237 0.7175 0.6087 0.5019 0.4029 0.3076 0.2264 0.1622 0.1123 0.07656 0.05052 0.03159 0.01992 0.01212 0.007355 0.004361 0.002593 0.001553 0.0009624 0.0007219 0.0006632 0.0007233 0.0009289 0.001329 0.001772 0.003222 0.004042 0.00487 0.005064 0.005658 0.005309 0.004846 0.004101 0.003977 0.003686 0.003306 0.002672 0.002286 0.001878 0.00167 1 1 1 1 1 1 1 1 1 1 1 1 1 1 1 1 1 1 1 1 1 1 1 1 1 1 .
Final weights: 
1 0.3634 0.9215 1.196 0.96 1.118 1.157 0.9675 0.9293 0.9192 0.8823 0.9553 1.062 1.116 1.167 1.194 1.2 1.193 1.177 1.14 1.092 1.06 1.047 1.046 1.047 1.048 1.06 1.077 1.092 1.106 1.122 1.108 1.097 1.051 0.992 0.9144 0.8237 0.7175 0.6087 0.5019 0.4029 0.3076 0.2264 0.1622 0.1123 0.07656 0.05052 0.03159 0.01992 0.01212 0.007355 0.004361 0.002593 0.001553 0.0009624 0.0007219 0.0006632 0.0007233 0.0009289 0.001329 0.001772 0.003222 0.004042 0.00487 0.005064 0.005658 0.005309 0.004846 0.004101 0.003977 0.003686 0.003306 0.002672 0.002286 0.001878 0.00167 1 1 1 1 1 1 1 1 1 1 1 1 1 1 1 1 1 1 1 1 1 1 1 1 1 1 .
begin job of lepCalProducer
initializing all the rochester correction objects
initializing the egamma calibrator
Processed  6000000/ 8060367 entries (elapsed time     0.8s, curr speed   12.195 kHz, avg speed 7317.073 kHz), accepted        1/       1 events (100.00%)
Processed  6010000/ 8060367 entries (elapsed time    32.6s, curr speed    0.315 kHz, avg speed  184.356 kHz), accepted    10001/   10001 events (100.00%)
Processed  6020000/ 8060367 entries (elapsed time    65.3s, curr speed    0.305 kHz, avg speed   92.133 kHz), accepted    20001/   20001 events (100.00%)
Processed  6030000/ 8060367 entries (elapsed time    98.2s, curr speed    0.304 kHz, avg speed   61.387 kHz), accepted    30001/   30001 events (100.00%)
Processed  6040000/ 8060367 entries (elapsed time   131.1s, curr speed    0.304 kHz, avg speed   46.054 kHz), accepted    40001/   40001 events (100.00%)
Processed  6050000/ 8060367 entries (elapsed time   163.3s, curr speed    0.311 kHz, avg speed   37.046 kHz), accepted    50001/   50001 events (100.00%)
Processed  6060000/ 8060367 entries (elapsed time   196.1s, curr speed    0.305 kHz, avg speed   30.898 kHz), accepted    60001/   60001 events (100.00%)
Processed  6070000/ 8060367 entries (elapsed time   226.3s, curr speed    0.331 kHz, avg speed   26.817 kHz), accepted    70001/   70001 events (100.00%)
Processed  6080000/ 8060367 entries (elapsed time   255.7s, curr speed    0.341 kHz, avg speed   23.777 kHz), accepted    80001/   80001 events (100.00%)
Processed  6090000/ 8060367 entries (elapsed time   284.3s, curr speed    0.350 kHz, avg speed   21.423 kHz), accepted    90001/   90001 events (100.00%)
Processed  6100000/ 8060367 entries (elapsed time   312.7s, curr speed    0.351 kHz, avg speed   19.505 kHz), accepted   100001/  100001 events (100.00%)
Processed  6110000/ 8060367 entries (elapsed time   342.9s, curr speed    0.332 kHz, avg speed   17.819 kHz), accepted   110001/  110001 events (100.00%)
Processed  6120000/ 8060367 entries (elapsed time   400.5s, curr speed    0.173 kHz, avg speed   15.279 kHz), accepted   120001/  120001 events (100.00%)
Processed  6130000/ 8060367 entries (elapsed time   430.4s, curr speed    0.335 kHz, avg speed   14.242 kHz), accepted   130001/  130001 events (100.00%)
Processed  6140000/ 8060367 entries (elapsed time   459.5s, curr speed    0.344 kHz, avg speed   13.362 kHz), accepted   140001/  140001 events (100.00%)
Processed  6150000/ 8060367 entries (elapsed time   488.8s, curr speed    0.342 kHz, avg speed   12.582 kHz), accepted   150001/  150001 events (100.00%)
Processed  6160000/ 8060367 entries (elapsed time   518.0s, curr speed    0.342 kHz, avg speed   11.891 kHz), accepted   160001/  160001 events (100.00%)
Processed  6170000/ 8060367 entries (elapsed time   547.9s, curr speed    0.335 kHz, avg speed   11.261 kHz), accepted   170001/  170001 events (100.00%)
Processed  6180000/ 8060367 entries (elapsed time   605.8s, curr speed    0.173 kHz, avg speed   10.201 kHz), accepted   180001/  180001 events (100.00%)
Processed  6190000/ 8060367 entries (elapsed time   636.2s, curr speed    0.329 kHz, avg speed    9.730 kHz), accepted   190001/  190001 events (100.00%)
Processed  6200000/ 8060367 entries (elapsed time   666.0s, curr speed    0.335 kHz, avg speed    9.309 kHz), accepted   200001/  200001 events (100.00%)
Processed  6210000/ 8060367 entries (elapsed time   696.2s, curr speed    0.331 kHz, avg speed    8.920 kHz), accepted   210001/  210001 events (100.00%)
Processed  6220000/ 8060367 entries (elapsed time   727.1s, curr speed    0.324 kHz, avg speed    8.555 kHz), accepted   220001/  220001 events (100.00%)
Processed  6230000/ 8060367 entries (elapsed time   757.9s, curr speed    0.325 kHz, avg speed    8.220 kHz), accepted   230001/  230001 events (100.00%)
Processed  6240000/ 8060367 entries (elapsed time   817.0s, curr speed    0.169 kHz, avg speed    7.638 kHz), accepted   240001/  240001 events (100.00%)
Processed 250000 entries from MY_EOS_SPACE/heppyNtuples/TREES_W_94X/WJetsToLNu_94X_ext_part3/treeProducerWMass/tree.root, selected 250000 entries
Done MY_EOS_SPACE/heppyNtuples/TREES_W_94X/friends/tree_Friend_WJetsToLNu_94X_ext_part3.chunk24.root
