000 (335105.025.000) 05/14 18:00:13 Job submitted from host: <188.184.95.166:9618?addrs=188.184.95.166-9618+[2001-1458-201-e4--100-7a0]-9618&alias=tbird02.cern.ch&noUDP&sock=schedd_2138722_faad_3>
...
040 (335105.025.000) 05/14 18:02:04 Started transferring input files
	Transferring to host: <188.184.133.229:9618?addrs=188.184.133.229-9618+[2001-1458-301-a0--100-382]-9618&noUDP&sock=13010_78ca_103872>
...
040 (335105.025.000) 05/14 18:02:04 Finished transferring input files
...
001 (335105.025.000) 05/14 18:02:05 Job executing on host: <188.184.133.229:9618?addrs=188.184.133.229-9618+[2001-1458-301-a0--100-382]-9618&noUDP&sock=12791_23fc_3>
...
006 (335105.025.000) 05/14 18:02:14 Image size of job updated: 243212
	164  -  MemoryUsage of job (MB)
	167620  -  ResidentSetSize of job (KB)
...
006 (335105.025.000) 05/14 18:07:15 Image size of job updated: 430948
	341  -  MemoryUsage of job (MB)
	348520  -  ResidentSetSize of job (KB)
...
006 (335105.025.000) 05/14 18:12:16 Image size of job updated: 725032
	628  -  MemoryUsage of job (MB)
	642604  -  ResidentSetSize of job (KB)
...
006 (335105.025.000) 05/14 18:17:16 Image size of job updated: 860348
	760  -  MemoryUsage of job (MB)
	777920  -  ResidentSetSize of job (KB)
...
006 (335105.025.000) 05/14 18:22:17 Image size of job updated: 863924
	764  -  MemoryUsage of job (MB)
	781496  -  ResidentSetSize of job (KB)
...
040 (335105.025.000) 05/14 18:27:12 Started transferring output files
...
040 (335105.025.000) 05/14 18:27:12 Finished transferring output files
...
005 (335105.025.000) 05/14 18:27:12 Job terminated.
	(1) Normal termination (return value 1)
		Usr 0 00:22:27, Sys 0 00:01:55  -  Run Remote Usage
		Usr 0 00:00:00, Sys 0 00:00:00  -  Run Local Usage
		Usr 0 00:22:27, Sys 0 00:01:55  -  Total Remote Usage
		Usr 0 00:00:00, Sys 0 00:00:00  -  Total Local Usage
	8534  -  Run Bytes Sent By Job
	10917  -  Run Bytes Received By Job
	8534  -  Total Bytes Sent By Job
	10917  -  Total Bytes Received By Job
	Partitionable Resources :    Usage  Request Allocated 
	   Cpus                 :                 1           
	   Disk (KB)            :       71        1   2088901 
	   Memory (MB)          :      764     2000      2000 
...
