000 (335102.025.000) 05/14 18:00:11 Job submitted from host: <188.184.95.166:9618?addrs=188.184.95.166-9618+[2001-1458-201-e4--100-7a0]-9618&alias=tbird02.cern.ch&noUDP&sock=schedd_2138722_faad_3>
...
040 (335102.025.000) 05/14 18:01:28 Started transferring input files
	Transferring to host: <128.142.240.53:9618?addrs=128.142.240.53-9618+[2001-1458-301-f9--100-24]-9618&noUDP&sock=3930_ca59_128724>
...
040 (335102.025.000) 05/14 18:01:28 Finished transferring input files
...
001 (335102.025.000) 05/14 18:01:29 Job executing on host: <128.142.240.53:9618?addrs=128.142.240.53-9618+[2001-1458-301-f9--100-24]-9618&noUDP&sock=2329_1429_3>
...
006 (335102.025.000) 05/14 18:01:37 Image size of job updated: 261856
	179  -  MemoryUsage of job (MB)
	182592  -  ResidentSetSize of job (KB)
...
006 (335102.025.000) 05/14 18:06:37 Image size of job updated: 750900
	649  -  MemoryUsage of job (MB)
	664196  -  ResidentSetSize of job (KB)
...
006 (335102.025.000) 05/14 18:11:37 Image size of job updated: 866732
	762  -  MemoryUsage of job (MB)
	780028  -  ResidentSetSize of job (KB)
...
040 (335102.025.000) 05/14 18:13:09 Started transferring output files
...
040 (335102.025.000) 05/14 18:13:09 Finished transferring output files
...
005 (335102.025.000) 05/14 18:13:09 Job terminated.
	(1) Normal termination (return value 1)
		Usr 0 00:10:25, Sys 0 00:01:04  -  Run Remote Usage
		Usr 0 00:00:00, Sys 0 00:00:00  -  Run Local Usage
		Usr 0 00:10:25, Sys 0 00:01:04  -  Total Remote Usage
		Usr 0 00:00:00, Sys 0 00:00:00  -  Total Local Usage
	11583  -  Run Bytes Sent By Job
	10917  -  Run Bytes Received By Job
	11583  -  Total Bytes Sent By Job
	10917  -  Total Bytes Received By Job
	Partitionable Resources :    Usage  Request Allocated 
	   Cpus                 :                 1           
	   Disk (KB)            :       71        1   2136859 
	   Memory (MB)          :      762     2000      2000 
...
