000 (335105.000.000) 05/14 18:00:13 Job submitted from host: <188.184.95.166:9618?addrs=188.184.95.166-9618+[2001-1458-201-e4--100-7a0]-9618&alias=tbird02.cern.ch&noUDP&sock=schedd_2138722_faad_3>
...
040 (335105.000.000) 05/14 18:01:55 Started transferring input files
	Transferring to host: <128.142.33.182:9618?addrs=128.142.33.182-9618+[2001-1458-301-117--100-304]-9618&noUDP&sock=13469_e0fd_104006>
...
040 (335105.000.000) 05/14 18:01:55 Finished transferring input files
...
001 (335105.000.000) 05/14 18:01:56 Job executing on host: <128.142.33.182:9618?addrs=128.142.33.182-9618+[2001-1458-301-117--100-304]-9618&noUDP&sock=13369_99b9_3>
...
006 (335105.000.000) 05/14 18:02:05 Image size of job updated: 321780
	237  -  MemoryUsage of job (MB)
	242228  -  ResidentSetSize of job (KB)
...
006 (335105.000.000) 05/14 18:07:06 Image size of job updated: 693832
	598  -  MemoryUsage of job (MB)
	611432  -  ResidentSetSize of job (KB)
...
006 (335105.000.000) 05/14 18:12:06 Image size of job updated: 862664
	762  -  MemoryUsage of job (MB)
	780264  -  ResidentSetSize of job (KB)
...
040 (335105.000.000) 05/14 18:22:13 Started transferring output files
...
040 (335105.000.000) 05/14 18:22:13 Finished transferring output files
...
005 (335105.000.000) 05/14 18:22:13 Job terminated.
	(1) Normal termination (return value 1)
		Usr 0 00:18:07, Sys 0 00:01:36  -  Run Remote Usage
		Usr 0 00:00:00, Sys 0 00:00:00  -  Run Local Usage
		Usr 0 00:18:07, Sys 0 00:01:36  -  Total Remote Usage
		Usr 0 00:00:00, Sys 0 00:00:00  -  Total Local Usage
	8367  -  Run Bytes Sent By Job
	10917  -  Run Bytes Received By Job
	8367  -  Total Bytes Sent By Job
	10917  -  Total Bytes Received By Job
	Partitionable Resources :    Usage  Request Allocated 
	   Cpus                 :                 1           
	   Disk (KB)            :       70        1   2173609 
	   Memory (MB)          :      762     2000      2000 
...
