000 (335106.024.000) 05/14 18:00:14 Job submitted from host: <188.184.95.166:9618?addrs=188.184.95.166-9618+[2001-1458-201-e4--100-7a0]-9618&alias=tbird02.cern.ch&noUDP&sock=schedd_2138722_faad_3>
...
040 (335106.024.000) 05/14 18:02:27 Started transferring input files
	Transferring to host: <188.184.132.8:9618?addrs=188.184.132.8-9618+[2001-1458-301-a0--100-9]-9618&noUDP&sock=8960_e165_1735>
...
040 (335106.024.000) 05/14 18:02:27 Finished transferring input files
...
001 (335106.024.000) 05/14 18:02:28 Job executing on host: <188.184.132.8:9618?addrs=188.184.132.8-9618+[2001-1458-301-a0--100-9]-9618&noUDP&sock=2815_6f30_3>
...
006 (335106.024.000) 05/14 18:02:37 Image size of job updated: 165716
	137  -  MemoryUsage of job (MB)
	139268  -  ResidentSetSize of job (KB)
...
006 (335106.024.000) 05/14 18:07:37 Image size of job updated: 375560
	339  -  MemoryUsage of job (MB)
	346660  -  ResidentSetSize of job (KB)
...
006 (335106.024.000) 05/14 18:12:37 Image size of job updated: 679184
	635  -  MemoryUsage of job (MB)
	650240  -  ResidentSetSize of job (KB)
...
006 (335106.024.000) 05/14 18:17:38 Image size of job updated: 811632
	765  -  MemoryUsage of job (MB)
	782688  -  ResidentSetSize of job (KB)
...
006 (335106.024.000) 05/14 18:22:39 Image size of job updated: 813372
	767  -  MemoryUsage of job (MB)
	784428  -  ResidentSetSize of job (KB)
...
040 (335106.024.000) 05/14 18:29:23 Started transferring output files
...
040 (335106.024.000) 05/14 18:29:23 Finished transferring output files
...
005 (335106.024.000) 05/14 18:29:23 Job terminated.
	(1) Normal termination (return value 1)
		Usr 0 00:23:35, Sys 0 00:01:49  -  Run Remote Usage
		Usr 0 00:00:00, Sys 0 00:00:00  -  Run Local Usage
		Usr 0 00:23:35, Sys 0 00:01:49  -  Total Remote Usage
		Usr 0 00:00:00, Sys 0 00:00:00  -  Total Local Usage
	13857  -  Run Bytes Sent By Job
	10917  -  Run Bytes Received By Job
	13857  -  Total Bytes Sent By Job
	10917  -  Total Bytes Received By Job
	Partitionable Resources :    Usage  Request Allocated 
	   Cpus                 :     0.95        1         1 
	   Disk (KB)            :    80           1    213743 
	   Memory (MB)          :   767        2000      2000 
...
