000 (335105.005.000) 05/14 18:00:13 Job submitted from host: <188.184.95.166:9618?addrs=188.184.95.166-9618+[2001-1458-201-e4--100-7a0]-9618&alias=tbird02.cern.ch&noUDP&sock=schedd_2138722_faad_3>
...
040 (335105.005.000) 05/14 18:01:58 Started transferring input files
	Transferring to host: <188.184.132.43:9618?addrs=188.184.132.43-9618+[2001-1458-301-a0--100-28]-9618&noUDP&sock=5194_648c_1794>
...
040 (335105.005.000) 05/14 18:01:58 Finished transferring input files
...
001 (335105.005.000) 05/14 18:01:59 Job executing on host: <188.184.132.43:9618?addrs=188.184.132.43-9618+[2001-1458-301-a0--100-28]-9618&noUDP&sock=2335_31ba_3>
...
006 (335105.005.000) 05/14 18:02:07 Image size of job updated: 313552
	229  -  MemoryUsage of job (MB)
	234460  -  ResidentSetSize of job (KB)
...
006 (335105.005.000) 05/14 18:07:07 Image size of job updated: 711980
	616  -  MemoryUsage of job (MB)
	629908  -  ResidentSetSize of job (KB)
...
006 (335105.005.000) 05/14 18:12:08 Image size of job updated: 865032
	765  -  MemoryUsage of job (MB)
	782956  -  ResidentSetSize of job (KB)
...
040 (335105.005.000) 05/14 18:18:10 Started transferring output files
...
040 (335105.005.000) 05/14 18:18:10 Finished transferring output files
...
005 (335105.005.000) 05/14 18:18:10 Job terminated.
	(1) Normal termination (return value 1)
		Usr 0 00:14:24, Sys 0 00:01:19  -  Run Remote Usage
		Usr 0 00:00:00, Sys 0 00:00:00  -  Run Local Usage
		Usr 0 00:14:24, Sys 0 00:01:19  -  Total Remote Usage
		Usr 0 00:00:00, Sys 0 00:00:00  -  Total Local Usage
	8531  -  Run Bytes Sent By Job
	10917  -  Run Bytes Received By Job
	8531  -  Total Bytes Sent By Job
	10917  -  Total Bytes Received By Job
	Partitionable Resources :    Usage  Request Allocated 
	   Cpus                 :     0.99        1         1 
	   Disk (KB)            :    78           1    215722 
	   Memory (MB)          :   765        2000      2000 
...
