000 (335108.006.000) 05/14 18:00:16 Job submitted from host: <188.184.95.166:9618?addrs=188.184.95.166-9618+[2001-1458-201-e4--100-7a0]-9618&alias=tbird02.cern.ch&noUDP&sock=schedd_2138722_faad_3>
...
022 (335108.006.000) 05/14 18:04:40 Job disconnected, attempting to reconnect
    Socket between submit and execute hosts closed unexpectedly
    Trying to reconnect to slot1_2@b7g28n0823.cern.ch <128.142.240.56:9618?addrs=128.142.240.56-9618+[2001-1458-301-f9--100-3e]-9618&noUDP&sock=2356_9938_3>
...
024 (335108.006.000) 05/14 18:04:40 Job reconnection failed
    Job not found at execution machine
    Can not reconnect to slot1_2@b7g28n0823.cern.ch, rescheduling job
...
022 (335108.006.000) 05/14 18:06:31 Job disconnected, attempting to reconnect
    Socket between submit and execute hosts closed unexpectedly
    Trying to reconnect to slot1_3@b7g28n0801.cern.ch <188.184.132.48:9618?addrs=188.184.132.48-9618+[--1]-9618&noUDP&sock=2265_2e19_3>
...
024 (335108.006.000) 05/14 18:06:31 Job reconnection failed
    Job not found at execution machine
    Can not reconnect to slot1_3@b7g28n0801.cern.ch, rescheduling job
...
022 (335108.006.000) 05/14 18:07:14 Job disconnected, attempting to reconnect
    Socket between submit and execute hosts closed unexpectedly
    Trying to reconnect to slot1_2@b7g28n0428.cern.ch <188.184.132.6:9618?addrs=188.184.132.6-9618+[2001-1458-301-a0--100-2]-9618&noUDP&sock=2335_31ba_3>
...
024 (335108.006.000) 05/14 18:07:14 Job reconnection failed
    Job not found at execution machine
    Can not reconnect to slot1_2@b7g28n0428.cern.ch, rescheduling job
...
022 (335108.006.000) 05/14 18:07:55 Job disconnected, attempting to reconnect
    Socket between submit and execute hosts closed unexpectedly
    Trying to reconnect to slot1_2@b7g28n0314.cern.ch <188.184.132.28:9618?addrs=188.184.132.28-9618+[2001-1458-301-a0--100-d]-9618&noUDP&sock=2282_d735_3>
...
024 (335108.006.000) 05/14 18:07:55 Job reconnection failed
    Job not found at execution machine
    Can not reconnect to slot1_2@b7g28n0314.cern.ch, rescheduling job
...
022 (335108.006.000) 05/14 18:10:01 Job disconnected, attempting to reconnect
    Socket between submit and execute hosts closed unexpectedly
    Trying to reconnect to slot1_2@b7g28n0095.cern.ch <188.184.186.30:9618?addrs=188.184.186.30-9618+[2001-1458-301-f8--100-2b]-9618&noUDP&sock=2326_0560_3>
...
024 (335108.006.000) 05/14 18:10:01 Job reconnection failed
    Job not found at execution machine
    Can not reconnect to slot1_2@b7g28n0095.cern.ch, rescheduling job
...
022 (335108.006.000) 05/14 18:11:28 Job disconnected, attempting to reconnect
    Socket between submit and execute hosts closed unexpectedly
    Trying to reconnect to slot1_2@b7g28n0095.cern.ch <188.184.186.30:9618?addrs=188.184.186.30-9618+[2001-1458-301-f8--100-2b]-9618&noUDP&sock=2326_0560_3>
...
024 (335108.006.000) 05/14 18:11:28 Job reconnection failed
    Job not found at execution machine
    Can not reconnect to slot1_2@b7g28n0095.cern.ch, rescheduling job
...
040 (335108.006.000) 05/14 18:12:12 Started transferring input files
	Transferring to host: <128.142.240.20:9618?addrs=128.142.240.20-9618+[2001-1458-301-f9--100-4]-9618&noUDP&sock=29066_6057_1786>
...
040 (335108.006.000) 05/14 18:12:12 Finished transferring input files
...
001 (335108.006.000) 05/14 18:12:13 Job executing on host: <128.142.240.20:9618?addrs=128.142.240.20-9618+[2001-1458-301-f9--100-4]-9618&noUDP&sock=2375_a184_3>
...
006 (335108.006.000) 05/14 18:12:22 Image size of job updated: 114068
	58  -  MemoryUsage of job (MB)
	59304  -  ResidentSetSize of job (KB)
...
006 (335108.006.000) 05/14 18:17:23 Image size of job updated: 422736
	334  -  MemoryUsage of job (MB)
	341204  -  ResidentSetSize of job (KB)
...
006 (335108.006.000) 05/14 18:22:23 Image size of job updated: 724132
	628  -  MemoryUsage of job (MB)
	642600  -  ResidentSetSize of job (KB)
...
006 (335108.006.000) 05/14 18:27:23 Image size of job updated: 854712
	756  -  MemoryUsage of job (MB)
	773180  -  ResidentSetSize of job (KB)
...
040 (335108.006.000) 05/14 18:32:19 Started transferring output files
...
040 (335108.006.000) 05/14 18:32:19 Finished transferring output files
...
005 (335108.006.000) 05/14 18:32:19 Job terminated.
	(1) Normal termination (return value 1)
		Usr 0 00:17:31, Sys 0 00:01:36  -  Run Remote Usage
		Usr 0 00:00:00, Sys 0 00:00:00  -  Run Local Usage
		Usr 0 00:17:31, Sys 0 00:01:36  -  Total Remote Usage
		Usr 0 00:00:00, Sys 0 00:00:00  -  Total Local Usage
	8531  -  Run Bytes Sent By Job
	10917  -  Run Bytes Received By Job
	8531  -  Total Bytes Sent By Job
	10917  -  Total Bytes Received By Job
	Partitionable Resources :    Usage  Request Allocated 
	   Cpus                 :     0.94        1         1 
	   Disk (KB)            :    78           1    217810 
	   Memory (MB)          :   756        2000      2000 
...
