000 (335104.029.000) 05/14 18:00:12 Job submitted from host: <188.184.95.166:9618?addrs=188.184.95.166-9618+[2001-1458-201-e4--100-7a0]-9618&alias=tbird02.cern.ch&noUDP&sock=schedd_2138722_faad_3>
...
040 (335104.029.000) 05/14 18:01:53 Started transferring input files
	Transferring to host: <188.184.133.251:9618?addrs=188.184.133.251-9618+[2001-1458-301-a0--100-571]-9618&noUDP&sock=13620_45a3_104779>
...
040 (335104.029.000) 05/14 18:01:53 Finished transferring input files
...
001 (335104.029.000) 05/14 18:01:54 Job executing on host: <188.184.133.251:9618?addrs=188.184.133.251-9618+[2001-1458-301-a0--100-571]-9618&noUDP&sock=13403_ebf2_3>
...
006 (335104.029.000) 05/14 18:02:03 Image size of job updated: 296160
	212  -  MemoryUsage of job (MB)
	216804  -  ResidentSetSize of job (KB)
...
006 (335104.029.000) 05/14 18:07:04 Image size of job updated: 390792
	302  -  MemoryUsage of job (MB)
	308272  -  ResidentSetSize of job (KB)
...
006 (335104.029.000) 05/14 18:12:04 Image size of job updated: 714712
	618  -  MemoryUsage of job (MB)
	632140  -  ResidentSetSize of job (KB)
...
006 (335104.029.000) 05/14 18:17:05 Image size of job updated: 847004
	747  -  MemoryUsage of job (MB)
	764432  -  ResidentSetSize of job (KB)
...
006 (335104.029.000) 05/14 18:22:06 Image size of job updated: 862344
	762  -  MemoryUsage of job (MB)
	779772  -  ResidentSetSize of job (KB)
...
040 (335104.029.000) 05/14 18:26:36 Started transferring output files
...
040 (335104.029.000) 05/14 18:26:36 Finished transferring output files
...
005 (335104.029.000) 05/14 18:26:36 Job terminated.
	(1) Normal termination (return value 1)
		Usr 0 00:22:04, Sys 0 00:01:45  -  Run Remote Usage
		Usr 0 00:00:00, Sys 0 00:00:00  -  Run Local Usage
		Usr 0 00:22:04, Sys 0 00:01:45  -  Total Remote Usage
		Usr 0 00:00:00, Sys 0 00:00:00  -  Total Local Usage
	8534  -  Run Bytes Sent By Job
	10917  -  Run Bytes Received By Job
	8534  -  Total Bytes Sent By Job
	10917  -  Total Bytes Received By Job
	Partitionable Resources :    Usage  Request Allocated 
	   Cpus                 :                 1           
	   Disk (KB)            :       71        1   2185719 
	   Memory (MB)          :      762     2000      2000 
...
