000 (335101.004.000) 05/14 18:00:10 Job submitted from host: <188.184.95.166:9618?addrs=188.184.95.166-9618+[2001-1458-201-e4--100-7a0]-9618&alias=tbird02.cern.ch&noUDP&sock=schedd_2138722_faad_3>
...
040 (335101.004.000) 05/14 18:01:10 Started transferring input files
	Transferring to host: <188.184.186.18:9618?addrs=188.184.186.18-9618+[2001-1458-301-f8--100-17]-9618&noUDP&sock=4234_fc65_128359>
...
040 (335101.004.000) 05/14 18:01:10 Finished transferring input files
...
001 (335101.004.000) 05/14 18:01:11 Job executing on host: <188.184.186.18:9618?addrs=188.184.186.18-9618+[2001-1458-301-f8--100-17]-9618&noUDP&sock=2341_4f4c_3>
...
006 (335101.004.000) 05/14 18:01:19 Image size of job updated: 179168
	108  -  MemoryUsage of job (MB)
	110364  -  ResidentSetSize of job (KB)
...
006 (335101.004.000) 05/14 18:06:19 Image size of job updated: 349068
	337  -  MemoryUsage of job (MB)
	344968  -  ResidentSetSize of job (KB)
...
006 (335101.004.000) 05/14 18:11:20 Image size of job updated: 649220
	630  -  MemoryUsage of job (MB)
	645112  -  ResidentSetSize of job (KB)
...
006 (335101.004.000) 05/14 18:16:21 Image size of job updated: 777056
	755  -  MemoryUsage of job (MB)
	772948  -  ResidentSetSize of job (KB)
...
006 (335101.004.000) 05/14 18:21:21 Image size of job updated: 781932
	760  -  MemoryUsage of job (MB)
	777824  -  ResidentSetSize of job (KB)
...
040 (335101.004.000) 05/14 18:25:19 Started transferring output files
...
040 (335101.004.000) 05/14 18:25:19 Finished transferring output files
...
005 (335101.004.000) 05/14 18:25:19 Job terminated.
	(1) Normal termination (return value 1)
		Usr 0 00:21:32, Sys 0 00:01:44  -  Run Remote Usage
		Usr 0 00:00:00, Sys 0 00:00:00  -  Run Local Usage
		Usr 0 00:21:32, Sys 0 00:01:44  -  Total Remote Usage
		Usr 0 00:00:00, Sys 0 00:00:00  -  Total Local Usage
	11578  -  Run Bytes Sent By Job
	10917  -  Run Bytes Received By Job
	11578  -  Total Bytes Sent By Job
	10917  -  Total Bytes Received By Job
	Partitionable Resources :    Usage  Request Allocated 
	   Cpus                 :                 1           
	   Disk (KB)            :       71        1   2095428 
	   Memory (MB)          :      760     2000      2000 
...
