000 (335101.031.000) 05/14 18:00:10 Job submitted from host: <188.184.95.166:9618?addrs=188.184.95.166-9618+[2001-1458-201-e4--100-7a0]-9618&alias=tbird02.cern.ch&noUDP&sock=schedd_2138722_faad_3>
...
040 (335101.031.000) 05/14 18:01:19 Started transferring input files
	Transferring to host: <188.184.132.22:9618?addrs=188.184.132.22-9618+[2001-1458-301-a0--100-18]-9618&noUDP&sock=3907_95b8_128315>
...
040 (335101.031.000) 05/14 18:01:19 Finished transferring input files
...
001 (335101.031.000) 05/14 18:01:20 Job executing on host: <188.184.132.22:9618?addrs=188.184.132.22-9618+[2001-1458-301-a0--100-18]-9618&noUDP&sock=2334_8222_3>
...
006 (335101.031.000) 05/14 18:01:28 Image size of job updated: 176496
	108  -  MemoryUsage of job (MB)
	110232  -  ResidentSetSize of job (KB)
...
006 (335101.031.000) 05/14 18:06:28 Image size of job updated: 349212
	338  -  MemoryUsage of job (MB)
	345828  -  ResidentSetSize of job (KB)
...
006 (335101.031.000) 05/14 18:11:29 Image size of job updated: 644456
	627  -  MemoryUsage of job (MB)
	641064  -  ResidentSetSize of job (KB)
...
006 (335101.031.000) 05/14 18:16:29 Image size of job updated: 779920
	759  -  MemoryUsage of job (MB)
	776528  -  ResidentSetSize of job (KB)
...
006 (335101.031.000) 05/14 18:21:29 Image size of job updated: 784148
	763  -  MemoryUsage of job (MB)
	780756  -  ResidentSetSize of job (KB)
...
040 (335101.031.000) 05/14 18:26:58 Started transferring output files
...
040 (335101.031.000) 05/14 18:26:58 Finished transferring output files
...
005 (335101.031.000) 05/14 18:26:58 Job terminated.
	(1) Normal termination (return value 1)
		Usr 0 00:22:35, Sys 0 00:01:54  -  Run Remote Usage
		Usr 0 00:00:00, Sys 0 00:00:00  -  Run Local Usage
		Usr 0 00:22:35, Sys 0 00:01:54  -  Total Remote Usage
		Usr 0 00:00:00, Sys 0 00:00:00  -  Total Local Usage
	8533  -  Run Bytes Sent By Job
	10917  -  Run Bytes Received By Job
	8533  -  Total Bytes Sent By Job
	10917  -  Total Bytes Received By Job
	Partitionable Resources :    Usage  Request Allocated 
	   Cpus                 :                 1           
	   Disk (KB)            :       71        1   2183175 
	   Memory (MB)          :      763     2000      2000 
...
