000 (335109.018.000) 05/14 18:00:17 Job submitted from host: <188.184.95.166:9618?addrs=188.184.95.166-9618+[2001-1458-201-e4--100-7a0]-9618&alias=tbird02.cern.ch&noUDP&sock=schedd_2138722_faad_3>
...
040 (335109.018.000) 05/14 18:13:25 Started transferring input files
	Transferring to host: <188.184.207.210:9618?addrs=188.184.207.210-9618+[2001-1458-301-7d--100-6a1]-9618&noUDP&sock=4159_2442_129877>
...
040 (335109.018.000) 05/14 18:13:25 Finished transferring input files
...
001 (335109.018.000) 05/14 18:13:26 Job executing on host: <188.184.207.210:9618?addrs=188.184.207.210-9618+[2001-1458-301-7d--100-6a1]-9618&noUDP&sock=2320_e7cf_3>
...
006 (335109.018.000) 05/14 18:13:34 Image size of job updated: 409928
	318  -  MemoryUsage of job (MB)
	324844  -  ResidentSetSize of job (KB)
...
006 (335109.018.000) 05/14 18:18:34 Image size of job updated: 732172
	632  -  MemoryUsage of job (MB)
	647036  -  ResidentSetSize of job (KB)
...
006 (335109.018.000) 05/14 18:23:35 Image size of job updated: 862960
	760  -  MemoryUsage of job (MB)
	777824  -  ResidentSetSize of job (KB)
...
040 (335109.018.000) 05/14 18:25:32 Started transferring output files
...
040 (335109.018.000) 05/14 18:25:32 Finished transferring output files
...
005 (335109.018.000) 05/14 18:25:32 Job terminated.
	(1) Normal termination (return value 1)
		Usr 0 00:10:54, Sys 0 00:01:07  -  Run Remote Usage
		Usr 0 00:00:00, Sys 0 00:00:00  -  Run Local Usage
		Usr 0 00:10:54, Sys 0 00:01:07  -  Total Remote Usage
		Usr 0 00:00:00, Sys 0 00:00:00  -  Total Local Usage
	8490  -  Run Bytes Sent By Job
	10917  -  Run Bytes Received By Job
	8490  -  Total Bytes Sent By Job
	10917  -  Total Bytes Received By Job
	Partitionable Resources :    Usage  Request Allocated 
	   Cpus                 :                 1           
	   Disk (KB)            :       71        1   2123639 
	   Memory (MB)          :      760     2000      2000 
...
