000 (335103.001.000) 05/14 18:00:12 Job submitted from host: <188.184.95.166:9618?addrs=188.184.95.166-9618+[2001-1458-201-e4--100-7a0]-9618&alias=tbird02.cern.ch&noUDP&sock=schedd_2138722_faad_3>
...
040 (335103.001.000) 05/14 18:01:33 Started transferring input files
	Transferring to host: <188.184.133.208:9618?addrs=188.184.133.208-9618+[2001-1458-301-a0--100-4df]-9618&noUDP&sock=23495_1a54_1757>
...
040 (335103.001.000) 05/14 18:01:33 Finished transferring input files
...
001 (335103.001.000) 05/14 18:01:34 Job executing on host: <188.184.133.208:9618?addrs=188.184.133.208-9618+[2001-1458-301-a0--100-4df]-9618&noUDP&sock=12853_aadb_3>
...
006 (335103.001.000) 05/14 18:01:42 Image size of job updated: 322720
	235  -  MemoryUsage of job (MB)
	239712  -  ResidentSetSize of job (KB)
...
006 (335103.001.000) 05/14 18:06:42 Image size of job updated: 630236
	615  -  MemoryUsage of job (MB)
	629168  -  ResidentSetSize of job (KB)
...
006 (335103.001.000) 05/14 18:11:42 Image size of job updated: 785416
	766  -  MemoryUsage of job (MB)
	784348  -  ResidentSetSize of job (KB)
...
006 (335103.001.000) 05/14 18:16:43 Image size of job updated: 785416
	767  -  MemoryUsage of job (MB)
	784392  -  ResidentSetSize of job (KB)
...
006 (335103.001.000) 05/14 18:17:35 Image size of job updated: 1200560
	767  -  MemoryUsage of job (MB)
	784392  -  ResidentSetSize of job (KB)
...
040 (335103.001.000) 05/14 18:17:35 Started transferring output files
...
040 (335103.001.000) 05/14 18:17:35 Finished transferring output files
...
005 (335103.001.000) 05/14 18:17:35 Job terminated.
	(1) Normal termination (return value 1)
		Usr 0 00:14:15, Sys 0 00:01:19  -  Run Remote Usage
		Usr 0 00:00:00, Sys 0 00:00:00  -  Run Local Usage
		Usr 0 00:14:15, Sys 0 00:01:19  -  Total Remote Usage
		Usr 0 00:00:00, Sys 0 00:00:00  -  Total Local Usage
	8528  -  Run Bytes Sent By Job
	10917  -  Run Bytes Received By Job
	8528  -  Total Bytes Sent By Job
	10917  -  Total Bytes Received By Job
	Partitionable Resources :    Usage  Request Allocated 
	   Cpus                 :     1.01        1         1 
	   Disk (KB)            :    78           1    220091 
	   Memory (MB)          :   767        2000      2000 
...
