000 (335101.020.000) 05/14 18:00:10 Job submitted from host: <188.184.95.166:9618?addrs=188.184.95.166-9618+[2001-1458-201-e4--100-7a0]-9618&alias=tbird02.cern.ch&noUDP&sock=schedd_2138722_faad_3>
...
040 (335101.020.000) 05/14 18:01:15 Started transferring input files
	Transferring to host: <188.184.186.29:9618?addrs=188.184.186.29-9618+[2001-1458-301-f8--100-7]-9618&noUDP&sock=4104_63a0_128053>
...
040 (335101.020.000) 05/14 18:01:15 Finished transferring input files
...
001 (335101.020.000) 05/14 18:01:16 Job executing on host: <188.184.186.29:9618?addrs=188.184.186.29-9618+[2001-1458-301-f8--100-7]-9618&noUDP&sock=2333_d28a_3>
...
006 (335101.020.000) 05/14 18:01:24 Image size of job updated: 181992
	109  -  MemoryUsage of job (MB)
	110844  -  ResidentSetSize of job (KB)
...
006 (335101.020.000) 05/14 18:06:24 Image size of job updated: 348580
	339  -  MemoryUsage of job (MB)
	347056  -  ResidentSetSize of job (KB)
...
006 (335101.020.000) 05/14 18:11:25 Image size of job updated: 640504
	624  -  MemoryUsage of job (MB)
	638972  -  ResidentSetSize of job (KB)
...
006 (335101.020.000) 05/14 18:16:26 Image size of job updated: 784492
	765  -  MemoryUsage of job (MB)
	782960  -  ResidentSetSize of job (KB)
...
040 (335101.020.000) 05/14 18:26:22 Started transferring output files
...
040 (335101.020.000) 05/14 18:26:22 Finished transferring output files
...
005 (335101.020.000) 05/14 18:26:22 Job terminated.
	(1) Normal termination (return value 1)
		Usr 0 00:22:20, Sys 0 00:01:50  -  Run Remote Usage
		Usr 0 00:00:00, Sys 0 00:00:00  -  Run Local Usage
		Usr 0 00:22:20, Sys 0 00:01:50  -  Total Remote Usage
		Usr 0 00:00:00, Sys 0 00:00:00  -  Total Local Usage
	8533  -  Run Bytes Sent By Job
	10917  -  Run Bytes Received By Job
	8533  -  Total Bytes Sent By Job
	10917  -  Total Bytes Received By Job
	Partitionable Resources :    Usage  Request Allocated 
	   Cpus                 :                 1           
	   Disk (KB)            :       71        1   2096524 
	   Memory (MB)          :      765     2000      2000 
...
