000 (335105.017.000) 05/14 18:00:13 Job submitted from host: <188.184.95.166:9618?addrs=188.184.95.166-9618+[2001-1458-201-e4--100-7a0]-9618&alias=tbird02.cern.ch&noUDP&sock=schedd_2138722_faad_3>
...
040 (335105.017.000) 05/14 18:02:01 Started transferring input files
	Transferring to host: <128.142.240.30:9618?addrs=128.142.240.30-9618+[2001-1458-301-f9--100-1a]-9618&noUDP&sock=4004_ee1c_129234>
...
040 (335105.017.000) 05/14 18:02:01 Finished transferring input files
...
001 (335105.017.000) 05/14 18:02:02 Job executing on host: <128.142.240.30:9618?addrs=128.142.240.30-9618+[2001-1458-301-f9--100-1a]-9618&noUDP&sock=2350_7ba6_3>
...
006 (335105.017.000) 05/14 18:02:11 Image size of job updated: 386852
	298  -  MemoryUsage of job (MB)
	304144  -  ResidentSetSize of job (KB)
...
006 (335105.017.000) 05/14 18:07:12 Image size of job updated: 732376
	635  -  MemoryUsage of job (MB)
	649616  -  ResidentSetSize of job (KB)
...
006 (335105.017.000) 05/14 18:12:12 Image size of job updated: 865596
	765  -  MemoryUsage of job (MB)
	782836  -  ResidentSetSize of job (KB)
...
006 (335105.017.000) 05/14 18:16:07 Image size of job updated: 1195816
	765  -  MemoryUsage of job (MB)
	782836  -  ResidentSetSize of job (KB)
...
040 (335105.017.000) 05/14 18:16:07 Started transferring output files
...
040 (335105.017.000) 05/14 18:16:07 Finished transferring output files
...
005 (335105.017.000) 05/14 18:16:07 Job terminated.
	(1) Normal termination (return value 1)
		Usr 0 00:12:37, Sys 0 00:01:11  -  Run Remote Usage
		Usr 0 00:00:00, Sys 0 00:00:00  -  Run Local Usage
		Usr 0 00:12:37, Sys 0 00:01:11  -  Total Remote Usage
		Usr 0 00:00:00, Sys 0 00:00:00  -  Total Local Usage
	8534  -  Run Bytes Sent By Job
	10917  -  Run Bytes Received By Job
	8534  -  Total Bytes Sent By Job
	10917  -  Total Bytes Received By Job
	Partitionable Resources :    Usage  Request Allocated 
	   Cpus                 :                 1           
	   Disk (KB)            :       71        1   2189222 
	   Memory (MB)          :      765     2000      2000 
...
