000 (335104.032.000) 05/14 18:00:12 Job submitted from host: <188.184.95.166:9618?addrs=188.184.95.166-9618+[2001-1458-201-e4--100-7a0]-9618&alias=tbird02.cern.ch&noUDP&sock=schedd_2138722_faad_3>
...
022 (335104.032.000) 05/14 18:01:55 Job disconnected, attempting to reconnect
    Socket between submit and execute hosts closed unexpectedly
    Trying to reconnect to slot1_3@b7g28n0823.cern.ch <128.142.240.56:9618?addrs=128.142.240.56-9618+[2001-1458-301-f9--100-3e]-9618&noUDP&sock=2356_9938_3>
...
024 (335104.032.000) 05/14 18:01:55 Job reconnection failed
    Job not found at execution machine
    Can not reconnect to slot1_3@b7g28n0823.cern.ch, rescheduling job
...
040 (335104.032.000) 05/14 18:02:43 Started transferring input files
	Transferring to host: <128.142.240.33:9618?addrs=128.142.240.33-9618+[2001-1458-301-f9--100-3a]-9618&noUDP&sock=4044_1d1e_128276>
...
040 (335104.032.000) 05/14 18:02:43 Finished transferring input files
...
001 (335104.032.000) 05/14 18:02:44 Job executing on host: <128.142.240.33:9618?addrs=128.142.240.33-9618+[2001-1458-301-f9--100-3a]-9618&noUDP&sock=2332_22f2_3>
...
006 (335104.032.000) 05/14 18:02:52 Image size of job updated: 138808
	108  -  MemoryUsage of job (MB)
	110260  -  ResidentSetSize of job (KB)
...
006 (335104.032.000) 05/14 18:07:52 Image size of job updated: 384072
	338  -  MemoryUsage of job (MB)
	345396  -  ResidentSetSize of job (KB)
...
006 (335104.032.000) 05/14 18:12:53 Image size of job updated: 688004
	635  -  MemoryUsage of job (MB)
	649288  -  ResidentSetSize of job (KB)
...
006 (335104.032.000) 05/14 18:17:53 Image size of job updated: 820392
	764  -  MemoryUsage of job (MB)
	781676  -  ResidentSetSize of job (KB)
...
006 (335104.032.000) 05/14 18:22:53 Image size of job updated: 820688
	764  -  MemoryUsage of job (MB)
	781972  -  ResidentSetSize of job (KB)
...
040 (335104.032.000) 05/14 18:27:49 Started transferring output files
...
040 (335104.032.000) 05/14 18:27:49 Finished transferring output files
...
005 (335104.032.000) 05/14 18:27:49 Job terminated.
	(1) Normal termination (return value 1)
		Usr 0 00:22:36, Sys 0 00:01:46  -  Run Remote Usage
		Usr 0 00:00:00, Sys 0 00:00:00  -  Run Local Usage
		Usr 0 00:22:36, Sys 0 00:01:46  -  Total Remote Usage
		Usr 0 00:00:00, Sys 0 00:00:00  -  Total Local Usage
	8533  -  Run Bytes Sent By Job
	10917  -  Run Bytes Received By Job
	8533  -  Total Bytes Sent By Job
	10917  -  Total Bytes Received By Job
	Partitionable Resources :    Usage  Request Allocated 
	   Cpus                 :                 1           
	   Disk (KB)            :       71        1   2183084 
	   Memory (MB)          :      764     2000      2000 
...
