   WJetsToLNu_94X_ext_part8   MC  32 chunks


I have 1 taks to process
I'm using the following list of modules DEFAULT_MODULES
this is jobs [('WJetsToLNu_94X_ext_part8', 'MY_EOS_SPACE/heppyNtuples/TREES_W_94X/WJetsToLNu_94X_ext_part8/treeProducerWMass/tree.root', 4136764102117.65, '_Friend_WJetsToLNu_94X_ext_part8.chunk18', False, xrange(4500000, 4750000), 18)]
Modules to run:  []   name =  puWeight
Loading puWeight from CMGTools.WMass.postprocessing.examples.puWeightProducer 
Running on dataset =  WJetsToLNu_94X_ext_part8
TFile: name=/afs/cern.ch/work/m/mciprian/w_mass_analysis/heppy/rel_slc7/CMSSW_9_4_12/src/CMGTools/WMass/python/postprocessing/data/pileup/mcPU_2016_W94XnoCutsWithGenWeights_nTrueInt.root, title=, option=READ
TFile: name=/afs/cern.ch/work/m/mciprian/w_mass_analysis/heppy/rel_slc7/CMSSW_9_4_12/src/CMGTools/WMass/python/postprocessing/data/pileup/PileupData_GoldenMuonJSON_Full2016.root, title=, option=READ
Load C++ Worker
Modules to run:  []   name =  muCalibratedWithStatVar
Loading muCalibratedWithStatVar from CMGTools.WMass.postprocessing.examples.lepVarProducer 
Running on dataset =  WJetsToLNu_94X_ext_part8
did not find EnergyScaleCorrection shared object, rebuilding
trying to load all the rochester correction libraries
did not find legacy data roccor. rebuilding...
done building legacy data roccor.
Modules to run:  []   name =  jetAllReCleaner
Loading jetAllReCleaner from CMGTools.WMass.postprocessing.examples.jetReCleaner 
Running on dataset =  WJetsToLNu_94X_ext_part8
Load C++ Worker
Modules to run:  []   name =  jetReCleaner
Loading jetReCleaner from CMGTools.WMass.postprocessing.examples.jetReCleaner 
Running on dataset =  WJetsToLNu_94X_ext_part8
Load C++ Worker
Modules to run:  []   name =  genQEDJets
Loading genQEDJets from CMGTools.WMass.postprocessing.examples.genFriendProducer 
Running on dataset =  WJetsToLNu_94X_ext_part8
Will write selected trees to MY_EOS_SPACE/heppyNtuples/TREES_W_94X/friends/
Normalization of nTrueInt_Wnopt: 3.68902e+10
Normalization of pileup: 3.68902e+10
Weights for variable nTrueInt_Wnopt with a number of bins equal to 102:
1 0.3634 0.9215 1.196 0.96 1.118 1.157 0.9675 0.9293 0.9192 0.8823 0.9553 1.062 1.116 1.167 1.194 1.2 1.193 1.177 1.14 1.092 1.06 1.047 1.046 1.047 1.048 1.06 1.077 1.092 1.106 1.122 1.108 1.097 1.051 0.992 0.9144 0.8237 0.7175 0.6087 0.5019 0.4029 0.3076 0.2264 0.1622 0.1123 0.07656 0.05052 0.03159 0.01992 0.01212 0.007355 0.004361 0.002593 0.001553 0.0009624 0.0007219 0.0006632 0.0007233 0.0009289 0.001329 0.001772 0.003222 0.004042 0.00487 0.005064 0.005658 0.005309 0.004846 0.004101 0.003977 0.003686 0.003306 0.002672 0.002286 0.001878 0.00167 1 1 1 1 1 1 1 1 1 1 1 1 1 1 1 1 1 1 1 1 1 1 1 1 1 1 .
Final weights: 
1 0.3634 0.9215 1.196 0.96 1.118 1.157 0.9675 0.9293 0.9192 0.8823 0.9553 1.062 1.116 1.167 1.194 1.2 1.193 1.177 1.14 1.092 1.06 1.047 1.046 1.047 1.048 1.06 1.077 1.092 1.106 1.122 1.108 1.097 1.051 0.992 0.9144 0.8237 0.7175 0.6087 0.5019 0.4029 0.3076 0.2264 0.1622 0.1123 0.07656 0.05052 0.03159 0.01992 0.01212 0.007355 0.004361 0.002593 0.001553 0.0009624 0.0007219 0.0006632 0.0007233 0.0009289 0.001329 0.001772 0.003222 0.004042 0.00487 0.005064 0.005658 0.005309 0.004846 0.004101 0.003977 0.003686 0.003306 0.002672 0.002286 0.001878 0.00167 1 1 1 1 1 1 1 1 1 1 1 1 1 1 1 1 1 1 1 1 1 1 1 1 1 1 .
begin job of lepCalProducer
initializing all the rochester correction objects
initializing the egamma calibrator
Processed  4500000/ 7963260 entries (elapsed time     0.5s, curr speed   18.868 kHz, avg speed 8490.566 kHz), accepted        1/       1 events (100.00%)
Processed  4510000/ 7963260 entries (elapsed time    32.3s, curr speed    0.314 kHz, avg speed  139.499 kHz), accepted    10001/   10001 events (100.00%)
Processed  4520000/ 7963260 entries (elapsed time    64.6s, curr speed    0.310 kHz, avg speed   69.947 kHz), accepted    20001/   20001 events (100.00%)
Processed  4530000/ 7963260 entries (elapsed time    97.1s, curr speed    0.308 kHz, avg speed   46.663 kHz), accepted    30001/   30001 events (100.00%)
Processed  4540000/ 7963260 entries (elapsed time   129.6s, curr speed    0.308 kHz, avg speed   35.036 kHz), accepted    40001/   40001 events (100.00%)
Processed  4550000/ 7963260 entries (elapsed time   160.4s, curr speed    0.324 kHz, avg speed   28.360 kHz), accepted    50001/   50001 events (100.00%)
Processed  4560000/ 7963260 entries (elapsed time   192.5s, curr speed    0.312 kHz, avg speed   23.692 kHz), accepted    60001/   60001 events (100.00%)
Processed  4570000/ 7963260 entries (elapsed time   219.7s, curr speed    0.367 kHz, avg speed   20.797 kHz), accepted    70001/   70001 events (100.00%)
Processed  4580000/ 7963260 entries (elapsed time   247.2s, curr speed    0.364 kHz, avg speed   18.525 kHz), accepted    80001/   80001 events (100.00%)
Processed  4590000/ 7963260 entries (elapsed time   274.3s, curr speed    0.369 kHz, avg speed   16.733 kHz), accepted    90001/   90001 events (100.00%)
Processed  4600000/ 7963260 entries (elapsed time   298.8s, curr speed    0.408 kHz, avg speed   15.395 kHz), accepted   100001/  100001 events (100.00%)
Processed  4610000/ 7963260 entries (elapsed time   323.5s, curr speed    0.405 kHz, avg speed   14.250 kHz), accepted   110001/  110001 events (100.00%)
Processed  4620000/ 7963260 entries (elapsed time   370.8s, curr speed    0.212 kHz, avg speed   12.460 kHz), accepted   120001/  120001 events (100.00%)
Processed  4630000/ 7963260 entries (elapsed time   397.2s, curr speed    0.379 kHz, avg speed   11.657 kHz), accepted   130001/  130001 events (100.00%)
Processed  4640000/ 7963260 entries (elapsed time   421.2s, curr speed    0.416 kHz, avg speed   11.016 kHz), accepted   140001/  140001 events (100.00%)
Processed  4650000/ 7963260 entries (elapsed time   445.2s, curr speed    0.417 kHz, avg speed   10.445 kHz), accepted   150001/  150001 events (100.00%)
Processed  4660000/ 7963260 entries (elapsed time   470.5s, curr speed    0.395 kHz, avg speed    9.904 kHz), accepted   160001/  160001 events (100.00%)
Processed  4670000/ 7963260 entries (elapsed time   494.8s, curr speed    0.411 kHz, avg speed    9.437 kHz), accepted   170001/  170001 events (100.00%)
Processed  4680000/ 7963260 entries (elapsed time   542.4s, curr speed    0.210 kHz, avg speed    8.629 kHz), accepted   180001/  180001 events (100.00%)
Processed  4690000/ 7963260 entries (elapsed time   566.3s, curr speed    0.418 kHz, avg speed    8.281 kHz), accepted   190001/  190001 events (100.00%)
Processed  4700000/ 7963260 entries (elapsed time   590.3s, curr speed    0.418 kHz, avg speed    7.963 kHz), accepted   200001/  200001 events (100.00%)
Processed  4710000/ 7963260 entries (elapsed time   614.1s, curr speed    0.419 kHz, avg speed    7.669 kHz), accepted   210001/  210001 events (100.00%)
Processed  4720000/ 7963260 entries (elapsed time   638.0s, curr speed    0.419 kHz, avg speed    7.398 kHz), accepted   220001/  220001 events (100.00%)
Processed  4730000/ 7963260 entries (elapsed time   662.5s, curr speed    0.408 kHz, avg speed    7.140 kHz), accepted   230001/  230001 events (100.00%)
Processed  4740000/ 7963260 entries (elapsed time   710.0s, curr speed    0.211 kHz, avg speed    6.676 kHz), accepted   240001/  240001 events (100.00%)
Processed 250000 entries from MY_EOS_SPACE/heppyNtuples/TREES_W_94X/WJetsToLNu_94X_ext_part8/treeProducerWMass/tree.root, selected 250000 entries
Done MY_EOS_SPACE/heppyNtuples/TREES_W_94X/friends/tree_Friend_WJetsToLNu_94X_ext_part8.chunk18.root
