000 (335107.013.000) 05/14 18:00:15 Job submitted from host: <188.184.95.166:9618?addrs=188.184.95.166-9618+[2001-1458-201-e4--100-7a0]-9618&alias=tbird02.cern.ch&noUDP&sock=schedd_2138722_faad_3>
...
022 (335107.013.000) 05/14 18:03:05 Job disconnected, attempting to reconnect
    Socket between submit and execute hosts closed unexpectedly
    Trying to reconnect to slot1_3@b7g28n0843.cern.ch <188.184.186.13:9618?addrs=188.184.186.13-9618+[2001-1458-301-f8--100-16]-9618&noUDP&sock=2335_31ba_3>
...
024 (335107.013.000) 05/14 18:03:05 Job reconnection failed
    Job not found at execution machine
    Can not reconnect to slot1_3@b7g28n0843.cern.ch, rescheduling job
...
040 (335107.013.000) 05/14 18:03:58 Started transferring input files
	Transferring to host: <128.142.224.182:9618?addrs=128.142.224.182-9618+[2001-1458-301-84--100-117]-9618&noUDP&sock=3806_6bd4_115552>
...
040 (335107.013.000) 05/14 18:03:58 Finished transferring input files
...
001 (335107.013.000) 05/14 18:03:59 Job executing on host: <128.142.224.182:9618?addrs=128.142.224.182-9618+[2001-1458-301-84--100-117]-9618&noUDP&sock=2333_d28a_3>
...
006 (335107.013.000) 05/14 18:04:08 Image size of job updated: 401920
	312  -  MemoryUsage of job (MB)
	319424  -  ResidentSetSize of job (KB)
...
006 (335107.013.000) 05/14 18:09:09 Image size of job updated: 726356
	629  -  MemoryUsage of job (MB)
	643808  -  ResidentSetSize of job (KB)
...
006 (335107.013.000) 05/14 18:14:09 Image size of job updated: 862764
	762  -  MemoryUsage of job (MB)
	780216  -  ResidentSetSize of job (KB)
...
040 (335107.013.000) 05/14 18:16:49 Started transferring output files
...
040 (335107.013.000) 05/14 18:16:49 Finished transferring output files
...
005 (335107.013.000) 05/14 18:16:49 Job terminated.
	(1) Normal termination (return value 1)
		Usr 0 00:11:33, Sys 0 00:01:10  -  Run Remote Usage
		Usr 0 00:00:00, Sys 0 00:00:00  -  Run Local Usage
		Usr 0 00:11:33, Sys 0 00:01:10  -  Total Remote Usage
		Usr 0 00:00:00, Sys 0 00:00:00  -  Total Local Usage
	8532  -  Run Bytes Sent By Job
	10917  -  Run Bytes Received By Job
	8532  -  Total Bytes Sent By Job
	10917  -  Total Bytes Received By Job
	Partitionable Resources :    Usage  Request Allocated 
	   Cpus                 :                 1           
	   Disk (KB)            :       71        1   2125779 
	   Memory (MB)          :      762     2000      2000 
...
