000 (335105.015.000) 05/14 18:00:13 Job submitted from host: <188.184.95.166:9618?addrs=188.184.95.166-9618+[2001-1458-201-e4--100-7a0]-9618&alias=tbird02.cern.ch&noUDP&sock=schedd_2138722_faad_3>
...
040 (335105.015.000) 05/14 18:02:00 Started transferring input files
	Transferring to host: <188.184.186.34:9618?addrs=188.184.186.34-9618+[2001-1458-301-f8--100-20]-9618&noUDP&sock=4089_d1ff_129686>
...
040 (335105.015.000) 05/14 18:02:00 Finished transferring input files
...
001 (335105.015.000) 05/14 18:02:01 Job executing on host: <188.184.186.34:9618?addrs=188.184.186.34-9618+[2001-1458-301-f8--100-20]-9618&noUDP&sock=2336_e153_3>
...
006 (335105.015.000) 05/14 18:02:10 Image size of job updated: 356336
	268  -  MemoryUsage of job (MB)
	273992  -  ResidentSetSize of job (KB)
...
006 (335105.015.000) 05/14 18:07:11 Image size of job updated: 715728
	619  -  MemoryUsage of job (MB)
	633332  -  ResidentSetSize of job (KB)
...
006 (335105.015.000) 05/14 18:12:11 Image size of job updated: 777660
	756  -  MemoryUsage of job (MB)
	773328  -  ResidentSetSize of job (KB)
...
040 (335105.015.000) 05/14 18:15:48 Started transferring output files
...
040 (335105.015.000) 05/14 18:15:48 Finished transferring output files
...
005 (335105.015.000) 05/14 18:15:48 Job terminated.
	(1) Normal termination (return value 1)
		Usr 0 00:12:22, Sys 0 00:01:12  -  Run Remote Usage
		Usr 0 00:00:00, Sys 0 00:00:00  -  Run Local Usage
		Usr 0 00:12:22, Sys 0 00:01:12  -  Total Remote Usage
		Usr 0 00:00:00, Sys 0 00:00:00  -  Total Local Usage
	11582  -  Run Bytes Sent By Job
	10917  -  Run Bytes Received By Job
	11582  -  Total Bytes Sent By Job
	10917  -  Total Bytes Received By Job
	Partitionable Resources :    Usage  Request Allocated 
	   Cpus                 :                 1           
	   Disk (KB)            :       71        1   2134715 
	   Memory (MB)          :      756     2000      2000 
...
