000 (335100.009.000) 05/14 18:00:10 Job submitted from host: <188.184.95.166:9618?addrs=188.184.95.166-9618+[2001-1458-201-e4--100-7a0]-9618&alias=tbird02.cern.ch&noUDP&sock=schedd_2138722_faad_3>
...
040 (335100.009.000) 05/14 18:01:00 Started transferring input files
	Transferring to host: <188.184.133.215:9618?addrs=188.184.133.215-9618+[2001-1458-301-a0--100-4d8]-9618&noUDP&sock=13043_b92b_104836>
...
040 (335100.009.000) 05/14 18:01:00 Finished transferring input files
...
001 (335100.009.000) 05/14 18:01:01 Job executing on host: <188.184.133.215:9618?addrs=188.184.133.215-9618+[2001-1458-301-a0--100-4d8]-9618&noUDP&sock=12836_01bf_3>
...
006 (335100.009.000) 05/14 18:01:09 Image size of job updated: 177104
	108  -  MemoryUsage of job (MB)
	110276  -  ResidentSetSize of job (KB)
...
006 (335100.009.000) 05/14 18:06:09 Image size of job updated: 348360
	339  -  MemoryUsage of job (MB)
	346844  -  ResidentSetSize of job (KB)
...
006 (335100.009.000) 05/14 18:11:10 Image size of job updated: 657552
	641  -  MemoryUsage of job (MB)
	656028  -  ResidentSetSize of job (KB)
...
006 (335100.009.000) 05/14 18:16:11 Image size of job updated: 778380
	759  -  MemoryUsage of job (MB)
	776856  -  ResidentSetSize of job (KB)
...
006 (335100.009.000) 05/14 18:21:11 Image size of job updated: 781824
	763  -  MemoryUsage of job (MB)
	780300  -  ResidentSetSize of job (KB)
...
040 (335100.009.000) 05/14 18:21:56 Started transferring output files
...
040 (335100.009.000) 05/14 18:21:56 Finished transferring output files
...
005 (335100.009.000) 05/14 18:21:56 Job terminated.
	(1) Normal termination (return value 1)
		Usr 0 00:18:25, Sys 0 00:01:40  -  Run Remote Usage
		Usr 0 00:00:00, Sys 0 00:00:00  -  Run Local Usage
		Usr 0 00:18:25, Sys 0 00:01:40  -  Total Remote Usage
		Usr 0 00:00:00, Sys 0 00:00:00  -  Total Local Usage
	8530  -  Run Bytes Sent By Job
	10917  -  Run Bytes Received By Job
	8530  -  Total Bytes Sent By Job
	10917  -  Total Bytes Received By Job
	Partitionable Resources :    Usage  Request Allocated 
	   Cpus                 :                 1           
	   Disk (KB)            :       71        1   2173754 
	   Memory (MB)          :      763     2000      2000 
...
