000 (335103.029.000) 05/14 18:00:12 Job submitted from host: <188.184.95.166:9618?addrs=188.184.95.166-9618+[2001-1458-201-e4--100-7a0]-9618&alias=tbird02.cern.ch&noUDP&sock=schedd_2138722_faad_3>
...
040 (335103.029.000) 05/14 18:01:42 Started transferring input files
	Transferring to host: <128.142.33.175:9618?addrs=128.142.33.175-9618+[2001-1458-301-117--100-191]-9618&noUDP&sock=12927_fda7_105647>
...
040 (335103.029.000) 05/14 18:01:42 Finished transferring input files
...
001 (335103.029.000) 05/14 18:01:43 Job executing on host: <128.142.33.175:9618?addrs=128.142.33.175-9618+[2001-1458-301-117--100-191]-9618&noUDP&sock=12707_8607_3>
...
006 (335103.029.000) 05/14 18:01:52 Image size of job updated: 292960
	209  -  MemoryUsage of job (MB)
	213972  -  ResidentSetSize of job (KB)
...
006 (335103.029.000) 05/14 18:06:53 Image size of job updated: 429372
	340  -  MemoryUsage of job (MB)
	347144  -  ResidentSetSize of job (KB)
...
006 (335103.029.000) 05/14 18:11:53 Image size of job updated: 729520
	633  -  MemoryUsage of job (MB)
	647240  -  ResidentSetSize of job (KB)
...
006 (335103.029.000) 05/14 18:16:53 Image size of job updated: 865620
	765  -  MemoryUsage of job (MB)
	783340  -  ResidentSetSize of job (KB)
...
040 (335103.029.000) 05/14 18:27:05 Started transferring output files
...
040 (335103.029.000) 05/14 18:27:05 Finished transferring output files
...
005 (335103.029.000) 05/14 18:27:05 Job terminated.
	(1) Normal termination (return value 1)
		Usr 0 00:22:14, Sys 0 00:01:49  -  Run Remote Usage
		Usr 0 00:00:00, Sys 0 00:00:00  -  Run Local Usage
		Usr 0 00:22:14, Sys 0 00:01:49  -  Total Remote Usage
		Usr 0 00:00:00, Sys 0 00:00:00  -  Total Local Usage
	8533  -  Run Bytes Sent By Job
	10917  -  Run Bytes Received By Job
	8533  -  Total Bytes Sent By Job
	10917  -  Total Bytes Received By Job
	Partitionable Resources :    Usage  Request Allocated 
	   Cpus                 :                 1           
	   Disk (KB)            :       71        1   2176912 
	   Memory (MB)          :      765     2000      2000 
...
