000 (335103.005.000) 05/14 18:00:12 Job submitted from host: <188.184.95.166:9618?addrs=188.184.95.166-9618+[2001-1458-201-e4--100-7a0]-9618&alias=tbird02.cern.ch&noUDP&sock=schedd_2138722_faad_3>
...
040 (335103.005.000) 05/14 18:01:34 Started transferring input files
	Transferring to host: <188.184.132.18:9618?addrs=188.184.132.18-9618+[--1]-9618&noUDP&sock=3156_6ff9_11194>
...
040 (335103.005.000) 05/14 18:01:34 Finished transferring input files
...
001 (335103.005.000) 05/14 18:01:35 Job executing on host: <188.184.132.18:9618?addrs=188.184.132.18-9618+[--1]-9618&noUDP&sock=2265_2e19_3>
...
006 (335103.005.000) 05/14 18:01:43 Image size of job updated: 169320
	104  -  MemoryUsage of job (MB)
	106108  -  ResidentSetSize of job (KB)
...
006 (335103.005.000) 05/14 18:06:43 Image size of job updated: 710656
	610  -  MemoryUsage of job (MB)
	623952  -  ResidentSetSize of job (KB)
...
006 (335103.005.000) 05/14 18:11:43 Image size of job updated: 864604
	760  -  MemoryUsage of job (MB)
	777900  -  ResidentSetSize of job (KB)
...
006 (335103.005.000) 05/14 18:16:44 Image size of job updated: 864656
	760  -  MemoryUsage of job (MB)
	777952  -  ResidentSetSize of job (KB)
...
040 (335103.005.000) 05/14 18:17:07 Started transferring output files
...
040 (335103.005.000) 05/14 18:17:07 Finished transferring output files
...
005 (335103.005.000) 05/14 18:17:07 Job terminated.
	(1) Normal termination (return value 1)
		Usr 0 00:13:08, Sys 0 00:01:23  -  Run Remote Usage
		Usr 0 00:00:00, Sys 0 00:00:00  -  Run Local Usage
		Usr 0 00:13:08, Sys 0 00:01:23  -  Total Remote Usage
		Usr 0 00:00:00, Sys 0 00:00:00  -  Total Local Usage
	14206  -  Run Bytes Sent By Job
	10917  -  Run Bytes Received By Job
	14206  -  Total Bytes Sent By Job
	10917  -  Total Bytes Received By Job
	Partitionable Resources :    Usage  Request Allocated 
	   Cpus                 :                 1           
	   Disk (KB)            :       73        1   2200481 
	   Memory (MB)          :      760     2000      2000 
...
