   WJetsToLNu_94X_ext_part1   MC  35 chunks


I have 1 taks to process
I'm using the following list of modules DEFAULT_MODULES
this is jobs [('WJetsToLNu_94X_ext_part1', 'MY_EOS_SPACE/heppyNtuples/TREES_W_94X/WJetsToLNu_94X_ext_part1/treeProducerWMass/tree.root', 4421581739769.796, '_Friend_WJetsToLNu_94X_ext_part1.chunk18', False, xrange(4500000, 4750000), 18)]
Modules to run:  []   name =  puWeight
Loading puWeight from CMGTools.WMass.postprocessing.examples.puWeightProducer 
Running on dataset =  WJetsToLNu_94X_ext_part1
TFile: name=/afs/cern.ch/work/m/mciprian/w_mass_analysis/heppy/rel_slc7/CMSSW_9_4_12/src/CMGTools/WMass/python/postprocessing/data/pileup/mcPU_2016_W94XnoCutsWithGenWeights_nTrueInt.root, title=, option=READ
TFile: name=/afs/cern.ch/work/m/mciprian/w_mass_analysis/heppy/rel_slc7/CMSSW_9_4_12/src/CMGTools/WMass/python/postprocessing/data/pileup/PileupData_GoldenMuonJSON_Full2016.root, title=, option=READ
Load C++ Worker
Modules to run:  []   name =  muCalibratedWithStatVar
Loading muCalibratedWithStatVar from CMGTools.WMass.postprocessing.examples.lepVarProducer 
Running on dataset =  WJetsToLNu_94X_ext_part1
did not find EnergyScaleCorrection shared object, rebuilding
trying to load all the rochester correction libraries
did not find legacy data roccor. rebuilding...
done building legacy data roccor.
Modules to run:  []   name =  jetAllReCleaner
Loading jetAllReCleaner from CMGTools.WMass.postprocessing.examples.jetReCleaner 
Running on dataset =  WJetsToLNu_94X_ext_part1
Load C++ Worker
Modules to run:  []   name =  jetReCleaner
Loading jetReCleaner from CMGTools.WMass.postprocessing.examples.jetReCleaner 
Running on dataset =  WJetsToLNu_94X_ext_part1
Load C++ Worker
Modules to run:  []   name =  genQEDJets
Loading genQEDJets from CMGTools.WMass.postprocessing.examples.genFriendProducer 
Running on dataset =  WJetsToLNu_94X_ext_part1
Will write selected trees to MY_EOS_SPACE/heppyNtuples/TREES_W_94X/friends/
Normalization of nTrueInt_Wnopt: 3.68902e+10
Normalization of pileup: 3.68902e+10
Weights for variable nTrueInt_Wnopt with a number of bins equal to 102:
1 0.3634 0.9215 1.196 0.96 1.118 1.157 0.9675 0.9293 0.9192 0.8823 0.9553 1.062 1.116 1.167 1.194 1.2 1.193 1.177 1.14 1.092 1.06 1.047 1.046 1.047 1.048 1.06 1.077 1.092 1.106 1.122 1.108 1.097 1.051 0.992 0.9144 0.8237 0.7175 0.6087 0.5019 0.4029 0.3076 0.2264 0.1622 0.1123 0.07656 0.05052 0.03159 0.01992 0.01212 0.007355 0.004361 0.002593 0.001553 0.0009624 0.0007219 0.0006632 0.0007233 0.0009289 0.001329 0.001772 0.003222 0.004042 0.00487 0.005064 0.005658 0.005309 0.004846 0.004101 0.003977 0.003686 0.003306 0.002672 0.002286 0.001878 0.00167 1 1 1 1 1 1 1 1 1 1 1 1 1 1 1 1 1 1 1 1 1 1 1 1 1 1 .
Final weights: 
1 0.3634 0.9215 1.196 0.96 1.118 1.157 0.9675 0.9293 0.9192 0.8823 0.9553 1.062 1.116 1.167 1.194 1.2 1.193 1.177 1.14 1.092 1.06 1.047 1.046 1.047 1.048 1.06 1.077 1.092 1.106 1.122 1.108 1.097 1.051 0.992 0.9144 0.8237 0.7175 0.6087 0.5019 0.4029 0.3076 0.2264 0.1622 0.1123 0.07656 0.05052 0.03159 0.01992 0.01212 0.007355 0.004361 0.002593 0.001553 0.0009624 0.0007219 0.0006632 0.0007233 0.0009289 0.001329 0.001772 0.003222 0.004042 0.00487 0.005064 0.005658 0.005309 0.004846 0.004101 0.003977 0.003686 0.003306 0.002672 0.002286 0.001878 0.00167 1 1 1 1 1 1 1 1 1 1 1 1 1 1 1 1 1 1 1 1 1 1 1 1 1 1 .
begin job of lepCalProducer
initializing all the rochester correction objects
initializing the egamma calibrator
Processed  4500000/ 8517377 entries (elapsed time     0.7s, curr speed   14.085 kHz, avg speed 6338.028 kHz), accepted        1/       1 events (100.00%)
Processed  4510000/ 8517377 entries (elapsed time    58.0s, curr speed    0.174 kHz, avg speed   77.705 kHz), accepted    10001/   10001 events (100.00%)
Processed  4520000/ 8517377 entries (elapsed time   118.0s, curr speed    0.167 kHz, avg speed   38.289 kHz), accepted    20001/   20001 events (100.00%)
Processed  4530000/ 8517377 entries (elapsed time   177.3s, curr speed    0.169 kHz, avg speed   25.544 kHz), accepted    30001/   30001 events (100.00%)
Processed  4540000/ 8517377 entries (elapsed time   238.3s, curr speed    0.164 kHz, avg speed   19.055 kHz), accepted    40001/   40001 events (100.00%)
Processed  4550000/ 8517377 entries (elapsed time   297.4s, curr speed    0.169 kHz, avg speed   15.298 kHz), accepted    50001/   50001 events (100.00%)
Processed  4560000/ 8517377 entries (elapsed time   357.3s, curr speed    0.167 kHz, avg speed   12.761 kHz), accepted    60001/   60001 events (100.00%)
Processed  4570000/ 8517377 entries (elapsed time   409.6s, curr speed    0.191 kHz, avg speed   11.157 kHz), accepted    70001/   70001 events (100.00%)
Processed  4580000/ 8517377 entries (elapsed time   462.1s, curr speed    0.190 kHz, avg speed    9.910 kHz), accepted    80001/   80001 events (100.00%)
Processed  4590000/ 8517377 entries (elapsed time   516.2s, curr speed    0.185 kHz, avg speed    8.893 kHz), accepted    90001/   90001 events (100.00%)
Processed  4600000/ 8517377 entries (elapsed time   566.8s, curr speed    0.198 kHz, avg speed    8.116 kHz), accepted   100001/  100001 events (100.00%)
Processed  4610000/ 8517377 entries (elapsed time   617.1s, curr speed    0.199 kHz, avg speed    7.471 kHz), accepted   110001/  110001 events (100.00%)
Processed  4620000/ 8517377 entries (elapsed time   716.4s, curr speed    0.101 kHz, avg speed    6.449 kHz), accepted   120001/  120001 events (100.00%)
Processed  4630000/ 8517377 entries (elapsed time   768.8s, curr speed    0.191 kHz, avg speed    6.023 kHz), accepted   130001/  130001 events (100.00%)
Processed  4640000/ 8517377 entries (elapsed time   822.6s, curr speed    0.186 kHz, avg speed    5.640 kHz), accepted   140001/  140001 events (100.00%)
Processed  4650000/ 8517377 entries (elapsed time   876.8s, curr speed    0.185 kHz, avg speed    5.303 kHz), accepted   150001/  150001 events (100.00%)
Processed  4660000/ 8517377 entries (elapsed time   927.9s, curr speed    0.196 kHz, avg speed    5.022 kHz), accepted   160001/  160001 events (100.00%)
Processed  4670000/ 8517377 entries (elapsed time   980.2s, curr speed    0.191 kHz, avg speed    4.764 kHz), accepted   170001/  170001 events (100.00%)
Processed  4680000/ 8517377 entries (elapsed time  1076.6s, curr speed    0.104 kHz, avg speed    4.347 kHz), accepted   180001/  180001 events (100.00%)
Processed  4690000/ 8517377 entries (elapsed time  1127.9s, curr speed    0.195 kHz, avg speed    4.158 kHz), accepted   190001/  190001 events (100.00%)
Processed  4700000/ 8517377 entries (elapsed time  1182.5s, curr speed    0.183 kHz, avg speed    3.975 kHz), accepted   200001/  200001 events (100.00%)
Processed  4710000/ 8517377 entries (elapsed time  1234.3s, curr speed    0.193 kHz, avg speed    3.816 kHz), accepted   210001/  210001 events (100.00%)
Processed  4720000/ 8517377 entries (elapsed time  1286.6s, curr speed    0.191 kHz, avg speed    3.669 kHz), accepted   220001/  220001 events (100.00%)
Processed  4730000/ 8517377 entries (elapsed time  1339.7s, curr speed    0.188 kHz, avg speed    3.531 kHz), accepted   230001/  230001 events (100.00%)
Processed  4740000/ 8517377 entries (elapsed time  1438.2s, curr speed    0.101 kHz, avg speed    3.296 kHz), accepted   240001/  240001 events (100.00%)
Processed 250000 entries from MY_EOS_SPACE/heppyNtuples/TREES_W_94X/WJetsToLNu_94X_ext_part1/treeProducerWMass/tree.root, selected 250000 entries
Done MY_EOS_SPACE/heppyNtuples/TREES_W_94X/friends/tree_Friend_WJetsToLNu_94X_ext_part1.chunk18.root
