   WJetsToLNu_94X_ext_part2   MC  34 chunks


I have 1 taks to process
I'm using the following list of modules DEFAULT_MODULES
this is jobs [('WJetsToLNu_94X_ext_part2', 'MY_EOS_SPACE/heppyNtuples/TREES_W_94X/WJetsToLNu_94X_ext_part2/treeProducerWMass/tree.root', 4370113046328.844, '_Friend_WJetsToLNu_94X_ext_part2.chunk33', False, xrange(8250000, 8421292), 33)]
Modules to run:  []   name =  puWeight
Loading puWeight from CMGTools.WMass.postprocessing.examples.puWeightProducer 
Running on dataset =  WJetsToLNu_94X_ext_part2
TFile: name=/afs/cern.ch/work/m/mciprian/w_mass_analysis/heppy/rel_slc7/CMSSW_9_4_12/src/CMGTools/WMass/python/postprocessing/data/pileup/mcPU_2016_W94XnoCutsWithGenWeights_nTrueInt.root, title=, option=READ
TFile: name=/afs/cern.ch/work/m/mciprian/w_mass_analysis/heppy/rel_slc7/CMSSW_9_4_12/src/CMGTools/WMass/python/postprocessing/data/pileup/PileupData_GoldenMuonJSON_Full2016.root, title=, option=READ
Load C++ Worker
Modules to run:  []   name =  muCalibratedWithStatVar
Loading muCalibratedWithStatVar from CMGTools.WMass.postprocessing.examples.lepVarProducer 
Running on dataset =  WJetsToLNu_94X_ext_part2
did not find EnergyScaleCorrection shared object, rebuilding
trying to load all the rochester correction libraries
did not find legacy data roccor. rebuilding...
done building legacy data roccor.
Modules to run:  []   name =  jetAllReCleaner
Loading jetAllReCleaner from CMGTools.WMass.postprocessing.examples.jetReCleaner 
Running on dataset =  WJetsToLNu_94X_ext_part2
Load C++ Worker
Modules to run:  []   name =  jetReCleaner
Loading jetReCleaner from CMGTools.WMass.postprocessing.examples.jetReCleaner 
Running on dataset =  WJetsToLNu_94X_ext_part2
Load C++ Worker
Modules to run:  []   name =  genQEDJets
Loading genQEDJets from CMGTools.WMass.postprocessing.examples.genFriendProducer 
Running on dataset =  WJetsToLNu_94X_ext_part2
Will write selected trees to MY_EOS_SPACE/heppyNtuples/TREES_W_94X/friends/
Normalization of nTrueInt_Wnopt: 3.68902e+10
Normalization of pileup: 3.68902e+10
Weights for variable nTrueInt_Wnopt with a number of bins equal to 102:
1 0.3634 0.9215 1.196 0.96 1.118 1.157 0.9675 0.9293 0.9192 0.8823 0.9553 1.062 1.116 1.167 1.194 1.2 1.193 1.177 1.14 1.092 1.06 1.047 1.046 1.047 1.048 1.06 1.077 1.092 1.106 1.122 1.108 1.097 1.051 0.992 0.9144 0.8237 0.7175 0.6087 0.5019 0.4029 0.3076 0.2264 0.1622 0.1123 0.07656 0.05052 0.03159 0.01992 0.01212 0.007355 0.004361 0.002593 0.001553 0.0009624 0.0007219 0.0006632 0.0007233 0.0009289 0.001329 0.001772 0.003222 0.004042 0.00487 0.005064 0.005658 0.005309 0.004846 0.004101 0.003977 0.003686 0.003306 0.002672 0.002286 0.001878 0.00167 1 1 1 1 1 1 1 1 1 1 1 1 1 1 1 1 1 1 1 1 1 1 1 1 1 1 .
Final weights: 
1 0.3634 0.9215 1.196 0.96 1.118 1.157 0.9675 0.9293 0.9192 0.8823 0.9553 1.062 1.116 1.167 1.194 1.2 1.193 1.177 1.14 1.092 1.06 1.047 1.046 1.047 1.048 1.06 1.077 1.092 1.106 1.122 1.108 1.097 1.051 0.992 0.9144 0.8237 0.7175 0.6087 0.5019 0.4029 0.3076 0.2264 0.1622 0.1123 0.07656 0.05052 0.03159 0.01992 0.01212 0.007355 0.004361 0.002593 0.001553 0.0009624 0.0007219 0.0006632 0.0007233 0.0009289 0.001329 0.001772 0.003222 0.004042 0.00487 0.005064 0.005658 0.005309 0.004846 0.004101 0.003977 0.003686 0.003306 0.002672 0.002286 0.001878 0.00167 1 1 1 1 1 1 1 1 1 1 1 1 1 1 1 1 1 1 1 1 1 1 1 1 1 1 .
begin job of lepCalProducer
initializing all the rochester correction objects
initializing the egamma calibrator
Processed  8250000/ 8421292 entries (elapsed time     0.5s, curr speed   18.868 kHz, avg speed 15566.038 kHz), accepted        1/       1 events (100.00%)
Processed  8260000/ 8421292 entries (elapsed time    32.7s, curr speed    0.310 kHz, avg speed  252.291 kHz), accepted    10001/   10001 events (100.00%)
Processed  8270000/ 8421292 entries (elapsed time    65.1s, curr speed    0.309 kHz, avg speed  127.113 kHz), accepted    20001/   20001 events (100.00%)
Processed  8280000/ 8421292 entries (elapsed time    97.0s, curr speed    0.313 kHz, avg speed   85.361 kHz), accepted    30001/   30001 events (100.00%)
Processed  8290000/ 8421292 entries (elapsed time   130.2s, curr speed    0.301 kHz, avg speed   63.681 kHz), accepted    40001/   40001 events (100.00%)
Processed  8300000/ 8421292 entries (elapsed time   161.6s, curr speed    0.318 kHz, avg speed   51.368 kHz), accepted    50001/   50001 events (100.00%)
Processed  8310000/ 8421292 entries (elapsed time   195.0s, curr speed    0.299 kHz, avg speed   42.607 kHz), accepted    60001/   60001 events (100.00%)
Processed  8320000/ 8421292 entries (elapsed time   223.1s, curr speed    0.356 kHz, avg speed   37.288 kHz), accepted    70001/   70001 events (100.00%)
Processed  8330000/ 8421292 entries (elapsed time   251.8s, curr speed    0.349 kHz, avg speed   33.083 kHz), accepted    80001/   80001 events (100.00%)
Processed  8340000/ 8421292 entries (elapsed time   279.8s, curr speed    0.357 kHz, avg speed   29.810 kHz), accepted    90001/   90001 events (100.00%)
Processed  8350000/ 8421292 entries (elapsed time   308.7s, curr speed    0.345 kHz, avg speed   27.047 kHz), accepted   100001/  100001 events (100.00%)
Processed  8360000/ 8421292 entries (elapsed time   336.9s, curr speed    0.354 kHz, avg speed   24.812 kHz), accepted   110001/  110001 events (100.00%)
Processed  8370000/ 8421292 entries (elapsed time   393.8s, curr speed    0.176 kHz, avg speed   21.254 kHz), accepted   120001/  120001 events (100.00%)
Processed  8380000/ 8421292 entries (elapsed time   422.9s, curr speed    0.344 kHz, avg speed   19.816 kHz), accepted   130001/  130001 events (100.00%)
Processed  8390000/ 8421292 entries (elapsed time   450.4s, curr speed    0.363 kHz, avg speed   18.627 kHz), accepted   140001/  140001 events (100.00%)
Processed  8400000/ 8421292 entries (elapsed time   478.2s, curr speed    0.360 kHz, avg speed   17.568 kHz), accepted   150001/  150001 events (100.00%)
Processed  8410000/ 8421292 entries (elapsed time   506.5s, curr speed    0.353 kHz, avg speed   16.605 kHz), accepted   160001/  160001 events (100.00%)
Processed  8420000/ 8421292 entries (elapsed time   534.2s, curr speed    0.360 kHz, avg speed   15.761 kHz), accepted   170001/  170001 events (100.00%)
Processed 171292 entries from MY_EOS_SPACE/heppyNtuples/TREES_W_94X/WJetsToLNu_94X_ext_part2/treeProducerWMass/tree.root, selected 171292 entries
Done MY_EOS_SPACE/heppyNtuples/TREES_W_94X/friends/tree_Friend_WJetsToLNu_94X_ext_part2.chunk33.root
