   WJetsToLNu_94X_ext_part6   MC  34 chunks


I have 1 taks to process
I'm using the following list of modules DEFAULT_MODULES
this is jobs [('WJetsToLNu_94X_ext_part6', 'MY_EOS_SPACE/heppyNtuples/TREES_W_94X/WJetsToLNu_94X_ext_part6/treeProducerWMass/tree.root', 4359440305271.2666, '_Friend_WJetsToLNu_94X_ext_part6.chunk33', False, xrange(8250000, 8388526), 33)]
Modules to run:  []   name =  puWeight
Loading puWeight from CMGTools.WMass.postprocessing.examples.puWeightProducer 
Running on dataset =  WJetsToLNu_94X_ext_part6
TFile: name=/afs/cern.ch/work/m/mciprian/w_mass_analysis/heppy/rel_slc7/CMSSW_9_4_12/src/CMGTools/WMass/python/postprocessing/data/pileup/mcPU_2016_W94XnoCutsWithGenWeights_nTrueInt.root, title=, option=READ
TFile: name=/afs/cern.ch/work/m/mciprian/w_mass_analysis/heppy/rel_slc7/CMSSW_9_4_12/src/CMGTools/WMass/python/postprocessing/data/pileup/PileupData_GoldenMuonJSON_Full2016.root, title=, option=READ
Load C++ Worker
Modules to run:  []   name =  muCalibratedWithStatVar
Loading muCalibratedWithStatVar from CMGTools.WMass.postprocessing.examples.lepVarProducer 
Running on dataset =  WJetsToLNu_94X_ext_part6
did not find EnergyScaleCorrection shared object, rebuilding
trying to load all the rochester correction libraries
did not find legacy data roccor. rebuilding...
done building legacy data roccor.
Modules to run:  []   name =  jetAllReCleaner
Loading jetAllReCleaner from CMGTools.WMass.postprocessing.examples.jetReCleaner 
Running on dataset =  WJetsToLNu_94X_ext_part6
Load C++ Worker
Modules to run:  []   name =  jetReCleaner
Loading jetReCleaner from CMGTools.WMass.postprocessing.examples.jetReCleaner 
Running on dataset =  WJetsToLNu_94X_ext_part6
Load C++ Worker
Modules to run:  []   name =  genQEDJets
Loading genQEDJets from CMGTools.WMass.postprocessing.examples.genFriendProducer 
Running on dataset =  WJetsToLNu_94X_ext_part6
Will write selected trees to MY_EOS_SPACE/heppyNtuples/TREES_W_94X/friends/
Normalization of nTrueInt_Wnopt: 3.68902e+10
Normalization of pileup: 3.68902e+10
Weights for variable nTrueInt_Wnopt with a number of bins equal to 102:
1 0.3634 0.9215 1.196 0.96 1.118 1.157 0.9675 0.9293 0.9192 0.8823 0.9553 1.062 1.116 1.167 1.194 1.2 1.193 1.177 1.14 1.092 1.06 1.047 1.046 1.047 1.048 1.06 1.077 1.092 1.106 1.122 1.108 1.097 1.051 0.992 0.9144 0.8237 0.7175 0.6087 0.5019 0.4029 0.3076 0.2264 0.1622 0.1123 0.07656 0.05052 0.03159 0.01992 0.01212 0.007355 0.004361 0.002593 0.001553 0.0009624 0.0007219 0.0006632 0.0007233 0.0009289 0.001329 0.001772 0.003222 0.004042 0.00487 0.005064 0.005658 0.005309 0.004846 0.004101 0.003977 0.003686 0.003306 0.002672 0.002286 0.001878 0.00167 1 1 1 1 1 1 1 1 1 1 1 1 1 1 1 1 1 1 1 1 1 1 1 1 1 1 .
Final weights: 
1 0.3634 0.9215 1.196 0.96 1.118 1.157 0.9675 0.9293 0.9192 0.8823 0.9553 1.062 1.116 1.167 1.194 1.2 1.193 1.177 1.14 1.092 1.06 1.047 1.046 1.047 1.048 1.06 1.077 1.092 1.106 1.122 1.108 1.097 1.051 0.992 0.9144 0.8237 0.7175 0.6087 0.5019 0.4029 0.3076 0.2264 0.1622 0.1123 0.07656 0.05052 0.03159 0.01992 0.01212 0.007355 0.004361 0.002593 0.001553 0.0009624 0.0007219 0.0006632 0.0007233 0.0009289 0.001329 0.001772 0.003222 0.004042 0.00487 0.005064 0.005658 0.005309 0.004846 0.004101 0.003977 0.003686 0.003306 0.002672 0.002286 0.001878 0.00167 1 1 1 1 1 1 1 1 1 1 1 1 1 1 1 1 1 1 1 1 1 1 1 1 1 1 .
begin job of lepCalProducer
initializing all the rochester correction objects
initializing the egamma calibrator
Processed  8250000/ 8388526 entries (elapsed time     0.5s, curr speed   19.608 kHz, avg speed 16176.471 kHz), accepted        1/       1 events (100.00%)
Processed  8260000/ 8388526 entries (elapsed time    39.5s, curr speed    0.257 kHz, avg speed  209.220 kHz), accepted    10001/   10001 events (100.00%)
Processed  8270000/ 8388526 entries (elapsed time    81.0s, curr speed    0.241 kHz, avg speed  102.099 kHz), accepted    20001/   20001 events (100.00%)
Processed  8280000/ 8388526 entries (elapsed time   122.3s, curr speed    0.242 kHz, avg speed   67.708 kHz), accepted    30001/   30001 events (100.00%)
Processed  8290000/ 8388526 entries (elapsed time   163.9s, curr speed    0.241 kHz, avg speed   50.592 kHz), accepted    40001/   40001 events (100.00%)
Processed  8300000/ 8388526 entries (elapsed time   202.9s, curr speed    0.256 kHz, avg speed   40.911 kHz), accepted    50001/   50001 events (100.00%)
Processed  8310000/ 8388526 entries (elapsed time   245.3s, curr speed    0.236 kHz, avg speed   33.871 kHz), accepted    60001/   60001 events (100.00%)
Processed  8320000/ 8388526 entries (elapsed time   283.5s, curr speed    0.262 kHz, avg speed   29.352 kHz), accepted    70001/   70001 events (100.00%)
Processed  8330000/ 8388526 entries (elapsed time   318.0s, curr speed    0.290 kHz, avg speed   26.197 kHz), accepted    80001/   80001 events (100.00%)
Processed  8340000/ 8388526 entries (elapsed time   356.4s, curr speed    0.260 kHz, avg speed   23.403 kHz), accepted    90001/   90001 events (100.00%)
Processed  8350000/ 8388526 entries (elapsed time   389.3s, curr speed    0.303 kHz, avg speed   21.448 kHz), accepted   100001/  100001 events (100.00%)
Processed  8360000/ 8388526 entries (elapsed time   422.1s, curr speed    0.305 kHz, avg speed   19.808 kHz), accepted   110001/  110001 events (100.00%)
Processed  8370000/ 8388526 entries (elapsed time   492.5s, curr speed    0.142 kHz, avg speed   16.994 kHz), accepted   120001/  120001 events (100.00%)
Processed  8380000/ 8388526 entries (elapsed time   525.9s, curr speed    0.300 kHz, avg speed   15.935 kHz), accepted   130001/  130001 events (100.00%)
Processed 138526 entries from MY_EOS_SPACE/heppyNtuples/TREES_W_94X/WJetsToLNu_94X_ext_part6/treeProducerWMass/tree.root, selected 138526 entries
Done MY_EOS_SPACE/heppyNtuples/TREES_W_94X/friends/tree_Friend_WJetsToLNu_94X_ext_part6.chunk33.root
