000 (335100.017.000) 05/14 18:00:10 Job submitted from host: <188.184.95.166:9618?addrs=188.184.95.166-9618+[2001-1458-201-e4--100-7a0]-9618&alias=tbird02.cern.ch&noUDP&sock=schedd_2138722_faad_3>
...
040 (335100.017.000) 05/14 18:01:04 Started transferring input files
	Transferring to host: <128.142.33.171:9618?addrs=128.142.33.171-9618+[2001-1458-301-117--100-113]-9618&noUDP&sock=12908_9a86_105210>
...
040 (335100.017.000) 05/14 18:01:04 Finished transferring input files
...
001 (335100.017.000) 05/14 18:01:05 Job executing on host: <128.142.33.171:9618?addrs=128.142.33.171-9618+[2001-1458-301-117--100-113]-9618&noUDP&sock=12740_28a7_3>
...
006 (335100.017.000) 05/14 18:01:13 Image size of job updated: 178288
	108  -  MemoryUsage of job (MB)
	110308  -  ResidentSetSize of job (KB)
...
006 (335100.017.000) 05/14 18:06:13 Image size of job updated: 352216
	340  -  MemoryUsage of job (MB)
	348064  -  ResidentSetSize of job (KB)
...
006 (335100.017.000) 05/14 18:11:14 Image size of job updated: 651752
	633  -  MemoryUsage of job (MB)
	647592  -  ResidentSetSize of job (KB)
...
006 (335100.017.000) 05/14 18:16:14 Image size of job updated: 781472
	760  -  MemoryUsage of job (MB)
	777312  -  ResidentSetSize of job (KB)
...
006 (335100.017.000) 05/14 18:21:14 Image size of job updated: 785544
	764  -  MemoryUsage of job (MB)
	781384  -  ResidentSetSize of job (KB)
...
040 (335100.017.000) 05/14 18:26:17 Started transferring output files
...
040 (335100.017.000) 05/14 18:26:17 Finished transferring output files
...
005 (335100.017.000) 05/14 18:26:17 Job terminated.
	(1) Normal termination (return value 1)
		Usr 0 00:21:49, Sys 0 00:02:01  -  Run Remote Usage
		Usr 0 00:00:00, Sys 0 00:00:00  -  Run Local Usage
		Usr 0 00:21:49, Sys 0 00:02:01  -  Total Remote Usage
		Usr 0 00:00:00, Sys 0 00:00:00  -  Total Local Usage
	8533  -  Run Bytes Sent By Job
	10917  -  Run Bytes Received By Job
	8533  -  Total Bytes Sent By Job
	10917  -  Total Bytes Received By Job
	Partitionable Resources :    Usage  Request Allocated 
	   Cpus                 :                 1           
	   Disk (KB)            :       71        1   2095045 
	   Memory (MB)          :      764     2000      2000 
...
