000 (335109.025.000) 05/14 18:00:17 Job submitted from host: <188.184.95.166:9618?addrs=188.184.95.166-9618+[2001-1458-201-e4--100-7a0]-9618&alias=tbird02.cern.ch&noUDP&sock=schedd_2138722_faad_3>
...
040 (335109.025.000) 05/14 18:14:35 Started transferring input files
	Transferring to host: <128.142.224.182:9618?addrs=128.142.224.182-9618+[2001-1458-301-84--100-117]-9618&noUDP&sock=3806_6bd4_115556>
...
040 (335109.025.000) 05/14 18:14:35 Finished transferring input files
...
001 (335109.025.000) 05/14 18:14:36 Job executing on host: <128.142.224.182:9618?addrs=128.142.224.182-9618+[2001-1458-301-84--100-117]-9618&noUDP&sock=2333_d28a_3>
...
006 (335109.025.000) 05/14 18:14:45 Image size of job updated: 345012
	258  -  MemoryUsage of job (MB)
	263200  -  ResidentSetSize of job (KB)
...
006 (335109.025.000) 05/14 18:19:46 Image size of job updated: 723056
	626  -  MemoryUsage of job (MB)
	640832  -  ResidentSetSize of job (KB)
...
006 (335109.025.000) 05/14 18:24:46 Image size of job updated: 862644
	763  -  MemoryUsage of job (MB)
	780420  -  ResidentSetSize of job (KB)
...
040 (335109.025.000) 05/14 18:26:24 Started transferring output files
...
040 (335109.025.000) 05/14 18:26:24 Finished transferring output files
...
005 (335109.025.000) 05/14 18:26:24 Job terminated.
	(1) Normal termination (return value 1)
		Usr 0 00:10:30, Sys 0 00:01:06  -  Run Remote Usage
		Usr 0 00:00:00, Sys 0 00:00:00  -  Run Local Usage
		Usr 0 00:10:30, Sys 0 00:01:06  -  Total Remote Usage
		Usr 0 00:00:00, Sys 0 00:00:00  -  Total Local Usage
	8491  -  Run Bytes Sent By Job
	10917  -  Run Bytes Received By Job
	8491  -  Total Bytes Sent By Job
	10917  -  Total Bytes Received By Job
	Partitionable Resources :    Usage  Request Allocated 
	   Cpus                 :                 1           
	   Disk (KB)            :       71        1   2126045 
	   Memory (MB)          :      763     2000      2000 
...
