000 (335102.023.000) 05/14 18:00:11 Job submitted from host: <188.184.95.166:9618?addrs=188.184.95.166-9618+[2001-1458-201-e4--100-7a0]-9618&alias=tbird02.cern.ch&noUDP&sock=schedd_2138722_faad_3>
...
040 (335102.023.000) 05/14 18:01:27 Started transferring input files
	Transferring to host: <128.142.33.184:9618?addrs=128.142.33.184-9618+[2001-1458-301-117--100-2d8]-9618&noUDP&sock=13080_cb0d_104323>
...
040 (335102.023.000) 05/14 18:01:27 Finished transferring input files
...
001 (335102.023.000) 05/14 18:01:28 Job executing on host: <128.142.33.184:9618?addrs=128.142.33.184-9618+[2001-1458-301-117--100-2d8]-9618&noUDP&sock=12872_b328_3>
...
006 (335102.023.000) 05/14 18:01:37 Image size of job updated: 348772
	258  -  MemoryUsage of job (MB)
	263496  -  ResidentSetSize of job (KB)
...
006 (335102.023.000) 05/14 18:06:38 Image size of job updated: 721016
	620  -  MemoryUsage of job (MB)
	634312  -  ResidentSetSize of job (KB)
...
006 (335102.023.000) 05/14 18:11:38 Image size of job updated: 870224
	766  -  MemoryUsage of job (MB)
	783520  -  ResidentSetSize of job (KB)
...
040 (335102.023.000) 05/14 18:13:15 Started transferring output files
...
040 (335102.023.000) 05/14 18:13:15 Finished transferring output files
...
005 (335102.023.000) 05/14 18:13:15 Job terminated.
	(1) Normal termination (return value 1)
		Usr 0 00:10:36, Sys 0 00:01:04  -  Run Remote Usage
		Usr 0 00:00:00, Sys 0 00:00:00  -  Run Local Usage
		Usr 0 00:10:36, Sys 0 00:01:04  -  Total Remote Usage
		Usr 0 00:00:00, Sys 0 00:00:00  -  Total Local Usage
	8535  -  Run Bytes Sent By Job
	10917  -  Run Bytes Received By Job
	8535  -  Total Bytes Sent By Job
	10917  -  Total Bytes Received By Job
	Partitionable Resources :    Usage  Request Allocated 
	   Cpus                 :                 1           
	   Disk (KB)            :       71        1   2168371 
	   Memory (MB)          :      766     2000      2000 
...
