000 (335100.033.000) 05/14 18:00:10 Job submitted from host: <188.184.95.166:9618?addrs=188.184.95.166-9618+[2001-1458-201-e4--100-7a0]-9618&alias=tbird02.cern.ch&noUDP&sock=schedd_2138722_faad_3>
...
040 (335100.033.000) 05/14 18:01:08 Started transferring input files
	Transferring to host: <188.184.132.5:9618?addrs=188.184.132.5-9618+[2001-1458-301-a0--100-5]-9618&noUDP&sock=4293_8e88_128537>
...
040 (335100.033.000) 05/14 18:01:08 Finished transferring input files
...
001 (335100.033.000) 05/14 18:01:09 Job executing on host: <188.184.132.5:9618?addrs=188.184.132.5-9618+[2001-1458-301-a0--100-5]-9618&noUDP&sock=2325_55c8_3>
...
006 (335100.033.000) 05/14 18:01:17 Image size of job updated: 197540
	117  -  MemoryUsage of job (MB)
	119460  -  ResidentSetSize of job (KB)
...
006 (335100.033.000) 05/14 18:06:17 Image size of job updated: 348660
	337  -  MemoryUsage of job (MB)
	344460  -  ResidentSetSize of job (KB)
...
006 (335100.033.000) 05/14 18:11:18 Image size of job updated: 651248
	632  -  MemoryUsage of job (MB)
	647040  -  ResidentSetSize of job (KB)
...
006 (335100.033.000) 05/14 18:16:19 Image size of job updated: 786972
	765  -  MemoryUsage of job (MB)
	782764  -  ResidentSetSize of job (KB)
...
040 (335100.033.000) 05/14 18:26:09 Started transferring output files
...
040 (335100.033.000) 05/14 18:26:09 Finished transferring output files
...
005 (335100.033.000) 05/14 18:26:09 Job terminated.
	(1) Normal termination (return value 1)
		Usr 0 00:21:35, Sys 0 00:01:56  -  Run Remote Usage
		Usr 0 00:00:00, Sys 0 00:00:00  -  Run Local Usage
		Usr 0 00:21:35, Sys 0 00:01:56  -  Total Remote Usage
		Usr 0 00:00:00, Sys 0 00:00:00  -  Total Local Usage
	8533  -  Run Bytes Sent By Job
	10917  -  Run Bytes Received By Job
	8533  -  Total Bytes Sent By Job
	10917  -  Total Bytes Received By Job
	Partitionable Resources :    Usage  Request Allocated 
	   Cpus                 :                 1           
	   Disk (KB)            :       71        1   2128997 
	   Memory (MB)          :      765     2000      2000 
...
