   WJetsToLNu_94X_ext_part5   MC  34 chunks


I have 1 taks to process
I'm using the following list of modules DEFAULT_MODULES
this is jobs [('WJetsToLNu_94X_ext_part5', 'MY_EOS_SPACE/heppyNtuples/TREES_W_94X/WJetsToLNu_94X_ext_part5/treeProducerWMass/tree.root', 4398817427113.387, '_Friend_WJetsToLNu_94X_ext_part5.chunk33', False, xrange(8250000, 8470935), 33)]
Modules to run:  []   name =  puWeight
Loading puWeight from CMGTools.WMass.postprocessing.examples.puWeightProducer 
Running on dataset =  WJetsToLNu_94X_ext_part5
TFile: name=/afs/cern.ch/work/m/mciprian/w_mass_analysis/heppy/rel_slc7/CMSSW_9_4_12/src/CMGTools/WMass/python/postprocessing/data/pileup/mcPU_2016_W94XnoCutsWithGenWeights_nTrueInt.root, title=, option=READ
TFile: name=/afs/cern.ch/work/m/mciprian/w_mass_analysis/heppy/rel_slc7/CMSSW_9_4_12/src/CMGTools/WMass/python/postprocessing/data/pileup/PileupData_GoldenMuonJSON_Full2016.root, title=, option=READ
Load C++ Worker
Modules to run:  []   name =  muCalibratedWithStatVar
Loading muCalibratedWithStatVar from CMGTools.WMass.postprocessing.examples.lepVarProducer 
Running on dataset =  WJetsToLNu_94X_ext_part5
did not find EnergyScaleCorrection shared object, rebuilding
trying to load all the rochester correction libraries
did not find legacy data roccor. rebuilding...
done building legacy data roccor.
Modules to run:  []   name =  jetAllReCleaner
Loading jetAllReCleaner from CMGTools.WMass.postprocessing.examples.jetReCleaner 
Running on dataset =  WJetsToLNu_94X_ext_part5
Load C++ Worker
Modules to run:  []   name =  jetReCleaner
Loading jetReCleaner from CMGTools.WMass.postprocessing.examples.jetReCleaner 
Running on dataset =  WJetsToLNu_94X_ext_part5
Load C++ Worker
Modules to run:  []   name =  genQEDJets
Loading genQEDJets from CMGTools.WMass.postprocessing.examples.genFriendProducer 
Running on dataset =  WJetsToLNu_94X_ext_part5
Will write selected trees to MY_EOS_SPACE/heppyNtuples/TREES_W_94X/friends/
Normalization of nTrueInt_Wnopt: 3.68902e+10
Normalization of pileup: 3.68902e+10
Weights for variable nTrueInt_Wnopt with a number of bins equal to 102:
1 0.3634 0.9215 1.196 0.96 1.118 1.157 0.9675 0.9293 0.9192 0.8823 0.9553 1.062 1.116 1.167 1.194 1.2 1.193 1.177 1.14 1.092 1.06 1.047 1.046 1.047 1.048 1.06 1.077 1.092 1.106 1.122 1.108 1.097 1.051 0.992 0.9144 0.8237 0.7175 0.6087 0.5019 0.4029 0.3076 0.2264 0.1622 0.1123 0.07656 0.05052 0.03159 0.01992 0.01212 0.007355 0.004361 0.002593 0.001553 0.0009624 0.0007219 0.0006632 0.0007233 0.0009289 0.001329 0.001772 0.003222 0.004042 0.00487 0.005064 0.005658 0.005309 0.004846 0.004101 0.003977 0.003686 0.003306 0.002672 0.002286 0.001878 0.00167 1 1 1 1 1 1 1 1 1 1 1 1 1 1 1 1 1 1 1 1 1 1 1 1 1 1 .
Final weights: 
1 0.3634 0.9215 1.196 0.96 1.118 1.157 0.9675 0.9293 0.9192 0.8823 0.9553 1.062 1.116 1.167 1.194 1.2 1.193 1.177 1.14 1.092 1.06 1.047 1.046 1.047 1.048 1.06 1.077 1.092 1.106 1.122 1.108 1.097 1.051 0.992 0.9144 0.8237 0.7175 0.6087 0.5019 0.4029 0.3076 0.2264 0.1622 0.1123 0.07656 0.05052 0.03159 0.01992 0.01212 0.007355 0.004361 0.002593 0.001553 0.0009624 0.0007219 0.0006632 0.0007233 0.0009289 0.001329 0.001772 0.003222 0.004042 0.00487 0.005064 0.005658 0.005309 0.004846 0.004101 0.003977 0.003686 0.003306 0.002672 0.002286 0.001878 0.00167 1 1 1 1 1 1 1 1 1 1 1 1 1 1 1 1 1 1 1 1 1 1 1 1 1 1 .
begin job of lepCalProducer
initializing all the rochester correction objects
initializing the egamma calibrator
Processed  8250000/ 8470935 entries (elapsed time     0.5s, curr speed   19.231 kHz, avg speed 15865.385 kHz), accepted        1/       1 events (100.00%)
Processed  8260000/ 8470935 entries (elapsed time    30.4s, curr speed    0.335 kHz, avg speed  271.979 kHz), accepted    10001/   10001 events (100.00%)
Processed  8270000/ 8470935 entries (elapsed time    60.3s, curr speed    0.334 kHz, avg speed  137.193 kHz), accepted    20001/   20001 events (100.00%)
Processed  8280000/ 8470935 entries (elapsed time    90.7s, curr speed    0.329 kHz, avg speed   91.340 kHz), accepted    30001/   30001 events (100.00%)
Processed  8290000/ 8470935 entries (elapsed time   121.5s, curr speed    0.324 kHz, avg speed   68.214 kHz), accepted    40001/   40001 events (100.00%)
Processed  8300000/ 8470935 entries (elapsed time   151.0s, curr speed    0.340 kHz, avg speed   54.981 kHz), accepted    50001/   50001 events (100.00%)
Processed  8310000/ 8470935 entries (elapsed time   181.7s, curr speed    0.326 kHz, avg speed   45.742 kHz), accepted    60001/   60001 events (100.00%)
Processed  8320000/ 8470935 entries (elapsed time   208.4s, curr speed    0.373 kHz, avg speed   39.914 kHz), accepted    70001/   70001 events (100.00%)
Processed  8330000/ 8470935 entries (elapsed time   234.9s, curr speed    0.377 kHz, avg speed   35.454 kHz), accepted    80001/   80001 events (100.00%)
Processed  8340000/ 8470935 entries (elapsed time   261.5s, curr speed    0.377 kHz, avg speed   31.899 kHz), accepted    90001/   90001 events (100.00%)
Processed  8350000/ 8470935 entries (elapsed time   288.0s, curr speed    0.377 kHz, avg speed   28.993 kHz), accepted   100001/  100001 events (100.00%)
Processed  8360000/ 8470935 entries (elapsed time   314.5s, curr speed    0.377 kHz, avg speed   26.582 kHz), accepted   110001/  110001 events (100.00%)
Processed  8370000/ 8470935 entries (elapsed time   367.9s, curr speed    0.187 kHz, avg speed   22.750 kHz), accepted   120001/  120001 events (100.00%)
Processed  8380000/ 8470935 entries (elapsed time   394.5s, curr speed    0.377 kHz, avg speed   21.244 kHz), accepted   130001/  130001 events (100.00%)
Processed  8390000/ 8470935 entries (elapsed time   420.9s, curr speed    0.379 kHz, avg speed   19.935 kHz), accepted   140001/  140001 events (100.00%)
Processed  8400000/ 8470935 entries (elapsed time   447.6s, curr speed    0.374 kHz, avg speed   18.768 kHz), accepted   150001/  150001 events (100.00%)
Processed  8410000/ 8470935 entries (elapsed time   474.1s, curr speed    0.378 kHz, avg speed   17.740 kHz), accepted   160001/  160001 events (100.00%)
Processed  8420000/ 8470935 entries (elapsed time   500.6s, curr speed    0.376 kHz, avg speed   16.819 kHz), accepted   170001/  170001 events (100.00%)
Processed  8430000/ 8470935 entries (elapsed time   554.8s, curr speed    0.185 kHz, avg speed   15.194 kHz), accepted   180001/  180001 events (100.00%)
Processed  8440000/ 8470935 entries (elapsed time   582.1s, curr speed    0.366 kHz, avg speed   14.499 kHz), accepted   190001/  190001 events (100.00%)
Processed  8450000/ 8470935 entries (elapsed time   609.4s, curr speed    0.367 kHz, avg speed   13.867 kHz), accepted   200001/  200001 events (100.00%)
Processed  8460000/ 8470935 entries (elapsed time   636.9s, curr speed    0.362 kHz, avg speed   13.282 kHz), accepted   210001/  210001 events (100.00%)
Processed  8470000/ 8470935 entries (elapsed time   664.3s, curr speed    0.365 kHz, avg speed   12.750 kHz), accepted   220001/  220001 events (100.00%)
Processed 220935 entries from MY_EOS_SPACE/heppyNtuples/TREES_W_94X/WJetsToLNu_94X_ext_part5/treeProducerWMass/tree.root, selected 220935 entries
Done MY_EOS_SPACE/heppyNtuples/TREES_W_94X/friends/tree_Friend_WJetsToLNu_94X_ext_part5.chunk33.root
