000 (335102.017.000) 05/14 18:00:11 Job submitted from host: <188.184.95.166:9618?addrs=188.184.95.166-9618+[2001-1458-201-e4--100-7a0]-9618&alias=tbird02.cern.ch&noUDP&sock=schedd_2138722_faad_3>
...
040 (335102.017.000) 05/14 18:01:26 Started transferring input files
	Transferring to host: <128.142.240.52:9618?addrs=128.142.240.52-9618+[2001-1458-301-f9--100-5]-9618&noUDP&sock=4209_5f04_129922>
...
040 (335102.017.000) 05/14 18:01:26 Finished transferring input files
...
001 (335102.017.000) 05/14 18:01:27 Job executing on host: <128.142.240.52:9618?addrs=128.142.240.52-9618+[2001-1458-301-f9--100-5]-9618&noUDP&sock=2340_9fb4_3>
...
006 (335102.017.000) 05/14 18:01:35 Image size of job updated: 249520
	167  -  MemoryUsage of job (MB)
	170640  -  ResidentSetSize of job (KB)
...
006 (335102.017.000) 05/14 18:06:35 Image size of job updated: 734392
	633  -  MemoryUsage of job (MB)
	647688  -  ResidentSetSize of job (KB)
...
006 (335102.017.000) 05/14 18:11:35 Image size of job updated: 868492
	764  -  MemoryUsage of job (MB)
	781788  -  ResidentSetSize of job (KB)
...
040 (335102.017.000) 05/14 18:13:10 Started transferring output files
...
040 (335102.017.000) 05/14 18:13:10 Finished transferring output files
...
005 (335102.017.000) 05/14 18:13:10 Job terminated.
	(1) Normal termination (return value 1)
		Usr 0 00:10:32, Sys 0 00:01:03  -  Run Remote Usage
		Usr 0 00:00:00, Sys 0 00:00:00  -  Run Local Usage
		Usr 0 00:10:32, Sys 0 00:01:03  -  Total Remote Usage
		Usr 0 00:00:00, Sys 0 00:00:00  -  Total Local Usage
	11583  -  Run Bytes Sent By Job
	10917  -  Run Bytes Received By Job
	11583  -  Total Bytes Sent By Job
	10917  -  Total Bytes Received By Job
	Partitionable Resources :    Usage  Request Allocated 
	   Cpus                 :                 1           
	   Disk (KB)            :       71        1   2105105 
	   Memory (MB)          :      764     2000      2000 
...
