   WJetsToLNu_94X_ext_part1   MC  35 chunks


I have 1 taks to process
I'm using the following list of modules DEFAULT_MODULES
this is jobs [('WJetsToLNu_94X_ext_part1', 'MY_EOS_SPACE/heppyNtuples/TREES_W_94X/WJetsToLNu_94X_ext_part1/treeProducerWMass/tree.root', 4421581739769.796, '_Friend_WJetsToLNu_94X_ext_part1.chunk14', False, xrange(3500000, 3750000), 14)]
Modules to run:  []   name =  puWeight
Loading puWeight from CMGTools.WMass.postprocessing.examples.puWeightProducer 
Running on dataset =  WJetsToLNu_94X_ext_part1
TFile: name=/afs/cern.ch/work/m/mciprian/w_mass_analysis/heppy/rel_slc7/CMSSW_9_4_12/src/CMGTools/WMass/python/postprocessing/data/pileup/mcPU_2016_W94XnoCutsWithGenWeights_nTrueInt.root, title=, option=READ
TFile: name=/afs/cern.ch/work/m/mciprian/w_mass_analysis/heppy/rel_slc7/CMSSW_9_4_12/src/CMGTools/WMass/python/postprocessing/data/pileup/PileupData_GoldenMuonJSON_Full2016.root, title=, option=READ
Load C++ Worker
Modules to run:  []   name =  muCalibratedWithStatVar
Loading muCalibratedWithStatVar from CMGTools.WMass.postprocessing.examples.lepVarProducer 
Running on dataset =  WJetsToLNu_94X_ext_part1
did not find EnergyScaleCorrection shared object, rebuilding
trying to load all the rochester correction libraries
did not find legacy data roccor. rebuilding...
done building legacy data roccor.
Modules to run:  []   name =  jetAllReCleaner
Loading jetAllReCleaner from CMGTools.WMass.postprocessing.examples.jetReCleaner 
Running on dataset =  WJetsToLNu_94X_ext_part1
Load C++ Worker
Modules to run:  []   name =  jetReCleaner
Loading jetReCleaner from CMGTools.WMass.postprocessing.examples.jetReCleaner 
Running on dataset =  WJetsToLNu_94X_ext_part1
Load C++ Worker
Modules to run:  []   name =  genQEDJets
Loading genQEDJets from CMGTools.WMass.postprocessing.examples.genFriendProducer 
Running on dataset =  WJetsToLNu_94X_ext_part1
Will write selected trees to MY_EOS_SPACE/heppyNtuples/TREES_W_94X/friends/
Normalization of nTrueInt_Wnopt: 3.68902e+10
Normalization of pileup: 3.68902e+10
Weights for variable nTrueInt_Wnopt with a number of bins equal to 102:
1 0.3634 0.9215 1.196 0.96 1.118 1.157 0.9675 0.9293 0.9192 0.8823 0.9553 1.062 1.116 1.167 1.194 1.2 1.193 1.177 1.14 1.092 1.06 1.047 1.046 1.047 1.048 1.06 1.077 1.092 1.106 1.122 1.108 1.097 1.051 0.992 0.9144 0.8237 0.7175 0.6087 0.5019 0.4029 0.3076 0.2264 0.1622 0.1123 0.07656 0.05052 0.03159 0.01992 0.01212 0.007355 0.004361 0.002593 0.001553 0.0009624 0.0007219 0.0006632 0.0007233 0.0009289 0.001329 0.001772 0.003222 0.004042 0.00487 0.005064 0.005658 0.005309 0.004846 0.004101 0.003977 0.003686 0.003306 0.002672 0.002286 0.001878 0.00167 1 1 1 1 1 1 1 1 1 1 1 1 1 1 1 1 1 1 1 1 1 1 1 1 1 1 .
Final weights: 
1 0.3634 0.9215 1.196 0.96 1.118 1.157 0.9675 0.9293 0.9192 0.8823 0.9553 1.062 1.116 1.167 1.194 1.2 1.193 1.177 1.14 1.092 1.06 1.047 1.046 1.047 1.048 1.06 1.077 1.092 1.106 1.122 1.108 1.097 1.051 0.992 0.9144 0.8237 0.7175 0.6087 0.5019 0.4029 0.3076 0.2264 0.1622 0.1123 0.07656 0.05052 0.03159 0.01992 0.01212 0.007355 0.004361 0.002593 0.001553 0.0009624 0.0007219 0.0006632 0.0007233 0.0009289 0.001329 0.001772 0.003222 0.004042 0.00487 0.005064 0.005658 0.005309 0.004846 0.004101 0.003977 0.003686 0.003306 0.002672 0.002286 0.001878 0.00167 1 1 1 1 1 1 1 1 1 1 1 1 1 1 1 1 1 1 1 1 1 1 1 1 1 1 .
begin job of lepCalProducer
initializing all the rochester correction objects
initializing the egamma calibrator
Processed  3500000/ 8517377 entries (elapsed time     1.0s, curr speed    9.804 kHz, avg speed 3431.373 kHz), accepted        1/       1 events (100.00%)
Processed  3510000/ 8517377 entries (elapsed time    52.9s, curr speed    0.193 kHz, avg speed   66.339 kHz), accepted    10001/   10001 events (100.00%)
Processed  3520000/ 8517377 entries (elapsed time   107.0s, curr speed    0.185 kHz, avg speed   32.888 kHz), accepted    20001/   20001 events (100.00%)
Processed  3530000/ 8517377 entries (elapsed time   161.4s, curr speed    0.184 kHz, avg speed   21.866 kHz), accepted    30001/   30001 events (100.00%)
Processed  3540000/ 8517377 entries (elapsed time   214.9s, curr speed    0.187 kHz, avg speed   16.477 kHz), accepted    40001/   40001 events (100.00%)
Processed  3550000/ 8517377 entries (elapsed time   269.3s, curr speed    0.183 kHz, avg speed   13.180 kHz), accepted    50001/   50001 events (100.00%)
Processed  3560000/ 8517377 entries (elapsed time   324.7s, curr speed    0.181 kHz, avg speed   10.965 kHz), accepted    60001/   60001 events (100.00%)
Processed  3570000/ 8517377 entries (elapsed time   372.3s, curr speed    0.210 kHz, avg speed    9.588 kHz), accepted    70001/   70001 events (100.00%)
Processed  3580000/ 8517377 entries (elapsed time   421.0s, curr speed    0.206 kHz, avg speed    8.504 kHz), accepted    80001/   80001 events (100.00%)
Processed  3590000/ 8517377 entries (elapsed time   468.9s, curr speed    0.209 kHz, avg speed    7.656 kHz), accepted    90001/   90001 events (100.00%)
Processed  3600000/ 8517377 entries (elapsed time   518.1s, curr speed    0.203 kHz, avg speed    6.948 kHz), accepted   100001/  100001 events (100.00%)
Processed  3610000/ 8517377 entries (elapsed time   566.7s, curr speed    0.206 kHz, avg speed    6.370 kHz), accepted   110001/  110001 events (100.00%)
Processed  3620000/ 8517377 entries (elapsed time   659.2s, curr speed    0.108 kHz, avg speed    5.492 kHz), accepted   120001/  120001 events (100.00%)
Processed  3630000/ 8517377 entries (elapsed time   709.0s, curr speed    0.201 kHz, avg speed    5.120 kHz), accepted   130001/  130001 events (100.00%)
Processed  3640000/ 8517377 entries (elapsed time   758.6s, curr speed    0.202 kHz, avg speed    4.799 kHz), accepted   140001/  140001 events (100.00%)
Processed  3650000/ 8517377 entries (elapsed time   806.1s, curr speed    0.211 kHz, avg speed    4.528 kHz), accepted   150001/  150001 events (100.00%)
Processed  3660000/ 8517377 entries (elapsed time   855.1s, curr speed    0.204 kHz, avg speed    4.280 kHz), accepted   160001/  160001 events (100.00%)
Processed  3670000/ 8517377 entries (elapsed time   904.4s, curr speed    0.203 kHz, avg speed    4.058 kHz), accepted   170001/  170001 events (100.00%)
Processed  3680000/ 8517377 entries (elapsed time  1000.8s, curr speed    0.104 kHz, avg speed    3.677 kHz), accepted   180001/  180001 events (100.00%)
Processed  3690000/ 8517377 entries (elapsed time  1050.2s, curr speed    0.202 kHz, avg speed    3.514 kHz), accepted   190001/  190001 events (100.00%)
Processed  3700000/ 8517377 entries (elapsed time  1099.7s, curr speed    0.202 kHz, avg speed    3.365 kHz), accepted   200001/  200001 events (100.00%)
Processed  3710000/ 8517377 entries (elapsed time  1147.3s, curr speed    0.210 kHz, avg speed    3.234 kHz), accepted   210001/  210001 events (100.00%)
Processed  3720000/ 8517377 entries (elapsed time  1195.9s, curr speed    0.205 kHz, avg speed    3.111 kHz), accepted   220001/  220001 events (100.00%)
Processed  3730000/ 8517377 entries (elapsed time  1245.0s, curr speed    0.204 kHz, avg speed    2.996 kHz), accepted   230001/  230001 events (100.00%)
Processed  3740000/ 8517377 entries (elapsed time  1338.3s, curr speed    0.107 kHz, avg speed    2.795 kHz), accepted   240001/  240001 events (100.00%)
Processed 250000 entries from MY_EOS_SPACE/heppyNtuples/TREES_W_94X/WJetsToLNu_94X_ext_part1/treeProducerWMass/tree.root, selected 250000 entries
Done MY_EOS_SPACE/heppyNtuples/TREES_W_94X/friends/tree_Friend_WJetsToLNu_94X_ext_part1.chunk14.root
