000 (335107.015.000) 05/14 18:00:15 Job submitted from host: <188.184.95.166:9618?addrs=188.184.95.166-9618+[2001-1458-201-e4--100-7a0]-9618&alias=tbird02.cern.ch&noUDP&sock=schedd_2138722_faad_3>
...
040 (335107.015.000) 05/14 18:02:41 Started transferring input files
	Transferring to host: <188.184.133.241:9618?addrs=188.184.133.241-9618+[2001-1458-301-a0--100-1c7]-9618&noUDP&sock=13202_c0d2_104797>
...
040 (335107.015.000) 05/14 18:02:41 Finished transferring input files
...
001 (335107.015.000) 05/14 18:02:42 Job executing on host: <188.184.133.241:9618?addrs=188.184.133.241-9618+[2001-1458-301-a0--100-1c7]-9618&noUDP&sock=12995_114e_3>
...
006 (335107.015.000) 05/14 18:02:50 Image size of job updated: 291452
	205  -  MemoryUsage of job (MB)
	209576  -  ResidentSetSize of job (KB)
...
006 (335107.015.000) 05/14 18:07:50 Image size of job updated: 734608
	633  -  MemoryUsage of job (MB)
	647908  -  ResidentSetSize of job (KB)
...
006 (335107.015.000) 05/14 18:12:51 Image size of job updated: 871084
	766  -  MemoryUsage of job (MB)
	784384  -  ResidentSetSize of job (KB)
...
040 (335107.015.000) 05/14 18:16:44 Started transferring output files
...
040 (335107.015.000) 05/14 18:16:44 Finished transferring output files
...
005 (335107.015.000) 05/14 18:16:44 Job terminated.
	(1) Normal termination (return value 1)
		Usr 0 00:12:36, Sys 0 00:01:11  -  Run Remote Usage
		Usr 0 00:00:00, Sys 0 00:00:00  -  Run Local Usage
		Usr 0 00:12:36, Sys 0 00:01:11  -  Total Remote Usage
		Usr 0 00:00:00, Sys 0 00:00:00  -  Total Local Usage
	8532  -  Run Bytes Sent By Job
	10917  -  Run Bytes Received By Job
	8532  -  Total Bytes Sent By Job
	10917  -  Total Bytes Received By Job
	Partitionable Resources :    Usage  Request Allocated 
	   Cpus                 :                 1           
	   Disk (KB)            :       71        1   2188722 
	   Memory (MB)          :      766     2000      2000 
...
