000 (335106.014.000) 05/14 18:00:14 Job submitted from host: <188.184.95.166:9618?addrs=188.184.95.166-9618+[2001-1458-201-e4--100-7a0]-9618&alias=tbird02.cern.ch&noUDP&sock=schedd_2138722_faad_3>
...
040 (335106.014.000) 05/14 18:02:24 Started transferring input files
	Transferring to host: <188.184.132.8:9618?addrs=188.184.132.8-9618+[2001-1458-301-a0--100-9]-9618&noUDP&sock=8960_e165_1732>
...
040 (335106.014.000) 05/14 18:02:24 Finished transferring input files
...
001 (335106.014.000) 05/14 18:02:25 Job executing on host: <188.184.132.8:9618?addrs=188.184.132.8-9618+[2001-1458-301-a0--100-9]-9618&noUDP&sock=2815_6f30_3>
...
006 (335106.014.000) 05/14 18:02:34 Image size of job updated: 197244
	189  -  MemoryUsage of job (MB)
	192784  -  ResidentSetSize of job (KB)
...
006 (335106.014.000) 05/14 18:07:35 Image size of job updated: 351020
	339  -  MemoryUsage of job (MB)
	346756  -  ResidentSetSize of job (KB)
...
006 (335106.014.000) 05/14 18:12:35 Image size of job updated: 653032
	634  -  MemoryUsage of job (MB)
	648768  -  ResidentSetSize of job (KB)
...
006 (335106.014.000) 05/14 18:17:36 Image size of job updated: 786520
	764  -  MemoryUsage of job (MB)
	782256  -  ResidentSetSize of job (KB)
...
006 (335106.014.000) 05/14 18:22:37 Image size of job updated: 787516
	765  -  MemoryUsage of job (MB)
	783252  -  ResidentSetSize of job (KB)
...
040 (335106.014.000) 05/14 18:29:22 Started transferring output files
...
040 (335106.014.000) 05/14 18:29:22 Finished transferring output files
...
005 (335106.014.000) 05/14 18:29:22 Job terminated.
	(1) Normal termination (return value 1)
		Usr 0 00:23:27, Sys 0 00:01:49  -  Run Remote Usage
		Usr 0 00:00:00, Sys 0 00:00:00  -  Run Local Usage
		Usr 0 00:23:27, Sys 0 00:01:49  -  Total Remote Usage
		Usr 0 00:00:00, Sys 0 00:00:00  -  Total Local Usage
	13857  -  Run Bytes Sent By Job
	10917  -  Run Bytes Received By Job
	13857  -  Total Bytes Sent By Job
	10917  -  Total Bytes Received By Job
	Partitionable Resources :    Usage  Request Allocated 
	   Cpus                 :     0.97        1         1 
	   Disk (KB)            :    80           1    213743 
	   Memory (MB)          :   765        2000      2000 
...
