000 (335100.034.000) 05/14 18:00:10 Job submitted from host: <188.184.95.166:9618?addrs=188.184.95.166-9618+[2001-1458-201-e4--100-7a0]-9618&alias=tbird02.cern.ch&noUDP&sock=schedd_2138722_faad_3>
...
040 (335100.034.000) 05/14 18:01:08 Started transferring input files
	Transferring to host: <188.184.186.20:9618?addrs=188.184.186.20-9618+[2001-1458-301-f8--100-1a]-9618&noUDP&sock=4145_4702_128579>
...
040 (335100.034.000) 05/14 18:01:08 Finished transferring input files
...
001 (335100.034.000) 05/14 18:01:09 Job executing on host: <188.184.186.20:9618?addrs=188.184.186.20-9618+[2001-1458-301-f8--100-1a]-9618&noUDP&sock=2344_5e15_3>
...
006 (335100.034.000) 05/14 18:01:17 Image size of job updated: 190380
	110  -  MemoryUsage of job (MB)
	111944  -  ResidentSetSize of job (KB)
...
040 (335100.034.000) 05/14 18:03:06 Started transferring output files
...
040 (335100.034.000) 05/14 18:03:06 Finished transferring output files
...
005 (335100.034.000) 05/14 18:03:06 Job terminated.
	(1) Normal termination (return value 1)
		Usr 0 00:01:36, Sys 0 00:00:09  -  Run Remote Usage
		Usr 0 00:00:00, Sys 0 00:00:00  -  Run Local Usage
		Usr 0 00:01:36, Sys 0 00:00:09  -  Total Remote Usage
		Usr 0 00:00:00, Sys 0 00:00:00  -  Total Local Usage
	4989  -  Run Bytes Sent By Job
	10917  -  Run Bytes Received By Job
	4989  -  Total Bytes Sent By Job
	10917  -  Total Bytes Received By Job
	Partitionable Resources :    Usage  Request Allocated 
	   Cpus                 :                 1           
	   Disk (KB)            :       67        1   2127754 
	   Memory (MB)          :      110     2000      2000 
...
