000 (335102.032.000) 05/14 18:00:11 Job submitted from host: <188.184.95.166:9618?addrs=188.184.95.166-9618+[2001-1458-201-e4--100-7a0]-9618&alias=tbird02.cern.ch&noUDP&sock=schedd_2138722_faad_3>
...
040 (335102.032.000) 05/14 18:01:31 Started transferring input files
	Transferring to host: <128.142.240.42:9618?addrs=128.142.240.42-9618+[2001-1458-301-f9--100-12]-9618&noUDP&sock=4165_5e82_128848>
...
040 (335102.032.000) 05/14 18:01:31 Finished transferring input files
...
001 (335102.032.000) 05/14 18:01:32 Job executing on host: <128.142.240.42:9618?addrs=128.142.240.42-9618+[2001-1458-301-f9--100-12]-9618&noUDP&sock=2326_0560_3>
...
006 (335102.032.000) 05/14 18:01:41 Image size of job updated: 233292
	152  -  MemoryUsage of job (MB)
	154780  -  ResidentSetSize of job (KB)
...
006 (335102.032.000) 05/14 18:04:31 Image size of job updated: 233292
	152  -  MemoryUsage of job (MB)
	154932  -  ResidentSetSize of job (KB)
...
040 (335102.032.000) 05/14 18:04:31 Started transferring output files
...
040 (335102.032.000) 05/14 18:04:31 Finished transferring output files
...
005 (335102.032.000) 05/14 18:04:31 Job terminated.
	(1) Normal termination (return value 1)
		Usr 0 00:02:34, Sys 0 00:00:16  -  Run Remote Usage
		Usr 0 00:00:00, Sys 0 00:00:00  -  Run Local Usage
		Usr 0 00:02:34, Sys 0 00:00:16  -  Total Remote Usage
		Usr 0 00:00:00, Sys 0 00:00:00  -  Total Local Usage
	5761  -  Run Bytes Sent By Job
	10917  -  Run Bytes Received By Job
	5761  -  Total Bytes Sent By Job
	10917  -  Total Bytes Received By Job
	Partitionable Resources :    Usage  Request Allocated 
	   Cpus                 :                 1           
	   Disk (KB)            :       68        1   2170444 
	   Memory (MB)          :      152     2000      2000 
...
