000 (335108.010.000) 05/14 18:00:16 Job submitted from host: <188.184.95.166:9618?addrs=188.184.95.166-9618+[2001-1458-201-e4--100-7a0]-9618&alias=tbird02.cern.ch&noUDP&sock=schedd_2138722_faad_3>
...
022 (335108.010.000) 05/14 18:05:51 Job disconnected, attempting to reconnect
    Socket between submit and execute hosts closed unexpectedly
    Trying to reconnect to slot1_3@b7g28n0095.cern.ch <188.184.186.30:9618?addrs=188.184.186.30-9618+[2001-1458-301-f8--100-2b]-9618&noUDP&sock=2326_0560_3>
...
024 (335108.010.000) 05/14 18:05:51 Job reconnection failed
    Job not found at execution machine
    Can not reconnect to slot1_3@b7g28n0095.cern.ch, rescheduling job
...
022 (335108.010.000) 05/14 18:06:31 Job disconnected, attempting to reconnect
    Socket between submit and execute hosts closed unexpectedly
    Trying to reconnect to slot1_3@b7g28n0314.cern.ch <188.184.132.28:9618?addrs=188.184.132.28-9618+[2001-1458-301-a0--100-d]-9618&noUDP&sock=2282_d735_3>
...
024 (335108.010.000) 05/14 18:06:31 Job reconnection failed
    Job not found at execution machine
    Can not reconnect to slot1_3@b7g28n0314.cern.ch, rescheduling job
...
022 (335108.010.000) 05/14 18:07:14 Job disconnected, attempting to reconnect
    Socket between submit and execute hosts closed unexpectedly
    Trying to reconnect to slot1_2@b7g28n0314.cern.ch <188.184.132.28:9618?addrs=188.184.132.28-9618+[2001-1458-301-a0--100-d]-9618&noUDP&sock=2282_d735_3>
...
024 (335108.010.000) 05/14 18:07:14 Job reconnection failed
    Job not found at execution machine
    Can not reconnect to slot1_2@b7g28n0314.cern.ch, rescheduling job
...
022 (335108.010.000) 05/14 18:08:03 Job disconnected, attempting to reconnect
    Socket between submit and execute hosts closed unexpectedly
    Trying to reconnect to slot1_2@b7g27n2778.cern.ch <188.184.207.252:9618?addrs=188.184.207.252-9618+[2001-1458-301-7d--100-540]-9618&noUDP&sock=2259_1088_3>
...
024 (335108.010.000) 05/14 18:08:03 Job reconnection failed
    Job not found at execution machine
    Can not reconnect to slot1_2@b7g27n2778.cern.ch, rescheduling job
...
022 (335108.010.000) 05/14 18:08:46 Job disconnected, attempting to reconnect
    Socket between submit and execute hosts closed unexpectedly
    Trying to reconnect to slot1_3@b7g28n0823.cern.ch <128.142.240.56:9618?addrs=128.142.240.56-9618+[2001-1458-301-f9--100-3e]-9618&noUDP&sock=2356_9938_3>
...
024 (335108.010.000) 05/14 18:08:47 Job reconnection failed
    Job not found at execution machine
    Can not reconnect to slot1_3@b7g28n0823.cern.ch, rescheduling job
...
022 (335108.010.000) 05/14 18:09:20 Job disconnected, attempting to reconnect
    Socket between submit and execute hosts closed unexpectedly
    Trying to reconnect to slot1_3@b7g28n0095.cern.ch <188.184.186.30:9618?addrs=188.184.186.30-9618+[2001-1458-301-f8--100-2b]-9618&noUDP&sock=2326_0560_3>
...
024 (335108.010.000) 05/14 18:09:20 Job reconnection failed
    Job not found at execution machine
    Can not reconnect to slot1_3@b7g28n0095.cern.ch, rescheduling job
...
022 (335108.010.000) 05/14 18:10:01 Job disconnected, attempting to reconnect
    Socket between submit and execute hosts closed unexpectedly
    Trying to reconnect to slot1_3@b7g28n0095.cern.ch <188.184.186.30:9618?addrs=188.184.186.30-9618+[2001-1458-301-f8--100-2b]-9618&noUDP&sock=2326_0560_3>
...
024 (335108.010.000) 05/14 18:10:01 Job reconnection failed
    Job not found at execution machine
    Can not reconnect to slot1_3@b7g28n0095.cern.ch, rescheduling job
...
022 (335108.010.000) 05/14 18:11:28 Job disconnected, attempting to reconnect
    Socket between submit and execute hosts closed unexpectedly
    Trying to reconnect to slot1_3@b7g28n0428.cern.ch <188.184.132.6:9618?addrs=188.184.132.6-9618+[2001-1458-301-a0--100-2]-9618&noUDP&sock=2335_31ba_3>
...
024 (335108.010.000) 05/14 18:11:28 Job reconnection failed
    Job not found at execution machine
    Can not reconnect to slot1_3@b7g28n0428.cern.ch, rescheduling job
...
040 (335108.010.000) 05/14 18:12:11 Started transferring input files
	Transferring to host: <188.184.133.235:9618?addrs=188.184.133.235-9618+[2001-1458-301-a0--100-23a]-9618&noUDP&sock=12937_0967_105011>
...
040 (335108.010.000) 05/14 18:12:11 Finished transferring input files
...
001 (335108.010.000) 05/14 18:12:12 Job executing on host: <188.184.133.235:9618?addrs=188.184.133.235-9618+[2001-1458-301-a0--100-23a]-9618&noUDP&sock=12730_4cb5_3>
...
006 (335108.010.000) 05/14 18:12:21 Image size of job updated: 207468
	127  -  MemoryUsage of job (MB)
	129856  -  ResidentSetSize of job (KB)
...
006 (335108.010.000) 05/14 18:17:22 Image size of job updated: 429036
	336  -  MemoryUsage of job (MB)
	343148  -  ResidentSetSize of job (KB)
...
006 (335108.010.000) 05/14 18:22:22 Image size of job updated: 727676
	627  -  MemoryUsage of job (MB)
	641732  -  ResidentSetSize of job (KB)
...
006 (335108.010.000) 05/14 18:27:22 Image size of job updated: 858172
	755  -  MemoryUsage of job (MB)
	772228  -  ResidentSetSize of job (KB)
...
006 (335108.010.000) 05/14 18:32:23 Image size of job updated: 862260
	759  -  MemoryUsage of job (MB)
	776316  -  ResidentSetSize of job (KB)
...
040 (335108.010.000) 05/14 18:36:38 Started transferring output files
...
040 (335108.010.000) 05/14 18:36:38 Finished transferring output files
...
005 (335108.010.000) 05/14 18:36:38 Job terminated.
	(1) Normal termination (return value 1)
		Usr 0 00:21:30, Sys 0 00:01:55  -  Run Remote Usage
		Usr 0 00:00:00, Sys 0 00:00:00  -  Run Local Usage
		Usr 0 00:21:30, Sys 0 00:01:55  -  Total Remote Usage
		Usr 0 00:00:00, Sys 0 00:00:00  -  Total Local Usage
	8534  -  Run Bytes Sent By Job
	10917  -  Run Bytes Received By Job
	8534  -  Total Bytes Sent By Job
	10917  -  Total Bytes Received By Job
	Partitionable Resources :    Usage  Request Allocated 
	   Cpus                 :                 1           
	   Disk (KB)            :       71        1   2177022 
	   Memory (MB)          :      759     2000      2000 
...
