000 (335102.016.000) 05/14 18:00:11 Job submitted from host: <188.184.95.166:9618?addrs=188.184.95.166-9618+[2001-1458-201-e4--100-7a0]-9618&alias=tbird02.cern.ch&noUDP&sock=schedd_2138722_faad_3>
...
040 (335102.016.000) 05/14 18:01:25 Started transferring input files
	Transferring to host: <128.142.224.182:9618?addrs=128.142.224.182-9618+[2001-1458-301-84--100-117]-9618&noUDP&sock=3806_6bd4_115551>
...
040 (335102.016.000) 05/14 18:01:25 Finished transferring input files
...
001 (335102.016.000) 05/14 18:01:26 Job executing on host: <128.142.224.182:9618?addrs=128.142.224.182-9618+[2001-1458-301-84--100-117]-9618&noUDP&sock=2333_d28a_3>
...
006 (335102.016.000) 05/14 18:01:34 Image size of job updated: 291488
	205  -  MemoryUsage of job (MB)
	209576  -  ResidentSetSize of job (KB)
...
006 (335102.016.000) 05/14 18:06:34 Image size of job updated: 629664
	611  -  MemoryUsage of job (MB)
	625508  -  ResidentSetSize of job (KB)
...
006 (335102.016.000) 05/14 18:11:35 Image size of job updated: 785812
	764  -  MemoryUsage of job (MB)
	781656  -  ResidentSetSize of job (KB)
...
040 (335102.016.000) 05/14 18:14:34 Started transferring output files
...
040 (335102.016.000) 05/14 18:14:34 Finished transferring output files
...
005 (335102.016.000) 05/14 18:14:34 Job terminated.
	(1) Normal termination (return value 1)
		Usr 0 00:11:51, Sys 0 00:01:08  -  Run Remote Usage
		Usr 0 00:00:00, Sys 0 00:00:00  -  Run Local Usage
		Usr 0 00:11:51, Sys 0 00:01:08  -  Total Remote Usage
		Usr 0 00:00:00, Sys 0 00:00:00  -  Total Local Usage
	8534  -  Run Bytes Sent By Job
	10917  -  Run Bytes Received By Job
	8534  -  Total Bytes Sent By Job
	10917  -  Total Bytes Received By Job
	Partitionable Resources :    Usage  Request Allocated 
	   Cpus                 :                 1           
	   Disk (KB)            :       71        1   2126045 
	   Memory (MB)          :      764     2000      2000 
...
