000 (335104.022.000) 05/14 18:00:12 Job submitted from host: <188.184.95.166:9618?addrs=188.184.95.166-9618+[2001-1458-201-e4--100-7a0]-9618&alias=tbird02.cern.ch&noUDP&sock=schedd_2138722_faad_3>
...
040 (335104.022.000) 05/14 18:01:50 Started transferring input files
	Transferring to host: <188.184.186.42:9618?addrs=188.184.186.42-9618+[2001-1458-301-f8--100-15]-9618&noUDP&sock=4249_8e06_128541>
...
040 (335104.022.000) 05/14 18:01:50 Finished transferring input files
...
001 (335104.022.000) 05/14 18:01:52 Job executing on host: <188.184.186.42:9618?addrs=188.184.186.42-9618+[2001-1458-301-f8--100-15]-9618&noUDP&sock=2327_b4f9_3>
...
006 (335104.022.000) 05/14 18:02:00 Image size of job updated: 266952
	187  -  MemoryUsage of job (MB)
	190944  -  ResidentSetSize of job (KB)
...
006 (335104.022.000) 05/14 18:07:00 Image size of job updated: 412124
	322  -  MemoryUsage of job (MB)
	329724  -  ResidentSetSize of job (KB)
...
006 (335104.022.000) 05/14 18:12:00 Image size of job updated: 731688
	635  -  MemoryUsage of job (MB)
	649236  -  ResidentSetSize of job (KB)
...
006 (335104.022.000) 05/14 18:17:01 Image size of job updated: 860384
	760  -  MemoryUsage of job (MB)
	777932  -  ResidentSetSize of job (KB)
...
006 (335104.022.000) 05/14 18:22:01 Image size of job updated: 864384
	764  -  MemoryUsage of job (MB)
	781932  -  ResidentSetSize of job (KB)
...
040 (335104.022.000) 05/14 18:26:11 Started transferring output files
...
040 (335104.022.000) 05/14 18:26:12 Finished transferring output files
...
005 (335104.022.000) 05/14 18:26:12 Job terminated.
	(1) Normal termination (return value 1)
		Usr 0 00:21:26, Sys 0 00:01:49  -  Run Remote Usage
		Usr 0 00:00:00, Sys 0 00:00:00  -  Run Local Usage
		Usr 0 00:21:26, Sys 0 00:01:49  -  Total Remote Usage
		Usr 0 00:00:00, Sys 0 00:00:00  -  Total Local Usage
	8533  -  Run Bytes Sent By Job
	10917  -  Run Bytes Received By Job
	8533  -  Total Bytes Sent By Job
	10917  -  Total Bytes Received By Job
	Partitionable Resources :    Usage  Request Allocated 
	   Cpus                 :                 1           
	   Disk (KB)            :       71        1   2132667 
	   Memory (MB)          :      764     2000      2000 
...
