000 (335107.016.000) 05/14 18:00:15 Job submitted from host: <188.184.95.166:9618?addrs=188.184.95.166-9618+[2001-1458-201-e4--100-7a0]-9618&alias=tbird02.cern.ch&noUDP&sock=schedd_2138722_faad_3>
...
022 (335107.016.000) 05/14 18:03:05 Job disconnected, attempting to reconnect
    Socket between submit and execute hosts closed unexpectedly
    Trying to reconnect to slot1_3@b7g28n0428.cern.ch <188.184.132.6:9618?addrs=188.184.132.6-9618+[2001-1458-301-a0--100-2]-9618&noUDP&sock=2335_31ba_3>
...
024 (335107.016.000) 05/14 18:03:05 Job reconnection failed
    Job not found at execution machine
    Can not reconnect to slot1_3@b7g28n0428.cern.ch, rescheduling job
...
022 (335107.016.000) 05/14 18:03:46 Job disconnected, attempting to reconnect
    Socket between submit and execute hosts closed unexpectedly
    Trying to reconnect to slot1_2@b7g28n0843.cern.ch <188.184.186.13:9618?addrs=188.184.186.13-9618+[2001-1458-301-f8--100-16]-9618&noUDP&sock=2335_31ba_3>
...
024 (335107.016.000) 05/14 18:03:46 Job reconnection failed
    Job not found at execution machine
    Can not reconnect to slot1_2@b7g28n0843.cern.ch, rescheduling job
...
040 (335107.016.000) 05/14 18:04:27 Started transferring input files
	Transferring to host: <137.138.51.190:9618?addrs=137.138.51.190-9618+[--1]-9618&noUDP&sock=2645_6445_3633>
...
040 (335107.016.000) 05/14 18:04:28 Finished transferring input files
...
001 (335107.016.000) 05/14 18:04:28 Job executing on host: <137.138.51.190:9618?addrs=137.138.51.190-9618+[--1]-9618&noUDP&sock=1466_21ee_3>
...
006 (335107.016.000) 05/14 18:04:37 Image size of job updated: 108168
	62  -  MemoryUsage of job (MB)
	63044  -  ResidentSetSize of job (KB)
...
006 (335107.016.000) 05/14 18:09:37 Image size of job updated: 430876
	340  -  MemoryUsage of job (MB)
	348032  -  ResidentSetSize of job (KB)
...
006 (335107.016.000) 05/14 18:14:37 Image size of job updated: 733068
	635  -  MemoryUsage of job (MB)
	650224  -  ResidentSetSize of job (KB)
...
006 (335107.016.000) 05/14 18:19:38 Image size of job updated: 862632
	762  -  MemoryUsage of job (MB)
	779788  -  ResidentSetSize of job (KB)
...
006 (335107.016.000) 05/14 18:24:38 Image size of job updated: 866168
	765  -  MemoryUsage of job (MB)
	783324  -  ResidentSetSize of job (KB)
...
040 (335107.016.000) 05/14 18:29:08 Started transferring output files
...
040 (335107.016.000) 05/14 18:29:08 Finished transferring output files
...
005 (335107.016.000) 05/14 18:29:08 Job terminated.
	(1) Normal termination (return value 1)
		Usr 0 00:20:59, Sys 0 00:02:00  -  Run Remote Usage
		Usr 0 00:00:00, Sys 0 00:00:00  -  Run Local Usage
		Usr 0 00:20:59, Sys 0 00:02:00  -  Total Remote Usage
		Usr 0 00:00:00, Sys 0 00:00:00  -  Total Local Usage
	13876  -  Run Bytes Sent By Job
	10917  -  Run Bytes Received By Job
	13876  -  Total Bytes Sent By Job
	10917  -  Total Bytes Received By Job
	Partitionable Resources :    Usage  Request Allocated 
	   Cpus                 :                 1           
	   Disk (KB)            :       73        1   2196037 
	   Memory (MB)          :      765     2000      2000 
...
