000 (335101.024.000) 05/14 18:00:10 Job submitted from host: <188.184.95.166:9618?addrs=188.184.95.166-9618+[2001-1458-201-e4--100-7a0]-9618&alias=tbird02.cern.ch&noUDP&sock=schedd_2138722_faad_3>
...
040 (335101.024.000) 05/14 18:01:17 Started transferring input files
	Transferring to host: <188.184.132.51:9618?addrs=188.184.132.51-9618+[2001-1458-301-a0--100-1f]-9618&noUDP&sock=4125_2f81_127859>
...
040 (335101.024.000) 05/14 18:01:17 Finished transferring input files
...
001 (335101.024.000) 05/14 18:01:18 Job executing on host: <188.184.132.51:9618?addrs=188.184.132.51-9618+[2001-1458-301-a0--100-1f]-9618&noUDP&sock=2320_e7cf_3>
...
006 (335101.024.000) 05/14 18:01:26 Image size of job updated: 127076
	73  -  MemoryUsage of job (MB)
	74724  -  ResidentSetSize of job (KB)
...
006 (335101.024.000) 05/14 18:06:26 Image size of job updated: 350140
	338  -  MemoryUsage of job (MB)
	345940  -  ResidentSetSize of job (KB)
...
006 (335101.024.000) 05/14 18:11:27 Image size of job updated: 652380
	633  -  MemoryUsage of job (MB)
	648172  -  ResidentSetSize of job (KB)
...
006 (335101.024.000) 05/14 18:16:28 Image size of job updated: 782144
	760  -  MemoryUsage of job (MB)
	777936  -  ResidentSetSize of job (KB)
...
006 (335101.024.000) 05/14 18:21:28 Image size of job updated: 786420
	764  -  MemoryUsage of job (MB)
	782212  -  ResidentSetSize of job (KB)
...
040 (335101.024.000) 05/14 18:26:53 Started transferring output files
...
040 (335101.024.000) 05/14 18:26:53 Finished transferring output files
...
005 (335101.024.000) 05/14 18:26:53 Job terminated.
	(1) Normal termination (return value 1)
		Usr 0 00:22:53, Sys 0 00:01:47  -  Run Remote Usage
		Usr 0 00:00:00, Sys 0 00:00:00  -  Run Local Usage
		Usr 0 00:22:53, Sys 0 00:01:47  -  Total Remote Usage
		Usr 0 00:00:00, Sys 0 00:00:00  -  Total Local Usage
	11581  -  Run Bytes Sent By Job
	10917  -  Run Bytes Received By Job
	11581  -  Total Bytes Sent By Job
	10917  -  Total Bytes Received By Job
	Partitionable Resources :    Usage  Request Allocated 
	   Cpus                 :                 1           
	   Disk (KB)            :       71        1   2130236 
	   Memory (MB)          :      764     2000      2000 
...
