   WJetsToLNu_94X_part1   MC  29 chunks


I have 1 taks to process
I'm using the following list of modules DEFAULT_MODULES
this is jobs [('WJetsToLNu_94X_part1', 'MY_EOS_SPACE/heppyNtuples/TREES_W_94X/WJetsToLNu_94X_part1/treeProducerWMass/tree.root', 3681722264630.7085, '_Friend_WJetsToLNu_94X_part1.chunk22', False, xrange(5500000, 5750000), 22)]
Modules to run:  []   name =  puWeight
Loading puWeight from CMGTools.WMass.postprocessing.examples.puWeightProducer 
Running on dataset =  WJetsToLNu_94X_part1
TFile: name=/afs/cern.ch/work/m/mciprian/w_mass_analysis/heppy/rel_slc7/CMSSW_9_4_12/src/CMGTools/WMass/python/postprocessing/data/pileup/mcPU_2016_W94XnoCutsWithGenWeights_nTrueInt.root, title=, option=READ
TFile: name=/afs/cern.ch/work/m/mciprian/w_mass_analysis/heppy/rel_slc7/CMSSW_9_4_12/src/CMGTools/WMass/python/postprocessing/data/pileup/PileupData_GoldenMuonJSON_Full2016.root, title=, option=READ
Load C++ Worker
Modules to run:  []   name =  muCalibratedWithStatVar
Loading muCalibratedWithStatVar from CMGTools.WMass.postprocessing.examples.lepVarProducer 
Running on dataset =  WJetsToLNu_94X_part1
did not find EnergyScaleCorrection shared object, rebuilding
trying to load all the rochester correction libraries
did not find legacy data roccor. rebuilding...
done building legacy data roccor.
Modules to run:  []   name =  jetAllReCleaner
Loading jetAllReCleaner from CMGTools.WMass.postprocessing.examples.jetReCleaner 
Running on dataset =  WJetsToLNu_94X_part1
Load C++ Worker
Modules to run:  []   name =  jetReCleaner
Loading jetReCleaner from CMGTools.WMass.postprocessing.examples.jetReCleaner 
Running on dataset =  WJetsToLNu_94X_part1
Load C++ Worker
Modules to run:  []   name =  genQEDJets
Loading genQEDJets from CMGTools.WMass.postprocessing.examples.genFriendProducer 
Running on dataset =  WJetsToLNu_94X_part1
Will write selected trees to MY_EOS_SPACE/heppyNtuples/TREES_W_94X/friends/
Normalization of nTrueInt_Wnopt: 3.68902e+10
Normalization of pileup: 3.68902e+10
Weights for variable nTrueInt_Wnopt with a number of bins equal to 102:
1 0.3634 0.9215 1.196 0.96 1.118 1.157 0.9675 0.9293 0.9192 0.8823 0.9553 1.062 1.116 1.167 1.194 1.2 1.193 1.177 1.14 1.092 1.06 1.047 1.046 1.047 1.048 1.06 1.077 1.092 1.106 1.122 1.108 1.097 1.051 0.992 0.9144 0.8237 0.7175 0.6087 0.5019 0.4029 0.3076 0.2264 0.1622 0.1123 0.07656 0.05052 0.03159 0.01992 0.01212 0.007355 0.004361 0.002593 0.001553 0.0009624 0.0007219 0.0006632 0.0007233 0.0009289 0.001329 0.001772 0.003222 0.004042 0.00487 0.005064 0.005658 0.005309 0.004846 0.004101 0.003977 0.003686 0.003306 0.002672 0.002286 0.001878 0.00167 1 1 1 1 1 1 1 1 1 1 1 1 1 1 1 1 1 1 1 1 1 1 1 1 1 1 .
Final weights: 
1 0.3634 0.9215 1.196 0.96 1.118 1.157 0.9675 0.9293 0.9192 0.8823 0.9553 1.062 1.116 1.167 1.194 1.2 1.193 1.177 1.14 1.092 1.06 1.047 1.046 1.047 1.048 1.06 1.077 1.092 1.106 1.122 1.108 1.097 1.051 0.992 0.9144 0.8237 0.7175 0.6087 0.5019 0.4029 0.3076 0.2264 0.1622 0.1123 0.07656 0.05052 0.03159 0.01992 0.01212 0.007355 0.004361 0.002593 0.001553 0.0009624 0.0007219 0.0006632 0.0007233 0.0009289 0.001329 0.001772 0.003222 0.004042 0.00487 0.005064 0.005658 0.005309 0.004846 0.004101 0.003977 0.003686 0.003306 0.002672 0.002286 0.001878 0.00167 1 1 1 1 1 1 1 1 1 1 1 1 1 1 1 1 1 1 1 1 1 1 1 1 1 1 .
begin job of lepCalProducer
initializing all the rochester correction objects
initializing the egamma calibrator
Processed  5500000/ 7087886 entries (elapsed time     0.4s, curr speed   22.727 kHz, avg speed 12500.000 kHz), accepted        1/       1 events (100.00%)
Processed  5510000/ 7087886 entries (elapsed time    26.8s, curr speed    0.379 kHz, avg speed  205.597 kHz), accepted    10001/   10001 events (100.00%)
Processed  5520000/ 7087886 entries (elapsed time    54.5s, curr speed    0.361 kHz, avg speed  101.303 kHz), accepted    20001/   20001 events (100.00%)
Processed  5530000/ 7087886 entries (elapsed time    81.6s, curr speed    0.369 kHz, avg speed   67.770 kHz), accepted    30001/   30001 events (100.00%)
Processed  5540000/ 7087886 entries (elapsed time   110.0s, curr speed    0.352 kHz, avg speed   50.359 kHz), accepted    40001/   40001 events (100.00%)
Processed  5550000/ 7087886 entries (elapsed time   136.6s, curr speed    0.377 kHz, avg speed   40.641 kHz), accepted    50001/   50001 events (100.00%)
Processed  5560000/ 7087886 entries (elapsed time   164.6s, curr speed    0.357 kHz, avg speed   33.777 kHz), accepted    60001/   60001 events (100.00%)
Processed  5570000/ 7087886 entries (elapsed time   188.9s, curr speed    0.412 kHz, avg speed   29.490 kHz), accepted    70001/   70001 events (100.00%)
Processed  5580000/ 7087886 entries (elapsed time   212.8s, curr speed    0.418 kHz, avg speed   26.218 kHz), accepted    80001/   80001 events (100.00%)
Processed  5590000/ 7087886 entries (elapsed time   236.8s, curr speed    0.417 kHz, avg speed   23.605 kHz), accepted    90001/   90001 events (100.00%)
Processed  5600000/ 7087886 entries (elapsed time   260.2s, curr speed    0.427 kHz, avg speed   21.521 kHz), accepted   100001/  100001 events (100.00%)
Processed  5610000/ 7087886 entries (elapsed time   283.7s, curr speed    0.426 kHz, avg speed   19.774 kHz), accepted   110001/  110001 events (100.00%)
Processed  5620000/ 7087886 entries (elapsed time   329.6s, curr speed    0.218 kHz, avg speed   17.053 kHz), accepted   120001/  120001 events (100.00%)
Processed  5630000/ 7087886 entries (elapsed time   353.4s, curr speed    0.420 kHz, avg speed   15.932 kHz), accepted   130001/  130001 events (100.00%)
Processed  5640000/ 7087886 entries (elapsed time   377.2s, curr speed    0.419 kHz, avg speed   14.951 kHz), accepted   140001/  140001 events (100.00%)
Processed  5650000/ 7087886 entries (elapsed time   401.1s, curr speed    0.419 kHz, avg speed   14.086 kHz), accepted   150001/  150001 events (100.00%)
Processed  5660000/ 7087886 entries (elapsed time   424.8s, curr speed    0.422 kHz, avg speed   13.324 kHz), accepted   160001/  160001 events (100.00%)
Processed  5670000/ 7087886 entries (elapsed time   448.8s, curr speed    0.417 kHz, avg speed   12.635 kHz), accepted   170001/  170001 events (100.00%)
Processed  5680000/ 7087886 entries (elapsed time   495.3s, curr speed    0.215 kHz, avg speed   11.468 kHz), accepted   180001/  180001 events (100.00%)
Processed  5690000/ 7087886 entries (elapsed time   519.0s, curr speed    0.422 kHz, avg speed   10.963 kHz), accepted   190001/  190001 events (100.00%)
Processed  5700000/ 7087886 entries (elapsed time   543.0s, curr speed    0.417 kHz, avg speed   10.497 kHz), accepted   200001/  200001 events (100.00%)
Processed  5710000/ 7087886 entries (elapsed time   567.1s, curr speed    0.414 kHz, avg speed   10.068 kHz), accepted   210001/  210001 events (100.00%)
Processed  5720000/ 7087886 entries (elapsed time   591.0s, curr speed    0.419 kHz, avg speed    9.679 kHz), accepted   220001/  220001 events (100.00%)
Processed  5730000/ 7087886 entries (elapsed time   615.1s, curr speed    0.415 kHz, avg speed    9.316 kHz), accepted   230001/  230001 events (100.00%)
Processed  5740000/ 7087886 entries (elapsed time   663.1s, curr speed    0.209 kHz, avg speed    8.657 kHz), accepted   240001/  240001 events (100.00%)
Processed 250000 entries from MY_EOS_SPACE/heppyNtuples/TREES_W_94X/WJetsToLNu_94X_part1/treeProducerWMass/tree.root, selected 250000 entries
Done MY_EOS_SPACE/heppyNtuples/TREES_W_94X/friends/tree_Friend_WJetsToLNu_94X_part1.chunk22.root
