   WJetsToLNu_94X_ext_part3   MC  33 chunks


I have 1 taks to process
I'm using the following list of modules DEFAULT_MODULES
this is jobs [('WJetsToLNu_94X_ext_part3', 'MY_EOS_SPACE/heppyNtuples/TREES_W_94X/WJetsToLNu_94X_ext_part3/treeProducerWMass/tree.root', 4187124115364.9253, '_Friend_WJetsToLNu_94X_ext_part3.chunk10', False, xrange(2500000, 2750000), 10)]
Modules to run:  []   name =  puWeight
Loading puWeight from CMGTools.WMass.postprocessing.examples.puWeightProducer 
Running on dataset =  WJetsToLNu_94X_ext_part3
TFile: name=/afs/cern.ch/work/m/mciprian/w_mass_analysis/heppy/rel_slc7/CMSSW_9_4_12/src/CMGTools/WMass/python/postprocessing/data/pileup/mcPU_2016_W94XnoCutsWithGenWeights_nTrueInt.root, title=, option=READ
TFile: name=/afs/cern.ch/work/m/mciprian/w_mass_analysis/heppy/rel_slc7/CMSSW_9_4_12/src/CMGTools/WMass/python/postprocessing/data/pileup/PileupData_GoldenMuonJSON_Full2016.root, title=, option=READ
Load C++ Worker
Modules to run:  []   name =  muCalibratedWithStatVar
Loading muCalibratedWithStatVar from CMGTools.WMass.postprocessing.examples.lepVarProducer 
Running on dataset =  WJetsToLNu_94X_ext_part3
did not find EnergyScaleCorrection shared object, rebuilding
trying to load all the rochester correction libraries
did not find legacy data roccor. rebuilding...
done building legacy data roccor.
Modules to run:  []   name =  jetAllReCleaner
Loading jetAllReCleaner from CMGTools.WMass.postprocessing.examples.jetReCleaner 
Running on dataset =  WJetsToLNu_94X_ext_part3
Load C++ Worker
Modules to run:  []   name =  jetReCleaner
Loading jetReCleaner from CMGTools.WMass.postprocessing.examples.jetReCleaner 
Running on dataset =  WJetsToLNu_94X_ext_part3
Load C++ Worker
Modules to run:  []   name =  genQEDJets
Loading genQEDJets from CMGTools.WMass.postprocessing.examples.genFriendProducer 
Running on dataset =  WJetsToLNu_94X_ext_part3
Will write selected trees to MY_EOS_SPACE/heppyNtuples/TREES_W_94X/friends/
Normalization of nTrueInt_Wnopt: 3.68902e+10
Normalization of pileup: 3.68902e+10
Weights for variable nTrueInt_Wnopt with a number of bins equal to 102:
1 0.3634 0.9215 1.196 0.96 1.118 1.157 0.9675 0.9293 0.9192 0.8823 0.9553 1.062 1.116 1.167 1.194 1.2 1.193 1.177 1.14 1.092 1.06 1.047 1.046 1.047 1.048 1.06 1.077 1.092 1.106 1.122 1.108 1.097 1.051 0.992 0.9144 0.8237 0.7175 0.6087 0.5019 0.4029 0.3076 0.2264 0.1622 0.1123 0.07656 0.05052 0.03159 0.01992 0.01212 0.007355 0.004361 0.002593 0.001553 0.0009624 0.0007219 0.0006632 0.0007233 0.0009289 0.001329 0.001772 0.003222 0.004042 0.00487 0.005064 0.005658 0.005309 0.004846 0.004101 0.003977 0.003686 0.003306 0.002672 0.002286 0.001878 0.00167 1 1 1 1 1 1 1 1 1 1 1 1 1 1 1 1 1 1 1 1 1 1 1 1 1 1 .
Final weights: 
1 0.3634 0.9215 1.196 0.96 1.118 1.157 0.9675 0.9293 0.9192 0.8823 0.9553 1.062 1.116 1.167 1.194 1.2 1.193 1.177 1.14 1.092 1.06 1.047 1.046 1.047 1.048 1.06 1.077 1.092 1.106 1.122 1.108 1.097 1.051 0.992 0.9144 0.8237 0.7175 0.6087 0.5019 0.4029 0.3076 0.2264 0.1622 0.1123 0.07656 0.05052 0.03159 0.01992 0.01212 0.007355 0.004361 0.002593 0.001553 0.0009624 0.0007219 0.0006632 0.0007233 0.0009289 0.001329 0.001772 0.003222 0.004042 0.00487 0.005064 0.005658 0.005309 0.004846 0.004101 0.003977 0.003686 0.003306 0.002672 0.002286 0.001878 0.00167 1 1 1 1 1 1 1 1 1 1 1 1 1 1 1 1 1 1 1 1 1 1 1 1 1 1 .
begin job of lepCalProducer
initializing all the rochester correction objects
initializing the egamma calibrator
Processed  2500000/ 8060367 entries (elapsed time     0.7s, curr speed   13.699 kHz, avg speed 3424.658 kHz), accepted        1/       1 events (100.00%)
Processed  2510000/ 8060367 entries (elapsed time    51.3s, curr speed    0.198 kHz, avg speed   48.937 kHz), accepted    10001/   10001 events (100.00%)
Processed  2520000/ 8060367 entries (elapsed time   104.9s, curr speed    0.186 kHz, avg speed   24.016 kHz), accepted    20001/   20001 events (100.00%)
Processed  2530000/ 8060367 entries (elapsed time   159.3s, curr speed    0.184 kHz, avg speed   15.886 kHz), accepted    30001/   30001 events (100.00%)
Processed  2540000/ 8060367 entries (elapsed time   214.1s, curr speed    0.182 kHz, avg speed   11.864 kHz), accepted    40001/   40001 events (100.00%)
Processed  2550000/ 8060367 entries (elapsed time   264.8s, curr speed    0.197 kHz, avg speed    9.631 kHz), accepted    50001/   50001 events (100.00%)
Processed  2560000/ 8060367 entries (elapsed time   319.4s, curr speed    0.183 kHz, avg speed    8.014 kHz), accepted    60001/   60001 events (100.00%)
Processed  2570000/ 8060367 entries (elapsed time   366.6s, curr speed    0.212 kHz, avg speed    7.010 kHz), accepted    70001/   70001 events (100.00%)
Processed  2580000/ 8060367 entries (elapsed time   412.0s, curr speed    0.220 kHz, avg speed    6.262 kHz), accepted    80001/   80001 events (100.00%)
Processed  2590000/ 8060367 entries (elapsed time   458.6s, curr speed    0.215 kHz, avg speed    5.648 kHz), accepted    90001/   90001 events (100.00%)
Processed  2600000/ 8060367 entries (elapsed time   503.7s, curr speed    0.221 kHz, avg speed    5.161 kHz), accepted   100001/  100001 events (100.00%)
Processed  2610000/ 8060367 entries (elapsed time   551.6s, curr speed    0.209 kHz, avg speed    4.732 kHz), accepted   110001/  110001 events (100.00%)
Processed  2620000/ 8060367 entries (elapsed time   643.5s, curr speed    0.109 kHz, avg speed    4.072 kHz), accepted   120001/  120001 events (100.00%)
Processed  2630000/ 8060367 entries (elapsed time   691.0s, curr speed    0.210 kHz, avg speed    3.806 kHz), accepted   130001/  130001 events (100.00%)
Processed  2640000/ 8060367 entries (elapsed time   738.8s, curr speed    0.210 kHz, avg speed    3.574 kHz), accepted   140001/  140001 events (100.00%)
Processed  2650000/ 8060367 entries (elapsed time   787.1s, curr speed    0.207 kHz, avg speed    3.367 kHz), accepted   150001/  150001 events (100.00%)
Processed  2660000/ 8060367 entries (elapsed time   835.0s, curr speed    0.209 kHz, avg speed    3.186 kHz), accepted   160001/  160001 events (100.00%)
Processed  2670000/ 8060367 entries (elapsed time   880.7s, curr speed    0.219 kHz, avg speed    3.032 kHz), accepted   170001/  170001 events (100.00%)
Processed  2680000/ 8060367 entries (elapsed time   973.1s, curr speed    0.108 kHz, avg speed    2.754 kHz), accepted   180001/  180001 events (100.00%)
Processed  2690000/ 8060367 entries (elapsed time  1022.0s, curr speed    0.204 kHz, avg speed    2.632 kHz), accepted   190001/  190001 events (100.00%)
Processed  2700000/ 8060367 entries (elapsed time  1067.1s, curr speed    0.222 kHz, avg speed    2.530 kHz), accepted   200001/  200001 events (100.00%)
Processed  2710000/ 8060367 entries (elapsed time  1113.2s, curr speed    0.217 kHz, avg speed    2.434 kHz), accepted   210001/  210001 events (100.00%)
Processed  2720000/ 8060367 entries (elapsed time  1160.2s, curr speed    0.213 kHz, avg speed    2.344 kHz), accepted   220001/  220001 events (100.00%)
Processed  2730000/ 8060367 entries (elapsed time  1210.0s, curr speed    0.201 kHz, avg speed    2.256 kHz), accepted   230001/  230001 events (100.00%)
Processed  2740000/ 8060367 entries (elapsed time  1299.6s, curr speed    0.112 kHz, avg speed    2.108 kHz), accepted   240001/  240001 events (100.00%)
Processed 250000 entries from MY_EOS_SPACE/heppyNtuples/TREES_W_94X/WJetsToLNu_94X_ext_part3/treeProducerWMass/tree.root, selected 250000 entries
Done MY_EOS_SPACE/heppyNtuples/TREES_W_94X/friends/tree_Friend_WJetsToLNu_94X_ext_part3.chunk10.root
