000 (335107.021.000) 05/14 18:00:15 Job submitted from host: <188.184.95.166:9618?addrs=188.184.95.166-9618+[2001-1458-201-e4--100-7a0]-9618&alias=tbird02.cern.ch&noUDP&sock=schedd_2138722_faad_3>
...
040 (335107.021.000) 05/14 18:03:13 Started transferring input files
	Transferring to host: <128.142.240.42:9618?addrs=128.142.240.42-9618+[2001-1458-301-f9--100-12]-9618&noUDP&sock=4165_5e82_128851>
...
040 (335107.021.000) 05/14 18:03:13 Finished transferring input files
...
001 (335107.021.000) 05/14 18:03:14 Job executing on host: <128.142.240.42:9618?addrs=128.142.240.42-9618+[2001-1458-301-f9--100-12]-9618&noUDP&sock=2326_0560_3>
...
006 (335107.021.000) 05/14 18:03:24 Image size of job updated: 357832
	269  -  MemoryUsage of job (MB)
	275376  -  ResidentSetSize of job (KB)
...
006 (335107.021.000) 05/14 18:08:24 Image size of job updated: 643028
	624  -  MemoryUsage of job (MB)
	638900  -  ResidentSetSize of job (KB)
...
006 (335107.021.000) 05/14 18:13:24 Image size of job updated: 784588
	763  -  MemoryUsage of job (MB)
	780460  -  ResidentSetSize of job (KB)
...
040 (335107.021.000) 05/14 18:15:17 Started transferring output files
...
040 (335107.021.000) 05/14 18:15:17 Finished transferring output files
...
005 (335107.021.000) 05/14 18:15:17 Job terminated.
	(1) Normal termination (return value 1)
		Usr 0 00:10:53, Sys 0 00:01:07  -  Run Remote Usage
		Usr 0 00:00:00, Sys 0 00:00:00  -  Run Local Usage
		Usr 0 00:10:53, Sys 0 00:01:07  -  Total Remote Usage
		Usr 0 00:00:00, Sys 0 00:00:00  -  Total Local Usage
	11581  -  Run Bytes Sent By Job
	10917  -  Run Bytes Received By Job
	11581  -  Total Bytes Sent By Job
	10917  -  Total Bytes Received By Job
	Partitionable Resources :    Usage  Request Allocated 
	   Cpus                 :                 1           
	   Disk (KB)            :       71        1   2170444 
	   Memory (MB)          :      763     2000      2000 
...
