000 (335108.015.000) 05/14 18:00:16 Job submitted from host: <188.184.95.166:9618?addrs=188.184.95.166-9618+[2001-1458-201-e4--100-7a0]-9618&alias=tbird02.cern.ch&noUDP&sock=schedd_2138722_faad_3>
...
040 (335108.015.000) 05/14 18:04:44 Started transferring input files
	Transferring to host: <128.142.33.140:9618?addrs=128.142.33.140-9618+[2001-1458-301-117--100-2e6]-9618&noUDP&sock=13649_b484_104737>
...
040 (335108.015.000) 05/14 18:04:44 Finished transferring input files
...
001 (335108.015.000) 05/14 18:04:45 Job executing on host: <128.142.33.140:9618?addrs=128.142.33.140-9618+[2001-1458-301-117--100-2e6]-9618&noUDP&sock=13466_2269_3>
...
006 (335108.015.000) 05/14 18:04:54 Image size of job updated: 294952
	225  -  MemoryUsage of job (MB)
	230384  -  ResidentSetSize of job (KB)
...
006 (335108.015.000) 05/14 18:09:55 Image size of job updated: 690620
	609  -  MemoryUsage of job (MB)
	623288  -  ResidentSetSize of job (KB)
...
040 (335108.015.000) 05/14 18:11:50 Started transferring output files
...
040 (335108.015.000) 05/14 18:11:50 Finished transferring output files
...
005 (335108.015.000) 05/14 18:11:50 Job terminated.
	(1) Normal termination (return value 1)
		Usr 0 00:06:15, Sys 0 00:00:33  -  Run Remote Usage
		Usr 0 00:00:00, Sys 0 00:00:00  -  Run Local Usage
		Usr 0 00:06:15, Sys 0 00:00:33  -  Total Remote Usage
		Usr 0 00:00:00, Sys 0 00:00:00  -  Total Local Usage
	6378  -  Run Bytes Sent By Job
	10917  -  Run Bytes Received By Job
	6378  -  Total Bytes Sent By Job
	10917  -  Total Bytes Received By Job
	Partitionable Resources :    Usage  Request Allocated 
	   Cpus                 :                 1           
	   Disk (KB)            :       68        1   2179232 
	   Memory (MB)          :      609     2000      2000 
...
