000 (335105.012.000) 05/14 18:00:13 Job submitted from host: <188.184.95.166:9618?addrs=188.184.95.166-9618+[2001-1458-201-e4--100-7a0]-9618&alias=tbird02.cern.ch&noUDP&sock=schedd_2138722_faad_3>
...
040 (335105.012.000) 05/14 18:02:00 Started transferring input files
	Transferring to host: <188.184.132.7:9618?addrs=188.184.132.7-9618+[2001-1458-301-a0--100-19]-9618&noUDP&sock=2852_3ded_128468>
...
040 (335105.012.000) 05/14 18:02:00 Finished transferring input files
...
001 (335105.012.000) 05/14 18:02:01 Job executing on host: <188.184.132.7:9618?addrs=188.184.132.7-9618+[2001-1458-301-a0--100-19]-9618&noUDP&sock=2359_a800_3>
...
006 (335105.012.000) 05/14 18:02:09 Image size of job updated: 287836
	202  -  MemoryUsage of job (MB)
	206780  -  ResidentSetSize of job (KB)
...
006 (335105.012.000) 05/14 18:07:09 Image size of job updated: 432616
	340  -  MemoryUsage of job (MB)
	347436  -  ResidentSetSize of job (KB)
...
006 (335105.012.000) 05/14 18:12:10 Image size of job updated: 736244
	636  -  MemoryUsage of job (MB)
	651064  -  ResidentSetSize of job (KB)
...
006 (335105.012.000) 05/14 18:17:10 Image size of job updated: 867984
	765  -  MemoryUsage of job (MB)
	782804  -  ResidentSetSize of job (KB)
...
040 (335105.012.000) 05/14 18:26:14 Started transferring output files
...
040 (335105.012.000) 05/14 18:26:14 Finished transferring output files
...
005 (335105.012.000) 05/14 18:26:14 Job terminated.
	(1) Normal termination (return value 1)
		Usr 0 00:21:34, Sys 0 00:01:48  -  Run Remote Usage
		Usr 0 00:00:00, Sys 0 00:00:00  -  Run Local Usage
		Usr 0 00:21:34, Sys 0 00:01:48  -  Total Remote Usage
		Usr 0 00:00:00, Sys 0 00:00:00  -  Total Local Usage
	11582  -  Run Bytes Sent By Job
	10917  -  Run Bytes Received By Job
	11582  -  Total Bytes Sent By Job
	10917  -  Total Bytes Received By Job
	Partitionable Resources :    Usage  Request Allocated 
	   Cpus                 :                 1           
	   Disk (KB)            :       71        1   2154802 
	   Memory (MB)          :      765     2000      2000 
...
