000 (335100.028.000) 05/14 18:00:10 Job submitted from host: <188.184.95.166:9618?addrs=188.184.95.166-9618+[2001-1458-201-e4--100-7a0]-9618&alias=tbird02.cern.ch&noUDP&sock=schedd_2138722_faad_3>
...
022 (335100.028.000) 05/14 18:01:06 Job disconnected, attempting to reconnect
    Socket between submit and execute hosts closed unexpectedly
    Trying to reconnect to slot1_2@b7g28n0095.cern.ch <188.184.186.30:9618?addrs=188.184.186.30-9618+[2001-1458-301-f8--100-2b]-9618&noUDP&sock=2326_0560_3>
...
024 (335100.028.000) 05/14 18:01:06 Job reconnection failed
    Job not found at execution machine
    Can not reconnect to slot1_2@b7g28n0095.cern.ch, rescheduling job
...
022 (335100.028.000) 05/14 18:02:29 Job disconnected, attempting to reconnect
    Socket between submit and execute hosts closed unexpectedly
    Trying to reconnect to slot1_2@b7g28n0843.cern.ch <188.184.186.13:9618?addrs=188.184.186.13-9618+[2001-1458-301-f8--100-16]-9618&noUDP&sock=2335_31ba_3>
...
024 (335100.028.000) 05/14 18:02:29 Job reconnection failed
    Job not found at execution machine
    Can not reconnect to slot1_2@b7g28n0843.cern.ch, rescheduling job
...
040 (335100.028.000) 05/14 18:03:16 Started transferring input files
	Transferring to host: <188.184.186.20:9618?addrs=188.184.186.20-9618+[2001-1458-301-f8--100-1a]-9618&noUDP&sock=4145_4702_128581>
...
040 (335100.028.000) 05/14 18:03:16 Finished transferring input files
...
001 (335100.028.000) 05/14 18:03:17 Job executing on host: <188.184.186.20:9618?addrs=188.184.186.20-9618+[2001-1458-301-f8--100-1a]-9618&noUDP&sock=2344_5e15_3>
...
006 (335100.028.000) 05/14 18:03:26 Image size of job updated: 208356
	131  -  MemoryUsage of job (MB)
	133676  -  ResidentSetSize of job (KB)
...
006 (335100.028.000) 05/14 18:08:27 Image size of job updated: 423980
	334  -  MemoryUsage of job (MB)
	341616  -  ResidentSetSize of job (KB)
...
006 (335100.028.000) 05/14 18:13:27 Image size of job updated: 730688
	634  -  MemoryUsage of job (MB)
	648324  -  ResidentSetSize of job (KB)
...
006 (335100.028.000) 05/14 18:18:28 Image size of job updated: 862880
	763  -  MemoryUsage of job (MB)
	780516  -  ResidentSetSize of job (KB)
...
006 (335100.028.000) 05/14 18:23:29 Image size of job updated: 863176
	763  -  MemoryUsage of job (MB)
	780812  -  ResidentSetSize of job (KB)
...
006 (335100.028.000) 05/14 18:27:46 Image size of job updated: 863284
	763  -  MemoryUsage of job (MB)
	780812  -  ResidentSetSize of job (KB)
...
040 (335100.028.000) 05/14 18:27:46 Started transferring output files
...
040 (335100.028.000) 05/14 18:27:46 Finished transferring output files
...
005 (335100.028.000) 05/14 18:27:46 Job terminated.
	(1) Normal termination (return value 1)
		Usr 0 00:21:26, Sys 0 00:01:52  -  Run Remote Usage
		Usr 0 00:00:00, Sys 0 00:00:00  -  Run Local Usage
		Usr 0 00:21:26, Sys 0 00:01:52  -  Total Remote Usage
		Usr 0 00:00:00, Sys 0 00:00:00  -  Total Local Usage
	34614  -  Run Bytes Sent By Job
	10917  -  Run Bytes Received By Job
	34614  -  Total Bytes Sent By Job
	10917  -  Total Bytes Received By Job
	Partitionable Resources :    Usage  Request Allocated 
	   Cpus                 :                 1           
	   Disk (KB)            :       97        1   2127754 
	   Memory (MB)          :      763     2000      2000 
...
