000 (335103.009.000) 05/14 18:00:12 Job submitted from host: <188.184.95.166:9618?addrs=188.184.95.166-9618+[2001-1458-201-e4--100-7a0]-9618&alias=tbird02.cern.ch&noUDP&sock=schedd_2138722_faad_3>
...
022 (335103.009.000) 05/14 18:01:35 Job disconnected, attempting to reconnect
    Socket between submit and execute hosts closed unexpectedly
    Trying to reconnect to slot1_1@b7g28n0542.cern.ch <128.142.240.72:9618?addrs=128.142.240.72-9618+[2001-1458-301-f9--100-18]-9618&noUDP&sock=2334_8222_3>
...
024 (335103.009.000) 05/14 18:01:35 Job reconnection failed
    Job not found at execution machine
    Can not reconnect to slot1_1@b7g28n0542.cern.ch, rescheduling job
...
040 (335103.009.000) 05/14 18:02:32 Started transferring input files
	Transferring to host: <128.142.240.16:9618?addrs=128.142.240.16-9618+[2001-1458-301-f9--100-a]-9618&noUDP&sock=4100_9220_128260>
...
040 (335103.009.000) 05/14 18:02:32 Finished transferring input files
...
001 (335103.009.000) 05/14 18:02:33 Job executing on host: <128.142.240.16:9618?addrs=128.142.240.16-9618+[2001-1458-301-f9--100-a]-9618&noUDP&sock=2420_7f47_3>
...
006 (335103.009.000) 05/14 18:02:41 Image size of job updated: 142288
	109  -  MemoryUsage of job (MB)
	110804  -  ResidentSetSize of job (KB)
...
006 (335103.009.000) 05/14 18:07:41 Image size of job updated: 381536
	340  -  MemoryUsage of job (MB)
	347296  -  ResidentSetSize of job (KB)
...
006 (335103.009.000) 05/14 18:12:42 Image size of job updated: 675672
	627  -  MemoryUsage of job (MB)
	641412  -  ResidentSetSize of job (KB)
...
006 (335103.009.000) 05/14 18:17:43 Image size of job updated: 813992
	762  -  MemoryUsage of job (MB)
	779732  -  ResidentSetSize of job (KB)
...
006 (335103.009.000) 05/14 18:22:43 Image size of job updated: 814028
	762  -  MemoryUsage of job (MB)
	779768  -  ResidentSetSize of job (KB)
...
006 (335103.009.000) 05/14 18:26:03 Image size of job updated: 1197888
	762  -  MemoryUsage of job (MB)
	779768  -  ResidentSetSize of job (KB)
...
040 (335103.009.000) 05/14 18:26:03 Started transferring output files
...
040 (335103.009.000) 05/14 18:26:03 Finished transferring output files
...
005 (335103.009.000) 05/14 18:26:03 Job terminated.
	(1) Normal termination (return value 1)
		Usr 0 00:20:36, Sys 0 00:01:48  -  Run Remote Usage
		Usr 0 00:00:00, Sys 0 00:00:00  -  Run Local Usage
		Usr 0 00:20:36, Sys 0 00:01:48  -  Total Remote Usage
		Usr 0 00:00:00, Sys 0 00:00:00  -  Total Local Usage
	8530  -  Run Bytes Sent By Job
	10917  -  Run Bytes Received By Job
	8530  -  Total Bytes Sent By Job
	10917  -  Total Bytes Received By Job
	Partitionable Resources :    Usage  Request Allocated 
	   Cpus                 :                 1           
	   Disk (KB)            :       71        1   2097197 
	   Memory (MB)          :      762     2000      2000 
...
