000 (335105.019.000) 05/14 18:00:13 Job submitted from host: <188.184.95.166:9618?addrs=188.184.95.166-9618+[2001-1458-201-e4--100-7a0]-9618&alias=tbird02.cern.ch&noUDP&sock=schedd_2138722_faad_3>
...
022 (335105.019.000) 05/14 18:02:03 Job disconnected, attempting to reconnect
    Socket between submit and execute hosts closed unexpectedly
    Trying to reconnect to slot1_3@b7g27n4525.cern.ch <188.184.207.229:9618?addrs=188.184.207.229-9618+[2001-1458-301-7d--100-312]-9618&noUDP&sock=2319_3837_3>
...
024 (335105.019.000) 05/14 18:02:03 Job reconnection failed
    Job not found at execution machine
    Can not reconnect to slot1_3@b7g27n4525.cern.ch, rescheduling job
...
040 (335105.019.000) 05/14 18:02:44 Started transferring input files
	Transferring to host: <188.184.133.238:9618?addrs=188.184.133.238-9618+[2001-1458-301-a0--100-395]-9618&noUDP&sock=13636_8ba4_104958>
...
040 (335105.019.000) 05/14 18:02:44 Finished transferring input files
...
001 (335105.019.000) 05/14 18:02:45 Job executing on host: <188.184.133.238:9618?addrs=188.184.133.238-9618+[2001-1458-301-a0--100-395]-9618&noUDP&sock=13449_794d_3>
...
006 (335105.019.000) 05/14 18:02:54 Image size of job updated: 89808
	59  -  MemoryUsage of job (MB)
	60124  -  ResidentSetSize of job (KB)
...
006 (335105.019.000) 05/14 18:07:54 Image size of job updated: 388188
	340  -  MemoryUsage of job (MB)
	347868  -  ResidentSetSize of job (KB)
...
006 (335105.019.000) 05/14 18:12:54 Image size of job updated: 687916
	633  -  MemoryUsage of job (MB)
	647556  -  ResidentSetSize of job (KB)
...
006 (335105.019.000) 05/14 18:17:56 Image size of job updated: 819688
	762  -  MemoryUsage of job (MB)
	779328  -  ResidentSetSize of job (KB)
...
006 (335105.019.000) 05/14 18:22:56 Image size of job updated: 819804
	762  -  MemoryUsage of job (MB)
	779444  -  ResidentSetSize of job (KB)
...
040 (335105.019.000) 05/14 18:27:51 Started transferring output files
...
040 (335105.019.000) 05/14 18:27:51 Finished transferring output files
...
005 (335105.019.000) 05/14 18:27:51 Job terminated.
	(1) Normal termination (return value 1)
		Usr 0 00:21:44, Sys 0 00:01:45  -  Run Remote Usage
		Usr 0 00:00:00, Sys 0 00:00:00  -  Run Local Usage
		Usr 0 00:21:44, Sys 0 00:01:45  -  Total Remote Usage
		Usr 0 00:00:00, Sys 0 00:00:00  -  Total Local Usage
	8534  -  Run Bytes Sent By Job
	10917  -  Run Bytes Received By Job
	8534  -  Total Bytes Sent By Job
	10917  -  Total Bytes Received By Job
	Partitionable Resources :    Usage  Request Allocated 
	   Cpus                 :                 1           
	   Disk (KB)            :       71        1   2145309 
	   Memory (MB)          :      762     2000      2000 
...
