000 (335103.027.000) 05/14 18:00:12 Job submitted from host: <188.184.95.166:9618?addrs=188.184.95.166-9618+[2001-1458-201-e4--100-7a0]-9618&alias=tbird02.cern.ch&noUDP&sock=schedd_2138722_faad_3>
...
040 (335103.027.000) 05/14 18:01:42 Started transferring input files
	Transferring to host: <188.184.132.252:9618?addrs=188.184.132.252-9618+[2001-1458-301-a0--100-27a]-9618&noUDP&sock=12926_4947_105425>
...
040 (335103.027.000) 05/14 18:01:42 Finished transferring input files
...
001 (335103.027.000) 05/14 18:01:43 Job executing on host: <188.184.132.252:9618?addrs=188.184.132.252-9618+[2001-1458-301-a0--100-27a]-9618&noUDP&sock=12718_1192_3>
...
006 (335103.027.000) 05/14 18:01:52 Image size of job updated: 289048
	206  -  MemoryUsage of job (MB)
	210032  -  ResidentSetSize of job (KB)
...
006 (335103.027.000) 05/14 18:06:53 Image size of job updated: 421948
	332  -  MemoryUsage of job (MB)
	339476  -  ResidentSetSize of job (KB)
...
006 (335103.027.000) 05/14 18:11:53 Image size of job updated: 721840
	625  -  MemoryUsage of job (MB)
	639316  -  ResidentSetSize of job (KB)
...
006 (335103.027.000) 05/14 18:16:53 Image size of job updated: 854912
	755  -  MemoryUsage of job (MB)
	772388  -  ResidentSetSize of job (KB)
...
006 (335103.027.000) 05/14 18:21:54 Image size of job updated: 855820
	756  -  MemoryUsage of job (MB)
	773296  -  ResidentSetSize of job (KB)
...
006 (335103.027.000) 05/14 18:26:54 Image size of job updated: 865640
	765  -  MemoryUsage of job (MB)
	783116  -  ResidentSetSize of job (KB)
...
006 (335103.027.000) 05/14 18:27:06 Image size of job updated: 865640
	765  -  MemoryUsage of job (MB)
	783124  -  ResidentSetSize of job (KB)
...
040 (335103.027.000) 05/14 18:27:06 Started transferring output files
...
040 (335103.027.000) 05/14 18:27:06 Finished transferring output files
...
005 (335103.027.000) 05/14 18:27:06 Job terminated.
	(1) Normal termination (return value 1)
		Usr 0 00:22:30, Sys 0 00:01:51  -  Run Remote Usage
		Usr 0 00:00:00, Sys 0 00:00:00  -  Run Local Usage
		Usr 0 00:22:30, Sys 0 00:01:51  -  Total Remote Usage
		Usr 0 00:00:00, Sys 0 00:00:00  -  Total Local Usage
	8533  -  Run Bytes Sent By Job
	10917  -  Run Bytes Received By Job
	8533  -  Total Bytes Sent By Job
	10917  -  Total Bytes Received By Job
	Partitionable Resources :    Usage  Request Allocated 
	   Cpus                 :                 1           
	   Disk (KB)            :       71        1   2195387 
	   Memory (MB)          :      765     2000      2000 
...
