000 (335107.018.000) 05/14 18:00:15 Job submitted from host: <188.184.95.166:9618?addrs=188.184.95.166-9618+[2001-1458-201-e4--100-7a0]-9618&alias=tbird02.cern.ch&noUDP&sock=schedd_2138722_faad_3>
...
040 (335107.018.000) 05/14 18:03:07 Started transferring input files
	Transferring to host: <188.184.207.250:9618?addrs=188.184.207.250-9618+[2001-1458-301-7d--100-3b6]-9618&noUDP&sock=3750_f6d2_128646>
...
040 (335107.018.000) 05/14 18:03:07 Finished transferring input files
...
001 (335107.018.000) 05/14 18:03:08 Job executing on host: <188.184.207.250:9618?addrs=188.184.207.250-9618+[2001-1458-301-7d--100-3b6]-9618&noUDP&sock=2324_a630_3>
...
006 (335107.018.000) 05/14 18:03:16 Image size of job updated: 229600
	185  -  MemoryUsage of job (MB)
	188784  -  ResidentSetSize of job (KB)
...
006 (335107.018.000) 05/14 18:08:16 Image size of job updated: 693004
	634  -  MemoryUsage of job (MB)
	648528  -  ResidentSetSize of job (KB)
...
006 (335107.018.000) 05/14 18:13:17 Image size of job updated: 784192
	764  -  MemoryUsage of job (MB)
	781908  -  ResidentSetSize of job (KB)
...
040 (335107.018.000) 05/14 18:15:39 Started transferring output files
...
040 (335107.018.000) 05/14 18:15:39 Finished transferring output files
...
005 (335107.018.000) 05/14 18:15:39 Job terminated.
	(1) Normal termination (return value 1)
		Usr 0 00:11:14, Sys 0 00:01:06  -  Run Remote Usage
		Usr 0 00:00:00, Sys 0 00:00:00  -  Run Local Usage
		Usr 0 00:11:14, Sys 0 00:01:06  -  Total Remote Usage
		Usr 0 00:00:00, Sys 0 00:00:00  -  Total Local Usage
	11580  -  Run Bytes Sent By Job
	10917  -  Run Bytes Received By Job
	11580  -  Total Bytes Sent By Job
	10917  -  Total Bytes Received By Job
	Partitionable Resources :    Usage  Request Allocated 
	   Cpus                 :                 1           
	   Disk (KB)            :       71        1   2078860 
	   Memory (MB)          :      764     2000      2000 
...
