   WJetsToLNu_94X_ext_part8   MC  32 chunks


I have 1 taks to process
I'm using the following list of modules DEFAULT_MODULES
this is jobs [('WJetsToLNu_94X_ext_part8', 'MY_EOS_SPACE/heppyNtuples/TREES_W_94X/WJetsToLNu_94X_ext_part8/treeProducerWMass/tree.root', 4136764102117.65, '_Friend_WJetsToLNu_94X_ext_part8.chunk19', False, xrange(4750000, 5000000), 19)]
Modules to run:  []   name =  puWeight
Loading puWeight from CMGTools.WMass.postprocessing.examples.puWeightProducer 
Running on dataset =  WJetsToLNu_94X_ext_part8
TFile: name=/afs/cern.ch/work/m/mciprian/w_mass_analysis/heppy/rel_slc7/CMSSW_9_4_12/src/CMGTools/WMass/python/postprocessing/data/pileup/mcPU_2016_W94XnoCutsWithGenWeights_nTrueInt.root, title=, option=READ
TFile: name=/afs/cern.ch/work/m/mciprian/w_mass_analysis/heppy/rel_slc7/CMSSW_9_4_12/src/CMGTools/WMass/python/postprocessing/data/pileup/PileupData_GoldenMuonJSON_Full2016.root, title=, option=READ
Load C++ Worker
Modules to run:  []   name =  muCalibratedWithStatVar
Loading muCalibratedWithStatVar from CMGTools.WMass.postprocessing.examples.lepVarProducer 
Running on dataset =  WJetsToLNu_94X_ext_part8
did not find EnergyScaleCorrection shared object, rebuilding
trying to load all the rochester correction libraries
did not find legacy data roccor. rebuilding...
done building legacy data roccor.
Modules to run:  []   name =  jetAllReCleaner
Loading jetAllReCleaner from CMGTools.WMass.postprocessing.examples.jetReCleaner 
Running on dataset =  WJetsToLNu_94X_ext_part8
Load C++ Worker
Modules to run:  []   name =  jetReCleaner
Loading jetReCleaner from CMGTools.WMass.postprocessing.examples.jetReCleaner 
Running on dataset =  WJetsToLNu_94X_ext_part8
Load C++ Worker
Modules to run:  []   name =  genQEDJets
Loading genQEDJets from CMGTools.WMass.postprocessing.examples.genFriendProducer 
Running on dataset =  WJetsToLNu_94X_ext_part8
Will write selected trees to MY_EOS_SPACE/heppyNtuples/TREES_W_94X/friends/
Normalization of nTrueInt_Wnopt: 3.68902e+10
Normalization of pileup: 3.68902e+10
Weights for variable nTrueInt_Wnopt with a number of bins equal to 102:
1 0.3634 0.9215 1.196 0.96 1.118 1.157 0.9675 0.9293 0.9192 0.8823 0.9553 1.062 1.116 1.167 1.194 1.2 1.193 1.177 1.14 1.092 1.06 1.047 1.046 1.047 1.048 1.06 1.077 1.092 1.106 1.122 1.108 1.097 1.051 0.992 0.9144 0.8237 0.7175 0.6087 0.5019 0.4029 0.3076 0.2264 0.1622 0.1123 0.07656 0.05052 0.03159 0.01992 0.01212 0.007355 0.004361 0.002593 0.001553 0.0009624 0.0007219 0.0006632 0.0007233 0.0009289 0.001329 0.001772 0.003222 0.004042 0.00487 0.005064 0.005658 0.005309 0.004846 0.004101 0.003977 0.003686 0.003306 0.002672 0.002286 0.001878 0.00167 1 1 1 1 1 1 1 1 1 1 1 1 1 1 1 1 1 1 1 1 1 1 1 1 1 1 .
Final weights: 
1 0.3634 0.9215 1.196 0.96 1.118 1.157 0.9675 0.9293 0.9192 0.8823 0.9553 1.062 1.116 1.167 1.194 1.2 1.193 1.177 1.14 1.092 1.06 1.047 1.046 1.047 1.048 1.06 1.077 1.092 1.106 1.122 1.108 1.097 1.051 0.992 0.9144 0.8237 0.7175 0.6087 0.5019 0.4029 0.3076 0.2264 0.1622 0.1123 0.07656 0.05052 0.03159 0.01992 0.01212 0.007355 0.004361 0.002593 0.001553 0.0009624 0.0007219 0.0006632 0.0007233 0.0009289 0.001329 0.001772 0.003222 0.004042 0.00487 0.005064 0.005658 0.005309 0.004846 0.004101 0.003977 0.003686 0.003306 0.002672 0.002286 0.001878 0.00167 1 1 1 1 1 1 1 1 1 1 1 1 1 1 1 1 1 1 1 1 1 1 1 1 1 1 .
begin job of lepCalProducer
initializing all the rochester correction objects
initializing the egamma calibrator
Processed  4750000/ 7963260 entries (elapsed time     0.5s, curr speed   18.868 kHz, avg speed 8962.264 kHz), accepted        1/       1 events (100.00%)
Processed  4760000/ 7963260 entries (elapsed time    33.9s, curr speed    0.300 kHz, avg speed  140.537 kHz), accepted    10001/   10001 events (100.00%)
Processed  4770000/ 7963260 entries (elapsed time    67.0s, curr speed    0.302 kHz, avg speed   71.226 kHz), accepted    20001/   20001 events (100.00%)
Processed  4780000/ 7963260 entries (elapsed time    99.6s, curr speed    0.306 kHz, avg speed   47.978 kHz), accepted    30001/   30001 events (100.00%)
Processed  4790000/ 7963260 entries (elapsed time   133.4s, curr speed    0.296 kHz, avg speed   35.899 kHz), accepted    40001/   40001 events (100.00%)
Processed  4800000/ 7963260 entries (elapsed time   165.8s, curr speed    0.309 kHz, avg speed   28.958 kHz), accepted    50001/   50001 events (100.00%)
Processed  4810000/ 7963260 entries (elapsed time   199.4s, curr speed    0.297 kHz, avg speed   24.124 kHz), accepted    60001/   60001 events (100.00%)
Processed  4820000/ 7963260 entries (elapsed time   227.7s, curr speed    0.353 kHz, avg speed   21.168 kHz), accepted    70001/   70001 events (100.00%)
Processed  4830000/ 7963260 entries (elapsed time   257.5s, curr speed    0.336 kHz, avg speed   18.759 kHz), accepted    80001/   80001 events (100.00%)
Processed  4840000/ 7963260 entries (elapsed time   286.4s, curr speed    0.346 kHz, avg speed   16.902 kHz), accepted    90001/   90001 events (100.00%)
Processed  4850000/ 7963260 entries (elapsed time   315.3s, curr speed    0.346 kHz, avg speed   15.384 kHz), accepted   100001/  100001 events (100.00%)
Processed  4860000/ 7963260 entries (elapsed time   343.4s, curr speed    0.355 kHz, avg speed   14.151 kHz), accepted   110001/  110001 events (100.00%)
Processed  4870000/ 7963260 entries (elapsed time   399.8s, curr speed    0.177 kHz, avg speed   12.180 kHz), accepted   120001/  120001 events (100.00%)
Processed  4880000/ 7963260 entries (elapsed time   427.4s, curr speed    0.362 kHz, avg speed   11.418 kHz), accepted   130001/  130001 events (100.00%)
Processed  4890000/ 7963260 entries (elapsed time   455.9s, curr speed    0.351 kHz, avg speed   10.727 kHz), accepted   140001/  140001 events (100.00%)
Processed  4900000/ 7963260 entries (elapsed time   484.5s, curr speed    0.350 kHz, avg speed   10.114 kHz), accepted   150001/  150001 events (100.00%)
Processed  4910000/ 7963260 entries (elapsed time   514.2s, curr speed    0.337 kHz, avg speed    9.549 kHz), accepted   160001/  160001 events (100.00%)
Processed  4920000/ 7963260 entries (elapsed time   543.3s, curr speed    0.343 kHz, avg speed    9.056 kHz), accepted   170001/  170001 events (100.00%)
Processed  4930000/ 7963260 entries (elapsed time   600.8s, curr speed    0.174 kHz, avg speed    8.206 kHz), accepted   180001/  180001 events (100.00%)
Processed  4940000/ 7963260 entries (elapsed time   630.6s, curr speed    0.335 kHz, avg speed    7.833 kHz), accepted   190001/  190001 events (100.00%)
Processed  4950000/ 7963260 entries (elapsed time   660.7s, curr speed    0.332 kHz, avg speed    7.492 kHz), accepted   200001/  200001 events (100.00%)
Processed  4960000/ 7963260 entries (elapsed time   690.4s, curr speed    0.337 kHz, avg speed    7.184 kHz), accepted   210001/  210001 events (100.00%)
Processed  4970000/ 7963260 entries (elapsed time   721.7s, curr speed    0.320 kHz, avg speed    6.887 kHz), accepted   220001/  220001 events (100.00%)
Processed  4980000/ 7963260 entries (elapsed time   750.7s, curr speed    0.344 kHz, avg speed    6.634 kHz), accepted   230001/  230001 events (100.00%)
Processed  4990000/ 7963260 entries (elapsed time   809.2s, curr speed    0.171 kHz, avg speed    6.167 kHz), accepted   240001/  240001 events (100.00%)
Processed 250000 entries from MY_EOS_SPACE/heppyNtuples/TREES_W_94X/WJetsToLNu_94X_ext_part8/treeProducerWMass/tree.root, selected 250000 entries
Done MY_EOS_SPACE/heppyNtuples/TREES_W_94X/friends/tree_Friend_WJetsToLNu_94X_ext_part8.chunk19.root
