000 (335105.026.000) 05/14 18:00:13 Job submitted from host: <188.184.95.166:9618?addrs=188.184.95.166-9618+[2001-1458-201-e4--100-7a0]-9618&alias=tbird02.cern.ch&noUDP&sock=schedd_2138722_faad_3>
...
040 (335105.026.000) 05/14 18:02:04 Started transferring input files
	Transferring to host: <128.142.33.141:9618?addrs=128.142.33.141-9618+[2001-1458-301-117--100-36b]-9618&noUDP&sock=13069_0aed_105083>
...
040 (335105.026.000) 05/14 18:02:04 Finished transferring input files
...
001 (335105.026.000) 05/14 18:02:05 Job executing on host: <128.142.33.141:9618?addrs=128.142.33.141-9618+[2001-1458-301-117--100-36b]-9618&noUDP&sock=12861_279d_3>
...
006 (335105.026.000) 05/14 18:02:14 Image size of job updated: 280524
	199  -  MemoryUsage of job (MB)
	203344  -  ResidentSetSize of job (KB)
...
006 (335105.026.000) 05/14 18:07:14 Image size of job updated: 429420
	339  -  MemoryUsage of job (MB)
	347064  -  ResidentSetSize of job (KB)
...
006 (335105.026.000) 05/14 18:12:14 Image size of job updated: 743124
	646  -  MemoryUsage of job (MB)
	660768  -  ResidentSetSize of job (KB)
...
006 (335105.026.000) 05/14 18:17:15 Image size of job updated: 858868
	759  -  MemoryUsage of job (MB)
	776512  -  ResidentSetSize of job (KB)
...
006 (335105.026.000) 05/14 18:22:16 Image size of job updated: 863708
	764  -  MemoryUsage of job (MB)
	781352  -  ResidentSetSize of job (KB)
...
006 (335105.026.000) 05/14 18:25:05 Image size of job updated: 1193320
	764  -  MemoryUsage of job (MB)
	781352  -  ResidentSetSize of job (KB)
...
040 (335105.026.000) 05/14 18:25:05 Started transferring output files
...
040 (335105.026.000) 05/14 18:25:05 Finished transferring output files
...
005 (335105.026.000) 05/14 18:25:05 Job terminated.
	(1) Normal termination (return value 1)
		Usr 0 00:20:33, Sys 0 00:01:42  -  Run Remote Usage
		Usr 0 00:00:00, Sys 0 00:00:00  -  Run Local Usage
		Usr 0 00:20:33, Sys 0 00:01:42  -  Total Remote Usage
		Usr 0 00:00:00, Sys 0 00:00:00  -  Total Local Usage
	8534  -  Run Bytes Sent By Job
	10917  -  Run Bytes Received By Job
	8534  -  Total Bytes Sent By Job
	10917  -  Total Bytes Received By Job
	Partitionable Resources :    Usage  Request Allocated 
	   Cpus                 :                 1           
	   Disk (KB)            :       71        1   2176420 
	   Memory (MB)          :      764     2000      2000 
...
