000 (335109.014.000) 05/14 18:00:17 Job submitted from host: <188.184.95.166:9618?addrs=188.184.95.166-9618+[2001-1458-201-e4--100-7a0]-9618&alias=tbird02.cern.ch&noUDP&sock=schedd_2138722_faad_3>
...
040 (335109.014.000) 05/14 18:13:11 Started transferring input files
	Transferring to host: <128.142.240.52:9618?addrs=128.142.240.52-9618+[2001-1458-301-f9--100-5]-9618&noUDP&sock=4209_5f04_129926>
...
040 (335109.014.000) 05/14 18:13:11 Finished transferring input files
...
001 (335109.014.000) 05/14 18:13:12 Job executing on host: <128.142.240.52:9618?addrs=128.142.240.52-9618+[2001-1458-301-f9--100-5]-9618&noUDP&sock=2340_9fb4_3>
...
006 (335109.014.000) 05/14 18:13:20 Image size of job updated: 346756
	256  -  MemoryUsage of job (MB)
	261520  -  ResidentSetSize of job (KB)
...
006 (335109.014.000) 05/14 18:18:20 Image size of job updated: 758304
	656  -  MemoryUsage of job (MB)
	671644  -  ResidentSetSize of job (KB)
...
006 (335109.014.000) 05/14 18:23:20 Image size of job updated: 861612
	757  -  MemoryUsage of job (MB)
	774952  -  ResidentSetSize of job (KB)
...
040 (335109.014.000) 05/14 18:24:42 Started transferring output files
...
040 (335109.014.000) 05/14 18:24:42 Finished transferring output files
...
005 (335109.014.000) 05/14 18:24:42 Job terminated.
	(1) Normal termination (return value 1)
		Usr 0 00:10:22, Sys 0 00:01:01  -  Run Remote Usage
		Usr 0 00:00:00, Sys 0 00:00:00  -  Run Local Usage
		Usr 0 00:10:22, Sys 0 00:01:01  -  Total Remote Usage
		Usr 0 00:00:00, Sys 0 00:00:00  -  Total Local Usage
	8490  -  Run Bytes Sent By Job
	10917  -  Run Bytes Received By Job
	8490  -  Total Bytes Sent By Job
	10917  -  Total Bytes Received By Job
	Partitionable Resources :    Usage  Request Allocated 
	   Cpus                 :                 1           
	   Disk (KB)            :       71        1   2105105 
	   Memory (MB)          :      757     2000      2000 
...
