   WJetsToLNu_94X_ext_part7   MC  35 chunks


I have 1 taks to process
I'm using the following list of modules DEFAULT_MODULES
this is jobs [('WJetsToLNu_94X_ext_part7', 'MY_EOS_SPACE/heppyNtuples/TREES_W_94X/WJetsToLNu_94X_ext_part7/treeProducerWMass/tree.root', 4481871307881.251, '_Friend_WJetsToLNu_94X_ext_part7.chunk32', False, xrange(8000000, 8250000), 32)]
Modules to run:  []   name =  puWeight
Loading puWeight from CMGTools.WMass.postprocessing.examples.puWeightProducer 
Running on dataset =  WJetsToLNu_94X_ext_part7
TFile: name=/afs/cern.ch/work/m/mciprian/w_mass_analysis/heppy/rel_slc7/CMSSW_9_4_12/src/CMGTools/WMass/python/postprocessing/data/pileup/mcPU_2016_W94XnoCutsWithGenWeights_nTrueInt.root, title=, option=READ
TFile: name=/afs/cern.ch/work/m/mciprian/w_mass_analysis/heppy/rel_slc7/CMSSW_9_4_12/src/CMGTools/WMass/python/postprocessing/data/pileup/PileupData_GoldenMuonJSON_Full2016.root, title=, option=READ
Load C++ Worker
Modules to run:  []   name =  muCalibratedWithStatVar
Loading muCalibratedWithStatVar from CMGTools.WMass.postprocessing.examples.lepVarProducer 
Running on dataset =  WJetsToLNu_94X_ext_part7
did not find EnergyScaleCorrection shared object, rebuilding
trying to load all the rochester correction libraries
did not find legacy data roccor. rebuilding...
done building legacy data roccor.
Modules to run:  []   name =  jetAllReCleaner
Loading jetAllReCleaner from CMGTools.WMass.postprocessing.examples.jetReCleaner 
Running on dataset =  WJetsToLNu_94X_ext_part7
Load C++ Worker
Modules to run:  []   name =  jetReCleaner
Loading jetReCleaner from CMGTools.WMass.postprocessing.examples.jetReCleaner 
Running on dataset =  WJetsToLNu_94X_ext_part7
Load C++ Worker
Modules to run:  []   name =  genQEDJets
Loading genQEDJets from CMGTools.WMass.postprocessing.examples.genFriendProducer 
Running on dataset =  WJetsToLNu_94X_ext_part7
Will write selected trees to MY_EOS_SPACE/heppyNtuples/TREES_W_94X/friends/
Normalization of nTrueInt_Wnopt: 3.68902e+10
Normalization of pileup: 3.68902e+10
Weights for variable nTrueInt_Wnopt with a number of bins equal to 102:
1 0.3634 0.9215 1.196 0.96 1.118 1.157 0.9675 0.9293 0.9192 0.8823 0.9553 1.062 1.116 1.167 1.194 1.2 1.193 1.177 1.14 1.092 1.06 1.047 1.046 1.047 1.048 1.06 1.077 1.092 1.106 1.122 1.108 1.097 1.051 0.992 0.9144 0.8237 0.7175 0.6087 0.5019 0.4029 0.3076 0.2264 0.1622 0.1123 0.07656 0.05052 0.03159 0.01992 0.01212 0.007355 0.004361 0.002593 0.001553 0.0009624 0.0007219 0.0006632 0.0007233 0.0009289 0.001329 0.001772 0.003222 0.004042 0.00487 0.005064 0.005658 0.005309 0.004846 0.004101 0.003977 0.003686 0.003306 0.002672 0.002286 0.001878 0.00167 1 1 1 1 1 1 1 1 1 1 1 1 1 1 1 1 1 1 1 1 1 1 1 1 1 1 .
Final weights: 
1 0.3634 0.9215 1.196 0.96 1.118 1.157 0.9675 0.9293 0.9192 0.8823 0.9553 1.062 1.116 1.167 1.194 1.2 1.193 1.177 1.14 1.092 1.06 1.047 1.046 1.047 1.048 1.06 1.077 1.092 1.106 1.122 1.108 1.097 1.051 0.992 0.9144 0.8237 0.7175 0.6087 0.5019 0.4029 0.3076 0.2264 0.1622 0.1123 0.07656 0.05052 0.03159 0.01992 0.01212 0.007355 0.004361 0.002593 0.001553 0.0009624 0.0007219 0.0006632 0.0007233 0.0009289 0.001329 0.001772 0.003222 0.004042 0.00487 0.005064 0.005658 0.005309 0.004846 0.004101 0.003977 0.003686 0.003306 0.002672 0.002286 0.001878 0.00167 1 1 1 1 1 1 1 1 1 1 1 1 1 1 1 1 1 1 1 1 1 1 1 1 1 1 .
begin job of lepCalProducer
initializing all the rochester correction objects
initializing the egamma calibrator
Processed  8000000/ 8620133 entries (elapsed time     0.9s, curr speed   10.870 kHz, avg speed 8695.652 kHz), accepted        1/       1 events (100.00%)
Processed  8010000/ 8620133 entries (elapsed time    58.6s, curr speed    0.173 kHz, avg speed  136.783 kHz), accepted    10001/   10001 events (100.00%)
Processed  8020000/ 8620133 entries (elapsed time   117.9s, curr speed    0.168 kHz, avg speed   68.006 kHz), accepted    20001/   20001 events (100.00%)
Processed  8030000/ 8620133 entries (elapsed time   177.4s, curr speed    0.168 kHz, avg speed   45.270 kHz), accepted    30001/   30001 events (100.00%)
Processed  8040000/ 8620133 entries (elapsed time   235.3s, curr speed    0.173 kHz, avg speed   34.163 kHz), accepted    40001/   40001 events (100.00%)
Processed  8050000/ 8620133 entries (elapsed time   291.4s, curr speed    0.178 kHz, avg speed   27.623 kHz), accepted    50001/   50001 events (100.00%)
Processed  8060000/ 8620133 entries (elapsed time   351.3s, curr speed    0.167 kHz, avg speed   22.943 kHz), accepted    60001/   60001 events (100.00%)
Processed  8070000/ 8620133 entries (elapsed time   403.4s, curr speed    0.192 kHz, avg speed   20.005 kHz), accepted    70001/   70001 events (100.00%)
Processed  8080000/ 8620133 entries (elapsed time   454.9s, curr speed    0.194 kHz, avg speed   17.761 kHz), accepted    80001/   80001 events (100.00%)
Processed  8090000/ 8620133 entries (elapsed time   504.3s, curr speed    0.203 kHz, avg speed   16.043 kHz), accepted    90001/   90001 events (100.00%)
Processed  8100000/ 8620133 entries (elapsed time   559.0s, curr speed    0.183 kHz, avg speed   14.490 kHz), accepted   100001/  100001 events (100.00%)
Processed  8110000/ 8620133 entries (elapsed time   609.2s, curr speed    0.199 kHz, avg speed   13.313 kHz), accepted   110001/  110001 events (100.00%)
Processed  8120000/ 8620133 entries (elapsed time   710.6s, curr speed    0.099 kHz, avg speed   11.427 kHz), accepted   120001/  120001 events (100.00%)
Processed  8130000/ 8620133 entries (elapsed time   762.6s, curr speed    0.192 kHz, avg speed   10.660 kHz), accepted   130001/  130001 events (100.00%)
Processed  8140000/ 8620133 entries (elapsed time   817.2s, curr speed    0.183 kHz, avg speed    9.961 kHz), accepted   140001/  140001 events (100.00%)
Processed  8150000/ 8620133 entries (elapsed time   869.8s, curr speed    0.190 kHz, avg speed    9.370 kHz), accepted   150001/  150001 events (100.00%)
Processed  8160000/ 8620133 entries (elapsed time   919.3s, curr speed    0.202 kHz, avg speed    8.877 kHz), accepted   160001/  160001 events (100.00%)
Processed  8170000/ 8620133 entries (elapsed time   969.4s, curr speed    0.199 kHz, avg speed    8.428 kHz), accepted   170001/  170001 events (100.00%)
Processed  8180000/ 8620133 entries (elapsed time  1068.8s, curr speed    0.101 kHz, avg speed    7.653 kHz), accepted   180001/  180001 events (100.00%)
Processed  8190000/ 8620133 entries (elapsed time  1120.3s, curr speed    0.194 kHz, avg speed    7.311 kHz), accepted   190001/  190001 events (100.00%)
Processed  8200000/ 8620133 entries (elapsed time  1171.5s, curr speed    0.195 kHz, avg speed    7.000 kHz), accepted   200001/  200001 events (100.00%)
Processed  8210000/ 8620133 entries (elapsed time  1223.5s, curr speed    0.192 kHz, avg speed    6.710 kHz), accepted   210001/  210001 events (100.00%)
Processed  8220000/ 8620133 entries (elapsed time  1274.9s, curr speed    0.195 kHz, avg speed    6.448 kHz), accepted   220001/  220001 events (100.00%)
Processed  8230000/ 8620133 entries (elapsed time  1323.2s, curr speed    0.207 kHz, avg speed    6.220 kHz), accepted   230001/  230001 events (100.00%)
Processed  8240000/ 8620133 entries (elapsed time  1420.4s, curr speed    0.103 kHz, avg speed    5.801 kHz), accepted   240001/  240001 events (100.00%)
Processed 250000 entries from MY_EOS_SPACE/heppyNtuples/TREES_W_94X/WJetsToLNu_94X_ext_part7/treeProducerWMass/tree.root, selected 250000 entries
Done MY_EOS_SPACE/heppyNtuples/TREES_W_94X/friends/tree_Friend_WJetsToLNu_94X_ext_part7.chunk32.root
