000 (335102.007.000) 05/14 18:00:11 Job submitted from host: <188.184.95.166:9618?addrs=188.184.95.166-9618+[2001-1458-201-e4--100-7a0]-9618&alias=tbird02.cern.ch&noUDP&sock=schedd_2138722_faad_3>
...
040 (335102.007.000) 05/14 18:01:22 Started transferring input files
	Transferring to host: <128.142.240.70:9618?addrs=128.142.240.70-9618+[2001-1458-301-f9--100-4a]-9618&noUDP&sock=4183_0d43_128004>
...
040 (335102.007.000) 05/14 18:01:22 Finished transferring input files
...
001 (335102.007.000) 05/14 18:01:23 Job executing on host: <128.142.240.70:9618?addrs=128.142.240.70-9618+[2001-1458-301-f9--100-4a]-9618&noUDP&sock=2395_5969_3>
...
006 (335102.007.000) 05/14 18:01:31 Image size of job updated: 113384
	54  -  MemoryUsage of job (MB)
	54400  -  ResidentSetSize of job (KB)
...
006 (335102.007.000) 05/14 18:06:31 Image size of job updated: 348736
	337  -  MemoryUsage of job (MB)
	344536  -  ResidentSetSize of job (KB)
...
006 (335102.007.000) 05/14 18:11:32 Image size of job updated: 644032
	625  -  MemoryUsage of job (MB)
	639824  -  ResidentSetSize of job (KB)
...
006 (335102.007.000) 05/14 18:16:33 Image size of job updated: 785404
	763  -  MemoryUsage of job (MB)
	781196  -  ResidentSetSize of job (KB)
...
006 (335102.007.000) 05/14 18:21:33 Image size of job updated: 788772
	767  -  MemoryUsage of job (MB)
	784564  -  ResidentSetSize of job (KB)
...
040 (335102.007.000) 05/14 18:27:38 Started transferring output files
...
040 (335102.007.000) 05/14 18:27:38 Finished transferring output files
...
005 (335102.007.000) 05/14 18:27:38 Job terminated.
	(1) Normal termination (return value 1)
		Usr 0 00:23:13, Sys 0 00:01:50  -  Run Remote Usage
		Usr 0 00:00:00, Sys 0 00:00:00  -  Run Local Usage
		Usr 0 00:23:13, Sys 0 00:01:50  -  Total Remote Usage
		Usr 0 00:00:00, Sys 0 00:00:00  -  Total Local Usage
	11579  -  Run Bytes Sent By Job
	10917  -  Run Bytes Received By Job
	11579  -  Total Bytes Sent By Job
	10917  -  Total Bytes Received By Job
	Partitionable Resources :    Usage  Request Allocated 
	   Cpus                 :                 1           
	   Disk (KB)            :       71        1   2084913 
	   Memory (MB)          :      767     2000      2000 
...
