000 (335104.001.000) 05/14 18:00:12 Job submitted from host: <188.184.95.166:9618?addrs=188.184.95.166-9618+[2001-1458-201-e4--100-7a0]-9618&alias=tbird02.cern.ch&noUDP&sock=schedd_2138722_faad_3>
...
040 (335104.001.000) 05/14 18:01:44 Started transferring input files
	Transferring to host: <188.184.132.15:9618?addrs=188.184.132.15-9618+[2001-1458-301-a0--100-f]-9618&noUDP&sock=4202_7064_128478>
...
040 (335104.001.000) 05/14 18:01:44 Finished transferring input files
...
001 (335104.001.000) 05/14 18:01:45 Job executing on host: <188.184.132.15:9618?addrs=188.184.132.15-9618+[2001-1458-301-a0--100-f]-9618&noUDP&sock=2331_7359_3>
...
006 (335104.001.000) 05/14 18:01:53 Image size of job updated: 287544
	202  -  MemoryUsage of job (MB)
	206804  -  ResidentSetSize of job (KB)
...
006 (335104.001.000) 05/14 18:06:53 Image size of job updated: 430520
	338  -  MemoryUsage of job (MB)
	345864  -  ResidentSetSize of job (KB)
...
006 (335104.001.000) 05/14 18:11:54 Image size of job updated: 729824
	630  -  MemoryUsage of job (MB)
	645116  -  ResidentSetSize of job (KB)
...
006 (335104.001.000) 05/14 18:16:54 Image size of job updated: 866396
	764  -  MemoryUsage of job (MB)
	781688  -  ResidentSetSize of job (KB)
...
006 (335104.001.000) 05/14 18:25:17 Image size of job updated: 1199020
	764  -  MemoryUsage of job (MB)
	781688  -  ResidentSetSize of job (KB)
...
040 (335104.001.000) 05/14 18:25:17 Started transferring output files
...
040 (335104.001.000) 05/14 18:25:17 Finished transferring output files
...
005 (335104.001.000) 05/14 18:25:17 Job terminated.
	(1) Normal termination (return value 1)
		Usr 0 00:20:49, Sys 0 00:01:45  -  Run Remote Usage
		Usr 0 00:00:00, Sys 0 00:00:00  -  Run Local Usage
		Usr 0 00:20:49, Sys 0 00:01:45  -  Total Remote Usage
		Usr 0 00:00:00, Sys 0 00:00:00  -  Total Local Usage
	8528  -  Run Bytes Sent By Job
	10917  -  Run Bytes Received By Job
	8528  -  Total Bytes Sent By Job
	10917  -  Total Bytes Received By Job
	Partitionable Resources :    Usage  Request Allocated 
	   Cpus                 :                 1           
	   Disk (KB)            :       71        1   2104699 
	   Memory (MB)          :      764     2000      2000 
...
