000 (335100.016.000) 05/14 18:00:10 Job submitted from host: <188.184.95.166:9618?addrs=188.184.95.166-9618+[2001-1458-201-e4--100-7a0]-9618&alias=tbird02.cern.ch&noUDP&sock=schedd_2138722_faad_3>
...
040 (335100.016.000) 05/14 18:01:02 Started transferring input files
	Transferring to host: <188.184.186.12:9618?addrs=188.184.186.12-9618+[2001-1458-301-f8--100-2]-9618&noUDP&sock=4120_a9a1_128267>
...
040 (335100.016.000) 05/14 18:01:02 Finished transferring input files
...
001 (335100.016.000) 05/14 18:01:03 Job executing on host: <188.184.186.12:9618?addrs=188.184.186.12-9618+[2001-1458-301-f8--100-2]-9618&noUDP&sock=2349_cc0e_3>
...
006 (335100.016.000) 05/14 18:01:11 Image size of job updated: 187988
	110  -  MemoryUsage of job (MB)
	111900  -  ResidentSetSize of job (KB)
...
006 (335100.016.000) 05/14 18:06:11 Image size of job updated: 350172
	338  -  MemoryUsage of job (MB)
	345776  -  ResidentSetSize of job (KB)
...
006 (335100.016.000) 05/14 18:11:12 Image size of job updated: 651064
	632  -  MemoryUsage of job (MB)
	646660  -  ResidentSetSize of job (KB)
...
006 (335100.016.000) 05/14 18:16:12 Image size of job updated: 782024
	760  -  MemoryUsage of job (MB)
	777620  -  ResidentSetSize of job (KB)
...
006 (335100.016.000) 05/14 18:21:12 Image size of job updated: 786200
	764  -  MemoryUsage of job (MB)
	781796  -  ResidentSetSize of job (KB)
...
040 (335100.016.000) 05/14 18:26:31 Started transferring output files
...
040 (335100.016.000) 05/14 18:26:31 Finished transferring output files
...
005 (335100.016.000) 05/14 18:26:31 Job terminated.
	(1) Normal termination (return value 1)
		Usr 0 00:22:22, Sys 0 00:01:52  -  Run Remote Usage
		Usr 0 00:00:00, Sys 0 00:00:00  -  Run Local Usage
		Usr 0 00:22:22, Sys 0 00:01:52  -  Total Remote Usage
		Usr 0 00:00:00, Sys 0 00:00:00  -  Total Local Usage
	8533  -  Run Bytes Sent By Job
	10917  -  Run Bytes Received By Job
	8533  -  Total Bytes Sent By Job
	10917  -  Total Bytes Received By Job
	Partitionable Resources :    Usage  Request Allocated 
	   Cpus                 :                 1           
	   Disk (KB)            :       71        1   2146446 
	   Memory (MB)          :      764     2000      2000 
...
