000 (335109.013.000) 05/14 18:00:17 Job submitted from host: <188.184.95.166:9618?addrs=188.184.95.166-9618+[2001-1458-201-e4--100-7a0]-9618&alias=tbird02.cern.ch&noUDP&sock=schedd_2138722_faad_3>
...
022 (335109.013.000) 05/14 18:10:46 Job disconnected, attempting to reconnect
    Socket between submit and execute hosts closed unexpectedly
    Trying to reconnect to slot1_3@b7g28n0095.cern.ch <188.184.186.30:9618?addrs=188.184.186.30-9618+[2001-1458-301-f8--100-2b]-9618&noUDP&sock=2326_0560_3>
...
024 (335109.013.000) 05/14 18:10:46 Job reconnection failed
    Job not found at execution machine
    Can not reconnect to slot1_3@b7g28n0095.cern.ch, rescheduling job
...
040 (335109.013.000) 05/14 18:13:11 Started transferring input files
	Transferring to host: <128.142.240.53:9618?addrs=128.142.240.53-9618+[2001-1458-301-f9--100-24]-9618&noUDP&sock=3930_ca59_128728>
...
040 (335109.013.000) 05/14 18:13:11 Finished transferring input files
...
001 (335109.013.000) 05/14 18:13:12 Job executing on host: <128.142.240.53:9618?addrs=128.142.240.53-9618+[2001-1458-301-f9--100-24]-9618&noUDP&sock=2329_1429_3>
...
006 (335109.013.000) 05/14 18:13:20 Image size of job updated: 348628
	257  -  MemoryUsage of job (MB)
	262976  -  ResidentSetSize of job (KB)
...
006 (335109.013.000) 05/14 18:18:20 Image size of job updated: 778424
	676  -  MemoryUsage of job (MB)
	691756  -  ResidentSetSize of job (KB)
...
006 (335109.013.000) 05/14 18:23:20 Image size of job updated: 868584
	764  -  MemoryUsage of job (MB)
	781916  -  ResidentSetSize of job (KB)
...
040 (335109.013.000) 05/14 18:24:26 Started transferring output files
...
040 (335109.013.000) 05/14 18:24:26 Finished transferring output files
...
005 (335109.013.000) 05/14 18:24:26 Job terminated.
	(1) Normal termination (return value 1)
		Usr 0 00:10:05, Sys 0 00:01:00  -  Run Remote Usage
		Usr 0 00:00:00, Sys 0 00:00:00  -  Run Local Usage
		Usr 0 00:10:05, Sys 0 00:01:00  -  Total Remote Usage
		Usr 0 00:00:00, Sys 0 00:00:00  -  Total Local Usage
	8490  -  Run Bytes Sent By Job
	10917  -  Run Bytes Received By Job
	8490  -  Total Bytes Sent By Job
	10917  -  Total Bytes Received By Job
	Partitionable Resources :    Usage  Request Allocated 
	   Cpus                 :                 1           
	   Disk (KB)            :       71        1   2136859 
	   Memory (MB)          :      764     2000      2000 
...
