000 (335104.033.000) 05/14 18:00:12 Job submitted from host: <188.184.95.166:9618?addrs=188.184.95.166-9618+[2001-1458-201-e4--100-7a0]-9618&alias=tbird02.cern.ch&noUDP&sock=schedd_2138722_faad_3>
...
022 (335104.033.000) 05/14 18:01:55 Job disconnected, attempting to reconnect
    Socket between submit and execute hosts closed unexpectedly
    Trying to reconnect to slot1_3@b7g28n0801.cern.ch <188.184.132.48:9618?addrs=188.184.132.48-9618+[--1]-9618&noUDP&sock=2265_2e19_3>
...
024 (335104.033.000) 05/14 18:01:55 Job reconnection failed
    Job not found at execution machine
    Can not reconnect to slot1_3@b7g28n0801.cern.ch, rescheduling job
...
022 (335104.033.000) 05/14 18:03:03 Job disconnected, attempting to reconnect
    Socket between submit and execute hosts closed unexpectedly
    Trying to reconnect to slot1_2@b7g28n0823.cern.ch <128.142.240.56:9618?addrs=128.142.240.56-9618+[2001-1458-301-f9--100-3e]-9618&noUDP&sock=2356_9938_3>
...
024 (335104.033.000) 05/14 18:03:03 Job reconnection failed
    Job not found at execution machine
    Can not reconnect to slot1_2@b7g28n0823.cern.ch, rescheduling job
...
040 (335104.033.000) 05/14 18:03:13 Started transferring input files
	Transferring to host: <188.184.207.169:9618?addrs=188.184.207.169-9618+[2001-1458-301-7d--100-4f7]-9618&noUDP&sock=4201_bc04_128731>
...
040 (335104.033.000) 05/14 18:03:13 Finished transferring input files
...
001 (335104.033.000) 05/14 18:03:14 Job executing on host: <188.184.207.169:9618?addrs=188.184.207.169-9618+[2001-1458-301-7d--100-4f7]-9618&noUDP&sock=2350_7ba6_3>
...
006 (335104.033.000) 05/14 18:03:22 Image size of job updated: 346152
	259  -  MemoryUsage of job (MB)
	264216  -  ResidentSetSize of job (KB)
...
006 (335104.033.000) 05/14 18:08:22 Image size of job updated: 729440
	632  -  MemoryUsage of job (MB)
	646900  -  ResidentSetSize of job (KB)
...
006 (335104.033.000) 05/14 18:13:23 Image size of job updated: 863536
	763  -  MemoryUsage of job (MB)
	780996  -  ResidentSetSize of job (KB)
...
040 (335104.033.000) 05/14 18:14:44 Started transferring output files
...
040 (335104.033.000) 05/14 18:14:44 Finished transferring output files
...
005 (335104.033.000) 05/14 18:14:44 Job terminated.
	(1) Normal termination (return value 1)
		Usr 0 00:10:27, Sys 0 00:00:58  -  Run Remote Usage
		Usr 0 00:00:00, Sys 0 00:00:00  -  Run Local Usage
		Usr 0 00:10:27, Sys 0 00:00:58  -  Total Remote Usage
		Usr 0 00:00:00, Sys 0 00:00:00  -  Total Local Usage
	11274  -  Run Bytes Sent By Job
	10917  -  Run Bytes Received By Job
	11274  -  Total Bytes Sent By Job
	10917  -  Total Bytes Received By Job
	Partitionable Resources :    Usage  Request Allocated 
	   Cpus                 :                 1           
	   Disk (KB)            :       71        1   2196767 
	   Memory (MB)          :      763     2000      2000 
...
