   WJetsToLNu_94X_ext_part5   MC  34 chunks


I have 1 taks to process
I'm using the following list of modules DEFAULT_MODULES
this is jobs [('WJetsToLNu_94X_ext_part5', 'MY_EOS_SPACE/heppyNtuples/TREES_W_94X/WJetsToLNu_94X_ext_part5/treeProducerWMass/tree.root', 4398817427113.387, '_Friend_WJetsToLNu_94X_ext_part5.chunk30', False, xrange(7500000, 7750000), 30)]
Modules to run:  []   name =  puWeight
Loading puWeight from CMGTools.WMass.postprocessing.examples.puWeightProducer 
Running on dataset =  WJetsToLNu_94X_ext_part5
TFile: name=/afs/cern.ch/work/m/mciprian/w_mass_analysis/heppy/rel_slc7/CMSSW_9_4_12/src/CMGTools/WMass/python/postprocessing/data/pileup/mcPU_2016_W94XnoCutsWithGenWeights_nTrueInt.root, title=, option=READ
TFile: name=/afs/cern.ch/work/m/mciprian/w_mass_analysis/heppy/rel_slc7/CMSSW_9_4_12/src/CMGTools/WMass/python/postprocessing/data/pileup/PileupData_GoldenMuonJSON_Full2016.root, title=, option=READ
Load C++ Worker
Modules to run:  []   name =  muCalibratedWithStatVar
Loading muCalibratedWithStatVar from CMGTools.WMass.postprocessing.examples.lepVarProducer 
Running on dataset =  WJetsToLNu_94X_ext_part5
did not find EnergyScaleCorrection shared object, rebuilding
trying to load all the rochester correction libraries
did not find legacy data roccor. rebuilding...
done building legacy data roccor.
Modules to run:  []   name =  jetAllReCleaner
Loading jetAllReCleaner from CMGTools.WMass.postprocessing.examples.jetReCleaner 
Running on dataset =  WJetsToLNu_94X_ext_part5
Load C++ Worker
Modules to run:  []   name =  jetReCleaner
Loading jetReCleaner from CMGTools.WMass.postprocessing.examples.jetReCleaner 
Running on dataset =  WJetsToLNu_94X_ext_part5
Load C++ Worker
Modules to run:  []   name =  genQEDJets
Loading genQEDJets from CMGTools.WMass.postprocessing.examples.genFriendProducer 
Running on dataset =  WJetsToLNu_94X_ext_part5
Will write selected trees to MY_EOS_SPACE/heppyNtuples/TREES_W_94X/friends/
Normalization of nTrueInt_Wnopt: 3.68902e+10
Normalization of pileup: 3.68902e+10
Weights for variable nTrueInt_Wnopt with a number of bins equal to 102:
1 0.3634 0.9215 1.196 0.96 1.118 1.157 0.9675 0.9293 0.9192 0.8823 0.9553 1.062 1.116 1.167 1.194 1.2 1.193 1.177 1.14 1.092 1.06 1.047 1.046 1.047 1.048 1.06 1.077 1.092 1.106 1.122 1.108 1.097 1.051 0.992 0.9144 0.8237 0.7175 0.6087 0.5019 0.4029 0.3076 0.2264 0.1622 0.1123 0.07656 0.05052 0.03159 0.01992 0.01212 0.007355 0.004361 0.002593 0.001553 0.0009624 0.0007219 0.0006632 0.0007233 0.0009289 0.001329 0.001772 0.003222 0.004042 0.00487 0.005064 0.005658 0.005309 0.004846 0.004101 0.003977 0.003686 0.003306 0.002672 0.002286 0.001878 0.00167 1 1 1 1 1 1 1 1 1 1 1 1 1 1 1 1 1 1 1 1 1 1 1 1 1 1 .
Final weights: 
1 0.3634 0.9215 1.196 0.96 1.118 1.157 0.9675 0.9293 0.9192 0.8823 0.9553 1.062 1.116 1.167 1.194 1.2 1.193 1.177 1.14 1.092 1.06 1.047 1.046 1.047 1.048 1.06 1.077 1.092 1.106 1.122 1.108 1.097 1.051 0.992 0.9144 0.8237 0.7175 0.6087 0.5019 0.4029 0.3076 0.2264 0.1622 0.1123 0.07656 0.05052 0.03159 0.01992 0.01212 0.007355 0.004361 0.002593 0.001553 0.0009624 0.0007219 0.0006632 0.0007233 0.0009289 0.001329 0.001772 0.003222 0.004042 0.00487 0.005064 0.005658 0.005309 0.004846 0.004101 0.003977 0.003686 0.003306 0.002672 0.002286 0.001878 0.00167 1 1 1 1 1 1 1 1 1 1 1 1 1 1 1 1 1 1 1 1 1 1 1 1 1 1 .
begin job of lepCalProducer
initializing all the rochester correction objects
initializing the egamma calibrator
Processed  7500000/ 8470935 entries (elapsed time     1.0s, curr speed    9.524 kHz, avg speed 7142.857 kHz), accepted        1/       1 events (100.00%)
Processed  7510000/ 8470935 entries (elapsed time    52.9s, curr speed    0.193 kHz, avg speed  141.859 kHz), accepted    10001/   10001 events (100.00%)
Processed  7520000/ 8470935 entries (elapsed time   105.4s, curr speed    0.191 kHz, avg speed   71.334 kHz), accepted    20001/   20001 events (100.00%)
Processed  7530000/ 8470935 entries (elapsed time   157.1s, curr speed    0.194 kHz, avg speed   47.937 kHz), accepted    30001/   30001 events (100.00%)
Processed  7540000/ 8470935 entries (elapsed time   210.1s, curr speed    0.189 kHz, avg speed   35.884 kHz), accepted    40001/   40001 events (100.00%)
Processed  7550000/ 8470935 entries (elapsed time   261.3s, curr speed    0.196 kHz, avg speed   28.897 kHz), accepted    50001/   50001 events (100.00%)
Processed  7560000/ 8470935 entries (elapsed time   313.0s, curr speed    0.193 kHz, avg speed   24.153 kHz), accepted    60001/   60001 events (100.00%)
Processed  7570000/ 8470935 entries (elapsed time   358.6s, curr speed    0.219 kHz, avg speed   21.110 kHz), accepted    70001/   70001 events (100.00%)
Processed  7580000/ 8470935 entries (elapsed time   405.0s, curr speed    0.215 kHz, avg speed   18.715 kHz), accepted    80001/   80001 events (100.00%)
Processed  7590000/ 8470935 entries (elapsed time   453.7s, curr speed    0.206 kHz, avg speed   16.730 kHz), accepted    90001/   90001 events (100.00%)
Processed  7600000/ 8470935 entries (elapsed time   500.2s, curr speed    0.215 kHz, avg speed   15.192 kHz), accepted   100001/  100001 events (100.00%)
Processed  7610000/ 8470935 entries (elapsed time   548.2s, curr speed    0.209 kHz, avg speed   13.883 kHz), accepted   110001/  110001 events (100.00%)
Processed  7620000/ 8470935 entries (elapsed time   638.5s, curr speed    0.111 kHz, avg speed   11.934 kHz), accepted   120001/  120001 events (100.00%)
Processed  7630000/ 8470935 entries (elapsed time   686.5s, curr speed    0.208 kHz, avg speed   11.114 kHz), accepted   130001/  130001 events (100.00%)
Processed  7640000/ 8470935 entries (elapsed time   732.6s, curr speed    0.217 kHz, avg speed   10.428 kHz), accepted   140001/  140001 events (100.00%)
Processed  7650000/ 8470935 entries (elapsed time   779.4s, curr speed    0.214 kHz, avg speed    9.815 kHz), accepted   150001/  150001 events (100.00%)
Processed  7660000/ 8470935 entries (elapsed time   826.0s, curr speed    0.215 kHz, avg speed    9.274 kHz), accepted   160001/  160001 events (100.00%)
Processed  7670000/ 8470935 entries (elapsed time   874.2s, curr speed    0.208 kHz, avg speed    8.774 kHz), accepted   170001/  170001 events (100.00%)
Processed  7680000/ 8470935 entries (elapsed time   966.4s, curr speed    0.108 kHz, avg speed    7.947 kHz), accepted   180001/  180001 events (100.00%)
Processed  7690000/ 8470935 entries (elapsed time  1013.1s, curr speed    0.214 kHz, avg speed    7.590 kHz), accepted   190001/  190001 events (100.00%)
Processed  7700000/ 8470935 entries (elapsed time  1061.7s, curr speed    0.206 kHz, avg speed    7.253 kHz), accepted   200001/  200001 events (100.00%)
Processed  7710000/ 8470935 entries (elapsed time  1108.1s, curr speed    0.216 kHz, avg speed    6.958 kHz), accepted   210001/  210001 events (100.00%)
Processed  7720000/ 8470935 entries (elapsed time  1156.8s, curr speed    0.205 kHz, avg speed    6.674 kHz), accepted   220001/  220001 events (100.00%)
Processed  7730000/ 8470935 entries (elapsed time  1203.7s, curr speed    0.213 kHz, avg speed    6.422 kHz), accepted   230001/  230001 events (100.00%)
Processed  7740000/ 8470935 entries (elapsed time  1296.7s, curr speed    0.107 kHz, avg speed    5.969 kHz), accepted   240001/  240001 events (100.00%)
Processed 250000 entries from MY_EOS_SPACE/heppyNtuples/TREES_W_94X/WJetsToLNu_94X_ext_part5/treeProducerWMass/tree.root, selected 250000 entries
Done MY_EOS_SPACE/heppyNtuples/TREES_W_94X/friends/tree_Friend_WJetsToLNu_94X_ext_part5.chunk30.root
