   WJetsToLNu_94X_ext_part2   MC  34 chunks


I have 1 taks to process
I'm using the following list of modules DEFAULT_MODULES
this is jobs [('WJetsToLNu_94X_ext_part2', 'MY_EOS_SPACE/heppyNtuples/TREES_W_94X/WJetsToLNu_94X_ext_part2/treeProducerWMass/tree.root', 4370113046328.844, '_Friend_WJetsToLNu_94X_ext_part2.chunk30', False, xrange(7500000, 7750000), 30)]
Modules to run:  []   name =  puWeight
Loading puWeight from CMGTools.WMass.postprocessing.examples.puWeightProducer 
Running on dataset =  WJetsToLNu_94X_ext_part2
TFile: name=/afs/cern.ch/work/m/mciprian/w_mass_analysis/heppy/rel_slc7/CMSSW_9_4_12/src/CMGTools/WMass/python/postprocessing/data/pileup/mcPU_2016_W94XnoCutsWithGenWeights_nTrueInt.root, title=, option=READ
TFile: name=/afs/cern.ch/work/m/mciprian/w_mass_analysis/heppy/rel_slc7/CMSSW_9_4_12/src/CMGTools/WMass/python/postprocessing/data/pileup/PileupData_GoldenMuonJSON_Full2016.root, title=, option=READ
Load C++ Worker
Modules to run:  []   name =  muCalibratedWithStatVar
Loading muCalibratedWithStatVar from CMGTools.WMass.postprocessing.examples.lepVarProducer 
Running on dataset =  WJetsToLNu_94X_ext_part2
did not find EnergyScaleCorrection shared object, rebuilding
trying to load all the rochester correction libraries
did not find legacy data roccor. rebuilding...
done building legacy data roccor.
Modules to run:  []   name =  jetAllReCleaner
Loading jetAllReCleaner from CMGTools.WMass.postprocessing.examples.jetReCleaner 
Running on dataset =  WJetsToLNu_94X_ext_part2
Load C++ Worker
Modules to run:  []   name =  jetReCleaner
Loading jetReCleaner from CMGTools.WMass.postprocessing.examples.jetReCleaner 
Running on dataset =  WJetsToLNu_94X_ext_part2
Load C++ Worker
Modules to run:  []   name =  genQEDJets
Loading genQEDJets from CMGTools.WMass.postprocessing.examples.genFriendProducer 
Running on dataset =  WJetsToLNu_94X_ext_part2
Will write selected trees to MY_EOS_SPACE/heppyNtuples/TREES_W_94X/friends/
Normalization of nTrueInt_Wnopt: 3.68902e+10
Normalization of pileup: 3.68902e+10
Weights for variable nTrueInt_Wnopt with a number of bins equal to 102:
1 0.3634 0.9215 1.196 0.96 1.118 1.157 0.9675 0.9293 0.9192 0.8823 0.9553 1.062 1.116 1.167 1.194 1.2 1.193 1.177 1.14 1.092 1.06 1.047 1.046 1.047 1.048 1.06 1.077 1.092 1.106 1.122 1.108 1.097 1.051 0.992 0.9144 0.8237 0.7175 0.6087 0.5019 0.4029 0.3076 0.2264 0.1622 0.1123 0.07656 0.05052 0.03159 0.01992 0.01212 0.007355 0.004361 0.002593 0.001553 0.0009624 0.0007219 0.0006632 0.0007233 0.0009289 0.001329 0.001772 0.003222 0.004042 0.00487 0.005064 0.005658 0.005309 0.004846 0.004101 0.003977 0.003686 0.003306 0.002672 0.002286 0.001878 0.00167 1 1 1 1 1 1 1 1 1 1 1 1 1 1 1 1 1 1 1 1 1 1 1 1 1 1 .
Final weights: 
1 0.3634 0.9215 1.196 0.96 1.118 1.157 0.9675 0.9293 0.9192 0.8823 0.9553 1.062 1.116 1.167 1.194 1.2 1.193 1.177 1.14 1.092 1.06 1.047 1.046 1.047 1.048 1.06 1.077 1.092 1.106 1.122 1.108 1.097 1.051 0.992 0.9144 0.8237 0.7175 0.6087 0.5019 0.4029 0.3076 0.2264 0.1622 0.1123 0.07656 0.05052 0.03159 0.01992 0.01212 0.007355 0.004361 0.002593 0.001553 0.0009624 0.0007219 0.0006632 0.0007233 0.0009289 0.001329 0.001772 0.003222 0.004042 0.00487 0.005064 0.005658 0.005309 0.004846 0.004101 0.003977 0.003686 0.003306 0.002672 0.002286 0.001878 0.00167 1 1 1 1 1 1 1 1 1 1 1 1 1 1 1 1 1 1 1 1 1 1 1 1 1 1 .
begin job of lepCalProducer
initializing all the rochester correction objects
initializing the egamma calibrator
Processed  7500000/ 8421292 entries (elapsed time     0.8s, curr speed   12.821 kHz, avg speed 9615.385 kHz), accepted        1/       1 events (100.00%)
Processed  7510000/ 8421292 entries (elapsed time    52.7s, curr speed    0.193 kHz, avg speed  142.559 kHz), accepted    10001/   10001 events (100.00%)
Processed  7520000/ 8421292 entries (elapsed time   109.5s, curr speed    0.176 kHz, avg speed   68.663 kHz), accepted    20001/   20001 events (100.00%)
Processed  7530000/ 8421292 entries (elapsed time   165.8s, curr speed    0.178 kHz, avg speed   45.419 kHz), accepted    30001/   30001 events (100.00%)
Processed  7540000/ 8421292 entries (elapsed time   221.8s, curr speed    0.179 kHz, avg speed   33.999 kHz), accepted    40001/   40001 events (100.00%)
Processed  7550000/ 8421292 entries (elapsed time   275.5s, curr speed    0.186 kHz, avg speed   27.406 kHz), accepted    50001/   50001 events (100.00%)
Processed  7560000/ 8421292 entries (elapsed time   330.9s, curr speed    0.180 kHz, avg speed   22.845 kHz), accepted    60001/   60001 events (100.00%)
Processed  7570000/ 8421292 entries (elapsed time   379.1s, curr speed    0.208 kHz, avg speed   19.968 kHz), accepted    70001/   70001 events (100.00%)
Processed  7580000/ 8421292 entries (elapsed time   428.5s, curr speed    0.202 kHz, avg speed   17.690 kHz), accepted    80001/   80001 events (100.00%)
Processed  7590000/ 8421292 entries (elapsed time   478.7s, curr speed    0.199 kHz, avg speed   15.857 kHz), accepted    90001/   90001 events (100.00%)
Processed  7600000/ 8421292 entries (elapsed time   527.0s, curr speed    0.207 kHz, avg speed   14.421 kHz), accepted   100001/  100001 events (100.00%)
Processed  7610000/ 8421292 entries (elapsed time   576.6s, curr speed    0.202 kHz, avg speed   13.197 kHz), accepted   110001/  110001 events (100.00%)
Processed  7620000/ 8421292 entries (elapsed time   672.1s, curr speed    0.105 kHz, avg speed   11.338 kHz), accepted   120001/  120001 events (100.00%)
Processed  7630000/ 8421292 entries (elapsed time   722.5s, curr speed    0.198 kHz, avg speed   10.561 kHz), accepted   130001/  130001 events (100.00%)
Processed  7640000/ 8421292 entries (elapsed time   770.6s, curr speed    0.208 kHz, avg speed    9.914 kHz), accepted   140001/  140001 events (100.00%)
Processed  7650000/ 8421292 entries (elapsed time   819.1s, curr speed    0.206 kHz, avg speed    9.339 kHz), accepted   150001/  150001 events (100.00%)
Processed  7660000/ 8421292 entries (elapsed time   869.7s, curr speed    0.198 kHz, avg speed    8.808 kHz), accepted   160001/  160001 events (100.00%)
Processed  7670000/ 8421292 entries (elapsed time   917.8s, curr speed    0.208 kHz, avg speed    8.357 kHz), accepted   170001/  170001 events (100.00%)
Processed  7680000/ 8421292 entries (elapsed time  1014.0s, curr speed    0.104 kHz, avg speed    7.574 kHz), accepted   180001/  180001 events (100.00%)
Processed  7690000/ 8421292 entries (elapsed time  1064.7s, curr speed    0.197 kHz, avg speed    7.223 kHz), accepted   190001/  190001 events (100.00%)
Processed  7700000/ 8421292 entries (elapsed time  1113.7s, curr speed    0.204 kHz, avg speed    6.914 kHz), accepted   200001/  200001 events (100.00%)
Processed  7710000/ 8421292 entries (elapsed time  1164.7s, curr speed    0.196 kHz, avg speed    6.620 kHz), accepted   210001/  210001 events (100.00%)
Processed  7720000/ 8421292 entries (elapsed time  1215.5s, curr speed    0.197 kHz, avg speed    6.351 kHz), accepted   220001/  220001 events (100.00%)
Processed  7730000/ 8421292 entries (elapsed time  1266.3s, curr speed    0.197 kHz, avg speed    6.104 kHz), accepted   230001/  230001 events (100.00%)
Processed  7740000/ 8421292 entries (elapsed time  1363.8s, curr speed    0.103 kHz, avg speed    5.675 kHz), accepted   240001/  240001 events (100.00%)
Processed 250000 entries from MY_EOS_SPACE/heppyNtuples/TREES_W_94X/WJetsToLNu_94X_ext_part2/treeProducerWMass/tree.root, selected 250000 entries
Done MY_EOS_SPACE/heppyNtuples/TREES_W_94X/friends/tree_Friend_WJetsToLNu_94X_ext_part2.chunk30.root
