000 (335104.010.000) 05/14 18:00:12 Job submitted from host: <188.184.95.166:9618?addrs=188.184.95.166-9618+[2001-1458-201-e4--100-7a0]-9618&alias=tbird02.cern.ch&noUDP&sock=schedd_2138722_faad_3>
...
022 (335104.010.000) 05/14 18:01:47 Job disconnected, attempting to reconnect
    Socket between submit and execute hosts closed unexpectedly
    Trying to reconnect to slot1_3@b7g28n0095.cern.ch <188.184.186.30:9618?addrs=188.184.186.30-9618+[2001-1458-301-f8--100-2b]-9618&noUDP&sock=2326_0560_3>
...
024 (335104.010.000) 05/14 18:01:47 Job reconnection failed
    Job not found at execution machine
    Can not reconnect to slot1_3@b7g28n0095.cern.ch, rescheduling job
...
022 (335104.010.000) 05/14 18:03:03 Job disconnected, attempting to reconnect
    Socket between submit and execute hosts closed unexpectedly
    Trying to reconnect to slot1_2@b7g28n0843.cern.ch <188.184.186.13:9618?addrs=188.184.186.13-9618+[2001-1458-301-f8--100-16]-9618&noUDP&sock=2335_31ba_3>
...
024 (335104.010.000) 05/14 18:03:03 Job reconnection failed
    Job not found at execution machine
    Can not reconnect to slot1_2@b7g28n0843.cern.ch, rescheduling job
...
040 (335104.010.000) 05/14 18:03:13 Started transferring input files
	Transferring to host: <128.142.240.20:9618?addrs=128.142.240.20-9618+[2001-1458-301-f9--100-4]-9618&noUDP&sock=29066_6057_1779>
...
040 (335104.010.000) 05/14 18:03:13 Finished transferring input files
...
001 (335104.010.000) 05/14 18:03:14 Job executing on host: <128.142.240.20:9618?addrs=128.142.240.20-9618+[2001-1458-301-f9--100-4]-9618&noUDP&sock=2375_a184_3>
...
006 (335104.010.000) 05/14 18:03:22 Image size of job updated: 113808
	58  -  MemoryUsage of job (MB)
	58924  -  ResidentSetSize of job (KB)
...
006 (335104.010.000) 05/14 18:08:22 Image size of job updated: 348276
	339  -  MemoryUsage of job (MB)
	347108  -  ResidentSetSize of job (KB)
...
006 (335104.010.000) 05/14 18:13:23 Image size of job updated: 643380
	628  -  MemoryUsage of job (MB)
	643024  -  ResidentSetSize of job (KB)
...
006 (335104.010.000) 05/14 18:18:23 Image size of job updated: 781816
	764  -  MemoryUsage of job (MB)
	781460  -  ResidentSetSize of job (KB)
...
006 (335104.010.000) 05/14 18:23:23 Image size of job updated: 781876
	764  -  MemoryUsage of job (MB)
	781520  -  ResidentSetSize of job (KB)
...
040 (335104.010.000) 05/14 18:27:17 Started transferring output files
...
040 (335104.010.000) 05/14 18:27:17 Finished transferring output files
...
005 (335104.010.000) 05/14 18:27:17 Job terminated.
	(1) Normal termination (return value 1)
		Usr 0 00:20:56, Sys 0 00:01:53  -  Run Remote Usage
		Usr 0 00:00:00, Sys 0 00:00:00  -  Run Local Usage
		Usr 0 00:20:56, Sys 0 00:01:53  -  Total Remote Usage
		Usr 0 00:00:00, Sys 0 00:00:00  -  Total Local Usage
	8533  -  Run Bytes Sent By Job
	10917  -  Run Bytes Received By Job
	8533  -  Total Bytes Sent By Job
	10917  -  Total Bytes Received By Job
	Partitionable Resources :    Usage  Request Allocated 
	   Cpus                 :     1.02        1         1 
	   Disk (KB)            :    78           1    217810 
	   Memory (MB)          :   764        2000      2000 
...
