   WJetsToLNu_94X_ext_part5   MC  34 chunks


I have 1 taks to process
I'm using the following list of modules DEFAULT_MODULES
this is jobs [('WJetsToLNu_94X_ext_part5', 'MY_EOS_SPACE/heppyNtuples/TREES_W_94X/WJetsToLNu_94X_ext_part5/treeProducerWMass/tree.root', 4398817427113.387, '_Friend_WJetsToLNu_94X_ext_part5.chunk24', False, xrange(6000000, 6250000), 24)]
Modules to run:  []   name =  puWeight
Loading puWeight from CMGTools.WMass.postprocessing.examples.puWeightProducer 
Running on dataset =  WJetsToLNu_94X_ext_part5
TFile: name=/afs/cern.ch/work/m/mciprian/w_mass_analysis/heppy/rel_slc7/CMSSW_9_4_12/src/CMGTools/WMass/python/postprocessing/data/pileup/mcPU_2016_W94XnoCutsWithGenWeights_nTrueInt.root, title=, option=READ
TFile: name=/afs/cern.ch/work/m/mciprian/w_mass_analysis/heppy/rel_slc7/CMSSW_9_4_12/src/CMGTools/WMass/python/postprocessing/data/pileup/PileupData_GoldenMuonJSON_Full2016.root, title=, option=READ
Load C++ Worker
Modules to run:  []   name =  muCalibratedWithStatVar
Loading muCalibratedWithStatVar from CMGTools.WMass.postprocessing.examples.lepVarProducer 
Running on dataset =  WJetsToLNu_94X_ext_part5
did not find EnergyScaleCorrection shared object, rebuilding
trying to load all the rochester correction libraries
did not find legacy data roccor. rebuilding...
done building legacy data roccor.
Modules to run:  []   name =  jetAllReCleaner
Loading jetAllReCleaner from CMGTools.WMass.postprocessing.examples.jetReCleaner 
Running on dataset =  WJetsToLNu_94X_ext_part5
Load C++ Worker
Modules to run:  []   name =  jetReCleaner
Loading jetReCleaner from CMGTools.WMass.postprocessing.examples.jetReCleaner 
Running on dataset =  WJetsToLNu_94X_ext_part5
Load C++ Worker
Modules to run:  []   name =  genQEDJets
Loading genQEDJets from CMGTools.WMass.postprocessing.examples.genFriendProducer 
Running on dataset =  WJetsToLNu_94X_ext_part5
Will write selected trees to MY_EOS_SPACE/heppyNtuples/TREES_W_94X/friends/
Normalization of nTrueInt_Wnopt: 3.68902e+10
Normalization of pileup: 3.68902e+10
Weights for variable nTrueInt_Wnopt with a number of bins equal to 102:
1 0.3634 0.9215 1.196 0.96 1.118 1.157 0.9675 0.9293 0.9192 0.8823 0.9553 1.062 1.116 1.167 1.194 1.2 1.193 1.177 1.14 1.092 1.06 1.047 1.046 1.047 1.048 1.06 1.077 1.092 1.106 1.122 1.108 1.097 1.051 0.992 0.9144 0.8237 0.7175 0.6087 0.5019 0.4029 0.3076 0.2264 0.1622 0.1123 0.07656 0.05052 0.03159 0.01992 0.01212 0.007355 0.004361 0.002593 0.001553 0.0009624 0.0007219 0.0006632 0.0007233 0.0009289 0.001329 0.001772 0.003222 0.004042 0.00487 0.005064 0.005658 0.005309 0.004846 0.004101 0.003977 0.003686 0.003306 0.002672 0.002286 0.001878 0.00167 1 1 1 1 1 1 1 1 1 1 1 1 1 1 1 1 1 1 1 1 1 1 1 1 1 1 .
Final weights: 
1 0.3634 0.9215 1.196 0.96 1.118 1.157 0.9675 0.9293 0.9192 0.8823 0.9553 1.062 1.116 1.167 1.194 1.2 1.193 1.177 1.14 1.092 1.06 1.047 1.046 1.047 1.048 1.06 1.077 1.092 1.106 1.122 1.108 1.097 1.051 0.992 0.9144 0.8237 0.7175 0.6087 0.5019 0.4029 0.3076 0.2264 0.1622 0.1123 0.07656 0.05052 0.03159 0.01992 0.01212 0.007355 0.004361 0.002593 0.001553 0.0009624 0.0007219 0.0006632 0.0007233 0.0009289 0.001329 0.001772 0.003222 0.004042 0.00487 0.005064 0.005658 0.005309 0.004846 0.004101 0.003977 0.003686 0.003306 0.002672 0.002286 0.001878 0.00167 1 1 1 1 1 1 1 1 1 1 1 1 1 1 1 1 1 1 1 1 1 1 1 1 1 1 .
begin job of lepCalProducer
initializing all the rochester correction objects
initializing the egamma calibrator
Processed  6000000/ 8470935 entries (elapsed time     1.0s, curr speed    9.615 kHz, avg speed 5769.231 kHz), accepted        1/       1 events (100.00%)
Processed  6010000/ 8470935 entries (elapsed time    56.1s, curr speed    0.182 kHz, avg speed  107.168 kHz), accepted    10001/   10001 events (100.00%)
Processed  6020000/ 8470935 entries (elapsed time   112.4s, curr speed    0.178 kHz, avg speed   53.554 kHz), accepted    20001/   20001 events (100.00%)
Processed  6030000/ 8470935 entries (elapsed time   169.4s, curr speed    0.176 kHz, avg speed   35.600 kHz), accepted    30001/   30001 events (100.00%)
Processed  6040000/ 8470935 entries (elapsed time   225.9s, curr speed    0.177 kHz, avg speed   26.739 kHz), accepted    40001/   40001 events (100.00%)
Processed  6050000/ 8470935 entries (elapsed time   281.8s, curr speed    0.179 kHz, avg speed   21.471 kHz), accepted    50001/   50001 events (100.00%)
Processed  6060000/ 8470935 entries (elapsed time   339.4s, curr speed    0.174 kHz, avg speed   17.855 kHz), accepted    60001/   60001 events (100.00%)
Processed  6070000/ 8470935 entries (elapsed time   387.9s, curr speed    0.206 kHz, avg speed   15.647 kHz), accepted    70001/   70001 events (100.00%)
Processed  6080000/ 8470935 entries (elapsed time   438.5s, curr speed    0.198 kHz, avg speed   13.866 kHz), accepted    80001/   80001 events (100.00%)
Processed  6090000/ 8470935 entries (elapsed time   487.8s, curr speed    0.203 kHz, avg speed   12.485 kHz), accepted    90001/   90001 events (100.00%)
Processed  6100000/ 8470935 entries (elapsed time   537.9s, curr speed    0.199 kHz, avg speed   11.340 kHz), accepted   100001/  100001 events (100.00%)
Processed  6110000/ 8470935 entries (elapsed time   590.1s, curr speed    0.192 kHz, avg speed   10.355 kHz), accepted   110001/  110001 events (100.00%)
Processed  6120000/ 8470935 entries (elapsed time   683.0s, curr speed    0.108 kHz, avg speed    8.960 kHz), accepted   120001/  120001 events (100.00%)
Processed  6130000/ 8470935 entries (elapsed time   731.1s, curr speed    0.208 kHz, avg speed    8.384 kHz), accepted   130001/  130001 events (100.00%)
Processed  6140000/ 8470935 entries (elapsed time   779.8s, curr speed    0.205 kHz, avg speed    7.874 kHz), accepted   140001/  140001 events (100.00%)
Processed  6150000/ 8470935 entries (elapsed time   829.2s, curr speed    0.202 kHz, avg speed    7.416 kHz), accepted   150001/  150001 events (100.00%)
Processed  6160000/ 8470935 entries (elapsed time   879.0s, curr speed    0.201 kHz, avg speed    7.008 kHz), accepted   160001/  160001 events (100.00%)
Processed  6170000/ 8470935 entries (elapsed time   928.0s, curr speed    0.204 kHz, avg speed    6.649 kHz), accepted   170001/  170001 events (100.00%)
Processed  6180000/ 8470935 entries (elapsed time  1023.9s, curr speed    0.104 kHz, avg speed    6.036 kHz), accepted   180001/  180001 events (100.00%)
Processed  6190000/ 8470935 entries (elapsed time  1073.4s, curr speed    0.202 kHz, avg speed    5.767 kHz), accepted   190001/  190001 events (100.00%)
Processed  6200000/ 8470935 entries (elapsed time  1124.0s, curr speed    0.197 kHz, avg speed    5.516 kHz), accepted   200001/  200001 events (100.00%)
Processed  6210000/ 8470935 entries (elapsed time  1173.6s, curr speed    0.202 kHz, avg speed    5.292 kHz), accepted   210001/  210001 events (100.00%)
Processed  6220000/ 8470935 entries (elapsed time  1223.0s, curr speed    0.202 kHz, avg speed    5.086 kHz), accepted   220001/  220001 events (100.00%)
Processed  6230000/ 8470935 entries (elapsed time  1272.5s, curr speed    0.202 kHz, avg speed    4.896 kHz), accepted   230001/  230001 events (100.00%)
Processed  6240000/ 8470935 entries (elapsed time  1366.3s, curr speed    0.107 kHz, avg speed    4.567 kHz), accepted   240001/  240001 events (100.00%)
Processed 250000 entries from MY_EOS_SPACE/heppyNtuples/TREES_W_94X/WJetsToLNu_94X_ext_part5/treeProducerWMass/tree.root, selected 250000 entries
Done MY_EOS_SPACE/heppyNtuples/TREES_W_94X/friends/tree_Friend_WJetsToLNu_94X_ext_part5.chunk24.root
