000 (335101.021.000) 05/14 18:00:10 Job submitted from host: <188.184.95.166:9618?addrs=188.184.95.166-9618+[2001-1458-201-e4--100-7a0]-9618&alias=tbird02.cern.ch&noUDP&sock=schedd_2138722_faad_3>
...
040 (335101.021.000) 05/14 18:01:16 Started transferring input files
	Transferring to host: <128.142.33.137:9618?addrs=128.142.33.137-9618+[2001-1458-301-117--100-23]-9618&noUDP&sock=13007_5baa_104412>
...
040 (335101.021.000) 05/14 18:01:16 Finished transferring input files
...
001 (335101.021.000) 05/14 18:01:17 Job executing on host: <128.142.33.137:9618?addrs=128.142.33.137-9618+[2001-1458-301-117--100-23]-9618&noUDP&sock=12800_5056_3>
...
006 (335101.021.000) 05/14 18:01:25 Image size of job updated: 179120
	108  -  MemoryUsage of job (MB)
	110328  -  ResidentSetSize of job (KB)
...
006 (335101.021.000) 05/14 18:06:25 Image size of job updated: 353520
	342  -  MemoryUsage of job (MB)
	349396  -  ResidentSetSize of job (KB)
...
006 (335101.021.000) 05/14 18:11:26 Image size of job updated: 647964
	629  -  MemoryUsage of job (MB)
	643832  -  ResidentSetSize of job (KB)
...
006 (335101.021.000) 05/14 18:16:26 Image size of job updated: 786500
	765  -  MemoryUsage of job (MB)
	782368  -  ResidentSetSize of job (KB)
...
040 (335101.021.000) 05/14 18:27:06 Started transferring output files
...
040 (335101.021.000) 05/14 18:27:06 Finished transferring output files
...
005 (335101.021.000) 05/14 18:27:06 Job terminated.
	(1) Normal termination (return value 1)
		Usr 0 00:22:37, Sys 0 00:01:55  -  Run Remote Usage
		Usr 0 00:00:00, Sys 0 00:00:00  -  Run Local Usage
		Usr 0 00:22:37, Sys 0 00:01:55  -  Total Remote Usage
		Usr 0 00:00:00, Sys 0 00:00:00  -  Total Local Usage
	8533  -  Run Bytes Sent By Job
	10917  -  Run Bytes Received By Job
	8533  -  Total Bytes Sent By Job
	10917  -  Total Bytes Received By Job
	Partitionable Resources :    Usage  Request Allocated 
	   Cpus                 :                 1           
	   Disk (KB)            :       71        1   2182176 
	   Memory (MB)          :      765     2000      2000 
...
