000 (335109.015.000) 05/14 18:00:17 Job submitted from host: <188.184.95.166:9618?addrs=188.184.95.166-9618+[2001-1458-201-e4--100-7a0]-9618&alias=tbird02.cern.ch&noUDP&sock=schedd_2138722_faad_3>
...
040 (335109.015.000) 05/14 18:07:23 Started transferring input files
	Transferring to host: <128.142.240.13:9618?addrs=128.142.240.13-9618+[2001-1458-301-f9--100-33]-9618&noUDP&sock=29772_d134_1796>
...
040 (335109.015.000) 05/14 18:07:23 Finished transferring input files
...
001 (335109.015.000) 05/14 18:07:24 Job executing on host: <128.142.240.13:9618?addrs=128.142.240.13-9618+[2001-1458-301-f9--100-33]-9618&noUDP&sock=2675_67ee_3>
...
006 (335109.015.000) 05/14 18:07:33 Image size of job updated: 87556
	58  -  MemoryUsage of job (MB)
	59308  -  ResidentSetSize of job (KB)
...
006 (335109.015.000) 05/14 18:12:34 Image size of job updated: 389704
	336  -  MemoryUsage of job (MB)
	343500  -  ResidentSetSize of job (KB)
...
006 (335109.015.000) 05/14 18:17:34 Image size of job updated: 685884
	625  -  MemoryUsage of job (MB)
	639672  -  ResidentSetSize of job (KB)
...
006 (335109.015.000) 05/14 18:22:35 Image size of job updated: 822056
	758  -  MemoryUsage of job (MB)
	775844  -  ResidentSetSize of job (KB)
...
006 (335109.015.000) 05/14 18:27:36 Image size of job updated: 823128
	759  -  MemoryUsage of job (MB)
	776908  -  ResidentSetSize of job (KB)
...
006 (335109.015.000) 05/14 18:32:36 Image size of job updated: 824372
	760  -  MemoryUsage of job (MB)
	778204  -  ResidentSetSize of job (KB)
...
040 (335109.015.000) 05/14 18:33:06 Started transferring output files
...
040 (335109.015.000) 05/14 18:33:06 Finished transferring output files
...
005 (335109.015.000) 05/14 18:33:06 Job terminated.
	(1) Normal termination (return value 1)
		Usr 0 00:22:35, Sys 0 00:02:05  -  Run Remote Usage
		Usr 0 00:00:00, Sys 0 00:00:00  -  Run Local Usage
		Usr 0 00:22:35, Sys 0 00:02:05  -  Total Remote Usage
		Usr 0 00:00:00, Sys 0 00:00:00  -  Total Local Usage
	13814  -  Run Bytes Sent By Job
	10917  -  Run Bytes Received By Job
	13814  -  Total Bytes Sent By Job
	10917  -  Total Bytes Received By Job
	Partitionable Resources :    Usage  Request Allocated 
	   Cpus                 :     0.98        1         1 
	   Disk (KB)            :    80           1    213232 
	   Memory (MB)          :   760        2000      2000 
...
