   WJetsToLNu_94X_part1   MC  29 chunks


I have 1 taks to process
I'm using the following list of modules DEFAULT_MODULES
this is jobs [('WJetsToLNu_94X_part1', 'MY_EOS_SPACE/heppyNtuples/TREES_W_94X/WJetsToLNu_94X_part1/treeProducerWMass/tree.root', 3681722264630.7085, '_Friend_WJetsToLNu_94X_part1.chunk5', False, xrange(1250000, 1500000), 5)]
Modules to run:  []   name =  puWeight
Loading puWeight from CMGTools.WMass.postprocessing.examples.puWeightProducer 
Running on dataset =  WJetsToLNu_94X_part1
TFile: name=/afs/cern.ch/work/m/mciprian/w_mass_analysis/heppy/rel_slc7/CMSSW_9_4_12/src/CMGTools/WMass/python/postprocessing/data/pileup/mcPU_2016_W94XnoCutsWithGenWeights_nTrueInt.root, title=, option=READ
TFile: name=/afs/cern.ch/work/m/mciprian/w_mass_analysis/heppy/rel_slc7/CMSSW_9_4_12/src/CMGTools/WMass/python/postprocessing/data/pileup/PileupData_GoldenMuonJSON_Full2016.root, title=, option=READ
Load C++ Worker
Modules to run:  []   name =  muCalibratedWithStatVar
Loading muCalibratedWithStatVar from CMGTools.WMass.postprocessing.examples.lepVarProducer 
Running on dataset =  WJetsToLNu_94X_part1
did not find EnergyScaleCorrection shared object, rebuilding
trying to load all the rochester correction libraries
did not find legacy data roccor. rebuilding...
done building legacy data roccor.
Modules to run:  []   name =  jetAllReCleaner
Loading jetAllReCleaner from CMGTools.WMass.postprocessing.examples.jetReCleaner 
Running on dataset =  WJetsToLNu_94X_part1
Load C++ Worker
Modules to run:  []   name =  jetReCleaner
Loading jetReCleaner from CMGTools.WMass.postprocessing.examples.jetReCleaner 
Running on dataset =  WJetsToLNu_94X_part1
Load C++ Worker
Modules to run:  []   name =  genQEDJets
Loading genQEDJets from CMGTools.WMass.postprocessing.examples.genFriendProducer 
Running on dataset =  WJetsToLNu_94X_part1
Will write selected trees to MY_EOS_SPACE/heppyNtuples/TREES_W_94X/friends/
Normalization of nTrueInt_Wnopt: 3.68902e+10
Normalization of pileup: 3.68902e+10
Weights for variable nTrueInt_Wnopt with a number of bins equal to 102:
1 0.3634 0.9215 1.196 0.96 1.118 1.157 0.9675 0.9293 0.9192 0.8823 0.9553 1.062 1.116 1.167 1.194 1.2 1.193 1.177 1.14 1.092 1.06 1.047 1.046 1.047 1.048 1.06 1.077 1.092 1.106 1.122 1.108 1.097 1.051 0.992 0.9144 0.8237 0.7175 0.6087 0.5019 0.4029 0.3076 0.2264 0.1622 0.1123 0.07656 0.05052 0.03159 0.01992 0.01212 0.007355 0.004361 0.002593 0.001553 0.0009624 0.0007219 0.0006632 0.0007233 0.0009289 0.001329 0.001772 0.003222 0.004042 0.00487 0.005064 0.005658 0.005309 0.004846 0.004101 0.003977 0.003686 0.003306 0.002672 0.002286 0.001878 0.00167 1 1 1 1 1 1 1 1 1 1 1 1 1 1 1 1 1 1 1 1 1 1 1 1 1 1 .
Final weights: 
1 0.3634 0.9215 1.196 0.96 1.118 1.157 0.9675 0.9293 0.9192 0.8823 0.9553 1.062 1.116 1.167 1.194 1.2 1.193 1.177 1.14 1.092 1.06 1.047 1.046 1.047 1.048 1.06 1.077 1.092 1.106 1.122 1.108 1.097 1.051 0.992 0.9144 0.8237 0.7175 0.6087 0.5019 0.4029 0.3076 0.2264 0.1622 0.1123 0.07656 0.05052 0.03159 0.01992 0.01212 0.007355 0.004361 0.002593 0.001553 0.0009624 0.0007219 0.0006632 0.0007233 0.0009289 0.001329 0.001772 0.003222 0.004042 0.00487 0.005064 0.005658 0.005309 0.004846 0.004101 0.003977 0.003686 0.003306 0.002672 0.002286 0.001878 0.00167 1 1 1 1 1 1 1 1 1 1 1 1 1 1 1 1 1 1 1 1 1 1 1 1 1 1 .
begin job of lepCalProducer
initializing all the rochester correction objects
initializing the egamma calibrator
Processed  1250000/ 7087886 entries (elapsed time     0.9s, curr speed   10.870 kHz, avg speed 1358.696 kHz), accepted        1/       1 events (100.00%)
Processed  1260000/ 7087886 entries (elapsed time    55.9s, curr speed    0.182 kHz, avg speed   22.528 kHz), accepted    10001/   10001 events (100.00%)
Processed  1270000/ 7087886 entries (elapsed time   111.7s, curr speed    0.179 kHz, avg speed   11.373 kHz), accepted    20001/   20001 events (100.00%)
Processed  1280000/ 7087886 entries (elapsed time   167.4s, curr speed    0.180 kHz, avg speed    7.647 kHz), accepted    30001/   30001 events (100.00%)
Processed  1290000/ 7087886 entries (elapsed time   225.8s, curr speed    0.171 kHz, avg speed    5.713 kHz), accepted    40001/   40001 events (100.00%)
Processed  1300000/ 7087886 entries (elapsed time   281.5s, curr speed    0.180 kHz, avg speed    4.618 kHz), accepted    50001/   50001 events (100.00%)
Processed  1310000/ 7087886 entries (elapsed time   337.8s, curr speed    0.178 kHz, avg speed    3.878 kHz), accepted    60001/   60001 events (100.00%)
Processed  1320000/ 7087886 entries (elapsed time   387.1s, curr speed    0.203 kHz, avg speed    3.410 kHz), accepted    70001/   70001 events (100.00%)
Processed  1330000/ 7087886 entries (elapsed time   435.6s, curr speed    0.206 kHz, avg speed    3.053 kHz), accepted    80001/   80001 events (100.00%)
Processed  1340000/ 7087886 entries (elapsed time   484.1s, curr speed    0.206 kHz, avg speed    2.768 kHz), accepted    90001/   90001 events (100.00%)
Processed  1350000/ 7087886 entries (elapsed time   532.1s, curr speed    0.208 kHz, avg speed    2.537 kHz), accepted   100001/  100001 events (100.00%)
Processed  1360000/ 7087886 entries (elapsed time   580.5s, curr speed    0.207 kHz, avg speed    2.343 kHz), accepted   110001/  110001 events (100.00%)
Processed  1370000/ 7087886 entries (elapsed time   675.2s, curr speed    0.106 kHz, avg speed    2.029 kHz), accepted   120001/  120001 events (100.00%)
Processed  1380000/ 7087886 entries (elapsed time   723.9s, curr speed    0.205 kHz, avg speed    1.906 kHz), accepted   130001/  130001 events (100.00%)
Processed  1390000/ 7087886 entries (elapsed time   771.8s, curr speed    0.209 kHz, avg speed    1.801 kHz), accepted   140001/  140001 events (100.00%)
Processed  1400000/ 7087886 entries (elapsed time   821.3s, curr speed    0.202 kHz, avg speed    1.705 kHz), accepted   150001/  150001 events (100.00%)
Processed  1410000/ 7087886 entries (elapsed time   871.3s, curr speed    0.200 kHz, avg speed    1.618 kHz), accepted   160001/  160001 events (100.00%)
Processed  1420000/ 7087886 entries (elapsed time   921.8s, curr speed    0.198 kHz, avg speed    1.540 kHz), accepted   170001/  170001 events (100.00%)
Processed  1430000/ 7087886 entries (elapsed time  1017.0s, curr speed    0.105 kHz, avg speed    1.406 kHz), accepted   180001/  180001 events (100.00%)
Processed  1440000/ 7087886 entries (elapsed time  1066.3s, curr speed    0.203 kHz, avg speed    1.350 kHz), accepted   190001/  190001 events (100.00%)
Processed  1450000/ 7087886 entries (elapsed time  1116.5s, curr speed    0.199 kHz, avg speed    1.299 kHz), accepted   200001/  200001 events (100.00%)
Processed  1460000/ 7087886 entries (elapsed time  1166.7s, curr speed    0.199 kHz, avg speed    1.251 kHz), accepted   210001/  210001 events (100.00%)
Processed  1470000/ 7087886 entries (elapsed time  1215.7s, curr speed    0.204 kHz, avg speed    1.209 kHz), accepted   220001/  220001 events (100.00%)
Processed  1480000/ 7087886 entries (elapsed time  1258.9s, curr speed    0.232 kHz, avg speed    1.176 kHz), accepted   230001/  230001 events (100.00%)
Processed  1490000/ 7087886 entries (elapsed time  1354.1s, curr speed    0.105 kHz, avg speed    1.100 kHz), accepted   240001/  240001 events (100.00%)
Processed 250000 entries from MY_EOS_SPACE/heppyNtuples/TREES_W_94X/WJetsToLNu_94X_part1/treeProducerWMass/tree.root, selected 250000 entries
Done MY_EOS_SPACE/heppyNtuples/TREES_W_94X/friends/tree_Friend_WJetsToLNu_94X_part1.chunk5.root
