000 (335103.013.000) 05/14 18:00:12 Job submitted from host: <188.184.95.166:9618?addrs=188.184.95.166-9618+[2001-1458-201-e4--100-7a0]-9618&alias=tbird02.cern.ch&noUDP&sock=schedd_2138722_faad_3>
...
040 (335103.013.000) 05/14 18:01:36 Started transferring input files
	Transferring to host: <188.184.186.22:9618?addrs=188.184.186.22-9618+[2001-1458-301-f8--100-13]-9618&noUDP&sock=4093_a380_128329>
...
040 (335103.013.000) 05/14 18:01:36 Finished transferring input files
...
001 (335103.013.000) 05/14 18:01:37 Job executing on host: <188.184.186.22:9618?addrs=188.184.186.22-9618+[2001-1458-301-f8--100-13]-9618&noUDP&sock=2329_1429_3>
...
006 (335103.013.000) 05/14 18:01:45 Image size of job updated: 241192
	159  -  MemoryUsage of job (MB)
	162636  -  ResidentSetSize of job (KB)
...
006 (335103.013.000) 05/14 18:06:45 Image size of job updated: 652088
	633  -  MemoryUsage of job (MB)
	647728  -  ResidentSetSize of job (KB)
...
006 (335103.013.000) 05/14 18:11:46 Image size of job updated: 788256
	766  -  MemoryUsage of job (MB)
	783896  -  ResidentSetSize of job (KB)
...
040 (335103.013.000) 05/14 18:14:55 Started transferring output files
...
040 (335103.013.000) 05/14 18:14:55 Finished transferring output files
...
005 (335103.013.000) 05/14 18:14:55 Job terminated.
	(1) Normal termination (return value 1)
		Usr 0 00:12:01, Sys 0 00:01:06  -  Run Remote Usage
		Usr 0 00:00:00, Sys 0 00:00:00  -  Run Local Usage
		Usr 0 00:12:01, Sys 0 00:01:06  -  Total Remote Usage
		Usr 0 00:00:00, Sys 0 00:00:00  -  Total Local Usage
	11581  -  Run Bytes Sent By Job
	10917  -  Run Bytes Received By Job
	11581  -  Total Bytes Sent By Job
	10917  -  Total Bytes Received By Job
	Partitionable Resources :    Usage  Request Allocated 
	   Cpus                 :                 1           
	   Disk (KB)            :       71        1   2192943 
	   Memory (MB)          :      766     2000      2000 
...
