   WJetsToLNu_94X_ext_part1   MC  35 chunks


I have 1 taks to process
I'm using the following list of modules DEFAULT_MODULES
this is jobs [('WJetsToLNu_94X_ext_part1', 'MY_EOS_SPACE/heppyNtuples/TREES_W_94X/WJetsToLNu_94X_ext_part1/treeProducerWMass/tree.root', 4421581739769.796, '_Friend_WJetsToLNu_94X_ext_part1.chunk17', False, xrange(4250000, 4500000), 17)]
Modules to run:  []   name =  puWeight
Loading puWeight from CMGTools.WMass.postprocessing.examples.puWeightProducer 
Running on dataset =  WJetsToLNu_94X_ext_part1
TFile: name=/afs/cern.ch/work/m/mciprian/w_mass_analysis/heppy/rel_slc7/CMSSW_9_4_12/src/CMGTools/WMass/python/postprocessing/data/pileup/mcPU_2016_W94XnoCutsWithGenWeights_nTrueInt.root, title=, option=READ
TFile: name=/afs/cern.ch/work/m/mciprian/w_mass_analysis/heppy/rel_slc7/CMSSW_9_4_12/src/CMGTools/WMass/python/postprocessing/data/pileup/PileupData_GoldenMuonJSON_Full2016.root, title=, option=READ
Load C++ Worker
Modules to run:  []   name =  muCalibratedWithStatVar
Loading muCalibratedWithStatVar from CMGTools.WMass.postprocessing.examples.lepVarProducer 
Running on dataset =  WJetsToLNu_94X_ext_part1
did not find EnergyScaleCorrection shared object, rebuilding
trying to load all the rochester correction libraries
did not find legacy data roccor. rebuilding...
done building legacy data roccor.
Modules to run:  []   name =  jetAllReCleaner
Loading jetAllReCleaner from CMGTools.WMass.postprocessing.examples.jetReCleaner 
Running on dataset =  WJetsToLNu_94X_ext_part1
Load C++ Worker
Modules to run:  []   name =  jetReCleaner
Loading jetReCleaner from CMGTools.WMass.postprocessing.examples.jetReCleaner 
Running on dataset =  WJetsToLNu_94X_ext_part1
Load C++ Worker
Modules to run:  []   name =  genQEDJets
Loading genQEDJets from CMGTools.WMass.postprocessing.examples.genFriendProducer 
Running on dataset =  WJetsToLNu_94X_ext_part1
Will write selected trees to MY_EOS_SPACE/heppyNtuples/TREES_W_94X/friends/
Normalization of nTrueInt_Wnopt: 3.68902e+10
Normalization of pileup: 3.68902e+10
Weights for variable nTrueInt_Wnopt with a number of bins equal to 102:
1 0.3634 0.9215 1.196 0.96 1.118 1.157 0.9675 0.9293 0.9192 0.8823 0.9553 1.062 1.116 1.167 1.194 1.2 1.193 1.177 1.14 1.092 1.06 1.047 1.046 1.047 1.048 1.06 1.077 1.092 1.106 1.122 1.108 1.097 1.051 0.992 0.9144 0.8237 0.7175 0.6087 0.5019 0.4029 0.3076 0.2264 0.1622 0.1123 0.07656 0.05052 0.03159 0.01992 0.01212 0.007355 0.004361 0.002593 0.001553 0.0009624 0.0007219 0.0006632 0.0007233 0.0009289 0.001329 0.001772 0.003222 0.004042 0.00487 0.005064 0.005658 0.005309 0.004846 0.004101 0.003977 0.003686 0.003306 0.002672 0.002286 0.001878 0.00167 1 1 1 1 1 1 1 1 1 1 1 1 1 1 1 1 1 1 1 1 1 1 1 1 1 1 .
Final weights: 
1 0.3634 0.9215 1.196 0.96 1.118 1.157 0.9675 0.9293 0.9192 0.8823 0.9553 1.062 1.116 1.167 1.194 1.2 1.193 1.177 1.14 1.092 1.06 1.047 1.046 1.047 1.048 1.06 1.077 1.092 1.106 1.122 1.108 1.097 1.051 0.992 0.9144 0.8237 0.7175 0.6087 0.5019 0.4029 0.3076 0.2264 0.1622 0.1123 0.07656 0.05052 0.03159 0.01992 0.01212 0.007355 0.004361 0.002593 0.001553 0.0009624 0.0007219 0.0006632 0.0007233 0.0009289 0.001329 0.001772 0.003222 0.004042 0.00487 0.005064 0.005658 0.005309 0.004846 0.004101 0.003977 0.003686 0.003306 0.002672 0.002286 0.001878 0.00167 1 1 1 1 1 1 1 1 1 1 1 1 1 1 1 1 1 1 1 1 1 1 1 1 1 1 .
begin job of lepCalProducer
initializing all the rochester correction objects
initializing the egamma calibrator
Processed  4250000/ 8517377 entries (elapsed time     0.9s, curr speed   11.364 kHz, avg speed 4829.545 kHz), accepted        1/       1 events (100.00%)
Processed  4260000/ 8517377 entries (elapsed time    56.5s, curr speed    0.180 kHz, avg speed   75.452 kHz), accepted    10001/   10001 events (100.00%)
Processed  4270000/ 8517377 entries (elapsed time   114.3s, curr speed    0.173 kHz, avg speed   37.364 kHz), accepted    20001/   20001 events (100.00%)
Processed  4280000/ 8517377 entries (elapsed time   170.7s, curr speed    0.177 kHz, avg speed   25.075 kHz), accepted    30001/   30001 events (100.00%)
Processed  4290000/ 8517377 entries (elapsed time   229.4s, curr speed    0.170 kHz, avg speed   18.702 kHz), accepted    40001/   40001 events (100.00%)
Processed  4300000/ 8517377 entries (elapsed time   286.4s, curr speed    0.175 kHz, avg speed   15.013 kHz), accepted    50001/   50001 events (100.00%)
Processed  4310000/ 8517377 entries (elapsed time   344.2s, curr speed    0.173 kHz, avg speed   12.524 kHz), accepted    60001/   60001 events (100.00%)
Processed  4320000/ 8517377 entries (elapsed time   394.0s, curr speed    0.201 kHz, avg speed   10.964 kHz), accepted    70001/   70001 events (100.00%)
Processed  4330000/ 8517377 entries (elapsed time   443.9s, curr speed    0.200 kHz, avg speed    9.754 kHz), accepted    80001/   80001 events (100.00%)
Processed  4340000/ 8517377 entries (elapsed time   493.9s, curr speed    0.200 kHz, avg speed    8.788 kHz), accepted    90001/   90001 events (100.00%)
Processed  4350000/ 8517377 entries (elapsed time   543.2s, curr speed    0.203 kHz, avg speed    8.008 kHz), accepted   100001/  100001 events (100.00%)
Processed  4360000/ 8517377 entries (elapsed time   592.3s, curr speed    0.204 kHz, avg speed    7.361 kHz), accepted   110001/  110001 events (100.00%)
Processed  4370000/ 8517377 entries (elapsed time   687.6s, curr speed    0.105 kHz, avg speed    6.355 kHz), accepted   120001/  120001 events (100.00%)
Processed  4380000/ 8517377 entries (elapsed time   737.9s, curr speed    0.199 kHz, avg speed    5.936 kHz), accepted   130001/  130001 events (100.00%)
Processed  4390000/ 8517377 entries (elapsed time   786.9s, curr speed    0.204 kHz, avg speed    5.579 kHz), accepted   140001/  140001 events (100.00%)
Processed  4400000/ 8517377 entries (elapsed time   837.7s, curr speed    0.197 kHz, avg speed    5.253 kHz), accepted   150001/  150001 events (100.00%)
Processed  4410000/ 8517377 entries (elapsed time   889.1s, curr speed    0.194 kHz, avg speed    4.960 kHz), accepted   160001/  160001 events (100.00%)
Processed  4420000/ 8517377 entries (elapsed time   939.6s, curr speed    0.198 kHz, avg speed    4.704 kHz), accepted   170001/  170001 events (100.00%)
Processed  4430000/ 8517377 entries (elapsed time  1036.0s, curr speed    0.104 kHz, avg speed    4.276 kHz), accepted   180001/  180001 events (100.00%)
Processed  4440000/ 8517377 entries (elapsed time  1087.2s, curr speed    0.195 kHz, avg speed    4.084 kHz), accepted   190001/  190001 events (100.00%)
Processed  4450000/ 8517377 entries (elapsed time  1137.6s, curr speed    0.199 kHz, avg speed    3.912 kHz), accepted   200001/  200001 events (100.00%)
Processed  4460000/ 8517377 entries (elapsed time  1187.8s, curr speed    0.199 kHz, avg speed    3.755 kHz), accepted   210001/  210001 events (100.00%)
Processed  4470000/ 8517377 entries (elapsed time  1238.4s, curr speed    0.197 kHz, avg speed    3.609 kHz), accepted   220001/  220001 events (100.00%)
Processed  4480000/ 8517377 entries (elapsed time  1290.4s, curr speed    0.192 kHz, avg speed    3.472 kHz), accepted   230001/  230001 events (100.00%)
Processed  4490000/ 8517377 entries (elapsed time  1388.3s, curr speed    0.102 kHz, avg speed    3.234 kHz), accepted   240001/  240001 events (100.00%)
Processed 250000 entries from MY_EOS_SPACE/heppyNtuples/TREES_W_94X/WJetsToLNu_94X_ext_part1/treeProducerWMass/tree.root, selected 250000 entries
Done MY_EOS_SPACE/heppyNtuples/TREES_W_94X/friends/tree_Friend_WJetsToLNu_94X_ext_part1.chunk17.root
