000 (335106.017.000) 05/14 18:00:14 Job submitted from host: <188.184.95.166:9618?addrs=188.184.95.166-9618+[2001-1458-201-e4--100-7a0]-9618&alias=tbird02.cern.ch&noUDP&sock=schedd_2138722_faad_3>
...
040 (335106.017.000) 05/14 18:02:26 Started transferring input files
	Transferring to host: <188.184.132.8:9618?addrs=188.184.132.8-9618+[2001-1458-301-a0--100-9]-9618&noUDP&sock=8960_e165_1733>
...
040 (335106.017.000) 05/14 18:02:26 Finished transferring input files
...
001 (335106.017.000) 05/14 18:02:27 Job executing on host: <188.184.132.8:9618?addrs=188.184.132.8-9618+[2001-1458-301-a0--100-9]-9618&noUDP&sock=2815_6f30_3>
...
006 (335106.017.000) 05/14 18:02:35 Image size of job updated: 182224
	164  -  MemoryUsage of job (MB)
	167192  -  ResidentSetSize of job (KB)
...
006 (335106.017.000) 05/14 18:07:36 Image size of job updated: 360400
	337  -  MemoryUsage of job (MB)
	345060  -  ResidentSetSize of job (KB)
...
006 (335106.017.000) 05/14 18:12:37 Image size of job updated: 656904
	627  -  MemoryUsage of job (MB)
	641556  -  ResidentSetSize of job (KB)
...
006 (335106.017.000) 05/14 18:17:37 Image size of job updated: 792568
	760  -  MemoryUsage of job (MB)
	777220  -  ResidentSetSize of job (KB)
...
006 (335106.017.000) 05/14 18:22:37 Image size of job updated: 796660
	763  -  MemoryUsage of job (MB)
	781312  -  ResidentSetSize of job (KB)
...
040 (335106.017.000) 05/14 18:29:21 Started transferring output files
...
040 (335106.017.000) 05/14 18:29:21 Finished transferring output files
...
005 (335106.017.000) 05/14 18:29:21 Job terminated.
	(1) Normal termination (return value 1)
		Usr 0 00:23:33, Sys 0 00:01:52  -  Run Remote Usage
		Usr 0 00:00:00, Sys 0 00:00:00  -  Run Local Usage
		Usr 0 00:23:33, Sys 0 00:01:52  -  Total Remote Usage
		Usr 0 00:00:00, Sys 0 00:00:00  -  Total Local Usage
	13857  -  Run Bytes Sent By Job
	10917  -  Run Bytes Received By Job
	13857  -  Total Bytes Sent By Job
	10917  -  Total Bytes Received By Job
	Partitionable Resources :    Usage  Request Allocated 
	   Cpus                 :     0.99        1         1 
	   Disk (KB)            :    80           1    213743 
	   Memory (MB)          :   763        2000      2000 
...
