000 (335101.008.000) 05/14 18:00:10 Job submitted from host: <188.184.95.166:9618?addrs=188.184.95.166-9618+[2001-1458-201-e4--100-7a0]-9618&alias=tbird02.cern.ch&noUDP&sock=schedd_2138722_faad_3>
...
040 (335101.008.000) 05/14 18:01:11 Started transferring input files
	Transferring to host: <137.138.51.250:9618?addrs=137.138.51.250-9618+[--1]-9618&noUDP&sock=2579_e382_3602>
...
040 (335101.008.000) 05/14 18:01:11 Finished transferring input files
...
001 (335101.008.000) 05/14 18:01:12 Job executing on host: <137.138.51.250:9618?addrs=137.138.51.250-9618+[--1]-9618&noUDP&sock=1460_045c_3>
...
006 (335101.008.000) 05/14 18:01:20 Image size of job updated: 177088
	108  -  MemoryUsage of job (MB)
	110248  -  ResidentSetSize of job (KB)
...
006 (335101.008.000) 05/14 18:06:20 Image size of job updated: 351956
	340  -  MemoryUsage of job (MB)
	347656  -  ResidentSetSize of job (KB)
...
006 (335101.008.000) 05/14 18:11:21 Image size of job updated: 652656
	634  -  MemoryUsage of job (MB)
	648348  -  ResidentSetSize of job (KB)
...
006 (335101.008.000) 05/14 18:16:22 Image size of job updated: 786792
	765  -  MemoryUsage of job (MB)
	782484  -  ResidentSetSize of job (KB)
...
040 (335101.008.000) 05/14 18:26:31 Started transferring output files
...
040 (335101.008.000) 05/14 18:26:31 Finished transferring output files
...
005 (335101.008.000) 05/14 18:26:31 Job terminated.
	(1) Normal termination (return value 1)
		Usr 0 00:21:21, Sys 0 00:01:58  -  Run Remote Usage
		Usr 0 00:00:00, Sys 0 00:00:00  -  Run Local Usage
		Usr 0 00:21:21, Sys 0 00:01:58  -  Total Remote Usage
		Usr 0 00:00:00, Sys 0 00:00:00  -  Total Local Usage
	13874  -  Run Bytes Sent By Job
	10917  -  Run Bytes Received By Job
	13874  -  Total Bytes Sent By Job
	10917  -  Total Bytes Received By Job
	Partitionable Resources :    Usage  Request Allocated 
	   Cpus                 :                 1           
	   Disk (KB)            :       73        1   2188405 
	   Memory (MB)          :      765     2000      2000 
...
