000 (335104.016.000) 05/14 18:00:12 Job submitted from host: <188.184.95.166:9618?addrs=188.184.95.166-9618+[2001-1458-201-e4--100-7a0]-9618&alias=tbird02.cern.ch&noUDP&sock=schedd_2138722_faad_3>
...
040 (335104.016.000) 05/14 18:01:49 Started transferring input files
	Transferring to host: <128.142.240.40:9618?addrs=128.142.240.40-9618+[2001-1458-301-f9--100-6]-9618&noUDP&sock=4031_f43d_128368>
...
040 (335104.016.000) 05/14 18:01:49 Finished transferring input files
...
001 (335104.016.000) 05/14 18:01:50 Job executing on host: <128.142.240.40:9618?addrs=128.142.240.40-9618+[2001-1458-301-f9--100-6]-9618&noUDP&sock=2328_6491_3>
...
006 (335104.016.000) 05/14 18:01:59 Image size of job updated: 303792
	220  -  MemoryUsage of job (MB)
	224540  -  ResidentSetSize of job (KB)
...
006 (335104.016.000) 05/14 18:07:00 Image size of job updated: 431352
	341  -  MemoryUsage of job (MB)
	348888  -  ResidentSetSize of job (KB)
...
006 (335104.016.000) 05/14 18:12:00 Image size of job updated: 732288
	635  -  MemoryUsage of job (MB)
	649824  -  ResidentSetSize of job (KB)
...
006 (335104.016.000) 05/14 18:17:00 Image size of job updated: 860396
	760  -  MemoryUsage of job (MB)
	777932  -  ResidentSetSize of job (KB)
...
006 (335104.016.000) 05/14 18:22:02 Image size of job updated: 860444
	760  -  MemoryUsage of job (MB)
	777980  -  ResidentSetSize of job (KB)
...
040 (335104.016.000) 05/14 18:25:23 Started transferring output files
...
040 (335104.016.000) 05/14 18:25:23 Finished transferring output files
...
005 (335104.016.000) 05/14 18:25:23 Job terminated.
	(1) Normal termination (return value 1)
		Usr 0 00:21:01, Sys 0 00:01:46  -  Run Remote Usage
		Usr 0 00:00:00, Sys 0 00:00:00  -  Run Local Usage
		Usr 0 00:21:01, Sys 0 00:01:46  -  Total Remote Usage
		Usr 0 00:00:00, Sys 0 00:00:00  -  Total Local Usage
	8533  -  Run Bytes Sent By Job
	10917  -  Run Bytes Received By Job
	8533  -  Total Bytes Sent By Job
	10917  -  Total Bytes Received By Job
	Partitionable Resources :    Usage  Request Allocated 
	   Cpus                 :                 1           
	   Disk (KB)            :       71        1   2158967 
	   Memory (MB)          :      760     2000      2000 
...
