000 (335100.032.000) 05/14 18:00:10 Job submitted from host: <188.184.95.166:9618?addrs=188.184.95.166-9618+[2001-1458-201-e4--100-7a0]-9618&alias=tbird02.cern.ch&noUDP&sock=schedd_2138722_faad_3>
...
040 (335100.032.000) 05/14 18:01:08 Started transferring input files
	Transferring to host: <128.142.240.8:9618?addrs=128.142.240.8-9618+[2001-1458-301-f9--100-3]-9618&noUDP&sock=4187_dec3_128384>
...
040 (335100.032.000) 05/14 18:01:08 Finished transferring input files
...
001 (335100.032.000) 05/14 18:01:09 Job executing on host: <128.142.240.8:9618?addrs=128.142.240.8-9618+[2001-1458-301-f9--100-3]-9618&noUDP&sock=2337_90eb_3>
...
006 (335100.032.000) 05/14 18:01:17 Image size of job updated: 285736
	201  -  MemoryUsage of job (MB)
	204964  -  ResidentSetSize of job (KB)
...
006 (335100.032.000) 05/14 18:06:17 Image size of job updated: 647604
	629  -  MemoryUsage of job (MB)
	643080  -  ResidentSetSize of job (KB)
...
006 (335100.032.000) 05/14 18:11:18 Image size of job updated: 782932
	761  -  MemoryUsage of job (MB)
	778408  -  ResidentSetSize of job (KB)
...
040 (335100.032.000) 05/14 18:15:28 Started transferring output files
...
040 (335100.032.000) 05/14 18:15:28 Finished transferring output files
...
005 (335100.032.000) 05/14 18:15:28 Job terminated.
	(1) Normal termination (return value 1)
		Usr 0 00:12:27, Sys 0 00:01:10  -  Run Remote Usage
		Usr 0 00:00:00, Sys 0 00:00:00  -  Run Local Usage
		Usr 0 00:12:27, Sys 0 00:01:10  -  Total Remote Usage
		Usr 0 00:00:00, Sys 0 00:00:00  -  Total Local Usage
	8534  -  Run Bytes Sent By Job
	10917  -  Run Bytes Received By Job
	8534  -  Total Bytes Sent By Job
	10917  -  Total Bytes Received By Job
	Partitionable Resources :    Usage  Request Allocated 
	   Cpus                 :                 1           
	   Disk (KB)            :       71        1   2169886 
	   Memory (MB)          :      761     2000      2000 
...
