000 (335103.033.000) 05/14 18:00:12 Job submitted from host: <188.184.95.166:9618?addrs=188.184.95.166-9618+[2001-1458-201-e4--100-7a0]-9618&alias=tbird02.cern.ch&noUDP&sock=schedd_2138722_faad_3>
...
040 (335103.033.000) 05/14 18:01:44 Started transferring input files
	Transferring to host: <128.142.33.171:9618?addrs=128.142.33.171-9618+[2001-1458-301-117--100-113]-9618&noUDP&sock=12908_9a86_105211>
...
040 (335103.033.000) 05/14 18:01:44 Finished transferring input files
...
001 (335103.033.000) 05/14 18:01:45 Job executing on host: <128.142.33.171:9618?addrs=128.142.33.171-9618+[2001-1458-301-117--100-113]-9618&noUDP&sock=12740_28a7_3>
...
006 (335103.033.000) 05/14 18:01:53 Image size of job updated: 258324
	179  -  MemoryUsage of job (MB)
	182716  -  ResidentSetSize of job (KB)
...
006 (335103.033.000) 05/14 18:05:18 Image size of job updated: 427376
	179  -  MemoryUsage of job (MB)
	182812  -  ResidentSetSize of job (KB)
...
040 (335103.033.000) 05/14 18:05:18 Started transferring output files
...
040 (335103.033.000) 05/14 18:05:18 Finished transferring output files
...
005 (335103.033.000) 05/14 18:05:18 Job terminated.
	(1) Normal termination (return value 1)
		Usr 0 00:03:02, Sys 0 00:00:17  -  Run Remote Usage
		Usr 0 00:00:00, Sys 0 00:00:00  -  Run Local Usage
		Usr 0 00:03:02, Sys 0 00:00:17  -  Total Remote Usage
		Usr 0 00:00:00, Sys 0 00:00:00  -  Total Local Usage
	5297  -  Run Bytes Sent By Job
	10917  -  Run Bytes Received By Job
	5297  -  Total Bytes Sent By Job
	10917  -  Total Bytes Received By Job
	Partitionable Resources :    Usage  Request Allocated 
	   Cpus                 :                 1           
	   Disk (KB)            :       67        1   2094417 
	   Memory (MB)          :      179     2000      2000 
...
