000 (335103.002.000) 05/14 18:00:12 Job submitted from host: <188.184.95.166:9618?addrs=188.184.95.166-9618+[2001-1458-201-e4--100-7a0]-9618&alias=tbird02.cern.ch&noUDP&sock=schedd_2138722_faad_3>
...
040 (335103.002.000) 05/14 18:01:33 Started transferring input files
	Transferring to host: <128.142.240.25:9618?addrs=128.142.240.25-9618+[2001-1458-301-f9--100-b]-9618&noUDP&sock=4151_8142_128485>
...
040 (335103.002.000) 05/14 18:01:33 Finished transferring input files
...
001 (335103.002.000) 05/14 18:01:34 Job executing on host: <128.142.240.25:9618?addrs=128.142.240.25-9618+[2001-1458-301-f9--100-b]-9618&noUDP&sock=2416_c0e6_3>
...
006 (335103.002.000) 05/14 18:01:43 Image size of job updated: 246544
	164  -  MemoryUsage of job (MB)
	167664  -  ResidentSetSize of job (KB)
...
006 (335103.002.000) 05/14 18:06:44 Image size of job updated: 735292
	634  -  MemoryUsage of job (MB)
	648588  -  ResidentSetSize of job (KB)
...
006 (335103.002.000) 05/14 18:11:45 Image size of job updated: 869720
	765  -  MemoryUsage of job (MB)
	783016  -  ResidentSetSize of job (KB)
...
040 (335103.002.000) 05/14 18:15:07 Started transferring output files
...
040 (335103.002.000) 05/14 18:15:07 Finished transferring output files
...
005 (335103.002.000) 05/14 18:15:07 Job terminated.
	(1) Normal termination (return value 1)
		Usr 0 00:12:10, Sys 0 00:01:13  -  Run Remote Usage
		Usr 0 00:00:00, Sys 0 00:00:00  -  Run Local Usage
		Usr 0 00:12:10, Sys 0 00:01:13  -  Total Remote Usage
		Usr 0 00:00:00, Sys 0 00:00:00  -  Total Local Usage
	11576  -  Run Bytes Sent By Job
	10917  -  Run Bytes Received By Job
	11576  -  Total Bytes Sent By Job
	10917  -  Total Bytes Received By Job
	Partitionable Resources :    Usage  Request Allocated 
	   Cpus                 :                 1           
	   Disk (KB)            :       71        1   2219903 
	   Memory (MB)          :      765     2000      2000 
...
