000 (335106.011.000) 05/14 18:00:14 Job submitted from host: <188.184.95.166:9618?addrs=188.184.95.166-9618+[2001-1458-201-e4--100-7a0]-9618&alias=tbird02.cern.ch&noUDP&sock=schedd_2138722_faad_3>
...
040 (335106.011.000) 05/14 18:02:24 Started transferring input files
	Transferring to host: <188.184.132.8:9618?addrs=188.184.132.8-9618+[2001-1458-301-a0--100-9]-9618&noUDP&sock=8960_e165_1731>
...
040 (335106.011.000) 05/14 18:02:24 Finished transferring input files
...
001 (335106.011.000) 05/14 18:02:25 Job executing on host: <188.184.132.8:9618?addrs=188.184.132.8-9618+[2001-1458-301-a0--100-9]-9618&noUDP&sock=2815_6f30_3>
...
006 (335106.011.000) 05/14 18:02:33 Image size of job updated: 178696
	160  -  MemoryUsage of job (MB)
	163380  -  ResidentSetSize of job (KB)
...
006 (335106.011.000) 05/14 18:07:33 Image size of job updated: 361812
	337  -  MemoryUsage of job (MB)
	344496  -  ResidentSetSize of job (KB)
...
006 (335106.011.000) 05/14 18:12:33 Image size of job updated: 662096
	630  -  MemoryUsage of job (MB)
	644780  -  ResidentSetSize of job (KB)
...
006 (335106.011.000) 05/14 18:17:34 Image size of job updated: 800612
	765  -  MemoryUsage of job (MB)
	783296  -  ResidentSetSize of job (KB)
...
006 (335106.011.000) 05/14 18:27:34 Image size of job updated: 801788
	767  -  MemoryUsage of job (MB)
	784472  -  ResidentSetSize of job (KB)
...
006 (335106.011.000) 05/14 18:29:24 Image size of job updated: 801788
	767  -  MemoryUsage of job (MB)
	784492  -  ResidentSetSize of job (KB)
...
040 (335106.011.000) 05/14 18:29:24 Started transferring output files
...
040 (335106.011.000) 05/14 18:29:24 Finished transferring output files
...
005 (335106.011.000) 05/14 18:29:24 Job terminated.
	(1) Normal termination (return value 1)
		Usr 0 00:23:36, Sys 0 00:01:49  -  Run Remote Usage
		Usr 0 00:00:00, Sys 0 00:00:00  -  Run Local Usage
		Usr 0 00:23:36, Sys 0 00:01:49  -  Total Remote Usage
		Usr 0 00:00:00, Sys 0 00:00:00  -  Total Local Usage
	13857  -  Run Bytes Sent By Job
	10917  -  Run Bytes Received By Job
	13857  -  Total Bytes Sent By Job
	10917  -  Total Bytes Received By Job
	Partitionable Resources :    Usage  Request Allocated 
	   Cpus                 :     0.99        1         1 
	   Disk (KB)            :    80           1    213743 
	   Memory (MB)          :   767        2000      2000 
...
