000 (335109.020.000) 05/14 18:00:17 Job submitted from host: <188.184.95.166:9618?addrs=188.184.95.166-9618+[2001-1458-201-e4--100-7a0]-9618&alias=tbird02.cern.ch&noUDP&sock=schedd_2138722_faad_3>
...
040 (335109.020.000) 05/14 18:13:36 Started transferring input files
	Transferring to host: <128.142.33.144:9618?addrs=128.142.33.144-9618+[2001-1458-301-117--100-280]-9618&noUDP&sock=15979_66a3_104548>
...
040 (335109.020.000) 05/14 18:13:36 Finished transferring input files
...
001 (335109.020.000) 05/14 18:13:37 Job executing on host: <128.142.33.144:9618?addrs=128.142.33.144-9618+[2001-1458-301-117--100-280]-9618&noUDP&sock=15761_5043_3>
...
006 (335109.020.000) 05/14 18:13:46 Image size of job updated: 406168
	317  -  MemoryUsage of job (MB)
	323808  -  ResidentSetSize of job (KB)
...
006 (335109.020.000) 05/14 18:18:47 Image size of job updated: 774428
	676  -  MemoryUsage of job (MB)
	691908  -  ResidentSetSize of job (KB)
...
006 (335109.020.000) 05/14 18:23:47 Image size of job updated: 860500
	760  -  MemoryUsage of job (MB)
	777980  -  ResidentSetSize of job (KB)
...
040 (335109.020.000) 05/14 18:25:00 Started transferring output files
...
040 (335109.020.000) 05/14 18:25:00 Finished transferring output files
...
005 (335109.020.000) 05/14 18:25:00 Job terminated.
	(1) Normal termination (return value 1)
		Usr 0 00:10:17, Sys 0 00:01:00  -  Run Remote Usage
		Usr 0 00:00:00, Sys 0 00:00:00  -  Run Local Usage
		Usr 0 00:10:17, Sys 0 00:01:00  -  Total Remote Usage
		Usr 0 00:00:00, Sys 0 00:00:00  -  Total Local Usage
	8490  -  Run Bytes Sent By Job
	10917  -  Run Bytes Received By Job
	8490  -  Total Bytes Sent By Job
	10917  -  Total Bytes Received By Job
	Partitionable Resources :    Usage  Request Allocated 
	   Cpus                 :                 1           
	   Disk (KB)            :       71        1   2189197 
	   Memory (MB)          :      760     2000      2000 
...
