000 (335101.001.000) 05/14 18:00:10 Job submitted from host: <188.184.95.166:9618?addrs=188.184.95.166-9618+[2001-1458-201-e4--100-7a0]-9618&alias=tbird02.cern.ch&noUDP&sock=schedd_2138722_faad_3>
...
040 (335101.001.000) 05/14 18:01:09 Started transferring input files
	Transferring to host: <188.184.132.14:9618?addrs=188.184.132.14-9618+[2001-1458-301-a0--100-4]-9618&noUDP&sock=4204_d924_128856>
...
040 (335101.001.000) 05/14 18:01:09 Finished transferring input files
...
001 (335101.001.000) 05/14 18:01:10 Job executing on host: <188.184.132.14:9618?addrs=188.184.132.14-9618+[2001-1458-301-a0--100-4]-9618&noUDP&sock=2333_d28a_3>
...
006 (335101.001.000) 05/14 18:01:18 Image size of job updated: 184488
	109  -  MemoryUsage of job (MB)
	111300  -  ResidentSetSize of job (KB)
...
006 (335101.001.000) 05/14 18:06:18 Image size of job updated: 316704
	306  -  MemoryUsage of job (MB)
	312376  -  ResidentSetSize of job (KB)
...
006 (335101.001.000) 05/14 18:11:19 Image size of job updated: 622188
	604  -  MemoryUsage of job (MB)
	617852  -  ResidentSetSize of job (KB)
...
006 (335101.001.000) 05/14 18:16:20 Image size of job updated: 760436
	739  -  MemoryUsage of job (MB)
	756100  -  ResidentSetSize of job (KB)
...
006 (335101.001.000) 05/14 18:21:20 Image size of job updated: 762100
	741  -  MemoryUsage of job (MB)
	757764  -  ResidentSetSize of job (KB)
...
040 (335101.001.000) 05/14 18:26:08 Started transferring output files
...
040 (335101.001.000) 05/14 18:26:08 Finished transferring output files
...
005 (335101.001.000) 05/14 18:26:08 Job terminated.
	(1) Normal termination (return value 1)
		Usr 0 00:22:33, Sys 0 00:01:48  -  Run Remote Usage
		Usr 0 00:00:00, Sys 0 00:00:00  -  Run Local Usage
		Usr 0 00:22:33, Sys 0 00:01:48  -  Total Remote Usage
		Usr 0 00:00:00, Sys 0 00:00:00  -  Total Local Usage
	11576  -  Run Bytes Sent By Job
	10917  -  Run Bytes Received By Job
	11576  -  Total Bytes Sent By Job
	10917  -  Total Bytes Received By Job
	Partitionable Resources :    Usage  Request Allocated 
	   Cpus                 :                 1           
	   Disk (KB)            :       71        1   2107287 
	   Memory (MB)          :      741     2000      2000 
...
