000 (335107.005.000) 05/14 18:00:15 Job submitted from host: <188.184.95.166:9618?addrs=188.184.95.166-9618+[2001-1458-201-e4--100-7a0]-9618&alias=tbird02.cern.ch&noUDP&sock=schedd_2138722_faad_3>
...
040 (335107.005.000) 05/14 18:02:35 Started transferring input files
	Transferring to host: <128.142.33.167:9618?addrs=128.142.33.167-9618+[2001-1458-301-117--100-23e]-9618&noUDP&sock=13023_a1ab_105507>
...
040 (335107.005.000) 05/14 18:02:35 Finished transferring input files
...
001 (335107.005.000) 05/14 18:02:36 Job executing on host: <128.142.33.167:9618?addrs=128.142.33.167-9618+[2001-1458-301-117--100-23e]-9618&noUDP&sock=12815_9a42_3>
...
006 (335107.005.000) 05/14 18:02:45 Image size of job updated: 196728
	148  -  MemoryUsage of job (MB)
	151348  -  ResidentSetSize of job (KB)
...
006 (335107.005.000) 05/14 18:07:45 Image size of job updated: 396588
	339  -  MemoryUsage of job (MB)
	347068  -  ResidentSetSize of job (KB)
...
006 (335107.005.000) 05/14 18:12:45 Image size of job updated: 699856
	636  -  MemoryUsage of job (MB)
	650308  -  ResidentSetSize of job (KB)
...
006 (335107.005.000) 05/14 18:17:46 Image size of job updated: 831144
	764  -  MemoryUsage of job (MB)
	781596  -  ResidentSetSize of job (KB)
...
006 (335107.005.000) 05/14 18:22:47 Image size of job updated: 831392
	764  -  MemoryUsage of job (MB)
	781844  -  ResidentSetSize of job (KB)
...
040 (335107.005.000) 05/14 18:26:59 Started transferring output files
...
040 (335107.005.000) 05/14 18:26:59 Finished transferring output files
...
005 (335107.005.000) 05/14 18:26:59 Job terminated.
	(1) Normal termination (return value 1)
		Usr 0 00:21:28, Sys 0 00:01:42  -  Run Remote Usage
		Usr 0 00:00:00, Sys 0 00:00:00  -  Run Local Usage
		Usr 0 00:21:28, Sys 0 00:01:42  -  Total Remote Usage
		Usr 0 00:00:00, Sys 0 00:00:00  -  Total Local Usage
	8529  -  Run Bytes Sent By Job
	10917  -  Run Bytes Received By Job
	8529  -  Total Bytes Sent By Job
	10917  -  Total Bytes Received By Job
	Partitionable Resources :    Usage  Request Allocated 
	   Cpus                 :                 1           
	   Disk (KB)            :       71        1   2190775 
	   Memory (MB)          :      764     2000      2000 
...
