000 (335101.018.000) 05/14 18:00:10 Job submitted from host: <188.184.95.166:9618?addrs=188.184.95.166-9618+[2001-1458-201-e4--100-7a0]-9618&alias=tbird02.cern.ch&noUDP&sock=schedd_2138722_faad_3>
...
040 (335101.018.000) 05/14 18:01:15 Started transferring input files
	Transferring to host: <128.142.33.182:9618?addrs=128.142.33.182-9618+[2001-1458-301-117--100-304]-9618&noUDP&sock=13469_e0fd_104005>
...
040 (335101.018.000) 05/14 18:01:15 Finished transferring input files
...
001 (335101.018.000) 05/14 18:01:16 Job executing on host: <128.142.33.182:9618?addrs=128.142.33.182-9618+[2001-1458-301-117--100-304]-9618&noUDP&sock=13369_99b9_3>
...
006 (335101.018.000) 05/14 18:01:24 Image size of job updated: 240576
	159  -  MemoryUsage of job (MB)
	162024  -  ResidentSetSize of job (KB)
...
006 (335101.018.000) 05/14 18:06:24 Image size of job updated: 612384
	594  -  MemoryUsage of job (MB)
	608076  -  ResidentSetSize of job (KB)
...
006 (335101.018.000) 05/14 18:11:25 Image size of job updated: 785140
	763  -  MemoryUsage of job (MB)
	780832  -  ResidentSetSize of job (KB)
...
040 (335101.018.000) 05/14 18:21:45 Started transferring output files
...
040 (335101.018.000) 05/14 18:21:45 Finished transferring output files
...
005 (335101.018.000) 05/14 18:21:45 Job terminated.
	(1) Normal termination (return value 1)
		Usr 0 00:18:11, Sys 0 00:01:37  -  Run Remote Usage
		Usr 0 00:00:00, Sys 0 00:00:00  -  Run Local Usage
		Usr 0 00:18:11, Sys 0 00:01:37  -  Total Remote Usage
		Usr 0 00:00:00, Sys 0 00:00:00  -  Total Local Usage
	8533  -  Run Bytes Sent By Job
	10917  -  Run Bytes Received By Job
	8533  -  Total Bytes Sent By Job
	10917  -  Total Bytes Received By Job
	Partitionable Resources :    Usage  Request Allocated 
	   Cpus                 :                 1           
	   Disk (KB)            :       71        1   2174039 
	   Memory (MB)          :      763     2000      2000 
...
