000 (335100.030.000) 05/14 18:00:10 Job submitted from host: <188.184.95.166:9618?addrs=188.184.95.166-9618+[2001-1458-201-e4--100-7a0]-9618&alias=tbird02.cern.ch&noUDP&sock=schedd_2138722_faad_3>
...
040 (335100.030.000) 05/14 18:01:06 Started transferring input files
	Transferring to host: <188.184.133.252:9618?addrs=188.184.133.252-9618+[2001-1458-301-a0--100-22c]-9618&noUDP&sock=13605_b402_104699>
...
040 (335100.030.000) 05/14 18:01:06 Finished transferring input files
...
001 (335100.030.000) 05/14 18:01:07 Job executing on host: <188.184.133.252:9618?addrs=188.184.133.252-9618+[2001-1458-301-a0--100-22c]-9618&noUDP&sock=13418_35dd_3>
...
006 (335100.030.000) 05/14 18:01:16 Image size of job updated: 308560
	221  -  MemoryUsage of job (MB)
	225920  -  ResidentSetSize of job (KB)
...
006 (335100.030.000) 05/14 18:06:16 Image size of job updated: 649836
	631  -  MemoryUsage of job (MB)
	645792  -  ResidentSetSize of job (KB)
...
006 (335100.030.000) 05/14 18:11:16 Image size of job updated: 782744
	761  -  MemoryUsage of job (MB)
	778700  -  ResidentSetSize of job (KB)
...
040 (335100.030.000) 05/14 18:12:59 Started transferring output files
...
040 (335100.030.000) 05/14 18:12:59 Finished transferring output files
...
005 (335100.030.000) 05/14 18:12:59 Job terminated.
	(1) Normal termination (return value 1)
		Usr 0 00:10:40, Sys 0 00:01:05  -  Run Remote Usage
		Usr 0 00:00:00, Sys 0 00:00:00  -  Run Local Usage
		Usr 0 00:10:40, Sys 0 00:01:05  -  Total Remote Usage
		Usr 0 00:00:00, Sys 0 00:00:00  -  Total Local Usage
	8534  -  Run Bytes Sent By Job
	10917  -  Run Bytes Received By Job
	8534  -  Total Bytes Sent By Job
	10917  -  Total Bytes Received By Job
	Partitionable Resources :    Usage  Request Allocated 
	   Cpus                 :                 1           
	   Disk (KB)            :       71        1   2107847 
	   Memory (MB)          :      761     2000      2000 
...
