   WJetsToLNu_94X_ext_part2   MC  34 chunks


I have 1 taks to process
I'm using the following list of modules DEFAULT_MODULES
this is jobs [('WJetsToLNu_94X_ext_part2', 'MY_EOS_SPACE/heppyNtuples/TREES_W_94X/WJetsToLNu_94X_ext_part2/treeProducerWMass/tree.root', 4370113046328.844, '_Friend_WJetsToLNu_94X_ext_part2.chunk13', False, xrange(3250000, 3500000), 13)]
Modules to run:  []   name =  puWeight
Loading puWeight from CMGTools.WMass.postprocessing.examples.puWeightProducer 
Running on dataset =  WJetsToLNu_94X_ext_part2
TFile: name=/afs/cern.ch/work/m/mciprian/w_mass_analysis/heppy/rel_slc7/CMSSW_9_4_12/src/CMGTools/WMass/python/postprocessing/data/pileup/mcPU_2016_W94XnoCutsWithGenWeights_nTrueInt.root, title=, option=READ
TFile: name=/afs/cern.ch/work/m/mciprian/w_mass_analysis/heppy/rel_slc7/CMSSW_9_4_12/src/CMGTools/WMass/python/postprocessing/data/pileup/PileupData_GoldenMuonJSON_Full2016.root, title=, option=READ
Load C++ Worker
Modules to run:  []   name =  muCalibratedWithStatVar
Loading muCalibratedWithStatVar from CMGTools.WMass.postprocessing.examples.lepVarProducer 
Running on dataset =  WJetsToLNu_94X_ext_part2
did not find EnergyScaleCorrection shared object, rebuilding
trying to load all the rochester correction libraries
did not find legacy data roccor. rebuilding...
done building legacy data roccor.
Modules to run:  []   name =  jetAllReCleaner
Loading jetAllReCleaner from CMGTools.WMass.postprocessing.examples.jetReCleaner 
Running on dataset =  WJetsToLNu_94X_ext_part2
Load C++ Worker
Modules to run:  []   name =  jetReCleaner
Loading jetReCleaner from CMGTools.WMass.postprocessing.examples.jetReCleaner 
Running on dataset =  WJetsToLNu_94X_ext_part2
Load C++ Worker
Modules to run:  []   name =  genQEDJets
Loading genQEDJets from CMGTools.WMass.postprocessing.examples.genFriendProducer 
Running on dataset =  WJetsToLNu_94X_ext_part2
Will write selected trees to MY_EOS_SPACE/heppyNtuples/TREES_W_94X/friends/
Normalization of nTrueInt_Wnopt: 3.68902e+10
Normalization of pileup: 3.68902e+10
Weights for variable nTrueInt_Wnopt with a number of bins equal to 102:
1 0.3634 0.9215 1.196 0.96 1.118 1.157 0.9675 0.9293 0.9192 0.8823 0.9553 1.062 1.116 1.167 1.194 1.2 1.193 1.177 1.14 1.092 1.06 1.047 1.046 1.047 1.048 1.06 1.077 1.092 1.106 1.122 1.108 1.097 1.051 0.992 0.9144 0.8237 0.7175 0.6087 0.5019 0.4029 0.3076 0.2264 0.1622 0.1123 0.07656 0.05052 0.03159 0.01992 0.01212 0.007355 0.004361 0.002593 0.001553 0.0009624 0.0007219 0.0006632 0.0007233 0.0009289 0.001329 0.001772 0.003222 0.004042 0.00487 0.005064 0.005658 0.005309 0.004846 0.004101 0.003977 0.003686 0.003306 0.002672 0.002286 0.001878 0.00167 1 1 1 1 1 1 1 1 1 1 1 1 1 1 1 1 1 1 1 1 1 1 1 1 1 1 .
Final weights: 
1 0.3634 0.9215 1.196 0.96 1.118 1.157 0.9675 0.9293 0.9192 0.8823 0.9553 1.062 1.116 1.167 1.194 1.2 1.193 1.177 1.14 1.092 1.06 1.047 1.046 1.047 1.048 1.06 1.077 1.092 1.106 1.122 1.108 1.097 1.051 0.992 0.9144 0.8237 0.7175 0.6087 0.5019 0.4029 0.3076 0.2264 0.1622 0.1123 0.07656 0.05052 0.03159 0.01992 0.01212 0.007355 0.004361 0.002593 0.001553 0.0009624 0.0007219 0.0006632 0.0007233 0.0009289 0.001329 0.001772 0.003222 0.004042 0.00487 0.005064 0.005658 0.005309 0.004846 0.004101 0.003977 0.003686 0.003306 0.002672 0.002286 0.001878 0.00167 1 1 1 1 1 1 1 1 1 1 1 1 1 1 1 1 1 1 1 1 1 1 1 1 1 1 .
begin job of lepCalProducer
initializing all the rochester correction objects
initializing the egamma calibrator
Processed  3250000/ 8421292 entries (elapsed time     0.9s, curr speed   10.989 kHz, avg speed 3571.429 kHz), accepted        1/       1 events (100.00%)
Processed  3260000/ 8421292 entries (elapsed time    54.8s, curr speed    0.185 kHz, avg speed   59.457 kHz), accepted    10001/   10001 events (100.00%)
Processed  3270000/ 8421292 entries (elapsed time   115.1s, curr speed    0.166 kHz, avg speed   28.413 kHz), accepted    20001/   20001 events (100.00%)
Processed  3280000/ 8421292 entries (elapsed time   170.3s, curr speed    0.181 kHz, avg speed   19.259 kHz), accepted    30001/   30001 events (100.00%)
Processed  3290000/ 8421292 entries (elapsed time   233.0s, curr speed    0.160 kHz, avg speed   14.122 kHz), accepted    40001/   40001 events (100.00%)
Processed  3300000/ 8421292 entries (elapsed time   288.0s, curr speed    0.182 kHz, avg speed   11.458 kHz), accepted    50001/   50001 events (100.00%)
Processed  3310000/ 8421292 entries (elapsed time   346.1s, curr speed    0.172 kHz, avg speed    9.564 kHz), accepted    60001/   60001 events (100.00%)
Processed  3320000/ 8421292 entries (elapsed time   397.2s, curr speed    0.196 kHz, avg speed    8.359 kHz), accepted    70001/   70001 events (100.00%)
Processed  3330000/ 8421292 entries (elapsed time   449.8s, curr speed    0.190 kHz, avg speed    7.403 kHz), accepted    80001/   80001 events (100.00%)
Processed  3340000/ 8421292 entries (elapsed time   499.0s, curr speed    0.203 kHz, avg speed    6.694 kHz), accepted    90001/   90001 events (100.00%)
Processed  3350000/ 8421292 entries (elapsed time   547.8s, curr speed    0.205 kHz, avg speed    6.116 kHz), accepted   100001/  100001 events (100.00%)
Processed  3360000/ 8421292 entries (elapsed time   598.3s, curr speed    0.198 kHz, avg speed    5.616 kHz), accepted   110001/  110001 events (100.00%)
Processed  3370000/ 8421292 entries (elapsed time   695.2s, curr speed    0.103 kHz, avg speed    4.848 kHz), accepted   120001/  120001 events (100.00%)
Processed  3380000/ 8421292 entries (elapsed time   746.1s, curr speed    0.196 kHz, avg speed    4.530 kHz), accepted   130001/  130001 events (100.00%)
Processed  3390000/ 8421292 entries (elapsed time   794.9s, curr speed    0.205 kHz, avg speed    4.265 kHz), accepted   140001/  140001 events (100.00%)
Processed  3400000/ 8421292 entries (elapsed time   844.2s, curr speed    0.203 kHz, avg speed    4.027 kHz), accepted   150001/  150001 events (100.00%)
Processed  3410000/ 8421292 entries (elapsed time   891.6s, curr speed    0.211 kHz, avg speed    3.824 kHz), accepted   160001/  160001 events (100.00%)
Processed  3420000/ 8421292 entries (elapsed time   938.4s, curr speed    0.214 kHz, avg speed    3.645 kHz), accepted   170001/  170001 events (100.00%)
Processed  3430000/ 8421292 entries (elapsed time  1033.6s, curr speed    0.105 kHz, avg speed    3.318 kHz), accepted   180001/  180001 events (100.00%)
Processed  3440000/ 8421292 entries (elapsed time  1081.6s, curr speed    0.209 kHz, avg speed    3.181 kHz), accepted   190001/  190001 events (100.00%)
Processed  3450000/ 8421292 entries (elapsed time  1133.1s, curr speed    0.194 kHz, avg speed    3.045 kHz), accepted   200001/  200001 events (100.00%)
Processed  3460000/ 8421292 entries (elapsed time  1182.0s, curr speed    0.205 kHz, avg speed    2.927 kHz), accepted   210001/  210001 events (100.00%)
Processed  3470000/ 8421292 entries (elapsed time  1232.1s, curr speed    0.199 kHz, avg speed    2.816 kHz), accepted   220001/  220001 events (100.00%)
Processed  3480000/ 8421292 entries (elapsed time  1282.8s, curr speed    0.197 kHz, avg speed    2.713 kHz), accepted   230001/  230001 events (100.00%)
Processed  3490000/ 8421292 entries (elapsed time  1382.0s, curr speed    0.101 kHz, avg speed    2.525 kHz), accepted   240001/  240001 events (100.00%)
Processed 250000 entries from MY_EOS_SPACE/heppyNtuples/TREES_W_94X/WJetsToLNu_94X_ext_part2/treeProducerWMass/tree.root, selected 250000 entries
Done MY_EOS_SPACE/heppyNtuples/TREES_W_94X/friends/tree_Friend_WJetsToLNu_94X_ext_part2.chunk13.root
