000 (335107.023.000) 05/14 18:00:15 Job submitted from host: <188.184.95.166:9618?addrs=188.184.95.166-9618+[2001-1458-201-e4--100-7a0]-9618&alias=tbird02.cern.ch&noUDP&sock=schedd_2138722_faad_3>
...
022 (335107.023.000) 05/14 18:03:13 Job disconnected, attempting to reconnect
    Socket between submit and execute hosts closed unexpectedly
    Trying to reconnect to slot1_1@b7g28n0612.cern.ch <188.184.186.53:9618?addrs=188.184.186.53-9618+[2001-1458-301-f8--100-12]-9618&noUDP&sock=2358_f868_3>
...
024 (335107.023.000) 05/14 18:03:14 Job reconnection failed
    Job not found at execution machine
    Can not reconnect to slot1_1@b7g28n0612.cern.ch, rescheduling job
...
022 (335107.023.000) 05/14 18:03:47 Job disconnected, attempting to reconnect
    Socket between submit and execute hosts closed unexpectedly
    Trying to reconnect to slot1_3@b7g28n0428.cern.ch <188.184.132.6:9618?addrs=188.184.132.6-9618+[2001-1458-301-a0--100-2]-9618&noUDP&sock=2335_31ba_3>
...
024 (335107.023.000) 05/14 18:03:47 Job reconnection failed
    Job not found at execution machine
    Can not reconnect to slot1_3@b7g28n0428.cern.ch, rescheduling job
...
022 (335107.023.000) 05/14 18:04:28 Job disconnected, attempting to reconnect
    Socket between submit and execute hosts closed unexpectedly
    Trying to reconnect to slot1_2@b7g28n0314.cern.ch <188.184.132.28:9618?addrs=188.184.132.28-9618+[2001-1458-301-a0--100-d]-9618&noUDP&sock=2282_d735_3>
...
024 (335107.023.000) 05/14 18:04:36 Job reconnection failed
    Job not found at execution machine
    Can not reconnect to slot1_2@b7g28n0314.cern.ch, rescheduling job
...
022 (335107.023.000) 05/14 18:05:07 Job disconnected, attempting to reconnect
    Socket between submit and execute hosts closed unexpectedly
    Trying to reconnect to slot1_2@b7g28n0428.cern.ch <188.184.132.6:9618?addrs=188.184.132.6-9618+[2001-1458-301-a0--100-2]-9618&noUDP&sock=2335_31ba_3>
...
024 (335107.023.000) 05/14 18:05:07 Job reconnection failed
    Job not found at execution machine
    Can not reconnect to slot1_2@b7g28n0428.cern.ch, rescheduling job
...
022 (335107.023.000) 05/14 18:06:31 Job disconnected, attempting to reconnect
    Socket between submit and execute hosts closed unexpectedly
    Trying to reconnect to slot1_2@b7g28n0801.cern.ch <188.184.132.48:9618?addrs=188.184.132.48-9618+[--1]-9618&noUDP&sock=2265_2e19_3>
...
024 (335107.023.000) 05/14 18:06:31 Job reconnection failed
    Job not found at execution machine
    Can not reconnect to slot1_2@b7g28n0801.cern.ch, rescheduling job
...
022 (335107.023.000) 05/14 18:08:05 Job disconnected, attempting to reconnect
    Socket between submit and execute hosts closed unexpectedly
    Trying to reconnect to slot1_3@b7g27n2778.cern.ch <188.184.207.252:9618?addrs=188.184.207.252-9618+[2001-1458-301-7d--100-540]-9618&noUDP&sock=2259_1088_3>
...
024 (335107.023.000) 05/14 18:08:05 Job reconnection failed
    Job not found at execution machine
    Can not reconnect to slot1_3@b7g27n2778.cern.ch, rescheduling job
...
022 (335107.023.000) 05/14 18:09:20 Job disconnected, attempting to reconnect
    Socket between submit and execute hosts closed unexpectedly
    Trying to reconnect to slot1_2@b7g28n0095.cern.ch <188.184.186.30:9618?addrs=188.184.186.30-9618+[2001-1458-301-f8--100-2b]-9618&noUDP&sock=2326_0560_3>
...
024 (335107.023.000) 05/14 18:09:20 Job reconnection failed
    Job not found at execution machine
    Can not reconnect to slot1_2@b7g28n0095.cern.ch, rescheduling job
...
022 (335107.023.000) 05/14 18:09:30 Job disconnected, attempting to reconnect
    Socket between submit and execute hosts closed unexpectedly
    Trying to reconnect to slot1_3@b7g28n0823.cern.ch <128.142.240.56:9618?addrs=128.142.240.56-9618+[2001-1458-301-f9--100-3e]-9618&noUDP&sock=2356_9938_3>
...
024 (335107.023.000) 05/14 18:09:30 Job reconnection failed
    Job not found at execution machine
    Can not reconnect to slot1_3@b7g28n0823.cern.ch, rescheduling job
...
040 (335107.023.000) 05/14 18:10:01 Started transferring input files
	Transferring to host: <128.142.240.20:9618?addrs=128.142.240.20-9618+[2001-1458-301-f9--100-4]-9618&noUDP&sock=29066_6057_1784>
...
040 (335107.023.000) 05/14 18:10:01 Finished transferring input files
...
001 (335107.023.000) 05/14 18:10:02 Job executing on host: <128.142.240.20:9618?addrs=128.142.240.20-9618+[2001-1458-301-f9--100-4]-9618&noUDP&sock=2375_a184_3>
...
006 (335107.023.000) 05/14 18:10:11 Image size of job updated: 83924
	51  -  MemoryUsage of job (MB)
	51816  -  ResidentSetSize of job (KB)
...
006 (335107.023.000) 05/14 18:15:12 Image size of job updated: 347036
	338  -  MemoryUsage of job (MB)
	346024  -  ResidentSetSize of job (KB)
...
006 (335107.023.000) 05/14 18:20:13 Image size of job updated: 640780
	625  -  MemoryUsage of job (MB)
	639748  -  ResidentSetSize of job (KB)
...
006 (335107.023.000) 05/14 18:25:13 Image size of job updated: 783624
	765  -  MemoryUsage of job (MB)
	782592  -  ResidentSetSize of job (KB)
...
006 (335107.023.000) 05/14 18:30:14 Image size of job updated: 784600
	766  -  MemoryUsage of job (MB)
	783568  -  ResidentSetSize of job (KB)
...
040 (335107.023.000) 05/14 18:31:20 Started transferring output files
...
040 (335107.023.000) 05/14 18:31:20 Finished transferring output files
...
005 (335107.023.000) 05/14 18:31:20 Job terminated.
	(1) Normal termination (return value 1)
		Usr 0 00:18:26, Sys 0 00:01:40  -  Run Remote Usage
		Usr 0 00:00:00, Sys 0 00:00:00  -  Run Local Usage
		Usr 0 00:18:26, Sys 0 00:01:40  -  Total Remote Usage
		Usr 0 00:00:00, Sys 0 00:00:00  -  Total Local Usage
	8532  -  Run Bytes Sent By Job
	10917  -  Run Bytes Received By Job
	8532  -  Total Bytes Sent By Job
	10917  -  Total Bytes Received By Job
	Partitionable Resources :    Usage  Request Allocated 
	   Cpus                 :     1.02        1         1 
	   Disk (KB)            :    78           1    217810 
	   Memory (MB)          :   766        2000      2000 
...
