000 (335108.008.000) 05/14 18:00:16 Job submitted from host: <188.184.95.166:9618?addrs=188.184.95.166-9618+[2001-1458-201-e4--100-7a0]-9618&alias=tbird02.cern.ch&noUDP&sock=schedd_2138722_faad_3>
...
040 (335108.008.000) 05/14 18:04:41 Started transferring input files
	Transferring to host: <128.142.240.36:9618?addrs=128.142.240.36-9618+[2001-1458-301-f9--100-11]-9618&noUDP&sock=3477_9c66_1758>
...
040 (335108.008.000) 05/14 18:04:41 Finished transferring input files
...
001 (335108.008.000) 05/14 18:04:42 Job executing on host: <128.142.240.36:9618?addrs=128.142.240.36-9618+[2001-1458-301-f9--100-11]-9618&noUDP&sock=2260_c020_3>
...
006 (335108.008.000) 05/14 18:04:50 Image size of job updated: 84828
	54  -  MemoryUsage of job (MB)
	54400  -  ResidentSetSize of job (KB)
...
006 (335108.008.000) 05/14 18:09:50 Image size of job updated: 381760
	331  -  MemoryUsage of job (MB)
	338424  -  ResidentSetSize of job (KB)
...
006 (335108.008.000) 05/14 18:14:51 Image size of job updated: 687260
	629  -  MemoryUsage of job (MB)
	643880  -  ResidentSetSize of job (KB)
...
006 (335108.008.000) 05/14 18:19:52 Image size of job updated: 815564
	755  -  MemoryUsage of job (MB)
	772184  -  ResidentSetSize of job (KB)
...
006 (335108.008.000) 05/14 18:24:52 Image size of job updated: 817876
	757  -  MemoryUsage of job (MB)
	774496  -  ResidentSetSize of job (KB)
...
040 (335108.008.000) 05/14 18:28:46 Started transferring output files
...
040 (335108.008.000) 05/14 18:28:46 Finished transferring output files
...
005 (335108.008.000) 05/14 18:28:46 Job terminated.
	(1) Normal termination (return value 1)
		Usr 0 00:21:05, Sys 0 00:01:52  -  Run Remote Usage
		Usr 0 00:00:00, Sys 0 00:00:00  -  Run Local Usage
		Usr 0 00:21:05, Sys 0 00:01:52  -  Total Remote Usage
		Usr 0 00:00:00, Sys 0 00:00:00  -  Total Local Usage
	13839  -  Run Bytes Sent By Job
	10917  -  Run Bytes Received By Job
	13839  -  Total Bytes Sent By Job
	10917  -  Total Bytes Received By Job
	Partitionable Resources :    Usage  Request Allocated 
	   Cpus                 :                 1           
	   Disk (KB)            :       73        1   2093245 
	   Memory (MB)          :      757     2000      2000 
...
