000 (335101.026.000) 05/14 18:00:10 Job submitted from host: <188.184.95.166:9618?addrs=188.184.95.166-9618+[2001-1458-201-e4--100-7a0]-9618&alias=tbird02.cern.ch&noUDP&sock=schedd_2138722_faad_3>
...
040 (335101.026.000) 05/14 18:01:18 Started transferring input files
	Transferring to host: <188.184.133.187:9618?addrs=188.184.133.187-9618+[2001-1458-301-a0--100-4b3]-9618&noUDP&sock=12997_4fea_105089>
...
040 (335101.026.000) 05/14 18:01:18 Finished transferring input files
...
001 (335101.026.000) 05/14 18:01:19 Job executing on host: <188.184.133.187:9618?addrs=188.184.133.187-9618+[2001-1458-301-a0--100-4b3]-9618&noUDP&sock=12789_c4cb_3>
...
006 (335101.026.000) 05/14 18:01:27 Image size of job updated: 194648
	115  -  MemoryUsage of job (MB)
	117352  -  ResidentSetSize of job (KB)
...
006 (335101.026.000) 05/14 18:06:27 Image size of job updated: 350052
	338  -  MemoryUsage of job (MB)
	345812  -  ResidentSetSize of job (KB)
...
006 (335101.026.000) 05/14 18:11:28 Image size of job updated: 651776
	633  -  MemoryUsage of job (MB)
	647528  -  ResidentSetSize of job (KB)
...
006 (335101.026.000) 05/14 18:16:28 Image size of job updated: 784428
	762  -  MemoryUsage of job (MB)
	780180  -  ResidentSetSize of job (KB)
...
006 (335101.026.000) 05/14 18:21:28 Image size of job updated: 787936
	766  -  MemoryUsage of job (MB)
	783688  -  ResidentSetSize of job (KB)
...
040 (335101.026.000) 05/14 18:26:07 Started transferring output files
...
040 (335101.026.000) 05/14 18:26:07 Finished transferring output files
...
005 (335101.026.000) 05/14 18:26:07 Job terminated.
	(1) Normal termination (return value 1)
		Usr 0 00:22:14, Sys 0 00:01:49  -  Run Remote Usage
		Usr 0 00:00:00, Sys 0 00:00:00  -  Run Local Usage
		Usr 0 00:22:14, Sys 0 00:01:49  -  Total Remote Usage
		Usr 0 00:00:00, Sys 0 00:00:00  -  Total Local Usage
	8533  -  Run Bytes Sent By Job
	10917  -  Run Bytes Received By Job
	8533  -  Total Bytes Sent By Job
	10917  -  Total Bytes Received By Job
	Partitionable Resources :    Usage  Request Allocated 
	   Cpus                 :                 1           
	   Disk (KB)            :       71        1   2097533 
	   Memory (MB)          :      766     2000      2000 
...
