000 (335105.011.000) 05/14 18:00:13 Job submitted from host: <188.184.95.166:9618?addrs=188.184.95.166-9618+[2001-1458-201-e4--100-7a0]-9618&alias=tbird02.cern.ch&noUDP&sock=schedd_2138722_faad_3>
...
040 (335105.011.000) 05/14 18:02:00 Started transferring input files
	Transferring to host: <188.184.207.222:9618?addrs=188.184.207.222-9618+[2001-1458-301-7d--100-42c]-9618&noUDP&sock=4202_7064_127638>
...
040 (335105.011.000) 05/14 18:02:00 Finished transferring input files
...
001 (335105.011.000) 05/14 18:02:01 Job executing on host: <188.184.207.222:9618?addrs=188.184.207.222-9618+[2001-1458-301-7d--100-42c]-9618&noUDP&sock=2332_22f2_3>
...
006 (335105.011.000) 05/14 18:02:09 Image size of job updated: 268992
	187  -  MemoryUsage of job (MB)
	190764  -  ResidentSetSize of job (KB)
...
006 (335105.011.000) 05/14 18:07:09 Image size of job updated: 430380
	338  -  MemoryUsage of job (MB)
	345716  -  ResidentSetSize of job (KB)
...
006 (335105.011.000) 05/14 18:12:10 Image size of job updated: 732692
	633  -  MemoryUsage of job (MB)
	648028  -  ResidentSetSize of job (KB)
...
006 (335105.011.000) 05/14 18:17:11 Image size of job updated: 868332
	766  -  MemoryUsage of job (MB)
	783668  -  ResidentSetSize of job (KB)
...
006 (335105.011.000) 05/14 18:26:10 Image size of job updated: 1201744
	766  -  MemoryUsage of job (MB)
	783668  -  ResidentSetSize of job (KB)
...
040 (335105.011.000) 05/14 18:26:10 Started transferring output files
...
040 (335105.011.000) 05/14 18:26:10 Finished transferring output files
...
005 (335105.011.000) 05/14 18:26:10 Job terminated.
	(1) Normal termination (return value 1)
		Usr 0 00:21:42, Sys 0 00:01:46  -  Run Remote Usage
		Usr 0 00:00:00, Sys 0 00:00:00  -  Run Local Usage
		Usr 0 00:21:42, Sys 0 00:01:46  -  Total Remote Usage
		Usr 0 00:00:00, Sys 0 00:00:00  -  Total Local Usage
	11582  -  Run Bytes Sent By Job
	10917  -  Run Bytes Received By Job
	11582  -  Total Bytes Sent By Job
	10917  -  Total Bytes Received By Job
	Partitionable Resources :    Usage  Request Allocated 
	   Cpus                 :                 1           
	   Disk (KB)            :       71        1   2105104 
	   Memory (MB)          :      766     2000      2000 
...
