i will run the following command
python postproc_batch.py MY_EOS_SPACE/heppyNtuples/TREES_W_94X/ MY_EOS_SPACE/heppyNtuples/TREES_W_94X/friends/ --friend -N 250000 -d WJetsToLNu_94X_part1 -c 12
   WJetsToLNu_94X_part1   MC  29 chunks


I have 1 taks to process
I'm using the following list of modules DEFAULT_MODULES
this is jobs [('WJetsToLNu_94X_part1', 'MY_EOS_SPACE/heppyNtuples/TREES_W_94X/WJetsToLNu_94X_part1/treeProducerWMass/tree.root', 3681722264630.7085, '_Friend_WJetsToLNu_94X_part1.chunk12', False, xrange(3000000, 3250000), 12)]
Modules to run:  []   name =  puWeight
Loading puWeight from CMGTools.WMass.postprocessing.examples.puWeightProducer 
Running on dataset =  WJetsToLNu_94X_part1
TFile: name=/afs/cern.ch/work/m/mciprian/w_mass_analysis/heppy/rel_slc7/CMSSW_9_4_12/src/CMGTools/WMass/python/postprocessing/data/pileup/mcPU_2016_W94XnoCutsWithGenWeights_nTrueInt.root, title=, option=READ
TFile: name=/afs/cern.ch/work/m/mciprian/w_mass_analysis/heppy/rel_slc7/CMSSW_9_4_12/src/CMGTools/WMass/python/postprocessing/data/pileup/PileupData_GoldenMuonJSON_Full2016.root, title=, option=READ
Load C++ Worker
Modules to run:  []   name =  muCalibratedWithStatVar
Loading muCalibratedWithStatVar from CMGTools.WMass.postprocessing.examples.lepVarProducer 
Running on dataset =  WJetsToLNu_94X_part1
did not find EnergyScaleCorrection shared object, rebuilding
trying to load all the rochester correction libraries
did not find legacy data roccor. rebuilding...
done building legacy data roccor.
Modules to run:  []   name =  jetAllReCleaner
Loading jetAllReCleaner from CMGTools.WMass.postprocessing.examples.jetReCleaner 
Running on dataset =  WJetsToLNu_94X_part1
Load C++ Worker
Modules to run:  []   name =  jetReCleaner
Loading jetReCleaner from CMGTools.WMass.postprocessing.examples.jetReCleaner 
Running on dataset =  WJetsToLNu_94X_part1
Load C++ Worker
Modules to run:  []   name =  genQEDJets
Loading genQEDJets from CMGTools.WMass.postprocessing.examples.genFriendProducer 
Running on dataset =  WJetsToLNu_94X_part1
Will write selected trees to MY_EOS_SPACE/heppyNtuples/TREES_W_94X/friends/
Normalization of nTrueInt_Wnopt: 3.68902e+10
Normalization of pileup: 3.68902e+10
Weights for variable nTrueInt_Wnopt with a number of bins equal to 102:
1 0.3634 0.9215 1.196 0.96 1.118 1.157 0.9675 0.9293 0.9192 0.8823 0.9553 1.062 1.116 1.167 1.194 1.2 1.193 1.177 1.14 1.092 1.06 1.047 1.046 1.047 1.048 1.06 1.077 1.092 1.106 1.122 1.108 1.097 1.051 0.992 0.9144 0.8237 0.7175 0.6087 0.5019 0.4029 0.3076 0.2264 0.1622 0.1123 0.07656 0.05052 0.03159 0.01992 0.01212 0.007355 0.004361 0.002593 0.001553 0.0009624 0.0007219 0.0006632 0.0007233 0.0009289 0.001329 0.001772 0.003222 0.004042 0.00487 0.005064 0.005658 0.005309 0.004846 0.004101 0.003977 0.003686 0.003306 0.002672 0.002286 0.001878 0.00167 1 1 1 1 1 1 1 1 1 1 1 1 1 1 1 1 1 1 1 1 1 1 1 1 1 1 .
Final weights: 
1 0.3634 0.9215 1.196 0.96 1.118 1.157 0.9675 0.9293 0.9192 0.8823 0.9553 1.062 1.116 1.167 1.194 1.2 1.193 1.177 1.14 1.092 1.06 1.047 1.046 1.047 1.048 1.06 1.077 1.092 1.106 1.122 1.108 1.097 1.051 0.992 0.9144 0.8237 0.7175 0.6087 0.5019 0.4029 0.3076 0.2264 0.1622 0.1123 0.07656 0.05052 0.03159 0.01992 0.01212 0.007355 0.004361 0.002593 0.001553 0.0009624 0.0007219 0.0006632 0.0007233 0.0009289 0.001329 0.001772 0.003222 0.004042 0.00487 0.005064 0.005658 0.005309 0.004846 0.004101 0.003977 0.003686 0.003306 0.002672 0.002286 0.001878 0.00167 1 1 1 1 1 1 1 1 1 1 1 1 1 1 1 1 1 1 1 1 1 1 1 1 1 1 .
begin job of lepCalProducer
initializing all the rochester correction objects
initializing the egamma calibrator
Processed  3000000/ 7087886 entries (elapsed time     1.0s, curr speed    9.709 kHz, avg speed 2912.621 kHz), accepted        1/       1 events (100.00%)
Processed  3010000/ 7087886 entries (elapsed time    59.1s, curr speed    0.172 kHz, avg speed   50.948 kHz), accepted    10001/   10001 events (100.00%)
Processed  3020000/ 7087886 entries (elapsed time   119.8s, curr speed    0.165 kHz, avg speed   25.204 kHz), accepted    20001/   20001 events (100.00%)
Processed  3030000/ 7087886 entries (elapsed time   178.2s, curr speed    0.171 kHz, avg speed   17.001 kHz), accepted    30001/   30001 events (100.00%)
Processed  3040000/ 7087886 entries (elapsed time   240.6s, curr speed    0.160 kHz, avg speed   12.636 kHz), accepted    40001/   40001 events (100.00%)
Processed  3050000/ 7087886 entries (elapsed time   300.6s, curr speed    0.167 kHz, avg speed   10.145 kHz), accepted    50001/   50001 events (100.00%)
Processed  3060000/ 7087886 entries (elapsed time   362.0s, curr speed    0.163 kHz, avg speed    8.453 kHz), accepted    60001/   60001 events (100.00%)
Processed  3070000/ 7087886 entries (elapsed time   416.0s, curr speed    0.185 kHz, avg speed    7.379 kHz), accepted    70001/   70001 events (100.00%)
Processed  3080000/ 7087886 entries (elapsed time   469.2s, curr speed    0.188 kHz, avg speed    6.564 kHz), accepted    80001/   80001 events (100.00%)
Processed  3090000/ 7087886 entries (elapsed time   521.9s, curr speed    0.190 kHz, avg speed    5.920 kHz), accepted    90001/   90001 events (100.00%)
Processed  3100000/ 7087886 entries (elapsed time   561.3s, curr speed    0.254 kHz, avg speed    5.523 kHz), accepted   100001/  100001 events (100.00%)
Processed  3110000/ 7087886 entries (elapsed time   593.3s, curr speed    0.312 kHz, avg speed    5.242 kHz), accepted   110001/  110001 events (100.00%)
Processed  3120000/ 7087886 entries (elapsed time   655.8s, curr speed    0.160 kHz, avg speed    4.757 kHz), accepted   120001/  120001 events (100.00%)
Processed  3130000/ 7087886 entries (elapsed time   688.5s, curr speed    0.306 kHz, avg speed    4.546 kHz), accepted   130001/  130001 events (100.00%)
Processed  3140000/ 7087886 entries (elapsed time   721.4s, curr speed    0.304 kHz, avg speed    4.353 kHz), accepted   140001/  140001 events (100.00%)
Processed  3150000/ 7087886 entries (elapsed time   754.0s, curr speed    0.306 kHz, avg speed    4.178 kHz), accepted   150001/  150001 events (100.00%)
Processed  3160000/ 7087886 entries (elapsed time   786.2s, curr speed    0.311 kHz, avg speed    4.020 kHz), accepted   160001/  160001 events (100.00%)
Processed  3170000/ 7087886 entries (elapsed time   818.7s, curr speed    0.307 kHz, avg speed    3.872 kHz), accepted   170001/  170001 events (100.00%)
Processed  3180000/ 7087886 entries (elapsed time   881.3s, curr speed    0.160 kHz, avg speed    3.608 kHz), accepted   180001/  180001 events (100.00%)
Processed  3190000/ 7087886 entries (elapsed time   913.5s, curr speed    0.310 kHz, avg speed    3.492 kHz), accepted   190001/  190001 events (100.00%)
Processed  3200000/ 7087886 entries (elapsed time   945.9s, curr speed    0.309 kHz, avg speed    3.383 kHz), accepted   200001/  200001 events (100.00%)
Processed  3210000/ 7087886 entries (elapsed time   978.2s, curr speed    0.310 kHz, avg speed    3.282 kHz), accepted   210001/  210001 events (100.00%)
Processed  3220000/ 7087886 entries (elapsed time  1010.6s, curr speed    0.308 kHz, avg speed    3.186 kHz), accepted   220001/  220001 events (100.00%)
Processed  3230000/ 7087886 entries (elapsed time  1043.0s, curr speed    0.310 kHz, avg speed    3.097 kHz), accepted   230001/  230001 events (100.00%)
Processed  3240000/ 7087886 entries (elapsed time  1104.8s, curr speed    0.162 kHz, avg speed    2.933 kHz), accepted   240001/  240001 events (100.00%)
Processed 250000 entries from MY_EOS_SPACE/heppyNtuples/TREES_W_94X/WJetsToLNu_94X_part1/treeProducerWMass/tree.root, selected 250000 entries
Done MY_EOS_SPACE/heppyNtuples/TREES_W_94X/friends/tree_Friend_WJetsToLNu_94X_part1.chunk12.root
