000 (335115.012.000) 05/14 18:59:41 Job submitted from host: <188.184.95.166:9618?addrs=188.184.95.166-9618+[2001-1458-201-e4--100-7a0]-9618&alias=tbird02.cern.ch&noUDP&sock=schedd_2138722_faad_3>
...
040 (335115.012.000) 05/14 19:00:13 Started transferring input files
	Transferring to host: <188.184.133.216:9618?addrs=188.184.133.216-9618+[2001-1458-301-a0--100-2ed]-9618&noUDP&sock=13090_d6cd_105038>
...
040 (335115.012.000) 05/14 19:00:13 Finished transferring input files
...
001 (335115.012.000) 05/14 19:00:14 Job executing on host: <188.184.133.216:9618?addrs=188.184.133.216-9618+[2001-1458-301-a0--100-2ed]-9618&noUDP&sock=12881_df82_3>
...
006 (335115.012.000) 05/14 19:00:23 Image size of job updated: 173320
	106  -  MemoryUsage of job (MB)
	108288  -  ResidentSetSize of job (KB)
...
006 (335115.012.000) 05/14 19:05:24 Image size of job updated: 707408
	607  -  MemoryUsage of job (MB)
	620740  -  ResidentSetSize of job (KB)
...
006 (335115.012.000) 05/14 19:10:24 Image size of job updated: 863456
	759  -  MemoryUsage of job (MB)
	776788  -  ResidentSetSize of job (KB)
...
006 (335115.012.000) 05/14 19:15:00 Image size of job updated: 863456
	759  -  MemoryUsage of job (MB)
	776808  -  ResidentSetSize of job (KB)
...
040 (335115.012.000) 05/14 19:15:00 Started transferring output files
...
040 (335115.012.000) 05/14 19:15:00 Finished transferring output files
...
005 (335115.012.000) 05/14 19:15:00 Job terminated.
	(1) Normal termination (return value 1)
		Usr 0 00:13:15, Sys 0 00:01:15  -  Run Remote Usage
		Usr 0 00:00:00, Sys 0 00:00:00  -  Run Local Usage
		Usr 0 00:13:15, Sys 0 00:01:15  -  Total Remote Usage
		Usr 0 00:00:00, Sys 0 00:00:00  -  Total Local Usage
	8683  -  Run Bytes Sent By Job
	10970  -  Run Bytes Received By Job
	8683  -  Total Bytes Sent By Job
	10970  -  Total Bytes Received By Job
	Partitionable Resources :    Usage  Request Allocated 
	   Cpus                 :                 1           
	   Disk (KB)            :       71        1   2084345 
	   Memory (MB)          :      759     4000      4000 
...
