i will run the following command
python postproc_batch.py MY_EOS_SPACE/heppyNtuples/TREES_W_94X/ MY_EOS_SPACE/heppyNtuples/TREES_W_94X/friends/ --friend -N 250000 -d WJetsToLNu_94X_part1 -c 9
   WJetsToLNu_94X_part1   MC  29 chunks


I have 1 taks to process
I'm using the following list of modules DEFAULT_MODULES
this is jobs [('WJetsToLNu_94X_part1', 'MY_EOS_SPACE/heppyNtuples/TREES_W_94X/WJetsToLNu_94X_part1/treeProducerWMass/tree.root', 3681722264630.7085, '_Friend_WJetsToLNu_94X_part1.chunk9', False, xrange(2250000, 2500000), 9)]
Modules to run:  []   name =  puWeight
Loading puWeight from CMGTools.WMass.postprocessing.examples.puWeightProducer 
Running on dataset =  WJetsToLNu_94X_part1
TFile: name=/afs/cern.ch/work/m/mciprian/w_mass_analysis/heppy/rel_slc7/CMSSW_9_4_12/src/CMGTools/WMass/python/postprocessing/data/pileup/mcPU_2016_W94XnoCutsWithGenWeights_nTrueInt.root, title=, option=READ
TFile: name=/afs/cern.ch/work/m/mciprian/w_mass_analysis/heppy/rel_slc7/CMSSW_9_4_12/src/CMGTools/WMass/python/postprocessing/data/pileup/PileupData_GoldenMuonJSON_Full2016.root, title=, option=READ
Load C++ Worker
Modules to run:  []   name =  muCalibratedWithStatVar
Loading muCalibratedWithStatVar from CMGTools.WMass.postprocessing.examples.lepVarProducer 
Running on dataset =  WJetsToLNu_94X_part1
did not find EnergyScaleCorrection shared object, rebuilding
trying to load all the rochester correction libraries
did not find legacy data roccor. rebuilding...
done building legacy data roccor.
Modules to run:  []   name =  jetAllReCleaner
Loading jetAllReCleaner from CMGTools.WMass.postprocessing.examples.jetReCleaner 
Running on dataset =  WJetsToLNu_94X_part1
Load C++ Worker
Modules to run:  []   name =  jetReCleaner
Loading jetReCleaner from CMGTools.WMass.postprocessing.examples.jetReCleaner 
Running on dataset =  WJetsToLNu_94X_part1
Load C++ Worker
Modules to run:  []   name =  genQEDJets
Loading genQEDJets from CMGTools.WMass.postprocessing.examples.genFriendProducer 
Running on dataset =  WJetsToLNu_94X_part1
Will write selected trees to MY_EOS_SPACE/heppyNtuples/TREES_W_94X/friends/
Normalization of nTrueInt_Wnopt: 3.68902e+10
Normalization of pileup: 3.68902e+10
Weights for variable nTrueInt_Wnopt with a number of bins equal to 102:
1 0.3634 0.9215 1.196 0.96 1.118 1.157 0.9675 0.9293 0.9192 0.8823 0.9553 1.062 1.116 1.167 1.194 1.2 1.193 1.177 1.14 1.092 1.06 1.047 1.046 1.047 1.048 1.06 1.077 1.092 1.106 1.122 1.108 1.097 1.051 0.992 0.9144 0.8237 0.7175 0.6087 0.5019 0.4029 0.3076 0.2264 0.1622 0.1123 0.07656 0.05052 0.03159 0.01992 0.01212 0.007355 0.004361 0.002593 0.001553 0.0009624 0.0007219 0.0006632 0.0007233 0.0009289 0.001329 0.001772 0.003222 0.004042 0.00487 0.005064 0.005658 0.005309 0.004846 0.004101 0.003977 0.003686 0.003306 0.002672 0.002286 0.001878 0.00167 1 1 1 1 1 1 1 1 1 1 1 1 1 1 1 1 1 1 1 1 1 1 1 1 1 1 .
Final weights: 
1 0.3634 0.9215 1.196 0.96 1.118 1.157 0.9675 0.9293 0.9192 0.8823 0.9553 1.062 1.116 1.167 1.194 1.2 1.193 1.177 1.14 1.092 1.06 1.047 1.046 1.047 1.048 1.06 1.077 1.092 1.106 1.122 1.108 1.097 1.051 0.992 0.9144 0.8237 0.7175 0.6087 0.5019 0.4029 0.3076 0.2264 0.1622 0.1123 0.07656 0.05052 0.03159 0.01992 0.01212 0.007355 0.004361 0.002593 0.001553 0.0009624 0.0007219 0.0006632 0.0007233 0.0009289 0.001329 0.001772 0.003222 0.004042 0.00487 0.005064 0.005658 0.005309 0.004846 0.004101 0.003977 0.003686 0.003306 0.002672 0.002286 0.001878 0.00167 1 1 1 1 1 1 1 1 1 1 1 1 1 1 1 1 1 1 1 1 1 1 1 1 1 1 .
begin job of lepCalProducer
initializing all the rochester correction objects
initializing the egamma calibrator
Processed  2250000/ 7087886 entries (elapsed time     0.7s, curr speed   14.925 kHz, avg speed 3358.209 kHz), accepted        1/       1 events (100.00%)
Processed  2260000/ 7087886 entries (elapsed time    38.6s, curr speed    0.263 kHz, avg speed   58.473 kHz), accepted    10001/   10001 events (100.00%)
Processed  2270000/ 7087886 entries (elapsed time    73.9s, curr speed    0.284 kHz, avg speed   30.726 kHz), accepted    20001/   20001 events (100.00%)
Processed  2280000/ 7087886 entries (elapsed time   109.2s, curr speed    0.283 kHz, avg speed   20.873 kHz), accepted    30001/   30001 events (100.00%)
Processed  2290000/ 7087886 entries (elapsed time   144.1s, curr speed    0.287 kHz, avg speed   15.895 kHz), accepted    40001/   40001 events (100.00%)
Processed  2300000/ 7087886 entries (elapsed time   176.8s, curr speed    0.306 kHz, avg speed   13.011 kHz), accepted    50001/   50001 events (100.00%)
Processed  2310000/ 7087886 entries (elapsed time   211.3s, curr speed    0.290 kHz, avg speed   10.934 kHz), accepted    60001/   60001 events (100.00%)
Processed  2320000/ 7087886 entries (elapsed time   240.5s, curr speed    0.342 kHz, avg speed    9.645 kHz), accepted    70001/   70001 events (100.00%)
Processed  2330000/ 7087886 entries (elapsed time   273.0s, curr speed    0.308 kHz, avg speed    8.535 kHz), accepted    80001/   80001 events (100.00%)
Processed  2340000/ 7087886 entries (elapsed time   302.2s, curr speed    0.343 kHz, avg speed    7.744 kHz), accepted    90001/   90001 events (100.00%)
Processed  2350000/ 7087886 entries (elapsed time   332.7s, curr speed    0.327 kHz, avg speed    7.063 kHz), accepted   100001/  100001 events (100.00%)
Processed  2360000/ 7087886 entries (elapsed time   362.0s, curr speed    0.342 kHz, avg speed    6.520 kHz), accepted   110001/  110001 events (100.00%)
Processed  2370000/ 7087886 entries (elapsed time   419.5s, curr speed    0.174 kHz, avg speed    5.650 kHz), accepted   120001/  120001 events (100.00%)
Processed  2380000/ 7087886 entries (elapsed time   449.6s, curr speed    0.332 kHz, avg speed    5.293 kHz), accepted   130001/  130001 events (100.00%)
Processed  2390000/ 7087886 entries (elapsed time   479.0s, curr speed    0.340 kHz, avg speed    4.989 kHz), accepted   140001/  140001 events (100.00%)
Processed  2400000/ 7087886 entries (elapsed time   510.5s, curr speed    0.317 kHz, avg speed    4.701 kHz), accepted   150001/  150001 events (100.00%)
Processed  2410000/ 7087886 entries (elapsed time   539.7s, curr speed    0.342 kHz, avg speed    4.465 kHz), accepted   160001/  160001 events (100.00%)
Processed  2420000/ 7087886 entries (elapsed time   569.1s, curr speed    0.340 kHz, avg speed    4.252 kHz), accepted   170001/  170001 events (100.00%)
Processed  2430000/ 7087886 entries (elapsed time   625.4s, curr speed    0.178 kHz, avg speed    3.886 kHz), accepted   180001/  180001 events (100.00%)
Processed  2440000/ 7087886 entries (elapsed time   653.9s, curr speed    0.350 kHz, avg speed    3.731 kHz), accepted   190001/  190001 events (100.00%)
Processed  2450000/ 7087886 entries (elapsed time   683.5s, curr speed    0.338 kHz, avg speed    3.584 kHz), accepted   200001/  200001 events (100.00%)
Processed  2460000/ 7087886 entries (elapsed time   711.5s, curr speed    0.357 kHz, avg speed    3.458 kHz), accepted   210001/  210001 events (100.00%)
Processed  2470000/ 7087886 entries (elapsed time   741.1s, curr speed    0.338 kHz, avg speed    3.333 kHz), accepted   220001/  220001 events (100.00%)
Processed  2480000/ 7087886 entries (elapsed time   770.0s, curr speed    0.346 kHz, avg speed    3.221 kHz), accepted   230001/  230001 events (100.00%)
Processed  2490000/ 7087886 entries (elapsed time   826.8s, curr speed    0.176 kHz, avg speed    3.012 kHz), accepted   240001/  240001 events (100.00%)
Processed 250000 entries from MY_EOS_SPACE/heppyNtuples/TREES_W_94X/WJetsToLNu_94X_part1/treeProducerWMass/tree.root, selected 250000 entries
Done MY_EOS_SPACE/heppyNtuples/TREES_W_94X/friends/tree_Friend_WJetsToLNu_94X_part1.chunk9.root
