000 (335115.018.000) 05/14 18:59:41 Job submitted from host: <188.184.95.166:9618?addrs=188.184.95.166-9618+[2001-1458-201-e4--100-7a0]-9618&alias=tbird02.cern.ch&noUDP&sock=schedd_2138722_faad_3>
...
040 (335115.018.000) 05/14 19:00:17 Started transferring input files
	Transferring to host: <188.184.132.35:9618?addrs=188.184.132.35-9618+[2001-1458-301-a0--100-11]-9618&noUDP&sock=20896_df4b_1701>
...
040 (335115.018.000) 05/14 19:00:17 Finished transferring input files
...
001 (335115.018.000) 05/14 19:00:18 Job executing on host: <188.184.132.35:9618?addrs=188.184.132.35-9618+[2001-1458-301-a0--100-11]-9618&noUDP&sock=2441_e6c4_3>
...
006 (335115.018.000) 05/14 19:00:26 Image size of job updated: 174544
	107  -  MemoryUsage of job (MB)
	108744  -  ResidentSetSize of job (KB)
...
006 (335115.018.000) 05/14 19:05:26 Image size of job updated: 663552
	564  -  MemoryUsage of job (MB)
	576880  -  ResidentSetSize of job (KB)
...
006 (335115.018.000) 05/14 19:10:27 Image size of job updated: 864036
	760  -  MemoryUsage of job (MB)
	777364  -  ResidentSetSize of job (KB)
...
006 (335115.018.000) 05/14 19:15:28 Image size of job updated: 864208
	760  -  MemoryUsage of job (MB)
	777536  -  ResidentSetSize of job (KB)
...
040 (335115.018.000) 05/14 19:15:56 Started transferring output files
...
040 (335115.018.000) 05/14 19:15:56 Finished transferring output files
...
005 (335115.018.000) 05/14 19:15:56 Job terminated.
	(1) Normal termination (return value 1)
		Usr 0 00:13:59, Sys 0 00:01:24  -  Run Remote Usage
		Usr 0 00:00:00, Sys 0 00:00:00  -  Run Local Usage
		Usr 0 00:13:59, Sys 0 00:01:24  -  Total Remote Usage
		Usr 0 00:00:00, Sys 0 00:00:00  -  Total Local Usage
	8683  -  Run Bytes Sent By Job
	10970  -  Run Bytes Received By Job
	8683  -  Total Bytes Sent By Job
	10970  -  Total Bytes Received By Job
	Partitionable Resources :    Usage  Request Allocated 
	   Cpus                 :     1.02        1         1 
	   Disk (KB)            :    78           1    216657 
	   Memory (MB)          :   760        4000      4000 
...
