000 (335115.000.000) 05/14 18:59:41 Job submitted from host: <188.184.95.166:9618?addrs=188.184.95.166-9618+[2001-1458-201-e4--100-7a0]-9618&alias=tbird02.cern.ch&noUDP&sock=schedd_2138722_faad_3>
...
022 (335115.000.000) 05/14 19:00:11 Job disconnected, attempting to reconnect
    Socket between submit and execute hosts closed unexpectedly
    Trying to reconnect to slot1_2@b7g28n0248.cern.ch <188.184.186.21:9618?addrs=188.184.186.21-9618+[2001-1458-301-f8--100-b]-9618&noUDP&sock=2352_dad7_3>
...
024 (335115.000.000) 05/14 19:00:11 Job reconnection failed
    Job not found at execution machine
    Can not reconnect to slot1_2@b7g28n0248.cern.ch, rescheduling job
...
040 (335115.000.000) 05/14 19:00:52 Started transferring input files
	Transferring to host: <188.184.132.252:9618?addrs=188.184.132.252-9618+[2001-1458-301-a0--100-27a]-9618&noUDP&sock=12926_4947_105447>
...
040 (335115.000.000) 05/14 19:00:52 Finished transferring input files
...
001 (335115.000.000) 05/14 19:00:53 Job executing on host: <188.184.132.252:9618?addrs=188.184.132.252-9618+[2001-1458-301-a0--100-27a]-9618&noUDP&sock=12718_1192_3>
...
006 (335115.000.000) 05/14 19:01:01 Image size of job updated: 353992
	266  -  MemoryUsage of job (MB)
	271716  -  ResidentSetSize of job (KB)
...
006 (335115.000.000) 05/14 19:06:01 Image size of job updated: 727676
	631  -  MemoryUsage of job (MB)
	645372  -  ResidentSetSize of job (KB)
...
006 (335115.000.000) 05/14 19:11:01 Image size of job updated: 863284
	763  -  MemoryUsage of job (MB)
	780980  -  ResidentSetSize of job (KB)
...
040 (335115.000.000) 05/14 19:13:28 Started transferring output files
...
040 (335115.000.000) 05/14 19:13:28 Finished transferring output files
...
005 (335115.000.000) 05/14 19:13:28 Job terminated.
	(1) Normal termination (return value 1)
		Usr 0 00:11:19, Sys 0 00:01:12  -  Run Remote Usage
		Usr 0 00:00:00, Sys 0 00:00:00  -  Run Local Usage
		Usr 0 00:11:19, Sys 0 00:01:12  -  Total Remote Usage
		Usr 0 00:00:00, Sys 0 00:00:00  -  Total Local Usage
	8678  -  Run Bytes Sent By Job
	10970  -  Run Bytes Received By Job
	8678  -  Total Bytes Sent By Job
	10970  -  Total Bytes Received By Job
	Partitionable Resources :    Usage  Request Allocated 
	   Cpus                 :                 1           
	   Disk (KB)            :       71        1   2188191 
	   Memory (MB)          :      763     4000      4000 
...
