000 (335115.007.000) 05/14 18:59:41 Job submitted from host: <188.184.95.166:9618?addrs=188.184.95.166-9618+[2001-1458-201-e4--100-7a0]-9618&alias=tbird02.cern.ch&noUDP&sock=schedd_2138722_faad_3>
...
040 (335115.007.000) 05/14 19:00:12 Started transferring input files
	Transferring to host: <188.184.186.12:9618?addrs=188.184.186.12-9618+[2001-1458-301-f8--100-2]-9618&noUDP&sock=4120_a9a1_128289>
...
040 (335115.007.000) 05/14 19:00:12 Finished transferring input files
...
001 (335115.007.000) 05/14 19:00:14 Job executing on host: <188.184.186.12:9618?addrs=188.184.186.12-9618+[2001-1458-301-f8--100-2]-9618&noUDP&sock=2349_cc0e_3>
...
006 (335115.007.000) 05/14 19:00:22 Image size of job updated: 287792
	202  -  MemoryUsage of job (MB)
	206244  -  ResidentSetSize of job (KB)
...
006 (335115.007.000) 05/14 19:05:22 Image size of job updated: 727260
	626  -  MemoryUsage of job (MB)
	640592  -  ResidentSetSize of job (KB)
...
006 (335115.007.000) 05/14 19:10:22 Image size of job updated: 863972
	760  -  MemoryUsage of job (MB)
	777304  -  ResidentSetSize of job (KB)
...
040 (335115.007.000) 05/14 19:11:56 Started transferring output files
...
040 (335115.007.000) 05/14 19:11:56 Finished transferring output files
...
005 (335115.007.000) 05/14 19:11:56 Job terminated.
	(1) Normal termination (return value 1)
		Usr 0 00:10:31, Sys 0 00:01:03  -  Run Remote Usage
		Usr 0 00:00:00, Sys 0 00:00:00  -  Run Local Usage
		Usr 0 00:10:31, Sys 0 00:01:03  -  Total Remote Usage
		Usr 0 00:00:00, Sys 0 00:00:00  -  Total Local Usage
	8683  -  Run Bytes Sent By Job
	10970  -  Run Bytes Received By Job
	8683  -  Total Bytes Sent By Job
	10970  -  Total Bytes Received By Job
	Partitionable Resources :    Usage  Request Allocated 
	   Cpus                 :                 1           
	   Disk (KB)            :       71        1   2138752 
	   Memory (MB)          :      760     4000      4000 
...
