000 (335115.027.000) 05/14 18:59:41 Job submitted from host: <188.184.95.166:9618?addrs=188.184.95.166-9618+[2001-1458-201-e4--100-7a0]-9618&alias=tbird02.cern.ch&noUDP&sock=schedd_2138722_faad_3>
...
040 (335115.027.000) 05/14 19:00:20 Started transferring input files
	Transferring to host: <128.142.33.155:9618?addrs=128.142.33.155-9618+[2001-1458-301-117--100-30f]-9618&noUDP&sock=3037_9755_103646>
...
040 (335115.027.000) 05/14 19:00:20 Finished transferring input files
...
001 (335115.027.000) 05/14 19:00:21 Job executing on host: <128.142.33.155:9618?addrs=128.142.33.155-9618+[2001-1458-301-117--100-30f]-9618&noUDP&sock=2273_aadb_3>
...
006 (335115.027.000) 05/14 19:00:30 Image size of job updated: 233904
	152  -  MemoryUsage of job (MB)
	155392  -  ResidentSetSize of job (KB)
...
006 (335115.027.000) 05/14 19:05:31 Image size of job updated: 430660
	336  -  MemoryUsage of job (MB)
	344060  -  ResidentSetSize of job (KB)
...
006 (335115.027.000) 05/14 19:10:31 Image size of job updated: 795684
	693  -  MemoryUsage of job (MB)
	709024  -  ResidentSetSize of job (KB)
...
006 (335115.027.000) 05/14 19:15:32 Image size of job updated: 862244
	758  -  MemoryUsage of job (MB)
	775584  -  ResidentSetSize of job (KB)
...
040 (335115.027.000) 05/14 19:18:11 Started transferring output files
...
040 (335115.027.000) 05/14 19:18:11 Finished transferring output files
...
005 (335115.027.000) 05/14 19:18:11 Job terminated.
	(1) Normal termination (return value 1)
		Usr 0 00:15:58, Sys 0 00:01:37  -  Run Remote Usage
		Usr 0 00:00:00, Sys 0 00:00:00  -  Run Local Usage
		Usr 0 00:15:58, Sys 0 00:01:37  -  Total Remote Usage
		Usr 0 00:00:00, Sys 0 00:00:00  -  Total Local Usage
	8730  -  Run Bytes Sent By Job
	10970  -  Run Bytes Received By Job
	8730  -  Total Bytes Sent By Job
	10970  -  Total Bytes Received By Job
	Partitionable Resources :    Usage  Request Allocated 
	   Cpus                 :                 1           
	   Disk (KB)            :       71        1   2156480 
	   Memory (MB)          :      758     4000      4000 
...
