000 (335115.011.000) 05/14 18:59:41 Job submitted from host: <188.184.95.166:9618?addrs=188.184.95.166-9618+[2001-1458-201-e4--100-7a0]-9618&alias=tbird02.cern.ch&noUDP&sock=schedd_2138722_faad_3>
...
040 (335115.011.000) 05/14 19:00:14 Started transferring input files
	Transferring to host: <188.184.186.8:9618?addrs=188.184.186.8-9618+[2001-1458-301-f8--100-1e]-9618&noUDP&sock=4054_28de_128579>
...
040 (335115.011.000) 05/14 19:00:14 Finished transferring input files
...
001 (335115.011.000) 05/14 19:00:15 Job executing on host: <188.184.186.8:9618?addrs=188.184.186.8-9618+[2001-1458-301-f8--100-1e]-9618&noUDP&sock=2328_6491_3>
...
006 (335115.011.000) 05/14 19:00:23 Image size of job updated: 6296
	4  -  MemoryUsage of job (MB)
	4048  -  ResidentSetSize of job (KB)
...
006 (335115.011.000) 05/14 19:05:23 Image size of job updated: 429956
	336  -  MemoryUsage of job (MB)
	343344  -  ResidentSetSize of job (KB)
...
006 (335115.011.000) 05/14 19:10:24 Image size of job updated: 726580
	625  -  MemoryUsage of job (MB)
	639908  -  ResidentSetSize of job (KB)
...
006 (335115.011.000) 05/14 19:15:24 Image size of job updated: 861148
	757  -  MemoryUsage of job (MB)
	774476  -  ResidentSetSize of job (KB)
...
006 (335115.011.000) 05/14 19:20:24 Image size of job updated: 861228
	757  -  MemoryUsage of job (MB)
	774556  -  ResidentSetSize of job (KB)
...
006 (335115.011.000) 05/14 19:21:11 Image size of job updated: 1192700
	757  -  MemoryUsage of job (MB)
	774556  -  ResidentSetSize of job (KB)
...
040 (335115.011.000) 05/14 19:21:11 Started transferring output files
...
040 (335115.011.000) 05/14 19:21:11 Finished transferring output files
...
005 (335115.011.000) 05/14 19:21:11 Job terminated.
	(1) Normal termination (return value 1)
		Usr 0 00:16:41, Sys 0 00:01:34  -  Run Remote Usage
		Usr 0 00:00:00, Sys 0 00:00:00  -  Run Local Usage
		Usr 0 00:16:41, Sys 0 00:01:34  -  Total Remote Usage
		Usr 0 00:00:00, Sys 0 00:00:00  -  Total Local Usage
	8683  -  Run Bytes Sent By Job
	10970  -  Run Bytes Received By Job
	8683  -  Total Bytes Sent By Job
	10970  -  Total Bytes Received By Job
	Partitionable Resources :    Usage  Request Allocated 
	   Cpus                 :                 1           
	   Disk (KB)            :       71        1   2192336 
	   Memory (MB)          :      757     4000      4000 
...
