000 (335115.014.000) 05/14 18:59:41 Job submitted from host: <188.184.95.166:9618?addrs=188.184.95.166-9618+[2001-1458-201-e4--100-7a0]-9618&alias=tbird02.cern.ch&noUDP&sock=schedd_2138722_faad_3>
...
040 (335115.014.000) 05/14 19:00:15 Started transferring input files
	Transferring to host: <128.142.33.163:9618?addrs=128.142.33.163-9618+[2001-1458-301-117--100-1e5]-9618&noUDP&sock=12932_8387_104908>
...
040 (335115.014.000) 05/14 19:00:15 Finished transferring input files
...
001 (335115.014.000) 05/14 19:00:16 Job executing on host: <128.142.33.163:9618?addrs=128.142.33.163-9618+[2001-1458-301-117--100-1e5]-9618&noUDP&sock=12725_debb_3>
...
006 (335115.014.000) 05/14 19:00:24 Image size of job updated: 291492
	205  -  MemoryUsage of job (MB)
	209620  -  ResidentSetSize of job (KB)
...
006 (335115.014.000) 05/14 19:05:24 Image size of job updated: 703484
	603  -  MemoryUsage of job (MB)
	616812  -  ResidentSetSize of job (KB)
...
006 (335115.014.000) 05/14 19:10:24 Image size of job updated: 867344
	763  -  MemoryUsage of job (MB)
	780672  -  ResidentSetSize of job (KB)
...
040 (335115.014.000) 05/14 19:14:28 Started transferring output files
...
040 (335115.014.000) 05/14 19:14:28 Finished transferring output files
...
005 (335115.014.000) 05/14 19:14:28 Job terminated.
	(1) Normal termination (return value 1)
		Usr 0 00:12:45, Sys 0 00:01:17  -  Run Remote Usage
		Usr 0 00:00:00, Sys 0 00:00:00  -  Run Local Usage
		Usr 0 00:12:45, Sys 0 00:01:17  -  Total Remote Usage
		Usr 0 00:00:00, Sys 0 00:00:00  -  Total Local Usage
	8683  -  Run Bytes Sent By Job
	10970  -  Run Bytes Received By Job
	8683  -  Total Bytes Sent By Job
	10970  -  Total Bytes Received By Job
	Partitionable Resources :    Usage  Request Allocated 
	   Cpus                 :                 1           
	   Disk (KB)            :       71        1   2191102 
	   Memory (MB)          :      763     4000      4000 
...
