000 (335115.002.000) 05/14 18:59:41 Job submitted from host: <188.184.95.166:9618?addrs=188.184.95.166-9618+[2001-1458-201-e4--100-7a0]-9618&alias=tbird02.cern.ch&noUDP&sock=schedd_2138722_faad_3>
...
040 (335115.002.000) 05/14 19:00:11 Started transferring input files
	Transferring to host: <188.184.186.31:9618?addrs=188.184.186.31-9618+[2001-1458-301-f8--100-a]-9618&noUDP&sock=3018_3434_47496>
...
040 (335115.002.000) 05/14 19:00:11 Finished transferring input files
...
001 (335115.002.000) 05/14 19:00:12 Job executing on host: <188.184.186.31:9618?addrs=188.184.186.31-9618+[2001-1458-301-f8--100-a]-9618&noUDP&sock=2280_7805_3>
...
006 (335115.002.000) 05/14 19:00:20 Image size of job updated: 81700
	34  -  MemoryUsage of job (MB)
	33812  -  ResidentSetSize of job (KB)
...
006 (335115.002.000) 05/14 19:05:20 Image size of job updated: 430560
	336  -  MemoryUsage of job (MB)
	343332  -  ResidentSetSize of job (KB)
...
006 (335115.002.000) 05/14 19:10:21 Image size of job updated: 735824
	634  -  MemoryUsage of job (MB)
	648536  -  ResidentSetSize of job (KB)
...
006 (335115.002.000) 05/14 19:15:22 Image size of job updated: 863596
	759  -  MemoryUsage of job (MB)
	776308  -  ResidentSetSize of job (KB)
...
040 (335115.002.000) 05/14 19:20:04 Started transferring output files
...
040 (335115.002.000) 05/14 19:20:04 Finished transferring output files
...
005 (335115.002.000) 05/14 19:20:04 Job terminated.
	(1) Normal termination (return value 1)
		Usr 0 00:17:17, Sys 0 00:01:42  -  Run Remote Usage
		Usr 0 00:00:00, Sys 0 00:00:00  -  Run Local Usage
		Usr 0 00:17:17, Sys 0 00:01:42  -  Total Remote Usage
		Usr 0 00:00:00, Sys 0 00:00:00  -  Total Local Usage
	8679  -  Run Bytes Sent By Job
	10970  -  Run Bytes Received By Job
	8679  -  Total Bytes Sent By Job
	10970  -  Total Bytes Received By Job
	Partitionable Resources :    Usage  Request Allocated 
	   Cpus                 :                 1           
	   Disk (KB)            :       71        1   2171940 
	   Memory (MB)          :      759     4000      4000 
...
