i will run the following command
python postproc_batch.py MY_EOS_SPACE/heppyNtuples/TREES_W_94X/ MY_EOS_SPACE/heppyNtuples/TREES_W_94X/friends/ --friend -N 250000 -d WJetsToLNu_94X_part1 -c 26
   WJetsToLNu_94X_part1   MC  29 chunks


I have 1 taks to process
I'm using the following list of modules DEFAULT_MODULES
this is jobs [('WJetsToLNu_94X_part1', 'MY_EOS_SPACE/heppyNtuples/TREES_W_94X/WJetsToLNu_94X_part1/treeProducerWMass/tree.root', 3681722264630.7085, '_Friend_WJetsToLNu_94X_part1.chunk26', False, xrange(6500000, 6750000), 26)]
Modules to run:  []   name =  puWeight
Loading puWeight from CMGTools.WMass.postprocessing.examples.puWeightProducer 
Running on dataset =  WJetsToLNu_94X_part1
TFile: name=/afs/cern.ch/work/m/mciprian/w_mass_analysis/heppy/rel_slc7/CMSSW_9_4_12/src/CMGTools/WMass/python/postprocessing/data/pileup/mcPU_2016_W94XnoCutsWithGenWeights_nTrueInt.root, title=, option=READ
TFile: name=/afs/cern.ch/work/m/mciprian/w_mass_analysis/heppy/rel_slc7/CMSSW_9_4_12/src/CMGTools/WMass/python/postprocessing/data/pileup/PileupData_GoldenMuonJSON_Full2016.root, title=, option=READ
Load C++ Worker
Modules to run:  []   name =  muCalibratedWithStatVar
Loading muCalibratedWithStatVar from CMGTools.WMass.postprocessing.examples.lepVarProducer 
Running on dataset =  WJetsToLNu_94X_part1
did not find EnergyScaleCorrection shared object, rebuilding
trying to load all the rochester correction libraries
did not find legacy data roccor. rebuilding...
done building legacy data roccor.
Modules to run:  []   name =  jetAllReCleaner
Loading jetAllReCleaner from CMGTools.WMass.postprocessing.examples.jetReCleaner 
Running on dataset =  WJetsToLNu_94X_part1
Load C++ Worker
Modules to run:  []   name =  jetReCleaner
Loading jetReCleaner from CMGTools.WMass.postprocessing.examples.jetReCleaner 
Running on dataset =  WJetsToLNu_94X_part1
Load C++ Worker
Modules to run:  []   name =  genQEDJets
Loading genQEDJets from CMGTools.WMass.postprocessing.examples.genFriendProducer 
Running on dataset =  WJetsToLNu_94X_part1
Will write selected trees to MY_EOS_SPACE/heppyNtuples/TREES_W_94X/friends/
Normalization of nTrueInt_Wnopt: 3.68902e+10
Normalization of pileup: 3.68902e+10
Weights for variable nTrueInt_Wnopt with a number of bins equal to 102:
1 0.3634 0.9215 1.196 0.96 1.118 1.157 0.9675 0.9293 0.9192 0.8823 0.9553 1.062 1.116 1.167 1.194 1.2 1.193 1.177 1.14 1.092 1.06 1.047 1.046 1.047 1.048 1.06 1.077 1.092 1.106 1.122 1.108 1.097 1.051 0.992 0.9144 0.8237 0.7175 0.6087 0.5019 0.4029 0.3076 0.2264 0.1622 0.1123 0.07656 0.05052 0.03159 0.01992 0.01212 0.007355 0.004361 0.002593 0.001553 0.0009624 0.0007219 0.0006632 0.0007233 0.0009289 0.001329 0.001772 0.003222 0.004042 0.00487 0.005064 0.005658 0.005309 0.004846 0.004101 0.003977 0.003686 0.003306 0.002672 0.002286 0.001878 0.00167 1 1 1 1 1 1 1 1 1 1 1 1 1 1 1 1 1 1 1 1 1 1 1 1 1 1 .
Final weights: 
1 0.3634 0.9215 1.196 0.96 1.118 1.157 0.9675 0.9293 0.9192 0.8823 0.9553 1.062 1.116 1.167 1.194 1.2 1.193 1.177 1.14 1.092 1.06 1.047 1.046 1.047 1.048 1.06 1.077 1.092 1.106 1.122 1.108 1.097 1.051 0.992 0.9144 0.8237 0.7175 0.6087 0.5019 0.4029 0.3076 0.2264 0.1622 0.1123 0.07656 0.05052 0.03159 0.01992 0.01212 0.007355 0.004361 0.002593 0.001553 0.0009624 0.0007219 0.0006632 0.0007233 0.0009289 0.001329 0.001772 0.003222 0.004042 0.00487 0.005064 0.005658 0.005309 0.004846 0.004101 0.003977 0.003686 0.003306 0.002672 0.002286 0.001878 0.00167 1 1 1 1 1 1 1 1 1 1 1 1 1 1 1 1 1 1 1 1 1 1 1 1 1 1 .
begin job of lepCalProducer
initializing all the rochester correction objects
initializing the egamma calibrator
Processed  6500000/ 7087886 entries (elapsed time     0.9s, curr speed   11.628 kHz, avg speed 7558.140 kHz), accepted        1/       1 events (100.00%)
Processed  6510000/ 7087886 entries (elapsed time    59.4s, curr speed    0.171 kHz, avg speed  109.559 kHz), accepted    10001/   10001 events (100.00%)
Processed  6520000/ 7087886 entries (elapsed time   117.5s, curr speed    0.172 kHz, avg speed   55.504 kHz), accepted    20001/   20001 events (100.00%)
Processed  6530000/ 7087886 entries (elapsed time   177.4s, curr speed    0.167 kHz, avg speed   36.809 kHz), accepted    30001/   30001 events (100.00%)
Processed  6540000/ 7087886 entries (elapsed time   238.0s, curr speed    0.165 kHz, avg speed   27.478 kHz), accepted    40001/   40001 events (100.00%)
Processed  6550000/ 7087886 entries (elapsed time   296.2s, curr speed    0.172 kHz, avg speed   22.113 kHz), accepted    50001/   50001 events (100.00%)
Processed  6560000/ 7087886 entries (elapsed time   356.1s, curr speed    0.167 kHz, avg speed   18.424 kHz), accepted    60001/   60001 events (100.00%)
Processed  6570000/ 7087886 entries (elapsed time   408.3s, curr speed    0.191 kHz, avg speed   16.092 kHz), accepted    70001/   70001 events (100.00%)
Processed  6580000/ 7087886 entries (elapsed time   461.3s, curr speed    0.189 kHz, avg speed   14.265 kHz), accepted    80001/   80001 events (100.00%)
Processed  6590000/ 7087886 entries (elapsed time   511.9s, curr speed    0.197 kHz, avg speed   12.872 kHz), accepted    90001/   90001 events (100.00%)
Processed  6600000/ 7087886 entries (elapsed time   564.1s, curr speed    0.192 kHz, avg speed   11.700 kHz), accepted   100001/  100001 events (100.00%)
Processed  6610000/ 7087886 entries (elapsed time   616.4s, curr speed    0.191 kHz, avg speed   10.723 kHz), accepted   110001/  110001 events (100.00%)
Processed  6620000/ 7087886 entries (elapsed time   707.7s, curr speed    0.110 kHz, avg speed    9.354 kHz), accepted   120001/  120001 events (100.00%)
Processed  6630000/ 7087886 entries (elapsed time   758.9s, curr speed    0.195 kHz, avg speed    8.736 kHz), accepted   130001/  130001 events (100.00%)
Processed  6640000/ 7087886 entries (elapsed time   812.0s, curr speed    0.188 kHz, avg speed    8.178 kHz), accepted   140001/  140001 events (100.00%)
Processed  6650000/ 7087886 entries (elapsed time   865.5s, curr speed    0.187 kHz, avg speed    7.683 kHz), accepted   150001/  150001 events (100.00%)
Processed  6660000/ 7087886 entries (elapsed time   918.2s, curr speed    0.190 kHz, avg speed    7.254 kHz), accepted   160001/  160001 events (100.00%)
Processed  6670000/ 7087886 entries (elapsed time   969.4s, curr speed    0.195 kHz, avg speed    6.880 kHz), accepted   170001/  170001 events (100.00%)
Processed  6680000/ 7087886 entries (elapsed time  1066.4s, curr speed    0.103 kHz, avg speed    6.264 kHz), accepted   180001/  180001 events (100.00%)
Processed  6690000/ 7087886 entries (elapsed time  1119.4s, curr speed    0.189 kHz, avg speed    5.976 kHz), accepted   190001/  190001 events (100.00%)
Processed  6700000/ 7087886 entries (elapsed time  1171.1s, curr speed    0.193 kHz, avg speed    5.721 kHz), accepted   200001/  200001 events (100.00%)
Processed  6710000/ 7087886 entries (elapsed time  1223.8s, curr speed    0.190 kHz, avg speed    5.483 kHz), accepted   210001/  210001 events (100.00%)
Processed  6720000/ 7087886 entries (elapsed time  1276.1s, curr speed    0.191 kHz, avg speed    5.266 kHz), accepted   220001/  220001 events (100.00%)
Processed  6730000/ 7087886 entries (elapsed time  1327.0s, curr speed    0.196 kHz, avg speed    5.072 kHz), accepted   230001/  230001 events (100.00%)
Processed  6740000/ 7087886 entries (elapsed time  1423.6s, curr speed    0.103 kHz, avg speed    4.734 kHz), accepted   240001/  240001 events (100.00%)
Processed 250000 entries from MY_EOS_SPACE/heppyNtuples/TREES_W_94X/WJetsToLNu_94X_part1/treeProducerWMass/tree.root, selected 250000 entries
Done MY_EOS_SPACE/heppyNtuples/TREES_W_94X/friends/tree_Friend_WJetsToLNu_94X_part1.chunk26.root
