i will run the following command
python postproc_batch.py MY_EOS_SPACE/heppyNtuples/TREES_W_94X/ MY_EOS_SPACE/heppyNtuples/TREES_W_94X/friends/ --friend -N 250000 -d WJetsToLNu_94X_ext_part1 -c 33
   WJetsToLNu_94X_ext_part1   MC  35 chunks


I have 1 taks to process
I'm using the following list of modules DEFAULT_MODULES
this is jobs [('WJetsToLNu_94X_ext_part1', 'MY_EOS_SPACE/heppyNtuples/TREES_W_94X/WJetsToLNu_94X_ext_part1/treeProducerWMass/tree.root', 4421581739769.796, '_Friend_WJetsToLNu_94X_ext_part1.chunk33', False, xrange(8250000, 8500000), 33)]
Modules to run:  []   name =  puWeight
Loading puWeight from CMGTools.WMass.postprocessing.examples.puWeightProducer 
Running on dataset =  WJetsToLNu_94X_ext_part1
TFile: name=/afs/cern.ch/work/m/mciprian/w_mass_analysis/heppy/rel_slc7/CMSSW_9_4_12/src/CMGTools/WMass/python/postprocessing/data/pileup/mcPU_2016_W94XnoCutsWithGenWeights_nTrueInt.root, title=, option=READ
TFile: name=/afs/cern.ch/work/m/mciprian/w_mass_analysis/heppy/rel_slc7/CMSSW_9_4_12/src/CMGTools/WMass/python/postprocessing/data/pileup/PileupData_GoldenMuonJSON_Full2016.root, title=, option=READ
Load C++ Worker
Modules to run:  []   name =  muCalibratedWithStatVar
Loading muCalibratedWithStatVar from CMGTools.WMass.postprocessing.examples.lepVarProducer 
Running on dataset =  WJetsToLNu_94X_ext_part1
did not find EnergyScaleCorrection shared object, rebuilding
trying to load all the rochester correction libraries
did not find legacy data roccor. rebuilding...
done building legacy data roccor.
Modules to run:  []   name =  jetAllReCleaner
Loading jetAllReCleaner from CMGTools.WMass.postprocessing.examples.jetReCleaner 
Running on dataset =  WJetsToLNu_94X_ext_part1
Load C++ Worker
Modules to run:  []   name =  jetReCleaner
Loading jetReCleaner from CMGTools.WMass.postprocessing.examples.jetReCleaner 
Running on dataset =  WJetsToLNu_94X_ext_part1
Load C++ Worker
Modules to run:  []   name =  genQEDJets
Loading genQEDJets from CMGTools.WMass.postprocessing.examples.genFriendProducer 
Running on dataset =  WJetsToLNu_94X_ext_part1
Will write selected trees to MY_EOS_SPACE/heppyNtuples/TREES_W_94X/friends/
Normalization of nTrueInt_Wnopt: 3.68902e+10
Normalization of pileup: 3.68902e+10
Weights for variable nTrueInt_Wnopt with a number of bins equal to 102:
1 0.3634 0.9215 1.196 0.96 1.118 1.157 0.9675 0.9293 0.9192 0.8823 0.9553 1.062 1.116 1.167 1.194 1.2 1.193 1.177 1.14 1.092 1.06 1.047 1.046 1.047 1.048 1.06 1.077 1.092 1.106 1.122 1.108 1.097 1.051 0.992 0.9144 0.8237 0.7175 0.6087 0.5019 0.4029 0.3076 0.2264 0.1622 0.1123 0.07656 0.05052 0.03159 0.01992 0.01212 0.007355 0.004361 0.002593 0.001553 0.0009624 0.0007219 0.0006632 0.0007233 0.0009289 0.001329 0.001772 0.003222 0.004042 0.00487 0.005064 0.005658 0.005309 0.004846 0.004101 0.003977 0.003686 0.003306 0.002672 0.002286 0.001878 0.00167 1 1 1 1 1 1 1 1 1 1 1 1 1 1 1 1 1 1 1 1 1 1 1 1 1 1 .
Final weights: 
1 0.3634 0.9215 1.196 0.96 1.118 1.157 0.9675 0.9293 0.9192 0.8823 0.9553 1.062 1.116 1.167 1.194 1.2 1.193 1.177 1.14 1.092 1.06 1.047 1.046 1.047 1.048 1.06 1.077 1.092 1.106 1.122 1.108 1.097 1.051 0.992 0.9144 0.8237 0.7175 0.6087 0.5019 0.4029 0.3076 0.2264 0.1622 0.1123 0.07656 0.05052 0.03159 0.01992 0.01212 0.007355 0.004361 0.002593 0.001553 0.0009624 0.0007219 0.0006632 0.0007233 0.0009289 0.001329 0.001772 0.003222 0.004042 0.00487 0.005064 0.005658 0.005309 0.004846 0.004101 0.003977 0.003686 0.003306 0.002672 0.002286 0.001878 0.00167 1 1 1 1 1 1 1 1 1 1 1 1 1 1 1 1 1 1 1 1 1 1 1 1 1 1 .
begin job of lepCalProducer
initializing all the rochester correction objects
initializing the egamma calibrator
Processed  8250000/ 8517377 entries (elapsed time     0.9s, curr speed   10.870 kHz, avg speed 8967.391 kHz), accepted        1/       1 events (100.00%)
Processed  8260000/ 8517377 entries (elapsed time    51.2s, curr speed    0.199 kHz, avg speed  161.202 kHz), accepted    10001/   10001 events (100.00%)
Processed  8270000/ 8517377 entries (elapsed time   107.3s, curr speed    0.178 kHz, avg speed   77.081 kHz), accepted    20001/   20001 events (100.00%)
Processed  8280000/ 8517377 entries (elapsed time   162.5s, curr speed    0.181 kHz, avg speed   50.957 kHz), accepted    30001/   30001 events (100.00%)
Processed  8290000/ 8517377 entries (elapsed time   218.5s, curr speed    0.179 kHz, avg speed   37.947 kHz), accepted    40001/   40001 events (100.00%)
Processed  8300000/ 8517377 entries (elapsed time   272.0s, curr speed    0.187 kHz, avg speed   30.517 kHz), accepted    50001/   50001 events (100.00%)
Processed  8310000/ 8517377 entries (elapsed time   328.6s, curr speed    0.177 kHz, avg speed   25.290 kHz), accepted    60001/   60001 events (100.00%)
Processed  8320000/ 8517377 entries (elapsed time   377.1s, curr speed    0.206 kHz, avg speed   22.063 kHz), accepted    70001/   70001 events (100.00%)
Processed  8330000/ 8517377 entries (elapsed time   426.4s, curr speed    0.203 kHz, avg speed   19.537 kHz), accepted    80001/   80001 events (100.00%)
Processed  8340000/ 8517377 entries (elapsed time   477.1s, curr speed    0.197 kHz, avg speed   17.482 kHz), accepted    90001/   90001 events (100.00%)
Processed  8350000/ 8517377 entries (elapsed time   527.4s, curr speed    0.199 kHz, avg speed   15.834 kHz), accepted   100001/  100001 events (100.00%)
Processed  8360000/ 8517377 entries (elapsed time   576.2s, curr speed    0.205 kHz, avg speed   14.508 kHz), accepted   110001/  110001 events (100.00%)
Processed  8370000/ 8517377 entries (elapsed time   670.4s, curr speed    0.106 kHz, avg speed   12.486 kHz), accepted   120001/  120001 events (100.00%)
Processed  8380000/ 8517377 entries (elapsed time   718.3s, curr speed    0.209 kHz, avg speed   11.666 kHz), accepted   130001/  130001 events (100.00%)
Processed  8390000/ 8517377 entries (elapsed time   767.6s, curr speed    0.203 kHz, avg speed   10.931 kHz), accepted   140001/  140001 events (100.00%)
Processed  8400000/ 8517377 entries (elapsed time   816.9s, curr speed    0.203 kHz, avg speed   10.283 kHz), accepted   150001/  150001 events (100.00%)
Processed  8410000/ 8517377 entries (elapsed time   865.2s, curr speed    0.207 kHz, avg speed    9.720 kHz), accepted   160001/  160001 events (100.00%)
Processed  8420000/ 8517377 entries (elapsed time   914.2s, curr speed    0.204 kHz, avg speed    9.211 kHz), accepted   170001/  170001 events (100.00%)
Processed  8430000/ 8517377 entries (elapsed time  1007.0s, curr speed    0.108 kHz, avg speed    8.372 kHz), accepted   180001/  180001 events (100.00%)
Processed  8440000/ 8517377 entries (elapsed time  1054.4s, curr speed    0.211 kHz, avg speed    8.005 kHz), accepted   190001/  190001 events (100.00%)
Processed  8450000/ 8517377 entries (elapsed time  1102.8s, curr speed    0.206 kHz, avg speed    7.662 kHz), accepted   200001/  200001 events (100.00%)
Processed  8460000/ 8517377 entries (elapsed time  1151.1s, curr speed    0.207 kHz, avg speed    7.349 kHz), accepted   210001/  210001 events (100.00%)
Processed  8470000/ 8517377 entries (elapsed time  1197.9s, curr speed    0.214 kHz, avg speed    7.071 kHz), accepted   220001/  220001 events (100.00%)
Processed  8480000/ 8517377 entries (elapsed time  1243.9s, curr speed    0.217 kHz, avg speed    6.817 kHz), accepted   230001/  230001 events (100.00%)
Processed  8490000/ 8517377 entries (elapsed time  1336.5s, curr speed    0.108 kHz, avg speed    6.353 kHz), accepted   240001/  240001 events (100.00%)
Processed 250000 entries from MY_EOS_SPACE/heppyNtuples/TREES_W_94X/WJetsToLNu_94X_ext_part1/treeProducerWMass/tree.root, selected 250000 entries
Done MY_EOS_SPACE/heppyNtuples/TREES_W_94X/friends/tree_Friend_WJetsToLNu_94X_ext_part1.chunk33.root
